2023-06-11 00:34:29
20230611 010711.537 INFO             PET0 !!!!!!!!!!!!!!!!!!!!!!!!!!!!!!!!!!!!!!!!!!!!!!!!!!!!!!
20230611 010711.537 INFO             PET0 !!! THE ESMF_LOG IS SET TO OUTPUT ALL LOG MESSAGES !!!
20230611 010711.537 INFO             PET0 !!!     THIS MAY CAUSE SLOWDOWN IN PERFORMANCE     !!!
20230611 010711.537 INFO             PET0 !!! FOR PRODUCTION RUNS, USE:                      !!!
20230611 010711.537 INFO             PET0 !!!                   ESMF_LOGKIND_Multi_On_Error  !!!
20230611 010711.537 INFO             PET0 !!!!!!!!!!!!!!!!!!!!!!!!!!!!!!!!!!!!!!!!!!!!!!!!!!!!!!
20230611 010711.537 INFO             PET0 Running with ESMF Version   : 8.5.0 beta snapshot
20230611 010711.538 INFO             PET0 ESMF library build date/time: "Jun 11 2023" "00:32:57"
20230611 010711.538 INFO             PET0 ESMF library build location : /lustre/f2/dev/Mark.Potts/esmf-test/intel_2022.2.1-classic_mpi_g_feature_bopt_g_flags/esmf
20230611 010711.538 INFO             PET0 ESMF_COMM                   : mpi
20230611 010711.539 INFO             PET0 ESMF_MOAB                   : enabled
20230611 010711.539 INFO             PET0 ESMF_LAPACK                 : enabled
20230611 010711.539 INFO             PET0 ESMF_NETCDF                 : enabled
20230611 010711.539 INFO             PET0 ESMF_PNETCDF                : disabled
20230611 010711.539 INFO             PET0 ESMF_PIO                    : enabled
20230611 010711.539 INFO             PET0 ESMF_YAMLCPP                : enabled
20230611 010711.569 INFO             PET0 AsString: 1
20230611 010711.571 INFO             PET0 asOkay:  T valueI4:          1
20230611 010711.572 INFO             PET0 asOkay:  T valueI8:          1
20230611 010711.572 INFO             PET0 asOkay:  T valueR4:   1.000000
20230611 010711.573 INFO             PET0 asOkay:  T valueR8:   1.000000
20230611 010711.574 INFO             PET0 asOkay:  F valueL:           F
20230611 010711.574 INFO             PET0 AsString: 2
20230611 010711.574 INFO             PET0 asOkay:  T valueI4:          2
20230611 010711.574 INFO             PET0 asOkay:  T valueI8:          2
20230611 010711.574 INFO             PET0 asOkay:  T valueR4:   2.000000
20230611 010711.574 INFO             PET0 asOkay:  T valueR8:   2.000000
20230611 010711.574 INFO             PET0 asOkay:  F valueL:           F
20230611 010711.574 INFO             PET0 AsString: 3
20230611 010711.574 INFO             PET0 asOkay:  T valueI4:          3
20230611 010711.574 INFO             PET0 asOkay:  T valueI8:          3
20230611 010711.574 INFO             PET0 asOkay:  T valueR4:   3.000000
20230611 010711.574 INFO             PET0 asOkay:  T valueR8:   3.000000
20230611 010711.574 INFO             PET0 asOkay:  F valueL:           F
20230611 010711.574 INFO             PET0 AsString: abc
20230611 010711.574 INFO             PET0 asOkay:  F valueI4:          0
20230611 010711.574 INFO             PET0 asOkay:  F valueI8:          0
20230611 010711.575 INFO             PET0 asOkay:  F valueR4:   0.000000
20230611 010711.575 INFO             PET0 asOkay:  F valueR8:   0.000000
20230611 010711.575 INFO             PET0 asOkay:  F valueL:           F
20230611 010711.575 INFO             PET0 AsString: b
20230611 010711.575 INFO             PET0 asOkay:  F valueI4:          0
20230611 010711.575 INFO             PET0 asOkay:  F valueI8:          0
20230611 010711.575 INFO             PET0 asOkay:  F valueR4:   0.000000
20230611 010711.575 INFO             PET0 asOkay:  F valueR8:   0.000000
20230611 010711.575 INFO             PET0 asOkay:  F valueL:           F
20230611 010711.575 INFO             PET0 AsString: TRUE
20230611 010711.575 INFO             PET0 asOkay:  F valueI4:          0
20230611 010711.575 INFO             PET0 asOkay:  F valueI8:          0
20230611 010711.575 INFO             PET0 asOkay:  F valueR4:   0.000000
20230611 010711.575 INFO             PET0 asOkay:  F valueR8:   0.000000
20230611 010711.575 INFO             PET0 asOkay:  T valueL:           T
20230611 010711.577 INFO             PET0 AsString: TRUE
20230611 010711.577 INFO             PET0 asOkay:  F valueI4:          0
20230611 010711.577 INFO             PET0 asOkay:  F valueI8:          0
20230611 010711.577 INFO             PET0 asOkay:  F valueR4:   0.000000
20230611 010711.577 INFO             PET0 asOkay:  F valueR8:   0.000000
20230611 010711.577 INFO             PET0 asOkay:  T valueL:           T
20230611 010711.577 INFO             PET0 AsString: b
20230611 010711.577 INFO             PET0 asOkay:  F valueI4:          0
20230611 010711.577 INFO             PET0 asOkay:  F valueI8:          0
20230611 010711.577 INFO             PET0 asOkay:  F valueR4:   0.000000
20230611 010711.577 INFO             PET0 asOkay:  F valueR8:   0.000000
20230611 010711.577 INFO             PET0 asOkay:  F valueL:           F
20230611 010711.577 INFO             PET0 AsString: abc
20230611 010711.577 INFO             PET0 asOkay:  F valueI4:          0
20230611 010711.577 INFO             PET0 asOkay:  F valueI8:          0
20230611 010711.577 INFO             PET0 asOkay:  F valueR4:   0.000000
20230611 010711.577 INFO             PET0 asOkay:  F valueR8:   0.000000
20230611 010711.577 INFO             PET0 asOkay:  F valueL:           F
20230611 010711.577 INFO             PET0 AsString: 3
20230611 010711.577 INFO             PET0 asOkay:  T valueI4:          3
20230611 010711.577 INFO             PET0 asOkay:  T valueI8:          3
20230611 010711.577 INFO             PET0 asOkay:  T valueR4:   3.000000
20230611 010711.577 INFO             PET0 asOkay:  T valueR8:   3.000000
20230611 010711.577 INFO             PET0 asOkay:  F valueL:           F
20230611 010711.577 INFO             PET0 AsString: 2
20230611 010711.577 INFO             PET0 asOkay:  T valueI4:          2
20230611 010711.577 INFO             PET0 asOkay:  T valueI8:          2
20230611 010711.577 INFO             PET0 asOkay:  T valueR4:   2.000000
20230611 010711.577 INFO             PET0 asOkay:  T valueR8:   2.000000
20230611 010711.577 INFO             PET0 asOkay:  F valueL:           F
20230611 010711.577 INFO             PET0 AsString: 1
20230611 010711.577 INFO             PET0 asOkay:  T valueI4:          1
20230611 010711.577 INFO             PET0 asOkay:  T valueI8:          1
20230611 010711.577 INFO             PET0 asOkay:  T valueR4:   1.000000
20230611 010711.577 INFO             PET0 asOkay:  T valueR8:   1.000000
20230611 010711.577 INFO             PET0 asOkay:  F valueL:           F
20230611 010711.579 INFO             PET0 map key=car map value: AsString: red
20230611 010711.579 INFO             PET0 map key=       car map value: asOkay:  F valueI4:          0
20230611 010711.579 INFO             PET0 map key=       car map value: asOkay:  F valueI8:          0
20230611 010711.579 INFO             PET0 map key=       car map value: asOkay:  F valueR4:   0.000000
20230611 010711.579 INFO             PET0 map key=       car map value: asOkay:  F valueR8:   0.000000
20230611 010711.579 INFO             PET0 map key=       car map value: asOkay:  F valueL:          F
20230611 010711.579 INFO             PET0 map key=bike map value: AsString: 22
20230611 010711.579 INFO             PET0 map key=      bike map value: asOkay:  T valueI4:         22
20230611 010711.579 INFO             PET0 map key=      bike map value: asOkay:  T valueI8:         22
20230611 010711.579 INFO             PET0 map key=      bike map value: asOkay:  T valueR4:  22.000000
20230611 010711.579 INFO             PET0 map key=      bike map value: asOkay:  T valueR8:  22.000000
20230611 010711.579 INFO             PET0 map key=      bike map value: asOkay:  F valueL:          F
20230611 010711.579 INFO             PET0 map key=plane map value: AsString: TRUE
20230611 010711.579 INFO             PET0 map key=     plane map value: asOkay:  F valueI4:          0
20230611 010711.579 INFO             PET0 map key=     plane map value: asOkay:  F valueI8:          0
20230611 010711.579 INFO             PET0 map key=     plane map value: asOkay:  F valueR4:   0.000000
20230611 010711.579 INFO             PET0 map key=     plane map value: asOkay:  F valueR8:   0.000000
20230611 010711.579 INFO             PET0 map key=     plane map value: asOkay:  T valueL:          T
20230611 010711.580 INFO             PET0 map key=bike map value: AsString: 22
20230611 010711.580 INFO             PET0 map key=      bike map value: asOkay:  T valueI4:         22
20230611 010711.580 INFO             PET0 map key=      bike map value: asOkay:  T valueI8:         22
20230611 010711.580 INFO             PET0 map key=      bike map value: asOkay:  T valueR4:  22.000000
20230611 010711.580 INFO             PET0 map key=      bike map value: asOkay:  T valueR8:  22.000000
20230611 010711.580 INFO             PET0 map key=      bike map value: asOkay:  F valueL:          F
20230611 010711.580 INFO             PET0 map key=plane map value: AsString: TRUE
20230611 010711.580 INFO             PET0 map key=     plane map value: asOkay:  F valueI4:          0
20230611 010711.580 INFO             PET0 map key=     plane map value: asOkay:  F valueI8:          0
20230611 010711.580 INFO             PET0 map key=     plane map value: asOkay:  F valueR4:   0.000000
20230611 010711.580 INFO             PET0 map key=     plane map value: asOkay:  F valueR8:   0.000000
20230611 010711.580 INFO             PET0 map key=     plane map value: asOkay:  T valueL:          T
20230611 010711.580 INFO             PET0 map key=car map value: AsString: red
20230611 010711.580 INFO             PET0 map key=       car map value: asOkay:  F valueI4:          0
20230611 010711.580 INFO             PET0 map key=       car map value: asOkay:  F valueI8:          0
20230611 010711.580 INFO             PET0 map key=       car map value: asOkay:  F valueR4:   0.000000
20230611 010711.580 INFO             PET0 map key=       car map value: asOkay:  F valueR8:   0.000000
20230611 010711.580 INFO             PET0 map key=       car map value: asOkay:  F valueL:          F
20230611 010711.588 INFO             PET0 HConfig from Config IsDefined:  T
20230611 010711.588 INFO             PET0 HConfig from Config IsNull:  F
20230611 010711.588 INFO             PET0 HConfig from Config IsSequence:  F
20230611 010711.588 INFO             PET0 HConfig from Config IsMap:  T
20230611 010711.625 INFO             PET0 Empty HConfig tag:               tag:yaml.org,2002:null
20230611 010711.626 INFO             PET0 value_ten HConfig tag:          tag:yaml.org,2002:null
20230611 010711.626 INFO             PET0 value_eleven HConfig tag:          tag:yaml.org,2002:null
20230611 010711.626 INFO             PET0 Top level HConfig tag:          tag:yaml.org,2002:map
20230611 010711.626 INFO             PET0 value_two HConfig tag:           tag:yaml.org,2002:seq
20230611 010711.626 INFO             PET0 first key HConfig tag:           tag:yaml.org,2002:str
20230611 010711.626 INFO             PET0 value_three HConfig tag:           tag:yaml.org,2002:int
20230611 010711.626 INFO             PET0 value_nine HConfig tag:           tag:yaml.org,2002:int
20230611 010711.626 INFO             PET0 value_five HConfig tag:           tag:yaml.org,2002:float
20230611 010711.626 INFO             PET0 value_seven HConfig tag:            tag:yaml.org,2002:bool
20230611 010711.626 INFO             PET0 value_four HConfig tag:           tag:yaml.org,2002:float
20230611 010711.626 INFO             PET0 value_six HConfig tag:             tag:yaml.org,2002:str
20230611 010711.626 INFO             PET0 value_eight HConfig tag:             tag:yaml.org,2002:str
20230611 010711.626 INFO             PET0 value_twelve HConfig tag:                          !myStuff
20230611 010711.653 INFO             PET0 docCount:        3
20230611 010711.673 INFO             PET0 valueI4Seq:        1       2       3
20230611 010711.673 INFO             PET0 asOkay for Logical:  F
20230611 010711.673 INFO             PET0 asOkay for String:  T
20230611 010711.673 INFO             PET0 valueSSeq: 1         2         3
20230611 010711.675 INFO             PET0  NUMBER_OF_PROCESSORS           4
20230611 010711.675 INFO             PET0  PASS  Example ESMF_HConfigEx, ESMF_HConfigEx.F90, line 1802
20230611 010711.675 INFO             PET0 Finalizing ESMF
20230611 010711.536 INFO             PET1 !!!!!!!!!!!!!!!!!!!!!!!!!!!!!!!!!!!!!!!!!!!!!!!!!!!!!!
20230611 010711.537 INFO             PET1 !!! THE ESMF_LOG IS SET TO OUTPUT ALL LOG MESSAGES !!!
20230611 010711.537 INFO             PET1 !!!     THIS MAY CAUSE SLOWDOWN IN PERFORMANCE     !!!
20230611 010711.537 INFO             PET1 !!! FOR PRODUCTION RUNS, USE:                      !!!
20230611 010711.537 INFO             PET1 !!!                   ESMF_LOGKIND_Multi_On_Error  !!!
20230611 010711.537 INFO             PET1 !!!!!!!!!!!!!!!!!!!!!!!!!!!!!!!!!!!!!!!!!!!!!!!!!!!!!!
20230611 010711.537 INFO             PET1 Running with ESMF Version   : 8.5.0 beta snapshot
20230611 010711.538 INFO             PET1 ESMF library build date/time: "Jun 11 2023" "00:32:57"
20230611 010711.538 INFO             PET1 ESMF library build location : /lustre/f2/dev/Mark.Potts/esmf-test/intel_2022.2.1-classic_mpi_g_feature_bopt_g_flags/esmf
20230611 010711.538 INFO             PET1 ESMF_COMM                   : mpi
20230611 010711.539 INFO             PET1 ESMF_MOAB                   : enabled
20230611 010711.539 INFO             PET1 ESMF_LAPACK                 : enabled
20230611 010711.539 INFO             PET1 ESMF_NETCDF                 : enabled
20230611 010711.539 INFO             PET1 ESMF_PNETCDF                : disabled
20230611 010711.539 INFO             PET1 ESMF_PIO                    : enabled
20230611 010711.539 INFO             PET1 ESMF_YAMLCPP                : enabled
20230611 010711.569 INFO             PET1 AsString: 1
20230611 010711.571 INFO             PET1 asOkay:  T valueI4:          1
20230611 010711.572 INFO             PET1 asOkay:  T valueI8:          1
20230611 010711.572 INFO             PET1 asOkay:  T valueR4:   1.000000
20230611 010711.573 INFO             PET1 asOkay:  T valueR8:   1.000000
20230611 010711.574 INFO             PET1 asOkay:  F valueL:           F
20230611 010711.574 INFO             PET1 AsString: 2
20230611 010711.574 INFO             PET1 asOkay:  T valueI4:          2
20230611 010711.574 INFO             PET1 asOkay:  T valueI8:          2
20230611 010711.574 INFO             PET1 asOkay:  T valueR4:   2.000000
20230611 010711.574 INFO             PET1 asOkay:  T valueR8:   2.000000
20230611 010711.574 INFO             PET1 asOkay:  F valueL:           F
20230611 010711.574 INFO             PET1 AsString: 3
20230611 010711.574 INFO             PET1 asOkay:  T valueI4:          3
20230611 010711.574 INFO             PET1 asOkay:  T valueI8:          3
20230611 010711.574 INFO             PET1 asOkay:  T valueR4:   3.000000
20230611 010711.574 INFO             PET1 asOkay:  T valueR8:   3.000000
20230611 010711.574 INFO             PET1 asOkay:  F valueL:           F
20230611 010711.574 INFO             PET1 AsString: abc
20230611 010711.574 INFO             PET1 asOkay:  F valueI4:          0
20230611 010711.574 INFO             PET1 asOkay:  F valueI8:          0
20230611 010711.575 INFO             PET1 asOkay:  F valueR4:   0.000000
20230611 010711.575 INFO             PET1 asOkay:  F valueR8:   0.000000
20230611 010711.575 INFO             PET1 asOkay:  F valueL:           F
20230611 010711.575 INFO             PET1 AsString: b
20230611 010711.575 INFO             PET1 asOkay:  F valueI4:          0
20230611 010711.575 INFO             PET1 asOkay:  F valueI8:          0
20230611 010711.575 INFO             PET1 asOkay:  F valueR4:   0.000000
20230611 010711.575 INFO             PET1 asOkay:  F valueR8:   0.000000
20230611 010711.575 INFO             PET1 asOkay:  F valueL:           F
20230611 010711.575 INFO             PET1 AsString: TRUE
20230611 010711.575 INFO             PET1 asOkay:  F valueI4:          0
20230611 010711.575 INFO             PET1 asOkay:  F valueI8:          0
20230611 010711.575 INFO             PET1 asOkay:  F valueR4:   0.000000
20230611 010711.575 INFO             PET1 asOkay:  F valueR8:   0.000000
20230611 010711.575 INFO             PET1 asOkay:  T valueL:           T
20230611 010711.577 INFO             PET1 AsString: TRUE
20230611 010711.577 INFO             PET1 asOkay:  F valueI4:          0
20230611 010711.577 INFO             PET1 asOkay:  F valueI8:          0
20230611 010711.577 INFO             PET1 asOkay:  F valueR4:   0.000000
20230611 010711.577 INFO             PET1 asOkay:  F valueR8:   0.000000
20230611 010711.577 INFO             PET1 asOkay:  T valueL:           T
20230611 010711.577 INFO             PET1 AsString: b
20230611 010711.577 INFO             PET1 asOkay:  F valueI4:          0
20230611 010711.577 INFO             PET1 asOkay:  F valueI8:          0
20230611 010711.577 INFO             PET1 asOkay:  F valueR4:   0.000000
20230611 010711.577 INFO             PET1 asOkay:  F valueR8:   0.000000
20230611 010711.577 INFO             PET1 asOkay:  F valueL:           F
20230611 010711.577 INFO             PET1 AsString: abc
20230611 010711.577 INFO             PET1 asOkay:  F valueI4:          0
20230611 010711.577 INFO             PET1 asOkay:  F valueI8:          0
20230611 010711.577 INFO             PET1 asOkay:  F valueR4:   0.000000
20230611 010711.577 INFO             PET1 asOkay:  F valueR8:   0.000000
20230611 010711.577 INFO             PET1 asOkay:  F valueL:           F
20230611 010711.577 INFO             PET1 AsString: 3
20230611 010711.577 INFO             PET1 asOkay:  T valueI4:          3
20230611 010711.577 INFO             PET1 asOkay:  T valueI8:          3
20230611 010711.577 INFO             PET1 asOkay:  T valueR4:   3.000000
20230611 010711.577 INFO             PET1 asOkay:  T valueR8:   3.000000
20230611 010711.577 INFO             PET1 asOkay:  F valueL:           F
20230611 010711.577 INFO             PET1 AsString: 2
20230611 010711.577 INFO             PET1 asOkay:  T valueI4:          2
20230611 010711.577 INFO             PET1 asOkay:  T valueI8:          2
20230611 010711.577 INFO             PET1 asOkay:  T valueR4:   2.000000
20230611 010711.577 INFO             PET1 asOkay:  T valueR8:   2.000000
20230611 010711.577 INFO             PET1 asOkay:  F valueL:           F
20230611 010711.577 INFO             PET1 AsString: 1
20230611 010711.577 INFO             PET1 asOkay:  T valueI4:          1
20230611 010711.577 INFO             PET1 asOkay:  T valueI8:          1
20230611 010711.577 INFO             PET1 asOkay:  T valueR4:   1.000000
20230611 010711.578 INFO             PET1 asOkay:  T valueR8:   1.000000
20230611 010711.578 INFO             PET1 asOkay:  F valueL:           F
20230611 010711.579 INFO             PET1 map key=car map value: AsString: red
20230611 010711.579 INFO             PET1 map key=       car map value: asOkay:  F valueI4:          0
20230611 010711.579 INFO             PET1 map key=       car map value: asOkay:  F valueI8:          0
20230611 010711.579 INFO             PET1 map key=       car map value: asOkay:  F valueR4:   0.000000
20230611 010711.579 INFO             PET1 map key=       car map value: asOkay:  F valueR8:   0.000000
20230611 010711.579 INFO             PET1 map key=       car map value: asOkay:  F valueL:          F
20230611 010711.579 INFO             PET1 map key=bike map value: AsString: 22
20230611 010711.579 INFO             PET1 map key=      bike map value: asOkay:  T valueI4:         22
20230611 010711.579 INFO             PET1 map key=      bike map value: asOkay:  T valueI8:         22
20230611 010711.579 INFO             PET1 map key=      bike map value: asOkay:  T valueR4:  22.000000
20230611 010711.579 INFO             PET1 map key=      bike map value: asOkay:  T valueR8:  22.000000
20230611 010711.579 INFO             PET1 map key=      bike map value: asOkay:  F valueL:          F
20230611 010711.579 INFO             PET1 map key=plane map value: AsString: TRUE
20230611 010711.579 INFO             PET1 map key=     plane map value: asOkay:  F valueI4:          0
20230611 010711.579 INFO             PET1 map key=     plane map value: asOkay:  F valueI8:          0
20230611 010711.579 INFO             PET1 map key=     plane map value: asOkay:  F valueR4:   0.000000
20230611 010711.579 INFO             PET1 map key=     plane map value: asOkay:  F valueR8:   0.000000
20230611 010711.579 INFO             PET1 map key=     plane map value: asOkay:  T valueL:          T
20230611 010711.580 INFO             PET1 map key=bike map value: AsString: 22
20230611 010711.580 INFO             PET1 map key=      bike map value: asOkay:  T valueI4:         22
20230611 010711.580 INFO             PET1 map key=      bike map value: asOkay:  T valueI8:         22
20230611 010711.580 INFO             PET1 map key=      bike map value: asOkay:  T valueR4:  22.000000
20230611 010711.580 INFO             PET1 map key=      bike map value: asOkay:  T valueR8:  22.000000
20230611 010711.580 INFO             PET1 map key=      bike map value: asOkay:  F valueL:          F
20230611 010711.580 INFO             PET1 map key=plane map value: AsString: TRUE
20230611 010711.580 INFO             PET1 map key=     plane map value: asOkay:  F valueI4:          0
20230611 010711.580 INFO             PET1 map key=     plane map value: asOkay:  F valueI8:          0
20230611 010711.580 INFO             PET1 map key=     plane map value: asOkay:  F valueR4:   0.000000
20230611 010711.580 INFO             PET1 map key=     plane map value: asOkay:  F valueR8:   0.000000
20230611 010711.580 INFO             PET1 map key=     plane map value: asOkay:  T valueL:          T
20230611 010711.580 INFO             PET1 map key=car map value: AsString: red
20230611 010711.580 INFO             PET1 map key=       car map value: asOkay:  F valueI4:          0
20230611 010711.580 INFO             PET1 map key=       car map value: asOkay:  F valueI8:          0
20230611 010711.581 INFO             PET1 map key=       car map value: asOkay:  F valueR4:   0.000000
20230611 010711.581 INFO             PET1 map key=       car map value: asOkay:  F valueR8:   0.000000
20230611 010711.581 INFO             PET1 map key=       car map value: asOkay:  F valueL:          F
20230611 010711.588 INFO             PET1 HConfig from Config IsDefined:  T
20230611 010711.588 INFO             PET1 HConfig from Config IsNull:  F
20230611 010711.588 INFO             PET1 HConfig from Config IsSequence:  F
20230611 010711.588 INFO             PET1 HConfig from Config IsMap:  T
20230611 010711.591 INFO             PET1 Empty HConfig tag:               tag:yaml.org,2002:null
20230611 010711.592 INFO             PET1 value_ten HConfig tag:          tag:yaml.org,2002:null
20230611 010711.592 INFO             PET1 value_eleven HConfig tag:          tag:yaml.org,2002:null
20230611 010711.592 INFO             PET1 Top level HConfig tag:          tag:yaml.org,2002:map
20230611 010711.592 INFO             PET1 value_two HConfig tag:           tag:yaml.org,2002:seq
20230611 010711.593 INFO             PET1 first key HConfig tag:           tag:yaml.org,2002:str
20230611 010711.593 INFO             PET1 value_three HConfig tag:           tag:yaml.org,2002:int
20230611 010711.593 INFO             PET1 value_nine HConfig tag:           tag:yaml.org,2002:int
20230611 010711.593 INFO             PET1 value_five HConfig tag:           tag:yaml.org,2002:float
20230611 010711.593 INFO             PET1 value_seven HConfig tag:            tag:yaml.org,2002:bool
20230611 010711.593 INFO             PET1 value_four HConfig tag:           tag:yaml.org,2002:float
20230611 010711.593 INFO             PET1 value_six HConfig tag:             tag:yaml.org,2002:str
20230611 010711.593 INFO             PET1 value_eight HConfig tag:             tag:yaml.org,2002:str
20230611 010711.593 INFO             PET1 value_twelve HConfig tag:                          !myStuff
20230611 010711.598 INFO             PET1 docCount:        3
20230611 010711.599 INFO             PET1 valueI4Seq:        1       2       3
20230611 010711.599 INFO             PET1 asOkay for Logical:  F
20230611 010711.599 INFO             PET1 asOkay for String:  T
20230611 010711.599 INFO             PET1 valueSSeq: 1         2         3
20230611 010711.601 INFO             PET1  NUMBER_OF_PROCESSORS           4
20230611 010711.602 INFO             PET1  PASS  Example ESMF_HConfigEx, ESMF_HConfigEx.F90, line 1802
20230611 010711.602 INFO             PET1 Finalizing ESMF
20230611 010711.540 INFO             PET2 !!!!!!!!!!!!!!!!!!!!!!!!!!!!!!!!!!!!!!!!!!!!!!!!!!!!!!
20230611 010711.540 INFO             PET2 !!! THE ESMF_LOG IS SET TO OUTPUT ALL LOG MESSAGES !!!
20230611 010711.540 INFO             PET2 !!!     THIS MAY CAUSE SLOWDOWN IN PERFORMANCE     !!!
20230611 010711.540 INFO             PET2 !!! FOR PRODUCTION RUNS, USE:                      !!!
20230611 010711.540 INFO             PET2 !!!                   ESMF_LOGKIND_Multi_On_Error  !!!
20230611 010711.540 INFO             PET2 !!!!!!!!!!!!!!!!!!!!!!!!!!!!!!!!!!!!!!!!!!!!!!!!!!!!!!
20230611 010711.540 INFO             PET2 Running with ESMF Version   : 8.5.0 beta snapshot
20230611 010711.540 INFO             PET2 ESMF library build date/time: "Jun 11 2023" "00:32:57"
20230611 010711.540 INFO             PET2 ESMF library build location : /lustre/f2/dev/Mark.Potts/esmf-test/intel_2022.2.1-classic_mpi_g_feature_bopt_g_flags/esmf
20230611 010711.540 INFO             PET2 ESMF_COMM                   : mpi
20230611 010711.541 INFO             PET2 ESMF_MOAB                   : enabled
20230611 010711.541 INFO             PET2 ESMF_LAPACK                 : enabled
20230611 010711.541 INFO             PET2 ESMF_NETCDF                 : enabled
20230611 010711.541 INFO             PET2 ESMF_PNETCDF                : disabled
20230611 010711.541 INFO             PET2 ESMF_PIO                    : enabled
20230611 010711.541 INFO             PET2 ESMF_YAMLCPP                : enabled
20230611 010711.569 INFO             PET2 AsString: 1
20230611 010711.571 INFO             PET2 asOkay:  T valueI4:          1
20230611 010711.572 INFO             PET2 asOkay:  T valueI8:          1
20230611 010711.572 INFO             PET2 asOkay:  T valueR4:   1.000000
20230611 010711.573 INFO             PET2 asOkay:  T valueR8:   1.000000
20230611 010711.574 INFO             PET2 asOkay:  F valueL:           F
20230611 010711.574 INFO             PET2 AsString: 2
20230611 010711.574 INFO             PET2 asOkay:  T valueI4:          2
20230611 010711.574 INFO             PET2 asOkay:  T valueI8:          2
20230611 010711.574 INFO             PET2 asOkay:  T valueR4:   2.000000
20230611 010711.574 INFO             PET2 asOkay:  T valueR8:   2.000000
20230611 010711.574 INFO             PET2 asOkay:  F valueL:           F
20230611 010711.574 INFO             PET2 AsString: 3
20230611 010711.574 INFO             PET2 asOkay:  T valueI4:          3
20230611 010711.574 INFO             PET2 asOkay:  T valueI8:          3
20230611 010711.574 INFO             PET2 asOkay:  T valueR4:   3.000000
20230611 010711.574 INFO             PET2 asOkay:  T valueR8:   3.000000
20230611 010711.574 INFO             PET2 asOkay:  F valueL:           F
20230611 010711.574 INFO             PET2 AsString: abc
20230611 010711.574 INFO             PET2 asOkay:  F valueI4:          0
20230611 010711.574 INFO             PET2 asOkay:  F valueI8:          0
20230611 010711.575 INFO             PET2 asOkay:  F valueR4:   0.000000
20230611 010711.575 INFO             PET2 asOkay:  F valueR8:   0.000000
20230611 010711.575 INFO             PET2 asOkay:  F valueL:           F
20230611 010711.575 INFO             PET2 AsString: b
20230611 010711.575 INFO             PET2 asOkay:  F valueI4:          0
20230611 010711.575 INFO             PET2 asOkay:  F valueI8:          0
20230611 010711.575 INFO             PET2 asOkay:  F valueR4:   0.000000
20230611 010711.575 INFO             PET2 asOkay:  F valueR8:   0.000000
20230611 010711.575 INFO             PET2 asOkay:  F valueL:           F
20230611 010711.575 INFO             PET2 AsString: TRUE
20230611 010711.575 INFO             PET2 asOkay:  F valueI4:          0
20230611 010711.575 INFO             PET2 asOkay:  F valueI8:          0
20230611 010711.575 INFO             PET2 asOkay:  F valueR4:   0.000000
20230611 010711.575 INFO             PET2 asOkay:  F valueR8:   0.000000
20230611 010711.575 INFO             PET2 asOkay:  T valueL:           T
20230611 010711.577 INFO             PET2 AsString: TRUE
20230611 010711.577 INFO             PET2 asOkay:  F valueI4:          0
20230611 010711.577 INFO             PET2 asOkay:  F valueI8:          0
20230611 010711.577 INFO             PET2 asOkay:  F valueR4:   0.000000
20230611 010711.577 INFO             PET2 asOkay:  F valueR8:   0.000000
20230611 010711.577 INFO             PET2 asOkay:  T valueL:           T
20230611 010711.577 INFO             PET2 AsString: b
20230611 010711.577 INFO             PET2 asOkay:  F valueI4:          0
20230611 010711.577 INFO             PET2 asOkay:  F valueI8:          0
20230611 010711.577 INFO             PET2 asOkay:  F valueR4:   0.000000
20230611 010711.577 INFO             PET2 asOkay:  F valueR8:   0.000000
20230611 010711.577 INFO             PET2 asOkay:  F valueL:           F
20230611 010711.577 INFO             PET2 AsString: abc
20230611 010711.577 INFO             PET2 asOkay:  F valueI4:          0
20230611 010711.577 INFO             PET2 asOkay:  F valueI8:          0
20230611 010711.577 INFO             PET2 asOkay:  F valueR4:   0.000000
20230611 010711.577 INFO             PET2 asOkay:  F valueR8:   0.000000
20230611 010711.577 INFO             PET2 asOkay:  F valueL:           F
20230611 010711.577 INFO             PET2 AsString: 3
20230611 010711.577 INFO             PET2 asOkay:  T valueI4:          3
20230611 010711.577 INFO             PET2 asOkay:  T valueI8:          3
20230611 010711.577 INFO             PET2 asOkay:  T valueR4:   3.000000
20230611 010711.577 INFO             PET2 asOkay:  T valueR8:   3.000000
20230611 010711.577 INFO             PET2 asOkay:  F valueL:           F
20230611 010711.577 INFO             PET2 AsString: 2
20230611 010711.577 INFO             PET2 asOkay:  T valueI4:          2
20230611 010711.577 INFO             PET2 asOkay:  T valueI8:          2
20230611 010711.577 INFO             PET2 asOkay:  T valueR4:   2.000000
20230611 010711.577 INFO             PET2 asOkay:  T valueR8:   2.000000
20230611 010711.577 INFO             PET2 asOkay:  F valueL:           F
20230611 010711.577 INFO             PET2 AsString: 1
20230611 010711.577 INFO             PET2 asOkay:  T valueI4:          1
20230611 010711.577 INFO             PET2 asOkay:  T valueI8:          1
20230611 010711.577 INFO             PET2 asOkay:  T valueR4:   1.000000
20230611 010711.577 INFO             PET2 asOkay:  T valueR8:   1.000000
20230611 010711.577 INFO             PET2 asOkay:  F valueL:           F
20230611 010711.579 INFO             PET2 map key=car map value: AsString: red
20230611 010711.579 INFO             PET2 map key=       car map value: asOkay:  F valueI4:          0
20230611 010711.579 INFO             PET2 map key=       car map value: asOkay:  F valueI8:          0
20230611 010711.579 INFO             PET2 map key=       car map value: asOkay:  F valueR4:   0.000000
20230611 010711.579 INFO             PET2 map key=       car map value: asOkay:  F valueR8:   0.000000
20230611 010711.579 INFO             PET2 map key=       car map value: asOkay:  F valueL:          F
20230611 010711.579 INFO             PET2 map key=bike map value: AsString: 22
20230611 010711.579 INFO             PET2 map key=      bike map value: asOkay:  T valueI4:         22
20230611 010711.579 INFO             PET2 map key=      bike map value: asOkay:  T valueI8:         22
20230611 010711.579 INFO             PET2 map key=      bike map value: asOkay:  T valueR4:  22.000000
20230611 010711.579 INFO             PET2 map key=      bike map value: asOkay:  T valueR8:  22.000000
20230611 010711.579 INFO             PET2 map key=      bike map value: asOkay:  F valueL:          F
20230611 010711.579 INFO             PET2 map key=plane map value: AsString: TRUE
20230611 010711.579 INFO             PET2 map key=     plane map value: asOkay:  F valueI4:          0
20230611 010711.579 INFO             PET2 map key=     plane map value: asOkay:  F valueI8:          0
20230611 010711.579 INFO             PET2 map key=     plane map value: asOkay:  F valueR4:   0.000000
20230611 010711.579 INFO             PET2 map key=     plane map value: asOkay:  F valueR8:   0.000000
20230611 010711.579 INFO             PET2 map key=     plane map value: asOkay:  T valueL:          T
20230611 010711.580 INFO             PET2 map key=bike map value: AsString: 22
20230611 010711.580 INFO             PET2 map key=      bike map value: asOkay:  T valueI4:         22
20230611 010711.580 INFO             PET2 map key=      bike map value: asOkay:  T valueI8:         22
20230611 010711.580 INFO             PET2 map key=      bike map value: asOkay:  T valueR4:  22.000000
20230611 010711.580 INFO             PET2 map key=      bike map value: asOkay:  T valueR8:  22.000000
20230611 010711.580 INFO             PET2 map key=      bike map value: asOkay:  F valueL:          F
20230611 010711.580 INFO             PET2 map key=plane map value: AsString: TRUE
20230611 010711.580 INFO             PET2 map key=     plane map value: asOkay:  F valueI4:          0
20230611 010711.580 INFO             PET2 map key=     plane map value: asOkay:  F valueI8:          0
20230611 010711.580 INFO             PET2 map key=     plane map value: asOkay:  F valueR4:   0.000000
20230611 010711.580 INFO             PET2 map key=     plane map value: asOkay:  F valueR8:   0.000000
20230611 010711.580 INFO             PET2 map key=     plane map value: asOkay:  T valueL:          T
20230611 010711.580 INFO             PET2 map key=car map value: AsString: red
20230611 010711.580 INFO             PET2 map key=       car map value: asOkay:  F valueI4:          0
20230611 010711.580 INFO             PET2 map key=       car map value: asOkay:  F valueI8:          0
20230611 010711.580 INFO             PET2 map key=       car map value: asOkay:  F valueR4:   0.000000
20230611 010711.580 INFO             PET2 map key=       car map value: asOkay:  F valueR8:   0.000000
20230611 010711.580 INFO             PET2 map key=       car map value: asOkay:  F valueL:          F
20230611 010711.588 INFO             PET2 HConfig from Config IsDefined:  T
20230611 010711.588 INFO             PET2 HConfig from Config IsNull:  F
20230611 010711.588 INFO             PET2 HConfig from Config IsSequence:  F
20230611 010711.588 INFO             PET2 HConfig from Config IsMap:  T
20230611 010711.591 INFO             PET2 Empty HConfig tag:               tag:yaml.org,2002:null
20230611 010711.592 INFO             PET2 value_ten HConfig tag:          tag:yaml.org,2002:null
20230611 010711.592 INFO             PET2 value_eleven HConfig tag:          tag:yaml.org,2002:null
20230611 010711.592 INFO             PET2 Top level HConfig tag:          tag:yaml.org,2002:map
20230611 010711.592 INFO             PET2 value_two HConfig tag:           tag:yaml.org,2002:seq
20230611 010711.593 INFO             PET2 first key HConfig tag:           tag:yaml.org,2002:str
20230611 010711.593 INFO             PET2 value_three HConfig tag:           tag:yaml.org,2002:int
20230611 010711.593 INFO             PET2 value_nine HConfig tag:           tag:yaml.org,2002:int
20230611 010711.593 INFO             PET2 value_five HConfig tag:           tag:yaml.org,2002:float
20230611 010711.593 INFO             PET2 value_seven HConfig tag:            tag:yaml.org,2002:bool
20230611 010711.593 INFO             PET2 value_four HConfig tag:           tag:yaml.org,2002:float
20230611 010711.593 INFO             PET2 value_six HConfig tag:             tag:yaml.org,2002:str
20230611 010711.593 INFO             PET2 value_eight HConfig tag:             tag:yaml.org,2002:str
20230611 010711.593 INFO             PET2 value_twelve HConfig tag:                          !myStuff
20230611 010711.598 INFO             PET2 docCount:        3
20230611 010711.598 INFO             PET2 valueI4Seq:        1       2       3
20230611 010711.598 INFO             PET2 asOkay for Logical:  F
20230611 010711.598 INFO             PET2 asOkay for String:  T
20230611 010711.598 INFO             PET2 valueSSeq: 1         2         3
20230611 010711.601 INFO             PET2  NUMBER_OF_PROCESSORS           4
20230611 010711.602 INFO             PET2  PASS  Example ESMF_HConfigEx, ESMF_HConfigEx.F90, line 1802
20230611 010711.602 INFO             PET2 Finalizing ESMF
20230611 010711.536 INFO             PET3 !!!!!!!!!!!!!!!!!!!!!!!!!!!!!!!!!!!!!!!!!!!!!!!!!!!!!!
20230611 010711.537 INFO             PET3 !!! THE ESMF_LOG IS SET TO OUTPUT ALL LOG MESSAGES !!!
20230611 010711.537 INFO             PET3 !!!     THIS MAY CAUSE SLOWDOWN IN PERFORMANCE     !!!
20230611 010711.537 INFO             PET3 !!! FOR PRODUCTION RUNS, USE:                      !!!
20230611 010711.537 INFO             PET3 !!!                   ESMF_LOGKIND_Multi_On_Error  !!!
20230611 010711.537 INFO             PET3 !!!!!!!!!!!!!!!!!!!!!!!!!!!!!!!!!!!!!!!!!!!!!!!!!!!!!!
20230611 010711.537 INFO             PET3 Running with ESMF Version   : 8.5.0 beta snapshot
20230611 010711.538 INFO             PET3 ESMF library build date/time: "Jun 11 2023" "00:32:57"
20230611 010711.538 INFO             PET3 ESMF library build location : /lustre/f2/dev/Mark.Potts/esmf-test/intel_2022.2.1-classic_mpi_g_feature_bopt_g_flags/esmf
20230611 010711.538 INFO             PET3 ESMF_COMM                   : mpi
20230611 010711.539 INFO             PET3 ESMF_MOAB                   : enabled
20230611 010711.539 INFO             PET3 ESMF_LAPACK                 : enabled
20230611 010711.539 INFO             PET3 ESMF_NETCDF                 : enabled
20230611 010711.539 INFO             PET3 ESMF_PNETCDF                : disabled
20230611 010711.539 INFO             PET3 ESMF_PIO                    : enabled
20230611 010711.539 INFO             PET3 ESMF_YAMLCPP                : enabled
20230611 010711.569 INFO             PET3 AsString: 1
20230611 010711.571 INFO             PET3 asOkay:  T valueI4:          1
20230611 010711.572 INFO             PET3 asOkay:  T valueI8:          1
20230611 010711.572 INFO             PET3 asOkay:  T valueR4:   1.000000
20230611 010711.573 INFO             PET3 asOkay:  T valueR8:   1.000000
20230611 010711.574 INFO             PET3 asOkay:  F valueL:           F
20230611 010711.574 INFO             PET3 AsString: 2
20230611 010711.574 INFO             PET3 asOkay:  T valueI4:          2
20230611 010711.574 INFO             PET3 asOkay:  T valueI8:          2
20230611 010711.574 INFO             PET3 asOkay:  T valueR4:   2.000000
20230611 010711.574 INFO             PET3 asOkay:  T valueR8:   2.000000
20230611 010711.574 INFO             PET3 asOkay:  F valueL:           F
20230611 010711.574 INFO             PET3 AsString: 3
20230611 010711.574 INFO             PET3 asOkay:  T valueI4:          3
20230611 010711.574 INFO             PET3 asOkay:  T valueI8:          3
20230611 010711.574 INFO             PET3 asOkay:  T valueR4:   3.000000
20230611 010711.574 INFO             PET3 asOkay:  T valueR8:   3.000000
20230611 010711.574 INFO             PET3 asOkay:  F valueL:           F
20230611 010711.574 INFO             PET3 AsString: abc
20230611 010711.574 INFO             PET3 asOkay:  F valueI4:          0
20230611 010711.574 INFO             PET3 asOkay:  F valueI8:          0
20230611 010711.575 INFO             PET3 asOkay:  F valueR4:   0.000000
20230611 010711.575 INFO             PET3 asOkay:  F valueR8:   0.000000
20230611 010711.575 INFO             PET3 asOkay:  F valueL:           F
20230611 010711.575 INFO             PET3 AsString: b
20230611 010711.575 INFO             PET3 asOkay:  F valueI4:          0
20230611 010711.575 INFO             PET3 asOkay:  F valueI8:          0
20230611 010711.575 INFO             PET3 asOkay:  F valueR4:   0.000000
20230611 010711.575 INFO             PET3 asOkay:  F valueR8:   0.000000
20230611 010711.575 INFO             PET3 asOkay:  F valueL:           F
20230611 010711.575 INFO             PET3 AsString: TRUE
20230611 010711.575 INFO             PET3 asOkay:  F valueI4:          0
20230611 010711.575 INFO             PET3 asOkay:  F valueI8:          0
20230611 010711.575 INFO             PET3 asOkay:  F valueR4:   0.000000
20230611 010711.575 INFO             PET3 asOkay:  F valueR8:   0.000000
20230611 010711.575 INFO             PET3 asOkay:  T valueL:           T
20230611 010711.577 INFO             PET3 AsString: TRUE
20230611 010711.577 INFO             PET3 asOkay:  F valueI4:          0
20230611 010711.577 INFO             PET3 asOkay:  F valueI8:          0
20230611 010711.577 INFO             PET3 asOkay:  F valueR4:   0.000000
20230611 010711.577 INFO             PET3 asOkay:  F valueR8:   0.000000
20230611 010711.577 INFO             PET3 asOkay:  T valueL:           T
20230611 010711.577 INFO             PET3 AsString: b
20230611 010711.577 INFO             PET3 asOkay:  F valueI4:          0
20230611 010711.577 INFO             PET3 asOkay:  F valueI8:          0
20230611 010711.577 INFO             PET3 asOkay:  F valueR4:   0.000000
20230611 010711.577 INFO             PET3 asOkay:  F valueR8:   0.000000
20230611 010711.577 INFO             PET3 asOkay:  F valueL:           F
20230611 010711.577 INFO             PET3 AsString: abc
20230611 010711.577 INFO             PET3 asOkay:  F valueI4:          0
20230611 010711.577 INFO             PET3 asOkay:  F valueI8:          0
20230611 010711.577 INFO             PET3 asOkay:  F valueR4:   0.000000
20230611 010711.577 INFO             PET3 asOkay:  F valueR8:   0.000000
20230611 010711.577 INFO             PET3 asOkay:  F valueL:           F
20230611 010711.577 INFO             PET3 AsString: 3
20230611 010711.577 INFO             PET3 asOkay:  T valueI4:          3
20230611 010711.577 INFO             PET3 asOkay:  T valueI8:          3
20230611 010711.577 INFO             PET3 asOkay:  T valueR4:   3.000000
20230611 010711.577 INFO             PET3 asOkay:  T valueR8:   3.000000
20230611 010711.577 INFO             PET3 asOkay:  F valueL:           F
20230611 010711.577 INFO             PET3 AsString: 2
20230611 010711.577 INFO             PET3 asOkay:  T valueI4:          2
20230611 010711.577 INFO             PET3 asOkay:  T valueI8:          2
20230611 010711.577 INFO             PET3 asOkay:  T valueR4:   2.000000
20230611 010711.577 INFO             PET3 asOkay:  T valueR8:   2.000000
20230611 010711.577 INFO             PET3 asOkay:  F valueL:           F
20230611 010711.577 INFO             PET3 AsString: 1
20230611 010711.577 INFO             PET3 asOkay:  T valueI4:          1
20230611 010711.577 INFO             PET3 asOkay:  T valueI8:          1
20230611 010711.577 INFO             PET3 asOkay:  T valueR4:   1.000000
20230611 010711.577 INFO             PET3 asOkay:  T valueR8:   1.000000
20230611 010711.577 INFO             PET3 asOkay:  F valueL:           F
20230611 010711.579 INFO             PET3 map key=car map value: AsString: red
20230611 010711.579 INFO             PET3 map key=       car map value: asOkay:  F valueI4:          0
20230611 010711.579 INFO             PET3 map key=       car map value: asOkay:  F valueI8:          0
20230611 010711.579 INFO             PET3 map key=       car map value: asOkay:  F valueR4:   0.000000
20230611 010711.579 INFO             PET3 map key=       car map value: asOkay:  F valueR8:   0.000000
20230611 010711.579 INFO             PET3 map key=       car map value: asOkay:  F valueL:          F
20230611 010711.579 INFO             PET3 map key=bike map value: AsString: 22
20230611 010711.579 INFO             PET3 map key=      bike map value: asOkay:  T valueI4:         22
20230611 010711.579 INFO             PET3 map key=      bike map value: asOkay:  T valueI8:         22
20230611 010711.579 INFO             PET3 map key=      bike map value: asOkay:  T valueR4:  22.000000
20230611 010711.579 INFO             PET3 map key=      bike map value: asOkay:  T valueR8:  22.000000
20230611 010711.579 INFO             PET3 map key=      bike map value: asOkay:  F valueL:          F
20230611 010711.579 INFO             PET3 map key=plane map value: AsString: TRUE
20230611 010711.579 INFO             PET3 map key=     plane map value: asOkay:  F valueI4:          0
20230611 010711.579 INFO             PET3 map key=     plane map value: asOkay:  F valueI8:          0
20230611 010711.579 INFO             PET3 map key=     plane map value: asOkay:  F valueR4:   0.000000
20230611 010711.579 INFO             PET3 map key=     plane map value: asOkay:  F valueR8:   0.000000
20230611 010711.579 INFO             PET3 map key=     plane map value: asOkay:  T valueL:          T
20230611 010711.580 INFO             PET3 map key=bike map value: AsString: 22
20230611 010711.580 INFO             PET3 map key=      bike map value: asOkay:  T valueI4:         22
20230611 010711.580 INFO             PET3 map key=      bike map value: asOkay:  T valueI8:         22
20230611 010711.580 INFO             PET3 map key=      bike map value: asOkay:  T valueR4:  22.000000
20230611 010711.580 INFO             PET3 map key=      bike map value: asOkay:  T valueR8:  22.000000
20230611 010711.580 INFO             PET3 map key=      bike map value: asOkay:  F valueL:          F
20230611 010711.580 INFO             PET3 map key=plane map value: AsString: TRUE
20230611 010711.580 INFO             PET3 map key=     plane map value: asOkay:  F valueI4:          0
20230611 010711.580 INFO             PET3 map key=     plane map value: asOkay:  F valueI8:          0
20230611 010711.580 INFO             PET3 map key=     plane map value: asOkay:  F valueR4:   0.000000
20230611 010711.580 INFO             PET3 map key=     plane map value: asOkay:  F valueR8:   0.000000
20230611 010711.580 INFO             PET3 map key=     plane map value: asOkay:  T valueL:          T
20230611 010711.580 INFO             PET3 map key=car map value: AsString: red
20230611 010711.580 INFO             PET3 map key=       car map value: asOkay:  F valueI4:          0
20230611 010711.580 INFO             PET3 map key=       car map value: asOkay:  F valueI8:          0
20230611 010711.580 INFO             PET3 map key=       car map value: asOkay:  F valueR4:   0.000000
20230611 010711.580 INFO             PET3 map key=       car map value: asOkay:  F valueR8:   0.000000
20230611 010711.580 INFO             PET3 map key=       car map value: asOkay:  F valueL:          F
20230611 010711.588 INFO             PET3 HConfig from Config IsDefined:  T
20230611 010711.588 INFO             PET3 HConfig from Config IsNull:  F
20230611 010711.588 INFO             PET3 HConfig from Config IsSequence:  F
20230611 010711.588 INFO             PET3 HConfig from Config IsMap:  T
20230611 010711.591 INFO             PET3 Empty HConfig tag:               tag:yaml.org,2002:null
20230611 010711.592 INFO             PET3 value_ten HConfig tag:          tag:yaml.org,2002:null
20230611 010711.592 INFO             PET3 value_eleven HConfig tag:          tag:yaml.org,2002:null
20230611 010711.592 INFO             PET3 Top level HConfig tag:          tag:yaml.org,2002:map
20230611 010711.592 INFO             PET3 value_two HConfig tag:           tag:yaml.org,2002:seq
20230611 010711.593 INFO             PET3 first key HConfig tag:           tag:yaml.org,2002:str
20230611 010711.593 INFO             PET3 value_three HConfig tag:           tag:yaml.org,2002:int
20230611 010711.593 INFO             PET3 value_nine HConfig tag:           tag:yaml.org,2002:int
20230611 010711.593 INFO             PET3 value_five HConfig tag:           tag:yaml.org,2002:float
20230611 010711.593 INFO             PET3 value_seven HConfig tag:            tag:yaml.org,2002:bool
20230611 010711.593 INFO             PET3 value_four HConfig tag:           tag:yaml.org,2002:float
20230611 010711.593 INFO             PET3 value_six HConfig tag:             tag:yaml.org,2002:str
20230611 010711.593 INFO             PET3 value_eight HConfig tag:             tag:yaml.org,2002:str
20230611 010711.593 INFO             PET3 value_twelve HConfig tag:                          !myStuff
20230611 010711.598 INFO             PET3 docCount:        3
20230611 010711.598 INFO             PET3 valueI4Seq:        1       2       3
20230611 010711.598 INFO             PET3 asOkay for Logical:  F
20230611 010711.598 INFO             PET3 asOkay for String:  T
20230611 010711.598 INFO             PET3 valueSSeq: 1         2         3
20230611 010711.601 INFO             PET3  NUMBER_OF_PROCESSORS           4
20230611 010711.602 INFO             PET3  PASS  Example ESMF_HConfigEx, ESMF_HConfigEx.F90, line 1802
20230611 010711.602 INFO             PET3 Finalizing ESMF
