2023-05-14 07:45:32
20230514 081522.645 INFO             PET0 !!!!!!!!!!!!!!!!!!!!!!!!!!!!!!!!!!!!!!!!!!!!!!!!!!!!!!
20230514 081522.645 INFO             PET0 !!! THE ESMF_LOG IS SET TO OUTPUT ALL LOG MESSAGES !!!
20230514 081522.645 INFO             PET0 !!!     THIS MAY CAUSE SLOWDOWN IN PERFORMANCE     !!!
20230514 081522.645 INFO             PET0 !!! FOR PRODUCTION RUNS, USE:                      !!!
20230514 081522.645 INFO             PET0 !!!                   ESMF_LOGKIND_Multi_On_Error  !!!
20230514 081522.645 INFO             PET0 !!!!!!!!!!!!!!!!!!!!!!!!!!!!!!!!!!!!!!!!!!!!!!!!!!!!!!
20230514 081522.645 INFO             PET0 Running with ESMF Version   : v8.5.0b18-9-g15f3b88d4b
20230514 081522.645 INFO             PET0 ESMF library build date/time: "May 14 2023" "07:43:51"
20230514 081522.645 INFO             PET0 ESMF library build location : /scratch2/NCEPDEV/stmp1/Gerhard.Theurich/ESMF-Nightly-Testing/intel_2022.3.0-classic_intelmpi_O_feature_fill_nan/esmf
20230514 081522.645 INFO             PET0 ESMF_COMM                   : intelmpi
20230514 081522.645 INFO             PET0 ESMF_MOAB                   : enabled
20230514 081522.645 INFO             PET0 ESMF_LAPACK                 : enabled
20230514 081522.645 INFO             PET0 ESMF_NETCDF                 : enabled
20230514 081522.645 INFO             PET0 ESMF_PNETCDF                : disabled
20230514 081522.645 INFO             PET0 ESMF_PIO                    : enabled
20230514 081522.645 INFO             PET0 ESMF_YAMLCPP                : enabled
20230514 081522.668 INFO             PET0 ESMF_FieldRedistStoreNF(): Just entered routine.
20230514 081522.715 INFO             PET0 ESMF_FieldRedistStoreNF(): Leaving routine.
20230514 081522.716 INFO             PET0  NUMBER_OF_PROCESSORS           4
20230514 081522.716 INFO             PET0  PASS  Example ESMF_RHandleFromRHandleEx, ESMF_RHandleFromRHandleEx.F90, line 660
20230514 081522.716 INFO             PET0 Finalizing ESMF
20230514 081522.645 INFO             PET1 !!!!!!!!!!!!!!!!!!!!!!!!!!!!!!!!!!!!!!!!!!!!!!!!!!!!!!
20230514 081522.645 INFO             PET1 !!! THE ESMF_LOG IS SET TO OUTPUT ALL LOG MESSAGES !!!
20230514 081522.645 INFO             PET1 !!!     THIS MAY CAUSE SLOWDOWN IN PERFORMANCE     !!!
20230514 081522.645 INFO             PET1 !!! FOR PRODUCTION RUNS, USE:                      !!!
20230514 081522.645 INFO             PET1 !!!                   ESMF_LOGKIND_Multi_On_Error  !!!
20230514 081522.645 INFO             PET1 !!!!!!!!!!!!!!!!!!!!!!!!!!!!!!!!!!!!!!!!!!!!!!!!!!!!!!
20230514 081522.645 INFO             PET1 Running with ESMF Version   : v8.5.0b18-9-g15f3b88d4b
20230514 081522.645 INFO             PET1 ESMF library build date/time: "May 14 2023" "07:43:51"
20230514 081522.645 INFO             PET1 ESMF library build location : /scratch2/NCEPDEV/stmp1/Gerhard.Theurich/ESMF-Nightly-Testing/intel_2022.3.0-classic_intelmpi_O_feature_fill_nan/esmf
20230514 081522.645 INFO             PET1 ESMF_COMM                   : intelmpi
20230514 081522.646 INFO             PET1 ESMF_MOAB                   : enabled
20230514 081522.646 INFO             PET1 ESMF_LAPACK                 : enabled
20230514 081522.646 INFO             PET1 ESMF_NETCDF                 : enabled
20230514 081522.646 INFO             PET1 ESMF_PNETCDF                : disabled
20230514 081522.646 INFO             PET1 ESMF_PIO                    : enabled
20230514 081522.646 INFO             PET1 ESMF_YAMLCPP                : enabled
20230514 081522.668 INFO             PET1 ESMF_FieldRedistStoreNF(): Just entered routine.
20230514 081522.715 INFO             PET1 ESMF_FieldRedistStoreNF(): Leaving routine.
20230514 081522.716 INFO             PET1  NUMBER_OF_PROCESSORS           4
20230514 081522.716 INFO             PET1  PASS  Example ESMF_RHandleFromRHandleEx, ESMF_RHandleFromRHandleEx.F90, line 660
20230514 081522.716 INFO             PET1 Finalizing ESMF
20230514 081522.644 INFO             PET2 !!!!!!!!!!!!!!!!!!!!!!!!!!!!!!!!!!!!!!!!!!!!!!!!!!!!!!
20230514 081522.644 INFO             PET2 !!! THE ESMF_LOG IS SET TO OUTPUT ALL LOG MESSAGES !!!
20230514 081522.644 INFO             PET2 !!!     THIS MAY CAUSE SLOWDOWN IN PERFORMANCE     !!!
20230514 081522.644 INFO             PET2 !!! FOR PRODUCTION RUNS, USE:                      !!!
20230514 081522.644 INFO             PET2 !!!                   ESMF_LOGKIND_Multi_On_Error  !!!
20230514 081522.644 INFO             PET2 !!!!!!!!!!!!!!!!!!!!!!!!!!!!!!!!!!!!!!!!!!!!!!!!!!!!!!
20230514 081522.644 INFO             PET2 Running with ESMF Version   : v8.5.0b18-9-g15f3b88d4b
20230514 081522.645 INFO             PET2 ESMF library build date/time: "May 14 2023" "07:43:51"
20230514 081522.645 INFO             PET2 ESMF library build location : /scratch2/NCEPDEV/stmp1/Gerhard.Theurich/ESMF-Nightly-Testing/intel_2022.3.0-classic_intelmpi_O_feature_fill_nan/esmf
20230514 081522.645 INFO             PET2 ESMF_COMM                   : intelmpi
20230514 081522.645 INFO             PET2 ESMF_MOAB                   : enabled
20230514 081522.645 INFO             PET2 ESMF_LAPACK                 : enabled
20230514 081522.645 INFO             PET2 ESMF_NETCDF                 : enabled
20230514 081522.645 INFO             PET2 ESMF_PNETCDF                : disabled
20230514 081522.645 INFO             PET2 ESMF_PIO                    : enabled
20230514 081522.645 INFO             PET2 ESMF_YAMLCPP                : enabled
20230514 081522.668 INFO             PET2 ESMF_FieldRedistStoreNF(): Just entered routine.
20230514 081522.715 INFO             PET2 ESMF_FieldRedistStoreNF(): Leaving routine.
20230514 081522.718 INFO             PET2  NUMBER_OF_PROCESSORS           4
20230514 081522.718 INFO             PET2  PASS  Example ESMF_RHandleFromRHandleEx, ESMF_RHandleFromRHandleEx.F90, line 660
20230514 081522.718 INFO             PET2 Finalizing ESMF
20230514 081522.660 INFO             PET3 !!!!!!!!!!!!!!!!!!!!!!!!!!!!!!!!!!!!!!!!!!!!!!!!!!!!!!
20230514 081522.660 INFO             PET3 !!! THE ESMF_LOG IS SET TO OUTPUT ALL LOG MESSAGES !!!
20230514 081522.660 INFO             PET3 !!!     THIS MAY CAUSE SLOWDOWN IN PERFORMANCE     !!!
20230514 081522.660 INFO             PET3 !!! FOR PRODUCTION RUNS, USE:                      !!!
20230514 081522.660 INFO             PET3 !!!                   ESMF_LOGKIND_Multi_On_Error  !!!
20230514 081522.660 INFO             PET3 !!!!!!!!!!!!!!!!!!!!!!!!!!!!!!!!!!!!!!!!!!!!!!!!!!!!!!
20230514 081522.660 INFO             PET3 Running with ESMF Version   : v8.5.0b18-9-g15f3b88d4b
20230514 081522.660 INFO             PET3 ESMF library build date/time: "May 14 2023" "07:43:51"
20230514 081522.660 INFO             PET3 ESMF library build location : /scratch2/NCEPDEV/stmp1/Gerhard.Theurich/ESMF-Nightly-Testing/intel_2022.3.0-classic_intelmpi_O_feature_fill_nan/esmf
20230514 081522.660 INFO             PET3 ESMF_COMM                   : intelmpi
20230514 081522.660 INFO             PET3 ESMF_MOAB                   : enabled
20230514 081522.660 INFO             PET3 ESMF_LAPACK                 : enabled
20230514 081522.660 INFO             PET3 ESMF_NETCDF                 : enabled
20230514 081522.660 INFO             PET3 ESMF_PNETCDF                : disabled
20230514 081522.660 INFO             PET3 ESMF_PIO                    : enabled
20230514 081522.660 INFO             PET3 ESMF_YAMLCPP                : enabled
20230514 081522.668 INFO             PET3 ESMF_FieldRedistStoreNF(): Just entered routine.
20230514 081522.715 INFO             PET3 ESMF_FieldRedistStoreNF(): Leaving routine.
20230514 081522.719 INFO             PET3  NUMBER_OF_PROCESSORS           4
20230514 081522.720 INFO             PET3  PASS  Example ESMF_RHandleFromRHandleEx, ESMF_RHandleFromRHandleEx.F90, line 660
20230514 081522.720 INFO             PET3 Finalizing ESMF
