2023-05-11 11:22:40
20230511 114923.642 INFO             PET0 !!!!!!!!!!!!!!!!!!!!!!!!!!!!!!!!!!!!!!!!!!!!!!!!!!!!!!
20230511 114923.642 INFO             PET0 !!! THE ESMF_LOG IS SET TO OUTPUT ALL LOG MESSAGES !!!
20230511 114923.642 INFO             PET0 !!!     THIS MAY CAUSE SLOWDOWN IN PERFORMANCE     !!!
20230511 114923.642 INFO             PET0 !!! FOR PRODUCTION RUNS, USE:                      !!!
20230511 114923.642 INFO             PET0 !!!                   ESMF_LOGKIND_Multi_On_Error  !!!
20230511 114923.642 INFO             PET0 !!!!!!!!!!!!!!!!!!!!!!!!!!!!!!!!!!!!!!!!!!!!!!!!!!!!!!
20230511 114923.642 INFO             PET0 Running with ESMF Version   : v8.5.0b20-7-g842a2b6b0d
20230511 114923.642 INFO             PET0 ESMF library build date/time: "May 11 2023" "11:21:08"
20230511 114923.642 INFO             PET0 ESMF library build location : /project/esmf/theurich/ESMF-Nightly-Testing/gfortran_8.1.0_openmpi_O_fix_profile_summary_at_scale/esmf
20230511 114923.642 INFO             PET0 ESMF_COMM                   : openmpi
20230511 114923.642 INFO             PET0 ESMF_MOAB                   : enabled
20230511 114923.642 INFO             PET0 ESMF_LAPACK                 : enabled
20230511 114923.642 INFO             PET0 ESMF_NETCDF                 : enabled
20230511 114923.642 INFO             PET0 ESMF_PNETCDF                : disabled
20230511 114923.642 INFO             PET0 ESMF_PIO                    : enabled
20230511 114923.642 INFO             PET0 ESMF_YAMLCPP                : enabled
20230511 114923.692 DEBUG            PET0 about to destroy Grid: 0x15b47a0
20230511 114923.697 DEBUG            PET0 about to destroy Grid: 0x15b6030
20230511 114923.712 INFO             PET0  NUMBER_OF_PROCESSORS           4
20230511 114923.712 INFO             PET0  PASS  Example ESMF_NUOPCAtmModelEx, ESMF_NUOPCAtmModelEx.F90, line 806
20230511 114923.712 INFO             PET0 Finalizing ESMF
20230511 114923.642 INFO             PET1 !!!!!!!!!!!!!!!!!!!!!!!!!!!!!!!!!!!!!!!!!!!!!!!!!!!!!!
20230511 114923.642 INFO             PET1 !!! THE ESMF_LOG IS SET TO OUTPUT ALL LOG MESSAGES !!!
20230511 114923.642 INFO             PET1 !!!     THIS MAY CAUSE SLOWDOWN IN PERFORMANCE     !!!
20230511 114923.642 INFO             PET1 !!! FOR PRODUCTION RUNS, USE:                      !!!
20230511 114923.642 INFO             PET1 !!!                   ESMF_LOGKIND_Multi_On_Error  !!!
20230511 114923.642 INFO             PET1 !!!!!!!!!!!!!!!!!!!!!!!!!!!!!!!!!!!!!!!!!!!!!!!!!!!!!!
20230511 114923.642 INFO             PET1 Running with ESMF Version   : v8.5.0b20-7-g842a2b6b0d
20230511 114923.642 INFO             PET1 ESMF library build date/time: "May 11 2023" "11:21:08"
20230511 114923.642 INFO             PET1 ESMF library build location : /project/esmf/theurich/ESMF-Nightly-Testing/gfortran_8.1.0_openmpi_O_fix_profile_summary_at_scale/esmf
20230511 114923.642 INFO             PET1 ESMF_COMM                   : openmpi
20230511 114923.642 INFO             PET1 ESMF_MOAB                   : enabled
20230511 114923.642 INFO             PET1 ESMF_LAPACK                 : enabled
20230511 114923.642 INFO             PET1 ESMF_NETCDF                 : enabled
20230511 114923.642 INFO             PET1 ESMF_PNETCDF                : disabled
20230511 114923.642 INFO             PET1 ESMF_PIO                    : enabled
20230511 114923.642 INFO             PET1 ESMF_YAMLCPP                : enabled
20230511 114923.692 DEBUG            PET1 about to destroy Grid: 0x1a54e60
20230511 114923.697 DEBUG            PET1 about to destroy Grid: 0x1a558a0
20230511 114923.712 INFO             PET1  NUMBER_OF_PROCESSORS           4
20230511 114923.712 INFO             PET1  PASS  Example ESMF_NUOPCAtmModelEx, ESMF_NUOPCAtmModelEx.F90, line 806
20230511 114923.712 INFO             PET1 Finalizing ESMF
20230511 114923.641 INFO             PET2 !!!!!!!!!!!!!!!!!!!!!!!!!!!!!!!!!!!!!!!!!!!!!!!!!!!!!!
20230511 114923.641 INFO             PET2 !!! THE ESMF_LOG IS SET TO OUTPUT ALL LOG MESSAGES !!!
20230511 114923.641 INFO             PET2 !!!     THIS MAY CAUSE SLOWDOWN IN PERFORMANCE     !!!
20230511 114923.641 INFO             PET2 !!! FOR PRODUCTION RUNS, USE:                      !!!
20230511 114923.641 INFO             PET2 !!!                   ESMF_LOGKIND_Multi_On_Error  !!!
20230511 114923.641 INFO             PET2 !!!!!!!!!!!!!!!!!!!!!!!!!!!!!!!!!!!!!!!!!!!!!!!!!!!!!!
20230511 114923.641 INFO             PET2 Running with ESMF Version   : v8.5.0b20-7-g842a2b6b0d
20230511 114923.641 INFO             PET2 ESMF library build date/time: "May 11 2023" "11:21:08"
20230511 114923.641 INFO             PET2 ESMF library build location : /project/esmf/theurich/ESMF-Nightly-Testing/gfortran_8.1.0_openmpi_O_fix_profile_summary_at_scale/esmf
20230511 114923.641 INFO             PET2 ESMF_COMM                   : openmpi
20230511 114923.641 INFO             PET2 ESMF_MOAB                   : enabled
20230511 114923.641 INFO             PET2 ESMF_LAPACK                 : enabled
20230511 114923.641 INFO             PET2 ESMF_NETCDF                 : enabled
20230511 114923.641 INFO             PET2 ESMF_PNETCDF                : disabled
20230511 114923.641 INFO             PET2 ESMF_PIO                    : enabled
20230511 114923.641 INFO             PET2 ESMF_YAMLCPP                : enabled
20230511 114923.692 DEBUG            PET2 about to destroy Grid: 0x145d7c0
20230511 114923.697 DEBUG            PET2 about to destroy Grid: 0x145e300
20230511 114923.712 INFO             PET2  NUMBER_OF_PROCESSORS           4
20230511 114923.712 INFO             PET2  PASS  Example ESMF_NUOPCAtmModelEx, ESMF_NUOPCAtmModelEx.F90, line 806
20230511 114923.712 INFO             PET2 Finalizing ESMF
20230511 114923.641 INFO             PET3 !!!!!!!!!!!!!!!!!!!!!!!!!!!!!!!!!!!!!!!!!!!!!!!!!!!!!!
20230511 114923.641 INFO             PET3 !!! THE ESMF_LOG IS SET TO OUTPUT ALL LOG MESSAGES !!!
20230511 114923.641 INFO             PET3 !!!     THIS MAY CAUSE SLOWDOWN IN PERFORMANCE     !!!
20230511 114923.641 INFO             PET3 !!! FOR PRODUCTION RUNS, USE:                      !!!
20230511 114923.641 INFO             PET3 !!!                   ESMF_LOGKIND_Multi_On_Error  !!!
20230511 114923.641 INFO             PET3 !!!!!!!!!!!!!!!!!!!!!!!!!!!!!!!!!!!!!!!!!!!!!!!!!!!!!!
20230511 114923.641 INFO             PET3 Running with ESMF Version   : v8.5.0b20-7-g842a2b6b0d
20230511 114923.641 INFO             PET3 ESMF library build date/time: "May 11 2023" "11:21:08"
20230511 114923.641 INFO             PET3 ESMF library build location : /project/esmf/theurich/ESMF-Nightly-Testing/gfortran_8.1.0_openmpi_O_fix_profile_summary_at_scale/esmf
20230511 114923.641 INFO             PET3 ESMF_COMM                   : openmpi
20230511 114923.642 INFO             PET3 ESMF_MOAB                   : enabled
20230511 114923.642 INFO             PET3 ESMF_LAPACK                 : enabled
20230511 114923.642 INFO             PET3 ESMF_NETCDF                 : enabled
20230511 114923.642 INFO             PET3 ESMF_PNETCDF                : disabled
20230511 114923.642 INFO             PET3 ESMF_PIO                    : enabled
20230511 114923.642 INFO             PET3 ESMF_YAMLCPP                : enabled
20230511 114923.692 DEBUG            PET3 about to destroy Grid: 0x125af50
20230511 114923.697 DEBUG            PET3 about to destroy Grid: 0x125d410
20230511 114923.712 INFO             PET3  NUMBER_OF_PROCESSORS           4
20230511 114923.712 INFO             PET3  PASS  Example ESMF_NUOPCAtmModelEx, ESMF_NUOPCAtmModelEx.F90, line 806
20230511 114923.712 INFO             PET3 Finalizing ESMF
