2023-05-18 05:05:04
20230518 060409.540 INFO             PET0 !!!!!!!!!!!!!!!!!!!!!!!!!!!!!!!!!!!!!!!!!!!!!!!!!!!!!!
20230518 060409.541 INFO             PET0 !!! THE ESMF_LOG IS SET TO OUTPUT ALL LOG MESSAGES !!!
20230518 060409.541 INFO             PET0 !!!     THIS MAY CAUSE SLOWDOWN IN PERFORMANCE     !!!
20230518 060409.541 INFO             PET0 !!! FOR PRODUCTION RUNS, USE:                      !!!
20230518 060409.541 INFO             PET0 !!!                   ESMF_LOGKIND_Multi_On_Error  !!!
20230518 060409.541 INFO             PET0 !!!!!!!!!!!!!!!!!!!!!!!!!!!!!!!!!!!!!!!!!!!!!!!!!!!!!!
20230518 060409.541 INFO             PET0 Running with ESMF Version   : v8.5.0b21-127-g2a7bdbf3cb
20230518 060409.541 INFO             PET0 ESMF library build date/time: "May 18 2023" "05:01:46"
20230518 060409.541 INFO             PET0 ESMF library build location : /glade/scratch/theurich/ESMF-Nightly-Testing/nvhpc_22.2_mpt_g_develop/esmf
20230518 060409.541 INFO             PET0 ESMF_COMM                   : mpt
20230518 060409.541 INFO             PET0 ESMF_MOAB                   : enabled
20230518 060409.541 INFO             PET0 ESMF_LAPACK                 : enabled
20230518 060409.541 INFO             PET0 ESMF_NETCDF                 : enabled
20230518 060409.541 INFO             PET0 ESMF_PNETCDF                : disabled
20230518 060409.541 INFO             PET0 ESMF_PIO                    : enabled
20230518 060409.541 INFO             PET0 ESMF_YAMLCPP                : enabled
20230518 060409.541 INFO             PET0  NUMBER_OF_PROCESSORS            1
20230518 060409.541 INFO             PET0  PASS  Example ESMF_ClockEx, ESMF_ClockEx.F90, line 220
20230518 060409.541 INFO             PET0 Finalizing ESMF
