2023-05-10 18:03:29
forrtl: severe (174): SIGSEGV, segmentation fault occurred
Image              PC                Routine            Line        Source             
libpthread-2.31.s  0000146FA54428C0  Unknown               Unknown  Unknown
mainApp            000000000043D0E1  Unknown               Unknown  Unknown
mainApp            000000000043D9F0  Unknown               Unknown  Unknown
mainApp            000000000043D284  Unknown               Unknown  Unknown
libesmf.so         0000146FA7967392  f_esmf_compcollec     Unknown  Unknown
libesmf.so         0000146FA77BFE7D  _ZN5ESMCI2VM8fina     Unknown  Unknown
libesmf.so         0000146FA77A0F85  c_esmc_vmfinalize     Unknown  Unknown
libesmf.so         0000146FA7E7C2CC  esmf_vmmod_mp_esm     Unknown  Unknown
libesmf.so         0000146FA7C9AC56  esmf_initmod_mp_e     Unknown  Unknown
mainApp            0000000000416A86  Unknown               Unknown  Unknown
mainApp            000000000041624D  Unknown               Unknown  Unknown
libc-2.31.so       0000146FA15B82BD  __libc_start_main     Unknown  Unknown
mainApp            000000000041617A  Unknown               Unknown  Unknown
forrtl: severe (174): SIGSEGV, segmentation fault occurred
Image              PC                Routine            Line        Source             
libpthread-2.31.s  0000150D9268D8C0  Unknown               Unknown  Unknown
mainApp            000000000043D100  Unknown               Unknown  Unknown
mainApp            000000000043D9F0  Unknown               Unknown  Unknown
mainApp            000000000043D284  Unknown               Unknown  Unknown
libesmf.so         0000150D94BB2392  f_esmf_compcollec     Unknown  Unknown
libesmf.so         0000150D94A0AE7D  _ZN5ESMCI2VM8fina     Unknown  Unknown
libesmf.so         0000150D949EBF85  c_esmc_vmfinalize     Unknown  Unknown
libesmf.so         0000150D950C72CC  esmf_vmmod_mp_esm     Unknown  Unknown
libesmf.so         0000150D94EE5C56  esmf_initmod_mp_e     Unknown  Unknown
mainApp            0000000000416A86  Unknown               Unknown  Unknown
mainApp            000000000041624D  Unknown               Unknown  Unknown
libc-2.31.so       0000150D8E8032BD  __libc_start_main     Unknown  Unknown
mainApp            000000000041617A  Unknown               Unknown  Unknown
forrtl: severe (174): SIGSEGV, segmentation fault occurred
Image              PC                Routine            Line        Source             
libpthread-2.31.s  000014585DCD68C0  Unknown               Unknown  Unknown
mainApp            000000000043D0B7  Unknown               Unknown  Unknown
mainApp            000000000043D9F0  Unknown               Unknown  Unknown
mainApp            000000000043D284  Unknown               Unknown  Unknown
libesmf.so         00001458601FB392  f_esmf_compcollec     Unknown  Unknown
libesmf.so         0000145860053E7D  _ZN5ESMCI2VM8fina     Unknown  Unknown
libesmf.so         0000145860034F85  c_esmc_vmfinalize     Unknown  Unknown
libesmf.so         00001458607102CC  esmf_vmmod_mp_esm     Unknown  Unknown
libesmf.so         000014586052EC56  esmf_initmod_mp_e     Unknown  Unknown
mainApp            0000000000416A86  Unknown               Unknown  Unknown
mainApp            000000000041624D  Unknown               Unknown  Unknown
libc-2.31.so       0000145859E4C2BD  __libc_start_main     Unknown  Unknown
mainApp            000000000041617A  Unknown               Unknown  Unknown
forrtl: severe (174): SIGSEGV, segmentation fault occurred
Image              PC                Routine            Line        Source             
libpthread-2.31.s  00001458380098C0  Unknown               Unknown  Unknown
mainApp            000000000043D0A0  Unknown               Unknown  Unknown
mainApp            000000000043D9F0  Unknown               Unknown  Unknown
mainApp            000000000043D284  Unknown               Unknown  Unknown
libesmf.so         000014583A52E392  f_esmf_compcollec     Unknown  Unknown
libesmf.so         000014583A386E7D  _ZN5ESMCI2VM8fina     Unknown  Unknown
libesmf.so         000014583A367F85  c_esmc_vmfinalize     Unknown  Unknown
libesmf.so         000014583AA432CC  esmf_vmmod_mp_esm     Unknown  Unknown
libesmf.so         000014583A861C56  esmf_initmod_mp_e     Unknown  Unknown
mainApp            0000000000416A86  Unknown               Unknown  Unknown
mainApp            000000000041624D  Unknown               Unknown  Unknown
libc-2.31.so       000014583417F2BD  __libc_start_main     Unknown  Unknown
mainApp            000000000041617A  Unknown               Unknown  Unknown
gu0004.hsn.gu.hpc.ucar.edu: rank 3 exited with code 174
