2023-05-01 03:48:21
20230501 042013.304 INFO             PET0 !!!!!!!!!!!!!!!!!!!!!!!!!!!!!!!!!!!!!!!!!!!!!!!!!!!!!!
20230501 042013.304 INFO             PET0 !!! THE ESMF_LOG IS SET TO OUTPUT ALL LOG MESSAGES !!!
20230501 042013.304 INFO             PET0 !!!     THIS MAY CAUSE SLOWDOWN IN PERFORMANCE     !!!
20230501 042013.304 INFO             PET0 !!! FOR PRODUCTION RUNS, USE:                      !!!
20230501 042013.304 INFO             PET0 !!!                   ESMF_LOGKIND_Multi_On_Error  !!!
20230501 042013.304 INFO             PET0 !!!!!!!!!!!!!!!!!!!!!!!!!!!!!!!!!!!!!!!!!!!!!!!!!!!!!!
20230501 042013.304 INFO             PET0 Running with ESMF Version   : v8.5.0b20
20230501 042013.304 INFO             PET0 ESMF library build date/time: "May  1 2023" "03:46:51"
20230501 042013.304 INFO             PET0 ESMF library build location : /lustre/f2/dev/ncep/Gerhard.Theurich/ESMF-Nightly-Testing-C5/intel_2022.2.1_mpiuni_g_develop/esmf
20230501 042013.304 INFO             PET0 ESMF_COMM                   : mpiuni
20230501 042013.306 INFO             PET0 ESMF_MOAB                   : enabled
20230501 042013.306 INFO             PET0 ESMF_LAPACK                 : enabled
20230501 042013.306 INFO             PET0 ESMF_NETCDF                 : enabled
20230501 042013.306 INFO             PET0 ESMF_PNETCDF                : disabled
20230501 042013.306 INFO             PET0 ESMF_PIO                    : disabled
20230501 042013.306 INFO             PET0 ESMF_YAMLCPP                : enabled
20230501 042013.310 INFO             PET0  NUMBER_OF_PROCESSORS           1
20230501 042013.310 INFO             PET0  PASS  Example ESMF_CplEx, ESMF_CplEx.F90, line 457
20230501 042013.310 INFO             PET0 Finalizing ESMF
