2023-05-27 01:45:58
20230527 021207.825 INFO             PET0 !!!!!!!!!!!!!!!!!!!!!!!!!!!!!!!!!!!!!!!!!!!!!!!!!!!!!!
20230527 021207.825 INFO             PET0 !!! THE ESMF_LOG IS SET TO OUTPUT ALL LOG MESSAGES !!!
20230527 021207.825 INFO             PET0 !!!     THIS MAY CAUSE SLOWDOWN IN PERFORMANCE     !!!
20230527 021207.825 INFO             PET0 !!! FOR PRODUCTION RUNS, USE:                      !!!
20230527 021207.825 INFO             PET0 !!!                   ESMF_LOGKIND_Multi_On_Error  !!!
20230527 021207.825 INFO             PET0 !!!!!!!!!!!!!!!!!!!!!!!!!!!!!!!!!!!!!!!!!!!!!!!!!!!!!!
20230527 021207.825 INFO             PET0 Running with ESMF Version   : v8.5.0b22-23-g29a87366ab
20230527 021207.825 INFO             PET0 ESMF library build date/time: "May 27 2023" "01:44:18"
20230527 021207.825 INFO             PET0 ESMF library build location : /glade/gust/scratch/theurich/ESMF-Nightly-Testing/intel_2023.0.0-classic_mpiuni_g_develop/esmf
20230527 021207.825 INFO             PET0 ESMF_COMM                   : mpiuni
20230527 021207.826 INFO             PET0 ESMF_MOAB                   : enabled
20230527 021207.826 INFO             PET0 ESMF_LAPACK                 : enabled
20230527 021207.826 INFO             PET0 ESMF_NETCDF                 : enabled
20230527 021207.826 INFO             PET0 ESMF_PNETCDF                : disabled
20230527 021207.826 INFO             PET0 ESMF_PIO                    : disabled
20230527 021207.826 INFO             PET0 ESMF_YAMLCPP                : enabled
20230527 021207.827 INFO             PET0  NUMBER_OF_PROCESSORS           1
20230527 021207.827 INFO             PET0  PASS  Example ESMF_VMUserMpiCommEx, ESMF_VMUserMpiCommEx.F90, line 113
20230527 021207.827 INFO             PET0 Finalizing ESMF
