 
Installing ESMF:
 
mkdir -p /global/cfs/cdirs/e3sm/theurich/ESMF-Nightly-Testing/gfortran_11.2.0_mpiuni_g_develop/esmf/DEFAULTINSTALLDIR/include
cp -f /global/cfs/cdirs/e3sm/theurich/ESMF-Nightly-Testing/gfortran_11.2.0_mpiuni_g_develop/esmf/src/include/ESMC.h /global/cfs/cdirs/e3sm/theurich/ESMF-Nightly-Testing/gfortran_11.2.0_mpiuni_g_develop/esmf/DEFAULTINSTALLDIR/include
cp -f /global/cfs/cdirs/e3sm/theurich/ESMF-Nightly-Testing/gfortran_11.2.0_mpiuni_g_develop/esmf/src/include/ESMC_*.h /global/cfs/cdirs/e3sm/theurich/ESMF-Nightly-Testing/gfortran_11.2.0_mpiuni_g_develop/esmf/DEFAULTINSTALLDIR/include
cp -f /global/cfs/cdirs/e3sm/theurich/ESMF-Nightly-Testing/gfortran_11.2.0_mpiuni_g_develop/esmf/build_config/Unicos.gfortran.default/ESMC_Conf.h /global/cfs/cdirs/e3sm/theurich/ESMF-Nightly-Testing/gfortran_11.2.0_mpiuni_g_develop/esmf/DEFAULTINSTALLDIR/include
cp -fr /global/cfs/cdirs/e3sm/theurich/ESMF-Nightly-Testing/gfortran_11.2.0_mpiuni_g_develop/esmf/src/addon/ESMX /global/cfs/cdirs/e3sm/theurich/ESMF-Nightly-Testing/gfortran_11.2.0_mpiuni_g_develop/esmf/DEFAULTINSTALLDIR/include
mkdir -p /global/cfs/cdirs/e3sm/theurich/ESMF-Nightly-Testing/gfortran_11.2.0_mpiuni_g_develop/esmf/DEFAULTINSTALLDIR/mod/modg/Unicos.gfortran.64.mpiuni.default
cp -f /global/cfs/cdirs/e3sm/theurich/ESMF-Nightly-Testing/gfortran_11.2.0_mpiuni_g_develop/esmf/mod/modg/Unicos.gfortran.64.mpiuni.default/*.mod /global/cfs/cdirs/e3sm/theurich/ESMF-Nightly-Testing/gfortran_11.2.0_mpiuni_g_develop/esmf/DEFAULTINSTALLDIR/mod/modg/Unicos.gfortran.64.mpiuni.default
mkdir -p /global/cfs/cdirs/e3sm/theurich/ESMF-Nightly-Testing/gfortran_11.2.0_mpiuni_g_develop/esmf/DEFAULTINSTALLDIR/lib/libg/Unicos.gfortran.64.mpiuni.default
cp -f /global/cfs/cdirs/e3sm/theurich/ESMF-Nightly-Testing/gfortran_11.2.0_mpiuni_g_develop/esmf/lib/libg/Unicos.gfortran.64.mpiuni.default/libesmf*.* /global/cfs/cdirs/e3sm/theurich/ESMF-Nightly-Testing/gfortran_11.2.0_mpiuni_g_develop/esmf/DEFAULTINSTALLDIR/lib/libg/Unicos.gfortran.64.mpiuni.default
make ESMF_PRELOADDIR=/global/cfs/cdirs/e3sm/theurich/ESMF-Nightly-Testing/gfortran_11.2.0_mpiuni_g_develop/esmf/DEFAULTINSTALLDIR/lib/libg/Unicos.gfortran.64.mpiuni.default build_preload_script
make[1]: Entering directory '/global/cfs/cdirs/e3sm/theurich/ESMF-Nightly-Testing/gfortran_11.2.0_mpiuni_g_develop/esmf'
chmod 755 /global/cfs/cdirs/e3sm/theurich/ESMF-Nightly-Testing/gfortran_11.2.0_mpiuni_g_develop/esmf/DEFAULTINSTALLDIR/lib/libg/Unicos.gfortran.64.mpiuni.default/preload.sh
make[1]: Leaving directory '/global/cfs/cdirs/e3sm/theurich/ESMF-Nightly-Testing/gfortran_11.2.0_mpiuni_g_develop/esmf'
ranlib /global/cfs/cdirs/e3sm/theurich/ESMF-Nightly-Testing/gfortran_11.2.0_mpiuni_g_develop/esmf/DEFAULTINSTALLDIR/lib/libg/Unicos.gfortran.64.mpiuni.default/libesmf*.a
make install_apps
make[1]: Entering directory '/global/cfs/cdirs/e3sm/theurich/ESMF-Nightly-Testing/gfortran_11.2.0_mpiuni_g_develop/esmf'
mkdir -p /global/cfs/cdirs/e3sm/theurich/ESMF-Nightly-Testing/gfortran_11.2.0_mpiuni_g_develop/esmf/DEFAULTINSTALLDIR/bin/bing/Unicos.gfortran.64.mpiuni.default
make build_apps ESMF_APPSDIR=/global/cfs/cdirs/e3sm/theurich/ESMF-Nightly-Testing/gfortran_11.2.0_mpiuni_g_develop/esmf/DEFAULTINSTALLDIR/bin/bing/Unicos.gfortran.64.mpiuni.default ESMF_LDIR=/global/cfs/cdirs/e3sm/theurich/ESMF-Nightly-Testing/gfortran_11.2.0_mpiuni_g_develop/esmf/DEFAULTINSTALLDIR/lib/libg/Unicos.gfortran.64.mpiuni.default ESMF_LIBDIR=/global/cfs/cdirs/e3sm/theurich/ESMF-Nightly-Testing/gfortran_11.2.0_mpiuni_g_develop/esmf/DEFAULTINSTALLDIR/lib/libg/Unicos.gfortran.64.mpiuni.default ESMF_MODDIR=/global/cfs/cdirs/e3sm/theurich/ESMF-Nightly-Testing/gfortran_11.2.0_mpiuni_g_develop/esmf/DEFAULTINSTALLDIR/mod/modg/Unicos.gfortran.64.mpiuni.default
make[2]: Entering directory '/global/cfs/cdirs/e3sm/theurich/ESMF-Nightly-Testing/gfortran_11.2.0_mpiuni_g_develop/esmf'
cd /global/cfs/cdirs/e3sm/theurich/ESMF-Nightly-Testing/gfortran_11.2.0_mpiuni_g_develop/esmf/src/apps; make ACTION=tree_build_apps tree
make[3]: Entering directory '/global/cfs/cdirs/e3sm/theurich/ESMF-Nightly-Testing/gfortran_11.2.0_mpiuni_g_develop/esmf/src/apps'
tree_build_apps in: /global/cfs/cdirs/e3sm/theurich/ESMF-Nightly-Testing/gfortran_11.2.0_mpiuni_g_develop/esmf/src/apps/ESMF_PrintInfo
make[4]: Entering directory '/global/cfs/cdirs/e3sm/theurich/ESMF-Nightly-Testing/gfortran_11.2.0_mpiuni_g_develop/esmf/src/apps/ESMF_PrintInfo'
make chkdir_locobj
make[5]: Entering directory '/global/cfs/cdirs/e3sm/theurich/ESMF-Nightly-Testing/gfortran_11.2.0_mpiuni_g_develop/esmf/src/apps/ESMF_PrintInfo'
Making directory /global/cfs/cdirs/e3sm/theurich/ESMF-Nightly-Testing/gfortran_11.2.0_mpiuni_g_develop/esmf/obj/objg/Unicos.gfortran.64.mpiuni.default/src/apps/ESMF_PrintInfo for apps output
make[5]: Leaving directory '/global/cfs/cdirs/e3sm/theurich/ESMF-Nightly-Testing/gfortran_11.2.0_mpiuni_g_develop/esmf/src/apps/ESMF_PrintInfo'
ftn -c -g -Wall -Wextra -Wconversion -Wno-unused -Wno-unused-dummy-argument -fbacktrace -fimplicit-none -fcheck=all,no-pointer -fPIC  -pthread -ffree-line-length-none  -fopenmp -I/global/cfs/cdirs/e3sm/theurich/ESMF-Nightly-Testing/gfortran_11.2.0_mpiuni_g_develop/esmf/src/apps/ESMF_PrintInfo -I/global/cfs/cdirs/e3sm/theurich/ESMF-Nightly-Testing/gfortran_11.2.0_mpiuni_g_develop/esmf/build_config/Unicos.gfortran.default -I/global/cfs/cdirs/e3sm/theurich/ESMF-Nightly-Testing/gfortran_11.2.0_mpiuni_g_develop/esmf/src/Infrastructure -I/global/cfs/cdirs/e3sm/theurich/ESMF-Nightly-Testing/gfortran_11.2.0_mpiuni_g_develop/esmf/src/Superstructure -I/global/cfs/cdirs/e3sm/theurich/ESMF-Nightly-Testing/gfortran_11.2.0_mpiuni_g_develop/esmf/DEFAULTINSTALLDIR/mod/modg/Unicos.gfortran.64.mpiuni.default -I/global/cfs/cdirs/e3sm/theurich/ESMF-Nightly-Testing/gfortran_11.2.0_mpiuni_g_develop/esmf/src/include -I/opt/cray/pe/netcdf/4.9.0.1/gnu/9.1/include -I/opt/cray/pe/netcdf/4.9.0.1/gnu/9.1/include  -DESMF_NO_INTEGER_1_BYTE -DESMF_NO_INTEGER_2_BYTE -DESMF_VERSION_STRING_GIT='"v8.5.0b23-1-g96cdcccd39"' -DESMF_MPIUNI -I/global/cfs/cdirs/e3sm/theurich/ESMF-Nightly-Testing/gfortran_11.2.0_mpiuni_g_develop/esmf/src/Infrastructure/stubs/mpiuni -DESMF_LOWERCASE_SINGLEUNDERSCORE -DESMF_MOAB=1 -DESMF_LAPACK=1 -DESMF_LAPACK_INTERNAL=1 -DESMF_NO_ACC_SOFTWARE_STACK=1 -DESMF_NETCDF=1 -DESMF_YAMLCPP=1 -DESMF_YAML=1 -DESMF_NO_OPENACC -DESMF_TESTEXHAUSTIVE -DESMF_BOPT_g -DESMF_TESTCOMPTUNNEL -DESMF_TESTWITHTHREADS -DS64=1 -DESMF_OS_Unicos=1 -DESMF_COMM=mpiuni -DESMF_DIR=/global/cfs/cdirs/e3sm/theurich/ESMF-Nightly-Testing/gfortran_11.2.0_mpiuni_g_develop/esmf ESMF_PrintInfo.F90 -o /global/cfs/cdirs/e3sm/theurich/ESMF-Nightly-Testing/gfortran_11.2.0_mpiuni_g_develop/esmf/obj/objg/Unicos.gfortran.64.mpiuni.default/src/apps/ESMF_PrintInfo/ESMF_PrintInfo.o
make chkdir_apps
make[5]: Entering directory '/global/cfs/cdirs/e3sm/theurich/ESMF-Nightly-Testing/gfortran_11.2.0_mpiuni_g_develop/esmf/src/apps/ESMF_PrintInfo'
make[5]: Leaving directory '/global/cfs/cdirs/e3sm/theurich/ESMF-Nightly-Testing/gfortran_11.2.0_mpiuni_g_develop/esmf/src/apps/ESMF_PrintInfo'
ftn     -pthread  -fopenmp -L/global/cfs/cdirs/e3sm/theurich/ESMF-Nightly-Testing/gfortran_11.2.0_mpiuni_g_develop/esmf/DEFAULTINSTALLDIR/lib/libg/Unicos.gfortran.64.mpiuni.default -L/opt/cray/pe/netcdf/4.9.0.1/gnu/9.1/lib -L/opt/cray/pe/gcc/11.2.0/snos/lib/gcc/x86_64-suse-linux/11.2.0/../../../../lib64/ -Wl,-rpath,/global/cfs/cdirs/e3sm/theurich/ESMF-Nightly-Testing/gfortran_11.2.0_mpiuni_g_develop/esmf/DEFAULTINSTALLDIR/lib/libg/Unicos.gfortran.64.mpiuni.default -Wl,-rpath,/opt/cray/pe/netcdf/4.9.0.1/gnu/9.1/lib -Wl,-rpath,/opt/cray/pe/gcc/11.2.0/snos/lib/gcc/x86_64-suse-linux/11.2.0/../../../../lib64/ -o /global/cfs/cdirs/e3sm/theurich/ESMF-Nightly-Testing/gfortran_11.2.0_mpiuni_g_develop/esmf/DEFAULTINSTALLDIR/bin/bing/Unicos.gfortran.64.mpiuni.default/ESMF_PrintInfo /global/cfs/cdirs/e3sm/theurich/ESMF-Nightly-Testing/gfortran_11.2.0_mpiuni_g_develop/esmf/obj/objg/Unicos.gfortran.64.mpiuni.default/src/apps/ESMF_PrintInfo/ESMF_PrintInfo.o -lesmf  -lrt -lstdc++ -ldl -lnetcdff -lnetcdf
make[4]: Leaving directory '/global/cfs/cdirs/e3sm/theurich/ESMF-Nightly-Testing/gfortran_11.2.0_mpiuni_g_develop/esmf/src/apps/ESMF_PrintInfo'
tree_build_apps in: /global/cfs/cdirs/e3sm/theurich/ESMF-Nightly-Testing/gfortran_11.2.0_mpiuni_g_develop/esmf/src/apps/ESMF_PrintInfoC
make[4]: Entering directory '/global/cfs/cdirs/e3sm/theurich/ESMF-Nightly-Testing/gfortran_11.2.0_mpiuni_g_develop/esmf/src/apps/ESMF_PrintInfoC'
make chkdir_locobj
make[5]: Entering directory '/global/cfs/cdirs/e3sm/theurich/ESMF-Nightly-Testing/gfortran_11.2.0_mpiuni_g_develop/esmf/src/apps/ESMF_PrintInfoC'
Making directory /global/cfs/cdirs/e3sm/theurich/ESMF-Nightly-Testing/gfortran_11.2.0_mpiuni_g_develop/esmf/obj/objg/Unicos.gfortran.64.mpiuni.default/src/apps/ESMF_PrintInfoC for apps output
make[5]: Leaving directory '/global/cfs/cdirs/e3sm/theurich/ESMF-Nightly-Testing/gfortran_11.2.0_mpiuni_g_develop/esmf/src/apps/ESMF_PrintInfoC'
cc -c -std=c99 -g -fPIC  -fopenmp -I/global/cfs/cdirs/e3sm/theurich/ESMF-Nightly-Testing/gfortran_11.2.0_mpiuni_g_develop/esmf/src/apps/ESMF_PrintInfoC -I/global/cfs/cdirs/e3sm/theurich/ESMF-Nightly-Testing/gfortran_11.2.0_mpiuni_g_develop/esmf/src/apps/ESMF_PrintInfoC/../include -I/global/cfs/cdirs/e3sm/theurich/ESMF-Nightly-Testing/gfortran_11.2.0_mpiuni_g_develop/esmf/build_config/Unicos.gfortran.default -I/global/cfs/cdirs/e3sm/theurich/ESMF-Nightly-Testing/gfortran_11.2.0_mpiuni_g_develop/esmf/src/Infrastructure -I/global/cfs/cdirs/e3sm/theurich/ESMF-Nightly-Testing/gfortran_11.2.0_mpiuni_g_develop/esmf/src/Superstructure  -I/global/cfs/cdirs/e3sm/theurich/ESMF-Nightly-Testing/gfortran_11.2.0_mpiuni_g_develop/esmf/src/include   -DESMF_NO_INTEGER_1_BYTE -DESMF_NO_INTEGER_2_BYTE -DESMF_VERSION_STRING_GIT='"v8.5.0b23-1-g96cdcccd39"' -DESMF_MPIUNI -I/global/cfs/cdirs/e3sm/theurich/ESMF-Nightly-Testing/gfortran_11.2.0_mpiuni_g_develop/esmf/src/Infrastructure/stubs/mpiuni -DESMF_LOWERCASE_SINGLEUNDERSCORE -DESMF_MOAB=1 -DESMF_LAPACK=1 -DESMF_LAPACK_INTERNAL=1 -DESMF_NO_ACC_SOFTWARE_STACK=1 -DESMF_NETCDF=1 -DESMF_YAMLCPP=1 -DESMF_YAML=1 -DESMF_NO_OPENACC -DESMF_TESTEXHAUSTIVE -DESMF_BOPT_g -DESMF_TESTCOMPTUNNEL -DESMF_TESTWITHTHREADS -DS64=1 -DESMF_OS_Unicos=1 -DESMF_COMM=mpiuni -DESMF_DIR=/global/cfs/cdirs/e3sm/theurich/ESMF-Nightly-Testing/gfortran_11.2.0_mpiuni_g_develop/esmf -D__SDIR__='"src/apps/ESMF_PrintInfoC"' -DESMF_CSTD=99 ESMF_PrintInfoC.c -o /global/cfs/cdirs/e3sm/theurich/ESMF-Nightly-Testing/gfortran_11.2.0_mpiuni_g_develop/esmf/obj/objg/Unicos.gfortran.64.mpiuni.default/src/apps/ESMF_PrintInfoC/ESMF_PrintInfoC.o
make chkdir_apps
make[5]: Entering directory '/global/cfs/cdirs/e3sm/theurich/ESMF-Nightly-Testing/gfortran_11.2.0_mpiuni_g_develop/esmf/src/apps/ESMF_PrintInfoC'
make[5]: Leaving directory '/global/cfs/cdirs/e3sm/theurich/ESMF-Nightly-Testing/gfortran_11.2.0_mpiuni_g_develop/esmf/src/apps/ESMF_PrintInfoC'
cc     -fopenmp -L/global/cfs/cdirs/e3sm/theurich/ESMF-Nightly-Testing/gfortran_11.2.0_mpiuni_g_develop/esmf/DEFAULTINSTALLDIR/lib/libg/Unicos.gfortran.64.mpiuni.default -L/opt/cray/pe/netcdf/4.9.0.1/gnu/9.1/lib -L/opt/cray/pe/gcc/11.2.0/snos/lib/gcc/x86_64-suse-linux/11.2.0/../../../../lib64/ -L/global/cfs/cdirs/e3sm/theurich/ESMF-Nightly-Testing/gfortran_11.2.0_mpiuni_g_develop/esmf/DEFAULTINSTALLDIR/lib/libg/Unicos.gfortran.64.mpiuni.default -L/opt/cray/pe/netcdf/4.9.0.1/gnu/9.1/lib -L/opt/cray/pe/gcc/11.2.0/snos/lib/gcc/x86_64-suse-linux/11.2.0/../../../../lib64/ -Wl,-rpath,/global/cfs/cdirs/e3sm/theurich/ESMF-Nightly-Testing/gfortran_11.2.0_mpiuni_g_develop/esmf/DEFAULTINSTALLDIR/lib/libg/Unicos.gfortran.64.mpiuni.default -Wl,-rpath,/opt/cray/pe/netcdf/4.9.0.1/gnu/9.1/lib -Wl,-rpath,/opt/cray/pe/gcc/11.2.0/snos/lib/gcc/x86_64-suse-linux/11.2.0/../../../../lib64/ -Wl,-rpath,/global/cfs/cdirs/e3sm/theurich/ESMF-Nightly-Testing/gfortran_11.2.0_mpiuni_g_develop/esmf/DEFAULTINSTALLDIR/lib/libg/Unicos.gfortran.64.mpiuni.default -Wl,-rpath,/opt/cray/pe/netcdf/4.9.0.1/gnu/9.1/lib -Wl,-rpath,/opt/cray/pe/gcc/11.2.0/snos/lib/gcc/x86_64-suse-linux/11.2.0/../../../../lib64/ -o /global/cfs/cdirs/e3sm/theurich/ESMF-Nightly-Testing/gfortran_11.2.0_mpiuni_g_develop/esmf/DEFAULTINSTALLDIR/bin/bing/Unicos.gfortran.64.mpiuni.default/ESMF_PrintInfoC /global/cfs/cdirs/e3sm/theurich/ESMF-Nightly-Testing/gfortran_11.2.0_mpiuni_g_develop/esmf/obj/objg/Unicos.gfortran.64.mpiuni.default/src/apps/ESMF_PrintInfoC/ESMF_PrintInfoC.o -lesmf  -lrt -lgfortran -ldl -lnetcdff -lnetcdf  -lrt -lstdc++ -ldl -lnetcdff -lnetcdf
make[4]: Leaving directory '/global/cfs/cdirs/e3sm/theurich/ESMF-Nightly-Testing/gfortran_11.2.0_mpiuni_g_develop/esmf/src/apps/ESMF_PrintInfoC'
tree_build_apps in: /global/cfs/cdirs/e3sm/theurich/ESMF-Nightly-Testing/gfortran_11.2.0_mpiuni_g_develop/esmf/src/apps/ESMF_RegridWeightGen
make[4]: Entering directory '/global/cfs/cdirs/e3sm/theurich/ESMF-Nightly-Testing/gfortran_11.2.0_mpiuni_g_develop/esmf/src/apps/ESMF_RegridWeightGen'
make chkdir_locobj
make[5]: Entering directory '/global/cfs/cdirs/e3sm/theurich/ESMF-Nightly-Testing/gfortran_11.2.0_mpiuni_g_develop/esmf/src/apps/ESMF_RegridWeightGen'
Making directory /global/cfs/cdirs/e3sm/theurich/ESMF-Nightly-Testing/gfortran_11.2.0_mpiuni_g_develop/esmf/obj/objg/Unicos.gfortran.64.mpiuni.default/src/apps/ESMF_RegridWeightGen for apps output
make[5]: Leaving directory '/global/cfs/cdirs/e3sm/theurich/ESMF-Nightly-Testing/gfortran_11.2.0_mpiuni_g_develop/esmf/src/apps/ESMF_RegridWeightGen'
ftn -c -g -Wall -Wextra -Wconversion -Wno-unused -Wno-unused-dummy-argument -fbacktrace -fimplicit-none -fcheck=all,no-pointer -fPIC  -pthread -ffree-line-length-none  -fopenmp -I/global/cfs/cdirs/e3sm/theurich/ESMF-Nightly-Testing/gfortran_11.2.0_mpiuni_g_develop/esmf/src/apps/ESMF_RegridWeightGen -I/global/cfs/cdirs/e3sm/theurich/ESMF-Nightly-Testing/gfortran_11.2.0_mpiuni_g_develop/esmf/build_config/Unicos.gfortran.default -I/global/cfs/cdirs/e3sm/theurich/ESMF-Nightly-Testing/gfortran_11.2.0_mpiuni_g_develop/esmf/src/Infrastructure -I/global/cfs/cdirs/e3sm/theurich/ESMF-Nightly-Testing/gfortran_11.2.0_mpiuni_g_develop/esmf/src/Superstructure -I/global/cfs/cdirs/e3sm/theurich/ESMF-Nightly-Testing/gfortran_11.2.0_mpiuni_g_develop/esmf/DEFAULTINSTALLDIR/mod/modg/Unicos.gfortran.64.mpiuni.default -I/global/cfs/cdirs/e3sm/theurich/ESMF-Nightly-Testing/gfortran_11.2.0_mpiuni_g_develop/esmf/src/include -I/opt/cray/pe/netcdf/4.9.0.1/gnu/9.1/include -I/opt/cray/pe/netcdf/4.9.0.1/gnu/9.1/include  -DESMF_NO_INTEGER_1_BYTE -DESMF_NO_INTEGER_2_BYTE -DESMF_VERSION_STRING_GIT='"v8.5.0b23-1-g96cdcccd39"' -DESMF_MPIUNI -I/global/cfs/cdirs/e3sm/theurich/ESMF-Nightly-Testing/gfortran_11.2.0_mpiuni_g_develop/esmf/src/Infrastructure/stubs/mpiuni -DESMF_LOWERCASE_SINGLEUNDERSCORE -DESMF_MOAB=1 -DESMF_LAPACK=1 -DESMF_LAPACK_INTERNAL=1 -DESMF_NO_ACC_SOFTWARE_STACK=1 -DESMF_NETCDF=1 -DESMF_YAMLCPP=1 -DESMF_YAML=1 -DESMF_NO_OPENACC -DESMF_TESTEXHAUSTIVE -DESMF_BOPT_g -DESMF_TESTCOMPTUNNEL -DESMF_TESTWITHTHREADS -DS64=1 -DESMF_OS_Unicos=1 -DESMF_COMM=mpiuni -DESMF_DIR=/global/cfs/cdirs/e3sm/theurich/ESMF-Nightly-Testing/gfortran_11.2.0_mpiuni_g_develop/esmf ESMF_RegridWeightGen.F90 -o /global/cfs/cdirs/e3sm/theurich/ESMF-Nightly-Testing/gfortran_11.2.0_mpiuni_g_develop/esmf/obj/objg/Unicos.gfortran.64.mpiuni.default/src/apps/ESMF_RegridWeightGen/ESMF_RegridWeightGen.o
make chkdir_apps
make[5]: Entering directory '/global/cfs/cdirs/e3sm/theurich/ESMF-Nightly-Testing/gfortran_11.2.0_mpiuni_g_develop/esmf/src/apps/ESMF_RegridWeightGen'
make[5]: Leaving directory '/global/cfs/cdirs/e3sm/theurich/ESMF-Nightly-Testing/gfortran_11.2.0_mpiuni_g_develop/esmf/src/apps/ESMF_RegridWeightGen'
ftn     -pthread  -fopenmp -L/global/cfs/cdirs/e3sm/theurich/ESMF-Nightly-Testing/gfortran_11.2.0_mpiuni_g_develop/esmf/DEFAULTINSTALLDIR/lib/libg/Unicos.gfortran.64.mpiuni.default -L/opt/cray/pe/netcdf/4.9.0.1/gnu/9.1/lib -L/opt/cray/pe/gcc/11.2.0/snos/lib/gcc/x86_64-suse-linux/11.2.0/../../../../lib64/ -Wl,-rpath,/global/cfs/cdirs/e3sm/theurich/ESMF-Nightly-Testing/gfortran_11.2.0_mpiuni_g_develop/esmf/DEFAULTINSTALLDIR/lib/libg/Unicos.gfortran.64.mpiuni.default -Wl,-rpath,/opt/cray/pe/netcdf/4.9.0.1/gnu/9.1/lib -Wl,-rpath,/opt/cray/pe/gcc/11.2.0/snos/lib/gcc/x86_64-suse-linux/11.2.0/../../../../lib64/ -o /global/cfs/cdirs/e3sm/theurich/ESMF-Nightly-Testing/gfortran_11.2.0_mpiuni_g_develop/esmf/DEFAULTINSTALLDIR/bin/bing/Unicos.gfortran.64.mpiuni.default/ESMF_RegridWeightGen /global/cfs/cdirs/e3sm/theurich/ESMF-Nightly-Testing/gfortran_11.2.0_mpiuni_g_develop/esmf/obj/objg/Unicos.gfortran.64.mpiuni.default/src/apps/ESMF_RegridWeightGen/ESMF_RegridWeightGen.o -lesmf  -lrt -lstdc++ -ldl -lnetcdff -lnetcdf
make[4]: Leaving directory '/global/cfs/cdirs/e3sm/theurich/ESMF-Nightly-Testing/gfortran_11.2.0_mpiuni_g_develop/esmf/src/apps/ESMF_RegridWeightGen'
tree_build_apps in: /global/cfs/cdirs/e3sm/theurich/ESMF-Nightly-Testing/gfortran_11.2.0_mpiuni_g_develop/esmf/src/apps/ESMF_WebServController
make[4]: Entering directory '/global/cfs/cdirs/e3sm/theurich/ESMF-Nightly-Testing/gfortran_11.2.0_mpiuni_g_develop/esmf/src/apps/ESMF_WebServController'
make chkdir_locobj
make[5]: Entering directory '/global/cfs/cdirs/e3sm/theurich/ESMF-Nightly-Testing/gfortran_11.2.0_mpiuni_g_develop/esmf/src/apps/ESMF_WebServController'
Making directory /global/cfs/cdirs/e3sm/theurich/ESMF-Nightly-Testing/gfortran_11.2.0_mpiuni_g_develop/esmf/obj/objg/Unicos.gfortran.64.mpiuni.default/src/apps/ESMF_WebServController for apps output
make[5]: Leaving directory '/global/cfs/cdirs/e3sm/theurich/ESMF-Nightly-Testing/gfortran_11.2.0_mpiuni_g_develop/esmf/src/apps/ESMF_WebServController'
CC -c -std=c++11 -g -Wall -Wextra -Wno-unused -fPIC -pthread  -fopenmp -I/global/cfs/cdirs/e3sm/theurich/ESMF-Nightly-Testing/gfortran_11.2.0_mpiuni_g_develop/esmf/src/apps/ESMF_WebServController -I/global/cfs/cdirs/e3sm/theurich/ESMF-Nightly-Testing/gfortran_11.2.0_mpiuni_g_develop/esmf/src/apps/ESMF_WebServController/../include -I/global/cfs/cdirs/e3sm/theurich/ESMF-Nightly-Testing/gfortran_11.2.0_mpiuni_g_develop/esmf/build_config/Unicos.gfortran.default -I/global/cfs/cdirs/e3sm/theurich/ESMF-Nightly-Testing/gfortran_11.2.0_mpiuni_g_develop/esmf/src/Infrastructure -I/global/cfs/cdirs/e3sm/theurich/ESMF-Nightly-Testing/gfortran_11.2.0_mpiuni_g_develop/esmf/src/Superstructure -I/global/cfs/cdirs/e3sm/theurich/ESMF-Nightly-Testing/gfortran_11.2.0_mpiuni_g_develop/esmf/src/Infrastructure/stubs/pthread  -I/global/cfs/cdirs/e3sm/theurich/ESMF-Nightly-Testing/gfortran_11.2.0_mpiuni_g_develop/esmf/src/include  -I/opt/cray/pe/netcdf/4.9.0.1/gnu/9.1/include -I/global/cfs/cdirs/e3sm/theurich/ESMF-Nightly-Testing/gfortran_11.2.0_mpiuni_g_develop/esmf/src/prologue/yaml-cpp/include -DESMF_NO_INTEGER_1_BYTE -DESMF_NO_INTEGER_2_BYTE -DESMF_VERSION_STRING_GIT='"v8.5.0b23-1-g96cdcccd39"' -DESMF_MPIUNI -I/global/cfs/cdirs/e3sm/theurich/ESMF-Nightly-Testing/gfortran_11.2.0_mpiuni_g_develop/esmf/src/Infrastructure/stubs/mpiuni -DESMF_LOWERCASE_SINGLEUNDERSCORE -DESMF_MOAB=1 -DESMF_LAPACK=1 -DESMF_LAPACK_INTERNAL=1 -DESMF_NO_ACC_SOFTWARE_STACK=1 -DESMF_NETCDF=1 -DESMF_YAMLCPP=1 -DESMF_YAML=1 -DESMF_NO_OPENACC -DESMF_TESTEXHAUSTIVE -DESMF_BOPT_g -DESMF_TESTCOMPTUNNEL -DESMF_TESTWITHTHREADS -DS64=1 -DESMF_OS_Unicos=1 -DESMF_COMM=mpiuni -DESMF_DIR=/global/cfs/cdirs/e3sm/theurich/ESMF-Nightly-Testing/gfortran_11.2.0_mpiuni_g_develop/esmf -D__SDIR__='"src/apps/ESMF_WebServController"' -DESMF_CXXSTD=11 -DESMF_NO_POSIXIPC ESMF_WebServController.C -o /global/cfs/cdirs/e3sm/theurich/ESMF-Nightly-Testing/gfortran_11.2.0_mpiuni_g_develop/esmf/obj/objg/Unicos.gfortran.64.mpiuni.default/src/apps/ESMF_WebServController/ESMF_WebServController.o
make chkdir_apps
make[5]: Entering directory '/global/cfs/cdirs/e3sm/theurich/ESMF-Nightly-Testing/gfortran_11.2.0_mpiuni_g_develop/esmf/src/apps/ESMF_WebServController'
make[5]: Leaving directory '/global/cfs/cdirs/e3sm/theurich/ESMF-Nightly-Testing/gfortran_11.2.0_mpiuni_g_develop/esmf/src/apps/ESMF_WebServController'
CC    -pthread  -fopenmp -L/global/cfs/cdirs/e3sm/theurich/ESMF-Nightly-Testing/gfortran_11.2.0_mpiuni_g_develop/esmf/DEFAULTINSTALLDIR/lib/libg/Unicos.gfortran.64.mpiuni.default -L/opt/cray/pe/netcdf/4.9.0.1/gnu/9.1/lib -L/opt/cray/pe/gcc/11.2.0/snos/lib/gcc/x86_64-suse-linux/11.2.0/../../../../lib64/ -Wl,-rpath,/global/cfs/cdirs/e3sm/theurich/ESMF-Nightly-Testing/gfortran_11.2.0_mpiuni_g_develop/esmf/DEFAULTINSTALLDIR/lib/libg/Unicos.gfortran.64.mpiuni.default -Wl,-rpath,/opt/cray/pe/netcdf/4.9.0.1/gnu/9.1/lib -Wl,-rpath,/opt/cray/pe/gcc/11.2.0/snos/lib/gcc/x86_64-suse-linux/11.2.0/../../../../lib64/ -o /global/cfs/cdirs/e3sm/theurich/ESMF-Nightly-Testing/gfortran_11.2.0_mpiuni_g_develop/esmf/DEFAULTINSTALLDIR/bin/bing/Unicos.gfortran.64.mpiuni.default/ESMF_WebServController /global/cfs/cdirs/e3sm/theurich/ESMF-Nightly-Testing/gfortran_11.2.0_mpiuni_g_develop/esmf/obj/objg/Unicos.gfortran.64.mpiuni.default/src/apps/ESMF_WebServController/ESMF_WebServController.o -lesmf  -lrt -lgfortran -ldl -lnetcdff -lnetcdf
make[4]: Leaving directory '/global/cfs/cdirs/e3sm/theurich/ESMF-Nightly-Testing/gfortran_11.2.0_mpiuni_g_develop/esmf/src/apps/ESMF_WebServController'
tree_build_apps in: /global/cfs/cdirs/e3sm/theurich/ESMF-Nightly-Testing/gfortran_11.2.0_mpiuni_g_develop/esmf/src/apps/ESMF_Scrip2Unstruct
make[4]: Entering directory '/global/cfs/cdirs/e3sm/theurich/ESMF-Nightly-Testing/gfortran_11.2.0_mpiuni_g_develop/esmf/src/apps/ESMF_Scrip2Unstruct'
make chkdir_locobj
make[5]: Entering directory '/global/cfs/cdirs/e3sm/theurich/ESMF-Nightly-Testing/gfortran_11.2.0_mpiuni_g_develop/esmf/src/apps/ESMF_Scrip2Unstruct'
Making directory /global/cfs/cdirs/e3sm/theurich/ESMF-Nightly-Testing/gfortran_11.2.0_mpiuni_g_develop/esmf/obj/objg/Unicos.gfortran.64.mpiuni.default/src/apps/ESMF_Scrip2Unstruct for apps output
make[5]: Leaving directory '/global/cfs/cdirs/e3sm/theurich/ESMF-Nightly-Testing/gfortran_11.2.0_mpiuni_g_develop/esmf/src/apps/ESMF_Scrip2Unstruct'
CC -c -std=c++11 -g -Wall -Wextra -Wno-unused -fPIC -pthread  -fopenmp -I/global/cfs/cdirs/e3sm/theurich/ESMF-Nightly-Testing/gfortran_11.2.0_mpiuni_g_develop/esmf/src/apps/ESMF_Scrip2Unstruct -I/global/cfs/cdirs/e3sm/theurich/ESMF-Nightly-Testing/gfortran_11.2.0_mpiuni_g_develop/esmf/src/apps/ESMF_Scrip2Unstruct/../include -I/global/cfs/cdirs/e3sm/theurich/ESMF-Nightly-Testing/gfortran_11.2.0_mpiuni_g_develop/esmf/build_config/Unicos.gfortran.default -I/global/cfs/cdirs/e3sm/theurich/ESMF-Nightly-Testing/gfortran_11.2.0_mpiuni_g_develop/esmf/src/Infrastructure -I/global/cfs/cdirs/e3sm/theurich/ESMF-Nightly-Testing/gfortran_11.2.0_mpiuni_g_develop/esmf/src/Superstructure -I/global/cfs/cdirs/e3sm/theurich/ESMF-Nightly-Testing/gfortran_11.2.0_mpiuni_g_develop/esmf/src/Infrastructure/stubs/pthread  -I/global/cfs/cdirs/e3sm/theurich/ESMF-Nightly-Testing/gfortran_11.2.0_mpiuni_g_develop/esmf/src/include  -I/opt/cray/pe/netcdf/4.9.0.1/gnu/9.1/include -I/global/cfs/cdirs/e3sm/theurich/ESMF-Nightly-Testing/gfortran_11.2.0_mpiuni_g_develop/esmf/src/prologue/yaml-cpp/include -DESMF_NO_INTEGER_1_BYTE -DESMF_NO_INTEGER_2_BYTE -DESMF_VERSION_STRING_GIT='"v8.5.0b23-1-g96cdcccd39"' -DESMF_MPIUNI -I/global/cfs/cdirs/e3sm/theurich/ESMF-Nightly-Testing/gfortran_11.2.0_mpiuni_g_develop/esmf/src/Infrastructure/stubs/mpiuni -DESMF_LOWERCASE_SINGLEUNDERSCORE -DESMF_MOAB=1 -DESMF_LAPACK=1 -DESMF_LAPACK_INTERNAL=1 -DESMF_NO_ACC_SOFTWARE_STACK=1 -DESMF_NETCDF=1 -DESMF_YAMLCPP=1 -DESMF_YAML=1 -DESMF_NO_OPENACC -DESMF_TESTEXHAUSTIVE -DESMF_BOPT_g -DESMF_TESTCOMPTUNNEL -DESMF_TESTWITHTHREADS -DS64=1 -DESMF_OS_Unicos=1 -DESMF_COMM=mpiuni -DESMF_DIR=/global/cfs/cdirs/e3sm/theurich/ESMF-Nightly-Testing/gfortran_11.2.0_mpiuni_g_develop/esmf -D__SDIR__='"src/apps/ESMF_Scrip2Unstruct"' -DESMF_CXXSTD=11 -DESMF_NO_POSIXIPC ESMF_Scrip2Unstruct.C -o /global/cfs/cdirs/e3sm/theurich/ESMF-Nightly-Testing/gfortran_11.2.0_mpiuni_g_develop/esmf/obj/objg/Unicos.gfortran.64.mpiuni.default/src/apps/ESMF_Scrip2Unstruct/ESMF_Scrip2Unstruct.o
ESMF_Scrip2Unstruct.C: In function 'int main(int, char**)':
ESMF_Scrip2Unstruct.C:581:14: warning: comparison of integer expressions of different signedness: 'int' and 'size_t' {aka 'long unsigned int'} [-Wsign-compare]
  581 |   for (i=0; i<len; i++) {
      |             ~^~~~
ESMF_Scrip2Unstruct.C:592:19: warning: comparison of integer expressions of different signedness: 'int' and 'size_t' {aka 'long unsigned int'} [-Wsign-compare]
  592 |     for (i = 0; i < gcdim*gsdim; i++) {
      |                 ~~^~~~~~~~~~~~~
ESMF_Scrip2Unstruct.C:598:17: warning: comparison of integer expressions of different signedness: 'int' and 'size_t' {aka 'long unsigned int'} [-Wsign-compare]
  598 |   for (i = 0; i < gcdim*gsdim; i++) {
      |               ~~^~~~~~~~~~~~~
ESMF_Scrip2Unstruct.C:666:14: warning: comparison of integer expressions of different signedness: 'int' and 'size_t' {aka 'long unsigned int'} [-Wsign-compare]
  666 |   for (i=0; i<gcdim*gsdim; i++) {
      |             ~^~~~~~~~~~~~
ESMF_Scrip2Unstruct.C:693:14: warning: comparison of integer expressions of different signedness: 'int' and 'size_t' {aka 'long unsigned int'} [-Wsign-compare]
  693 |   for (i=0; i<gsdim; i++) {
      |             ~^~~~~~
ESMF_Scrip2Unstruct.C:698:16: warning: comparison of integer expressions of different signedness: 'int' and 'size_t' {aka 'long unsigned int'} [-Wsign-compare]
  698 |     for (j=1; j<gcdim; j++) {
      |               ~^~~~~~
ESMF_Scrip2Unstruct.C:724:20: warning: comparison of integer expressions of different signedness: 'int' and 'size_t' {aka 'long unsigned int'} [-Wsign-compare]
  724 |     for (j=count; j<gcdim; j++) {
      |                   ~^~~~~~
ESMF_Scrip2Unstruct.C:838:22: warning: comparison of integer expressions of different signedness: 'int' and 'size_t' {aka 'long unsigned int'} [-Wsign-compare]
  838 |           for (i=0; i<len; i++) {
      |                     ~^~~~
ESMF_Scrip2Unstruct.C:849:24: warning: comparison of integer expressions of different signedness: 'int' and 'size_t' {aka 'long unsigned int'} [-Wsign-compare]
  849 |             for (i=0; i<gsdim; i++) {
      |                       ~^~~~~~
ESMF_Scrip2Unstruct.C:856:24: warning: comparison of integer expressions of different signedness: 'int' and 'size_t' {aka 'long unsigned int'} [-Wsign-compare]
  856 |             for (i=0; i<gsdim; i++) {
      |                       ~^~~~~~
ESMF_Scrip2Unstruct.C:869:24: warning: comparison of integer expressions of different signedness: 'int' and 'size_t' {aka 'long unsigned int'} [-Wsign-compare]
  869 |             for (i=0; i<gsdim; i++) {
      |                       ~^~~~~~
ESMF_Scrip2Unstruct.C:875:24: warning: comparison of integer expressions of different signedness: 'int' and 'size_t' {aka 'long unsigned int'} [-Wsign-compare]
  875 |             for (i=0; i<gsdim; i++) {
      |                       ~^~~~~~
ESMF_Scrip2Unstruct.C:946:16: warning: comparison of integer expressions of different signedness: 'int' and 'size_t' {aka 'long unsigned int'} [-Wsign-compare]
  946 |     for (i=0; i<gsdim; i++) {
      |               ~^~~~~~
ESMF_Scrip2Unstruct.C:957:16: warning: comparison of integer expressions of different signedness: 'int' and 'size_t' {aka 'long unsigned int'} [-Wsign-compare]
  957 |     for (i=0; i<gsdim; i++) {
      |               ~^~~~~~
ESMF_Scrip2Unstruct.C:967:16: warning: comparison of integer expressions of different signedness: 'int' and 'size_t' {aka 'long unsigned int'} [-Wsign-compare]
  967 |     for (i=0; i<len; i++) {
      |               ~^~~~
ESMF_Scrip2Unstruct.C:976:18: warning: comparison of integer expressions of different signedness: 'int' and 'size_t' {aka 'long unsigned int'} [-Wsign-compare]
  976 |       for (i=0; i<gsdim*2; i++) {
      |                 ~^~~~~~~~
ESMF_Scrip2Unstruct.C:992:20: warning: comparison of integer expressions of different signedness: 'int' and 'size_t' {aka 'long unsigned int'} [-Wsign-compare]
  992 |     for (i=0,k=0; i<gsdim; i++) {
      |                   ~^~~~~~
ESMF_Scrip2Unstruct.C:993:18: warning: comparison of integer expressions of different signedness: 'int' and 'size_t' {aka 'long unsigned int'} [-Wsign-compare]
  993 |       for (j=0; j<gcdim; j++,k++) {
      |                 ~^~~~~~
ESMF_Scrip2Unstruct.C:1082:24: warning: comparison of integer expressions of different signedness: 'int' and 'size_t' {aka 'long unsigned int'} [-Wsign-compare]
 1082 |             for (j=0; j<gsdim;j++) {
      |                       ~^~~~~~
ESMF_Scrip2Unstruct.C:1089:25: warning: comparison of integer expressions of different signedness: 'int' and 'size_t' {aka 'long unsigned int'} [-Wsign-compare]
 1089 |             for (j=0;  j<gsdim;j++) {
      |                        ~^~~~~~
make chkdir_apps
make[5]: Entering directory '/global/cfs/cdirs/e3sm/theurich/ESMF-Nightly-Testing/gfortran_11.2.0_mpiuni_g_develop/esmf/src/apps/ESMF_Scrip2Unstruct'
make[5]: Leaving directory '/global/cfs/cdirs/e3sm/theurich/ESMF-Nightly-Testing/gfortran_11.2.0_mpiuni_g_develop/esmf/src/apps/ESMF_Scrip2Unstruct'
CC    -pthread  -fopenmp -L/global/cfs/cdirs/e3sm/theurich/ESMF-Nightly-Testing/gfortran_11.2.0_mpiuni_g_develop/esmf/DEFAULTINSTALLDIR/lib/libg/Unicos.gfortran.64.mpiuni.default -L/opt/cray/pe/netcdf/4.9.0.1/gnu/9.1/lib -L/opt/cray/pe/gcc/11.2.0/snos/lib/gcc/x86_64-suse-linux/11.2.0/../../../../lib64/ -Wl,-rpath,/global/cfs/cdirs/e3sm/theurich/ESMF-Nightly-Testing/gfortran_11.2.0_mpiuni_g_develop/esmf/DEFAULTINSTALLDIR/lib/libg/Unicos.gfortran.64.mpiuni.default -Wl,-rpath,/opt/cray/pe/netcdf/4.9.0.1/gnu/9.1/lib -Wl,-rpath,/opt/cray/pe/gcc/11.2.0/snos/lib/gcc/x86_64-suse-linux/11.2.0/../../../../lib64/ -o /global/cfs/cdirs/e3sm/theurich/ESMF-Nightly-Testing/gfortran_11.2.0_mpiuni_g_develop/esmf/DEFAULTINSTALLDIR/bin/bing/Unicos.gfortran.64.mpiuni.default/ESMF_Scrip2Unstruct /global/cfs/cdirs/e3sm/theurich/ESMF-Nightly-Testing/gfortran_11.2.0_mpiuni_g_develop/esmf/obj/objg/Unicos.gfortran.64.mpiuni.default/src/apps/ESMF_Scrip2Unstruct/ESMF_Scrip2Unstruct.o -lesmf  -lrt -lgfortran -ldl -lnetcdff -lnetcdf
make[4]: Leaving directory '/global/cfs/cdirs/e3sm/theurich/ESMF-Nightly-Testing/gfortran_11.2.0_mpiuni_g_develop/esmf/src/apps/ESMF_Scrip2Unstruct'
tree_build_apps in: /global/cfs/cdirs/e3sm/theurich/ESMF-Nightly-Testing/gfortran_11.2.0_mpiuni_g_develop/esmf/src/apps/ESMF_Regrid
make[4]: Entering directory '/global/cfs/cdirs/e3sm/theurich/ESMF-Nightly-Testing/gfortran_11.2.0_mpiuni_g_develop/esmf/src/apps/ESMF_Regrid'
make chkdir_locobj
make[5]: Entering directory '/global/cfs/cdirs/e3sm/theurich/ESMF-Nightly-Testing/gfortran_11.2.0_mpiuni_g_develop/esmf/src/apps/ESMF_Regrid'
Making directory /global/cfs/cdirs/e3sm/theurich/ESMF-Nightly-Testing/gfortran_11.2.0_mpiuni_g_develop/esmf/obj/objg/Unicos.gfortran.64.mpiuni.default/src/apps/ESMF_Regrid for apps output
make[5]: Leaving directory '/global/cfs/cdirs/e3sm/theurich/ESMF-Nightly-Testing/gfortran_11.2.0_mpiuni_g_develop/esmf/src/apps/ESMF_Regrid'
ftn -c -g -Wall -Wextra -Wconversion -Wno-unused -Wno-unused-dummy-argument -fbacktrace -fimplicit-none -fcheck=all,no-pointer -fPIC  -pthread -ffree-line-length-none  -fopenmp -I/global/cfs/cdirs/e3sm/theurich/ESMF-Nightly-Testing/gfortran_11.2.0_mpiuni_g_develop/esmf/src/apps/ESMF_Regrid -I/global/cfs/cdirs/e3sm/theurich/ESMF-Nightly-Testing/gfortran_11.2.0_mpiuni_g_develop/esmf/build_config/Unicos.gfortran.default -I/global/cfs/cdirs/e3sm/theurich/ESMF-Nightly-Testing/gfortran_11.2.0_mpiuni_g_develop/esmf/src/Infrastructure -I/global/cfs/cdirs/e3sm/theurich/ESMF-Nightly-Testing/gfortran_11.2.0_mpiuni_g_develop/esmf/src/Superstructure -I/global/cfs/cdirs/e3sm/theurich/ESMF-Nightly-Testing/gfortran_11.2.0_mpiuni_g_develop/esmf/DEFAULTINSTALLDIR/mod/modg/Unicos.gfortran.64.mpiuni.default -I/global/cfs/cdirs/e3sm/theurich/ESMF-Nightly-Testing/gfortran_11.2.0_mpiuni_g_develop/esmf/src/include -I/opt/cray/pe/netcdf/4.9.0.1/gnu/9.1/include -I/opt/cray/pe/netcdf/4.9.0.1/gnu/9.1/include  -DESMF_NO_INTEGER_1_BYTE -DESMF_NO_INTEGER_2_BYTE -DESMF_VERSION_STRING_GIT='"v8.5.0b23-1-g96cdcccd39"' -DESMF_MPIUNI -I/global/cfs/cdirs/e3sm/theurich/ESMF-Nightly-Testing/gfortran_11.2.0_mpiuni_g_develop/esmf/src/Infrastructure/stubs/mpiuni -DESMF_LOWERCASE_SINGLEUNDERSCORE -DESMF_MOAB=1 -DESMF_LAPACK=1 -DESMF_LAPACK_INTERNAL=1 -DESMF_NO_ACC_SOFTWARE_STACK=1 -DESMF_NETCDF=1 -DESMF_YAMLCPP=1 -DESMF_YAML=1 -DESMF_NO_OPENACC -DESMF_TESTEXHAUSTIVE -DESMF_BOPT_g -DESMF_TESTCOMPTUNNEL -DESMF_TESTWITHTHREADS -DS64=1 -DESMF_OS_Unicos=1 -DESMF_COMM=mpiuni -DESMF_DIR=/global/cfs/cdirs/e3sm/theurich/ESMF-Nightly-Testing/gfortran_11.2.0_mpiuni_g_develop/esmf ESMF_Regrid.F90 -o /global/cfs/cdirs/e3sm/theurich/ESMF-Nightly-Testing/gfortran_11.2.0_mpiuni_g_develop/esmf/obj/objg/Unicos.gfortran.64.mpiuni.default/src/apps/ESMF_Regrid/ESMF_Regrid.o
make chkdir_apps
make[5]: Entering directory '/global/cfs/cdirs/e3sm/theurich/ESMF-Nightly-Testing/gfortran_11.2.0_mpiuni_g_develop/esmf/src/apps/ESMF_Regrid'
make[5]: Leaving directory '/global/cfs/cdirs/e3sm/theurich/ESMF-Nightly-Testing/gfortran_11.2.0_mpiuni_g_develop/esmf/src/apps/ESMF_Regrid'
ftn     -pthread  -fopenmp -L/global/cfs/cdirs/e3sm/theurich/ESMF-Nightly-Testing/gfortran_11.2.0_mpiuni_g_develop/esmf/DEFAULTINSTALLDIR/lib/libg/Unicos.gfortran.64.mpiuni.default -L/opt/cray/pe/netcdf/4.9.0.1/gnu/9.1/lib -L/opt/cray/pe/gcc/11.2.0/snos/lib/gcc/x86_64-suse-linux/11.2.0/../../../../lib64/ -Wl,-rpath,/global/cfs/cdirs/e3sm/theurich/ESMF-Nightly-Testing/gfortran_11.2.0_mpiuni_g_develop/esmf/DEFAULTINSTALLDIR/lib/libg/Unicos.gfortran.64.mpiuni.default -Wl,-rpath,/opt/cray/pe/netcdf/4.9.0.1/gnu/9.1/lib -Wl,-rpath,/opt/cray/pe/gcc/11.2.0/snos/lib/gcc/x86_64-suse-linux/11.2.0/../../../../lib64/ -o /global/cfs/cdirs/e3sm/theurich/ESMF-Nightly-Testing/gfortran_11.2.0_mpiuni_g_develop/esmf/DEFAULTINSTALLDIR/bin/bing/Unicos.gfortran.64.mpiuni.default/ESMF_Regrid /global/cfs/cdirs/e3sm/theurich/ESMF-Nightly-Testing/gfortran_11.2.0_mpiuni_g_develop/esmf/obj/objg/Unicos.gfortran.64.mpiuni.default/src/apps/ESMF_Regrid/ESMF_Regrid.o -lesmf  -lrt -lstdc++ -ldl -lnetcdff -lnetcdf
make[4]: Leaving directory '/global/cfs/cdirs/e3sm/theurich/ESMF-Nightly-Testing/gfortran_11.2.0_mpiuni_g_develop/esmf/src/apps/ESMF_Regrid'
make[3]: Leaving directory '/global/cfs/cdirs/e3sm/theurich/ESMF-Nightly-Testing/gfortran_11.2.0_mpiuni_g_develop/esmf/src/apps'
ESMF apps built successfully.
make[2]: Leaving directory '/global/cfs/cdirs/e3sm/theurich/ESMF-Nightly-Testing/gfortran_11.2.0_mpiuni_g_develop/esmf'
make[1]: Leaving directory '/global/cfs/cdirs/e3sm/theurich/ESMF-Nightly-Testing/gfortran_11.2.0_mpiuni_g_develop/esmf'
mkdir -p /global/cfs/cdirs/e3sm/theurich/ESMF-Nightly-Testing/gfortran_11.2.0_mpiuni_g_develop/esmf/DEFAULTINSTALLDIR/doc
make install_info_mk
make[1]: Entering directory '/global/cfs/cdirs/e3sm/theurich/ESMF-Nightly-Testing/gfortran_11.2.0_mpiuni_g_develop/esmf'
make info_mk ESMF_APPSDIR=/global/cfs/cdirs/e3sm/theurich/ESMF-Nightly-Testing/gfortran_11.2.0_mpiuni_g_develop/esmf/DEFAULTINSTALLDIR/bin/bing/Unicos.gfortran.64.mpiuni.default ESMF_LDIR=/global/cfs/cdirs/e3sm/theurich/ESMF-Nightly-Testing/gfortran_11.2.0_mpiuni_g_develop/esmf/DEFAULTINSTALLDIR/lib/libg/Unicos.gfortran.64.mpiuni.default ESMF_LIBDIR=/global/cfs/cdirs/e3sm/theurich/ESMF-Nightly-Testing/gfortran_11.2.0_mpiuni_g_develop/esmf/DEFAULTINSTALLDIR/lib/libg/Unicos.gfortran.64.mpiuni.default ESMF_ESMXDIR=/global/cfs/cdirs/e3sm/theurich/ESMF-Nightly-Testing/gfortran_11.2.0_mpiuni_g_develop/esmf/DEFAULTINSTALLDIR/include/ESMX ESMF_MODDIR=/global/cfs/cdirs/e3sm/theurich/ESMF-Nightly-Testing/gfortran_11.2.0_mpiuni_g_develop/esmf/DEFAULTINSTALLDIR/mod/modg/Unicos.gfortran.64.mpiuni.default ESMF_INCDIR=/global/cfs/cdirs/e3sm/theurich/ESMF-Nightly-Testing/gfortran_11.2.0_mpiuni_g_develop/esmf/DEFAULTINSTALLDIR/include
make[2]: Entering directory '/global/cfs/cdirs/e3sm/theurich/ESMF-Nightly-Testing/gfortran_11.2.0_mpiuni_g_develop/esmf'
make[2]: Leaving directory '/global/cfs/cdirs/e3sm/theurich/ESMF-Nightly-Testing/gfortran_11.2.0_mpiuni_g_develop/esmf'
make[1]: Leaving directory '/global/cfs/cdirs/e3sm/theurich/ESMF-Nightly-Testing/gfortran_11.2.0_mpiuni_g_develop/esmf'
 
ESMF installation complete.
 
