2023-05-14 03:10:22
20230514 033449.312 INFO             PET0 !!!!!!!!!!!!!!!!!!!!!!!!!!!!!!!!!!!!!!!!!!!!!!!!!!!!!!
20230514 033449.312 INFO             PET0 !!! THE ESMF_LOG IS SET TO OUTPUT ALL LOG MESSAGES !!!
20230514 033449.312 INFO             PET0 !!!     THIS MAY CAUSE SLOWDOWN IN PERFORMANCE     !!!
20230514 033449.312 INFO             PET0 !!! FOR PRODUCTION RUNS, USE:                      !!!
20230514 033449.312 INFO             PET0 !!!                   ESMF_LOGKIND_Multi_On_Error  !!!
20230514 033449.312 INFO             PET0 !!!!!!!!!!!!!!!!!!!!!!!!!!!!!!!!!!!!!!!!!!!!!!!!!!!!!!
20230514 033449.312 INFO             PET0 Running with ESMF Version   : v8.5.0b18-9-g15f3b88d4b
20230514 033449.312 INFO             PET0 ESMF library build date/time: "May 14 2023" "03:09:11"
20230514 033449.312 INFO             PET0 ESMF library build location : /home/gerhard/ESMF-Nightly-Testing/gfortran_7.4.0_mpich_g_feature_fill_nan/esmf
20230514 033449.312 INFO             PET0 ESMF_COMM                   : mpich
20230514 033449.312 INFO             PET0 ESMF_MOAB                   : enabled
20230514 033449.312 INFO             PET0 ESMF_LAPACK                 : enabled
20230514 033449.312 INFO             PET0 ESMF_NETCDF                 : enabled
20230514 033449.312 INFO             PET0 ESMF_PNETCDF                : disabled
20230514 033449.312 INFO             PET0 ESMF_PIO                    : enabled
20230514 033449.312 INFO             PET0 ESMF_YAMLCPP                : enabled
20230514 033449.380 DEBUG            PET0 about to destroy Grid: 0x814ce0
20230514 033449.390 DEBUG            PET0 about to destroy Grid: 0x817050
20230514 033449.419 INFO             PET0  NUMBER_OF_PROCESSORS           4
20230514 033449.419 INFO             PET0  PASS  Example ESMF_NUOPCAtmModelEx, ESMF_NUOPCAtmModelEx.F90, line 806
20230514 033449.419 INFO             PET0 Finalizing ESMF
20230514 033449.312 INFO             PET1 !!!!!!!!!!!!!!!!!!!!!!!!!!!!!!!!!!!!!!!!!!!!!!!!!!!!!!
20230514 033449.312 INFO             PET1 !!! THE ESMF_LOG IS SET TO OUTPUT ALL LOG MESSAGES !!!
20230514 033449.312 INFO             PET1 !!!     THIS MAY CAUSE SLOWDOWN IN PERFORMANCE     !!!
20230514 033449.312 INFO             PET1 !!! FOR PRODUCTION RUNS, USE:                      !!!
20230514 033449.312 INFO             PET1 !!!                   ESMF_LOGKIND_Multi_On_Error  !!!
20230514 033449.312 INFO             PET1 !!!!!!!!!!!!!!!!!!!!!!!!!!!!!!!!!!!!!!!!!!!!!!!!!!!!!!
20230514 033449.312 INFO             PET1 Running with ESMF Version   : v8.5.0b18-9-g15f3b88d4b
20230514 033449.312 INFO             PET1 ESMF library build date/time: "May 14 2023" "03:09:11"
20230514 033449.312 INFO             PET1 ESMF library build location : /home/gerhard/ESMF-Nightly-Testing/gfortran_7.4.0_mpich_g_feature_fill_nan/esmf
20230514 033449.312 INFO             PET1 ESMF_COMM                   : mpich
20230514 033449.312 INFO             PET1 ESMF_MOAB                   : enabled
20230514 033449.312 INFO             PET1 ESMF_LAPACK                 : enabled
20230514 033449.312 INFO             PET1 ESMF_NETCDF                 : enabled
20230514 033449.312 INFO             PET1 ESMF_PNETCDF                : disabled
20230514 033449.312 INFO             PET1 ESMF_PIO                    : enabled
20230514 033449.312 INFO             PET1 ESMF_YAMLCPP                : enabled
20230514 033449.380 DEBUG            PET1 about to destroy Grid: 0x1e24830
20230514 033449.390 DEBUG            PET1 about to destroy Grid: 0x1e26220
20230514 033449.420 INFO             PET1  NUMBER_OF_PROCESSORS           4
20230514 033449.420 INFO             PET1  PASS  Example ESMF_NUOPCAtmModelEx, ESMF_NUOPCAtmModelEx.F90, line 806
20230514 033449.420 INFO             PET1 Finalizing ESMF
20230514 033449.312 INFO             PET2 !!!!!!!!!!!!!!!!!!!!!!!!!!!!!!!!!!!!!!!!!!!!!!!!!!!!!!
20230514 033449.312 INFO             PET2 !!! THE ESMF_LOG IS SET TO OUTPUT ALL LOG MESSAGES !!!
20230514 033449.312 INFO             PET2 !!!     THIS MAY CAUSE SLOWDOWN IN PERFORMANCE     !!!
20230514 033449.312 INFO             PET2 !!! FOR PRODUCTION RUNS, USE:                      !!!
20230514 033449.312 INFO             PET2 !!!                   ESMF_LOGKIND_Multi_On_Error  !!!
20230514 033449.312 INFO             PET2 !!!!!!!!!!!!!!!!!!!!!!!!!!!!!!!!!!!!!!!!!!!!!!!!!!!!!!
20230514 033449.312 INFO             PET2 Running with ESMF Version   : v8.5.0b18-9-g15f3b88d4b
20230514 033449.312 INFO             PET2 ESMF library build date/time: "May 14 2023" "03:09:11"
20230514 033449.312 INFO             PET2 ESMF library build location : /home/gerhard/ESMF-Nightly-Testing/gfortran_7.4.0_mpich_g_feature_fill_nan/esmf
20230514 033449.312 INFO             PET2 ESMF_COMM                   : mpich
20230514 033449.312 INFO             PET2 ESMF_MOAB                   : enabled
20230514 033449.312 INFO             PET2 ESMF_LAPACK                 : enabled
20230514 033449.312 INFO             PET2 ESMF_NETCDF                 : enabled
20230514 033449.312 INFO             PET2 ESMF_PNETCDF                : disabled
20230514 033449.312 INFO             PET2 ESMF_PIO                    : enabled
20230514 033449.312 INFO             PET2 ESMF_YAMLCPP                : enabled
20230514 033449.380 DEBUG            PET2 about to destroy Grid: 0x1a11ed0
20230514 033449.390 DEBUG            PET2 about to destroy Grid: 0x1a138c0
20230514 033449.419 INFO             PET2  NUMBER_OF_PROCESSORS           4
20230514 033449.419 INFO             PET2  PASS  Example ESMF_NUOPCAtmModelEx, ESMF_NUOPCAtmModelEx.F90, line 806
20230514 033449.419 INFO             PET2 Finalizing ESMF
20230514 033449.312 INFO             PET3 !!!!!!!!!!!!!!!!!!!!!!!!!!!!!!!!!!!!!!!!!!!!!!!!!!!!!!
20230514 033449.312 INFO             PET3 !!! THE ESMF_LOG IS SET TO OUTPUT ALL LOG MESSAGES !!!
20230514 033449.312 INFO             PET3 !!!     THIS MAY CAUSE SLOWDOWN IN PERFORMANCE     !!!
20230514 033449.312 INFO             PET3 !!! FOR PRODUCTION RUNS, USE:                      !!!
20230514 033449.312 INFO             PET3 !!!                   ESMF_LOGKIND_Multi_On_Error  !!!
20230514 033449.312 INFO             PET3 !!!!!!!!!!!!!!!!!!!!!!!!!!!!!!!!!!!!!!!!!!!!!!!!!!!!!!
20230514 033449.312 INFO             PET3 Running with ESMF Version   : v8.5.0b18-9-g15f3b88d4b
20230514 033449.312 INFO             PET3 ESMF library build date/time: "May 14 2023" "03:09:11"
20230514 033449.312 INFO             PET3 ESMF library build location : /home/gerhard/ESMF-Nightly-Testing/gfortran_7.4.0_mpich_g_feature_fill_nan/esmf
20230514 033449.312 INFO             PET3 ESMF_COMM                   : mpich
20230514 033449.312 INFO             PET3 ESMF_MOAB                   : enabled
20230514 033449.312 INFO             PET3 ESMF_LAPACK                 : enabled
20230514 033449.312 INFO             PET3 ESMF_NETCDF                 : enabled
20230514 033449.312 INFO             PET3 ESMF_PNETCDF                : disabled
20230514 033449.312 INFO             PET3 ESMF_PIO                    : enabled
20230514 033449.312 INFO             PET3 ESMF_YAMLCPP                : enabled
20230514 033449.380 DEBUG            PET3 about to destroy Grid: 0x1cbeed0
20230514 033449.390 DEBUG            PET3 about to destroy Grid: 0x1cc08c0
20230514 033449.419 INFO             PET3  NUMBER_OF_PROCESSORS           4
20230514 033449.419 INFO             PET3  PASS  Example ESMF_NUOPCAtmModelEx, ESMF_NUOPCAtmModelEx.F90, line 806
20230514 033449.419 INFO             PET3 Finalizing ESMF
