2023-06-01 07:35:46
20230601 080729.656 INFO             PET0 !!!!!!!!!!!!!!!!!!!!!!!!!!!!!!!!!!!!!!!!!!!!!!!!!!!!!!
20230601 080729.656 INFO             PET0 !!! THE ESMF_LOG IS SET TO OUTPUT ALL LOG MESSAGES !!!
20230601 080729.656 INFO             PET0 !!!     THIS MAY CAUSE SLOWDOWN IN PERFORMANCE     !!!
20230601 080729.656 INFO             PET0 !!! FOR PRODUCTION RUNS, USE:                      !!!
20230601 080729.656 INFO             PET0 !!!                   ESMF_LOGKIND_Multi_On_Error  !!!
20230601 080729.656 INFO             PET0 !!!!!!!!!!!!!!!!!!!!!!!!!!!!!!!!!!!!!!!!!!!!!!!!!!!!!!
20230601 080729.656 INFO             PET0 Running with ESMF Version   : v8.5.0b23
20230601 080729.656 INFO             PET0 ESMF library build date/time: "Jun  1 2023" "07:33:32"
20230601 080729.656 INFO             PET0 ESMF library build location : /scratch2/NCEPDEV/stmp1/Gerhard.Theurich/ESMF-Nightly-Testing/intel_18.0.5_intelmpi_g_develop/esmf
20230601 080729.656 INFO             PET0 ESMF_COMM                   : intelmpi
20230601 080729.656 INFO             PET0 ESMF_MOAB                   : enabled
20230601 080729.657 INFO             PET0 ESMF_LAPACK                 : enabled
20230601 080729.657 INFO             PET0 ESMF_NETCDF                 : enabled
20230601 080729.657 INFO             PET0 ESMF_PNETCDF                : disabled
20230601 080729.657 INFO             PET0 ESMF_PIO                    : enabled
20230601 080729.657 INFO             PET0 ESMF_YAMLCPP                : enabled
20230601 080729.664 INFO             PET0 ESMF_FieldRedistStoreNF(): Just entered routine.
20230601 080729.975 INFO             PET0 ESMF_FieldRedistStoreNF(): Leaving routine.
20230601 080730.007 INFO             PET0  NUMBER_OF_PROCESSORS           4
20230601 080730.007 INFO             PET0  PASS  Example ESMF_RHandleFromFileEx, ESMF_RHandleFromFileEx.F90, line 192
20230601 080730.007 INFO             PET0 Finalizing ESMF
20230601 080729.656 INFO             PET1 !!!!!!!!!!!!!!!!!!!!!!!!!!!!!!!!!!!!!!!!!!!!!!!!!!!!!!
20230601 080729.656 INFO             PET1 !!! THE ESMF_LOG IS SET TO OUTPUT ALL LOG MESSAGES !!!
20230601 080729.656 INFO             PET1 !!!     THIS MAY CAUSE SLOWDOWN IN PERFORMANCE     !!!
20230601 080729.656 INFO             PET1 !!! FOR PRODUCTION RUNS, USE:                      !!!
20230601 080729.656 INFO             PET1 !!!                   ESMF_LOGKIND_Multi_On_Error  !!!
20230601 080729.656 INFO             PET1 !!!!!!!!!!!!!!!!!!!!!!!!!!!!!!!!!!!!!!!!!!!!!!!!!!!!!!
20230601 080729.656 INFO             PET1 Running with ESMF Version   : v8.5.0b23
20230601 080729.656 INFO             PET1 ESMF library build date/time: "Jun  1 2023" "07:33:32"
20230601 080729.656 INFO             PET1 ESMF library build location : /scratch2/NCEPDEV/stmp1/Gerhard.Theurich/ESMF-Nightly-Testing/intel_18.0.5_intelmpi_g_develop/esmf
20230601 080729.656 INFO             PET1 ESMF_COMM                   : intelmpi
20230601 080729.657 INFO             PET1 ESMF_MOAB                   : enabled
20230601 080729.657 INFO             PET1 ESMF_LAPACK                 : enabled
20230601 080729.657 INFO             PET1 ESMF_NETCDF                 : enabled
20230601 080729.657 INFO             PET1 ESMF_PNETCDF                : disabled
20230601 080729.657 INFO             PET1 ESMF_PIO                    : enabled
20230601 080729.657 INFO             PET1 ESMF_YAMLCPP                : enabled
20230601 080729.663 INFO             PET1 ESMF_FieldRedistStoreNF(): Just entered routine.
20230601 080729.975 INFO             PET1 ESMF_FieldRedistStoreNF(): Leaving routine.
20230601 080730.007 INFO             PET1  NUMBER_OF_PROCESSORS           4
20230601 080730.007 INFO             PET1  PASS  Example ESMF_RHandleFromFileEx, ESMF_RHandleFromFileEx.F90, line 192
20230601 080730.007 INFO             PET1 Finalizing ESMF
20230601 080729.656 INFO             PET2 !!!!!!!!!!!!!!!!!!!!!!!!!!!!!!!!!!!!!!!!!!!!!!!!!!!!!!
20230601 080729.656 INFO             PET2 !!! THE ESMF_LOG IS SET TO OUTPUT ALL LOG MESSAGES !!!
20230601 080729.656 INFO             PET2 !!!     THIS MAY CAUSE SLOWDOWN IN PERFORMANCE     !!!
20230601 080729.656 INFO             PET2 !!! FOR PRODUCTION RUNS, USE:                      !!!
20230601 080729.656 INFO             PET2 !!!                   ESMF_LOGKIND_Multi_On_Error  !!!
20230601 080729.656 INFO             PET2 !!!!!!!!!!!!!!!!!!!!!!!!!!!!!!!!!!!!!!!!!!!!!!!!!!!!!!
20230601 080729.656 INFO             PET2 Running with ESMF Version   : v8.5.0b23
20230601 080729.656 INFO             PET2 ESMF library build date/time: "Jun  1 2023" "07:33:32"
20230601 080729.656 INFO             PET2 ESMF library build location : /scratch2/NCEPDEV/stmp1/Gerhard.Theurich/ESMF-Nightly-Testing/intel_18.0.5_intelmpi_g_develop/esmf
20230601 080729.656 INFO             PET2 ESMF_COMM                   : intelmpi
20230601 080729.657 INFO             PET2 ESMF_MOAB                   : enabled
20230601 080729.657 INFO             PET2 ESMF_LAPACK                 : enabled
20230601 080729.657 INFO             PET2 ESMF_NETCDF                 : enabled
20230601 080729.657 INFO             PET2 ESMF_PNETCDF                : disabled
20230601 080729.657 INFO             PET2 ESMF_PIO                    : enabled
20230601 080729.657 INFO             PET2 ESMF_YAMLCPP                : enabled
20230601 080729.663 INFO             PET2 ESMF_FieldRedistStoreNF(): Just entered routine.
20230601 080729.975 INFO             PET2 ESMF_FieldRedistStoreNF(): Leaving routine.
20230601 080730.007 INFO             PET2  NUMBER_OF_PROCESSORS           4
20230601 080730.007 INFO             PET2  PASS  Example ESMF_RHandleFromFileEx, ESMF_RHandleFromFileEx.F90, line 192
20230601 080730.007 INFO             PET2 Finalizing ESMF
20230601 080729.655 INFO             PET3 !!!!!!!!!!!!!!!!!!!!!!!!!!!!!!!!!!!!!!!!!!!!!!!!!!!!!!
20230601 080729.655 INFO             PET3 !!! THE ESMF_LOG IS SET TO OUTPUT ALL LOG MESSAGES !!!
20230601 080729.655 INFO             PET3 !!!     THIS MAY CAUSE SLOWDOWN IN PERFORMANCE     !!!
20230601 080729.655 INFO             PET3 !!! FOR PRODUCTION RUNS, USE:                      !!!
20230601 080729.655 INFO             PET3 !!!                   ESMF_LOGKIND_Multi_On_Error  !!!
20230601 080729.655 INFO             PET3 !!!!!!!!!!!!!!!!!!!!!!!!!!!!!!!!!!!!!!!!!!!!!!!!!!!!!!
20230601 080729.655 INFO             PET3 Running with ESMF Version   : v8.5.0b23
20230601 080729.656 INFO             PET3 ESMF library build date/time: "Jun  1 2023" "07:33:32"
20230601 080729.656 INFO             PET3 ESMF library build location : /scratch2/NCEPDEV/stmp1/Gerhard.Theurich/ESMF-Nightly-Testing/intel_18.0.5_intelmpi_g_develop/esmf
20230601 080729.656 INFO             PET3 ESMF_COMM                   : intelmpi
20230601 080729.656 INFO             PET3 ESMF_MOAB                   : enabled
20230601 080729.656 INFO             PET3 ESMF_LAPACK                 : enabled
20230601 080729.656 INFO             PET3 ESMF_NETCDF                 : enabled
20230601 080729.656 INFO             PET3 ESMF_PNETCDF                : disabled
20230601 080729.656 INFO             PET3 ESMF_PIO                    : enabled
20230601 080729.656 INFO             PET3 ESMF_YAMLCPP                : enabled
20230601 080729.664 INFO             PET3 ESMF_FieldRedistStoreNF(): Just entered routine.
20230601 080729.975 INFO             PET3 ESMF_FieldRedistStoreNF(): Leaving routine.
20230601 080730.007 INFO             PET3  NUMBER_OF_PROCESSORS           4
20230601 080730.007 INFO             PET3  PASS  Example ESMF_RHandleFromFileEx, ESMF_RHandleFromFileEx.F90, line 192
20230601 080730.007 INFO             PET3 Finalizing ESMF
