2023-06-06 07:36:15
20230606 080816.983 INFO             PET0 !!!!!!!!!!!!!!!!!!!!!!!!!!!!!!!!!!!!!!!!!!!!!!!!!!!!!!
20230606 080816.983 INFO             PET0 !!! THE ESMF_LOG IS SET TO OUTPUT ALL LOG MESSAGES !!!
20230606 080816.983 INFO             PET0 !!!     THIS MAY CAUSE SLOWDOWN IN PERFORMANCE     !!!
20230606 080816.983 INFO             PET0 !!! FOR PRODUCTION RUNS, USE:                      !!!
20230606 080816.983 INFO             PET0 !!!                   ESMF_LOGKIND_Multi_On_Error  !!!
20230606 080816.983 INFO             PET0 !!!!!!!!!!!!!!!!!!!!!!!!!!!!!!!!!!!!!!!!!!!!!!!!!!!!!!
20230606 080816.983 INFO             PET0 Running with ESMF Version   : v8.5.0b23
20230606 080816.983 INFO             PET0 ESMF library build date/time: "Jun  6 2023" "07:34:05"
20230606 080816.983 INFO             PET0 ESMF library build location : /scratch2/NCEPDEV/stmp1/Gerhard.Theurich/ESMF-Nightly-Testing/intel_18.0.5_intelmpi_g_develop/esmf
20230606 080816.983 INFO             PET0 ESMF_COMM                   : intelmpi
20230606 080816.984 INFO             PET0 ESMF_MOAB                   : enabled
20230606 080816.984 INFO             PET0 ESMF_LAPACK                 : enabled
20230606 080816.984 INFO             PET0 ESMF_NETCDF                 : enabled
20230606 080816.984 INFO             PET0 ESMF_PNETCDF                : disabled
20230606 080816.984 INFO             PET0 ESMF_PIO                    : enabled
20230606 080816.984 INFO             PET0 ESMF_YAMLCPP                : enabled
20230606 080816.994 INFO             PET0  NUMBER_OF_PROCESSORS           1
20230606 080816.995 INFO             PET0  PASS  Example ESMF_XGridSparseMatEx, ESMF_XGridSparseMatEx.F90, line 642
20230606 080816.995 INFO             PET0 Finalizing ESMF
