2023-05-30 03:01:33
20230530 040823.600 INFO             PET0 !!!!!!!!!!!!!!!!!!!!!!!!!!!!!!!!!!!!!!!!!!!!!!!!!!!!!!
20230530 040823.601 INFO             PET0 !!! THE ESMF_LOG IS SET TO OUTPUT ALL LOG MESSAGES !!!
20230530 040823.601 INFO             PET0 !!!     THIS MAY CAUSE SLOWDOWN IN PERFORMANCE     !!!
20230530 040823.601 INFO             PET0 !!! FOR PRODUCTION RUNS, USE:                      !!!
20230530 040823.601 INFO             PET0 !!!                   ESMF_LOGKIND_Multi_On_Error  !!!
20230530 040823.601 INFO             PET0 !!!!!!!!!!!!!!!!!!!!!!!!!!!!!!!!!!!!!!!!!!!!!!!!!!!!!!
20230530 040823.601 INFO             PET0 Running with ESMF Version   : v8.5.0b23
20230530 040823.601 INFO             PET0 ESMF library build date/time: "May 30 2023" "02:57:26"
20230530 040823.601 INFO             PET0 ESMF library build location : /work/noaa/da/mpotts/sandbox/pgi_2019_openmpi_g_develop/esmf
20230530 040823.601 INFO             PET0 ESMF_COMM                   : openmpi
20230530 040823.602 INFO             PET0 ESMF_MOAB                   : enabled
20230530 040823.602 INFO             PET0 ESMF_LAPACK                 : enabled
20230530 040823.602 INFO             PET0 ESMF_NETCDF                 : enabled
20230530 040823.602 INFO             PET0 ESMF_PNETCDF                : disabled
20230530 040823.602 INFO             PET0 ESMF_PIO                    : enabled
20230530 040823.602 INFO             PET0 ESMF_YAMLCPP                : enabled
20230530 040823.602 INFO             PET0  NUMBER_OF_PROCESSORS            2
20230530 040823.602 INFO             PET0  PASS  Example ESMF_VMUserMpiCommEx, ESMF_VMUserMpiCommEx.F90, line 113
20230530 040823.602 INFO             PET0 Finalizing ESMF
20230530 040823.599 INFO             PET1 !!!!!!!!!!!!!!!!!!!!!!!!!!!!!!!!!!!!!!!!!!!!!!!!!!!!!!
20230530 040823.601 INFO             PET1 !!! THE ESMF_LOG IS SET TO OUTPUT ALL LOG MESSAGES !!!
20230530 040823.601 INFO             PET1 !!!     THIS MAY CAUSE SLOWDOWN IN PERFORMANCE     !!!
20230530 040823.601 INFO             PET1 !!! FOR PRODUCTION RUNS, USE:                      !!!
20230530 040823.601 INFO             PET1 !!!                   ESMF_LOGKIND_Multi_On_Error  !!!
20230530 040823.601 INFO             PET1 !!!!!!!!!!!!!!!!!!!!!!!!!!!!!!!!!!!!!!!!!!!!!!!!!!!!!!
20230530 040823.601 INFO             PET1 Running with ESMF Version   : v8.5.0b23
20230530 040823.601 INFO             PET1 ESMF library build date/time: "May 30 2023" "02:57:26"
20230530 040823.601 INFO             PET1 ESMF library build location : /work/noaa/da/mpotts/sandbox/pgi_2019_openmpi_g_develop/esmf
20230530 040823.601 INFO             PET1 ESMF_COMM                   : openmpi
20230530 040823.601 INFO             PET1 ESMF_MOAB                   : enabled
20230530 040823.601 INFO             PET1 ESMF_LAPACK                 : enabled
20230530 040823.601 INFO             PET1 ESMF_NETCDF                 : enabled
20230530 040823.601 INFO             PET1 ESMF_PNETCDF                : disabled
20230530 040823.601 INFO             PET1 ESMF_PIO                    : enabled
20230530 040823.601 INFO             PET1 ESMF_YAMLCPP                : enabled
20230530 040823.602 INFO             PET1  NUMBER_OF_PROCESSORS            2
20230530 040823.602 INFO             PET1  PASS  Example ESMF_VMUserMpiCommEx, ESMF_VMUserMpiCommEx.F90, line 113
20230530 040823.602 INFO             PET1 Finalizing ESMF
