2023-05-15 08:16:35
 Field Create from a Grid and a Fortran data array returned
 Field Create from a Grid and a Fortran data array returned
 Field Create from a Grid and a Fortran data array returned
 Field Create from a Grid and a Fortran data array returned
 Field Create from a Grid and a Fortran data array returned
 Field Create from a Grid and a Fortran data array returned
 Field Create from a Grid and a Fortran data array returned
 Field Create from a Grid and a Fortran data array returned
 Field Create from a Grid and a Fortran data array returned
 Field Create from a Grid and a Fortran data array returned
 Field Create from a Grid and a Fortran data array returned
 Field Create from a Grid and a Fortran data array returned
 Field Create from a Grid and a Fortran data array returned
 Field Create from a Grid and a Fortran data array returned
 Field Create from a Grid and a Fortran data array returned
 Field Create from a Grid and a Fortran data array returned
 Field Create from a Grid and a Fortran data array returned
 Field Create from a Grid and a Fortran data array returned
 Field Create from a Grid and a Fortran data array returned
 Field Create from a Grid and a Fortran data array returned
 Field Create from a LocStream, typekind, and rank returned
 Field Create from a LocStream, typekind, and rank returned
 Field Create from a LocStream and an Arrayspec returned
 Field Create from a LocStream and an Arrayspec returned
 Field Create from a LocStream, typekind, and rank returned
 Field Create from a LocStream, typekind, and rank returned
 Field Create from a LocStream and an Arrayspec returned
 Field Create from a LocStream and an Arrayspec returned
[h16c24:130491:0:130491] Caught signal 11 (Segmentation fault: address not mapped to object at address 0x4f1b591)
[h16c24:130492:0:130492] Caught signal 11 (Segmentation fault: address not mapped to object at address 0x4f1b591)
[h16c24:130493:0:130493] Caught signal 11 (Segmentation fault: address not mapped to object at address 0x4f1b591)
[h16c24:130494:0:130494] Caught signal 11 (Segmentation fault: address not mapped to object at address 0x4f1b591)
==== backtrace (tid: 130494) ====
 0 0x000000000004d455 ucs_debug_print_backtrace()  ???:0
 1 0x00000000006a4a63 ESMCI::LogErr::MsgFoundError()  /scratch2/NCEPDEV/stmp1/Gerhard.Theurich/ESMF-Nightly-Testing/pgi_19.1_intelmpi_O_fix_profile_summary_at_scale/esmf/src/Infrastructure/LogErr/src/ESMCI_LogErr.C:586
 2 0x0000000000862621 c_esmc_meshcreatenodedistgrid_()  /scratch2/NCEPDEV/stmp1/Gerhard.Theurich/ESMF-Nightly-Testing/pgi_19.1_intelmpi_O_fix_profile_summary_at_scale/esmf/src/Infrastructure/Mesh/interface/ESMCI_Mesh_F.C:248
 3 0x0000000000e400a0 esmf_meshmod_esmf_meshcreate1part_()  /scratch2/NCEPDEV/stmp1/Gerhard.Theurich/ESMF-Nightly-Testing/pgi_19.1_intelmpi_O_fix_profile_summary_at_scale/esmf/src/Infrastructure/Mesh/interface/ESMF_Mesh.F90:1407
 4 0x0000000000405c8a MAIN_()  /scratch2/NCEPDEV/stmp1/Gerhard.Theurich/ESMF-Nightly-Testing/pgi_19.1_intelmpi_O_fix_profile_summary_at_scale/esmf/src/Infrastructure/Field/examples/ESMF_FieldCreateEx.F90:773
 5 0x0000000000401c93 main()  ???:0
 6 0x0000000000022555 __libc_start_main()  ???:0
 7 0x0000000000401b99 _start()  ???:0
=================================
==== backtrace (tid: 130492) ====
 0 0x000000000004d455 ucs_debug_print_backtrace()  ???:0
 1 0x00000000006a4a63 ESMCI::LogErr::MsgFoundError()  /scratch2/NCEPDEV/stmp1/Gerhard.Theurich/ESMF-Nightly-Testing/pgi_19.1_intelmpi_O_fix_profile_summary_at_scale/esmf/src/Infrastructure/LogErr/src/ESMCI_LogErr.C:586
 2 0x0000000000862621 c_esmc_meshcreatenodedistgrid_()  /scratch2/NCEPDEV/stmp1/Gerhard.Theurich/ESMF-Nightly-Testing/pgi_19.1_intelmpi_O_fix_profile_summary_at_scale/esmf/src/Infrastructure/Mesh/interface/ESMCI_Mesh_F.C:248
 3 0x0000000000e400a0 esmf_meshmod_esmf_meshcreate1part_()  /scratch2/NCEPDEV/stmp1/Gerhard.Theurich/ESMF-Nightly-Testing/pgi_19.1_intelmpi_O_fix_profile_summary_at_scale/esmf/src/Infrastructure/Mesh/interface/ESMF_Mesh.F90:1407
 4 0x0000000000405c8a MAIN_()  /scratch2/NCEPDEV/stmp1/Gerhard.Theurich/ESMF-Nightly-Testing/pgi_19.1_intelmpi_O_fix_profile_summary_at_scale/esmf/src/Infrastructure/Field/examples/ESMF_FieldCreateEx.F90:773
 5 0x0000000000401c93 main()  ???:0
 6 0x0000000000022555 __libc_start_main()  ???:0
 7 0x0000000000401b99 _start()  ???:0
=================================
==== backtrace (tid: 130493) ====
 0 0x000000000004d455 ucs_debug_print_backtrace()  ???:0
 1 0x00000000006a4a63 ESMCI::LogErr::MsgFoundError()  /scratch2/NCEPDEV/stmp1/Gerhard.Theurich/ESMF-Nightly-Testing/pgi_19.1_intelmpi_O_fix_profile_summary_at_scale/esmf/src/Infrastructure/LogErr/src/ESMCI_LogErr.C:586
 2 0x0000000000862621 c_esmc_meshcreatenodedistgrid_()  /scratch2/NCEPDEV/stmp1/Gerhard.Theurich/ESMF-Nightly-Testing/pgi_19.1_intelmpi_O_fix_profile_summary_at_scale/esmf/src/Infrastructure/Mesh/interface/ESMCI_Mesh_F.C:248
 3 0x0000000000e400a0 esmf_meshmod_esmf_meshcreate1part_()  /scratch2/NCEPDEV/stmp1/Gerhard.Theurich/ESMF-Nightly-Testing/pgi_19.1_intelmpi_O_fix_profile_summary_at_scale/esmf/src/Infrastructure/Mesh/interface/ESMF_Mesh.F90:1407
 4 0x0000000000405c8a MAIN_()  /scratch2/NCEPDEV/stmp1/Gerhard.Theurich/ESMF-Nightly-Testing/pgi_19.1_intelmpi_O_fix_profile_summary_at_scale/esmf/src/Infrastructure/Field/examples/ESMF_FieldCreateEx.F90:773
 5 0x0000000000401c93 main()  ???:0
 6 0x0000000000022555 __libc_start_main()  ???:0
 7 0x0000000000401b99 _start()  ???:0
=================================
==== backtrace (tid: 130491) ====
 0 0x000000000004d455 ucs_debug_print_backtrace()  ???:0
 1 0x00000000006a4a63 ESMCI::LogErr::MsgFoundError()  /scratch2/NCEPDEV/stmp1/Gerhard.Theurich/ESMF-Nightly-Testing/pgi_19.1_intelmpi_O_fix_profile_summary_at_scale/esmf/src/Infrastructure/LogErr/src/ESMCI_LogErr.C:586
 2 0x0000000000862621 c_esmc_meshcreatenodedistgrid_()  /scratch2/NCEPDEV/stmp1/Gerhard.Theurich/ESMF-Nightly-Testing/pgi_19.1_intelmpi_O_fix_profile_summary_at_scale/esmf/src/Infrastructure/Mesh/interface/ESMCI_Mesh_F.C:248
 3 0x0000000000e400a0 esmf_meshmod_esmf_meshcreate1part_()  /scratch2/NCEPDEV/stmp1/Gerhard.Theurich/ESMF-Nightly-Testing/pgi_19.1_intelmpi_O_fix_profile_summary_at_scale/esmf/src/Infrastructure/Mesh/interface/ESMF_Mesh.F90:1407
 4 0x0000000000405c8a MAIN_()  /scratch2/NCEPDEV/stmp1/Gerhard.Theurich/ESMF-Nightly-Testing/pgi_19.1_intelmpi_O_fix_profile_summary_at_scale/esmf/src/Infrastructure/Field/examples/ESMF_FieldCreateEx.F90:773
 5 0x0000000000401c93 main()  ???:0
 6 0x0000000000022555 __libc_start_main()  ???:0
 7 0x0000000000401b99 _start()  ???:0
=================================
srun: error: h16c24: task 0: Segmentation fault (core dumped)
srun: launch/slurm: _step_signal: Terminating StepId=44951574.310
slurmstepd: error: *** STEP 44951574.310 ON h16c24 CANCELLED AT 2023-05-15T09:48:17 ***
srun: error: h16c24: tasks 1,3: Segmentation fault (core dumped)
srun: error: h16c24: task 2: Segmentation fault (core dumped)
