2023-06-09 01:04:24
20230609 013212.298 INFO             PET0 !!!!!!!!!!!!!!!!!!!!!!!!!!!!!!!!!!!!!!!!!!!!!!!!!!!!!!
20230609 013212.298 INFO             PET0 !!! THE ESMF_LOG IS SET TO OUTPUT ALL LOG MESSAGES !!!
20230609 013212.298 INFO             PET0 !!!     THIS MAY CAUSE SLOWDOWN IN PERFORMANCE     !!!
20230609 013212.298 INFO             PET0 !!! FOR PRODUCTION RUNS, USE:                      !!!
20230609 013212.298 INFO             PET0 !!!                   ESMF_LOGKIND_Multi_On_Error  !!!
20230609 013212.298 INFO             PET0 !!!!!!!!!!!!!!!!!!!!!!!!!!!!!!!!!!!!!!!!!!!!!!!!!!!!!!
20230609 013212.298 INFO             PET0 Running with ESMF Version   : v8.5.0b23-4-g91b6f9cdfa
20230609 013212.298 INFO             PET0 ESMF library build date/time: "Jun  9 2023" "01:03:19"
20230609 013212.298 INFO             PET0 ESMF library build location : /discover/nobackup/projects/sbu/mpotts/esmf-test/gfortran_8.3.0_intelmpi_O_feature_bopt_g_flags/esmf
20230609 013212.298 INFO             PET0 ESMF_COMM                   : intelmpi
20230609 013212.299 INFO             PET0 ESMF_MOAB                   : enabled
20230609 013212.299 INFO             PET0 ESMF_LAPACK                 : enabled
20230609 013212.299 INFO             PET0 ESMF_NETCDF                 : disabled
20230609 013212.299 INFO             PET0 ESMF_PNETCDF                : disabled
20230609 013212.299 INFO             PET0 ESMF_PIO                    : disabled
20230609 013212.299 INFO             PET0 ESMF_YAMLCPP                : enabled
20230609 013212.299 INFO             PET0 mainApp STARTING
20230609 013212.301 INFO             PET0 driver: InitializeGeneric intro.
20230609 013212.301 INFO             PET0   driver: InitializeP0 intro.
20230609 013212.301 INFO             PET0   driver: InitializeP0 extro.
20230609 013212.301 INFO             PET0   driver: InitializeIPDv02p1 intro.
20230609 013212.301 INFO             PET0     >>>driver: entered Initialize (phase=<none>) without valid internal Clock.
20230609 013212.301 INFO             PET0     driver - Creating model component MODEL without petList.
20230609 013212.302 INFO             PET0      GridCompIsPetLocal:  T
20230609 013212.302 INFO             PET0      VmIsCreated:  T
20230609 013212.302 INFO             PET0      valid MPI_COMM with size=           4
20230609 013212.302 INFO             PET0     driver - Creating state: modelComp 1 Import State
20230609 013212.302 INFO             PET0     driver - Creating state: modelComp 1 Export State
20230609 013212.302 INFO             PET0     MODEL: InitializeP0 intro.
20230609 013212.302 INFO             PET0       >>>MODEL: entered Initialize (phase=<none>) without valid internal Clock.
20230609 013212.303 INFO             PET0       <<<MODEL: leaving Initialize (phase=<none>) without valid internal Clock.
20230609 013212.303 INFO             PET0     MODEL: InitializeP0 extro.
20230609 013212.303 INFO             PET0     driver: IInitAdvertise intro.
20230609 013212.303 INFO             PET0     driver: IInitAdvertise extro.
20230609 013212.303 INFO             PET0     MODEL: InitializeIPDvXp01 intro.
20230609 013212.303 INFO             PET0       >>>MODEL: entered Initialize (phase=IPDvXp01) without valid internal Clock.
20230609 013212.304 INFO             PET0       <<<MODEL: leaving Initialize (phase=IPDvXp01) without valid internal Clock.
20230609 013212.304 INFO             PET0     MODEL: InitializeIPDvXp01 extro.
20230609 013212.304 INFO             PET0     driver: IInitAdvertiseFinish intro.
20230609 013212.304 INFO             PET0     driver: IInitAdvertiseFinish extro.
20230609 013212.304 INFO             PET0     driver: IInitModifyCplLists intro.
20230609 013212.304 INFO             PET0     driver: IInitModifyCplLists extro.
20230609 013212.304 INFO             PET0     <<<driver: leaving Initialize (phase=<none>) with current time:    0  1  1  0  0  0   0
20230609 013212.304 INFO             PET0   driver: InitializeIPDv02p1 extro.
20230609 013212.304 INFO             PET0   driver: InitializeIPDv02p3 intro.
20230609 013212.304 INFO             PET0     >>>driver: entered Initialize (phase=<none>) with current time:    0  1  1  0  0  0   0
20230609 013212.305 INFO             PET0     driver: IInitCheck intro.
20230609 013212.305 INFO             PET0     driver: IInitCheck extro.
20230609 013212.305 INFO             PET0     MODEL: InitializeIPDvXp04 intro.
20230609 013212.305 INFO             PET0       >>>MODEL: entered Initialize (phase=IPDvXp04) without valid internal Clock.
20230609 013212.306 INFO             PET0       After Realize: - MemInfo: [/proc/meminfo - SSI]	MemTotal:       196174152 kB
20230609 013212.306 INFO             PET0       After Realize: - MemInfo: [/proc/meminfo - SSI]	MemFree:        183849068 kB
20230609 013212.306 INFO             PET0       After Realize: - MemInfo: [/proc/meminfo - SSI]	MemAvailable:   168953536 kB
20230609 013212.306 INFO             PET0       After Realize: - MemInfo: [/proc/meminfo - SSI]	Committed_AS:    3937032 kB
20230609 013212.306 INFO             PET0       After Realize: - MemInfo: [/proc/meminfo - SSI]	CommittedPercent: 2.00691 %
20230609 013212.306 INFO             PET0       After Realize: - MemInfo: [/proc/self/status]	VmPeak:	 3683568 kB
20230609 013212.306 INFO             PET0       After Realize: - MemInfo: [/proc/self/status]	VmSize:	 3662624 kB
20230609 013212.306 INFO             PET0       After Realize: - MemInfo: [/proc/self/status]	VmLck:	       0 kB
20230609 013212.306 INFO             PET0       After Realize: - MemInfo: [/proc/self/status]	VmPin:	   71900 kB
20230609 013212.306 INFO             PET0       After Realize: - MemInfo: [/proc/self/status]	VmHWM:	  130568 kB
20230609 013212.306 INFO             PET0       After Realize: - MemInfo: [/proc/self/status]	VmRSS:	  130568 kB
20230609 013212.306 INFO             PET0       After Realize: - MemInfo: [/proc/self/status]	VmData:	  183492 kB
20230609 013212.306 INFO             PET0       After Realize: - MemInfo: [/proc/self/status]	VmStk:	     156 kB
20230609 013212.306 INFO             PET0       After Realize: - MemInfo: [/proc/self/status]	VmExe:	      24 kB
20230609 013212.306 INFO             PET0       After Realize: - MemInfo: [/proc/self/status]	VmLib:	   51568 kB
20230609 013212.306 INFO             PET0       After Realize: - MemInfo: [/proc/self/status]	VmPTE:	     660 kB
20230609 013212.306 INFO             PET0       After Realize: - MemInfo: [/proc/self/status]	VmPMD:	      40 kB
20230609 013212.306 INFO             PET0       After Realize: - MemInfo: [/proc/self/status]	VmSwap:	       0 kB
20230609 013212.306 INFO             PET0       After Realize: - MemInfo: [/proc/self/status]	VmRSSPercent: 0.0665572 %
20230609 013212.306 INFO             PET0       After Realize: - MemInfo: [malloc] Non-mmapped space allocated:                 3047424 Byte
20230609 013212.306 INFO             PET0       After Realize: - MemInfo: [malloc] Space allocated in mmapped regions:         74592256 Byte
20230609 013212.306 INFO             PET0       After Realize: - MemInfo: [malloc] Maximum total allocated space:                     0 Byte
20230609 013212.306 INFO             PET0       After Realize: - MemInfo: [malloc] Space in freed fastbin blocks:                  2240 Byte
20230609 013212.306 INFO             PET0       After Realize: - MemInfo: [malloc] Total allocated space:                       2832096 Byte
20230609 013212.306 INFO             PET0       After Realize: - MemInfo: [malloc] Total free space:                             215328 Byte
20230609 013212.306 INFO             PET0       After Realize: - MemInfo: [malloc] Top-most, releasable space:                    79696 Byte
20230609 013212.306 INFO             PET0       After Realize: - MemInfo: [malloc] Total space in use, mmap + non-mmap:        77424352 Byte
20230609 013212.306 INFO             PET0       After Realize: - MemInfo: [malloc] Total space held (mmap + non-mmap):         77639680 Byte
20230609 013212.306 INFO             PET0       After Realize: - MemInfo: [malloc] Total space used (mmap + non-mmap):         77433536 Byte
20230609 013212.306 INFO             PET0       After Realize: - MemInfo: Wall-clock time since execution start:               0.015268 seconds
20230609 013212.306 INFO             PET0       <<<MODEL: leaving Initialize (phase=IPDvXp04) without valid internal Clock.
20230609 013212.306 INFO             PET0     MODEL: InitializeIPDvXp04 extro.
20230609 013212.307 INFO             PET0     driver: IInitRealize intro.
20230609 013212.307 INFO             PET0     driver: IInitRealize extro.
20230609 013212.307 INFO             PET0     MODEL: InitializeIPDvXp07 intro.
20230609 013212.307 INFO             PET0       >>>MODEL: entered Initialize (phase=IPDvXp07) without valid internal Clock.
20230609 013212.307 INFO             PET0       <<<MODEL: leaving Initialize (phase=IPDvXp07) with current time:    0  1  1  0  0  0   0
20230609 013212.307 INFO             PET0     MODEL: InitializeIPDvXp07 extro.
20230609 013212.307 INFO             PET0     <<<driver: leaving Initialize (phase=<none>) with current time:    0  1  1  0  0  0   0
20230609 013212.307 INFO             PET0   driver: InitializeIPDv02p3 extro.
20230609 013212.307 INFO             PET0   driver: InitializeIPDv02p5 intro.
20230609 013212.307 INFO             PET0     >>>driver: entered Initialize (phase=<none>) with current time:    0  1  1  0  0  0   0
20230609 013212.307 INFO             PET0     driver: this is a top level driver, no 'Updated' and 'InitializeDataComplete' info on this level.
20230609 013212.307 INFO             PET0     driver: InitializeIPDv02p5Data intro.
20230609 013212.307 INFO             PET0       driver: InternalInitializeComplete intro.
20230609 013212.307 INFO             PET0         driver: InitializeDataComplete='true'
20230609 013212.307 INFO             PET0       driver: InternalInitializeComplete extro.
20230609 013212.307 INFO             PET0       MODEL: InitializeIPDvXp08 intro.
20230609 013212.307 INFO             PET0         >>>MODEL: entered Initialize (phase=IPDv05p8) with current time:    0  1  1  0  0  0   0
20230609 013212.307 INFO             PET0         MODEL: InitializeDataProgress='false', InitializeDataComplete='false'
20230609 013212.307 INFO             PET0         <<<MODEL: leaving Initialize (phase=IPDv05p8) with current time:    0  1  1  0  0  0   0
20230609 013212.307 INFO             PET0       MODEL: InitializeIPDvXp08 extro.
20230609 013212.308 INFO             PET0       driver: components present that trigger loopDataDependentInitialize().
20230609 013212.308 INFO             PET0       driver: loopDataDependentInitialize intro.
20230609 013212.308 INFO             PET0         driver: component    0=driver, dataComplete (local): true
20230609 013212.308 INFO             PET0         driver: component    0=driver, dataComplete (global): T
20230609 013212.308 INFO             PET0         driver: component    1=MODEL, dataComplete (local): false
20230609 013212.308 INFO             PET0         driver: component    1=MODEL, dataComplete (global): F
20230609 013212.308 INFO             PET0         MODEL: InitializeIPDvXp08 intro.
20230609 013212.308 INFO             PET0           >>>MODEL: entered Initialize (phase=IPDv05p8) with current time:    0  1  1  0  0  0   0
20230609 013212.308 INFO             PET0           MODEL: InitializeDataProgress='true', InitializeDataComplete='true'
20230609 013212.308 INFO             PET0           <<<MODEL: leaving Initialize (phase=IPDv05p8) with current time:    0  1  1  0  0  0   0
20230609 013212.308 INFO             PET0         MODEL: InitializeIPDvXp08 extro.
20230609 013212.308 INFO             PET0         driver: component    1=MODEL, someProgress (local): true
20230609 013212.308 INFO             PET0         driver: component    1=MODEL, someProgress (global): T
20230609 013212.308 INFO             PET0         driver: someProgress=T, allComplete=F, present(dataDepAllComplete)=T
20230609 013212.308 INFO             PET0         driver: component    0=driver, dataComplete (local): true
20230609 013212.308 INFO             PET0         driver: component    0=driver, dataComplete (global): T
20230609 013212.308 INFO             PET0         driver: component    1=MODEL, dataComplete (local): true
20230609 013212.308 INFO             PET0         driver: component    1=MODEL, dataComplete (global): T
20230609 013212.308 INFO             PET0         driver: someProgress=F, allComplete=T, present(dataDepAllComplete)=T
20230609 013212.308 INFO             PET0         driver: finished resolving initialize data dependencies on this level.
20230609 013212.308 INFO             PET0       driver: loopDataDependentInitialize extro.
20230609 013212.308 INFO             PET0       driver: loopDataDependentInitialize() returned with dataDepAllComplete: T
20230609 013212.308 INFO             PET0     driver: InitializeIPDv02p5Data extro.
20230609 013212.308 INFO             PET0     <<<driver: leaving Initialize (phase=<none>) with current time:    0  1  1  0  0  0   0
20230609 013212.308 INFO             PET0   driver: InitializeIPDv02p5 extro.
20230609 013212.308 INFO             PET0 driver: InitializeGeneric extro.
20230609 013212.308 INFO             PET0 driver: Run intro.
20230609 013212.308 INFO             PET0   >>>driver entered Run (phase=RunPhase1) with current time:    0  1  1  0  0  0   0
20230609 013212.308 INFO             PET0   driver: after lable_SetRunClock, current time:    0  1  1  0  0  0   0
20230609 013212.308 INFO             PET0   driver: begin -------> RunSequence.
20230609 013212.308 INFO             PET0     driver: RunSequence event loopLevel=   1  levelMember=   1  loopIteration=   1, current time:    0  1  1  0  0  0   0
20230609 013212.308 INFO             PET0     MODEL: Run intro.
20230609 013212.308 INFO             PET0       >>>MODEL: entered Run (phase=RunPhase1) with current time:    0  1  1  0  0  0   0
20230609 013212.308 INFO             PET0       MODEL: time step-loop starting, current time:    0  1  1  0  0  0   0
20230609 013212.309 INFO             PET0       thread_num=   0   currentSsiPe=   0   num_threads=   3   max_threads=   3   num_procs=  11
20230609 013212.309 INFO             PET0       thread_num=   1   currentSsiPe=   3   num_threads=   3   max_threads=   3   num_procs=  11
20230609 013212.309 INFO             PET0       thread_num=   2   currentSsiPe=   4   num_threads=   3   max_threads=   3   num_procs=  11
20230609 013212.309 INFO             PET0       ---->Advancing Model from:    0  1  1  0  0  0   0
20230609 013212.309 INFO             PET0       ---------------------> to:    0  1  1  0  0 30   0
20230609 013212.309 INFO             PET0       MODEL: time step-loop ending,   current time:    0  1  1  0  0 30   0
20230609 013212.309 INFO             PET0       <<<MODEL: leaving Run (phase=RunPhase1) with current time:    0  1  1  0  0 30   0
20230609 013212.309 INFO             PET0     MODEL: Run extro.
20230609 013212.309 INFO             PET0     driver: RunSequence event loopLevel=   1  levelMember=   1  loopIteration=   2, current time:    0  1  1  0  0 30   0
20230609 013212.309 INFO             PET0     MODEL: Run intro.
20230609 013212.309 INFO             PET0       >>>MODEL: entered Run (phase=RunPhase1) with current time:    0  1  1  0  0 30   0
20230609 013212.309 INFO             PET0       MODEL: time step-loop starting, current time:    0  1  1  0  0 30   0
20230609 013212.309 INFO             PET0       thread_num=   1   currentSsiPe=   3   num_threads=   3   max_threads=   3   num_procs=  11
20230609 013212.309 INFO             PET0       thread_num=   2   currentSsiPe=   4   num_threads=   3   max_threads=   3   num_procs=  11
20230609 013212.309 INFO             PET0       thread_num=   0   currentSsiPe=   0   num_threads=   3   max_threads=   3   num_procs=  11
20230609 013212.309 INFO             PET0       ---->Advancing Model from:    0  1  1  0  0 30   0
20230609 013212.309 INFO             PET0       ---------------------> to:    0  1  1  0  1  0   0
20230609 013212.309 INFO             PET0       MODEL: time step-loop ending,   current time:    0  1  1  0  1  0   0
20230609 013212.309 INFO             PET0       <<<MODEL: leaving Run (phase=RunPhase1) with current time:    0  1  1  0  1  0   0
20230609 013212.309 INFO             PET0     MODEL: Run extro.
20230609 013212.309 INFO             PET0     driver: RunSequence event loopLevel=   1  levelMember=   1  loopIteration=   3, current time:    0  1  1  0  1  0   0
20230609 013212.309 INFO             PET0     MODEL: Run intro.
20230609 013212.309 INFO             PET0       >>>MODEL: entered Run (phase=RunPhase1) with current time:    0  1  1  0  1  0   0
20230609 013212.309 INFO             PET0       MODEL: time step-loop starting, current time:    0  1  1  0  1  0   0
20230609 013212.309 INFO             PET0       thread_num=   1   currentSsiPe=   3   num_threads=   3   max_threads=   3   num_procs=  11
20230609 013212.309 INFO             PET0       thread_num=   0   currentSsiPe=   0   num_threads=   3   max_threads=   3   num_procs=  11
20230609 013212.309 INFO             PET0       thread_num=   2   currentSsiPe=   4   num_threads=   3   max_threads=   3   num_procs=  11
20230609 013212.309 INFO             PET0       ---->Advancing Model from:    0  1  1  0  1  0   0
20230609 013212.309 INFO             PET0       ---------------------> to:    0  1  1  0  1 30   0
20230609 013212.309 INFO             PET0       MODEL: time step-loop ending,   current time:    0  1  1  0  1 30   0
20230609 013212.309 INFO             PET0       <<<MODEL: leaving Run (phase=RunPhase1) with current time:    0  1  1  0  1 30   0
20230609 013212.309 INFO             PET0     MODEL: Run extro.
20230609 013212.309 INFO             PET0     driver: RunSequence event loopLevel=   1  levelMember=   1  loopIteration=   4, current time:    0  1  1  0  1 30   0
20230609 013212.309 INFO             PET0     MODEL: Run intro.
20230609 013212.309 INFO             PET0       >>>MODEL: entered Run (phase=RunPhase1) with current time:    0  1  1  0  1 30   0
20230609 013212.309 INFO             PET0       MODEL: time step-loop starting, current time:    0  1  1  0  1 30   0
20230609 013212.309 INFO             PET0       thread_num=   2   currentSsiPe=   4   num_threads=   3   max_threads=   3   num_procs=  11
20230609 013212.309 INFO             PET0       thread_num=   0   currentSsiPe=   0   num_threads=   3   max_threads=   3   num_procs=  11
20230609 013212.309 INFO             PET0       thread_num=   1   currentSsiPe=   3   num_threads=   3   max_threads=   3   num_procs=  11
20230609 013212.309 INFO             PET0       ---->Advancing Model from:    0  1  1  0  1 30   0
20230609 013212.309 INFO             PET0       ---------------------> to:    0  1  1  0  2  0   0
20230609 013212.309 INFO             PET0       MODEL: time step-loop ending,   current time:    0  1  1  0  2  0   0
20230609 013212.309 INFO             PET0       <<<MODEL: leaving Run (phase=RunPhase1) with current time:    0  1  1  0  2  0   0
20230609 013212.309 INFO             PET0     MODEL: Run extro.
20230609 013212.309 INFO             PET0     driver: RunSequence event loopLevel=   1  levelMember=   1  loopIteration=   5, current time:    0  1  1  0  2  0   0
20230609 013212.309 INFO             PET0     MODEL: Run intro.
20230609 013212.309 INFO             PET0       >>>MODEL: entered Run (phase=RunPhase1) with current time:    0  1  1  0  2  0   0
20230609 013212.309 INFO             PET0       MODEL: time step-loop starting, current time:    0  1  1  0  2  0   0
20230609 013212.309 INFO             PET0       thread_num=   2   currentSsiPe=   4   num_threads=   3   max_threads=   3   num_procs=  11
20230609 013212.309 INFO             PET0       thread_num=   1   currentSsiPe=   3   num_threads=   3   max_threads=   3   num_procs=  11
20230609 013212.309 INFO             PET0       thread_num=   0   currentSsiPe=   0   num_threads=   3   max_threads=   3   num_procs=  11
20230609 013212.309 INFO             PET0       ---->Advancing Model from:    0  1  1  0  2  0   0
20230609 013212.309 INFO             PET0       ---------------------> to:    0  1  1  0  2 30   0
20230609 013212.309 INFO             PET0       MODEL: time step-loop ending,   current time:    0  1  1  0  2 30   0
20230609 013212.309 INFO             PET0       <<<MODEL: leaving Run (phase=RunPhase1) with current time:    0  1  1  0  2 30   0
20230609 013212.309 INFO             PET0     MODEL: Run extro.
20230609 013212.309 INFO             PET0   driver: end <--------- RunSequence
20230609 013212.309 INFO             PET0   <<<driver - leaving Run with current time:    0  1  1  0  2 30   0
20230609 013212.309 INFO             PET0 driver: Run extro.
20230609 013212.309 INFO             PET0 driver: Finalize intro.
20230609 013212.310 INFO             PET0   Calling Finalize phase 1 for modelComp: MODEL
20230609 013212.310 INFO             PET0   MODEL: Finalize intro.
20230609 013212.310 INFO             PET0     >>>MODEL: entered Finalize (phase=FinalizePhase1) with current time:    0  1  1  0  2 30   0
20230609 013212.310 INFO             PET0     <<<MODEL: leaving Finalize (phase=FinalizePhase1) with current time:    0  1  1  0  2 30   0
20230609 013212.310 INFO             PET0   MODEL: Finalize extro.
20230609 013212.310 INFO             PET0   Delete modelComp: MODEL
20230609 013212.310 INFO             PET0   Delete Import-/Export State for modelComp: MODEL
20230609 013212.310 INFO             PET0 driver: Finalize extro.
20230609 013212.310 INFO             PET0 mainApp FINISHED
20230609 013212.310 INFO             PET0 Finalizing ESMF
20230609 013212.299 INFO             PET1 !!!!!!!!!!!!!!!!!!!!!!!!!!!!!!!!!!!!!!!!!!!!!!!!!!!!!!
20230609 013212.299 INFO             PET1 !!! THE ESMF_LOG IS SET TO OUTPUT ALL LOG MESSAGES !!!
20230609 013212.299 INFO             PET1 !!!     THIS MAY CAUSE SLOWDOWN IN PERFORMANCE     !!!
20230609 013212.299 INFO             PET1 !!! FOR PRODUCTION RUNS, USE:                      !!!
20230609 013212.299 INFO             PET1 !!!                   ESMF_LOGKIND_Multi_On_Error  !!!
20230609 013212.299 INFO             PET1 !!!!!!!!!!!!!!!!!!!!!!!!!!!!!!!!!!!!!!!!!!!!!!!!!!!!!!
20230609 013212.299 INFO             PET1 Running with ESMF Version   : v8.5.0b23-4-g91b6f9cdfa
20230609 013212.299 INFO             PET1 ESMF library build date/time: "Jun  9 2023" "01:03:19"
20230609 013212.299 INFO             PET1 ESMF library build location : /discover/nobackup/projects/sbu/mpotts/esmf-test/gfortran_8.3.0_intelmpi_O_feature_bopt_g_flags/esmf
20230609 013212.299 INFO             PET1 ESMF_COMM                   : intelmpi
20230609 013212.299 INFO             PET1 ESMF_MOAB                   : enabled
20230609 013212.299 INFO             PET1 ESMF_LAPACK                 : enabled
20230609 013212.299 INFO             PET1 ESMF_NETCDF                 : disabled
20230609 013212.299 INFO             PET1 ESMF_PNETCDF                : disabled
20230609 013212.299 INFO             PET1 ESMF_PIO                    : disabled
20230609 013212.299 INFO             PET1 ESMF_YAMLCPP                : enabled
20230609 013212.299 INFO             PET1 mainApp STARTING
20230609 013212.301 INFO             PET1 driver: InitializeGeneric intro.
20230609 013212.301 INFO             PET1   driver: InitializeP0 intro.
20230609 013212.301 INFO             PET1   driver: InitializeP0 extro.
20230609 013212.301 INFO             PET1   driver: InitializeIPDv02p1 intro.
20230609 013212.301 INFO             PET1     >>>driver: entered Initialize (phase=<none>) without valid internal Clock.
20230609 013212.301 INFO             PET1     driver - Creating model component MODEL without petList.
20230609 013212.302 INFO             PET1      GridCompIsPetLocal:  T
20230609 013212.302 INFO             PET1      VmIsCreated:  T
20230609 013212.302 INFO             PET1      valid MPI_COMM with size=           4
20230609 013212.302 INFO             PET1     driver - Creating state: modelComp 1 Import State
20230609 013212.302 INFO             PET1     driver - Creating state: modelComp 1 Export State
20230609 013212.302 INFO             PET1     MODEL: InitializeP0 intro.
20230609 013212.302 INFO             PET1       >>>MODEL: entered Initialize (phase=<none>) without valid internal Clock.
20230609 013212.303 INFO             PET1       <<<MODEL: leaving Initialize (phase=<none>) without valid internal Clock.
20230609 013212.303 INFO             PET1     MODEL: InitializeP0 extro.
20230609 013212.303 INFO             PET1     driver: IInitAdvertise intro.
20230609 013212.303 INFO             PET1     driver: IInitAdvertise extro.
20230609 013212.303 INFO             PET1     MODEL: InitializeIPDvXp01 intro.
20230609 013212.303 INFO             PET1       >>>MODEL: entered Initialize (phase=IPDvXp01) without valid internal Clock.
20230609 013212.304 INFO             PET1       <<<MODEL: leaving Initialize (phase=IPDvXp01) without valid internal Clock.
20230609 013212.304 INFO             PET1     MODEL: InitializeIPDvXp01 extro.
20230609 013212.304 INFO             PET1     driver: IInitAdvertiseFinish intro.
20230609 013212.304 INFO             PET1     driver: IInitAdvertiseFinish extro.
20230609 013212.304 INFO             PET1     driver: IInitModifyCplLists intro.
20230609 013212.304 INFO             PET1     driver: IInitModifyCplLists extro.
20230609 013212.304 INFO             PET1     <<<driver: leaving Initialize (phase=<none>) with current time:    0  1  1  0  0  0   0
20230609 013212.304 INFO             PET1   driver: InitializeIPDv02p1 extro.
20230609 013212.304 INFO             PET1   driver: InitializeIPDv02p3 intro.
20230609 013212.304 INFO             PET1     >>>driver: entered Initialize (phase=<none>) with current time:    0  1  1  0  0  0   0
20230609 013212.305 INFO             PET1     driver: IInitCheck intro.
20230609 013212.305 INFO             PET1     driver: IInitCheck extro.
20230609 013212.305 INFO             PET1     MODEL: InitializeIPDvXp04 intro.
20230609 013212.305 INFO             PET1       >>>MODEL: entered Initialize (phase=IPDvXp04) without valid internal Clock.
20230609 013212.306 INFO             PET1       After Realize: - MemInfo: [/proc/meminfo - SSI]	MemTotal:       196174152 kB
20230609 013212.306 INFO             PET1       After Realize: - MemInfo: [/proc/meminfo - SSI]	MemFree:        183849068 kB
20230609 013212.306 INFO             PET1       After Realize: - MemInfo: [/proc/meminfo - SSI]	MemAvailable:   168953536 kB
20230609 013212.306 INFO             PET1       After Realize: - MemInfo: [/proc/meminfo - SSI]	Committed_AS:    3937032 kB
20230609 013212.306 INFO             PET1       After Realize: - MemInfo: [/proc/meminfo - SSI]	CommittedPercent: 2.00691 %
20230609 013212.306 INFO             PET1       After Realize: - MemInfo: [/proc/self/status]	VmPeak:	 3683304 kB
20230609 013212.306 INFO             PET1       After Realize: - MemInfo: [/proc/self/status]	VmSize:	 3674916 kB
20230609 013212.306 INFO             PET1       After Realize: - MemInfo: [/proc/self/status]	VmLck:	       0 kB
20230609 013212.306 INFO             PET1       After Realize: - MemInfo: [/proc/self/status]	VmPin:	   82140 kB
20230609 013212.306 INFO             PET1       After Realize: - MemInfo: [/proc/self/status]	VmHWM:	  138652 kB
20230609 013212.306 INFO             PET1       After Realize: - MemInfo: [/proc/self/status]	VmRSS:	  138652 kB
20230609 013212.306 INFO             PET1       After Realize: - MemInfo: [/proc/self/status]	VmData:	  195784 kB
20230609 013212.306 INFO             PET1       After Realize: - MemInfo: [/proc/self/status]	VmStk:	     156 kB
20230609 013212.306 INFO             PET1       After Realize: - MemInfo: [/proc/self/status]	VmExe:	      24 kB
20230609 013212.306 INFO             PET1       After Realize: - MemInfo: [/proc/self/status]	VmLib:	   51568 kB
20230609 013212.306 INFO             PET1       After Realize: - MemInfo: [/proc/self/status]	VmPTE:	     672 kB
20230609 013212.306 INFO             PET1       After Realize: - MemInfo: [/proc/self/status]	VmPMD:	      36 kB
20230609 013212.306 INFO             PET1       After Realize: - MemInfo: [/proc/self/status]	VmSwap:	       0 kB
20230609 013212.306 INFO             PET1       After Realize: - MemInfo: [/proc/self/status]	VmRSSPercent: 0.070678 %
20230609 013212.306 INFO             PET1       After Realize: - MemInfo: [malloc] Non-mmapped space allocated:                 3047424 Byte
20230609 013212.306 INFO             PET1       After Realize: - MemInfo: [malloc] Space allocated in mmapped regions:         87179264 Byte
20230609 013212.306 INFO             PET1       After Realize: - MemInfo: [malloc] Maximum total allocated space:                     0 Byte
20230609 013212.306 INFO             PET1       After Realize: - MemInfo: [malloc] Space in freed fastbin blocks:                  2288 Byte
20230609 013212.306 INFO             PET1       After Realize: - MemInfo: [malloc] Total allocated space:                       2832560 Byte
20230609 013212.306 INFO             PET1       After Realize: - MemInfo: [malloc] Total free space:                             214864 Byte
20230609 013212.306 INFO             PET1       After Realize: - MemInfo: [malloc] Top-most, releasable space:                    79632 Byte
20230609 013212.306 INFO             PET1       After Realize: - MemInfo: [malloc] Total space in use, mmap + non-mmap:        90011824 Byte
20230609 013212.306 INFO             PET1       After Realize: - MemInfo: [malloc] Total space held (mmap + non-mmap):         90226688 Byte
20230609 013212.306 INFO             PET1       After Realize: - MemInfo: [malloc] Total space used (mmap + non-mmap):         90021008 Byte
20230609 013212.306 INFO             PET1       After Realize: - MemInfo: Wall-clock time since execution start:              0.0158227 seconds
20230609 013212.306 INFO             PET1       <<<MODEL: leaving Initialize (phase=IPDvXp04) without valid internal Clock.
20230609 013212.306 INFO             PET1     MODEL: InitializeIPDvXp04 extro.
20230609 013212.307 INFO             PET1     driver: IInitRealize intro.
20230609 013212.307 INFO             PET1     driver: IInitRealize extro.
20230609 013212.307 INFO             PET1     MODEL: InitializeIPDvXp07 intro.
20230609 013212.307 INFO             PET1       >>>MODEL: entered Initialize (phase=IPDvXp07) without valid internal Clock.
20230609 013212.307 INFO             PET1       <<<MODEL: leaving Initialize (phase=IPDvXp07) with current time:    0  1  1  0  0  0   0
20230609 013212.307 INFO             PET1     MODEL: InitializeIPDvXp07 extro.
20230609 013212.307 INFO             PET1     <<<driver: leaving Initialize (phase=<none>) with current time:    0  1  1  0  0  0   0
20230609 013212.307 INFO             PET1   driver: InitializeIPDv02p3 extro.
20230609 013212.307 INFO             PET1   driver: InitializeIPDv02p5 intro.
20230609 013212.307 INFO             PET1     >>>driver: entered Initialize (phase=<none>) with current time:    0  1  1  0  0  0   0
20230609 013212.307 INFO             PET1     driver: this is a top level driver, no 'Updated' and 'InitializeDataComplete' info on this level.
20230609 013212.307 INFO             PET1     driver: InitializeIPDv02p5Data intro.
20230609 013212.307 INFO             PET1       driver: InternalInitializeComplete intro.
20230609 013212.307 INFO             PET1         driver: InitializeDataComplete='true'
20230609 013212.307 INFO             PET1       driver: InternalInitializeComplete extro.
20230609 013212.307 INFO             PET1       MODEL: InitializeIPDvXp08 intro.
20230609 013212.307 INFO             PET1         >>>MODEL: entered Initialize (phase=IPDv05p8) with current time:    0  1  1  0  0  0   0
20230609 013212.307 INFO             PET1         MODEL: InitializeDataProgress='false', InitializeDataComplete='false'
20230609 013212.307 INFO             PET1         <<<MODEL: leaving Initialize (phase=IPDv05p8) with current time:    0  1  1  0  0  0   0
20230609 013212.307 INFO             PET1       MODEL: InitializeIPDvXp08 extro.
20230609 013212.308 INFO             PET1       driver: components present that trigger loopDataDependentInitialize().
20230609 013212.308 INFO             PET1       driver: loopDataDependentInitialize intro.
20230609 013212.308 INFO             PET1         driver: component    0=driver, dataComplete (local): true
20230609 013212.308 INFO             PET1         driver: component    0=driver, dataComplete (global): T
20230609 013212.308 INFO             PET1         driver: component    1=MODEL, dataComplete (local): false
20230609 013212.308 INFO             PET1         driver: component    1=MODEL, dataComplete (global): F
20230609 013212.308 INFO             PET1         MODEL: InitializeIPDvXp08 intro.
20230609 013212.308 INFO             PET1           >>>MODEL: entered Initialize (phase=IPDv05p8) with current time:    0  1  1  0  0  0   0
20230609 013212.308 INFO             PET1           MODEL: InitializeDataProgress='true', InitializeDataComplete='true'
20230609 013212.308 INFO             PET1           <<<MODEL: leaving Initialize (phase=IPDv05p8) with current time:    0  1  1  0  0  0   0
20230609 013212.308 INFO             PET1         MODEL: InitializeIPDvXp08 extro.
20230609 013212.308 INFO             PET1         driver: component    1=MODEL, someProgress (local): true
20230609 013212.308 INFO             PET1         driver: component    1=MODEL, someProgress (global): T
20230609 013212.308 INFO             PET1         driver: someProgress=T, allComplete=F, present(dataDepAllComplete)=T
20230609 013212.308 INFO             PET1         driver: component    0=driver, dataComplete (local): true
20230609 013212.308 INFO             PET1         driver: component    0=driver, dataComplete (global): T
20230609 013212.308 INFO             PET1         driver: component    1=MODEL, dataComplete (local): true
20230609 013212.308 INFO             PET1         driver: component    1=MODEL, dataComplete (global): T
20230609 013212.308 INFO             PET1         driver: someProgress=F, allComplete=T, present(dataDepAllComplete)=T
20230609 013212.308 INFO             PET1         driver: finished resolving initialize data dependencies on this level.
20230609 013212.308 INFO             PET1       driver: loopDataDependentInitialize extro.
20230609 013212.308 INFO             PET1       driver: loopDataDependentInitialize() returned with dataDepAllComplete: T
20230609 013212.308 INFO             PET1     driver: InitializeIPDv02p5Data extro.
20230609 013212.308 INFO             PET1     <<<driver: leaving Initialize (phase=<none>) with current time:    0  1  1  0  0  0   0
20230609 013212.308 INFO             PET1   driver: InitializeIPDv02p5 extro.
20230609 013212.308 INFO             PET1 driver: InitializeGeneric extro.
20230609 013212.308 INFO             PET1 driver: Run intro.
20230609 013212.308 INFO             PET1   >>>driver entered Run (phase=RunPhase1) with current time:    0  1  1  0  0  0   0
20230609 013212.308 INFO             PET1   driver: after lable_SetRunClock, current time:    0  1  1  0  0  0   0
20230609 013212.308 INFO             PET1   driver: begin -------> RunSequence.
20230609 013212.308 INFO             PET1     driver: RunSequence event loopLevel=   1  levelMember=   1  loopIteration=   1, current time:    0  1  1  0  0  0   0
20230609 013212.308 INFO             PET1     MODEL: Run intro.
20230609 013212.308 INFO             PET1       >>>MODEL: entered Run (phase=RunPhase1) with current time:    0  1  1  0  0  0   0
20230609 013212.308 INFO             PET1       MODEL: time step-loop starting, current time:    0  1  1  0  0  0   0
20230609 013212.309 INFO             PET1       thread_num=   0   currentSsiPe=  11   num_threads=   3   max_threads=   3   num_procs=  11
20230609 013212.309 INFO             PET1       thread_num=   2   currentSsiPe=  15   num_threads=   3   max_threads=   3   num_procs=  11
20230609 013212.309 INFO             PET1       thread_num=   1   currentSsiPe=  13   num_threads=   3   max_threads=   3   num_procs=  11
20230609 013212.309 INFO             PET1       ---->Advancing Model from:    0  1  1  0  0  0   0
20230609 013212.309 INFO             PET1       ---------------------> to:    0  1  1  0  0 30   0
20230609 013212.309 INFO             PET1       MODEL: time step-loop ending,   current time:    0  1  1  0  0 30   0
20230609 013212.309 INFO             PET1       <<<MODEL: leaving Run (phase=RunPhase1) with current time:    0  1  1  0  0 30   0
20230609 013212.309 INFO             PET1     MODEL: Run extro.
20230609 013212.309 INFO             PET1     driver: RunSequence event loopLevel=   1  levelMember=   1  loopIteration=   2, current time:    0  1  1  0  0 30   0
20230609 013212.309 INFO             PET1     MODEL: Run intro.
20230609 013212.309 INFO             PET1       >>>MODEL: entered Run (phase=RunPhase1) with current time:    0  1  1  0  0 30   0
20230609 013212.309 INFO             PET1       MODEL: time step-loop starting, current time:    0  1  1  0  0 30   0
20230609 013212.309 INFO             PET1       thread_num=   2   currentSsiPe=  15   num_threads=   3   max_threads=   3   num_procs=  11
20230609 013212.309 INFO             PET1       thread_num=   1   currentSsiPe=  13   num_threads=   3   max_threads=   3   num_procs=  11
20230609 013212.309 INFO             PET1       thread_num=   0   currentSsiPe=  11   num_threads=   3   max_threads=   3   num_procs=  11
20230609 013212.309 INFO             PET1       ---->Advancing Model from:    0  1  1  0  0 30   0
20230609 013212.309 INFO             PET1       ---------------------> to:    0  1  1  0  1  0   0
20230609 013212.309 INFO             PET1       MODEL: time step-loop ending,   current time:    0  1  1  0  1  0   0
20230609 013212.309 INFO             PET1       <<<MODEL: leaving Run (phase=RunPhase1) with current time:    0  1  1  0  1  0   0
20230609 013212.309 INFO             PET1     MODEL: Run extro.
20230609 013212.309 INFO             PET1     driver: RunSequence event loopLevel=   1  levelMember=   1  loopIteration=   3, current time:    0  1  1  0  1  0   0
20230609 013212.309 INFO             PET1     MODEL: Run intro.
20230609 013212.309 INFO             PET1       >>>MODEL: entered Run (phase=RunPhase1) with current time:    0  1  1  0  1  0   0
20230609 013212.309 INFO             PET1       MODEL: time step-loop starting, current time:    0  1  1  0  1  0   0
20230609 013212.309 INFO             PET1       thread_num=   2   currentSsiPe=  15   num_threads=   3   max_threads=   3   num_procs=  11
20230609 013212.309 INFO             PET1       thread_num=   1   currentSsiPe=  13   num_threads=   3   max_threads=   3   num_procs=  11
20230609 013212.309 INFO             PET1       thread_num=   0   currentSsiPe=  11   num_threads=   3   max_threads=   3   num_procs=  11
20230609 013212.309 INFO             PET1       ---->Advancing Model from:    0  1  1  0  1  0   0
20230609 013212.309 INFO             PET1       ---------------------> to:    0  1  1  0  1 30   0
20230609 013212.309 INFO             PET1       MODEL: time step-loop ending,   current time:    0  1  1  0  1 30   0
20230609 013212.309 INFO             PET1       <<<MODEL: leaving Run (phase=RunPhase1) with current time:    0  1  1  0  1 30   0
20230609 013212.309 INFO             PET1     MODEL: Run extro.
20230609 013212.309 INFO             PET1     driver: RunSequence event loopLevel=   1  levelMember=   1  loopIteration=   4, current time:    0  1  1  0  1 30   0
20230609 013212.309 INFO             PET1     MODEL: Run intro.
20230609 013212.309 INFO             PET1       >>>MODEL: entered Run (phase=RunPhase1) with current time:    0  1  1  0  1 30   0
20230609 013212.309 INFO             PET1       MODEL: time step-loop starting, current time:    0  1  1  0  1 30   0
20230609 013212.309 INFO             PET1       thread_num=   2   currentSsiPe=  15   num_threads=   3   max_threads=   3   num_procs=  11
20230609 013212.309 INFO             PET1       thread_num=   0   currentSsiPe=  11   num_threads=   3   max_threads=   3   num_procs=  11
20230609 013212.309 INFO             PET1       thread_num=   1   currentSsiPe=  13   num_threads=   3   max_threads=   3   num_procs=  11
20230609 013212.309 INFO             PET1       ---->Advancing Model from:    0  1  1  0  1 30   0
20230609 013212.309 INFO             PET1       ---------------------> to:    0  1  1  0  2  0   0
20230609 013212.309 INFO             PET1       MODEL: time step-loop ending,   current time:    0  1  1  0  2  0   0
20230609 013212.309 INFO             PET1       <<<MODEL: leaving Run (phase=RunPhase1) with current time:    0  1  1  0  2  0   0
20230609 013212.309 INFO             PET1     MODEL: Run extro.
20230609 013212.309 INFO             PET1     driver: RunSequence event loopLevel=   1  levelMember=   1  loopIteration=   5, current time:    0  1  1  0  2  0   0
20230609 013212.309 INFO             PET1     MODEL: Run intro.
20230609 013212.309 INFO             PET1       >>>MODEL: entered Run (phase=RunPhase1) with current time:    0  1  1  0  2  0   0
20230609 013212.309 INFO             PET1       MODEL: time step-loop starting, current time:    0  1  1  0  2  0   0
20230609 013212.309 INFO             PET1       thread_num=   2   currentSsiPe=  15   num_threads=   3   max_threads=   3   num_procs=  11
20230609 013212.309 INFO             PET1       thread_num=   1   currentSsiPe=  13   num_threads=   3   max_threads=   3   num_procs=  11
20230609 013212.309 INFO             PET1       thread_num=   0   currentSsiPe=  11   num_threads=   3   max_threads=   3   num_procs=  11
20230609 013212.309 INFO             PET1       ---->Advancing Model from:    0  1  1  0  2  0   0
20230609 013212.309 INFO             PET1       ---------------------> to:    0  1  1  0  2 30   0
20230609 013212.309 INFO             PET1       MODEL: time step-loop ending,   current time:    0  1  1  0  2 30   0
20230609 013212.309 INFO             PET1       <<<MODEL: leaving Run (phase=RunPhase1) with current time:    0  1  1  0  2 30   0
20230609 013212.309 INFO             PET1     MODEL: Run extro.
20230609 013212.309 INFO             PET1   driver: end <--------- RunSequence
20230609 013212.309 INFO             PET1   <<<driver - leaving Run with current time:    0  1  1  0  2 30   0
20230609 013212.309 INFO             PET1 driver: Run extro.
20230609 013212.309 INFO             PET1 driver: Finalize intro.
20230609 013212.309 INFO             PET1   Calling Finalize phase 1 for modelComp: MODEL
20230609 013212.309 INFO             PET1   MODEL: Finalize intro.
20230609 013212.310 INFO             PET1     >>>MODEL: entered Finalize (phase=FinalizePhase1) with current time:    0  1  1  0  2 30   0
20230609 013212.310 INFO             PET1     <<<MODEL: leaving Finalize (phase=FinalizePhase1) with current time:    0  1  1  0  2 30   0
20230609 013212.310 INFO             PET1   MODEL: Finalize extro.
20230609 013212.310 INFO             PET1   Delete modelComp: MODEL
20230609 013212.310 INFO             PET1   Delete Import-/Export State for modelComp: MODEL
20230609 013212.310 INFO             PET1 driver: Finalize extro.
20230609 013212.310 INFO             PET1 mainApp FINISHED
20230609 013212.310 INFO             PET1 Finalizing ESMF
20230609 013212.299 INFO             PET2 !!!!!!!!!!!!!!!!!!!!!!!!!!!!!!!!!!!!!!!!!!!!!!!!!!!!!!
20230609 013212.299 INFO             PET2 !!! THE ESMF_LOG IS SET TO OUTPUT ALL LOG MESSAGES !!!
20230609 013212.299 INFO             PET2 !!!     THIS MAY CAUSE SLOWDOWN IN PERFORMANCE     !!!
20230609 013212.299 INFO             PET2 !!! FOR PRODUCTION RUNS, USE:                      !!!
20230609 013212.299 INFO             PET2 !!!                   ESMF_LOGKIND_Multi_On_Error  !!!
20230609 013212.299 INFO             PET2 !!!!!!!!!!!!!!!!!!!!!!!!!!!!!!!!!!!!!!!!!!!!!!!!!!!!!!
20230609 013212.299 INFO             PET2 Running with ESMF Version   : v8.5.0b23-4-g91b6f9cdfa
20230609 013212.299 INFO             PET2 ESMF library build date/time: "Jun  9 2023" "01:03:19"
20230609 013212.299 INFO             PET2 ESMF library build location : /discover/nobackup/projects/sbu/mpotts/esmf-test/gfortran_8.3.0_intelmpi_O_feature_bopt_g_flags/esmf
20230609 013212.299 INFO             PET2 ESMF_COMM                   : intelmpi
20230609 013212.299 INFO             PET2 ESMF_MOAB                   : enabled
20230609 013212.299 INFO             PET2 ESMF_LAPACK                 : enabled
20230609 013212.299 INFO             PET2 ESMF_NETCDF                 : disabled
20230609 013212.299 INFO             PET2 ESMF_PNETCDF                : disabled
20230609 013212.299 INFO             PET2 ESMF_PIO                    : disabled
20230609 013212.299 INFO             PET2 ESMF_YAMLCPP                : enabled
20230609 013212.299 INFO             PET2 mainApp STARTING
20230609 013212.301 INFO             PET2 driver: InitializeGeneric intro.
20230609 013212.301 INFO             PET2   driver: InitializeP0 intro.
20230609 013212.301 INFO             PET2   driver: InitializeP0 extro.
20230609 013212.301 INFO             PET2   driver: InitializeIPDv02p1 intro.
20230609 013212.301 INFO             PET2     >>>driver: entered Initialize (phase=<none>) without valid internal Clock.
20230609 013212.301 INFO             PET2     driver - Creating model component MODEL without petList.
20230609 013212.302 INFO             PET2      GridCompIsPetLocal:  T
20230609 013212.302 INFO             PET2      VmIsCreated:  T
20230609 013212.302 INFO             PET2      valid MPI_COMM with size=           4
20230609 013212.302 INFO             PET2     driver - Creating state: modelComp 1 Import State
20230609 013212.302 INFO             PET2     driver - Creating state: modelComp 1 Export State
20230609 013212.302 INFO             PET2     MODEL: InitializeP0 intro.
20230609 013212.302 INFO             PET2       >>>MODEL: entered Initialize (phase=<none>) without valid internal Clock.
20230609 013212.303 INFO             PET2       <<<MODEL: leaving Initialize (phase=<none>) without valid internal Clock.
20230609 013212.303 INFO             PET2     MODEL: InitializeP0 extro.
20230609 013212.303 INFO             PET2     driver: IInitAdvertise intro.
20230609 013212.303 INFO             PET2     driver: IInitAdvertise extro.
20230609 013212.303 INFO             PET2     MODEL: InitializeIPDvXp01 intro.
20230609 013212.303 INFO             PET2       >>>MODEL: entered Initialize (phase=IPDvXp01) without valid internal Clock.
20230609 013212.304 INFO             PET2       <<<MODEL: leaving Initialize (phase=IPDvXp01) without valid internal Clock.
20230609 013212.304 INFO             PET2     MODEL: InitializeIPDvXp01 extro.
20230609 013212.304 INFO             PET2     driver: IInitAdvertiseFinish intro.
20230609 013212.304 INFO             PET2     driver: IInitAdvertiseFinish extro.
20230609 013212.304 INFO             PET2     driver: IInitModifyCplLists intro.
20230609 013212.304 INFO             PET2     driver: IInitModifyCplLists extro.
20230609 013212.304 INFO             PET2     <<<driver: leaving Initialize (phase=<none>) with current time:    0  1  1  0  0  0   0
20230609 013212.304 INFO             PET2   driver: InitializeIPDv02p1 extro.
20230609 013212.304 INFO             PET2   driver: InitializeIPDv02p3 intro.
20230609 013212.304 INFO             PET2     >>>driver: entered Initialize (phase=<none>) with current time:    0  1  1  0  0  0   0
20230609 013212.305 INFO             PET2     driver: IInitCheck intro.
20230609 013212.305 INFO             PET2     driver: IInitCheck extro.
20230609 013212.305 INFO             PET2     MODEL: InitializeIPDvXp04 intro.
20230609 013212.305 INFO             PET2       >>>MODEL: entered Initialize (phase=IPDvXp04) without valid internal Clock.
20230609 013212.306 INFO             PET2       After Realize: - MemInfo: [/proc/meminfo - SSI]	MemTotal:       196174152 kB
20230609 013212.306 INFO             PET2       After Realize: - MemInfo: [/proc/meminfo - SSI]	MemFree:        183849068 kB
20230609 013212.306 INFO             PET2       After Realize: - MemInfo: [/proc/meminfo - SSI]	MemAvailable:   168953536 kB
20230609 013212.306 INFO             PET2       After Realize: - MemInfo: [/proc/meminfo - SSI]	Committed_AS:    3937032 kB
20230609 013212.306 INFO             PET2       After Realize: - MemInfo: [/proc/meminfo - SSI]	CommittedPercent: 2.00691 %
20230609 013212.307 INFO             PET2       After Realize: - MemInfo: [/proc/self/status]	VmPeak:	 3681520 kB
20230609 013212.307 INFO             PET2       After Realize: - MemInfo: [/proc/self/status]	VmSize:	 3672868 kB
20230609 013212.307 INFO             PET2       After Realize: - MemInfo: [/proc/self/status]	VmLck:	       0 kB
20230609 013212.307 INFO             PET2       After Realize: - MemInfo: [/proc/self/status]	VmPin:	   82140 kB
20230609 013212.307 INFO             PET2       After Realize: - MemInfo: [/proc/self/status]	VmHWM:	  142636 kB
20230609 013212.307 INFO             PET2       After Realize: - MemInfo: [/proc/self/status]	VmRSS:	  142636 kB
20230609 013212.307 INFO             PET2       After Realize: - MemInfo: [/proc/self/status]	VmData:	  193736 kB
20230609 013212.307 INFO             PET2       After Realize: - MemInfo: [/proc/self/status]	VmStk:	     156 kB
20230609 013212.307 INFO             PET2       After Realize: - MemInfo: [/proc/self/status]	VmExe:	      24 kB
20230609 013212.307 INFO             PET2       After Realize: - MemInfo: [/proc/self/status]	VmLib:	   51568 kB
20230609 013212.307 INFO             PET2       After Realize: - MemInfo: [/proc/self/status]	VmPTE:	     668 kB
20230609 013212.307 INFO             PET2       After Realize: - MemInfo: [/proc/self/status]	VmPMD:	      32 kB
20230609 013212.307 INFO             PET2       After Realize: - MemInfo: [/proc/self/status]	VmSwap:	       0 kB
20230609 013212.307 INFO             PET2       After Realize: - MemInfo: [/proc/self/status]	VmRSSPercent: 0.0727089 %
20230609 013212.307 INFO             PET2       After Realize: - MemInfo: [malloc] Non-mmapped space allocated:                 3047424 Byte
20230609 013212.307 INFO             PET2       After Realize: - MemInfo: [malloc] Space allocated in mmapped regions:         87179264 Byte
20230609 013212.307 INFO             PET2       After Realize: - MemInfo: [malloc] Maximum total allocated space:                     0 Byte
20230609 013212.307 INFO             PET2       After Realize: - MemInfo: [malloc] Space in freed fastbin blocks:                  2240 Byte
20230609 013212.307 INFO             PET2       After Realize: - MemInfo: [malloc] Total allocated space:                       2830976 Byte
20230609 013212.307 INFO             PET2       After Realize: - MemInfo: [malloc] Total free space:                             216448 Byte
20230609 013212.307 INFO             PET2       After Realize: - MemInfo: [malloc] Top-most, releasable space:                    80848 Byte
20230609 013212.307 INFO             PET2       After Realize: - MemInfo: [malloc] Total space in use, mmap + non-mmap:        90010240 Byte
20230609 013212.307 INFO             PET2       After Realize: - MemInfo: [malloc] Total space held (mmap + non-mmap):         90226688 Byte
20230609 013212.307 INFO             PET2       After Realize: - MemInfo: [malloc] Total space used (mmap + non-mmap):         90019424 Byte
20230609 013212.307 INFO             PET2       After Realize: - MemInfo: Wall-clock time since execution start:              0.0156559 seconds
20230609 013212.307 INFO             PET2       <<<MODEL: leaving Initialize (phase=IPDvXp04) without valid internal Clock.
20230609 013212.307 INFO             PET2     MODEL: InitializeIPDvXp04 extro.
20230609 013212.307 INFO             PET2     driver: IInitRealize intro.
20230609 013212.307 INFO             PET2     driver: IInitRealize extro.
20230609 013212.307 INFO             PET2     MODEL: InitializeIPDvXp07 intro.
20230609 013212.307 INFO             PET2       >>>MODEL: entered Initialize (phase=IPDvXp07) without valid internal Clock.
20230609 013212.307 INFO             PET2       <<<MODEL: leaving Initialize (phase=IPDvXp07) with current time:    0  1  1  0  0  0   0
20230609 013212.307 INFO             PET2     MODEL: InitializeIPDvXp07 extro.
20230609 013212.307 INFO             PET2     <<<driver: leaving Initialize (phase=<none>) with current time:    0  1  1  0  0  0   0
20230609 013212.307 INFO             PET2   driver: InitializeIPDv02p3 extro.
20230609 013212.307 INFO             PET2   driver: InitializeIPDv02p5 intro.
20230609 013212.307 INFO             PET2     >>>driver: entered Initialize (phase=<none>) with current time:    0  1  1  0  0  0   0
20230609 013212.307 INFO             PET2     driver: this is a top level driver, no 'Updated' and 'InitializeDataComplete' info on this level.
20230609 013212.307 INFO             PET2     driver: InitializeIPDv02p5Data intro.
20230609 013212.307 INFO             PET2       driver: InternalInitializeComplete intro.
20230609 013212.307 INFO             PET2         driver: InitializeDataComplete='true'
20230609 013212.307 INFO             PET2       driver: InternalInitializeComplete extro.
20230609 013212.307 INFO             PET2       MODEL: InitializeIPDvXp08 intro.
20230609 013212.307 INFO             PET2         >>>MODEL: entered Initialize (phase=IPDv05p8) with current time:    0  1  1  0  0  0   0
20230609 013212.307 INFO             PET2         MODEL: InitializeDataProgress='false', InitializeDataComplete='false'
20230609 013212.307 INFO             PET2         <<<MODEL: leaving Initialize (phase=IPDv05p8) with current time:    0  1  1  0  0  0   0
20230609 013212.307 INFO             PET2       MODEL: InitializeIPDvXp08 extro.
20230609 013212.308 INFO             PET2       driver: components present that trigger loopDataDependentInitialize().
20230609 013212.308 INFO             PET2       driver: loopDataDependentInitialize intro.
20230609 013212.308 INFO             PET2         driver: component    0=driver, dataComplete (local): true
20230609 013212.308 INFO             PET2         driver: component    0=driver, dataComplete (global): T
20230609 013212.308 INFO             PET2         driver: component    1=MODEL, dataComplete (local): false
20230609 013212.308 INFO             PET2         driver: component    1=MODEL, dataComplete (global): F
20230609 013212.308 INFO             PET2         MODEL: InitializeIPDvXp08 intro.
20230609 013212.308 INFO             PET2           >>>MODEL: entered Initialize (phase=IPDv05p8) with current time:    0  1  1  0  0  0   0
20230609 013212.308 INFO             PET2           MODEL: InitializeDataProgress='true', InitializeDataComplete='true'
20230609 013212.308 INFO             PET2           <<<MODEL: leaving Initialize (phase=IPDv05p8) with current time:    0  1  1  0  0  0   0
20230609 013212.308 INFO             PET2         MODEL: InitializeIPDvXp08 extro.
20230609 013212.308 INFO             PET2         driver: component    1=MODEL, someProgress (local): true
20230609 013212.308 INFO             PET2         driver: component    1=MODEL, someProgress (global): T
20230609 013212.308 INFO             PET2         driver: someProgress=T, allComplete=F, present(dataDepAllComplete)=T
20230609 013212.308 INFO             PET2         driver: component    0=driver, dataComplete (local): true
20230609 013212.308 INFO             PET2         driver: component    0=driver, dataComplete (global): T
20230609 013212.308 INFO             PET2         driver: component    1=MODEL, dataComplete (local): true
20230609 013212.308 INFO             PET2         driver: component    1=MODEL, dataComplete (global): T
20230609 013212.308 INFO             PET2         driver: someProgress=F, allComplete=T, present(dataDepAllComplete)=T
20230609 013212.308 INFO             PET2         driver: finished resolving initialize data dependencies on this level.
20230609 013212.308 INFO             PET2       driver: loopDataDependentInitialize extro.
20230609 013212.308 INFO             PET2       driver: loopDataDependentInitialize() returned with dataDepAllComplete: T
20230609 013212.308 INFO             PET2     driver: InitializeIPDv02p5Data extro.
20230609 013212.308 INFO             PET2     <<<driver: leaving Initialize (phase=<none>) with current time:    0  1  1  0  0  0   0
20230609 013212.308 INFO             PET2   driver: InitializeIPDv02p5 extro.
20230609 013212.308 INFO             PET2 driver: InitializeGeneric extro.
20230609 013212.308 INFO             PET2 driver: Run intro.
20230609 013212.308 INFO             PET2   >>>driver entered Run (phase=RunPhase1) with current time:    0  1  1  0  0  0   0
20230609 013212.308 INFO             PET2   driver: after lable_SetRunClock, current time:    0  1  1  0  0  0   0
20230609 013212.308 INFO             PET2   driver: begin -------> RunSequence.
20230609 013212.308 INFO             PET2     driver: RunSequence event loopLevel=   1  levelMember=   1  loopIteration=   1, current time:    0  1  1  0  0  0   0
20230609 013212.308 INFO             PET2     MODEL: Run intro.
20230609 013212.308 INFO             PET2       >>>MODEL: entered Run (phase=RunPhase1) with current time:    0  1  1  0  0  0   0
20230609 013212.308 INFO             PET2       MODEL: time step-loop starting, current time:    0  1  1  0  0  0   0
20230609 013212.308 INFO             PET2       thread_num=   2   currentSsiPe=  26   num_threads=   3   max_threads=   3   num_procs=  11
20230609 013212.308 INFO             PET2       thread_num=   0   currentSsiPe=  24   num_threads=   3   max_threads=   3   num_procs=  11
20230609 013212.308 INFO             PET2       thread_num=   1   currentSsiPe=  28   num_threads=   3   max_threads=   3   num_procs=  11
20230609 013212.308 INFO             PET2       ---->Advancing Model from:    0  1  1  0  0  0   0
20230609 013212.308 INFO             PET2       ---------------------> to:    0  1  1  0  0 30   0
20230609 013212.308 INFO             PET2       MODEL: time step-loop ending,   current time:    0  1  1  0  0 30   0
20230609 013212.309 INFO             PET2       <<<MODEL: leaving Run (phase=RunPhase1) with current time:    0  1  1  0  0 30   0
20230609 013212.309 INFO             PET2     MODEL: Run extro.
20230609 013212.309 INFO             PET2     driver: RunSequence event loopLevel=   1  levelMember=   1  loopIteration=   2, current time:    0  1  1  0  0 30   0
20230609 013212.309 INFO             PET2     MODEL: Run intro.
20230609 013212.309 INFO             PET2       >>>MODEL: entered Run (phase=RunPhase1) with current time:    0  1  1  0  0 30   0
20230609 013212.309 INFO             PET2       MODEL: time step-loop starting, current time:    0  1  1  0  0 30   0
20230609 013212.309 INFO             PET2       thread_num=   2   currentSsiPe=  26   num_threads=   3   max_threads=   3   num_procs=  11
20230609 013212.309 INFO             PET2       thread_num=   0   currentSsiPe=  24   num_threads=   3   max_threads=   3   num_procs=  11
20230609 013212.309 INFO             PET2       thread_num=   1   currentSsiPe=  28   num_threads=   3   max_threads=   3   num_procs=  11
20230609 013212.309 INFO             PET2       ---->Advancing Model from:    0  1  1  0  0 30   0
20230609 013212.309 INFO             PET2       ---------------------> to:    0  1  1  0  1  0   0
20230609 013212.309 INFO             PET2       MODEL: time step-loop ending,   current time:    0  1  1  0  1  0   0
20230609 013212.309 INFO             PET2       <<<MODEL: leaving Run (phase=RunPhase1) with current time:    0  1  1  0  1  0   0
20230609 013212.309 INFO             PET2     MODEL: Run extro.
20230609 013212.309 INFO             PET2     driver: RunSequence event loopLevel=   1  levelMember=   1  loopIteration=   3, current time:    0  1  1  0  1  0   0
20230609 013212.309 INFO             PET2     MODEL: Run intro.
20230609 013212.309 INFO             PET2       >>>MODEL: entered Run (phase=RunPhase1) with current time:    0  1  1  0  1  0   0
20230609 013212.309 INFO             PET2       MODEL: time step-loop starting, current time:    0  1  1  0  1  0   0
20230609 013212.309 INFO             PET2       thread_num=   2   currentSsiPe=  26   num_threads=   3   max_threads=   3   num_procs=  11
20230609 013212.309 INFO             PET2       thread_num=   1   currentSsiPe=  28   num_threads=   3   max_threads=   3   num_procs=  11
20230609 013212.309 INFO             PET2       thread_num=   0   currentSsiPe=  24   num_threads=   3   max_threads=   3   num_procs=  11
20230609 013212.309 INFO             PET2       ---->Advancing Model from:    0  1  1  0  1  0   0
20230609 013212.309 INFO             PET2       ---------------------> to:    0  1  1  0  1 30   0
20230609 013212.309 INFO             PET2       MODEL: time step-loop ending,   current time:    0  1  1  0  1 30   0
20230609 013212.309 INFO             PET2       <<<MODEL: leaving Run (phase=RunPhase1) with current time:    0  1  1  0  1 30   0
20230609 013212.309 INFO             PET2     MODEL: Run extro.
20230609 013212.309 INFO             PET2     driver: RunSequence event loopLevel=   1  levelMember=   1  loopIteration=   4, current time:    0  1  1  0  1 30   0
20230609 013212.309 INFO             PET2     MODEL: Run intro.
20230609 013212.309 INFO             PET2       >>>MODEL: entered Run (phase=RunPhase1) with current time:    0  1  1  0  1 30   0
20230609 013212.309 INFO             PET2       MODEL: time step-loop starting, current time:    0  1  1  0  1 30   0
20230609 013212.309 INFO             PET2       thread_num=   2   currentSsiPe=  26   num_threads=   3   max_threads=   3   num_procs=  11
20230609 013212.309 INFO             PET2       thread_num=   1   currentSsiPe=  28   num_threads=   3   max_threads=   3   num_procs=  11
20230609 013212.309 INFO             PET2       thread_num=   0   currentSsiPe=  24   num_threads=   3   max_threads=   3   num_procs=  11
20230609 013212.309 INFO             PET2       ---->Advancing Model from:    0  1  1  0  1 30   0
20230609 013212.309 INFO             PET2       ---------------------> to:    0  1  1  0  2  0   0
20230609 013212.309 INFO             PET2       MODEL: time step-loop ending,   current time:    0  1  1  0  2  0   0
20230609 013212.309 INFO             PET2       <<<MODEL: leaving Run (phase=RunPhase1) with current time:    0  1  1  0  2  0   0
20230609 013212.309 INFO             PET2     MODEL: Run extro.
20230609 013212.309 INFO             PET2     driver: RunSequence event loopLevel=   1  levelMember=   1  loopIteration=   5, current time:    0  1  1  0  2  0   0
20230609 013212.309 INFO             PET2     MODEL: Run intro.
20230609 013212.309 INFO             PET2       >>>MODEL: entered Run (phase=RunPhase1) with current time:    0  1  1  0  2  0   0
20230609 013212.309 INFO             PET2       MODEL: time step-loop starting, current time:    0  1  1  0  2  0   0
20230609 013212.309 INFO             PET2       thread_num=   1   currentSsiPe=  28   num_threads=   3   max_threads=   3   num_procs=  11
20230609 013212.309 INFO             PET2       thread_num=   2   currentSsiPe=  26   num_threads=   3   max_threads=   3   num_procs=  11
20230609 013212.309 INFO             PET2       thread_num=   0   currentSsiPe=  24   num_threads=   3   max_threads=   3   num_procs=  11
20230609 013212.309 INFO             PET2       ---->Advancing Model from:    0  1  1  0  2  0   0
20230609 013212.309 INFO             PET2       ---------------------> to:    0  1  1  0  2 30   0
20230609 013212.309 INFO             PET2       MODEL: time step-loop ending,   current time:    0  1  1  0  2 30   0
20230609 013212.309 INFO             PET2       <<<MODEL: leaving Run (phase=RunPhase1) with current time:    0  1  1  0  2 30   0
20230609 013212.309 INFO             PET2     MODEL: Run extro.
20230609 013212.309 INFO             PET2   driver: end <--------- RunSequence
20230609 013212.309 INFO             PET2   <<<driver - leaving Run with current time:    0  1  1  0  2 30   0
20230609 013212.309 INFO             PET2 driver: Run extro.
20230609 013212.309 INFO             PET2 driver: Finalize intro.
20230609 013212.309 INFO             PET2   Calling Finalize phase 1 for modelComp: MODEL
20230609 013212.309 INFO             PET2   MODEL: Finalize intro.
20230609 013212.309 INFO             PET2     >>>MODEL: entered Finalize (phase=FinalizePhase1) with current time:    0  1  1  0  2 30   0
20230609 013212.309 INFO             PET2     <<<MODEL: leaving Finalize (phase=FinalizePhase1) with current time:    0  1  1  0  2 30   0
20230609 013212.309 INFO             PET2   MODEL: Finalize extro.
20230609 013212.309 INFO             PET2   Delete modelComp: MODEL
20230609 013212.309 INFO             PET2   Delete Import-/Export State for modelComp: MODEL
20230609 013212.309 INFO             PET2 driver: Finalize extro.
20230609 013212.309 INFO             PET2 mainApp FINISHED
20230609 013212.309 INFO             PET2 Finalizing ESMF
20230609 013212.298 INFO             PET3 !!!!!!!!!!!!!!!!!!!!!!!!!!!!!!!!!!!!!!!!!!!!!!!!!!!!!!
20230609 013212.299 INFO             PET3 !!! THE ESMF_LOG IS SET TO OUTPUT ALL LOG MESSAGES !!!
20230609 013212.299 INFO             PET3 !!!     THIS MAY CAUSE SLOWDOWN IN PERFORMANCE     !!!
20230609 013212.299 INFO             PET3 !!! FOR PRODUCTION RUNS, USE:                      !!!
20230609 013212.299 INFO             PET3 !!!                   ESMF_LOGKIND_Multi_On_Error  !!!
20230609 013212.299 INFO             PET3 !!!!!!!!!!!!!!!!!!!!!!!!!!!!!!!!!!!!!!!!!!!!!!!!!!!!!!
20230609 013212.299 INFO             PET3 Running with ESMF Version   : v8.5.0b23-4-g91b6f9cdfa
20230609 013212.299 INFO             PET3 ESMF library build date/time: "Jun  9 2023" "01:03:19"
20230609 013212.299 INFO             PET3 ESMF library build location : /discover/nobackup/projects/sbu/mpotts/esmf-test/gfortran_8.3.0_intelmpi_O_feature_bopt_g_flags/esmf
20230609 013212.299 INFO             PET3 ESMF_COMM                   : intelmpi
20230609 013212.299 INFO             PET3 ESMF_MOAB                   : enabled
20230609 013212.299 INFO             PET3 ESMF_LAPACK                 : enabled
20230609 013212.299 INFO             PET3 ESMF_NETCDF                 : disabled
20230609 013212.299 INFO             PET3 ESMF_PNETCDF                : disabled
20230609 013212.299 INFO             PET3 ESMF_PIO                    : disabled
20230609 013212.299 INFO             PET3 ESMF_YAMLCPP                : enabled
20230609 013212.299 INFO             PET3 mainApp STARTING
20230609 013212.301 INFO             PET3 driver: InitializeGeneric intro.
20230609 013212.301 INFO             PET3   driver: InitializeP0 intro.
20230609 013212.301 INFO             PET3   driver: InitializeP0 extro.
20230609 013212.301 INFO             PET3   driver: InitializeIPDv02p1 intro.
20230609 013212.301 INFO             PET3     >>>driver: entered Initialize (phase=<none>) without valid internal Clock.
20230609 013212.301 INFO             PET3     driver - Creating model component MODEL without petList.
20230609 013212.302 INFO             PET3      GridCompIsPetLocal:  T
20230609 013212.302 INFO             PET3      VmIsCreated:  T
20230609 013212.302 INFO             PET3      valid MPI_COMM with size=           4
20230609 013212.302 INFO             PET3     driver - Creating state: modelComp 1 Import State
20230609 013212.302 INFO             PET3     driver - Creating state: modelComp 1 Export State
20230609 013212.302 INFO             PET3     MODEL: InitializeP0 intro.
20230609 013212.302 INFO             PET3       >>>MODEL: entered Initialize (phase=<none>) without valid internal Clock.
20230609 013212.303 INFO             PET3       <<<MODEL: leaving Initialize (phase=<none>) without valid internal Clock.
20230609 013212.303 INFO             PET3     MODEL: InitializeP0 extro.
20230609 013212.303 INFO             PET3     driver: IInitAdvertise intro.
20230609 013212.303 INFO             PET3     driver: IInitAdvertise extro.
20230609 013212.303 INFO             PET3     MODEL: InitializeIPDvXp01 intro.
20230609 013212.303 INFO             PET3       >>>MODEL: entered Initialize (phase=IPDvXp01) without valid internal Clock.
20230609 013212.304 INFO             PET3       <<<MODEL: leaving Initialize (phase=IPDvXp01) without valid internal Clock.
20230609 013212.304 INFO             PET3     MODEL: InitializeIPDvXp01 extro.
20230609 013212.304 INFO             PET3     driver: IInitAdvertiseFinish intro.
20230609 013212.304 INFO             PET3     driver: IInitAdvertiseFinish extro.
20230609 013212.304 INFO             PET3     driver: IInitModifyCplLists intro.
20230609 013212.304 INFO             PET3     driver: IInitModifyCplLists extro.
20230609 013212.304 INFO             PET3     <<<driver: leaving Initialize (phase=<none>) with current time:    0  1  1  0  0  0   0
20230609 013212.304 INFO             PET3   driver: InitializeIPDv02p1 extro.
20230609 013212.304 INFO             PET3   driver: InitializeIPDv02p3 intro.
20230609 013212.304 INFO             PET3     >>>driver: entered Initialize (phase=<none>) with current time:    0  1  1  0  0  0   0
20230609 013212.305 INFO             PET3     driver: IInitCheck intro.
20230609 013212.305 INFO             PET3     driver: IInitCheck extro.
20230609 013212.305 INFO             PET3     MODEL: InitializeIPDvXp04 intro.
20230609 013212.305 INFO             PET3       >>>MODEL: entered Initialize (phase=IPDvXp04) without valid internal Clock.
20230609 013212.306 INFO             PET3       After Realize: - MemInfo: [/proc/meminfo - SSI]	MemTotal:       196174152 kB
20230609 013212.306 INFO             PET3       After Realize: - MemInfo: [/proc/meminfo - SSI]	MemFree:        183849068 kB
20230609 013212.306 INFO             PET3       After Realize: - MemInfo: [/proc/meminfo - SSI]	MemAvailable:   168953536 kB
20230609 013212.306 INFO             PET3       After Realize: - MemInfo: [/proc/meminfo - SSI]	Committed_AS:    3937032 kB
20230609 013212.306 INFO             PET3       After Realize: - MemInfo: [/proc/meminfo - SSI]	CommittedPercent: 2.00691 %
20230609 013212.306 INFO             PET3       After Realize: - MemInfo: [/proc/self/status]	VmPeak:	 3683568 kB
20230609 013212.306 INFO             PET3       After Realize: - MemInfo: [/proc/self/status]	VmSize:	 3674916 kB
20230609 013212.306 INFO             PET3       After Realize: - MemInfo: [/proc/self/status]	VmLck:	       0 kB
20230609 013212.306 INFO             PET3       After Realize: - MemInfo: [/proc/self/status]	VmPin:	   82140 kB
20230609 013212.306 INFO             PET3       After Realize: - MemInfo: [/proc/self/status]	VmHWM:	  160132 kB
20230609 013212.306 INFO             PET3       After Realize: - MemInfo: [/proc/self/status]	VmRSS:	  160132 kB
20230609 013212.306 INFO             PET3       After Realize: - MemInfo: [/proc/self/status]	VmData:	  195784 kB
20230609 013212.306 INFO             PET3       After Realize: - MemInfo: [/proc/self/status]	VmStk:	     156 kB
20230609 013212.306 INFO             PET3       After Realize: - MemInfo: [/proc/self/status]	VmExe:	      24 kB
20230609 013212.306 INFO             PET3       After Realize: - MemInfo: [/proc/self/status]	VmLib:	   51568 kB
20230609 013212.306 INFO             PET3       After Realize: - MemInfo: [/proc/self/status]	VmPTE:	     676 kB
20230609 013212.306 INFO             PET3       After Realize: - MemInfo: [/proc/self/status]	VmPMD:	      36 kB
20230609 013212.306 INFO             PET3       After Realize: - MemInfo: [/proc/self/status]	VmSwap:	       0 kB
20230609 013212.306 INFO             PET3       After Realize: - MemInfo: [/proc/self/status]	VmRSSPercent: 0.0816275 %
20230609 013212.306 INFO             PET3       After Realize: - MemInfo: [malloc] Non-mmapped space allocated:                 3047424 Byte
20230609 013212.306 INFO             PET3       After Realize: - MemInfo: [malloc] Space allocated in mmapped regions:         87179264 Byte
20230609 013212.306 INFO             PET3       After Realize: - MemInfo: [malloc] Maximum total allocated space:                     0 Byte
20230609 013212.306 INFO             PET3       After Realize: - MemInfo: [malloc] Space in freed fastbin blocks:                  2288 Byte
20230609 013212.306 INFO             PET3       After Realize: - MemInfo: [malloc] Total allocated space:                       2830928 Byte
20230609 013212.306 INFO             PET3       After Realize: - MemInfo: [malloc] Total free space:                             216496 Byte
20230609 013212.306 INFO             PET3       After Realize: - MemInfo: [malloc] Top-most, releasable space:                    80896 Byte
20230609 013212.306 INFO             PET3       After Realize: - MemInfo: [malloc] Total space in use, mmap + non-mmap:        90010192 Byte
20230609 013212.306 INFO             PET3       After Realize: - MemInfo: [malloc] Total space held (mmap + non-mmap):         90226688 Byte
20230609 013212.306 INFO             PET3       After Realize: - MemInfo: [malloc] Total space used (mmap + non-mmap):         90019376 Byte
20230609 013212.306 INFO             PET3       After Realize: - MemInfo: Wall-clock time since execution start:              0.0158669 seconds
20230609 013212.307 INFO             PET3       <<<MODEL: leaving Initialize (phase=IPDvXp04) without valid internal Clock.
20230609 013212.307 INFO             PET3     MODEL: InitializeIPDvXp04 extro.
20230609 013212.307 INFO             PET3     driver: IInitRealize intro.
20230609 013212.307 INFO             PET3     driver: IInitRealize extro.
20230609 013212.307 INFO             PET3     MODEL: InitializeIPDvXp07 intro.
20230609 013212.307 INFO             PET3       >>>MODEL: entered Initialize (phase=IPDvXp07) without valid internal Clock.
20230609 013212.307 INFO             PET3       <<<MODEL: leaving Initialize (phase=IPDvXp07) with current time:    0  1  1  0  0  0   0
20230609 013212.307 INFO             PET3     MODEL: InitializeIPDvXp07 extro.
20230609 013212.307 INFO             PET3     <<<driver: leaving Initialize (phase=<none>) with current time:    0  1  1  0  0  0   0
20230609 013212.307 INFO             PET3   driver: InitializeIPDv02p3 extro.
20230609 013212.307 INFO             PET3   driver: InitializeIPDv02p5 intro.
20230609 013212.307 INFO             PET3     >>>driver: entered Initialize (phase=<none>) with current time:    0  1  1  0  0  0   0
20230609 013212.307 INFO             PET3     driver: this is a top level driver, no 'Updated' and 'InitializeDataComplete' info on this level.
20230609 013212.307 INFO             PET3     driver: InitializeIPDv02p5Data intro.
20230609 013212.307 INFO             PET3       driver: InternalInitializeComplete intro.
20230609 013212.307 INFO             PET3         driver: InitializeDataComplete='true'
20230609 013212.307 INFO             PET3       driver: InternalInitializeComplete extro.
20230609 013212.307 INFO             PET3       MODEL: InitializeIPDvXp08 intro.
20230609 013212.307 INFO             PET3         >>>MODEL: entered Initialize (phase=IPDv05p8) with current time:    0  1  1  0  0  0   0
20230609 013212.307 INFO             PET3         MODEL: InitializeDataProgress='false', InitializeDataComplete='false'
20230609 013212.307 INFO             PET3         <<<MODEL: leaving Initialize (phase=IPDv05p8) with current time:    0  1  1  0  0  0   0
20230609 013212.307 INFO             PET3       MODEL: InitializeIPDvXp08 extro.
20230609 013212.308 INFO             PET3       driver: components present that trigger loopDataDependentInitialize().
20230609 013212.308 INFO             PET3       driver: loopDataDependentInitialize intro.
20230609 013212.308 INFO             PET3         driver: component    0=driver, dataComplete (local): true
20230609 013212.308 INFO             PET3         driver: component    0=driver, dataComplete (global): T
20230609 013212.308 INFO             PET3         driver: component    1=MODEL, dataComplete (local): false
20230609 013212.308 INFO             PET3         driver: component    1=MODEL, dataComplete (global): F
20230609 013212.308 INFO             PET3         MODEL: InitializeIPDvXp08 intro.
20230609 013212.308 INFO             PET3           >>>MODEL: entered Initialize (phase=IPDv05p8) with current time:    0  1  1  0  0  0   0
20230609 013212.308 INFO             PET3           MODEL: InitializeDataProgress='true', InitializeDataComplete='true'
20230609 013212.308 INFO             PET3           <<<MODEL: leaving Initialize (phase=IPDv05p8) with current time:    0  1  1  0  0  0   0
20230609 013212.308 INFO             PET3         MODEL: InitializeIPDvXp08 extro.
20230609 013212.308 INFO             PET3         driver: component    1=MODEL, someProgress (local): true
20230609 013212.308 INFO             PET3         driver: component    1=MODEL, someProgress (global): T
20230609 013212.308 INFO             PET3         driver: someProgress=T, allComplete=F, present(dataDepAllComplete)=T
20230609 013212.308 INFO             PET3         driver: component    0=driver, dataComplete (local): true
20230609 013212.308 INFO             PET3         driver: component    0=driver, dataComplete (global): T
20230609 013212.308 INFO             PET3         driver: component    1=MODEL, dataComplete (local): true
20230609 013212.308 INFO             PET3         driver: component    1=MODEL, dataComplete (global): T
20230609 013212.308 INFO             PET3         driver: someProgress=F, allComplete=T, present(dataDepAllComplete)=T
20230609 013212.308 INFO             PET3         driver: finished resolving initialize data dependencies on this level.
20230609 013212.308 INFO             PET3       driver: loopDataDependentInitialize extro.
20230609 013212.308 INFO             PET3       driver: loopDataDependentInitialize() returned with dataDepAllComplete: T
20230609 013212.308 INFO             PET3     driver: InitializeIPDv02p5Data extro.
20230609 013212.308 INFO             PET3     <<<driver: leaving Initialize (phase=<none>) with current time:    0  1  1  0  0  0   0
20230609 013212.308 INFO             PET3   driver: InitializeIPDv02p5 extro.
20230609 013212.308 INFO             PET3 driver: InitializeGeneric extro.
20230609 013212.308 INFO             PET3 driver: Run intro.
20230609 013212.308 INFO             PET3   >>>driver entered Run (phase=RunPhase1) with current time:    0  1  1  0  0  0   0
20230609 013212.308 INFO             PET3   driver: after lable_SetRunClock, current time:    0  1  1  0  0  0   0
20230609 013212.308 INFO             PET3   driver: begin -------> RunSequence.
20230609 013212.308 INFO             PET3     driver: RunSequence event loopLevel=   1  levelMember=   1  loopIteration=   1, current time:    0  1  1  0  0  0   0
20230609 013212.308 INFO             PET3     MODEL: Run intro.
20230609 013212.308 INFO             PET3       >>>MODEL: entered Run (phase=RunPhase1) with current time:    0  1  1  0  0  0   0
20230609 013212.308 INFO             PET3       MODEL: time step-loop starting, current time:    0  1  1  0  0  0   0
20230609 013212.308 INFO             PET3       thread_num=   1   currentSsiPe=  34   num_threads=   3   max_threads=   3   num_procs=  11
20230609 013212.308 INFO             PET3       thread_num=   2   currentSsiPe=  42   num_threads=   3   max_threads=   3   num_procs=  11
20230609 013212.308 INFO             PET3       thread_num=   0   currentSsiPe=  33   num_threads=   3   max_threads=   3   num_procs=  11
20230609 013212.308 INFO             PET3       ---->Advancing Model from:    0  1  1  0  0  0   0
20230609 013212.308 INFO             PET3       ---------------------> to:    0  1  1  0  0 30   0
20230609 013212.308 INFO             PET3       MODEL: time step-loop ending,   current time:    0  1  1  0  0 30   0
20230609 013212.309 INFO             PET3       <<<MODEL: leaving Run (phase=RunPhase1) with current time:    0  1  1  0  0 30   0
20230609 013212.309 INFO             PET3     MODEL: Run extro.
20230609 013212.309 INFO             PET3     driver: RunSequence event loopLevel=   1  levelMember=   1  loopIteration=   2, current time:    0  1  1  0  0 30   0
20230609 013212.309 INFO             PET3     MODEL: Run intro.
20230609 013212.309 INFO             PET3       >>>MODEL: entered Run (phase=RunPhase1) with current time:    0  1  1  0  0 30   0
20230609 013212.309 INFO             PET3       MODEL: time step-loop starting, current time:    0  1  1  0  0 30   0
20230609 013212.309 INFO             PET3       thread_num=   1   currentSsiPe=  34   num_threads=   3   max_threads=   3   num_procs=  11
20230609 013212.309 INFO             PET3       thread_num=   2   currentSsiPe=  42   num_threads=   3   max_threads=   3   num_procs=  11
20230609 013212.309 INFO             PET3       thread_num=   0   currentSsiPe=  33   num_threads=   3   max_threads=   3   num_procs=  11
20230609 013212.309 INFO             PET3       ---->Advancing Model from:    0  1  1  0  0 30   0
20230609 013212.309 INFO             PET3       ---------------------> to:    0  1  1  0  1  0   0
20230609 013212.309 INFO             PET3       MODEL: time step-loop ending,   current time:    0  1  1  0  1  0   0
20230609 013212.309 INFO             PET3       <<<MODEL: leaving Run (phase=RunPhase1) with current time:    0  1  1  0  1  0   0
20230609 013212.309 INFO             PET3     MODEL: Run extro.
20230609 013212.309 INFO             PET3     driver: RunSequence event loopLevel=   1  levelMember=   1  loopIteration=   3, current time:    0  1  1  0  1  0   0
20230609 013212.309 INFO             PET3     MODEL: Run intro.
20230609 013212.309 INFO             PET3       >>>MODEL: entered Run (phase=RunPhase1) with current time:    0  1  1  0  1  0   0
20230609 013212.309 INFO             PET3       MODEL: time step-loop starting, current time:    0  1  1  0  1  0   0
20230609 013212.309 INFO             PET3       thread_num=   2   currentSsiPe=  42   num_threads=   3   max_threads=   3   num_procs=  11
20230609 013212.309 INFO             PET3       thread_num=   0   currentSsiPe=  33   num_threads=   3   max_threads=   3   num_procs=  11
20230609 013212.309 INFO             PET3       thread_num=   1   currentSsiPe=  34   num_threads=   3   max_threads=   3   num_procs=  11
20230609 013212.309 INFO             PET3       ---->Advancing Model from:    0  1  1  0  1  0   0
20230609 013212.309 INFO             PET3       ---------------------> to:    0  1  1  0  1 30   0
20230609 013212.309 INFO             PET3       MODEL: time step-loop ending,   current time:    0  1  1  0  1 30   0
20230609 013212.309 INFO             PET3       <<<MODEL: leaving Run (phase=RunPhase1) with current time:    0  1  1  0  1 30   0
20230609 013212.309 INFO             PET3     MODEL: Run extro.
20230609 013212.309 INFO             PET3     driver: RunSequence event loopLevel=   1  levelMember=   1  loopIteration=   4, current time:    0  1  1  0  1 30   0
20230609 013212.309 INFO             PET3     MODEL: Run intro.
20230609 013212.309 INFO             PET3       >>>MODEL: entered Run (phase=RunPhase1) with current time:    0  1  1  0  1 30   0
20230609 013212.309 INFO             PET3       MODEL: time step-loop starting, current time:    0  1  1  0  1 30   0
20230609 013212.309 INFO             PET3       thread_num=   1   currentSsiPe=  34   num_threads=   3   max_threads=   3   num_procs=  11
20230609 013212.309 INFO             PET3       thread_num=   0   currentSsiPe=  33   num_threads=   3   max_threads=   3   num_procs=  11
20230609 013212.309 INFO             PET3       thread_num=   2   currentSsiPe=  42   num_threads=   3   max_threads=   3   num_procs=  11
20230609 013212.309 INFO             PET3       ---->Advancing Model from:    0  1  1  0  1 30   0
20230609 013212.309 INFO             PET3       ---------------------> to:    0  1  1  0  2  0   0
20230609 013212.309 INFO             PET3       MODEL: time step-loop ending,   current time:    0  1  1  0  2  0   0
20230609 013212.309 INFO             PET3       <<<MODEL: leaving Run (phase=RunPhase1) with current time:    0  1  1  0  2  0   0
20230609 013212.309 INFO             PET3     MODEL: Run extro.
20230609 013212.309 INFO             PET3     driver: RunSequence event loopLevel=   1  levelMember=   1  loopIteration=   5, current time:    0  1  1  0  2  0   0
20230609 013212.309 INFO             PET3     MODEL: Run intro.
20230609 013212.309 INFO             PET3       >>>MODEL: entered Run (phase=RunPhase1) with current time:    0  1  1  0  2  0   0
20230609 013212.309 INFO             PET3       MODEL: time step-loop starting, current time:    0  1  1  0  2  0   0
20230609 013212.309 INFO             PET3       thread_num=   1   currentSsiPe=  34   num_threads=   3   max_threads=   3   num_procs=  11
20230609 013212.309 INFO             PET3       thread_num=   0   currentSsiPe=  33   num_threads=   3   max_threads=   3   num_procs=  11
20230609 013212.309 INFO             PET3       thread_num=   2   currentSsiPe=  42   num_threads=   3   max_threads=   3   num_procs=  11
20230609 013212.309 INFO             PET3       ---->Advancing Model from:    0  1  1  0  2  0   0
20230609 013212.309 INFO             PET3       ---------------------> to:    0  1  1  0  2 30   0
20230609 013212.309 INFO             PET3       MODEL: time step-loop ending,   current time:    0  1  1  0  2 30   0
20230609 013212.309 INFO             PET3       <<<MODEL: leaving Run (phase=RunPhase1) with current time:    0  1  1  0  2 30   0
20230609 013212.309 INFO             PET3     MODEL: Run extro.
20230609 013212.309 INFO             PET3   driver: end <--------- RunSequence
20230609 013212.309 INFO             PET3   <<<driver - leaving Run with current time:    0  1  1  0  2 30   0
20230609 013212.309 INFO             PET3 driver: Run extro.
20230609 013212.309 INFO             PET3 driver: Finalize intro.
20230609 013212.309 INFO             PET3   Calling Finalize phase 1 for modelComp: MODEL
20230609 013212.309 INFO             PET3   MODEL: Finalize intro.
20230609 013212.309 INFO             PET3     >>>MODEL: entered Finalize (phase=FinalizePhase1) with current time:    0  1  1  0  2 30   0
20230609 013212.309 INFO             PET3     <<<MODEL: leaving Finalize (phase=FinalizePhase1) with current time:    0  1  1  0  2 30   0
20230609 013212.309 INFO             PET3   MODEL: Finalize extro.
20230609 013212.309 INFO             PET3   Delete modelComp: MODEL
20230609 013212.309 INFO             PET3   Delete Import-/Export State for modelComp: MODEL
20230609 013212.309 INFO             PET3 driver: Finalize extro.
20230609 013212.309 INFO             PET3 mainApp FINISHED
20230609 013212.309 INFO             PET3 Finalizing ESMF
