2023-06-15 05:08:11
20230615 060615.132 INFO             PET0 !!!!!!!!!!!!!!!!!!!!!!!!!!!!!!!!!!!!!!!!!!!!!!!!!!!!!!
20230615 060615.132 INFO             PET0 !!! THE ESMF_LOG IS SET TO OUTPUT ALL LOG MESSAGES !!!
20230615 060615.132 INFO             PET0 !!!     THIS MAY CAUSE SLOWDOWN IN PERFORMANCE     !!!
20230615 060615.132 INFO             PET0 !!! FOR PRODUCTION RUNS, USE:                      !!!
20230615 060615.132 INFO             PET0 !!!                   ESMF_LOGKIND_Multi_On_Error  !!!
20230615 060615.132 INFO             PET0 !!!!!!!!!!!!!!!!!!!!!!!!!!!!!!!!!!!!!!!!!!!!!!!!!!!!!!
20230615 060615.132 INFO             PET0 Running with ESMF Version   : v8.5.0b23-6-gf97e9e9d68
20230615 060615.132 INFO             PET0 ESMF library build date/time: "Jun 15 2023" "05:05:00"
20230615 060615.132 INFO             PET0 ESMF library build location : /glade/scratch/theurich/ESMF-Nightly-Testing/nvhpc_21.11_openmpi_O_develop/esmf
20230615 060615.132 INFO             PET0 ESMF_COMM                   : openmpi
20230615 060615.132 INFO             PET0 ESMF_MOAB                   : enabled
20230615 060615.132 INFO             PET0 ESMF_LAPACK                 : enabled
20230615 060615.132 INFO             PET0 ESMF_NETCDF                 : enabled
20230615 060615.132 INFO             PET0 ESMF_PNETCDF                : disabled
20230615 060615.132 INFO             PET0 ESMF_PIO                    : enabled
20230615 060615.132 INFO             PET0 ESMF_YAMLCPP                : enabled
20230615 060615.175 DEBUG            PET0 about to destroy Grid: 0x115cc00
20230615 060615.179 DEBUG            PET0 about to destroy Grid: 0x115e520
20230615 060615.191 INFO             PET0  NUMBER_OF_PROCESSORS            4
20230615 060615.191 INFO             PET0  PASS  Example ESMF_NUOPCAtmModelEx, ESMF_NUOPCAtmModelEx.F90, line 806
20230615 060615.191 INFO             PET0 Finalizing ESMF
20230615 060615.132 INFO             PET1 !!!!!!!!!!!!!!!!!!!!!!!!!!!!!!!!!!!!!!!!!!!!!!!!!!!!!!
20230615 060615.132 INFO             PET1 !!! THE ESMF_LOG IS SET TO OUTPUT ALL LOG MESSAGES !!!
20230615 060615.132 INFO             PET1 !!!     THIS MAY CAUSE SLOWDOWN IN PERFORMANCE     !!!
20230615 060615.132 INFO             PET1 !!! FOR PRODUCTION RUNS, USE:                      !!!
20230615 060615.132 INFO             PET1 !!!                   ESMF_LOGKIND_Multi_On_Error  !!!
20230615 060615.132 INFO             PET1 !!!!!!!!!!!!!!!!!!!!!!!!!!!!!!!!!!!!!!!!!!!!!!!!!!!!!!
20230615 060615.132 INFO             PET1 Running with ESMF Version   : v8.5.0b23-6-gf97e9e9d68
20230615 060615.132 INFO             PET1 ESMF library build date/time: "Jun 15 2023" "05:05:00"
20230615 060615.132 INFO             PET1 ESMF library build location : /glade/scratch/theurich/ESMF-Nightly-Testing/nvhpc_21.11_openmpi_O_develop/esmf
20230615 060615.132 INFO             PET1 ESMF_COMM                   : openmpi
20230615 060615.132 INFO             PET1 ESMF_MOAB                   : enabled
20230615 060615.132 INFO             PET1 ESMF_LAPACK                 : enabled
20230615 060615.132 INFO             PET1 ESMF_NETCDF                 : enabled
20230615 060615.132 INFO             PET1 ESMF_PNETCDF                : disabled
20230615 060615.132 INFO             PET1 ESMF_PIO                    : enabled
20230615 060615.132 INFO             PET1 ESMF_YAMLCPP                : enabled
20230615 060615.175 DEBUG            PET1 about to destroy Grid: 0xdc8330
20230615 060615.179 DEBUG            PET1 about to destroy Grid: 0xdc8d70
20230615 060615.191 INFO             PET1  NUMBER_OF_PROCESSORS            4
20230615 060615.191 INFO             PET1  PASS  Example ESMF_NUOPCAtmModelEx, ESMF_NUOPCAtmModelEx.F90, line 806
20230615 060615.191 INFO             PET1 Finalizing ESMF
20230615 060615.132 INFO             PET2 !!!!!!!!!!!!!!!!!!!!!!!!!!!!!!!!!!!!!!!!!!!!!!!!!!!!!!
20230615 060615.132 INFO             PET2 !!! THE ESMF_LOG IS SET TO OUTPUT ALL LOG MESSAGES !!!
20230615 060615.132 INFO             PET2 !!!     THIS MAY CAUSE SLOWDOWN IN PERFORMANCE     !!!
20230615 060615.132 INFO             PET2 !!! FOR PRODUCTION RUNS, USE:                      !!!
20230615 060615.132 INFO             PET2 !!!                   ESMF_LOGKIND_Multi_On_Error  !!!
20230615 060615.132 INFO             PET2 !!!!!!!!!!!!!!!!!!!!!!!!!!!!!!!!!!!!!!!!!!!!!!!!!!!!!!
20230615 060615.132 INFO             PET2 Running with ESMF Version   : v8.5.0b23-6-gf97e9e9d68
20230615 060615.132 INFO             PET2 ESMF library build date/time: "Jun 15 2023" "05:05:00"
20230615 060615.132 INFO             PET2 ESMF library build location : /glade/scratch/theurich/ESMF-Nightly-Testing/nvhpc_21.11_openmpi_O_develop/esmf
20230615 060615.132 INFO             PET2 ESMF_COMM                   : openmpi
20230615 060615.132 INFO             PET2 ESMF_MOAB                   : enabled
20230615 060615.132 INFO             PET2 ESMF_LAPACK                 : enabled
20230615 060615.132 INFO             PET2 ESMF_NETCDF                 : enabled
20230615 060615.132 INFO             PET2 ESMF_PNETCDF                : disabled
20230615 060615.132 INFO             PET2 ESMF_PIO                    : enabled
20230615 060615.132 INFO             PET2 ESMF_YAMLCPP                : enabled
20230615 060615.175 DEBUG            PET2 about to destroy Grid: 0x28cdb60
20230615 060615.179 DEBUG            PET2 about to destroy Grid: 0x28ce400
20230615 060615.191 INFO             PET2  NUMBER_OF_PROCESSORS            4
20230615 060615.191 INFO             PET2  PASS  Example ESMF_NUOPCAtmModelEx, ESMF_NUOPCAtmModelEx.F90, line 806
20230615 060615.191 INFO             PET2 Finalizing ESMF
20230615 060615.132 INFO             PET3 !!!!!!!!!!!!!!!!!!!!!!!!!!!!!!!!!!!!!!!!!!!!!!!!!!!!!!
20230615 060615.132 INFO             PET3 !!! THE ESMF_LOG IS SET TO OUTPUT ALL LOG MESSAGES !!!
20230615 060615.132 INFO             PET3 !!!     THIS MAY CAUSE SLOWDOWN IN PERFORMANCE     !!!
20230615 060615.132 INFO             PET3 !!! FOR PRODUCTION RUNS, USE:                      !!!
20230615 060615.132 INFO             PET3 !!!                   ESMF_LOGKIND_Multi_On_Error  !!!
20230615 060615.132 INFO             PET3 !!!!!!!!!!!!!!!!!!!!!!!!!!!!!!!!!!!!!!!!!!!!!!!!!!!!!!
20230615 060615.132 INFO             PET3 Running with ESMF Version   : v8.5.0b23-6-gf97e9e9d68
20230615 060615.132 INFO             PET3 ESMF library build date/time: "Jun 15 2023" "05:05:00"
20230615 060615.132 INFO             PET3 ESMF library build location : /glade/scratch/theurich/ESMF-Nightly-Testing/nvhpc_21.11_openmpi_O_develop/esmf
20230615 060615.132 INFO             PET3 ESMF_COMM                   : openmpi
20230615 060615.132 INFO             PET3 ESMF_MOAB                   : enabled
20230615 060615.132 INFO             PET3 ESMF_LAPACK                 : enabled
20230615 060615.132 INFO             PET3 ESMF_NETCDF                 : enabled
20230615 060615.132 INFO             PET3 ESMF_PNETCDF                : disabled
20230615 060615.132 INFO             PET3 ESMF_PIO                    : enabled
20230615 060615.132 INFO             PET3 ESMF_YAMLCPP                : enabled
20230615 060615.175 DEBUG            PET3 about to destroy Grid: 0x2380c90
20230615 060615.179 DEBUG            PET3 about to destroy Grid: 0x2381530
20230615 060615.191 INFO             PET3  NUMBER_OF_PROCESSORS            4
20230615 060615.191 INFO             PET3  PASS  Example ESMF_NUOPCAtmModelEx, ESMF_NUOPCAtmModelEx.F90, line 806
20230615 060615.191 INFO             PET3 Finalizing ESMF
