2023-05-15 08:20:59
20230515 100057.634 INFO             PET0 !!!!!!!!!!!!!!!!!!!!!!!!!!!!!!!!!!!!!!!!!!!!!!!!!!!!!!
20230515 100057.635 INFO             PET0 !!! THE ESMF_LOG IS SET TO OUTPUT ALL LOG MESSAGES !!!
20230515 100057.635 INFO             PET0 !!!     THIS MAY CAUSE SLOWDOWN IN PERFORMANCE     !!!
20230515 100057.635 INFO             PET0 !!! FOR PRODUCTION RUNS, USE:                      !!!
20230515 100057.635 INFO             PET0 !!!                   ESMF_LOGKIND_Multi_On_Error  !!!
20230515 100057.635 INFO             PET0 !!!!!!!!!!!!!!!!!!!!!!!!!!!!!!!!!!!!!!!!!!!!!!!!!!!!!!
20230515 100057.635 INFO             PET0 Running with ESMF Version   : v8.5.0b20-7-g842a2b6b0d
20230515 100057.635 INFO             PET0 ESMF library build date/time: "May 15 2023" "08:15:08"
20230515 100057.635 INFO             PET0 ESMF library build location : /scratch2/NCEPDEV/stmp1/Gerhard.Theurich/ESMF-Nightly-Testing/pgi_19.1_intelmpi_g_fix_profile_summary_at_scale/esmf
20230515 100057.635 INFO             PET0 ESMF_COMM                   : intelmpi
20230515 100057.636 INFO             PET0 ESMF_MOAB                   : enabled
20230515 100057.636 INFO             PET0 ESMF_LAPACK                 : enabled
20230515 100057.636 INFO             PET0 ESMF_NETCDF                 : disabled
20230515 100057.636 INFO             PET0 ESMF_PNETCDF                : disabled
20230515 100057.636 INFO             PET0 ESMF_PIO                    : disabled
20230515 100057.636 INFO             PET0 ESMF_YAMLCPP                : enabled
20230515 100057.636 INFO             PET0 esmApp STARTING
20230515 100057.637 INFO             PET0 standardName:                          air_pressure_at_sea_level
20230515 100057.637 INFO             PET0 canonicalUnits:                                               Pa
20230515 100057.637 INFO             PET0 ----------------------------------------------------------------
20230515 100057.637 INFO             PET0 standardName:               magnitude_of_surface_downward_stress
20230515 100057.637 INFO             PET0 canonicalUnits:                                               Pa
20230515 100057.637 INFO             PET0 ----------------------------------------------------------------
20230515 100057.637 INFO             PET0 standardName:                                 precipitation_flux
20230515 100057.637 INFO             PET0 canonicalUnits:                                       kg m-2 s-1
20230515 100057.637 INFO             PET0 ----------------------------------------------------------------
20230515 100057.637 INFO             PET0 standardName:                                      sea_surf_temp
20230515 100057.637 INFO             PET0 canonicalUnits:                                                K
20230515 100057.637 INFO             PET0 synonym:                                 sea_surface_temperature
20230515 100057.637 INFO             PET0 ----------------------------------------------------------------
20230515 100057.637 INFO             PET0 standardName:                 sea_surface_height_above_sea_level
20230515 100057.637 INFO             PET0 canonicalUnits:                                                m
20230515 100057.637 INFO             PET0 ----------------------------------------------------------------
20230515 100057.637 INFO             PET0 standardName:                               sea_surface_salinity
20230515 100057.637 INFO             PET0 canonicalUnits:                                             1e-3
20230515 100057.637 INFO             PET0 ----------------------------------------------------------------
20230515 100057.637 INFO             PET0 standardName:                            sea_surface_temperature
20230515 100057.637 INFO             PET0 canonicalUnits:                                                K
20230515 100057.637 INFO             PET0 synonym:                                           sea_surf_temp
20230515 100057.637 INFO             PET0 ----------------------------------------------------------------
20230515 100057.637 INFO             PET0 standardName:                   surface_downward_eastward_stress
20230515 100057.637 INFO             PET0 canonicalUnits:                                               Pa
20230515 100057.637 INFO             PET0 ----------------------------------------------------------------
20230515 100057.637 INFO             PET0 standardName:                  surface_downward_heat_flux_in_air
20230515 100057.637 INFO             PET0 canonicalUnits:                                            W m-2
20230515 100057.637 INFO             PET0 ----------------------------------------------------------------
20230515 100057.637 INFO             PET0 standardName:                  surface_downward_northward_stress
20230515 100057.637 INFO             PET0 canonicalUnits:                                               Pa
20230515 100057.637 INFO             PET0 ----------------------------------------------------------------
20230515 100057.637 INFO             PET0 standardName:                        surface_downward_water_flux
20230515 100057.637 INFO             PET0 canonicalUnits:                                       kg m-2 s-1
20230515 100057.637 INFO             PET0 ----------------------------------------------------------------
20230515 100057.638 INFO             PET0 standardName:                surface_eastward_sea_water_velocity
20230515 100057.638 INFO             PET0 canonicalUnits:                                            m s-1
20230515 100057.638 INFO             PET0 ----------------------------------------------------------------
20230515 100057.638 INFO             PET0 standardName:                 surface_net_downward_longwave_flux
20230515 100057.638 INFO             PET0 canonicalUnits:                                            W m-2
20230515 100057.638 INFO             PET0 ----------------------------------------------------------------
20230515 100057.638 INFO             PET0 standardName:                surface_net_downward_shortwave_flux
20230515 100057.638 INFO             PET0 canonicalUnits:                                            W m-2
20230515 100057.638 INFO             PET0 ----------------------------------------------------------------
20230515 100057.638 INFO             PET0 standardName:               surface_northward_sea_water_velocity
20230515 100057.638 INFO             PET0 canonicalUnits:                                            m s-1
20230515 100057.638 INFO             PET0 ----------------------------------------------------------------
20230515 100057.643 INFO             PET0 esm: InitializeGeneric intro.
20230515 100057.643 INFO             PET0   esm: InitializeP0 intro.
20230515 100057.643 INFO             PET0   esm: InitializeP0 extro.
20230515 100057.643 INFO             PET0   esm: InitializeIPDv02p1 intro.
20230515 100057.643 INFO             PET0     >>>esm: entered Initialize (phase=<none>) without valid internal Clock.
20230515 100057.644 INFO             PET0     esm - Creating model component ATM without petList.
20230515 100057.648 INFO             PET0     esm - Creating model component OCN without petList.
20230515 100057.651 INFO             PET0     esm - Creating connector component ATM-TO-OCN without petList.
20230515 100057.658 INFO             PET0     esm - Creating connector component OCN-TO-ATM without petList.
20230515 100057.665 INFO             PET0     esm - Creating state: modelComp 1 Import State
20230515 100057.666 INFO             PET0     esm - Creating state: modelComp 1 Export State
20230515 100057.666 INFO             PET0     esm - Creating state: modelComp 2 Import State
20230515 100057.666 INFO             PET0     esm - Creating state: modelComp 2 Export State
20230515 100057.667 INFO             PET0     ATM: InitializeP0 intro.
20230515 100057.667 INFO             PET0       >>>ATM: entered Initialize (phase=<none>) without valid internal Clock.
20230515 100057.669 INFO             PET0       <<<ATM: leaving Initialize (phase=<none>) without valid internal Clock.
20230515 100057.669 INFO             PET0     ATM: InitializeP0 extro.
20230515 100057.669 INFO             PET0     OCN: InitializeP0 intro.
20230515 100057.669 INFO             PET0       >>>OCN: entered Initialize (phase=<none>) without valid internal Clock.
20230515 100057.670 INFO             PET0       <<<OCN: leaving Initialize (phase=<none>) without valid internal Clock.
20230515 100057.670 INFO             PET0     OCN: InitializeP0 extro.
20230515 100057.672 INFO             PET0     ATM-TO-OCN: InitializeP0 intro.
20230515 100057.673 INFO             PET0     ATM-TO-OCN: InitializeP0 extro.
20230515 100057.673 INFO             PET0     OCN-TO-ATM: InitializeP0 intro.
20230515 100057.674 INFO             PET0     OCN-TO-ATM: InitializeP0 extro.
20230515 100057.676 INFO             PET0     esm: IInitAdvertise intro.
20230515 100057.676 INFO             PET0     esm: IInitAdvertise extro.
20230515 100057.676 INFO             PET0     ATM: InitializeIPDvXp01 intro.
20230515 100057.676 INFO             PET0       >>>ATM: entered Initialize (phase=IPDvXp01) without valid internal Clock.
20230515 100057.678 INFO             PET0       <<<ATM: leaving Initialize (phase=IPDvXp01) without valid internal Clock.
20230515 100057.678 INFO             PET0     ATM: InitializeIPDvXp01 extro.
20230515 100057.679 INFO             PET0     OCN: InitializeIPDvXp01 intro.
20230515 100057.679 INFO             PET0       >>>OCN: entered Initialize (phase=IPDvXp01) without valid internal Clock.
20230515 100057.681 INFO             PET0       <<<OCN: leaving Initialize (phase=IPDvXp01) without valid internal Clock.
20230515 100057.681 INFO             PET0     OCN: InitializeIPDvXp01 extro.
20230515 100057.683 INFO             PET0     ATM-TO-OCN: InitializeIPDv05p1 intro.
20230515 100057.692 INFO             PET0       ATM-TO-OCN: importState FieldTransferPolicy = transferNone
20230515 100057.692 INFO             PET0       ATM-TO-OCN: exportState FieldTransferPolicy = transferNone
20230515 100057.692 INFO             PET0     ATM-TO-OCN: InitializeIPDv05p1 extro.
20230515 100057.692 INFO             PET0     OCN-TO-ATM: InitializeIPDv05p1 intro.
20230515 100057.696 INFO             PET0       OCN-TO-ATM: importState FieldTransferPolicy = transferNone
20230515 100057.696 INFO             PET0       OCN-TO-ATM: exportState FieldTransferPolicy = transferNone
20230515 100057.696 INFO             PET0     OCN-TO-ATM: InitializeIPDv05p1 extro.
20230515 100057.696 INFO             PET0     esm: IInitAdvertiseFinish intro.
20230515 100057.696 INFO             PET0     esm: IInitAdvertiseFinish extro.
20230515 100057.696 INFO             PET0     ATM-TO-OCN: InitializeIPDv05p2a intro.
20230515 100057.700 INFO             PET0       ATM-TO-OCN:      importStandardNameList(i=  1): air_pressure_at_sea_level
20230515 100057.700 INFO             PET0       ATM-TO-OCN:         importNamespaceList(i=  1): ATM
20230515 100057.700 INFO             PET0       ATM-TO-OCN:            importCplSetList(i=  1): __UNSPECIFIED__
20230515 100057.700 INFO             PET0       ATM-TO-OCN:      exportStandardNameList(j=  1): air_pressure_at_sea_level
20230515 100057.700 INFO             PET0       ATM-TO-OCN:         exportNamespaceList(j=  1): OCN
20230515 100057.700 INFO             PET0       ATM-TO-OCN:            exportCplSetList(j=  1): __UNSPECIFIED__
20230515 100057.700 INFO             PET0       ATM-TO-OCN: bondLevel= 1
20230515 100057.700 INFO             PET0       ATM-TO-OCN: ProducerConnection (bondLevelMax):         1
20230515 100057.700 INFO             PET0       ATM-TO-OCN:      importStandardNameList(i=  2): surface_net_downward_shortwave_flux
20230515 100057.700 INFO             PET0       ATM-TO-OCN:         importNamespaceList(i=  2): ATM
20230515 100057.700 INFO             PET0       ATM-TO-OCN:            importCplSetList(i=  2): __UNSPECIFIED__
20230515 100057.700 INFO             PET0       ATM-TO-OCN:      exportStandardNameList(j=  2): surface_net_downward_shortwave_flux
20230515 100057.700 INFO             PET0       ATM-TO-OCN:         exportNamespaceList(j=  2): OCN
20230515 100057.700 INFO             PET0       ATM-TO-OCN:            exportCplSetList(j=  2): __UNSPECIFIED__
20230515 100057.700 INFO             PET0       ATM-TO-OCN: bondLevel= 1
20230515 100057.700 INFO             PET0       ATM-TO-OCN: ProducerConnection (bondLevelMax):         1
20230515 100057.700 INFO             PET0     ATM-TO-OCN: InitializeIPDv05p2a extro.
20230515 100057.701 INFO             PET0     OCN-TO-ATM: InitializeIPDv05p2a intro.
20230515 100057.704 INFO             PET0       OCN-TO-ATM:      importStandardNameList(i=  1): sea_surface_temperature
20230515 100057.704 INFO             PET0       OCN-TO-ATM:         importNamespaceList(i=  1): OCN
20230515 100057.704 INFO             PET0       OCN-TO-ATM:            importCplSetList(i=  1): __UNSPECIFIED__
20230515 100057.704 INFO             PET0       OCN-TO-ATM:      exportStandardNameList(j=  1): sea_surf_temp
20230515 100057.704 INFO             PET0       OCN-TO-ATM:         exportNamespaceList(j=  1): ATM
20230515 100057.704 INFO             PET0       OCN-TO-ATM:            exportCplSetList(j=  1): __UNSPECIFIED__
20230515 100057.704 INFO             PET0       OCN-TO-ATM: bondLevel= 1
20230515 100057.704 INFO             PET0       OCN-TO-ATM: ProducerConnection (bondLevelMax):         1
20230515 100057.704 INFO             PET0     OCN-TO-ATM: InitializeIPDv05p2a extro.
20230515 100057.704 INFO             PET0     ATM-TO-OCN: InitializeIPDv05p2b intro.
20230515 100057.708 INFO             PET0       ATM-TO-OCN:      importStandardNameList(i=  1): air_pressure_at_sea_level
20230515 100057.708 INFO             PET0       ATM-TO-OCN:         importNamespaceList(i=  1): ATM
20230515 100057.708 INFO             PET0       ATM-TO-OCN:            importCplSetList(i=  1): __UNSPECIFIED__
20230515 100057.708 INFO             PET0       ATM-TO-OCN:      exportStandardNameList(j=  1): air_pressure_at_sea_level
20230515 100057.708 INFO             PET0       ATM-TO-OCN:         exportNamespaceList(j=  1): OCN
20230515 100057.708 INFO             PET0       ATM-TO-OCN:            exportCplSetList(j=  1): __UNSPECIFIED__
20230515 100057.708 INFO             PET0       ATM-TO-OCN: bondLevel= 1
20230515 100057.708 INFO             PET0       ATM-TO-OCN: => added cplList(  1)=air_pressure_at_sea_level, cplSetList(  1)=__UNSPECIFIED__
20230515 100057.708 INFO             PET0       ATM-TO-OCN:      importStandardNameList(i=  2): surface_net_downward_shortwave_flux
20230515 100057.708 INFO             PET0       ATM-TO-OCN:         importNamespaceList(i=  2): ATM
20230515 100057.708 INFO             PET0       ATM-TO-OCN:            importCplSetList(i=  2): __UNSPECIFIED__
20230515 100057.708 INFO             PET0       ATM-TO-OCN:      exportStandardNameList(j=  2): surface_net_downward_shortwave_flux
20230515 100057.708 INFO             PET0       ATM-TO-OCN:         exportNamespaceList(j=  2): OCN
20230515 100057.708 INFO             PET0       ATM-TO-OCN:            exportCplSetList(j=  2): __UNSPECIFIED__
20230515 100057.708 INFO             PET0       ATM-TO-OCN: bondLevel= 1
20230515 100057.708 INFO             PET0       ATM-TO-OCN: => added cplList(  2)=surface_net_downward_shortwave_flux, cplSetList(  2)=__UNSPECIFIED__
20230515 100057.709 INFO             PET0     ATM-TO-OCN: InitializeIPDv05p2b extro.
20230515 100057.709 INFO             PET0     OCN-TO-ATM: InitializeIPDv05p2b intro.
20230515 100057.712 INFO             PET0       OCN-TO-ATM:      importStandardNameList(i=  1): sea_surface_temperature
20230515 100057.712 INFO             PET0       OCN-TO-ATM:         importNamespaceList(i=  1): OCN
20230515 100057.712 INFO             PET0       OCN-TO-ATM:            importCplSetList(i=  1): __UNSPECIFIED__
20230515 100057.712 INFO             PET0       OCN-TO-ATM:      exportStandardNameList(j=  1): sea_surf_temp
20230515 100057.712 INFO             PET0       OCN-TO-ATM:         exportNamespaceList(j=  1): ATM
20230515 100057.712 INFO             PET0       OCN-TO-ATM:            exportCplSetList(j=  1): __UNSPECIFIED__
20230515 100057.712 INFO             PET0       OCN-TO-ATM: bondLevel= 1
20230515 100057.712 INFO             PET0       OCN-TO-ATM: => added cplList(  1)=sea_surface_temperature, cplSetList(  1)=__UNSPECIFIED__
20230515 100057.712 INFO             PET0     OCN-TO-ATM: InitializeIPDv05p2b extro.
20230515 100057.712 INFO             PET0     esm: IInitModifyCplLists intro.
20230515 100057.713 INFO             PET0     esm: IInitModifyCplLists extro.
20230515 100057.713 INFO             PET0     ATM-TO-OCN: InitializeIPDv05p3 intro.
20230515 100057.717 INFO             PET0       ATM-TO-OCN: handle cplList(1): air_pressure_at_sea_level, cplSetList(1): __UNSPECIFIED__
20230515 100057.717 INFO             PET0       ATM-TO-OCN: - connected.
20230515 100057.717 INFO             PET0       ATM-TO-OCN: - both sides must provide the Field/GeomObject.
20230515 100057.717 INFO             PET0       ATM-TO-OCN: handle cplList(2): surface_net_downward_shortwave_flux, cplSetList(2): __UNSPECIFIED__
20230515 100057.717 INFO             PET0       ATM-TO-OCN: - connected.
20230515 100057.717 INFO             PET0       ATM-TO-OCN: - both sides must provide the Field/GeomObject.
20230515 100057.717 INFO             PET0     ATM-TO-OCN: InitializeIPDv05p3 extro.
20230515 100057.717 INFO             PET0     OCN-TO-ATM: InitializeIPDv05p3 intro.
20230515 100057.721 INFO             PET0       OCN-TO-ATM: handle cplList(1): sea_surface_temperature, cplSetList(1): __UNSPECIFIED__
20230515 100057.721 INFO             PET0       OCN-TO-ATM: - connected.
20230515 100057.721 INFO             PET0       OCN-TO-ATM: - both sides must provide the Field/GeomObject.
20230515 100057.721 INFO             PET0     OCN-TO-ATM: InitializeIPDv05p3 extro.
20230515 100057.721 INFO             PET0     <<<esm: leaving Initialize (phase=<none>) with current time: 2010  6  1  0  0  0   0
20230515 100057.721 INFO             PET0   esm: InitializeIPDv02p1 extro.
20230515 100057.721 INFO             PET0   esm: InitializeIPDv02p3 intro.
20230515 100057.721 INFO             PET0     >>>esm: entered Initialize (phase=<none>) with current time: 2010  6  1  0  0  0   0
20230515 100057.721 INFO             PET0     esm: IInitCheck intro.
20230515 100057.721 INFO             PET0     esm: IInitCheck extro.
20230515 100057.722 INFO             PET0     ATM: InitializeIPDvXp04 intro.
20230515 100057.722 INFO             PET0       >>>ATM: entered Initialize (phase=IPDvXp04) without valid internal Clock.
20230515 100057.727 INFO             PET0       <<<ATM: leaving Initialize (phase=IPDvXp04) without valid internal Clock.
20230515 100057.727 INFO             PET0     ATM: InitializeIPDvXp04 extro.
20230515 100057.727 INFO             PET0     OCN: InitializeIPDvXp04 intro.
20230515 100057.727 INFO             PET0       >>>OCN: entered Initialize (phase=IPDvXp04) without valid internal Clock.
20230515 100057.731 INFO             PET0       <<<OCN: leaving Initialize (phase=IPDvXp04) without valid internal Clock.
20230515 100057.731 INFO             PET0     OCN: InitializeIPDvXp04 extro.
20230515 100057.732 INFO             PET0     ATM-TO-OCN: InitializeIPDv05p4 intro.
20230515 100057.740 INFO             PET0       ATM-TO-OCN: handle cplList(1): air_pressure_at_sea_level, cplSetList(1): __UNSPECIFIED__
20230515 100057.740 INFO             PET0       ATM-TO-OCN: - nothing shared or transferred
20230515 100057.740 INFO             PET0       ATM-TO-OCN: handle cplList(2): surface_net_downward_shortwave_flux, cplSetList(2): __UNSPECIFIED__
20230515 100057.741 INFO             PET0       ATM-TO-OCN: - nothing shared or transferred
20230515 100057.741 INFO             PET0     ATM-TO-OCN: InitializeIPDv05p4 extro.
20230515 100057.741 INFO             PET0     OCN-TO-ATM: InitializeIPDv05p4 intro.
20230515 100057.745 INFO             PET0       OCN-TO-ATM: handle cplList(1): sea_surface_temperature, cplSetList(1): __UNSPECIFIED__
20230515 100057.745 INFO             PET0       OCN-TO-ATM: - nothing shared or transferred
20230515 100057.745 INFO             PET0     OCN-TO-ATM: InitializeIPDv05p4 extro.
20230515 100057.745 INFO             PET0     ATM-TO-OCN: InitializeIPDv05p5 intro.
20230515 100057.751 INFO             PET0       ATM-TO-OCN: handle cplList(1): air_pressure_at_sea_level, cplSetList(1): __UNSPECIFIED__
20230515 100057.751 INFO             PET0       ATM-TO-OCN: - nothing shared or transferred, or may already be handled
20230515 100057.751 INFO             PET0       ATM-TO-OCN: handle cplList(2): surface_net_downward_shortwave_flux, cplSetList(2): __UNSPECIFIED__
20230515 100057.751 INFO             PET0       ATM-TO-OCN: - nothing shared or transferred, or may already be handled
20230515 100057.751 INFO             PET0     ATM-TO-OCN: InitializeIPDv05p5 extro.
20230515 100057.751 INFO             PET0     OCN-TO-ATM: InitializeIPDv05p5 intro.
20230515 100057.755 INFO             PET0       OCN-TO-ATM: handle cplList(1): sea_surface_temperature, cplSetList(1): __UNSPECIFIED__
20230515 100057.756 INFO             PET0       OCN-TO-ATM: - nothing shared or transferred, or may already be handled
20230515 100057.756 INFO             PET0     OCN-TO-ATM: InitializeIPDv05p5 extro.
20230515 100057.756 INFO             PET0     esm: IInitRealize intro.
20230515 100057.756 INFO             PET0     esm: IInitRealize extro.
20230515 100057.756 INFO             PET0     ATM-TO-OCN: InitializeIPDv05p6a intro.
20230515 100057.761 INFO             PET0     ATM-TO-OCN: InitializeIPDv05p6a extro.
20230515 100057.762 INFO             PET0     OCN-TO-ATM: InitializeIPDv05p6a intro.
20230515 100057.765 INFO             PET0     OCN-TO-ATM: InitializeIPDv05p6a extro.
20230515 100057.765 INFO             PET0     ATM-TO-OCN: InitializeIPDv05p6b intro.
20230515 100057.766 INFO             PET0       ATM-TO-OCN: handle cplList(1): air_pressure_at_sea_level, cplSetList(1): __UNSPECIFIED__
20230515 100057.766 INFO             PET0       ATM-TO-OCN: - no Field sharing between import and export side: remap.
20230515 100057.766 INFO             PET0       ATM-TO-OCN: handle cplList(2): surface_net_downward_shortwave_flux, cplSetList(2): __UNSPECIFIED__
20230515 100057.766 INFO             PET0       ATM-TO-OCN: - no Field sharing between import and export side: remap.
20230515 100057.766 DEBUG            PET0       ESMF_FieldBundleRegridStorePair(): Inside 'rhReuse' branch!
20230515 100057.634 INFO             PET1 !!!!!!!!!!!!!!!!!!!!!!!!!!!!!!!!!!!!!!!!!!!!!!!!!!!!!!
20230515 100057.635 INFO             PET1 !!! THE ESMF_LOG IS SET TO OUTPUT ALL LOG MESSAGES !!!
20230515 100057.635 INFO             PET1 !!!     THIS MAY CAUSE SLOWDOWN IN PERFORMANCE     !!!
20230515 100057.635 INFO             PET1 !!! FOR PRODUCTION RUNS, USE:                      !!!
20230515 100057.635 INFO             PET1 !!!                   ESMF_LOGKIND_Multi_On_Error  !!!
20230515 100057.635 INFO             PET1 !!!!!!!!!!!!!!!!!!!!!!!!!!!!!!!!!!!!!!!!!!!!!!!!!!!!!!
20230515 100057.635 INFO             PET1 Running with ESMF Version   : v8.5.0b20-7-g842a2b6b0d
20230515 100057.635 INFO             PET1 ESMF library build date/time: "May 15 2023" "08:15:08"
20230515 100057.635 INFO             PET1 ESMF library build location : /scratch2/NCEPDEV/stmp1/Gerhard.Theurich/ESMF-Nightly-Testing/pgi_19.1_intelmpi_g_fix_profile_summary_at_scale/esmf
20230515 100057.635 INFO             PET1 ESMF_COMM                   : intelmpi
20230515 100057.636 INFO             PET1 ESMF_MOAB                   : enabled
20230515 100057.636 INFO             PET1 ESMF_LAPACK                 : enabled
20230515 100057.636 INFO             PET1 ESMF_NETCDF                 : disabled
20230515 100057.636 INFO             PET1 ESMF_PNETCDF                : disabled
20230515 100057.636 INFO             PET1 ESMF_PIO                    : disabled
20230515 100057.636 INFO             PET1 ESMF_YAMLCPP                : enabled
20230515 100057.636 INFO             PET1 esmApp STARTING
20230515 100057.637 INFO             PET1 standardName:                          air_pressure_at_sea_level
20230515 100057.637 INFO             PET1 canonicalUnits:                                               Pa
20230515 100057.637 INFO             PET1 ----------------------------------------------------------------
20230515 100057.637 INFO             PET1 standardName:               magnitude_of_surface_downward_stress
20230515 100057.637 INFO             PET1 canonicalUnits:                                               Pa
20230515 100057.637 INFO             PET1 ----------------------------------------------------------------
20230515 100057.637 INFO             PET1 standardName:                                 precipitation_flux
20230515 100057.637 INFO             PET1 canonicalUnits:                                       kg m-2 s-1
20230515 100057.637 INFO             PET1 ----------------------------------------------------------------
20230515 100057.637 INFO             PET1 standardName:                                      sea_surf_temp
20230515 100057.637 INFO             PET1 canonicalUnits:                                                K
20230515 100057.637 INFO             PET1 synonym:                                 sea_surface_temperature
20230515 100057.637 INFO             PET1 ----------------------------------------------------------------
20230515 100057.637 INFO             PET1 standardName:                 sea_surface_height_above_sea_level
20230515 100057.637 INFO             PET1 canonicalUnits:                                                m
20230515 100057.637 INFO             PET1 ----------------------------------------------------------------
20230515 100057.637 INFO             PET1 standardName:                               sea_surface_salinity
20230515 100057.637 INFO             PET1 canonicalUnits:                                             1e-3
20230515 100057.637 INFO             PET1 ----------------------------------------------------------------
20230515 100057.637 INFO             PET1 standardName:                            sea_surface_temperature
20230515 100057.637 INFO             PET1 canonicalUnits:                                                K
20230515 100057.637 INFO             PET1 synonym:                                           sea_surf_temp
20230515 100057.637 INFO             PET1 ----------------------------------------------------------------
20230515 100057.637 INFO             PET1 standardName:                   surface_downward_eastward_stress
20230515 100057.637 INFO             PET1 canonicalUnits:                                               Pa
20230515 100057.637 INFO             PET1 ----------------------------------------------------------------
20230515 100057.637 INFO             PET1 standardName:                  surface_downward_heat_flux_in_air
20230515 100057.637 INFO             PET1 canonicalUnits:                                            W m-2
20230515 100057.637 INFO             PET1 ----------------------------------------------------------------
20230515 100057.637 INFO             PET1 standardName:                  surface_downward_northward_stress
20230515 100057.637 INFO             PET1 canonicalUnits:                                               Pa
20230515 100057.637 INFO             PET1 ----------------------------------------------------------------
20230515 100057.637 INFO             PET1 standardName:                        surface_downward_water_flux
20230515 100057.638 INFO             PET1 canonicalUnits:                                       kg m-2 s-1
20230515 100057.638 INFO             PET1 ----------------------------------------------------------------
20230515 100057.638 INFO             PET1 standardName:                surface_eastward_sea_water_velocity
20230515 100057.638 INFO             PET1 canonicalUnits:                                            m s-1
20230515 100057.638 INFO             PET1 ----------------------------------------------------------------
20230515 100057.638 INFO             PET1 standardName:                 surface_net_downward_longwave_flux
20230515 100057.638 INFO             PET1 canonicalUnits:                                            W m-2
20230515 100057.638 INFO             PET1 ----------------------------------------------------------------
20230515 100057.638 INFO             PET1 standardName:                surface_net_downward_shortwave_flux
20230515 100057.638 INFO             PET1 canonicalUnits:                                            W m-2
20230515 100057.638 INFO             PET1 ----------------------------------------------------------------
20230515 100057.638 INFO             PET1 standardName:               surface_northward_sea_water_velocity
20230515 100057.638 INFO             PET1 canonicalUnits:                                            m s-1
20230515 100057.638 INFO             PET1 ----------------------------------------------------------------
20230515 100057.643 INFO             PET1 esm: InitializeGeneric intro.
20230515 100057.643 INFO             PET1   esm: InitializeP0 intro.
20230515 100057.643 INFO             PET1   esm: InitializeP0 extro.
20230515 100057.643 INFO             PET1   esm: InitializeIPDv02p1 intro.
20230515 100057.644 INFO             PET1     >>>esm: entered Initialize (phase=<none>) without valid internal Clock.
20230515 100057.644 INFO             PET1     esm - Creating model component ATM without petList.
20230515 100057.648 INFO             PET1     esm - Creating model component OCN without petList.
20230515 100057.652 INFO             PET1     esm - Creating connector component ATM-TO-OCN without petList.
20230515 100057.659 INFO             PET1     esm - Creating connector component OCN-TO-ATM without petList.
20230515 100057.667 INFO             PET1     esm - Creating state: modelComp 1 Import State
20230515 100057.667 INFO             PET1     esm - Creating state: modelComp 1 Export State
20230515 100057.667 INFO             PET1     esm - Creating state: modelComp 2 Import State
20230515 100057.667 INFO             PET1     esm - Creating state: modelComp 2 Export State
20230515 100057.669 INFO             PET1     ATM: InitializeP0 intro.
20230515 100057.669 INFO             PET1       >>>ATM: entered Initialize (phase=<none>) without valid internal Clock.
20230515 100057.671 INFO             PET1       <<<ATM: leaving Initialize (phase=<none>) without valid internal Clock.
20230515 100057.671 INFO             PET1     ATM: InitializeP0 extro.
20230515 100057.671 INFO             PET1     OCN: InitializeP0 intro.
20230515 100057.671 INFO             PET1       >>>OCN: entered Initialize (phase=<none>) without valid internal Clock.
20230515 100057.673 INFO             PET1       <<<OCN: leaving Initialize (phase=<none>) without valid internal Clock.
20230515 100057.673 INFO             PET1     OCN: InitializeP0 extro.
20230515 100057.675 INFO             PET1     ATM-TO-OCN: InitializeP0 intro.
20230515 100057.676 INFO             PET1     ATM-TO-OCN: InitializeP0 extro.
20230515 100057.676 INFO             PET1     OCN-TO-ATM: InitializeP0 intro.
20230515 100057.677 INFO             PET1     OCN-TO-ATM: InitializeP0 extro.
20230515 100057.679 INFO             PET1     esm: IInitAdvertise intro.
20230515 100057.679 INFO             PET1     esm: IInitAdvertise extro.
20230515 100057.679 INFO             PET1     ATM: InitializeIPDvXp01 intro.
20230515 100057.679 INFO             PET1       >>>ATM: entered Initialize (phase=IPDvXp01) without valid internal Clock.
20230515 100057.682 INFO             PET1       <<<ATM: leaving Initialize (phase=IPDvXp01) without valid internal Clock.
20230515 100057.682 INFO             PET1     ATM: InitializeIPDvXp01 extro.
20230515 100057.683 INFO             PET1     OCN: InitializeIPDvXp01 intro.
20230515 100057.683 INFO             PET1       >>>OCN: entered Initialize (phase=IPDvXp01) without valid internal Clock.
20230515 100057.686 INFO             PET1       <<<OCN: leaving Initialize (phase=IPDvXp01) without valid internal Clock.
20230515 100057.686 INFO             PET1     OCN: InitializeIPDvXp01 extro.
20230515 100057.688 INFO             PET1     ATM-TO-OCN: InitializeIPDv05p1 intro.
20230515 100057.692 INFO             PET1       ATM-TO-OCN: importState FieldTransferPolicy = transferNone
20230515 100057.692 INFO             PET1       ATM-TO-OCN: exportState FieldTransferPolicy = transferNone
20230515 100057.692 INFO             PET1     ATM-TO-OCN: InitializeIPDv05p1 extro.
20230515 100057.692 INFO             PET1     OCN-TO-ATM: InitializeIPDv05p1 intro.
20230515 100057.696 INFO             PET1       OCN-TO-ATM: importState FieldTransferPolicy = transferNone
20230515 100057.696 INFO             PET1       OCN-TO-ATM: exportState FieldTransferPolicy = transferNone
20230515 100057.696 INFO             PET1     OCN-TO-ATM: InitializeIPDv05p1 extro.
20230515 100057.696 INFO             PET1     esm: IInitAdvertiseFinish intro.
20230515 100057.696 INFO             PET1     esm: IInitAdvertiseFinish extro.
20230515 100057.696 INFO             PET1     ATM-TO-OCN: InitializeIPDv05p2a intro.
20230515 100057.700 INFO             PET1       ATM-TO-OCN:      importStandardNameList(i=  1): air_pressure_at_sea_level
20230515 100057.700 INFO             PET1       ATM-TO-OCN:         importNamespaceList(i=  1): ATM
20230515 100057.700 INFO             PET1       ATM-TO-OCN:            importCplSetList(i=  1): __UNSPECIFIED__
20230515 100057.700 INFO             PET1       ATM-TO-OCN:      exportStandardNameList(j=  1): air_pressure_at_sea_level
20230515 100057.700 INFO             PET1       ATM-TO-OCN:         exportNamespaceList(j=  1): OCN
20230515 100057.700 INFO             PET1       ATM-TO-OCN:            exportCplSetList(j=  1): __UNSPECIFIED__
20230515 100057.700 INFO             PET1       ATM-TO-OCN: bondLevel= 1
20230515 100057.700 INFO             PET1       ATM-TO-OCN: ProducerConnection (bondLevelMax):         1
20230515 100057.700 INFO             PET1       ATM-TO-OCN:      importStandardNameList(i=  2): surface_net_downward_shortwave_flux
20230515 100057.700 INFO             PET1       ATM-TO-OCN:         importNamespaceList(i=  2): ATM
20230515 100057.700 INFO             PET1       ATM-TO-OCN:            importCplSetList(i=  2): __UNSPECIFIED__
20230515 100057.701 INFO             PET1       ATM-TO-OCN:      exportStandardNameList(j=  2): surface_net_downward_shortwave_flux
20230515 100057.701 INFO             PET1       ATM-TO-OCN:         exportNamespaceList(j=  2): OCN
20230515 100057.701 INFO             PET1       ATM-TO-OCN:            exportCplSetList(j=  2): __UNSPECIFIED__
20230515 100057.701 INFO             PET1       ATM-TO-OCN: bondLevel= 1
20230515 100057.701 INFO             PET1       ATM-TO-OCN: ProducerConnection (bondLevelMax):         1
20230515 100057.701 INFO             PET1     ATM-TO-OCN: InitializeIPDv05p2a extro.
20230515 100057.701 INFO             PET1     OCN-TO-ATM: InitializeIPDv05p2a intro.
20230515 100057.704 INFO             PET1       OCN-TO-ATM:      importStandardNameList(i=  1): sea_surface_temperature
20230515 100057.704 INFO             PET1       OCN-TO-ATM:         importNamespaceList(i=  1): OCN
20230515 100057.704 INFO             PET1       OCN-TO-ATM:            importCplSetList(i=  1): __UNSPECIFIED__
20230515 100057.704 INFO             PET1       OCN-TO-ATM:      exportStandardNameList(j=  1): sea_surf_temp
20230515 100057.704 INFO             PET1       OCN-TO-ATM:         exportNamespaceList(j=  1): ATM
20230515 100057.704 INFO             PET1       OCN-TO-ATM:            exportCplSetList(j=  1): __UNSPECIFIED__
20230515 100057.704 INFO             PET1       OCN-TO-ATM: bondLevel= 1
20230515 100057.704 INFO             PET1       OCN-TO-ATM: ProducerConnection (bondLevelMax):         1
20230515 100057.704 INFO             PET1     OCN-TO-ATM: InitializeIPDv05p2a extro.
20230515 100057.704 INFO             PET1     ATM-TO-OCN: InitializeIPDv05p2b intro.
20230515 100057.708 INFO             PET1       ATM-TO-OCN:      importStandardNameList(i=  1): air_pressure_at_sea_level
20230515 100057.708 INFO             PET1       ATM-TO-OCN:         importNamespaceList(i=  1): ATM
20230515 100057.708 INFO             PET1       ATM-TO-OCN:            importCplSetList(i=  1): __UNSPECIFIED__
20230515 100057.708 INFO             PET1       ATM-TO-OCN:      exportStandardNameList(j=  1): air_pressure_at_sea_level
20230515 100057.708 INFO             PET1       ATM-TO-OCN:         exportNamespaceList(j=  1): OCN
20230515 100057.708 INFO             PET1       ATM-TO-OCN:            exportCplSetList(j=  1): __UNSPECIFIED__
20230515 100057.708 INFO             PET1       ATM-TO-OCN: bondLevel= 1
20230515 100057.708 INFO             PET1       ATM-TO-OCN: => added cplList(  1)=air_pressure_at_sea_level, cplSetList(  1)=__UNSPECIFIED__
20230515 100057.708 INFO             PET1       ATM-TO-OCN:      importStandardNameList(i=  2): surface_net_downward_shortwave_flux
20230515 100057.708 INFO             PET1       ATM-TO-OCN:         importNamespaceList(i=  2): ATM
20230515 100057.709 INFO             PET1       ATM-TO-OCN:            importCplSetList(i=  2): __UNSPECIFIED__
20230515 100057.709 INFO             PET1       ATM-TO-OCN:      exportStandardNameList(j=  2): surface_net_downward_shortwave_flux
20230515 100057.709 INFO             PET1       ATM-TO-OCN:         exportNamespaceList(j=  2): OCN
20230515 100057.709 INFO             PET1       ATM-TO-OCN:            exportCplSetList(j=  2): __UNSPECIFIED__
20230515 100057.709 INFO             PET1       ATM-TO-OCN: bondLevel= 1
20230515 100057.709 INFO             PET1       ATM-TO-OCN: => added cplList(  2)=surface_net_downward_shortwave_flux, cplSetList(  2)=__UNSPECIFIED__
20230515 100057.709 INFO             PET1     ATM-TO-OCN: InitializeIPDv05p2b extro.
20230515 100057.709 INFO             PET1     OCN-TO-ATM: InitializeIPDv05p2b intro.
20230515 100057.712 INFO             PET1       OCN-TO-ATM:      importStandardNameList(i=  1): sea_surface_temperature
20230515 100057.712 INFO             PET1       OCN-TO-ATM:         importNamespaceList(i=  1): OCN
20230515 100057.712 INFO             PET1       OCN-TO-ATM:            importCplSetList(i=  1): __UNSPECIFIED__
20230515 100057.712 INFO             PET1       OCN-TO-ATM:      exportStandardNameList(j=  1): sea_surf_temp
20230515 100057.712 INFO             PET1       OCN-TO-ATM:         exportNamespaceList(j=  1): ATM
20230515 100057.712 INFO             PET1       OCN-TO-ATM:            exportCplSetList(j=  1): __UNSPECIFIED__
20230515 100057.712 INFO             PET1       OCN-TO-ATM: bondLevel= 1
20230515 100057.712 INFO             PET1       OCN-TO-ATM: => added cplList(  1)=sea_surface_temperature, cplSetList(  1)=__UNSPECIFIED__
20230515 100057.712 INFO             PET1     OCN-TO-ATM: InitializeIPDv05p2b extro.
20230515 100057.713 INFO             PET1     esm: IInitModifyCplLists intro.
20230515 100057.713 INFO             PET1     esm: IInitModifyCplLists extro.
20230515 100057.713 INFO             PET1     ATM-TO-OCN: InitializeIPDv05p3 intro.
20230515 100057.717 INFO             PET1       ATM-TO-OCN: handle cplList(1): air_pressure_at_sea_level, cplSetList(1): __UNSPECIFIED__
20230515 100057.717 INFO             PET1       ATM-TO-OCN: - connected.
20230515 100057.717 INFO             PET1       ATM-TO-OCN: - both sides must provide the Field/GeomObject.
20230515 100057.717 INFO             PET1       ATM-TO-OCN: handle cplList(2): surface_net_downward_shortwave_flux, cplSetList(2): __UNSPECIFIED__
20230515 100057.717 INFO             PET1       ATM-TO-OCN: - connected.
20230515 100057.717 INFO             PET1       ATM-TO-OCN: - both sides must provide the Field/GeomObject.
20230515 100057.717 INFO             PET1     ATM-TO-OCN: InitializeIPDv05p3 extro.
20230515 100057.718 INFO             PET1     OCN-TO-ATM: InitializeIPDv05p3 intro.
20230515 100057.721 INFO             PET1       OCN-TO-ATM: handle cplList(1): sea_surface_temperature, cplSetList(1): __UNSPECIFIED__
20230515 100057.721 INFO             PET1       OCN-TO-ATM: - connected.
20230515 100057.721 INFO             PET1       OCN-TO-ATM: - both sides must provide the Field/GeomObject.
20230515 100057.721 INFO             PET1     OCN-TO-ATM: InitializeIPDv05p3 extro.
20230515 100057.721 INFO             PET1     <<<esm: leaving Initialize (phase=<none>) with current time: 2010  6  1  0  0  0   0
20230515 100057.721 INFO             PET1   esm: InitializeIPDv02p1 extro.
20230515 100057.721 INFO             PET1   esm: InitializeIPDv02p3 intro.
20230515 100057.721 INFO             PET1     >>>esm: entered Initialize (phase=<none>) with current time: 2010  6  1  0  0  0   0
20230515 100057.722 INFO             PET1     esm: IInitCheck intro.
20230515 100057.722 INFO             PET1     esm: IInitCheck extro.
20230515 100057.722 INFO             PET1     ATM: InitializeIPDvXp04 intro.
20230515 100057.722 INFO             PET1       >>>ATM: entered Initialize (phase=IPDvXp04) without valid internal Clock.
20230515 100057.728 INFO             PET1       <<<ATM: leaving Initialize (phase=IPDvXp04) without valid internal Clock.
20230515 100057.728 INFO             PET1     ATM: InitializeIPDvXp04 extro.
20230515 100057.728 INFO             PET1     OCN: InitializeIPDvXp04 intro.
20230515 100057.728 INFO             PET1       >>>OCN: entered Initialize (phase=IPDvXp04) without valid internal Clock.
20230515 100057.733 INFO             PET1       <<<OCN: leaving Initialize (phase=IPDvXp04) without valid internal Clock.
20230515 100057.733 INFO             PET1     OCN: InitializeIPDvXp04 extro.
20230515 100057.735 INFO             PET1     ATM-TO-OCN: InitializeIPDv05p4 intro.
20230515 100057.741 INFO             PET1       ATM-TO-OCN: handle cplList(1): air_pressure_at_sea_level, cplSetList(1): __UNSPECIFIED__
20230515 100057.741 INFO             PET1       ATM-TO-OCN: - nothing shared or transferred
20230515 100057.741 INFO             PET1       ATM-TO-OCN: handle cplList(2): surface_net_downward_shortwave_flux, cplSetList(2): __UNSPECIFIED__
20230515 100057.741 INFO             PET1       ATM-TO-OCN: - nothing shared or transferred
20230515 100057.741 INFO             PET1     ATM-TO-OCN: InitializeIPDv05p4 extro.
20230515 100057.741 INFO             PET1     OCN-TO-ATM: InitializeIPDv05p4 intro.
20230515 100057.745 INFO             PET1       OCN-TO-ATM: handle cplList(1): sea_surface_temperature, cplSetList(1): __UNSPECIFIED__
20230515 100057.745 INFO             PET1       OCN-TO-ATM: - nothing shared or transferred
20230515 100057.745 INFO             PET1     OCN-TO-ATM: InitializeIPDv05p4 extro.
20230515 100057.745 INFO             PET1     ATM-TO-OCN: InitializeIPDv05p5 intro.
20230515 100057.751 INFO             PET1       ATM-TO-OCN: handle cplList(1): air_pressure_at_sea_level, cplSetList(1): __UNSPECIFIED__
20230515 100057.751 INFO             PET1       ATM-TO-OCN: - nothing shared or transferred, or may already be handled
20230515 100057.751 INFO             PET1       ATM-TO-OCN: handle cplList(2): surface_net_downward_shortwave_flux, cplSetList(2): __UNSPECIFIED__
20230515 100057.751 INFO             PET1       ATM-TO-OCN: - nothing shared or transferred, or may already be handled
20230515 100057.751 INFO             PET1     ATM-TO-OCN: InitializeIPDv05p5 extro.
20230515 100057.752 INFO             PET1     OCN-TO-ATM: InitializeIPDv05p5 intro.
20230515 100057.756 INFO             PET1       OCN-TO-ATM: handle cplList(1): sea_surface_temperature, cplSetList(1): __UNSPECIFIED__
20230515 100057.756 INFO             PET1       OCN-TO-ATM: - nothing shared or transferred, or may already be handled
20230515 100057.756 INFO             PET1     OCN-TO-ATM: InitializeIPDv05p5 extro.
20230515 100057.756 INFO             PET1     esm: IInitRealize intro.
20230515 100057.756 INFO             PET1     esm: IInitRealize extro.
20230515 100057.756 INFO             PET1     ATM-TO-OCN: InitializeIPDv05p6a intro.
20230515 100057.762 INFO             PET1     ATM-TO-OCN: InitializeIPDv05p6a extro.
20230515 100057.762 INFO             PET1     OCN-TO-ATM: InitializeIPDv05p6a intro.
20230515 100057.765 INFO             PET1     OCN-TO-ATM: InitializeIPDv05p6a extro.
20230515 100057.766 INFO             PET1     ATM-TO-OCN: InitializeIPDv05p6b intro.
20230515 100057.766 INFO             PET1       ATM-TO-OCN: handle cplList(1): air_pressure_at_sea_level, cplSetList(1): __UNSPECIFIED__
20230515 100057.766 INFO             PET1       ATM-TO-OCN: - no Field sharing between import and export side: remap.
20230515 100057.766 INFO             PET1       ATM-TO-OCN: handle cplList(2): surface_net_downward_shortwave_flux, cplSetList(2): __UNSPECIFIED__
20230515 100057.766 INFO             PET1       ATM-TO-OCN: - no Field sharing between import and export side: remap.
20230515 100057.767 DEBUG            PET1       ESMF_FieldBundleRegridStorePair(): Inside 'rhReuse' branch!
20230515 100057.633 INFO             PET2 !!!!!!!!!!!!!!!!!!!!!!!!!!!!!!!!!!!!!!!!!!!!!!!!!!!!!!
20230515 100057.634 INFO             PET2 !!! THE ESMF_LOG IS SET TO OUTPUT ALL LOG MESSAGES !!!
20230515 100057.634 INFO             PET2 !!!     THIS MAY CAUSE SLOWDOWN IN PERFORMANCE     !!!
20230515 100057.634 INFO             PET2 !!! FOR PRODUCTION RUNS, USE:                      !!!
20230515 100057.634 INFO             PET2 !!!                   ESMF_LOGKIND_Multi_On_Error  !!!
20230515 100057.634 INFO             PET2 !!!!!!!!!!!!!!!!!!!!!!!!!!!!!!!!!!!!!!!!!!!!!!!!!!!!!!
20230515 100057.634 INFO             PET2 Running with ESMF Version   : v8.5.0b20-7-g842a2b6b0d
20230515 100057.634 INFO             PET2 ESMF library build date/time: "May 15 2023" "08:15:08"
20230515 100057.634 INFO             PET2 ESMF library build location : /scratch2/NCEPDEV/stmp1/Gerhard.Theurich/ESMF-Nightly-Testing/pgi_19.1_intelmpi_g_fix_profile_summary_at_scale/esmf
20230515 100057.634 INFO             PET2 ESMF_COMM                   : intelmpi
20230515 100057.635 INFO             PET2 ESMF_MOAB                   : enabled
20230515 100057.635 INFO             PET2 ESMF_LAPACK                 : enabled
20230515 100057.635 INFO             PET2 ESMF_NETCDF                 : disabled
20230515 100057.635 INFO             PET2 ESMF_PNETCDF                : disabled
20230515 100057.635 INFO             PET2 ESMF_PIO                    : disabled
20230515 100057.635 INFO             PET2 ESMF_YAMLCPP                : enabled
20230515 100057.636 INFO             PET2 esmApp STARTING
20230515 100057.637 INFO             PET2 standardName:                          air_pressure_at_sea_level
20230515 100057.637 INFO             PET2 canonicalUnits:                                               Pa
20230515 100057.637 INFO             PET2 ----------------------------------------------------------------
20230515 100057.637 INFO             PET2 standardName:               magnitude_of_surface_downward_stress
20230515 100057.637 INFO             PET2 canonicalUnits:                                               Pa
20230515 100057.637 INFO             PET2 ----------------------------------------------------------------
20230515 100057.637 INFO             PET2 standardName:                                 precipitation_flux
20230515 100057.637 INFO             PET2 canonicalUnits:                                       kg m-2 s-1
20230515 100057.637 INFO             PET2 ----------------------------------------------------------------
20230515 100057.637 INFO             PET2 standardName:                                      sea_surf_temp
20230515 100057.637 INFO             PET2 canonicalUnits:                                                K
20230515 100057.637 INFO             PET2 synonym:                                 sea_surface_temperature
20230515 100057.637 INFO             PET2 ----------------------------------------------------------------
20230515 100057.637 INFO             PET2 standardName:                 sea_surface_height_above_sea_level
20230515 100057.637 INFO             PET2 canonicalUnits:                                                m
20230515 100057.637 INFO             PET2 ----------------------------------------------------------------
20230515 100057.637 INFO             PET2 standardName:                               sea_surface_salinity
20230515 100057.637 INFO             PET2 canonicalUnits:                                             1e-3
20230515 100057.637 INFO             PET2 ----------------------------------------------------------------
20230515 100057.637 INFO             PET2 standardName:                            sea_surface_temperature
20230515 100057.637 INFO             PET2 canonicalUnits:                                                K
20230515 100057.637 INFO             PET2 synonym:                                           sea_surf_temp
20230515 100057.637 INFO             PET2 ----------------------------------------------------------------
20230515 100057.637 INFO             PET2 standardName:                   surface_downward_eastward_stress
20230515 100057.637 INFO             PET2 canonicalUnits:                                               Pa
20230515 100057.637 INFO             PET2 ----------------------------------------------------------------
20230515 100057.637 INFO             PET2 standardName:                  surface_downward_heat_flux_in_air
20230515 100057.637 INFO             PET2 canonicalUnits:                                            W m-2
20230515 100057.637 INFO             PET2 ----------------------------------------------------------------
20230515 100057.637 INFO             PET2 standardName:                  surface_downward_northward_stress
20230515 100057.637 INFO             PET2 canonicalUnits:                                               Pa
20230515 100057.637 INFO             PET2 ----------------------------------------------------------------
20230515 100057.637 INFO             PET2 standardName:                        surface_downward_water_flux
20230515 100057.637 INFO             PET2 canonicalUnits:                                       kg m-2 s-1
20230515 100057.637 INFO             PET2 ----------------------------------------------------------------
20230515 100057.637 INFO             PET2 standardName:                surface_eastward_sea_water_velocity
20230515 100057.637 INFO             PET2 canonicalUnits:                                            m s-1
20230515 100057.638 INFO             PET2 ----------------------------------------------------------------
20230515 100057.638 INFO             PET2 standardName:                 surface_net_downward_longwave_flux
20230515 100057.638 INFO             PET2 canonicalUnits:                                            W m-2
20230515 100057.638 INFO             PET2 ----------------------------------------------------------------
20230515 100057.638 INFO             PET2 standardName:                surface_net_downward_shortwave_flux
20230515 100057.638 INFO             PET2 canonicalUnits:                                            W m-2
20230515 100057.638 INFO             PET2 ----------------------------------------------------------------
20230515 100057.638 INFO             PET2 standardName:               surface_northward_sea_water_velocity
20230515 100057.638 INFO             PET2 canonicalUnits:                                            m s-1
20230515 100057.638 INFO             PET2 ----------------------------------------------------------------
20230515 100057.642 INFO             PET2 esm: InitializeGeneric intro.
20230515 100057.643 INFO             PET2   esm: InitializeP0 intro.
20230515 100057.643 INFO             PET2   esm: InitializeP0 extro.
20230515 100057.643 INFO             PET2   esm: InitializeIPDv02p1 intro.
20230515 100057.643 INFO             PET2     >>>esm: entered Initialize (phase=<none>) without valid internal Clock.
20230515 100057.644 INFO             PET2     esm - Creating model component ATM without petList.
20230515 100057.648 INFO             PET2     esm - Creating model component OCN without petList.
20230515 100057.651 INFO             PET2     esm - Creating connector component ATM-TO-OCN without petList.
20230515 100057.658 INFO             PET2     esm - Creating connector component OCN-TO-ATM without petList.
20230515 100057.665 INFO             PET2     esm - Creating state: modelComp 1 Import State
20230515 100057.665 INFO             PET2     esm - Creating state: modelComp 1 Export State
20230515 100057.666 INFO             PET2     esm - Creating state: modelComp 2 Import State
20230515 100057.666 INFO             PET2     esm - Creating state: modelComp 2 Export State
20230515 100057.667 INFO             PET2     ATM: InitializeP0 intro.
20230515 100057.667 INFO             PET2       >>>ATM: entered Initialize (phase=<none>) without valid internal Clock.
20230515 100057.668 INFO             PET2       <<<ATM: leaving Initialize (phase=<none>) without valid internal Clock.
20230515 100057.669 INFO             PET2     ATM: InitializeP0 extro.
20230515 100057.669 INFO             PET2     OCN: InitializeP0 intro.
20230515 100057.669 INFO             PET2       >>>OCN: entered Initialize (phase=<none>) without valid internal Clock.
20230515 100057.670 INFO             PET2       <<<OCN: leaving Initialize (phase=<none>) without valid internal Clock.
20230515 100057.670 INFO             PET2     OCN: InitializeP0 extro.
20230515 100057.672 INFO             PET2     ATM-TO-OCN: InitializeP0 intro.
20230515 100057.673 INFO             PET2     ATM-TO-OCN: InitializeP0 extro.
20230515 100057.674 INFO             PET2     OCN-TO-ATM: InitializeP0 intro.
20230515 100057.674 INFO             PET2     OCN-TO-ATM: InitializeP0 extro.
20230515 100057.676 INFO             PET2     esm: IInitAdvertise intro.
20230515 100057.676 INFO             PET2     esm: IInitAdvertise extro.
20230515 100057.676 INFO             PET2     ATM: InitializeIPDvXp01 intro.
20230515 100057.676 INFO             PET2       >>>ATM: entered Initialize (phase=IPDvXp01) without valid internal Clock.
20230515 100057.679 INFO             PET2       <<<ATM: leaving Initialize (phase=IPDvXp01) without valid internal Clock.
20230515 100057.679 INFO             PET2     ATM: InitializeIPDvXp01 extro.
20230515 100057.679 INFO             PET2     OCN: InitializeIPDvXp01 intro.
20230515 100057.679 INFO             PET2       >>>OCN: entered Initialize (phase=IPDvXp01) without valid internal Clock.
20230515 100057.681 INFO             PET2       <<<OCN: leaving Initialize (phase=IPDvXp01) without valid internal Clock.
20230515 100057.681 INFO             PET2     OCN: InitializeIPDvXp01 extro.
20230515 100057.683 INFO             PET2     ATM-TO-OCN: InitializeIPDv05p1 intro.
20230515 100057.692 INFO             PET2       ATM-TO-OCN: importState FieldTransferPolicy = transferNone
20230515 100057.692 INFO             PET2       ATM-TO-OCN: exportState FieldTransferPolicy = transferNone
20230515 100057.692 INFO             PET2     ATM-TO-OCN: InitializeIPDv05p1 extro.
20230515 100057.692 INFO             PET2     OCN-TO-ATM: InitializeIPDv05p1 intro.
20230515 100057.695 INFO             PET2       OCN-TO-ATM: importState FieldTransferPolicy = transferNone
20230515 100057.695 INFO             PET2       OCN-TO-ATM: exportState FieldTransferPolicy = transferNone
20230515 100057.696 INFO             PET2     OCN-TO-ATM: InitializeIPDv05p1 extro.
20230515 100057.696 INFO             PET2     esm: IInitAdvertiseFinish intro.
20230515 100057.696 INFO             PET2     esm: IInitAdvertiseFinish extro.
20230515 100057.696 INFO             PET2     ATM-TO-OCN: InitializeIPDv05p2a intro.
20230515 100057.700 INFO             PET2       ATM-TO-OCN:      importStandardNameList(i=  1): air_pressure_at_sea_level
20230515 100057.700 INFO             PET2       ATM-TO-OCN:         importNamespaceList(i=  1): ATM
20230515 100057.700 INFO             PET2       ATM-TO-OCN:            importCplSetList(i=  1): __UNSPECIFIED__
20230515 100057.700 INFO             PET2       ATM-TO-OCN:      exportStandardNameList(j=  1): air_pressure_at_sea_level
20230515 100057.700 INFO             PET2       ATM-TO-OCN:         exportNamespaceList(j=  1): OCN
20230515 100057.700 INFO             PET2       ATM-TO-OCN:            exportCplSetList(j=  1): __UNSPECIFIED__
20230515 100057.700 INFO             PET2       ATM-TO-OCN: bondLevel= 1
20230515 100057.700 INFO             PET2       ATM-TO-OCN: ProducerConnection (bondLevelMax):         1
20230515 100057.700 INFO             PET2       ATM-TO-OCN:      importStandardNameList(i=  2): surface_net_downward_shortwave_flux
20230515 100057.700 INFO             PET2       ATM-TO-OCN:         importNamespaceList(i=  2): ATM
20230515 100057.700 INFO             PET2       ATM-TO-OCN:            importCplSetList(i=  2): __UNSPECIFIED__
20230515 100057.700 INFO             PET2       ATM-TO-OCN:      exportStandardNameList(j=  2): surface_net_downward_shortwave_flux
20230515 100057.700 INFO             PET2       ATM-TO-OCN:         exportNamespaceList(j=  2): OCN
20230515 100057.700 INFO             PET2       ATM-TO-OCN:            exportCplSetList(j=  2): __UNSPECIFIED__
20230515 100057.700 INFO             PET2       ATM-TO-OCN: bondLevel= 1
20230515 100057.700 INFO             PET2       ATM-TO-OCN: ProducerConnection (bondLevelMax):         1
20230515 100057.700 INFO             PET2     ATM-TO-OCN: InitializeIPDv05p2a extro.
20230515 100057.701 INFO             PET2     OCN-TO-ATM: InitializeIPDv05p2a intro.
20230515 100057.704 INFO             PET2       OCN-TO-ATM:      importStandardNameList(i=  1): sea_surface_temperature
20230515 100057.704 INFO             PET2       OCN-TO-ATM:         importNamespaceList(i=  1): OCN
20230515 100057.704 INFO             PET2       OCN-TO-ATM:            importCplSetList(i=  1): __UNSPECIFIED__
20230515 100057.704 INFO             PET2       OCN-TO-ATM:      exportStandardNameList(j=  1): sea_surf_temp
20230515 100057.704 INFO             PET2       OCN-TO-ATM:         exportNamespaceList(j=  1): ATM
20230515 100057.704 INFO             PET2       OCN-TO-ATM:            exportCplSetList(j=  1): __UNSPECIFIED__
20230515 100057.704 INFO             PET2       OCN-TO-ATM: bondLevel= 1
20230515 100057.704 INFO             PET2       OCN-TO-ATM: ProducerConnection (bondLevelMax):         1
20230515 100057.704 INFO             PET2     OCN-TO-ATM: InitializeIPDv05p2a extro.
20230515 100057.704 INFO             PET2     ATM-TO-OCN: InitializeIPDv05p2b intro.
20230515 100057.708 INFO             PET2       ATM-TO-OCN:      importStandardNameList(i=  1): air_pressure_at_sea_level
20230515 100057.708 INFO             PET2       ATM-TO-OCN:         importNamespaceList(i=  1): ATM
20230515 100057.708 INFO             PET2       ATM-TO-OCN:            importCplSetList(i=  1): __UNSPECIFIED__
20230515 100057.708 INFO             PET2       ATM-TO-OCN:      exportStandardNameList(j=  1): air_pressure_at_sea_level
20230515 100057.708 INFO             PET2       ATM-TO-OCN:         exportNamespaceList(j=  1): OCN
20230515 100057.708 INFO             PET2       ATM-TO-OCN:            exportCplSetList(j=  1): __UNSPECIFIED__
20230515 100057.708 INFO             PET2       ATM-TO-OCN: bondLevel= 1
20230515 100057.708 INFO             PET2       ATM-TO-OCN: => added cplList(  1)=air_pressure_at_sea_level, cplSetList(  1)=__UNSPECIFIED__
20230515 100057.708 INFO             PET2       ATM-TO-OCN:      importStandardNameList(i=  2): surface_net_downward_shortwave_flux
20230515 100057.708 INFO             PET2       ATM-TO-OCN:         importNamespaceList(i=  2): ATM
20230515 100057.708 INFO             PET2       ATM-TO-OCN:            importCplSetList(i=  2): __UNSPECIFIED__
20230515 100057.708 INFO             PET2       ATM-TO-OCN:      exportStandardNameList(j=  2): surface_net_downward_shortwave_flux
20230515 100057.708 INFO             PET2       ATM-TO-OCN:         exportNamespaceList(j=  2): OCN
20230515 100057.708 INFO             PET2       ATM-TO-OCN:            exportCplSetList(j=  2): __UNSPECIFIED__
20230515 100057.708 INFO             PET2       ATM-TO-OCN: bondLevel= 1
20230515 100057.708 INFO             PET2       ATM-TO-OCN: => added cplList(  2)=surface_net_downward_shortwave_flux, cplSetList(  2)=__UNSPECIFIED__
20230515 100057.709 INFO             PET2     ATM-TO-OCN: InitializeIPDv05p2b extro.
20230515 100057.709 INFO             PET2     OCN-TO-ATM: InitializeIPDv05p2b intro.
20230515 100057.712 INFO             PET2       OCN-TO-ATM:      importStandardNameList(i=  1): sea_surface_temperature
20230515 100057.712 INFO             PET2       OCN-TO-ATM:         importNamespaceList(i=  1): OCN
20230515 100057.712 INFO             PET2       OCN-TO-ATM:            importCplSetList(i=  1): __UNSPECIFIED__
20230515 100057.712 INFO             PET2       OCN-TO-ATM:      exportStandardNameList(j=  1): sea_surf_temp
20230515 100057.712 INFO             PET2       OCN-TO-ATM:         exportNamespaceList(j=  1): ATM
20230515 100057.712 INFO             PET2       OCN-TO-ATM:            exportCplSetList(j=  1): __UNSPECIFIED__
20230515 100057.712 INFO             PET2       OCN-TO-ATM: bondLevel= 1
20230515 100057.712 INFO             PET2       OCN-TO-ATM: => added cplList(  1)=sea_surface_temperature, cplSetList(  1)=__UNSPECIFIED__
20230515 100057.712 INFO             PET2     OCN-TO-ATM: InitializeIPDv05p2b extro.
20230515 100057.712 INFO             PET2     esm: IInitModifyCplLists intro.
20230515 100057.713 INFO             PET2     esm: IInitModifyCplLists extro.
20230515 100057.713 INFO             PET2     ATM-TO-OCN: InitializeIPDv05p3 intro.
20230515 100057.717 INFO             PET2       ATM-TO-OCN: handle cplList(1): air_pressure_at_sea_level, cplSetList(1): __UNSPECIFIED__
20230515 100057.717 INFO             PET2       ATM-TO-OCN: - connected.
20230515 100057.717 INFO             PET2       ATM-TO-OCN: - both sides must provide the Field/GeomObject.
20230515 100057.717 INFO             PET2       ATM-TO-OCN: handle cplList(2): surface_net_downward_shortwave_flux, cplSetList(2): __UNSPECIFIED__
20230515 100057.717 INFO             PET2       ATM-TO-OCN: - connected.
20230515 100057.717 INFO             PET2       ATM-TO-OCN: - both sides must provide the Field/GeomObject.
20230515 100057.717 INFO             PET2     ATM-TO-OCN: InitializeIPDv05p3 extro.
20230515 100057.717 INFO             PET2     OCN-TO-ATM: InitializeIPDv05p3 intro.
20230515 100057.721 INFO             PET2       OCN-TO-ATM: handle cplList(1): sea_surface_temperature, cplSetList(1): __UNSPECIFIED__
20230515 100057.721 INFO             PET2       OCN-TO-ATM: - connected.
20230515 100057.721 INFO             PET2       OCN-TO-ATM: - both sides must provide the Field/GeomObject.
20230515 100057.721 INFO             PET2     OCN-TO-ATM: InitializeIPDv05p3 extro.
20230515 100057.721 INFO             PET2     <<<esm: leaving Initialize (phase=<none>) with current time: 2010  6  1  0  0  0   0
20230515 100057.721 INFO             PET2   esm: InitializeIPDv02p1 extro.
20230515 100057.721 INFO             PET2   esm: InitializeIPDv02p3 intro.
20230515 100057.721 INFO             PET2     >>>esm: entered Initialize (phase=<none>) with current time: 2010  6  1  0  0  0   0
20230515 100057.721 INFO             PET2     esm: IInitCheck intro.
20230515 100057.721 INFO             PET2     esm: IInitCheck extro.
20230515 100057.722 INFO             PET2     ATM: InitializeIPDvXp04 intro.
20230515 100057.722 INFO             PET2       >>>ATM: entered Initialize (phase=IPDvXp04) without valid internal Clock.
20230515 100057.726 INFO             PET2       <<<ATM: leaving Initialize (phase=IPDvXp04) without valid internal Clock.
20230515 100057.726 INFO             PET2     ATM: InitializeIPDvXp04 extro.
20230515 100057.727 INFO             PET2     OCN: InitializeIPDvXp04 intro.
20230515 100057.727 INFO             PET2       >>>OCN: entered Initialize (phase=IPDvXp04) without valid internal Clock.
20230515 100057.731 INFO             PET2       <<<OCN: leaving Initialize (phase=IPDvXp04) without valid internal Clock.
20230515 100057.731 INFO             PET2     OCN: InitializeIPDvXp04 extro.
20230515 100057.733 INFO             PET2     ATM-TO-OCN: InitializeIPDv05p4 intro.
20230515 100057.740 INFO             PET2       ATM-TO-OCN: handle cplList(1): air_pressure_at_sea_level, cplSetList(1): __UNSPECIFIED__
20230515 100057.740 INFO             PET2       ATM-TO-OCN: - nothing shared or transferred
20230515 100057.740 INFO             PET2       ATM-TO-OCN: handle cplList(2): surface_net_downward_shortwave_flux, cplSetList(2): __UNSPECIFIED__
20230515 100057.741 INFO             PET2       ATM-TO-OCN: - nothing shared or transferred
20230515 100057.741 INFO             PET2     ATM-TO-OCN: InitializeIPDv05p4 extro.
20230515 100057.741 INFO             PET2     OCN-TO-ATM: InitializeIPDv05p4 intro.
20230515 100057.745 INFO             PET2       OCN-TO-ATM: handle cplList(1): sea_surface_temperature, cplSetList(1): __UNSPECIFIED__
20230515 100057.745 INFO             PET2       OCN-TO-ATM: - nothing shared or transferred
20230515 100057.745 INFO             PET2     OCN-TO-ATM: InitializeIPDv05p4 extro.
20230515 100057.745 INFO             PET2     ATM-TO-OCN: InitializeIPDv05p5 intro.
20230515 100057.751 INFO             PET2       ATM-TO-OCN: handle cplList(1): air_pressure_at_sea_level, cplSetList(1): __UNSPECIFIED__
20230515 100057.751 INFO             PET2       ATM-TO-OCN: - nothing shared or transferred, or may already be handled
20230515 100057.751 INFO             PET2       ATM-TO-OCN: handle cplList(2): surface_net_downward_shortwave_flux, cplSetList(2): __UNSPECIFIED__
20230515 100057.751 INFO             PET2       ATM-TO-OCN: - nothing shared or transferred, or may already be handled
20230515 100057.751 INFO             PET2     ATM-TO-OCN: InitializeIPDv05p5 extro.
20230515 100057.751 INFO             PET2     OCN-TO-ATM: InitializeIPDv05p5 intro.
20230515 100057.755 INFO             PET2       OCN-TO-ATM: handle cplList(1): sea_surface_temperature, cplSetList(1): __UNSPECIFIED__
20230515 100057.755 INFO             PET2       OCN-TO-ATM: - nothing shared or transferred, or may already be handled
20230515 100057.755 INFO             PET2     OCN-TO-ATM: InitializeIPDv05p5 extro.
20230515 100057.756 INFO             PET2     esm: IInitRealize intro.
20230515 100057.756 INFO             PET2     esm: IInitRealize extro.
20230515 100057.756 INFO             PET2     ATM-TO-OCN: InitializeIPDv05p6a intro.
20230515 100057.761 INFO             PET2     ATM-TO-OCN: InitializeIPDv05p6a extro.
20230515 100057.762 INFO             PET2     OCN-TO-ATM: InitializeIPDv05p6a intro.
20230515 100057.765 INFO             PET2     OCN-TO-ATM: InitializeIPDv05p6a extro.
20230515 100057.765 INFO             PET2     ATM-TO-OCN: InitializeIPDv05p6b intro.
20230515 100057.766 INFO             PET2       ATM-TO-OCN: handle cplList(1): air_pressure_at_sea_level, cplSetList(1): __UNSPECIFIED__
20230515 100057.766 INFO             PET2       ATM-TO-OCN: - no Field sharing between import and export side: remap.
20230515 100057.766 INFO             PET2       ATM-TO-OCN: handle cplList(2): surface_net_downward_shortwave_flux, cplSetList(2): __UNSPECIFIED__
20230515 100057.766 INFO             PET2       ATM-TO-OCN: - no Field sharing between import and export side: remap.
20230515 100057.766 DEBUG            PET2       ESMF_FieldBundleRegridStorePair(): Inside 'rhReuse' branch!
20230515 100057.635 INFO             PET3 !!!!!!!!!!!!!!!!!!!!!!!!!!!!!!!!!!!!!!!!!!!!!!!!!!!!!!
20230515 100057.635 INFO             PET3 !!! THE ESMF_LOG IS SET TO OUTPUT ALL LOG MESSAGES !!!
20230515 100057.635 INFO             PET3 !!!     THIS MAY CAUSE SLOWDOWN IN PERFORMANCE     !!!
20230515 100057.635 INFO             PET3 !!! FOR PRODUCTION RUNS, USE:                      !!!
20230515 100057.635 INFO             PET3 !!!                   ESMF_LOGKIND_Multi_On_Error  !!!
20230515 100057.635 INFO             PET3 !!!!!!!!!!!!!!!!!!!!!!!!!!!!!!!!!!!!!!!!!!!!!!!!!!!!!!
20230515 100057.635 INFO             PET3 Running with ESMF Version   : v8.5.0b20-7-g842a2b6b0d
20230515 100057.635 INFO             PET3 ESMF library build date/time: "May 15 2023" "08:15:08"
20230515 100057.635 INFO             PET3 ESMF library build location : /scratch2/NCEPDEV/stmp1/Gerhard.Theurich/ESMF-Nightly-Testing/pgi_19.1_intelmpi_g_fix_profile_summary_at_scale/esmf
20230515 100057.635 INFO             PET3 ESMF_COMM                   : intelmpi
20230515 100057.636 INFO             PET3 ESMF_MOAB                   : enabled
20230515 100057.636 INFO             PET3 ESMF_LAPACK                 : enabled
20230515 100057.636 INFO             PET3 ESMF_NETCDF                 : disabled
20230515 100057.636 INFO             PET3 ESMF_PNETCDF                : disabled
20230515 100057.636 INFO             PET3 ESMF_PIO                    : disabled
20230515 100057.636 INFO             PET3 ESMF_YAMLCPP                : enabled
20230515 100057.636 INFO             PET3 esmApp STARTING
20230515 100057.637 INFO             PET3 standardName:                          air_pressure_at_sea_level
20230515 100057.637 INFO             PET3 canonicalUnits:                                               Pa
20230515 100057.637 INFO             PET3 ----------------------------------------------------------------
20230515 100057.637 INFO             PET3 standardName:               magnitude_of_surface_downward_stress
20230515 100057.637 INFO             PET3 canonicalUnits:                                               Pa
20230515 100057.637 INFO             PET3 ----------------------------------------------------------------
20230515 100057.637 INFO             PET3 standardName:                                 precipitation_flux
20230515 100057.637 INFO             PET3 canonicalUnits:                                       kg m-2 s-1
20230515 100057.637 INFO             PET3 ----------------------------------------------------------------
20230515 100057.637 INFO             PET3 standardName:                                      sea_surf_temp
20230515 100057.637 INFO             PET3 canonicalUnits:                                                K
20230515 100057.637 INFO             PET3 synonym:                                 sea_surface_temperature
20230515 100057.637 INFO             PET3 ----------------------------------------------------------------
20230515 100057.637 INFO             PET3 standardName:                 sea_surface_height_above_sea_level
20230515 100057.637 INFO             PET3 canonicalUnits:                                                m
20230515 100057.637 INFO             PET3 ----------------------------------------------------------------
20230515 100057.637 INFO             PET3 standardName:                               sea_surface_salinity
20230515 100057.637 INFO             PET3 canonicalUnits:                                             1e-3
20230515 100057.637 INFO             PET3 ----------------------------------------------------------------
20230515 100057.637 INFO             PET3 standardName:                            sea_surface_temperature
20230515 100057.637 INFO             PET3 canonicalUnits:                                                K
20230515 100057.637 INFO             PET3 synonym:                                           sea_surf_temp
20230515 100057.637 INFO             PET3 ----------------------------------------------------------------
20230515 100057.637 INFO             PET3 standardName:                   surface_downward_eastward_stress
20230515 100057.637 INFO             PET3 canonicalUnits:                                               Pa
20230515 100057.637 INFO             PET3 ----------------------------------------------------------------
20230515 100057.637 INFO             PET3 standardName:                  surface_downward_heat_flux_in_air
20230515 100057.637 INFO             PET3 canonicalUnits:                                            W m-2
20230515 100057.637 INFO             PET3 ----------------------------------------------------------------
20230515 100057.637 INFO             PET3 standardName:                  surface_downward_northward_stress
20230515 100057.637 INFO             PET3 canonicalUnits:                                               Pa
20230515 100057.637 INFO             PET3 ----------------------------------------------------------------
20230515 100057.637 INFO             PET3 standardName:                        surface_downward_water_flux
20230515 100057.637 INFO             PET3 canonicalUnits:                                       kg m-2 s-1
20230515 100057.637 INFO             PET3 ----------------------------------------------------------------
20230515 100057.637 INFO             PET3 standardName:                surface_eastward_sea_water_velocity
20230515 100057.637 INFO             PET3 canonicalUnits:                                            m s-1
20230515 100057.637 INFO             PET3 ----------------------------------------------------------------
20230515 100057.637 INFO             PET3 standardName:                 surface_net_downward_longwave_flux
20230515 100057.637 INFO             PET3 canonicalUnits:                                            W m-2
20230515 100057.638 INFO             PET3 ----------------------------------------------------------------
20230515 100057.638 INFO             PET3 standardName:                surface_net_downward_shortwave_flux
20230515 100057.638 INFO             PET3 canonicalUnits:                                            W m-2
20230515 100057.638 INFO             PET3 ----------------------------------------------------------------
20230515 100057.638 INFO             PET3 standardName:               surface_northward_sea_water_velocity
20230515 100057.638 INFO             PET3 canonicalUnits:                                            m s-1
20230515 100057.638 INFO             PET3 ----------------------------------------------------------------
20230515 100057.642 INFO             PET3 esm: InitializeGeneric intro.
20230515 100057.642 INFO             PET3   esm: InitializeP0 intro.
20230515 100057.643 INFO             PET3   esm: InitializeP0 extro.
20230515 100057.643 INFO             PET3   esm: InitializeIPDv02p1 intro.
20230515 100057.643 INFO             PET3     >>>esm: entered Initialize (phase=<none>) without valid internal Clock.
20230515 100057.644 INFO             PET3     esm - Creating model component ATM without petList.
20230515 100057.648 INFO             PET3     esm - Creating model component OCN without petList.
20230515 100057.651 INFO             PET3     esm - Creating connector component ATM-TO-OCN without petList.
20230515 100057.658 INFO             PET3     esm - Creating connector component OCN-TO-ATM without petList.
20230515 100057.665 INFO             PET3     esm - Creating state: modelComp 1 Import State
20230515 100057.665 INFO             PET3     esm - Creating state: modelComp 1 Export State
20230515 100057.665 INFO             PET3     esm - Creating state: modelComp 2 Import State
20230515 100057.666 INFO             PET3     esm - Creating state: modelComp 2 Export State
20230515 100057.667 INFO             PET3     ATM: InitializeP0 intro.
20230515 100057.667 INFO             PET3       >>>ATM: entered Initialize (phase=<none>) without valid internal Clock.
20230515 100057.668 INFO             PET3       <<<ATM: leaving Initialize (phase=<none>) without valid internal Clock.
20230515 100057.668 INFO             PET3     ATM: InitializeP0 extro.
20230515 100057.668 INFO             PET3     OCN: InitializeP0 intro.
20230515 100057.668 INFO             PET3       >>>OCN: entered Initialize (phase=<none>) without valid internal Clock.
20230515 100057.670 INFO             PET3       <<<OCN: leaving Initialize (phase=<none>) without valid internal Clock.
20230515 100057.670 INFO             PET3     OCN: InitializeP0 extro.
20230515 100057.672 INFO             PET3     ATM-TO-OCN: InitializeP0 intro.
20230515 100057.673 INFO             PET3     ATM-TO-OCN: InitializeP0 extro.
20230515 100057.674 INFO             PET3     OCN-TO-ATM: InitializeP0 intro.
20230515 100057.674 INFO             PET3     OCN-TO-ATM: InitializeP0 extro.
20230515 100057.676 INFO             PET3     esm: IInitAdvertise intro.
20230515 100057.676 INFO             PET3     esm: IInitAdvertise extro.
20230515 100057.676 INFO             PET3     ATM: InitializeIPDvXp01 intro.
20230515 100057.676 INFO             PET3       >>>ATM: entered Initialize (phase=IPDvXp01) without valid internal Clock.
20230515 100057.678 INFO             PET3       <<<ATM: leaving Initialize (phase=IPDvXp01) without valid internal Clock.
20230515 100057.678 INFO             PET3     ATM: InitializeIPDvXp01 extro.
20230515 100057.678 INFO             PET3     OCN: InitializeIPDvXp01 intro.
20230515 100057.679 INFO             PET3       >>>OCN: entered Initialize (phase=IPDvXp01) without valid internal Clock.
20230515 100057.681 INFO             PET3       <<<OCN: leaving Initialize (phase=IPDvXp01) without valid internal Clock.
20230515 100057.681 INFO             PET3     OCN: InitializeIPDvXp01 extro.
20230515 100057.683 INFO             PET3     ATM-TO-OCN: InitializeIPDv05p1 intro.
20230515 100057.692 INFO             PET3       ATM-TO-OCN: importState FieldTransferPolicy = transferNone
20230515 100057.692 INFO             PET3       ATM-TO-OCN: exportState FieldTransferPolicy = transferNone
20230515 100057.692 INFO             PET3     ATM-TO-OCN: InitializeIPDv05p1 extro.
20230515 100057.692 INFO             PET3     OCN-TO-ATM: InitializeIPDv05p1 intro.
20230515 100057.695 INFO             PET3       OCN-TO-ATM: importState FieldTransferPolicy = transferNone
20230515 100057.695 INFO             PET3       OCN-TO-ATM: exportState FieldTransferPolicy = transferNone
20230515 100057.696 INFO             PET3     OCN-TO-ATM: InitializeIPDv05p1 extro.
20230515 100057.696 INFO             PET3     esm: IInitAdvertiseFinish intro.
20230515 100057.696 INFO             PET3     esm: IInitAdvertiseFinish extro.
20230515 100057.696 INFO             PET3     ATM-TO-OCN: InitializeIPDv05p2a intro.
20230515 100057.700 INFO             PET3       ATM-TO-OCN:      importStandardNameList(i=  1): air_pressure_at_sea_level
20230515 100057.700 INFO             PET3       ATM-TO-OCN:         importNamespaceList(i=  1): ATM
20230515 100057.700 INFO             PET3       ATM-TO-OCN:            importCplSetList(i=  1): __UNSPECIFIED__
20230515 100057.700 INFO             PET3       ATM-TO-OCN:      exportStandardNameList(j=  1): air_pressure_at_sea_level
20230515 100057.700 INFO             PET3       ATM-TO-OCN:         exportNamespaceList(j=  1): OCN
20230515 100057.700 INFO             PET3       ATM-TO-OCN:            exportCplSetList(j=  1): __UNSPECIFIED__
20230515 100057.700 INFO             PET3       ATM-TO-OCN: bondLevel= 1
20230515 100057.700 INFO             PET3       ATM-TO-OCN: ProducerConnection (bondLevelMax):         1
20230515 100057.700 INFO             PET3       ATM-TO-OCN:      importStandardNameList(i=  2): surface_net_downward_shortwave_flux
20230515 100057.700 INFO             PET3       ATM-TO-OCN:         importNamespaceList(i=  2): ATM
20230515 100057.700 INFO             PET3       ATM-TO-OCN:            importCplSetList(i=  2): __UNSPECIFIED__
20230515 100057.700 INFO             PET3       ATM-TO-OCN:      exportStandardNameList(j=  2): surface_net_downward_shortwave_flux
20230515 100057.700 INFO             PET3       ATM-TO-OCN:         exportNamespaceList(j=  2): OCN
20230515 100057.700 INFO             PET3       ATM-TO-OCN:            exportCplSetList(j=  2): __UNSPECIFIED__
20230515 100057.700 INFO             PET3       ATM-TO-OCN: bondLevel= 1
20230515 100057.700 INFO             PET3       ATM-TO-OCN: ProducerConnection (bondLevelMax):         1
20230515 100057.700 INFO             PET3     ATM-TO-OCN: InitializeIPDv05p2a extro.
20230515 100057.701 INFO             PET3     OCN-TO-ATM: InitializeIPDv05p2a intro.
20230515 100057.704 INFO             PET3       OCN-TO-ATM:      importStandardNameList(i=  1): sea_surface_temperature
20230515 100057.704 INFO             PET3       OCN-TO-ATM:         importNamespaceList(i=  1): OCN
20230515 100057.704 INFO             PET3       OCN-TO-ATM:            importCplSetList(i=  1): __UNSPECIFIED__
20230515 100057.704 INFO             PET3       OCN-TO-ATM:      exportStandardNameList(j=  1): sea_surf_temp
20230515 100057.704 INFO             PET3       OCN-TO-ATM:         exportNamespaceList(j=  1): ATM
20230515 100057.704 INFO             PET3       OCN-TO-ATM:            exportCplSetList(j=  1): __UNSPECIFIED__
20230515 100057.704 INFO             PET3       OCN-TO-ATM: bondLevel= 1
20230515 100057.704 INFO             PET3       OCN-TO-ATM: ProducerConnection (bondLevelMax):         1
20230515 100057.704 INFO             PET3     OCN-TO-ATM: InitializeIPDv05p2a extro.
20230515 100057.704 INFO             PET3     ATM-TO-OCN: InitializeIPDv05p2b intro.
20230515 100057.708 INFO             PET3       ATM-TO-OCN:      importStandardNameList(i=  1): air_pressure_at_sea_level
20230515 100057.708 INFO             PET3       ATM-TO-OCN:         importNamespaceList(i=  1): ATM
20230515 100057.708 INFO             PET3       ATM-TO-OCN:            importCplSetList(i=  1): __UNSPECIFIED__
20230515 100057.708 INFO             PET3       ATM-TO-OCN:      exportStandardNameList(j=  1): air_pressure_at_sea_level
20230515 100057.708 INFO             PET3       ATM-TO-OCN:         exportNamespaceList(j=  1): OCN
20230515 100057.708 INFO             PET3       ATM-TO-OCN:            exportCplSetList(j=  1): __UNSPECIFIED__
20230515 100057.708 INFO             PET3       ATM-TO-OCN: bondLevel= 1
20230515 100057.708 INFO             PET3       ATM-TO-OCN: => added cplList(  1)=air_pressure_at_sea_level, cplSetList(  1)=__UNSPECIFIED__
20230515 100057.708 INFO             PET3       ATM-TO-OCN:      importStandardNameList(i=  2): surface_net_downward_shortwave_flux
20230515 100057.708 INFO             PET3       ATM-TO-OCN:         importNamespaceList(i=  2): ATM
20230515 100057.708 INFO             PET3       ATM-TO-OCN:            importCplSetList(i=  2): __UNSPECIFIED__
20230515 100057.708 INFO             PET3       ATM-TO-OCN:      exportStandardNameList(j=  2): surface_net_downward_shortwave_flux
20230515 100057.708 INFO             PET3       ATM-TO-OCN:         exportNamespaceList(j=  2): OCN
20230515 100057.708 INFO             PET3       ATM-TO-OCN:            exportCplSetList(j=  2): __UNSPECIFIED__
20230515 100057.708 INFO             PET3       ATM-TO-OCN: bondLevel= 1
20230515 100057.708 INFO             PET3       ATM-TO-OCN: => added cplList(  2)=surface_net_downward_shortwave_flux, cplSetList(  2)=__UNSPECIFIED__
20230515 100057.708 INFO             PET3     ATM-TO-OCN: InitializeIPDv05p2b extro.
20230515 100057.709 INFO             PET3     OCN-TO-ATM: InitializeIPDv05p2b intro.
20230515 100057.712 INFO             PET3       OCN-TO-ATM:      importStandardNameList(i=  1): sea_surface_temperature
20230515 100057.712 INFO             PET3       OCN-TO-ATM:         importNamespaceList(i=  1): OCN
20230515 100057.712 INFO             PET3       OCN-TO-ATM:            importCplSetList(i=  1): __UNSPECIFIED__
20230515 100057.712 INFO             PET3       OCN-TO-ATM:      exportStandardNameList(j=  1): sea_surf_temp
20230515 100057.712 INFO             PET3       OCN-TO-ATM:         exportNamespaceList(j=  1): ATM
20230515 100057.712 INFO             PET3       OCN-TO-ATM:            exportCplSetList(j=  1): __UNSPECIFIED__
20230515 100057.712 INFO             PET3       OCN-TO-ATM: bondLevel= 1
20230515 100057.712 INFO             PET3       OCN-TO-ATM: => added cplList(  1)=sea_surface_temperature, cplSetList(  1)=__UNSPECIFIED__
20230515 100057.712 INFO             PET3     OCN-TO-ATM: InitializeIPDv05p2b extro.
20230515 100057.712 INFO             PET3     esm: IInitModifyCplLists intro.
20230515 100057.713 INFO             PET3     esm: IInitModifyCplLists extro.
20230515 100057.713 INFO             PET3     ATM-TO-OCN: InitializeIPDv05p3 intro.
20230515 100057.717 INFO             PET3       ATM-TO-OCN: handle cplList(1): air_pressure_at_sea_level, cplSetList(1): __UNSPECIFIED__
20230515 100057.717 INFO             PET3       ATM-TO-OCN: - connected.
20230515 100057.717 INFO             PET3       ATM-TO-OCN: - both sides must provide the Field/GeomObject.
20230515 100057.717 INFO             PET3       ATM-TO-OCN: handle cplList(2): surface_net_downward_shortwave_flux, cplSetList(2): __UNSPECIFIED__
20230515 100057.717 INFO             PET3       ATM-TO-OCN: - connected.
20230515 100057.717 INFO             PET3       ATM-TO-OCN: - both sides must provide the Field/GeomObject.
20230515 100057.717 INFO             PET3     ATM-TO-OCN: InitializeIPDv05p3 extro.
20230515 100057.717 INFO             PET3     OCN-TO-ATM: InitializeIPDv05p3 intro.
20230515 100057.721 INFO             PET3       OCN-TO-ATM: handle cplList(1): sea_surface_temperature, cplSetList(1): __UNSPECIFIED__
20230515 100057.721 INFO             PET3       OCN-TO-ATM: - connected.
20230515 100057.721 INFO             PET3       OCN-TO-ATM: - both sides must provide the Field/GeomObject.
20230515 100057.721 INFO             PET3     OCN-TO-ATM: InitializeIPDv05p3 extro.
20230515 100057.721 INFO             PET3     <<<esm: leaving Initialize (phase=<none>) with current time: 2010  6  1  0  0  0   0
20230515 100057.721 INFO             PET3   esm: InitializeIPDv02p1 extro.
20230515 100057.721 INFO             PET3   esm: InitializeIPDv02p3 intro.
20230515 100057.721 INFO             PET3     >>>esm: entered Initialize (phase=<none>) with current time: 2010  6  1  0  0  0   0
20230515 100057.721 INFO             PET3     esm: IInitCheck intro.
20230515 100057.721 INFO             PET3     esm: IInitCheck extro.
20230515 100057.722 INFO             PET3     ATM: InitializeIPDvXp04 intro.
20230515 100057.722 INFO             PET3       >>>ATM: entered Initialize (phase=IPDvXp04) without valid internal Clock.
20230515 100057.726 INFO             PET3       <<<ATM: leaving Initialize (phase=IPDvXp04) without valid internal Clock.
20230515 100057.726 INFO             PET3     ATM: InitializeIPDvXp04 extro.
20230515 100057.726 INFO             PET3     OCN: InitializeIPDvXp04 intro.
20230515 100057.727 INFO             PET3       >>>OCN: entered Initialize (phase=IPDvXp04) without valid internal Clock.
20230515 100057.730 INFO             PET3       <<<OCN: leaving Initialize (phase=IPDvXp04) without valid internal Clock.
20230515 100057.730 INFO             PET3     OCN: InitializeIPDvXp04 extro.
20230515 100057.733 INFO             PET3     ATM-TO-OCN: InitializeIPDv05p4 intro.
20230515 100057.740 INFO             PET3       ATM-TO-OCN: handle cplList(1): air_pressure_at_sea_level, cplSetList(1): __UNSPECIFIED__
20230515 100057.740 INFO             PET3       ATM-TO-OCN: - nothing shared or transferred
20230515 100057.740 INFO             PET3       ATM-TO-OCN: handle cplList(2): surface_net_downward_shortwave_flux, cplSetList(2): __UNSPECIFIED__
20230515 100057.740 INFO             PET3       ATM-TO-OCN: - nothing shared or transferred
20230515 100057.740 INFO             PET3     ATM-TO-OCN: InitializeIPDv05p4 extro.
20230515 100057.741 INFO             PET3     OCN-TO-ATM: InitializeIPDv05p4 intro.
20230515 100057.745 INFO             PET3       OCN-TO-ATM: handle cplList(1): sea_surface_temperature, cplSetList(1): __UNSPECIFIED__
20230515 100057.745 INFO             PET3       OCN-TO-ATM: - nothing shared or transferred
20230515 100057.745 INFO             PET3     OCN-TO-ATM: InitializeIPDv05p4 extro.
20230515 100057.745 INFO             PET3     ATM-TO-OCN: InitializeIPDv05p5 intro.
20230515 100057.751 INFO             PET3       ATM-TO-OCN: handle cplList(1): air_pressure_at_sea_level, cplSetList(1): __UNSPECIFIED__
20230515 100057.751 INFO             PET3       ATM-TO-OCN: - nothing shared or transferred, or may already be handled
20230515 100057.751 INFO             PET3       ATM-TO-OCN: handle cplList(2): surface_net_downward_shortwave_flux, cplSetList(2): __UNSPECIFIED__
20230515 100057.751 INFO             PET3       ATM-TO-OCN: - nothing shared or transferred, or may already be handled
20230515 100057.751 INFO             PET3     ATM-TO-OCN: InitializeIPDv05p5 extro.
20230515 100057.751 INFO             PET3     OCN-TO-ATM: InitializeIPDv05p5 intro.
20230515 100057.755 INFO             PET3       OCN-TO-ATM: handle cplList(1): sea_surface_temperature, cplSetList(1): __UNSPECIFIED__
20230515 100057.755 INFO             PET3       OCN-TO-ATM: - nothing shared or transferred, or may already be handled
20230515 100057.755 INFO             PET3     OCN-TO-ATM: InitializeIPDv05p5 extro.
20230515 100057.756 INFO             PET3     esm: IInitRealize intro.
20230515 100057.756 INFO             PET3     esm: IInitRealize extro.
20230515 100057.756 INFO             PET3     ATM-TO-OCN: InitializeIPDv05p6a intro.
20230515 100057.761 INFO             PET3     ATM-TO-OCN: InitializeIPDv05p6a extro.
20230515 100057.762 INFO             PET3     OCN-TO-ATM: InitializeIPDv05p6a intro.
20230515 100057.765 INFO             PET3     OCN-TO-ATM: InitializeIPDv05p6a extro.
20230515 100057.765 INFO             PET3     ATM-TO-OCN: InitializeIPDv05p6b intro.
20230515 100057.766 INFO             PET3       ATM-TO-OCN: handle cplList(1): air_pressure_at_sea_level, cplSetList(1): __UNSPECIFIED__
20230515 100057.766 INFO             PET3       ATM-TO-OCN: - no Field sharing between import and export side: remap.
20230515 100057.766 INFO             PET3       ATM-TO-OCN: handle cplList(2): surface_net_downward_shortwave_flux, cplSetList(2): __UNSPECIFIED__
20230515 100057.766 INFO             PET3       ATM-TO-OCN: - no Field sharing between import and export side: remap.
20230515 100057.766 DEBUG            PET3       ESMF_FieldBundleRegridStorePair(): Inside 'rhReuse' branch!
