2023-05-15 08:20:59
20230515 100757.672 INFO             PET0 !!!!!!!!!!!!!!!!!!!!!!!!!!!!!!!!!!!!!!!!!!!!!!!!!!!!!!
20230515 100757.673 INFO             PET0 !!! THE ESMF_LOG IS SET TO OUTPUT ALL LOG MESSAGES !!!
20230515 100757.673 INFO             PET0 !!!     THIS MAY CAUSE SLOWDOWN IN PERFORMANCE     !!!
20230515 100757.673 INFO             PET0 !!! FOR PRODUCTION RUNS, USE:                      !!!
20230515 100757.673 INFO             PET0 !!!                   ESMF_LOGKIND_Multi_On_Error  !!!
20230515 100757.673 INFO             PET0 !!!!!!!!!!!!!!!!!!!!!!!!!!!!!!!!!!!!!!!!!!!!!!!!!!!!!!
20230515 100757.673 INFO             PET0 Running with ESMF Version   : v8.5.0b20-7-g842a2b6b0d
20230515 100757.674 INFO             PET0 ESMF library build date/time: "May 15 2023" "08:15:08"
20230515 100757.674 INFO             PET0 ESMF library build location : /scratch2/NCEPDEV/stmp1/Gerhard.Theurich/ESMF-Nightly-Testing/pgi_19.1_intelmpi_g_fix_profile_summary_at_scale/esmf
20230515 100757.674 INFO             PET0 ESMF_COMM                   : intelmpi
20230515 100757.674 INFO             PET0 ESMF_MOAB                   : enabled
20230515 100757.674 INFO             PET0 ESMF_LAPACK                 : enabled
20230515 100757.674 INFO             PET0 ESMF_NETCDF                 : disabled
20230515 100757.674 INFO             PET0 ESMF_PNETCDF                : disabled
20230515 100757.674 INFO             PET0 ESMF_PIO                    : disabled
20230515 100757.674 INFO             PET0 ESMF_YAMLCPP                : enabled
20230515 100757.674 INFO             PET0 esmApp STARTING
20230515 100757.750 INFO             PET0 esm: InitializeGeneric intro.
20230515 100757.751 INFO             PET0   esm: InitializeP0 intro.
20230515 100757.751 INFO             PET0   esm: InitializeP0 extro.
20230515 100757.751 INFO             PET0   esm: InitializeIPDv02p1 intro.
20230515 100757.751 INFO             PET0     >>>esm: entered Initialize (phase=<none>) without valid internal Clock.
20230515 100757.758 INFO             PET0     esm - Creating model component ATM without petList.
20230515 100757.794 INFO             PET0     esm - Creating model component OCN without petList.
20230515 100757.806 INFO             PET0     esm - Creating connector component ATM-TO-OCN without petList.
20230515 100757.813 INFO             PET0     esm - Creating connector component OCN-TO-ATM without petList.
20230515 100757.826 INFO             PET0     esm - Creating state: modelComp 1 Import State
20230515 100757.826 INFO             PET0     esm - Creating state: modelComp 1 Export State
20230515 100757.827 INFO             PET0     esm - Creating state: modelComp 2 Import State
20230515 100757.827 INFO             PET0     esm - Creating state: modelComp 2 Export State
20230515 100757.850 INFO             PET0     ATM: InitializeP0 intro.
20230515 100757.850 INFO             PET0       >>>ATM: entered Initialize (phase=<none>) without valid internal Clock.
20230515 100757.852 INFO             PET0       <<<ATM: leaving Initialize (phase=<none>) without valid internal Clock.
20230515 100757.852 INFO             PET0     ATM: InitializeP0 extro.
20230515 100757.852 INFO             PET0     OCN: InitializeP0 intro.
20230515 100757.852 INFO             PET0       >>>OCN: entered Initialize (phase=<none>) without valid internal Clock.
20230515 100757.853 INFO             PET0       <<<OCN: leaving Initialize (phase=<none>) without valid internal Clock.
20230515 100757.853 INFO             PET0     OCN: InitializeP0 extro.
20230515 100757.859 INFO             PET0     ATM-TO-OCN: InitializeP0 intro.
20230515 100757.860 INFO             PET0     ATM-TO-OCN: InitializeP0 extro.
20230515 100757.860 INFO             PET0     OCN-TO-ATM: InitializeP0 intro.
20230515 100757.861 INFO             PET0     OCN-TO-ATM: InitializeP0 extro.
20230515 100757.874 INFO             PET0     esm: IInitAdvertise intro.
20230515 100757.874 INFO             PET0     esm: IInitAdvertise extro.
20230515 100757.874 INFO             PET0     ATM: InitializeIPDvXp01 intro.
20230515 100757.874 INFO             PET0       >>>ATM: entered Initialize (phase=IPDvXp01) without valid internal Clock.
20230515 100757.902 INFO             PET0       <<<ATM: leaving Initialize (phase=IPDvXp01) without valid internal Clock.
20230515 100757.902 INFO             PET0     ATM: InitializeIPDvXp01 extro.
20230515 100757.912 INFO             PET0     OCN: InitializeIPDvXp01 intro.
20230515 100757.912 INFO             PET0       >>>OCN: entered Initialize (phase=IPDvXp01) without valid internal Clock.
20230515 100757.914 INFO             PET0       <<<OCN: leaving Initialize (phase=IPDvXp01) without valid internal Clock.
20230515 100757.914 INFO             PET0     OCN: InitializeIPDvXp01 extro.
20230515 100757.916 INFO             PET0     ATM-TO-OCN: InitializeIPDv05p1 intro.
20230515 100757.921 INFO             PET0       ATM-TO-OCN: importState FieldTransferPolicy = transferNone
20230515 100757.921 INFO             PET0       ATM-TO-OCN: exportState FieldTransferPolicy = transferNone
20230515 100757.921 INFO             PET0     ATM-TO-OCN: InitializeIPDv05p1 extro.
20230515 100757.922 INFO             PET0     OCN-TO-ATM: InitializeIPDv05p1 intro.
20230515 100757.925 INFO             PET0       OCN-TO-ATM: importState FieldTransferPolicy = transferNone
20230515 100757.925 INFO             PET0       OCN-TO-ATM: exportState FieldTransferPolicy = transferNone
20230515 100757.925 INFO             PET0     OCN-TO-ATM: InitializeIPDv05p1 extro.
20230515 100757.925 INFO             PET0     esm: IInitAdvertiseFinish intro.
20230515 100757.925 INFO             PET0     esm: IInitAdvertiseFinish extro.
20230515 100757.926 INFO             PET0     ATM-TO-OCN: InitializeIPDv05p2a intro.
20230515 100757.936 INFO             PET0       ATM-TO-OCN:      importStandardNameList(i=  1): air_pressure_at_sea_level
20230515 100757.936 INFO             PET0       ATM-TO-OCN:         importNamespaceList(i=  1): ATM
20230515 100757.936 INFO             PET0       ATM-TO-OCN:            importCplSetList(i=  1): __UNSPECIFIED__
20230515 100757.936 INFO             PET0       ATM-TO-OCN:      exportStandardNameList(j=  1): air_pressure_at_sea_level
20230515 100757.936 INFO             PET0       ATM-TO-OCN:         exportNamespaceList(j=  1): OCN
20230515 100757.936 INFO             PET0       ATM-TO-OCN:            exportCplSetList(j=  1): __UNSPECIFIED__
20230515 100757.936 INFO             PET0       ATM-TO-OCN: bondLevel= 1
20230515 100757.936 INFO             PET0       ATM-TO-OCN: ProducerConnection (bondLevelMax):         1
20230515 100757.936 INFO             PET0       ATM-TO-OCN:      importStandardNameList(i=  2): surface_net_downward_shortwave_flux
20230515 100757.936 INFO             PET0       ATM-TO-OCN:         importNamespaceList(i=  2): ATM
20230515 100757.936 INFO             PET0       ATM-TO-OCN:            importCplSetList(i=  2): __UNSPECIFIED__
20230515 100757.936 INFO             PET0       ATM-TO-OCN:      exportStandardNameList(j=  2): surface_net_downward_shortwave_flux
20230515 100757.936 INFO             PET0       ATM-TO-OCN:         exportNamespaceList(j=  2): OCN
20230515 100757.936 INFO             PET0       ATM-TO-OCN:            exportCplSetList(j=  2): __UNSPECIFIED__
20230515 100757.936 INFO             PET0       ATM-TO-OCN: bondLevel= 1
20230515 100757.936 INFO             PET0       ATM-TO-OCN: ProducerConnection (bondLevelMax):         1
20230515 100757.936 INFO             PET0     ATM-TO-OCN: InitializeIPDv05p2a extro.
20230515 100757.936 INFO             PET0     OCN-TO-ATM: InitializeIPDv05p2a intro.
20230515 100757.940 INFO             PET0       OCN-TO-ATM:      importStandardNameList(i=  1): sea_surface_temperature
20230515 100757.940 INFO             PET0       OCN-TO-ATM:         importNamespaceList(i=  1): OCN
20230515 100757.940 INFO             PET0       OCN-TO-ATM:            importCplSetList(i=  1): __UNSPECIFIED__
20230515 100757.940 INFO             PET0       OCN-TO-ATM:      exportStandardNameList(j=  1): sea_surface_temperature
20230515 100757.940 INFO             PET0       OCN-TO-ATM:         exportNamespaceList(j=  1): ATM
20230515 100757.940 INFO             PET0       OCN-TO-ATM:            exportCplSetList(j=  1): __UNSPECIFIED__
20230515 100757.940 INFO             PET0       OCN-TO-ATM: bondLevel= 1
20230515 100757.940 INFO             PET0       OCN-TO-ATM: ProducerConnection (bondLevelMax):         1
20230515 100757.940 INFO             PET0     OCN-TO-ATM: InitializeIPDv05p2a extro.
20230515 100757.940 INFO             PET0     ATM-TO-OCN: InitializeIPDv05p2b intro.
20230515 100757.944 INFO             PET0       ATM-TO-OCN:      importStandardNameList(i=  1): air_pressure_at_sea_level
20230515 100757.944 INFO             PET0       ATM-TO-OCN:         importNamespaceList(i=  1): ATM
20230515 100757.944 INFO             PET0       ATM-TO-OCN:            importCplSetList(i=  1): __UNSPECIFIED__
20230515 100757.944 INFO             PET0       ATM-TO-OCN:      exportStandardNameList(j=  1): air_pressure_at_sea_level
20230515 100757.944 INFO             PET0       ATM-TO-OCN:         exportNamespaceList(j=  1): OCN
20230515 100757.944 INFO             PET0       ATM-TO-OCN:            exportCplSetList(j=  1): __UNSPECIFIED__
20230515 100757.944 INFO             PET0       ATM-TO-OCN: bondLevel= 1
20230515 100757.944 INFO             PET0       ATM-TO-OCN: => added cplList(  1)=air_pressure_at_sea_level, cplSetList(  1)=__UNSPECIFIED__
20230515 100757.944 INFO             PET0       ATM-TO-OCN:      importStandardNameList(i=  2): surface_net_downward_shortwave_flux
20230515 100757.944 INFO             PET0       ATM-TO-OCN:         importNamespaceList(i=  2): ATM
20230515 100757.944 INFO             PET0       ATM-TO-OCN:            importCplSetList(i=  2): __UNSPECIFIED__
20230515 100757.944 INFO             PET0       ATM-TO-OCN:      exportStandardNameList(j=  2): surface_net_downward_shortwave_flux
20230515 100757.944 INFO             PET0       ATM-TO-OCN:         exportNamespaceList(j=  2): OCN
20230515 100757.944 INFO             PET0       ATM-TO-OCN:            exportCplSetList(j=  2): __UNSPECIFIED__
20230515 100757.944 INFO             PET0       ATM-TO-OCN: bondLevel= 1
20230515 100757.944 INFO             PET0       ATM-TO-OCN: => added cplList(  2)=surface_net_downward_shortwave_flux, cplSetList(  2)=__UNSPECIFIED__
20230515 100757.944 INFO             PET0     ATM-TO-OCN: InitializeIPDv05p2b extro.
20230515 100757.945 INFO             PET0     OCN-TO-ATM: InitializeIPDv05p2b intro.
20230515 100757.948 INFO             PET0       OCN-TO-ATM:      importStandardNameList(i=  1): sea_surface_temperature
20230515 100757.948 INFO             PET0       OCN-TO-ATM:         importNamespaceList(i=  1): OCN
20230515 100757.948 INFO             PET0       OCN-TO-ATM:            importCplSetList(i=  1): __UNSPECIFIED__
20230515 100757.948 INFO             PET0       OCN-TO-ATM:      exportStandardNameList(j=  1): sea_surface_temperature
20230515 100757.948 INFO             PET0       OCN-TO-ATM:         exportNamespaceList(j=  1): ATM
20230515 100757.948 INFO             PET0       OCN-TO-ATM:            exportCplSetList(j=  1): __UNSPECIFIED__
20230515 100757.948 INFO             PET0       OCN-TO-ATM: bondLevel= 1
20230515 100757.948 INFO             PET0       OCN-TO-ATM: => added cplList(  1)=sea_surface_temperature, cplSetList(  1)=__UNSPECIFIED__
20230515 100757.948 INFO             PET0     OCN-TO-ATM: InitializeIPDv05p2b extro.
20230515 100757.948 INFO             PET0     esm: IInitModifyCplLists intro.
20230515 100757.948 INFO             PET0     esm: IInitModifyCplLists extro.
20230515 100757.949 INFO             PET0     ATM-TO-OCN: InitializeIPDv05p3 intro.
20230515 100757.953 INFO             PET0       ATM-TO-OCN: handle cplList(1): air_pressure_at_sea_level, cplSetList(1): __UNSPECIFIED__
20230515 100757.953 INFO             PET0       ATM-TO-OCN: - connected.
20230515 100757.953 INFO             PET0       ATM-TO-OCN: - both sides must provide the Field/GeomObject.
20230515 100757.953 INFO             PET0       ATM-TO-OCN: handle cplList(2): surface_net_downward_shortwave_flux, cplSetList(2): __UNSPECIFIED__
20230515 100757.953 INFO             PET0       ATM-TO-OCN: - connected.
20230515 100757.953 INFO             PET0       ATM-TO-OCN: - both sides must provide the Field/GeomObject.
20230515 100757.953 INFO             PET0     ATM-TO-OCN: InitializeIPDv05p3 extro.
20230515 100757.953 INFO             PET0     OCN-TO-ATM: InitializeIPDv05p3 intro.
20230515 100757.957 INFO             PET0       OCN-TO-ATM: handle cplList(1): sea_surface_temperature, cplSetList(1): __UNSPECIFIED__
20230515 100757.957 INFO             PET0       OCN-TO-ATM: - connected.
20230515 100757.957 INFO             PET0       OCN-TO-ATM: - both sides must provide the Field/GeomObject.
20230515 100757.957 INFO             PET0     OCN-TO-ATM: InitializeIPDv05p3 extro.
20230515 100757.957 INFO             PET0     <<<esm: leaving Initialize (phase=<none>) with current time: 2010  6  1  0  0  0   0
20230515 100757.957 INFO             PET0   esm: InitializeIPDv02p1 extro.
20230515 100757.957 INFO             PET0   esm: InitializeIPDv02p3 intro.
20230515 100757.957 INFO             PET0     >>>esm: entered Initialize (phase=<none>) with current time: 2010  6  1  0  0  0   0
20230515 100757.966 INFO             PET0     esm: IInitCheck intro.
20230515 100757.967 INFO             PET0     esm: IInitCheck extro.
20230515 100757.967 INFO             PET0     ATM: InitializeIPDvXp04 intro.
20230515 100757.967 INFO             PET0       >>>ATM: entered Initialize (phase=IPDvXp04) without valid internal Clock.
20230515 100757.971 INFO             PET0       <<<ATM: leaving Initialize (phase=IPDvXp04) without valid internal Clock.
20230515 100757.971 INFO             PET0     ATM: InitializeIPDvXp04 extro.
20230515 100757.971 INFO             PET0     OCN: InitializeIPDvXp04 intro.
20230515 100757.971 INFO             PET0       >>>OCN: entered Initialize (phase=IPDvXp04) without valid internal Clock.
20230515 100757.975 INFO             PET0       <<<OCN: leaving Initialize (phase=IPDvXp04) without valid internal Clock.
20230515 100757.975 INFO             PET0     OCN: InitializeIPDvXp04 extro.
20230515 100757.977 INFO             PET0     ATM-TO-OCN: InitializeIPDv05p4 intro.
20230515 100757.992 INFO             PET0       ATM-TO-OCN: handle cplList(1): air_pressure_at_sea_level, cplSetList(1): __UNSPECIFIED__
20230515 100758.019 INFO             PET0       ATM-TO-OCN: - nothing shared or transferred
20230515 100758.019 INFO             PET0       ATM-TO-OCN: handle cplList(2): surface_net_downward_shortwave_flux, cplSetList(2): __UNSPECIFIED__
20230515 100758.019 INFO             PET0       ATM-TO-OCN: - nothing shared or transferred
20230515 100758.019 INFO             PET0     ATM-TO-OCN: InitializeIPDv05p4 extro.
20230515 100758.019 INFO             PET0     OCN-TO-ATM: InitializeIPDv05p4 intro.
20230515 100758.023 INFO             PET0       OCN-TO-ATM: handle cplList(1): sea_surface_temperature, cplSetList(1): __UNSPECIFIED__
20230515 100758.023 INFO             PET0       OCN-TO-ATM: - nothing shared or transferred
20230515 100758.023 INFO             PET0     OCN-TO-ATM: InitializeIPDv05p4 extro.
20230515 100758.040 INFO             PET0     ATM-TO-OCN: InitializeIPDv05p5 intro.
20230515 100758.046 INFO             PET0       ATM-TO-OCN: handle cplList(1): air_pressure_at_sea_level, cplSetList(1): __UNSPECIFIED__
20230515 100758.046 INFO             PET0       ATM-TO-OCN: - nothing shared or transferred, or may already be handled
20230515 100758.046 INFO             PET0       ATM-TO-OCN: handle cplList(2): surface_net_downward_shortwave_flux, cplSetList(2): __UNSPECIFIED__
20230515 100758.046 INFO             PET0       ATM-TO-OCN: - nothing shared or transferred, or may already be handled
20230515 100758.046 INFO             PET0     ATM-TO-OCN: InitializeIPDv05p5 extro.
20230515 100758.047 INFO             PET0     OCN-TO-ATM: InitializeIPDv05p5 intro.
20230515 100758.051 INFO             PET0       OCN-TO-ATM: handle cplList(1): sea_surface_temperature, cplSetList(1): __UNSPECIFIED__
20230515 100758.051 INFO             PET0       OCN-TO-ATM: - nothing shared or transferred, or may already be handled
20230515 100758.051 INFO             PET0     OCN-TO-ATM: InitializeIPDv05p5 extro.
20230515 100758.051 INFO             PET0     esm: IInitRealize intro.
20230515 100758.051 INFO             PET0     esm: IInitRealize extro.
20230515 100758.051 INFO             PET0     ATM-TO-OCN: InitializeIPDv05p6a intro.
20230515 100758.057 INFO             PET0     ATM-TO-OCN: InitializeIPDv05p6a extro.
20230515 100758.057 INFO             PET0     OCN-TO-ATM: InitializeIPDv05p6a intro.
20230515 100758.060 INFO             PET0     OCN-TO-ATM: InitializeIPDv05p6a extro.
20230515 100758.061 INFO             PET0     ATM-TO-OCN: InitializeIPDv05p6b intro.
20230515 100758.061 INFO             PET0       ATM-TO-OCN: handle cplList(1): air_pressure_at_sea_level, cplSetList(1): __UNSPECIFIED__
20230515 100758.061 INFO             PET0       ATM-TO-OCN: - no Field sharing between import and export side: remap.
20230515 100757.672 INFO             PET1 !!!!!!!!!!!!!!!!!!!!!!!!!!!!!!!!!!!!!!!!!!!!!!!!!!!!!!
20230515 100757.673 INFO             PET1 !!! THE ESMF_LOG IS SET TO OUTPUT ALL LOG MESSAGES !!!
20230515 100757.673 INFO             PET1 !!!     THIS MAY CAUSE SLOWDOWN IN PERFORMANCE     !!!
20230515 100757.673 INFO             PET1 !!! FOR PRODUCTION RUNS, USE:                      !!!
20230515 100757.673 INFO             PET1 !!!                   ESMF_LOGKIND_Multi_On_Error  !!!
20230515 100757.673 INFO             PET1 !!!!!!!!!!!!!!!!!!!!!!!!!!!!!!!!!!!!!!!!!!!!!!!!!!!!!!
20230515 100757.673 INFO             PET1 Running with ESMF Version   : v8.5.0b20-7-g842a2b6b0d
20230515 100757.673 INFO             PET1 ESMF library build date/time: "May 15 2023" "08:15:08"
20230515 100757.673 INFO             PET1 ESMF library build location : /scratch2/NCEPDEV/stmp1/Gerhard.Theurich/ESMF-Nightly-Testing/pgi_19.1_intelmpi_g_fix_profile_summary_at_scale/esmf
20230515 100757.673 INFO             PET1 ESMF_COMM                   : intelmpi
20230515 100757.674 INFO             PET1 ESMF_MOAB                   : enabled
20230515 100757.674 INFO             PET1 ESMF_LAPACK                 : enabled
20230515 100757.674 INFO             PET1 ESMF_NETCDF                 : disabled
20230515 100757.674 INFO             PET1 ESMF_PNETCDF                : disabled
20230515 100757.674 INFO             PET1 ESMF_PIO                    : disabled
20230515 100757.674 INFO             PET1 ESMF_YAMLCPP                : enabled
20230515 100757.674 INFO             PET1 esmApp STARTING
20230515 100757.751 INFO             PET1 esm: InitializeGeneric intro.
20230515 100757.751 INFO             PET1   esm: InitializeP0 intro.
20230515 100757.751 INFO             PET1   esm: InitializeP0 extro.
20230515 100757.751 INFO             PET1   esm: InitializeIPDv02p1 intro.
20230515 100757.751 INFO             PET1     >>>esm: entered Initialize (phase=<none>) without valid internal Clock.
20230515 100757.758 INFO             PET1     esm - Creating model component ATM without petList.
20230515 100757.794 INFO             PET1     esm - Creating model component OCN without petList.
20230515 100757.806 INFO             PET1     esm - Creating connector component ATM-TO-OCN without petList.
20230515 100757.814 INFO             PET1     esm - Creating connector component OCN-TO-ATM without petList.
20230515 100757.826 INFO             PET1     esm - Creating state: modelComp 1 Import State
20230515 100757.826 INFO             PET1     esm - Creating state: modelComp 1 Export State
20230515 100757.826 INFO             PET1     esm - Creating state: modelComp 2 Import State
20230515 100757.826 INFO             PET1     esm - Creating state: modelComp 2 Export State
20230515 100757.850 INFO             PET1     ATM: InitializeP0 intro.
20230515 100757.851 INFO             PET1       >>>ATM: entered Initialize (phase=<none>) without valid internal Clock.
20230515 100757.852 INFO             PET1       <<<ATM: leaving Initialize (phase=<none>) without valid internal Clock.
20230515 100757.852 INFO             PET1     ATM: InitializeP0 extro.
20230515 100757.852 INFO             PET1     OCN: InitializeP0 intro.
20230515 100757.853 INFO             PET1       >>>OCN: entered Initialize (phase=<none>) without valid internal Clock.
20230515 100757.854 INFO             PET1       <<<OCN: leaving Initialize (phase=<none>) without valid internal Clock.
20230515 100757.854 INFO             PET1     OCN: InitializeP0 extro.
20230515 100757.859 INFO             PET1     ATM-TO-OCN: InitializeP0 intro.
20230515 100757.860 INFO             PET1     ATM-TO-OCN: InitializeP0 extro.
20230515 100757.861 INFO             PET1     OCN-TO-ATM: InitializeP0 intro.
20230515 100757.861 INFO             PET1     OCN-TO-ATM: InitializeP0 extro.
20230515 100757.873 INFO             PET1     esm: IInitAdvertise intro.
20230515 100757.874 INFO             PET1     esm: IInitAdvertise extro.
20230515 100757.874 INFO             PET1     ATM: InitializeIPDvXp01 intro.
20230515 100757.874 INFO             PET1       >>>ATM: entered Initialize (phase=IPDvXp01) without valid internal Clock.
20230515 100757.902 INFO             PET1       <<<ATM: leaving Initialize (phase=IPDvXp01) without valid internal Clock.
20230515 100757.902 INFO             PET1     ATM: InitializeIPDvXp01 extro.
20230515 100757.912 INFO             PET1     OCN: InitializeIPDvXp01 intro.
20230515 100757.912 INFO             PET1       >>>OCN: entered Initialize (phase=IPDvXp01) without valid internal Clock.
20230515 100757.915 INFO             PET1       <<<OCN: leaving Initialize (phase=IPDvXp01) without valid internal Clock.
20230515 100757.915 INFO             PET1     OCN: InitializeIPDvXp01 extro.
20230515 100757.917 INFO             PET1     ATM-TO-OCN: InitializeIPDv05p1 intro.
20230515 100757.921 INFO             PET1       ATM-TO-OCN: importState FieldTransferPolicy = transferNone
20230515 100757.922 INFO             PET1       ATM-TO-OCN: exportState FieldTransferPolicy = transferNone
20230515 100757.922 INFO             PET1     ATM-TO-OCN: InitializeIPDv05p1 extro.
20230515 100757.922 INFO             PET1     OCN-TO-ATM: InitializeIPDv05p1 intro.
20230515 100757.925 INFO             PET1       OCN-TO-ATM: importState FieldTransferPolicy = transferNone
20230515 100757.925 INFO             PET1       OCN-TO-ATM: exportState FieldTransferPolicy = transferNone
20230515 100757.925 INFO             PET1     OCN-TO-ATM: InitializeIPDv05p1 extro.
20230515 100757.925 INFO             PET1     esm: IInitAdvertiseFinish intro.
20230515 100757.925 INFO             PET1     esm: IInitAdvertiseFinish extro.
20230515 100757.926 INFO             PET1     ATM-TO-OCN: InitializeIPDv05p2a intro.
20230515 100757.936 INFO             PET1       ATM-TO-OCN:      importStandardNameList(i=  1): air_pressure_at_sea_level
20230515 100757.936 INFO             PET1       ATM-TO-OCN:         importNamespaceList(i=  1): ATM
20230515 100757.936 INFO             PET1       ATM-TO-OCN:            importCplSetList(i=  1): __UNSPECIFIED__
20230515 100757.936 INFO             PET1       ATM-TO-OCN:      exportStandardNameList(j=  1): air_pressure_at_sea_level
20230515 100757.936 INFO             PET1       ATM-TO-OCN:         exportNamespaceList(j=  1): OCN
20230515 100757.936 INFO             PET1       ATM-TO-OCN:            exportCplSetList(j=  1): __UNSPECIFIED__
20230515 100757.936 INFO             PET1       ATM-TO-OCN: bondLevel= 1
20230515 100757.936 INFO             PET1       ATM-TO-OCN: ProducerConnection (bondLevelMax):         1
20230515 100757.936 INFO             PET1       ATM-TO-OCN:      importStandardNameList(i=  2): surface_net_downward_shortwave_flux
20230515 100757.936 INFO             PET1       ATM-TO-OCN:         importNamespaceList(i=  2): ATM
20230515 100757.936 INFO             PET1       ATM-TO-OCN:            importCplSetList(i=  2): __UNSPECIFIED__
20230515 100757.936 INFO             PET1       ATM-TO-OCN:      exportStandardNameList(j=  2): surface_net_downward_shortwave_flux
20230515 100757.936 INFO             PET1       ATM-TO-OCN:         exportNamespaceList(j=  2): OCN
20230515 100757.936 INFO             PET1       ATM-TO-OCN:            exportCplSetList(j=  2): __UNSPECIFIED__
20230515 100757.936 INFO             PET1       ATM-TO-OCN: bondLevel= 1
20230515 100757.936 INFO             PET1       ATM-TO-OCN: ProducerConnection (bondLevelMax):         1
20230515 100757.936 INFO             PET1     ATM-TO-OCN: InitializeIPDv05p2a extro.
20230515 100757.936 INFO             PET1     OCN-TO-ATM: InitializeIPDv05p2a intro.
20230515 100757.940 INFO             PET1       OCN-TO-ATM:      importStandardNameList(i=  1): sea_surface_temperature
20230515 100757.940 INFO             PET1       OCN-TO-ATM:         importNamespaceList(i=  1): OCN
20230515 100757.940 INFO             PET1       OCN-TO-ATM:            importCplSetList(i=  1): __UNSPECIFIED__
20230515 100757.940 INFO             PET1       OCN-TO-ATM:      exportStandardNameList(j=  1): sea_surface_temperature
20230515 100757.940 INFO             PET1       OCN-TO-ATM:         exportNamespaceList(j=  1): ATM
20230515 100757.940 INFO             PET1       OCN-TO-ATM:            exportCplSetList(j=  1): __UNSPECIFIED__
20230515 100757.940 INFO             PET1       OCN-TO-ATM: bondLevel= 1
20230515 100757.940 INFO             PET1       OCN-TO-ATM: ProducerConnection (bondLevelMax):         1
20230515 100757.940 INFO             PET1     OCN-TO-ATM: InitializeIPDv05p2a extro.
20230515 100757.940 INFO             PET1     ATM-TO-OCN: InitializeIPDv05p2b intro.
20230515 100757.944 INFO             PET1       ATM-TO-OCN:      importStandardNameList(i=  1): air_pressure_at_sea_level
20230515 100757.944 INFO             PET1       ATM-TO-OCN:         importNamespaceList(i=  1): ATM
20230515 100757.944 INFO             PET1       ATM-TO-OCN:            importCplSetList(i=  1): __UNSPECIFIED__
20230515 100757.944 INFO             PET1       ATM-TO-OCN:      exportStandardNameList(j=  1): air_pressure_at_sea_level
20230515 100757.944 INFO             PET1       ATM-TO-OCN:         exportNamespaceList(j=  1): OCN
20230515 100757.944 INFO             PET1       ATM-TO-OCN:            exportCplSetList(j=  1): __UNSPECIFIED__
20230515 100757.944 INFO             PET1       ATM-TO-OCN: bondLevel= 1
20230515 100757.944 INFO             PET1       ATM-TO-OCN: => added cplList(  1)=air_pressure_at_sea_level, cplSetList(  1)=__UNSPECIFIED__
20230515 100757.944 INFO             PET1       ATM-TO-OCN:      importStandardNameList(i=  2): surface_net_downward_shortwave_flux
20230515 100757.944 INFO             PET1       ATM-TO-OCN:         importNamespaceList(i=  2): ATM
20230515 100757.944 INFO             PET1       ATM-TO-OCN:            importCplSetList(i=  2): __UNSPECIFIED__
20230515 100757.944 INFO             PET1       ATM-TO-OCN:      exportStandardNameList(j=  2): surface_net_downward_shortwave_flux
20230515 100757.944 INFO             PET1       ATM-TO-OCN:         exportNamespaceList(j=  2): OCN
20230515 100757.944 INFO             PET1       ATM-TO-OCN:            exportCplSetList(j=  2): __UNSPECIFIED__
20230515 100757.944 INFO             PET1       ATM-TO-OCN: bondLevel= 1
20230515 100757.944 INFO             PET1       ATM-TO-OCN: => added cplList(  2)=surface_net_downward_shortwave_flux, cplSetList(  2)=__UNSPECIFIED__
20230515 100757.944 INFO             PET1     ATM-TO-OCN: InitializeIPDv05p2b extro.
20230515 100757.945 INFO             PET1     OCN-TO-ATM: InitializeIPDv05p2b intro.
20230515 100757.948 INFO             PET1       OCN-TO-ATM:      importStandardNameList(i=  1): sea_surface_temperature
20230515 100757.948 INFO             PET1       OCN-TO-ATM:         importNamespaceList(i=  1): OCN
20230515 100757.948 INFO             PET1       OCN-TO-ATM:            importCplSetList(i=  1): __UNSPECIFIED__
20230515 100757.948 INFO             PET1       OCN-TO-ATM:      exportStandardNameList(j=  1): sea_surface_temperature
20230515 100757.948 INFO             PET1       OCN-TO-ATM:         exportNamespaceList(j=  1): ATM
20230515 100757.948 INFO             PET1       OCN-TO-ATM:            exportCplSetList(j=  1): __UNSPECIFIED__
20230515 100757.948 INFO             PET1       OCN-TO-ATM: bondLevel= 1
20230515 100757.948 INFO             PET1       OCN-TO-ATM: => added cplList(  1)=sea_surface_temperature, cplSetList(  1)=__UNSPECIFIED__
20230515 100757.948 INFO             PET1     OCN-TO-ATM: InitializeIPDv05p2b extro.
20230515 100757.948 INFO             PET1     esm: IInitModifyCplLists intro.
20230515 100757.948 INFO             PET1     esm: IInitModifyCplLists extro.
20230515 100757.949 INFO             PET1     ATM-TO-OCN: InitializeIPDv05p3 intro.
20230515 100757.953 INFO             PET1       ATM-TO-OCN: handle cplList(1): air_pressure_at_sea_level, cplSetList(1): __UNSPECIFIED__
20230515 100757.953 INFO             PET1       ATM-TO-OCN: - connected.
20230515 100757.953 INFO             PET1       ATM-TO-OCN: - both sides must provide the Field/GeomObject.
20230515 100757.953 INFO             PET1       ATM-TO-OCN: handle cplList(2): surface_net_downward_shortwave_flux, cplSetList(2): __UNSPECIFIED__
20230515 100757.953 INFO             PET1       ATM-TO-OCN: - connected.
20230515 100757.953 INFO             PET1       ATM-TO-OCN: - both sides must provide the Field/GeomObject.
20230515 100757.953 INFO             PET1     ATM-TO-OCN: InitializeIPDv05p3 extro.
20230515 100757.953 INFO             PET1     OCN-TO-ATM: InitializeIPDv05p3 intro.
20230515 100757.957 INFO             PET1       OCN-TO-ATM: handle cplList(1): sea_surface_temperature, cplSetList(1): __UNSPECIFIED__
20230515 100757.957 INFO             PET1       OCN-TO-ATM: - connected.
20230515 100757.957 INFO             PET1       OCN-TO-ATM: - both sides must provide the Field/GeomObject.
20230515 100757.957 INFO             PET1     OCN-TO-ATM: InitializeIPDv05p3 extro.
20230515 100757.957 INFO             PET1     <<<esm: leaving Initialize (phase=<none>) with current time: 2010  6  1  0  0  0   0
20230515 100757.957 INFO             PET1   esm: InitializeIPDv02p1 extro.
20230515 100757.957 INFO             PET1   esm: InitializeIPDv02p3 intro.
20230515 100757.957 INFO             PET1     >>>esm: entered Initialize (phase=<none>) with current time: 2010  6  1  0  0  0   0
20230515 100757.966 INFO             PET1     esm: IInitCheck intro.
20230515 100757.966 INFO             PET1     esm: IInitCheck extro.
20230515 100757.967 INFO             PET1     ATM: InitializeIPDvXp04 intro.
20230515 100757.967 INFO             PET1       >>>ATM: entered Initialize (phase=IPDvXp04) without valid internal Clock.
20230515 100757.971 INFO             PET1       <<<ATM: leaving Initialize (phase=IPDvXp04) without valid internal Clock.
20230515 100757.971 INFO             PET1     ATM: InitializeIPDvXp04 extro.
20230515 100757.971 INFO             PET1     OCN: InitializeIPDvXp04 intro.
20230515 100757.971 INFO             PET1       >>>OCN: entered Initialize (phase=IPDvXp04) without valid internal Clock.
20230515 100757.976 INFO             PET1       <<<OCN: leaving Initialize (phase=IPDvXp04) without valid internal Clock.
20230515 100757.976 INFO             PET1     OCN: InitializeIPDvXp04 extro.
20230515 100757.978 INFO             PET1     ATM-TO-OCN: InitializeIPDv05p4 intro.
20230515 100757.992 INFO             PET1       ATM-TO-OCN: handle cplList(1): air_pressure_at_sea_level, cplSetList(1): __UNSPECIFIED__
20230515 100758.019 INFO             PET1       ATM-TO-OCN: - nothing shared or transferred
20230515 100758.019 INFO             PET1       ATM-TO-OCN: handle cplList(2): surface_net_downward_shortwave_flux, cplSetList(2): __UNSPECIFIED__
20230515 100758.019 INFO             PET1       ATM-TO-OCN: - nothing shared or transferred
20230515 100758.019 INFO             PET1     ATM-TO-OCN: InitializeIPDv05p4 extro.
20230515 100758.019 INFO             PET1     OCN-TO-ATM: InitializeIPDv05p4 intro.
20230515 100758.023 INFO             PET1       OCN-TO-ATM: handle cplList(1): sea_surface_temperature, cplSetList(1): __UNSPECIFIED__
20230515 100758.023 INFO             PET1       OCN-TO-ATM: - nothing shared or transferred
20230515 100758.023 INFO             PET1     OCN-TO-ATM: InitializeIPDv05p4 extro.
20230515 100758.041 INFO             PET1     ATM-TO-OCN: InitializeIPDv05p5 intro.
20230515 100758.046 INFO             PET1       ATM-TO-OCN: handle cplList(1): air_pressure_at_sea_level, cplSetList(1): __UNSPECIFIED__
20230515 100758.047 INFO             PET1       ATM-TO-OCN: - nothing shared or transferred, or may already be handled
20230515 100758.047 INFO             PET1       ATM-TO-OCN: handle cplList(2): surface_net_downward_shortwave_flux, cplSetList(2): __UNSPECIFIED__
20230515 100758.047 INFO             PET1       ATM-TO-OCN: - nothing shared or transferred, or may already be handled
20230515 100758.047 INFO             PET1     ATM-TO-OCN: InitializeIPDv05p5 extro.
20230515 100758.047 INFO             PET1     OCN-TO-ATM: InitializeIPDv05p5 intro.
20230515 100758.051 INFO             PET1       OCN-TO-ATM: handle cplList(1): sea_surface_temperature, cplSetList(1): __UNSPECIFIED__
20230515 100758.051 INFO             PET1       OCN-TO-ATM: - nothing shared or transferred, or may already be handled
20230515 100758.051 INFO             PET1     OCN-TO-ATM: InitializeIPDv05p5 extro.
20230515 100758.051 INFO             PET1     esm: IInitRealize intro.
20230515 100758.051 INFO             PET1     esm: IInitRealize extro.
20230515 100758.051 INFO             PET1     ATM-TO-OCN: InitializeIPDv05p6a intro.
20230515 100758.057 INFO             PET1     ATM-TO-OCN: InitializeIPDv05p6a extro.
20230515 100758.057 INFO             PET1     OCN-TO-ATM: InitializeIPDv05p6a intro.
20230515 100758.060 INFO             PET1     OCN-TO-ATM: InitializeIPDv05p6a extro.
20230515 100758.061 INFO             PET1     ATM-TO-OCN: InitializeIPDv05p6b intro.
20230515 100758.061 INFO             PET1       ATM-TO-OCN: handle cplList(1): air_pressure_at_sea_level, cplSetList(1): __UNSPECIFIED__
20230515 100758.061 INFO             PET1       ATM-TO-OCN: - no Field sharing between import and export side: remap.
20230515 100757.672 INFO             PET2 !!!!!!!!!!!!!!!!!!!!!!!!!!!!!!!!!!!!!!!!!!!!!!!!!!!!!!
20230515 100757.673 INFO             PET2 !!! THE ESMF_LOG IS SET TO OUTPUT ALL LOG MESSAGES !!!
20230515 100757.673 INFO             PET2 !!!     THIS MAY CAUSE SLOWDOWN IN PERFORMANCE     !!!
20230515 100757.673 INFO             PET2 !!! FOR PRODUCTION RUNS, USE:                      !!!
20230515 100757.673 INFO             PET2 !!!                   ESMF_LOGKIND_Multi_On_Error  !!!
20230515 100757.673 INFO             PET2 !!!!!!!!!!!!!!!!!!!!!!!!!!!!!!!!!!!!!!!!!!!!!!!!!!!!!!
20230515 100757.673 INFO             PET2 Running with ESMF Version   : v8.5.0b20-7-g842a2b6b0d
20230515 100757.674 INFO             PET2 ESMF library build date/time: "May 15 2023" "08:15:08"
20230515 100757.674 INFO             PET2 ESMF library build location : /scratch2/NCEPDEV/stmp1/Gerhard.Theurich/ESMF-Nightly-Testing/pgi_19.1_intelmpi_g_fix_profile_summary_at_scale/esmf
20230515 100757.674 INFO             PET2 ESMF_COMM                   : intelmpi
20230515 100757.674 INFO             PET2 ESMF_MOAB                   : enabled
20230515 100757.674 INFO             PET2 ESMF_LAPACK                 : enabled
20230515 100757.674 INFO             PET2 ESMF_NETCDF                 : disabled
20230515 100757.674 INFO             PET2 ESMF_PNETCDF                : disabled
20230515 100757.674 INFO             PET2 ESMF_PIO                    : disabled
20230515 100757.674 INFO             PET2 ESMF_YAMLCPP                : enabled
20230515 100757.674 INFO             PET2 esmApp STARTING
20230515 100757.750 INFO             PET2 esm: InitializeGeneric intro.
20230515 100757.751 INFO             PET2   esm: InitializeP0 intro.
20230515 100757.751 INFO             PET2   esm: InitializeP0 extro.
20230515 100757.751 INFO             PET2   esm: InitializeIPDv02p1 intro.
20230515 100757.751 INFO             PET2     >>>esm: entered Initialize (phase=<none>) without valid internal Clock.
20230515 100757.758 INFO             PET2     esm - Creating model component ATM without petList.
20230515 100757.794 INFO             PET2     esm - Creating model component OCN without petList.
20230515 100757.807 INFO             PET2     esm - Creating connector component ATM-TO-OCN without petList.
20230515 100757.813 INFO             PET2     esm - Creating connector component OCN-TO-ATM without petList.
20230515 100757.826 INFO             PET2     esm - Creating state: modelComp 1 Import State
20230515 100757.826 INFO             PET2     esm - Creating state: modelComp 1 Export State
20230515 100757.827 INFO             PET2     esm - Creating state: modelComp 2 Import State
20230515 100757.827 INFO             PET2     esm - Creating state: modelComp 2 Export State
20230515 100757.850 INFO             PET2     ATM: InitializeP0 intro.
20230515 100757.850 INFO             PET2       >>>ATM: entered Initialize (phase=<none>) without valid internal Clock.
20230515 100757.852 INFO             PET2       <<<ATM: leaving Initialize (phase=<none>) without valid internal Clock.
20230515 100757.852 INFO             PET2     ATM: InitializeP0 extro.
20230515 100757.852 INFO             PET2     OCN: InitializeP0 intro.
20230515 100757.852 INFO             PET2       >>>OCN: entered Initialize (phase=<none>) without valid internal Clock.
20230515 100757.853 INFO             PET2       <<<OCN: leaving Initialize (phase=<none>) without valid internal Clock.
20230515 100757.853 INFO             PET2     OCN: InitializeP0 extro.
20230515 100757.859 INFO             PET2     ATM-TO-OCN: InitializeP0 intro.
20230515 100757.860 INFO             PET2     ATM-TO-OCN: InitializeP0 extro.
20230515 100757.861 INFO             PET2     OCN-TO-ATM: InitializeP0 intro.
20230515 100757.861 INFO             PET2     OCN-TO-ATM: InitializeP0 extro.
20230515 100757.874 INFO             PET2     esm: IInitAdvertise intro.
20230515 100757.874 INFO             PET2     esm: IInitAdvertise extro.
20230515 100757.874 INFO             PET2     ATM: InitializeIPDvXp01 intro.
20230515 100757.874 INFO             PET2       >>>ATM: entered Initialize (phase=IPDvXp01) without valid internal Clock.
20230515 100757.902 INFO             PET2       <<<ATM: leaving Initialize (phase=IPDvXp01) without valid internal Clock.
20230515 100757.902 INFO             PET2     ATM: InitializeIPDvXp01 extro.
20230515 100757.912 INFO             PET2     OCN: InitializeIPDvXp01 intro.
20230515 100757.912 INFO             PET2       >>>OCN: entered Initialize (phase=IPDvXp01) without valid internal Clock.
20230515 100757.914 INFO             PET2       <<<OCN: leaving Initialize (phase=IPDvXp01) without valid internal Clock.
20230515 100757.914 INFO             PET2     OCN: InitializeIPDvXp01 extro.
20230515 100757.916 INFO             PET2     ATM-TO-OCN: InitializeIPDv05p1 intro.
20230515 100757.921 INFO             PET2       ATM-TO-OCN: importState FieldTransferPolicy = transferNone
20230515 100757.921 INFO             PET2       ATM-TO-OCN: exportState FieldTransferPolicy = transferNone
20230515 100757.921 INFO             PET2     ATM-TO-OCN: InitializeIPDv05p1 extro.
20230515 100757.922 INFO             PET2     OCN-TO-ATM: InitializeIPDv05p1 intro.
20230515 100757.925 INFO             PET2       OCN-TO-ATM: importState FieldTransferPolicy = transferNone
20230515 100757.925 INFO             PET2       OCN-TO-ATM: exportState FieldTransferPolicy = transferNone
20230515 100757.925 INFO             PET2     OCN-TO-ATM: InitializeIPDv05p1 extro.
20230515 100757.925 INFO             PET2     esm: IInitAdvertiseFinish intro.
20230515 100757.925 INFO             PET2     esm: IInitAdvertiseFinish extro.
20230515 100757.926 INFO             PET2     ATM-TO-OCN: InitializeIPDv05p2a intro.
20230515 100757.936 INFO             PET2       ATM-TO-OCN:      importStandardNameList(i=  1): air_pressure_at_sea_level
20230515 100757.936 INFO             PET2       ATM-TO-OCN:         importNamespaceList(i=  1): ATM
20230515 100757.936 INFO             PET2       ATM-TO-OCN:            importCplSetList(i=  1): __UNSPECIFIED__
20230515 100757.936 INFO             PET2       ATM-TO-OCN:      exportStandardNameList(j=  1): air_pressure_at_sea_level
20230515 100757.936 INFO             PET2       ATM-TO-OCN:         exportNamespaceList(j=  1): OCN
20230515 100757.936 INFO             PET2       ATM-TO-OCN:            exportCplSetList(j=  1): __UNSPECIFIED__
20230515 100757.936 INFO             PET2       ATM-TO-OCN: bondLevel= 1
20230515 100757.936 INFO             PET2       ATM-TO-OCN: ProducerConnection (bondLevelMax):         1
20230515 100757.936 INFO             PET2       ATM-TO-OCN:      importStandardNameList(i=  2): surface_net_downward_shortwave_flux
20230515 100757.936 INFO             PET2       ATM-TO-OCN:         importNamespaceList(i=  2): ATM
20230515 100757.936 INFO             PET2       ATM-TO-OCN:            importCplSetList(i=  2): __UNSPECIFIED__
20230515 100757.936 INFO             PET2       ATM-TO-OCN:      exportStandardNameList(j=  2): surface_net_downward_shortwave_flux
20230515 100757.936 INFO             PET2       ATM-TO-OCN:         exportNamespaceList(j=  2): OCN
20230515 100757.936 INFO             PET2       ATM-TO-OCN:            exportCplSetList(j=  2): __UNSPECIFIED__
20230515 100757.936 INFO             PET2       ATM-TO-OCN: bondLevel= 1
20230515 100757.936 INFO             PET2       ATM-TO-OCN: ProducerConnection (bondLevelMax):         1
20230515 100757.936 INFO             PET2     ATM-TO-OCN: InitializeIPDv05p2a extro.
20230515 100757.936 INFO             PET2     OCN-TO-ATM: InitializeIPDv05p2a intro.
20230515 100757.940 INFO             PET2       OCN-TO-ATM:      importStandardNameList(i=  1): sea_surface_temperature
20230515 100757.940 INFO             PET2       OCN-TO-ATM:         importNamespaceList(i=  1): OCN
20230515 100757.940 INFO             PET2       OCN-TO-ATM:            importCplSetList(i=  1): __UNSPECIFIED__
20230515 100757.940 INFO             PET2       OCN-TO-ATM:      exportStandardNameList(j=  1): sea_surface_temperature
20230515 100757.940 INFO             PET2       OCN-TO-ATM:         exportNamespaceList(j=  1): ATM
20230515 100757.940 INFO             PET2       OCN-TO-ATM:            exportCplSetList(j=  1): __UNSPECIFIED__
20230515 100757.940 INFO             PET2       OCN-TO-ATM: bondLevel= 1
20230515 100757.940 INFO             PET2       OCN-TO-ATM: ProducerConnection (bondLevelMax):         1
20230515 100757.940 INFO             PET2     OCN-TO-ATM: InitializeIPDv05p2a extro.
20230515 100757.940 INFO             PET2     ATM-TO-OCN: InitializeIPDv05p2b intro.
20230515 100757.944 INFO             PET2       ATM-TO-OCN:      importStandardNameList(i=  1): air_pressure_at_sea_level
20230515 100757.944 INFO             PET2       ATM-TO-OCN:         importNamespaceList(i=  1): ATM
20230515 100757.944 INFO             PET2       ATM-TO-OCN:            importCplSetList(i=  1): __UNSPECIFIED__
20230515 100757.944 INFO             PET2       ATM-TO-OCN:      exportStandardNameList(j=  1): air_pressure_at_sea_level
20230515 100757.944 INFO             PET2       ATM-TO-OCN:         exportNamespaceList(j=  1): OCN
20230515 100757.944 INFO             PET2       ATM-TO-OCN:            exportCplSetList(j=  1): __UNSPECIFIED__
20230515 100757.944 INFO             PET2       ATM-TO-OCN: bondLevel= 1
20230515 100757.944 INFO             PET2       ATM-TO-OCN: => added cplList(  1)=air_pressure_at_sea_level, cplSetList(  1)=__UNSPECIFIED__
20230515 100757.944 INFO             PET2       ATM-TO-OCN:      importStandardNameList(i=  2): surface_net_downward_shortwave_flux
20230515 100757.944 INFO             PET2       ATM-TO-OCN:         importNamespaceList(i=  2): ATM
20230515 100757.944 INFO             PET2       ATM-TO-OCN:            importCplSetList(i=  2): __UNSPECIFIED__
20230515 100757.944 INFO             PET2       ATM-TO-OCN:      exportStandardNameList(j=  2): surface_net_downward_shortwave_flux
20230515 100757.944 INFO             PET2       ATM-TO-OCN:         exportNamespaceList(j=  2): OCN
20230515 100757.944 INFO             PET2       ATM-TO-OCN:            exportCplSetList(j=  2): __UNSPECIFIED__
20230515 100757.944 INFO             PET2       ATM-TO-OCN: bondLevel= 1
20230515 100757.944 INFO             PET2       ATM-TO-OCN: => added cplList(  2)=surface_net_downward_shortwave_flux, cplSetList(  2)=__UNSPECIFIED__
20230515 100757.944 INFO             PET2     ATM-TO-OCN: InitializeIPDv05p2b extro.
20230515 100757.944 INFO             PET2     OCN-TO-ATM: InitializeIPDv05p2b intro.
20230515 100757.948 INFO             PET2       OCN-TO-ATM:      importStandardNameList(i=  1): sea_surface_temperature
20230515 100757.948 INFO             PET2       OCN-TO-ATM:         importNamespaceList(i=  1): OCN
20230515 100757.948 INFO             PET2       OCN-TO-ATM:            importCplSetList(i=  1): __UNSPECIFIED__
20230515 100757.948 INFO             PET2       OCN-TO-ATM:      exportStandardNameList(j=  1): sea_surface_temperature
20230515 100757.948 INFO             PET2       OCN-TO-ATM:         exportNamespaceList(j=  1): ATM
20230515 100757.948 INFO             PET2       OCN-TO-ATM:            exportCplSetList(j=  1): __UNSPECIFIED__
20230515 100757.948 INFO             PET2       OCN-TO-ATM: bondLevel= 1
20230515 100757.948 INFO             PET2       OCN-TO-ATM: => added cplList(  1)=sea_surface_temperature, cplSetList(  1)=__UNSPECIFIED__
20230515 100757.948 INFO             PET2     OCN-TO-ATM: InitializeIPDv05p2b extro.
20230515 100757.948 INFO             PET2     esm: IInitModifyCplLists intro.
20230515 100757.948 INFO             PET2     esm: IInitModifyCplLists extro.
20230515 100757.949 INFO             PET2     ATM-TO-OCN: InitializeIPDv05p3 intro.
20230515 100757.953 INFO             PET2       ATM-TO-OCN: handle cplList(1): air_pressure_at_sea_level, cplSetList(1): __UNSPECIFIED__
20230515 100757.953 INFO             PET2       ATM-TO-OCN: - connected.
20230515 100757.953 INFO             PET2       ATM-TO-OCN: - both sides must provide the Field/GeomObject.
20230515 100757.953 INFO             PET2       ATM-TO-OCN: handle cplList(2): surface_net_downward_shortwave_flux, cplSetList(2): __UNSPECIFIED__
20230515 100757.953 INFO             PET2       ATM-TO-OCN: - connected.
20230515 100757.953 INFO             PET2       ATM-TO-OCN: - both sides must provide the Field/GeomObject.
20230515 100757.953 INFO             PET2     ATM-TO-OCN: InitializeIPDv05p3 extro.
20230515 100757.953 INFO             PET2     OCN-TO-ATM: InitializeIPDv05p3 intro.
20230515 100757.957 INFO             PET2       OCN-TO-ATM: handle cplList(1): sea_surface_temperature, cplSetList(1): __UNSPECIFIED__
20230515 100757.957 INFO             PET2       OCN-TO-ATM: - connected.
20230515 100757.957 INFO             PET2       OCN-TO-ATM: - both sides must provide the Field/GeomObject.
20230515 100757.957 INFO             PET2     OCN-TO-ATM: InitializeIPDv05p3 extro.
20230515 100757.957 INFO             PET2     <<<esm: leaving Initialize (phase=<none>) with current time: 2010  6  1  0  0  0   0
20230515 100757.957 INFO             PET2   esm: InitializeIPDv02p1 extro.
20230515 100757.957 INFO             PET2   esm: InitializeIPDv02p3 intro.
20230515 100757.957 INFO             PET2     >>>esm: entered Initialize (phase=<none>) with current time: 2010  6  1  0  0  0   0
20230515 100757.966 INFO             PET2     esm: IInitCheck intro.
20230515 100757.966 INFO             PET2     esm: IInitCheck extro.
20230515 100757.967 INFO             PET2     ATM: InitializeIPDvXp04 intro.
20230515 100757.967 INFO             PET2       >>>ATM: entered Initialize (phase=IPDvXp04) without valid internal Clock.
20230515 100757.971 INFO             PET2       <<<ATM: leaving Initialize (phase=IPDvXp04) without valid internal Clock.
20230515 100757.971 INFO             PET2     ATM: InitializeIPDvXp04 extro.
20230515 100757.971 INFO             PET2     OCN: InitializeIPDvXp04 intro.
20230515 100757.971 INFO             PET2       >>>OCN: entered Initialize (phase=IPDvXp04) without valid internal Clock.
20230515 100757.975 INFO             PET2       <<<OCN: leaving Initialize (phase=IPDvXp04) without valid internal Clock.
20230515 100757.975 INFO             PET2     OCN: InitializeIPDvXp04 extro.
20230515 100757.977 INFO             PET2     ATM-TO-OCN: InitializeIPDv05p4 intro.
20230515 100757.992 INFO             PET2       ATM-TO-OCN: handle cplList(1): air_pressure_at_sea_level, cplSetList(1): __UNSPECIFIED__
20230515 100758.019 INFO             PET2       ATM-TO-OCN: - nothing shared or transferred
20230515 100758.019 INFO             PET2       ATM-TO-OCN: handle cplList(2): surface_net_downward_shortwave_flux, cplSetList(2): __UNSPECIFIED__
20230515 100758.019 INFO             PET2       ATM-TO-OCN: - nothing shared or transferred
20230515 100758.019 INFO             PET2     ATM-TO-OCN: InitializeIPDv05p4 extro.
20230515 100758.019 INFO             PET2     OCN-TO-ATM: InitializeIPDv05p4 intro.
20230515 100758.023 INFO             PET2       OCN-TO-ATM: handle cplList(1): sea_surface_temperature, cplSetList(1): __UNSPECIFIED__
20230515 100758.023 INFO             PET2       OCN-TO-ATM: - nothing shared or transferred
20230515 100758.023 INFO             PET2     OCN-TO-ATM: InitializeIPDv05p4 extro.
20230515 100758.040 INFO             PET2     ATM-TO-OCN: InitializeIPDv05p5 intro.
20230515 100758.046 INFO             PET2       ATM-TO-OCN: handle cplList(1): air_pressure_at_sea_level, cplSetList(1): __UNSPECIFIED__
20230515 100758.046 INFO             PET2       ATM-TO-OCN: - nothing shared or transferred, or may already be handled
20230515 100758.046 INFO             PET2       ATM-TO-OCN: handle cplList(2): surface_net_downward_shortwave_flux, cplSetList(2): __UNSPECIFIED__
20230515 100758.046 INFO             PET2       ATM-TO-OCN: - nothing shared or transferred, or may already be handled
20230515 100758.046 INFO             PET2     ATM-TO-OCN: InitializeIPDv05p5 extro.
20230515 100758.047 INFO             PET2     OCN-TO-ATM: InitializeIPDv05p5 intro.
20230515 100758.051 INFO             PET2       OCN-TO-ATM: handle cplList(1): sea_surface_temperature, cplSetList(1): __UNSPECIFIED__
20230515 100758.051 INFO             PET2       OCN-TO-ATM: - nothing shared or transferred, or may already be handled
20230515 100758.051 INFO             PET2     OCN-TO-ATM: InitializeIPDv05p5 extro.
20230515 100758.051 INFO             PET2     esm: IInitRealize intro.
20230515 100758.051 INFO             PET2     esm: IInitRealize extro.
20230515 100758.051 INFO             PET2     ATM-TO-OCN: InitializeIPDv05p6a intro.
20230515 100758.057 INFO             PET2     ATM-TO-OCN: InitializeIPDv05p6a extro.
20230515 100758.057 INFO             PET2     OCN-TO-ATM: InitializeIPDv05p6a intro.
20230515 100758.060 INFO             PET2     OCN-TO-ATM: InitializeIPDv05p6a extro.
20230515 100758.061 INFO             PET2     ATM-TO-OCN: InitializeIPDv05p6b intro.
20230515 100758.061 INFO             PET2       ATM-TO-OCN: handle cplList(1): air_pressure_at_sea_level, cplSetList(1): __UNSPECIFIED__
20230515 100758.061 INFO             PET2       ATM-TO-OCN: - no Field sharing between import and export side: remap.
20230515 100757.672 INFO             PET3 !!!!!!!!!!!!!!!!!!!!!!!!!!!!!!!!!!!!!!!!!!!!!!!!!!!!!!
20230515 100757.673 INFO             PET3 !!! THE ESMF_LOG IS SET TO OUTPUT ALL LOG MESSAGES !!!
20230515 100757.673 INFO             PET3 !!!     THIS MAY CAUSE SLOWDOWN IN PERFORMANCE     !!!
20230515 100757.673 INFO             PET3 !!! FOR PRODUCTION RUNS, USE:                      !!!
20230515 100757.673 INFO             PET3 !!!                   ESMF_LOGKIND_Multi_On_Error  !!!
20230515 100757.673 INFO             PET3 !!!!!!!!!!!!!!!!!!!!!!!!!!!!!!!!!!!!!!!!!!!!!!!!!!!!!!
20230515 100757.673 INFO             PET3 Running with ESMF Version   : v8.5.0b20-7-g842a2b6b0d
20230515 100757.673 INFO             PET3 ESMF library build date/time: "May 15 2023" "08:15:08"
20230515 100757.673 INFO             PET3 ESMF library build location : /scratch2/NCEPDEV/stmp1/Gerhard.Theurich/ESMF-Nightly-Testing/pgi_19.1_intelmpi_g_fix_profile_summary_at_scale/esmf
20230515 100757.673 INFO             PET3 ESMF_COMM                   : intelmpi
20230515 100757.674 INFO             PET3 ESMF_MOAB                   : enabled
20230515 100757.674 INFO             PET3 ESMF_LAPACK                 : enabled
20230515 100757.674 INFO             PET3 ESMF_NETCDF                 : disabled
20230515 100757.674 INFO             PET3 ESMF_PNETCDF                : disabled
20230515 100757.674 INFO             PET3 ESMF_PIO                    : disabled
20230515 100757.674 INFO             PET3 ESMF_YAMLCPP                : enabled
20230515 100757.674 INFO             PET3 esmApp STARTING
20230515 100757.751 INFO             PET3 esm: InitializeGeneric intro.
20230515 100757.751 INFO             PET3   esm: InitializeP0 intro.
20230515 100757.751 INFO             PET3   esm: InitializeP0 extro.
20230515 100757.751 INFO             PET3   esm: InitializeIPDv02p1 intro.
20230515 100757.751 INFO             PET3     >>>esm: entered Initialize (phase=<none>) without valid internal Clock.
20230515 100757.758 INFO             PET3     esm - Creating model component ATM without petList.
20230515 100757.794 INFO             PET3     esm - Creating model component OCN without petList.
20230515 100757.806 INFO             PET3     esm - Creating connector component ATM-TO-OCN without petList.
20230515 100757.813 INFO             PET3     esm - Creating connector component OCN-TO-ATM without petList.
20230515 100757.826 INFO             PET3     esm - Creating state: modelComp 1 Import State
20230515 100757.826 INFO             PET3     esm - Creating state: modelComp 1 Export State
20230515 100757.826 INFO             PET3     esm - Creating state: modelComp 2 Import State
20230515 100757.826 INFO             PET3     esm - Creating state: modelComp 2 Export State
20230515 100757.850 INFO             PET3     ATM: InitializeP0 intro.
20230515 100757.851 INFO             PET3       >>>ATM: entered Initialize (phase=<none>) without valid internal Clock.
20230515 100757.852 INFO             PET3       <<<ATM: leaving Initialize (phase=<none>) without valid internal Clock.
20230515 100757.852 INFO             PET3     ATM: InitializeP0 extro.
20230515 100757.852 INFO             PET3     OCN: InitializeP0 intro.
20230515 100757.852 INFO             PET3       >>>OCN: entered Initialize (phase=<none>) without valid internal Clock.
20230515 100757.853 INFO             PET3       <<<OCN: leaving Initialize (phase=<none>) without valid internal Clock.
20230515 100757.853 INFO             PET3     OCN: InitializeP0 extro.
20230515 100757.859 INFO             PET3     ATM-TO-OCN: InitializeP0 intro.
20230515 100757.860 INFO             PET3     ATM-TO-OCN: InitializeP0 extro.
20230515 100757.861 INFO             PET3     OCN-TO-ATM: InitializeP0 intro.
20230515 100757.861 INFO             PET3     OCN-TO-ATM: InitializeP0 extro.
20230515 100757.873 INFO             PET3     esm: IInitAdvertise intro.
20230515 100757.873 INFO             PET3     esm: IInitAdvertise extro.
20230515 100757.874 INFO             PET3     ATM: InitializeIPDvXp01 intro.
20230515 100757.874 INFO             PET3       >>>ATM: entered Initialize (phase=IPDvXp01) without valid internal Clock.
20230515 100757.902 INFO             PET3       <<<ATM: leaving Initialize (phase=IPDvXp01) without valid internal Clock.
20230515 100757.902 INFO             PET3     ATM: InitializeIPDvXp01 extro.
20230515 100757.912 INFO             PET3     OCN: InitializeIPDvXp01 intro.
20230515 100757.912 INFO             PET3       >>>OCN: entered Initialize (phase=IPDvXp01) without valid internal Clock.
20230515 100757.914 INFO             PET3       <<<OCN: leaving Initialize (phase=IPDvXp01) without valid internal Clock.
20230515 100757.914 INFO             PET3     OCN: InitializeIPDvXp01 extro.
20230515 100757.916 INFO             PET3     ATM-TO-OCN: InitializeIPDv05p1 intro.
20230515 100757.921 INFO             PET3       ATM-TO-OCN: importState FieldTransferPolicy = transferNone
20230515 100757.921 INFO             PET3       ATM-TO-OCN: exportState FieldTransferPolicy = transferNone
20230515 100757.921 INFO             PET3     ATM-TO-OCN: InitializeIPDv05p1 extro.
20230515 100757.922 INFO             PET3     OCN-TO-ATM: InitializeIPDv05p1 intro.
20230515 100757.925 INFO             PET3       OCN-TO-ATM: importState FieldTransferPolicy = transferNone
20230515 100757.925 INFO             PET3       OCN-TO-ATM: exportState FieldTransferPolicy = transferNone
20230515 100757.925 INFO             PET3     OCN-TO-ATM: InitializeIPDv05p1 extro.
20230515 100757.925 INFO             PET3     esm: IInitAdvertiseFinish intro.
20230515 100757.925 INFO             PET3     esm: IInitAdvertiseFinish extro.
20230515 100757.925 INFO             PET3     ATM-TO-OCN: InitializeIPDv05p2a intro.
20230515 100757.935 INFO             PET3       ATM-TO-OCN:      importStandardNameList(i=  1): air_pressure_at_sea_level
20230515 100757.935 INFO             PET3       ATM-TO-OCN:         importNamespaceList(i=  1): ATM
20230515 100757.935 INFO             PET3       ATM-TO-OCN:            importCplSetList(i=  1): __UNSPECIFIED__
20230515 100757.936 INFO             PET3       ATM-TO-OCN:      exportStandardNameList(j=  1): air_pressure_at_sea_level
20230515 100757.936 INFO             PET3       ATM-TO-OCN:         exportNamespaceList(j=  1): OCN
20230515 100757.936 INFO             PET3       ATM-TO-OCN:            exportCplSetList(j=  1): __UNSPECIFIED__
20230515 100757.936 INFO             PET3       ATM-TO-OCN: bondLevel= 1
20230515 100757.936 INFO             PET3       ATM-TO-OCN: ProducerConnection (bondLevelMax):         1
20230515 100757.936 INFO             PET3       ATM-TO-OCN:      importStandardNameList(i=  2): surface_net_downward_shortwave_flux
20230515 100757.936 INFO             PET3       ATM-TO-OCN:         importNamespaceList(i=  2): ATM
20230515 100757.936 INFO             PET3       ATM-TO-OCN:            importCplSetList(i=  2): __UNSPECIFIED__
20230515 100757.936 INFO             PET3       ATM-TO-OCN:      exportStandardNameList(j=  2): surface_net_downward_shortwave_flux
20230515 100757.936 INFO             PET3       ATM-TO-OCN:         exportNamespaceList(j=  2): OCN
20230515 100757.936 INFO             PET3       ATM-TO-OCN:            exportCplSetList(j=  2): __UNSPECIFIED__
20230515 100757.936 INFO             PET3       ATM-TO-OCN: bondLevel= 1
20230515 100757.936 INFO             PET3       ATM-TO-OCN: ProducerConnection (bondLevelMax):         1
20230515 100757.936 INFO             PET3     ATM-TO-OCN: InitializeIPDv05p2a extro.
20230515 100757.936 INFO             PET3     OCN-TO-ATM: InitializeIPDv05p2a intro.
20230515 100757.940 INFO             PET3       OCN-TO-ATM:      importStandardNameList(i=  1): sea_surface_temperature
20230515 100757.940 INFO             PET3       OCN-TO-ATM:         importNamespaceList(i=  1): OCN
20230515 100757.940 INFO             PET3       OCN-TO-ATM:            importCplSetList(i=  1): __UNSPECIFIED__
20230515 100757.940 INFO             PET3       OCN-TO-ATM:      exportStandardNameList(j=  1): sea_surface_temperature
20230515 100757.940 INFO             PET3       OCN-TO-ATM:         exportNamespaceList(j=  1): ATM
20230515 100757.940 INFO             PET3       OCN-TO-ATM:            exportCplSetList(j=  1): __UNSPECIFIED__
20230515 100757.940 INFO             PET3       OCN-TO-ATM: bondLevel= 1
20230515 100757.940 INFO             PET3       OCN-TO-ATM: ProducerConnection (bondLevelMax):         1
20230515 100757.940 INFO             PET3     OCN-TO-ATM: InitializeIPDv05p2a extro.
20230515 100757.940 INFO             PET3     ATM-TO-OCN: InitializeIPDv05p2b intro.
20230515 100757.944 INFO             PET3       ATM-TO-OCN:      importStandardNameList(i=  1): air_pressure_at_sea_level
20230515 100757.944 INFO             PET3       ATM-TO-OCN:         importNamespaceList(i=  1): ATM
20230515 100757.944 INFO             PET3       ATM-TO-OCN:            importCplSetList(i=  1): __UNSPECIFIED__
20230515 100757.944 INFO             PET3       ATM-TO-OCN:      exportStandardNameList(j=  1): air_pressure_at_sea_level
20230515 100757.944 INFO             PET3       ATM-TO-OCN:         exportNamespaceList(j=  1): OCN
20230515 100757.944 INFO             PET3       ATM-TO-OCN:            exportCplSetList(j=  1): __UNSPECIFIED__
20230515 100757.944 INFO             PET3       ATM-TO-OCN: bondLevel= 1
20230515 100757.944 INFO             PET3       ATM-TO-OCN: => added cplList(  1)=air_pressure_at_sea_level, cplSetList(  1)=__UNSPECIFIED__
20230515 100757.944 INFO             PET3       ATM-TO-OCN:      importStandardNameList(i=  2): surface_net_downward_shortwave_flux
20230515 100757.944 INFO             PET3       ATM-TO-OCN:         importNamespaceList(i=  2): ATM
20230515 100757.944 INFO             PET3       ATM-TO-OCN:            importCplSetList(i=  2): __UNSPECIFIED__
20230515 100757.944 INFO             PET3       ATM-TO-OCN:      exportStandardNameList(j=  2): surface_net_downward_shortwave_flux
20230515 100757.944 INFO             PET3       ATM-TO-OCN:         exportNamespaceList(j=  2): OCN
20230515 100757.944 INFO             PET3       ATM-TO-OCN:            exportCplSetList(j=  2): __UNSPECIFIED__
20230515 100757.944 INFO             PET3       ATM-TO-OCN: bondLevel= 1
20230515 100757.944 INFO             PET3       ATM-TO-OCN: => added cplList(  2)=surface_net_downward_shortwave_flux, cplSetList(  2)=__UNSPECIFIED__
20230515 100757.944 INFO             PET3     ATM-TO-OCN: InitializeIPDv05p2b extro.
20230515 100757.944 INFO             PET3     OCN-TO-ATM: InitializeIPDv05p2b intro.
20230515 100757.948 INFO             PET3       OCN-TO-ATM:      importStandardNameList(i=  1): sea_surface_temperature
20230515 100757.948 INFO             PET3       OCN-TO-ATM:         importNamespaceList(i=  1): OCN
20230515 100757.948 INFO             PET3       OCN-TO-ATM:            importCplSetList(i=  1): __UNSPECIFIED__
20230515 100757.948 INFO             PET3       OCN-TO-ATM:      exportStandardNameList(j=  1): sea_surface_temperature
20230515 100757.948 INFO             PET3       OCN-TO-ATM:         exportNamespaceList(j=  1): ATM
20230515 100757.948 INFO             PET3       OCN-TO-ATM:            exportCplSetList(j=  1): __UNSPECIFIED__
20230515 100757.948 INFO             PET3       OCN-TO-ATM: bondLevel= 1
20230515 100757.948 INFO             PET3       OCN-TO-ATM: => added cplList(  1)=sea_surface_temperature, cplSetList(  1)=__UNSPECIFIED__
20230515 100757.948 INFO             PET3     OCN-TO-ATM: InitializeIPDv05p2b extro.
20230515 100757.948 INFO             PET3     esm: IInitModifyCplLists intro.
20230515 100757.948 INFO             PET3     esm: IInitModifyCplLists extro.
20230515 100757.948 INFO             PET3     ATM-TO-OCN: InitializeIPDv05p3 intro.
20230515 100757.953 INFO             PET3       ATM-TO-OCN: handle cplList(1): air_pressure_at_sea_level, cplSetList(1): __UNSPECIFIED__
20230515 100757.953 INFO             PET3       ATM-TO-OCN: - connected.
20230515 100757.953 INFO             PET3       ATM-TO-OCN: - both sides must provide the Field/GeomObject.
20230515 100757.953 INFO             PET3       ATM-TO-OCN: handle cplList(2): surface_net_downward_shortwave_flux, cplSetList(2): __UNSPECIFIED__
20230515 100757.953 INFO             PET3       ATM-TO-OCN: - connected.
20230515 100757.953 INFO             PET3       ATM-TO-OCN: - both sides must provide the Field/GeomObject.
20230515 100757.953 INFO             PET3     ATM-TO-OCN: InitializeIPDv05p3 extro.
20230515 100757.953 INFO             PET3     OCN-TO-ATM: InitializeIPDv05p3 intro.
20230515 100757.957 INFO             PET3       OCN-TO-ATM: handle cplList(1): sea_surface_temperature, cplSetList(1): __UNSPECIFIED__
20230515 100757.957 INFO             PET3       OCN-TO-ATM: - connected.
20230515 100757.957 INFO             PET3       OCN-TO-ATM: - both sides must provide the Field/GeomObject.
20230515 100757.957 INFO             PET3     OCN-TO-ATM: InitializeIPDv05p3 extro.
20230515 100757.957 INFO             PET3     <<<esm: leaving Initialize (phase=<none>) with current time: 2010  6  1  0  0  0   0
20230515 100757.957 INFO             PET3   esm: InitializeIPDv02p1 extro.
20230515 100757.957 INFO             PET3   esm: InitializeIPDv02p3 intro.
20230515 100757.957 INFO             PET3     >>>esm: entered Initialize (phase=<none>) with current time: 2010  6  1  0  0  0   0
20230515 100757.966 INFO             PET3     esm: IInitCheck intro.
20230515 100757.966 INFO             PET3     esm: IInitCheck extro.
20230515 100757.967 INFO             PET3     ATM: InitializeIPDvXp04 intro.
20230515 100757.967 INFO             PET3       >>>ATM: entered Initialize (phase=IPDvXp04) without valid internal Clock.
20230515 100757.970 INFO             PET3       <<<ATM: leaving Initialize (phase=IPDvXp04) without valid internal Clock.
20230515 100757.970 INFO             PET3     ATM: InitializeIPDvXp04 extro.
20230515 100757.971 INFO             PET3     OCN: InitializeIPDvXp04 intro.
20230515 100757.971 INFO             PET3       >>>OCN: entered Initialize (phase=IPDvXp04) without valid internal Clock.
20230515 100757.974 INFO             PET3       <<<OCN: leaving Initialize (phase=IPDvXp04) without valid internal Clock.
20230515 100757.975 INFO             PET3     OCN: InitializeIPDvXp04 extro.
20230515 100757.977 INFO             PET3     ATM-TO-OCN: InitializeIPDv05p4 intro.
20230515 100757.992 INFO             PET3       ATM-TO-OCN: handle cplList(1): air_pressure_at_sea_level, cplSetList(1): __UNSPECIFIED__
20230515 100758.019 INFO             PET3       ATM-TO-OCN: - nothing shared or transferred
20230515 100758.019 INFO             PET3       ATM-TO-OCN: handle cplList(2): surface_net_downward_shortwave_flux, cplSetList(2): __UNSPECIFIED__
20230515 100758.019 INFO             PET3       ATM-TO-OCN: - nothing shared or transferred
20230515 100758.019 INFO             PET3     ATM-TO-OCN: InitializeIPDv05p4 extro.
20230515 100758.019 INFO             PET3     OCN-TO-ATM: InitializeIPDv05p4 intro.
20230515 100758.023 INFO             PET3       OCN-TO-ATM: handle cplList(1): sea_surface_temperature, cplSetList(1): __UNSPECIFIED__
20230515 100758.023 INFO             PET3       OCN-TO-ATM: - nothing shared or transferred
20230515 100758.023 INFO             PET3     OCN-TO-ATM: InitializeIPDv05p4 extro.
20230515 100758.041 INFO             PET3     ATM-TO-OCN: InitializeIPDv05p5 intro.
20230515 100758.046 INFO             PET3       ATM-TO-OCN: handle cplList(1): air_pressure_at_sea_level, cplSetList(1): __UNSPECIFIED__
20230515 100758.046 INFO             PET3       ATM-TO-OCN: - nothing shared or transferred, or may already be handled
20230515 100758.046 INFO             PET3       ATM-TO-OCN: handle cplList(2): surface_net_downward_shortwave_flux, cplSetList(2): __UNSPECIFIED__
20230515 100758.046 INFO             PET3       ATM-TO-OCN: - nothing shared or transferred, or may already be handled
20230515 100758.046 INFO             PET3     ATM-TO-OCN: InitializeIPDv05p5 extro.
20230515 100758.047 INFO             PET3     OCN-TO-ATM: InitializeIPDv05p5 intro.
20230515 100758.051 INFO             PET3       OCN-TO-ATM: handle cplList(1): sea_surface_temperature, cplSetList(1): __UNSPECIFIED__
20230515 100758.051 INFO             PET3       OCN-TO-ATM: - nothing shared or transferred, or may already be handled
20230515 100758.051 INFO             PET3     OCN-TO-ATM: InitializeIPDv05p5 extro.
20230515 100758.051 INFO             PET3     esm: IInitRealize intro.
20230515 100758.051 INFO             PET3     esm: IInitRealize extro.
20230515 100758.051 INFO             PET3     ATM-TO-OCN: InitializeIPDv05p6a intro.
20230515 100758.057 INFO             PET3     ATM-TO-OCN: InitializeIPDv05p6a extro.
20230515 100758.057 INFO             PET3     OCN-TO-ATM: InitializeIPDv05p6a intro.
20230515 100758.060 INFO             PET3     OCN-TO-ATM: InitializeIPDv05p6a extro.
20230515 100758.061 INFO             PET3     ATM-TO-OCN: InitializeIPDv05p6b intro.
20230515 100758.061 INFO             PET3       ATM-TO-OCN: handle cplList(1): air_pressure_at_sea_level, cplSetList(1): __UNSPECIFIED__
20230515 100758.061 INFO             PET3       ATM-TO-OCN: - no Field sharing between import and export side: remap.
