2023-05-08 10:59:41
20230508 123813.418 INFO             PET0 !!!!!!!!!!!!!!!!!!!!!!!!!!!!!!!!!!!!!!!!!!!!!!!!!!!!!!
20230508 123813.419 INFO             PET0 !!! THE ESMF_LOG IS SET TO OUTPUT ALL LOG MESSAGES !!!
20230508 123813.419 INFO             PET0 !!!     THIS MAY CAUSE SLOWDOWN IN PERFORMANCE     !!!
20230508 123813.419 INFO             PET0 !!! FOR PRODUCTION RUNS, USE:                      !!!
20230508 123813.419 INFO             PET0 !!!                   ESMF_LOGKIND_Multi_On_Error  !!!
20230508 123813.419 INFO             PET0 !!!!!!!!!!!!!!!!!!!!!!!!!!!!!!!!!!!!!!!!!!!!!!!!!!!!!!
20230508 123813.419 INFO             PET0 Running with ESMF Version   : v8.5.0b21
20230508 123813.419 INFO             PET0 ESMF library build date/time: "May  8 2023" "10:54:37"
20230508 123813.419 INFO             PET0 ESMF library build location : /scratch2/NCEPDEV/stmp1/Gerhard.Theurich/ESMF-Nightly-Testing/pgi_19.1_intelmpi_g_develop/esmf
20230508 123813.419 INFO             PET0 ESMF_COMM                   : intelmpi
20230508 123813.419 INFO             PET0 ESMF_MOAB                   : enabled
20230508 123813.419 INFO             PET0 ESMF_LAPACK                 : enabled
20230508 123813.419 INFO             PET0 ESMF_NETCDF                 : disabled
20230508 123813.419 INFO             PET0 ESMF_PNETCDF                : disabled
20230508 123813.419 INFO             PET0 ESMF_PIO                    : disabled
20230508 123813.419 INFO             PET0 ESMF_YAMLCPP                : enabled
20230508 123813.420 INFO             PET0 mainApp STARTING
20230508 123813.424 INFO             PET0 driver: InitializeGeneric intro.
20230508 123813.424 INFO             PET0   driver: InitializeP0 intro.
20230508 123813.424 INFO             PET0   driver: InitializeP0 extro.
20230508 123813.425 INFO             PET0   driver: InitializeIPDv02p1 intro.
20230508 123813.425 INFO             PET0     >>>driver: entered Initialize (phase=<none>) without valid internal Clock.
20230508 123813.426 INFO             PET0     driver - Creating model component MODEL without petList.
20230508 123813.430 INFO             PET0      GridCompIsPetLocal:   T
20230508 123813.430 INFO             PET0      VmIsCreated:   T
20230508 123813.430 INFO             PET0      valid MPI_COMM with size=            4
20230508 123813.430 INFO             PET0     driver - Creating state: modelComp 1 Import State
20230508 123813.430 INFO             PET0     driver - Creating state: modelComp 1 Export State
20230508 123813.431 INFO             PET0     MODEL: InitializeP0 intro.
20230508 123813.431 INFO             PET0       >>>MODEL: entered Initialize (phase=<none>) without valid internal Clock.
20230508 123813.433 INFO             PET0       <<<MODEL: leaving Initialize (phase=<none>) without valid internal Clock.
20230508 123813.433 INFO             PET0     MODEL: InitializeP0 extro.
20230508 123813.434 INFO             PET0     driver: IInitAdvertise intro.
20230508 123813.434 INFO             PET0     driver: IInitAdvertise extro.
20230508 123813.434 INFO             PET0     MODEL: InitializeIPDvXp01 intro.
20230508 123813.435 INFO             PET0       >>>MODEL: entered Initialize (phase=IPDvXp01) without valid internal Clock.
20230508 123813.437 INFO             PET0       <<<MODEL: leaving Initialize (phase=IPDvXp01) without valid internal Clock.
20230508 123813.437 INFO             PET0     MODEL: InitializeIPDvXp01 extro.
20230508 123813.438 INFO             PET0     driver: IInitAdvertiseFinish intro.
20230508 123813.438 INFO             PET0     driver: IInitAdvertiseFinish extro.
20230508 123813.438 INFO             PET0     driver: IInitModifyCplLists intro.
20230508 123813.438 INFO             PET0     driver: IInitModifyCplLists extro.
20230508 123813.438 INFO             PET0     <<<driver: leaving Initialize (phase=<none>) with current time:    0  1  1  0  0  0   0
20230508 123813.438 INFO             PET0   driver: InitializeIPDv02p1 extro.
20230508 123813.438 INFO             PET0   driver: InitializeIPDv02p3 intro.
20230508 123813.438 INFO             PET0     >>>driver: entered Initialize (phase=<none>) with current time:    0  1  1  0  0  0   0
20230508 123813.438 INFO             PET0     driver: IInitCheck intro.
20230508 123813.438 INFO             PET0     driver: IInitCheck extro.
20230508 123813.439 INFO             PET0     MODEL: InitializeIPDvXp04 intro.
20230508 123813.439 INFO             PET0       >>>MODEL: entered Initialize (phase=IPDvXp04) without valid internal Clock.
20230508 123813.443 INFO             PET0       After Realize: - MemInfo: [/proc/meminfo - SSI]	MemTotal:       97470528 kB
20230508 123813.443 INFO             PET0       After Realize: - MemInfo: [/proc/meminfo - SSI]	MemFree:        87506972 kB
20230508 123813.443 INFO             PET0       After Realize: - MemInfo: [/proc/meminfo - SSI]	MemAvailable:   91604400 kB
20230508 123813.443 INFO             PET0       After Realize: - MemInfo: [/proc/meminfo - SSI]	Committed_AS:    1320644 kB
20230508 123813.443 INFO             PET0       After Realize: - MemInfo: [/proc/meminfo - SSI]	CommittedPercent: 1.35492 %
20230508 123813.443 INFO             PET0       After Realize: - MemInfo: [/proc/self/status]	VmPeak:	 2029944 kB
20230508 123813.443 INFO             PET0       After Realize: - MemInfo: [/proc/self/status]	VmSize:	 2029944 kB
20230508 123813.443 INFO             PET0       After Realize: - MemInfo: [/proc/self/status]	VmLck:	       0 kB
20230508 123813.443 INFO             PET0       After Realize: - MemInfo: [/proc/self/status]	VmPin:	   16388 kB
20230508 123813.443 INFO             PET0       After Realize: - MemInfo: [/proc/self/status]	VmHWM:	   72456 kB
20230508 123813.443 INFO             PET0       After Realize: - MemInfo: [/proc/self/status]	VmRSS:	   72456 kB
20230508 123813.443 INFO             PET0       After Realize: - MemInfo: [/proc/self/status]	VmData:	  103328 kB
20230508 123813.443 INFO             PET0       After Realize: - MemInfo: [/proc/self/status]	VmStk:	     904 kB
20230508 123813.443 INFO             PET0       After Realize: - MemInfo: [/proc/self/status]	VmExe:	      32 kB
20230508 123813.443 INFO             PET0       After Realize: - MemInfo: [/proc/self/status]	VmLib:	   80248 kB
20230508 123813.443 INFO             PET0       After Realize: - MemInfo: [/proc/self/status]	VmPTE:	     516 kB
20230508 123813.443 INFO             PET0       After Realize: - MemInfo: [/proc/self/status]	VmSwap:	       0 kB
20230508 123813.443 INFO             PET0       After Realize: - MemInfo: [/proc/self/status]	VmRSSPercent: 0.0743363 %
20230508 123813.443 INFO             PET0       After Realize: - MemInfo: [malloc] Non-mmapped space allocated:                 6000640 Byte
20230508 123813.443 INFO             PET0       After Realize: - MemInfo: [malloc] Space allocated in mmapped regions:                0 Byte
20230508 123813.443 INFO             PET0       After Realize: - MemInfo: [malloc] Maximum total allocated space:                     0 Byte
20230508 123813.443 INFO             PET0       After Realize: - MemInfo: [malloc] Space in freed fastbin blocks:                   464 Byte
20230508 123813.443 INFO             PET0       After Realize: - MemInfo: [malloc] Total allocated space:                       5887264 Byte
20230508 123813.443 INFO             PET0       After Realize: - MemInfo: [malloc] Total free space:                             113376 Byte
20230508 123813.443 INFO             PET0       After Realize: - MemInfo: [malloc] Top-most, releasable space:                   110960 Byte
20230508 123813.443 INFO             PET0       After Realize: - MemInfo: [malloc] Total space in use, mmap + non-mmap:         5887264 Byte
20230508 123813.443 INFO             PET0       After Realize: - MemInfo: [malloc] Total space held (mmap + non-mmap):          6000640 Byte
20230508 123813.443 INFO             PET0       After Realize: - MemInfo: [malloc] Total space used (mmap + non-mmap):          5896400 Byte
20230508 123813.443 INFO             PET0       After Realize: - MemInfo: Wall-clock time since execution start:              0.0316057 seconds
20230508 123813.443 INFO             PET0       <<<MODEL: leaving Initialize (phase=IPDvXp04) without valid internal Clock.
20230508 123813.443 INFO             PET0     MODEL: InitializeIPDvXp04 extro.
20230508 123813.444 INFO             PET0     driver: IInitRealize intro.
20230508 123813.444 INFO             PET0     driver: IInitRealize extro.
20230508 123813.444 INFO             PET0     MODEL: InitializeIPDvXp07 intro.
20230508 123813.445 INFO             PET0       >>>MODEL: entered Initialize (phase=IPDvXp07) without valid internal Clock.
20230508 123813.445 INFO             PET0       <<<MODEL: leaving Initialize (phase=IPDvXp07) with current time:    0  1  1  0  0  0   0
20230508 123813.445 INFO             PET0     MODEL: InitializeIPDvXp07 extro.
20230508 123813.445 INFO             PET0     <<<driver: leaving Initialize (phase=<none>) with current time:    0  1  1  0  0  0   0
20230508 123813.445 INFO             PET0   driver: InitializeIPDv02p3 extro.
20230508 123813.445 INFO             PET0   driver: InitializeIPDv02p5 intro.
20230508 123813.445 INFO             PET0     >>>driver: entered Initialize (phase=<none>) with current time:    0  1  1  0  0  0   0
20230508 123813.445 INFO             PET0     driver: this is a top level driver, no 'Updated' and 'InitializeDataComplete' info on this level.
20230508 123813.445 INFO             PET0     driver: InitializeIPDv02p5Data intro.
20230508 123813.445 INFO             PET0       driver: InternalInitializeComplete intro.
20230508 123813.445 INFO             PET0         driver: InitializeDataComplete='true'
20230508 123813.445 INFO             PET0       driver: InternalInitializeComplete extro.
20230508 123813.445 INFO             PET0       MODEL: InitializeIPDvXp08 intro.
20230508 123813.446 INFO             PET0         >>>MODEL: entered Initialize (phase=IPDv05p8) with current time:    0  1  1  0  0  0   0
20230508 123813.446 INFO             PET0         MODEL: InitializeDataProgress='false', InitializeDataComplete='false'
20230508 123813.446 INFO             PET0         <<<MODEL: leaving Initialize (phase=IPDv05p8) with current time:    0  1  1  0  0  0   0
20230508 123813.446 INFO             PET0       MODEL: InitializeIPDvXp08 extro.
20230508 123813.450 INFO             PET0       driver: components present that trigger loopDataDependentInitialize().
20230508 123813.450 INFO             PET0       driver: loopDataDependentInitialize intro.
20230508 123813.450 INFO             PET0         driver: component    0=driver, dataComplete (local): true
20230508 123813.450 INFO             PET0         driver: component    0=driver, dataComplete (global):  T
20230508 123813.450 INFO             PET0         driver: component    1=MODEL, dataComplete (local): false
20230508 123813.451 INFO             PET0         driver: component    1=MODEL, dataComplete (global):  F
20230508 123813.451 INFO             PET0         MODEL: InitializeIPDvXp08 intro.
20230508 123813.451 INFO             PET0           >>>MODEL: entered Initialize (phase=IPDv05p8) with current time:    0  1  1  0  0  0   0
20230508 123813.451 INFO             PET0           MODEL: InitializeDataProgress='true', InitializeDataComplete='true'
20230508 123813.451 INFO             PET0           <<<MODEL: leaving Initialize (phase=IPDv05p8) with current time:    0  1  1  0  0  0   0
20230508 123813.451 INFO             PET0         MODEL: InitializeIPDvXp08 extro.
20230508 123813.452 INFO             PET0         driver: component    1=MODEL, someProgress (local): true
20230508 123813.452 INFO             PET0         driver: component    1=MODEL, someProgress (global):  T
20230508 123813.452 INFO             PET0         driver: someProgress= T, allComplete= F, present(dataDepAllComplete)= T
20230508 123813.452 INFO             PET0         driver: component    0=driver, dataComplete (local): true
20230508 123813.452 INFO             PET0         driver: component    0=driver, dataComplete (global):  T
20230508 123813.452 INFO             PET0         driver: component    1=MODEL, dataComplete (local): true
20230508 123813.452 INFO             PET0         driver: component    1=MODEL, dataComplete (global):  T
20230508 123813.452 INFO             PET0         driver: someProgress= F, allComplete= T, present(dataDepAllComplete)= T
20230508 123813.452 INFO             PET0         driver: finished resolving initialize data dependencies on this level.
20230508 123813.452 INFO             PET0       driver: loopDataDependentInitialize extro.
20230508 123813.453 INFO             PET0       driver: loopDataDependentInitialize() returned with dataDepAllComplete:  T
20230508 123813.453 INFO             PET0     driver: InitializeIPDv02p5Data extro.
20230508 123813.453 INFO             PET0     <<<driver: leaving Initialize (phase=<none>) with current time:    0  1  1  0  0  0   0
20230508 123813.453 INFO             PET0   driver: InitializeIPDv02p5 extro.
20230508 123813.453 INFO             PET0 driver: InitializeGeneric extro.
20230508 123813.453 INFO             PET0 driver: Run intro.
20230508 123813.453 INFO             PET0   >>>driver entered Run (phase=RunPhase1) with current time:    0  1  1  0  0  0   0
20230508 123813.453 INFO             PET0   driver: after lable_SetRunClock, current time:    0  1  1  0  0  0   0
20230508 123813.453 INFO             PET0   driver: begin -------> RunSequence.
20230508 123813.453 INFO             PET0     driver: RunSequence event loopLevel=   1  levelMember=   1  loopIteration=   1, current time:    0  1  1  0  0  0   0
20230508 123813.453 INFO             PET0     MODEL: Run intro.
20230508 123813.453 INFO             PET0       >>>MODEL: entered Run (phase=RunPhase1) with current time:    0  1  1  0  0  0   0
20230508 123813.453 INFO             PET0       MODEL: time step-loop starting, current time:    0  1  1  0  0  0   0
20230508 123813.453 INFO             PET0       ---->Advancing Model from:    0  1  1  0  0  0   0
20230508 123813.453 INFO             PET0       ---------------------> to:    0  1  1  0  0 30   0
20230508 123813.453 INFO             PET0       MODEL: time step-loop ending,   current time:    0  1  1  0  0 30   0
20230508 123813.453 INFO             PET0       <<<MODEL: leaving Run (phase=RunPhase1) with current time:    0  1  1  0  0 30   0
20230508 123813.453 INFO             PET0     MODEL: Run extro.
20230508 123813.453 INFO             PET0     driver: RunSequence event loopLevel=   1  levelMember=   1  loopIteration=   2, current time:    0  1  1  0  0 30   0
20230508 123813.454 INFO             PET0     MODEL: Run intro.
20230508 123813.454 INFO             PET0       >>>MODEL: entered Run (phase=RunPhase1) with current time:    0  1  1  0  0 30   0
20230508 123813.454 INFO             PET0       MODEL: time step-loop starting, current time:    0  1  1  0  0 30   0
20230508 123813.454 INFO             PET0       ---->Advancing Model from:    0  1  1  0  0 30   0
20230508 123813.454 INFO             PET0       ---------------------> to:    0  1  1  0  1  0   0
20230508 123813.454 INFO             PET0       MODEL: time step-loop ending,   current time:    0  1  1  0  1  0   0
20230508 123813.454 INFO             PET0       <<<MODEL: leaving Run (phase=RunPhase1) with current time:    0  1  1  0  1  0   0
20230508 123813.454 INFO             PET0     MODEL: Run extro.
20230508 123813.454 INFO             PET0     driver: RunSequence event loopLevel=   1  levelMember=   1  loopIteration=   3, current time:    0  1  1  0  1  0   0
20230508 123813.454 INFO             PET0     MODEL: Run intro.
20230508 123813.454 INFO             PET0       >>>MODEL: entered Run (phase=RunPhase1) with current time:    0  1  1  0  1  0   0
20230508 123813.454 INFO             PET0       MODEL: time step-loop starting, current time:    0  1  1  0  1  0   0
20230508 123813.454 INFO             PET0       ---->Advancing Model from:    0  1  1  0  1  0   0
20230508 123813.454 INFO             PET0       ---------------------> to:    0  1  1  0  1 30   0
20230508 123813.454 INFO             PET0       MODEL: time step-loop ending,   current time:    0  1  1  0  1 30   0
20230508 123813.454 INFO             PET0       <<<MODEL: leaving Run (phase=RunPhase1) with current time:    0  1  1  0  1 30   0
20230508 123813.454 INFO             PET0     MODEL: Run extro.
20230508 123813.454 INFO             PET0     driver: RunSequence event loopLevel=   1  levelMember=   1  loopIteration=   4, current time:    0  1  1  0  1 30   0
20230508 123813.454 INFO             PET0     MODEL: Run intro.
20230508 123813.454 INFO             PET0       >>>MODEL: entered Run (phase=RunPhase1) with current time:    0  1  1  0  1 30   0
20230508 123813.454 INFO             PET0       MODEL: time step-loop starting, current time:    0  1  1  0  1 30   0
20230508 123813.454 INFO             PET0       ---->Advancing Model from:    0  1  1  0  1 30   0
20230508 123813.454 INFO             PET0       ---------------------> to:    0  1  1  0  2  0   0
20230508 123813.454 INFO             PET0       MODEL: time step-loop ending,   current time:    0  1  1  0  2  0   0
20230508 123813.455 INFO             PET0       <<<MODEL: leaving Run (phase=RunPhase1) with current time:    0  1  1  0  2  0   0
20230508 123813.455 INFO             PET0     MODEL: Run extro.
20230508 123813.455 INFO             PET0     driver: RunSequence event loopLevel=   1  levelMember=   1  loopIteration=   5, current time:    0  1  1  0  2  0   0
20230508 123813.455 INFO             PET0     MODEL: Run intro.
20230508 123813.455 INFO             PET0       >>>MODEL: entered Run (phase=RunPhase1) with current time:    0  1  1  0  2  0   0
20230508 123813.455 INFO             PET0       MODEL: time step-loop starting, current time:    0  1  1  0  2  0   0
20230508 123813.455 INFO             PET0       ---->Advancing Model from:    0  1  1  0  2  0   0
20230508 123813.455 INFO             PET0       ---------------------> to:    0  1  1  0  2 30   0
20230508 123813.455 INFO             PET0       MODEL: time step-loop ending,   current time:    0  1  1  0  2 30   0
20230508 123813.455 INFO             PET0       <<<MODEL: leaving Run (phase=RunPhase1) with current time:    0  1  1  0  2 30   0
20230508 123813.455 INFO             PET0     MODEL: Run extro.
20230508 123813.455 INFO             PET0   driver: end <--------- RunSequence
20230508 123813.455 INFO             PET0   <<<driver - leaving Run with current time:    0  1  1  0  2 30   0
20230508 123813.455 INFO             PET0 driver: Run extro.
20230508 123813.455 INFO             PET0 driver: Finalize intro.
20230508 123813.455 INFO             PET0   Calling Finalize phase 1 for modelComp: MODEL
20230508 123813.455 INFO             PET0   MODEL: Finalize intro.
20230508 123813.455 INFO             PET0     >>>MODEL: entered Finalize (phase=FinalizePhase1) with current time:    0  1  1  0  2 30   0
20230508 123813.455 INFO             PET0     <<<MODEL: leaving Finalize (phase=FinalizePhase1) with current time:    0  1  1  0  2 30   0
20230508 123813.455 INFO             PET0   MODEL: Finalize extro.
20230508 123813.455 INFO             PET0   Delete modelComp: MODEL
20230508 123813.455 INFO             PET0   Delete Import-/Export State for modelComp: MODEL
20230508 123813.455 INFO             PET0 driver: Finalize extro.
20230508 123813.456 INFO             PET0 mainApp FINISHED
20230508 123813.456 INFO             PET0 Finalizing ESMF
20230508 123813.417 INFO             PET1 !!!!!!!!!!!!!!!!!!!!!!!!!!!!!!!!!!!!!!!!!!!!!!!!!!!!!!
20230508 123813.418 INFO             PET1 !!! THE ESMF_LOG IS SET TO OUTPUT ALL LOG MESSAGES !!!
20230508 123813.418 INFO             PET1 !!!     THIS MAY CAUSE SLOWDOWN IN PERFORMANCE     !!!
20230508 123813.418 INFO             PET1 !!! FOR PRODUCTION RUNS, USE:                      !!!
20230508 123813.418 INFO             PET1 !!!                   ESMF_LOGKIND_Multi_On_Error  !!!
20230508 123813.418 INFO             PET1 !!!!!!!!!!!!!!!!!!!!!!!!!!!!!!!!!!!!!!!!!!!!!!!!!!!!!!
20230508 123813.418 INFO             PET1 Running with ESMF Version   : v8.5.0b21
20230508 123813.418 INFO             PET1 ESMF library build date/time: "May  8 2023" "10:54:37"
20230508 123813.418 INFO             PET1 ESMF library build location : /scratch2/NCEPDEV/stmp1/Gerhard.Theurich/ESMF-Nightly-Testing/pgi_19.1_intelmpi_g_develop/esmf
20230508 123813.418 INFO             PET1 ESMF_COMM                   : intelmpi
20230508 123813.418 INFO             PET1 ESMF_MOAB                   : enabled
20230508 123813.418 INFO             PET1 ESMF_LAPACK                 : enabled
20230508 123813.418 INFO             PET1 ESMF_NETCDF                 : disabled
20230508 123813.418 INFO             PET1 ESMF_PNETCDF                : disabled
20230508 123813.418 INFO             PET1 ESMF_PIO                    : disabled
20230508 123813.418 INFO             PET1 ESMF_YAMLCPP                : enabled
20230508 123813.420 INFO             PET1 mainApp STARTING
20230508 123813.425 INFO             PET1 driver: InitializeGeneric intro.
20230508 123813.425 INFO             PET1   driver: InitializeP0 intro.
20230508 123813.425 INFO             PET1   driver: InitializeP0 extro.
20230508 123813.425 INFO             PET1   driver: InitializeIPDv02p1 intro.
20230508 123813.426 INFO             PET1     >>>driver: entered Initialize (phase=<none>) without valid internal Clock.
20230508 123813.426 INFO             PET1     driver - Creating model component MODEL without petList.
20230508 123813.431 INFO             PET1      GridCompIsPetLocal:   T
20230508 123813.431 INFO             PET1      VmIsCreated:   T
20230508 123813.431 INFO             PET1      valid MPI_COMM with size=            4
20230508 123813.431 INFO             PET1     driver - Creating state: modelComp 1 Import State
20230508 123813.431 INFO             PET1     driver - Creating state: modelComp 1 Export State
20230508 123813.432 INFO             PET1     MODEL: InitializeP0 intro.
20230508 123813.432 INFO             PET1       >>>MODEL: entered Initialize (phase=<none>) without valid internal Clock.
20230508 123813.434 INFO             PET1       <<<MODEL: leaving Initialize (phase=<none>) without valid internal Clock.
20230508 123813.434 INFO             PET1     MODEL: InitializeP0 extro.
20230508 123813.436 INFO             PET1     driver: IInitAdvertise intro.
20230508 123813.436 INFO             PET1     driver: IInitAdvertise extro.
20230508 123813.436 INFO             PET1     MODEL: InitializeIPDvXp01 intro.
20230508 123813.436 INFO             PET1       >>>MODEL: entered Initialize (phase=IPDvXp01) without valid internal Clock.
20230508 123813.439 INFO             PET1       <<<MODEL: leaving Initialize (phase=IPDvXp01) without valid internal Clock.
20230508 123813.439 INFO             PET1     MODEL: InitializeIPDvXp01 extro.
20230508 123813.440 INFO             PET1     driver: IInitAdvertiseFinish intro.
20230508 123813.440 INFO             PET1     driver: IInitAdvertiseFinish extro.
20230508 123813.440 INFO             PET1     driver: IInitModifyCplLists intro.
20230508 123813.440 INFO             PET1     driver: IInitModifyCplLists extro.
20230508 123813.440 INFO             PET1     <<<driver: leaving Initialize (phase=<none>) with current time:    0  1  1  0  0  0   0
20230508 123813.440 INFO             PET1   driver: InitializeIPDv02p1 extro.
20230508 123813.440 INFO             PET1   driver: InitializeIPDv02p3 intro.
20230508 123813.440 INFO             PET1     >>>driver: entered Initialize (phase=<none>) with current time:    0  1  1  0  0  0   0
20230508 123813.441 INFO             PET1     driver: IInitCheck intro.
20230508 123813.441 INFO             PET1     driver: IInitCheck extro.
20230508 123813.441 INFO             PET1     MODEL: InitializeIPDvXp04 intro.
20230508 123813.441 INFO             PET1       >>>MODEL: entered Initialize (phase=IPDvXp04) without valid internal Clock.
20230508 123813.445 INFO             PET1       After Realize: - MemInfo: [/proc/meminfo - SSI]	MemTotal:       97470528 kB
20230508 123813.445 INFO             PET1       After Realize: - MemInfo: [/proc/meminfo - SSI]	MemFree:        87506972 kB
20230508 123813.445 INFO             PET1       After Realize: - MemInfo: [/proc/meminfo - SSI]	MemAvailable:   91604400 kB
20230508 123813.445 INFO             PET1       After Realize: - MemInfo: [/proc/meminfo - SSI]	Committed_AS:    1320644 kB
20230508 123813.445 INFO             PET1       After Realize: - MemInfo: [/proc/meminfo - SSI]	CommittedPercent: 1.35492 %
20230508 123813.445 INFO             PET1       After Realize: - MemInfo: [/proc/self/status]	VmPeak:	 2029948 kB
20230508 123813.445 INFO             PET1       After Realize: - MemInfo: [/proc/self/status]	VmSize:	 2029948 kB
20230508 123813.445 INFO             PET1       After Realize: - MemInfo: [/proc/self/status]	VmLck:	       0 kB
20230508 123813.445 INFO             PET1       After Realize: - MemInfo: [/proc/self/status]	VmPin:	   16388 kB
20230508 123813.445 INFO             PET1       After Realize: - MemInfo: [/proc/self/status]	VmHWM:	   72828 kB
20230508 123813.445 INFO             PET1       After Realize: - MemInfo: [/proc/self/status]	VmRSS:	   72828 kB
20230508 123813.445 INFO             PET1       After Realize: - MemInfo: [/proc/self/status]	VmData:	  103328 kB
20230508 123813.446 INFO             PET1       After Realize: - MemInfo: [/proc/self/status]	VmStk:	     908 kB
20230508 123813.446 INFO             PET1       After Realize: - MemInfo: [/proc/self/status]	VmExe:	      32 kB
20230508 123813.446 INFO             PET1       After Realize: - MemInfo: [/proc/self/status]	VmLib:	   80248 kB
20230508 123813.446 INFO             PET1       After Realize: - MemInfo: [/proc/self/status]	VmPTE:	     552 kB
20230508 123813.446 INFO             PET1       After Realize: - MemInfo: [/proc/self/status]	VmSwap:	       0 kB
20230508 123813.446 INFO             PET1       After Realize: - MemInfo: [/proc/self/status]	VmRSSPercent: 0.074718 %
20230508 123813.446 INFO             PET1       After Realize: - MemInfo: [malloc] Non-mmapped space allocated:                 6000640 Byte
20230508 123813.446 INFO             PET1       After Realize: - MemInfo: [malloc] Space allocated in mmapped regions:                0 Byte
20230508 123813.446 INFO             PET1       After Realize: - MemInfo: [malloc] Maximum total allocated space:                     0 Byte
20230508 123813.446 INFO             PET1       After Realize: - MemInfo: [malloc] Space in freed fastbin blocks:                   464 Byte
20230508 123813.446 INFO             PET1       After Realize: - MemInfo: [malloc] Total allocated space:                       5888816 Byte
20230508 123813.446 INFO             PET1       After Realize: - MemInfo: [malloc] Total free space:                             111824 Byte
20230508 123813.446 INFO             PET1       After Realize: - MemInfo: [malloc] Top-most, releasable space:                   109408 Byte
20230508 123813.446 INFO             PET1       After Realize: - MemInfo: [malloc] Total space in use, mmap + non-mmap:         5888816 Byte
20230508 123813.446 INFO             PET1       After Realize: - MemInfo: [malloc] Total space held (mmap + non-mmap):          6000640 Byte
20230508 123813.446 INFO             PET1       After Realize: - MemInfo: [malloc] Total space used (mmap + non-mmap):          5897952 Byte
20230508 123813.446 INFO             PET1       After Realize: - MemInfo: Wall-clock time since execution start:              0.0345801 seconds
20230508 123813.446 INFO             PET1       <<<MODEL: leaving Initialize (phase=IPDvXp04) without valid internal Clock.
20230508 123813.446 INFO             PET1     MODEL: InitializeIPDvXp04 extro.
20230508 123813.447 INFO             PET1     driver: IInitRealize intro.
20230508 123813.447 INFO             PET1     driver: IInitRealize extro.
20230508 123813.447 INFO             PET1     MODEL: InitializeIPDvXp07 intro.
20230508 123813.448 INFO             PET1       >>>MODEL: entered Initialize (phase=IPDvXp07) without valid internal Clock.
20230508 123813.448 INFO             PET1       <<<MODEL: leaving Initialize (phase=IPDvXp07) with current time:    0  1  1  0  0  0   0
20230508 123813.448 INFO             PET1     MODEL: InitializeIPDvXp07 extro.
20230508 123813.448 INFO             PET1     <<<driver: leaving Initialize (phase=<none>) with current time:    0  1  1  0  0  0   0
20230508 123813.448 INFO             PET1   driver: InitializeIPDv02p3 extro.
20230508 123813.448 INFO             PET1   driver: InitializeIPDv02p5 intro.
20230508 123813.448 INFO             PET1     >>>driver: entered Initialize (phase=<none>) with current time:    0  1  1  0  0  0   0
20230508 123813.448 INFO             PET1     driver: this is a top level driver, no 'Updated' and 'InitializeDataComplete' info on this level.
20230508 123813.448 INFO             PET1     driver: InitializeIPDv02p5Data intro.
20230508 123813.448 INFO             PET1       driver: InternalInitializeComplete intro.
20230508 123813.448 INFO             PET1         driver: InitializeDataComplete='true'
20230508 123813.448 INFO             PET1       driver: InternalInitializeComplete extro.
20230508 123813.449 INFO             PET1       MODEL: InitializeIPDvXp08 intro.
20230508 123813.449 INFO             PET1         >>>MODEL: entered Initialize (phase=IPDv05p8) with current time:    0  1  1  0  0  0   0
20230508 123813.449 INFO             PET1         MODEL: InitializeDataProgress='false', InitializeDataComplete='false'
20230508 123813.449 INFO             PET1         <<<MODEL: leaving Initialize (phase=IPDv05p8) with current time:    0  1  1  0  0  0   0
20230508 123813.449 INFO             PET1       MODEL: InitializeIPDvXp08 extro.
20230508 123813.450 INFO             PET1       driver: components present that trigger loopDataDependentInitialize().
20230508 123813.450 INFO             PET1       driver: loopDataDependentInitialize intro.
20230508 123813.450 INFO             PET1         driver: component    0=driver, dataComplete (local): true
20230508 123813.450 INFO             PET1         driver: component    0=driver, dataComplete (global):  T
20230508 123813.450 INFO             PET1         driver: component    1=MODEL, dataComplete (local): false
20230508 123813.451 INFO             PET1         driver: component    1=MODEL, dataComplete (global):  F
20230508 123813.451 INFO             PET1         MODEL: InitializeIPDvXp08 intro.
20230508 123813.451 INFO             PET1           >>>MODEL: entered Initialize (phase=IPDv05p8) with current time:    0  1  1  0  0  0   0
20230508 123813.451 INFO             PET1           MODEL: InitializeDataProgress='true', InitializeDataComplete='true'
20230508 123813.451 INFO             PET1           <<<MODEL: leaving Initialize (phase=IPDv05p8) with current time:    0  1  1  0  0  0   0
20230508 123813.451 INFO             PET1         MODEL: InitializeIPDvXp08 extro.
20230508 123813.452 INFO             PET1         driver: component    1=MODEL, someProgress (local): true
20230508 123813.452 INFO             PET1         driver: component    1=MODEL, someProgress (global):  T
20230508 123813.452 INFO             PET1         driver: someProgress= T, allComplete= F, present(dataDepAllComplete)= T
20230508 123813.452 INFO             PET1         driver: component    0=driver, dataComplete (local): true
20230508 123813.452 INFO             PET1         driver: component    0=driver, dataComplete (global):  T
20230508 123813.452 INFO             PET1         driver: component    1=MODEL, dataComplete (local): true
20230508 123813.452 INFO             PET1         driver: component    1=MODEL, dataComplete (global):  T
20230508 123813.452 INFO             PET1         driver: someProgress= F, allComplete= T, present(dataDepAllComplete)= T
20230508 123813.452 INFO             PET1         driver: finished resolving initialize data dependencies on this level.
20230508 123813.452 INFO             PET1       driver: loopDataDependentInitialize extro.
20230508 123813.452 INFO             PET1       driver: loopDataDependentInitialize() returned with dataDepAllComplete:  T
20230508 123813.453 INFO             PET1     driver: InitializeIPDv02p5Data extro.
20230508 123813.453 INFO             PET1     <<<driver: leaving Initialize (phase=<none>) with current time:    0  1  1  0  0  0   0
20230508 123813.453 INFO             PET1   driver: InitializeIPDv02p5 extro.
20230508 123813.453 INFO             PET1 driver: InitializeGeneric extro.
20230508 123813.453 INFO             PET1 driver: Run intro.
20230508 123813.453 INFO             PET1   >>>driver entered Run (phase=RunPhase1) with current time:    0  1  1  0  0  0   0
20230508 123813.453 INFO             PET1   driver: after lable_SetRunClock, current time:    0  1  1  0  0  0   0
20230508 123813.453 INFO             PET1   driver: begin -------> RunSequence.
20230508 123813.453 INFO             PET1     driver: RunSequence event loopLevel=   1  levelMember=   1  loopIteration=   1, current time:    0  1  1  0  0  0   0
20230508 123813.453 INFO             PET1     MODEL: Run intro.
20230508 123813.453 INFO             PET1       >>>MODEL: entered Run (phase=RunPhase1) with current time:    0  1  1  0  0  0   0
20230508 123813.453 INFO             PET1       MODEL: time step-loop starting, current time:    0  1  1  0  0  0   0
20230508 123813.453 INFO             PET1       ---->Advancing Model from:    0  1  1  0  0  0   0
20230508 123813.453 INFO             PET1       ---------------------> to:    0  1  1  0  0 30   0
20230508 123813.453 INFO             PET1       MODEL: time step-loop ending,   current time:    0  1  1  0  0 30   0
20230508 123813.453 INFO             PET1       <<<MODEL: leaving Run (phase=RunPhase1) with current time:    0  1  1  0  0 30   0
20230508 123813.453 INFO             PET1     MODEL: Run extro.
20230508 123813.453 INFO             PET1     driver: RunSequence event loopLevel=   1  levelMember=   1  loopIteration=   2, current time:    0  1  1  0  0 30   0
20230508 123813.454 INFO             PET1     MODEL: Run intro.
20230508 123813.454 INFO             PET1       >>>MODEL: entered Run (phase=RunPhase1) with current time:    0  1  1  0  0 30   0
20230508 123813.454 INFO             PET1       MODEL: time step-loop starting, current time:    0  1  1  0  0 30   0
20230508 123813.454 INFO             PET1       ---->Advancing Model from:    0  1  1  0  0 30   0
20230508 123813.454 INFO             PET1       ---------------------> to:    0  1  1  0  1  0   0
20230508 123813.454 INFO             PET1       MODEL: time step-loop ending,   current time:    0  1  1  0  1  0   0
20230508 123813.454 INFO             PET1       <<<MODEL: leaving Run (phase=RunPhase1) with current time:    0  1  1  0  1  0   0
20230508 123813.454 INFO             PET1     MODEL: Run extro.
20230508 123813.454 INFO             PET1     driver: RunSequence event loopLevel=   1  levelMember=   1  loopIteration=   3, current time:    0  1  1  0  1  0   0
20230508 123813.454 INFO             PET1     MODEL: Run intro.
20230508 123813.454 INFO             PET1       >>>MODEL: entered Run (phase=RunPhase1) with current time:    0  1  1  0  1  0   0
20230508 123813.454 INFO             PET1       MODEL: time step-loop starting, current time:    0  1  1  0  1  0   0
20230508 123813.454 INFO             PET1       ---->Advancing Model from:    0  1  1  0  1  0   0
20230508 123813.454 INFO             PET1       ---------------------> to:    0  1  1  0  1 30   0
20230508 123813.454 INFO             PET1       MODEL: time step-loop ending,   current time:    0  1  1  0  1 30   0
20230508 123813.454 INFO             PET1       <<<MODEL: leaving Run (phase=RunPhase1) with current time:    0  1  1  0  1 30   0
20230508 123813.454 INFO             PET1     MODEL: Run extro.
20230508 123813.454 INFO             PET1     driver: RunSequence event loopLevel=   1  levelMember=   1  loopIteration=   4, current time:    0  1  1  0  1 30   0
20230508 123813.454 INFO             PET1     MODEL: Run intro.
20230508 123813.455 INFO             PET1       >>>MODEL: entered Run (phase=RunPhase1) with current time:    0  1  1  0  1 30   0
20230508 123813.455 INFO             PET1       MODEL: time step-loop starting, current time:    0  1  1  0  1 30   0
20230508 123813.455 INFO             PET1       ---->Advancing Model from:    0  1  1  0  1 30   0
20230508 123813.455 INFO             PET1       ---------------------> to:    0  1  1  0  2  0   0
20230508 123813.455 INFO             PET1       MODEL: time step-loop ending,   current time:    0  1  1  0  2  0   0
20230508 123813.455 INFO             PET1       <<<MODEL: leaving Run (phase=RunPhase1) with current time:    0  1  1  0  2  0   0
20230508 123813.455 INFO             PET1     MODEL: Run extro.
20230508 123813.455 INFO             PET1     driver: RunSequence event loopLevel=   1  levelMember=   1  loopIteration=   5, current time:    0  1  1  0  2  0   0
20230508 123813.455 INFO             PET1     MODEL: Run intro.
20230508 123813.455 INFO             PET1       >>>MODEL: entered Run (phase=RunPhase1) with current time:    0  1  1  0  2  0   0
20230508 123813.455 INFO             PET1       MODEL: time step-loop starting, current time:    0  1  1  0  2  0   0
20230508 123813.455 INFO             PET1       ---->Advancing Model from:    0  1  1  0  2  0   0
20230508 123813.455 INFO             PET1       ---------------------> to:    0  1  1  0  2 30   0
20230508 123813.455 INFO             PET1       MODEL: time step-loop ending,   current time:    0  1  1  0  2 30   0
20230508 123813.455 INFO             PET1       <<<MODEL: leaving Run (phase=RunPhase1) with current time:    0  1  1  0  2 30   0
20230508 123813.455 INFO             PET1     MODEL: Run extro.
20230508 123813.455 INFO             PET1   driver: end <--------- RunSequence
20230508 123813.455 INFO             PET1   <<<driver - leaving Run with current time:    0  1  1  0  2 30   0
20230508 123813.455 INFO             PET1 driver: Run extro.
20230508 123813.455 INFO             PET1 driver: Finalize intro.
20230508 123813.455 INFO             PET1   Calling Finalize phase 1 for modelComp: MODEL
20230508 123813.456 INFO             PET1   MODEL: Finalize intro.
20230508 123813.456 INFO             PET1     >>>MODEL: entered Finalize (phase=FinalizePhase1) with current time:    0  1  1  0  2 30   0
20230508 123813.456 INFO             PET1     <<<MODEL: leaving Finalize (phase=FinalizePhase1) with current time:    0  1  1  0  2 30   0
20230508 123813.456 INFO             PET1   MODEL: Finalize extro.
20230508 123813.456 INFO             PET1   Delete modelComp: MODEL
20230508 123813.456 INFO             PET1   Delete Import-/Export State for modelComp: MODEL
20230508 123813.456 INFO             PET1 driver: Finalize extro.
20230508 123813.456 INFO             PET1 mainApp FINISHED
20230508 123813.456 INFO             PET1 Finalizing ESMF
20230508 123813.418 INFO             PET2 !!!!!!!!!!!!!!!!!!!!!!!!!!!!!!!!!!!!!!!!!!!!!!!!!!!!!!
20230508 123813.419 INFO             PET2 !!! THE ESMF_LOG IS SET TO OUTPUT ALL LOG MESSAGES !!!
20230508 123813.419 INFO             PET2 !!!     THIS MAY CAUSE SLOWDOWN IN PERFORMANCE     !!!
20230508 123813.419 INFO             PET2 !!! FOR PRODUCTION RUNS, USE:                      !!!
20230508 123813.419 INFO             PET2 !!!                   ESMF_LOGKIND_Multi_On_Error  !!!
20230508 123813.419 INFO             PET2 !!!!!!!!!!!!!!!!!!!!!!!!!!!!!!!!!!!!!!!!!!!!!!!!!!!!!!
20230508 123813.419 INFO             PET2 Running with ESMF Version   : v8.5.0b21
20230508 123813.419 INFO             PET2 ESMF library build date/time: "May  8 2023" "10:54:37"
20230508 123813.419 INFO             PET2 ESMF library build location : /scratch2/NCEPDEV/stmp1/Gerhard.Theurich/ESMF-Nightly-Testing/pgi_19.1_intelmpi_g_develop/esmf
20230508 123813.419 INFO             PET2 ESMF_COMM                   : intelmpi
20230508 123813.419 INFO             PET2 ESMF_MOAB                   : enabled
20230508 123813.419 INFO             PET2 ESMF_LAPACK                 : enabled
20230508 123813.419 INFO             PET2 ESMF_NETCDF                 : disabled
20230508 123813.419 INFO             PET2 ESMF_PNETCDF                : disabled
20230508 123813.419 INFO             PET2 ESMF_PIO                    : disabled
20230508 123813.419 INFO             PET2 ESMF_YAMLCPP                : enabled
20230508 123813.420 INFO             PET2 mainApp STARTING
20230508 123813.424 INFO             PET2 driver: InitializeGeneric intro.
20230508 123813.424 INFO             PET2   driver: InitializeP0 intro.
20230508 123813.424 INFO             PET2   driver: InitializeP0 extro.
20230508 123813.425 INFO             PET2   driver: InitializeIPDv02p1 intro.
20230508 123813.425 INFO             PET2     >>>driver: entered Initialize (phase=<none>) without valid internal Clock.
20230508 123813.426 INFO             PET2     driver - Creating model component MODEL without petList.
20230508 123813.430 INFO             PET2      GridCompIsPetLocal:   T
20230508 123813.430 INFO             PET2      VmIsCreated:   T
20230508 123813.430 INFO             PET2      valid MPI_COMM with size=            4
20230508 123813.430 INFO             PET2     driver - Creating state: modelComp 1 Import State
20230508 123813.430 INFO             PET2     driver - Creating state: modelComp 1 Export State
20230508 123813.431 INFO             PET2     MODEL: InitializeP0 intro.
20230508 123813.431 INFO             PET2       >>>MODEL: entered Initialize (phase=<none>) without valid internal Clock.
20230508 123813.433 INFO             PET2       <<<MODEL: leaving Initialize (phase=<none>) without valid internal Clock.
20230508 123813.433 INFO             PET2     MODEL: InitializeP0 extro.
20230508 123813.435 INFO             PET2     driver: IInitAdvertise intro.
20230508 123813.435 INFO             PET2     driver: IInitAdvertise extro.
20230508 123813.435 INFO             PET2     MODEL: InitializeIPDvXp01 intro.
20230508 123813.435 INFO             PET2       >>>MODEL: entered Initialize (phase=IPDvXp01) without valid internal Clock.
20230508 123813.437 INFO             PET2       <<<MODEL: leaving Initialize (phase=IPDvXp01) without valid internal Clock.
20230508 123813.437 INFO             PET2     MODEL: InitializeIPDvXp01 extro.
20230508 123813.438 INFO             PET2     driver: IInitAdvertiseFinish intro.
20230508 123813.438 INFO             PET2     driver: IInitAdvertiseFinish extro.
20230508 123813.438 INFO             PET2     driver: IInitModifyCplLists intro.
20230508 123813.438 INFO             PET2     driver: IInitModifyCplLists extro.
20230508 123813.438 INFO             PET2     <<<driver: leaving Initialize (phase=<none>) with current time:    0  1  1  0  0  0   0
20230508 123813.438 INFO             PET2   driver: InitializeIPDv02p1 extro.
20230508 123813.438 INFO             PET2   driver: InitializeIPDv02p3 intro.
20230508 123813.438 INFO             PET2     >>>driver: entered Initialize (phase=<none>) with current time:    0  1  1  0  0  0   0
20230508 123813.439 INFO             PET2     driver: IInitCheck intro.
20230508 123813.439 INFO             PET2     driver: IInitCheck extro.
20230508 123813.439 INFO             PET2     MODEL: InitializeIPDvXp04 intro.
20230508 123813.439 INFO             PET2       >>>MODEL: entered Initialize (phase=IPDvXp04) without valid internal Clock.
20230508 123813.443 INFO             PET2       After Realize: - MemInfo: [/proc/meminfo - SSI]	MemTotal:       97470528 kB
20230508 123813.443 INFO             PET2       After Realize: - MemInfo: [/proc/meminfo - SSI]	MemFree:        87506972 kB
20230508 123813.443 INFO             PET2       After Realize: - MemInfo: [/proc/meminfo - SSI]	MemAvailable:   91604400 kB
20230508 123813.443 INFO             PET2       After Realize: - MemInfo: [/proc/meminfo - SSI]	Committed_AS:    1320644 kB
20230508 123813.443 INFO             PET2       After Realize: - MemInfo: [/proc/meminfo - SSI]	CommittedPercent: 1.35492 %
20230508 123813.443 INFO             PET2       After Realize: - MemInfo: [/proc/self/status]	VmPeak:	 2031992 kB
20230508 123813.443 INFO             PET2       After Realize: - MemInfo: [/proc/self/status]	VmSize:	 2031992 kB
20230508 123813.443 INFO             PET2       After Realize: - MemInfo: [/proc/self/status]	VmLck:	       0 kB
20230508 123813.443 INFO             PET2       After Realize: - MemInfo: [/proc/self/status]	VmPin:	   16388 kB
20230508 123813.443 INFO             PET2       After Realize: - MemInfo: [/proc/self/status]	VmHWM:	   71676 kB
20230508 123813.443 INFO             PET2       After Realize: - MemInfo: [/proc/self/status]	VmRSS:	   71676 kB
20230508 123813.443 INFO             PET2       After Realize: - MemInfo: [/proc/self/status]	VmData:	  105376 kB
20230508 123813.443 INFO             PET2       After Realize: - MemInfo: [/proc/self/status]	VmStk:	     904 kB
20230508 123813.443 INFO             PET2       After Realize: - MemInfo: [/proc/self/status]	VmExe:	      32 kB
20230508 123813.443 INFO             PET2       After Realize: - MemInfo: [/proc/self/status]	VmLib:	   80248 kB
20230508 123813.443 INFO             PET2       After Realize: - MemInfo: [/proc/self/status]	VmPTE:	     548 kB
20230508 123813.443 INFO             PET2       After Realize: - MemInfo: [/proc/self/status]	VmSwap:	       0 kB
20230508 123813.443 INFO             PET2       After Realize: - MemInfo: [/proc/self/status]	VmRSSPercent: 0.0735361 %
20230508 123813.443 INFO             PET2       After Realize: - MemInfo: [malloc] Non-mmapped space allocated:                 6000640 Byte
20230508 123813.443 INFO             PET2       After Realize: - MemInfo: [malloc] Space allocated in mmapped regions:                0 Byte
20230508 123813.443 INFO             PET2       After Realize: - MemInfo: [malloc] Maximum total allocated space:                     0 Byte
20230508 123813.443 INFO             PET2       After Realize: - MemInfo: [malloc] Space in freed fastbin blocks:                   464 Byte
20230508 123813.443 INFO             PET2       After Realize: - MemInfo: [malloc] Total allocated space:                       5886656 Byte
20230508 123813.443 INFO             PET2       After Realize: - MemInfo: [malloc] Total free space:                             113984 Byte
20230508 123813.443 INFO             PET2       After Realize: - MemInfo: [malloc] Top-most, releasable space:                   111568 Byte
20230508 123813.443 INFO             PET2       After Realize: - MemInfo: [malloc] Total space in use, mmap + non-mmap:         5886656 Byte
20230508 123813.443 INFO             PET2       After Realize: - MemInfo: [malloc] Total space held (mmap + non-mmap):          6000640 Byte
20230508 123813.443 INFO             PET2       After Realize: - MemInfo: [malloc] Total space used (mmap + non-mmap):          5895792 Byte
20230508 123813.443 INFO             PET2       After Realize: - MemInfo: Wall-clock time since execution start:              0.0317625 seconds
20230508 123813.443 INFO             PET2       <<<MODEL: leaving Initialize (phase=IPDvXp04) without valid internal Clock.
20230508 123813.443 INFO             PET2     MODEL: InitializeIPDvXp04 extro.
20230508 123813.444 INFO             PET2     driver: IInitRealize intro.
20230508 123813.444 INFO             PET2     driver: IInitRealize extro.
20230508 123813.445 INFO             PET2     MODEL: InitializeIPDvXp07 intro.
20230508 123813.445 INFO             PET2       >>>MODEL: entered Initialize (phase=IPDvXp07) without valid internal Clock.
20230508 123813.445 INFO             PET2       <<<MODEL: leaving Initialize (phase=IPDvXp07) with current time:    0  1  1  0  0  0   0
20230508 123813.445 INFO             PET2     MODEL: InitializeIPDvXp07 extro.
20230508 123813.445 INFO             PET2     <<<driver: leaving Initialize (phase=<none>) with current time:    0  1  1  0  0  0   0
20230508 123813.445 INFO             PET2   driver: InitializeIPDv02p3 extro.
20230508 123813.445 INFO             PET2   driver: InitializeIPDv02p5 intro.
20230508 123813.445 INFO             PET2     >>>driver: entered Initialize (phase=<none>) with current time:    0  1  1  0  0  0   0
20230508 123813.445 INFO             PET2     driver: this is a top level driver, no 'Updated' and 'InitializeDataComplete' info on this level.
20230508 123813.445 INFO             PET2     driver: InitializeIPDv02p5Data intro.
20230508 123813.446 INFO             PET2       driver: InternalInitializeComplete intro.
20230508 123813.446 INFO             PET2         driver: InitializeDataComplete='true'
20230508 123813.446 INFO             PET2       driver: InternalInitializeComplete extro.
20230508 123813.446 INFO             PET2       MODEL: InitializeIPDvXp08 intro.
20230508 123813.446 INFO             PET2         >>>MODEL: entered Initialize (phase=IPDv05p8) with current time:    0  1  1  0  0  0   0
20230508 123813.446 INFO             PET2         MODEL: InitializeDataProgress='false', InitializeDataComplete='false'
20230508 123813.446 INFO             PET2         <<<MODEL: leaving Initialize (phase=IPDv05p8) with current time:    0  1  1  0  0  0   0
20230508 123813.446 INFO             PET2       MODEL: InitializeIPDvXp08 extro.
20230508 123813.450 INFO             PET2       driver: components present that trigger loopDataDependentInitialize().
20230508 123813.450 INFO             PET2       driver: loopDataDependentInitialize intro.
20230508 123813.450 INFO             PET2         driver: component    0=driver, dataComplete (local): true
20230508 123813.450 INFO             PET2         driver: component    0=driver, dataComplete (global):  T
20230508 123813.450 INFO             PET2         driver: component    1=MODEL, dataComplete (local): false
20230508 123813.451 INFO             PET2         driver: component    1=MODEL, dataComplete (global):  F
20230508 123813.451 INFO             PET2         MODEL: InitializeIPDvXp08 intro.
20230508 123813.451 INFO             PET2           >>>MODEL: entered Initialize (phase=IPDv05p8) with current time:    0  1  1  0  0  0   0
20230508 123813.451 INFO             PET2           MODEL: InitializeDataProgress='true', InitializeDataComplete='true'
20230508 123813.451 INFO             PET2           <<<MODEL: leaving Initialize (phase=IPDv05p8) with current time:    0  1  1  0  0  0   0
20230508 123813.451 INFO             PET2         MODEL: InitializeIPDvXp08 extro.
20230508 123813.452 INFO             PET2         driver: component    1=MODEL, someProgress (local): true
20230508 123813.452 INFO             PET2         driver: component    1=MODEL, someProgress (global):  T
20230508 123813.452 INFO             PET2         driver: someProgress= T, allComplete= F, present(dataDepAllComplete)= T
20230508 123813.452 INFO             PET2         driver: component    0=driver, dataComplete (local): true
20230508 123813.452 INFO             PET2         driver: component    0=driver, dataComplete (global):  T
20230508 123813.452 INFO             PET2         driver: component    1=MODEL, dataComplete (local): true
20230508 123813.452 INFO             PET2         driver: component    1=MODEL, dataComplete (global):  T
20230508 123813.452 INFO             PET2         driver: someProgress= F, allComplete= T, present(dataDepAllComplete)= T
20230508 123813.452 INFO             PET2         driver: finished resolving initialize data dependencies on this level.
20230508 123813.452 INFO             PET2       driver: loopDataDependentInitialize extro.
20230508 123813.453 INFO             PET2       driver: loopDataDependentInitialize() returned with dataDepAllComplete:  T
20230508 123813.453 INFO             PET2     driver: InitializeIPDv02p5Data extro.
20230508 123813.453 INFO             PET2     <<<driver: leaving Initialize (phase=<none>) with current time:    0  1  1  0  0  0   0
20230508 123813.453 INFO             PET2   driver: InitializeIPDv02p5 extro.
20230508 123813.453 INFO             PET2 driver: InitializeGeneric extro.
20230508 123813.453 INFO             PET2 driver: Run intro.
20230508 123813.453 INFO             PET2   >>>driver entered Run (phase=RunPhase1) with current time:    0  1  1  0  0  0   0
20230508 123813.453 INFO             PET2   driver: after lable_SetRunClock, current time:    0  1  1  0  0  0   0
20230508 123813.453 INFO             PET2   driver: begin -------> RunSequence.
20230508 123813.453 INFO             PET2     driver: RunSequence event loopLevel=   1  levelMember=   1  loopIteration=   1, current time:    0  1  1  0  0  0   0
20230508 123813.453 INFO             PET2     MODEL: Run intro.
20230508 123813.453 INFO             PET2       >>>MODEL: entered Run (phase=RunPhase1) with current time:    0  1  1  0  0  0   0
20230508 123813.453 INFO             PET2       MODEL: time step-loop starting, current time:    0  1  1  0  0  0   0
20230508 123813.453 INFO             PET2       ---->Advancing Model from:    0  1  1  0  0  0   0
20230508 123813.453 INFO             PET2       ---------------------> to:    0  1  1  0  0 30   0
20230508 123813.453 INFO             PET2       MODEL: time step-loop ending,   current time:    0  1  1  0  0 30   0
20230508 123813.453 INFO             PET2       <<<MODEL: leaving Run (phase=RunPhase1) with current time:    0  1  1  0  0 30   0
20230508 123813.453 INFO             PET2     MODEL: Run extro.
20230508 123813.453 INFO             PET2     driver: RunSequence event loopLevel=   1  levelMember=   1  loopIteration=   2, current time:    0  1  1  0  0 30   0
20230508 123813.454 INFO             PET2     MODEL: Run intro.
20230508 123813.454 INFO             PET2       >>>MODEL: entered Run (phase=RunPhase1) with current time:    0  1  1  0  0 30   0
20230508 123813.454 INFO             PET2       MODEL: time step-loop starting, current time:    0  1  1  0  0 30   0
20230508 123813.454 INFO             PET2       ---->Advancing Model from:    0  1  1  0  0 30   0
20230508 123813.454 INFO             PET2       ---------------------> to:    0  1  1  0  1  0   0
20230508 123813.454 INFO             PET2       MODEL: time step-loop ending,   current time:    0  1  1  0  1  0   0
20230508 123813.454 INFO             PET2       <<<MODEL: leaving Run (phase=RunPhase1) with current time:    0  1  1  0  1  0   0
20230508 123813.454 INFO             PET2     MODEL: Run extro.
20230508 123813.454 INFO             PET2     driver: RunSequence event loopLevel=   1  levelMember=   1  loopIteration=   3, current time:    0  1  1  0  1  0   0
20230508 123813.454 INFO             PET2     MODEL: Run intro.
20230508 123813.454 INFO             PET2       >>>MODEL: entered Run (phase=RunPhase1) with current time:    0  1  1  0  1  0   0
20230508 123813.454 INFO             PET2       MODEL: time step-loop starting, current time:    0  1  1  0  1  0   0
20230508 123813.454 INFO             PET2       ---->Advancing Model from:    0  1  1  0  1  0   0
20230508 123813.454 INFO             PET2       ---------------------> to:    0  1  1  0  1 30   0
20230508 123813.454 INFO             PET2       MODEL: time step-loop ending,   current time:    0  1  1  0  1 30   0
20230508 123813.454 INFO             PET2       <<<MODEL: leaving Run (phase=RunPhase1) with current time:    0  1  1  0  1 30   0
20230508 123813.454 INFO             PET2     MODEL: Run extro.
20230508 123813.454 INFO             PET2     driver: RunSequence event loopLevel=   1  levelMember=   1  loopIteration=   4, current time:    0  1  1  0  1 30   0
20230508 123813.454 INFO             PET2     MODEL: Run intro.
20230508 123813.454 INFO             PET2       >>>MODEL: entered Run (phase=RunPhase1) with current time:    0  1  1  0  1 30   0
20230508 123813.454 INFO             PET2       MODEL: time step-loop starting, current time:    0  1  1  0  1 30   0
20230508 123813.454 INFO             PET2       ---->Advancing Model from:    0  1  1  0  1 30   0
20230508 123813.454 INFO             PET2       ---------------------> to:    0  1  1  0  2  0   0
20230508 123813.454 INFO             PET2       MODEL: time step-loop ending,   current time:    0  1  1  0  2  0   0
20230508 123813.455 INFO             PET2       <<<MODEL: leaving Run (phase=RunPhase1) with current time:    0  1  1  0  2  0   0
20230508 123813.455 INFO             PET2     MODEL: Run extro.
20230508 123813.455 INFO             PET2     driver: RunSequence event loopLevel=   1  levelMember=   1  loopIteration=   5, current time:    0  1  1  0  2  0   0
20230508 123813.455 INFO             PET2     MODEL: Run intro.
20230508 123813.455 INFO             PET2       >>>MODEL: entered Run (phase=RunPhase1) with current time:    0  1  1  0  2  0   0
20230508 123813.455 INFO             PET2       MODEL: time step-loop starting, current time:    0  1  1  0  2  0   0
20230508 123813.455 INFO             PET2       ---->Advancing Model from:    0  1  1  0  2  0   0
20230508 123813.455 INFO             PET2       ---------------------> to:    0  1  1  0  2 30   0
20230508 123813.455 INFO             PET2       MODEL: time step-loop ending,   current time:    0  1  1  0  2 30   0
20230508 123813.455 INFO             PET2       <<<MODEL: leaving Run (phase=RunPhase1) with current time:    0  1  1  0  2 30   0
20230508 123813.455 INFO             PET2     MODEL: Run extro.
20230508 123813.455 INFO             PET2   driver: end <--------- RunSequence
20230508 123813.455 INFO             PET2   <<<driver - leaving Run with current time:    0  1  1  0  2 30   0
20230508 123813.455 INFO             PET2 driver: Run extro.
20230508 123813.455 INFO             PET2 driver: Finalize intro.
20230508 123813.455 INFO             PET2   Calling Finalize phase 1 for modelComp: MODEL
20230508 123813.455 INFO             PET2   MODEL: Finalize intro.
20230508 123813.455 INFO             PET2     >>>MODEL: entered Finalize (phase=FinalizePhase1) with current time:    0  1  1  0  2 30   0
20230508 123813.455 INFO             PET2     <<<MODEL: leaving Finalize (phase=FinalizePhase1) with current time:    0  1  1  0  2 30   0
20230508 123813.455 INFO             PET2   MODEL: Finalize extro.
20230508 123813.455 INFO             PET2   Delete modelComp: MODEL
20230508 123813.455 INFO             PET2   Delete Import-/Export State for modelComp: MODEL
20230508 123813.455 INFO             PET2 driver: Finalize extro.
20230508 123813.455 INFO             PET2 mainApp FINISHED
20230508 123813.455 INFO             PET2 Finalizing ESMF
20230508 123813.417 INFO             PET3 !!!!!!!!!!!!!!!!!!!!!!!!!!!!!!!!!!!!!!!!!!!!!!!!!!!!!!
20230508 123813.418 INFO             PET3 !!! THE ESMF_LOG IS SET TO OUTPUT ALL LOG MESSAGES !!!
20230508 123813.418 INFO             PET3 !!!     THIS MAY CAUSE SLOWDOWN IN PERFORMANCE     !!!
20230508 123813.418 INFO             PET3 !!! FOR PRODUCTION RUNS, USE:                      !!!
20230508 123813.418 INFO             PET3 !!!                   ESMF_LOGKIND_Multi_On_Error  !!!
20230508 123813.418 INFO             PET3 !!!!!!!!!!!!!!!!!!!!!!!!!!!!!!!!!!!!!!!!!!!!!!!!!!!!!!
20230508 123813.418 INFO             PET3 Running with ESMF Version   : v8.5.0b21
20230508 123813.418 INFO             PET3 ESMF library build date/time: "May  8 2023" "10:54:37"
20230508 123813.418 INFO             PET3 ESMF library build location : /scratch2/NCEPDEV/stmp1/Gerhard.Theurich/ESMF-Nightly-Testing/pgi_19.1_intelmpi_g_develop/esmf
20230508 123813.418 INFO             PET3 ESMF_COMM                   : intelmpi
20230508 123813.418 INFO             PET3 ESMF_MOAB                   : enabled
20230508 123813.418 INFO             PET3 ESMF_LAPACK                 : enabled
20230508 123813.418 INFO             PET3 ESMF_NETCDF                 : disabled
20230508 123813.418 INFO             PET3 ESMF_PNETCDF                : disabled
20230508 123813.418 INFO             PET3 ESMF_PIO                    : disabled
20230508 123813.418 INFO             PET3 ESMF_YAMLCPP                : enabled
20230508 123813.420 INFO             PET3 mainApp STARTING
20230508 123813.424 INFO             PET3 driver: InitializeGeneric intro.
20230508 123813.424 INFO             PET3   driver: InitializeP0 intro.
20230508 123813.425 INFO             PET3   driver: InitializeP0 extro.
20230508 123813.425 INFO             PET3   driver: InitializeIPDv02p1 intro.
20230508 123813.425 INFO             PET3     >>>driver: entered Initialize (phase=<none>) without valid internal Clock.
20230508 123813.426 INFO             PET3     driver - Creating model component MODEL without petList.
20230508 123813.430 INFO             PET3      GridCompIsPetLocal:   T
20230508 123813.430 INFO             PET3      VmIsCreated:   T
20230508 123813.430 INFO             PET3      valid MPI_COMM with size=            4
20230508 123813.430 INFO             PET3     driver - Creating state: modelComp 1 Import State
20230508 123813.430 INFO             PET3     driver - Creating state: modelComp 1 Export State
20230508 123813.431 INFO             PET3     MODEL: InitializeP0 intro.
20230508 123813.431 INFO             PET3       >>>MODEL: entered Initialize (phase=<none>) without valid internal Clock.
20230508 123813.433 INFO             PET3       <<<MODEL: leaving Initialize (phase=<none>) without valid internal Clock.
20230508 123813.433 INFO             PET3     MODEL: InitializeP0 extro.
20230508 123813.435 INFO             PET3     driver: IInitAdvertise intro.
20230508 123813.435 INFO             PET3     driver: IInitAdvertise extro.
20230508 123813.435 INFO             PET3     MODEL: InitializeIPDvXp01 intro.
20230508 123813.435 INFO             PET3       >>>MODEL: entered Initialize (phase=IPDvXp01) without valid internal Clock.
20230508 123813.437 INFO             PET3       <<<MODEL: leaving Initialize (phase=IPDvXp01) without valid internal Clock.
20230508 123813.437 INFO             PET3     MODEL: InitializeIPDvXp01 extro.
20230508 123813.438 INFO             PET3     driver: IInitAdvertiseFinish intro.
20230508 123813.438 INFO             PET3     driver: IInitAdvertiseFinish extro.
20230508 123813.438 INFO             PET3     driver: IInitModifyCplLists intro.
20230508 123813.438 INFO             PET3     driver: IInitModifyCplLists extro.
20230508 123813.438 INFO             PET3     <<<driver: leaving Initialize (phase=<none>) with current time:    0  1  1  0  0  0   0
20230508 123813.438 INFO             PET3   driver: InitializeIPDv02p1 extro.
20230508 123813.438 INFO             PET3   driver: InitializeIPDv02p3 intro.
20230508 123813.438 INFO             PET3     >>>driver: entered Initialize (phase=<none>) with current time:    0  1  1  0  0  0   0
20230508 123813.439 INFO             PET3     driver: IInitCheck intro.
20230508 123813.439 INFO             PET3     driver: IInitCheck extro.
20230508 123813.439 INFO             PET3     MODEL: InitializeIPDvXp04 intro.
20230508 123813.439 INFO             PET3       >>>MODEL: entered Initialize (phase=IPDvXp04) without valid internal Clock.
20230508 123813.443 INFO             PET3       After Realize: - MemInfo: [/proc/meminfo - SSI]	MemTotal:       97470528 kB
20230508 123813.443 INFO             PET3       After Realize: - MemInfo: [/proc/meminfo - SSI]	MemFree:        87506972 kB
20230508 123813.443 INFO             PET3       After Realize: - MemInfo: [/proc/meminfo - SSI]	MemAvailable:   91604400 kB
20230508 123813.443 INFO             PET3       After Realize: - MemInfo: [/proc/meminfo - SSI]	Committed_AS:    1320644 kB
20230508 123813.443 INFO             PET3       After Realize: - MemInfo: [/proc/meminfo - SSI]	CommittedPercent: 1.35492 %
20230508 123813.443 INFO             PET3       After Realize: - MemInfo: [/proc/self/status]	VmPeak:	 2029948 kB
20230508 123813.443 INFO             PET3       After Realize: - MemInfo: [/proc/self/status]	VmSize:	 2029948 kB
20230508 123813.443 INFO             PET3       After Realize: - MemInfo: [/proc/self/status]	VmLck:	       0 kB
20230508 123813.443 INFO             PET3       After Realize: - MemInfo: [/proc/self/status]	VmPin:	   16388 kB
20230508 123813.443 INFO             PET3       After Realize: - MemInfo: [/proc/self/status]	VmHWM:	   71688 kB
20230508 123813.443 INFO             PET3       After Realize: - MemInfo: [/proc/self/status]	VmRSS:	   71688 kB
20230508 123813.443 INFO             PET3       After Realize: - MemInfo: [/proc/self/status]	VmData:	  103328 kB
20230508 123813.443 INFO             PET3       After Realize: - MemInfo: [/proc/self/status]	VmStk:	     908 kB
20230508 123813.443 INFO             PET3       After Realize: - MemInfo: [/proc/self/status]	VmExe:	      32 kB
20230508 123813.443 INFO             PET3       After Realize: - MemInfo: [/proc/self/status]	VmLib:	   80248 kB
20230508 123813.443 INFO             PET3       After Realize: - MemInfo: [/proc/self/status]	VmPTE:	     536 kB
20230508 123813.443 INFO             PET3       After Realize: - MemInfo: [/proc/self/status]	VmSwap:	       0 kB
20230508 123813.443 INFO             PET3       After Realize: - MemInfo: [/proc/self/status]	VmRSSPercent: 0.0735484 %
20230508 123813.443 INFO             PET3       After Realize: - MemInfo: [malloc] Non-mmapped space allocated:                 6000640 Byte
20230508 123813.443 INFO             PET3       After Realize: - MemInfo: [malloc] Space allocated in mmapped regions:                0 Byte
20230508 123813.443 INFO             PET3       After Realize: - MemInfo: [malloc] Maximum total allocated space:                     0 Byte
20230508 123813.443 INFO             PET3       After Realize: - MemInfo: [malloc] Space in freed fastbin blocks:                   464 Byte
20230508 123813.443 INFO             PET3       After Realize: - MemInfo: [malloc] Total allocated space:                       5887024 Byte
20230508 123813.443 INFO             PET3       After Realize: - MemInfo: [malloc] Total free space:                             113616 Byte
20230508 123813.443 INFO             PET3       After Realize: - MemInfo: [malloc] Top-most, releasable space:                   111200 Byte
20230508 123813.443 INFO             PET3       After Realize: - MemInfo: [malloc] Total space in use, mmap + non-mmap:         5887024 Byte
20230508 123813.443 INFO             PET3       After Realize: - MemInfo: [malloc] Total space held (mmap + non-mmap):          6000640 Byte
20230508 123813.443 INFO             PET3       After Realize: - MemInfo: [malloc] Total space used (mmap + non-mmap):          5896160 Byte
20230508 123813.443 INFO             PET3       After Realize: - MemInfo: Wall-clock time since execution start:              0.0319152 seconds
20230508 123813.443 INFO             PET3       <<<MODEL: leaving Initialize (phase=IPDvXp04) without valid internal Clock.
20230508 123813.443 INFO             PET3     MODEL: InitializeIPDvXp04 extro.
20230508 123813.444 INFO             PET3     driver: IInitRealize intro.
20230508 123813.444 INFO             PET3     driver: IInitRealize extro.
20230508 123813.445 INFO             PET3     MODEL: InitializeIPDvXp07 intro.
20230508 123813.445 INFO             PET3       >>>MODEL: entered Initialize (phase=IPDvXp07) without valid internal Clock.
20230508 123813.445 INFO             PET3       <<<MODEL: leaving Initialize (phase=IPDvXp07) with current time:    0  1  1  0  0  0   0
20230508 123813.445 INFO             PET3     MODEL: InitializeIPDvXp07 extro.
20230508 123813.445 INFO             PET3     <<<driver: leaving Initialize (phase=<none>) with current time:    0  1  1  0  0  0   0
20230508 123813.445 INFO             PET3   driver: InitializeIPDv02p3 extro.
20230508 123813.445 INFO             PET3   driver: InitializeIPDv02p5 intro.
20230508 123813.445 INFO             PET3     >>>driver: entered Initialize (phase=<none>) with current time:    0  1  1  0  0  0   0
20230508 123813.445 INFO             PET3     driver: this is a top level driver, no 'Updated' and 'InitializeDataComplete' info on this level.
20230508 123813.445 INFO             PET3     driver: InitializeIPDv02p5Data intro.
20230508 123813.445 INFO             PET3       driver: InternalInitializeComplete intro.
20230508 123813.446 INFO             PET3         driver: InitializeDataComplete='true'
20230508 123813.446 INFO             PET3       driver: InternalInitializeComplete extro.
20230508 123813.446 INFO             PET3       MODEL: InitializeIPDvXp08 intro.
20230508 123813.446 INFO             PET3         >>>MODEL: entered Initialize (phase=IPDv05p8) with current time:    0  1  1  0  0  0   0
20230508 123813.446 INFO             PET3         MODEL: InitializeDataProgress='false', InitializeDataComplete='false'
20230508 123813.446 INFO             PET3         <<<MODEL: leaving Initialize (phase=IPDv05p8) with current time:    0  1  1  0  0  0   0
20230508 123813.446 INFO             PET3       MODEL: InitializeIPDvXp08 extro.
20230508 123813.450 INFO             PET3       driver: components present that trigger loopDataDependentInitialize().
20230508 123813.450 INFO             PET3       driver: loopDataDependentInitialize intro.
20230508 123813.450 INFO             PET3         driver: component    0=driver, dataComplete (local): true
20230508 123813.450 INFO             PET3         driver: component    0=driver, dataComplete (global):  T
20230508 123813.450 INFO             PET3         driver: component    1=MODEL, dataComplete (local): false
20230508 123813.451 INFO             PET3         driver: component    1=MODEL, dataComplete (global):  F
20230508 123813.451 INFO             PET3         MODEL: InitializeIPDvXp08 intro.
20230508 123813.451 INFO             PET3           >>>MODEL: entered Initialize (phase=IPDv05p8) with current time:    0  1  1  0  0  0   0
20230508 123813.451 INFO             PET3           MODEL: InitializeDataProgress='true', InitializeDataComplete='true'
20230508 123813.451 INFO             PET3           <<<MODEL: leaving Initialize (phase=IPDv05p8) with current time:    0  1  1  0  0  0   0
20230508 123813.451 INFO             PET3         MODEL: InitializeIPDvXp08 extro.
20230508 123813.452 INFO             PET3         driver: component    1=MODEL, someProgress (local): true
20230508 123813.452 INFO             PET3         driver: component    1=MODEL, someProgress (global):  T
20230508 123813.452 INFO             PET3         driver: someProgress= T, allComplete= F, present(dataDepAllComplete)= T
20230508 123813.452 INFO             PET3         driver: component    0=driver, dataComplete (local): true
20230508 123813.452 INFO             PET3         driver: component    0=driver, dataComplete (global):  T
20230508 123813.452 INFO             PET3         driver: component    1=MODEL, dataComplete (local): true
20230508 123813.452 INFO             PET3         driver: component    1=MODEL, dataComplete (global):  T
20230508 123813.452 INFO             PET3         driver: someProgress= F, allComplete= T, present(dataDepAllComplete)= T
20230508 123813.452 INFO             PET3         driver: finished resolving initialize data dependencies on this level.
20230508 123813.452 INFO             PET3       driver: loopDataDependentInitialize extro.
20230508 123813.452 INFO             PET3       driver: loopDataDependentInitialize() returned with dataDepAllComplete:  T
20230508 123813.453 INFO             PET3     driver: InitializeIPDv02p5Data extro.
20230508 123813.453 INFO             PET3     <<<driver: leaving Initialize (phase=<none>) with current time:    0  1  1  0  0  0   0
20230508 123813.453 INFO             PET3   driver: InitializeIPDv02p5 extro.
20230508 123813.453 INFO             PET3 driver: InitializeGeneric extro.
20230508 123813.453 INFO             PET3 driver: Run intro.
20230508 123813.453 INFO             PET3   >>>driver entered Run (phase=RunPhase1) with current time:    0  1  1  0  0  0   0
20230508 123813.453 INFO             PET3   driver: after lable_SetRunClock, current time:    0  1  1  0  0  0   0
20230508 123813.453 INFO             PET3   driver: begin -------> RunSequence.
20230508 123813.453 INFO             PET3     driver: RunSequence event loopLevel=   1  levelMember=   1  loopIteration=   1, current time:    0  1  1  0  0  0   0
20230508 123813.453 INFO             PET3     MODEL: Run intro.
20230508 123813.453 INFO             PET3       >>>MODEL: entered Run (phase=RunPhase1) with current time:    0  1  1  0  0  0   0
20230508 123813.453 INFO             PET3       MODEL: time step-loop starting, current time:    0  1  1  0  0  0   0
20230508 123813.453 INFO             PET3       ---->Advancing Model from:    0  1  1  0  0  0   0
20230508 123813.453 INFO             PET3       ---------------------> to:    0  1  1  0  0 30   0
20230508 123813.453 INFO             PET3       MODEL: time step-loop ending,   current time:    0  1  1  0  0 30   0
20230508 123813.453 INFO             PET3       <<<MODEL: leaving Run (phase=RunPhase1) with current time:    0  1  1  0  0 30   0
20230508 123813.453 INFO             PET3     MODEL: Run extro.
20230508 123813.453 INFO             PET3     driver: RunSequence event loopLevel=   1  levelMember=   1  loopIteration=   2, current time:    0  1  1  0  0 30   0
20230508 123813.453 INFO             PET3     MODEL: Run intro.
20230508 123813.454 INFO             PET3       >>>MODEL: entered Run (phase=RunPhase1) with current time:    0  1  1  0  0 30   0
20230508 123813.454 INFO             PET3       MODEL: time step-loop starting, current time:    0  1  1  0  0 30   0
20230508 123813.454 INFO             PET3       ---->Advancing Model from:    0  1  1  0  0 30   0
20230508 123813.454 INFO             PET3       ---------------------> to:    0  1  1  0  1  0   0
20230508 123813.454 INFO             PET3       MODEL: time step-loop ending,   current time:    0  1  1  0  1  0   0
20230508 123813.454 INFO             PET3       <<<MODEL: leaving Run (phase=RunPhase1) with current time:    0  1  1  0  1  0   0
20230508 123813.454 INFO             PET3     MODEL: Run extro.
20230508 123813.454 INFO             PET3     driver: RunSequence event loopLevel=   1  levelMember=   1  loopIteration=   3, current time:    0  1  1  0  1  0   0
20230508 123813.454 INFO             PET3     MODEL: Run intro.
20230508 123813.454 INFO             PET3       >>>MODEL: entered Run (phase=RunPhase1) with current time:    0  1  1  0  1  0   0
20230508 123813.454 INFO             PET3       MODEL: time step-loop starting, current time:    0  1  1  0  1  0   0
20230508 123813.454 INFO             PET3       ---->Advancing Model from:    0  1  1  0  1  0   0
20230508 123813.454 INFO             PET3       ---------------------> to:    0  1  1  0  1 30   0
20230508 123813.454 INFO             PET3       MODEL: time step-loop ending,   current time:    0  1  1  0  1 30   0
20230508 123813.454 INFO             PET3       <<<MODEL: leaving Run (phase=RunPhase1) with current time:    0  1  1  0  1 30   0
20230508 123813.454 INFO             PET3     MODEL: Run extro.
20230508 123813.454 INFO             PET3     driver: RunSequence event loopLevel=   1  levelMember=   1  loopIteration=   4, current time:    0  1  1  0  1 30   0
20230508 123813.454 INFO             PET3     MODEL: Run intro.
20230508 123813.454 INFO             PET3       >>>MODEL: entered Run (phase=RunPhase1) with current time:    0  1  1  0  1 30   0
20230508 123813.454 INFO             PET3       MODEL: time step-loop starting, current time:    0  1  1  0  1 30   0
20230508 123813.454 INFO             PET3       ---->Advancing Model from:    0  1  1  0  1 30   0
20230508 123813.454 INFO             PET3       ---------------------> to:    0  1  1  0  2  0   0
20230508 123813.454 INFO             PET3       MODEL: time step-loop ending,   current time:    0  1  1  0  2  0   0
20230508 123813.454 INFO             PET3       <<<MODEL: leaving Run (phase=RunPhase1) with current time:    0  1  1  0  2  0   0
20230508 123813.454 INFO             PET3     MODEL: Run extro.
20230508 123813.454 INFO             PET3     driver: RunSequence event loopLevel=   1  levelMember=   1  loopIteration=   5, current time:    0  1  1  0  2  0   0
20230508 123813.455 INFO             PET3     MODEL: Run intro.
20230508 123813.455 INFO             PET3       >>>MODEL: entered Run (phase=RunPhase1) with current time:    0  1  1  0  2  0   0
20230508 123813.455 INFO             PET3       MODEL: time step-loop starting, current time:    0  1  1  0  2  0   0
20230508 123813.455 INFO             PET3       ---->Advancing Model from:    0  1  1  0  2  0   0
20230508 123813.455 INFO             PET3       ---------------------> to:    0  1  1  0  2 30   0
20230508 123813.455 INFO             PET3       MODEL: time step-loop ending,   current time:    0  1  1  0  2 30   0
20230508 123813.455 INFO             PET3       <<<MODEL: leaving Run (phase=RunPhase1) with current time:    0  1  1  0  2 30   0
20230508 123813.455 INFO             PET3     MODEL: Run extro.
20230508 123813.455 INFO             PET3   driver: end <--------- RunSequence
20230508 123813.455 INFO             PET3   <<<driver - leaving Run with current time:    0  1  1  0  2 30   0
20230508 123813.455 INFO             PET3 driver: Run extro.
20230508 123813.455 INFO             PET3 driver: Finalize intro.
20230508 123813.455 INFO             PET3   Calling Finalize phase 1 for modelComp: MODEL
20230508 123813.455 INFO             PET3   MODEL: Finalize intro.
20230508 123813.455 INFO             PET3     >>>MODEL: entered Finalize (phase=FinalizePhase1) with current time:    0  1  1  0  2 30   0
20230508 123813.455 INFO             PET3     <<<MODEL: leaving Finalize (phase=FinalizePhase1) with current time:    0  1  1  0  2 30   0
20230508 123813.455 INFO             PET3   MODEL: Finalize extro.
20230508 123813.455 INFO             PET3   Delete modelComp: MODEL
20230508 123813.455 INFO             PET3   Delete Import-/Export State for modelComp: MODEL
20230508 123813.455 INFO             PET3 driver: Finalize extro.
20230508 123813.455 INFO             PET3 mainApp FINISHED
20230508 123813.455 INFO             PET3 Finalizing ESMF
