2023-06-11 01:17:39
20230611 013948.461 INFO             PET0 !!!!!!!!!!!!!!!!!!!!!!!!!!!!!!!!!!!!!!!!!!!!!!!!!!!!!!
20230611 013948.461 INFO             PET0 !!! THE ESMF_LOG IS SET TO OUTPUT ALL LOG MESSAGES !!!
20230611 013948.461 INFO             PET0 !!!     THIS MAY CAUSE SLOWDOWN IN PERFORMANCE     !!!
20230611 013948.461 INFO             PET0 !!! FOR PRODUCTION RUNS, USE:                      !!!
20230611 013948.461 INFO             PET0 !!!                   ESMF_LOGKIND_Multi_On_Error  !!!
20230611 013948.461 INFO             PET0 !!!!!!!!!!!!!!!!!!!!!!!!!!!!!!!!!!!!!!!!!!!!!!!!!!!!!!
20230611 013948.461 INFO             PET0 Running with ESMF Version   : v8.5.0b23-7-gd659dab941
20230611 013948.461 INFO             PET0 ESMF library build date/time: "Jun 11 2023" "01:16:27"
20230611 013948.461 INFO             PET0 ESMF library build location : /discover/nobackup/projects/sbu/mpotts/esmf-test/gfortran_10.1.0_intelmpi_g_feature_bopt_g_flags/esmf
20230611 013948.461 INFO             PET0 ESMF_COMM                   : intelmpi
20230611 013948.461 INFO             PET0 ESMF_MOAB                   : enabled
20230611 013948.461 INFO             PET0 ESMF_LAPACK                 : enabled
20230611 013948.461 INFO             PET0 ESMF_NETCDF                 : disabled
20230611 013948.461 INFO             PET0 ESMF_PNETCDF                : disabled
20230611 013948.461 INFO             PET0 ESMF_PIO                    : disabled
20230611 013948.461 INFO             PET0 ESMF_YAMLCPP                : enabled
20230611 013948.540 DEBUG            PET0 about to destroy Grid: 0x9578f0
20230611 013948.550 DEBUG            PET0 about to destroy Grid: 0x958dd0
20230611 013948.576 INFO             PET0  NUMBER_OF_PROCESSORS           4
20230611 013948.576 INFO             PET0  PASS  Example ESMF_NUOPCAtmModelEx, ESMF_NUOPCAtmModelEx.F90, line 806
20230611 013948.576 INFO             PET0 Finalizing ESMF
20230611 013948.461 INFO             PET1 !!!!!!!!!!!!!!!!!!!!!!!!!!!!!!!!!!!!!!!!!!!!!!!!!!!!!!
20230611 013948.461 INFO             PET1 !!! THE ESMF_LOG IS SET TO OUTPUT ALL LOG MESSAGES !!!
20230611 013948.461 INFO             PET1 !!!     THIS MAY CAUSE SLOWDOWN IN PERFORMANCE     !!!
20230611 013948.461 INFO             PET1 !!! FOR PRODUCTION RUNS, USE:                      !!!
20230611 013948.461 INFO             PET1 !!!                   ESMF_LOGKIND_Multi_On_Error  !!!
20230611 013948.461 INFO             PET1 !!!!!!!!!!!!!!!!!!!!!!!!!!!!!!!!!!!!!!!!!!!!!!!!!!!!!!
20230611 013948.461 INFO             PET1 Running with ESMF Version   : v8.5.0b23-7-gd659dab941
20230611 013948.461 INFO             PET1 ESMF library build date/time: "Jun 11 2023" "01:16:27"
20230611 013948.461 INFO             PET1 ESMF library build location : /discover/nobackup/projects/sbu/mpotts/esmf-test/gfortran_10.1.0_intelmpi_g_feature_bopt_g_flags/esmf
20230611 013948.461 INFO             PET1 ESMF_COMM                   : intelmpi
20230611 013948.461 INFO             PET1 ESMF_MOAB                   : enabled
20230611 013948.461 INFO             PET1 ESMF_LAPACK                 : enabled
20230611 013948.461 INFO             PET1 ESMF_NETCDF                 : disabled
20230611 013948.461 INFO             PET1 ESMF_PNETCDF                : disabled
20230611 013948.461 INFO             PET1 ESMF_PIO                    : disabled
20230611 013948.461 INFO             PET1 ESMF_YAMLCPP                : enabled
20230611 013948.540 DEBUG            PET1 about to destroy Grid: 0x163c9d0
20230611 013948.550 DEBUG            PET1 about to destroy Grid: 0x163d6b0
20230611 013948.576 INFO             PET1  NUMBER_OF_PROCESSORS           4
20230611 013948.576 INFO             PET1  PASS  Example ESMF_NUOPCAtmModelEx, ESMF_NUOPCAtmModelEx.F90, line 806
20230611 013948.576 INFO             PET1 Finalizing ESMF
20230611 013948.461 INFO             PET2 !!!!!!!!!!!!!!!!!!!!!!!!!!!!!!!!!!!!!!!!!!!!!!!!!!!!!!
20230611 013948.461 INFO             PET2 !!! THE ESMF_LOG IS SET TO OUTPUT ALL LOG MESSAGES !!!
20230611 013948.461 INFO             PET2 !!!     THIS MAY CAUSE SLOWDOWN IN PERFORMANCE     !!!
20230611 013948.461 INFO             PET2 !!! FOR PRODUCTION RUNS, USE:                      !!!
20230611 013948.461 INFO             PET2 !!!                   ESMF_LOGKIND_Multi_On_Error  !!!
20230611 013948.461 INFO             PET2 !!!!!!!!!!!!!!!!!!!!!!!!!!!!!!!!!!!!!!!!!!!!!!!!!!!!!!
20230611 013948.461 INFO             PET2 Running with ESMF Version   : v8.5.0b23-7-gd659dab941
20230611 013948.461 INFO             PET2 ESMF library build date/time: "Jun 11 2023" "01:16:27"
20230611 013948.461 INFO             PET2 ESMF library build location : /discover/nobackup/projects/sbu/mpotts/esmf-test/gfortran_10.1.0_intelmpi_g_feature_bopt_g_flags/esmf
20230611 013948.461 INFO             PET2 ESMF_COMM                   : intelmpi
20230611 013948.461 INFO             PET2 ESMF_MOAB                   : enabled
20230611 013948.461 INFO             PET2 ESMF_LAPACK                 : enabled
20230611 013948.461 INFO             PET2 ESMF_NETCDF                 : disabled
20230611 013948.461 INFO             PET2 ESMF_PNETCDF                : disabled
20230611 013948.461 INFO             PET2 ESMF_PIO                    : disabled
20230611 013948.461 INFO             PET2 ESMF_YAMLCPP                : enabled
20230611 013948.540 DEBUG            PET2 about to destroy Grid: 0x2161f90
20230611 013948.550 DEBUG            PET2 about to destroy Grid: 0x2162980
20230611 013948.576 INFO             PET2  NUMBER_OF_PROCESSORS           4
20230611 013948.576 INFO             PET2  PASS  Example ESMF_NUOPCAtmModelEx, ESMF_NUOPCAtmModelEx.F90, line 806
20230611 013948.576 INFO             PET2 Finalizing ESMF
20230611 013948.461 INFO             PET3 !!!!!!!!!!!!!!!!!!!!!!!!!!!!!!!!!!!!!!!!!!!!!!!!!!!!!!
20230611 013948.461 INFO             PET3 !!! THE ESMF_LOG IS SET TO OUTPUT ALL LOG MESSAGES !!!
20230611 013948.461 INFO             PET3 !!!     THIS MAY CAUSE SLOWDOWN IN PERFORMANCE     !!!
20230611 013948.461 INFO             PET3 !!! FOR PRODUCTION RUNS, USE:                      !!!
20230611 013948.461 INFO             PET3 !!!                   ESMF_LOGKIND_Multi_On_Error  !!!
20230611 013948.461 INFO             PET3 !!!!!!!!!!!!!!!!!!!!!!!!!!!!!!!!!!!!!!!!!!!!!!!!!!!!!!
20230611 013948.461 INFO             PET3 Running with ESMF Version   : v8.5.0b23-7-gd659dab941
20230611 013948.461 INFO             PET3 ESMF library build date/time: "Jun 11 2023" "01:16:27"
20230611 013948.461 INFO             PET3 ESMF library build location : /discover/nobackup/projects/sbu/mpotts/esmf-test/gfortran_10.1.0_intelmpi_g_feature_bopt_g_flags/esmf
20230611 013948.461 INFO             PET3 ESMF_COMM                   : intelmpi
20230611 013948.461 INFO             PET3 ESMF_MOAB                   : enabled
20230611 013948.461 INFO             PET3 ESMF_LAPACK                 : enabled
20230611 013948.461 INFO             PET3 ESMF_NETCDF                 : disabled
20230611 013948.461 INFO             PET3 ESMF_PNETCDF                : disabled
20230611 013948.461 INFO             PET3 ESMF_PIO                    : disabled
20230611 013948.461 INFO             PET3 ESMF_YAMLCPP                : enabled
20230611 013948.540 DEBUG            PET3 about to destroy Grid: 0xec6fe0
20230611 013948.550 DEBUG            PET3 about to destroy Grid: 0xec79d0
20230611 013948.576 INFO             PET3  NUMBER_OF_PROCESSORS           4
20230611 013948.576 INFO             PET3  PASS  Example ESMF_NUOPCAtmModelEx, ESMF_NUOPCAtmModelEx.F90, line 806
20230611 013948.576 INFO             PET3 Finalizing ESMF
