2023-05-04 07:21:00
[1683186449.017597] [h13c35:170991:0]         mxm.c:196  MXM  WARN  The 'ulimit -s' on the system is set to 'unlimited'. This may have negative performance implications. Please set the stack size to the default value (10240) 
[1683186449.022712] [h13c35:170991:0]         mxm.c:196  MXM  WARN  The 'ulimit -s' on the system is set to 'unlimited'. This may have negative performance implications. Please set the stack size to the default value (10240) 
[1683186449.018927] [h13c35:170989:0]         mxm.c:196  MXM  WARN  The 'ulimit -s' on the system is set to 'unlimited'. This may have negative performance implications. Please set the stack size to the default value (10240) 
[1683186449.023820] [h13c35:170989:0]         mxm.c:196  MXM  WARN  The 'ulimit -s' on the system is set to 'unlimited'. This may have negative performance implications. Please set the stack size to the default value (10240) 
[1683186449.023141] [h13c35:170990:0]         mxm.c:196  MXM  WARN  The 'ulimit -s' on the system is set to 'unlimited'. This may have negative performance implications. Please set the stack size to the default value (10240) 
[1683186449.028285] [h13c35:170990:0]         mxm.c:196  MXM  WARN  The 'ulimit -s' on the system is set to 'unlimited'. This may have negative performance implications. Please set the stack size to the default value (10240) 
[1683186449.023205] [h13c35:170992:0]         mxm.c:196  MXM  WARN  The 'ulimit -s' on the system is set to 'unlimited'. This may have negative performance implications. Please set the stack size to the default value (10240) 
[1683186449.028264] [h13c35:170992:0]         mxm.c:196  MXM  WARN  The 'ulimit -s' on the system is set to 'unlimited'. This may have negative performance implications. Please set the stack size to the default value (10240) 
 Executing procedure_f77style2()
 Executing procedure_f77style2()
 Executing procedure_ocnCommon()
 Executing procedure_subModule1()
 Executing procedure_subModule2()
 Executing procedure_ocnCommon()
 Executing procedure_subModule1()
 Executing procedure_subModule2()
 Executing procedure_f77style2()
 Executing procedure_f77style2()
 Executing procedure_ocnCommon()
 Executing procedure_subModule1()
 Executing procedure_subModule2()
 Executing procedure_ocnCommon()
 Executing procedure_subModule1()
 Executing procedure_subModule2()
