2023-04-28 07:27:12
20230428 075548.880 INFO             PET0 !!!!!!!!!!!!!!!!!!!!!!!!!!!!!!!!!!!!!!!!!!!!!!!!!!!!!!
20230428 075548.880 INFO             PET0 !!! THE ESMF_LOG IS SET TO OUTPUT ALL LOG MESSAGES !!!
20230428 075548.880 INFO             PET0 !!!     THIS MAY CAUSE SLOWDOWN IN PERFORMANCE     !!!
20230428 075548.880 INFO             PET0 !!! FOR PRODUCTION RUNS, USE:                      !!!
20230428 075548.880 INFO             PET0 !!!                   ESMF_LOGKIND_Multi_On_Error  !!!
20230428 075548.880 INFO             PET0 !!!!!!!!!!!!!!!!!!!!!!!!!!!!!!!!!!!!!!!!!!!!!!!!!!!!!!
20230428 075548.880 INFO             PET0 Running with ESMF Version   : v8.5.0b20
20230428 075548.880 INFO             PET0 ESMF library build date/time: "Apr 28 2023" "07:25:54"
20230428 075548.880 INFO             PET0 ESMF library build location : /scratch2/NCEPDEV/stmp1/Gerhard.Theurich/ESMF-Nightly-Testing/gfortran_9.2.0b_openmpi_g_develop/esmf
20230428 075548.880 INFO             PET0 ESMF_COMM                   : openmpi
20230428 075548.881 INFO             PET0 ESMF_MOAB                   : enabled
20230428 075548.881 INFO             PET0 ESMF_LAPACK                 : enabled
20230428 075548.881 INFO             PET0 ESMF_NETCDF                 : disabled
20230428 075548.881 INFO             PET0 ESMF_PNETCDF                : disabled
20230428 075548.881 INFO             PET0 ESMF_PIO                    : disabled
20230428 075548.881 INFO             PET0 ESMF_YAMLCPP                : enabled
20230428 075548.881 INFO             PET0 mainApp STARTING
20230428 075548.886 INFO             PET0 driver: InitializeGeneric intro.
20230428 075548.886 INFO             PET0   driver: InitializeP0 intro.
20230428 075548.886 INFO             PET0   driver: InitializeP0 extro.
20230428 075548.886 INFO             PET0   driver: InitializeIPDv02p1 intro.
20230428 075548.886 INFO             PET0     >>>driver: entered Initialize (phase=<none>) without valid internal Clock.
20230428 075548.887 INFO             PET0     driver - Creating model component MODEL without petList.
20230428 075548.889 INFO             PET0      GridCompIsPetLocal:  T
20230428 075548.889 INFO             PET0      VmIsCreated:  T
20230428 075548.889 INFO             PET0      valid MPI_COMM with size=           4
20230428 075548.889 INFO             PET0     driver - Creating state: modelComp 1 Import State
20230428 075548.889 INFO             PET0     driver - Creating state: modelComp 1 Export State
20230428 075548.890 INFO             PET0     MODEL: InitializeP0 intro.
20230428 075548.890 INFO             PET0       >>>MODEL: entered Initialize (phase=<none>) without valid internal Clock.
20230428 075548.891 INFO             PET0       <<<MODEL: leaving Initialize (phase=<none>) without valid internal Clock.
20230428 075548.891 INFO             PET0     MODEL: InitializeP0 extro.
20230428 075548.893 INFO             PET0     driver: IInitAdvertise intro.
20230428 075548.893 INFO             PET0     driver: IInitAdvertise extro.
20230428 075548.893 INFO             PET0     MODEL: InitializeIPDvXp01 intro.
20230428 075548.893 INFO             PET0       >>>MODEL: entered Initialize (phase=IPDvXp01) without valid internal Clock.
20230428 075548.894 INFO             PET0       <<<MODEL: leaving Initialize (phase=IPDvXp01) without valid internal Clock.
20230428 075548.894 INFO             PET0     MODEL: InitializeIPDvXp01 extro.
20230428 075548.895 INFO             PET0     driver: IInitAdvertiseFinish intro.
20230428 075548.895 INFO             PET0     driver: IInitAdvertiseFinish extro.
20230428 075548.895 INFO             PET0     driver: IInitModifyCplLists intro.
20230428 075548.895 INFO             PET0     driver: IInitModifyCplLists extro.
20230428 075548.895 INFO             PET0     <<<driver: leaving Initialize (phase=<none>) with current time:    0  1  1  0  0  0   0
20230428 075548.895 INFO             PET0   driver: InitializeIPDv02p1 extro.
20230428 075548.895 INFO             PET0   driver: InitializeIPDv02p3 intro.
20230428 075548.895 INFO             PET0     >>>driver: entered Initialize (phase=<none>) with current time:    0  1  1  0  0  0   0
20230428 075548.896 INFO             PET0     driver: IInitCheck intro.
20230428 075548.896 INFO             PET0     driver: IInitCheck extro.
20230428 075548.896 INFO             PET0     MODEL: InitializeIPDvXp04 intro.
20230428 075548.896 INFO             PET0       >>>MODEL: entered Initialize (phase=IPDvXp04) without valid internal Clock.
20230428 075548.899 INFO             PET0       After Realize: - MemInfo: [/proc/meminfo - SSI]	MemTotal:       97470516 kB
20230428 075548.899 INFO             PET0       After Realize: - MemInfo: [/proc/meminfo - SSI]	MemFree:        89662448 kB
20230428 075548.899 INFO             PET0       After Realize: - MemInfo: [/proc/meminfo - SSI]	MemAvailable:   91696204 kB
20230428 075548.899 INFO             PET0       After Realize: - MemInfo: [/proc/meminfo - SSI]	Committed_AS:     959416 kB
20230428 075548.899 INFO             PET0       After Realize: - MemInfo: [/proc/meminfo - SSI]	CommittedPercent: 0.984314 %
20230428 075548.899 INFO             PET0       After Realize: - MemInfo: [/proc/self/status]	VmPeak:	  400168 kB
20230428 075548.899 INFO             PET0       After Realize: - MemInfo: [/proc/self/status]	VmSize:	  356916 kB
20230428 075548.899 INFO             PET0       After Realize: - MemInfo: [/proc/self/status]	VmLck:	       0 kB
20230428 075548.899 INFO             PET0       After Realize: - MemInfo: [/proc/self/status]	VmPin:	   68020 kB
20230428 075548.899 INFO             PET0       After Realize: - MemInfo: [/proc/self/status]	VmHWM:	  113364 kB
20230428 075548.899 INFO             PET0       After Realize: - MemInfo: [/proc/self/status]	VmRSS:	   74724 kB
20230428 075548.899 INFO             PET0       After Realize: - MemInfo: [/proc/self/status]	VmData:	  147272 kB
20230428 075548.899 INFO             PET0       After Realize: - MemInfo: [/proc/self/status]	VmStk:	     140 kB
20230428 075548.899 INFO             PET0       After Realize: - MemInfo: [/proc/self/status]	VmExe:	      24 kB
20230428 075548.899 INFO             PET0       After Realize: - MemInfo: [/proc/self/status]	VmLib:	   70724 kB
20230428 075548.899 INFO             PET0       After Realize: - MemInfo: [/proc/self/status]	VmPTE:	     444 kB
20230428 075548.899 INFO             PET0       After Realize: - MemInfo: [/proc/self/status]	VmSwap:	       0 kB
20230428 075548.899 INFO             PET0       After Realize: - MemInfo: [/proc/self/status]	VmRSSPercent: 0.0766632 %
20230428 075548.899 INFO             PET0       After Realize: - MemInfo: [malloc] Non-mmapped space allocated:                 5083136 Byte
20230428 075548.899 INFO             PET0       After Realize: - MemInfo: [malloc] Space allocated in mmapped regions:          5914624 Byte
20230428 075548.899 INFO             PET0       After Realize: - MemInfo: [malloc] Maximum total allocated space:                     0 Byte
20230428 075548.899 INFO             PET0       After Realize: - MemInfo: [malloc] Space in freed fastbin blocks:                  3904 Byte
20230428 075548.899 INFO             PET0       After Realize: - MemInfo: [malloc] Total allocated space:                       4712864 Byte
20230428 075548.899 INFO             PET0       After Realize: - MemInfo: [malloc] Total free space:                             370272 Byte
20230428 075548.899 INFO             PET0       After Realize: - MemInfo: [malloc] Top-most, releasable space:                   108896 Byte
20230428 075548.899 INFO             PET0       After Realize: - MemInfo: [malloc] Total space in use, mmap + non-mmap:        10627488 Byte
20230428 075548.899 INFO             PET0       After Realize: - MemInfo: [malloc] Total space held (mmap + non-mmap):         10997760 Byte
20230428 075548.899 INFO             PET0       After Realize: - MemInfo: [malloc] Total space used (mmap + non-mmap):         10636656 Byte
20230428 075548.899 INFO             PET0       After Realize: - MemInfo: Wall-clock time since execution start:              0.0261098 seconds
20230428 075548.899 INFO             PET0       <<<MODEL: leaving Initialize (phase=IPDvXp04) without valid internal Clock.
20230428 075548.899 INFO             PET0     MODEL: InitializeIPDvXp04 extro.
20230428 075548.900 INFO             PET0     driver: IInitRealize intro.
20230428 075548.900 INFO             PET0     driver: IInitRealize extro.
20230428 075548.900 INFO             PET0     MODEL: InitializeIPDvXp07 intro.
20230428 075548.900 INFO             PET0       >>>MODEL: entered Initialize (phase=IPDvXp07) without valid internal Clock.
20230428 075548.900 INFO             PET0       <<<MODEL: leaving Initialize (phase=IPDvXp07) with current time:    0  1  1  0  0  0   0
20230428 075548.900 INFO             PET0     MODEL: InitializeIPDvXp07 extro.
20230428 075548.900 INFO             PET0     <<<driver: leaving Initialize (phase=<none>) with current time:    0  1  1  0  0  0   0
20230428 075548.900 INFO             PET0   driver: InitializeIPDv02p3 extro.
20230428 075548.900 INFO             PET0   driver: InitializeIPDv02p5 intro.
20230428 075548.901 INFO             PET0     >>>driver: entered Initialize (phase=<none>) with current time:    0  1  1  0  0  0   0
20230428 075548.901 INFO             PET0     driver: this is a top level driver, no 'Updated' and 'InitializeDataComplete' info on this level.
20230428 075548.901 INFO             PET0     driver: InitializeIPDv02p5Data intro.
20230428 075548.901 INFO             PET0       driver: InternalInitializeComplete intro.
20230428 075548.901 INFO             PET0         driver: InitializeDataComplete='true'
20230428 075548.901 INFO             PET0       driver: InternalInitializeComplete extro.
20230428 075548.901 INFO             PET0       MODEL: InitializeIPDvXp08 intro.
20230428 075548.901 INFO             PET0         >>>MODEL: entered Initialize (phase=IPDv05p8) with current time:    0  1  1  0  0  0   0
20230428 075548.901 INFO             PET0         MODEL: InitializeDataProgress='false', InitializeDataComplete='false'
20230428 075548.901 INFO             PET0         <<<MODEL: leaving Initialize (phase=IPDv05p8) with current time:    0  1  1  0  0  0   0
20230428 075548.901 INFO             PET0       MODEL: InitializeIPDvXp08 extro.
20230428 075548.904 INFO             PET0       driver: components present that trigger loopDataDependentInitialize().
20230428 075548.904 INFO             PET0       driver: loopDataDependentInitialize intro.
20230428 075548.904 INFO             PET0         driver: component    0=driver, dataComplete (local): true
20230428 075548.904 INFO             PET0         driver: component    0=driver, dataComplete (global): T
20230428 075548.904 INFO             PET0         driver: component    1=MODEL, dataComplete (local): false
20230428 075548.904 INFO             PET0         driver: component    1=MODEL, dataComplete (global): F
20230428 075548.904 INFO             PET0         MODEL: InitializeIPDvXp08 intro.
20230428 075548.904 INFO             PET0           >>>MODEL: entered Initialize (phase=IPDv05p8) with current time:    0  1  1  0  0  0   0
20230428 075548.904 INFO             PET0           MODEL: InitializeDataProgress='true', InitializeDataComplete='true'
20230428 075548.904 INFO             PET0           <<<MODEL: leaving Initialize (phase=IPDv05p8) with current time:    0  1  1  0  0  0   0
20230428 075548.904 INFO             PET0         MODEL: InitializeIPDvXp08 extro.
20230428 075548.905 INFO             PET0         driver: component    1=MODEL, someProgress (local): true
20230428 075548.905 INFO             PET0         driver: component    1=MODEL, someProgress (global): T
20230428 075548.905 INFO             PET0         driver: someProgress=T, allComplete=F, present(dataDepAllComplete)=T
20230428 075548.905 INFO             PET0         driver: component    0=driver, dataComplete (local): true
20230428 075548.905 INFO             PET0         driver: component    0=driver, dataComplete (global): T
20230428 075548.905 INFO             PET0         driver: component    1=MODEL, dataComplete (local): true
20230428 075548.905 INFO             PET0         driver: component    1=MODEL, dataComplete (global): T
20230428 075548.905 INFO             PET0         driver: someProgress=F, allComplete=T, present(dataDepAllComplete)=T
20230428 075548.905 INFO             PET0         driver: finished resolving initialize data dependencies on this level.
20230428 075548.905 INFO             PET0       driver: loopDataDependentInitialize extro.
20230428 075548.905 INFO             PET0       driver: loopDataDependentInitialize() returned with dataDepAllComplete: T
20230428 075548.905 INFO             PET0     driver: InitializeIPDv02p5Data extro.
20230428 075548.905 INFO             PET0     <<<driver: leaving Initialize (phase=<none>) with current time:    0  1  1  0  0  0   0
20230428 075548.905 INFO             PET0   driver: InitializeIPDv02p5 extro.
20230428 075548.905 INFO             PET0 driver: InitializeGeneric extro.
20230428 075548.906 INFO             PET0 driver: Run intro.
20230428 075548.906 INFO             PET0   >>>driver entered Run (phase=RunPhase1) with current time:    0  1  1  0  0  0   0
20230428 075548.906 INFO             PET0   driver: after lable_SetRunClock, current time:    0  1  1  0  0  0   0
20230428 075548.906 INFO             PET0   driver: begin -------> RunSequence.
20230428 075548.906 INFO             PET0     driver: RunSequence event loopLevel=   1  levelMember=   1  loopIteration=   1, current time:    0  1  1  0  0  0   0
20230428 075548.906 INFO             PET0     MODEL: Run intro.
20230428 075548.906 INFO             PET0       >>>MODEL: entered Run (phase=RunPhase1) with current time:    0  1  1  0  0  0   0
20230428 075548.906 INFO             PET0       MODEL: time step-loop starting, current time:    0  1  1  0  0  0   0
20230428 075548.906 INFO             PET0       thread_num=   0   currentSsiPe=  40   num_threads=   3   max_threads=   3   num_procs=   2
20230428 075548.906 INFO             PET0       thread_num=   1   currentSsiPe=   0   num_threads=   3   max_threads=   3   num_procs=   2
20230428 075548.906 INFO             PET0       thread_num=   2   currentSsiPe=  40   num_threads=   3   max_threads=   3   num_procs=   2
20230428 075548.906 INFO             PET0       ---->Advancing Model from:    0  1  1  0  0  0   0
20230428 075548.906 INFO             PET0       ---------------------> to:    0  1  1  0  0 30   0
20230428 075548.906 INFO             PET0       MODEL: time step-loop ending,   current time:    0  1  1  0  0 30   0
20230428 075548.906 INFO             PET0       <<<MODEL: leaving Run (phase=RunPhase1) with current time:    0  1  1  0  0 30   0
20230428 075548.906 INFO             PET0     MODEL: Run extro.
20230428 075548.906 INFO             PET0     driver: RunSequence event loopLevel=   1  levelMember=   1  loopIteration=   2, current time:    0  1  1  0  0 30   0
20230428 075548.906 INFO             PET0     MODEL: Run intro.
20230428 075548.906 INFO             PET0       >>>MODEL: entered Run (phase=RunPhase1) with current time:    0  1  1  0  0 30   0
20230428 075548.906 INFO             PET0       MODEL: time step-loop starting, current time:    0  1  1  0  0 30   0
20230428 075548.906 INFO             PET0       thread_num=   2   currentSsiPe=  40   num_threads=   3   max_threads=   3   num_procs=   2
20230428 075548.906 INFO             PET0       thread_num=   0   currentSsiPe=   0   num_threads=   3   max_threads=   3   num_procs=   2
20230428 075548.906 INFO             PET0       thread_num=   1   currentSsiPe=  40   num_threads=   3   max_threads=   3   num_procs=   2
20230428 075548.906 INFO             PET0       ---->Advancing Model from:    0  1  1  0  0 30   0
20230428 075548.906 INFO             PET0       ---------------------> to:    0  1  1  0  1  0   0
20230428 075548.906 INFO             PET0       MODEL: time step-loop ending,   current time:    0  1  1  0  1  0   0
20230428 075548.906 INFO             PET0       <<<MODEL: leaving Run (phase=RunPhase1) with current time:    0  1  1  0  1  0   0
20230428 075548.906 INFO             PET0     MODEL: Run extro.
20230428 075548.906 INFO             PET0     driver: RunSequence event loopLevel=   1  levelMember=   1  loopIteration=   3, current time:    0  1  1  0  1  0   0
20230428 075548.907 INFO             PET0     MODEL: Run intro.
20230428 075548.907 INFO             PET0       >>>MODEL: entered Run (phase=RunPhase1) with current time:    0  1  1  0  1  0   0
20230428 075548.907 INFO             PET0       MODEL: time step-loop starting, current time:    0  1  1  0  1  0   0
20230428 075548.907 INFO             PET0       thread_num=   0   currentSsiPe=   0   num_threads=   3   max_threads=   3   num_procs=   2
20230428 075548.907 INFO             PET0       thread_num=   2   currentSsiPe=  40   num_threads=   3   max_threads=   3   num_procs=   2
20230428 075548.907 INFO             PET0       thread_num=   1   currentSsiPe=   0   num_threads=   3   max_threads=   3   num_procs=   2
20230428 075548.907 INFO             PET0       ---->Advancing Model from:    0  1  1  0  1  0   0
20230428 075548.907 INFO             PET0       ---------------------> to:    0  1  1  0  1 30   0
20230428 075548.907 INFO             PET0       MODEL: time step-loop ending,   current time:    0  1  1  0  1 30   0
20230428 075548.907 INFO             PET0       <<<MODEL: leaving Run (phase=RunPhase1) with current time:    0  1  1  0  1 30   0
20230428 075548.907 INFO             PET0     MODEL: Run extro.
20230428 075548.907 INFO             PET0     driver: RunSequence event loopLevel=   1  levelMember=   1  loopIteration=   4, current time:    0  1  1  0  1 30   0
20230428 075548.907 INFO             PET0     MODEL: Run intro.
20230428 075548.907 INFO             PET0       >>>MODEL: entered Run (phase=RunPhase1) with current time:    0  1  1  0  1 30   0
20230428 075548.907 INFO             PET0       MODEL: time step-loop starting, current time:    0  1  1  0  1 30   0
20230428 075548.907 INFO             PET0       thread_num=   2   currentSsiPe=  40   num_threads=   3   max_threads=   3   num_procs=   2
20230428 075548.907 INFO             PET0       thread_num=   1   currentSsiPe=   0   num_threads=   3   max_threads=   3   num_procs=   2
20230428 075548.907 INFO             PET0       thread_num=   0   currentSsiPe=  40   num_threads=   3   max_threads=   3   num_procs=   2
20230428 075548.907 INFO             PET0       ---->Advancing Model from:    0  1  1  0  1 30   0
20230428 075548.907 INFO             PET0       ---------------------> to:    0  1  1  0  2  0   0
20230428 075548.907 INFO             PET0       MODEL: time step-loop ending,   current time:    0  1  1  0  2  0   0
20230428 075548.907 INFO             PET0       <<<MODEL: leaving Run (phase=RunPhase1) with current time:    0  1  1  0  2  0   0
20230428 075548.907 INFO             PET0     MODEL: Run extro.
20230428 075548.907 INFO             PET0     driver: RunSequence event loopLevel=   1  levelMember=   1  loopIteration=   5, current time:    0  1  1  0  2  0   0
20230428 075548.907 INFO             PET0     MODEL: Run intro.
20230428 075548.907 INFO             PET0       >>>MODEL: entered Run (phase=RunPhase1) with current time:    0  1  1  0  2  0   0
20230428 075548.907 INFO             PET0       MODEL: time step-loop starting, current time:    0  1  1  0  2  0   0
20230428 075548.907 INFO             PET0       thread_num=   0   currentSsiPe=  40   num_threads=   3   max_threads=   3   num_procs=   2
20230428 075548.907 INFO             PET0       thread_num=   2   currentSsiPe=   0   num_threads=   3   max_threads=   3   num_procs=   2
20230428 075548.907 INFO             PET0       thread_num=   1   currentSsiPe=  40   num_threads=   3   max_threads=   3   num_procs=   2
20230428 075548.907 INFO             PET0       ---->Advancing Model from:    0  1  1  0  2  0   0
20230428 075548.907 INFO             PET0       ---------------------> to:    0  1  1  0  2 30   0
20230428 075548.907 INFO             PET0       MODEL: time step-loop ending,   current time:    0  1  1  0  2 30   0
20230428 075548.907 INFO             PET0       <<<MODEL: leaving Run (phase=RunPhase1) with current time:    0  1  1  0  2 30   0
20230428 075548.907 INFO             PET0     MODEL: Run extro.
20230428 075548.907 INFO             PET0   driver: end <--------- RunSequence
20230428 075548.907 INFO             PET0   <<<driver - leaving Run with current time:    0  1  1  0  2 30   0
20230428 075548.907 INFO             PET0 driver: Run extro.
20230428 075548.907 INFO             PET0 driver: Finalize intro.
20230428 075548.907 INFO             PET0   Calling Finalize phase 1 for modelComp: MODEL
20230428 075548.907 INFO             PET0   MODEL: Finalize intro.
20230428 075548.908 INFO             PET0     >>>MODEL: entered Finalize (phase=FinalizePhase1) with current time:    0  1  1  0  2 30   0
20230428 075548.908 INFO             PET0     <<<MODEL: leaving Finalize (phase=FinalizePhase1) with current time:    0  1  1  0  2 30   0
20230428 075548.908 INFO             PET0   MODEL: Finalize extro.
20230428 075548.908 INFO             PET0   Delete modelComp: MODEL
20230428 075548.908 INFO             PET0   Delete Import-/Export State for modelComp: MODEL
20230428 075548.908 INFO             PET0 driver: Finalize extro.
20230428 075548.908 INFO             PET0 mainApp FINISHED
20230428 075548.908 INFO             PET0 Finalizing ESMF
20230428 075548.880 INFO             PET1 !!!!!!!!!!!!!!!!!!!!!!!!!!!!!!!!!!!!!!!!!!!!!!!!!!!!!!
20230428 075548.880 INFO             PET1 !!! THE ESMF_LOG IS SET TO OUTPUT ALL LOG MESSAGES !!!
20230428 075548.880 INFO             PET1 !!!     THIS MAY CAUSE SLOWDOWN IN PERFORMANCE     !!!
20230428 075548.880 INFO             PET1 !!! FOR PRODUCTION RUNS, USE:                      !!!
20230428 075548.880 INFO             PET1 !!!                   ESMF_LOGKIND_Multi_On_Error  !!!
20230428 075548.880 INFO             PET1 !!!!!!!!!!!!!!!!!!!!!!!!!!!!!!!!!!!!!!!!!!!!!!!!!!!!!!
20230428 075548.880 INFO             PET1 Running with ESMF Version   : v8.5.0b20
20230428 075548.880 INFO             PET1 ESMF library build date/time: "Apr 28 2023" "07:25:54"
20230428 075548.880 INFO             PET1 ESMF library build location : /scratch2/NCEPDEV/stmp1/Gerhard.Theurich/ESMF-Nightly-Testing/gfortran_9.2.0b_openmpi_g_develop/esmf
20230428 075548.880 INFO             PET1 ESMF_COMM                   : openmpi
20230428 075548.881 INFO             PET1 ESMF_MOAB                   : enabled
20230428 075548.881 INFO             PET1 ESMF_LAPACK                 : enabled
20230428 075548.881 INFO             PET1 ESMF_NETCDF                 : disabled
20230428 075548.881 INFO             PET1 ESMF_PNETCDF                : disabled
20230428 075548.881 INFO             PET1 ESMF_PIO                    : disabled
20230428 075548.881 INFO             PET1 ESMF_YAMLCPP                : enabled
20230428 075548.881 INFO             PET1 mainApp STARTING
20230428 075548.886 INFO             PET1 driver: InitializeGeneric intro.
20230428 075548.886 INFO             PET1   driver: InitializeP0 intro.
20230428 075548.886 INFO             PET1   driver: InitializeP0 extro.
20230428 075548.886 INFO             PET1   driver: InitializeIPDv02p1 intro.
20230428 075548.886 INFO             PET1     >>>driver: entered Initialize (phase=<none>) without valid internal Clock.
20230428 075548.887 INFO             PET1     driver - Creating model component MODEL without petList.
20230428 075548.889 INFO             PET1      GridCompIsPetLocal:  T
20230428 075548.889 INFO             PET1      VmIsCreated:  T
20230428 075548.889 INFO             PET1      valid MPI_COMM with size=           4
20230428 075548.890 INFO             PET1     driver - Creating state: modelComp 1 Import State
20230428 075548.890 INFO             PET1     driver - Creating state: modelComp 1 Export State
20230428 075548.891 INFO             PET1     MODEL: InitializeP0 intro.
20230428 075548.891 INFO             PET1       >>>MODEL: entered Initialize (phase=<none>) without valid internal Clock.
20230428 075548.892 INFO             PET1       <<<MODEL: leaving Initialize (phase=<none>) without valid internal Clock.
20230428 075548.892 INFO             PET1     MODEL: InitializeP0 extro.
20230428 075548.894 INFO             PET1     driver: IInitAdvertise intro.
20230428 075548.894 INFO             PET1     driver: IInitAdvertise extro.
20230428 075548.894 INFO             PET1     MODEL: InitializeIPDvXp01 intro.
20230428 075548.894 INFO             PET1       >>>MODEL: entered Initialize (phase=IPDvXp01) without valid internal Clock.
20230428 075548.896 INFO             PET1       <<<MODEL: leaving Initialize (phase=IPDvXp01) without valid internal Clock.
20230428 075548.896 INFO             PET1     MODEL: InitializeIPDvXp01 extro.
20230428 075548.897 INFO             PET1     driver: IInitAdvertiseFinish intro.
20230428 075548.897 INFO             PET1     driver: IInitAdvertiseFinish extro.
20230428 075548.897 INFO             PET1     driver: IInitModifyCplLists intro.
20230428 075548.897 INFO             PET1     driver: IInitModifyCplLists extro.
20230428 075548.897 INFO             PET1     <<<driver: leaving Initialize (phase=<none>) with current time:    0  1  1  0  0  0   0
20230428 075548.897 INFO             PET1   driver: InitializeIPDv02p1 extro.
20230428 075548.897 INFO             PET1   driver: InitializeIPDv02p3 intro.
20230428 075548.897 INFO             PET1     >>>driver: entered Initialize (phase=<none>) with current time:    0  1  1  0  0  0   0
20230428 075548.897 INFO             PET1     driver: IInitCheck intro.
20230428 075548.897 INFO             PET1     driver: IInitCheck extro.
20230428 075548.897 INFO             PET1     MODEL: InitializeIPDvXp04 intro.
20230428 075548.897 INFO             PET1       >>>MODEL: entered Initialize (phase=IPDvXp04) without valid internal Clock.
20230428 075548.901 INFO             PET1       After Realize: - MemInfo: [/proc/meminfo - SSI]	MemTotal:       97470516 kB
20230428 075548.901 INFO             PET1       After Realize: - MemInfo: [/proc/meminfo - SSI]	MemFree:        89662448 kB
20230428 075548.901 INFO             PET1       After Realize: - MemInfo: [/proc/meminfo - SSI]	MemAvailable:   91696204 kB
20230428 075548.901 INFO             PET1       After Realize: - MemInfo: [/proc/meminfo - SSI]	Committed_AS:     959416 kB
20230428 075548.901 INFO             PET1       After Realize: - MemInfo: [/proc/meminfo - SSI]	CommittedPercent: 0.984314 %
20230428 075548.901 INFO             PET1       After Realize: - MemInfo: [/proc/self/status]	VmPeak:	  398120 kB
20230428 075548.901 INFO             PET1       After Realize: - MemInfo: [/proc/self/status]	VmSize:	  356916 kB
20230428 075548.901 INFO             PET1       After Realize: - MemInfo: [/proc/self/status]	VmLck:	       0 kB
20230428 075548.901 INFO             PET1       After Realize: - MemInfo: [/proc/self/status]	VmPin:	   68020 kB
20230428 075548.901 INFO             PET1       After Realize: - MemInfo: [/proc/self/status]	VmHWM:	  113360 kB
20230428 075548.901 INFO             PET1       After Realize: - MemInfo: [/proc/self/status]	VmRSS:	   74684 kB
20230428 075548.901 INFO             PET1       After Realize: - MemInfo: [/proc/self/status]	VmData:	  147272 kB
20230428 075548.901 INFO             PET1       After Realize: - MemInfo: [/proc/self/status]	VmStk:	     140 kB
20230428 075548.901 INFO             PET1       After Realize: - MemInfo: [/proc/self/status]	VmExe:	      24 kB
20230428 075548.901 INFO             PET1       After Realize: - MemInfo: [/proc/self/status]	VmLib:	   70724 kB
20230428 075548.901 INFO             PET1       After Realize: - MemInfo: [/proc/self/status]	VmPTE:	     436 kB
20230428 075548.901 INFO             PET1       After Realize: - MemInfo: [/proc/self/status]	VmSwap:	       0 kB
20230428 075548.901 INFO             PET1       After Realize: - MemInfo: [/proc/self/status]	VmRSSPercent: 0.0766221 %
20230428 075548.901 INFO             PET1       After Realize: - MemInfo: [malloc] Non-mmapped space allocated:                 5083136 Byte
20230428 075548.901 INFO             PET1       After Realize: - MemInfo: [malloc] Space allocated in mmapped regions:          5914624 Byte
20230428 075548.901 INFO             PET1       After Realize: - MemInfo: [malloc] Maximum total allocated space:                     0 Byte
20230428 075548.901 INFO             PET1       After Realize: - MemInfo: [malloc] Space in freed fastbin blocks:                  3616 Byte
20230428 075548.901 INFO             PET1       After Realize: - MemInfo: [malloc] Total allocated space:                       4713040 Byte
20230428 075548.901 INFO             PET1       After Realize: - MemInfo: [malloc] Total free space:                             370096 Byte
20230428 075548.901 INFO             PET1       After Realize: - MemInfo: [malloc] Top-most, releasable space:                   108400 Byte
20230428 075548.901 INFO             PET1       After Realize: - MemInfo: [malloc] Total space in use, mmap + non-mmap:        10627664 Byte
20230428 075548.901 INFO             PET1       After Realize: - MemInfo: [malloc] Total space held (mmap + non-mmap):         10997760 Byte
20230428 075548.901 INFO             PET1       After Realize: - MemInfo: [malloc] Total space used (mmap + non-mmap):         10636832 Byte
20230428 075548.901 INFO             PET1       After Realize: - MemInfo: Wall-clock time since execution start:              0.0285693 seconds
20230428 075548.901 INFO             PET1       <<<MODEL: leaving Initialize (phase=IPDvXp04) without valid internal Clock.
20230428 075548.901 INFO             PET1     MODEL: InitializeIPDvXp04 extro.
20230428 075548.902 INFO             PET1     driver: IInitRealize intro.
20230428 075548.902 INFO             PET1     driver: IInitRealize extro.
20230428 075548.902 INFO             PET1     MODEL: InitializeIPDvXp07 intro.
20230428 075548.902 INFO             PET1       >>>MODEL: entered Initialize (phase=IPDvXp07) without valid internal Clock.
20230428 075548.902 INFO             PET1       <<<MODEL: leaving Initialize (phase=IPDvXp07) with current time:    0  1  1  0  0  0   0
20230428 075548.902 INFO             PET1     MODEL: InitializeIPDvXp07 extro.
20230428 075548.902 INFO             PET1     <<<driver: leaving Initialize (phase=<none>) with current time:    0  1  1  0  0  0   0
20230428 075548.902 INFO             PET1   driver: InitializeIPDv02p3 extro.
20230428 075548.902 INFO             PET1   driver: InitializeIPDv02p5 intro.
20230428 075548.903 INFO             PET1     >>>driver: entered Initialize (phase=<none>) with current time:    0  1  1  0  0  0   0
20230428 075548.903 INFO             PET1     driver: this is a top level driver, no 'Updated' and 'InitializeDataComplete' info on this level.
20230428 075548.903 INFO             PET1     driver: InitializeIPDv02p5Data intro.
20230428 075548.903 INFO             PET1       driver: InternalInitializeComplete intro.
20230428 075548.903 INFO             PET1         driver: InitializeDataComplete='true'
20230428 075548.903 INFO             PET1       driver: InternalInitializeComplete extro.
20230428 075548.903 INFO             PET1       MODEL: InitializeIPDvXp08 intro.
20230428 075548.903 INFO             PET1         >>>MODEL: entered Initialize (phase=IPDv05p8) with current time:    0  1  1  0  0  0   0
20230428 075548.903 INFO             PET1         MODEL: InitializeDataProgress='false', InitializeDataComplete='false'
20230428 075548.903 INFO             PET1         <<<MODEL: leaving Initialize (phase=IPDv05p8) with current time:    0  1  1  0  0  0   0
20230428 075548.903 INFO             PET1       MODEL: InitializeIPDvXp08 extro.
20230428 075548.904 INFO             PET1       driver: components present that trigger loopDataDependentInitialize().
20230428 075548.904 INFO             PET1       driver: loopDataDependentInitialize intro.
20230428 075548.904 INFO             PET1         driver: component    0=driver, dataComplete (local): true
20230428 075548.904 INFO             PET1         driver: component    0=driver, dataComplete (global): T
20230428 075548.904 INFO             PET1         driver: component    1=MODEL, dataComplete (local): false
20230428 075548.904 INFO             PET1         driver: component    1=MODEL, dataComplete (global): F
20230428 075548.904 INFO             PET1         MODEL: InitializeIPDvXp08 intro.
20230428 075548.904 INFO             PET1           >>>MODEL: entered Initialize (phase=IPDv05p8) with current time:    0  1  1  0  0  0   0
20230428 075548.904 INFO             PET1           MODEL: InitializeDataProgress='true', InitializeDataComplete='true'
20230428 075548.905 INFO             PET1           <<<MODEL: leaving Initialize (phase=IPDv05p8) with current time:    0  1  1  0  0  0   0
20230428 075548.905 INFO             PET1         MODEL: InitializeIPDvXp08 extro.
20230428 075548.905 INFO             PET1         driver: component    1=MODEL, someProgress (local): true
20230428 075548.905 INFO             PET1         driver: component    1=MODEL, someProgress (global): T
20230428 075548.905 INFO             PET1         driver: someProgress=T, allComplete=F, present(dataDepAllComplete)=T
20230428 075548.905 INFO             PET1         driver: component    0=driver, dataComplete (local): true
20230428 075548.905 INFO             PET1         driver: component    0=driver, dataComplete (global): T
20230428 075548.905 INFO             PET1         driver: component    1=MODEL, dataComplete (local): true
20230428 075548.905 INFO             PET1         driver: component    1=MODEL, dataComplete (global): T
20230428 075548.905 INFO             PET1         driver: someProgress=F, allComplete=T, present(dataDepAllComplete)=T
20230428 075548.905 INFO             PET1         driver: finished resolving initialize data dependencies on this level.
20230428 075548.905 INFO             PET1       driver: loopDataDependentInitialize extro.
20230428 075548.905 INFO             PET1       driver: loopDataDependentInitialize() returned with dataDepAllComplete: T
20230428 075548.905 INFO             PET1     driver: InitializeIPDv02p5Data extro.
20230428 075548.905 INFO             PET1     <<<driver: leaving Initialize (phase=<none>) with current time:    0  1  1  0  0  0   0
20230428 075548.905 INFO             PET1   driver: InitializeIPDv02p5 extro.
20230428 075548.905 INFO             PET1 driver: InitializeGeneric extro.
20230428 075548.906 INFO             PET1 driver: Run intro.
20230428 075548.906 INFO             PET1   >>>driver entered Run (phase=RunPhase1) with current time:    0  1  1  0  0  0   0
20230428 075548.906 INFO             PET1   driver: after lable_SetRunClock, current time:    0  1  1  0  0  0   0
20230428 075548.906 INFO             PET1   driver: begin -------> RunSequence.
20230428 075548.906 INFO             PET1     driver: RunSequence event loopLevel=   1  levelMember=   1  loopIteration=   1, current time:    0  1  1  0  0  0   0
20230428 075548.906 INFO             PET1     MODEL: Run intro.
20230428 075548.906 INFO             PET1       >>>MODEL: entered Run (phase=RunPhase1) with current time:    0  1  1  0  0  0   0
20230428 075548.906 INFO             PET1       MODEL: time step-loop starting, current time:    0  1  1  0  0  0   0
20230428 075548.906 INFO             PET1       thread_num=   0   currentSsiPe=  60   num_threads=   3   max_threads=   3   num_procs=   2
20230428 075548.906 INFO             PET1       thread_num=   1   currentSsiPe=  20   num_threads=   3   max_threads=   3   num_procs=   2
20230428 075548.906 INFO             PET1       thread_num=   2   currentSsiPe=  60   num_threads=   3   max_threads=   3   num_procs=   2
20230428 075548.906 INFO             PET1       ---->Advancing Model from:    0  1  1  0  0  0   0
20230428 075548.906 INFO             PET1       ---------------------> to:    0  1  1  0  0 30   0
20230428 075548.906 INFO             PET1       MODEL: time step-loop ending,   current time:    0  1  1  0  0 30   0
20230428 075548.906 INFO             PET1       <<<MODEL: leaving Run (phase=RunPhase1) with current time:    0  1  1  0  0 30   0
20230428 075548.906 INFO             PET1     MODEL: Run extro.
20230428 075548.906 INFO             PET1     driver: RunSequence event loopLevel=   1  levelMember=   1  loopIteration=   2, current time:    0  1  1  0  0 30   0
20230428 075548.906 INFO             PET1     MODEL: Run intro.
20230428 075548.906 INFO             PET1       >>>MODEL: entered Run (phase=RunPhase1) with current time:    0  1  1  0  0 30   0
20230428 075548.906 INFO             PET1       MODEL: time step-loop starting, current time:    0  1  1  0  0 30   0
20230428 075548.906 INFO             PET1       thread_num=   2   currentSsiPe=  60   num_threads=   3   max_threads=   3   num_procs=   2
20230428 075548.906 INFO             PET1       thread_num=   0   currentSsiPe=  20   num_threads=   3   max_threads=   3   num_procs=   2
20230428 075548.906 INFO             PET1       thread_num=   1   currentSsiPe=  60   num_threads=   3   max_threads=   3   num_procs=   2
20230428 075548.906 INFO             PET1       ---->Advancing Model from:    0  1  1  0  0 30   0
20230428 075548.906 INFO             PET1       ---------------------> to:    0  1  1  0  1  0   0
20230428 075548.906 INFO             PET1       MODEL: time step-loop ending,   current time:    0  1  1  0  1  0   0
20230428 075548.906 INFO             PET1       <<<MODEL: leaving Run (phase=RunPhase1) with current time:    0  1  1  0  1  0   0
20230428 075548.906 INFO             PET1     MODEL: Run extro.
20230428 075548.907 INFO             PET1     driver: RunSequence event loopLevel=   1  levelMember=   1  loopIteration=   3, current time:    0  1  1  0  1  0   0
20230428 075548.907 INFO             PET1     MODEL: Run intro.
20230428 075548.907 INFO             PET1       >>>MODEL: entered Run (phase=RunPhase1) with current time:    0  1  1  0  1  0   0
20230428 075548.907 INFO             PET1       MODEL: time step-loop starting, current time:    0  1  1  0  1  0   0
20230428 075548.907 INFO             PET1       thread_num=   0   currentSsiPe=  20   num_threads=   3   max_threads=   3   num_procs=   2
20230428 075548.907 INFO             PET1       thread_num=   1   currentSsiPe=  60   num_threads=   3   max_threads=   3   num_procs=   2
20230428 075548.907 INFO             PET1       thread_num=   2   currentSsiPe=  20   num_threads=   3   max_threads=   3   num_procs=   2
20230428 075548.907 INFO             PET1       ---->Advancing Model from:    0  1  1  0  1  0   0
20230428 075548.907 INFO             PET1       ---------------------> to:    0  1  1  0  1 30   0
20230428 075548.907 INFO             PET1       MODEL: time step-loop ending,   current time:    0  1  1  0  1 30   0
20230428 075548.907 INFO             PET1       <<<MODEL: leaving Run (phase=RunPhase1) with current time:    0  1  1  0  1 30   0
20230428 075548.907 INFO             PET1     MODEL: Run extro.
20230428 075548.907 INFO             PET1     driver: RunSequence event loopLevel=   1  levelMember=   1  loopIteration=   4, current time:    0  1  1  0  1 30   0
20230428 075548.907 INFO             PET1     MODEL: Run intro.
20230428 075548.907 INFO             PET1       >>>MODEL: entered Run (phase=RunPhase1) with current time:    0  1  1  0  1 30   0
20230428 075548.907 INFO             PET1       MODEL: time step-loop starting, current time:    0  1  1  0  1 30   0
20230428 075548.907 INFO             PET1       thread_num=   2   currentSsiPe=  20   num_threads=   3   max_threads=   3   num_procs=   2
20230428 075548.907 INFO             PET1       thread_num=   0   currentSsiPe=  60   num_threads=   3   max_threads=   3   num_procs=   2
20230428 075548.907 INFO             PET1       thread_num=   1   currentSsiPe=  20   num_threads=   3   max_threads=   3   num_procs=   2
20230428 075548.907 INFO             PET1       ---->Advancing Model from:    0  1  1  0  1 30   0
20230428 075548.907 INFO             PET1       ---------------------> to:    0  1  1  0  2  0   0
20230428 075548.907 INFO             PET1       MODEL: time step-loop ending,   current time:    0  1  1  0  2  0   0
20230428 075548.907 INFO             PET1       <<<MODEL: leaving Run (phase=RunPhase1) with current time:    0  1  1  0  2  0   0
20230428 075548.907 INFO             PET1     MODEL: Run extro.
20230428 075548.907 INFO             PET1     driver: RunSequence event loopLevel=   1  levelMember=   1  loopIteration=   5, current time:    0  1  1  0  2  0   0
20230428 075548.907 INFO             PET1     MODEL: Run intro.
20230428 075548.907 INFO             PET1       >>>MODEL: entered Run (phase=RunPhase1) with current time:    0  1  1  0  2  0   0
20230428 075548.907 INFO             PET1       MODEL: time step-loop starting, current time:    0  1  1  0  2  0   0
20230428 075548.907 INFO             PET1       thread_num=   0   currentSsiPe=  60   num_threads=   3   max_threads=   3   num_procs=   2
20230428 075548.907 INFO             PET1       thread_num=   1   currentSsiPe=  20   num_threads=   3   max_threads=   3   num_procs=   2
20230428 075548.907 INFO             PET1       thread_num=   2   currentSsiPe=  60   num_threads=   3   max_threads=   3   num_procs=   2
20230428 075548.907 INFO             PET1       ---->Advancing Model from:    0  1  1  0  2  0   0
20230428 075548.907 INFO             PET1       ---------------------> to:    0  1  1  0  2 30   0
20230428 075548.907 INFO             PET1       MODEL: time step-loop ending,   current time:    0  1  1  0  2 30   0
20230428 075548.908 INFO             PET1       <<<MODEL: leaving Run (phase=RunPhase1) with current time:    0  1  1  0  2 30   0
20230428 075548.908 INFO             PET1     MODEL: Run extro.
20230428 075548.908 INFO             PET1   driver: end <--------- RunSequence
20230428 075548.908 INFO             PET1   <<<driver - leaving Run with current time:    0  1  1  0  2 30   0
20230428 075548.908 INFO             PET1 driver: Run extro.
20230428 075548.908 INFO             PET1 driver: Finalize intro.
20230428 075548.908 INFO             PET1   Calling Finalize phase 1 for modelComp: MODEL
20230428 075548.908 INFO             PET1   MODEL: Finalize intro.
20230428 075548.908 INFO             PET1     >>>MODEL: entered Finalize (phase=FinalizePhase1) with current time:    0  1  1  0  2 30   0
20230428 075548.908 INFO             PET1     <<<MODEL: leaving Finalize (phase=FinalizePhase1) with current time:    0  1  1  0  2 30   0
20230428 075548.908 INFO             PET1   MODEL: Finalize extro.
20230428 075548.908 INFO             PET1   Delete modelComp: MODEL
20230428 075548.908 INFO             PET1   Delete Import-/Export State for modelComp: MODEL
20230428 075548.908 INFO             PET1 driver: Finalize extro.
20230428 075548.908 INFO             PET1 mainApp FINISHED
20230428 075548.908 INFO             PET1 Finalizing ESMF
20230428 075548.880 INFO             PET2 !!!!!!!!!!!!!!!!!!!!!!!!!!!!!!!!!!!!!!!!!!!!!!!!!!!!!!
20230428 075548.880 INFO             PET2 !!! THE ESMF_LOG IS SET TO OUTPUT ALL LOG MESSAGES !!!
20230428 075548.880 INFO             PET2 !!!     THIS MAY CAUSE SLOWDOWN IN PERFORMANCE     !!!
20230428 075548.880 INFO             PET2 !!! FOR PRODUCTION RUNS, USE:                      !!!
20230428 075548.880 INFO             PET2 !!!                   ESMF_LOGKIND_Multi_On_Error  !!!
20230428 075548.880 INFO             PET2 !!!!!!!!!!!!!!!!!!!!!!!!!!!!!!!!!!!!!!!!!!!!!!!!!!!!!!
20230428 075548.880 INFO             PET2 Running with ESMF Version   : v8.5.0b20
20230428 075548.880 INFO             PET2 ESMF library build date/time: "Apr 28 2023" "07:25:54"
20230428 075548.880 INFO             PET2 ESMF library build location : /scratch2/NCEPDEV/stmp1/Gerhard.Theurich/ESMF-Nightly-Testing/gfortran_9.2.0b_openmpi_g_develop/esmf
20230428 075548.880 INFO             PET2 ESMF_COMM                   : openmpi
20230428 075548.881 INFO             PET2 ESMF_MOAB                   : enabled
20230428 075548.881 INFO             PET2 ESMF_LAPACK                 : enabled
20230428 075548.881 INFO             PET2 ESMF_NETCDF                 : disabled
20230428 075548.881 INFO             PET2 ESMF_PNETCDF                : disabled
20230428 075548.881 INFO             PET2 ESMF_PIO                    : disabled
20230428 075548.881 INFO             PET2 ESMF_YAMLCPP                : enabled
20230428 075548.881 INFO             PET2 mainApp STARTING
20230428 075548.886 INFO             PET2 driver: InitializeGeneric intro.
20230428 075548.886 INFO             PET2   driver: InitializeP0 intro.
20230428 075548.886 INFO             PET2   driver: InitializeP0 extro.
20230428 075548.886 INFO             PET2   driver: InitializeIPDv02p1 intro.
20230428 075548.886 INFO             PET2     >>>driver: entered Initialize (phase=<none>) without valid internal Clock.
20230428 075548.887 INFO             PET2     driver - Creating model component MODEL without petList.
20230428 075548.889 INFO             PET2      GridCompIsPetLocal:  T
20230428 075548.889 INFO             PET2      VmIsCreated:  T
20230428 075548.889 INFO             PET2      valid MPI_COMM with size=           4
20230428 075548.889 INFO             PET2     driver - Creating state: modelComp 1 Import State
20230428 075548.889 INFO             PET2     driver - Creating state: modelComp 1 Export State
20230428 075548.890 INFO             PET2     MODEL: InitializeP0 intro.
20230428 075548.890 INFO             PET2       >>>MODEL: entered Initialize (phase=<none>) without valid internal Clock.
20230428 075548.891 INFO             PET2       <<<MODEL: leaving Initialize (phase=<none>) without valid internal Clock.
20230428 075548.891 INFO             PET2     MODEL: InitializeP0 extro.
20230428 075548.893 INFO             PET2     driver: IInitAdvertise intro.
20230428 075548.893 INFO             PET2     driver: IInitAdvertise extro.
20230428 075548.893 INFO             PET2     MODEL: InitializeIPDvXp01 intro.
20230428 075548.893 INFO             PET2       >>>MODEL: entered Initialize (phase=IPDvXp01) without valid internal Clock.
20230428 075548.894 INFO             PET2       <<<MODEL: leaving Initialize (phase=IPDvXp01) without valid internal Clock.
20230428 075548.894 INFO             PET2     MODEL: InitializeIPDvXp01 extro.
20230428 075548.895 INFO             PET2     driver: IInitAdvertiseFinish intro.
20230428 075548.895 INFO             PET2     driver: IInitAdvertiseFinish extro.
20230428 075548.895 INFO             PET2     driver: IInitModifyCplLists intro.
20230428 075548.895 INFO             PET2     driver: IInitModifyCplLists extro.
20230428 075548.895 INFO             PET2     <<<driver: leaving Initialize (phase=<none>) with current time:    0  1  1  0  0  0   0
20230428 075548.895 INFO             PET2   driver: InitializeIPDv02p1 extro.
20230428 075548.895 INFO             PET2   driver: InitializeIPDv02p3 intro.
20230428 075548.895 INFO             PET2     >>>driver: entered Initialize (phase=<none>) with current time:    0  1  1  0  0  0   0
20230428 075548.896 INFO             PET2     driver: IInitCheck intro.
20230428 075548.896 INFO             PET2     driver: IInitCheck extro.
20230428 075548.896 INFO             PET2     MODEL: InitializeIPDvXp04 intro.
20230428 075548.896 INFO             PET2       >>>MODEL: entered Initialize (phase=IPDvXp04) without valid internal Clock.
20230428 075548.899 INFO             PET2       After Realize: - MemInfo: [/proc/meminfo - SSI]	MemTotal:       97470516 kB
20230428 075548.899 INFO             PET2       After Realize: - MemInfo: [/proc/meminfo - SSI]	MemFree:        89662448 kB
20230428 075548.899 INFO             PET2       After Realize: - MemInfo: [/proc/meminfo - SSI]	MemAvailable:   91696204 kB
20230428 075548.899 INFO             PET2       After Realize: - MemInfo: [/proc/meminfo - SSI]	Committed_AS:     959416 kB
20230428 075548.899 INFO             PET2       After Realize: - MemInfo: [/proc/meminfo - SSI]	CommittedPercent: 0.984314 %
20230428 075548.899 INFO             PET2       After Realize: - MemInfo: [/proc/self/status]	VmPeak:	  397604 kB
20230428 075548.899 INFO             PET2       After Realize: - MemInfo: [/proc/self/status]	VmSize:	  356468 kB
20230428 075548.899 INFO             PET2       After Realize: - MemInfo: [/proc/self/status]	VmLck:	       0 kB
20230428 075548.899 INFO             PET2       After Realize: - MemInfo: [/proc/self/status]	VmPin:	   68020 kB
20230428 075548.899 INFO             PET2       After Realize: - MemInfo: [/proc/self/status]	VmHWM:	  113364 kB
20230428 075548.899 INFO             PET2       After Realize: - MemInfo: [/proc/self/status]	VmRSS:	   74496 kB
20230428 075548.899 INFO             PET2       After Realize: - MemInfo: [/proc/self/status]	VmData:	  146824 kB
20230428 075548.899 INFO             PET2       After Realize: - MemInfo: [/proc/self/status]	VmStk:	     140 kB
20230428 075548.899 INFO             PET2       After Realize: - MemInfo: [/proc/self/status]	VmExe:	      24 kB
20230428 075548.899 INFO             PET2       After Realize: - MemInfo: [/proc/self/status]	VmLib:	   70724 kB
20230428 075548.899 INFO             PET2       After Realize: - MemInfo: [/proc/self/status]	VmPTE:	     440 kB
20230428 075548.899 INFO             PET2       After Realize: - MemInfo: [/proc/self/status]	VmSwap:	       0 kB
20230428 075548.899 INFO             PET2       After Realize: - MemInfo: [/proc/self/status]	VmRSSPercent: 0.0764293 %
20230428 075548.899 INFO             PET2       After Realize: - MemInfo: [malloc] Non-mmapped space allocated:                 4952064 Byte
20230428 075548.899 INFO             PET2       After Realize: - MemInfo: [malloc] Space allocated in mmapped regions:          5914624 Byte
20230428 075548.899 INFO             PET2       After Realize: - MemInfo: [malloc] Maximum total allocated space:                     0 Byte
20230428 075548.899 INFO             PET2       After Realize: - MemInfo: [malloc] Space in freed fastbin blocks:                  3392 Byte
20230428 075548.899 INFO             PET2       After Realize: - MemInfo: [malloc] Total allocated space:                       4711424 Byte
20230428 075548.899 INFO             PET2       After Realize: - MemInfo: [malloc] Total free space:                             240640 Byte
20230428 075548.899 INFO             PET2       After Realize: - MemInfo: [malloc] Top-most, releasable space:                   109984 Byte
20230428 075548.899 INFO             PET2       After Realize: - MemInfo: [malloc] Total space in use, mmap + non-mmap:        10626048 Byte
20230428 075548.899 INFO             PET2       After Realize: - MemInfo: [malloc] Total space held (mmap + non-mmap):         10866688 Byte
20230428 075548.899 INFO             PET2       After Realize: - MemInfo: [malloc] Total space used (mmap + non-mmap):         10635216 Byte
20230428 075548.899 INFO             PET2       After Realize: - MemInfo: Wall-clock time since execution start:              0.0257891 seconds
20230428 075548.899 INFO             PET2       <<<MODEL: leaving Initialize (phase=IPDvXp04) without valid internal Clock.
20230428 075548.899 INFO             PET2     MODEL: InitializeIPDvXp04 extro.
20230428 075548.900 INFO             PET2     driver: IInitRealize intro.
20230428 075548.900 INFO             PET2     driver: IInitRealize extro.
20230428 075548.900 INFO             PET2     MODEL: InitializeIPDvXp07 intro.
20230428 075548.900 INFO             PET2       >>>MODEL: entered Initialize (phase=IPDvXp07) without valid internal Clock.
20230428 075548.900 INFO             PET2       <<<MODEL: leaving Initialize (phase=IPDvXp07) with current time:    0  1  1  0  0  0   0
20230428 075548.900 INFO             PET2     MODEL: InitializeIPDvXp07 extro.
20230428 075548.900 INFO             PET2     <<<driver: leaving Initialize (phase=<none>) with current time:    0  1  1  0  0  0   0
20230428 075548.900 INFO             PET2   driver: InitializeIPDv02p3 extro.
20230428 075548.900 INFO             PET2   driver: InitializeIPDv02p5 intro.
20230428 075548.901 INFO             PET2     >>>driver: entered Initialize (phase=<none>) with current time:    0  1  1  0  0  0   0
20230428 075548.901 INFO             PET2     driver: this is a top level driver, no 'Updated' and 'InitializeDataComplete' info on this level.
20230428 075548.901 INFO             PET2     driver: InitializeIPDv02p5Data intro.
20230428 075548.901 INFO             PET2       driver: InternalInitializeComplete intro.
20230428 075548.901 INFO             PET2         driver: InitializeDataComplete='true'
20230428 075548.901 INFO             PET2       driver: InternalInitializeComplete extro.
20230428 075548.901 INFO             PET2       MODEL: InitializeIPDvXp08 intro.
20230428 075548.901 INFO             PET2         >>>MODEL: entered Initialize (phase=IPDv05p8) with current time:    0  1  1  0  0  0   0
20230428 075548.901 INFO             PET2         MODEL: InitializeDataProgress='false', InitializeDataComplete='false'
20230428 075548.901 INFO             PET2         <<<MODEL: leaving Initialize (phase=IPDv05p8) with current time:    0  1  1  0  0  0   0
20230428 075548.901 INFO             PET2       MODEL: InitializeIPDvXp08 extro.
20230428 075548.904 INFO             PET2       driver: components present that trigger loopDataDependentInitialize().
20230428 075548.904 INFO             PET2       driver: loopDataDependentInitialize intro.
20230428 075548.904 INFO             PET2         driver: component    0=driver, dataComplete (local): true
20230428 075548.904 INFO             PET2         driver: component    0=driver, dataComplete (global): T
20230428 075548.904 INFO             PET2         driver: component    1=MODEL, dataComplete (local): false
20230428 075548.904 INFO             PET2         driver: component    1=MODEL, dataComplete (global): F
20230428 075548.904 INFO             PET2         MODEL: InitializeIPDvXp08 intro.
20230428 075548.904 INFO             PET2           >>>MODEL: entered Initialize (phase=IPDv05p8) with current time:    0  1  1  0  0  0   0
20230428 075548.904 INFO             PET2           MODEL: InitializeDataProgress='true', InitializeDataComplete='true'
20230428 075548.904 INFO             PET2           <<<MODEL: leaving Initialize (phase=IPDv05p8) with current time:    0  1  1  0  0  0   0
20230428 075548.904 INFO             PET2         MODEL: InitializeIPDvXp08 extro.
20230428 075548.905 INFO             PET2         driver: component    1=MODEL, someProgress (local): true
20230428 075548.905 INFO             PET2         driver: component    1=MODEL, someProgress (global): T
20230428 075548.905 INFO             PET2         driver: someProgress=T, allComplete=F, present(dataDepAllComplete)=T
20230428 075548.905 INFO             PET2         driver: component    0=driver, dataComplete (local): true
20230428 075548.905 INFO             PET2         driver: component    0=driver, dataComplete (global): T
20230428 075548.905 INFO             PET2         driver: component    1=MODEL, dataComplete (local): true
20230428 075548.905 INFO             PET2         driver: component    1=MODEL, dataComplete (global): T
20230428 075548.905 INFO             PET2         driver: someProgress=F, allComplete=T, present(dataDepAllComplete)=T
20230428 075548.905 INFO             PET2         driver: finished resolving initialize data dependencies on this level.
20230428 075548.905 INFO             PET2       driver: loopDataDependentInitialize extro.
20230428 075548.905 INFO             PET2       driver: loopDataDependentInitialize() returned with dataDepAllComplete: T
20230428 075548.905 INFO             PET2     driver: InitializeIPDv02p5Data extro.
20230428 075548.905 INFO             PET2     <<<driver: leaving Initialize (phase=<none>) with current time:    0  1  1  0  0  0   0
20230428 075548.905 INFO             PET2   driver: InitializeIPDv02p5 extro.
20230428 075548.905 INFO             PET2 driver: InitializeGeneric extro.
20230428 075548.906 INFO             PET2 driver: Run intro.
20230428 075548.906 INFO             PET2   >>>driver entered Run (phase=RunPhase1) with current time:    0  1  1  0  0  0   0
20230428 075548.906 INFO             PET2   driver: after lable_SetRunClock, current time:    0  1  1  0  0  0   0
20230428 075548.906 INFO             PET2   driver: begin -------> RunSequence.
20230428 075548.906 INFO             PET2     driver: RunSequence event loopLevel=   1  levelMember=   1  loopIteration=   1, current time:    0  1  1  0  0  0   0
20230428 075548.906 INFO             PET2     MODEL: Run intro.
20230428 075548.906 INFO             PET2       >>>MODEL: entered Run (phase=RunPhase1) with current time:    0  1  1  0  0  0   0
20230428 075548.906 INFO             PET2       MODEL: time step-loop starting, current time:    0  1  1  0  0  0   0
20230428 075548.906 INFO             PET2       thread_num=   0   currentSsiPe=   1   num_threads=   3   max_threads=   3   num_procs=   2
20230428 075548.906 INFO             PET2       thread_num=   1   currentSsiPe=  41   num_threads=   3   max_threads=   3   num_procs=   2
20230428 075548.906 INFO             PET2       thread_num=   2   currentSsiPe=   1   num_threads=   3   max_threads=   3   num_procs=   2
20230428 075548.906 INFO             PET2       ---->Advancing Model from:    0  1  1  0  0  0   0
20230428 075548.906 INFO             PET2       ---------------------> to:    0  1  1  0  0 30   0
20230428 075548.906 INFO             PET2       MODEL: time step-loop ending,   current time:    0  1  1  0  0 30   0
20230428 075548.906 INFO             PET2       <<<MODEL: leaving Run (phase=RunPhase1) with current time:    0  1  1  0  0 30   0
20230428 075548.906 INFO             PET2     MODEL: Run extro.
20230428 075548.906 INFO             PET2     driver: RunSequence event loopLevel=   1  levelMember=   1  loopIteration=   2, current time:    0  1  1  0  0 30   0
20230428 075548.906 INFO             PET2     MODEL: Run intro.
20230428 075548.906 INFO             PET2       >>>MODEL: entered Run (phase=RunPhase1) with current time:    0  1  1  0  0 30   0
20230428 075548.906 INFO             PET2       MODEL: time step-loop starting, current time:    0  1  1  0  0 30   0
20230428 075548.906 INFO             PET2       thread_num=   2   currentSsiPe=   1   num_threads=   3   max_threads=   3   num_procs=   2
20230428 075548.906 INFO             PET2       thread_num=   0   currentSsiPe=  41   num_threads=   3   max_threads=   3   num_procs=   2
20230428 075548.906 INFO             PET2       thread_num=   1   currentSsiPe=   1   num_threads=   3   max_threads=   3   num_procs=   2
20230428 075548.906 INFO             PET2       ---->Advancing Model from:    0  1  1  0  0 30   0
20230428 075548.906 INFO             PET2       ---------------------> to:    0  1  1  0  1  0   0
20230428 075548.906 INFO             PET2       MODEL: time step-loop ending,   current time:    0  1  1  0  1  0   0
20230428 075548.906 INFO             PET2       <<<MODEL: leaving Run (phase=RunPhase1) with current time:    0  1  1  0  1  0   0
20230428 075548.906 INFO             PET2     MODEL: Run extro.
20230428 075548.906 INFO             PET2     driver: RunSequence event loopLevel=   1  levelMember=   1  loopIteration=   3, current time:    0  1  1  0  1  0   0
20230428 075548.907 INFO             PET2     MODEL: Run intro.
20230428 075548.907 INFO             PET2       >>>MODEL: entered Run (phase=RunPhase1) with current time:    0  1  1  0  1  0   0
20230428 075548.907 INFO             PET2       MODEL: time step-loop starting, current time:    0  1  1  0  1  0   0
20230428 075548.907 INFO             PET2       thread_num=   0   currentSsiPe=  41   num_threads=   3   max_threads=   3   num_procs=   2
20230428 075548.907 INFO             PET2       thread_num=   2   currentSsiPe=   1   num_threads=   3   max_threads=   3   num_procs=   2
20230428 075548.907 INFO             PET2       thread_num=   1   currentSsiPe=  41   num_threads=   3   max_threads=   3   num_procs=   2
20230428 075548.907 INFO             PET2       ---->Advancing Model from:    0  1  1  0  1  0   0
20230428 075548.907 INFO             PET2       ---------------------> to:    0  1  1  0  1 30   0
20230428 075548.907 INFO             PET2       MODEL: time step-loop ending,   current time:    0  1  1  0  1 30   0
20230428 075548.907 INFO             PET2       <<<MODEL: leaving Run (phase=RunPhase1) with current time:    0  1  1  0  1 30   0
20230428 075548.907 INFO             PET2     MODEL: Run extro.
20230428 075548.907 INFO             PET2     driver: RunSequence event loopLevel=   1  levelMember=   1  loopIteration=   4, current time:    0  1  1  0  1 30   0
20230428 075548.907 INFO             PET2     MODEL: Run intro.
20230428 075548.907 INFO             PET2       >>>MODEL: entered Run (phase=RunPhase1) with current time:    0  1  1  0  1 30   0
20230428 075548.907 INFO             PET2       MODEL: time step-loop starting, current time:    0  1  1  0  1 30   0
20230428 075548.907 INFO             PET2       thread_num=   2   currentSsiPe=   1   num_threads=   3   max_threads=   3   num_procs=   2
20230428 075548.907 INFO             PET2       thread_num=   1   currentSsiPe=  41   num_threads=   3   max_threads=   3   num_procs=   2
20230428 075548.907 INFO             PET2       thread_num=   0   currentSsiPe=   1   num_threads=   3   max_threads=   3   num_procs=   2
20230428 075548.907 INFO             PET2       ---->Advancing Model from:    0  1  1  0  1 30   0
20230428 075548.907 INFO             PET2       ---------------------> to:    0  1  1  0  2  0   0
20230428 075548.907 INFO             PET2       MODEL: time step-loop ending,   current time:    0  1  1  0  2  0   0
20230428 075548.907 INFO             PET2       <<<MODEL: leaving Run (phase=RunPhase1) with current time:    0  1  1  0  2  0   0
20230428 075548.907 INFO             PET2     MODEL: Run extro.
20230428 075548.907 INFO             PET2     driver: RunSequence event loopLevel=   1  levelMember=   1  loopIteration=   5, current time:    0  1  1  0  2  0   0
20230428 075548.907 INFO             PET2     MODEL: Run intro.
20230428 075548.907 INFO             PET2       >>>MODEL: entered Run (phase=RunPhase1) with current time:    0  1  1  0  2  0   0
20230428 075548.907 INFO             PET2       MODEL: time step-loop starting, current time:    0  1  1  0  2  0   0
20230428 075548.907 INFO             PET2       thread_num=   0   currentSsiPe=   1   num_threads=   3   max_threads=   3   num_procs=   2
20230428 075548.907 INFO             PET2       thread_num=   2   currentSsiPe=  41   num_threads=   3   max_threads=   3   num_procs=   2
20230428 075548.907 INFO             PET2       thread_num=   1   currentSsiPe=   1   num_threads=   3   max_threads=   3   num_procs=   2
20230428 075548.907 INFO             PET2       ---->Advancing Model from:    0  1  1  0  2  0   0
20230428 075548.907 INFO             PET2       ---------------------> to:    0  1  1  0  2 30   0
20230428 075548.907 INFO             PET2       MODEL: time step-loop ending,   current time:    0  1  1  0  2 30   0
20230428 075548.907 INFO             PET2       <<<MODEL: leaving Run (phase=RunPhase1) with current time:    0  1  1  0  2 30   0
20230428 075548.907 INFO             PET2     MODEL: Run extro.
20230428 075548.907 INFO             PET2   driver: end <--------- RunSequence
20230428 075548.907 INFO             PET2   <<<driver - leaving Run with current time:    0  1  1  0  2 30   0
20230428 075548.907 INFO             PET2 driver: Run extro.
20230428 075548.907 INFO             PET2 driver: Finalize intro.
20230428 075548.907 INFO             PET2   Calling Finalize phase 1 for modelComp: MODEL
20230428 075548.907 INFO             PET2   MODEL: Finalize intro.
20230428 075548.907 INFO             PET2     >>>MODEL: entered Finalize (phase=FinalizePhase1) with current time:    0  1  1  0  2 30   0
20230428 075548.908 INFO             PET2     <<<MODEL: leaving Finalize (phase=FinalizePhase1) with current time:    0  1  1  0  2 30   0
20230428 075548.908 INFO             PET2   MODEL: Finalize extro.
20230428 075548.908 INFO             PET2   Delete modelComp: MODEL
20230428 075548.908 INFO             PET2   Delete Import-/Export State for modelComp: MODEL
20230428 075548.908 INFO             PET2 driver: Finalize extro.
20230428 075548.908 INFO             PET2 mainApp FINISHED
20230428 075548.908 INFO             PET2 Finalizing ESMF
20230428 075548.880 INFO             PET3 !!!!!!!!!!!!!!!!!!!!!!!!!!!!!!!!!!!!!!!!!!!!!!!!!!!!!!
20230428 075548.880 INFO             PET3 !!! THE ESMF_LOG IS SET TO OUTPUT ALL LOG MESSAGES !!!
20230428 075548.880 INFO             PET3 !!!     THIS MAY CAUSE SLOWDOWN IN PERFORMANCE     !!!
20230428 075548.880 INFO             PET3 !!! FOR PRODUCTION RUNS, USE:                      !!!
20230428 075548.880 INFO             PET3 !!!                   ESMF_LOGKIND_Multi_On_Error  !!!
20230428 075548.880 INFO             PET3 !!!!!!!!!!!!!!!!!!!!!!!!!!!!!!!!!!!!!!!!!!!!!!!!!!!!!!
20230428 075548.880 INFO             PET3 Running with ESMF Version   : v8.5.0b20
20230428 075548.880 INFO             PET3 ESMF library build date/time: "Apr 28 2023" "07:25:54"
20230428 075548.880 INFO             PET3 ESMF library build location : /scratch2/NCEPDEV/stmp1/Gerhard.Theurich/ESMF-Nightly-Testing/gfortran_9.2.0b_openmpi_g_develop/esmf
20230428 075548.880 INFO             PET3 ESMF_COMM                   : openmpi
20230428 075548.880 INFO             PET3 ESMF_MOAB                   : enabled
20230428 075548.880 INFO             PET3 ESMF_LAPACK                 : enabled
20230428 075548.880 INFO             PET3 ESMF_NETCDF                 : disabled
20230428 075548.880 INFO             PET3 ESMF_PNETCDF                : disabled
20230428 075548.880 INFO             PET3 ESMF_PIO                    : disabled
20230428 075548.880 INFO             PET3 ESMF_YAMLCPP                : enabled
20230428 075548.881 INFO             PET3 mainApp STARTING
20230428 075548.886 INFO             PET3 driver: InitializeGeneric intro.
20230428 075548.886 INFO             PET3   driver: InitializeP0 intro.
20230428 075548.886 INFO             PET3   driver: InitializeP0 extro.
20230428 075548.886 INFO             PET3   driver: InitializeIPDv02p1 intro.
20230428 075548.886 INFO             PET3     >>>driver: entered Initialize (phase=<none>) without valid internal Clock.
20230428 075548.887 INFO             PET3     driver - Creating model component MODEL without petList.
20230428 075548.889 INFO             PET3      GridCompIsPetLocal:  T
20230428 075548.889 INFO             PET3      VmIsCreated:  T
20230428 075548.889 INFO             PET3      valid MPI_COMM with size=           4
20230428 075548.889 INFO             PET3     driver - Creating state: modelComp 1 Import State
20230428 075548.889 INFO             PET3     driver - Creating state: modelComp 1 Export State
20230428 075548.890 INFO             PET3     MODEL: InitializeP0 intro.
20230428 075548.890 INFO             PET3       >>>MODEL: entered Initialize (phase=<none>) without valid internal Clock.
20230428 075548.891 INFO             PET3       <<<MODEL: leaving Initialize (phase=<none>) without valid internal Clock.
20230428 075548.891 INFO             PET3     MODEL: InitializeP0 extro.
20230428 075548.894 INFO             PET3     driver: IInitAdvertise intro.
20230428 075548.894 INFO             PET3     driver: IInitAdvertise extro.
20230428 075548.894 INFO             PET3     MODEL: InitializeIPDvXp01 intro.
20230428 075548.894 INFO             PET3       >>>MODEL: entered Initialize (phase=IPDvXp01) without valid internal Clock.
20230428 075548.895 INFO             PET3       <<<MODEL: leaving Initialize (phase=IPDvXp01) without valid internal Clock.
20230428 075548.895 INFO             PET3     MODEL: InitializeIPDvXp01 extro.
20230428 075548.896 INFO             PET3     driver: IInitAdvertiseFinish intro.
20230428 075548.896 INFO             PET3     driver: IInitAdvertiseFinish extro.
20230428 075548.897 INFO             PET3     driver: IInitModifyCplLists intro.
20230428 075548.897 INFO             PET3     driver: IInitModifyCplLists extro.
20230428 075548.897 INFO             PET3     <<<driver: leaving Initialize (phase=<none>) with current time:    0  1  1  0  0  0   0
20230428 075548.897 INFO             PET3   driver: InitializeIPDv02p1 extro.
20230428 075548.897 INFO             PET3   driver: InitializeIPDv02p3 intro.
20230428 075548.897 INFO             PET3     >>>driver: entered Initialize (phase=<none>) with current time:    0  1  1  0  0  0   0
20230428 075548.897 INFO             PET3     driver: IInitCheck intro.
20230428 075548.897 INFO             PET3     driver: IInitCheck extro.
20230428 075548.897 INFO             PET3     MODEL: InitializeIPDvXp04 intro.
20230428 075548.897 INFO             PET3       >>>MODEL: entered Initialize (phase=IPDvXp04) without valid internal Clock.
20230428 075548.900 INFO             PET3       After Realize: - MemInfo: [/proc/meminfo - SSI]	MemTotal:       97470516 kB
20230428 075548.900 INFO             PET3       After Realize: - MemInfo: [/proc/meminfo - SSI]	MemFree:        89662448 kB
20230428 075548.900 INFO             PET3       After Realize: - MemInfo: [/proc/meminfo - SSI]	MemAvailable:   91696204 kB
20230428 075548.900 INFO             PET3       After Realize: - MemInfo: [/proc/meminfo - SSI]	Committed_AS:     959416 kB
20230428 075548.900 INFO             PET3       After Realize: - MemInfo: [/proc/meminfo - SSI]	CommittedPercent: 0.984314 %
20230428 075548.900 INFO             PET3       After Realize: - MemInfo: [/proc/self/status]	VmPeak:	  410540 kB
20230428 075548.900 INFO             PET3       After Realize: - MemInfo: [/proc/self/status]	VmSize:	  356920 kB
20230428 075548.900 INFO             PET3       After Realize: - MemInfo: [/proc/self/status]	VmLck:	       0 kB
20230428 075548.900 INFO             PET3       After Realize: - MemInfo: [/proc/self/status]	VmPin:	   68020 kB
20230428 075548.900 INFO             PET3       After Realize: - MemInfo: [/proc/self/status]	VmHWM:	  113372 kB
20230428 075548.900 INFO             PET3       After Realize: - MemInfo: [/proc/self/status]	VmRSS:	   74772 kB
20230428 075548.900 INFO             PET3       After Realize: - MemInfo: [/proc/self/status]	VmData:	  147276 kB
20230428 075548.900 INFO             PET3       After Realize: - MemInfo: [/proc/self/status]	VmStk:	     140 kB
20230428 075548.900 INFO             PET3       After Realize: - MemInfo: [/proc/self/status]	VmExe:	      24 kB
20230428 075548.900 INFO             PET3       After Realize: - MemInfo: [/proc/self/status]	VmLib:	   70724 kB
20230428 075548.900 INFO             PET3       After Realize: - MemInfo: [/proc/self/status]	VmPTE:	     444 kB
20230428 075548.900 INFO             PET3       After Realize: - MemInfo: [/proc/self/status]	VmSwap:	       0 kB
20230428 075548.900 INFO             PET3       After Realize: - MemInfo: [/proc/self/status]	VmRSSPercent: 0.0767124 %
20230428 075548.900 INFO             PET3       After Realize: - MemInfo: [malloc] Non-mmapped space allocated:                 5087232 Byte
20230428 075548.900 INFO             PET3       After Realize: - MemInfo: [malloc] Space allocated in mmapped regions:          5914624 Byte
20230428 075548.900 INFO             PET3       After Realize: - MemInfo: [malloc] Maximum total allocated space:                     0 Byte
20230428 075548.900 INFO             PET3       After Realize: - MemInfo: [malloc] Space in freed fastbin blocks:                  3168 Byte
20230428 075548.900 INFO             PET3       After Realize: - MemInfo: [malloc] Total allocated space:                       4711872 Byte
20230428 075548.900 INFO             PET3       After Realize: - MemInfo: [malloc] Total free space:                             375360 Byte
20230428 075548.900 INFO             PET3       After Realize: - MemInfo: [malloc] Top-most, releasable space:                   112976 Byte
20230428 075548.900 INFO             PET3       After Realize: - MemInfo: [malloc] Total space in use, mmap + non-mmap:        10626496 Byte
20230428 075548.900 INFO             PET3       After Realize: - MemInfo: [malloc] Total space held (mmap + non-mmap):         11001856 Byte
20230428 075548.900 INFO             PET3       After Realize: - MemInfo: [malloc] Total space used (mmap + non-mmap):         10635664 Byte
20230428 075548.900 INFO             PET3       After Realize: - MemInfo: Wall-clock time since execution start:              0.0279631 seconds
20230428 075548.900 INFO             PET3       <<<MODEL: leaving Initialize (phase=IPDvXp04) without valid internal Clock.
20230428 075548.900 INFO             PET3     MODEL: InitializeIPDvXp04 extro.
20230428 075548.902 INFO             PET3     driver: IInitRealize intro.
20230428 075548.902 INFO             PET3     driver: IInitRealize extro.
20230428 075548.902 INFO             PET3     MODEL: InitializeIPDvXp07 intro.
20230428 075548.902 INFO             PET3       >>>MODEL: entered Initialize (phase=IPDvXp07) without valid internal Clock.
20230428 075548.902 INFO             PET3       <<<MODEL: leaving Initialize (phase=IPDvXp07) with current time:    0  1  1  0  0  0   0
20230428 075548.902 INFO             PET3     MODEL: InitializeIPDvXp07 extro.
20230428 075548.902 INFO             PET3     <<<driver: leaving Initialize (phase=<none>) with current time:    0  1  1  0  0  0   0
20230428 075548.902 INFO             PET3   driver: InitializeIPDv02p3 extro.
20230428 075548.902 INFO             PET3   driver: InitializeIPDv02p5 intro.
20230428 075548.902 INFO             PET3     >>>driver: entered Initialize (phase=<none>) with current time:    0  1  1  0  0  0   0
20230428 075548.902 INFO             PET3     driver: this is a top level driver, no 'Updated' and 'InitializeDataComplete' info on this level.
20230428 075548.902 INFO             PET3     driver: InitializeIPDv02p5Data intro.
20230428 075548.902 INFO             PET3       driver: InternalInitializeComplete intro.
20230428 075548.902 INFO             PET3         driver: InitializeDataComplete='true'
20230428 075548.902 INFO             PET3       driver: InternalInitializeComplete extro.
20230428 075548.903 INFO             PET3       MODEL: InitializeIPDvXp08 intro.
20230428 075548.903 INFO             PET3         >>>MODEL: entered Initialize (phase=IPDv05p8) with current time:    0  1  1  0  0  0   0
20230428 075548.903 INFO             PET3         MODEL: InitializeDataProgress='false', InitializeDataComplete='false'
20230428 075548.903 INFO             PET3         <<<MODEL: leaving Initialize (phase=IPDv05p8) with current time:    0  1  1  0  0  0   0
20230428 075548.903 INFO             PET3       MODEL: InitializeIPDvXp08 extro.
20230428 075548.904 INFO             PET3       driver: components present that trigger loopDataDependentInitialize().
20230428 075548.904 INFO             PET3       driver: loopDataDependentInitialize intro.
20230428 075548.904 INFO             PET3         driver: component    0=driver, dataComplete (local): true
20230428 075548.904 INFO             PET3         driver: component    0=driver, dataComplete (global): T
20230428 075548.904 INFO             PET3         driver: component    1=MODEL, dataComplete (local): false
20230428 075548.904 INFO             PET3         driver: component    1=MODEL, dataComplete (global): F
20230428 075548.904 INFO             PET3         MODEL: InitializeIPDvXp08 intro.
20230428 075548.904 INFO             PET3           >>>MODEL: entered Initialize (phase=IPDv05p8) with current time:    0  1  1  0  0  0   0
20230428 075548.904 INFO             PET3           MODEL: InitializeDataProgress='true', InitializeDataComplete='true'
20230428 075548.904 INFO             PET3           <<<MODEL: leaving Initialize (phase=IPDv05p8) with current time:    0  1  1  0  0  0   0
20230428 075548.904 INFO             PET3         MODEL: InitializeIPDvXp08 extro.
20230428 075548.905 INFO             PET3         driver: component    1=MODEL, someProgress (local): true
20230428 075548.905 INFO             PET3         driver: component    1=MODEL, someProgress (global): T
20230428 075548.905 INFO             PET3         driver: someProgress=T, allComplete=F, present(dataDepAllComplete)=T
20230428 075548.905 INFO             PET3         driver: component    0=driver, dataComplete (local): true
20230428 075548.905 INFO             PET3         driver: component    0=driver, dataComplete (global): T
20230428 075548.905 INFO             PET3         driver: component    1=MODEL, dataComplete (local): true
20230428 075548.905 INFO             PET3         driver: component    1=MODEL, dataComplete (global): T
20230428 075548.905 INFO             PET3         driver: someProgress=F, allComplete=T, present(dataDepAllComplete)=T
20230428 075548.905 INFO             PET3         driver: finished resolving initialize data dependencies on this level.
20230428 075548.905 INFO             PET3       driver: loopDataDependentInitialize extro.
20230428 075548.905 INFO             PET3       driver: loopDataDependentInitialize() returned with dataDepAllComplete: T
20230428 075548.905 INFO             PET3     driver: InitializeIPDv02p5Data extro.
20230428 075548.905 INFO             PET3     <<<driver: leaving Initialize (phase=<none>) with current time:    0  1  1  0  0  0   0
20230428 075548.905 INFO             PET3   driver: InitializeIPDv02p5 extro.
20230428 075548.905 INFO             PET3 driver: InitializeGeneric extro.
20230428 075548.905 INFO             PET3 driver: Run intro.
20230428 075548.906 INFO             PET3   >>>driver entered Run (phase=RunPhase1) with current time:    0  1  1  0  0  0   0
20230428 075548.906 INFO             PET3   driver: after lable_SetRunClock, current time:    0  1  1  0  0  0   0
20230428 075548.906 INFO             PET3   driver: begin -------> RunSequence.
20230428 075548.906 INFO             PET3     driver: RunSequence event loopLevel=   1  levelMember=   1  loopIteration=   1, current time:    0  1  1  0  0  0   0
20230428 075548.906 INFO             PET3     MODEL: Run intro.
20230428 075548.906 INFO             PET3       >>>MODEL: entered Run (phase=RunPhase1) with current time:    0  1  1  0  0  0   0
20230428 075548.906 INFO             PET3       MODEL: time step-loop starting, current time:    0  1  1  0  0  0   0
20230428 075548.906 INFO             PET3       thread_num=   0   currentSsiPe=  21   num_threads=   3   max_threads=   3   num_procs=   2
20230428 075548.906 INFO             PET3       thread_num=   1   currentSsiPe=  61   num_threads=   3   max_threads=   3   num_procs=   2
20230428 075548.906 INFO             PET3       thread_num=   2   currentSsiPe=  21   num_threads=   3   max_threads=   3   num_procs=   2
20230428 075548.906 INFO             PET3       ---->Advancing Model from:    0  1  1  0  0  0   0
20230428 075548.906 INFO             PET3       ---------------------> to:    0  1  1  0  0 30   0
20230428 075548.906 INFO             PET3       MODEL: time step-loop ending,   current time:    0  1  1  0  0 30   0
20230428 075548.906 INFO             PET3       <<<MODEL: leaving Run (phase=RunPhase1) with current time:    0  1  1  0  0 30   0
20230428 075548.906 INFO             PET3     MODEL: Run extro.
20230428 075548.906 INFO             PET3     driver: RunSequence event loopLevel=   1  levelMember=   1  loopIteration=   2, current time:    0  1  1  0  0 30   0
20230428 075548.906 INFO             PET3     MODEL: Run intro.
20230428 075548.906 INFO             PET3       >>>MODEL: entered Run (phase=RunPhase1) with current time:    0  1  1  0  0 30   0
20230428 075548.906 INFO             PET3       MODEL: time step-loop starting, current time:    0  1  1  0  0 30   0
20230428 075548.906 INFO             PET3       thread_num=   2   currentSsiPe=  21   num_threads=   3   max_threads=   3   num_procs=   2
20230428 075548.906 INFO             PET3       thread_num=   0   currentSsiPe=  61   num_threads=   3   max_threads=   3   num_procs=   2
20230428 075548.906 INFO             PET3       thread_num=   1   currentSsiPe=  21   num_threads=   3   max_threads=   3   num_procs=   2
20230428 075548.906 INFO             PET3       ---->Advancing Model from:    0  1  1  0  0 30   0
20230428 075548.906 INFO             PET3       ---------------------> to:    0  1  1  0  1  0   0
20230428 075548.906 INFO             PET3       MODEL: time step-loop ending,   current time:    0  1  1  0  1  0   0
20230428 075548.906 INFO             PET3       <<<MODEL: leaving Run (phase=RunPhase1) with current time:    0  1  1  0  1  0   0
20230428 075548.906 INFO             PET3     MODEL: Run extro.
20230428 075548.906 INFO             PET3     driver: RunSequence event loopLevel=   1  levelMember=   1  loopIteration=   3, current time:    0  1  1  0  1  0   0
20230428 075548.906 INFO             PET3     MODEL: Run intro.
20230428 075548.907 INFO             PET3       >>>MODEL: entered Run (phase=RunPhase1) with current time:    0  1  1  0  1  0   0
20230428 075548.907 INFO             PET3       MODEL: time step-loop starting, current time:    0  1  1  0  1  0   0
20230428 075548.907 INFO             PET3       thread_num=   1   currentSsiPe=  21   num_threads=   3   max_threads=   3   num_procs=   2
20230428 075548.907 INFO             PET3       thread_num=   2   currentSsiPe=  61   num_threads=   3   max_threads=   3   num_procs=   2
20230428 075548.907 INFO             PET3       thread_num=   0   currentSsiPe=  61   num_threads=   3   max_threads=   3   num_procs=   2
20230428 075548.907 INFO             PET3       ---->Advancing Model from:    0  1  1  0  1  0   0
20230428 075548.907 INFO             PET3       ---------------------> to:    0  1  1  0  1 30   0
20230428 075548.907 INFO             PET3       MODEL: time step-loop ending,   current time:    0  1  1  0  1 30   0
20230428 075548.907 INFO             PET3       <<<MODEL: leaving Run (phase=RunPhase1) with current time:    0  1  1  0  1 30   0
20230428 075548.907 INFO             PET3     MODEL: Run extro.
20230428 075548.907 INFO             PET3     driver: RunSequence event loopLevel=   1  levelMember=   1  loopIteration=   4, current time:    0  1  1  0  1 30   0
20230428 075548.907 INFO             PET3     MODEL: Run intro.
20230428 075548.907 INFO             PET3       >>>MODEL: entered Run (phase=RunPhase1) with current time:    0  1  1  0  1 30   0
20230428 075548.907 INFO             PET3       MODEL: time step-loop starting, current time:    0  1  1  0  1 30   0
20230428 075548.907 INFO             PET3       thread_num=   2   currentSsiPe=  61   num_threads=   3   max_threads=   3   num_procs=   2
20230428 075548.907 INFO             PET3       thread_num=   1   currentSsiPe=  21   num_threads=   3   max_threads=   3   num_procs=   2
20230428 075548.907 INFO             PET3       thread_num=   0   currentSsiPe=  61   num_threads=   3   max_threads=   3   num_procs=   2
20230428 075548.907 INFO             PET3       ---->Advancing Model from:    0  1  1  0  1 30   0
20230428 075548.907 INFO             PET3       ---------------------> to:    0  1  1  0  2  0   0
20230428 075548.907 INFO             PET3       MODEL: time step-loop ending,   current time:    0  1  1  0  2  0   0
20230428 075548.907 INFO             PET3       <<<MODEL: leaving Run (phase=RunPhase1) with current time:    0  1  1  0  2  0   0
20230428 075548.907 INFO             PET3     MODEL: Run extro.
20230428 075548.907 INFO             PET3     driver: RunSequence event loopLevel=   1  levelMember=   1  loopIteration=   5, current time:    0  1  1  0  2  0   0
20230428 075548.907 INFO             PET3     MODEL: Run intro.
20230428 075548.907 INFO             PET3       >>>MODEL: entered Run (phase=RunPhase1) with current time:    0  1  1  0  2  0   0
20230428 075548.907 INFO             PET3       MODEL: time step-loop starting, current time:    0  1  1  0  2  0   0
20230428 075548.907 INFO             PET3       thread_num=   1   currentSsiPe=  21   num_threads=   3   max_threads=   3   num_procs=   2
20230428 075548.907 INFO             PET3       thread_num=   0   currentSsiPe=  61   num_threads=   3   max_threads=   3   num_procs=   2
20230428 075548.907 INFO             PET3       thread_num=   2   currentSsiPe=  21   num_threads=   3   max_threads=   3   num_procs=   2
20230428 075548.907 INFO             PET3       ---->Advancing Model from:    0  1  1  0  2  0   0
20230428 075548.907 INFO             PET3       ---------------------> to:    0  1  1  0  2 30   0
20230428 075548.907 INFO             PET3       MODEL: time step-loop ending,   current time:    0  1  1  0  2 30   0
20230428 075548.907 INFO             PET3       <<<MODEL: leaving Run (phase=RunPhase1) with current time:    0  1  1  0  2 30   0
20230428 075548.907 INFO             PET3     MODEL: Run extro.
20230428 075548.907 INFO             PET3   driver: end <--------- RunSequence
20230428 075548.907 INFO             PET3   <<<driver - leaving Run with current time:    0  1  1  0  2 30   0
20230428 075548.907 INFO             PET3 driver: Run extro.
20230428 075548.907 INFO             PET3 driver: Finalize intro.
20230428 075548.907 INFO             PET3   Calling Finalize phase 1 for modelComp: MODEL
20230428 075548.907 INFO             PET3   MODEL: Finalize intro.
20230428 075548.907 INFO             PET3     >>>MODEL: entered Finalize (phase=FinalizePhase1) with current time:    0  1  1  0  2 30   0
20230428 075548.907 INFO             PET3     <<<MODEL: leaving Finalize (phase=FinalizePhase1) with current time:    0  1  1  0  2 30   0
20230428 075548.907 INFO             PET3   MODEL: Finalize extro.
20230428 075548.907 INFO             PET3   Delete modelComp: MODEL
20230428 075548.908 INFO             PET3   Delete Import-/Export State for modelComp: MODEL
20230428 075548.908 INFO             PET3 driver: Finalize extro.
20230428 075548.908 INFO             PET3 mainApp FINISHED
20230428 075548.908 INFO             PET3 Finalizing ESMF
