2023-05-24 02:18:02
20230524 024219.401 INFO             PET0 !!!!!!!!!!!!!!!!!!!!!!!!!!!!!!!!!!!!!!!!!!!!!!!!!!!!!!
20230524 024219.401 INFO             PET0 !!! THE ESMF_LOG IS SET TO OUTPUT ALL LOG MESSAGES !!!
20230524 024219.401 INFO             PET0 !!!     THIS MAY CAUSE SLOWDOWN IN PERFORMANCE     !!!
20230524 024219.401 INFO             PET0 !!! FOR PRODUCTION RUNS, USE:                      !!!
20230524 024219.401 INFO             PET0 !!!                   ESMF_LOGKIND_Multi_On_Error  !!!
20230524 024219.401 INFO             PET0 !!!!!!!!!!!!!!!!!!!!!!!!!!!!!!!!!!!!!!!!!!!!!!!!!!!!!!
20230524 024219.401 INFO             PET0 Running with ESMF Version   : v8.5.0b22-7-gaa6f4b53cd
20230524 024219.401 INFO             PET0 ESMF library build date/time: "May 24 2023" "02:16:37"
20230524 024219.401 INFO             PET0 ESMF library build location : /glade/gust/scratch/theurich/ESMF-Nightly-Testing/intel_2023.0.0-oneAPI_mpiuni_g_develop/esmf
20230524 024219.401 INFO             PET0 ESMF_COMM                   : mpiuni
20230524 024219.402 INFO             PET0 ESMF_MOAB                   : enabled
20230524 024219.402 INFO             PET0 ESMF_LAPACK                 : enabled
20230524 024219.402 INFO             PET0 ESMF_NETCDF                 : enabled
20230524 024219.402 INFO             PET0 ESMF_PNETCDF                : disabled
20230524 024219.402 INFO             PET0 ESMF_PIO                    : disabled
20230524 024219.402 INFO             PET0 ESMF_YAMLCPP                : enabled
20230524 024219.404 INFO             PET0  NUMBER_OF_PROCESSORS           1
20230524 024219.404 INFO             PET0  PASS  Example ESMF_SCompEx, ESMF_SCompEx.F90, line 385
20230524 024219.404 INFO             PET0 Finalizing ESMF
