2023-04-26 10:32:36
20230426 111306.097 INFO             PET0 !!!!!!!!!!!!!!!!!!!!!!!!!!!!!!!!!!!!!!!!!!!!!!!!!!!!!!
20230426 111306.097 INFO             PET0 !!! THE ESMF_LOG IS SET TO OUTPUT ALL LOG MESSAGES !!!
20230426 111306.097 INFO             PET0 !!!     THIS MAY CAUSE SLOWDOWN IN PERFORMANCE     !!!
20230426 111306.097 INFO             PET0 !!! FOR PRODUCTION RUNS, USE:                      !!!
20230426 111306.097 INFO             PET0 !!!                   ESMF_LOGKIND_Multi_On_Error  !!!
20230426 111306.097 INFO             PET0 !!!!!!!!!!!!!!!!!!!!!!!!!!!!!!!!!!!!!!!!!!!!!!!!!!!!!!
20230426 111306.097 INFO             PET0 Running with ESMF Version   : v8.4.2
20230426 111306.097 INFO             PET0 ESMF library build date/time: "Apr 26 2023" "10:30:38"
20230426 111306.097 INFO             PET0 ESMF library build location : /glade/gust/scratch/theurich/ESMF-Nightly-Testing/nvhpc_23.1_mpi_g_v8.4.2/esmf
20230426 111306.097 INFO             PET0 ESMF_COMM                   : mpi
20230426 111306.098 INFO             PET0 ESMF_MOAB                   : enabled
20230426 111306.098 INFO             PET0 ESMF_LAPACK                 : enabled
20230426 111306.098 INFO             PET0 ESMF_NETCDF                 : enabled
20230426 111306.098 INFO             PET0 ESMF_PNETCDF                : disabled
20230426 111306.098 INFO             PET0 ESMF_PIO                    : enabled
20230426 111306.098 INFO             PET0 ESMF_YAMLCPP                : enabled
20230426 111306.098 INFO             PET0 esmApp STARTING
20230426 111306.103 INFO             PET0 esm: InitializeGeneric intro.
20230426 111306.103 INFO             PET0   esm: InitializeP0 intro.
20230426 111306.103 INFO             PET0   esm: InitializeP0 extro.
20230426 111306.103 INFO             PET0   esm: InitializeIPDv02p1 intro.
20230426 111306.103 INFO             PET0     >>>esm: entered Initialize (phase=<none>) without valid internal Clock.
20230426 111306.105 INFO             PET0     esm - Creating model component ATM without petList.
20230426 111306.107 INFO             PET0     esm - Creating model component OCN without petList.
20230426 111306.109 INFO             PET0     esm - Creating connector component ATM-TO-OCN without petList.
20230426 111306.114 INFO             PET0     esm - Creating connector component OCN-TO-ATM without petList.
20230426 111306.119 INFO             PET0     esm - Creating state: modelComp 1 Import State
20230426 111306.119 INFO             PET0     esm - Creating state: modelComp 1 Export State
20230426 111306.119 INFO             PET0     esm - Creating state: modelComp 2 Import State
20230426 111306.119 INFO             PET0     esm - Creating state: modelComp 2 Export State
20230426 111306.120 INFO             PET0     ATM: InitializeP0 intro.
20230426 111306.121 INFO             PET0     ATM: InitializeP0 extro.
20230426 111306.121 INFO             PET0     OCN: InitializeP0 intro.
20230426 111306.122 INFO             PET0     OCN: InitializeP0 extro.
20230426 111306.124 INFO             PET0     ATM-TO-OCN: InitializeP0 intro.
20230426 111306.124 INFO             PET0     ATM-TO-OCN: InitializeP0 extro.
20230426 111306.125 INFO             PET0     OCN-TO-ATM: InitializeP0 intro.
20230426 111306.125 INFO             PET0     OCN-TO-ATM: InitializeP0 extro.
20230426 111306.126 INFO             PET0     esm: IInitAdvertise intro.
20230426 111306.126 INFO             PET0     esm: IInitAdvertise extro.
20230426 111306.127 INFO             PET0     ATM: InitializeIPDvXp01 intro.
20230426 111306.129 INFO             PET0     ATM: InitializeIPDvXp01 extro.
20230426 111306.129 INFO             PET0     OCN: InitializeIPDvXp01 intro.
20230426 111306.131 INFO             PET0     OCN: InitializeIPDvXp01 extro.
20230426 111306.133 INFO             PET0     ATM-TO-OCN: InitializeIPDv05p1 intro.
20230426 111306.137 INFO             PET0     ATM-TO-OCN: InitializeIPDv05p1 extro.
20230426 111306.137 INFO             PET0     OCN-TO-ATM: InitializeIPDv05p1 intro.
20230426 111306.140 INFO             PET0     OCN-TO-ATM: InitializeIPDv05p1 extro.
20230426 111306.140 INFO             PET0     esm: IInitAdvertiseFinish intro.
20230426 111306.140 INFO             PET0     esm: IInitAdvertiseFinish extro.
20230426 111306.140 INFO             PET0     ATM-TO-OCN: InitializeIPDv05p2a intro.
20230426 111306.143 INFO             PET0     ATM-TO-OCN: InitializeIPDv05p2a extro.
20230426 111306.143 INFO             PET0     OCN-TO-ATM: InitializeIPDv05p2a intro.
20230426 111306.145 INFO             PET0     OCN-TO-ATM: InitializeIPDv05p2a extro.
20230426 111306.145 INFO             PET0     ATM-TO-OCN: InitializeIPDv05p2b intro.
20230426 111306.148 INFO             PET0     ATM-TO-OCN: InitializeIPDv05p2b extro.
20230426 111306.149 INFO             PET0     OCN-TO-ATM: InitializeIPDv05p2b intro.
20230426 111306.151 INFO             PET0     OCN-TO-ATM: InitializeIPDv05p2b extro.
20230426 111306.151 INFO             PET0     esm: IInitModifyCplLists intro.
20230426 111306.151 INFO             PET0     esm: IInitModifyCplLists extro.
20230426 111306.151 INFO             PET0     ATM-TO-OCN: InitializeIPDv05p3 intro.
20230426 111306.155 INFO             PET0     ATM-TO-OCN: InitializeIPDv05p3 extro.
20230426 111306.155 INFO             PET0     OCN-TO-ATM: InitializeIPDv05p3 intro.
20230426 111306.157 INFO             PET0     OCN-TO-ATM: InitializeIPDv05p3 extro.
20230426 111306.157 INFO             PET0     <<<esm: leaving Initialize (phase=<none>) with current time: 2010  6  1  0  0  0   0
20230426 111306.157 INFO             PET0   esm: InitializeIPDv02p1 extro.
20230426 111306.157 INFO             PET0   esm: InitializeIPDv02p3 intro.
20230426 111306.157 INFO             PET0     >>>esm: entered Initialize (phase=<none>) with current time: 2010  6  1  0  0  0   0
20230426 111306.158 INFO             PET0     esm: IInitCheck intro.
20230426 111306.158 INFO             PET0     esm: IInitCheck extro.
20230426 111306.158 INFO             PET0     atmA: InitializeIPDvXp04 intro.
20230426 111306.162 INFO             PET0     atmA: InitializeIPDvXp04 extro.
20230426 111306.162 INFO             PET0     ocnA: InitializeIPDvXp04 intro.
20230426 111306.165 INFO             PET0     ocnA: InitializeIPDvXp04 extro.
20230426 111306.167 INFO             PET0     ATM-TO-OCN: InitializeIPDv05p4 intro.
20230426 111306.171 INFO             PET0     ATM-TO-OCN: InitializeIPDv05p4 extro.
20230426 111306.171 INFO             PET0     OCN-TO-ATM: InitializeIPDv05p4 intro.
20230426 111306.175 INFO             PET0     OCN-TO-ATM: InitializeIPDv05p4 extro.
20230426 111306.175 INFO             PET0     ATM-TO-OCN: InitializeIPDv05p5 intro.
20230426 111306.179 INFO             PET0     ATM-TO-OCN: InitializeIPDv05p5 extro.
20230426 111306.179 INFO             PET0     OCN-TO-ATM: InitializeIPDv05p5 intro.
20230426 111306.182 INFO             PET0     OCN-TO-ATM: InitializeIPDv05p5 extro.
20230426 111306.182 INFO             PET0     esm: IInitRealize intro.
20230426 111306.182 INFO             PET0     esm: IInitRealize extro.
20230426 111306.183 INFO             PET0     ATM-TO-OCN: InitializeIPDv05p6a intro.
20230426 111306.186 INFO             PET0     ATM-TO-OCN: InitializeIPDv05p6a extro.
20230426 111319.456 INFO             PET0 !!!!!!!!!!!!!!!!!!!!!!!!!!!!!!!!!!!!!!!!!!!!!!!!!!!!!!
20230426 111319.456 INFO             PET0 !!! THE ESMF_LOG IS SET TO OUTPUT ALL LOG MESSAGES !!!
20230426 111319.456 INFO             PET0 !!!     THIS MAY CAUSE SLOWDOWN IN PERFORMANCE     !!!
20230426 111319.456 INFO             PET0 !!! FOR PRODUCTION RUNS, USE:                      !!!
20230426 111319.456 INFO             PET0 !!!                   ESMF_LOGKIND_Multi_On_Error  !!!
20230426 111319.456 INFO             PET0 !!!!!!!!!!!!!!!!!!!!!!!!!!!!!!!!!!!!!!!!!!!!!!!!!!!!!!
20230426 111319.456 INFO             PET0 Running with ESMF Version   : v8.4.2
20230426 111319.456 INFO             PET0 ESMF library build date/time: "Apr 26 2023" "10:30:38"
20230426 111319.456 INFO             PET0 ESMF library build location : /glade/gust/scratch/theurich/ESMF-Nightly-Testing/nvhpc_23.1_mpi_g_v8.4.2/esmf
20230426 111319.456 INFO             PET0 ESMF_COMM                   : mpi
20230426 111319.456 INFO             PET0 ESMF_MOAB                   : enabled
20230426 111319.456 INFO             PET0 ESMF_LAPACK                 : enabled
20230426 111319.456 INFO             PET0 ESMF_NETCDF                 : enabled
20230426 111319.456 INFO             PET0 ESMF_PNETCDF                : disabled
20230426 111319.456 INFO             PET0 ESMF_PIO                    : enabled
20230426 111319.456 INFO             PET0 ESMF_YAMLCPP                : enabled
20230426 111319.456 INFO             PET0 esmApp STARTING
20230426 111319.461 INFO             PET0 esm: InitializeGeneric intro.
20230426 111319.461 INFO             PET0   esm: InitializeP0 intro.
20230426 111319.461 INFO             PET0   esm: InitializeP0 extro.
20230426 111319.461 INFO             PET0   esm: InitializeIPDv02p1 intro.
20230426 111319.462 INFO             PET0     >>>esm: entered Initialize (phase=<none>) without valid internal Clock.
20230426 111319.463 INFO             PET0     esm - Creating model component ATM without petList.
20230426 111319.466 INFO             PET0     esm - Creating model component OCN without petList.
20230426 111319.468 INFO             PET0     esm - Creating connector component ATM-TO-OCN without petList.
20230426 111319.473 INFO             PET0     esm - Creating connector component OCN-TO-ATM without petList.
20230426 111319.478 INFO             PET0     esm - Creating state: modelComp 1 Import State
20230426 111319.478 INFO             PET0     esm - Creating state: modelComp 1 Export State
20230426 111319.478 INFO             PET0     esm - Creating state: modelComp 2 Import State
20230426 111319.478 INFO             PET0     esm - Creating state: modelComp 2 Export State
20230426 111319.479 INFO             PET0     ATM: InitializeP0 intro.
20230426 111319.480 INFO             PET0     ATM: InitializeP0 extro.
20230426 111319.480 INFO             PET0     OCN: InitializeP0 intro.
20230426 111319.481 INFO             PET0     OCN: InitializeP0 extro.
20230426 111319.483 INFO             PET0     ATM-TO-OCN: InitializeP0 intro.
20230426 111319.483 INFO             PET0     ATM-TO-OCN: InitializeP0 extro.
20230426 111319.484 INFO             PET0     OCN-TO-ATM: InitializeP0 intro.
20230426 111319.484 INFO             PET0     OCN-TO-ATM: InitializeP0 extro.
20230426 111319.486 INFO             PET0     esm: IInitAdvertise intro.
20230426 111319.486 INFO             PET0     esm: IInitAdvertise extro.
20230426 111319.486 INFO             PET0     ATM: InitializeIPDvXp01 intro.
20230426 111319.488 INFO             PET0     ATM: InitializeIPDvXp01 extro.
20230426 111319.488 INFO             PET0     OCN: InitializeIPDvXp01 intro.
20230426 111319.491 INFO             PET0     OCN: InitializeIPDvXp01 extro.
20230426 111319.492 INFO             PET0     ATM-TO-OCN: InitializeIPDv05p1 intro.
20230426 111319.496 INFO             PET0     ATM-TO-OCN: InitializeIPDv05p1 extro.
20230426 111319.496 INFO             PET0     OCN-TO-ATM: InitializeIPDv05p1 intro.
20230426 111319.499 INFO             PET0     OCN-TO-ATM: InitializeIPDv05p1 extro.
20230426 111319.499 INFO             PET0     esm: IInitAdvertiseFinish intro.
20230426 111319.499 INFO             PET0     esm: IInitAdvertiseFinish extro.
20230426 111319.499 INFO             PET0     ATM-TO-OCN: InitializeIPDv05p2a intro.
20230426 111319.502 INFO             PET0     ATM-TO-OCN: InitializeIPDv05p2a extro.
20230426 111319.502 INFO             PET0     OCN-TO-ATM: InitializeIPDv05p2a intro.
20230426 111319.505 INFO             PET0     OCN-TO-ATM: InitializeIPDv05p2a extro.
20230426 111319.505 INFO             PET0     ATM-TO-OCN: InitializeIPDv05p2b intro.
20230426 111319.508 INFO             PET0     ATM-TO-OCN: InitializeIPDv05p2b extro.
20230426 111319.508 INFO             PET0     OCN-TO-ATM: InitializeIPDv05p2b intro.
20230426 111319.510 INFO             PET0     OCN-TO-ATM: InitializeIPDv05p2b extro.
20230426 111319.511 INFO             PET0     esm: IInitModifyCplLists intro.
20230426 111319.511 INFO             PET0     esm: IInitModifyCplLists extro.
20230426 111319.511 INFO             PET0     ATM-TO-OCN: InitializeIPDv05p3 intro.
20230426 111319.514 INFO             PET0     ATM-TO-OCN: InitializeIPDv05p3 extro.
20230426 111319.514 INFO             PET0     OCN-TO-ATM: InitializeIPDv05p3 intro.
20230426 111319.517 INFO             PET0     OCN-TO-ATM: InitializeIPDv05p3 extro.
20230426 111319.517 INFO             PET0     <<<esm: leaving Initialize (phase=<none>) with current time: 2010  6  1  0  0  0   0
20230426 111319.517 INFO             PET0   esm: InitializeIPDv02p1 extro.
20230426 111319.517 INFO             PET0   esm: InitializeIPDv02p3 intro.
20230426 111319.517 INFO             PET0     >>>esm: entered Initialize (phase=<none>) with current time: 2010  6  1  0  0  0   0
20230426 111319.517 INFO             PET0     esm: IInitCheck intro.
20230426 111319.517 INFO             PET0     esm: IInitCheck extro.
20230426 111319.517 INFO             PET0     atmB: InitializeIPDvXp04 intro.
20230426 111319.521 INFO             PET0     atmB: InitializeIPDvXp04 extro.
20230426 111319.522 INFO             PET0     ocnA: InitializeIPDvXp04 intro.
20230426 111319.525 INFO             PET0     ocnA: InitializeIPDvXp04 extro.
20230426 111319.526 INFO             PET0     ATM-TO-OCN: InitializeIPDv05p4 intro.
20230426 111319.531 INFO             PET0     ATM-TO-OCN: InitializeIPDv05p4 extro.
20230426 111319.531 INFO             PET0     OCN-TO-ATM: InitializeIPDv05p4 intro.
20230426 111319.534 INFO             PET0     OCN-TO-ATM: InitializeIPDv05p4 extro.
20230426 111319.534 INFO             PET0     ATM-TO-OCN: InitializeIPDv05p5 intro.
20230426 111319.539 INFO             PET0     ATM-TO-OCN: InitializeIPDv05p5 extro.
20230426 111319.539 INFO             PET0     OCN-TO-ATM: InitializeIPDv05p5 intro.
20230426 111319.542 INFO             PET0     OCN-TO-ATM: InitializeIPDv05p5 extro.
20230426 111319.543 INFO             PET0     esm: IInitRealize intro.
20230426 111319.543 INFO             PET0     esm: IInitRealize extro.
20230426 111319.543 INFO             PET0     ATM-TO-OCN: InitializeIPDv05p6a intro.
20230426 111319.547 INFO             PET0     ATM-TO-OCN: InitializeIPDv05p6a extro.
20230426 111306.096 INFO             PET1 !!!!!!!!!!!!!!!!!!!!!!!!!!!!!!!!!!!!!!!!!!!!!!!!!!!!!!
20230426 111306.096 INFO             PET1 !!! THE ESMF_LOG IS SET TO OUTPUT ALL LOG MESSAGES !!!
20230426 111306.096 INFO             PET1 !!!     THIS MAY CAUSE SLOWDOWN IN PERFORMANCE     !!!
20230426 111306.096 INFO             PET1 !!! FOR PRODUCTION RUNS, USE:                      !!!
20230426 111306.096 INFO             PET1 !!!                   ESMF_LOGKIND_Multi_On_Error  !!!
20230426 111306.096 INFO             PET1 !!!!!!!!!!!!!!!!!!!!!!!!!!!!!!!!!!!!!!!!!!!!!!!!!!!!!!
20230426 111306.096 INFO             PET1 Running with ESMF Version   : v8.4.2
20230426 111306.096 INFO             PET1 ESMF library build date/time: "Apr 26 2023" "10:30:38"
20230426 111306.096 INFO             PET1 ESMF library build location : /glade/gust/scratch/theurich/ESMF-Nightly-Testing/nvhpc_23.1_mpi_g_v8.4.2/esmf
20230426 111306.096 INFO             PET1 ESMF_COMM                   : mpi
20230426 111306.097 INFO             PET1 ESMF_MOAB                   : enabled
20230426 111306.097 INFO             PET1 ESMF_LAPACK                 : enabled
20230426 111306.097 INFO             PET1 ESMF_NETCDF                 : enabled
20230426 111306.097 INFO             PET1 ESMF_PNETCDF                : disabled
20230426 111306.097 INFO             PET1 ESMF_PIO                    : enabled
20230426 111306.097 INFO             PET1 ESMF_YAMLCPP                : enabled
20230426 111306.098 INFO             PET1 esmApp STARTING
20230426 111306.103 INFO             PET1 esm: InitializeGeneric intro.
20230426 111306.103 INFO             PET1   esm: InitializeP0 intro.
20230426 111306.103 INFO             PET1   esm: InitializeP0 extro.
20230426 111306.103 INFO             PET1   esm: InitializeIPDv02p1 intro.
20230426 111306.103 INFO             PET1     >>>esm: entered Initialize (phase=<none>) without valid internal Clock.
20230426 111306.105 INFO             PET1     esm - Creating model component ATM without petList.
20230426 111306.107 INFO             PET1     esm - Creating model component OCN without petList.
20230426 111306.109 INFO             PET1     esm - Creating connector component ATM-TO-OCN without petList.
20230426 111306.114 INFO             PET1     esm - Creating connector component OCN-TO-ATM without petList.
20230426 111306.119 INFO             PET1     esm - Creating state: modelComp 1 Import State
20230426 111306.119 INFO             PET1     esm - Creating state: modelComp 1 Export State
20230426 111306.119 INFO             PET1     esm - Creating state: modelComp 2 Import State
20230426 111306.119 INFO             PET1     esm - Creating state: modelComp 2 Export State
20230426 111306.120 INFO             PET1     ATM: InitializeP0 intro.
20230426 111306.121 INFO             PET1     ATM: InitializeP0 extro.
20230426 111306.121 INFO             PET1     OCN: InitializeP0 intro.
20230426 111306.122 INFO             PET1     OCN: InitializeP0 extro.
20230426 111306.124 INFO             PET1     ATM-TO-OCN: InitializeP0 intro.
20230426 111306.124 INFO             PET1     ATM-TO-OCN: InitializeP0 extro.
20230426 111306.125 INFO             PET1     OCN-TO-ATM: InitializeP0 intro.
20230426 111306.125 INFO             PET1     OCN-TO-ATM: InitializeP0 extro.
20230426 111306.127 INFO             PET1     esm: IInitAdvertise intro.
20230426 111306.127 INFO             PET1     esm: IInitAdvertise extro.
20230426 111306.127 INFO             PET1     ATM: InitializeIPDvXp01 intro.
20230426 111306.129 INFO             PET1     ATM: InitializeIPDvXp01 extro.
20230426 111306.129 INFO             PET1     OCN: InitializeIPDvXp01 intro.
20230426 111306.132 INFO             PET1     OCN: InitializeIPDvXp01 extro.
20230426 111306.133 INFO             PET1     ATM-TO-OCN: InitializeIPDv05p1 intro.
20230426 111306.137 INFO             PET1     ATM-TO-OCN: InitializeIPDv05p1 extro.
20230426 111306.137 INFO             PET1     OCN-TO-ATM: InitializeIPDv05p1 intro.
20230426 111306.140 INFO             PET1     OCN-TO-ATM: InitializeIPDv05p1 extro.
20230426 111306.140 INFO             PET1     esm: IInitAdvertiseFinish intro.
20230426 111306.140 INFO             PET1     esm: IInitAdvertiseFinish extro.
20230426 111306.140 INFO             PET1     ATM-TO-OCN: InitializeIPDv05p2a intro.
20230426 111306.143 INFO             PET1     ATM-TO-OCN: InitializeIPDv05p2a extro.
20230426 111306.143 INFO             PET1     OCN-TO-ATM: InitializeIPDv05p2a intro.
20230426 111306.145 INFO             PET1     OCN-TO-ATM: InitializeIPDv05p2a extro.
20230426 111306.145 INFO             PET1     ATM-TO-OCN: InitializeIPDv05p2b intro.
20230426 111306.148 INFO             PET1     ATM-TO-OCN: InitializeIPDv05p2b extro.
20230426 111306.149 INFO             PET1     OCN-TO-ATM: InitializeIPDv05p2b intro.
20230426 111306.151 INFO             PET1     OCN-TO-ATM: InitializeIPDv05p2b extro.
20230426 111306.151 INFO             PET1     esm: IInitModifyCplLists intro.
20230426 111306.151 INFO             PET1     esm: IInitModifyCplLists extro.
20230426 111306.151 INFO             PET1     ATM-TO-OCN: InitializeIPDv05p3 intro.
20230426 111306.155 INFO             PET1     ATM-TO-OCN: InitializeIPDv05p3 extro.
20230426 111306.155 INFO             PET1     OCN-TO-ATM: InitializeIPDv05p3 intro.
20230426 111306.157 INFO             PET1     OCN-TO-ATM: InitializeIPDv05p3 extro.
20230426 111306.157 INFO             PET1     <<<esm: leaving Initialize (phase=<none>) with current time: 2010  6  1  0  0  0   0
20230426 111306.157 INFO             PET1   esm: InitializeIPDv02p1 extro.
20230426 111306.157 INFO             PET1   esm: InitializeIPDv02p3 intro.
20230426 111306.157 INFO             PET1     >>>esm: entered Initialize (phase=<none>) with current time: 2010  6  1  0  0  0   0
20230426 111306.158 INFO             PET1     esm: IInitCheck intro.
20230426 111306.158 INFO             PET1     esm: IInitCheck extro.
20230426 111306.158 INFO             PET1     atmA: InitializeIPDvXp04 intro.
20230426 111306.162 INFO             PET1     atmA: InitializeIPDvXp04 extro.
20230426 111306.162 INFO             PET1     ocnA: InitializeIPDvXp04 intro.
20230426 111306.166 INFO             PET1     ocnA: InitializeIPDvXp04 extro.
20230426 111306.167 INFO             PET1     ATM-TO-OCN: InitializeIPDv05p4 intro.
20230426 111306.171 INFO             PET1     ATM-TO-OCN: InitializeIPDv05p4 extro.
20230426 111306.171 INFO             PET1     OCN-TO-ATM: InitializeIPDv05p4 intro.
20230426 111306.175 INFO             PET1     OCN-TO-ATM: InitializeIPDv05p4 extro.
20230426 111306.175 INFO             PET1     ATM-TO-OCN: InitializeIPDv05p5 intro.
20230426 111306.179 INFO             PET1     ATM-TO-OCN: InitializeIPDv05p5 extro.
20230426 111306.179 INFO             PET1     OCN-TO-ATM: InitializeIPDv05p5 intro.
20230426 111306.182 INFO             PET1     OCN-TO-ATM: InitializeIPDv05p5 extro.
20230426 111306.182 INFO             PET1     esm: IInitRealize intro.
20230426 111306.182 INFO             PET1     esm: IInitRealize extro.
20230426 111306.183 INFO             PET1     ATM-TO-OCN: InitializeIPDv05p6a intro.
20230426 111306.186 INFO             PET1     ATM-TO-OCN: InitializeIPDv05p6a extro.
20230426 111319.456 INFO             PET1 !!!!!!!!!!!!!!!!!!!!!!!!!!!!!!!!!!!!!!!!!!!!!!!!!!!!!!
20230426 111319.456 INFO             PET1 !!! THE ESMF_LOG IS SET TO OUTPUT ALL LOG MESSAGES !!!
20230426 111319.456 INFO             PET1 !!!     THIS MAY CAUSE SLOWDOWN IN PERFORMANCE     !!!
20230426 111319.456 INFO             PET1 !!! FOR PRODUCTION RUNS, USE:                      !!!
20230426 111319.456 INFO             PET1 !!!                   ESMF_LOGKIND_Multi_On_Error  !!!
20230426 111319.456 INFO             PET1 !!!!!!!!!!!!!!!!!!!!!!!!!!!!!!!!!!!!!!!!!!!!!!!!!!!!!!
20230426 111319.456 INFO             PET1 Running with ESMF Version   : v8.4.2
20230426 111319.456 INFO             PET1 ESMF library build date/time: "Apr 26 2023" "10:30:38"
20230426 111319.456 INFO             PET1 ESMF library build location : /glade/gust/scratch/theurich/ESMF-Nightly-Testing/nvhpc_23.1_mpi_g_v8.4.2/esmf
20230426 111319.456 INFO             PET1 ESMF_COMM                   : mpi
20230426 111319.456 INFO             PET1 ESMF_MOAB                   : enabled
20230426 111319.456 INFO             PET1 ESMF_LAPACK                 : enabled
20230426 111319.456 INFO             PET1 ESMF_NETCDF                 : enabled
20230426 111319.456 INFO             PET1 ESMF_PNETCDF                : disabled
20230426 111319.456 INFO             PET1 ESMF_PIO                    : enabled
20230426 111319.456 INFO             PET1 ESMF_YAMLCPP                : enabled
20230426 111319.456 INFO             PET1 esmApp STARTING
20230426 111319.461 INFO             PET1 esm: InitializeGeneric intro.
20230426 111319.461 INFO             PET1   esm: InitializeP0 intro.
20230426 111319.461 INFO             PET1   esm: InitializeP0 extro.
20230426 111319.462 INFO             PET1   esm: InitializeIPDv02p1 intro.
20230426 111319.462 INFO             PET1     >>>esm: entered Initialize (phase=<none>) without valid internal Clock.
20230426 111319.463 INFO             PET1     esm - Creating model component ATM without petList.
20230426 111319.466 INFO             PET1     esm - Creating model component OCN without petList.
20230426 111319.468 INFO             PET1     esm - Creating connector component ATM-TO-OCN without petList.
20230426 111319.473 INFO             PET1     esm - Creating connector component OCN-TO-ATM without petList.
20230426 111319.478 INFO             PET1     esm - Creating state: modelComp 1 Import State
20230426 111319.478 INFO             PET1     esm - Creating state: modelComp 1 Export State
20230426 111319.478 INFO             PET1     esm - Creating state: modelComp 2 Import State
20230426 111319.478 INFO             PET1     esm - Creating state: modelComp 2 Export State
20230426 111319.479 INFO             PET1     ATM: InitializeP0 intro.
20230426 111319.480 INFO             PET1     ATM: InitializeP0 extro.
20230426 111319.480 INFO             PET1     OCN: InitializeP0 intro.
20230426 111319.481 INFO             PET1     OCN: InitializeP0 extro.
20230426 111319.483 INFO             PET1     ATM-TO-OCN: InitializeP0 intro.
20230426 111319.484 INFO             PET1     ATM-TO-OCN: InitializeP0 extro.
20230426 111319.484 INFO             PET1     OCN-TO-ATM: InitializeP0 intro.
20230426 111319.485 INFO             PET1     OCN-TO-ATM: InitializeP0 extro.
20230426 111319.486 INFO             PET1     esm: IInitAdvertise intro.
20230426 111319.486 INFO             PET1     esm: IInitAdvertise extro.
20230426 111319.486 INFO             PET1     ATM: InitializeIPDvXp01 intro.
20230426 111319.489 INFO             PET1     ATM: InitializeIPDvXp01 extro.
20230426 111319.489 INFO             PET1     OCN: InitializeIPDvXp01 intro.
20230426 111319.491 INFO             PET1     OCN: InitializeIPDvXp01 extro.
20230426 111319.492 INFO             PET1     ATM-TO-OCN: InitializeIPDv05p1 intro.
20230426 111319.496 INFO             PET1     ATM-TO-OCN: InitializeIPDv05p1 extro.
20230426 111319.497 INFO             PET1     OCN-TO-ATM: InitializeIPDv05p1 intro.
20230426 111319.499 INFO             PET1     OCN-TO-ATM: InitializeIPDv05p1 extro.
20230426 111319.499 INFO             PET1     esm: IInitAdvertiseFinish intro.
20230426 111319.499 INFO             PET1     esm: IInitAdvertiseFinish extro.
20230426 111319.499 INFO             PET1     ATM-TO-OCN: InitializeIPDv05p2a intro.
20230426 111319.502 INFO             PET1     ATM-TO-OCN: InitializeIPDv05p2a extro.
20230426 111319.502 INFO             PET1     OCN-TO-ATM: InitializeIPDv05p2a intro.
20230426 111319.505 INFO             PET1     OCN-TO-ATM: InitializeIPDv05p2a extro.
20230426 111319.505 INFO             PET1     ATM-TO-OCN: InitializeIPDv05p2b intro.
20230426 111319.508 INFO             PET1     ATM-TO-OCN: InitializeIPDv05p2b extro.
20230426 111319.508 INFO             PET1     OCN-TO-ATM: InitializeIPDv05p2b intro.
20230426 111319.510 INFO             PET1     OCN-TO-ATM: InitializeIPDv05p2b extro.
20230426 111319.511 INFO             PET1     esm: IInitModifyCplLists intro.
20230426 111319.511 INFO             PET1     esm: IInitModifyCplLists extro.
20230426 111319.511 INFO             PET1     ATM-TO-OCN: InitializeIPDv05p3 intro.
20230426 111319.514 INFO             PET1     ATM-TO-OCN: InitializeIPDv05p3 extro.
20230426 111319.514 INFO             PET1     OCN-TO-ATM: InitializeIPDv05p3 intro.
20230426 111319.517 INFO             PET1     OCN-TO-ATM: InitializeIPDv05p3 extro.
20230426 111319.517 INFO             PET1     <<<esm: leaving Initialize (phase=<none>) with current time: 2010  6  1  0  0  0   0
20230426 111319.517 INFO             PET1   esm: InitializeIPDv02p1 extro.
20230426 111319.517 INFO             PET1   esm: InitializeIPDv02p3 intro.
20230426 111319.517 INFO             PET1     >>>esm: entered Initialize (phase=<none>) with current time: 2010  6  1  0  0  0   0
20230426 111319.517 INFO             PET1     esm: IInitCheck intro.
20230426 111319.517 INFO             PET1     esm: IInitCheck extro.
20230426 111319.517 INFO             PET1     atmB: InitializeIPDvXp04 intro.
20230426 111319.521 INFO             PET1     atmB: InitializeIPDvXp04 extro.
20230426 111319.522 INFO             PET1     ocnA: InitializeIPDvXp04 intro.
20230426 111319.525 INFO             PET1     ocnA: InitializeIPDvXp04 extro.
20230426 111319.527 INFO             PET1     ATM-TO-OCN: InitializeIPDv05p4 intro.
20230426 111319.531 INFO             PET1     ATM-TO-OCN: InitializeIPDv05p4 extro.
20230426 111319.531 INFO             PET1     OCN-TO-ATM: InitializeIPDv05p4 intro.
20230426 111319.534 INFO             PET1     OCN-TO-ATM: InitializeIPDv05p4 extro.
20230426 111319.535 INFO             PET1     ATM-TO-OCN: InitializeIPDv05p5 intro.
20230426 111319.539 INFO             PET1     ATM-TO-OCN: InitializeIPDv05p5 extro.
20230426 111319.539 INFO             PET1     OCN-TO-ATM: InitializeIPDv05p5 intro.
20230426 111319.542 INFO             PET1     OCN-TO-ATM: InitializeIPDv05p5 extro.
20230426 111319.543 INFO             PET1     esm: IInitRealize intro.
20230426 111319.543 INFO             PET1     esm: IInitRealize extro.
20230426 111319.543 INFO             PET1     ATM-TO-OCN: InitializeIPDv05p6a intro.
20230426 111319.547 INFO             PET1     ATM-TO-OCN: InitializeIPDv05p6a extro.
20230426 111306.097 INFO             PET2 !!!!!!!!!!!!!!!!!!!!!!!!!!!!!!!!!!!!!!!!!!!!!!!!!!!!!!
20230426 111306.097 INFO             PET2 !!! THE ESMF_LOG IS SET TO OUTPUT ALL LOG MESSAGES !!!
20230426 111306.097 INFO             PET2 !!!     THIS MAY CAUSE SLOWDOWN IN PERFORMANCE     !!!
20230426 111306.097 INFO             PET2 !!! FOR PRODUCTION RUNS, USE:                      !!!
20230426 111306.097 INFO             PET2 !!!                   ESMF_LOGKIND_Multi_On_Error  !!!
20230426 111306.097 INFO             PET2 !!!!!!!!!!!!!!!!!!!!!!!!!!!!!!!!!!!!!!!!!!!!!!!!!!!!!!
20230426 111306.097 INFO             PET2 Running with ESMF Version   : v8.4.2
20230426 111306.097 INFO             PET2 ESMF library build date/time: "Apr 26 2023" "10:30:38"
20230426 111306.097 INFO             PET2 ESMF library build location : /glade/gust/scratch/theurich/ESMF-Nightly-Testing/nvhpc_23.1_mpi_g_v8.4.2/esmf
20230426 111306.097 INFO             PET2 ESMF_COMM                   : mpi
20230426 111306.098 INFO             PET2 ESMF_MOAB                   : enabled
20230426 111306.098 INFO             PET2 ESMF_LAPACK                 : enabled
20230426 111306.098 INFO             PET2 ESMF_NETCDF                 : enabled
20230426 111306.098 INFO             PET2 ESMF_PNETCDF                : disabled
20230426 111306.098 INFO             PET2 ESMF_PIO                    : enabled
20230426 111306.098 INFO             PET2 ESMF_YAMLCPP                : enabled
20230426 111306.098 INFO             PET2 esmApp STARTING
20230426 111306.103 INFO             PET2 esm: InitializeGeneric intro.
20230426 111306.103 INFO             PET2   esm: InitializeP0 intro.
20230426 111306.103 INFO             PET2   esm: InitializeP0 extro.
20230426 111306.103 INFO             PET2   esm: InitializeIPDv02p1 intro.
20230426 111306.103 INFO             PET2     >>>esm: entered Initialize (phase=<none>) without valid internal Clock.
20230426 111306.105 INFO             PET2     esm - Creating model component ATM without petList.
20230426 111306.107 INFO             PET2     esm - Creating model component OCN without petList.
20230426 111306.110 INFO             PET2     esm - Creating connector component ATM-TO-OCN without petList.
20230426 111306.114 INFO             PET2     esm - Creating connector component OCN-TO-ATM without petList.
20230426 111306.119 INFO             PET2     esm - Creating state: modelComp 1 Import State
20230426 111306.119 INFO             PET2     esm - Creating state: modelComp 1 Export State
20230426 111306.119 INFO             PET2     esm - Creating state: modelComp 2 Import State
20230426 111306.119 INFO             PET2     esm - Creating state: modelComp 2 Export State
20230426 111306.120 INFO             PET2     ATM: InitializeP0 intro.
20230426 111306.121 INFO             PET2     ATM: InitializeP0 extro.
20230426 111306.121 INFO             PET2     OCN: InitializeP0 intro.
20230426 111306.122 INFO             PET2     OCN: InitializeP0 extro.
20230426 111306.124 INFO             PET2     ATM-TO-OCN: InitializeP0 intro.
20230426 111306.124 INFO             PET2     ATM-TO-OCN: InitializeP0 extro.
20230426 111306.125 INFO             PET2     OCN-TO-ATM: InitializeP0 intro.
20230426 111306.125 INFO             PET2     OCN-TO-ATM: InitializeP0 extro.
20230426 111306.127 INFO             PET2     esm: IInitAdvertise intro.
20230426 111306.127 INFO             PET2     esm: IInitAdvertise extro.
20230426 111306.127 INFO             PET2     ATM: InitializeIPDvXp01 intro.
20230426 111306.129 INFO             PET2     ATM: InitializeIPDvXp01 extro.
20230426 111306.129 INFO             PET2     OCN: InitializeIPDvXp01 intro.
20230426 111306.132 INFO             PET2     OCN: InitializeIPDvXp01 extro.
20230426 111306.133 INFO             PET2     ATM-TO-OCN: InitializeIPDv05p1 intro.
20230426 111306.137 INFO             PET2     ATM-TO-OCN: InitializeIPDv05p1 extro.
20230426 111306.137 INFO             PET2     OCN-TO-ATM: InitializeIPDv05p1 intro.
20230426 111306.140 INFO             PET2     OCN-TO-ATM: InitializeIPDv05p1 extro.
20230426 111306.140 INFO             PET2     esm: IInitAdvertiseFinish intro.
20230426 111306.140 INFO             PET2     esm: IInitAdvertiseFinish extro.
20230426 111306.140 INFO             PET2     ATM-TO-OCN: InitializeIPDv05p2a intro.
20230426 111306.143 INFO             PET2     ATM-TO-OCN: InitializeIPDv05p2a extro.
20230426 111306.143 INFO             PET2     OCN-TO-ATM: InitializeIPDv05p2a intro.
20230426 111306.145 INFO             PET2     OCN-TO-ATM: InitializeIPDv05p2a extro.
20230426 111306.145 INFO             PET2     ATM-TO-OCN: InitializeIPDv05p2b intro.
20230426 111306.148 INFO             PET2     ATM-TO-OCN: InitializeIPDv05p2b extro.
20230426 111306.149 INFO             PET2     OCN-TO-ATM: InitializeIPDv05p2b intro.
20230426 111306.151 INFO             PET2     OCN-TO-ATM: InitializeIPDv05p2b extro.
20230426 111306.151 INFO             PET2     esm: IInitModifyCplLists intro.
20230426 111306.151 INFO             PET2     esm: IInitModifyCplLists extro.
20230426 111306.151 INFO             PET2     ATM-TO-OCN: InitializeIPDv05p3 intro.
20230426 111306.155 INFO             PET2     ATM-TO-OCN: InitializeIPDv05p3 extro.
20230426 111306.155 INFO             PET2     OCN-TO-ATM: InitializeIPDv05p3 intro.
20230426 111306.157 INFO             PET2     OCN-TO-ATM: InitializeIPDv05p3 extro.
20230426 111306.157 INFO             PET2     <<<esm: leaving Initialize (phase=<none>) with current time: 2010  6  1  0  0  0   0
20230426 111306.157 INFO             PET2   esm: InitializeIPDv02p1 extro.
20230426 111306.157 INFO             PET2   esm: InitializeIPDv02p3 intro.
20230426 111306.157 INFO             PET2     >>>esm: entered Initialize (phase=<none>) with current time: 2010  6  1  0  0  0   0
20230426 111306.158 INFO             PET2     esm: IInitCheck intro.
20230426 111306.158 INFO             PET2     esm: IInitCheck extro.
20230426 111306.158 INFO             PET2     atmA: InitializeIPDvXp04 intro.
20230426 111306.162 INFO             PET2     atmA: InitializeIPDvXp04 extro.
20230426 111306.162 INFO             PET2     ocnA: InitializeIPDvXp04 intro.
20230426 111306.166 INFO             PET2     ocnA: InitializeIPDvXp04 extro.
20230426 111306.167 INFO             PET2     ATM-TO-OCN: InitializeIPDv05p4 intro.
20230426 111306.171 INFO             PET2     ATM-TO-OCN: InitializeIPDv05p4 extro.
20230426 111306.171 INFO             PET2     OCN-TO-ATM: InitializeIPDv05p4 intro.
20230426 111306.175 INFO             PET2     OCN-TO-ATM: InitializeIPDv05p4 extro.
20230426 111306.175 INFO             PET2     ATM-TO-OCN: InitializeIPDv05p5 intro.
20230426 111306.179 INFO             PET2     ATM-TO-OCN: InitializeIPDv05p5 extro.
20230426 111306.179 INFO             PET2     OCN-TO-ATM: InitializeIPDv05p5 intro.
20230426 111306.182 INFO             PET2     OCN-TO-ATM: InitializeIPDv05p5 extro.
20230426 111306.182 INFO             PET2     esm: IInitRealize intro.
20230426 111306.182 INFO             PET2     esm: IInitRealize extro.
20230426 111306.183 INFO             PET2     ATM-TO-OCN: InitializeIPDv05p6a intro.
20230426 111306.186 INFO             PET2     ATM-TO-OCN: InitializeIPDv05p6a extro.
20230426 111319.456 INFO             PET2 !!!!!!!!!!!!!!!!!!!!!!!!!!!!!!!!!!!!!!!!!!!!!!!!!!!!!!
20230426 111319.456 INFO             PET2 !!! THE ESMF_LOG IS SET TO OUTPUT ALL LOG MESSAGES !!!
20230426 111319.456 INFO             PET2 !!!     THIS MAY CAUSE SLOWDOWN IN PERFORMANCE     !!!
20230426 111319.456 INFO             PET2 !!! FOR PRODUCTION RUNS, USE:                      !!!
20230426 111319.456 INFO             PET2 !!!                   ESMF_LOGKIND_Multi_On_Error  !!!
20230426 111319.456 INFO             PET2 !!!!!!!!!!!!!!!!!!!!!!!!!!!!!!!!!!!!!!!!!!!!!!!!!!!!!!
20230426 111319.456 INFO             PET2 Running with ESMF Version   : v8.4.2
20230426 111319.456 INFO             PET2 ESMF library build date/time: "Apr 26 2023" "10:30:38"
20230426 111319.456 INFO             PET2 ESMF library build location : /glade/gust/scratch/theurich/ESMF-Nightly-Testing/nvhpc_23.1_mpi_g_v8.4.2/esmf
20230426 111319.456 INFO             PET2 ESMF_COMM                   : mpi
20230426 111319.456 INFO             PET2 ESMF_MOAB                   : enabled
20230426 111319.456 INFO             PET2 ESMF_LAPACK                 : enabled
20230426 111319.456 INFO             PET2 ESMF_NETCDF                 : enabled
20230426 111319.456 INFO             PET2 ESMF_PNETCDF                : disabled
20230426 111319.456 INFO             PET2 ESMF_PIO                    : enabled
20230426 111319.456 INFO             PET2 ESMF_YAMLCPP                : enabled
20230426 111319.456 INFO             PET2 esmApp STARTING
20230426 111319.461 INFO             PET2 esm: InitializeGeneric intro.
20230426 111319.461 INFO             PET2   esm: InitializeP0 intro.
20230426 111319.461 INFO             PET2   esm: InitializeP0 extro.
20230426 111319.461 INFO             PET2   esm: InitializeIPDv02p1 intro.
20230426 111319.462 INFO             PET2     >>>esm: entered Initialize (phase=<none>) without valid internal Clock.
20230426 111319.463 INFO             PET2     esm - Creating model component ATM without petList.
20230426 111319.466 INFO             PET2     esm - Creating model component OCN without petList.
20230426 111319.468 INFO             PET2     esm - Creating connector component ATM-TO-OCN without petList.
20230426 111319.473 INFO             PET2     esm - Creating connector component OCN-TO-ATM without petList.
20230426 111319.478 INFO             PET2     esm - Creating state: modelComp 1 Import State
20230426 111319.478 INFO             PET2     esm - Creating state: modelComp 1 Export State
20230426 111319.478 INFO             PET2     esm - Creating state: modelComp 2 Import State
20230426 111319.478 INFO             PET2     esm - Creating state: modelComp 2 Export State
20230426 111319.479 INFO             PET2     ATM: InitializeP0 intro.
20230426 111319.480 INFO             PET2     ATM: InitializeP0 extro.
20230426 111319.480 INFO             PET2     OCN: InitializeP0 intro.
20230426 111319.481 INFO             PET2     OCN: InitializeP0 extro.
20230426 111319.483 INFO             PET2     ATM-TO-OCN: InitializeP0 intro.
20230426 111319.483 INFO             PET2     ATM-TO-OCN: InitializeP0 extro.
20230426 111319.484 INFO             PET2     OCN-TO-ATM: InitializeP0 intro.
20230426 111319.485 INFO             PET2     OCN-TO-ATM: InitializeP0 extro.
20230426 111319.486 INFO             PET2     esm: IInitAdvertise intro.
20230426 111319.486 INFO             PET2     esm: IInitAdvertise extro.
20230426 111319.486 INFO             PET2     ATM: InitializeIPDvXp01 intro.
20230426 111319.489 INFO             PET2     ATM: InitializeIPDvXp01 extro.
20230426 111319.489 INFO             PET2     OCN: InitializeIPDvXp01 intro.
20230426 111319.491 INFO             PET2     OCN: InitializeIPDvXp01 extro.
20230426 111319.492 INFO             PET2     ATM-TO-OCN: InitializeIPDv05p1 intro.
20230426 111319.496 INFO             PET2     ATM-TO-OCN: InitializeIPDv05p1 extro.
20230426 111319.496 INFO             PET2     OCN-TO-ATM: InitializeIPDv05p1 intro.
20230426 111319.499 INFO             PET2     OCN-TO-ATM: InitializeIPDv05p1 extro.
20230426 111319.499 INFO             PET2     esm: IInitAdvertiseFinish intro.
20230426 111319.499 INFO             PET2     esm: IInitAdvertiseFinish extro.
20230426 111319.499 INFO             PET2     ATM-TO-OCN: InitializeIPDv05p2a intro.
20230426 111319.502 INFO             PET2     ATM-TO-OCN: InitializeIPDv05p2a extro.
20230426 111319.502 INFO             PET2     OCN-TO-ATM: InitializeIPDv05p2a intro.
20230426 111319.505 INFO             PET2     OCN-TO-ATM: InitializeIPDv05p2a extro.
20230426 111319.505 INFO             PET2     ATM-TO-OCN: InitializeIPDv05p2b intro.
20230426 111319.508 INFO             PET2     ATM-TO-OCN: InitializeIPDv05p2b extro.
20230426 111319.508 INFO             PET2     OCN-TO-ATM: InitializeIPDv05p2b intro.
20230426 111319.510 INFO             PET2     OCN-TO-ATM: InitializeIPDv05p2b extro.
20230426 111319.511 INFO             PET2     esm: IInitModifyCplLists intro.
20230426 111319.511 INFO             PET2     esm: IInitModifyCplLists extro.
20230426 111319.511 INFO             PET2     ATM-TO-OCN: InitializeIPDv05p3 intro.
20230426 111319.514 INFO             PET2     ATM-TO-OCN: InitializeIPDv05p3 extro.
20230426 111319.514 INFO             PET2     OCN-TO-ATM: InitializeIPDv05p3 intro.
20230426 111319.517 INFO             PET2     OCN-TO-ATM: InitializeIPDv05p3 extro.
20230426 111319.517 INFO             PET2     <<<esm: leaving Initialize (phase=<none>) with current time: 2010  6  1  0  0  0   0
20230426 111319.517 INFO             PET2   esm: InitializeIPDv02p1 extro.
20230426 111319.517 INFO             PET2   esm: InitializeIPDv02p3 intro.
20230426 111319.517 INFO             PET2     >>>esm: entered Initialize (phase=<none>) with current time: 2010  6  1  0  0  0   0
20230426 111319.517 INFO             PET2     esm: IInitCheck intro.
20230426 111319.517 INFO             PET2     esm: IInitCheck extro.
20230426 111319.517 INFO             PET2     atmB: InitializeIPDvXp04 intro.
20230426 111319.521 INFO             PET2     atmB: InitializeIPDvXp04 extro.
20230426 111319.522 INFO             PET2     ocnA: InitializeIPDvXp04 intro.
20230426 111319.525 INFO             PET2     ocnA: InitializeIPDvXp04 extro.
20230426 111319.527 INFO             PET2     ATM-TO-OCN: InitializeIPDv05p4 intro.
20230426 111319.531 INFO             PET2     ATM-TO-OCN: InitializeIPDv05p4 extro.
20230426 111319.531 INFO             PET2     OCN-TO-ATM: InitializeIPDv05p4 intro.
20230426 111319.534 INFO             PET2     OCN-TO-ATM: InitializeIPDv05p4 extro.
20230426 111319.534 INFO             PET2     ATM-TO-OCN: InitializeIPDv05p5 intro.
20230426 111319.539 INFO             PET2     ATM-TO-OCN: InitializeIPDv05p5 extro.
20230426 111319.539 INFO             PET2     OCN-TO-ATM: InitializeIPDv05p5 intro.
20230426 111319.542 INFO             PET2     OCN-TO-ATM: InitializeIPDv05p5 extro.
20230426 111319.543 INFO             PET2     esm: IInitRealize intro.
20230426 111319.543 INFO             PET2     esm: IInitRealize extro.
20230426 111319.543 INFO             PET2     ATM-TO-OCN: InitializeIPDv05p6a intro.
20230426 111319.547 INFO             PET2     ATM-TO-OCN: InitializeIPDv05p6a extro.
20230426 111306.097 INFO             PET3 !!!!!!!!!!!!!!!!!!!!!!!!!!!!!!!!!!!!!!!!!!!!!!!!!!!!!!
20230426 111306.097 INFO             PET3 !!! THE ESMF_LOG IS SET TO OUTPUT ALL LOG MESSAGES !!!
20230426 111306.097 INFO             PET3 !!!     THIS MAY CAUSE SLOWDOWN IN PERFORMANCE     !!!
20230426 111306.097 INFO             PET3 !!! FOR PRODUCTION RUNS, USE:                      !!!
20230426 111306.097 INFO             PET3 !!!                   ESMF_LOGKIND_Multi_On_Error  !!!
20230426 111306.097 INFO             PET3 !!!!!!!!!!!!!!!!!!!!!!!!!!!!!!!!!!!!!!!!!!!!!!!!!!!!!!
20230426 111306.097 INFO             PET3 Running with ESMF Version   : v8.4.2
20230426 111306.097 INFO             PET3 ESMF library build date/time: "Apr 26 2023" "10:30:38"
20230426 111306.097 INFO             PET3 ESMF library build location : /glade/gust/scratch/theurich/ESMF-Nightly-Testing/nvhpc_23.1_mpi_g_v8.4.2/esmf
20230426 111306.097 INFO             PET3 ESMF_COMM                   : mpi
20230426 111306.098 INFO             PET3 ESMF_MOAB                   : enabled
20230426 111306.098 INFO             PET3 ESMF_LAPACK                 : enabled
20230426 111306.098 INFO             PET3 ESMF_NETCDF                 : enabled
20230426 111306.098 INFO             PET3 ESMF_PNETCDF                : disabled
20230426 111306.098 INFO             PET3 ESMF_PIO                    : enabled
20230426 111306.098 INFO             PET3 ESMF_YAMLCPP                : enabled
20230426 111306.098 INFO             PET3 esmApp STARTING
20230426 111306.103 INFO             PET3 esm: InitializeGeneric intro.
20230426 111306.103 INFO             PET3   esm: InitializeP0 intro.
20230426 111306.103 INFO             PET3   esm: InitializeP0 extro.
20230426 111306.103 INFO             PET3   esm: InitializeIPDv02p1 intro.
20230426 111306.103 INFO             PET3     >>>esm: entered Initialize (phase=<none>) without valid internal Clock.
20230426 111306.105 INFO             PET3     esm - Creating model component ATM without petList.
20230426 111306.107 INFO             PET3     esm - Creating model component OCN without petList.
20230426 111306.110 INFO             PET3     esm - Creating connector component ATM-TO-OCN without petList.
20230426 111306.114 INFO             PET3     esm - Creating connector component OCN-TO-ATM without petList.
20230426 111306.119 INFO             PET3     esm - Creating state: modelComp 1 Import State
20230426 111306.119 INFO             PET3     esm - Creating state: modelComp 1 Export State
20230426 111306.119 INFO             PET3     esm - Creating state: modelComp 2 Import State
20230426 111306.119 INFO             PET3     esm - Creating state: modelComp 2 Export State
20230426 111306.120 INFO             PET3     ATM: InitializeP0 intro.
20230426 111306.121 INFO             PET3     ATM: InitializeP0 extro.
20230426 111306.121 INFO             PET3     OCN: InitializeP0 intro.
20230426 111306.122 INFO             PET3     OCN: InitializeP0 extro.
20230426 111306.124 INFO             PET3     ATM-TO-OCN: InitializeP0 intro.
20230426 111306.124 INFO             PET3     ATM-TO-OCN: InitializeP0 extro.
20230426 111306.125 INFO             PET3     OCN-TO-ATM: InitializeP0 intro.
20230426 111306.125 INFO             PET3     OCN-TO-ATM: InitializeP0 extro.
20230426 111306.127 INFO             PET3     esm: IInitAdvertise intro.
20230426 111306.127 INFO             PET3     esm: IInitAdvertise extro.
20230426 111306.127 INFO             PET3     ATM: InitializeIPDvXp01 intro.
20230426 111306.130 INFO             PET3     ATM: InitializeIPDvXp01 extro.
20230426 111306.130 INFO             PET3     OCN: InitializeIPDvXp01 intro.
20230426 111306.132 INFO             PET3     OCN: InitializeIPDvXp01 extro.
20230426 111306.133 INFO             PET3     ATM-TO-OCN: InitializeIPDv05p1 intro.
20230426 111306.137 INFO             PET3     ATM-TO-OCN: InitializeIPDv05p1 extro.
20230426 111306.137 INFO             PET3     OCN-TO-ATM: InitializeIPDv05p1 intro.
20230426 111306.140 INFO             PET3     OCN-TO-ATM: InitializeIPDv05p1 extro.
20230426 111306.140 INFO             PET3     esm: IInitAdvertiseFinish intro.
20230426 111306.140 INFO             PET3     esm: IInitAdvertiseFinish extro.
20230426 111306.140 INFO             PET3     ATM-TO-OCN: InitializeIPDv05p2a intro.
20230426 111306.143 INFO             PET3     ATM-TO-OCN: InitializeIPDv05p2a extro.
20230426 111306.143 INFO             PET3     OCN-TO-ATM: InitializeIPDv05p2a intro.
20230426 111306.145 INFO             PET3     OCN-TO-ATM: InitializeIPDv05p2a extro.
20230426 111306.145 INFO             PET3     ATM-TO-OCN: InitializeIPDv05p2b intro.
20230426 111306.148 INFO             PET3     ATM-TO-OCN: InitializeIPDv05p2b extro.
20230426 111306.149 INFO             PET3     OCN-TO-ATM: InitializeIPDv05p2b intro.
20230426 111306.151 INFO             PET3     OCN-TO-ATM: InitializeIPDv05p2b extro.
20230426 111306.151 INFO             PET3     esm: IInitModifyCplLists intro.
20230426 111306.151 INFO             PET3     esm: IInitModifyCplLists extro.
20230426 111306.151 INFO             PET3     ATM-TO-OCN: InitializeIPDv05p3 intro.
20230426 111306.155 INFO             PET3     ATM-TO-OCN: InitializeIPDv05p3 extro.
20230426 111306.155 INFO             PET3     OCN-TO-ATM: InitializeIPDv05p3 intro.
20230426 111306.157 INFO             PET3     OCN-TO-ATM: InitializeIPDv05p3 extro.
20230426 111306.157 INFO             PET3     <<<esm: leaving Initialize (phase=<none>) with current time: 2010  6  1  0  0  0   0
20230426 111306.157 INFO             PET3   esm: InitializeIPDv02p1 extro.
20230426 111306.157 INFO             PET3   esm: InitializeIPDv02p3 intro.
20230426 111306.157 INFO             PET3     >>>esm: entered Initialize (phase=<none>) with current time: 2010  6  1  0  0  0   0
20230426 111306.158 INFO             PET3     esm: IInitCheck intro.
20230426 111306.158 INFO             PET3     esm: IInitCheck extro.
20230426 111306.158 INFO             PET3     atmA: InitializeIPDvXp04 intro.
20230426 111306.162 INFO             PET3     atmA: InitializeIPDvXp04 extro.
20230426 111306.162 INFO             PET3     ocnA: InitializeIPDvXp04 intro.
20230426 111306.166 INFO             PET3     ocnA: InitializeIPDvXp04 extro.
20230426 111306.167 INFO             PET3     ATM-TO-OCN: InitializeIPDv05p4 intro.
20230426 111306.171 INFO             PET3     ATM-TO-OCN: InitializeIPDv05p4 extro.
20230426 111306.171 INFO             PET3     OCN-TO-ATM: InitializeIPDv05p4 intro.
20230426 111306.175 INFO             PET3     OCN-TO-ATM: InitializeIPDv05p4 extro.
20230426 111306.175 INFO             PET3     ATM-TO-OCN: InitializeIPDv05p5 intro.
20230426 111306.179 INFO             PET3     ATM-TO-OCN: InitializeIPDv05p5 extro.
20230426 111306.179 INFO             PET3     OCN-TO-ATM: InitializeIPDv05p5 intro.
20230426 111306.182 INFO             PET3     OCN-TO-ATM: InitializeIPDv05p5 extro.
20230426 111306.182 INFO             PET3     esm: IInitRealize intro.
20230426 111306.182 INFO             PET3     esm: IInitRealize extro.
20230426 111306.183 INFO             PET3     ATM-TO-OCN: InitializeIPDv05p6a intro.
20230426 111306.186 INFO             PET3     ATM-TO-OCN: InitializeIPDv05p6a extro.
20230426 111319.456 INFO             PET3 !!!!!!!!!!!!!!!!!!!!!!!!!!!!!!!!!!!!!!!!!!!!!!!!!!!!!!
20230426 111319.456 INFO             PET3 !!! THE ESMF_LOG IS SET TO OUTPUT ALL LOG MESSAGES !!!
20230426 111319.456 INFO             PET3 !!!     THIS MAY CAUSE SLOWDOWN IN PERFORMANCE     !!!
20230426 111319.456 INFO             PET3 !!! FOR PRODUCTION RUNS, USE:                      !!!
20230426 111319.456 INFO             PET3 !!!                   ESMF_LOGKIND_Multi_On_Error  !!!
20230426 111319.456 INFO             PET3 !!!!!!!!!!!!!!!!!!!!!!!!!!!!!!!!!!!!!!!!!!!!!!!!!!!!!!
20230426 111319.456 INFO             PET3 Running with ESMF Version   : v8.4.2
20230426 111319.456 INFO             PET3 ESMF library build date/time: "Apr 26 2023" "10:30:38"
20230426 111319.456 INFO             PET3 ESMF library build location : /glade/gust/scratch/theurich/ESMF-Nightly-Testing/nvhpc_23.1_mpi_g_v8.4.2/esmf
20230426 111319.456 INFO             PET3 ESMF_COMM                   : mpi
20230426 111319.456 INFO             PET3 ESMF_MOAB                   : enabled
20230426 111319.456 INFO             PET3 ESMF_LAPACK                 : enabled
20230426 111319.456 INFO             PET3 ESMF_NETCDF                 : enabled
20230426 111319.456 INFO             PET3 ESMF_PNETCDF                : disabled
20230426 111319.456 INFO             PET3 ESMF_PIO                    : enabled
20230426 111319.456 INFO             PET3 ESMF_YAMLCPP                : enabled
20230426 111319.456 INFO             PET3 esmApp STARTING
20230426 111319.461 INFO             PET3 esm: InitializeGeneric intro.
20230426 111319.461 INFO             PET3   esm: InitializeP0 intro.
20230426 111319.461 INFO             PET3   esm: InitializeP0 extro.
20230426 111319.461 INFO             PET3   esm: InitializeIPDv02p1 intro.
20230426 111319.462 INFO             PET3     >>>esm: entered Initialize (phase=<none>) without valid internal Clock.
20230426 111319.463 INFO             PET3     esm - Creating model component ATM without petList.
20230426 111319.466 INFO             PET3     esm - Creating model component OCN without petList.
20230426 111319.468 INFO             PET3     esm - Creating connector component ATM-TO-OCN without petList.
20230426 111319.473 INFO             PET3     esm - Creating connector component OCN-TO-ATM without petList.
20230426 111319.478 INFO             PET3     esm - Creating state: modelComp 1 Import State
20230426 111319.478 INFO             PET3     esm - Creating state: modelComp 1 Export State
20230426 111319.478 INFO             PET3     esm - Creating state: modelComp 2 Import State
20230426 111319.478 INFO             PET3     esm - Creating state: modelComp 2 Export State
20230426 111319.479 INFO             PET3     ATM: InitializeP0 intro.
20230426 111319.480 INFO             PET3     ATM: InitializeP0 extro.
20230426 111319.480 INFO             PET3     OCN: InitializeP0 intro.
20230426 111319.481 INFO             PET3     OCN: InitializeP0 extro.
20230426 111319.483 INFO             PET3     ATM-TO-OCN: InitializeP0 intro.
20230426 111319.483 INFO             PET3     ATM-TO-OCN: InitializeP0 extro.
20230426 111319.484 INFO             PET3     OCN-TO-ATM: InitializeP0 intro.
20230426 111319.485 INFO             PET3     OCN-TO-ATM: InitializeP0 extro.
20230426 111319.486 INFO             PET3     esm: IInitAdvertise intro.
20230426 111319.486 INFO             PET3     esm: IInitAdvertise extro.
20230426 111319.486 INFO             PET3     ATM: InitializeIPDvXp01 intro.
20230426 111319.489 INFO             PET3     ATM: InitializeIPDvXp01 extro.
20230426 111319.489 INFO             PET3     OCN: InitializeIPDvXp01 intro.
20230426 111319.491 INFO             PET3     OCN: InitializeIPDvXp01 extro.
20230426 111319.492 INFO             PET3     ATM-TO-OCN: InitializeIPDv05p1 intro.
20230426 111319.496 INFO             PET3     ATM-TO-OCN: InitializeIPDv05p1 extro.
20230426 111319.496 INFO             PET3     OCN-TO-ATM: InitializeIPDv05p1 intro.
20230426 111319.499 INFO             PET3     OCN-TO-ATM: InitializeIPDv05p1 extro.
20230426 111319.499 INFO             PET3     esm: IInitAdvertiseFinish intro.
20230426 111319.499 INFO             PET3     esm: IInitAdvertiseFinish extro.
20230426 111319.499 INFO             PET3     ATM-TO-OCN: InitializeIPDv05p2a intro.
20230426 111319.502 INFO             PET3     ATM-TO-OCN: InitializeIPDv05p2a extro.
20230426 111319.502 INFO             PET3     OCN-TO-ATM: InitializeIPDv05p2a intro.
20230426 111319.505 INFO             PET3     OCN-TO-ATM: InitializeIPDv05p2a extro.
20230426 111319.505 INFO             PET3     ATM-TO-OCN: InitializeIPDv05p2b intro.
20230426 111319.508 INFO             PET3     ATM-TO-OCN: InitializeIPDv05p2b extro.
20230426 111319.508 INFO             PET3     OCN-TO-ATM: InitializeIPDv05p2b intro.
20230426 111319.510 INFO             PET3     OCN-TO-ATM: InitializeIPDv05p2b extro.
20230426 111319.511 INFO             PET3     esm: IInitModifyCplLists intro.
20230426 111319.511 INFO             PET3     esm: IInitModifyCplLists extro.
20230426 111319.511 INFO             PET3     ATM-TO-OCN: InitializeIPDv05p3 intro.
20230426 111319.514 INFO             PET3     ATM-TO-OCN: InitializeIPDv05p3 extro.
20230426 111319.514 INFO             PET3     OCN-TO-ATM: InitializeIPDv05p3 intro.
20230426 111319.517 INFO             PET3     OCN-TO-ATM: InitializeIPDv05p3 extro.
20230426 111319.517 INFO             PET3     <<<esm: leaving Initialize (phase=<none>) with current time: 2010  6  1  0  0  0   0
20230426 111319.517 INFO             PET3   esm: InitializeIPDv02p1 extro.
20230426 111319.517 INFO             PET3   esm: InitializeIPDv02p3 intro.
20230426 111319.517 INFO             PET3     >>>esm: entered Initialize (phase=<none>) with current time: 2010  6  1  0  0  0   0
20230426 111319.517 INFO             PET3     esm: IInitCheck intro.
20230426 111319.517 INFO             PET3     esm: IInitCheck extro.
20230426 111319.517 INFO             PET3     atmB: InitializeIPDvXp04 intro.
20230426 111319.521 INFO             PET3     atmB: InitializeIPDvXp04 extro.
20230426 111319.522 INFO             PET3     ocnA: InitializeIPDvXp04 intro.
20230426 111319.525 INFO             PET3     ocnA: InitializeIPDvXp04 extro.
20230426 111319.527 INFO             PET3     ATM-TO-OCN: InitializeIPDv05p4 intro.
20230426 111319.531 INFO             PET3     ATM-TO-OCN: InitializeIPDv05p4 extro.
20230426 111319.531 INFO             PET3     OCN-TO-ATM: InitializeIPDv05p4 intro.
20230426 111319.534 INFO             PET3     OCN-TO-ATM: InitializeIPDv05p4 extro.
20230426 111319.535 INFO             PET3     ATM-TO-OCN: InitializeIPDv05p5 intro.
20230426 111319.539 INFO             PET3     ATM-TO-OCN: InitializeIPDv05p5 extro.
20230426 111319.539 INFO             PET3     OCN-TO-ATM: InitializeIPDv05p5 intro.
20230426 111319.542 INFO             PET3     OCN-TO-ATM: InitializeIPDv05p5 extro.
20230426 111319.543 INFO             PET3     esm: IInitRealize intro.
20230426 111319.543 INFO             PET3     esm: IInitRealize extro.
20230426 111319.543 INFO             PET3     ATM-TO-OCN: InitializeIPDv05p6a intro.
20230426 111319.547 INFO             PET3     ATM-TO-OCN: InitializeIPDv05p6a extro.
