2023-04-27 01:45:38
20230427 020628.342 INFO             PET0 !!!!!!!!!!!!!!!!!!!!!!!!!!!!!!!!!!!!!!!!!!!!!!!!!!!!!!
20230427 020628.342 INFO             PET0 !!! THE ESMF_LOG IS SET TO OUTPUT ALL LOG MESSAGES !!!
20230427 020628.342 INFO             PET0 !!!     THIS MAY CAUSE SLOWDOWN IN PERFORMANCE     !!!
20230427 020628.342 INFO             PET0 !!! FOR PRODUCTION RUNS, USE:                      !!!
20230427 020628.342 INFO             PET0 !!!                   ESMF_LOGKIND_Multi_On_Error  !!!
20230427 020628.342 INFO             PET0 !!!!!!!!!!!!!!!!!!!!!!!!!!!!!!!!!!!!!!!!!!!!!!!!!!!!!!
20230427 020628.342 INFO             PET0 Running with ESMF Version   : v8.5.0b20
20230427 020628.342 INFO             PET0 ESMF library build date/time: "Apr 27 2023" "01:44:09"
20230427 020628.342 INFO             PET0 ESMF library build location : /glade/gust/scratch/theurich/ESMF-Nightly-Testing/intel_2023.0.0_mpiuni_O_develop/esmf
20230427 020628.342 INFO             PET0 ESMF_COMM                   : mpiuni
20230427 020628.344 INFO             PET0 ESMF_MOAB                   : enabled
20230427 020628.344 INFO             PET0 ESMF_LAPACK                 : enabled
20230427 020628.344 INFO             PET0 ESMF_NETCDF                 : enabled
20230427 020628.344 INFO             PET0 ESMF_PNETCDF                : disabled
20230427 020628.344 INFO             PET0 ESMF_PIO                    : disabled
20230427 020628.344 INFO             PET0 ESMF_YAMLCPP                : enabled
20230427 020628.345 INFO             PET0  NUMBER_OF_PROCESSORS           1
20230427 020628.345 INFO             PET0  PASS  Example ESMF_DELayoutEx, ESMF_DELayoutEx.F90, line 394
20230427 020628.345 INFO             PET0 Finalizing ESMF
