2023-05-18 07:41:06
20230518 081053.796 INFO             PET0 !!!!!!!!!!!!!!!!!!!!!!!!!!!!!!!!!!!!!!!!!!!!!!!!!!!!!!
20230518 081053.797 INFO             PET0 !!! THE ESMF_LOG IS SET TO OUTPUT ALL LOG MESSAGES !!!
20230518 081053.797 INFO             PET0 !!!     THIS MAY CAUSE SLOWDOWN IN PERFORMANCE     !!!
20230518 081053.797 INFO             PET0 !!! FOR PRODUCTION RUNS, USE:                      !!!
20230518 081053.797 INFO             PET0 !!!                   ESMF_LOGKIND_Multi_On_Error  !!!
20230518 081053.797 INFO             PET0 !!!!!!!!!!!!!!!!!!!!!!!!!!!!!!!!!!!!!!!!!!!!!!!!!!!!!!
20230518 081053.797 INFO             PET0 Running with ESMF Version   : v8.5.0b21-127-g2a7bdbf3cb
20230518 081053.797 INFO             PET0 ESMF library build date/time: "May 18 2023" "07:39:43"
20230518 081053.797 INFO             PET0 ESMF library build location : /scratch2/NCEPDEV/stmp1/Gerhard.Theurich/ESMF-Nightly-Testing/intel_2023.1.0_intelmpi_g_develop/esmf
20230518 081053.797 INFO             PET0 ESMF_COMM                   : intelmpi
20230518 081053.797 INFO             PET0 ESMF_MOAB                   : enabled
20230518 081053.797 INFO             PET0 ESMF_LAPACK                 : enabled
20230518 081053.797 INFO             PET0 ESMF_NETCDF                 : enabled
20230518 081053.797 INFO             PET0 ESMF_PNETCDF                : disabled
20230518 081053.797 INFO             PET0 ESMF_PIO                    : enabled
20230518 081053.797 INFO             PET0 ESMF_YAMLCPP                : enabled
20230518 081053.845 INFO             PET0  NUMBER_OF_PROCESSORS           4
20230518 081053.845 INFO             PET0  PASS  Example ESMF_RHandleVMEpochEx, ESMF_RHandleVMEpochEx.F90, line 247
20230518 081053.845 INFO             PET0 Finalizing ESMF
20230518 081053.797 INFO             PET1 !!!!!!!!!!!!!!!!!!!!!!!!!!!!!!!!!!!!!!!!!!!!!!!!!!!!!!
20230518 081053.797 INFO             PET1 !!! THE ESMF_LOG IS SET TO OUTPUT ALL LOG MESSAGES !!!
20230518 081053.797 INFO             PET1 !!!     THIS MAY CAUSE SLOWDOWN IN PERFORMANCE     !!!
20230518 081053.797 INFO             PET1 !!! FOR PRODUCTION RUNS, USE:                      !!!
20230518 081053.797 INFO             PET1 !!!                   ESMF_LOGKIND_Multi_On_Error  !!!
20230518 081053.797 INFO             PET1 !!!!!!!!!!!!!!!!!!!!!!!!!!!!!!!!!!!!!!!!!!!!!!!!!!!!!!
20230518 081053.797 INFO             PET1 Running with ESMF Version   : v8.5.0b21-127-g2a7bdbf3cb
20230518 081053.797 INFO             PET1 ESMF library build date/time: "May 18 2023" "07:39:43"
20230518 081053.797 INFO             PET1 ESMF library build location : /scratch2/NCEPDEV/stmp1/Gerhard.Theurich/ESMF-Nightly-Testing/intel_2023.1.0_intelmpi_g_develop/esmf
20230518 081053.797 INFO             PET1 ESMF_COMM                   : intelmpi
20230518 081053.798 INFO             PET1 ESMF_MOAB                   : enabled
20230518 081053.798 INFO             PET1 ESMF_LAPACK                 : enabled
20230518 081053.798 INFO             PET1 ESMF_NETCDF                 : enabled
20230518 081053.798 INFO             PET1 ESMF_PNETCDF                : disabled
20230518 081053.798 INFO             PET1 ESMF_PIO                    : enabled
20230518 081053.798 INFO             PET1 ESMF_YAMLCPP                : enabled
20230518 081053.845 INFO             PET1  NUMBER_OF_PROCESSORS           4
20230518 081053.845 INFO             PET1  PASS  Example ESMF_RHandleVMEpochEx, ESMF_RHandleVMEpochEx.F90, line 247
20230518 081053.845 INFO             PET1 Finalizing ESMF
20230518 081053.797 INFO             PET2 !!!!!!!!!!!!!!!!!!!!!!!!!!!!!!!!!!!!!!!!!!!!!!!!!!!!!!
20230518 081053.797 INFO             PET2 !!! THE ESMF_LOG IS SET TO OUTPUT ALL LOG MESSAGES !!!
20230518 081053.797 INFO             PET2 !!!     THIS MAY CAUSE SLOWDOWN IN PERFORMANCE     !!!
20230518 081053.797 INFO             PET2 !!! FOR PRODUCTION RUNS, USE:                      !!!
20230518 081053.797 INFO             PET2 !!!                   ESMF_LOGKIND_Multi_On_Error  !!!
20230518 081053.797 INFO             PET2 !!!!!!!!!!!!!!!!!!!!!!!!!!!!!!!!!!!!!!!!!!!!!!!!!!!!!!
20230518 081053.797 INFO             PET2 Running with ESMF Version   : v8.5.0b21-127-g2a7bdbf3cb
20230518 081053.797 INFO             PET2 ESMF library build date/time: "May 18 2023" "07:39:43"
20230518 081053.797 INFO             PET2 ESMF library build location : /scratch2/NCEPDEV/stmp1/Gerhard.Theurich/ESMF-Nightly-Testing/intel_2023.1.0_intelmpi_g_develop/esmf
20230518 081053.797 INFO             PET2 ESMF_COMM                   : intelmpi
20230518 081053.798 INFO             PET2 ESMF_MOAB                   : enabled
20230518 081053.798 INFO             PET2 ESMF_LAPACK                 : enabled
20230518 081053.798 INFO             PET2 ESMF_NETCDF                 : enabled
20230518 081053.798 INFO             PET2 ESMF_PNETCDF                : disabled
20230518 081053.798 INFO             PET2 ESMF_PIO                    : enabled
20230518 081053.798 INFO             PET2 ESMF_YAMLCPP                : enabled
20230518 081053.845 INFO             PET2  NUMBER_OF_PROCESSORS           4
20230518 081053.845 INFO             PET2  PASS  Example ESMF_RHandleVMEpochEx, ESMF_RHandleVMEpochEx.F90, line 247
20230518 081053.845 INFO             PET2 Finalizing ESMF
20230518 081053.797 INFO             PET3 !!!!!!!!!!!!!!!!!!!!!!!!!!!!!!!!!!!!!!!!!!!!!!!!!!!!!!
20230518 081053.797 INFO             PET3 !!! THE ESMF_LOG IS SET TO OUTPUT ALL LOG MESSAGES !!!
20230518 081053.797 INFO             PET3 !!!     THIS MAY CAUSE SLOWDOWN IN PERFORMANCE     !!!
20230518 081053.797 INFO             PET3 !!! FOR PRODUCTION RUNS, USE:                      !!!
20230518 081053.797 INFO             PET3 !!!                   ESMF_LOGKIND_Multi_On_Error  !!!
20230518 081053.797 INFO             PET3 !!!!!!!!!!!!!!!!!!!!!!!!!!!!!!!!!!!!!!!!!!!!!!!!!!!!!!
20230518 081053.797 INFO             PET3 Running with ESMF Version   : v8.5.0b21-127-g2a7bdbf3cb
20230518 081053.797 INFO             PET3 ESMF library build date/time: "May 18 2023" "07:39:43"
20230518 081053.797 INFO             PET3 ESMF library build location : /scratch2/NCEPDEV/stmp1/Gerhard.Theurich/ESMF-Nightly-Testing/intel_2023.1.0_intelmpi_g_develop/esmf
20230518 081053.797 INFO             PET3 ESMF_COMM                   : intelmpi
20230518 081053.798 INFO             PET3 ESMF_MOAB                   : enabled
20230518 081053.798 INFO             PET3 ESMF_LAPACK                 : enabled
20230518 081053.798 INFO             PET3 ESMF_NETCDF                 : enabled
20230518 081053.798 INFO             PET3 ESMF_PNETCDF                : disabled
20230518 081053.798 INFO             PET3 ESMF_PIO                    : enabled
20230518 081053.798 INFO             PET3 ESMF_YAMLCPP                : enabled
20230518 081053.845 INFO             PET3  NUMBER_OF_PROCESSORS           4
20230518 081053.845 INFO             PET3  PASS  Example ESMF_RHandleVMEpochEx, ESMF_RHandleVMEpochEx.F90, line 247
20230518 081053.845 INFO             PET3 Finalizing ESMF
