2023-04-28 04:04:15
20230428 042825.185 INFO             PET0 !!!!!!!!!!!!!!!!!!!!!!!!!!!!!!!!!!!!!!!!!!!!!!!!!!!!!!
20230428 042825.186 INFO             PET0 !!! THE ESMF_LOG IS SET TO OUTPUT ALL LOG MESSAGES !!!
20230428 042825.186 INFO             PET0 !!!     THIS MAY CAUSE SLOWDOWN IN PERFORMANCE     !!!
20230428 042825.186 INFO             PET0 !!! FOR PRODUCTION RUNS, USE:                      !!!
20230428 042825.186 INFO             PET0 !!!                   ESMF_LOGKIND_Multi_On_Error  !!!
20230428 042825.186 INFO             PET0 !!!!!!!!!!!!!!!!!!!!!!!!!!!!!!!!!!!!!!!!!!!!!!!!!!!!!!
20230428 042825.186 INFO             PET0 Running with ESMF Version   : v8.5.0b20
20230428 042825.186 INFO             PET0 ESMF library build date/time: "Apr 28 2023" "04:02:04"
20230428 042825.186 INFO             PET0 ESMF library build location : /lfs4/HFIP/hfv3gfs/Mark.Potts/esmf-tests/gfortran_9.2.0_openmpi_O_develop/esmf
20230428 042825.186 INFO             PET0 ESMF_COMM                   : openmpi
20230428 042825.186 INFO             PET0 ESMF_MOAB                   : enabled
20230428 042825.186 INFO             PET0 ESMF_LAPACK                 : enabled
20230428 042825.186 INFO             PET0 ESMF_NETCDF                 : disabled
20230428 042825.186 INFO             PET0 ESMF_PNETCDF                : disabled
20230428 042825.186 INFO             PET0 ESMF_PIO                    : disabled
20230428 042825.186 INFO             PET0 ESMF_YAMLCPP                : enabled
20230428 042825.186 INFO             PET0  NUMBER_OF_PROCESSORS           4
20230428 042825.186 INFO             PET0  PASS  Example ESMF_VMUserMpiCommMultiEx, ESMF_VMUserMpiCommMultiEx.F90, line 126
20230428 042825.186 INFO             PET0 Finalizing ESMF
20230428 042825.185 INFO             PET0 !!!!!!!!!!!!!!!!!!!!!!!!!!!!!!!!!!!!!!!!!!!!!!!!!!!!!!
20230428 042825.185 INFO             PET0 !!! THE ESMF_LOG IS SET TO OUTPUT ALL LOG MESSAGES !!!
20230428 042825.185 INFO             PET0 !!!     THIS MAY CAUSE SLOWDOWN IN PERFORMANCE     !!!
20230428 042825.185 INFO             PET0 !!! FOR PRODUCTION RUNS, USE:                      !!!
20230428 042825.185 INFO             PET0 !!!                   ESMF_LOGKIND_Multi_On_Error  !!!
20230428 042825.185 INFO             PET0 !!!!!!!!!!!!!!!!!!!!!!!!!!!!!!!!!!!!!!!!!!!!!!!!!!!!!!
20230428 042825.185 INFO             PET0 Running with ESMF Version   : v8.5.0b20
20230428 042825.185 INFO             PET0 ESMF library build date/time: "Apr 28 2023" "04:02:04"
20230428 042825.185 INFO             PET0 ESMF library build location : /lfs4/HFIP/hfv3gfs/Mark.Potts/esmf-tests/gfortran_9.2.0_openmpi_O_develop/esmf
20230428 042825.185 INFO             PET0 ESMF_COMM                   : openmpi
20230428 042825.186 INFO             PET0 ESMF_MOAB                   : enabled
20230428 042825.186 INFO             PET0 ESMF_LAPACK                 : enabled
20230428 042825.186 INFO             PET0 ESMF_NETCDF                 : disabled
20230428 042825.186 INFO             PET0 ESMF_PNETCDF                : disabled
20230428 042825.186 INFO             PET0 ESMF_PIO                    : disabled
20230428 042825.186 INFO             PET0 ESMF_YAMLCPP                : enabled
20230428 042825.186 INFO             PET0  NUMBER_OF_PROCESSORS           4
20230428 042825.186 INFO             PET0  PASS  Example ESMF_VMUserMpiCommMultiEx, ESMF_VMUserMpiCommMultiEx.F90, line 154
20230428 042825.186 INFO             PET0 Finalizing ESMF
20230428 042825.185 INFO             PET1 !!!!!!!!!!!!!!!!!!!!!!!!!!!!!!!!!!!!!!!!!!!!!!!!!!!!!!
20230428 042825.185 INFO             PET1 !!! THE ESMF_LOG IS SET TO OUTPUT ALL LOG MESSAGES !!!
20230428 042825.185 INFO             PET1 !!!     THIS MAY CAUSE SLOWDOWN IN PERFORMANCE     !!!
20230428 042825.185 INFO             PET1 !!! FOR PRODUCTION RUNS, USE:                      !!!
20230428 042825.185 INFO             PET1 !!!                   ESMF_LOGKIND_Multi_On_Error  !!!
20230428 042825.185 INFO             PET1 !!!!!!!!!!!!!!!!!!!!!!!!!!!!!!!!!!!!!!!!!!!!!!!!!!!!!!
20230428 042825.185 INFO             PET1 Running with ESMF Version   : v8.5.0b20
20230428 042825.185 INFO             PET1 ESMF library build date/time: "Apr 28 2023" "04:02:04"
20230428 042825.185 INFO             PET1 ESMF library build location : /lfs4/HFIP/hfv3gfs/Mark.Potts/esmf-tests/gfortran_9.2.0_openmpi_O_develop/esmf
20230428 042825.185 INFO             PET1 ESMF_COMM                   : openmpi
20230428 042825.186 INFO             PET1 ESMF_MOAB                   : enabled
20230428 042825.186 INFO             PET1 ESMF_LAPACK                 : enabled
20230428 042825.186 INFO             PET1 ESMF_NETCDF                 : disabled
20230428 042825.186 INFO             PET1 ESMF_PNETCDF                : disabled
20230428 042825.186 INFO             PET1 ESMF_PIO                    : disabled
20230428 042825.186 INFO             PET1 ESMF_YAMLCPP                : enabled
20230428 042825.186 INFO             PET1  NUMBER_OF_PROCESSORS           4
20230428 042825.186 INFO             PET1  PASS  Example ESMF_VMUserMpiCommMultiEx, ESMF_VMUserMpiCommMultiEx.F90, line 126
20230428 042825.186 INFO             PET1 Finalizing ESMF
20230428 042825.184 INFO             PET1 !!!!!!!!!!!!!!!!!!!!!!!!!!!!!!!!!!!!!!!!!!!!!!!!!!!!!!
20230428 042825.184 INFO             PET1 !!! THE ESMF_LOG IS SET TO OUTPUT ALL LOG MESSAGES !!!
20230428 042825.184 INFO             PET1 !!!     THIS MAY CAUSE SLOWDOWN IN PERFORMANCE     !!!
20230428 042825.184 INFO             PET1 !!! FOR PRODUCTION RUNS, USE:                      !!!
20230428 042825.184 INFO             PET1 !!!                   ESMF_LOGKIND_Multi_On_Error  !!!
20230428 042825.184 INFO             PET1 !!!!!!!!!!!!!!!!!!!!!!!!!!!!!!!!!!!!!!!!!!!!!!!!!!!!!!
20230428 042825.184 INFO             PET1 Running with ESMF Version   : v8.5.0b20
20230428 042825.184 INFO             PET1 ESMF library build date/time: "Apr 28 2023" "04:02:04"
20230428 042825.184 INFO             PET1 ESMF library build location : /lfs4/HFIP/hfv3gfs/Mark.Potts/esmf-tests/gfortran_9.2.0_openmpi_O_develop/esmf
20230428 042825.184 INFO             PET1 ESMF_COMM                   : openmpi
20230428 042825.185 INFO             PET1 ESMF_MOAB                   : enabled
20230428 042825.185 INFO             PET1 ESMF_LAPACK                 : enabled
20230428 042825.185 INFO             PET1 ESMF_NETCDF                 : disabled
20230428 042825.185 INFO             PET1 ESMF_PNETCDF                : disabled
20230428 042825.185 INFO             PET1 ESMF_PIO                    : disabled
20230428 042825.185 INFO             PET1 ESMF_YAMLCPP                : enabled
20230428 042825.186 INFO             PET1  NUMBER_OF_PROCESSORS           4
20230428 042825.186 INFO             PET1  PASS  Example ESMF_VMUserMpiCommMultiEx, ESMF_VMUserMpiCommMultiEx.F90, line 154
20230428 042825.186 INFO             PET1 Finalizing ESMF
