2023-04-28 04:26:44
20230428 051416.744 INFO             PET0 !!!!!!!!!!!!!!!!!!!!!!!!!!!!!!!!!!!!!!!!!!!!!!!!!!!!!!
20230428 051416.744 INFO             PET0 !!! THE ESMF_LOG IS SET TO OUTPUT ALL LOG MESSAGES !!!
20230428 051416.744 INFO             PET0 !!!     THIS MAY CAUSE SLOWDOWN IN PERFORMANCE     !!!
20230428 051416.744 INFO             PET0 !!! FOR PRODUCTION RUNS, USE:                      !!!
20230428 051416.744 INFO             PET0 !!!                   ESMF_LOGKIND_Multi_On_Error  !!!
20230428 051416.744 INFO             PET0 !!!!!!!!!!!!!!!!!!!!!!!!!!!!!!!!!!!!!!!!!!!!!!!!!!!!!!
20230428 051416.744 INFO             PET0 Running with ESMF Version   : v8.5.0b20
20230428 051416.744 INFO             PET0 ESMF library build date/time: "Apr 28 2023" "04:23:46"
20230428 051416.744 INFO             PET0 ESMF library build location : /glade/scratch/theurich/ESMF-Nightly-Testing/nvhpc_22.2_mpiuni_O_develop/esmf
20230428 051416.744 INFO             PET0 ESMF_COMM                   : mpiuni
20230428 051416.744 INFO             PET0 ESMF_MOAB                   : enabled
20230428 051416.744 INFO             PET0 ESMF_LAPACK                 : enabled
20230428 051416.744 INFO             PET0 ESMF_NETCDF                 : enabled
20230428 051416.744 INFO             PET0 ESMF_PNETCDF                : disabled
20230428 051416.744 INFO             PET0 ESMF_PIO                    : disabled
20230428 051416.744 INFO             PET0 ESMF_YAMLCPP                : enabled
20230428 051416.744 INFO             PET0  NUMBER_OF_PROCESSORS            1
20230428 051416.744 INFO             PET0  PASS  Example ESMF_StateReconcileEx, ESMF_StateReconcileEx.F90, line 294
20230428 051416.744 INFO             PET0 Finalizing ESMF
