 
Installing ESMF:
 
mkdir -p /lustre/f2/dev/ncep/Gerhard.Theurich/ESMF-Nightly-Testing-C3_4/intel_2022.2.1-classic_mpi_O_develop/esmf/DEFAULTINSTALLDIR/include
cp -f /lustre/f2/dev/ncep/Gerhard.Theurich/ESMF-Nightly-Testing-C3_4/intel_2022.2.1-classic_mpi_O_develop/esmf/src/include/ESMC.h /lustre/f2/dev/ncep/Gerhard.Theurich/ESMF-Nightly-Testing-C3_4/intel_2022.2.1-classic_mpi_O_develop/esmf/DEFAULTINSTALLDIR/include
cp -f /lustre/f2/dev/ncep/Gerhard.Theurich/ESMF-Nightly-Testing-C3_4/intel_2022.2.1-classic_mpi_O_develop/esmf/src/include/ESMC_*.h /lustre/f2/dev/ncep/Gerhard.Theurich/ESMF-Nightly-Testing-C3_4/intel_2022.2.1-classic_mpi_O_develop/esmf/DEFAULTINSTALLDIR/include
cp -f /lustre/f2/dev/ncep/Gerhard.Theurich/ESMF-Nightly-Testing-C3_4/intel_2022.2.1-classic_mpi_O_develop/esmf/build_config/Unicos.intel.default/ESMC_Conf.h /lustre/f2/dev/ncep/Gerhard.Theurich/ESMF-Nightly-Testing-C3_4/intel_2022.2.1-classic_mpi_O_develop/esmf/DEFAULTINSTALLDIR/include
cp -fr /lustre/f2/dev/ncep/Gerhard.Theurich/ESMF-Nightly-Testing-C3_4/intel_2022.2.1-classic_mpi_O_develop/esmf/src/addon/ESMX /lustre/f2/dev/ncep/Gerhard.Theurich/ESMF-Nightly-Testing-C3_4/intel_2022.2.1-classic_mpi_O_develop/esmf/DEFAULTINSTALLDIR/include
mkdir -p /lustre/f2/dev/ncep/Gerhard.Theurich/ESMF-Nightly-Testing-C3_4/intel_2022.2.1-classic_mpi_O_develop/esmf/DEFAULTINSTALLDIR/mod/modO/Unicos.intel.64.mpi.default
cp -f /lustre/f2/dev/ncep/Gerhard.Theurich/ESMF-Nightly-Testing-C3_4/intel_2022.2.1-classic_mpi_O_develop/esmf/mod/modO/Unicos.intel.64.mpi.default/*.mod /lustre/f2/dev/ncep/Gerhard.Theurich/ESMF-Nightly-Testing-C3_4/intel_2022.2.1-classic_mpi_O_develop/esmf/DEFAULTINSTALLDIR/mod/modO/Unicos.intel.64.mpi.default
mkdir -p /lustre/f2/dev/ncep/Gerhard.Theurich/ESMF-Nightly-Testing-C3_4/intel_2022.2.1-classic_mpi_O_develop/esmf/DEFAULTINSTALLDIR/lib/libO/Unicos.intel.64.mpi.default
cp -f /lustre/f2/dev/ncep/Gerhard.Theurich/ESMF-Nightly-Testing-C3_4/intel_2022.2.1-classic_mpi_O_develop/esmf/lib/libO/Unicos.intel.64.mpi.default/libesmf*.* /lustre/f2/dev/ncep/Gerhard.Theurich/ESMF-Nightly-Testing-C3_4/intel_2022.2.1-classic_mpi_O_develop/esmf/DEFAULTINSTALLDIR/lib/libO/Unicos.intel.64.mpi.default
cp -f /lustre/f2/dev/ncep/Gerhard.Theurich/ESMF-Nightly-Testing-C3_4/intel_2022.2.1-classic_mpi_O_develop/esmf/lib/libO/Unicos.intel.64.mpi.default/libpioc.* /lustre/f2/dev/ncep/Gerhard.Theurich/ESMF-Nightly-Testing-C3_4/intel_2022.2.1-classic_mpi_O_develop/esmf/DEFAULTINSTALLDIR/lib/libO/Unicos.intel.64.mpi.default
make ESMF_PRELOADDIR=/lustre/f2/dev/ncep/Gerhard.Theurich/ESMF-Nightly-Testing-C3_4/intel_2022.2.1-classic_mpi_O_develop/esmf/DEFAULTINSTALLDIR/lib/libO/Unicos.intel.64.mpi.default build_preload_script
make[1]: Entering directory '/lustre/f2/dev/ncep/Gerhard.Theurich/ESMF-Nightly-Testing-C3_4/intel_2022.2.1-classic_mpi_O_develop/esmf'
chmod 755 /lustre/f2/dev/ncep/Gerhard.Theurich/ESMF-Nightly-Testing-C3_4/intel_2022.2.1-classic_mpi_O_develop/esmf/DEFAULTINSTALLDIR/lib/libO/Unicos.intel.64.mpi.default/preload.sh
make[1]: Leaving directory '/lustre/f2/dev/ncep/Gerhard.Theurich/ESMF-Nightly-Testing-C3_4/intel_2022.2.1-classic_mpi_O_develop/esmf'
ranlib /lustre/f2/dev/ncep/Gerhard.Theurich/ESMF-Nightly-Testing-C3_4/intel_2022.2.1-classic_mpi_O_develop/esmf/DEFAULTINSTALLDIR/lib/libO/Unicos.intel.64.mpi.default/libesmf*.a
make install_apps
make[1]: Entering directory '/lustre/f2/dev/ncep/Gerhard.Theurich/ESMF-Nightly-Testing-C3_4/intel_2022.2.1-classic_mpi_O_develop/esmf'
mkdir -p /lustre/f2/dev/ncep/Gerhard.Theurich/ESMF-Nightly-Testing-C3_4/intel_2022.2.1-classic_mpi_O_develop/esmf/DEFAULTINSTALLDIR/bin/binO/Unicos.intel.64.mpi.default
make build_apps ESMF_APPSDIR=/lustre/f2/dev/ncep/Gerhard.Theurich/ESMF-Nightly-Testing-C3_4/intel_2022.2.1-classic_mpi_O_develop/esmf/DEFAULTINSTALLDIR/bin/binO/Unicos.intel.64.mpi.default ESMF_LDIR=/lustre/f2/dev/ncep/Gerhard.Theurich/ESMF-Nightly-Testing-C3_4/intel_2022.2.1-classic_mpi_O_develop/esmf/DEFAULTINSTALLDIR/lib/libO/Unicos.intel.64.mpi.default ESMF_LIBDIR=/lustre/f2/dev/ncep/Gerhard.Theurich/ESMF-Nightly-Testing-C3_4/intel_2022.2.1-classic_mpi_O_develop/esmf/DEFAULTINSTALLDIR/lib/libO/Unicos.intel.64.mpi.default ESMF_MODDIR=/lustre/f2/dev/ncep/Gerhard.Theurich/ESMF-Nightly-Testing-C3_4/intel_2022.2.1-classic_mpi_O_develop/esmf/DEFAULTINSTALLDIR/mod/modO/Unicos.intel.64.mpi.default
make[2]: Entering directory '/lustre/f2/dev/ncep/Gerhard.Theurich/ESMF-Nightly-Testing-C3_4/intel_2022.2.1-classic_mpi_O_develop/esmf'
cd /lustre/f2/dev/ncep/Gerhard.Theurich/ESMF-Nightly-Testing-C3_4/intel_2022.2.1-classic_mpi_O_develop/esmf/src/apps; make ACTION=tree_build_apps tree
make[3]: Entering directory '/lustre/f2/dev/ncep/Gerhard.Theurich/ESMF-Nightly-Testing-C3_4/intel_2022.2.1-classic_mpi_O_develop/esmf/src/apps'
tree_build_apps in: /lustre/f2/dev/ncep/Gerhard.Theurich/ESMF-Nightly-Testing-C3_4/intel_2022.2.1-classic_mpi_O_develop/esmf/src/apps/ESMF_PrintInfo
make[4]: Entering directory '/lustre/f2/dev/ncep/Gerhard.Theurich/ESMF-Nightly-Testing-C3_4/intel_2022.2.1-classic_mpi_O_develop/esmf/src/apps/ESMF_PrintInfo'
make chkdir_locobj
make[5]: Entering directory '/lustre/f2/dev/ncep/Gerhard.Theurich/ESMF-Nightly-Testing-C3_4/intel_2022.2.1-classic_mpi_O_develop/esmf/src/apps/ESMF_PrintInfo'
Making directory /lustre/f2/dev/ncep/Gerhard.Theurich/ESMF-Nightly-Testing-C3_4/intel_2022.2.1-classic_mpi_O_develop/esmf/obj/objO/Unicos.intel.64.mpi.default/src/apps/ESMF_PrintInfo for apps output
make[5]: Leaving directory '/lustre/f2/dev/ncep/Gerhard.Theurich/ESMF-Nightly-Testing-C3_4/intel_2022.2.1-classic_mpi_O_develop/esmf/src/apps/ESMF_PrintInfo'
ftn -c -O -fPIC -assume realloc_lhs   -qopenmp -I/lustre/f2/dev/ncep/Gerhard.Theurich/ESMF-Nightly-Testing-C3_4/intel_2022.2.1-classic_mpi_O_develop/esmf/src/apps/ESMF_PrintInfo -I/lustre/f2/dev/ncep/Gerhard.Theurich/ESMF-Nightly-Testing-C3_4/intel_2022.2.1-classic_mpi_O_develop/esmf/build_config/Unicos.intel.default -I/lustre/f2/dev/ncep/Gerhard.Theurich/ESMF-Nightly-Testing-C3_4/intel_2022.2.1-classic_mpi_O_develop/esmf/src/Infrastructure -I/lustre/f2/dev/ncep/Gerhard.Theurich/ESMF-Nightly-Testing-C3_4/intel_2022.2.1-classic_mpi_O_develop/esmf/src/Superstructure -I/lustre/f2/dev/ncep/Gerhard.Theurich/ESMF-Nightly-Testing-C3_4/intel_2022.2.1-classic_mpi_O_develop/esmf/DEFAULTINSTALLDIR/mod/modO/Unicos.intel.64.mpi.default -I/lustre/f2/dev/ncep/Gerhard.Theurich/ESMF-Nightly-Testing-C3_4/intel_2022.2.1-classic_mpi_O_develop/esmf/src/include -I/opt/cray/pe/netcdf/4.8.1.3/intel/19.1/include -I/opt/cray/pe/netcdf/4.8.1.3/intel/19.1/include  -DESMF_NO_INTEGER_1_BYTE -DESMF_NO_INTEGER_2_BYTE -DESMF_MOAB=1 -DESMF_LAPACK=1 -DESMF_LAPACK_INTERNAL=1 -DESMF_NO_ACC_SOFTWARE_STACK=1 -DESMF_NETCDF=1 -DESMF_YAMLCPP=1 -DESMF_YAML=1 -DESMF_PIO=1 -DESMF_NO_OPENACC -DESMF_TESTEXHAUSTIVE -DESMF_BOPT_O -DESMF_TESTCOMPTUNNEL -DESMF_TESTWITHTHREADS -DS64=1 -DESMF_OS_Unicos=1 -DESMF_COMM=mpi -DESMF_DIR=/lustre/f2/dev/ncep/Gerhard.Theurich/ESMF-Nightly-Testing-C3_4/intel_2022.2.1-classic_mpi_O_develop/esmf ESMF_PrintInfo.F90 -o /lustre/f2/dev/ncep/Gerhard.Theurich/ESMF-Nightly-Testing-C3_4/intel_2022.2.1-classic_mpi_O_develop/esmf/obj/objO/Unicos.intel.64.mpi.default/src/apps/ESMF_PrintInfo/ESMF_PrintInfo.o
make chkdir_apps
make[5]: Entering directory '/lustre/f2/dev/ncep/Gerhard.Theurich/ESMF-Nightly-Testing-C3_4/intel_2022.2.1-classic_mpi_O_develop/esmf/src/apps/ESMF_PrintInfo'
make[5]: Leaving directory '/lustre/f2/dev/ncep/Gerhard.Theurich/ESMF-Nightly-Testing-C3_4/intel_2022.2.1-classic_mpi_O_develop/esmf/src/apps/ESMF_PrintInfo'
ftn -dynamic    -cxxlib -Wl,--no-as-needed  -qopenmp -L/lustre/f2/dev/ncep/Gerhard.Theurich/ESMF-Nightly-Testing-C3_4/intel_2022.2.1-classic_mpi_O_develop/esmf/DEFAULTINSTALLDIR/lib/libO/Unicos.intel.64.mpi.default -L/opt/cray/pe/netcdf/4.8.1.3/gnu/8.2/lib  -Wl,-rpath,/lustre/f2/dev/ncep/Gerhard.Theurich/ESMF-Nightly-Testing-C3_4/intel_2022.2.1-classic_mpi_O_develop/esmf/DEFAULTINSTALLDIR/lib/libO/Unicos.intel.64.mpi.default -Wl,-rpath,/opt/cray/pe/netcdf/4.8.1.3/gnu/8.2/lib  -o /lustre/f2/dev/ncep/Gerhard.Theurich/ESMF-Nightly-Testing-C3_4/intel_2022.2.1-classic_mpi_O_develop/esmf/DEFAULTINSTALLDIR/bin/binO/Unicos.intel.64.mpi.default/ESMF_PrintInfo /lustre/f2/dev/ncep/Gerhard.Theurich/ESMF-Nightly-Testing-C3_4/intel_2022.2.1-classic_mpi_O_develop/esmf/obj/objO/Unicos.intel.64.mpi.default/src/apps/ESMF_PrintInfo/ESMF_PrintInfo.o -lesmf   -lrt -ldl -lnetcdff -lnetcdf -lpioc
/usr/lib64/gcc/x86_64-suse-linux/7/../../../../x86_64-suse-linux/bin/ld: warning: libgfortran.so.5, needed by /opt/cray/pe/netcdf/4.8.1.3/gnu/8.2/lib/libnetcdff.so, not found (try using -rpath or -rpath-link)
/usr/lib64/gcc/x86_64-suse-linux/7/../../../../x86_64-suse-linux/bin/ld: /lustre/f2/dev/ncep/Gerhard.Theurich/ESMF-Nightly-Testing-C3_4/intel_2022.2.1-classic_mpi_O_develop/esmf/DEFAULTINSTALLDIR/lib/libO/Unicos.intel.64.mpi.default/libesmf.so: undefined reference to `netcdf_mp_nf90_inquire_attribute_'
/usr/lib64/gcc/x86_64-suse-linux/7/../../../../x86_64-suse-linux/bin/ld: /lustre/f2/dev/ncep/Gerhard.Theurich/ESMF-Nightly-Testing-C3_4/intel_2022.2.1-classic_mpi_O_develop/esmf/DEFAULTINSTALLDIR/lib/libO/Unicos.intel.64.mpi.default/libesmf.so: undefined reference to `netcdf_mp_nf90_get_var_3d_fourbytereal_'
/usr/lib64/gcc/x86_64-suse-linux/7/../../../../x86_64-suse-linux/bin/ld: /lustre/f2/dev/ncep/Gerhard.Theurich/ESMF-Nightly-Testing-C3_4/intel_2022.2.1-classic_mpi_O_develop/esmf/DEFAULTINSTALLDIR/lib/libO/Unicos.intel.64.mpi.default/libesmf.so: undefined reference to `netcdf_mp_nf90_def_dim_'
/usr/lib64/gcc/x86_64-suse-linux/7/../../../../x86_64-suse-linux/bin/ld: /opt/cray/pe/netcdf/4.8.1.3/gnu/8.2/lib/libnetcdff.so: undefined reference to `_gfortran_concat_string@GFORTRAN_8'
/usr/lib64/gcc/x86_64-suse-linux/7/../../../../x86_64-suse-linux/bin/ld: /opt/cray/pe/netcdf/4.8.1.3/gnu/8.2/lib/libnetcdff.so: undefined reference to `_gfortran_runtime_error_at@GFORTRAN_8'
/usr/lib64/gcc/x86_64-suse-linux/7/../../../../x86_64-suse-linux/bin/ld: /lustre/f2/dev/ncep/Gerhard.Theurich/ESMF-Nightly-Testing-C3_4/intel_2022.2.1-classic_mpi_O_develop/esmf/DEFAULTINSTALLDIR/lib/libO/Unicos.intel.64.mpi.default/libesmf.so: undefined reference to `netcdf_mp_nf90_redef_'
/usr/lib64/gcc/x86_64-suse-linux/7/../../../../x86_64-suse-linux/bin/ld: /lustre/f2/dev/ncep/Gerhard.Theurich/ESMF-Nightly-Testing-C3_4/intel_2022.2.1-classic_mpi_O_develop/esmf/DEFAULTINSTALLDIR/lib/libO/Unicos.intel.64.mpi.default/libesmf.so: undefined reference to `netcdf_mp_nf90_put_var_3d_fourbytereal_'
/usr/lib64/gcc/x86_64-suse-linux/7/../../../../x86_64-suse-linux/bin/ld: /opt/cray/pe/netcdf/4.8.1.3/gnu/8.2/lib/libnetcdff.so: undefined reference to `_gfortran_os_error@GFORTRAN_8'
/usr/lib64/gcc/x86_64-suse-linux/7/../../../../x86_64-suse-linux/bin/ld: /lustre/f2/dev/ncep/Gerhard.Theurich/ESMF-Nightly-Testing-C3_4/intel_2022.2.1-classic_mpi_O_develop/esmf/DEFAULTINSTALLDIR/lib/libO/Unicos.intel.64.mpi.default/libesmf.so: undefined reference to `netcdf_mp_nf90_inq_dimid_'
/usr/lib64/gcc/x86_64-suse-linux/7/../../../../x86_64-suse-linux/bin/ld: /lustre/f2/dev/ncep/Gerhard.Theurich/ESMF-Nightly-Testing-C3_4/intel_2022.2.1-classic_mpi_O_develop/esmf/DEFAULTINSTALLDIR/lib/libO/Unicos.intel.64.mpi.default/libesmf.so: undefined reference to `netcdf_mp_nf90_get_var_text_'
/usr/lib64/gcc/x86_64-suse-linux/7/../../../../x86_64-suse-linux/bin/ld: /lustre/f2/dev/ncep/Gerhard.Theurich/ESMF-Nightly-Testing-C3_4/intel_2022.2.1-classic_mpi_O_develop/esmf/DEFAULTINSTALLDIR/lib/libO/Unicos.intel.64.mpi.default/libesmf.so: undefined reference to `netcdf_mp_nf90_create_'
/usr/lib64/gcc/x86_64-suse-linux/7/../../../../x86_64-suse-linux/bin/ld: /lustre/f2/dev/ncep/Gerhard.Theurich/ESMF-Nightly-Testing-C3_4/intel_2022.2.1-classic_mpi_O_develop/esmf/DEFAULTINSTALLDIR/lib/libO/Unicos.intel.64.mpi.default/libesmf.so: undefined reference to `netcdf_mp_nf90_inquire_'
/usr/lib64/gcc/x86_64-suse-linux/7/../../../../x86_64-suse-linux/bin/ld: /lustre/f2/dev/ncep/Gerhard.Theurich/ESMF-Nightly-Testing-C3_4/intel_2022.2.1-classic_mpi_O_develop/esmf/DEFAULTINSTALLDIR/lib/libO/Unicos.intel.64.mpi.default/libesmf.so: undefined reference to `netcdf_mp_nf90_put_att_text_'
/usr/lib64/gcc/x86_64-suse-linux/7/../../../../x86_64-suse-linux/bin/ld: /lustre/f2/dev/ncep/Gerhard.Theurich/ESMF-Nightly-Testing-C3_4/intel_2022.2.1-classic_mpi_O_develop/esmf/DEFAULTINSTALLDIR/lib/libO/Unicos.intel.64.mpi.default/libesmf.so: undefined reference to `netcdf_mp_nf90_strerror_'
/usr/lib64/gcc/x86_64-suse-linux/7/../../../../x86_64-suse-linux/bin/ld: /lustre/f2/dev/ncep/Gerhard.Theurich/ESMF-Nightly-Testing-C3_4/intel_2022.2.1-classic_mpi_O_develop/esmf/DEFAULTINSTALLDIR/lib/libO/Unicos.intel.64.mpi.default/libesmf.so: undefined reference to `netcdf_mp_nf90_copy_att_'
/usr/lib64/gcc/x86_64-suse-linux/7/../../../../x86_64-suse-linux/bin/ld: /lustre/f2/dev/ncep/Gerhard.Theurich/ESMF-Nightly-Testing-C3_4/intel_2022.2.1-classic_mpi_O_develop/esmf/DEFAULTINSTALLDIR/lib/libO/Unicos.intel.64.mpi.default/libesmf.so: undefined reference to `netcdf_mp_nf90_get_att_text_'
/usr/lib64/gcc/x86_64-suse-linux/7/../../../../x86_64-suse-linux/bin/ld: /lustre/f2/dev/ncep/Gerhard.Theurich/ESMF-Nightly-Testing-C3_4/intel_2022.2.1-classic_mpi_O_develop/esmf/DEFAULTINSTALLDIR/lib/libO/Unicos.intel.64.mpi.default/libesmf.so: undefined reference to `netcdf_mp_nf90_get_var_2d_text_'
/usr/lib64/gcc/x86_64-suse-linux/7/../../../../x86_64-suse-linux/bin/ld: /lustre/f2/dev/ncep/Gerhard.Theurich/ESMF-Nightly-Testing-C3_4/intel_2022.2.1-classic_mpi_O_develop/esmf/DEFAULTINSTALLDIR/lib/libO/Unicos.intel.64.mpi.default/libesmf.so: undefined reference to `netcdf_mp_nf90_put_var_3d_eightbytereal_'
/usr/lib64/gcc/x86_64-suse-linux/7/../../../../x86_64-suse-linux/bin/ld: /opt/cray/pe/netcdf/4.8.1.3/gnu/8.2/lib/libnetcdff.so: undefined reference to `_gfortran_string_scan@GFORTRAN_8'
/usr/lib64/gcc/x86_64-suse-linux/7/../../../../x86_64-suse-linux/bin/ld: /opt/cray/pe/netcdf/4.8.1.3/gnu/8.2/lib/libnetcdff.so: undefined reference to `_gfortran_size0@GFORTRAN_8'
/usr/lib64/gcc/x86_64-suse-linux/7/../../../../x86_64-suse-linux/bin/ld: /lustre/f2/dev/ncep/Gerhard.Theurich/ESMF-Nightly-Testing-C3_4/intel_2022.2.1-classic_mpi_O_develop/esmf/DEFAULTINSTALLDIR/lib/libO/Unicos.intel.64.mpi.default/libesmf.so: undefined reference to `netcdf_mp_nf90_inq_attname_'
/usr/lib64/gcc/x86_64-suse-linux/7/../../../../x86_64-suse-linux/bin/ld: /lustre/f2/dev/ncep/Gerhard.Theurich/ESMF-Nightly-Testing-C3_4/intel_2022.2.1-classic_mpi_O_develop/esmf/DEFAULTINSTALLDIR/lib/libO/Unicos.intel.64.mpi.default/libesmf.so: undefined reference to `netcdf_mp_nf90_inquire_variable_'
/usr/lib64/gcc/x86_64-suse-linux/7/../../../../x86_64-suse-linux/bin/ld: /lustre/f2/dev/ncep/Gerhard.Theurich/ESMF-Nightly-Testing-C3_4/intel_2022.2.1-classic_mpi_O_develop/esmf/DEFAULTINSTALLDIR/lib/libO/Unicos.intel.64.mpi.default/libesmf.so: undefined reference to `netcdf_mp_nf90_put_var_2d_fourbytereal_'
/usr/lib64/gcc/x86_64-suse-linux/7/../../../../x86_64-suse-linux/bin/ld: /lustre/f2/dev/ncep/Gerhard.Theurich/ESMF-Nightly-Testing-C3_4/intel_2022.2.1-classic_mpi_O_develop/esmf/DEFAULTINSTALLDIR/lib/libO/Unicos.intel.64.mpi.default/libesmf.so: undefined reference to `netcdf_mp_nf90_inquire_dimension_'
/usr/lib64/gcc/x86_64-suse-linux/7/../../../../x86_64-suse-linux/bin/ld: /lustre/f2/dev/ncep/Gerhard.Theurich/ESMF-Nightly-Testing-C3_4/intel_2022.2.1-classic_mpi_O_develop/esmf/DEFAULTINSTALLDIR/lib/libO/Unicos.intel.64.mpi.default/libesmf.so: undefined reference to `netcdf_mp_nf90_get_var_4d_eightbytereal_'
/usr/lib64/gcc/x86_64-suse-linux/7/../../../../x86_64-suse-linux/bin/ld: /lustre/f2/dev/ncep/Gerhard.Theurich/ESMF-Nightly-Testing-C3_4/intel_2022.2.1-classic_mpi_O_develop/esmf/DEFAULTINSTALLDIR/lib/libO/Unicos.intel.64.mpi.default/libesmf.so: undefined reference to `netcdf_mp_nf90_put_var_4d_fourbyteint_'
/usr/lib64/gcc/x86_64-suse-linux/7/../../../../x86_64-suse-linux/bin/ld: /lustre/f2/dev/ncep/Gerhard.Theurich/ESMF-Nightly-Testing-C3_4/intel_2022.2.1-classic_mpi_O_develop/esmf/DEFAULTINSTALLDIR/lib/libO/Unicos.intel.64.mpi.default/libesmf.so: undefined reference to `netcdf_mp_nf90_put_var_1d_eightbytereal_'
/usr/lib64/gcc/x86_64-suse-linux/7/../../../../x86_64-suse-linux/bin/ld: /lustre/f2/dev/ncep/Gerhard.Theurich/ESMF-Nightly-Testing-C3_4/intel_2022.2.1-classic_mpi_O_develop/esmf/DEFAULTINSTALLDIR/lib/libO/Unicos.intel.64.mpi.default/libesmf.so: undefined reference to `netcdf_mp_nf90_put_var_4d_fourbytereal_'
/usr/lib64/gcc/x86_64-suse-linux/7/../../../../x86_64-suse-linux/bin/ld: /lustre/f2/dev/ncep/Gerhard.Theurich/ESMF-Nightly-Testing-C3_4/intel_2022.2.1-classic_mpi_O_develop/esmf/DEFAULTINSTALLDIR/lib/libO/Unicos.intel.64.mpi.default/libesmf.so: undefined reference to `netcdf_mp_nf90_get_var_3d_eightbyteint_'
/usr/lib64/gcc/x86_64-suse-linux/7/../../../../x86_64-suse-linux/bin/ld: /lustre/f2/dev/ncep/Gerhard.Theurich/ESMF-Nightly-Testing-C3_4/intel_2022.2.1-classic_mpi_O_develop/esmf/DEFAULTINSTALLDIR/lib/libO/Unicos.intel.64.mpi.default/libesmf.so: undefined reference to `netcdf_mp_nf90_get_var_1d_eightbytereal_'
/usr/lib64/gcc/x86_64-suse-linux/7/../../../../x86_64-suse-linux/bin/ld: /lustre/f2/dev/ncep/Gerhard.Theurich/ESMF-Nightly-Testing-C3_4/intel_2022.2.1-classic_mpi_O_develop/esmf/DEFAULTINSTALLDIR/lib/libO/Unicos.intel.64.mpi.default/libesmf.so: undefined reference to `netcdf_mp_nf90_get_var_2d_eightbyteint_'
/usr/lib64/gcc/x86_64-suse-linux/7/../../../../x86_64-suse-linux/bin/ld: /opt/cray/pe/netcdf/4.8.1.3/gnu/8.2/lib/libnetcdff.so: undefined reference to `_gfortran_internal_pack@GFORTRAN_8'
/usr/lib64/gcc/x86_64-suse-linux/7/../../../../x86_64-suse-linux/bin/ld: /lustre/f2/dev/ncep/Gerhard.Theurich/ESMF-Nightly-Testing-C3_4/intel_2022.2.1-classic_mpi_O_develop/esmf/DEFAULTINSTALLDIR/lib/libO/Unicos.intel.64.mpi.default/libesmf.so: undefined reference to `netcdf_mp_nf90_put_var_3d_fourbyteint_'
/usr/lib64/gcc/x86_64-suse-linux/7/../../../../x86_64-suse-linux/bin/ld: /lustre/f2/dev/ncep/Gerhard.Theurich/ESMF-Nightly-Testing-C3_4/intel_2022.2.1-classic_mpi_O_develop/esmf/DEFAULTINSTALLDIR/lib/libO/Unicos.intel.64.mpi.default/libesmf.so: undefined reference to `netcdf_mp_nf90_put_var_2d_eightbytereal_'
/usr/lib64/gcc/x86_64-suse-linux/7/../../../../x86_64-suse-linux/bin/ld: /lustre/f2/dev/ncep/Gerhard.Theurich/ESMF-Nightly-Testing-C3_4/intel_2022.2.1-classic_mpi_O_develop/esmf/DEFAULTINSTALLDIR/lib/libO/Unicos.intel.64.mpi.default/libesmf.so: undefined reference to `netcdf_mp_nf90_put_var_1d_eightbyteint_'
/usr/lib64/gcc/x86_64-suse-linux/7/../../../../x86_64-suse-linux/bin/ld: /lustre/f2/dev/ncep/Gerhard.Theurich/ESMF-Nightly-Testing-C3_4/intel_2022.2.1-classic_mpi_O_develop/esmf/DEFAULTINSTALLDIR/lib/libO/Unicos.intel.64.mpi.default/libesmf.so: undefined reference to `netcdf_mp_nf90_put_var_1d_fourbytereal_'
/usr/lib64/gcc/x86_64-suse-linux/7/../../../../x86_64-suse-linux/bin/ld: /lustre/f2/dev/ncep/Gerhard.Theurich/ESMF-Nightly-Testing-C3_4/intel_2022.2.1-classic_mpi_O_develop/esmf/DEFAULTINSTALLDIR/lib/libO/Unicos.intel.64.mpi.default/libesmf.so: undefined reference to `netcdf_mp_nf90_get_var_4d_eightbyteint_'
/usr/lib64/gcc/x86_64-suse-linux/7/../../../../x86_64-suse-linux/bin/ld: /lustre/f2/dev/ncep/Gerhard.Theurich/ESMF-Nightly-Testing-C3_4/intel_2022.2.1-classic_mpi_O_develop/esmf/DEFAULTINSTALLDIR/lib/libO/Unicos.intel.64.mpi.default/libesmf.so: undefined reference to `netcdf_mp_nf90_put_var_4d_eightbyteint_'
/usr/lib64/gcc/x86_64-suse-linux/7/../../../../x86_64-suse-linux/bin/ld: /opt/cray/pe/netcdf/4.8.1.3/gnu/8.2/lib/libnetcdff.so: undefined reference to `_gfortran_reshape_8@GFORTRAN_8'
/usr/lib64/gcc/x86_64-suse-linux/7/../../../../x86_64-suse-linux/bin/ld: /lustre/f2/dev/ncep/Gerhard.Theurich/ESMF-Nightly-Testing-C3_4/intel_2022.2.1-classic_mpi_O_develop/esmf/DEFAULTINSTALLDIR/lib/libO/Unicos.intel.64.mpi.default/libesmf.so: undefined reference to `netcdf_mp_nf90_get_var_2d_fourbyteint_'
/usr/lib64/gcc/x86_64-suse-linux/7/../../../../x86_64-suse-linux/bin/ld: /lustre/f2/dev/ncep/Gerhard.Theurich/ESMF-Nightly-Testing-C3_4/intel_2022.2.1-classic_mpi_O_develop/esmf/DEFAULTINSTALLDIR/lib/libO/Unicos.intel.64.mpi.default/libesmf.so: undefined reference to `netcdf_mp_nf90_get_var_1d_fourbyteint_'
/usr/lib64/gcc/x86_64-suse-linux/7/../../../../x86_64-suse-linux/bin/ld: /opt/cray/pe/netcdf/4.8.1.3/gnu/8.2/lib/libnetcdff.so: undefined reference to `_gfortran_string_len_trim@GFORTRAN_8'
/usr/lib64/gcc/x86_64-suse-linux/7/../../../../x86_64-suse-linux/bin/ld: /lustre/f2/dev/ncep/Gerhard.Theurich/ESMF-Nightly-Testing-C3_4/intel_2022.2.1-classic_mpi_O_develop/esmf/DEFAULTINSTALLDIR/lib/libO/Unicos.intel.64.mpi.default/libesmf.so: undefined reference to `netcdf_mp_nf90_get_var_1d_onebyteint_'
/usr/lib64/gcc/x86_64-suse-linux/7/../../../../x86_64-suse-linux/bin/ld: /lustre/f2/dev/ncep/Gerhard.Theurich/ESMF-Nightly-Testing-C3_4/intel_2022.2.1-classic_mpi_O_develop/esmf/DEFAULTINSTALLDIR/lib/libO/Unicos.intel.64.mpi.default/libesmf.so: undefined reference to `netcdf_mp_nf90_get_var_1d_eightbyteint_'
/usr/lib64/gcc/x86_64-suse-linux/7/../../../../x86_64-suse-linux/bin/ld: /lustre/f2/dev/ncep/Gerhard.Theurich/ESMF-Nightly-Testing-C3_4/intel_2022.2.1-classic_mpi_O_develop/esmf/DEFAULTINSTALLDIR/lib/libO/Unicos.intel.64.mpi.default/libesmf.so: undefined reference to `netcdf_mp_nf90_put_var_1d_fourbyteint_'
/usr/lib64/gcc/x86_64-suse-linux/7/../../../../x86_64-suse-linux/bin/ld: /opt/cray/pe/netcdf/4.8.1.3/gnu/8.2/lib/libnetcdff.so: undefined reference to `_gfortran_runtime_error@GFORTRAN_8'
/usr/lib64/gcc/x86_64-suse-linux/7/../../../../x86_64-suse-linux/bin/ld: /lustre/f2/dev/ncep/Gerhard.Theurich/ESMF-Nightly-Testing-C3_4/intel_2022.2.1-classic_mpi_O_develop/esmf/DEFAULTINSTALLDIR/lib/libO/Unicos.intel.64.mpi.default/libesmf.so: undefined reference to `netcdf_mp_nf90_open_'
/usr/lib64/gcc/x86_64-suse-linux/7/../../../../x86_64-suse-linux/bin/ld: /lustre/f2/dev/ncep/Gerhard.Theurich/ESMF-Nightly-Testing-C3_4/intel_2022.2.1-classic_mpi_O_develop/esmf/DEFAULTINSTALLDIR/lib/libO/Unicos.intel.64.mpi.default/libesmf.so: undefined reference to `netcdf_mp_nf90_put_var_2d_fourbyteint_'
/usr/lib64/gcc/x86_64-suse-linux/7/../../../../x86_64-suse-linux/bin/ld: /lustre/f2/dev/ncep/Gerhard.Theurich/ESMF-Nightly-Testing-C3_4/intel_2022.2.1-classic_mpi_O_develop/esmf/DEFAULTINSTALLDIR/lib/libO/Unicos.intel.64.mpi.default/libesmf.so: undefined reference to `netcdf_mp_nf90_get_var_2d_eightbytereal_'
/usr/lib64/gcc/x86_64-suse-linux/7/../../../../x86_64-suse-linux/bin/ld: /lustre/f2/dev/ncep/Gerhard.Theurich/ESMF-Nightly-Testing-C3_4/intel_2022.2.1-classic_mpi_O_develop/esmf/DEFAULTINSTALLDIR/lib/libO/Unicos.intel.64.mpi.default/libesmf.so: undefined reference to `netcdf_mp_nf90_get_var_4d_fourbyteint_'
/usr/lib64/gcc/x86_64-suse-linux/7/../../../../x86_64-suse-linux/bin/ld: /lustre/f2/dev/ncep/Gerhard.Theurich/ESMF-Nightly-Testing-C3_4/intel_2022.2.1-classic_mpi_O_develop/esmf/DEFAULTINSTALLDIR/lib/libO/Unicos.intel.64.mpi.default/libesmf.so: undefined reference to `netcdf_mp_nf90_put_var_3d_eightbyteint_'
/usr/lib64/gcc/x86_64-suse-linux/7/../../../../x86_64-suse-linux/bin/ld: /lustre/f2/dev/ncep/Gerhard.Theurich/ESMF-Nightly-Testing-C3_4/intel_2022.2.1-classic_mpi_O_develop/esmf/DEFAULTINSTALLDIR/lib/libO/Unicos.intel.64.mpi.default/libesmf.so: undefined reference to `netcdf_mp_nf90_get_att_one_eightbytereal_'
/usr/lib64/gcc/x86_64-suse-linux/7/../../../../x86_64-suse-linux/bin/ld: /lustre/f2/dev/ncep/Gerhard.Theurich/ESMF-Nightly-Testing-C3_4/intel_2022.2.1-classic_mpi_O_develop/esmf/DEFAULTINSTALLDIR/lib/libO/Unicos.intel.64.mpi.default/libesmf.so: undefined reference to `netcdf_mp_nf90_close_'
/usr/lib64/gcc/x86_64-suse-linux/7/../../../../x86_64-suse-linux/bin/ld: /lustre/f2/dev/ncep/Gerhard.Theurich/ESMF-Nightly-Testing-C3_4/intel_2022.2.1-classic_mpi_O_develop/esmf/DEFAULTINSTALLDIR/lib/libO/Unicos.intel.64.mpi.default/libesmf.so: undefined reference to `netcdf_mp_nf90_get_var_1d_fourbytereal_'
/usr/lib64/gcc/x86_64-suse-linux/7/../../../../x86_64-suse-linux/bin/ld: /opt/cray/pe/netcdf/4.8.1.3/gnu/8.2/lib/libnetcdff.so: undefined reference to `_gfortran_reshape_4@GFORTRAN_8'
/usr/lib64/gcc/x86_64-suse-linux/7/../../../../x86_64-suse-linux/bin/ld: /lustre/f2/dev/ncep/Gerhard.Theurich/ESMF-Nightly-Testing-C3_4/intel_2022.2.1-classic_mpi_O_develop/esmf/DEFAULTINSTALLDIR/lib/libO/Unicos.intel.64.mpi.default/libesmf.so: undefined reference to `netcdf_mp_nf90_put_var_2d_eightbyteint_'
/usr/lib64/gcc/x86_64-suse-linux/7/../../../../x86_64-suse-linux/bin/ld: /lustre/f2/dev/ncep/Gerhard.Theurich/ESMF-Nightly-Testing-C3_4/intel_2022.2.1-classic_mpi_O_develop/esmf/DEFAULTINSTALLDIR/lib/libO/Unicos.intel.64.mpi.default/libesmf.so: undefined reference to `netcdf_mp_nf90_get_var_2d_fourbytereal_'
/usr/lib64/gcc/x86_64-suse-linux/7/../../../../x86_64-suse-linux/bin/ld: /opt/cray/pe/netcdf/4.8.1.3/gnu/8.2/lib/libnetcdff.so: undefined reference to `_gfortran_internal_unpack@GFORTRAN_8'
/usr/lib64/gcc/x86_64-suse-linux/7/../../../../x86_64-suse-linux/bin/ld: /lustre/f2/dev/ncep/Gerhard.Theurich/ESMF-Nightly-Testing-C3_4/intel_2022.2.1-classic_mpi_O_develop/esmf/DEFAULTINSTALLDIR/lib/libO/Unicos.intel.64.mpi.default/libesmf.so: undefined reference to `netcdf_mp_nf90_get_var_3d_fourbyteint_'
/usr/lib64/gcc/x86_64-suse-linux/7/../../../../x86_64-suse-linux/bin/ld: /lustre/f2/dev/ncep/Gerhard.Theurich/ESMF-Nightly-Testing-C3_4/intel_2022.2.1-classic_mpi_O_develop/esmf/DEFAULTINSTALLDIR/lib/libO/Unicos.intel.64.mpi.default/libesmf.so: undefined reference to `netcdf_mp_nf90_get_att_one_fourbyteint_'
/usr/lib64/gcc/x86_64-suse-linux/7/../../../../x86_64-suse-linux/bin/ld: /lustre/f2/dev/ncep/Gerhard.Theurich/ESMF-Nightly-Testing-C3_4/intel_2022.2.1-classic_mpi_O_develop/esmf/DEFAULTINSTALLDIR/lib/libO/Unicos.intel.64.mpi.default/libesmf.so: undefined reference to `netcdf_mp_nf90_def_var_manydims_'
/usr/lib64/gcc/x86_64-suse-linux/7/../../../../x86_64-suse-linux/bin/ld: /lustre/f2/dev/ncep/Gerhard.Theurich/ESMF-Nightly-Testing-C3_4/intel_2022.2.1-classic_mpi_O_develop/esmf/DEFAULTINSTALLDIR/lib/libO/Unicos.intel.64.mpi.default/libesmf.so: undefined reference to `netcdf_mp_nf90_get_var_3d_eightbytereal_'
/usr/lib64/gcc/x86_64-suse-linux/7/../../../../x86_64-suse-linux/bin/ld: /lustre/f2/dev/ncep/Gerhard.Theurich/ESMF-Nightly-Testing-C3_4/intel_2022.2.1-classic_mpi_O_develop/esmf/DEFAULTINSTALLDIR/lib/libO/Unicos.intel.64.mpi.default/libesmf.so: undefined reference to `netcdf_mp_nf90_put_var_4d_eightbytereal_'
/usr/lib64/gcc/x86_64-suse-linux/7/../../../../x86_64-suse-linux/bin/ld: /lustre/f2/dev/ncep/Gerhard.Theurich/ESMF-Nightly-Testing-C3_4/intel_2022.2.1-classic_mpi_O_develop/esmf/DEFAULTINSTALLDIR/lib/libO/Unicos.intel.64.mpi.default/libesmf.so: undefined reference to `netcdf_mp_nf90_get_var_4d_fourbytereal_'
/usr/lib64/gcc/x86_64-suse-linux/7/../../../../x86_64-suse-linux/bin/ld: /lustre/f2/dev/ncep/Gerhard.Theurich/ESMF-Nightly-Testing-C3_4/intel_2022.2.1-classic_mpi_O_develop/esmf/DEFAULTINSTALLDIR/lib/libO/Unicos.intel.64.mpi.default/libesmf.so: undefined reference to `netcdf_mp_nf90_inq_varid_'
/usr/lib64/gcc/x86_64-suse-linux/7/../../../../x86_64-suse-linux/bin/ld: /opt/cray/pe/netcdf/4.8.1.3/gnu/8.2/lib/libnetcdff.so: undefined reference to `_gfortran_shape_4@GFORTRAN_8'
/usr/lib64/gcc/x86_64-suse-linux/7/../../../../x86_64-suse-linux/bin/ld: /opt/cray/pe/netcdf/4.8.1.3/gnu/8.2/lib/libnetcdff.so: undefined reference to `_gfortran_string_trim@GFORTRAN_8'
/usr/lib64/gcc/x86_64-suse-linux/7/../../../../x86_64-suse-linux/bin/ld: /lustre/f2/dev/ncep/Gerhard.Theurich/ESMF-Nightly-Testing-C3_4/intel_2022.2.1-classic_mpi_O_develop/esmf/DEFAULTINSTALLDIR/lib/libO/Unicos.intel.64.mpi.default/libesmf.so: undefined reference to `netcdf_mp_nf90_enddef_'
make[4]: *** [/lustre/f2/dev/ncep/Gerhard.Theurich/ESMF-Nightly-Testing-C3_4/intel_2022.2.1-classic_mpi_O_develop/esmf/build/common.mk:2584: /lustre/f2/dev/ncep/Gerhard.Theurich/ESMF-Nightly-Testing-C3_4/intel_2022.2.1-classic_mpi_O_develop/esmf/DEFAULTINSTALLDIR/bin/binO/Unicos.intel.64.mpi.default/ESMF_PrintInfo] Error 1
make[4]: Leaving directory '/lustre/f2/dev/ncep/Gerhard.Theurich/ESMF-Nightly-Testing-C3_4/intel_2022.2.1-classic_mpi_O_develop/esmf/src/apps/ESMF_PrintInfo'
make[3]: *** [/lustre/f2/dev/ncep/Gerhard.Theurich/ESMF-Nightly-Testing-C3_4/intel_2022.2.1-classic_mpi_O_develop/esmf/build/common.mk:3817: tree] Error 1
make[3]: Leaving directory '/lustre/f2/dev/ncep/Gerhard.Theurich/ESMF-Nightly-Testing-C3_4/intel_2022.2.1-classic_mpi_O_develop/esmf/src/apps'
make[2]: *** [/lustre/f2/dev/ncep/Gerhard.Theurich/ESMF-Nightly-Testing-C3_4/intel_2022.2.1-classic_mpi_O_develop/esmf/build/common.mk:2563: build_apps] Error 2
make[2]: Leaving directory '/lustre/f2/dev/ncep/Gerhard.Theurich/ESMF-Nightly-Testing-C3_4/intel_2022.2.1-classic_mpi_O_develop/esmf'
make[1]: *** [makefile:714: install_apps] Error 2
make[1]: Leaving directory '/lustre/f2/dev/ncep/Gerhard.Theurich/ESMF-Nightly-Testing-C3_4/intel_2022.2.1-classic_mpi_O_develop/esmf'
make: *** [makefile:754: install] Error 2
