2023-06-13 01:08:47
20230613 014438.704 INFO             PET0 !!!!!!!!!!!!!!!!!!!!!!!!!!!!!!!!!!!!!!!!!!!!!!!!!!!!!!
20230613 014438.705 INFO             PET0 !!! THE ESMF_LOG IS SET TO OUTPUT ALL LOG MESSAGES !!!
20230613 014438.705 INFO             PET0 !!!     THIS MAY CAUSE SLOWDOWN IN PERFORMANCE     !!!
20230613 014438.705 INFO             PET0 !!! FOR PRODUCTION RUNS, USE:                      !!!
20230613 014438.705 INFO             PET0 !!!                   ESMF_LOGKIND_Multi_On_Error  !!!
20230613 014438.705 INFO             PET0 !!!!!!!!!!!!!!!!!!!!!!!!!!!!!!!!!!!!!!!!!!!!!!!!!!!!!!
20230613 014438.705 INFO             PET0 Running with ESMF Version   : v8.5.0b23-10-gc36088c160
20230613 014438.705 INFO             PET0 ESMF library build date/time: "Jun 13 2023" "01:07:03"
20230613 014438.705 INFO             PET0 ESMF library build location : /project/esmf/theurich/ESMF-Nightly-Testing/gfortran_8.2.0_mpiuni_g_feature_bopt_g_flags/esmf
20230613 014438.705 INFO             PET0 ESMF_COMM                   : mpiuni
20230613 014438.705 INFO             PET0 ESMF_MOAB                   : enabled
20230613 014438.705 INFO             PET0 ESMF_LAPACK                 : enabled
20230613 014438.705 INFO             PET0 ESMF_NETCDF                 : enabled
20230613 014438.705 INFO             PET0 ESMF_PNETCDF                : disabled
20230613 014438.705 INFO             PET0 ESMF_PIO                    : disabled
20230613 014438.705 INFO             PET0 ESMF_YAMLCPP                : enabled
20230613 014438.713 INFO             PET0 AsString: 1
20230613 014438.713 INFO             PET0 asOkay:  T valueI4:          1
20230613 014438.713 INFO             PET0 asOkay:  T valueI8:          1
20230613 014438.713 INFO             PET0 asOkay:  T valueR4:   1.000000
20230613 014438.713 INFO             PET0 asOkay:  T valueR8:   1.000000
20230613 014438.713 INFO             PET0 asOkay:  F valueL:           F
20230613 014438.713 INFO             PET0 AsString: 2
20230613 014438.713 INFO             PET0 asOkay:  T valueI4:          2
20230613 014438.713 INFO             PET0 asOkay:  T valueI8:          2
20230613 014438.713 INFO             PET0 asOkay:  T valueR4:   2.000000
20230613 014438.713 INFO             PET0 asOkay:  T valueR8:   2.000000
20230613 014438.713 INFO             PET0 asOkay:  F valueL:           F
20230613 014438.713 INFO             PET0 AsString: 3
20230613 014438.713 INFO             PET0 asOkay:  T valueI4:          3
20230613 014438.713 INFO             PET0 asOkay:  T valueI8:          3
20230613 014438.714 INFO             PET0 asOkay:  T valueR4:   3.000000
20230613 014438.714 INFO             PET0 asOkay:  T valueR8:   3.000000
20230613 014438.714 INFO             PET0 asOkay:  F valueL:           F
20230613 014438.714 INFO             PET0 AsString: abc
20230613 014438.714 INFO             PET0 asOkay:  F valueI4:          0
20230613 014438.714 INFO             PET0 asOkay:  F valueI8:          0
20230613 014438.714 INFO             PET0 asOkay:  F valueR4:   0.000000
20230613 014438.714 INFO             PET0 asOkay:  F valueR8:   0.000000
20230613 014438.714 INFO             PET0 asOkay:  F valueL:           F
20230613 014438.714 INFO             PET0 AsString: b
20230613 014438.714 INFO             PET0 asOkay:  F valueI4:          0
20230613 014438.714 INFO             PET0 asOkay:  F valueI8:          0
20230613 014438.714 INFO             PET0 asOkay:  F valueR4:   0.000000
20230613 014438.714 INFO             PET0 asOkay:  F valueR8:   0.000000
20230613 014438.714 INFO             PET0 asOkay:  F valueL:           F
20230613 014438.714 INFO             PET0 AsString: TRUE
20230613 014438.714 INFO             PET0 asOkay:  F valueI4:          0
20230613 014438.714 INFO             PET0 asOkay:  F valueI8:          0
20230613 014438.714 INFO             PET0 asOkay:  F valueR4:   0.000000
20230613 014438.714 INFO             PET0 asOkay:  F valueR8:   0.000000
20230613 014438.714 INFO             PET0 asOkay:  T valueL:           T
20230613 014438.714 INFO             PET0 AsString: TRUE
20230613 014438.714 INFO             PET0 asOkay:  F valueI4:          0
20230613 014438.714 INFO             PET0 asOkay:  F valueI8:          0
20230613 014438.715 INFO             PET0 asOkay:  F valueR4:   0.000000
20230613 014438.715 INFO             PET0 asOkay:  F valueR8:   0.000000
20230613 014438.715 INFO             PET0 asOkay:  T valueL:           T
20230613 014438.715 INFO             PET0 AsString: b
20230613 014438.715 INFO             PET0 asOkay:  F valueI4:          0
20230613 014438.715 INFO             PET0 asOkay:  F valueI8:          0
20230613 014438.715 INFO             PET0 asOkay:  F valueR4:   0.000000
20230613 014438.715 INFO             PET0 asOkay:  F valueR8:   0.000000
20230613 014438.715 INFO             PET0 asOkay:  F valueL:           F
20230613 014438.715 INFO             PET0 AsString: abc
20230613 014438.715 INFO             PET0 asOkay:  F valueI4:          0
20230613 014438.715 INFO             PET0 asOkay:  F valueI8:          0
20230613 014438.715 INFO             PET0 asOkay:  F valueR4:   0.000000
20230613 014438.715 INFO             PET0 asOkay:  F valueR8:   0.000000
20230613 014438.715 INFO             PET0 asOkay:  F valueL:           F
20230613 014438.715 INFO             PET0 AsString: 3
20230613 014438.715 INFO             PET0 asOkay:  T valueI4:          3
20230613 014438.715 INFO             PET0 asOkay:  T valueI8:          3
20230613 014438.715 INFO             PET0 asOkay:  T valueR4:   3.000000
20230613 014438.715 INFO             PET0 asOkay:  T valueR8:   3.000000
20230613 014438.715 INFO             PET0 asOkay:  F valueL:           F
20230613 014438.716 INFO             PET0 AsString: 2
20230613 014438.716 INFO             PET0 asOkay:  T valueI4:          2
20230613 014438.716 INFO             PET0 asOkay:  T valueI8:          2
20230613 014438.716 INFO             PET0 asOkay:  T valueR4:   2.000000
20230613 014438.716 INFO             PET0 asOkay:  T valueR8:   2.000000
20230613 014438.716 INFO             PET0 asOkay:  F valueL:           F
20230613 014438.716 INFO             PET0 AsString: 1
20230613 014438.716 INFO             PET0 asOkay:  T valueI4:          1
20230613 014438.716 INFO             PET0 asOkay:  T valueI8:          1
20230613 014438.716 INFO             PET0 asOkay:  T valueR4:   1.000000
20230613 014438.716 INFO             PET0 asOkay:  T valueR8:   1.000000
20230613 014438.716 INFO             PET0 asOkay:  F valueL:           F
20230613 014438.717 INFO             PET0 map key=car map value: AsString: red
20230613 014438.717 INFO             PET0 map key=       car map value: asOkay:  F valueI4:          0
20230613 014438.717 INFO             PET0 map key=       car map value: asOkay:  F valueI8:          0
20230613 014438.717 INFO             PET0 map key=       car map value: asOkay:  F valueR4:   0.000000
20230613 014438.718 INFO             PET0 map key=       car map value: asOkay:  F valueR8:   0.000000
20230613 014438.718 INFO             PET0 map key=       car map value: asOkay:  F valueL:          F
20230613 014438.718 INFO             PET0 map key=bike map value: AsString: 22
20230613 014438.718 INFO             PET0 map key=      bike map value: asOkay:  T valueI4:         22
20230613 014438.718 INFO             PET0 map key=      bike map value: asOkay:  T valueI8:         22
20230613 014438.718 INFO             PET0 map key=      bike map value: asOkay:  T valueR4:  22.000000
20230613 014438.718 INFO             PET0 map key=      bike map value: asOkay:  T valueR8:  22.000000
20230613 014438.718 INFO             PET0 map key=      bike map value: asOkay:  F valueL:          F
20230613 014438.718 INFO             PET0 map key=plane map value: AsString: TRUE
20230613 014438.718 INFO             PET0 map key=     plane map value: asOkay:  F valueI4:          0
20230613 014438.718 INFO             PET0 map key=     plane map value: asOkay:  F valueI8:          0
20230613 014438.718 INFO             PET0 map key=     plane map value: asOkay:  F valueR4:   0.000000
20230613 014438.718 INFO             PET0 map key=     plane map value: asOkay:  F valueR8:   0.000000
20230613 014438.718 INFO             PET0 map key=     plane map value: asOkay:  T valueL:          T
20230613 014438.719 INFO             PET0 map key=bike map value: AsString: 22
20230613 014438.719 INFO             PET0 map key=      bike map value: asOkay:  T valueI4:         22
20230613 014438.720 INFO             PET0 map key=      bike map value: asOkay:  T valueI8:         22
20230613 014438.720 INFO             PET0 map key=      bike map value: asOkay:  T valueR4:  22.000000
20230613 014438.720 INFO             PET0 map key=      bike map value: asOkay:  T valueR8:  22.000000
20230613 014438.721 INFO             PET0 map key=      bike map value: asOkay:  F valueL:          F
20230613 014438.721 INFO             PET0 map key=plane map value: AsString: TRUE
20230613 014438.721 INFO             PET0 map key=     plane map value: asOkay:  F valueI4:          0
20230613 014438.722 INFO             PET0 map key=     plane map value: asOkay:  F valueI8:          0
20230613 014438.722 INFO             PET0 map key=     plane map value: asOkay:  F valueR4:   0.000000
20230613 014438.722 INFO             PET0 map key=     plane map value: asOkay:  F valueR8:   0.000000
20230613 014438.723 INFO             PET0 map key=     plane map value: asOkay:  T valueL:          T
20230613 014438.723 INFO             PET0 map key=car map value: AsString: red
20230613 014438.723 INFO             PET0 map key=       car map value: asOkay:  F valueI4:          0
20230613 014438.724 INFO             PET0 map key=       car map value: asOkay:  F valueI8:          0
20230613 014438.724 INFO             PET0 map key=       car map value: asOkay:  F valueR4:   0.000000
20230613 014438.724 INFO             PET0 map key=       car map value: asOkay:  F valueR8:   0.000000
20230613 014438.725 INFO             PET0 map key=       car map value: asOkay:  F valueL:          F
20230613 014438.730 INFO             PET0 HConfig from Config IsDefined:  T
20230613 014438.730 INFO             PET0 HConfig from Config IsNull:  F
20230613 014438.730 INFO             PET0 HConfig from Config IsSequence:  F
20230613 014438.730 INFO             PET0 HConfig from Config IsMap:  T
20230613 014438.748 INFO             PET0 Empty HConfig tag:               tag:yaml.org,2002:null
20230613 014438.753 INFO             PET0 value_ten HConfig tag:          tag:yaml.org,2002:null
20230613 014438.753 INFO             PET0 value_eleven HConfig tag:          tag:yaml.org,2002:null
20230613 014438.753 INFO             PET0 Top level HConfig tag:          tag:yaml.org,2002:map
20230613 014438.753 INFO             PET0 value_two HConfig tag:           tag:yaml.org,2002:seq
20230613 014438.753 INFO             PET0 first key HConfig tag:           tag:yaml.org,2002:str
20230613 014438.753 INFO             PET0 value_three HConfig tag:           tag:yaml.org,2002:int
20230613 014438.754 INFO             PET0 value_nine HConfig tag:           tag:yaml.org,2002:int
20230613 014438.754 INFO             PET0 value_five HConfig tag:           tag:yaml.org,2002:float
20230613 014438.754 INFO             PET0 value_seven HConfig tag:            tag:yaml.org,2002:bool
20230613 014438.755 INFO             PET0 value_four HConfig tag:           tag:yaml.org,2002:float
20230613 014438.755 INFO             PET0 value_six HConfig tag:             tag:yaml.org,2002:str
20230613 014438.755 INFO             PET0 value_eight HConfig tag:             tag:yaml.org,2002:str
20230613 014438.755 INFO             PET0 value_twelve HConfig tag:                          !myStuff
20230613 014438.796 INFO             PET0 docCount:        3
20230613 014438.804 INFO             PET0 valueI4Seq:        1       2       3
20230613 014438.804 INFO             PET0 asOkay for Logical:  F
20230613 014438.804 INFO             PET0 asOkay for String:  T
20230613 014438.804 INFO             PET0 valueSSeq: 1         2         3
20230613 014438.813 INFO             PET0  NUMBER_OF_PROCESSORS           1
20230613 014438.813 INFO             PET0  PASS  Example ESMF_HConfigEx, ESMF_HConfigEx.F90, line 1802
20230613 014438.813 INFO             PET0 Finalizing ESMF
