2023-04-29 07:38:17
20230429 080035.699 INFO             PET0 !!!!!!!!!!!!!!!!!!!!!!!!!!!!!!!!!!!!!!!!!!!!!!!!!!!!!!
20230429 080035.699 INFO             PET0 !!! THE ESMF_LOG IS SET TO OUTPUT ALL LOG MESSAGES !!!
20230429 080035.699 INFO             PET0 !!!     THIS MAY CAUSE SLOWDOWN IN PERFORMANCE     !!!
20230429 080035.699 INFO             PET0 !!! FOR PRODUCTION RUNS, USE:                      !!!
20230429 080035.699 INFO             PET0 !!!                   ESMF_LOGKIND_Multi_On_Error  !!!
20230429 080035.699 INFO             PET0 !!!!!!!!!!!!!!!!!!!!!!!!!!!!!!!!!!!!!!!!!!!!!!!!!!!!!!
20230429 080035.699 INFO             PET0 Running with ESMF Version   : v8.5.0b20
20230429 080035.699 INFO             PET0 ESMF library build date/time: "Apr 29 2023" "07:36:36"
20230429 080035.699 INFO             PET0 ESMF library build location : /scratch2/NCEPDEV/stmp1/Gerhard.Theurich/ESMF-Nightly-Testing/intel_18.0.5a_mpiuni_O_develop/esmf
20230429 080035.699 INFO             PET0 ESMF_COMM                   : mpiuni
20230429 080035.700 INFO             PET0 ESMF_MOAB                   : enabled
20230429 080035.700 INFO             PET0 ESMF_LAPACK                 : enabled
20230429 080035.700 INFO             PET0 ESMF_NETCDF                 : enabled
20230429 080035.700 INFO             PET0 ESMF_PNETCDF                : disabled
20230429 080035.700 INFO             PET0 ESMF_PIO                    : disabled
20230429 080035.700 INFO             PET0 ESMF_YAMLCPP                : enabled
20230429 080035.724 DEBUG            PET0 about to destroy Grid: 0x1859360
20230429 080035.727 DEBUG            PET0 about to destroy Grid: 0x185b040
20230429 080035.734 INFO             PET0  NUMBER_OF_PROCESSORS           1
20230429 080035.734 INFO             PET0  PASS  Example ESMF_NUOPCAtmModelEx, ESMF_NUOPCAtmModelEx.F90, line 806
20230429 080035.734 INFO             PET0 Finalizing ESMF
