2023-05-12 04:54:26
20230512 064031.897 INFO             PET0 !!!!!!!!!!!!!!!!!!!!!!!!!!!!!!!!!!!!!!!!!!!!!!!!!!!!!!
20230512 064031.897 INFO             PET0 !!! THE ESMF_LOG IS SET TO OUTPUT ALL LOG MESSAGES !!!
20230512 064031.897 INFO             PET0 !!!     THIS MAY CAUSE SLOWDOWN IN PERFORMANCE     !!!
20230512 064031.897 INFO             PET0 !!! FOR PRODUCTION RUNS, USE:                      !!!
20230512 064031.897 INFO             PET0 !!!                   ESMF_LOGKIND_Multi_On_Error  !!!
20230512 064031.897 INFO             PET0 !!!!!!!!!!!!!!!!!!!!!!!!!!!!!!!!!!!!!!!!!!!!!!!!!!!!!!
20230512 064031.897 INFO             PET0 Running with ESMF Version   : v8.5.0b18-9-g15f3b88d4b
20230512 064031.897 INFO             PET0 ESMF library build date/time: "May 12 2023" "04:51:13"
20230512 064031.897 INFO             PET0 ESMF library build location : /glade/scratch/theurich/ESMF-Nightly-Testing/nvhpc_22.2_mpt_g_feature_fill_nan/esmf
20230512 064031.897 INFO             PET0 ESMF_COMM                   : mpt
20230512 064031.897 INFO             PET0 ESMF_MOAB                   : enabled
20230512 064031.897 INFO             PET0 ESMF_LAPACK                 : enabled
20230512 064031.897 INFO             PET0 ESMF_NETCDF                 : enabled
20230512 064031.897 INFO             PET0 ESMF_PNETCDF                : disabled
20230512 064031.897 INFO             PET0 ESMF_PIO                    : enabled
20230512 064031.897 INFO             PET0 ESMF_YAMLCPP                : enabled
20230512 064031.898 INFO             PET0 esmApp STARTING
20230512 064031.904 INFO             PET0 esm: InitializeGeneric intro.
20230512 064031.905 INFO             PET0   esm: InitializeP0 intro.
20230512 064031.905 INFO             PET0   esm: InitializeP0 extro.
20230512 064031.905 INFO             PET0   esm: InitializeIPDv02p1 intro.
20230512 064031.905 INFO             PET0     >>>esm: entered Initialize (phase=<none>) without valid internal Clock.
20230512 064031.905 INFO             PET0     esm - Creating model component ATM without petList.
20230512 064031.909 INFO             PET0     esm - Creating model component OCN without petList.
20230512 064031.912 INFO             PET0     esm - Creating connector component ATM-TO-OCN without petList.
20230512 064031.920 INFO             PET0     esm - Creating connector component OCN-TO-ATM without petList.
20230512 064031.927 INFO             PET0     esm - Creating state: modelComp 1 Import State
20230512 064031.927 INFO             PET0     esm - Creating state: modelComp 1 Export State
20230512 064031.928 INFO             PET0     esm - Creating state: modelComp 2 Import State
20230512 064031.928 INFO             PET0     esm - Creating state: modelComp 2 Export State
20230512 064031.929 INFO             PET0     ATM: InitializeP0 intro.
20230512 064031.929 INFO             PET0       >>>ATM: entered Initialize (phase=<none>) without valid internal Clock.
20230512 064031.931 INFO             PET0       <<<ATM: leaving Initialize (phase=<none>) without valid internal Clock.
20230512 064031.931 INFO             PET0     ATM: InitializeP0 extro.
20230512 064031.931 INFO             PET0     OCN: InitializeP0 intro.
20230512 064031.931 INFO             PET0       >>>OCN: entered Initialize (phase=<none>) without valid internal Clock.
20230512 064031.933 INFO             PET0       <<<OCN: leaving Initialize (phase=<none>) without valid internal Clock.
20230512 064031.933 INFO             PET0     OCN: InitializeP0 extro.
20230512 064031.936 INFO             PET0     ATM-TO-OCN: InitializeP0 intro.
20230512 064031.936 INFO             PET0     ATM-TO-OCN: InitializeP0 extro.
20230512 064031.937 INFO             PET0     OCN-TO-ATM: InitializeP0 intro.
20230512 064031.938 INFO             PET0     OCN-TO-ATM: InitializeP0 extro.
20230512 064031.940 INFO             PET0     esm: IInitAdvertise intro.
20230512 064031.940 INFO             PET0     esm: IInitAdvertise extro.
20230512 064031.940 INFO             PET0     ATM: InitializeIPDvXp01 intro.
20230512 064031.940 INFO             PET0       >>>ATM: entered Initialize (phase=IPDvXp01) without valid internal Clock.
20230512 064031.945 INFO             PET0       <<<ATM: leaving Initialize (phase=IPDvXp01) without valid internal Clock.
20230512 064031.945 INFO             PET0     ATM: InitializeIPDvXp01 extro.
20230512 064031.945 INFO             PET0     OCN: InitializeIPDvXp01 intro.
20230512 064031.945 INFO             PET0       >>>OCN: entered Initialize (phase=IPDvXp01) without valid internal Clock.
20230512 064031.948 INFO             PET0       <<<OCN: leaving Initialize (phase=IPDvXp01) without valid internal Clock.
20230512 064031.948 INFO             PET0     OCN: InitializeIPDvXp01 extro.
20230512 064031.950 INFO             PET0     ATM-TO-OCN: InitializeIPDv05p1 intro.
20230512 064031.956 INFO             PET0       ATM-TO-OCN: importState FieldTransferPolicy = transferNone
20230512 064031.956 INFO             PET0       ATM-TO-OCN: exportState FieldTransferPolicy = transferNone
20230512 064031.956 INFO             PET0     ATM-TO-OCN: InitializeIPDv05p1 extro.
20230512 064031.957 INFO             PET0     OCN-TO-ATM: InitializeIPDv05p1 intro.
20230512 064031.960 INFO             PET0       OCN-TO-ATM: importState FieldTransferPolicy = transferNone
20230512 064031.960 INFO             PET0       OCN-TO-ATM: exportState FieldTransferPolicy = transferNone
20230512 064031.960 INFO             PET0     OCN-TO-ATM: InitializeIPDv05p1 extro.
20230512 064031.960 INFO             PET0     esm: IInitAdvertiseFinish intro.
20230512 064031.960 INFO             PET0     esm: IInitAdvertiseFinish extro.
20230512 064031.960 INFO             PET0     ATM-TO-OCN: InitializeIPDv05p2a intro.
20230512 064031.964 INFO             PET0       ATM-TO-OCN:      importStandardNameList(i=  1): air_pressure_at_sea_level
20230512 064031.964 INFO             PET0       ATM-TO-OCN:         importNamespaceList(i=  1): ATM
20230512 064031.964 INFO             PET0       ATM-TO-OCN:            importCplSetList(i=  1): __UNSPECIFIED__
20230512 064031.964 INFO             PET0       ATM-TO-OCN:      exportStandardNameList(j=  1): air_pressure_at_sea_level
20230512 064031.964 INFO             PET0       ATM-TO-OCN:         exportNamespaceList(j=  1): OCN
20230512 064031.964 INFO             PET0       ATM-TO-OCN:            exportCplSetList(j=  1): __UNSPECIFIED__
20230512 064031.964 INFO             PET0       ATM-TO-OCN: bondLevel= 1
20230512 064031.964 INFO             PET0       ATM-TO-OCN: ProducerConnection (bondLevelMax):         1
20230512 064031.964 INFO             PET0       ATM-TO-OCN:      importStandardNameList(i=  2): surface_net_downward_shortwave_flux
20230512 064031.964 INFO             PET0       ATM-TO-OCN:         importNamespaceList(i=  2): ATM
20230512 064031.964 INFO             PET0       ATM-TO-OCN:            importCplSetList(i=  2): __UNSPECIFIED__
20230512 064031.964 INFO             PET0       ATM-TO-OCN:      exportStandardNameList(j=  2): surface_net_downward_shortwave_flux
20230512 064031.964 INFO             PET0       ATM-TO-OCN:         exportNamespaceList(j=  2): OCN
20230512 064031.964 INFO             PET0       ATM-TO-OCN:            exportCplSetList(j=  2): __UNSPECIFIED__
20230512 064031.964 INFO             PET0       ATM-TO-OCN: bondLevel= 1
20230512 064031.964 INFO             PET0       ATM-TO-OCN: ProducerConnection (bondLevelMax):         1
20230512 064031.964 INFO             PET0     ATM-TO-OCN: InitializeIPDv05p2a extro.
20230512 064031.965 INFO             PET0     OCN-TO-ATM: InitializeIPDv05p2a intro.
20230512 064031.968 INFO             PET0       OCN-TO-ATM:      importStandardNameList(i=  1): sea_surface_temperature
20230512 064031.968 INFO             PET0       OCN-TO-ATM:         importNamespaceList(i=  1): OCN
20230512 064031.968 INFO             PET0       OCN-TO-ATM:            importCplSetList(i=  1): __UNSPECIFIED__
20230512 064031.968 INFO             PET0       OCN-TO-ATM:      exportStandardNameList(j=  1): sea_surface_temperature
20230512 064031.968 INFO             PET0       OCN-TO-ATM:         exportNamespaceList(j=  1): ATM
20230512 064031.968 INFO             PET0       OCN-TO-ATM:            exportCplSetList(j=  1): __UNSPECIFIED__
20230512 064031.968 INFO             PET0       OCN-TO-ATM: bondLevel= 1
20230512 064031.968 INFO             PET0       OCN-TO-ATM: ProducerConnection (bondLevelMax):         1
20230512 064031.968 INFO             PET0     OCN-TO-ATM: InitializeIPDv05p2a extro.
20230512 064031.968 INFO             PET0     ATM-TO-OCN: InitializeIPDv05p2b intro.
20230512 064031.972 INFO             PET0       ATM-TO-OCN:      importStandardNameList(i=  1): air_pressure_at_sea_level
20230512 064031.972 INFO             PET0       ATM-TO-OCN:         importNamespaceList(i=  1): ATM
20230512 064031.972 INFO             PET0       ATM-TO-OCN:            importCplSetList(i=  1): __UNSPECIFIED__
20230512 064031.972 INFO             PET0       ATM-TO-OCN:      exportStandardNameList(j=  1): air_pressure_at_sea_level
20230512 064031.972 INFO             PET0       ATM-TO-OCN:         exportNamespaceList(j=  1): OCN
20230512 064031.972 INFO             PET0       ATM-TO-OCN:            exportCplSetList(j=  1): __UNSPECIFIED__
20230512 064031.972 INFO             PET0       ATM-TO-OCN: bondLevel= 1
20230512 064031.972 INFO             PET0       ATM-TO-OCN: => added cplList(  1)=air_pressure_at_sea_level, cplSetList(  1)=__UNSPECIFIED__
20230512 064031.972 INFO             PET0       ATM-TO-OCN:      importStandardNameList(i=  2): surface_net_downward_shortwave_flux
20230512 064031.972 INFO             PET0       ATM-TO-OCN:         importNamespaceList(i=  2): ATM
20230512 064031.972 INFO             PET0       ATM-TO-OCN:            importCplSetList(i=  2): __UNSPECIFIED__
20230512 064031.972 INFO             PET0       ATM-TO-OCN:      exportStandardNameList(j=  2): surface_net_downward_shortwave_flux
20230512 064031.972 INFO             PET0       ATM-TO-OCN:         exportNamespaceList(j=  2): OCN
20230512 064031.972 INFO             PET0       ATM-TO-OCN:            exportCplSetList(j=  2): __UNSPECIFIED__
20230512 064031.972 INFO             PET0       ATM-TO-OCN: bondLevel= 1
20230512 064031.972 INFO             PET0       ATM-TO-OCN: => added cplList(  2)=surface_net_downward_shortwave_flux, cplSetList(  2)=__UNSPECIFIED__
20230512 064031.972 INFO             PET0     ATM-TO-OCN: InitializeIPDv05p2b extro.
20230512 064031.973 INFO             PET0     OCN-TO-ATM: InitializeIPDv05p2b intro.
20230512 064031.976 INFO             PET0       OCN-TO-ATM:      importStandardNameList(i=  1): sea_surface_temperature
20230512 064031.976 INFO             PET0       OCN-TO-ATM:         importNamespaceList(i=  1): OCN
20230512 064031.976 INFO             PET0       OCN-TO-ATM:            importCplSetList(i=  1): __UNSPECIFIED__
20230512 064031.976 INFO             PET0       OCN-TO-ATM:      exportStandardNameList(j=  1): sea_surface_temperature
20230512 064031.976 INFO             PET0       OCN-TO-ATM:         exportNamespaceList(j=  1): ATM
20230512 064031.976 INFO             PET0       OCN-TO-ATM:            exportCplSetList(j=  1): __UNSPECIFIED__
20230512 064031.976 INFO             PET0       OCN-TO-ATM: bondLevel= 1
20230512 064031.976 INFO             PET0       OCN-TO-ATM: => added cplList(  1)=sea_surface_temperature, cplSetList(  1)=__UNSPECIFIED__
20230512 064031.976 INFO             PET0     OCN-TO-ATM: InitializeIPDv05p2b extro.
20230512 064031.976 INFO             PET0     esm: IInitModifyCplLists intro.
20230512 064031.976 INFO             PET0     esm: IInitModifyCplLists extro.
20230512 064031.977 INFO             PET0     ATM-TO-OCN: InitializeIPDv05p3 intro.
20230512 064031.981 INFO             PET0       ATM-TO-OCN: handle cplList(1): air_pressure_at_sea_level, cplSetList(1): __UNSPECIFIED__
20230512 064031.981 INFO             PET0       ATM-TO-OCN: - connected.
20230512 064031.981 INFO             PET0       ATM-TO-OCN: - both sides must provide the Field/GeomObject.
20230512 064031.981 INFO             PET0       ATM-TO-OCN: handle cplList(2): surface_net_downward_shortwave_flux, cplSetList(2): __UNSPECIFIED__
20230512 064031.981 INFO             PET0       ATM-TO-OCN: - connected.
20230512 064031.981 INFO             PET0       ATM-TO-OCN: - both sides must provide the Field/GeomObject.
20230512 064031.981 INFO             PET0     ATM-TO-OCN: InitializeIPDv05p3 extro.
20230512 064031.981 INFO             PET0     OCN-TO-ATM: InitializeIPDv05p3 intro.
20230512 064031.985 INFO             PET0       OCN-TO-ATM: handle cplList(1): sea_surface_temperature, cplSetList(1): __UNSPECIFIED__
20230512 064031.985 INFO             PET0       OCN-TO-ATM: - connected.
20230512 064031.985 INFO             PET0       OCN-TO-ATM: - both sides must provide the Field/GeomObject.
20230512 064031.985 INFO             PET0     OCN-TO-ATM: InitializeIPDv05p3 extro.
20230512 064031.985 INFO             PET0     <<<esm: leaving Initialize (phase=<none>) with current time: 2010  6  1  0  0  0   0
20230512 064031.985 INFO             PET0   esm: InitializeIPDv02p1 extro.
20230512 064031.985 INFO             PET0   esm: InitializeIPDv02p3 intro.
20230512 064031.985 INFO             PET0     >>>esm: entered Initialize (phase=<none>) with current time: 2010  6  1  0  0  0   0
20230512 064031.986 INFO             PET0     esm: IInitCheck intro.
20230512 064031.986 INFO             PET0     esm: IInitCheck extro.
20230512 064031.986 INFO             PET0     ATM: InitializeIPDvXp04 intro.
20230512 064031.986 INFO             PET0       >>>ATM: entered Initialize (phase=IPDvXp04) without valid internal Clock.
20230512 064031.990 INFO             PET0       <<<ATM: leaving Initialize (phase=IPDvXp04) without valid internal Clock.
20230512 064031.990 INFO             PET0     ATM: InitializeIPDvXp04 extro.
20230512 064031.991 INFO             PET0     OCN: InitializeIPDvXp04 intro.
20230512 064031.991 INFO             PET0       >>>OCN: entered Initialize (phase=IPDvXp04) without valid internal Clock.
20230512 064031.996 INFO             PET0       <<<OCN: leaving Initialize (phase=IPDvXp04) without valid internal Clock.
20230512 064031.996 INFO             PET0     OCN: InitializeIPDvXp04 extro.
20230512 064031.998 INFO             PET0     ATM-TO-OCN: InitializeIPDv05p4 intro.
20230512 064032.004 INFO             PET0       ATM-TO-OCN: handle cplList(1): air_pressure_at_sea_level, cplSetList(1): __UNSPECIFIED__
20230512 064032.004 INFO             PET0       ATM-TO-OCN: - nothing shared or transferred
20230512 064032.004 INFO             PET0       ATM-TO-OCN: handle cplList(2): surface_net_downward_shortwave_flux, cplSetList(2): __UNSPECIFIED__
20230512 064032.004 INFO             PET0       ATM-TO-OCN: - nothing shared or transferred
20230512 064032.004 INFO             PET0     ATM-TO-OCN: InitializeIPDv05p4 extro.
20230512 064032.004 INFO             PET0     OCN-TO-ATM: InitializeIPDv05p4 intro.
20230512 064032.009 INFO             PET0       OCN-TO-ATM: handle cplList(1): sea_surface_temperature, cplSetList(1): __UNSPECIFIED__
20230512 064032.009 INFO             PET0       OCN-TO-ATM: - nothing shared or transferred
20230512 064032.009 INFO             PET0     OCN-TO-ATM: InitializeIPDv05p4 extro.
20230512 064032.009 INFO             PET0     ATM-TO-OCN: InitializeIPDv05p5 intro.
20230512 064032.015 INFO             PET0       ATM-TO-OCN: handle cplList(1): air_pressure_at_sea_level, cplSetList(1): __UNSPECIFIED__
20230512 064032.015 INFO             PET0       ATM-TO-OCN: - nothing shared or transferred, or may already be handled
20230512 064032.015 INFO             PET0       ATM-TO-OCN: handle cplList(2): surface_net_downward_shortwave_flux, cplSetList(2): __UNSPECIFIED__
20230512 064032.015 INFO             PET0       ATM-TO-OCN: - nothing shared or transferred, or may already be handled
20230512 064032.015 INFO             PET0     ATM-TO-OCN: InitializeIPDv05p5 extro.
20230512 064032.016 INFO             PET0     OCN-TO-ATM: InitializeIPDv05p5 intro.
20230512 064032.020 INFO             PET0       OCN-TO-ATM: handle cplList(1): sea_surface_temperature, cplSetList(1): __UNSPECIFIED__
20230512 064032.020 INFO             PET0       OCN-TO-ATM: - nothing shared or transferred, or may already be handled
20230512 064032.020 INFO             PET0     OCN-TO-ATM: InitializeIPDv05p5 extro.
20230512 064032.020 INFO             PET0     esm: IInitRealize intro.
20230512 064032.020 INFO             PET0     esm: IInitRealize extro.
20230512 064032.021 INFO             PET0     ATM-TO-OCN: InitializeIPDv05p6a intro.
20230512 064032.026 INFO             PET0     ATM-TO-OCN: InitializeIPDv05p6a extro.
20230512 064032.026 INFO             PET0     OCN-TO-ATM: InitializeIPDv05p6a intro.
20230512 064032.030 INFO             PET0     OCN-TO-ATM: InitializeIPDv05p6a extro.
20230512 064032.031 INFO             PET0     ATM-TO-OCN: InitializeIPDv05p6b intro.
20230512 064032.031 INFO             PET0       ATM-TO-OCN: handle cplList(1): air_pressure_at_sea_level, cplSetList(1): __UNSPECIFIED__
20230512 064032.031 INFO             PET0       ATM-TO-OCN: - no Field sharing between import and export side: remap.
20230512 064031.897 INFO             PET1 !!!!!!!!!!!!!!!!!!!!!!!!!!!!!!!!!!!!!!!!!!!!!!!!!!!!!!
20230512 064031.897 INFO             PET1 !!! THE ESMF_LOG IS SET TO OUTPUT ALL LOG MESSAGES !!!
20230512 064031.897 INFO             PET1 !!!     THIS MAY CAUSE SLOWDOWN IN PERFORMANCE     !!!
20230512 064031.897 INFO             PET1 !!! FOR PRODUCTION RUNS, USE:                      !!!
20230512 064031.897 INFO             PET1 !!!                   ESMF_LOGKIND_Multi_On_Error  !!!
20230512 064031.897 INFO             PET1 !!!!!!!!!!!!!!!!!!!!!!!!!!!!!!!!!!!!!!!!!!!!!!!!!!!!!!
20230512 064031.897 INFO             PET1 Running with ESMF Version   : v8.5.0b18-9-g15f3b88d4b
20230512 064031.897 INFO             PET1 ESMF library build date/time: "May 12 2023" "04:51:13"
20230512 064031.897 INFO             PET1 ESMF library build location : /glade/scratch/theurich/ESMF-Nightly-Testing/nvhpc_22.2_mpt_g_feature_fill_nan/esmf
20230512 064031.897 INFO             PET1 ESMF_COMM                   : mpt
20230512 064031.898 INFO             PET1 ESMF_MOAB                   : enabled
20230512 064031.898 INFO             PET1 ESMF_LAPACK                 : enabled
20230512 064031.898 INFO             PET1 ESMF_NETCDF                 : enabled
20230512 064031.898 INFO             PET1 ESMF_PNETCDF                : disabled
20230512 064031.898 INFO             PET1 ESMF_PIO                    : enabled
20230512 064031.898 INFO             PET1 ESMF_YAMLCPP                : enabled
20230512 064031.898 INFO             PET1 esmApp STARTING
20230512 064031.904 INFO             PET1 esm: InitializeGeneric intro.
20230512 064031.905 INFO             PET1   esm: InitializeP0 intro.
20230512 064031.905 INFO             PET1   esm: InitializeP0 extro.
20230512 064031.905 INFO             PET1   esm: InitializeIPDv02p1 intro.
20230512 064031.905 INFO             PET1     >>>esm: entered Initialize (phase=<none>) without valid internal Clock.
20230512 064031.905 INFO             PET1     esm - Creating model component ATM without petList.
20230512 064031.909 INFO             PET1     esm - Creating model component OCN without petList.
20230512 064031.912 INFO             PET1     esm - Creating connector component ATM-TO-OCN without petList.
20230512 064031.920 INFO             PET1     esm - Creating connector component OCN-TO-ATM without petList.
20230512 064031.927 INFO             PET1     esm - Creating state: modelComp 1 Import State
20230512 064031.927 INFO             PET1     esm - Creating state: modelComp 1 Export State
20230512 064031.928 INFO             PET1     esm - Creating state: modelComp 2 Import State
20230512 064031.928 INFO             PET1     esm - Creating state: modelComp 2 Export State
20230512 064031.929 INFO             PET1     ATM: InitializeP0 intro.
20230512 064031.929 INFO             PET1       >>>ATM: entered Initialize (phase=<none>) without valid internal Clock.
20230512 064031.931 INFO             PET1       <<<ATM: leaving Initialize (phase=<none>) without valid internal Clock.
20230512 064031.931 INFO             PET1     ATM: InitializeP0 extro.
20230512 064031.931 INFO             PET1     OCN: InitializeP0 intro.
20230512 064031.931 INFO             PET1       >>>OCN: entered Initialize (phase=<none>) without valid internal Clock.
20230512 064031.933 INFO             PET1       <<<OCN: leaving Initialize (phase=<none>) without valid internal Clock.
20230512 064031.933 INFO             PET1     OCN: InitializeP0 extro.
20230512 064031.936 INFO             PET1     ATM-TO-OCN: InitializeP0 intro.
20230512 064031.937 INFO             PET1     ATM-TO-OCN: InitializeP0 extro.
20230512 064031.937 INFO             PET1     OCN-TO-ATM: InitializeP0 intro.
20230512 064031.938 INFO             PET1     OCN-TO-ATM: InitializeP0 extro.
20230512 064031.940 INFO             PET1     esm: IInitAdvertise intro.
20230512 064031.940 INFO             PET1     esm: IInitAdvertise extro.
20230512 064031.940 INFO             PET1     ATM: InitializeIPDvXp01 intro.
20230512 064031.941 INFO             PET1       >>>ATM: entered Initialize (phase=IPDvXp01) without valid internal Clock.
20230512 064031.947 INFO             PET1       <<<ATM: leaving Initialize (phase=IPDvXp01) without valid internal Clock.
20230512 064031.947 INFO             PET1     ATM: InitializeIPDvXp01 extro.
20230512 064031.947 INFO             PET1     OCN: InitializeIPDvXp01 intro.
20230512 064031.947 INFO             PET1       >>>OCN: entered Initialize (phase=IPDvXp01) without valid internal Clock.
20230512 064031.950 INFO             PET1       <<<OCN: leaving Initialize (phase=IPDvXp01) without valid internal Clock.
20230512 064031.950 INFO             PET1     OCN: InitializeIPDvXp01 extro.
20230512 064031.952 INFO             PET1     ATM-TO-OCN: InitializeIPDv05p1 intro.
20230512 064031.956 INFO             PET1       ATM-TO-OCN: importState FieldTransferPolicy = transferNone
20230512 064031.956 INFO             PET1       ATM-TO-OCN: exportState FieldTransferPolicy = transferNone
20230512 064031.956 INFO             PET1     ATM-TO-OCN: InitializeIPDv05p1 extro.
20230512 064031.957 INFO             PET1     OCN-TO-ATM: InitializeIPDv05p1 intro.
20230512 064031.960 INFO             PET1       OCN-TO-ATM: importState FieldTransferPolicy = transferNone
20230512 064031.960 INFO             PET1       OCN-TO-ATM: exportState FieldTransferPolicy = transferNone
20230512 064031.960 INFO             PET1     OCN-TO-ATM: InitializeIPDv05p1 extro.
20230512 064031.960 INFO             PET1     esm: IInitAdvertiseFinish intro.
20230512 064031.960 INFO             PET1     esm: IInitAdvertiseFinish extro.
20230512 064031.960 INFO             PET1     ATM-TO-OCN: InitializeIPDv05p2a intro.
20230512 064031.964 INFO             PET1       ATM-TO-OCN:      importStandardNameList(i=  1): air_pressure_at_sea_level
20230512 064031.964 INFO             PET1       ATM-TO-OCN:         importNamespaceList(i=  1): ATM
20230512 064031.964 INFO             PET1       ATM-TO-OCN:            importCplSetList(i=  1): __UNSPECIFIED__
20230512 064031.964 INFO             PET1       ATM-TO-OCN:      exportStandardNameList(j=  1): air_pressure_at_sea_level
20230512 064031.964 INFO             PET1       ATM-TO-OCN:         exportNamespaceList(j=  1): OCN
20230512 064031.964 INFO             PET1       ATM-TO-OCN:            exportCplSetList(j=  1): __UNSPECIFIED__
20230512 064031.964 INFO             PET1       ATM-TO-OCN: bondLevel= 1
20230512 064031.964 INFO             PET1       ATM-TO-OCN: ProducerConnection (bondLevelMax):         1
20230512 064031.964 INFO             PET1       ATM-TO-OCN:      importStandardNameList(i=  2): surface_net_downward_shortwave_flux
20230512 064031.964 INFO             PET1       ATM-TO-OCN:         importNamespaceList(i=  2): ATM
20230512 064031.964 INFO             PET1       ATM-TO-OCN:            importCplSetList(i=  2): __UNSPECIFIED__
20230512 064031.964 INFO             PET1       ATM-TO-OCN:      exportStandardNameList(j=  2): surface_net_downward_shortwave_flux
20230512 064031.964 INFO             PET1       ATM-TO-OCN:         exportNamespaceList(j=  2): OCN
20230512 064031.964 INFO             PET1       ATM-TO-OCN:            exportCplSetList(j=  2): __UNSPECIFIED__
20230512 064031.964 INFO             PET1       ATM-TO-OCN: bondLevel= 1
20230512 064031.964 INFO             PET1       ATM-TO-OCN: ProducerConnection (bondLevelMax):         1
20230512 064031.964 INFO             PET1     ATM-TO-OCN: InitializeIPDv05p2a extro.
20230512 064031.965 INFO             PET1     OCN-TO-ATM: InitializeIPDv05p2a intro.
20230512 064031.968 INFO             PET1       OCN-TO-ATM:      importStandardNameList(i=  1): sea_surface_temperature
20230512 064031.968 INFO             PET1       OCN-TO-ATM:         importNamespaceList(i=  1): OCN
20230512 064031.968 INFO             PET1       OCN-TO-ATM:            importCplSetList(i=  1): __UNSPECIFIED__
20230512 064031.968 INFO             PET1       OCN-TO-ATM:      exportStandardNameList(j=  1): sea_surface_temperature
20230512 064031.968 INFO             PET1       OCN-TO-ATM:         exportNamespaceList(j=  1): ATM
20230512 064031.968 INFO             PET1       OCN-TO-ATM:            exportCplSetList(j=  1): __UNSPECIFIED__
20230512 064031.968 INFO             PET1       OCN-TO-ATM: bondLevel= 1
20230512 064031.968 INFO             PET1       OCN-TO-ATM: ProducerConnection (bondLevelMax):         1
20230512 064031.968 INFO             PET1     OCN-TO-ATM: InitializeIPDv05p2a extro.
20230512 064031.968 INFO             PET1     ATM-TO-OCN: InitializeIPDv05p2b intro.
20230512 064031.972 INFO             PET1       ATM-TO-OCN:      importStandardNameList(i=  1): air_pressure_at_sea_level
20230512 064031.972 INFO             PET1       ATM-TO-OCN:         importNamespaceList(i=  1): ATM
20230512 064031.972 INFO             PET1       ATM-TO-OCN:            importCplSetList(i=  1): __UNSPECIFIED__
20230512 064031.972 INFO             PET1       ATM-TO-OCN:      exportStandardNameList(j=  1): air_pressure_at_sea_level
20230512 064031.972 INFO             PET1       ATM-TO-OCN:         exportNamespaceList(j=  1): OCN
20230512 064031.972 INFO             PET1       ATM-TO-OCN:            exportCplSetList(j=  1): __UNSPECIFIED__
20230512 064031.972 INFO             PET1       ATM-TO-OCN: bondLevel= 1
20230512 064031.972 INFO             PET1       ATM-TO-OCN: => added cplList(  1)=air_pressure_at_sea_level, cplSetList(  1)=__UNSPECIFIED__
20230512 064031.972 INFO             PET1       ATM-TO-OCN:      importStandardNameList(i=  2): surface_net_downward_shortwave_flux
20230512 064031.972 INFO             PET1       ATM-TO-OCN:         importNamespaceList(i=  2): ATM
20230512 064031.972 INFO             PET1       ATM-TO-OCN:            importCplSetList(i=  2): __UNSPECIFIED__
20230512 064031.972 INFO             PET1       ATM-TO-OCN:      exportStandardNameList(j=  2): surface_net_downward_shortwave_flux
20230512 064031.972 INFO             PET1       ATM-TO-OCN:         exportNamespaceList(j=  2): OCN
20230512 064031.972 INFO             PET1       ATM-TO-OCN:            exportCplSetList(j=  2): __UNSPECIFIED__
20230512 064031.972 INFO             PET1       ATM-TO-OCN: bondLevel= 1
20230512 064031.972 INFO             PET1       ATM-TO-OCN: => added cplList(  2)=surface_net_downward_shortwave_flux, cplSetList(  2)=__UNSPECIFIED__
20230512 064031.972 INFO             PET1     ATM-TO-OCN: InitializeIPDv05p2b extro.
20230512 064031.973 INFO             PET1     OCN-TO-ATM: InitializeIPDv05p2b intro.
20230512 064031.976 INFO             PET1       OCN-TO-ATM:      importStandardNameList(i=  1): sea_surface_temperature
20230512 064031.976 INFO             PET1       OCN-TO-ATM:         importNamespaceList(i=  1): OCN
20230512 064031.976 INFO             PET1       OCN-TO-ATM:            importCplSetList(i=  1): __UNSPECIFIED__
20230512 064031.976 INFO             PET1       OCN-TO-ATM:      exportStandardNameList(j=  1): sea_surface_temperature
20230512 064031.976 INFO             PET1       OCN-TO-ATM:         exportNamespaceList(j=  1): ATM
20230512 064031.976 INFO             PET1       OCN-TO-ATM:            exportCplSetList(j=  1): __UNSPECIFIED__
20230512 064031.976 INFO             PET1       OCN-TO-ATM: bondLevel= 1
20230512 064031.976 INFO             PET1       OCN-TO-ATM: => added cplList(  1)=sea_surface_temperature, cplSetList(  1)=__UNSPECIFIED__
20230512 064031.976 INFO             PET1     OCN-TO-ATM: InitializeIPDv05p2b extro.
20230512 064031.976 INFO             PET1     esm: IInitModifyCplLists intro.
20230512 064031.976 INFO             PET1     esm: IInitModifyCplLists extro.
20230512 064031.977 INFO             PET1     ATM-TO-OCN: InitializeIPDv05p3 intro.
20230512 064031.981 INFO             PET1       ATM-TO-OCN: handle cplList(1): air_pressure_at_sea_level, cplSetList(1): __UNSPECIFIED__
20230512 064031.981 INFO             PET1       ATM-TO-OCN: - connected.
20230512 064031.981 INFO             PET1       ATM-TO-OCN: - both sides must provide the Field/GeomObject.
20230512 064031.981 INFO             PET1       ATM-TO-OCN: handle cplList(2): surface_net_downward_shortwave_flux, cplSetList(2): __UNSPECIFIED__
20230512 064031.981 INFO             PET1       ATM-TO-OCN: - connected.
20230512 064031.981 INFO             PET1       ATM-TO-OCN: - both sides must provide the Field/GeomObject.
20230512 064031.981 INFO             PET1     ATM-TO-OCN: InitializeIPDv05p3 extro.
20230512 064031.981 INFO             PET1     OCN-TO-ATM: InitializeIPDv05p3 intro.
20230512 064031.985 INFO             PET1       OCN-TO-ATM: handle cplList(1): sea_surface_temperature, cplSetList(1): __UNSPECIFIED__
20230512 064031.985 INFO             PET1       OCN-TO-ATM: - connected.
20230512 064031.985 INFO             PET1       OCN-TO-ATM: - both sides must provide the Field/GeomObject.
20230512 064031.985 INFO             PET1     OCN-TO-ATM: InitializeIPDv05p3 extro.
20230512 064031.985 INFO             PET1     <<<esm: leaving Initialize (phase=<none>) with current time: 2010  6  1  0  0  0   0
20230512 064031.985 INFO             PET1   esm: InitializeIPDv02p1 extro.
20230512 064031.985 INFO             PET1   esm: InitializeIPDv02p3 intro.
20230512 064031.985 INFO             PET1     >>>esm: entered Initialize (phase=<none>) with current time: 2010  6  1  0  0  0   0
20230512 064031.986 INFO             PET1     esm: IInitCheck intro.
20230512 064031.986 INFO             PET1     esm: IInitCheck extro.
20230512 064031.986 INFO             PET1     ATM: InitializeIPDvXp04 intro.
20230512 064031.986 INFO             PET1       >>>ATM: entered Initialize (phase=IPDvXp04) without valid internal Clock.
20230512 064031.990 INFO             PET1       <<<ATM: leaving Initialize (phase=IPDvXp04) without valid internal Clock.
20230512 064031.990 INFO             PET1     ATM: InitializeIPDvXp04 extro.
20230512 064031.991 INFO             PET1     OCN: InitializeIPDvXp04 intro.
20230512 064031.991 INFO             PET1       >>>OCN: entered Initialize (phase=IPDvXp04) without valid internal Clock.
20230512 064031.996 INFO             PET1       <<<OCN: leaving Initialize (phase=IPDvXp04) without valid internal Clock.
20230512 064031.996 INFO             PET1     OCN: InitializeIPDvXp04 extro.
20230512 064031.998 INFO             PET1     ATM-TO-OCN: InitializeIPDv05p4 intro.
20230512 064032.004 INFO             PET1       ATM-TO-OCN: handle cplList(1): air_pressure_at_sea_level, cplSetList(1): __UNSPECIFIED__
20230512 064032.004 INFO             PET1       ATM-TO-OCN: - nothing shared or transferred
20230512 064032.004 INFO             PET1       ATM-TO-OCN: handle cplList(2): surface_net_downward_shortwave_flux, cplSetList(2): __UNSPECIFIED__
20230512 064032.004 INFO             PET1       ATM-TO-OCN: - nothing shared or transferred
20230512 064032.004 INFO             PET1     ATM-TO-OCN: InitializeIPDv05p4 extro.
20230512 064032.004 INFO             PET1     OCN-TO-ATM: InitializeIPDv05p4 intro.
20230512 064032.009 INFO             PET1       OCN-TO-ATM: handle cplList(1): sea_surface_temperature, cplSetList(1): __UNSPECIFIED__
20230512 064032.009 INFO             PET1       OCN-TO-ATM: - nothing shared or transferred
20230512 064032.009 INFO             PET1     OCN-TO-ATM: InitializeIPDv05p4 extro.
20230512 064032.009 INFO             PET1     ATM-TO-OCN: InitializeIPDv05p5 intro.
20230512 064032.015 INFO             PET1       ATM-TO-OCN: handle cplList(1): air_pressure_at_sea_level, cplSetList(1): __UNSPECIFIED__
20230512 064032.015 INFO             PET1       ATM-TO-OCN: - nothing shared or transferred, or may already be handled
20230512 064032.015 INFO             PET1       ATM-TO-OCN: handle cplList(2): surface_net_downward_shortwave_flux, cplSetList(2): __UNSPECIFIED__
20230512 064032.015 INFO             PET1       ATM-TO-OCN: - nothing shared or transferred, or may already be handled
20230512 064032.015 INFO             PET1     ATM-TO-OCN: InitializeIPDv05p5 extro.
20230512 064032.016 INFO             PET1     OCN-TO-ATM: InitializeIPDv05p5 intro.
20230512 064032.020 INFO             PET1       OCN-TO-ATM: handle cplList(1): sea_surface_temperature, cplSetList(1): __UNSPECIFIED__
20230512 064032.020 INFO             PET1       OCN-TO-ATM: - nothing shared or transferred, or may already be handled
20230512 064032.020 INFO             PET1     OCN-TO-ATM: InitializeIPDv05p5 extro.
20230512 064032.020 INFO             PET1     esm: IInitRealize intro.
20230512 064032.020 INFO             PET1     esm: IInitRealize extro.
20230512 064032.021 INFO             PET1     ATM-TO-OCN: InitializeIPDv05p6a intro.
20230512 064032.026 INFO             PET1     ATM-TO-OCN: InitializeIPDv05p6a extro.
20230512 064032.026 INFO             PET1     OCN-TO-ATM: InitializeIPDv05p6a intro.
20230512 064032.030 INFO             PET1     OCN-TO-ATM: InitializeIPDv05p6a extro.
20230512 064032.031 INFO             PET1     ATM-TO-OCN: InitializeIPDv05p6b intro.
20230512 064032.031 INFO             PET1       ATM-TO-OCN: handle cplList(1): air_pressure_at_sea_level, cplSetList(1): __UNSPECIFIED__
20230512 064032.031 INFO             PET1       ATM-TO-OCN: - no Field sharing between import and export side: remap.
20230512 064031.897 INFO             PET2 !!!!!!!!!!!!!!!!!!!!!!!!!!!!!!!!!!!!!!!!!!!!!!!!!!!!!!
20230512 064031.897 INFO             PET2 !!! THE ESMF_LOG IS SET TO OUTPUT ALL LOG MESSAGES !!!
20230512 064031.897 INFO             PET2 !!!     THIS MAY CAUSE SLOWDOWN IN PERFORMANCE     !!!
20230512 064031.897 INFO             PET2 !!! FOR PRODUCTION RUNS, USE:                      !!!
20230512 064031.897 INFO             PET2 !!!                   ESMF_LOGKIND_Multi_On_Error  !!!
20230512 064031.897 INFO             PET2 !!!!!!!!!!!!!!!!!!!!!!!!!!!!!!!!!!!!!!!!!!!!!!!!!!!!!!
20230512 064031.897 INFO             PET2 Running with ESMF Version   : v8.5.0b18-9-g15f3b88d4b
20230512 064031.897 INFO             PET2 ESMF library build date/time: "May 12 2023" "04:51:13"
20230512 064031.897 INFO             PET2 ESMF library build location : /glade/scratch/theurich/ESMF-Nightly-Testing/nvhpc_22.2_mpt_g_feature_fill_nan/esmf
20230512 064031.898 INFO             PET2 ESMF_COMM                   : mpt
20230512 064031.898 INFO             PET2 ESMF_MOAB                   : enabled
20230512 064031.898 INFO             PET2 ESMF_LAPACK                 : enabled
20230512 064031.898 INFO             PET2 ESMF_NETCDF                 : enabled
20230512 064031.898 INFO             PET2 ESMF_PNETCDF                : disabled
20230512 064031.898 INFO             PET2 ESMF_PIO                    : enabled
20230512 064031.898 INFO             PET2 ESMF_YAMLCPP                : enabled
20230512 064031.898 INFO             PET2 esmApp STARTING
20230512 064031.904 INFO             PET2 esm: InitializeGeneric intro.
20230512 064031.905 INFO             PET2   esm: InitializeP0 intro.
20230512 064031.905 INFO             PET2   esm: InitializeP0 extro.
20230512 064031.905 INFO             PET2   esm: InitializeIPDv02p1 intro.
20230512 064031.905 INFO             PET2     >>>esm: entered Initialize (phase=<none>) without valid internal Clock.
20230512 064031.905 INFO             PET2     esm - Creating model component ATM without petList.
20230512 064031.909 INFO             PET2     esm - Creating model component OCN without petList.
20230512 064031.912 INFO             PET2     esm - Creating connector component ATM-TO-OCN without petList.
20230512 064031.920 INFO             PET2     esm - Creating connector component OCN-TO-ATM without petList.
20230512 064031.927 INFO             PET2     esm - Creating state: modelComp 1 Import State
20230512 064031.927 INFO             PET2     esm - Creating state: modelComp 1 Export State
20230512 064031.928 INFO             PET2     esm - Creating state: modelComp 2 Import State
20230512 064031.928 INFO             PET2     esm - Creating state: modelComp 2 Export State
20230512 064031.929 INFO             PET2     ATM: InitializeP0 intro.
20230512 064031.929 INFO             PET2       >>>ATM: entered Initialize (phase=<none>) without valid internal Clock.
20230512 064031.931 INFO             PET2       <<<ATM: leaving Initialize (phase=<none>) without valid internal Clock.
20230512 064031.931 INFO             PET2     ATM: InitializeP0 extro.
20230512 064031.931 INFO             PET2     OCN: InitializeP0 intro.
20230512 064031.931 INFO             PET2       >>>OCN: entered Initialize (phase=<none>) without valid internal Clock.
20230512 064031.933 INFO             PET2       <<<OCN: leaving Initialize (phase=<none>) without valid internal Clock.
20230512 064031.933 INFO             PET2     OCN: InitializeP0 extro.
20230512 064031.936 INFO             PET2     ATM-TO-OCN: InitializeP0 intro.
20230512 064031.937 INFO             PET2     ATM-TO-OCN: InitializeP0 extro.
20230512 064031.937 INFO             PET2     OCN-TO-ATM: InitializeP0 intro.
20230512 064031.938 INFO             PET2     OCN-TO-ATM: InitializeP0 extro.
20230512 064031.940 INFO             PET2     esm: IInitAdvertise intro.
20230512 064031.940 INFO             PET2     esm: IInitAdvertise extro.
20230512 064031.940 INFO             PET2     ATM: InitializeIPDvXp01 intro.
20230512 064031.940 INFO             PET2       >>>ATM: entered Initialize (phase=IPDvXp01) without valid internal Clock.
20230512 064031.945 INFO             PET2       <<<ATM: leaving Initialize (phase=IPDvXp01) without valid internal Clock.
20230512 064031.945 INFO             PET2     ATM: InitializeIPDvXp01 extro.
20230512 064031.945 INFO             PET2     OCN: InitializeIPDvXp01 intro.
20230512 064031.946 INFO             PET2       >>>OCN: entered Initialize (phase=IPDvXp01) without valid internal Clock.
20230512 064031.948 INFO             PET2       <<<OCN: leaving Initialize (phase=IPDvXp01) without valid internal Clock.
20230512 064031.948 INFO             PET2     OCN: InitializeIPDvXp01 extro.
20230512 064031.950 INFO             PET2     ATM-TO-OCN: InitializeIPDv05p1 intro.
20230512 064031.956 INFO             PET2       ATM-TO-OCN: importState FieldTransferPolicy = transferNone
20230512 064031.956 INFO             PET2       ATM-TO-OCN: exportState FieldTransferPolicy = transferNone
20230512 064031.956 INFO             PET2     ATM-TO-OCN: InitializeIPDv05p1 extro.
20230512 064031.957 INFO             PET2     OCN-TO-ATM: InitializeIPDv05p1 intro.
20230512 064031.960 INFO             PET2       OCN-TO-ATM: importState FieldTransferPolicy = transferNone
20230512 064031.960 INFO             PET2       OCN-TO-ATM: exportState FieldTransferPolicy = transferNone
20230512 064031.960 INFO             PET2     OCN-TO-ATM: InitializeIPDv05p1 extro.
20230512 064031.960 INFO             PET2     esm: IInitAdvertiseFinish intro.
20230512 064031.960 INFO             PET2     esm: IInitAdvertiseFinish extro.
20230512 064031.960 INFO             PET2     ATM-TO-OCN: InitializeIPDv05p2a intro.
20230512 064031.964 INFO             PET2       ATM-TO-OCN:      importStandardNameList(i=  1): air_pressure_at_sea_level
20230512 064031.964 INFO             PET2       ATM-TO-OCN:         importNamespaceList(i=  1): ATM
20230512 064031.964 INFO             PET2       ATM-TO-OCN:            importCplSetList(i=  1): __UNSPECIFIED__
20230512 064031.964 INFO             PET2       ATM-TO-OCN:      exportStandardNameList(j=  1): air_pressure_at_sea_level
20230512 064031.964 INFO             PET2       ATM-TO-OCN:         exportNamespaceList(j=  1): OCN
20230512 064031.964 INFO             PET2       ATM-TO-OCN:            exportCplSetList(j=  1): __UNSPECIFIED__
20230512 064031.964 INFO             PET2       ATM-TO-OCN: bondLevel= 1
20230512 064031.964 INFO             PET2       ATM-TO-OCN: ProducerConnection (bondLevelMax):         1
20230512 064031.964 INFO             PET2       ATM-TO-OCN:      importStandardNameList(i=  2): surface_net_downward_shortwave_flux
20230512 064031.964 INFO             PET2       ATM-TO-OCN:         importNamespaceList(i=  2): ATM
20230512 064031.964 INFO             PET2       ATM-TO-OCN:            importCplSetList(i=  2): __UNSPECIFIED__
20230512 064031.964 INFO             PET2       ATM-TO-OCN:      exportStandardNameList(j=  2): surface_net_downward_shortwave_flux
20230512 064031.964 INFO             PET2       ATM-TO-OCN:         exportNamespaceList(j=  2): OCN
20230512 064031.964 INFO             PET2       ATM-TO-OCN:            exportCplSetList(j=  2): __UNSPECIFIED__
20230512 064031.964 INFO             PET2       ATM-TO-OCN: bondLevel= 1
20230512 064031.964 INFO             PET2       ATM-TO-OCN: ProducerConnection (bondLevelMax):         1
20230512 064031.964 INFO             PET2     ATM-TO-OCN: InitializeIPDv05p2a extro.
20230512 064031.965 INFO             PET2     OCN-TO-ATM: InitializeIPDv05p2a intro.
20230512 064031.968 INFO             PET2       OCN-TO-ATM:      importStandardNameList(i=  1): sea_surface_temperature
20230512 064031.968 INFO             PET2       OCN-TO-ATM:         importNamespaceList(i=  1): OCN
20230512 064031.968 INFO             PET2       OCN-TO-ATM:            importCplSetList(i=  1): __UNSPECIFIED__
20230512 064031.968 INFO             PET2       OCN-TO-ATM:      exportStandardNameList(j=  1): sea_surface_temperature
20230512 064031.968 INFO             PET2       OCN-TO-ATM:         exportNamespaceList(j=  1): ATM
20230512 064031.968 INFO             PET2       OCN-TO-ATM:            exportCplSetList(j=  1): __UNSPECIFIED__
20230512 064031.968 INFO             PET2       OCN-TO-ATM: bondLevel= 1
20230512 064031.968 INFO             PET2       OCN-TO-ATM: ProducerConnection (bondLevelMax):         1
20230512 064031.968 INFO             PET2     OCN-TO-ATM: InitializeIPDv05p2a extro.
20230512 064031.968 INFO             PET2     ATM-TO-OCN: InitializeIPDv05p2b intro.
20230512 064031.972 INFO             PET2       ATM-TO-OCN:      importStandardNameList(i=  1): air_pressure_at_sea_level
20230512 064031.972 INFO             PET2       ATM-TO-OCN:         importNamespaceList(i=  1): ATM
20230512 064031.972 INFO             PET2       ATM-TO-OCN:            importCplSetList(i=  1): __UNSPECIFIED__
20230512 064031.972 INFO             PET2       ATM-TO-OCN:      exportStandardNameList(j=  1): air_pressure_at_sea_level
20230512 064031.972 INFO             PET2       ATM-TO-OCN:         exportNamespaceList(j=  1): OCN
20230512 064031.972 INFO             PET2       ATM-TO-OCN:            exportCplSetList(j=  1): __UNSPECIFIED__
20230512 064031.972 INFO             PET2       ATM-TO-OCN: bondLevel= 1
20230512 064031.972 INFO             PET2       ATM-TO-OCN: => added cplList(  1)=air_pressure_at_sea_level, cplSetList(  1)=__UNSPECIFIED__
20230512 064031.972 INFO             PET2       ATM-TO-OCN:      importStandardNameList(i=  2): surface_net_downward_shortwave_flux
20230512 064031.972 INFO             PET2       ATM-TO-OCN:         importNamespaceList(i=  2): ATM
20230512 064031.972 INFO             PET2       ATM-TO-OCN:            importCplSetList(i=  2): __UNSPECIFIED__
20230512 064031.972 INFO             PET2       ATM-TO-OCN:      exportStandardNameList(j=  2): surface_net_downward_shortwave_flux
20230512 064031.972 INFO             PET2       ATM-TO-OCN:         exportNamespaceList(j=  2): OCN
20230512 064031.972 INFO             PET2       ATM-TO-OCN:            exportCplSetList(j=  2): __UNSPECIFIED__
20230512 064031.972 INFO             PET2       ATM-TO-OCN: bondLevel= 1
20230512 064031.972 INFO             PET2       ATM-TO-OCN: => added cplList(  2)=surface_net_downward_shortwave_flux, cplSetList(  2)=__UNSPECIFIED__
20230512 064031.972 INFO             PET2     ATM-TO-OCN: InitializeIPDv05p2b extro.
20230512 064031.973 INFO             PET2     OCN-TO-ATM: InitializeIPDv05p2b intro.
20230512 064031.976 INFO             PET2       OCN-TO-ATM:      importStandardNameList(i=  1): sea_surface_temperature
20230512 064031.976 INFO             PET2       OCN-TO-ATM:         importNamespaceList(i=  1): OCN
20230512 064031.976 INFO             PET2       OCN-TO-ATM:            importCplSetList(i=  1): __UNSPECIFIED__
20230512 064031.976 INFO             PET2       OCN-TO-ATM:      exportStandardNameList(j=  1): sea_surface_temperature
20230512 064031.976 INFO             PET2       OCN-TO-ATM:         exportNamespaceList(j=  1): ATM
20230512 064031.976 INFO             PET2       OCN-TO-ATM:            exportCplSetList(j=  1): __UNSPECIFIED__
20230512 064031.976 INFO             PET2       OCN-TO-ATM: bondLevel= 1
20230512 064031.976 INFO             PET2       OCN-TO-ATM: => added cplList(  1)=sea_surface_temperature, cplSetList(  1)=__UNSPECIFIED__
20230512 064031.976 INFO             PET2     OCN-TO-ATM: InitializeIPDv05p2b extro.
20230512 064031.976 INFO             PET2     esm: IInitModifyCplLists intro.
20230512 064031.976 INFO             PET2     esm: IInitModifyCplLists extro.
20230512 064031.977 INFO             PET2     ATM-TO-OCN: InitializeIPDv05p3 intro.
20230512 064031.981 INFO             PET2       ATM-TO-OCN: handle cplList(1): air_pressure_at_sea_level, cplSetList(1): __UNSPECIFIED__
20230512 064031.981 INFO             PET2       ATM-TO-OCN: - connected.
20230512 064031.981 INFO             PET2       ATM-TO-OCN: - both sides must provide the Field/GeomObject.
20230512 064031.981 INFO             PET2       ATM-TO-OCN: handle cplList(2): surface_net_downward_shortwave_flux, cplSetList(2): __UNSPECIFIED__
20230512 064031.981 INFO             PET2       ATM-TO-OCN: - connected.
20230512 064031.981 INFO             PET2       ATM-TO-OCN: - both sides must provide the Field/GeomObject.
20230512 064031.981 INFO             PET2     ATM-TO-OCN: InitializeIPDv05p3 extro.
20230512 064031.981 INFO             PET2     OCN-TO-ATM: InitializeIPDv05p3 intro.
20230512 064031.985 INFO             PET2       OCN-TO-ATM: handle cplList(1): sea_surface_temperature, cplSetList(1): __UNSPECIFIED__
20230512 064031.985 INFO             PET2       OCN-TO-ATM: - connected.
20230512 064031.985 INFO             PET2       OCN-TO-ATM: - both sides must provide the Field/GeomObject.
20230512 064031.985 INFO             PET2     OCN-TO-ATM: InitializeIPDv05p3 extro.
20230512 064031.985 INFO             PET2     <<<esm: leaving Initialize (phase=<none>) with current time: 2010  6  1  0  0  0   0
20230512 064031.985 INFO             PET2   esm: InitializeIPDv02p1 extro.
20230512 064031.985 INFO             PET2   esm: InitializeIPDv02p3 intro.
20230512 064031.985 INFO             PET2     >>>esm: entered Initialize (phase=<none>) with current time: 2010  6  1  0  0  0   0
20230512 064031.986 INFO             PET2     esm: IInitCheck intro.
20230512 064031.986 INFO             PET2     esm: IInitCheck extro.
20230512 064031.986 INFO             PET2     ATM: InitializeIPDvXp04 intro.
20230512 064031.986 INFO             PET2       >>>ATM: entered Initialize (phase=IPDvXp04) without valid internal Clock.
20230512 064031.990 INFO             PET2       <<<ATM: leaving Initialize (phase=IPDvXp04) without valid internal Clock.
20230512 064031.990 INFO             PET2     ATM: InitializeIPDvXp04 extro.
20230512 064031.990 INFO             PET2     OCN: InitializeIPDvXp04 intro.
20230512 064031.991 INFO             PET2       >>>OCN: entered Initialize (phase=IPDvXp04) without valid internal Clock.
20230512 064031.996 INFO             PET2       <<<OCN: leaving Initialize (phase=IPDvXp04) without valid internal Clock.
20230512 064031.996 INFO             PET2     OCN: InitializeIPDvXp04 extro.
20230512 064031.998 INFO             PET2     ATM-TO-OCN: InitializeIPDv05p4 intro.
20230512 064032.004 INFO             PET2       ATM-TO-OCN: handle cplList(1): air_pressure_at_sea_level, cplSetList(1): __UNSPECIFIED__
20230512 064032.004 INFO             PET2       ATM-TO-OCN: - nothing shared or transferred
20230512 064032.004 INFO             PET2       ATM-TO-OCN: handle cplList(2): surface_net_downward_shortwave_flux, cplSetList(2): __UNSPECIFIED__
20230512 064032.004 INFO             PET2       ATM-TO-OCN: - nothing shared or transferred
20230512 064032.004 INFO             PET2     ATM-TO-OCN: InitializeIPDv05p4 extro.
20230512 064032.004 INFO             PET2     OCN-TO-ATM: InitializeIPDv05p4 intro.
20230512 064032.009 INFO             PET2       OCN-TO-ATM: handle cplList(1): sea_surface_temperature, cplSetList(1): __UNSPECIFIED__
20230512 064032.009 INFO             PET2       OCN-TO-ATM: - nothing shared or transferred
20230512 064032.009 INFO             PET2     OCN-TO-ATM: InitializeIPDv05p4 extro.
20230512 064032.009 INFO             PET2     ATM-TO-OCN: InitializeIPDv05p5 intro.
20230512 064032.015 INFO             PET2       ATM-TO-OCN: handle cplList(1): air_pressure_at_sea_level, cplSetList(1): __UNSPECIFIED__
20230512 064032.015 INFO             PET2       ATM-TO-OCN: - nothing shared or transferred, or may already be handled
20230512 064032.015 INFO             PET2       ATM-TO-OCN: handle cplList(2): surface_net_downward_shortwave_flux, cplSetList(2): __UNSPECIFIED__
20230512 064032.015 INFO             PET2       ATM-TO-OCN: - nothing shared or transferred, or may already be handled
20230512 064032.015 INFO             PET2     ATM-TO-OCN: InitializeIPDv05p5 extro.
20230512 064032.016 INFO             PET2     OCN-TO-ATM: InitializeIPDv05p5 intro.
20230512 064032.020 INFO             PET2       OCN-TO-ATM: handle cplList(1): sea_surface_temperature, cplSetList(1): __UNSPECIFIED__
20230512 064032.020 INFO             PET2       OCN-TO-ATM: - nothing shared or transferred, or may already be handled
20230512 064032.020 INFO             PET2     OCN-TO-ATM: InitializeIPDv05p5 extro.
20230512 064032.020 INFO             PET2     esm: IInitRealize intro.
20230512 064032.020 INFO             PET2     esm: IInitRealize extro.
20230512 064032.021 INFO             PET2     ATM-TO-OCN: InitializeIPDv05p6a intro.
20230512 064032.026 INFO             PET2     ATM-TO-OCN: InitializeIPDv05p6a extro.
20230512 064032.026 INFO             PET2     OCN-TO-ATM: InitializeIPDv05p6a intro.
20230512 064032.030 INFO             PET2     OCN-TO-ATM: InitializeIPDv05p6a extro.
20230512 064032.031 INFO             PET2     ATM-TO-OCN: InitializeIPDv05p6b intro.
20230512 064032.031 INFO             PET2       ATM-TO-OCN: handle cplList(1): air_pressure_at_sea_level, cplSetList(1): __UNSPECIFIED__
20230512 064032.031 INFO             PET2       ATM-TO-OCN: - no Field sharing between import and export side: remap.
20230512 064031.897 INFO             PET3 !!!!!!!!!!!!!!!!!!!!!!!!!!!!!!!!!!!!!!!!!!!!!!!!!!!!!!
20230512 064031.897 INFO             PET3 !!! THE ESMF_LOG IS SET TO OUTPUT ALL LOG MESSAGES !!!
20230512 064031.897 INFO             PET3 !!!     THIS MAY CAUSE SLOWDOWN IN PERFORMANCE     !!!
20230512 064031.897 INFO             PET3 !!! FOR PRODUCTION RUNS, USE:                      !!!
20230512 064031.897 INFO             PET3 !!!                   ESMF_LOGKIND_Multi_On_Error  !!!
20230512 064031.897 INFO             PET3 !!!!!!!!!!!!!!!!!!!!!!!!!!!!!!!!!!!!!!!!!!!!!!!!!!!!!!
20230512 064031.897 INFO             PET3 Running with ESMF Version   : v8.5.0b18-9-g15f3b88d4b
20230512 064031.897 INFO             PET3 ESMF library build date/time: "May 12 2023" "04:51:13"
20230512 064031.897 INFO             PET3 ESMF library build location : /glade/scratch/theurich/ESMF-Nightly-Testing/nvhpc_22.2_mpt_g_feature_fill_nan/esmf
20230512 064031.897 INFO             PET3 ESMF_COMM                   : mpt
20230512 064031.897 INFO             PET3 ESMF_MOAB                   : enabled
20230512 064031.897 INFO             PET3 ESMF_LAPACK                 : enabled
20230512 064031.897 INFO             PET3 ESMF_NETCDF                 : enabled
20230512 064031.897 INFO             PET3 ESMF_PNETCDF                : disabled
20230512 064031.897 INFO             PET3 ESMF_PIO                    : enabled
20230512 064031.897 INFO             PET3 ESMF_YAMLCPP                : enabled
20230512 064031.898 INFO             PET3 esmApp STARTING
20230512 064031.904 INFO             PET3 esm: InitializeGeneric intro.
20230512 064031.905 INFO             PET3   esm: InitializeP0 intro.
20230512 064031.905 INFO             PET3   esm: InitializeP0 extro.
20230512 064031.905 INFO             PET3   esm: InitializeIPDv02p1 intro.
20230512 064031.905 INFO             PET3     >>>esm: entered Initialize (phase=<none>) without valid internal Clock.
20230512 064031.905 INFO             PET3     esm - Creating model component ATM without petList.
20230512 064031.909 INFO             PET3     esm - Creating model component OCN without petList.
20230512 064031.912 INFO             PET3     esm - Creating connector component ATM-TO-OCN without petList.
20230512 064031.920 INFO             PET3     esm - Creating connector component OCN-TO-ATM without petList.
20230512 064031.927 INFO             PET3     esm - Creating state: modelComp 1 Import State
20230512 064031.927 INFO             PET3     esm - Creating state: modelComp 1 Export State
20230512 064031.928 INFO             PET3     esm - Creating state: modelComp 2 Import State
20230512 064031.928 INFO             PET3     esm - Creating state: modelComp 2 Export State
20230512 064031.929 INFO             PET3     ATM: InitializeP0 intro.
20230512 064031.929 INFO             PET3       >>>ATM: entered Initialize (phase=<none>) without valid internal Clock.
20230512 064031.931 INFO             PET3       <<<ATM: leaving Initialize (phase=<none>) without valid internal Clock.
20230512 064031.931 INFO             PET3     ATM: InitializeP0 extro.
20230512 064031.931 INFO             PET3     OCN: InitializeP0 intro.
20230512 064031.931 INFO             PET3       >>>OCN: entered Initialize (phase=<none>) without valid internal Clock.
20230512 064031.933 INFO             PET3       <<<OCN: leaving Initialize (phase=<none>) without valid internal Clock.
20230512 064031.933 INFO             PET3     OCN: InitializeP0 extro.
20230512 064031.936 INFO             PET3     ATM-TO-OCN: InitializeP0 intro.
20230512 064031.937 INFO             PET3     ATM-TO-OCN: InitializeP0 extro.
20230512 064031.937 INFO             PET3     OCN-TO-ATM: InitializeP0 intro.
20230512 064031.938 INFO             PET3     OCN-TO-ATM: InitializeP0 extro.
20230512 064031.940 INFO             PET3     esm: IInitAdvertise intro.
20230512 064031.940 INFO             PET3     esm: IInitAdvertise extro.
20230512 064031.940 INFO             PET3     ATM: InitializeIPDvXp01 intro.
20230512 064031.940 INFO             PET3       >>>ATM: entered Initialize (phase=IPDvXp01) without valid internal Clock.
20230512 064031.945 INFO             PET3       <<<ATM: leaving Initialize (phase=IPDvXp01) without valid internal Clock.
20230512 064031.945 INFO             PET3     ATM: InitializeIPDvXp01 extro.
20230512 064031.945 INFO             PET3     OCN: InitializeIPDvXp01 intro.
20230512 064031.946 INFO             PET3       >>>OCN: entered Initialize (phase=IPDvXp01) without valid internal Clock.
20230512 064031.948 INFO             PET3       <<<OCN: leaving Initialize (phase=IPDvXp01) without valid internal Clock.
20230512 064031.948 INFO             PET3     OCN: InitializeIPDvXp01 extro.
20230512 064031.950 INFO             PET3     ATM-TO-OCN: InitializeIPDv05p1 intro.
20230512 064031.956 INFO             PET3       ATM-TO-OCN: importState FieldTransferPolicy = transferNone
20230512 064031.956 INFO             PET3       ATM-TO-OCN: exportState FieldTransferPolicy = transferNone
20230512 064031.956 INFO             PET3     ATM-TO-OCN: InitializeIPDv05p1 extro.
20230512 064031.957 INFO             PET3     OCN-TO-ATM: InitializeIPDv05p1 intro.
20230512 064031.960 INFO             PET3       OCN-TO-ATM: importState FieldTransferPolicy = transferNone
20230512 064031.960 INFO             PET3       OCN-TO-ATM: exportState FieldTransferPolicy = transferNone
20230512 064031.960 INFO             PET3     OCN-TO-ATM: InitializeIPDv05p1 extro.
20230512 064031.960 INFO             PET3     esm: IInitAdvertiseFinish intro.
20230512 064031.960 INFO             PET3     esm: IInitAdvertiseFinish extro.
20230512 064031.960 INFO             PET3     ATM-TO-OCN: InitializeIPDv05p2a intro.
20230512 064031.964 INFO             PET3       ATM-TO-OCN:      importStandardNameList(i=  1): air_pressure_at_sea_level
20230512 064031.964 INFO             PET3       ATM-TO-OCN:         importNamespaceList(i=  1): ATM
20230512 064031.964 INFO             PET3       ATM-TO-OCN:            importCplSetList(i=  1): __UNSPECIFIED__
20230512 064031.964 INFO             PET3       ATM-TO-OCN:      exportStandardNameList(j=  1): air_pressure_at_sea_level
20230512 064031.964 INFO             PET3       ATM-TO-OCN:         exportNamespaceList(j=  1): OCN
20230512 064031.964 INFO             PET3       ATM-TO-OCN:            exportCplSetList(j=  1): __UNSPECIFIED__
20230512 064031.964 INFO             PET3       ATM-TO-OCN: bondLevel= 1
20230512 064031.964 INFO             PET3       ATM-TO-OCN: ProducerConnection (bondLevelMax):         1
20230512 064031.964 INFO             PET3       ATM-TO-OCN:      importStandardNameList(i=  2): surface_net_downward_shortwave_flux
20230512 064031.964 INFO             PET3       ATM-TO-OCN:         importNamespaceList(i=  2): ATM
20230512 064031.964 INFO             PET3       ATM-TO-OCN:            importCplSetList(i=  2): __UNSPECIFIED__
20230512 064031.964 INFO             PET3       ATM-TO-OCN:      exportStandardNameList(j=  2): surface_net_downward_shortwave_flux
20230512 064031.964 INFO             PET3       ATM-TO-OCN:         exportNamespaceList(j=  2): OCN
20230512 064031.964 INFO             PET3       ATM-TO-OCN:            exportCplSetList(j=  2): __UNSPECIFIED__
20230512 064031.964 INFO             PET3       ATM-TO-OCN: bondLevel= 1
20230512 064031.964 INFO             PET3       ATM-TO-OCN: ProducerConnection (bondLevelMax):         1
20230512 064031.964 INFO             PET3     ATM-TO-OCN: InitializeIPDv05p2a extro.
20230512 064031.965 INFO             PET3     OCN-TO-ATM: InitializeIPDv05p2a intro.
20230512 064031.968 INFO             PET3       OCN-TO-ATM:      importStandardNameList(i=  1): sea_surface_temperature
20230512 064031.968 INFO             PET3       OCN-TO-ATM:         importNamespaceList(i=  1): OCN
20230512 064031.968 INFO             PET3       OCN-TO-ATM:            importCplSetList(i=  1): __UNSPECIFIED__
20230512 064031.968 INFO             PET3       OCN-TO-ATM:      exportStandardNameList(j=  1): sea_surface_temperature
20230512 064031.968 INFO             PET3       OCN-TO-ATM:         exportNamespaceList(j=  1): ATM
20230512 064031.968 INFO             PET3       OCN-TO-ATM:            exportCplSetList(j=  1): __UNSPECIFIED__
20230512 064031.968 INFO             PET3       OCN-TO-ATM: bondLevel= 1
20230512 064031.968 INFO             PET3       OCN-TO-ATM: ProducerConnection (bondLevelMax):         1
20230512 064031.968 INFO             PET3     OCN-TO-ATM: InitializeIPDv05p2a extro.
20230512 064031.968 INFO             PET3     ATM-TO-OCN: InitializeIPDv05p2b intro.
20230512 064031.972 INFO             PET3       ATM-TO-OCN:      importStandardNameList(i=  1): air_pressure_at_sea_level
20230512 064031.972 INFO             PET3       ATM-TO-OCN:         importNamespaceList(i=  1): ATM
20230512 064031.972 INFO             PET3       ATM-TO-OCN:            importCplSetList(i=  1): __UNSPECIFIED__
20230512 064031.972 INFO             PET3       ATM-TO-OCN:      exportStandardNameList(j=  1): air_pressure_at_sea_level
20230512 064031.972 INFO             PET3       ATM-TO-OCN:         exportNamespaceList(j=  1): OCN
20230512 064031.972 INFO             PET3       ATM-TO-OCN:            exportCplSetList(j=  1): __UNSPECIFIED__
20230512 064031.972 INFO             PET3       ATM-TO-OCN: bondLevel= 1
20230512 064031.972 INFO             PET3       ATM-TO-OCN: => added cplList(  1)=air_pressure_at_sea_level, cplSetList(  1)=__UNSPECIFIED__
20230512 064031.972 INFO             PET3       ATM-TO-OCN:      importStandardNameList(i=  2): surface_net_downward_shortwave_flux
20230512 064031.972 INFO             PET3       ATM-TO-OCN:         importNamespaceList(i=  2): ATM
20230512 064031.972 INFO             PET3       ATM-TO-OCN:            importCplSetList(i=  2): __UNSPECIFIED__
20230512 064031.972 INFO             PET3       ATM-TO-OCN:      exportStandardNameList(j=  2): surface_net_downward_shortwave_flux
20230512 064031.972 INFO             PET3       ATM-TO-OCN:         exportNamespaceList(j=  2): OCN
20230512 064031.972 INFO             PET3       ATM-TO-OCN:            exportCplSetList(j=  2): __UNSPECIFIED__
20230512 064031.972 INFO             PET3       ATM-TO-OCN: bondLevel= 1
20230512 064031.972 INFO             PET3       ATM-TO-OCN: => added cplList(  2)=surface_net_downward_shortwave_flux, cplSetList(  2)=__UNSPECIFIED__
20230512 064031.972 INFO             PET3     ATM-TO-OCN: InitializeIPDv05p2b extro.
20230512 064031.973 INFO             PET3     OCN-TO-ATM: InitializeIPDv05p2b intro.
20230512 064031.976 INFO             PET3       OCN-TO-ATM:      importStandardNameList(i=  1): sea_surface_temperature
20230512 064031.976 INFO             PET3       OCN-TO-ATM:         importNamespaceList(i=  1): OCN
20230512 064031.976 INFO             PET3       OCN-TO-ATM:            importCplSetList(i=  1): __UNSPECIFIED__
20230512 064031.976 INFO             PET3       OCN-TO-ATM:      exportStandardNameList(j=  1): sea_surface_temperature
20230512 064031.976 INFO             PET3       OCN-TO-ATM:         exportNamespaceList(j=  1): ATM
20230512 064031.976 INFO             PET3       OCN-TO-ATM:            exportCplSetList(j=  1): __UNSPECIFIED__
20230512 064031.976 INFO             PET3       OCN-TO-ATM: bondLevel= 1
20230512 064031.976 INFO             PET3       OCN-TO-ATM: => added cplList(  1)=sea_surface_temperature, cplSetList(  1)=__UNSPECIFIED__
20230512 064031.976 INFO             PET3     OCN-TO-ATM: InitializeIPDv05p2b extro.
20230512 064031.976 INFO             PET3     esm: IInitModifyCplLists intro.
20230512 064031.976 INFO             PET3     esm: IInitModifyCplLists extro.
20230512 064031.977 INFO             PET3     ATM-TO-OCN: InitializeIPDv05p3 intro.
20230512 064031.981 INFO             PET3       ATM-TO-OCN: handle cplList(1): air_pressure_at_sea_level, cplSetList(1): __UNSPECIFIED__
20230512 064031.981 INFO             PET3       ATM-TO-OCN: - connected.
20230512 064031.981 INFO             PET3       ATM-TO-OCN: - both sides must provide the Field/GeomObject.
20230512 064031.981 INFO             PET3       ATM-TO-OCN: handle cplList(2): surface_net_downward_shortwave_flux, cplSetList(2): __UNSPECIFIED__
20230512 064031.981 INFO             PET3       ATM-TO-OCN: - connected.
20230512 064031.981 INFO             PET3       ATM-TO-OCN: - both sides must provide the Field/GeomObject.
20230512 064031.981 INFO             PET3     ATM-TO-OCN: InitializeIPDv05p3 extro.
20230512 064031.981 INFO             PET3     OCN-TO-ATM: InitializeIPDv05p3 intro.
20230512 064031.985 INFO             PET3       OCN-TO-ATM: handle cplList(1): sea_surface_temperature, cplSetList(1): __UNSPECIFIED__
20230512 064031.985 INFO             PET3       OCN-TO-ATM: - connected.
20230512 064031.985 INFO             PET3       OCN-TO-ATM: - both sides must provide the Field/GeomObject.
20230512 064031.985 INFO             PET3     OCN-TO-ATM: InitializeIPDv05p3 extro.
20230512 064031.985 INFO             PET3     <<<esm: leaving Initialize (phase=<none>) with current time: 2010  6  1  0  0  0   0
20230512 064031.985 INFO             PET3   esm: InitializeIPDv02p1 extro.
20230512 064031.985 INFO             PET3   esm: InitializeIPDv02p3 intro.
20230512 064031.985 INFO             PET3     >>>esm: entered Initialize (phase=<none>) with current time: 2010  6  1  0  0  0   0
20230512 064031.986 INFO             PET3     esm: IInitCheck intro.
20230512 064031.986 INFO             PET3     esm: IInitCheck extro.
20230512 064031.986 INFO             PET3     ATM: InitializeIPDvXp04 intro.
20230512 064031.986 INFO             PET3       >>>ATM: entered Initialize (phase=IPDvXp04) without valid internal Clock.
20230512 064031.990 INFO             PET3       <<<ATM: leaving Initialize (phase=IPDvXp04) without valid internal Clock.
20230512 064031.990 INFO             PET3     ATM: InitializeIPDvXp04 extro.
20230512 064031.991 INFO             PET3     OCN: InitializeIPDvXp04 intro.
20230512 064031.991 INFO             PET3       >>>OCN: entered Initialize (phase=IPDvXp04) without valid internal Clock.
20230512 064031.996 INFO             PET3       <<<OCN: leaving Initialize (phase=IPDvXp04) without valid internal Clock.
20230512 064031.996 INFO             PET3     OCN: InitializeIPDvXp04 extro.
20230512 064031.998 INFO             PET3     ATM-TO-OCN: InitializeIPDv05p4 intro.
20230512 064032.004 INFO             PET3       ATM-TO-OCN: handle cplList(1): air_pressure_at_sea_level, cplSetList(1): __UNSPECIFIED__
20230512 064032.004 INFO             PET3       ATM-TO-OCN: - nothing shared or transferred
20230512 064032.004 INFO             PET3       ATM-TO-OCN: handle cplList(2): surface_net_downward_shortwave_flux, cplSetList(2): __UNSPECIFIED__
20230512 064032.004 INFO             PET3       ATM-TO-OCN: - nothing shared or transferred
20230512 064032.004 INFO             PET3     ATM-TO-OCN: InitializeIPDv05p4 extro.
20230512 064032.004 INFO             PET3     OCN-TO-ATM: InitializeIPDv05p4 intro.
20230512 064032.009 INFO             PET3       OCN-TO-ATM: handle cplList(1): sea_surface_temperature, cplSetList(1): __UNSPECIFIED__
20230512 064032.009 INFO             PET3       OCN-TO-ATM: - nothing shared or transferred
20230512 064032.009 INFO             PET3     OCN-TO-ATM: InitializeIPDv05p4 extro.
20230512 064032.009 INFO             PET3     ATM-TO-OCN: InitializeIPDv05p5 intro.
20230512 064032.015 INFO             PET3       ATM-TO-OCN: handle cplList(1): air_pressure_at_sea_level, cplSetList(1): __UNSPECIFIED__
20230512 064032.015 INFO             PET3       ATM-TO-OCN: - nothing shared or transferred, or may already be handled
20230512 064032.015 INFO             PET3       ATM-TO-OCN: handle cplList(2): surface_net_downward_shortwave_flux, cplSetList(2): __UNSPECIFIED__
20230512 064032.015 INFO             PET3       ATM-TO-OCN: - nothing shared or transferred, or may already be handled
20230512 064032.015 INFO             PET3     ATM-TO-OCN: InitializeIPDv05p5 extro.
20230512 064032.016 INFO             PET3     OCN-TO-ATM: InitializeIPDv05p5 intro.
20230512 064032.020 INFO             PET3       OCN-TO-ATM: handle cplList(1): sea_surface_temperature, cplSetList(1): __UNSPECIFIED__
20230512 064032.020 INFO             PET3       OCN-TO-ATM: - nothing shared or transferred, or may already be handled
20230512 064032.020 INFO             PET3     OCN-TO-ATM: InitializeIPDv05p5 extro.
20230512 064032.020 INFO             PET3     esm: IInitRealize intro.
20230512 064032.020 INFO             PET3     esm: IInitRealize extro.
20230512 064032.021 INFO             PET3     ATM-TO-OCN: InitializeIPDv05p6a intro.
20230512 064032.026 INFO             PET3     ATM-TO-OCN: InitializeIPDv05p6a extro.
20230512 064032.026 INFO             PET3     OCN-TO-ATM: InitializeIPDv05p6a intro.
20230512 064032.030 INFO             PET3     OCN-TO-ATM: InitializeIPDv05p6a extro.
20230512 064032.031 INFO             PET3     ATM-TO-OCN: InitializeIPDv05p6b intro.
20230512 064032.031 INFO             PET3       ATM-TO-OCN: handle cplList(1): air_pressure_at_sea_level, cplSetList(1): __UNSPECIFIED__
20230512 064032.031 INFO             PET3       ATM-TO-OCN: - no Field sharing between import and export side: remap.
