2023-05-12 04:54:26
20230512 063633.775 INFO             PET0 !!!!!!!!!!!!!!!!!!!!!!!!!!!!!!!!!!!!!!!!!!!!!!!!!!!!!!
20230512 063633.775 INFO             PET0 !!! THE ESMF_LOG IS SET TO OUTPUT ALL LOG MESSAGES !!!
20230512 063633.775 INFO             PET0 !!!     THIS MAY CAUSE SLOWDOWN IN PERFORMANCE     !!!
20230512 063633.775 INFO             PET0 !!! FOR PRODUCTION RUNS, USE:                      !!!
20230512 063633.775 INFO             PET0 !!!                   ESMF_LOGKIND_Multi_On_Error  !!!
20230512 063633.775 INFO             PET0 !!!!!!!!!!!!!!!!!!!!!!!!!!!!!!!!!!!!!!!!!!!!!!!!!!!!!!
20230512 063633.775 INFO             PET0 Running with ESMF Version   : v8.5.0b18-9-g15f3b88d4b
20230512 063633.775 INFO             PET0 ESMF library build date/time: "May 12 2023" "04:51:13"
20230512 063633.775 INFO             PET0 ESMF library build location : /glade/scratch/theurich/ESMF-Nightly-Testing/nvhpc_22.2_mpt_g_feature_fill_nan/esmf
20230512 063633.775 INFO             PET0 ESMF_COMM                   : mpt
20230512 063633.775 INFO             PET0 ESMF_MOAB                   : enabled
20230512 063633.775 INFO             PET0 ESMF_LAPACK                 : enabled
20230512 063633.775 INFO             PET0 ESMF_NETCDF                 : enabled
20230512 063633.775 INFO             PET0 ESMF_PNETCDF                : disabled
20230512 063633.775 INFO             PET0 ESMF_PIO                    : enabled
20230512 063633.775 INFO             PET0 ESMF_YAMLCPP                : enabled
20230512 063633.775 INFO             PET0 esmApp STARTING
20230512 063633.782 INFO             PET0 esm: InitializeGeneric intro.
20230512 063633.782 INFO             PET0   esm: InitializeP0 intro.
20230512 063633.782 INFO             PET0   esm: InitializeP0 extro.
20230512 063633.782 INFO             PET0   esm: InitializeIPDv02p1 intro.
20230512 063633.782 INFO             PET0     >>>esm: entered Initialize (phase=<none>) without valid internal Clock.
20230512 063633.782 INFO             PET0     esm - Creating model component ATM with petList of size 1 :
20230512 063633.782 INFO             PET0           0
20230512 063633.786 INFO             PET0     esm - Creating model component OCN with petList of size 1 :
20230512 063633.786 INFO             PET0           2
20230512 063633.786 INFO             PET0     esm - Creating model component MED with petList of size 2 :
20230512 063633.786 INFO             PET0           1      3
20230512 063633.787 INFO             PET0     esm - Creating state: modelComp 1 Import State
20230512 063633.787 INFO             PET0     esm - Creating state: modelComp 1 Export State
20230512 063633.787 INFO             PET0     esm - Creating state: modelComp 2 Import State
20230512 063633.787 INFO             PET0     esm - Creating state: modelComp 2 Export State
20230512 063633.788 INFO             PET0     esm - Creating state: modelComp 3 Import State
20230512 063633.788 INFO             PET0     esm - Creating state: modelComp 3 Export State
20230512 063633.789 INFO             PET0     ATM: InitializeP0 intro.
20230512 063633.791 INFO             PET0     ATM: InitializeP0 extro.
20230512 063633.797 INFO             PET0     esm - Creating connector component OCN-TO-MED with petList of size 3 :
20230512 063633.797 INFO             PET0           2      1      3
20230512 063633.806 INFO             PET0     esm - Setting Verbosity on created component to: high
20230512 063633.806 INFO             PET0     esm - Setting Profiling on created component to:          0
20230512 063633.806 INFO             PET0     esm - Creating connector component MED-TO-OCN with petList of size 3 :
20230512 063633.806 INFO             PET0           1      3      2
20230512 063633.815 INFO             PET0     esm - Setting Verbosity on created component to: high
20230512 063633.815 INFO             PET0     esm - Setting Profiling on created component to:          0
20230512 063633.815 INFO             PET0     esm - Creating connector component MED-TO-ATM with petList of size 3 :
20230512 063633.815 INFO             PET0           1      3      0
20230512 063633.826 INFO             PET0     esm - Setting Verbosity on created component to: high
20230512 063633.826 INFO             PET0     esm - Setting Profiling on created component to:          0
20230512 063633.826 INFO             PET0     esm - Creating connector component ATM-TO-MED with petList of size 3 :
20230512 063633.826 INFO             PET0           0      1      3
20230512 063633.835 INFO             PET0     esm - Setting Verbosity on created component to: high
20230512 063633.835 INFO             PET0     esm - Setting Profiling on created component to:          0
20230512 063633.840 INFO             PET0     esm: IInitAdvertise intro.
20230512 063633.840 INFO             PET0     esm: IInitAdvertise extro.
20230512 063633.840 INFO             PET0     ATM: InitializeIPDvXp01 intro.
20230512 063633.843 INFO             PET0     ATM: InitializeIPDvXp01 extro.
20230512 063633.849 INFO             PET0     ATM-TO-MED: InitializeIPDv05p1 intro.
20230512 063633.856 INFO             PET0       ATM-TO-MED: importState FieldTransferPolicy = transferNone
20230512 063633.856 INFO             PET0       ATM-TO-MED: exportState FieldTransferPolicy = transferNone
20230512 063633.856 INFO             PET0     ATM-TO-MED: InitializeIPDv05p1 extro.
20230512 063633.857 INFO             PET0     MED-TO-ATM: InitializeIPDv05p1 intro.
20230512 063633.869 INFO             PET0       MED-TO-ATM: importState FieldTransferPolicy = transferNone
20230512 063633.869 INFO             PET0       MED-TO-ATM: exportState FieldTransferPolicy = transferNone
20230512 063633.869 INFO             PET0     MED-TO-ATM: InitializeIPDv05p1 extro.
20230512 063633.869 INFO             PET0     esm: IInitAdvertiseFinish intro.
20230512 063633.869 INFO             PET0     esm: IInitAdvertiseFinish extro.
20230512 063633.870 INFO             PET0     ATM-TO-MED: InitializeIPDv05p2a intro.
20230512 063633.884 INFO             PET0       ATM-TO-MED:      importStandardNameList(i=  1): air_pressure_at_sea_level
20230512 063633.884 INFO             PET0       ATM-TO-MED:         importNamespaceList(i=  1): ATM
20230512 063633.884 INFO             PET0       ATM-TO-MED:            importCplSetList(i=  1): __UNSPECIFIED__
20230512 063633.884 INFO             PET0       ATM-TO-MED:      exportStandardNameList(j=  1): air_pressure_at_sea_level
20230512 063633.884 INFO             PET0       ATM-TO-MED:         exportNamespaceList(j=  1): MED
20230512 063633.884 INFO             PET0       ATM-TO-MED:            exportCplSetList(j=  1): __UNSPECIFIED__
20230512 063633.884 INFO             PET0       ATM-TO-MED: bondLevel= 1
20230512 063633.884 INFO             PET0       ATM-TO-MED: ProducerConnection (bondLevelMax):         1
20230512 063633.884 INFO             PET0       ATM-TO-MED:      importStandardNameList(i=  2): surface_net_downward_shortwave_flux
20230512 063633.884 INFO             PET0       ATM-TO-MED:         importNamespaceList(i=  2): ATM
20230512 063633.884 INFO             PET0       ATM-TO-MED:            importCplSetList(i=  2): __UNSPECIFIED__
20230512 063633.884 INFO             PET0       ATM-TO-MED:      exportStandardNameList(j=  2): surface_net_downward_shortwave_flux
20230512 063633.884 INFO             PET0       ATM-TO-MED:         exportNamespaceList(j=  2): MED
20230512 063633.884 INFO             PET0       ATM-TO-MED:            exportCplSetList(j=  2): __UNSPECIFIED__
20230512 063633.884 INFO             PET0       ATM-TO-MED: bondLevel= 1
20230512 063633.884 INFO             PET0       ATM-TO-MED: ProducerConnection (bondLevelMax):         1
20230512 063633.884 INFO             PET0     ATM-TO-MED: InitializeIPDv05p2a extro.
20230512 063633.884 INFO             PET0     MED-TO-ATM: InitializeIPDv05p2a intro.
20230512 063633.897 INFO             PET0       MED-TO-ATM:      importStandardNameList(i=  3): sea_surface_temperature
20230512 063633.897 INFO             PET0       MED-TO-ATM:         importNamespaceList(i=  3): MED
20230512 063633.897 INFO             PET0       MED-TO-ATM:            importCplSetList(i=  3): __UNSPECIFIED__
20230512 063633.897 INFO             PET0       MED-TO-ATM:      exportStandardNameList(j=  1): sea_surface_temperature
20230512 063633.897 INFO             PET0       MED-TO-ATM:         exportNamespaceList(j=  1): ATM
20230512 063633.897 INFO             PET0       MED-TO-ATM:            exportCplSetList(j=  1): __UNSPECIFIED__
20230512 063633.897 INFO             PET0       MED-TO-ATM: bondLevel= 1
20230512 063633.897 INFO             PET0       MED-TO-ATM: ProducerConnection (bondLevelMax):         1
20230512 063633.897 INFO             PET0     MED-TO-ATM: InitializeIPDv05p2a extro.
20230512 063633.897 INFO             PET0     ATM-TO-MED: InitializeIPDv05p2b intro.
20230512 063633.912 INFO             PET0       ATM-TO-MED:      importStandardNameList(i=  1): air_pressure_at_sea_level
20230512 063633.912 INFO             PET0       ATM-TO-MED:         importNamespaceList(i=  1): ATM
20230512 063633.912 INFO             PET0       ATM-TO-MED:            importCplSetList(i=  1): __UNSPECIFIED__
20230512 063633.912 INFO             PET0       ATM-TO-MED:      exportStandardNameList(j=  1): air_pressure_at_sea_level
20230512 063633.912 INFO             PET0       ATM-TO-MED:         exportNamespaceList(j=  1): MED
20230512 063633.912 INFO             PET0       ATM-TO-MED:            exportCplSetList(j=  1): __UNSPECIFIED__
20230512 063633.912 INFO             PET0       ATM-TO-MED: bondLevel= 1
20230512 063633.912 INFO             PET0       ATM-TO-MED: => added cplList(  1)=air_pressure_at_sea_level, cplSetList(  1)=__UNSPECIFIED__
20230512 063633.912 INFO             PET0       ATM-TO-MED:      importStandardNameList(i=  2): surface_net_downward_shortwave_flux
20230512 063633.912 INFO             PET0       ATM-TO-MED:         importNamespaceList(i=  2): ATM
20230512 063633.912 INFO             PET0       ATM-TO-MED:            importCplSetList(i=  2): __UNSPECIFIED__
20230512 063633.912 INFO             PET0       ATM-TO-MED:      exportStandardNameList(j=  2): surface_net_downward_shortwave_flux
20230512 063633.912 INFO             PET0       ATM-TO-MED:         exportNamespaceList(j=  2): MED
20230512 063633.912 INFO             PET0       ATM-TO-MED:            exportCplSetList(j=  2): __UNSPECIFIED__
20230512 063633.912 INFO             PET0       ATM-TO-MED: bondLevel= 1
20230512 063633.912 INFO             PET0       ATM-TO-MED: => added cplList(  2)=surface_net_downward_shortwave_flux, cplSetList(  2)=__UNSPECIFIED__
20230512 063633.912 INFO             PET0     ATM-TO-MED: InitializeIPDv05p2b extro.
20230512 063633.913 INFO             PET0     MED-TO-ATM: InitializeIPDv05p2b intro.
20230512 063633.925 INFO             PET0       MED-TO-ATM:      importStandardNameList(i=  3): sea_surface_temperature
20230512 063633.925 INFO             PET0       MED-TO-ATM:         importNamespaceList(i=  3): MED
20230512 063633.925 INFO             PET0       MED-TO-ATM:            importCplSetList(i=  3): __UNSPECIFIED__
20230512 063633.925 INFO             PET0       MED-TO-ATM:      exportStandardNameList(j=  1): sea_surface_temperature
20230512 063633.925 INFO             PET0       MED-TO-ATM:         exportNamespaceList(j=  1): ATM
20230512 063633.925 INFO             PET0       MED-TO-ATM:            exportCplSetList(j=  1): __UNSPECIFIED__
20230512 063633.925 INFO             PET0       MED-TO-ATM: bondLevel= 1
20230512 063633.925 INFO             PET0       MED-TO-ATM: => added cplList(  1)=sea_surface_temperature, cplSetList(  1)=__UNSPECIFIED__
20230512 063633.925 INFO             PET0     MED-TO-ATM: InitializeIPDv05p2b extro.
20230512 063633.926 INFO             PET0     esm: IInitModifyCplLists intro.
20230512 063633.926 INFO             PET0     esm: IInitModifyCplLists extro.
20230512 063633.926 INFO             PET0     ATM-TO-MED: InitializeIPDv05p3 intro.
20230512 063633.941 INFO             PET0       ATM-TO-MED: handle cplList(1): air_pressure_at_sea_level, cplSetList(1): __UNSPECIFIED__
20230512 063633.941 INFO             PET0       ATM-TO-MED: - connected.
20230512 063633.942 INFO             PET0       ATM-TO-MED: - both sides must provide the Field/GeomObject.
20230512 063633.942 INFO             PET0       ATM-TO-MED: handle cplList(2): surface_net_downward_shortwave_flux, cplSetList(2): __UNSPECIFIED__
20230512 063633.942 INFO             PET0       ATM-TO-MED: - connected.
20230512 063633.942 INFO             PET0       ATM-TO-MED: - both sides must provide the Field/GeomObject.
20230512 063633.942 INFO             PET0     ATM-TO-MED: InitializeIPDv05p3 extro.
20230512 063633.942 INFO             PET0     MED-TO-ATM: InitializeIPDv05p3 intro.
20230512 063633.955 INFO             PET0       MED-TO-ATM: handle cplList(1): sea_surface_temperature, cplSetList(1): __UNSPECIFIED__
20230512 063633.955 INFO             PET0       MED-TO-ATM: - connected.
20230512 063633.955 INFO             PET0       MED-TO-ATM: - both sides must provide the Field/GeomObject.
20230512 063633.955 INFO             PET0     MED-TO-ATM: InitializeIPDv05p3 extro.
20230512 063633.956 INFO             PET0     <<<esm: leaving Initialize (phase=<none>) with current time: 2010  6  1  0  0  0   0
20230512 063633.956 INFO             PET0   esm: InitializeIPDv02p1 extro.
20230512 063633.956 INFO             PET0   esm: InitializeIPDv02p3 intro.
20230512 063633.956 INFO             PET0     >>>esm: entered Initialize (phase=<none>) with current time: 2010  6  1  0  0  0   0
20230512 063633.956 INFO             PET0     esm: IInitCheck intro.
20230512 063633.956 INFO             PET0     esm: IInitCheck extro.
20230512 063633.956 INFO             PET0     ATM: InitializeIPDvXp04 intro.
20230512 063633.962 INFO             PET0     ATM: InitializeIPDvXp04 extro.
20230512 063633.977 INFO             PET0     ATM-TO-MED: InitializeIPDv05p4 intro.
20230512 063633.989 INFO             PET0       ATM-TO-MED: handle cplList(1): air_pressure_at_sea_level, cplSetList(1): __UNSPECIFIED__
20230512 063633.989 INFO             PET0       ATM-TO-MED: - nothing shared or transferred
20230512 063633.989 INFO             PET0       ATM-TO-MED: handle cplList(2): surface_net_downward_shortwave_flux, cplSetList(2): __UNSPECIFIED__
20230512 063633.989 INFO             PET0       ATM-TO-MED: - nothing shared or transferred
20230512 063633.989 INFO             PET0     ATM-TO-MED: InitializeIPDv05p4 extro.
20230512 063633.990 INFO             PET0     MED-TO-ATM: InitializeIPDv05p4 intro.
20230512 063634.010 INFO             PET0       MED-TO-ATM: handle cplList(1): sea_surface_temperature, cplSetList(1): __UNSPECIFIED__
20230512 063634.010 INFO             PET0       MED-TO-ATM: - nothing shared or transferred
20230512 063634.010 INFO             PET0     MED-TO-ATM: InitializeIPDv05p4 extro.
20230512 063634.011 INFO             PET0     ATM-TO-MED: InitializeIPDv05p5 intro.
20230512 063634.035 INFO             PET0       ATM-TO-MED: handle cplList(1): air_pressure_at_sea_level, cplSetList(1): __UNSPECIFIED__
20230512 063634.035 INFO             PET0       ATM-TO-MED: - nothing shared or transferred, or may already be handled
20230512 063634.035 INFO             PET0       ATM-TO-MED: handle cplList(2): surface_net_downward_shortwave_flux, cplSetList(2): __UNSPECIFIED__
20230512 063634.035 INFO             PET0       ATM-TO-MED: - nothing shared or transferred, or may already be handled
20230512 063634.035 INFO             PET0     ATM-TO-MED: InitializeIPDv05p5 extro.
20230512 063634.035 INFO             PET0     MED-TO-ATM: InitializeIPDv05p5 intro.
20230512 063634.056 INFO             PET0       MED-TO-ATM: handle cplList(1): sea_surface_temperature, cplSetList(1): __UNSPECIFIED__
20230512 063634.056 INFO             PET0       MED-TO-ATM: - nothing shared or transferred, or may already be handled
20230512 063634.056 INFO             PET0     MED-TO-ATM: InitializeIPDv05p5 extro.
20230512 063634.056 INFO             PET0     esm: IInitRealize intro.
20230512 063634.056 INFO             PET0     esm: IInitRealize extro.
20230512 063634.056 INFO             PET0     ATM-TO-MED: InitializeIPDv05p6a intro.
20230512 063634.080 INFO             PET0     ATM-TO-MED: InitializeIPDv05p6a extro.
20230512 063634.080 INFO             PET0     MED-TO-ATM: InitializeIPDv05p6a intro.
20230512 063634.100 INFO             PET0     MED-TO-ATM: InitializeIPDv05p6a extro.
20230512 063634.100 INFO             PET0     ATM-TO-MED: InitializeIPDv05p6b intro.
20230512 063634.101 INFO             PET0       ATM-TO-MED: handle cplList(1): air_pressure_at_sea_level, cplSetList(1): __UNSPECIFIED__
20230512 063634.101 INFO             PET0       ATM-TO-MED: - no Field sharing between import and export side: remap.
20230512 063634.101 INFO             PET0       ATM-TO-MED: handle cplList(2): surface_net_downward_shortwave_flux, cplSetList(2): __UNSPECIFIED__
20230512 063634.101 INFO             PET0       ATM-TO-MED: - no Field sharing between import and export side: remap.
20230512 063633.775 INFO             PET1 !!!!!!!!!!!!!!!!!!!!!!!!!!!!!!!!!!!!!!!!!!!!!!!!!!!!!!
20230512 063633.775 INFO             PET1 !!! THE ESMF_LOG IS SET TO OUTPUT ALL LOG MESSAGES !!!
20230512 063633.775 INFO             PET1 !!!     THIS MAY CAUSE SLOWDOWN IN PERFORMANCE     !!!
20230512 063633.775 INFO             PET1 !!! FOR PRODUCTION RUNS, USE:                      !!!
20230512 063633.775 INFO             PET1 !!!                   ESMF_LOGKIND_Multi_On_Error  !!!
20230512 063633.775 INFO             PET1 !!!!!!!!!!!!!!!!!!!!!!!!!!!!!!!!!!!!!!!!!!!!!!!!!!!!!!
20230512 063633.775 INFO             PET1 Running with ESMF Version   : v8.5.0b18-9-g15f3b88d4b
20230512 063633.775 INFO             PET1 ESMF library build date/time: "May 12 2023" "04:51:13"
20230512 063633.775 INFO             PET1 ESMF library build location : /glade/scratch/theurich/ESMF-Nightly-Testing/nvhpc_22.2_mpt_g_feature_fill_nan/esmf
20230512 063633.775 INFO             PET1 ESMF_COMM                   : mpt
20230512 063633.775 INFO             PET1 ESMF_MOAB                   : enabled
20230512 063633.775 INFO             PET1 ESMF_LAPACK                 : enabled
20230512 063633.775 INFO             PET1 ESMF_NETCDF                 : enabled
20230512 063633.775 INFO             PET1 ESMF_PNETCDF                : disabled
20230512 063633.775 INFO             PET1 ESMF_PIO                    : enabled
20230512 063633.775 INFO             PET1 ESMF_YAMLCPP                : enabled
20230512 063633.775 INFO             PET1 esmApp STARTING
20230512 063633.782 INFO             PET1 esm: InitializeGeneric intro.
20230512 063633.782 INFO             PET1   esm: InitializeP0 intro.
20230512 063633.782 INFO             PET1   esm: InitializeP0 extro.
20230512 063633.782 INFO             PET1   esm: InitializeIPDv02p1 intro.
20230512 063633.782 INFO             PET1     >>>esm: entered Initialize (phase=<none>) without valid internal Clock.
20230512 063633.782 INFO             PET1     esm - Creating model component ATM with petList of size 1 :
20230512 063633.782 INFO             PET1           0
20230512 063633.783 INFO             PET1     esm - Creating model component OCN with petList of size 1 :
20230512 063633.783 INFO             PET1           2
20230512 063633.783 INFO             PET1     esm - Creating model component MED with petList of size 2 :
20230512 063633.783 INFO             PET1           1      3
20230512 063633.789 INFO             PET1     esm - Creating state: modelComp 1 Import State
20230512 063633.789 INFO             PET1     esm - Creating state: modelComp 1 Export State
20230512 063633.790 INFO             PET1     esm - Creating state: modelComp 2 Import State
20230512 063633.790 INFO             PET1     esm - Creating state: modelComp 2 Export State
20230512 063633.790 INFO             PET1     esm - Creating state: modelComp 3 Import State
20230512 063633.790 INFO             PET1     esm - Creating state: modelComp 3 Export State
20230512 063633.792 INFO             PET1     MED: InitializeP0 intro.
20230512 063633.794 INFO             PET1     MED: InitializeP0 extro.
20230512 063633.797 INFO             PET1     esm - Creating connector component OCN-TO-MED with petList of size 3 :
20230512 063633.797 INFO             PET1           2      1      3
20230512 063633.806 INFO             PET1     esm - Setting Verbosity on created component to: high
20230512 063633.806 INFO             PET1     esm - Setting Profiling on created component to:          0
20230512 063633.806 INFO             PET1     esm - Creating connector component MED-TO-OCN with petList of size 3 :
20230512 063633.806 INFO             PET1           1      3      2
20230512 063633.815 INFO             PET1     esm - Setting Verbosity on created component to: high
20230512 063633.815 INFO             PET1     esm - Setting Profiling on created component to:          0
20230512 063633.815 INFO             PET1     esm - Creating connector component MED-TO-ATM with petList of size 3 :
20230512 063633.815 INFO             PET1           1      3      0
20230512 063633.826 INFO             PET1     esm - Setting Verbosity on created component to: high
20230512 063633.826 INFO             PET1     esm - Setting Profiling on created component to:          0
20230512 063633.826 INFO             PET1     esm - Creating connector component ATM-TO-MED with petList of size 3 :
20230512 063633.826 INFO             PET1           0      1      3
20230512 063633.835 INFO             PET1     esm - Setting Verbosity on created component to: high
20230512 063633.835 INFO             PET1     esm - Setting Profiling on created component to:          0
20230512 063633.840 INFO             PET1     esm: IInitAdvertise intro.
20230512 063633.840 INFO             PET1     esm: IInitAdvertise extro.
20230512 063633.840 INFO             PET1     MED: InitializeIPDvXp01 intro.
20230512 063633.846 INFO             PET1     MED: InitializeIPDvXp01 extro.
20230512 063633.849 INFO             PET1     ATM-TO-MED: InitializeIPDv05p1 intro.
20230512 063633.856 INFO             PET1       ATM-TO-MED: importState FieldTransferPolicy = transferNone
20230512 063633.856 INFO             PET1       ATM-TO-MED: exportState FieldTransferPolicy = transferNone
20230512 063633.856 INFO             PET1     ATM-TO-MED: InitializeIPDv05p1 extro.
20230512 063633.857 INFO             PET1     OCN-TO-MED: InitializeIPDv05p1 intro.
20230512 063633.863 INFO             PET1       OCN-TO-MED: importState FieldTransferPolicy = transferNone
20230512 063633.863 INFO             PET1       OCN-TO-MED: exportState FieldTransferPolicy = transferNone
20230512 063633.863 INFO             PET1     OCN-TO-MED: InitializeIPDv05p1 extro.
20230512 063633.863 INFO             PET1     MED-TO-ATM: InitializeIPDv05p1 intro.
20230512 063633.869 INFO             PET1       MED-TO-ATM: importState FieldTransferPolicy = transferNone
20230512 063633.869 INFO             PET1       MED-TO-ATM: exportState FieldTransferPolicy = transferNone
20230512 063633.869 INFO             PET1     MED-TO-ATM: InitializeIPDv05p1 extro.
20230512 063633.869 INFO             PET1     MED-TO-OCN: InitializeIPDv05p1 intro.
20230512 063633.876 INFO             PET1       MED-TO-OCN: importState FieldTransferPolicy = transferNone
20230512 063633.876 INFO             PET1       MED-TO-OCN: exportState FieldTransferPolicy = transferNone
20230512 063633.876 INFO             PET1     MED-TO-OCN: InitializeIPDv05p1 extro.
20230512 063633.876 INFO             PET1     esm: IInitAdvertiseFinish intro.
20230512 063633.876 INFO             PET1     esm: IInitAdvertiseFinish extro.
20230512 063633.877 INFO             PET1     ATM-TO-MED: InitializeIPDv05p2a intro.
20230512 063633.884 INFO             PET1       ATM-TO-MED:      importStandardNameList(i=  1): air_pressure_at_sea_level
20230512 063633.884 INFO             PET1       ATM-TO-MED:         importNamespaceList(i=  1): ATM
20230512 063633.884 INFO             PET1       ATM-TO-MED:            importCplSetList(i=  1): __UNSPECIFIED__
20230512 063633.884 INFO             PET1       ATM-TO-MED:      exportStandardNameList(j=  1): air_pressure_at_sea_level
20230512 063633.884 INFO             PET1       ATM-TO-MED:         exportNamespaceList(j=  1): MED
20230512 063633.884 INFO             PET1       ATM-TO-MED:            exportCplSetList(j=  1): __UNSPECIFIED__
20230512 063633.884 INFO             PET1       ATM-TO-MED: bondLevel= 1
20230512 063633.884 INFO             PET1       ATM-TO-MED: ProducerConnection (bondLevelMax):         1
20230512 063633.884 INFO             PET1       ATM-TO-MED:      importStandardNameList(i=  2): surface_net_downward_shortwave_flux
20230512 063633.884 INFO             PET1       ATM-TO-MED:         importNamespaceList(i=  2): ATM
20230512 063633.884 INFO             PET1       ATM-TO-MED:            importCplSetList(i=  2): __UNSPECIFIED__
20230512 063633.884 INFO             PET1       ATM-TO-MED:      exportStandardNameList(j=  2): surface_net_downward_shortwave_flux
20230512 063633.884 INFO             PET1       ATM-TO-MED:         exportNamespaceList(j=  2): MED
20230512 063633.884 INFO             PET1       ATM-TO-MED:            exportCplSetList(j=  2): __UNSPECIFIED__
20230512 063633.884 INFO             PET1       ATM-TO-MED: bondLevel= 1
20230512 063633.884 INFO             PET1       ATM-TO-MED: ProducerConnection (bondLevelMax):         1
20230512 063633.884 INFO             PET1     ATM-TO-MED: InitializeIPDv05p2a extro.
20230512 063633.884 INFO             PET1     OCN-TO-MED: InitializeIPDv05p2a intro.
20230512 063633.891 INFO             PET1       OCN-TO-MED:      importStandardNameList(i=  1): sea_surface_temperature
20230512 063633.891 INFO             PET1       OCN-TO-MED:         importNamespaceList(i=  1): OCN
20230512 063633.891 INFO             PET1       OCN-TO-MED:            importCplSetList(i=  1): __UNSPECIFIED__
20230512 063633.891 INFO             PET1       OCN-TO-MED:      exportStandardNameList(j=  3): sea_surface_temperature
20230512 063633.891 INFO             PET1       OCN-TO-MED:         exportNamespaceList(j=  3): MED
20230512 063633.891 INFO             PET1       OCN-TO-MED:            exportCplSetList(j=  3): __UNSPECIFIED__
20230512 063633.891 INFO             PET1       OCN-TO-MED: bondLevel= 1
20230512 063633.891 INFO             PET1       OCN-TO-MED: ProducerConnection (bondLevelMax):         1
20230512 063633.891 INFO             PET1     OCN-TO-MED: InitializeIPDv05p2a extro.
20230512 063633.891 INFO             PET1     MED-TO-ATM: InitializeIPDv05p2a intro.
20230512 063633.897 INFO             PET1       MED-TO-ATM:      importStandardNameList(i=  3): sea_surface_temperature
20230512 063633.897 INFO             PET1       MED-TO-ATM:         importNamespaceList(i=  3): MED
20230512 063633.897 INFO             PET1       MED-TO-ATM:            importCplSetList(i=  3): __UNSPECIFIED__
20230512 063633.897 INFO             PET1       MED-TO-ATM:      exportStandardNameList(j=  1): sea_surface_temperature
20230512 063633.897 INFO             PET1       MED-TO-ATM:         exportNamespaceList(j=  1): ATM
20230512 063633.897 INFO             PET1       MED-TO-ATM:            exportCplSetList(j=  1): __UNSPECIFIED__
20230512 063633.897 INFO             PET1       MED-TO-ATM: bondLevel= 1
20230512 063633.897 INFO             PET1       MED-TO-ATM: ProducerConnection (bondLevelMax):         1
20230512 063633.897 INFO             PET1     MED-TO-ATM: InitializeIPDv05p2a extro.
20230512 063633.897 INFO             PET1     MED-TO-OCN: InitializeIPDv05p2a intro.
20230512 063633.904 INFO             PET1       MED-TO-OCN:      importStandardNameList(i=  1): air_pressure_at_sea_level
20230512 063633.904 INFO             PET1       MED-TO-OCN:         importNamespaceList(i=  1): MED
20230512 063633.904 INFO             PET1       MED-TO-OCN:            importCplSetList(i=  1): __UNSPECIFIED__
20230512 063633.904 INFO             PET1       MED-TO-OCN:      exportStandardNameList(j=  1): air_pressure_at_sea_level
20230512 063633.904 INFO             PET1       MED-TO-OCN:         exportNamespaceList(j=  1): OCN
20230512 063633.904 INFO             PET1       MED-TO-OCN:            exportCplSetList(j=  1): __UNSPECIFIED__
20230512 063633.904 INFO             PET1       MED-TO-OCN: bondLevel= 1
20230512 063633.904 INFO             PET1       MED-TO-OCN: ProducerConnection (bondLevelMax):         1
20230512 063633.905 INFO             PET1       MED-TO-OCN:      importStandardNameList(i=  2): surface_net_downward_shortwave_flux
20230512 063633.905 INFO             PET1       MED-TO-OCN:         importNamespaceList(i=  2): MED
20230512 063633.905 INFO             PET1       MED-TO-OCN:            importCplSetList(i=  2): __UNSPECIFIED__
20230512 063633.905 INFO             PET1       MED-TO-OCN:      exportStandardNameList(j=  2): surface_net_downward_shortwave_flux
20230512 063633.905 INFO             PET1       MED-TO-OCN:         exportNamespaceList(j=  2): OCN
20230512 063633.905 INFO             PET1       MED-TO-OCN:            exportCplSetList(j=  2): __UNSPECIFIED__
20230512 063633.905 INFO             PET1       MED-TO-OCN: bondLevel= 1
20230512 063633.905 INFO             PET1       MED-TO-OCN: ProducerConnection (bondLevelMax):         1
20230512 063633.905 INFO             PET1     MED-TO-OCN: InitializeIPDv05p2a extro.
20230512 063633.905 INFO             PET1     ATM-TO-MED: InitializeIPDv05p2b intro.
20230512 063633.912 INFO             PET1       ATM-TO-MED:      importStandardNameList(i=  1): air_pressure_at_sea_level
20230512 063633.912 INFO             PET1       ATM-TO-MED:         importNamespaceList(i=  1): ATM
20230512 063633.912 INFO             PET1       ATM-TO-MED:            importCplSetList(i=  1): __UNSPECIFIED__
20230512 063633.912 INFO             PET1       ATM-TO-MED:      exportStandardNameList(j=  1): air_pressure_at_sea_level
20230512 063633.912 INFO             PET1       ATM-TO-MED:         exportNamespaceList(j=  1): MED
20230512 063633.912 INFO             PET1       ATM-TO-MED:            exportCplSetList(j=  1): __UNSPECIFIED__
20230512 063633.912 INFO             PET1       ATM-TO-MED: bondLevel= 1
20230512 063633.912 INFO             PET1       ATM-TO-MED: => added cplList(  1)=air_pressure_at_sea_level, cplSetList(  1)=__UNSPECIFIED__
20230512 063633.912 INFO             PET1       ATM-TO-MED:      importStandardNameList(i=  2): surface_net_downward_shortwave_flux
20230512 063633.912 INFO             PET1       ATM-TO-MED:         importNamespaceList(i=  2): ATM
20230512 063633.912 INFO             PET1       ATM-TO-MED:            importCplSetList(i=  2): __UNSPECIFIED__
20230512 063633.912 INFO             PET1       ATM-TO-MED:      exportStandardNameList(j=  2): surface_net_downward_shortwave_flux
20230512 063633.912 INFO             PET1       ATM-TO-MED:         exportNamespaceList(j=  2): MED
20230512 063633.912 INFO             PET1       ATM-TO-MED:            exportCplSetList(j=  2): __UNSPECIFIED__
20230512 063633.912 INFO             PET1       ATM-TO-MED: bondLevel= 1
20230512 063633.912 INFO             PET1       ATM-TO-MED: => added cplList(  2)=surface_net_downward_shortwave_flux, cplSetList(  2)=__UNSPECIFIED__
20230512 063633.912 INFO             PET1     ATM-TO-MED: InitializeIPDv05p2b extro.
20230512 063633.913 INFO             PET1     OCN-TO-MED: InitializeIPDv05p2b intro.
20230512 063633.919 INFO             PET1       OCN-TO-MED:      importStandardNameList(i=  1): sea_surface_temperature
20230512 063633.919 INFO             PET1       OCN-TO-MED:         importNamespaceList(i=  1): OCN
20230512 063633.919 INFO             PET1       OCN-TO-MED:            importCplSetList(i=  1): __UNSPECIFIED__
20230512 063633.919 INFO             PET1       OCN-TO-MED:      exportStandardNameList(j=  3): sea_surface_temperature
20230512 063633.919 INFO             PET1       OCN-TO-MED:         exportNamespaceList(j=  3): MED
20230512 063633.919 INFO             PET1       OCN-TO-MED:            exportCplSetList(j=  3): __UNSPECIFIED__
20230512 063633.919 INFO             PET1       OCN-TO-MED: bondLevel= 1
20230512 063633.919 INFO             PET1       OCN-TO-MED: => added cplList(  1)=sea_surface_temperature, cplSetList(  1)=__UNSPECIFIED__
20230512 063633.919 INFO             PET1     OCN-TO-MED: InitializeIPDv05p2b extro.
20230512 063633.919 INFO             PET1     MED-TO-ATM: InitializeIPDv05p2b intro.
20230512 063633.925 INFO             PET1       MED-TO-ATM:      importStandardNameList(i=  3): sea_surface_temperature
20230512 063633.925 INFO             PET1       MED-TO-ATM:         importNamespaceList(i=  3): MED
20230512 063633.925 INFO             PET1       MED-TO-ATM:            importCplSetList(i=  3): __UNSPECIFIED__
20230512 063633.925 INFO             PET1       MED-TO-ATM:      exportStandardNameList(j=  1): sea_surface_temperature
20230512 063633.925 INFO             PET1       MED-TO-ATM:         exportNamespaceList(j=  1): ATM
20230512 063633.925 INFO             PET1       MED-TO-ATM:            exportCplSetList(j=  1): __UNSPECIFIED__
20230512 063633.925 INFO             PET1       MED-TO-ATM: bondLevel= 1
20230512 063633.925 INFO             PET1       MED-TO-ATM: => added cplList(  1)=sea_surface_temperature, cplSetList(  1)=__UNSPECIFIED__
20230512 063633.925 INFO             PET1     MED-TO-ATM: InitializeIPDv05p2b extro.
20230512 063633.926 INFO             PET1     MED-TO-OCN: InitializeIPDv05p2b intro.
20230512 063633.933 INFO             PET1       MED-TO-OCN:      importStandardNameList(i=  1): air_pressure_at_sea_level
20230512 063633.933 INFO             PET1       MED-TO-OCN:         importNamespaceList(i=  1): MED
20230512 063633.933 INFO             PET1       MED-TO-OCN:            importCplSetList(i=  1): __UNSPECIFIED__
20230512 063633.933 INFO             PET1       MED-TO-OCN:      exportStandardNameList(j=  1): air_pressure_at_sea_level
20230512 063633.933 INFO             PET1       MED-TO-OCN:         exportNamespaceList(j=  1): OCN
20230512 063633.933 INFO             PET1       MED-TO-OCN:            exportCplSetList(j=  1): __UNSPECIFIED__
20230512 063633.933 INFO             PET1       MED-TO-OCN: bondLevel= 1
20230512 063633.933 INFO             PET1       MED-TO-OCN: => added cplList(  1)=air_pressure_at_sea_level, cplSetList(  1)=__UNSPECIFIED__
20230512 063633.933 INFO             PET1       MED-TO-OCN:      importStandardNameList(i=  2): surface_net_downward_shortwave_flux
20230512 063633.933 INFO             PET1       MED-TO-OCN:         importNamespaceList(i=  2): MED
20230512 063633.933 INFO             PET1       MED-TO-OCN:            importCplSetList(i=  2): __UNSPECIFIED__
20230512 063633.933 INFO             PET1       MED-TO-OCN:      exportStandardNameList(j=  2): surface_net_downward_shortwave_flux
20230512 063633.933 INFO             PET1       MED-TO-OCN:         exportNamespaceList(j=  2): OCN
20230512 063633.933 INFO             PET1       MED-TO-OCN:            exportCplSetList(j=  2): __UNSPECIFIED__
20230512 063633.933 INFO             PET1       MED-TO-OCN: bondLevel= 1
20230512 063633.933 INFO             PET1       MED-TO-OCN: => added cplList(  2)=surface_net_downward_shortwave_flux, cplSetList(  2)=__UNSPECIFIED__
20230512 063633.933 INFO             PET1     MED-TO-OCN: InitializeIPDv05p2b extro.
20230512 063633.933 INFO             PET1     esm: IInitModifyCplLists intro.
20230512 063633.934 INFO             PET1     esm: IInitModifyCplLists extro.
20230512 063633.934 INFO             PET1     ATM-TO-MED: InitializeIPDv05p3 intro.
20230512 063633.941 INFO             PET1       ATM-TO-MED: handle cplList(1): air_pressure_at_sea_level, cplSetList(1): __UNSPECIFIED__
20230512 063633.941 INFO             PET1       ATM-TO-MED: - connected.
20230512 063633.941 INFO             PET1       ATM-TO-MED: - both sides must provide the Field/GeomObject.
20230512 063633.941 INFO             PET1       ATM-TO-MED: handle cplList(2): surface_net_downward_shortwave_flux, cplSetList(2): __UNSPECIFIED__
20230512 063633.942 INFO             PET1       ATM-TO-MED: - connected.
20230512 063633.942 INFO             PET1       ATM-TO-MED: - both sides must provide the Field/GeomObject.
20230512 063633.942 INFO             PET1     ATM-TO-MED: InitializeIPDv05p3 extro.
20230512 063633.942 INFO             PET1     OCN-TO-MED: InitializeIPDv05p3 intro.
20230512 063633.948 INFO             PET1       OCN-TO-MED: handle cplList(1): sea_surface_temperature, cplSetList(1): __UNSPECIFIED__
20230512 063633.948 INFO             PET1       OCN-TO-MED: - connected.
20230512 063633.948 INFO             PET1       OCN-TO-MED: - both sides must provide the Field/GeomObject.
20230512 063633.949 INFO             PET1     OCN-TO-MED: InitializeIPDv05p3 extro.
20230512 063633.949 INFO             PET1     MED-TO-ATM: InitializeIPDv05p3 intro.
20230512 063633.955 INFO             PET1       MED-TO-ATM: handle cplList(1): sea_surface_temperature, cplSetList(1): __UNSPECIFIED__
20230512 063633.955 INFO             PET1       MED-TO-ATM: - connected.
20230512 063633.955 INFO             PET1       MED-TO-ATM: - both sides must provide the Field/GeomObject.
20230512 063633.955 INFO             PET1     MED-TO-ATM: InitializeIPDv05p3 extro.
20230512 063633.956 INFO             PET1     MED-TO-OCN: InitializeIPDv05p3 intro.
20230512 063633.963 INFO             PET1       MED-TO-OCN: handle cplList(1): air_pressure_at_sea_level, cplSetList(1): __UNSPECIFIED__
20230512 063633.963 INFO             PET1       MED-TO-OCN: - connected.
20230512 063633.963 INFO             PET1       MED-TO-OCN: - both sides must provide the Field/GeomObject.
20230512 063633.963 INFO             PET1       MED-TO-OCN: handle cplList(2): surface_net_downward_shortwave_flux, cplSetList(2): __UNSPECIFIED__
20230512 063633.963 INFO             PET1       MED-TO-OCN: - connected.
20230512 063633.963 INFO             PET1       MED-TO-OCN: - both sides must provide the Field/GeomObject.
20230512 063633.963 INFO             PET1     MED-TO-OCN: InitializeIPDv05p3 extro.
20230512 063633.963 INFO             PET1     <<<esm: leaving Initialize (phase=<none>) with current time: 2010  6  1  0  0  0   0
20230512 063633.963 INFO             PET1   esm: InitializeIPDv02p1 extro.
20230512 063633.963 INFO             PET1   esm: InitializeIPDv02p3 intro.
20230512 063633.964 INFO             PET1     >>>esm: entered Initialize (phase=<none>) with current time: 2010  6  1  0  0  0   0
20230512 063633.964 INFO             PET1     esm: IInitCheck intro.
20230512 063633.964 INFO             PET1     esm: IInitCheck extro.
20230512 063633.964 INFO             PET1     MED: InitializeIPDvXp04 intro.
20230512 063633.974 INFO             PET1     MED: InitializeIPDvXp04 extro.
20230512 063633.977 INFO             PET1     ATM-TO-MED: InitializeIPDv05p4 intro.
20230512 063633.989 INFO             PET1       ATM-TO-MED: handle cplList(1): air_pressure_at_sea_level, cplSetList(1): __UNSPECIFIED__
20230512 063633.989 INFO             PET1       ATM-TO-MED: - nothing shared or transferred
20230512 063633.989 INFO             PET1       ATM-TO-MED: handle cplList(2): surface_net_downward_shortwave_flux, cplSetList(2): __UNSPECIFIED__
20230512 063633.989 INFO             PET1       ATM-TO-MED: - nothing shared or transferred
20230512 063633.989 INFO             PET1     ATM-TO-MED: InitializeIPDv05p4 extro.
20230512 063633.990 INFO             PET1     OCN-TO-MED: InitializeIPDv05p4 intro.
20230512 063634.000 INFO             PET1       OCN-TO-MED: handle cplList(1): sea_surface_temperature, cplSetList(1): __UNSPECIFIED__
20230512 063634.000 INFO             PET1       OCN-TO-MED: - nothing shared or transferred
20230512 063634.000 INFO             PET1     OCN-TO-MED: InitializeIPDv05p4 extro.
20230512 063634.000 INFO             PET1     MED-TO-ATM: InitializeIPDv05p4 intro.
20230512 063634.010 INFO             PET1       MED-TO-ATM: handle cplList(1): sea_surface_temperature, cplSetList(1): __UNSPECIFIED__
20230512 063634.010 INFO             PET1       MED-TO-ATM: - nothing shared or transferred
20230512 063634.010 INFO             PET1     MED-TO-ATM: InitializeIPDv05p4 extro.
20230512 063634.010 INFO             PET1     MED-TO-OCN: InitializeIPDv05p4 intro.
20230512 063634.022 INFO             PET1       MED-TO-OCN: handle cplList(1): air_pressure_at_sea_level, cplSetList(1): __UNSPECIFIED__
20230512 063634.022 INFO             PET1       MED-TO-OCN: - nothing shared or transferred
20230512 063634.022 INFO             PET1       MED-TO-OCN: handle cplList(2): surface_net_downward_shortwave_flux, cplSetList(2): __UNSPECIFIED__
20230512 063634.022 INFO             PET1       MED-TO-OCN: - nothing shared or transferred
20230512 063634.022 INFO             PET1     MED-TO-OCN: InitializeIPDv05p4 extro.
20230512 063634.023 INFO             PET1     ATM-TO-MED: InitializeIPDv05p5 intro.
20230512 063634.035 INFO             PET1       ATM-TO-MED: handle cplList(1): air_pressure_at_sea_level, cplSetList(1): __UNSPECIFIED__
20230512 063634.035 INFO             PET1       ATM-TO-MED: - nothing shared or transferred, or may already be handled
20230512 063634.035 INFO             PET1       ATM-TO-MED: handle cplList(2): surface_net_downward_shortwave_flux, cplSetList(2): __UNSPECIFIED__
20230512 063634.035 INFO             PET1       ATM-TO-MED: - nothing shared or transferred, or may already be handled
20230512 063634.035 INFO             PET1     ATM-TO-MED: InitializeIPDv05p5 extro.
20230512 063634.035 INFO             PET1     OCN-TO-MED: InitializeIPDv05p5 intro.
20230512 063634.045 INFO             PET1       OCN-TO-MED: handle cplList(1): sea_surface_temperature, cplSetList(1): __UNSPECIFIED__
20230512 063634.045 INFO             PET1       OCN-TO-MED: - nothing shared or transferred, or may already be handled
20230512 063634.045 INFO             PET1     OCN-TO-MED: InitializeIPDv05p5 extro.
20230512 063634.046 INFO             PET1     MED-TO-ATM: InitializeIPDv05p5 intro.
20230512 063634.056 INFO             PET1       MED-TO-ATM: handle cplList(1): sea_surface_temperature, cplSetList(1): __UNSPECIFIED__
20230512 063634.056 INFO             PET1       MED-TO-ATM: - nothing shared or transferred, or may already be handled
20230512 063634.056 INFO             PET1     MED-TO-ATM: InitializeIPDv05p5 extro.
20230512 063634.056 INFO             PET1     MED-TO-OCN: InitializeIPDv05p5 intro.
20230512 063634.068 INFO             PET1       MED-TO-OCN: handle cplList(1): air_pressure_at_sea_level, cplSetList(1): __UNSPECIFIED__
20230512 063634.068 INFO             PET1       MED-TO-OCN: - nothing shared or transferred, or may already be handled
20230512 063634.068 INFO             PET1       MED-TO-OCN: handle cplList(2): surface_net_downward_shortwave_flux, cplSetList(2): __UNSPECIFIED__
20230512 063634.068 INFO             PET1       MED-TO-OCN: - nothing shared or transferred, or may already be handled
20230512 063634.068 INFO             PET1     MED-TO-OCN: InitializeIPDv05p5 extro.
20230512 063634.068 INFO             PET1     esm: IInitRealize intro.
20230512 063634.068 INFO             PET1     esm: IInitRealize extro.
20230512 063634.069 INFO             PET1     ATM-TO-MED: InitializeIPDv05p6a intro.
20230512 063634.080 INFO             PET1     ATM-TO-MED: InitializeIPDv05p6a extro.
20230512 063634.080 INFO             PET1     OCN-TO-MED: InitializeIPDv05p6a intro.
20230512 063634.090 INFO             PET1     OCN-TO-MED: InitializeIPDv05p6a extro.
20230512 063634.090 INFO             PET1     MED-TO-ATM: InitializeIPDv05p6a intro.
20230512 063634.100 INFO             PET1     MED-TO-ATM: InitializeIPDv05p6a extro.
20230512 063634.100 INFO             PET1     MED-TO-OCN: InitializeIPDv05p6a intro.
20230512 063634.112 INFO             PET1     MED-TO-OCN: InitializeIPDv05p6a extro.
20230512 063634.112 INFO             PET1     ATM-TO-MED: InitializeIPDv05p6b intro.
20230512 063634.112 INFO             PET1       ATM-TO-MED: handle cplList(1): air_pressure_at_sea_level, cplSetList(1): __UNSPECIFIED__
20230512 063634.112 INFO             PET1       ATM-TO-MED: - no Field sharing between import and export side: remap.
20230512 063634.113 INFO             PET1       ATM-TO-MED: handle cplList(2): surface_net_downward_shortwave_flux, cplSetList(2): __UNSPECIFIED__
20230512 063633.775 INFO             PET2 !!!!!!!!!!!!!!!!!!!!!!!!!!!!!!!!!!!!!!!!!!!!!!!!!!!!!!
20230512 063633.775 INFO             PET2 !!! THE ESMF_LOG IS SET TO OUTPUT ALL LOG MESSAGES !!!
20230512 063633.775 INFO             PET2 !!!     THIS MAY CAUSE SLOWDOWN IN PERFORMANCE     !!!
20230512 063633.775 INFO             PET2 !!! FOR PRODUCTION RUNS, USE:                      !!!
20230512 063633.775 INFO             PET2 !!!                   ESMF_LOGKIND_Multi_On_Error  !!!
20230512 063633.775 INFO             PET2 !!!!!!!!!!!!!!!!!!!!!!!!!!!!!!!!!!!!!!!!!!!!!!!!!!!!!!
20230512 063633.775 INFO             PET2 Running with ESMF Version   : v8.5.0b18-9-g15f3b88d4b
20230512 063633.775 INFO             PET2 ESMF library build date/time: "May 12 2023" "04:51:13"
20230512 063633.775 INFO             PET2 ESMF library build location : /glade/scratch/theurich/ESMF-Nightly-Testing/nvhpc_22.2_mpt_g_feature_fill_nan/esmf
20230512 063633.775 INFO             PET2 ESMF_COMM                   : mpt
20230512 063633.775 INFO             PET2 ESMF_MOAB                   : enabled
20230512 063633.775 INFO             PET2 ESMF_LAPACK                 : enabled
20230512 063633.775 INFO             PET2 ESMF_NETCDF                 : enabled
20230512 063633.775 INFO             PET2 ESMF_PNETCDF                : disabled
20230512 063633.775 INFO             PET2 ESMF_PIO                    : enabled
20230512 063633.775 INFO             PET2 ESMF_YAMLCPP                : enabled
20230512 063633.775 INFO             PET2 esmApp STARTING
20230512 063633.782 INFO             PET2 esm: InitializeGeneric intro.
20230512 063633.782 INFO             PET2   esm: InitializeP0 intro.
20230512 063633.782 INFO             PET2   esm: InitializeP0 extro.
20230512 063633.782 INFO             PET2   esm: InitializeIPDv02p1 intro.
20230512 063633.782 INFO             PET2     >>>esm: entered Initialize (phase=<none>) without valid internal Clock.
20230512 063633.782 INFO             PET2     esm - Creating model component ATM with petList of size 1 :
20230512 063633.782 INFO             PET2           0
20230512 063633.783 INFO             PET2     esm - Creating model component OCN with petList of size 1 :
20230512 063633.783 INFO             PET2           2
20230512 063633.786 INFO             PET2     esm - Creating model component MED with petList of size 2 :
20230512 063633.786 INFO             PET2           1      3
20230512 063633.787 INFO             PET2     esm - Creating state: modelComp 1 Import State
20230512 063633.787 INFO             PET2     esm - Creating state: modelComp 1 Export State
20230512 063633.787 INFO             PET2     esm - Creating state: modelComp 2 Import State
20230512 063633.787 INFO             PET2     esm - Creating state: modelComp 2 Export State
20230512 063633.788 INFO             PET2     esm - Creating state: modelComp 3 Import State
20230512 063633.788 INFO             PET2     esm - Creating state: modelComp 3 Export State
20230512 063633.789 INFO             PET2     OCN: InitializeP0 intro.
20230512 063633.791 INFO             PET2     OCN: InitializeP0 extro.
20230512 063633.797 INFO             PET2     esm - Creating connector component OCN-TO-MED with petList of size 3 :
20230512 063633.797 INFO             PET2           2      1      3
20230512 063633.806 INFO             PET2     esm - Setting Verbosity on created component to: high
20230512 063633.806 INFO             PET2     esm - Setting Profiling on created component to:          0
20230512 063633.806 INFO             PET2     esm - Creating connector component MED-TO-OCN with petList of size 3 :
20230512 063633.806 INFO             PET2           1      3      2
20230512 063633.815 INFO             PET2     esm - Setting Verbosity on created component to: high
20230512 063633.815 INFO             PET2     esm - Setting Profiling on created component to:          0
20230512 063633.815 INFO             PET2     esm - Creating connector component MED-TO-ATM with petList of size 3 :
20230512 063633.815 INFO             PET2           1      3      0
20230512 063633.826 INFO             PET2     esm - Setting Verbosity on created component to: high
20230512 063633.826 INFO             PET2     esm - Setting Profiling on created component to:          0
20230512 063633.826 INFO             PET2     esm - Creating connector component ATM-TO-MED with petList of size 3 :
20230512 063633.826 INFO             PET2           0      1      3
20230512 063633.835 INFO             PET2     esm - Setting Verbosity on created component to: high
20230512 063633.835 INFO             PET2     esm - Setting Profiling on created component to:          0
20230512 063633.840 INFO             PET2     esm: IInitAdvertise intro.
20230512 063633.840 INFO             PET2     esm: IInitAdvertise extro.
20230512 063633.840 INFO             PET2     OCN: InitializeIPDvXp01 intro.
20230512 063633.843 INFO             PET2     OCN: InitializeIPDvXp01 extro.
20230512 063633.849 INFO             PET2     OCN-TO-MED: InitializeIPDv05p1 intro.
20230512 063633.863 INFO             PET2       OCN-TO-MED: importState FieldTransferPolicy = transferNone
20230512 063633.863 INFO             PET2       OCN-TO-MED: exportState FieldTransferPolicy = transferNone
20230512 063633.863 INFO             PET2     OCN-TO-MED: InitializeIPDv05p1 extro.
20230512 063633.863 INFO             PET2     MED-TO-OCN: InitializeIPDv05p1 intro.
20230512 063633.876 INFO             PET2       MED-TO-OCN: importState FieldTransferPolicy = transferNone
20230512 063633.876 INFO             PET2       MED-TO-OCN: exportState FieldTransferPolicy = transferNone
20230512 063633.876 INFO             PET2     MED-TO-OCN: InitializeIPDv05p1 extro.
20230512 063633.876 INFO             PET2     esm: IInitAdvertiseFinish intro.
20230512 063633.876 INFO             PET2     esm: IInitAdvertiseFinish extro.
20230512 063633.877 INFO             PET2     OCN-TO-MED: InitializeIPDv05p2a intro.
20230512 063633.891 INFO             PET2       OCN-TO-MED:      importStandardNameList(i=  1): sea_surface_temperature
20230512 063633.891 INFO             PET2       OCN-TO-MED:         importNamespaceList(i=  1): OCN
20230512 063633.891 INFO             PET2       OCN-TO-MED:            importCplSetList(i=  1): __UNSPECIFIED__
20230512 063633.891 INFO             PET2       OCN-TO-MED:      exportStandardNameList(j=  3): sea_surface_temperature
20230512 063633.891 INFO             PET2       OCN-TO-MED:         exportNamespaceList(j=  3): MED
20230512 063633.891 INFO             PET2       OCN-TO-MED:            exportCplSetList(j=  3): __UNSPECIFIED__
20230512 063633.891 INFO             PET2       OCN-TO-MED: bondLevel= 1
20230512 063633.891 INFO             PET2       OCN-TO-MED: ProducerConnection (bondLevelMax):         1
20230512 063633.891 INFO             PET2     OCN-TO-MED: InitializeIPDv05p2a extro.
20230512 063633.891 INFO             PET2     MED-TO-OCN: InitializeIPDv05p2a intro.
20230512 063633.904 INFO             PET2       MED-TO-OCN:      importStandardNameList(i=  1): air_pressure_at_sea_level
20230512 063633.904 INFO             PET2       MED-TO-OCN:         importNamespaceList(i=  1): MED
20230512 063633.904 INFO             PET2       MED-TO-OCN:            importCplSetList(i=  1): __UNSPECIFIED__
20230512 063633.904 INFO             PET2       MED-TO-OCN:      exportStandardNameList(j=  1): air_pressure_at_sea_level
20230512 063633.904 INFO             PET2       MED-TO-OCN:         exportNamespaceList(j=  1): OCN
20230512 063633.904 INFO             PET2       MED-TO-OCN:            exportCplSetList(j=  1): __UNSPECIFIED__
20230512 063633.904 INFO             PET2       MED-TO-OCN: bondLevel= 1
20230512 063633.904 INFO             PET2       MED-TO-OCN: ProducerConnection (bondLevelMax):         1
20230512 063633.904 INFO             PET2       MED-TO-OCN:      importStandardNameList(i=  2): surface_net_downward_shortwave_flux
20230512 063633.905 INFO             PET2       MED-TO-OCN:         importNamespaceList(i=  2): MED
20230512 063633.905 INFO             PET2       MED-TO-OCN:            importCplSetList(i=  2): __UNSPECIFIED__
20230512 063633.905 INFO             PET2       MED-TO-OCN:      exportStandardNameList(j=  2): surface_net_downward_shortwave_flux
20230512 063633.905 INFO             PET2       MED-TO-OCN:         exportNamespaceList(j=  2): OCN
20230512 063633.905 INFO             PET2       MED-TO-OCN:            exportCplSetList(j=  2): __UNSPECIFIED__
20230512 063633.905 INFO             PET2       MED-TO-OCN: bondLevel= 1
20230512 063633.905 INFO             PET2       MED-TO-OCN: ProducerConnection (bondLevelMax):         1
20230512 063633.905 INFO             PET2     MED-TO-OCN: InitializeIPDv05p2a extro.
20230512 063633.905 INFO             PET2     OCN-TO-MED: InitializeIPDv05p2b intro.
20230512 063633.919 INFO             PET2       OCN-TO-MED:      importStandardNameList(i=  1): sea_surface_temperature
20230512 063633.919 INFO             PET2       OCN-TO-MED:         importNamespaceList(i=  1): OCN
20230512 063633.919 INFO             PET2       OCN-TO-MED:            importCplSetList(i=  1): __UNSPECIFIED__
20230512 063633.919 INFO             PET2       OCN-TO-MED:      exportStandardNameList(j=  3): sea_surface_temperature
20230512 063633.919 INFO             PET2       OCN-TO-MED:         exportNamespaceList(j=  3): MED
20230512 063633.919 INFO             PET2       OCN-TO-MED:            exportCplSetList(j=  3): __UNSPECIFIED__
20230512 063633.919 INFO             PET2       OCN-TO-MED: bondLevel= 1
20230512 063633.919 INFO             PET2       OCN-TO-MED: => added cplList(  1)=sea_surface_temperature, cplSetList(  1)=__UNSPECIFIED__
20230512 063633.919 INFO             PET2     OCN-TO-MED: InitializeIPDv05p2b extro.
20230512 063633.919 INFO             PET2     MED-TO-OCN: InitializeIPDv05p2b intro.
20230512 063633.933 INFO             PET2       MED-TO-OCN:      importStandardNameList(i=  1): air_pressure_at_sea_level
20230512 063633.933 INFO             PET2       MED-TO-OCN:         importNamespaceList(i=  1): MED
20230512 063633.933 INFO             PET2       MED-TO-OCN:            importCplSetList(i=  1): __UNSPECIFIED__
20230512 063633.933 INFO             PET2       MED-TO-OCN:      exportStandardNameList(j=  1): air_pressure_at_sea_level
20230512 063633.933 INFO             PET2       MED-TO-OCN:         exportNamespaceList(j=  1): OCN
20230512 063633.933 INFO             PET2       MED-TO-OCN:            exportCplSetList(j=  1): __UNSPECIFIED__
20230512 063633.933 INFO             PET2       MED-TO-OCN: bondLevel= 1
20230512 063633.933 INFO             PET2       MED-TO-OCN: => added cplList(  1)=air_pressure_at_sea_level, cplSetList(  1)=__UNSPECIFIED__
20230512 063633.933 INFO             PET2       MED-TO-OCN:      importStandardNameList(i=  2): surface_net_downward_shortwave_flux
20230512 063633.933 INFO             PET2       MED-TO-OCN:         importNamespaceList(i=  2): MED
20230512 063633.933 INFO             PET2       MED-TO-OCN:            importCplSetList(i=  2): __UNSPECIFIED__
20230512 063633.933 INFO             PET2       MED-TO-OCN:      exportStandardNameList(j=  2): surface_net_downward_shortwave_flux
20230512 063633.933 INFO             PET2       MED-TO-OCN:         exportNamespaceList(j=  2): OCN
20230512 063633.933 INFO             PET2       MED-TO-OCN:            exportCplSetList(j=  2): __UNSPECIFIED__
20230512 063633.933 INFO             PET2       MED-TO-OCN: bondLevel= 1
20230512 063633.933 INFO             PET2       MED-TO-OCN: => added cplList(  2)=surface_net_downward_shortwave_flux, cplSetList(  2)=__UNSPECIFIED__
20230512 063633.933 INFO             PET2     MED-TO-OCN: InitializeIPDv05p2b extro.
20230512 063633.933 INFO             PET2     esm: IInitModifyCplLists intro.
20230512 063633.934 INFO             PET2     esm: IInitModifyCplLists extro.
20230512 063633.934 INFO             PET2     OCN-TO-MED: InitializeIPDv05p3 intro.
20230512 063633.948 INFO             PET2       OCN-TO-MED: handle cplList(1): sea_surface_temperature, cplSetList(1): __UNSPECIFIED__
20230512 063633.948 INFO             PET2       OCN-TO-MED: - connected.
20230512 063633.949 INFO             PET2       OCN-TO-MED: - both sides must provide the Field/GeomObject.
20230512 063633.949 INFO             PET2     OCN-TO-MED: InitializeIPDv05p3 extro.
20230512 063633.949 INFO             PET2     MED-TO-OCN: InitializeIPDv05p3 intro.
20230512 063633.963 INFO             PET2       MED-TO-OCN: handle cplList(1): air_pressure_at_sea_level, cplSetList(1): __UNSPECIFIED__
20230512 063633.963 INFO             PET2       MED-TO-OCN: - connected.
20230512 063633.963 INFO             PET2       MED-TO-OCN: - both sides must provide the Field/GeomObject.
20230512 063633.963 INFO             PET2       MED-TO-OCN: handle cplList(2): surface_net_downward_shortwave_flux, cplSetList(2): __UNSPECIFIED__
20230512 063633.963 INFO             PET2       MED-TO-OCN: - connected.
20230512 063633.963 INFO             PET2       MED-TO-OCN: - both sides must provide the Field/GeomObject.
20230512 063633.963 INFO             PET2     MED-TO-OCN: InitializeIPDv05p3 extro.
20230512 063633.963 INFO             PET2     <<<esm: leaving Initialize (phase=<none>) with current time: 2010  6  1  0  0  0   0
20230512 063633.963 INFO             PET2   esm: InitializeIPDv02p1 extro.
20230512 063633.963 INFO             PET2   esm: InitializeIPDv02p3 intro.
20230512 063633.963 INFO             PET2     >>>esm: entered Initialize (phase=<none>) with current time: 2010  6  1  0  0  0   0
20230512 063633.964 INFO             PET2     esm: IInitCheck intro.
20230512 063633.964 INFO             PET2     esm: IInitCheck extro.
20230512 063633.964 INFO             PET2     OCN: InitializeIPDvXp04 intro.
20230512 063633.970 INFO             PET2     OCN: InitializeIPDvXp04 extro.
20230512 063633.977 INFO             PET2     OCN-TO-MED: InitializeIPDv05p4 intro.
20230512 063634.000 INFO             PET2       OCN-TO-MED: handle cplList(1): sea_surface_temperature, cplSetList(1): __UNSPECIFIED__
20230512 063634.000 INFO             PET2       OCN-TO-MED: - nothing shared or transferred
20230512 063634.000 INFO             PET2     OCN-TO-MED: InitializeIPDv05p4 extro.
20230512 063634.000 INFO             PET2     MED-TO-OCN: InitializeIPDv05p4 intro.
20230512 063634.022 INFO             PET2       MED-TO-OCN: handle cplList(1): air_pressure_at_sea_level, cplSetList(1): __UNSPECIFIED__
20230512 063634.022 INFO             PET2       MED-TO-OCN: - nothing shared or transferred
20230512 063634.022 INFO             PET2       MED-TO-OCN: handle cplList(2): surface_net_downward_shortwave_flux, cplSetList(2): __UNSPECIFIED__
20230512 063634.022 INFO             PET2       MED-TO-OCN: - nothing shared or transferred
20230512 063634.022 INFO             PET2     MED-TO-OCN: InitializeIPDv05p4 extro.
20230512 063634.023 INFO             PET2     OCN-TO-MED: InitializeIPDv05p5 intro.
20230512 063634.045 INFO             PET2       OCN-TO-MED: handle cplList(1): sea_surface_temperature, cplSetList(1): __UNSPECIFIED__
20230512 063634.045 INFO             PET2       OCN-TO-MED: - nothing shared or transferred, or may already be handled
20230512 063634.045 INFO             PET2     OCN-TO-MED: InitializeIPDv05p5 extro.
20230512 063634.046 INFO             PET2     MED-TO-OCN: InitializeIPDv05p5 intro.
20230512 063634.068 INFO             PET2       MED-TO-OCN: handle cplList(1): air_pressure_at_sea_level, cplSetList(1): __UNSPECIFIED__
20230512 063634.068 INFO             PET2       MED-TO-OCN: - nothing shared or transferred, or may already be handled
20230512 063634.068 INFO             PET2       MED-TO-OCN: handle cplList(2): surface_net_downward_shortwave_flux, cplSetList(2): __UNSPECIFIED__
20230512 063634.068 INFO             PET2       MED-TO-OCN: - nothing shared or transferred, or may already be handled
20230512 063634.068 INFO             PET2     MED-TO-OCN: InitializeIPDv05p5 extro.
20230512 063634.068 INFO             PET2     esm: IInitRealize intro.
20230512 063634.068 INFO             PET2     esm: IInitRealize extro.
20230512 063634.069 INFO             PET2     OCN-TO-MED: InitializeIPDv05p6a intro.
20230512 063634.090 INFO             PET2     OCN-TO-MED: InitializeIPDv05p6a extro.
20230512 063634.090 INFO             PET2     MED-TO-OCN: InitializeIPDv05p6a intro.
20230512 063634.112 INFO             PET2     MED-TO-OCN: InitializeIPDv05p6a extro.
20230512 063634.112 INFO             PET2     OCN-TO-MED: InitializeIPDv05p6b intro.
20230512 063634.112 INFO             PET2       OCN-TO-MED: handle cplList(1): sea_surface_temperature, cplSetList(1): __UNSPECIFIED__
20230512 063634.112 INFO             PET2       OCN-TO-MED: - no Field sharing between import and export side: remap.
20230512 063634.113 DEBUG            PET2       ESMF_FieldBundleRegridStorePair(): Inside 'rhReuse' branch!
20230512 063634.113 DEBUG            PET2       ESMF_FieldBundleRegridStorePair(): srcGeomtype==ESMF_GEOMTYPE_GRID
20230512 063633.774 INFO             PET3 !!!!!!!!!!!!!!!!!!!!!!!!!!!!!!!!!!!!!!!!!!!!!!!!!!!!!!
20230512 063633.775 INFO             PET3 !!! THE ESMF_LOG IS SET TO OUTPUT ALL LOG MESSAGES !!!
20230512 063633.775 INFO             PET3 !!!     THIS MAY CAUSE SLOWDOWN IN PERFORMANCE     !!!
20230512 063633.775 INFO             PET3 !!! FOR PRODUCTION RUNS, USE:                      !!!
20230512 063633.775 INFO             PET3 !!!                   ESMF_LOGKIND_Multi_On_Error  !!!
20230512 063633.775 INFO             PET3 !!!!!!!!!!!!!!!!!!!!!!!!!!!!!!!!!!!!!!!!!!!!!!!!!!!!!!
20230512 063633.775 INFO             PET3 Running with ESMF Version   : v8.5.0b18-9-g15f3b88d4b
20230512 063633.775 INFO             PET3 ESMF library build date/time: "May 12 2023" "04:51:13"
20230512 063633.775 INFO             PET3 ESMF library build location : /glade/scratch/theurich/ESMF-Nightly-Testing/nvhpc_22.2_mpt_g_feature_fill_nan/esmf
20230512 063633.775 INFO             PET3 ESMF_COMM                   : mpt
20230512 063633.775 INFO             PET3 ESMF_MOAB                   : enabled
20230512 063633.775 INFO             PET3 ESMF_LAPACK                 : enabled
20230512 063633.775 INFO             PET3 ESMF_NETCDF                 : enabled
20230512 063633.775 INFO             PET3 ESMF_PNETCDF                : disabled
20230512 063633.775 INFO             PET3 ESMF_PIO                    : enabled
20230512 063633.775 INFO             PET3 ESMF_YAMLCPP                : enabled
20230512 063633.775 INFO             PET3 esmApp STARTING
20230512 063633.782 INFO             PET3 esm: InitializeGeneric intro.
20230512 063633.782 INFO             PET3   esm: InitializeP0 intro.
20230512 063633.782 INFO             PET3   esm: InitializeP0 extro.
20230512 063633.782 INFO             PET3   esm: InitializeIPDv02p1 intro.
20230512 063633.782 INFO             PET3     >>>esm: entered Initialize (phase=<none>) without valid internal Clock.
20230512 063633.782 INFO             PET3     esm - Creating model component ATM with petList of size 1 :
20230512 063633.782 INFO             PET3           0
20230512 063633.783 INFO             PET3     esm - Creating model component OCN with petList of size 1 :
20230512 063633.783 INFO             PET3           2
20230512 063633.783 INFO             PET3     esm - Creating model component MED with petList of size 2 :
20230512 063633.783 INFO             PET3           1      3
20230512 063633.789 INFO             PET3     esm - Creating state: modelComp 1 Import State
20230512 063633.789 INFO             PET3     esm - Creating state: modelComp 1 Export State
20230512 063633.790 INFO             PET3     esm - Creating state: modelComp 2 Import State
20230512 063633.790 INFO             PET3     esm - Creating state: modelComp 2 Export State
20230512 063633.790 INFO             PET3     esm - Creating state: modelComp 3 Import State
20230512 063633.790 INFO             PET3     esm - Creating state: modelComp 3 Export State
20230512 063633.792 INFO             PET3     MED: InitializeP0 intro.
20230512 063633.793 INFO             PET3     MED: InitializeP0 extro.
20230512 063633.797 INFO             PET3     esm - Creating connector component OCN-TO-MED with petList of size 3 :
20230512 063633.797 INFO             PET3           2      1      3
20230512 063633.806 INFO             PET3     esm - Setting Verbosity on created component to: high
20230512 063633.806 INFO             PET3     esm - Setting Profiling on created component to:          0
20230512 063633.806 INFO             PET3     esm - Creating connector component MED-TO-OCN with petList of size 3 :
20230512 063633.806 INFO             PET3           1      3      2
20230512 063633.815 INFO             PET3     esm - Setting Verbosity on created component to: high
20230512 063633.815 INFO             PET3     esm - Setting Profiling on created component to:          0
20230512 063633.815 INFO             PET3     esm - Creating connector component MED-TO-ATM with petList of size 3 :
20230512 063633.815 INFO             PET3           1      3      0
20230512 063633.826 INFO             PET3     esm - Setting Verbosity on created component to: high
20230512 063633.826 INFO             PET3     esm - Setting Profiling on created component to:          0
20230512 063633.826 INFO             PET3     esm - Creating connector component ATM-TO-MED with petList of size 3 :
20230512 063633.826 INFO             PET3           0      1      3
20230512 063633.835 INFO             PET3     esm - Setting Verbosity on created component to: high
20230512 063633.835 INFO             PET3     esm - Setting Profiling on created component to:          0
20230512 063633.840 INFO             PET3     esm: IInitAdvertise intro.
20230512 063633.840 INFO             PET3     esm: IInitAdvertise extro.
20230512 063633.840 INFO             PET3     MED: InitializeIPDvXp01 intro.
20230512 063633.846 INFO             PET3     MED: InitializeIPDvXp01 extro.
20230512 063633.849 INFO             PET3     ATM-TO-MED: InitializeIPDv05p1 intro.
20230512 063633.856 INFO             PET3       ATM-TO-MED: importState FieldTransferPolicy = transferNone
20230512 063633.856 INFO             PET3       ATM-TO-MED: exportState FieldTransferPolicy = transferNone
20230512 063633.856 INFO             PET3     ATM-TO-MED: InitializeIPDv05p1 extro.
20230512 063633.857 INFO             PET3     OCN-TO-MED: InitializeIPDv05p1 intro.
20230512 063633.863 INFO             PET3       OCN-TO-MED: importState FieldTransferPolicy = transferNone
20230512 063633.863 INFO             PET3       OCN-TO-MED: exportState FieldTransferPolicy = transferNone
20230512 063633.863 INFO             PET3     OCN-TO-MED: InitializeIPDv05p1 extro.
20230512 063633.863 INFO             PET3     MED-TO-ATM: InitializeIPDv05p1 intro.
20230512 063633.869 INFO             PET3       MED-TO-ATM: importState FieldTransferPolicy = transferNone
20230512 063633.869 INFO             PET3       MED-TO-ATM: exportState FieldTransferPolicy = transferNone
20230512 063633.869 INFO             PET3     MED-TO-ATM: InitializeIPDv05p1 extro.
20230512 063633.869 INFO             PET3     MED-TO-OCN: InitializeIPDv05p1 intro.
20230512 063633.876 INFO             PET3       MED-TO-OCN: importState FieldTransferPolicy = transferNone
20230512 063633.876 INFO             PET3       MED-TO-OCN: exportState FieldTransferPolicy = transferNone
20230512 063633.876 INFO             PET3     MED-TO-OCN: InitializeIPDv05p1 extro.
20230512 063633.876 INFO             PET3     esm: IInitAdvertiseFinish intro.
20230512 063633.876 INFO             PET3     esm: IInitAdvertiseFinish extro.
20230512 063633.877 INFO             PET3     ATM-TO-MED: InitializeIPDv05p2a intro.
20230512 063633.884 INFO             PET3       ATM-TO-MED:      importStandardNameList(i=  1): air_pressure_at_sea_level
20230512 063633.884 INFO             PET3       ATM-TO-MED:         importNamespaceList(i=  1): ATM
20230512 063633.884 INFO             PET3       ATM-TO-MED:            importCplSetList(i=  1): __UNSPECIFIED__
20230512 063633.884 INFO             PET3       ATM-TO-MED:      exportStandardNameList(j=  1): air_pressure_at_sea_level
20230512 063633.884 INFO             PET3       ATM-TO-MED:         exportNamespaceList(j=  1): MED
20230512 063633.884 INFO             PET3       ATM-TO-MED:            exportCplSetList(j=  1): __UNSPECIFIED__
20230512 063633.884 INFO             PET3       ATM-TO-MED: bondLevel= 1
20230512 063633.884 INFO             PET3       ATM-TO-MED: ProducerConnection (bondLevelMax):         1
20230512 063633.884 INFO             PET3       ATM-TO-MED:      importStandardNameList(i=  2): surface_net_downward_shortwave_flux
20230512 063633.884 INFO             PET3       ATM-TO-MED:         importNamespaceList(i=  2): ATM
20230512 063633.884 INFO             PET3       ATM-TO-MED:            importCplSetList(i=  2): __UNSPECIFIED__
20230512 063633.884 INFO             PET3       ATM-TO-MED:      exportStandardNameList(j=  2): surface_net_downward_shortwave_flux
20230512 063633.884 INFO             PET3       ATM-TO-MED:         exportNamespaceList(j=  2): MED
20230512 063633.884 INFO             PET3       ATM-TO-MED:            exportCplSetList(j=  2): __UNSPECIFIED__
20230512 063633.884 INFO             PET3       ATM-TO-MED: bondLevel= 1
20230512 063633.884 INFO             PET3       ATM-TO-MED: ProducerConnection (bondLevelMax):         1
20230512 063633.884 INFO             PET3     ATM-TO-MED: InitializeIPDv05p2a extro.
20230512 063633.884 INFO             PET3     OCN-TO-MED: InitializeIPDv05p2a intro.
20230512 063633.891 INFO             PET3       OCN-TO-MED:      importStandardNameList(i=  1): sea_surface_temperature
20230512 063633.891 INFO             PET3       OCN-TO-MED:         importNamespaceList(i=  1): OCN
20230512 063633.891 INFO             PET3       OCN-TO-MED:            importCplSetList(i=  1): __UNSPECIFIED__
20230512 063633.891 INFO             PET3       OCN-TO-MED:      exportStandardNameList(j=  3): sea_surface_temperature
20230512 063633.891 INFO             PET3       OCN-TO-MED:         exportNamespaceList(j=  3): MED
20230512 063633.891 INFO             PET3       OCN-TO-MED:            exportCplSetList(j=  3): __UNSPECIFIED__
20230512 063633.891 INFO             PET3       OCN-TO-MED: bondLevel= 1
20230512 063633.891 INFO             PET3       OCN-TO-MED: ProducerConnection (bondLevelMax):         1
20230512 063633.891 INFO             PET3     OCN-TO-MED: InitializeIPDv05p2a extro.
20230512 063633.891 INFO             PET3     MED-TO-ATM: InitializeIPDv05p2a intro.
20230512 063633.897 INFO             PET3       MED-TO-ATM:      importStandardNameList(i=  3): sea_surface_temperature
20230512 063633.897 INFO             PET3       MED-TO-ATM:         importNamespaceList(i=  3): MED
20230512 063633.897 INFO             PET3       MED-TO-ATM:            importCplSetList(i=  3): __UNSPECIFIED__
20230512 063633.897 INFO             PET3       MED-TO-ATM:      exportStandardNameList(j=  1): sea_surface_temperature
20230512 063633.897 INFO             PET3       MED-TO-ATM:         exportNamespaceList(j=  1): ATM
20230512 063633.897 INFO             PET3       MED-TO-ATM:            exportCplSetList(j=  1): __UNSPECIFIED__
20230512 063633.897 INFO             PET3       MED-TO-ATM: bondLevel= 1
20230512 063633.897 INFO             PET3       MED-TO-ATM: ProducerConnection (bondLevelMax):         1
20230512 063633.897 INFO             PET3     MED-TO-ATM: InitializeIPDv05p2a extro.
20230512 063633.897 INFO             PET3     MED-TO-OCN: InitializeIPDv05p2a intro.
20230512 063633.904 INFO             PET3       MED-TO-OCN:      importStandardNameList(i=  1): air_pressure_at_sea_level
20230512 063633.904 INFO             PET3       MED-TO-OCN:         importNamespaceList(i=  1): MED
20230512 063633.904 INFO             PET3       MED-TO-OCN:            importCplSetList(i=  1): __UNSPECIFIED__
20230512 063633.904 INFO             PET3       MED-TO-OCN:      exportStandardNameList(j=  1): air_pressure_at_sea_level
20230512 063633.904 INFO             PET3       MED-TO-OCN:         exportNamespaceList(j=  1): OCN
20230512 063633.904 INFO             PET3       MED-TO-OCN:            exportCplSetList(j=  1): __UNSPECIFIED__
20230512 063633.904 INFO             PET3       MED-TO-OCN: bondLevel= 1
20230512 063633.904 INFO             PET3       MED-TO-OCN: ProducerConnection (bondLevelMax):         1
20230512 063633.905 INFO             PET3       MED-TO-OCN:      importStandardNameList(i=  2): surface_net_downward_shortwave_flux
20230512 063633.905 INFO             PET3       MED-TO-OCN:         importNamespaceList(i=  2): MED
20230512 063633.905 INFO             PET3       MED-TO-OCN:            importCplSetList(i=  2): __UNSPECIFIED__
20230512 063633.905 INFO             PET3       MED-TO-OCN:      exportStandardNameList(j=  2): surface_net_downward_shortwave_flux
20230512 063633.905 INFO             PET3       MED-TO-OCN:         exportNamespaceList(j=  2): OCN
20230512 063633.905 INFO             PET3       MED-TO-OCN:            exportCplSetList(j=  2): __UNSPECIFIED__
20230512 063633.905 INFO             PET3       MED-TO-OCN: bondLevel= 1
20230512 063633.905 INFO             PET3       MED-TO-OCN: ProducerConnection (bondLevelMax):         1
20230512 063633.905 INFO             PET3     MED-TO-OCN: InitializeIPDv05p2a extro.
20230512 063633.905 INFO             PET3     ATM-TO-MED: InitializeIPDv05p2b intro.
20230512 063633.912 INFO             PET3       ATM-TO-MED:      importStandardNameList(i=  1): air_pressure_at_sea_level
20230512 063633.912 INFO             PET3       ATM-TO-MED:         importNamespaceList(i=  1): ATM
20230512 063633.912 INFO             PET3       ATM-TO-MED:            importCplSetList(i=  1): __UNSPECIFIED__
20230512 063633.912 INFO             PET3       ATM-TO-MED:      exportStandardNameList(j=  1): air_pressure_at_sea_level
20230512 063633.912 INFO             PET3       ATM-TO-MED:         exportNamespaceList(j=  1): MED
20230512 063633.912 INFO             PET3       ATM-TO-MED:            exportCplSetList(j=  1): __UNSPECIFIED__
20230512 063633.912 INFO             PET3       ATM-TO-MED: bondLevel= 1
20230512 063633.912 INFO             PET3       ATM-TO-MED: => added cplList(  1)=air_pressure_at_sea_level, cplSetList(  1)=__UNSPECIFIED__
20230512 063633.912 INFO             PET3       ATM-TO-MED:      importStandardNameList(i=  2): surface_net_downward_shortwave_flux
20230512 063633.912 INFO             PET3       ATM-TO-MED:         importNamespaceList(i=  2): ATM
20230512 063633.912 INFO             PET3       ATM-TO-MED:            importCplSetList(i=  2): __UNSPECIFIED__
20230512 063633.912 INFO             PET3       ATM-TO-MED:      exportStandardNameList(j=  2): surface_net_downward_shortwave_flux
20230512 063633.912 INFO             PET3       ATM-TO-MED:         exportNamespaceList(j=  2): MED
20230512 063633.912 INFO             PET3       ATM-TO-MED:            exportCplSetList(j=  2): __UNSPECIFIED__
20230512 063633.912 INFO             PET3       ATM-TO-MED: bondLevel= 1
20230512 063633.912 INFO             PET3       ATM-TO-MED: => added cplList(  2)=surface_net_downward_shortwave_flux, cplSetList(  2)=__UNSPECIFIED__
20230512 063633.912 INFO             PET3     ATM-TO-MED: InitializeIPDv05p2b extro.
20230512 063633.913 INFO             PET3     OCN-TO-MED: InitializeIPDv05p2b intro.
20230512 063633.919 INFO             PET3       OCN-TO-MED:      importStandardNameList(i=  1): sea_surface_temperature
20230512 063633.919 INFO             PET3       OCN-TO-MED:         importNamespaceList(i=  1): OCN
20230512 063633.919 INFO             PET3       OCN-TO-MED:            importCplSetList(i=  1): __UNSPECIFIED__
20230512 063633.919 INFO             PET3       OCN-TO-MED:      exportStandardNameList(j=  3): sea_surface_temperature
20230512 063633.919 INFO             PET3       OCN-TO-MED:         exportNamespaceList(j=  3): MED
20230512 063633.919 INFO             PET3       OCN-TO-MED:            exportCplSetList(j=  3): __UNSPECIFIED__
20230512 063633.919 INFO             PET3       OCN-TO-MED: bondLevel= 1
20230512 063633.919 INFO             PET3       OCN-TO-MED: => added cplList(  1)=sea_surface_temperature, cplSetList(  1)=__UNSPECIFIED__
20230512 063633.919 INFO             PET3     OCN-TO-MED: InitializeIPDv05p2b extro.
20230512 063633.919 INFO             PET3     MED-TO-ATM: InitializeIPDv05p2b intro.
20230512 063633.925 INFO             PET3       MED-TO-ATM:      importStandardNameList(i=  3): sea_surface_temperature
20230512 063633.925 INFO             PET3       MED-TO-ATM:         importNamespaceList(i=  3): MED
20230512 063633.925 INFO             PET3       MED-TO-ATM:            importCplSetList(i=  3): __UNSPECIFIED__
20230512 063633.925 INFO             PET3       MED-TO-ATM:      exportStandardNameList(j=  1): sea_surface_temperature
20230512 063633.925 INFO             PET3       MED-TO-ATM:         exportNamespaceList(j=  1): ATM
20230512 063633.925 INFO             PET3       MED-TO-ATM:            exportCplSetList(j=  1): __UNSPECIFIED__
20230512 063633.925 INFO             PET3       MED-TO-ATM: bondLevel= 1
20230512 063633.925 INFO             PET3       MED-TO-ATM: => added cplList(  1)=sea_surface_temperature, cplSetList(  1)=__UNSPECIFIED__
20230512 063633.925 INFO             PET3     MED-TO-ATM: InitializeIPDv05p2b extro.
20230512 063633.926 INFO             PET3     MED-TO-OCN: InitializeIPDv05p2b intro.
20230512 063633.933 INFO             PET3       MED-TO-OCN:      importStandardNameList(i=  1): air_pressure_at_sea_level
20230512 063633.933 INFO             PET3       MED-TO-OCN:         importNamespaceList(i=  1): MED
20230512 063633.933 INFO             PET3       MED-TO-OCN:            importCplSetList(i=  1): __UNSPECIFIED__
20230512 063633.933 INFO             PET3       MED-TO-OCN:      exportStandardNameList(j=  1): air_pressure_at_sea_level
20230512 063633.933 INFO             PET3       MED-TO-OCN:         exportNamespaceList(j=  1): OCN
20230512 063633.933 INFO             PET3       MED-TO-OCN:            exportCplSetList(j=  1): __UNSPECIFIED__
20230512 063633.933 INFO             PET3       MED-TO-OCN: bondLevel= 1
20230512 063633.933 INFO             PET3       MED-TO-OCN: => added cplList(  1)=air_pressure_at_sea_level, cplSetList(  1)=__UNSPECIFIED__
20230512 063633.933 INFO             PET3       MED-TO-OCN:      importStandardNameList(i=  2): surface_net_downward_shortwave_flux
20230512 063633.933 INFO             PET3       MED-TO-OCN:         importNamespaceList(i=  2): MED
20230512 063633.933 INFO             PET3       MED-TO-OCN:            importCplSetList(i=  2): __UNSPECIFIED__
20230512 063633.933 INFO             PET3       MED-TO-OCN:      exportStandardNameList(j=  2): surface_net_downward_shortwave_flux
20230512 063633.933 INFO             PET3       MED-TO-OCN:         exportNamespaceList(j=  2): OCN
20230512 063633.933 INFO             PET3       MED-TO-OCN:            exportCplSetList(j=  2): __UNSPECIFIED__
20230512 063633.933 INFO             PET3       MED-TO-OCN: bondLevel= 1
20230512 063633.933 INFO             PET3       MED-TO-OCN: => added cplList(  2)=surface_net_downward_shortwave_flux, cplSetList(  2)=__UNSPECIFIED__
20230512 063633.933 INFO             PET3     MED-TO-OCN: InitializeIPDv05p2b extro.
20230512 063633.933 INFO             PET3     esm: IInitModifyCplLists intro.
20230512 063633.934 INFO             PET3     esm: IInitModifyCplLists extro.
20230512 063633.934 INFO             PET3     ATM-TO-MED: InitializeIPDv05p3 intro.
20230512 063633.941 INFO             PET3       ATM-TO-MED: handle cplList(1): air_pressure_at_sea_level, cplSetList(1): __UNSPECIFIED__
20230512 063633.941 INFO             PET3       ATM-TO-MED: - connected.
20230512 063633.941 INFO             PET3       ATM-TO-MED: - both sides must provide the Field/GeomObject.
20230512 063633.941 INFO             PET3       ATM-TO-MED: handle cplList(2): surface_net_downward_shortwave_flux, cplSetList(2): __UNSPECIFIED__
20230512 063633.942 INFO             PET3       ATM-TO-MED: - connected.
20230512 063633.942 INFO             PET3       ATM-TO-MED: - both sides must provide the Field/GeomObject.
20230512 063633.942 INFO             PET3     ATM-TO-MED: InitializeIPDv05p3 extro.
20230512 063633.942 INFO             PET3     OCN-TO-MED: InitializeIPDv05p3 intro.
20230512 063633.948 INFO             PET3       OCN-TO-MED: handle cplList(1): sea_surface_temperature, cplSetList(1): __UNSPECIFIED__
20230512 063633.948 INFO             PET3       OCN-TO-MED: - connected.
20230512 063633.948 INFO             PET3       OCN-TO-MED: - both sides must provide the Field/GeomObject.
20230512 063633.948 INFO             PET3     OCN-TO-MED: InitializeIPDv05p3 extro.
20230512 063633.949 INFO             PET3     MED-TO-ATM: InitializeIPDv05p3 intro.
20230512 063633.955 INFO             PET3       MED-TO-ATM: handle cplList(1): sea_surface_temperature, cplSetList(1): __UNSPECIFIED__
20230512 063633.955 INFO             PET3       MED-TO-ATM: - connected.
20230512 063633.955 INFO             PET3       MED-TO-ATM: - both sides must provide the Field/GeomObject.
20230512 063633.955 INFO             PET3     MED-TO-ATM: InitializeIPDv05p3 extro.
20230512 063633.955 INFO             PET3     MED-TO-OCN: InitializeIPDv05p3 intro.
20230512 063633.963 INFO             PET3       MED-TO-OCN: handle cplList(1): air_pressure_at_sea_level, cplSetList(1): __UNSPECIFIED__
20230512 063633.963 INFO             PET3       MED-TO-OCN: - connected.
20230512 063633.963 INFO             PET3       MED-TO-OCN: - both sides must provide the Field/GeomObject.
20230512 063633.963 INFO             PET3       MED-TO-OCN: handle cplList(2): surface_net_downward_shortwave_flux, cplSetList(2): __UNSPECIFIED__
20230512 063633.963 INFO             PET3       MED-TO-OCN: - connected.
20230512 063633.963 INFO             PET3       MED-TO-OCN: - both sides must provide the Field/GeomObject.
20230512 063633.963 INFO             PET3     MED-TO-OCN: InitializeIPDv05p3 extro.
20230512 063633.963 INFO             PET3     <<<esm: leaving Initialize (phase=<none>) with current time: 2010  6  1  0  0  0   0
20230512 063633.963 INFO             PET3   esm: InitializeIPDv02p1 extro.
20230512 063633.963 INFO             PET3   esm: InitializeIPDv02p3 intro.
20230512 063633.963 INFO             PET3     >>>esm: entered Initialize (phase=<none>) with current time: 2010  6  1  0  0  0   0
20230512 063633.964 INFO             PET3     esm: IInitCheck intro.
20230512 063633.964 INFO             PET3     esm: IInitCheck extro.
20230512 063633.964 INFO             PET3     MED: InitializeIPDvXp04 intro.
20230512 063633.974 INFO             PET3     MED: InitializeIPDvXp04 extro.
20230512 063633.977 INFO             PET3     ATM-TO-MED: InitializeIPDv05p4 intro.
20230512 063633.989 INFO             PET3       ATM-TO-MED: handle cplList(1): air_pressure_at_sea_level, cplSetList(1): __UNSPECIFIED__
20230512 063633.989 INFO             PET3       ATM-TO-MED: - nothing shared or transferred
20230512 063633.989 INFO             PET3       ATM-TO-MED: handle cplList(2): surface_net_downward_shortwave_flux, cplSetList(2): __UNSPECIFIED__
20230512 063633.989 INFO             PET3       ATM-TO-MED: - nothing shared or transferred
20230512 063633.989 INFO             PET3     ATM-TO-MED: InitializeIPDv05p4 extro.
20230512 063633.990 INFO             PET3     OCN-TO-MED: InitializeIPDv05p4 intro.
20230512 063634.000 INFO             PET3       OCN-TO-MED: handle cplList(1): sea_surface_temperature, cplSetList(1): __UNSPECIFIED__
20230512 063634.000 INFO             PET3       OCN-TO-MED: - nothing shared or transferred
20230512 063634.000 INFO             PET3     OCN-TO-MED: InitializeIPDv05p4 extro.
20230512 063634.000 INFO             PET3     MED-TO-ATM: InitializeIPDv05p4 intro.
20230512 063634.010 INFO             PET3       MED-TO-ATM: handle cplList(1): sea_surface_temperature, cplSetList(1): __UNSPECIFIED__
20230512 063634.010 INFO             PET3       MED-TO-ATM: - nothing shared or transferred
20230512 063634.010 INFO             PET3     MED-TO-ATM: InitializeIPDv05p4 extro.
20230512 063634.010 INFO             PET3     MED-TO-OCN: InitializeIPDv05p4 intro.
20230512 063634.022 INFO             PET3       MED-TO-OCN: handle cplList(1): air_pressure_at_sea_level, cplSetList(1): __UNSPECIFIED__
20230512 063634.022 INFO             PET3       MED-TO-OCN: - nothing shared or transferred
20230512 063634.022 INFO             PET3       MED-TO-OCN: handle cplList(2): surface_net_downward_shortwave_flux, cplSetList(2): __UNSPECIFIED__
20230512 063634.022 INFO             PET3       MED-TO-OCN: - nothing shared or transferred
20230512 063634.022 INFO             PET3     MED-TO-OCN: InitializeIPDv05p4 extro.
20230512 063634.023 INFO             PET3     ATM-TO-MED: InitializeIPDv05p5 intro.
20230512 063634.035 INFO             PET3       ATM-TO-MED: handle cplList(1): air_pressure_at_sea_level, cplSetList(1): __UNSPECIFIED__
20230512 063634.035 INFO             PET3       ATM-TO-MED: - nothing shared or transferred, or may already be handled
20230512 063634.035 INFO             PET3       ATM-TO-MED: handle cplList(2): surface_net_downward_shortwave_flux, cplSetList(2): __UNSPECIFIED__
20230512 063634.035 INFO             PET3       ATM-TO-MED: - nothing shared or transferred, or may already be handled
20230512 063634.035 INFO             PET3     ATM-TO-MED: InitializeIPDv05p5 extro.
20230512 063634.035 INFO             PET3     OCN-TO-MED: InitializeIPDv05p5 intro.
20230512 063634.045 INFO             PET3       OCN-TO-MED: handle cplList(1): sea_surface_temperature, cplSetList(1): __UNSPECIFIED__
20230512 063634.045 INFO             PET3       OCN-TO-MED: - nothing shared or transferred, or may already be handled
20230512 063634.045 INFO             PET3     OCN-TO-MED: InitializeIPDv05p5 extro.
20230512 063634.045 INFO             PET3     MED-TO-ATM: InitializeIPDv05p5 intro.
20230512 063634.056 INFO             PET3       MED-TO-ATM: handle cplList(1): sea_surface_temperature, cplSetList(1): __UNSPECIFIED__
20230512 063634.056 INFO             PET3       MED-TO-ATM: - nothing shared or transferred, or may already be handled
20230512 063634.056 INFO             PET3     MED-TO-ATM: InitializeIPDv05p5 extro.
20230512 063634.056 INFO             PET3     MED-TO-OCN: InitializeIPDv05p5 intro.
20230512 063634.068 INFO             PET3       MED-TO-OCN: handle cplList(1): air_pressure_at_sea_level, cplSetList(1): __UNSPECIFIED__
20230512 063634.068 INFO             PET3       MED-TO-OCN: - nothing shared or transferred, or may already be handled
20230512 063634.068 INFO             PET3       MED-TO-OCN: handle cplList(2): surface_net_downward_shortwave_flux, cplSetList(2): __UNSPECIFIED__
20230512 063634.068 INFO             PET3       MED-TO-OCN: - nothing shared or transferred, or may already be handled
20230512 063634.068 INFO             PET3     MED-TO-OCN: InitializeIPDv05p5 extro.
20230512 063634.068 INFO             PET3     esm: IInitRealize intro.
20230512 063634.068 INFO             PET3     esm: IInitRealize extro.
20230512 063634.069 INFO             PET3     ATM-TO-MED: InitializeIPDv05p6a intro.
20230512 063634.080 INFO             PET3     ATM-TO-MED: InitializeIPDv05p6a extro.
20230512 063634.080 INFO             PET3     OCN-TO-MED: InitializeIPDv05p6a intro.
20230512 063634.090 INFO             PET3     OCN-TO-MED: InitializeIPDv05p6a extro.
20230512 063634.090 INFO             PET3     MED-TO-ATM: InitializeIPDv05p6a intro.
20230512 063634.100 INFO             PET3     MED-TO-ATM: InitializeIPDv05p6a extro.
20230512 063634.100 INFO             PET3     MED-TO-OCN: InitializeIPDv05p6a intro.
20230512 063634.112 INFO             PET3     MED-TO-OCN: InitializeIPDv05p6a extro.
20230512 063634.112 INFO             PET3     ATM-TO-MED: InitializeIPDv05p6b intro.
20230512 063634.112 INFO             PET3       ATM-TO-MED: handle cplList(1): air_pressure_at_sea_level, cplSetList(1): __UNSPECIFIED__
20230512 063634.112 INFO             PET3       ATM-TO-MED: - no Field sharing between import and export side: remap.
20230512 063634.113 INFO             PET3       ATM-TO-MED: handle cplList(2): surface_net_downward_shortwave_flux, cplSetList(2): __UNSPECIFIED__
