2023-05-24 00:56:17
20230524 021106.447 INFO             PET0 !!!!!!!!!!!!!!!!!!!!!!!!!!!!!!!!!!!!!!!!!!!!!!!!!!!!!!
20230524 021106.447 INFO             PET0 !!! THE ESMF_LOG IS SET TO OUTPUT ALL LOG MESSAGES !!!
20230524 021106.447 INFO             PET0 !!!     THIS MAY CAUSE SLOWDOWN IN PERFORMANCE     !!!
20230524 021106.447 INFO             PET0 !!! FOR PRODUCTION RUNS, USE:                      !!!
20230524 021106.447 INFO             PET0 !!!                   ESMF_LOGKIND_Multi_On_Error  !!!
20230524 021106.447 INFO             PET0 !!!!!!!!!!!!!!!!!!!!!!!!!!!!!!!!!!!!!!!!!!!!!!!!!!!!!!
20230524 021106.447 INFO             PET0 Running with ESMF Version   : 8.5.0 beta snapshot
20230524 021106.447 INFO             PET0 ESMF library build date/time: "May 24 2023" "00:54:34"
20230524 021106.447 INFO             PET0 ESMF library build location : /lustre/f2/dev/Mark.Potts/esmf-test/intel_2022.2.1-classic_mpi_g_develop/esmf
20230524 021106.447 INFO             PET0 ESMF_COMM                   : mpi
20230524 021106.448 INFO             PET0 ESMF_MOAB                   : enabled
20230524 021106.448 INFO             PET0 ESMF_LAPACK                 : enabled
20230524 021106.448 INFO             PET0 ESMF_NETCDF                 : enabled
20230524 021106.448 INFO             PET0 ESMF_PNETCDF                : disabled
20230524 021106.448 INFO             PET0 ESMF_PIO                    : enabled
20230524 021106.448 INFO             PET0 ESMF_YAMLCPP                : enabled
20230524 021106.851 DEBUG            PET0 about to destroy Grid: 0x8ab750
20230524 021106.855 DEBUG            PET0 about to destroy Grid: 0x8adb90
20230524 021106.897 INFO             PET0  NUMBER_OF_PROCESSORS           4
20230524 021106.897 INFO             PET0  PASS  Example ESMF_NUOPCAtmModelEx, ESMF_NUOPCAtmModelEx.F90, line 806
20230524 021106.897 INFO             PET0 Finalizing ESMF
20230524 021106.443 INFO             PET1 !!!!!!!!!!!!!!!!!!!!!!!!!!!!!!!!!!!!!!!!!!!!!!!!!!!!!!
20230524 021106.443 INFO             PET1 !!! THE ESMF_LOG IS SET TO OUTPUT ALL LOG MESSAGES !!!
20230524 021106.443 INFO             PET1 !!!     THIS MAY CAUSE SLOWDOWN IN PERFORMANCE     !!!
20230524 021106.443 INFO             PET1 !!! FOR PRODUCTION RUNS, USE:                      !!!
20230524 021106.444 INFO             PET1 !!!                   ESMF_LOGKIND_Multi_On_Error  !!!
20230524 021106.444 INFO             PET1 !!!!!!!!!!!!!!!!!!!!!!!!!!!!!!!!!!!!!!!!!!!!!!!!!!!!!!
20230524 021106.444 INFO             PET1 Running with ESMF Version   : 8.5.0 beta snapshot
20230524 021106.444 INFO             PET1 ESMF library build date/time: "May 24 2023" "00:54:34"
20230524 021106.444 INFO             PET1 ESMF library build location : /lustre/f2/dev/Mark.Potts/esmf-test/intel_2022.2.1-classic_mpi_g_develop/esmf
20230524 021106.444 INFO             PET1 ESMF_COMM                   : mpi
20230524 021106.444 INFO             PET1 ESMF_MOAB                   : enabled
20230524 021106.444 INFO             PET1 ESMF_LAPACK                 : enabled
20230524 021106.444 INFO             PET1 ESMF_NETCDF                 : enabled
20230524 021106.444 INFO             PET1 ESMF_PNETCDF                : disabled
20230524 021106.444 INFO             PET1 ESMF_PIO                    : enabled
20230524 021106.444 INFO             PET1 ESMF_YAMLCPP                : enabled
20230524 021106.851 DEBUG            PET1 about to destroy Grid: 0x8aa3c0
20230524 021106.855 DEBUG            PET1 about to destroy Grid: 0x8abb90
20230524 021106.897 INFO             PET1  NUMBER_OF_PROCESSORS           4
20230524 021106.897 INFO             PET1  PASS  Example ESMF_NUOPCAtmModelEx, ESMF_NUOPCAtmModelEx.F90, line 806
20230524 021106.897 INFO             PET1 Finalizing ESMF
20230524 021106.466 INFO             PET2 !!!!!!!!!!!!!!!!!!!!!!!!!!!!!!!!!!!!!!!!!!!!!!!!!!!!!!
20230524 021106.466 INFO             PET2 !!! THE ESMF_LOG IS SET TO OUTPUT ALL LOG MESSAGES !!!
20230524 021106.466 INFO             PET2 !!!     THIS MAY CAUSE SLOWDOWN IN PERFORMANCE     !!!
20230524 021106.466 INFO             PET2 !!! FOR PRODUCTION RUNS, USE:                      !!!
20230524 021106.466 INFO             PET2 !!!                   ESMF_LOGKIND_Multi_On_Error  !!!
20230524 021106.466 INFO             PET2 !!!!!!!!!!!!!!!!!!!!!!!!!!!!!!!!!!!!!!!!!!!!!!!!!!!!!!
20230524 021106.466 INFO             PET2 Running with ESMF Version   : 8.5.0 beta snapshot
20230524 021106.466 INFO             PET2 ESMF library build date/time: "May 24 2023" "00:54:34"
20230524 021106.466 INFO             PET2 ESMF library build location : /lustre/f2/dev/Mark.Potts/esmf-test/intel_2022.2.1-classic_mpi_g_develop/esmf
20230524 021106.466 INFO             PET2 ESMF_COMM                   : mpi
20230524 021106.466 INFO             PET2 ESMF_MOAB                   : enabled
20230524 021106.466 INFO             PET2 ESMF_LAPACK                 : enabled
20230524 021106.466 INFO             PET2 ESMF_NETCDF                 : enabled
20230524 021106.466 INFO             PET2 ESMF_PNETCDF                : disabled
20230524 021106.466 INFO             PET2 ESMF_PIO                    : enabled
20230524 021106.466 INFO             PET2 ESMF_YAMLCPP                : enabled
20230524 021106.851 DEBUG            PET2 about to destroy Grid: 0x8aa380
20230524 021106.855 DEBUG            PET2 about to destroy Grid: 0x8ab890
20230524 021106.897 INFO             PET2  NUMBER_OF_PROCESSORS           4
20230524 021106.897 INFO             PET2  PASS  Example ESMF_NUOPCAtmModelEx, ESMF_NUOPCAtmModelEx.F90, line 806
20230524 021106.897 INFO             PET2 Finalizing ESMF
20230524 021106.438 INFO             PET3 !!!!!!!!!!!!!!!!!!!!!!!!!!!!!!!!!!!!!!!!!!!!!!!!!!!!!!
20230524 021106.439 INFO             PET3 !!! THE ESMF_LOG IS SET TO OUTPUT ALL LOG MESSAGES !!!
20230524 021106.439 INFO             PET3 !!!     THIS MAY CAUSE SLOWDOWN IN PERFORMANCE     !!!
20230524 021106.439 INFO             PET3 !!! FOR PRODUCTION RUNS, USE:                      !!!
20230524 021106.439 INFO             PET3 !!!                   ESMF_LOGKIND_Multi_On_Error  !!!
20230524 021106.439 INFO             PET3 !!!!!!!!!!!!!!!!!!!!!!!!!!!!!!!!!!!!!!!!!!!!!!!!!!!!!!
20230524 021106.439 INFO             PET3 Running with ESMF Version   : 8.5.0 beta snapshot
20230524 021106.439 INFO             PET3 ESMF library build date/time: "May 24 2023" "00:54:34"
20230524 021106.439 INFO             PET3 ESMF library build location : /lustre/f2/dev/Mark.Potts/esmf-test/intel_2022.2.1-classic_mpi_g_develop/esmf
20230524 021106.439 INFO             PET3 ESMF_COMM                   : mpi
20230524 021106.442 INFO             PET3 ESMF_MOAB                   : enabled
20230524 021106.442 INFO             PET3 ESMF_LAPACK                 : enabled
20230524 021106.442 INFO             PET3 ESMF_NETCDF                 : enabled
20230524 021106.442 INFO             PET3 ESMF_PNETCDF                : disabled
20230524 021106.442 INFO             PET3 ESMF_PIO                    : enabled
20230524 021106.442 INFO             PET3 ESMF_YAMLCPP                : enabled
20230524 021106.851 DEBUG            PET3 about to destroy Grid: 0x8aa360
20230524 021106.855 DEBUG            PET3 about to destroy Grid: 0x8ab9c0
20230524 021106.897 INFO             PET3  NUMBER_OF_PROCESSORS           4
20230524 021106.897 INFO             PET3  PASS  Example ESMF_NUOPCAtmModelEx, ESMF_NUOPCAtmModelEx.F90, line 806
20230524 021106.897 INFO             PET3 Finalizing ESMF
