2023-05-12 09:44:23
20230512 113106.095 INFO             PET0 !!!!!!!!!!!!!!!!!!!!!!!!!!!!!!!!!!!!!!!!!!!!!!!!!!!!!!
20230512 113106.096 INFO             PET0 !!! THE ESMF_LOG IS SET TO OUTPUT ALL LOG MESSAGES !!!
20230512 113106.096 INFO             PET0 !!!     THIS MAY CAUSE SLOWDOWN IN PERFORMANCE     !!!
20230512 113106.096 INFO             PET0 !!! FOR PRODUCTION RUNS, USE:                      !!!
20230512 113106.096 INFO             PET0 !!!                   ESMF_LOGKIND_Multi_On_Error  !!!
20230512 113106.096 INFO             PET0 !!!!!!!!!!!!!!!!!!!!!!!!!!!!!!!!!!!!!!!!!!!!!!!!!!!!!!
20230512 113106.096 INFO             PET0 Running with ESMF Version   : v8.5.0b18-9-g15f3b88d4b
20230512 113106.096 INFO             PET0 ESMF library build date/time: "May 12 2023" "09:39:17"
20230512 113106.096 INFO             PET0 ESMF library build location : /scratch2/NCEPDEV/stmp1/Gerhard.Theurich/ESMF-Nightly-Testing/pgi_19.1_intelmpi_g_feature_fill_nan/esmf
20230512 113106.096 INFO             PET0 ESMF_COMM                   : intelmpi
20230512 113106.097 INFO             PET0 ESMF_MOAB                   : enabled
20230512 113106.097 INFO             PET0 ESMF_LAPACK                 : enabled
20230512 113106.097 INFO             PET0 ESMF_NETCDF                 : disabled
20230512 113106.097 INFO             PET0 ESMF_PNETCDF                : disabled
20230512 113106.097 INFO             PET0 ESMF_PIO                    : disabled
20230512 113106.097 INFO             PET0 ESMF_YAMLCPP                : enabled
20230512 113106.097 INFO             PET0 esmApp STARTING
20230512 113106.102 INFO             PET0 esm: InitializeGeneric intro.
20230512 113106.102 INFO             PET0   esm: InitializeP0 intro.
20230512 113106.102 INFO             PET0   esm: InitializeP0 extro.
20230512 113106.102 INFO             PET0   esm: InitializeIPDv02p1 intro.
20230512 113106.102 INFO             PET0     >>>esm: entered Initialize (phase=<none>) without valid internal Clock.
20230512 113106.105 INFO             PET0     esm - Creating model component ATM without petList.
20230512 113106.109 INFO             PET0     esm - Creating model component OCN without petList.
20230512 113106.112 INFO             PET0     esm - Creating connector component ATM-TO-OCN without petList.
20230512 113106.119 INFO             PET0     esm - Creating connector component OCN-TO-ATM without petList.
20230512 113106.127 INFO             PET0     esm - Creating state: modelComp 1 Import State
20230512 113106.127 INFO             PET0     esm - Creating state: modelComp 1 Export State
20230512 113106.127 INFO             PET0     esm - Creating state: modelComp 2 Import State
20230512 113106.127 INFO             PET0     esm - Creating state: modelComp 2 Export State
20230512 113106.128 INFO             PET0     ATM: InitializeP0 intro.
20230512 113106.129 INFO             PET0     ATM: InitializeP0 extro.
20230512 113106.130 INFO             PET0     OCN: InitializeP0 intro.
20230512 113106.131 INFO             PET0     OCN: InitializeP0 extro.
20230512 113106.133 INFO             PET0     ATM-TO-OCN: InitializeP0 intro.
20230512 113106.133 INFO             PET0     ATM-TO-OCN: InitializeP0 extro.
20230512 113106.134 INFO             PET0     OCN-TO-ATM: InitializeP0 intro.
20230512 113106.134 INFO             PET0     OCN-TO-ATM: InitializeP0 extro.
20230512 113106.136 INFO             PET0     esm: IInitAdvertise intro.
20230512 113106.136 INFO             PET0     esm: IInitAdvertise extro.
20230512 113106.136 INFO             PET0     ATM: InitializeIPDvXp01 intro.
20230512 113106.139 INFO             PET0     ATM: InitializeIPDvXp01 extro.
20230512 113106.139 INFO             PET0     OCN: InitializeIPDvXp01 intro.
20230512 113106.141 INFO             PET0     OCN: InitializeIPDvXp01 extro.
20230512 113106.143 INFO             PET0     ATM-TO-OCN: InitializeIPDv05p1 intro.
20230512 113106.153 INFO             PET0     ATM-TO-OCN: InitializeIPDv05p1 extro.
20230512 113106.153 INFO             PET0     OCN-TO-ATM: InitializeIPDv05p1 intro.
20230512 113106.156 INFO             PET0     OCN-TO-ATM: InitializeIPDv05p1 extro.
20230512 113106.156 INFO             PET0     esm: IInitAdvertiseFinish intro.
20230512 113106.156 INFO             PET0     esm: IInitAdvertiseFinish extro.
20230512 113106.157 INFO             PET0     ATM-TO-OCN: InitializeIPDv05p2a intro.
20230512 113106.161 INFO             PET0     ATM-TO-OCN: InitializeIPDv05p2a extro.
20230512 113106.161 INFO             PET0     OCN-TO-ATM: InitializeIPDv05p2a intro.
20230512 113106.164 INFO             PET0     OCN-TO-ATM: InitializeIPDv05p2a extro.
20230512 113106.164 INFO             PET0     ATM-TO-OCN: InitializeIPDv05p2b intro.
20230512 113106.168 INFO             PET0     ATM-TO-OCN: InitializeIPDv05p2b extro.
20230512 113106.169 INFO             PET0     OCN-TO-ATM: InitializeIPDv05p2b intro.
20230512 113106.172 INFO             PET0     OCN-TO-ATM: InitializeIPDv05p2b extro.
20230512 113106.172 INFO             PET0     esm: IInitModifyCplLists intro.
20230512 113106.172 INFO             PET0     esm: IInitModifyCplLists extro.
20230512 113106.173 INFO             PET0     ATM-TO-OCN: InitializeIPDv05p3 intro.
20230512 113106.177 INFO             PET0     ATM-TO-OCN: InitializeIPDv05p3 extro.
20230512 113106.177 INFO             PET0     OCN-TO-ATM: InitializeIPDv05p3 intro.
20230512 113106.181 INFO             PET0     OCN-TO-ATM: InitializeIPDv05p3 extro.
20230512 113106.181 INFO             PET0     <<<esm: leaving Initialize (phase=<none>) with current time: 2010  6  1  0  0  0   0
20230512 113106.181 INFO             PET0   esm: InitializeIPDv02p1 extro.
20230512 113106.181 INFO             PET0   esm: InitializeIPDv02p3 intro.
20230512 113106.181 INFO             PET0     >>>esm: entered Initialize (phase=<none>) with current time: 2010  6  1  0  0  0   0
20230512 113106.181 INFO             PET0     esm: IInitCheck intro.
20230512 113106.181 INFO             PET0     esm: IInitCheck extro.
20230512 113106.181 INFO             PET0     atmA: InitializeIPDvXp04 intro.
20230512 113106.186 INFO             PET0     atmA: InitializeIPDvXp04 extro.
20230512 113106.186 INFO             PET0     ocnA: InitializeIPDvXp04 intro.
20230512 113106.190 INFO             PET0     ocnA: InitializeIPDvXp04 extro.
20230512 113106.192 INFO             PET0     ATM-TO-OCN: InitializeIPDv05p4 intro.
20230512 113106.200 INFO             PET0     ATM-TO-OCN: InitializeIPDv05p4 extro.
20230512 113106.200 INFO             PET0     OCN-TO-ATM: InitializeIPDv05p4 intro.
20230512 113106.204 INFO             PET0     OCN-TO-ATM: InitializeIPDv05p4 extro.
20230512 113106.205 INFO             PET0     ATM-TO-OCN: InitializeIPDv05p5 intro.
20230512 113106.211 INFO             PET0     ATM-TO-OCN: InitializeIPDv05p5 extro.
20230512 113106.211 INFO             PET0     OCN-TO-ATM: InitializeIPDv05p5 intro.
20230512 113106.215 INFO             PET0     OCN-TO-ATM: InitializeIPDv05p5 extro.
20230512 113106.215 INFO             PET0     esm: IInitRealize intro.
20230512 113106.215 INFO             PET0     esm: IInitRealize extro.
20230512 113106.215 INFO             PET0     ATM-TO-OCN: InitializeIPDv05p6a intro.
20230512 113106.221 INFO             PET0     ATM-TO-OCN: InitializeIPDv05p6a extro.
20230512 113106.095 INFO             PET1 !!!!!!!!!!!!!!!!!!!!!!!!!!!!!!!!!!!!!!!!!!!!!!!!!!!!!!
20230512 113106.096 INFO             PET1 !!! THE ESMF_LOG IS SET TO OUTPUT ALL LOG MESSAGES !!!
20230512 113106.096 INFO             PET1 !!!     THIS MAY CAUSE SLOWDOWN IN PERFORMANCE     !!!
20230512 113106.096 INFO             PET1 !!! FOR PRODUCTION RUNS, USE:                      !!!
20230512 113106.096 INFO             PET1 !!!                   ESMF_LOGKIND_Multi_On_Error  !!!
20230512 113106.096 INFO             PET1 !!!!!!!!!!!!!!!!!!!!!!!!!!!!!!!!!!!!!!!!!!!!!!!!!!!!!!
20230512 113106.096 INFO             PET1 Running with ESMF Version   : v8.5.0b18-9-g15f3b88d4b
20230512 113106.096 INFO             PET1 ESMF library build date/time: "May 12 2023" "09:39:17"
20230512 113106.096 INFO             PET1 ESMF library build location : /scratch2/NCEPDEV/stmp1/Gerhard.Theurich/ESMF-Nightly-Testing/pgi_19.1_intelmpi_g_feature_fill_nan/esmf
20230512 113106.096 INFO             PET1 ESMF_COMM                   : intelmpi
20230512 113106.096 INFO             PET1 ESMF_MOAB                   : enabled
20230512 113106.097 INFO             PET1 ESMF_LAPACK                 : enabled
20230512 113106.097 INFO             PET1 ESMF_NETCDF                 : disabled
20230512 113106.097 INFO             PET1 ESMF_PNETCDF                : disabled
20230512 113106.097 INFO             PET1 ESMF_PIO                    : disabled
20230512 113106.097 INFO             PET1 ESMF_YAMLCPP                : enabled
20230512 113106.097 INFO             PET1 esmApp STARTING
20230512 113106.103 INFO             PET1 esm: InitializeGeneric intro.
20230512 113106.103 INFO             PET1   esm: InitializeP0 intro.
20230512 113106.103 INFO             PET1   esm: InitializeP0 extro.
20230512 113106.103 INFO             PET1   esm: InitializeIPDv02p1 intro.
20230512 113106.103 INFO             PET1     >>>esm: entered Initialize (phase=<none>) without valid internal Clock.
20230512 113106.105 INFO             PET1     esm - Creating model component ATM without petList.
20230512 113106.109 INFO             PET1     esm - Creating model component OCN without petList.
20230512 113106.113 INFO             PET1     esm - Creating connector component ATM-TO-OCN without petList.
20230512 113106.121 INFO             PET1     esm - Creating connector component OCN-TO-ATM without petList.
20230512 113106.128 INFO             PET1     esm - Creating state: modelComp 1 Import State
20230512 113106.128 INFO             PET1     esm - Creating state: modelComp 1 Export State
20230512 113106.129 INFO             PET1     esm - Creating state: modelComp 2 Import State
20230512 113106.129 INFO             PET1     esm - Creating state: modelComp 2 Export State
20230512 113106.130 INFO             PET1     ATM: InitializeP0 intro.
20230512 113106.132 INFO             PET1     ATM: InitializeP0 extro.
20230512 113106.132 INFO             PET1     OCN: InitializeP0 intro.
20230512 113106.133 INFO             PET1     OCN: InitializeP0 extro.
20230512 113106.135 INFO             PET1     ATM-TO-OCN: InitializeP0 intro.
20230512 113106.136 INFO             PET1     ATM-TO-OCN: InitializeP0 extro.
20230512 113106.137 INFO             PET1     OCN-TO-ATM: InitializeP0 intro.
20230512 113106.138 INFO             PET1     OCN-TO-ATM: InitializeP0 extro.
20230512 113106.140 INFO             PET1     esm: IInitAdvertise intro.
20230512 113106.140 INFO             PET1     esm: IInitAdvertise extro.
20230512 113106.140 INFO             PET1     ATM: InitializeIPDvXp01 intro.
20230512 113106.143 INFO             PET1     ATM: InitializeIPDvXp01 extro.
20230512 113106.143 INFO             PET1     OCN: InitializeIPDvXp01 intro.
20230512 113106.146 INFO             PET1     OCN: InitializeIPDvXp01 extro.
20230512 113106.148 INFO             PET1     ATM-TO-OCN: InitializeIPDv05p1 intro.
20230512 113106.153 INFO             PET1     ATM-TO-OCN: InitializeIPDv05p1 extro.
20230512 113106.153 INFO             PET1     OCN-TO-ATM: InitializeIPDv05p1 intro.
20230512 113106.156 INFO             PET1     OCN-TO-ATM: InitializeIPDv05p1 extro.
20230512 113106.156 INFO             PET1     esm: IInitAdvertiseFinish intro.
20230512 113106.156 INFO             PET1     esm: IInitAdvertiseFinish extro.
20230512 113106.157 INFO             PET1     ATM-TO-OCN: InitializeIPDv05p2a intro.
20230512 113106.161 INFO             PET1     ATM-TO-OCN: InitializeIPDv05p2a extro.
20230512 113106.161 INFO             PET1     OCN-TO-ATM: InitializeIPDv05p2a intro.
20230512 113106.164 INFO             PET1     OCN-TO-ATM: InitializeIPDv05p2a extro.
20230512 113106.164 INFO             PET1     ATM-TO-OCN: InitializeIPDv05p2b intro.
20230512 113106.169 INFO             PET1     ATM-TO-OCN: InitializeIPDv05p2b extro.
20230512 113106.169 INFO             PET1     OCN-TO-ATM: InitializeIPDv05p2b intro.
20230512 113106.172 INFO             PET1     OCN-TO-ATM: InitializeIPDv05p2b extro.
20230512 113106.172 INFO             PET1     esm: IInitModifyCplLists intro.
20230512 113106.173 INFO             PET1     esm: IInitModifyCplLists extro.
20230512 113106.173 INFO             PET1     ATM-TO-OCN: InitializeIPDv05p3 intro.
20230512 113106.177 INFO             PET1     ATM-TO-OCN: InitializeIPDv05p3 extro.
20230512 113106.177 INFO             PET1     OCN-TO-ATM: InitializeIPDv05p3 intro.
20230512 113106.181 INFO             PET1     OCN-TO-ATM: InitializeIPDv05p3 extro.
20230512 113106.181 INFO             PET1     <<<esm: leaving Initialize (phase=<none>) with current time: 2010  6  1  0  0  0   0
20230512 113106.181 INFO             PET1   esm: InitializeIPDv02p1 extro.
20230512 113106.181 INFO             PET1   esm: InitializeIPDv02p3 intro.
20230512 113106.181 INFO             PET1     >>>esm: entered Initialize (phase=<none>) with current time: 2010  6  1  0  0  0   0
20230512 113106.181 INFO             PET1     esm: IInitCheck intro.
20230512 113106.181 INFO             PET1     esm: IInitCheck extro.
20230512 113106.182 INFO             PET1     atmA: InitializeIPDvXp04 intro.
20230512 113106.187 INFO             PET1     atmA: InitializeIPDvXp04 extro.
20230512 113106.187 INFO             PET1     ocnA: InitializeIPDvXp04 intro.
20230512 113106.192 INFO             PET1     ocnA: InitializeIPDvXp04 extro.
20230512 113106.194 INFO             PET1     ATM-TO-OCN: InitializeIPDv05p4 intro.
20230512 113106.200 INFO             PET1     ATM-TO-OCN: InitializeIPDv05p4 extro.
20230512 113106.200 INFO             PET1     OCN-TO-ATM: InitializeIPDv05p4 intro.
20230512 113106.205 INFO             PET1     OCN-TO-ATM: InitializeIPDv05p4 extro.
20230512 113106.205 INFO             PET1     ATM-TO-OCN: InitializeIPDv05p5 intro.
20230512 113106.211 INFO             PET1     ATM-TO-OCN: InitializeIPDv05p5 extro.
20230512 113106.211 INFO             PET1     OCN-TO-ATM: InitializeIPDv05p5 intro.
20230512 113106.215 INFO             PET1     OCN-TO-ATM: InitializeIPDv05p5 extro.
20230512 113106.215 INFO             PET1     esm: IInitRealize intro.
20230512 113106.215 INFO             PET1     esm: IInitRealize extro.
20230512 113106.216 INFO             PET1     ATM-TO-OCN: InitializeIPDv05p6a intro.
20230512 113106.221 INFO             PET1     ATM-TO-OCN: InitializeIPDv05p6a extro.
20230512 113106.095 INFO             PET2 !!!!!!!!!!!!!!!!!!!!!!!!!!!!!!!!!!!!!!!!!!!!!!!!!!!!!!
20230512 113106.096 INFO             PET2 !!! THE ESMF_LOG IS SET TO OUTPUT ALL LOG MESSAGES !!!
20230512 113106.096 INFO             PET2 !!!     THIS MAY CAUSE SLOWDOWN IN PERFORMANCE     !!!
20230512 113106.096 INFO             PET2 !!! FOR PRODUCTION RUNS, USE:                      !!!
20230512 113106.096 INFO             PET2 !!!                   ESMF_LOGKIND_Multi_On_Error  !!!
20230512 113106.096 INFO             PET2 !!!!!!!!!!!!!!!!!!!!!!!!!!!!!!!!!!!!!!!!!!!!!!!!!!!!!!
20230512 113106.096 INFO             PET2 Running with ESMF Version   : v8.5.0b18-9-g15f3b88d4b
20230512 113106.096 INFO             PET2 ESMF library build date/time: "May 12 2023" "09:39:17"
20230512 113106.096 INFO             PET2 ESMF library build location : /scratch2/NCEPDEV/stmp1/Gerhard.Theurich/ESMF-Nightly-Testing/pgi_19.1_intelmpi_g_feature_fill_nan/esmf
20230512 113106.096 INFO             PET2 ESMF_COMM                   : intelmpi
20230512 113106.097 INFO             PET2 ESMF_MOAB                   : enabled
20230512 113106.097 INFO             PET2 ESMF_LAPACK                 : enabled
20230512 113106.097 INFO             PET2 ESMF_NETCDF                 : disabled
20230512 113106.097 INFO             PET2 ESMF_PNETCDF                : disabled
20230512 113106.097 INFO             PET2 ESMF_PIO                    : disabled
20230512 113106.097 INFO             PET2 ESMF_YAMLCPP                : enabled
20230512 113106.097 INFO             PET2 esmApp STARTING
20230512 113106.102 INFO             PET2 esm: InitializeGeneric intro.
20230512 113106.102 INFO             PET2   esm: InitializeP0 intro.
20230512 113106.102 INFO             PET2   esm: InitializeP0 extro.
20230512 113106.102 INFO             PET2   esm: InitializeIPDv02p1 intro.
20230512 113106.103 INFO             PET2     >>>esm: entered Initialize (phase=<none>) without valid internal Clock.
20230512 113106.105 INFO             PET2     esm - Creating model component ATM without petList.
20230512 113106.109 INFO             PET2     esm - Creating model component OCN without petList.
20230512 113106.112 INFO             PET2     esm - Creating connector component ATM-TO-OCN without petList.
20230512 113106.119 INFO             PET2     esm - Creating connector component OCN-TO-ATM without petList.
20230512 113106.127 INFO             PET2     esm - Creating state: modelComp 1 Import State
20230512 113106.127 INFO             PET2     esm - Creating state: modelComp 1 Export State
20230512 113106.127 INFO             PET2     esm - Creating state: modelComp 2 Import State
20230512 113106.127 INFO             PET2     esm - Creating state: modelComp 2 Export State
20230512 113106.128 INFO             PET2     ATM: InitializeP0 intro.
20230512 113106.130 INFO             PET2     ATM: InitializeP0 extro.
20230512 113106.130 INFO             PET2     OCN: InitializeP0 intro.
20230512 113106.131 INFO             PET2     OCN: InitializeP0 extro.
20230512 113106.133 INFO             PET2     ATM-TO-OCN: InitializeP0 intro.
20230512 113106.133 INFO             PET2     ATM-TO-OCN: InitializeP0 extro.
20230512 113106.134 INFO             PET2     OCN-TO-ATM: InitializeP0 intro.
20230512 113106.135 INFO             PET2     OCN-TO-ATM: InitializeP0 extro.
20230512 113106.137 INFO             PET2     esm: IInitAdvertise intro.
20230512 113106.137 INFO             PET2     esm: IInitAdvertise extro.
20230512 113106.137 INFO             PET2     ATM: InitializeIPDvXp01 intro.
20230512 113106.139 INFO             PET2     ATM: InitializeIPDvXp01 extro.
20230512 113106.139 INFO             PET2     OCN: InitializeIPDvXp01 intro.
20230512 113106.142 INFO             PET2     OCN: InitializeIPDvXp01 extro.
20230512 113106.143 INFO             PET2     ATM-TO-OCN: InitializeIPDv05p1 intro.
20230512 113106.153 INFO             PET2     ATM-TO-OCN: InitializeIPDv05p1 extro.
20230512 113106.153 INFO             PET2     OCN-TO-ATM: InitializeIPDv05p1 intro.
20230512 113106.156 INFO             PET2     OCN-TO-ATM: InitializeIPDv05p1 extro.
20230512 113106.156 INFO             PET2     esm: IInitAdvertiseFinish intro.
20230512 113106.156 INFO             PET2     esm: IInitAdvertiseFinish extro.
20230512 113106.157 INFO             PET2     ATM-TO-OCN: InitializeIPDv05p2a intro.
20230512 113106.161 INFO             PET2     ATM-TO-OCN: InitializeIPDv05p2a extro.
20230512 113106.161 INFO             PET2     OCN-TO-ATM: InitializeIPDv05p2a intro.
20230512 113106.164 INFO             PET2     OCN-TO-ATM: InitializeIPDv05p2a extro.
20230512 113106.164 INFO             PET2     ATM-TO-OCN: InitializeIPDv05p2b intro.
20230512 113106.168 INFO             PET2     ATM-TO-OCN: InitializeIPDv05p2b extro.
20230512 113106.169 INFO             PET2     OCN-TO-ATM: InitializeIPDv05p2b intro.
20230512 113106.172 INFO             PET2     OCN-TO-ATM: InitializeIPDv05p2b extro.
20230512 113106.172 INFO             PET2     esm: IInitModifyCplLists intro.
20230512 113106.172 INFO             PET2     esm: IInitModifyCplLists extro.
20230512 113106.173 INFO             PET2     ATM-TO-OCN: InitializeIPDv05p3 intro.
20230512 113106.177 INFO             PET2     ATM-TO-OCN: InitializeIPDv05p3 extro.
20230512 113106.177 INFO             PET2     OCN-TO-ATM: InitializeIPDv05p3 intro.
20230512 113106.181 INFO             PET2     OCN-TO-ATM: InitializeIPDv05p3 extro.
20230512 113106.181 INFO             PET2     <<<esm: leaving Initialize (phase=<none>) with current time: 2010  6  1  0  0  0   0
20230512 113106.181 INFO             PET2   esm: InitializeIPDv02p1 extro.
20230512 113106.181 INFO             PET2   esm: InitializeIPDv02p3 intro.
20230512 113106.181 INFO             PET2     >>>esm: entered Initialize (phase=<none>) with current time: 2010  6  1  0  0  0   0
20230512 113106.181 INFO             PET2     esm: IInitCheck intro.
20230512 113106.181 INFO             PET2     esm: IInitCheck extro.
20230512 113106.181 INFO             PET2     atmA: InitializeIPDvXp04 intro.
20230512 113106.186 INFO             PET2     atmA: InitializeIPDvXp04 extro.
20230512 113106.186 INFO             PET2     ocnA: InitializeIPDvXp04 intro.
20230512 113106.190 INFO             PET2     ocnA: InitializeIPDvXp04 extro.
20230512 113106.192 INFO             PET2     ATM-TO-OCN: InitializeIPDv05p4 intro.
20230512 113106.200 INFO             PET2     ATM-TO-OCN: InitializeIPDv05p4 extro.
20230512 113106.200 INFO             PET2     OCN-TO-ATM: InitializeIPDv05p4 intro.
20230512 113106.204 INFO             PET2     OCN-TO-ATM: InitializeIPDv05p4 extro.
20230512 113106.205 INFO             PET2     ATM-TO-OCN: InitializeIPDv05p5 intro.
20230512 113106.211 INFO             PET2     ATM-TO-OCN: InitializeIPDv05p5 extro.
20230512 113106.211 INFO             PET2     OCN-TO-ATM: InitializeIPDv05p5 intro.
20230512 113106.215 INFO             PET2     OCN-TO-ATM: InitializeIPDv05p5 extro.
20230512 113106.215 INFO             PET2     esm: IInitRealize intro.
20230512 113106.215 INFO             PET2     esm: IInitRealize extro.
20230512 113106.215 INFO             PET2     ATM-TO-OCN: InitializeIPDv05p6a intro.
20230512 113106.221 INFO             PET2     ATM-TO-OCN: InitializeIPDv05p6a extro.
20230512 113106.095 INFO             PET3 !!!!!!!!!!!!!!!!!!!!!!!!!!!!!!!!!!!!!!!!!!!!!!!!!!!!!!
20230512 113106.096 INFO             PET3 !!! THE ESMF_LOG IS SET TO OUTPUT ALL LOG MESSAGES !!!
20230512 113106.096 INFO             PET3 !!!     THIS MAY CAUSE SLOWDOWN IN PERFORMANCE     !!!
20230512 113106.096 INFO             PET3 !!! FOR PRODUCTION RUNS, USE:                      !!!
20230512 113106.096 INFO             PET3 !!!                   ESMF_LOGKIND_Multi_On_Error  !!!
20230512 113106.096 INFO             PET3 !!!!!!!!!!!!!!!!!!!!!!!!!!!!!!!!!!!!!!!!!!!!!!!!!!!!!!
20230512 113106.096 INFO             PET3 Running with ESMF Version   : v8.5.0b18-9-g15f3b88d4b
20230512 113106.096 INFO             PET3 ESMF library build date/time: "May 12 2023" "09:39:17"
20230512 113106.096 INFO             PET3 ESMF library build location : /scratch2/NCEPDEV/stmp1/Gerhard.Theurich/ESMF-Nightly-Testing/pgi_19.1_intelmpi_g_feature_fill_nan/esmf
20230512 113106.096 INFO             PET3 ESMF_COMM                   : intelmpi
20230512 113106.096 INFO             PET3 ESMF_MOAB                   : enabled
20230512 113106.096 INFO             PET3 ESMF_LAPACK                 : enabled
20230512 113106.096 INFO             PET3 ESMF_NETCDF                 : disabled
20230512 113106.097 INFO             PET3 ESMF_PNETCDF                : disabled
20230512 113106.097 INFO             PET3 ESMF_PIO                    : disabled
20230512 113106.097 INFO             PET3 ESMF_YAMLCPP                : enabled
20230512 113106.097 INFO             PET3 esmApp STARTING
20230512 113106.102 INFO             PET3 esm: InitializeGeneric intro.
20230512 113106.102 INFO             PET3   esm: InitializeP0 intro.
20230512 113106.102 INFO             PET3   esm: InitializeP0 extro.
20230512 113106.102 INFO             PET3   esm: InitializeIPDv02p1 intro.
20230512 113106.102 INFO             PET3     >>>esm: entered Initialize (phase=<none>) without valid internal Clock.
20230512 113106.105 INFO             PET3     esm - Creating model component ATM without petList.
20230512 113106.109 INFO             PET3     esm - Creating model component OCN without petList.
20230512 113106.112 INFO             PET3     esm - Creating connector component ATM-TO-OCN without petList.
20230512 113106.119 INFO             PET3     esm - Creating connector component OCN-TO-ATM without petList.
20230512 113106.127 INFO             PET3     esm - Creating state: modelComp 1 Import State
20230512 113106.127 INFO             PET3     esm - Creating state: modelComp 1 Export State
20230512 113106.127 INFO             PET3     esm - Creating state: modelComp 2 Import State
20230512 113106.127 INFO             PET3     esm - Creating state: modelComp 2 Export State
20230512 113106.128 INFO             PET3     ATM: InitializeP0 intro.
20230512 113106.129 INFO             PET3     ATM: InitializeP0 extro.
20230512 113106.129 INFO             PET3     OCN: InitializeP0 intro.
20230512 113106.130 INFO             PET3     OCN: InitializeP0 extro.
20230512 113106.133 INFO             PET3     ATM-TO-OCN: InitializeP0 intro.
20230512 113106.133 INFO             PET3     ATM-TO-OCN: InitializeP0 extro.
20230512 113106.134 INFO             PET3     OCN-TO-ATM: InitializeP0 intro.
20230512 113106.135 INFO             PET3     OCN-TO-ATM: InitializeP0 extro.
20230512 113106.136 INFO             PET3     esm: IInitAdvertise intro.
20230512 113106.136 INFO             PET3     esm: IInitAdvertise extro.
20230512 113106.136 INFO             PET3     ATM: InitializeIPDvXp01 intro.
20230512 113106.139 INFO             PET3     ATM: InitializeIPDvXp01 extro.
20230512 113106.139 INFO             PET3     OCN: InitializeIPDvXp01 intro.
20230512 113106.141 INFO             PET3     OCN: InitializeIPDvXp01 extro.
20230512 113106.143 INFO             PET3     ATM-TO-OCN: InitializeIPDv05p1 intro.
20230512 113106.152 INFO             PET3     ATM-TO-OCN: InitializeIPDv05p1 extro.
20230512 113106.153 INFO             PET3     OCN-TO-ATM: InitializeIPDv05p1 intro.
20230512 113106.156 INFO             PET3     OCN-TO-ATM: InitializeIPDv05p1 extro.
20230512 113106.156 INFO             PET3     esm: IInitAdvertiseFinish intro.
20230512 113106.156 INFO             PET3     esm: IInitAdvertiseFinish extro.
20230512 113106.156 INFO             PET3     ATM-TO-OCN: InitializeIPDv05p2a intro.
20230512 113106.161 INFO             PET3     ATM-TO-OCN: InitializeIPDv05p2a extro.
20230512 113106.161 INFO             PET3     OCN-TO-ATM: InitializeIPDv05p2a intro.
20230512 113106.164 INFO             PET3     OCN-TO-ATM: InitializeIPDv05p2a extro.
20230512 113106.164 INFO             PET3     ATM-TO-OCN: InitializeIPDv05p2b intro.
20230512 113106.168 INFO             PET3     ATM-TO-OCN: InitializeIPDv05p2b extro.
20230512 113106.169 INFO             PET3     OCN-TO-ATM: InitializeIPDv05p2b intro.
20230512 113106.172 INFO             PET3     OCN-TO-ATM: InitializeIPDv05p2b extro.
20230512 113106.172 INFO             PET3     esm: IInitModifyCplLists intro.
20230512 113106.172 INFO             PET3     esm: IInitModifyCplLists extro.
20230512 113106.173 INFO             PET3     ATM-TO-OCN: InitializeIPDv05p3 intro.
20230512 113106.177 INFO             PET3     ATM-TO-OCN: InitializeIPDv05p3 extro.
20230512 113106.177 INFO             PET3     OCN-TO-ATM: InitializeIPDv05p3 intro.
20230512 113106.181 INFO             PET3     OCN-TO-ATM: InitializeIPDv05p3 extro.
20230512 113106.181 INFO             PET3     <<<esm: leaving Initialize (phase=<none>) with current time: 2010  6  1  0  0  0   0
20230512 113106.181 INFO             PET3   esm: InitializeIPDv02p1 extro.
20230512 113106.181 INFO             PET3   esm: InitializeIPDv02p3 intro.
20230512 113106.181 INFO             PET3     >>>esm: entered Initialize (phase=<none>) with current time: 2010  6  1  0  0  0   0
20230512 113106.181 INFO             PET3     esm: IInitCheck intro.
20230512 113106.181 INFO             PET3     esm: IInitCheck extro.
20230512 113106.181 INFO             PET3     atmA: InitializeIPDvXp04 intro.
20230512 113106.186 INFO             PET3     atmA: InitializeIPDvXp04 extro.
20230512 113106.186 INFO             PET3     ocnA: InitializeIPDvXp04 intro.
20230512 113106.190 INFO             PET3     ocnA: InitializeIPDvXp04 extro.
20230512 113106.192 INFO             PET3     ATM-TO-OCN: InitializeIPDv05p4 intro.
20230512 113106.200 INFO             PET3     ATM-TO-OCN: InitializeIPDv05p4 extro.
20230512 113106.200 INFO             PET3     OCN-TO-ATM: InitializeIPDv05p4 intro.
20230512 113106.204 INFO             PET3     OCN-TO-ATM: InitializeIPDv05p4 extro.
20230512 113106.205 INFO             PET3     ATM-TO-OCN: InitializeIPDv05p5 intro.
20230512 113106.210 INFO             PET3     ATM-TO-OCN: InitializeIPDv05p5 extro.
20230512 113106.211 INFO             PET3     OCN-TO-ATM: InitializeIPDv05p5 intro.
20230512 113106.215 INFO             PET3     OCN-TO-ATM: InitializeIPDv05p5 extro.
20230512 113106.215 INFO             PET3     esm: IInitRealize intro.
20230512 113106.215 INFO             PET3     esm: IInitRealize extro.
20230512 113106.215 INFO             PET3     ATM-TO-OCN: InitializeIPDv05p6a intro.
20230512 113106.221 INFO             PET3     ATM-TO-OCN: InitializeIPDv05p6a extro.
