2023-05-13 08:15:46
20230513 101431.509 INFO             PET0 !!!!!!!!!!!!!!!!!!!!!!!!!!!!!!!!!!!!!!!!!!!!!!!!!!!!!!
20230513 101431.510 INFO             PET0 !!! THE ESMF_LOG IS SET TO OUTPUT ALL LOG MESSAGES !!!
20230513 101431.510 INFO             PET0 !!!     THIS MAY CAUSE SLOWDOWN IN PERFORMANCE     !!!
20230513 101431.510 INFO             PET0 !!! FOR PRODUCTION RUNS, USE:                      !!!
20230513 101431.510 INFO             PET0 !!!                   ESMF_LOGKIND_Multi_On_Error  !!!
20230513 101431.510 INFO             PET0 !!!!!!!!!!!!!!!!!!!!!!!!!!!!!!!!!!!!!!!!!!!!!!!!!!!!!!
20230513 101431.510 INFO             PET0 Running with ESMF Version   : v8.5.0b18-9-g15f3b88d4b
20230513 101431.510 INFO             PET0 ESMF library build date/time: "May 13 2023" "08:10:16"
20230513 101431.510 INFO             PET0 ESMF library build location : /scratch2/NCEPDEV/stmp1/Gerhard.Theurich/ESMF-Nightly-Testing/pgi_19.1_intelmpi_g_feature_fill_nan/esmf
20230513 101431.510 INFO             PET0 ESMF_COMM                   : intelmpi
20230513 101431.510 INFO             PET0 ESMF_MOAB                   : enabled
20230513 101431.510 INFO             PET0 ESMF_LAPACK                 : enabled
20230513 101431.510 INFO             PET0 ESMF_NETCDF                 : disabled
20230513 101431.510 INFO             PET0 ESMF_PNETCDF                : disabled
20230513 101431.510 INFO             PET0 ESMF_PIO                    : disabled
20230513 101431.510 INFO             PET0 ESMF_YAMLCPP                : enabled
20230513 101431.511 INFO             PET0 mainApp STARTING
20230513 101431.516 INFO             PET0 advection diffusion driver: InitializeGeneric intro.
20230513 101431.516 INFO             PET0   advection diffusion driver: InitializeP0 intro.
20230513 101431.516 INFO             PET0   advection diffusion driver: InitializeP0 extro.
20230513 101431.516 INFO             PET0   advection diffusion driver: InitializeIPDv02p1 intro.
20230513 101431.516 INFO             PET0     >>>advection diffusion driver: entered Initialize (phase=<none>) without valid internal Clock.
20230513 101431.517 INFO             PET0     advection diffusion driver - Creating model component advectDiff_Parent without petList.
20230513 101431.522 INFO             PET0     advection diffusion driver - Creating model component advectDiff_Nestling0 with petList of size 2 :
20230513 101431.522 INFO             PET0           0      1
20230513 101431.525 INFO             PET0     advection diffusion driver - Creating connector component advectDiff_Parent-TO-advectDiff_Nestling0 without petList.
20230513 101431.532 INFO             PET0     advection diffusion driver - Creating state: modelComp 1 Import State
20230513 101431.532 INFO             PET0     advection diffusion driver - Creating state: modelComp 1 Export State
20230513 101431.532 INFO             PET0     advection diffusion driver - Creating state: modelComp 2 Import State
20230513 101431.532 INFO             PET0     advection diffusion driver - Creating state: modelComp 2 Export State
20230513 101431.533 INFO             PET0     advectDiff_Parent: InitializeP0 intro.
20230513 101431.535 INFO             PET0     advectDiff_Parent: InitializeP0 extro.
20230513 101431.535 INFO             PET0     advectDiff_Nestling0: InitializeP0 intro.
20230513 101431.536 INFO             PET0     advectDiff_Nestling0: InitializeP0 extro.
20230513 101431.538 INFO             PET0     advectDiff_Parent-TO-advectDiff_Nestling0: InitializeP0 intro.
20230513 101431.538 INFO             PET0     advectDiff_Parent-TO-advectDiff_Nestling0: InitializeP0 extro.
20230513 101431.540 INFO             PET0     advection diffusion driver: IInitAdvertise intro.
20230513 101431.540 INFO             PET0     advection diffusion driver: IInitAdvertise extro.
20230513 101431.540 INFO             PET0     advectDiff_Parent: InitializeIPDvXp01 intro.
20230513 101431.541 INFO             PET0     advectDiff_Parent: InitializeIPDvXp01 extro.
20230513 101431.541 INFO             PET0     advectDiff_Nestling0: InitializeIPDvXp01 intro.
20230513 101431.542 INFO             PET0     advectDiff_Nestling0: InitializeIPDvXp01 extro.
20230513 101431.544 INFO             PET0     advectDiff_Parent-TO-advectDiff_Nestling0: InitializeIPDv05p1 intro.
20230513 101431.554 INFO             PET0     advectDiff_Parent-TO-advectDiff_Nestling0: InitializeIPDv05p1 extro.
20230513 101431.554 INFO             PET0     advection diffusion driver: IInitAdvertiseFinish intro.
20230513 101431.554 INFO             PET0     advection diffusion driver: IInitAdvertiseFinish extro.
20230513 101431.555 INFO             PET0     advectDiff_Parent-TO-advectDiff_Nestling0: InitializeIPDv05p2a intro.
20230513 101431.559 INFO             PET0     advectDiff_Parent-TO-advectDiff_Nestling0: InitializeIPDv05p2a extro.
20230513 101431.559 INFO             PET0     advectDiff_Parent-TO-advectDiff_Nestling0: InitializeIPDv05p2b intro.
20230513 101431.563 INFO             PET0     advectDiff_Parent-TO-advectDiff_Nestling0: InitializeIPDv05p2b extro.
20230513 101431.564 INFO             PET0     advection diffusion driver: IInitModifyCplLists intro.
20230513 101431.564 INFO             PET0     advection diffusion driver: IInitModifyCplLists extro.
20230513 101431.564 INFO             PET0     advectDiff_Parent-TO-advectDiff_Nestling0: InitializeIPDv05p3 intro.
20230513 101431.568 INFO             PET0     advectDiff_Parent-TO-advectDiff_Nestling0: InitializeIPDv05p3 extro.
20230513 101431.568 INFO             PET0     <<<advection diffusion driver: leaving Initialize (phase=<none>) with current time:    0  1  1  0  0  0   0
20230513 101431.568 INFO             PET0   advection diffusion driver: InitializeIPDv02p1 extro.
20230513 101431.568 INFO             PET0   advection diffusion driver: InitializeIPDv02p3 intro.
20230513 101431.569 INFO             PET0     >>>advection diffusion driver: entered Initialize (phase=<none>) with current time:    0  1  1  0  0  0   0
20230513 101431.569 INFO             PET0     advection diffusion driver: IInitCheck intro.
20230513 101431.569 INFO             PET0     advection diffusion driver: IInitCheck extro.
20230513 101431.569 INFO             PET0     advectDiff_Parent: InitializeIPDvXp04 intro.
20230513 101431.575 INFO             PET0     advectDiff_Parent: InitializeIPDvXp04 extro.
20230513 101431.575 INFO             PET0     advectDiff_Nestling0: InitializeIPDvXp04 intro.
20230513 101431.583 INFO             PET0     advectDiff_Nestling0: InitializeIPDvXp04 extro.
20230513 101431.584 INFO             PET0     advectDiff_Parent-TO-advectDiff_Nestling0: InitializeIPDv05p4 intro.
20230513 101431.591 INFO             PET0     advectDiff_Parent-TO-advectDiff_Nestling0: InitializeIPDv05p4 extro.
20230513 101431.509 INFO             PET1 !!!!!!!!!!!!!!!!!!!!!!!!!!!!!!!!!!!!!!!!!!!!!!!!!!!!!!
20230513 101431.510 INFO             PET1 !!! THE ESMF_LOG IS SET TO OUTPUT ALL LOG MESSAGES !!!
20230513 101431.510 INFO             PET1 !!!     THIS MAY CAUSE SLOWDOWN IN PERFORMANCE     !!!
20230513 101431.510 INFO             PET1 !!! FOR PRODUCTION RUNS, USE:                      !!!
20230513 101431.510 INFO             PET1 !!!                   ESMF_LOGKIND_Multi_On_Error  !!!
20230513 101431.510 INFO             PET1 !!!!!!!!!!!!!!!!!!!!!!!!!!!!!!!!!!!!!!!!!!!!!!!!!!!!!!
20230513 101431.510 INFO             PET1 Running with ESMF Version   : v8.5.0b18-9-g15f3b88d4b
20230513 101431.510 INFO             PET1 ESMF library build date/time: "May 13 2023" "08:10:16"
20230513 101431.510 INFO             PET1 ESMF library build location : /scratch2/NCEPDEV/stmp1/Gerhard.Theurich/ESMF-Nightly-Testing/pgi_19.1_intelmpi_g_feature_fill_nan/esmf
20230513 101431.510 INFO             PET1 ESMF_COMM                   : intelmpi
20230513 101431.510 INFO             PET1 ESMF_MOAB                   : enabled
20230513 101431.511 INFO             PET1 ESMF_LAPACK                 : enabled
20230513 101431.511 INFO             PET1 ESMF_NETCDF                 : disabled
20230513 101431.511 INFO             PET1 ESMF_PNETCDF                : disabled
20230513 101431.511 INFO             PET1 ESMF_PIO                    : disabled
20230513 101431.511 INFO             PET1 ESMF_YAMLCPP                : enabled
20230513 101431.511 INFO             PET1 mainApp STARTING
20230513 101431.517 INFO             PET1 advection diffusion driver: InitializeGeneric intro.
20230513 101431.517 INFO             PET1   advection diffusion driver: InitializeP0 intro.
20230513 101431.517 INFO             PET1   advection diffusion driver: InitializeP0 extro.
20230513 101431.517 INFO             PET1   advection diffusion driver: InitializeIPDv02p1 intro.
20230513 101431.517 INFO             PET1     >>>advection diffusion driver: entered Initialize (phase=<none>) without valid internal Clock.
20230513 101431.517 INFO             PET1     advection diffusion driver - Creating model component advectDiff_Parent without petList.
20230513 101431.522 INFO             PET1     advection diffusion driver - Creating model component advectDiff_Nestling0 with petList of size 2 :
20230513 101431.522 INFO             PET1           0      1
20230513 101431.526 INFO             PET1     advection diffusion driver - Creating connector component advectDiff_Parent-TO-advectDiff_Nestling0 without petList.
20230513 101431.534 INFO             PET1     advection diffusion driver - Creating state: modelComp 1 Import State
20230513 101431.534 INFO             PET1     advection diffusion driver - Creating state: modelComp 1 Export State
20230513 101431.534 INFO             PET1     advection diffusion driver - Creating state: modelComp 2 Import State
20230513 101431.534 INFO             PET1     advection diffusion driver - Creating state: modelComp 2 Export State
20230513 101431.536 INFO             PET1     advectDiff_Parent: InitializeP0 intro.
20230513 101431.537 INFO             PET1     advectDiff_Parent: InitializeP0 extro.
20230513 101431.537 INFO             PET1     advectDiff_Nestling0: InitializeP0 intro.
20230513 101431.539 INFO             PET1     advectDiff_Nestling0: InitializeP0 extro.
20230513 101431.541 INFO             PET1     advectDiff_Parent-TO-advectDiff_Nestling0: InitializeP0 intro.
20230513 101431.542 INFO             PET1     advectDiff_Parent-TO-advectDiff_Nestling0: InitializeP0 extro.
20230513 101431.544 INFO             PET1     advection diffusion driver: IInitAdvertise intro.
20230513 101431.544 INFO             PET1     advection diffusion driver: IInitAdvertise extro.
20230513 101431.544 INFO             PET1     advectDiff_Parent: InitializeIPDvXp01 intro.
20230513 101431.545 INFO             PET1     advectDiff_Parent: InitializeIPDvXp01 extro.
20230513 101431.545 INFO             PET1     advectDiff_Nestling0: InitializeIPDvXp01 intro.
20230513 101431.547 INFO             PET1     advectDiff_Nestling0: InitializeIPDvXp01 extro.
20230513 101431.549 INFO             PET1     advectDiff_Parent-TO-advectDiff_Nestling0: InitializeIPDv05p1 intro.
20230513 101431.554 INFO             PET1     advectDiff_Parent-TO-advectDiff_Nestling0: InitializeIPDv05p1 extro.
20230513 101431.554 INFO             PET1     advection diffusion driver: IInitAdvertiseFinish intro.
20230513 101431.554 INFO             PET1     advection diffusion driver: IInitAdvertiseFinish extro.
20230513 101431.555 INFO             PET1     advectDiff_Parent-TO-advectDiff_Nestling0: InitializeIPDv05p2a intro.
20230513 101431.559 INFO             PET1     advectDiff_Parent-TO-advectDiff_Nestling0: InitializeIPDv05p2a extro.
20230513 101431.559 INFO             PET1     advectDiff_Parent-TO-advectDiff_Nestling0: InitializeIPDv05p2b intro.
20230513 101431.563 INFO             PET1     advectDiff_Parent-TO-advectDiff_Nestling0: InitializeIPDv05p2b extro.
20230513 101431.564 INFO             PET1     advection diffusion driver: IInitModifyCplLists intro.
20230513 101431.564 INFO             PET1     advection diffusion driver: IInitModifyCplLists extro.
20230513 101431.564 INFO             PET1     advectDiff_Parent-TO-advectDiff_Nestling0: InitializeIPDv05p3 intro.
20230513 101431.569 INFO             PET1     advectDiff_Parent-TO-advectDiff_Nestling0: InitializeIPDv05p3 extro.
20230513 101431.569 INFO             PET1     <<<advection diffusion driver: leaving Initialize (phase=<none>) with current time:    0  1  1  0  0  0   0
20230513 101431.569 INFO             PET1   advection diffusion driver: InitializeIPDv02p1 extro.
20230513 101431.569 INFO             PET1   advection diffusion driver: InitializeIPDv02p3 intro.
20230513 101431.569 INFO             PET1     >>>advection diffusion driver: entered Initialize (phase=<none>) with current time:    0  1  1  0  0  0   0
20230513 101431.569 INFO             PET1     advection diffusion driver: IInitCheck intro.
20230513 101431.569 INFO             PET1     advection diffusion driver: IInitCheck extro.
20230513 101431.569 INFO             PET1     advectDiff_Parent: InitializeIPDvXp04 intro.
20230513 101431.575 INFO             PET1     advectDiff_Parent: InitializeIPDvXp04 extro.
20230513 101431.576 INFO             PET1     advectDiff_Nestling0: InitializeIPDvXp04 intro.
20230513 101431.583 INFO             PET1     advectDiff_Nestling0: InitializeIPDvXp04 extro.
20230513 101431.585 INFO             PET1     advectDiff_Parent-TO-advectDiff_Nestling0: InitializeIPDv05p4 intro.
20230513 101431.591 INFO             PET1     advectDiff_Parent-TO-advectDiff_Nestling0: InitializeIPDv05p4 extro.
20230513 101431.508 INFO             PET2 !!!!!!!!!!!!!!!!!!!!!!!!!!!!!!!!!!!!!!!!!!!!!!!!!!!!!!
20230513 101431.509 INFO             PET2 !!! THE ESMF_LOG IS SET TO OUTPUT ALL LOG MESSAGES !!!
20230513 101431.509 INFO             PET2 !!!     THIS MAY CAUSE SLOWDOWN IN PERFORMANCE     !!!
20230513 101431.509 INFO             PET2 !!! FOR PRODUCTION RUNS, USE:                      !!!
20230513 101431.509 INFO             PET2 !!!                   ESMF_LOGKIND_Multi_On_Error  !!!
20230513 101431.509 INFO             PET2 !!!!!!!!!!!!!!!!!!!!!!!!!!!!!!!!!!!!!!!!!!!!!!!!!!!!!!
20230513 101431.509 INFO             PET2 Running with ESMF Version   : v8.5.0b18-9-g15f3b88d4b
20230513 101431.509 INFO             PET2 ESMF library build date/time: "May 13 2023" "08:10:16"
20230513 101431.509 INFO             PET2 ESMF library build location : /scratch2/NCEPDEV/stmp1/Gerhard.Theurich/ESMF-Nightly-Testing/pgi_19.1_intelmpi_g_feature_fill_nan/esmf
20230513 101431.509 INFO             PET2 ESMF_COMM                   : intelmpi
20230513 101431.510 INFO             PET2 ESMF_MOAB                   : enabled
20230513 101431.510 INFO             PET2 ESMF_LAPACK                 : enabled
20230513 101431.510 INFO             PET2 ESMF_NETCDF                 : disabled
20230513 101431.510 INFO             PET2 ESMF_PNETCDF                : disabled
20230513 101431.510 INFO             PET2 ESMF_PIO                    : disabled
20230513 101431.510 INFO             PET2 ESMF_YAMLCPP                : enabled
20230513 101431.511 INFO             PET2 mainApp STARTING
20230513 101431.516 INFO             PET2 advection diffusion driver: InitializeGeneric intro.
20230513 101431.516 INFO             PET2   advection diffusion driver: InitializeP0 intro.
20230513 101431.516 INFO             PET2   advection diffusion driver: InitializeP0 extro.
20230513 101431.516 INFO             PET2   advection diffusion driver: InitializeIPDv02p1 intro.
20230513 101431.516 INFO             PET2     >>>advection diffusion driver: entered Initialize (phase=<none>) without valid internal Clock.
20230513 101431.517 INFO             PET2     advection diffusion driver - Creating model component advectDiff_Parent without petList.
20230513 101431.522 INFO             PET2     advection diffusion driver - Creating model component advectDiff_Nestling0 with petList of size 2 :
20230513 101431.522 INFO             PET2           0      1
20230513 101431.522 INFO             PET2     advection diffusion driver - Creating connector component advectDiff_Parent-TO-advectDiff_Nestling0 without petList.
20230513 101431.532 INFO             PET2     advection diffusion driver - Creating state: modelComp 1 Import State
20230513 101431.532 INFO             PET2     advection diffusion driver - Creating state: modelComp 1 Export State
20230513 101431.532 INFO             PET2     advection diffusion driver - Creating state: modelComp 2 Import State
20230513 101431.532 INFO             PET2     advection diffusion driver - Creating state: modelComp 2 Export State
20230513 101431.533 INFO             PET2     advectDiff_Parent: InitializeP0 intro.
20230513 101431.535 INFO             PET2     advectDiff_Parent: InitializeP0 extro.
20230513 101431.538 INFO             PET2     advectDiff_Parent-TO-advectDiff_Nestling0: InitializeP0 intro.
20230513 101431.539 INFO             PET2     advectDiff_Parent-TO-advectDiff_Nestling0: InitializeP0 extro.
20230513 101431.540 INFO             PET2     advection diffusion driver: IInitAdvertise intro.
20230513 101431.540 INFO             PET2     advection diffusion driver: IInitAdvertise extro.
20230513 101431.540 INFO             PET2     advectDiff_Parent: InitializeIPDvXp01 intro.
20230513 101431.541 INFO             PET2     advectDiff_Parent: InitializeIPDvXp01 extro.
20230513 101431.544 INFO             PET2     advectDiff_Parent-TO-advectDiff_Nestling0: InitializeIPDv05p1 intro.
20230513 101431.554 INFO             PET2     advectDiff_Parent-TO-advectDiff_Nestling0: InitializeIPDv05p1 extro.
20230513 101431.554 INFO             PET2     advection diffusion driver: IInitAdvertiseFinish intro.
20230513 101431.554 INFO             PET2     advection diffusion driver: IInitAdvertiseFinish extro.
20230513 101431.555 INFO             PET2     advectDiff_Parent-TO-advectDiff_Nestling0: InitializeIPDv05p2a intro.
20230513 101431.559 INFO             PET2     advectDiff_Parent-TO-advectDiff_Nestling0: InitializeIPDv05p2a extro.
20230513 101431.559 INFO             PET2     advectDiff_Parent-TO-advectDiff_Nestling0: InitializeIPDv05p2b intro.
20230513 101431.563 INFO             PET2     advectDiff_Parent-TO-advectDiff_Nestling0: InitializeIPDv05p2b extro.
20230513 101431.564 INFO             PET2     advection diffusion driver: IInitModifyCplLists intro.
20230513 101431.564 INFO             PET2     advection diffusion driver: IInitModifyCplLists extro.
20230513 101431.564 INFO             PET2     advectDiff_Parent-TO-advectDiff_Nestling0: InitializeIPDv05p3 intro.
20230513 101431.568 INFO             PET2     advectDiff_Parent-TO-advectDiff_Nestling0: InitializeIPDv05p3 extro.
20230513 101431.568 INFO             PET2     <<<advection diffusion driver: leaving Initialize (phase=<none>) with current time:    0  1  1  0  0  0   0
20230513 101431.568 INFO             PET2   advection diffusion driver: InitializeIPDv02p1 extro.
20230513 101431.568 INFO             PET2   advection diffusion driver: InitializeIPDv02p3 intro.
20230513 101431.569 INFO             PET2     >>>advection diffusion driver: entered Initialize (phase=<none>) with current time:    0  1  1  0  0  0   0
20230513 101431.569 INFO             PET2     advection diffusion driver: IInitCheck intro.
20230513 101431.569 INFO             PET2     advection diffusion driver: IInitCheck extro.
20230513 101431.569 INFO             PET2     advectDiff_Parent: InitializeIPDvXp04 intro.
20230513 101431.575 INFO             PET2     advectDiff_Parent: InitializeIPDvXp04 extro.
20230513 101431.585 INFO             PET2     advectDiff_Parent-TO-advectDiff_Nestling0: InitializeIPDv05p4 intro.
20230513 101431.591 INFO             PET2     advectDiff_Parent-TO-advectDiff_Nestling0: InitializeIPDv05p4 extro.
20230513 101431.591 INFO             PET2     advectDiff_Parent-TO-advectDiff_Nestling0: InitializeIPDv05p5 intro.
20230513 101431.597 INFO             PET2     advectDiff_Parent-TO-advectDiff_Nestling0: InitializeIPDv05p5 extro.
20230513 101431.597 INFO             PET2     advection diffusion driver: IInitRealize intro.
20230513 101431.597 INFO             PET2     advection diffusion driver: IInitRealize extro.
20230513 101431.597 INFO             PET2     advectDiff_Parent-TO-advectDiff_Nestling0: InitializeIPDv05p6a intro.
20230513 101431.602 INFO             PET2     advectDiff_Parent-TO-advectDiff_Nestling0: InitializeIPDv05p6a extro.
20230513 101431.509 INFO             PET3 !!!!!!!!!!!!!!!!!!!!!!!!!!!!!!!!!!!!!!!!!!!!!!!!!!!!!!
20230513 101431.510 INFO             PET3 !!! THE ESMF_LOG IS SET TO OUTPUT ALL LOG MESSAGES !!!
20230513 101431.510 INFO             PET3 !!!     THIS MAY CAUSE SLOWDOWN IN PERFORMANCE     !!!
20230513 101431.510 INFO             PET3 !!! FOR PRODUCTION RUNS, USE:                      !!!
20230513 101431.510 INFO             PET3 !!!                   ESMF_LOGKIND_Multi_On_Error  !!!
20230513 101431.510 INFO             PET3 !!!!!!!!!!!!!!!!!!!!!!!!!!!!!!!!!!!!!!!!!!!!!!!!!!!!!!
20230513 101431.510 INFO             PET3 Running with ESMF Version   : v8.5.0b18-9-g15f3b88d4b
20230513 101431.510 INFO             PET3 ESMF library build date/time: "May 13 2023" "08:10:16"
20230513 101431.510 INFO             PET3 ESMF library build location : /scratch2/NCEPDEV/stmp1/Gerhard.Theurich/ESMF-Nightly-Testing/pgi_19.1_intelmpi_g_feature_fill_nan/esmf
20230513 101431.510 INFO             PET3 ESMF_COMM                   : intelmpi
20230513 101431.510 INFO             PET3 ESMF_MOAB                   : enabled
20230513 101431.511 INFO             PET3 ESMF_LAPACK                 : enabled
20230513 101431.511 INFO             PET3 ESMF_NETCDF                 : disabled
20230513 101431.511 INFO             PET3 ESMF_PNETCDF                : disabled
20230513 101431.511 INFO             PET3 ESMF_PIO                    : disabled
20230513 101431.511 INFO             PET3 ESMF_YAMLCPP                : enabled
20230513 101431.511 INFO             PET3 mainApp STARTING
20230513 101431.516 INFO             PET3 advection diffusion driver: InitializeGeneric intro.
20230513 101431.516 INFO             PET3   advection diffusion driver: InitializeP0 intro.
20230513 101431.516 INFO             PET3   advection diffusion driver: InitializeP0 extro.
20230513 101431.516 INFO             PET3   advection diffusion driver: InitializeIPDv02p1 intro.
20230513 101431.516 INFO             PET3     >>>advection diffusion driver: entered Initialize (phase=<none>) without valid internal Clock.
20230513 101431.517 INFO             PET3     advection diffusion driver - Creating model component advectDiff_Parent without petList.
20230513 101431.522 INFO             PET3     advection diffusion driver - Creating model component advectDiff_Nestling0 with petList of size 2 :
20230513 101431.522 INFO             PET3           0      1
20230513 101431.522 INFO             PET3     advection diffusion driver - Creating connector component advectDiff_Parent-TO-advectDiff_Nestling0 without petList.
20230513 101431.532 INFO             PET3     advection diffusion driver - Creating state: modelComp 1 Import State
20230513 101431.532 INFO             PET3     advection diffusion driver - Creating state: modelComp 1 Export State
20230513 101431.532 INFO             PET3     advection diffusion driver - Creating state: modelComp 2 Import State
20230513 101431.532 INFO             PET3     advection diffusion driver - Creating state: modelComp 2 Export State
20230513 101431.533 INFO             PET3     advectDiff_Parent: InitializeP0 intro.
20230513 101431.535 INFO             PET3     advectDiff_Parent: InitializeP0 extro.
20230513 101431.538 INFO             PET3     advectDiff_Parent-TO-advectDiff_Nestling0: InitializeP0 intro.
20230513 101431.538 INFO             PET3     advectDiff_Parent-TO-advectDiff_Nestling0: InitializeP0 extro.
20230513 101431.540 INFO             PET3     advection diffusion driver: IInitAdvertise intro.
20230513 101431.540 INFO             PET3     advection diffusion driver: IInitAdvertise extro.
20230513 101431.540 INFO             PET3     advectDiff_Parent: InitializeIPDvXp01 intro.
20230513 101431.541 INFO             PET3     advectDiff_Parent: InitializeIPDvXp01 extro.
20230513 101431.544 INFO             PET3     advectDiff_Parent-TO-advectDiff_Nestling0: InitializeIPDv05p1 intro.
20230513 101431.554 INFO             PET3     advectDiff_Parent-TO-advectDiff_Nestling0: InitializeIPDv05p1 extro.
20230513 101431.554 INFO             PET3     advection diffusion driver: IInitAdvertiseFinish intro.
20230513 101431.554 INFO             PET3     advection diffusion driver: IInitAdvertiseFinish extro.
20230513 101431.555 INFO             PET3     advectDiff_Parent-TO-advectDiff_Nestling0: InitializeIPDv05p2a intro.
20230513 101431.559 INFO             PET3     advectDiff_Parent-TO-advectDiff_Nestling0: InitializeIPDv05p2a extro.
20230513 101431.559 INFO             PET3     advectDiff_Parent-TO-advectDiff_Nestling0: InitializeIPDv05p2b intro.
20230513 101431.563 INFO             PET3     advectDiff_Parent-TO-advectDiff_Nestling0: InitializeIPDv05p2b extro.
20230513 101431.564 INFO             PET3     advection diffusion driver: IInitModifyCplLists intro.
20230513 101431.564 INFO             PET3     advection diffusion driver: IInitModifyCplLists extro.
20230513 101431.564 INFO             PET3     advectDiff_Parent-TO-advectDiff_Nestling0: InitializeIPDv05p3 intro.
20230513 101431.568 INFO             PET3     advectDiff_Parent-TO-advectDiff_Nestling0: InitializeIPDv05p3 extro.
20230513 101431.568 INFO             PET3     <<<advection diffusion driver: leaving Initialize (phase=<none>) with current time:    0  1  1  0  0  0   0
20230513 101431.568 INFO             PET3   advection diffusion driver: InitializeIPDv02p1 extro.
20230513 101431.568 INFO             PET3   advection diffusion driver: InitializeIPDv02p3 intro.
20230513 101431.569 INFO             PET3     >>>advection diffusion driver: entered Initialize (phase=<none>) with current time:    0  1  1  0  0  0   0
20230513 101431.569 INFO             PET3     advection diffusion driver: IInitCheck intro.
20230513 101431.569 INFO             PET3     advection diffusion driver: IInitCheck extro.
20230513 101431.569 INFO             PET3     advectDiff_Parent: InitializeIPDvXp04 intro.
20230513 101431.575 INFO             PET3     advectDiff_Parent: InitializeIPDvXp04 extro.
20230513 101431.585 INFO             PET3     advectDiff_Parent-TO-advectDiff_Nestling0: InitializeIPDv05p4 intro.
20230513 101431.591 INFO             PET3     advectDiff_Parent-TO-advectDiff_Nestling0: InitializeIPDv05p4 extro.
20230513 101431.591 INFO             PET3     advectDiff_Parent-TO-advectDiff_Nestling0: InitializeIPDv05p5 intro.
20230513 101431.597 INFO             PET3     advectDiff_Parent-TO-advectDiff_Nestling0: InitializeIPDv05p5 extro.
20230513 101431.597 INFO             PET3     advection diffusion driver: IInitRealize intro.
20230513 101431.597 INFO             PET3     advection diffusion driver: IInitRealize extro.
20230513 101431.597 INFO             PET3     advectDiff_Parent-TO-advectDiff_Nestling0: InitializeIPDv05p6a intro.
20230513 101431.602 INFO             PET3     advectDiff_Parent-TO-advectDiff_Nestling0: InitializeIPDv05p6a extro.
