---------------------------------------------------------------------------
Tue Apr 25 05:42:17 UTC 2023
STARTING: AsyncIOBlockingProto
rm -f PET*.ESMF_LogFile *.nc *.stdout
rm -f asyncIOApp *.o *.mod
mpinvf90 -c -O -fpic -mcmodel=small -Mallocatable=03 -pthread  -mp -I/lfs4/HFIP/hfv3gfs/Mark.Potts/esmf-tests/nvhpc_22.2_intelmpi_O_develop/esmf/DEFAULTINSTALLDIR/mod/modO/Linux.nvhpc.64.intelmpi.default -I/lfs4/HFIP/hfv3gfs/Mark.Potts/esmf-tests/nvhpc_22.2_intelmpi_O_develop/esmf/DEFAULTINSTALLDIR/include   -DESMF_NO_INTEGER_1_BYTE -DESMF_NO_INTEGER_2_BYTE -DESMF_VERSION_STRING_GIT='v8.5.0b19-5-gc2c4406dae' -DESMF_MOAB=1 -DESMF_LAPACK=1 -DESMF_LAPACK_INTERNAL=1 -DESMF_NO_ACC_SOFTWARE_STACK=1 -DESMF_YAMLCPP=1 -DESMF_YAML=1 -DESMF_NO_OPENACC -DESMF_TESTEXHAUSTIVE -DESMF_BOPT_O -DESMF_TESTCOMPTUNNEL -DESMF_TESTWITHTHREADS -DSx86_64_small=1 -DESMF_OS_Linux=1 -DESMF_COMM=intelmpi -DESMF_DIR=/lfs4/HFIP/hfv3gfs/Mark.Potts/esmf-tests/nvhpc_22.2_intelmpi_O_develop/esmf -DESMF_NO_F2018ASSUMEDTYPE model.F90
mpinvf90 -c -O -fpic -mcmodel=small -Mallocatable=03 -pthread  -mp -I/lfs4/HFIP/hfv3gfs/Mark.Potts/esmf-tests/nvhpc_22.2_intelmpi_O_develop/esmf/DEFAULTINSTALLDIR/mod/modO/Linux.nvhpc.64.intelmpi.default -I/lfs4/HFIP/hfv3gfs/Mark.Potts/esmf-tests/nvhpc_22.2_intelmpi_O_develop/esmf/DEFAULTINSTALLDIR/include   -DESMF_NO_INTEGER_1_BYTE -DESMF_NO_INTEGER_2_BYTE -DESMF_VERSION_STRING_GIT='v8.5.0b19-5-gc2c4406dae' -DESMF_MOAB=1 -DESMF_LAPACK=1 -DESMF_LAPACK_INTERNAL=1 -DESMF_NO_ACC_SOFTWARE_STACK=1 -DESMF_YAMLCPP=1 -DESMF_YAML=1 -DESMF_NO_OPENACC -DESMF_TESTEXHAUSTIVE -DESMF_BOPT_O -DESMF_TESTCOMPTUNNEL -DESMF_TESTWITHTHREADS -DSx86_64_small=1 -DESMF_OS_Linux=1 -DESMF_COMM=intelmpi -DESMF_DIR=/lfs4/HFIP/hfv3gfs/Mark.Potts/esmf-tests/nvhpc_22.2_intelmpi_O_develop/esmf -DESMF_NO_F2018ASSUMEDTYPE io.F90
mpinvf90 -c -O -fpic -mcmodel=small -Mallocatable=03 -pthread  -mp -I/lfs4/HFIP/hfv3gfs/Mark.Potts/esmf-tests/nvhpc_22.2_intelmpi_O_develop/esmf/DEFAULTINSTALLDIR/mod/modO/Linux.nvhpc.64.intelmpi.default -I/lfs4/HFIP/hfv3gfs/Mark.Potts/esmf-tests/nvhpc_22.2_intelmpi_O_develop/esmf/DEFAULTINSTALLDIR/include   -DESMF_NO_INTEGER_1_BYTE -DESMF_NO_INTEGER_2_BYTE -DESMF_VERSION_STRING_GIT='v8.5.0b19-5-gc2c4406dae' -DESMF_MOAB=1 -DESMF_LAPACK=1 -DESMF_LAPACK_INTERNAL=1 -DESMF_NO_ACC_SOFTWARE_STACK=1 -DESMF_YAMLCPP=1 -DESMF_YAML=1 -DESMF_NO_OPENACC -DESMF_TESTEXHAUSTIVE -DESMF_BOPT_O -DESMF_TESTCOMPTUNNEL -DESMF_TESTWITHTHREADS -DSx86_64_small=1 -DESMF_OS_Linux=1 -DESMF_COMM=intelmpi -DESMF_DIR=/lfs4/HFIP/hfv3gfs/Mark.Potts/esmf-tests/nvhpc_22.2_intelmpi_O_develop/esmf -DESMF_NO_F2018ASSUMEDTYPE asyncIODriver.F90
mpinvf90 -c -O -fpic -mcmodel=small -Mallocatable=03 -pthread  -mp -I/lfs4/HFIP/hfv3gfs/Mark.Potts/esmf-tests/nvhpc_22.2_intelmpi_O_develop/esmf/DEFAULTINSTALLDIR/mod/modO/Linux.nvhpc.64.intelmpi.default -I/lfs4/HFIP/hfv3gfs/Mark.Potts/esmf-tests/nvhpc_22.2_intelmpi_O_develop/esmf/DEFAULTINSTALLDIR/include   -DESMF_NO_INTEGER_1_BYTE -DESMF_NO_INTEGER_2_BYTE -DESMF_VERSION_STRING_GIT='v8.5.0b19-5-gc2c4406dae' -DESMF_MOAB=1 -DESMF_LAPACK=1 -DESMF_LAPACK_INTERNAL=1 -DESMF_NO_ACC_SOFTWARE_STACK=1 -DESMF_YAMLCPP=1 -DESMF_YAML=1 -DESMF_NO_OPENACC -DESMF_TESTEXHAUSTIVE -DESMF_BOPT_O -DESMF_TESTCOMPTUNNEL -DESMF_TESTWITHTHREADS -DSx86_64_small=1 -DESMF_OS_Linux=1 -DESMF_COMM=intelmpi -DESMF_DIR=/lfs4/HFIP/hfv3gfs/Mark.Potts/esmf-tests/nvhpc_22.2_intelmpi_O_develop/esmf -DESMF_NO_F2018ASSUMEDTYPE asyncIOApp.F90
mpinvf90 -mcmodel=small -pthread -Wl,--no-as-needed  -mp -L/lfs4/HFIP/hfv3gfs/Mark.Potts/esmf-tests/nvhpc_22.2_intelmpi_O_develop/esmf/DEFAULTINSTALLDIR/lib/libO/Linux.nvhpc.64.intelmpi.default  -Wl,-rpath,/lfs4/HFIP/hfv3gfs/Mark.Potts/esmf-tests/nvhpc_22.2_intelmpi_O_develop/esmf/DEFAULTINSTALLDIR/lib/libO/Linux.nvhpc.64.intelmpi.default  -o asyncIOApp asyncIOApp.o asyncIODriver.o model.o io.o -lesmf  -c++libs
+ /lfs4/HFIP/hfv3gfs/Mark.Potts/esmf-tests/nvhpc_22.2_intelmpi_O_develop/esmf/scripts/mpirun.srun -np 4 ./asyncIOApp
+ local result=0
+ set +x
FINISHED: AsyncIOBlockingProto
Tue Apr 25 05:42:54 UTC 2023
---------------------------------------------------------------------------

---------------------------------------------------------------------------
Tue Apr 25 05:42:54 UTC 2023
STARTING: AsyncIONonblockingProto
rm -f PET*.ESMF_LogFile *.nc *.stdout
rm -f asyncIOApp *.o *.mod
mpinvf90 -c -O -fpic -mcmodel=small -Mallocatable=03 -pthread  -mp -I/lfs4/HFIP/hfv3gfs/Mark.Potts/esmf-tests/nvhpc_22.2_intelmpi_O_develop/esmf/DEFAULTINSTALLDIR/mod/modO/Linux.nvhpc.64.intelmpi.default -I/lfs4/HFIP/hfv3gfs/Mark.Potts/esmf-tests/nvhpc_22.2_intelmpi_O_develop/esmf/DEFAULTINSTALLDIR/include   -DESMF_NO_INTEGER_1_BYTE -DESMF_NO_INTEGER_2_BYTE -DESMF_VERSION_STRING_GIT='v8.5.0b19-5-gc2c4406dae' -DESMF_MOAB=1 -DESMF_LAPACK=1 -DESMF_LAPACK_INTERNAL=1 -DESMF_NO_ACC_SOFTWARE_STACK=1 -DESMF_YAMLCPP=1 -DESMF_YAML=1 -DESMF_NO_OPENACC -DESMF_TESTEXHAUSTIVE -DESMF_BOPT_O -DESMF_TESTCOMPTUNNEL -DESMF_TESTWITHTHREADS -DSx86_64_small=1 -DESMF_OS_Linux=1 -DESMF_COMM=intelmpi -DESMF_DIR=/lfs4/HFIP/hfv3gfs/Mark.Potts/esmf-tests/nvhpc_22.2_intelmpi_O_develop/esmf -DESMF_NO_F2018ASSUMEDTYPE model.F90
mpinvf90 -c -O -fpic -mcmodel=small -Mallocatable=03 -pthread  -mp -I/lfs4/HFIP/hfv3gfs/Mark.Potts/esmf-tests/nvhpc_22.2_intelmpi_O_develop/esmf/DEFAULTINSTALLDIR/mod/modO/Linux.nvhpc.64.intelmpi.default -I/lfs4/HFIP/hfv3gfs/Mark.Potts/esmf-tests/nvhpc_22.2_intelmpi_O_develop/esmf/DEFAULTINSTALLDIR/include   -DESMF_NO_INTEGER_1_BYTE -DESMF_NO_INTEGER_2_BYTE -DESMF_VERSION_STRING_GIT='v8.5.0b19-5-gc2c4406dae' -DESMF_MOAB=1 -DESMF_LAPACK=1 -DESMF_LAPACK_INTERNAL=1 -DESMF_NO_ACC_SOFTWARE_STACK=1 -DESMF_YAMLCPP=1 -DESMF_YAML=1 -DESMF_NO_OPENACC -DESMF_TESTEXHAUSTIVE -DESMF_BOPT_O -DESMF_TESTCOMPTUNNEL -DESMF_TESTWITHTHREADS -DSx86_64_small=1 -DESMF_OS_Linux=1 -DESMF_COMM=intelmpi -DESMF_DIR=/lfs4/HFIP/hfv3gfs/Mark.Potts/esmf-tests/nvhpc_22.2_intelmpi_O_develop/esmf -DESMF_NO_F2018ASSUMEDTYPE io.F90
mpinvf90 -c -O -fpic -mcmodel=small -Mallocatable=03 -pthread  -mp -I/lfs4/HFIP/hfv3gfs/Mark.Potts/esmf-tests/nvhpc_22.2_intelmpi_O_develop/esmf/DEFAULTINSTALLDIR/mod/modO/Linux.nvhpc.64.intelmpi.default -I/lfs4/HFIP/hfv3gfs/Mark.Potts/esmf-tests/nvhpc_22.2_intelmpi_O_develop/esmf/DEFAULTINSTALLDIR/include   -DESMF_NO_INTEGER_1_BYTE -DESMF_NO_INTEGER_2_BYTE -DESMF_VERSION_STRING_GIT='v8.5.0b19-5-gc2c4406dae' -DESMF_MOAB=1 -DESMF_LAPACK=1 -DESMF_LAPACK_INTERNAL=1 -DESMF_NO_ACC_SOFTWARE_STACK=1 -DESMF_YAMLCPP=1 -DESMF_YAML=1 -DESMF_NO_OPENACC -DESMF_TESTEXHAUSTIVE -DESMF_BOPT_O -DESMF_TESTCOMPTUNNEL -DESMF_TESTWITHTHREADS -DSx86_64_small=1 -DESMF_OS_Linux=1 -DESMF_COMM=intelmpi -DESMF_DIR=/lfs4/HFIP/hfv3gfs/Mark.Potts/esmf-tests/nvhpc_22.2_intelmpi_O_develop/esmf -DESMF_NO_F2018ASSUMEDTYPE conn.F90
mpinvf90 -c -O -fpic -mcmodel=small -Mallocatable=03 -pthread  -mp -I/lfs4/HFIP/hfv3gfs/Mark.Potts/esmf-tests/nvhpc_22.2_intelmpi_O_develop/esmf/DEFAULTINSTALLDIR/mod/modO/Linux.nvhpc.64.intelmpi.default -I/lfs4/HFIP/hfv3gfs/Mark.Potts/esmf-tests/nvhpc_22.2_intelmpi_O_develop/esmf/DEFAULTINSTALLDIR/include   -DESMF_NO_INTEGER_1_BYTE -DESMF_NO_INTEGER_2_BYTE -DESMF_VERSION_STRING_GIT='v8.5.0b19-5-gc2c4406dae' -DESMF_MOAB=1 -DESMF_LAPACK=1 -DESMF_LAPACK_INTERNAL=1 -DESMF_NO_ACC_SOFTWARE_STACK=1 -DESMF_YAMLCPP=1 -DESMF_YAML=1 -DESMF_NO_OPENACC -DESMF_TESTEXHAUSTIVE -DESMF_BOPT_O -DESMF_TESTCOMPTUNNEL -DESMF_TESTWITHTHREADS -DSx86_64_small=1 -DESMF_OS_Linux=1 -DESMF_COMM=intelmpi -DESMF_DIR=/lfs4/HFIP/hfv3gfs/Mark.Potts/esmf-tests/nvhpc_22.2_intelmpi_O_develop/esmf -DESMF_NO_F2018ASSUMEDTYPE asyncIODriver.F90
mpinvf90 -c -O -fpic -mcmodel=small -Mallocatable=03 -pthread  -mp -I/lfs4/HFIP/hfv3gfs/Mark.Potts/esmf-tests/nvhpc_22.2_intelmpi_O_develop/esmf/DEFAULTINSTALLDIR/mod/modO/Linux.nvhpc.64.intelmpi.default -I/lfs4/HFIP/hfv3gfs/Mark.Potts/esmf-tests/nvhpc_22.2_intelmpi_O_develop/esmf/DEFAULTINSTALLDIR/include   -DESMF_NO_INTEGER_1_BYTE -DESMF_NO_INTEGER_2_BYTE -DESMF_VERSION_STRING_GIT='v8.5.0b19-5-gc2c4406dae' -DESMF_MOAB=1 -DESMF_LAPACK=1 -DESMF_LAPACK_INTERNAL=1 -DESMF_NO_ACC_SOFTWARE_STACK=1 -DESMF_YAMLCPP=1 -DESMF_YAML=1 -DESMF_NO_OPENACC -DESMF_TESTEXHAUSTIVE -DESMF_BOPT_O -DESMF_TESTCOMPTUNNEL -DESMF_TESTWITHTHREADS -DSx86_64_small=1 -DESMF_OS_Linux=1 -DESMF_COMM=intelmpi -DESMF_DIR=/lfs4/HFIP/hfv3gfs/Mark.Potts/esmf-tests/nvhpc_22.2_intelmpi_O_develop/esmf -DESMF_NO_F2018ASSUMEDTYPE asyncIOApp.F90
mpinvf90 -mcmodel=small -pthread -Wl,--no-as-needed  -mp -L/lfs4/HFIP/hfv3gfs/Mark.Potts/esmf-tests/nvhpc_22.2_intelmpi_O_develop/esmf/DEFAULTINSTALLDIR/lib/libO/Linux.nvhpc.64.intelmpi.default  -Wl,-rpath,/lfs4/HFIP/hfv3gfs/Mark.Potts/esmf-tests/nvhpc_22.2_intelmpi_O_develop/esmf/DEFAULTINSTALLDIR/lib/libO/Linux.nvhpc.64.intelmpi.default  -o asyncIOApp asyncIOApp.o asyncIODriver.o model.o io.o conn.o -lesmf  -c++libs
+ /lfs4/HFIP/hfv3gfs/Mark.Potts/esmf-tests/nvhpc_22.2_intelmpi_O_develop/esmf/scripts/mpirun.srun -np 4 ./asyncIOApp
+ local result=0
+ set +x
FINISHED: AsyncIONonblockingProto
Tue Apr 25 05:43:36 UTC 2023
---------------------------------------------------------------------------

---------------------------------------------------------------------------
Tue Apr 25 05:43:36 UTC 2023
STARTING: AtmOcnConOptsProto
rm -rf PET*.ESMF_LogFile traceout *.nc *.stdout
rm -f esmApp *.o *.mod
mpinvf90 -c -O -fpic -mcmodel=small -Mallocatable=03 -pthread  -mp -I/lfs4/HFIP/hfv3gfs/Mark.Potts/esmf-tests/nvhpc_22.2_intelmpi_O_develop/esmf/DEFAULTINSTALLDIR/mod/modO/Linux.nvhpc.64.intelmpi.default -I/lfs4/HFIP/hfv3gfs/Mark.Potts/esmf-tests/nvhpc_22.2_intelmpi_O_develop/esmf/DEFAULTINSTALLDIR/include   -DESMF_NO_INTEGER_1_BYTE -DESMF_NO_INTEGER_2_BYTE -DESMF_VERSION_STRING_GIT='v8.5.0b19-5-gc2c4406dae' -DESMF_MOAB=1 -DESMF_LAPACK=1 -DESMF_LAPACK_INTERNAL=1 -DESMF_NO_ACC_SOFTWARE_STACK=1 -DESMF_YAMLCPP=1 -DESMF_YAML=1 -DESMF_NO_OPENACC -DESMF_TESTEXHAUSTIVE -DESMF_BOPT_O -DESMF_TESTCOMPTUNNEL -DESMF_TESTWITHTHREADS -DSx86_64_small=1 -DESMF_OS_Linux=1 -DESMF_COMM=intelmpi -DESMF_DIR=/lfs4/HFIP/hfv3gfs/Mark.Potts/esmf-tests/nvhpc_22.2_intelmpi_O_develop/esmf -DESMF_NO_F2018ASSUMEDTYPE atm.F90
mpinvf90 -c -O -fpic -mcmodel=small -Mallocatable=03 -pthread  -mp -I/lfs4/HFIP/hfv3gfs/Mark.Potts/esmf-tests/nvhpc_22.2_intelmpi_O_develop/esmf/DEFAULTINSTALLDIR/mod/modO/Linux.nvhpc.64.intelmpi.default -I/lfs4/HFIP/hfv3gfs/Mark.Potts/esmf-tests/nvhpc_22.2_intelmpi_O_develop/esmf/DEFAULTINSTALLDIR/include   -DESMF_NO_INTEGER_1_BYTE -DESMF_NO_INTEGER_2_BYTE -DESMF_VERSION_STRING_GIT='v8.5.0b19-5-gc2c4406dae' -DESMF_MOAB=1 -DESMF_LAPACK=1 -DESMF_LAPACK_INTERNAL=1 -DESMF_NO_ACC_SOFTWARE_STACK=1 -DESMF_YAMLCPP=1 -DESMF_YAML=1 -DESMF_NO_OPENACC -DESMF_TESTEXHAUSTIVE -DESMF_BOPT_O -DESMF_TESTCOMPTUNNEL -DESMF_TESTWITHTHREADS -DSx86_64_small=1 -DESMF_OS_Linux=1 -DESMF_COMM=intelmpi -DESMF_DIR=/lfs4/HFIP/hfv3gfs/Mark.Potts/esmf-tests/nvhpc_22.2_intelmpi_O_develop/esmf -DESMF_NO_F2018ASSUMEDTYPE ocn.F90
mpinvf90 -c -O -fpic -mcmodel=small -Mallocatable=03 -pthread  -mp -I/lfs4/HFIP/hfv3gfs/Mark.Potts/esmf-tests/nvhpc_22.2_intelmpi_O_develop/esmf/DEFAULTINSTALLDIR/mod/modO/Linux.nvhpc.64.intelmpi.default -I/lfs4/HFIP/hfv3gfs/Mark.Potts/esmf-tests/nvhpc_22.2_intelmpi_O_develop/esmf/DEFAULTINSTALLDIR/include   -DESMF_NO_INTEGER_1_BYTE -DESMF_NO_INTEGER_2_BYTE -DESMF_VERSION_STRING_GIT='v8.5.0b19-5-gc2c4406dae' -DESMF_MOAB=1 -DESMF_LAPACK=1 -DESMF_LAPACK_INTERNAL=1 -DESMF_NO_ACC_SOFTWARE_STACK=1 -DESMF_YAMLCPP=1 -DESMF_YAML=1 -DESMF_NO_OPENACC -DESMF_TESTEXHAUSTIVE -DESMF_BOPT_O -DESMF_TESTCOMPTUNNEL -DESMF_TESTWITHTHREADS -DSx86_64_small=1 -DESMF_OS_Linux=1 -DESMF_COMM=intelmpi -DESMF_DIR=/lfs4/HFIP/hfv3gfs/Mark.Potts/esmf-tests/nvhpc_22.2_intelmpi_O_develop/esmf -DESMF_NO_F2018ASSUMEDTYPE esm.F90
mpinvf90 -c -O -fpic -mcmodel=small -Mallocatable=03 -pthread  -mp -I/lfs4/HFIP/hfv3gfs/Mark.Potts/esmf-tests/nvhpc_22.2_intelmpi_O_develop/esmf/DEFAULTINSTALLDIR/mod/modO/Linux.nvhpc.64.intelmpi.default -I/lfs4/HFIP/hfv3gfs/Mark.Potts/esmf-tests/nvhpc_22.2_intelmpi_O_develop/esmf/DEFAULTINSTALLDIR/include   -DESMF_NO_INTEGER_1_BYTE -DESMF_NO_INTEGER_2_BYTE -DESMF_VERSION_STRING_GIT='v8.5.0b19-5-gc2c4406dae' -DESMF_MOAB=1 -DESMF_LAPACK=1 -DESMF_LAPACK_INTERNAL=1 -DESMF_NO_ACC_SOFTWARE_STACK=1 -DESMF_YAMLCPP=1 -DESMF_YAML=1 -DESMF_NO_OPENACC -DESMF_TESTEXHAUSTIVE -DESMF_BOPT_O -DESMF_TESTCOMPTUNNEL -DESMF_TESTWITHTHREADS -DSx86_64_small=1 -DESMF_OS_Linux=1 -DESMF_COMM=intelmpi -DESMF_DIR=/lfs4/HFIP/hfv3gfs/Mark.Potts/esmf-tests/nvhpc_22.2_intelmpi_O_develop/esmf -DESMF_NO_F2018ASSUMEDTYPE esmApp.F90
mpinvf90 -mcmodel=small -pthread -Wl,--no-as-needed  -mp -L/lfs4/HFIP/hfv3gfs/Mark.Potts/esmf-tests/nvhpc_22.2_intelmpi_O_develop/esmf/DEFAULTINSTALLDIR/lib/libO/Linux.nvhpc.64.intelmpi.default  -Wl,-rpath,/lfs4/HFIP/hfv3gfs/Mark.Potts/esmf-tests/nvhpc_22.2_intelmpi_O_develop/esmf/DEFAULTINSTALLDIR/lib/libO/Linux.nvhpc.64.intelmpi.default  -o esmApp esmApp.o esm.o atm.o ocn.o -lesmf  -c++libs
+ /lfs4/HFIP/hfv3gfs/Mark.Potts/esmf-tests/nvhpc_22.2_intelmpi_O_develop/esmf/scripts/mpirun.srun -np 4 ./esmApp
+ local result=139
+ set +x
FINISHED: AtmOcnConOptsProto
Tue Apr 25 05:44:23 UTC 2023
---------------------------------------------------------------------------

---------------------------------------------------------------------------
Tue Apr 25 05:44:23 UTC 2023
STARTING: AtmOcnConProto
rm -f PET*.ESMF_LogFile *.nc *.stdout
rm -f esmApp *.o *.mod
mpinvf90 -c -O -fpic -mcmodel=small -Mallocatable=03 -pthread  -mp -I/lfs4/HFIP/hfv3gfs/Mark.Potts/esmf-tests/nvhpc_22.2_intelmpi_O_develop/esmf/DEFAULTINSTALLDIR/mod/modO/Linux.nvhpc.64.intelmpi.default -I/lfs4/HFIP/hfv3gfs/Mark.Potts/esmf-tests/nvhpc_22.2_intelmpi_O_develop/esmf/DEFAULTINSTALLDIR/include   -DESMF_NO_INTEGER_1_BYTE -DESMF_NO_INTEGER_2_BYTE -DESMF_VERSION_STRING_GIT='v8.5.0b19-5-gc2c4406dae' -DESMF_MOAB=1 -DESMF_LAPACK=1 -DESMF_LAPACK_INTERNAL=1 -DESMF_NO_ACC_SOFTWARE_STACK=1 -DESMF_YAMLCPP=1 -DESMF_YAML=1 -DESMF_NO_OPENACC -DESMF_TESTEXHAUSTIVE -DESMF_BOPT_O -DESMF_TESTCOMPTUNNEL -DESMF_TESTWITHTHREADS -DSx86_64_small=1 -DESMF_OS_Linux=1 -DESMF_COMM=intelmpi -DESMF_DIR=/lfs4/HFIP/hfv3gfs/Mark.Potts/esmf-tests/nvhpc_22.2_intelmpi_O_develop/esmf -DESMF_NO_F2018ASSUMEDTYPE atm.F90
mpinvf90 -c -O -fpic -mcmodel=small -Mallocatable=03 -pthread  -mp -I/lfs4/HFIP/hfv3gfs/Mark.Potts/esmf-tests/nvhpc_22.2_intelmpi_O_develop/esmf/DEFAULTINSTALLDIR/mod/modO/Linux.nvhpc.64.intelmpi.default -I/lfs4/HFIP/hfv3gfs/Mark.Potts/esmf-tests/nvhpc_22.2_intelmpi_O_develop/esmf/DEFAULTINSTALLDIR/include   -DESMF_NO_INTEGER_1_BYTE -DESMF_NO_INTEGER_2_BYTE -DESMF_VERSION_STRING_GIT='v8.5.0b19-5-gc2c4406dae' -DESMF_MOAB=1 -DESMF_LAPACK=1 -DESMF_LAPACK_INTERNAL=1 -DESMF_NO_ACC_SOFTWARE_STACK=1 -DESMF_YAMLCPP=1 -DESMF_YAML=1 -DESMF_NO_OPENACC -DESMF_TESTEXHAUSTIVE -DESMF_BOPT_O -DESMF_TESTCOMPTUNNEL -DESMF_TESTWITHTHREADS -DSx86_64_small=1 -DESMF_OS_Linux=1 -DESMF_COMM=intelmpi -DESMF_DIR=/lfs4/HFIP/hfv3gfs/Mark.Potts/esmf-tests/nvhpc_22.2_intelmpi_O_develop/esmf -DESMF_NO_F2018ASSUMEDTYPE ocn.F90
mpinvf90 -c -O -fpic -mcmodel=small -Mallocatable=03 -pthread  -mp -I/lfs4/HFIP/hfv3gfs/Mark.Potts/esmf-tests/nvhpc_22.2_intelmpi_O_develop/esmf/DEFAULTINSTALLDIR/mod/modO/Linux.nvhpc.64.intelmpi.default -I/lfs4/HFIP/hfv3gfs/Mark.Potts/esmf-tests/nvhpc_22.2_intelmpi_O_develop/esmf/DEFAULTINSTALLDIR/include   -DESMF_NO_INTEGER_1_BYTE -DESMF_NO_INTEGER_2_BYTE -DESMF_VERSION_STRING_GIT='v8.5.0b19-5-gc2c4406dae' -DESMF_MOAB=1 -DESMF_LAPACK=1 -DESMF_LAPACK_INTERNAL=1 -DESMF_NO_ACC_SOFTWARE_STACK=1 -DESMF_YAMLCPP=1 -DESMF_YAML=1 -DESMF_NO_OPENACC -DESMF_TESTEXHAUSTIVE -DESMF_BOPT_O -DESMF_TESTCOMPTUNNEL -DESMF_TESTWITHTHREADS -DSx86_64_small=1 -DESMF_OS_Linux=1 -DESMF_COMM=intelmpi -DESMF_DIR=/lfs4/HFIP/hfv3gfs/Mark.Potts/esmf-tests/nvhpc_22.2_intelmpi_O_develop/esmf -DESMF_NO_F2018ASSUMEDTYPE conn.F90
mpinvf90 -c -O -fpic -mcmodel=small -Mallocatable=03 -pthread  -mp -I/lfs4/HFIP/hfv3gfs/Mark.Potts/esmf-tests/nvhpc_22.2_intelmpi_O_develop/esmf/DEFAULTINSTALLDIR/mod/modO/Linux.nvhpc.64.intelmpi.default -I/lfs4/HFIP/hfv3gfs/Mark.Potts/esmf-tests/nvhpc_22.2_intelmpi_O_develop/esmf/DEFAULTINSTALLDIR/include   -DESMF_NO_INTEGER_1_BYTE -DESMF_NO_INTEGER_2_BYTE -DESMF_VERSION_STRING_GIT='v8.5.0b19-5-gc2c4406dae' -DESMF_MOAB=1 -DESMF_LAPACK=1 -DESMF_LAPACK_INTERNAL=1 -DESMF_NO_ACC_SOFTWARE_STACK=1 -DESMF_YAMLCPP=1 -DESMF_YAML=1 -DESMF_NO_OPENACC -DESMF_TESTEXHAUSTIVE -DESMF_BOPT_O -DESMF_TESTCOMPTUNNEL -DESMF_TESTWITHTHREADS -DSx86_64_small=1 -DESMF_OS_Linux=1 -DESMF_COMM=intelmpi -DESMF_DIR=/lfs4/HFIP/hfv3gfs/Mark.Potts/esmf-tests/nvhpc_22.2_intelmpi_O_develop/esmf -DESMF_NO_F2018ASSUMEDTYPE esm.F90
mpinvf90 -c -O -fpic -mcmodel=small -Mallocatable=03 -pthread  -mp -I/lfs4/HFIP/hfv3gfs/Mark.Potts/esmf-tests/nvhpc_22.2_intelmpi_O_develop/esmf/DEFAULTINSTALLDIR/mod/modO/Linux.nvhpc.64.intelmpi.default -I/lfs4/HFIP/hfv3gfs/Mark.Potts/esmf-tests/nvhpc_22.2_intelmpi_O_develop/esmf/DEFAULTINSTALLDIR/include   -DESMF_NO_INTEGER_1_BYTE -DESMF_NO_INTEGER_2_BYTE -DESMF_VERSION_STRING_GIT='v8.5.0b19-5-gc2c4406dae' -DESMF_MOAB=1 -DESMF_LAPACK=1 -DESMF_LAPACK_INTERNAL=1 -DESMF_NO_ACC_SOFTWARE_STACK=1 -DESMF_YAMLCPP=1 -DESMF_YAML=1 -DESMF_NO_OPENACC -DESMF_TESTEXHAUSTIVE -DESMF_BOPT_O -DESMF_TESTCOMPTUNNEL -DESMF_TESTWITHTHREADS -DSx86_64_small=1 -DESMF_OS_Linux=1 -DESMF_COMM=intelmpi -DESMF_DIR=/lfs4/HFIP/hfv3gfs/Mark.Potts/esmf-tests/nvhpc_22.2_intelmpi_O_develop/esmf -DESMF_NO_F2018ASSUMEDTYPE esmApp.F90
mpinvf90 -mcmodel=small -pthread -Wl,--no-as-needed  -mp -L/lfs4/HFIP/hfv3gfs/Mark.Potts/esmf-tests/nvhpc_22.2_intelmpi_O_develop/esmf/DEFAULTINSTALLDIR/lib/libO/Linux.nvhpc.64.intelmpi.default  -Wl,-rpath,/lfs4/HFIP/hfv3gfs/Mark.Potts/esmf-tests/nvhpc_22.2_intelmpi_O_develop/esmf/DEFAULTINSTALLDIR/lib/libO/Linux.nvhpc.64.intelmpi.default  -o esmApp esmApp.o esm.o atm.o ocn.o conn.o -lesmf  -c++libs
+ /lfs4/HFIP/hfv3gfs/Mark.Potts/esmf-tests/nvhpc_22.2_intelmpi_O_develop/esmf/scripts/mpirun.srun -np 4 ./esmApp
+ local result=139
+ set +x
FINISHED: AtmOcnConProto
Tue Apr 25 05:45:15 UTC 2023
---------------------------------------------------------------------------

---------------------------------------------------------------------------
Tue Apr 25 05:45:15 UTC 2023
STARTING: AtmOcnCplListProto
rm -f PET*.ESMF_LogFile *.nc *.stdout
rm -f esmApp *.o *.mod
mpinvf90 -c -O -fpic -mcmodel=small -Mallocatable=03 -pthread  -mp -I/lfs4/HFIP/hfv3gfs/Mark.Potts/esmf-tests/nvhpc_22.2_intelmpi_O_develop/esmf/DEFAULTINSTALLDIR/mod/modO/Linux.nvhpc.64.intelmpi.default -I/lfs4/HFIP/hfv3gfs/Mark.Potts/esmf-tests/nvhpc_22.2_intelmpi_O_develop/esmf/DEFAULTINSTALLDIR/include   -DESMF_NO_INTEGER_1_BYTE -DESMF_NO_INTEGER_2_BYTE -DESMF_VERSION_STRING_GIT='v8.5.0b19-5-gc2c4406dae' -DESMF_MOAB=1 -DESMF_LAPACK=1 -DESMF_LAPACK_INTERNAL=1 -DESMF_NO_ACC_SOFTWARE_STACK=1 -DESMF_YAMLCPP=1 -DESMF_YAML=1 -DESMF_NO_OPENACC -DESMF_TESTEXHAUSTIVE -DESMF_BOPT_O -DESMF_TESTCOMPTUNNEL -DESMF_TESTWITHTHREADS -DSx86_64_small=1 -DESMF_OS_Linux=1 -DESMF_COMM=intelmpi -DESMF_DIR=/lfs4/HFIP/hfv3gfs/Mark.Potts/esmf-tests/nvhpc_22.2_intelmpi_O_develop/esmf -DESMF_NO_F2018ASSUMEDTYPE atm.F90
mpinvf90 -c -O -fpic -mcmodel=small -Mallocatable=03 -pthread  -mp -I/lfs4/HFIP/hfv3gfs/Mark.Potts/esmf-tests/nvhpc_22.2_intelmpi_O_develop/esmf/DEFAULTINSTALLDIR/mod/modO/Linux.nvhpc.64.intelmpi.default -I/lfs4/HFIP/hfv3gfs/Mark.Potts/esmf-tests/nvhpc_22.2_intelmpi_O_develop/esmf/DEFAULTINSTALLDIR/include   -DESMF_NO_INTEGER_1_BYTE -DESMF_NO_INTEGER_2_BYTE -DESMF_VERSION_STRING_GIT='v8.5.0b19-5-gc2c4406dae' -DESMF_MOAB=1 -DESMF_LAPACK=1 -DESMF_LAPACK_INTERNAL=1 -DESMF_NO_ACC_SOFTWARE_STACK=1 -DESMF_YAMLCPP=1 -DESMF_YAML=1 -DESMF_NO_OPENACC -DESMF_TESTEXHAUSTIVE -DESMF_BOPT_O -DESMF_TESTCOMPTUNNEL -DESMF_TESTWITHTHREADS -DSx86_64_small=1 -DESMF_OS_Linux=1 -DESMF_COMM=intelmpi -DESMF_DIR=/lfs4/HFIP/hfv3gfs/Mark.Potts/esmf-tests/nvhpc_22.2_intelmpi_O_develop/esmf -DESMF_NO_F2018ASSUMEDTYPE ocn.F90
mpinvf90 -c -O -fpic -mcmodel=small -Mallocatable=03 -pthread  -mp -I/lfs4/HFIP/hfv3gfs/Mark.Potts/esmf-tests/nvhpc_22.2_intelmpi_O_develop/esmf/DEFAULTINSTALLDIR/mod/modO/Linux.nvhpc.64.intelmpi.default -I/lfs4/HFIP/hfv3gfs/Mark.Potts/esmf-tests/nvhpc_22.2_intelmpi_O_develop/esmf/DEFAULTINSTALLDIR/include   -DESMF_NO_INTEGER_1_BYTE -DESMF_NO_INTEGER_2_BYTE -DESMF_VERSION_STRING_GIT='v8.5.0b19-5-gc2c4406dae' -DESMF_MOAB=1 -DESMF_LAPACK=1 -DESMF_LAPACK_INTERNAL=1 -DESMF_NO_ACC_SOFTWARE_STACK=1 -DESMF_YAMLCPP=1 -DESMF_YAML=1 -DESMF_NO_OPENACC -DESMF_TESTEXHAUSTIVE -DESMF_BOPT_O -DESMF_TESTCOMPTUNNEL -DESMF_TESTWITHTHREADS -DSx86_64_small=1 -DESMF_OS_Linux=1 -DESMF_COMM=intelmpi -DESMF_DIR=/lfs4/HFIP/hfv3gfs/Mark.Potts/esmf-tests/nvhpc_22.2_intelmpi_O_develop/esmf -DESMF_NO_F2018ASSUMEDTYPE esm.F90
mpinvf90 -c -O -fpic -mcmodel=small -Mallocatable=03 -pthread  -mp -I/lfs4/HFIP/hfv3gfs/Mark.Potts/esmf-tests/nvhpc_22.2_intelmpi_O_develop/esmf/DEFAULTINSTALLDIR/mod/modO/Linux.nvhpc.64.intelmpi.default -I/lfs4/HFIP/hfv3gfs/Mark.Potts/esmf-tests/nvhpc_22.2_intelmpi_O_develop/esmf/DEFAULTINSTALLDIR/include   -DESMF_NO_INTEGER_1_BYTE -DESMF_NO_INTEGER_2_BYTE -DESMF_VERSION_STRING_GIT='v8.5.0b19-5-gc2c4406dae' -DESMF_MOAB=1 -DESMF_LAPACK=1 -DESMF_LAPACK_INTERNAL=1 -DESMF_NO_ACC_SOFTWARE_STACK=1 -DESMF_YAMLCPP=1 -DESMF_YAML=1 -DESMF_NO_OPENACC -DESMF_TESTEXHAUSTIVE -DESMF_BOPT_O -DESMF_TESTCOMPTUNNEL -DESMF_TESTWITHTHREADS -DSx86_64_small=1 -DESMF_OS_Linux=1 -DESMF_COMM=intelmpi -DESMF_DIR=/lfs4/HFIP/hfv3gfs/Mark.Potts/esmf-tests/nvhpc_22.2_intelmpi_O_develop/esmf -DESMF_NO_F2018ASSUMEDTYPE esmApp.F90
mpinvf90 -mcmodel=small -pthread -Wl,--no-as-needed  -mp -L/lfs4/HFIP/hfv3gfs/Mark.Potts/esmf-tests/nvhpc_22.2_intelmpi_O_develop/esmf/DEFAULTINSTALLDIR/lib/libO/Linux.nvhpc.64.intelmpi.default  -Wl,-rpath,/lfs4/HFIP/hfv3gfs/Mark.Potts/esmf-tests/nvhpc_22.2_intelmpi_O_develop/esmf/DEFAULTINSTALLDIR/lib/libO/Linux.nvhpc.64.intelmpi.default  -o esmApp esmApp.o esm.o atm.o ocn.o -lesmf  -c++libs
+ /lfs4/HFIP/hfv3gfs/Mark.Potts/esmf-tests/nvhpc_22.2_intelmpi_O_develop/esmf/scripts/mpirun.srun -np 4 ./esmApp
+ local result=139
+ set +x
FINISHED: AtmOcnCplListProto
Tue Apr 25 05:46:34 UTC 2023
---------------------------------------------------------------------------

---------------------------------------------------------------------------
Tue Apr 25 05:46:34 UTC 2023
STARTING: AtmOcnCplSetProto
rm -f PET*.ESMF_LogFile err out core* *.nc *.stdout
rm -f esmApp *.o *.mod
mpinvf90 -g -c -O -fpic -mcmodel=small -Mallocatable=03 -pthread  -mp -I/lfs4/HFIP/hfv3gfs/Mark.Potts/esmf-tests/nvhpc_22.2_intelmpi_O_develop/esmf/DEFAULTINSTALLDIR/mod/modO/Linux.nvhpc.64.intelmpi.default -I/lfs4/HFIP/hfv3gfs/Mark.Potts/esmf-tests/nvhpc_22.2_intelmpi_O_develop/esmf/DEFAULTINSTALLDIR/include   -DESMF_NO_INTEGER_1_BYTE -DESMF_NO_INTEGER_2_BYTE -DESMF_VERSION_STRING_GIT='v8.5.0b19-5-gc2c4406dae' -DESMF_MOAB=1 -DESMF_LAPACK=1 -DESMF_LAPACK_INTERNAL=1 -DESMF_NO_ACC_SOFTWARE_STACK=1 -DESMF_YAMLCPP=1 -DESMF_YAML=1 -DESMF_NO_OPENACC -DESMF_TESTEXHAUSTIVE -DESMF_BOPT_O -DESMF_TESTCOMPTUNNEL -DESMF_TESTWITHTHREADS -DSx86_64_small=1 -DESMF_OS_Linux=1 -DESMF_COMM=intelmpi -DESMF_DIR=/lfs4/HFIP/hfv3gfs/Mark.Potts/esmf-tests/nvhpc_22.2_intelmpi_O_develop/esmf -DESMF_NO_F2018ASSUMEDTYPE atm.F90
mpinvf90 -g -c -O -fpic -mcmodel=small -Mallocatable=03 -pthread  -mp -I/lfs4/HFIP/hfv3gfs/Mark.Potts/esmf-tests/nvhpc_22.2_intelmpi_O_develop/esmf/DEFAULTINSTALLDIR/mod/modO/Linux.nvhpc.64.intelmpi.default -I/lfs4/HFIP/hfv3gfs/Mark.Potts/esmf-tests/nvhpc_22.2_intelmpi_O_develop/esmf/DEFAULTINSTALLDIR/include   -DESMF_NO_INTEGER_1_BYTE -DESMF_NO_INTEGER_2_BYTE -DESMF_VERSION_STRING_GIT='v8.5.0b19-5-gc2c4406dae' -DESMF_MOAB=1 -DESMF_LAPACK=1 -DESMF_LAPACK_INTERNAL=1 -DESMF_NO_ACC_SOFTWARE_STACK=1 -DESMF_YAMLCPP=1 -DESMF_YAML=1 -DESMF_NO_OPENACC -DESMF_TESTEXHAUSTIVE -DESMF_BOPT_O -DESMF_TESTCOMPTUNNEL -DESMF_TESTWITHTHREADS -DSx86_64_small=1 -DESMF_OS_Linux=1 -DESMF_COMM=intelmpi -DESMF_DIR=/lfs4/HFIP/hfv3gfs/Mark.Potts/esmf-tests/nvhpc_22.2_intelmpi_O_develop/esmf -DESMF_NO_F2018ASSUMEDTYPE ocn.F90
mpinvf90 -g -c -O -fpic -mcmodel=small -Mallocatable=03 -pthread  -mp -I/lfs4/HFIP/hfv3gfs/Mark.Potts/esmf-tests/nvhpc_22.2_intelmpi_O_develop/esmf/DEFAULTINSTALLDIR/mod/modO/Linux.nvhpc.64.intelmpi.default -I/lfs4/HFIP/hfv3gfs/Mark.Potts/esmf-tests/nvhpc_22.2_intelmpi_O_develop/esmf/DEFAULTINSTALLDIR/include   -DESMF_NO_INTEGER_1_BYTE -DESMF_NO_INTEGER_2_BYTE -DESMF_VERSION_STRING_GIT='v8.5.0b19-5-gc2c4406dae' -DESMF_MOAB=1 -DESMF_LAPACK=1 -DESMF_LAPACK_INTERNAL=1 -DESMF_NO_ACC_SOFTWARE_STACK=1 -DESMF_YAMLCPP=1 -DESMF_YAML=1 -DESMF_NO_OPENACC -DESMF_TESTEXHAUSTIVE -DESMF_BOPT_O -DESMF_TESTCOMPTUNNEL -DESMF_TESTWITHTHREADS -DSx86_64_small=1 -DESMF_OS_Linux=1 -DESMF_COMM=intelmpi -DESMF_DIR=/lfs4/HFIP/hfv3gfs/Mark.Potts/esmf-tests/nvhpc_22.2_intelmpi_O_develop/esmf -DESMF_NO_F2018ASSUMEDTYPE esm.F90
mpinvf90 -g -c -O -fpic -mcmodel=small -Mallocatable=03 -pthread  -mp -I/lfs4/HFIP/hfv3gfs/Mark.Potts/esmf-tests/nvhpc_22.2_intelmpi_O_develop/esmf/DEFAULTINSTALLDIR/mod/modO/Linux.nvhpc.64.intelmpi.default -I/lfs4/HFIP/hfv3gfs/Mark.Potts/esmf-tests/nvhpc_22.2_intelmpi_O_develop/esmf/DEFAULTINSTALLDIR/include   -DESMF_NO_INTEGER_1_BYTE -DESMF_NO_INTEGER_2_BYTE -DESMF_VERSION_STRING_GIT='v8.5.0b19-5-gc2c4406dae' -DESMF_MOAB=1 -DESMF_LAPACK=1 -DESMF_LAPACK_INTERNAL=1 -DESMF_NO_ACC_SOFTWARE_STACK=1 -DESMF_YAMLCPP=1 -DESMF_YAML=1 -DESMF_NO_OPENACC -DESMF_TESTEXHAUSTIVE -DESMF_BOPT_O -DESMF_TESTCOMPTUNNEL -DESMF_TESTWITHTHREADS -DSx86_64_small=1 -DESMF_OS_Linux=1 -DESMF_COMM=intelmpi -DESMF_DIR=/lfs4/HFIP/hfv3gfs/Mark.Potts/esmf-tests/nvhpc_22.2_intelmpi_O_develop/esmf -DESMF_NO_F2018ASSUMEDTYPE esmApp.F90
mpinvf90 -mcmodel=small -pthread -Wl,--no-as-needed  -mp -L/lfs4/HFIP/hfv3gfs/Mark.Potts/esmf-tests/nvhpc_22.2_intelmpi_O_develop/esmf/DEFAULTINSTALLDIR/lib/libO/Linux.nvhpc.64.intelmpi.default  -Wl,-rpath,/lfs4/HFIP/hfv3gfs/Mark.Potts/esmf-tests/nvhpc_22.2_intelmpi_O_develop/esmf/DEFAULTINSTALLDIR/lib/libO/Linux.nvhpc.64.intelmpi.default  -o esmApp esmApp.o esm.o atm.o ocn.o -lesmf  -c++libs
+ /lfs4/HFIP/hfv3gfs/Mark.Potts/esmf-tests/nvhpc_22.2_intelmpi_O_develop/esmf/scripts/mpirun.srun -np 4 ./esmApp
+ local result=139
+ set +x
FINISHED: AtmOcnCplSetProto
Tue Apr 25 05:48:01 UTC 2023
---------------------------------------------------------------------------

---------------------------------------------------------------------------
Tue Apr 25 05:48:01 UTC 2023
STARTING: AtmOcnFDSynoProto
rm -f PET*.ESMF_LogFile *.nc *.stdout
rm -f esmApp *.o *.mod
mpinvf90 -c -O -fpic -mcmodel=small -Mallocatable=03 -pthread  -mp -I/lfs4/HFIP/hfv3gfs/Mark.Potts/esmf-tests/nvhpc_22.2_intelmpi_O_develop/esmf/DEFAULTINSTALLDIR/mod/modO/Linux.nvhpc.64.intelmpi.default -I/lfs4/HFIP/hfv3gfs/Mark.Potts/esmf-tests/nvhpc_22.2_intelmpi_O_develop/esmf/DEFAULTINSTALLDIR/include   -DESMF_NO_INTEGER_1_BYTE -DESMF_NO_INTEGER_2_BYTE -DESMF_VERSION_STRING_GIT='v8.5.0b19-5-gc2c4406dae' -DESMF_MOAB=1 -DESMF_LAPACK=1 -DESMF_LAPACK_INTERNAL=1 -DESMF_NO_ACC_SOFTWARE_STACK=1 -DESMF_YAMLCPP=1 -DESMF_YAML=1 -DESMF_NO_OPENACC -DESMF_TESTEXHAUSTIVE -DESMF_BOPT_O -DESMF_TESTCOMPTUNNEL -DESMF_TESTWITHTHREADS -DSx86_64_small=1 -DESMF_OS_Linux=1 -DESMF_COMM=intelmpi -DESMF_DIR=/lfs4/HFIP/hfv3gfs/Mark.Potts/esmf-tests/nvhpc_22.2_intelmpi_O_develop/esmf -DESMF_NO_F2018ASSUMEDTYPE atm.F90
mpinvf90 -c -O -fpic -mcmodel=small -Mallocatable=03 -pthread  -mp -I/lfs4/HFIP/hfv3gfs/Mark.Potts/esmf-tests/nvhpc_22.2_intelmpi_O_develop/esmf/DEFAULTINSTALLDIR/mod/modO/Linux.nvhpc.64.intelmpi.default -I/lfs4/HFIP/hfv3gfs/Mark.Potts/esmf-tests/nvhpc_22.2_intelmpi_O_develop/esmf/DEFAULTINSTALLDIR/include   -DESMF_NO_INTEGER_1_BYTE -DESMF_NO_INTEGER_2_BYTE -DESMF_VERSION_STRING_GIT='v8.5.0b19-5-gc2c4406dae' -DESMF_MOAB=1 -DESMF_LAPACK=1 -DESMF_LAPACK_INTERNAL=1 -DESMF_NO_ACC_SOFTWARE_STACK=1 -DESMF_YAMLCPP=1 -DESMF_YAML=1 -DESMF_NO_OPENACC -DESMF_TESTEXHAUSTIVE -DESMF_BOPT_O -DESMF_TESTCOMPTUNNEL -DESMF_TESTWITHTHREADS -DSx86_64_small=1 -DESMF_OS_Linux=1 -DESMF_COMM=intelmpi -DESMF_DIR=/lfs4/HFIP/hfv3gfs/Mark.Potts/esmf-tests/nvhpc_22.2_intelmpi_O_develop/esmf -DESMF_NO_F2018ASSUMEDTYPE ocn.F90
mpinvf90 -c -O -fpic -mcmodel=small -Mallocatable=03 -pthread  -mp -I/lfs4/HFIP/hfv3gfs/Mark.Potts/esmf-tests/nvhpc_22.2_intelmpi_O_develop/esmf/DEFAULTINSTALLDIR/mod/modO/Linux.nvhpc.64.intelmpi.default -I/lfs4/HFIP/hfv3gfs/Mark.Potts/esmf-tests/nvhpc_22.2_intelmpi_O_develop/esmf/DEFAULTINSTALLDIR/include   -DESMF_NO_INTEGER_1_BYTE -DESMF_NO_INTEGER_2_BYTE -DESMF_VERSION_STRING_GIT='v8.5.0b19-5-gc2c4406dae' -DESMF_MOAB=1 -DESMF_LAPACK=1 -DESMF_LAPACK_INTERNAL=1 -DESMF_NO_ACC_SOFTWARE_STACK=1 -DESMF_YAMLCPP=1 -DESMF_YAML=1 -DESMF_NO_OPENACC -DESMF_TESTEXHAUSTIVE -DESMF_BOPT_O -DESMF_TESTCOMPTUNNEL -DESMF_TESTWITHTHREADS -DSx86_64_small=1 -DESMF_OS_Linux=1 -DESMF_COMM=intelmpi -DESMF_DIR=/lfs4/HFIP/hfv3gfs/Mark.Potts/esmf-tests/nvhpc_22.2_intelmpi_O_develop/esmf -DESMF_NO_F2018ASSUMEDTYPE esm.F90
mpinvf90 -c -O -fpic -mcmodel=small -Mallocatable=03 -pthread  -mp -I/lfs4/HFIP/hfv3gfs/Mark.Potts/esmf-tests/nvhpc_22.2_intelmpi_O_develop/esmf/DEFAULTINSTALLDIR/mod/modO/Linux.nvhpc.64.intelmpi.default -I/lfs4/HFIP/hfv3gfs/Mark.Potts/esmf-tests/nvhpc_22.2_intelmpi_O_develop/esmf/DEFAULTINSTALLDIR/include   -DESMF_NO_INTEGER_1_BYTE -DESMF_NO_INTEGER_2_BYTE -DESMF_VERSION_STRING_GIT='v8.5.0b19-5-gc2c4406dae' -DESMF_MOAB=1 -DESMF_LAPACK=1 -DESMF_LAPACK_INTERNAL=1 -DESMF_NO_ACC_SOFTWARE_STACK=1 -DESMF_YAMLCPP=1 -DESMF_YAML=1 -DESMF_NO_OPENACC -DESMF_TESTEXHAUSTIVE -DESMF_BOPT_O -DESMF_TESTCOMPTUNNEL -DESMF_TESTWITHTHREADS -DSx86_64_small=1 -DESMF_OS_Linux=1 -DESMF_COMM=intelmpi -DESMF_DIR=/lfs4/HFIP/hfv3gfs/Mark.Potts/esmf-tests/nvhpc_22.2_intelmpi_O_develop/esmf -DESMF_NO_F2018ASSUMEDTYPE esmApp.F90
mpinvf90 -mcmodel=small -pthread -Wl,--no-as-needed  -mp -L/lfs4/HFIP/hfv3gfs/Mark.Potts/esmf-tests/nvhpc_22.2_intelmpi_O_develop/esmf/DEFAULTINSTALLDIR/lib/libO/Linux.nvhpc.64.intelmpi.default  -Wl,-rpath,/lfs4/HFIP/hfv3gfs/Mark.Potts/esmf-tests/nvhpc_22.2_intelmpi_O_develop/esmf/DEFAULTINSTALLDIR/lib/libO/Linux.nvhpc.64.intelmpi.default  -o esmApp esmApp.o esm.o atm.o ocn.o -lesmf  -c++libs
+ /lfs4/HFIP/hfv3gfs/Mark.Potts/esmf-tests/nvhpc_22.2_intelmpi_O_develop/esmf/scripts/mpirun.srun -np 4 ./esmApp
+ local result=139
+ set +x
FINISHED: AtmOcnFDSynoProto
Tue Apr 25 05:48:48 UTC 2023
---------------------------------------------------------------------------

---------------------------------------------------------------------------
Tue Apr 25 05:48:48 UTC 2023
STARTING: AtmOcnIceSimpleImplicitProto
rm -f PET*.ESMF_LogFile *.nc *.stdout
rm -f esmApp *.o *.mod
mpinvf90 -c -O -fpic -mcmodel=small -Mallocatable=03 -pthread  -mp -I/lfs4/HFIP/hfv3gfs/Mark.Potts/esmf-tests/nvhpc_22.2_intelmpi_O_develop/esmf/DEFAULTINSTALLDIR/mod/modO/Linux.nvhpc.64.intelmpi.default -I/lfs4/HFIP/hfv3gfs/Mark.Potts/esmf-tests/nvhpc_22.2_intelmpi_O_develop/esmf/DEFAULTINSTALLDIR/include   -DESMF_NO_INTEGER_1_BYTE -DESMF_NO_INTEGER_2_BYTE -DESMF_VERSION_STRING_GIT='v8.5.0b19-5-gc2c4406dae' -DESMF_MOAB=1 -DESMF_LAPACK=1 -DESMF_LAPACK_INTERNAL=1 -DESMF_NO_ACC_SOFTWARE_STACK=1 -DESMF_YAMLCPP=1 -DESMF_YAML=1 -DESMF_NO_OPENACC -DESMF_TESTEXHAUSTIVE -DESMF_BOPT_O -DESMF_TESTCOMPTUNNEL -DESMF_TESTWITHTHREADS -DSx86_64_small=1 -DESMF_OS_Linux=1 -DESMF_COMM=intelmpi -DESMF_DIR=/lfs4/HFIP/hfv3gfs/Mark.Potts/esmf-tests/nvhpc_22.2_intelmpi_O_develop/esmf -DESMF_NO_F2018ASSUMEDTYPE atm.F90
mpinvf90 -c -O -fpic -mcmodel=small -Mallocatable=03 -pthread  -mp -I/lfs4/HFIP/hfv3gfs/Mark.Potts/esmf-tests/nvhpc_22.2_intelmpi_O_develop/esmf/DEFAULTINSTALLDIR/mod/modO/Linux.nvhpc.64.intelmpi.default -I/lfs4/HFIP/hfv3gfs/Mark.Potts/esmf-tests/nvhpc_22.2_intelmpi_O_develop/esmf/DEFAULTINSTALLDIR/include   -DESMF_NO_INTEGER_1_BYTE -DESMF_NO_INTEGER_2_BYTE -DESMF_VERSION_STRING_GIT='v8.5.0b19-5-gc2c4406dae' -DESMF_MOAB=1 -DESMF_LAPACK=1 -DESMF_LAPACK_INTERNAL=1 -DESMF_NO_ACC_SOFTWARE_STACK=1 -DESMF_YAMLCPP=1 -DESMF_YAML=1 -DESMF_NO_OPENACC -DESMF_TESTEXHAUSTIVE -DESMF_BOPT_O -DESMF_TESTCOMPTUNNEL -DESMF_TESTWITHTHREADS -DSx86_64_small=1 -DESMF_OS_Linux=1 -DESMF_COMM=intelmpi -DESMF_DIR=/lfs4/HFIP/hfv3gfs/Mark.Potts/esmf-tests/nvhpc_22.2_intelmpi_O_develop/esmf -DESMF_NO_F2018ASSUMEDTYPE ocn.F90
mpinvf90 -c -O -fpic -mcmodel=small -Mallocatable=03 -pthread  -mp -I/lfs4/HFIP/hfv3gfs/Mark.Potts/esmf-tests/nvhpc_22.2_intelmpi_O_develop/esmf/DEFAULTINSTALLDIR/mod/modO/Linux.nvhpc.64.intelmpi.default -I/lfs4/HFIP/hfv3gfs/Mark.Potts/esmf-tests/nvhpc_22.2_intelmpi_O_develop/esmf/DEFAULTINSTALLDIR/include   -DESMF_NO_INTEGER_1_BYTE -DESMF_NO_INTEGER_2_BYTE -DESMF_VERSION_STRING_GIT='v8.5.0b19-5-gc2c4406dae' -DESMF_MOAB=1 -DESMF_LAPACK=1 -DESMF_LAPACK_INTERNAL=1 -DESMF_NO_ACC_SOFTWARE_STACK=1 -DESMF_YAMLCPP=1 -DESMF_YAML=1 -DESMF_NO_OPENACC -DESMF_TESTEXHAUSTIVE -DESMF_BOPT_O -DESMF_TESTCOMPTUNNEL -DESMF_TESTWITHTHREADS -DSx86_64_small=1 -DESMF_OS_Linux=1 -DESMF_COMM=intelmpi -DESMF_DIR=/lfs4/HFIP/hfv3gfs/Mark.Potts/esmf-tests/nvhpc_22.2_intelmpi_O_develop/esmf -DESMF_NO_F2018ASSUMEDTYPE ice.F90
mpinvf90 -c -O -fpic -mcmodel=small -Mallocatable=03 -pthread  -mp -I/lfs4/HFIP/hfv3gfs/Mark.Potts/esmf-tests/nvhpc_22.2_intelmpi_O_develop/esmf/DEFAULTINSTALLDIR/mod/modO/Linux.nvhpc.64.intelmpi.default -I/lfs4/HFIP/hfv3gfs/Mark.Potts/esmf-tests/nvhpc_22.2_intelmpi_O_develop/esmf/DEFAULTINSTALLDIR/include   -DESMF_NO_INTEGER_1_BYTE -DESMF_NO_INTEGER_2_BYTE -DESMF_VERSION_STRING_GIT='v8.5.0b19-5-gc2c4406dae' -DESMF_MOAB=1 -DESMF_LAPACK=1 -DESMF_LAPACK_INTERNAL=1 -DESMF_NO_ACC_SOFTWARE_STACK=1 -DESMF_YAMLCPP=1 -DESMF_YAML=1 -DESMF_NO_OPENACC -DESMF_TESTEXHAUSTIVE -DESMF_BOPT_O -DESMF_TESTCOMPTUNNEL -DESMF_TESTWITHTHREADS -DSx86_64_small=1 -DESMF_OS_Linux=1 -DESMF_COMM=intelmpi -DESMF_DIR=/lfs4/HFIP/hfv3gfs/Mark.Potts/esmf-tests/nvhpc_22.2_intelmpi_O_develop/esmf -DESMF_NO_F2018ASSUMEDTYPE esm.F90
mpinvf90 -c -O -fpic -mcmodel=small -Mallocatable=03 -pthread  -mp -I/lfs4/HFIP/hfv3gfs/Mark.Potts/esmf-tests/nvhpc_22.2_intelmpi_O_develop/esmf/DEFAULTINSTALLDIR/mod/modO/Linux.nvhpc.64.intelmpi.default -I/lfs4/HFIP/hfv3gfs/Mark.Potts/esmf-tests/nvhpc_22.2_intelmpi_O_develop/esmf/DEFAULTINSTALLDIR/include   -DESMF_NO_INTEGER_1_BYTE -DESMF_NO_INTEGER_2_BYTE -DESMF_VERSION_STRING_GIT='v8.5.0b19-5-gc2c4406dae' -DESMF_MOAB=1 -DESMF_LAPACK=1 -DESMF_LAPACK_INTERNAL=1 -DESMF_NO_ACC_SOFTWARE_STACK=1 -DESMF_YAMLCPP=1 -DESMF_YAML=1 -DESMF_NO_OPENACC -DESMF_TESTEXHAUSTIVE -DESMF_BOPT_O -DESMF_TESTCOMPTUNNEL -DESMF_TESTWITHTHREADS -DSx86_64_small=1 -DESMF_OS_Linux=1 -DESMF_COMM=intelmpi -DESMF_DIR=/lfs4/HFIP/hfv3gfs/Mark.Potts/esmf-tests/nvhpc_22.2_intelmpi_O_develop/esmf -DESMF_NO_F2018ASSUMEDTYPE esmApp.F90
mpinvf90 -mcmodel=small -pthread -Wl,--no-as-needed  -mp -L/lfs4/HFIP/hfv3gfs/Mark.Potts/esmf-tests/nvhpc_22.2_intelmpi_O_develop/esmf/DEFAULTINSTALLDIR/lib/libO/Linux.nvhpc.64.intelmpi.default  -Wl,-rpath,/lfs4/HFIP/hfv3gfs/Mark.Potts/esmf-tests/nvhpc_22.2_intelmpi_O_develop/esmf/DEFAULTINSTALLDIR/lib/libO/Linux.nvhpc.64.intelmpi.default  -o esmApp esmApp.o esm.o atm.o ocn.o ice.o -lesmf  -c++libs
+ /lfs4/HFIP/hfv3gfs/Mark.Potts/esmf-tests/nvhpc_22.2_intelmpi_O_develop/esmf/scripts/mpirun.srun -np 4 ./esmApp
+ local result=143
+ set +x
FINISHED: AtmOcnIceSimpleImplicitProto
Tue Apr 25 05:49:42 UTC 2023
---------------------------------------------------------------------------

---------------------------------------------------------------------------
Tue Apr 25 05:49:42 UTC 2023
STARTING: AtmOcnImplicitProto
rm -f PET*.ESMF_LogFile *.nc *.stdout
rm -f esmApp *.o *.mod
mpinvf90 -c -O -fpic -mcmodel=small -Mallocatable=03 -pthread  -mp -I/lfs4/HFIP/hfv3gfs/Mark.Potts/esmf-tests/nvhpc_22.2_intelmpi_O_develop/esmf/DEFAULTINSTALLDIR/mod/modO/Linux.nvhpc.64.intelmpi.default -I/lfs4/HFIP/hfv3gfs/Mark.Potts/esmf-tests/nvhpc_22.2_intelmpi_O_develop/esmf/DEFAULTINSTALLDIR/include   -DESMF_NO_INTEGER_1_BYTE -DESMF_NO_INTEGER_2_BYTE -DESMF_VERSION_STRING_GIT='v8.5.0b19-5-gc2c4406dae' -DESMF_MOAB=1 -DESMF_LAPACK=1 -DESMF_LAPACK_INTERNAL=1 -DESMF_NO_ACC_SOFTWARE_STACK=1 -DESMF_YAMLCPP=1 -DESMF_YAML=1 -DESMF_NO_OPENACC -DESMF_TESTEXHAUSTIVE -DESMF_BOPT_O -DESMF_TESTCOMPTUNNEL -DESMF_TESTWITHTHREADS -DSx86_64_small=1 -DESMF_OS_Linux=1 -DESMF_COMM=intelmpi -DESMF_DIR=/lfs4/HFIP/hfv3gfs/Mark.Potts/esmf-tests/nvhpc_22.2_intelmpi_O_develop/esmf -DESMF_NO_F2018ASSUMEDTYPE atm.F90
mpinvf90 -c -O -fpic -mcmodel=small -Mallocatable=03 -pthread  -mp -I/lfs4/HFIP/hfv3gfs/Mark.Potts/esmf-tests/nvhpc_22.2_intelmpi_O_develop/esmf/DEFAULTINSTALLDIR/mod/modO/Linux.nvhpc.64.intelmpi.default -I/lfs4/HFIP/hfv3gfs/Mark.Potts/esmf-tests/nvhpc_22.2_intelmpi_O_develop/esmf/DEFAULTINSTALLDIR/include   -DESMF_NO_INTEGER_1_BYTE -DESMF_NO_INTEGER_2_BYTE -DESMF_VERSION_STRING_GIT='v8.5.0b19-5-gc2c4406dae' -DESMF_MOAB=1 -DESMF_LAPACK=1 -DESMF_LAPACK_INTERNAL=1 -DESMF_NO_ACC_SOFTWARE_STACK=1 -DESMF_YAMLCPP=1 -DESMF_YAML=1 -DESMF_NO_OPENACC -DESMF_TESTEXHAUSTIVE -DESMF_BOPT_O -DESMF_TESTCOMPTUNNEL -DESMF_TESTWITHTHREADS -DSx86_64_small=1 -DESMF_OS_Linux=1 -DESMF_COMM=intelmpi -DESMF_DIR=/lfs4/HFIP/hfv3gfs/Mark.Potts/esmf-tests/nvhpc_22.2_intelmpi_O_develop/esmf -DESMF_NO_F2018ASSUMEDTYPE ocn.F90
mpinvf90 -c -O -fpic -mcmodel=small -Mallocatable=03 -pthread  -mp -I/lfs4/HFIP/hfv3gfs/Mark.Potts/esmf-tests/nvhpc_22.2_intelmpi_O_develop/esmf/DEFAULTINSTALLDIR/mod/modO/Linux.nvhpc.64.intelmpi.default -I/lfs4/HFIP/hfv3gfs/Mark.Potts/esmf-tests/nvhpc_22.2_intelmpi_O_develop/esmf/DEFAULTINSTALLDIR/include   -DESMF_NO_INTEGER_1_BYTE -DESMF_NO_INTEGER_2_BYTE -DESMF_VERSION_STRING_GIT='v8.5.0b19-5-gc2c4406dae' -DESMF_MOAB=1 -DESMF_LAPACK=1 -DESMF_LAPACK_INTERNAL=1 -DESMF_NO_ACC_SOFTWARE_STACK=1 -DESMF_YAMLCPP=1 -DESMF_YAML=1 -DESMF_NO_OPENACC -DESMF_TESTEXHAUSTIVE -DESMF_BOPT_O -DESMF_TESTCOMPTUNNEL -DESMF_TESTWITHTHREADS -DSx86_64_small=1 -DESMF_OS_Linux=1 -DESMF_COMM=intelmpi -DESMF_DIR=/lfs4/HFIP/hfv3gfs/Mark.Potts/esmf-tests/nvhpc_22.2_intelmpi_O_develop/esmf -DESMF_NO_F2018ASSUMEDTYPE esm.F90
mpinvf90 -c -O -fpic -mcmodel=small -Mallocatable=03 -pthread  -mp -I/lfs4/HFIP/hfv3gfs/Mark.Potts/esmf-tests/nvhpc_22.2_intelmpi_O_develop/esmf/DEFAULTINSTALLDIR/mod/modO/Linux.nvhpc.64.intelmpi.default -I/lfs4/HFIP/hfv3gfs/Mark.Potts/esmf-tests/nvhpc_22.2_intelmpi_O_develop/esmf/DEFAULTINSTALLDIR/include   -DESMF_NO_INTEGER_1_BYTE -DESMF_NO_INTEGER_2_BYTE -DESMF_VERSION_STRING_GIT='v8.5.0b19-5-gc2c4406dae' -DESMF_MOAB=1 -DESMF_LAPACK=1 -DESMF_LAPACK_INTERNAL=1 -DESMF_NO_ACC_SOFTWARE_STACK=1 -DESMF_YAMLCPP=1 -DESMF_YAML=1 -DESMF_NO_OPENACC -DESMF_TESTEXHAUSTIVE -DESMF_BOPT_O -DESMF_TESTCOMPTUNNEL -DESMF_TESTWITHTHREADS -DSx86_64_small=1 -DESMF_OS_Linux=1 -DESMF_COMM=intelmpi -DESMF_DIR=/lfs4/HFIP/hfv3gfs/Mark.Potts/esmf-tests/nvhpc_22.2_intelmpi_O_develop/esmf -DESMF_NO_F2018ASSUMEDTYPE esmApp.F90
mpinvf90 -mcmodel=small -pthread -Wl,--no-as-needed  -mp -L/lfs4/HFIP/hfv3gfs/Mark.Potts/esmf-tests/nvhpc_22.2_intelmpi_O_develop/esmf/DEFAULTINSTALLDIR/lib/libO/Linux.nvhpc.64.intelmpi.default  -Wl,-rpath,/lfs4/HFIP/hfv3gfs/Mark.Potts/esmf-tests/nvhpc_22.2_intelmpi_O_develop/esmf/DEFAULTINSTALLDIR/lib/libO/Linux.nvhpc.64.intelmpi.default  -o esmApp esmApp.o esm.o atm.o ocn.o -lesmf  -c++libs
+ /lfs4/HFIP/hfv3gfs/Mark.Potts/esmf-tests/nvhpc_22.2_intelmpi_O_develop/esmf/scripts/mpirun.srun -np 4 ./esmApp
+ local result=139
+ set +x
FINISHED: AtmOcnImplicitProto
Tue Apr 25 05:50:30 UTC 2023
---------------------------------------------------------------------------

---------------------------------------------------------------------------
Tue Apr 25 05:50:30 UTC 2023
STARTING: AtmOcnLndProto
rm -f PET*.ESMF_LogFile *.nc *.stdout
rm -f esmApp *.o *.mod
mpinvf90 -c -O -fpic -mcmodel=small -Mallocatable=03 -pthread  -mp -I/lfs4/HFIP/hfv3gfs/Mark.Potts/esmf-tests/nvhpc_22.2_intelmpi_O_develop/esmf/DEFAULTINSTALLDIR/mod/modO/Linux.nvhpc.64.intelmpi.default -I/lfs4/HFIP/hfv3gfs/Mark.Potts/esmf-tests/nvhpc_22.2_intelmpi_O_develop/esmf/DEFAULTINSTALLDIR/include   -DESMF_NO_INTEGER_1_BYTE -DESMF_NO_INTEGER_2_BYTE -DESMF_VERSION_STRING_GIT='v8.5.0b19-5-gc2c4406dae' -DESMF_MOAB=1 -DESMF_LAPACK=1 -DESMF_LAPACK_INTERNAL=1 -DESMF_NO_ACC_SOFTWARE_STACK=1 -DESMF_YAMLCPP=1 -DESMF_YAML=1 -DESMF_NO_OPENACC -DESMF_TESTEXHAUSTIVE -DESMF_BOPT_O -DESMF_TESTCOMPTUNNEL -DESMF_TESTWITHTHREADS -DSx86_64_small=1 -DESMF_OS_Linux=1 -DESMF_COMM=intelmpi -DESMF_DIR=/lfs4/HFIP/hfv3gfs/Mark.Potts/esmf-tests/nvhpc_22.2_intelmpi_O_develop/esmf -DESMF_NO_F2018ASSUMEDTYPE atm.F90
mpinvf90 -c -O -fpic -mcmodel=small -Mallocatable=03 -pthread  -mp -I/lfs4/HFIP/hfv3gfs/Mark.Potts/esmf-tests/nvhpc_22.2_intelmpi_O_develop/esmf/DEFAULTINSTALLDIR/mod/modO/Linux.nvhpc.64.intelmpi.default -I/lfs4/HFIP/hfv3gfs/Mark.Potts/esmf-tests/nvhpc_22.2_intelmpi_O_develop/esmf/DEFAULTINSTALLDIR/include   -DESMF_NO_INTEGER_1_BYTE -DESMF_NO_INTEGER_2_BYTE -DESMF_VERSION_STRING_GIT='v8.5.0b19-5-gc2c4406dae' -DESMF_MOAB=1 -DESMF_LAPACK=1 -DESMF_LAPACK_INTERNAL=1 -DESMF_NO_ACC_SOFTWARE_STACK=1 -DESMF_YAMLCPP=1 -DESMF_YAML=1 -DESMF_NO_OPENACC -DESMF_TESTEXHAUSTIVE -DESMF_BOPT_O -DESMF_TESTCOMPTUNNEL -DESMF_TESTWITHTHREADS -DSx86_64_small=1 -DESMF_OS_Linux=1 -DESMF_COMM=intelmpi -DESMF_DIR=/lfs4/HFIP/hfv3gfs/Mark.Potts/esmf-tests/nvhpc_22.2_intelmpi_O_develop/esmf -DESMF_NO_F2018ASSUMEDTYPE ocn.F90
mpinvf90 -c -O -fpic -mcmodel=small -Mallocatable=03 -pthread  -mp -I/lfs4/HFIP/hfv3gfs/Mark.Potts/esmf-tests/nvhpc_22.2_intelmpi_O_develop/esmf/DEFAULTINSTALLDIR/mod/modO/Linux.nvhpc.64.intelmpi.default -I/lfs4/HFIP/hfv3gfs/Mark.Potts/esmf-tests/nvhpc_22.2_intelmpi_O_develop/esmf/DEFAULTINSTALLDIR/include   -DESMF_NO_INTEGER_1_BYTE -DESMF_NO_INTEGER_2_BYTE -DESMF_VERSION_STRING_GIT='v8.5.0b19-5-gc2c4406dae' -DESMF_MOAB=1 -DESMF_LAPACK=1 -DESMF_LAPACK_INTERNAL=1 -DESMF_NO_ACC_SOFTWARE_STACK=1 -DESMF_YAMLCPP=1 -DESMF_YAML=1 -DESMF_NO_OPENACC -DESMF_TESTEXHAUSTIVE -DESMF_BOPT_O -DESMF_TESTCOMPTUNNEL -DESMF_TESTWITHTHREADS -DSx86_64_small=1 -DESMF_OS_Linux=1 -DESMF_COMM=intelmpi -DESMF_DIR=/lfs4/HFIP/hfv3gfs/Mark.Potts/esmf-tests/nvhpc_22.2_intelmpi_O_develop/esmf -DESMF_NO_F2018ASSUMEDTYPE lnd.F90
mpinvf90 -c -O -fpic -mcmodel=small -Mallocatable=03 -pthread  -mp -I/lfs4/HFIP/hfv3gfs/Mark.Potts/esmf-tests/nvhpc_22.2_intelmpi_O_develop/esmf/DEFAULTINSTALLDIR/mod/modO/Linux.nvhpc.64.intelmpi.default -I/lfs4/HFIP/hfv3gfs/Mark.Potts/esmf-tests/nvhpc_22.2_intelmpi_O_develop/esmf/DEFAULTINSTALLDIR/include   -DESMF_NO_INTEGER_1_BYTE -DESMF_NO_INTEGER_2_BYTE -DESMF_VERSION_STRING_GIT='v8.5.0b19-5-gc2c4406dae' -DESMF_MOAB=1 -DESMF_LAPACK=1 -DESMF_LAPACK_INTERNAL=1 -DESMF_NO_ACC_SOFTWARE_STACK=1 -DESMF_YAMLCPP=1 -DESMF_YAML=1 -DESMF_NO_OPENACC -DESMF_TESTEXHAUSTIVE -DESMF_BOPT_O -DESMF_TESTCOMPTUNNEL -DESMF_TESTWITHTHREADS -DSx86_64_small=1 -DESMF_OS_Linux=1 -DESMF_COMM=intelmpi -DESMF_DIR=/lfs4/HFIP/hfv3gfs/Mark.Potts/esmf-tests/nvhpc_22.2_intelmpi_O_develop/esmf -DESMF_NO_F2018ASSUMEDTYPE esm.F90
mpinvf90 -c -O -fpic -mcmodel=small -Mallocatable=03 -pthread  -mp -I/lfs4/HFIP/hfv3gfs/Mark.Potts/esmf-tests/nvhpc_22.2_intelmpi_O_develop/esmf/DEFAULTINSTALLDIR/mod/modO/Linux.nvhpc.64.intelmpi.default -I/lfs4/HFIP/hfv3gfs/Mark.Potts/esmf-tests/nvhpc_22.2_intelmpi_O_develop/esmf/DEFAULTINSTALLDIR/include   -DESMF_NO_INTEGER_1_BYTE -DESMF_NO_INTEGER_2_BYTE -DESMF_VERSION_STRING_GIT='v8.5.0b19-5-gc2c4406dae' -DESMF_MOAB=1 -DESMF_LAPACK=1 -DESMF_LAPACK_INTERNAL=1 -DESMF_NO_ACC_SOFTWARE_STACK=1 -DESMF_YAMLCPP=1 -DESMF_YAML=1 -DESMF_NO_OPENACC -DESMF_TESTEXHAUSTIVE -DESMF_BOPT_O -DESMF_TESTCOMPTUNNEL -DESMF_TESTWITHTHREADS -DSx86_64_small=1 -DESMF_OS_Linux=1 -DESMF_COMM=intelmpi -DESMF_DIR=/lfs4/HFIP/hfv3gfs/Mark.Potts/esmf-tests/nvhpc_22.2_intelmpi_O_develop/esmf -DESMF_NO_F2018ASSUMEDTYPE esmApp.F90
mpinvf90 -mcmodel=small -pthread -Wl,--no-as-needed  -mp -L/lfs4/HFIP/hfv3gfs/Mark.Potts/esmf-tests/nvhpc_22.2_intelmpi_O_develop/esmf/DEFAULTINSTALLDIR/lib/libO/Linux.nvhpc.64.intelmpi.default  -Wl,-rpath,/lfs4/HFIP/hfv3gfs/Mark.Potts/esmf-tests/nvhpc_22.2_intelmpi_O_develop/esmf/DEFAULTINSTALLDIR/lib/libO/Linux.nvhpc.64.intelmpi.default  -o esmApp esmApp.o esm.o atm.o ocn.o lnd.o -lesmf  -c++libs
+ /lfs4/HFIP/hfv3gfs/Mark.Potts/esmf-tests/nvhpc_22.2_intelmpi_O_develop/esmf/scripts/mpirun.srun -np 4 ./esmApp
+ local result=139
+ set +x
FINISHED: AtmOcnLndProto
Tue Apr 25 05:51:24 UTC 2023
---------------------------------------------------------------------------

---------------------------------------------------------------------------
Tue Apr 25 05:51:24 UTC 2023
STARTING: AtmOcnLogNoneProto
rm -rf PET*.ESMF_LogFile traceout *.nc *.stdout
rm -f esmApp *.o *.mod
mpinvf90 -c -O -fpic -mcmodel=small -Mallocatable=03 -pthread  -mp -I/lfs4/HFIP/hfv3gfs/Mark.Potts/esmf-tests/nvhpc_22.2_intelmpi_O_develop/esmf/DEFAULTINSTALLDIR/mod/modO/Linux.nvhpc.64.intelmpi.default -I/lfs4/HFIP/hfv3gfs/Mark.Potts/esmf-tests/nvhpc_22.2_intelmpi_O_develop/esmf/DEFAULTINSTALLDIR/include   -DESMF_NO_INTEGER_1_BYTE -DESMF_NO_INTEGER_2_BYTE -DESMF_VERSION_STRING_GIT='v8.5.0b19-5-gc2c4406dae' -DESMF_MOAB=1 -DESMF_LAPACK=1 -DESMF_LAPACK_INTERNAL=1 -DESMF_NO_ACC_SOFTWARE_STACK=1 -DESMF_YAMLCPP=1 -DESMF_YAML=1 -DESMF_NO_OPENACC -DESMF_TESTEXHAUSTIVE -DESMF_BOPT_O -DESMF_TESTCOMPTUNNEL -DESMF_TESTWITHTHREADS -DSx86_64_small=1 -DESMF_OS_Linux=1 -DESMF_COMM=intelmpi -DESMF_DIR=/lfs4/HFIP/hfv3gfs/Mark.Potts/esmf-tests/nvhpc_22.2_intelmpi_O_develop/esmf -DESMF_NO_F2018ASSUMEDTYPE atm.F90
mpinvf90 -c -O -fpic -mcmodel=small -Mallocatable=03 -pthread  -mp -I/lfs4/HFIP/hfv3gfs/Mark.Potts/esmf-tests/nvhpc_22.2_intelmpi_O_develop/esmf/DEFAULTINSTALLDIR/mod/modO/Linux.nvhpc.64.intelmpi.default -I/lfs4/HFIP/hfv3gfs/Mark.Potts/esmf-tests/nvhpc_22.2_intelmpi_O_develop/esmf/DEFAULTINSTALLDIR/include   -DESMF_NO_INTEGER_1_BYTE -DESMF_NO_INTEGER_2_BYTE -DESMF_VERSION_STRING_GIT='v8.5.0b19-5-gc2c4406dae' -DESMF_MOAB=1 -DESMF_LAPACK=1 -DESMF_LAPACK_INTERNAL=1 -DESMF_NO_ACC_SOFTWARE_STACK=1 -DESMF_YAMLCPP=1 -DESMF_YAML=1 -DESMF_NO_OPENACC -DESMF_TESTEXHAUSTIVE -DESMF_BOPT_O -DESMF_TESTCOMPTUNNEL -DESMF_TESTWITHTHREADS -DSx86_64_small=1 -DESMF_OS_Linux=1 -DESMF_COMM=intelmpi -DESMF_DIR=/lfs4/HFIP/hfv3gfs/Mark.Potts/esmf-tests/nvhpc_22.2_intelmpi_O_develop/esmf -DESMF_NO_F2018ASSUMEDTYPE ocn.F90
mpinvf90 -c -O -fpic -mcmodel=small -Mallocatable=03 -pthread  -mp -I/lfs4/HFIP/hfv3gfs/Mark.Potts/esmf-tests/nvhpc_22.2_intelmpi_O_develop/esmf/DEFAULTINSTALLDIR/mod/modO/Linux.nvhpc.64.intelmpi.default -I/lfs4/HFIP/hfv3gfs/Mark.Potts/esmf-tests/nvhpc_22.2_intelmpi_O_develop/esmf/DEFAULTINSTALLDIR/include   -DESMF_NO_INTEGER_1_BYTE -DESMF_NO_INTEGER_2_BYTE -DESMF_VERSION_STRING_GIT='v8.5.0b19-5-gc2c4406dae' -DESMF_MOAB=1 -DESMF_LAPACK=1 -DESMF_LAPACK_INTERNAL=1 -DESMF_NO_ACC_SOFTWARE_STACK=1 -DESMF_YAMLCPP=1 -DESMF_YAML=1 -DESMF_NO_OPENACC -DESMF_TESTEXHAUSTIVE -DESMF_BOPT_O -DESMF_TESTCOMPTUNNEL -DESMF_TESTWITHTHREADS -DSx86_64_small=1 -DESMF_OS_Linux=1 -DESMF_COMM=intelmpi -DESMF_DIR=/lfs4/HFIP/hfv3gfs/Mark.Potts/esmf-tests/nvhpc_22.2_intelmpi_O_develop/esmf -DESMF_NO_F2018ASSUMEDTYPE esm.F90
mpinvf90 -c -O -fpic -mcmodel=small -Mallocatable=03 -pthread  -mp -I/lfs4/HFIP/hfv3gfs/Mark.Potts/esmf-tests/nvhpc_22.2_intelmpi_O_develop/esmf/DEFAULTINSTALLDIR/mod/modO/Linux.nvhpc.64.intelmpi.default -I/lfs4/HFIP/hfv3gfs/Mark.Potts/esmf-tests/nvhpc_22.2_intelmpi_O_develop/esmf/DEFAULTINSTALLDIR/include   -DESMF_NO_INTEGER_1_BYTE -DESMF_NO_INTEGER_2_BYTE -DESMF_VERSION_STRING_GIT='v8.5.0b19-5-gc2c4406dae' -DESMF_MOAB=1 -DESMF_LAPACK=1 -DESMF_LAPACK_INTERNAL=1 -DESMF_NO_ACC_SOFTWARE_STACK=1 -DESMF_YAMLCPP=1 -DESMF_YAML=1 -DESMF_NO_OPENACC -DESMF_TESTEXHAUSTIVE -DESMF_BOPT_O -DESMF_TESTCOMPTUNNEL -DESMF_TESTWITHTHREADS -DSx86_64_small=1 -DESMF_OS_Linux=1 -DESMF_COMM=intelmpi -DESMF_DIR=/lfs4/HFIP/hfv3gfs/Mark.Potts/esmf-tests/nvhpc_22.2_intelmpi_O_develop/esmf -DESMF_NO_F2018ASSUMEDTYPE esmApp.F90
mpinvf90 -mcmodel=small -pthread -Wl,--no-as-needed  -mp -L/lfs4/HFIP/hfv3gfs/Mark.Potts/esmf-tests/nvhpc_22.2_intelmpi_O_develop/esmf/DEFAULTINSTALLDIR/lib/libO/Linux.nvhpc.64.intelmpi.default  -Wl,-rpath,/lfs4/HFIP/hfv3gfs/Mark.Potts/esmf-tests/nvhpc_22.2_intelmpi_O_develop/esmf/DEFAULTINSTALLDIR/lib/libO/Linux.nvhpc.64.intelmpi.default  -o esmApp esmApp.o esm.o atm.o ocn.o -lesmf  -c++libs
+ /lfs4/HFIP/hfv3gfs/Mark.Potts/esmf-tests/nvhpc_22.2_intelmpi_O_develop/esmf/scripts/mpirun.srun -np 4 ./esmApp
+ local result=139
+ set +x
cat: PET*.ESMF_LogFile: No such file or directory
FINISHED: AtmOcnLogNoneProto
Tue Apr 25 05:52:11 UTC 2023
---------------------------------------------------------------------------

---------------------------------------------------------------------------
Tue Apr 25 05:52:11 UTC 2023
STARTING: AtmOcnMedIngestFromConfigProto
rm -f PET*.ESMF_LogFile *.nc *.stdout
rm -f esmApp *.o *.mod
mpinvf90 -c -O -fpic -mcmodel=small -Mallocatable=03 -pthread  -mp -I/lfs4/HFIP/hfv3gfs/Mark.Potts/esmf-tests/nvhpc_22.2_intelmpi_O_develop/esmf/DEFAULTINSTALLDIR/mod/modO/Linux.nvhpc.64.intelmpi.default -I/lfs4/HFIP/hfv3gfs/Mark.Potts/esmf-tests/nvhpc_22.2_intelmpi_O_develop/esmf/DEFAULTINSTALLDIR/include   -DESMF_NO_INTEGER_1_BYTE -DESMF_NO_INTEGER_2_BYTE -DESMF_VERSION_STRING_GIT='v8.5.0b19-5-gc2c4406dae' -DESMF_MOAB=1 -DESMF_LAPACK=1 -DESMF_LAPACK_INTERNAL=1 -DESMF_NO_ACC_SOFTWARE_STACK=1 -DESMF_YAMLCPP=1 -DESMF_YAML=1 -DESMF_NO_OPENACC -DESMF_TESTEXHAUSTIVE -DESMF_BOPT_O -DESMF_TESTCOMPTUNNEL -DESMF_TESTWITHTHREADS -DSx86_64_small=1 -DESMF_OS_Linux=1 -DESMF_COMM=intelmpi -DESMF_DIR=/lfs4/HFIP/hfv3gfs/Mark.Potts/esmf-tests/nvhpc_22.2_intelmpi_O_develop/esmf -DESMF_NO_F2018ASSUMEDTYPE atm.F90
mpinvf90 -c -O -fpic -mcmodel=small -Mallocatable=03 -pthread  -mp -I/lfs4/HFIP/hfv3gfs/Mark.Potts/esmf-tests/nvhpc_22.2_intelmpi_O_develop/esmf/DEFAULTINSTALLDIR/mod/modO/Linux.nvhpc.64.intelmpi.default -I/lfs4/HFIP/hfv3gfs/Mark.Potts/esmf-tests/nvhpc_22.2_intelmpi_O_develop/esmf/DEFAULTINSTALLDIR/include   -DESMF_NO_INTEGER_1_BYTE -DESMF_NO_INTEGER_2_BYTE -DESMF_VERSION_STRING_GIT='v8.5.0b19-5-gc2c4406dae' -DESMF_MOAB=1 -DESMF_LAPACK=1 -DESMF_LAPACK_INTERNAL=1 -DESMF_NO_ACC_SOFTWARE_STACK=1 -DESMF_YAMLCPP=1 -DESMF_YAML=1 -DESMF_NO_OPENACC -DESMF_TESTEXHAUSTIVE -DESMF_BOPT_O -DESMF_TESTCOMPTUNNEL -DESMF_TESTWITHTHREADS -DSx86_64_small=1 -DESMF_OS_Linux=1 -DESMF_COMM=intelmpi -DESMF_DIR=/lfs4/HFIP/hfv3gfs/Mark.Potts/esmf-tests/nvhpc_22.2_intelmpi_O_develop/esmf -DESMF_NO_F2018ASSUMEDTYPE ocn.F90
mpinvf90 -c -O -fpic -mcmodel=small -Mallocatable=03 -pthread  -mp -I/lfs4/HFIP/hfv3gfs/Mark.Potts/esmf-tests/nvhpc_22.2_intelmpi_O_develop/esmf/DEFAULTINSTALLDIR/mod/modO/Linux.nvhpc.64.intelmpi.default -I/lfs4/HFIP/hfv3gfs/Mark.Potts/esmf-tests/nvhpc_22.2_intelmpi_O_develop/esmf/DEFAULTINSTALLDIR/include   -DESMF_NO_INTEGER_1_BYTE -DESMF_NO_INTEGER_2_BYTE -DESMF_VERSION_STRING_GIT='v8.5.0b19-5-gc2c4406dae' -DESMF_MOAB=1 -DESMF_LAPACK=1 -DESMF_LAPACK_INTERNAL=1 -DESMF_NO_ACC_SOFTWARE_STACK=1 -DESMF_YAMLCPP=1 -DESMF_YAML=1 -DESMF_NO_OPENACC -DESMF_TESTEXHAUSTIVE -DESMF_BOPT_O -DESMF_TESTCOMPTUNNEL -DESMF_TESTWITHTHREADS -DSx86_64_small=1 -DESMF_OS_Linux=1 -DESMF_COMM=intelmpi -DESMF_DIR=/lfs4/HFIP/hfv3gfs/Mark.Potts/esmf-tests/nvhpc_22.2_intelmpi_O_develop/esmf -DESMF_NO_F2018ASSUMEDTYPE med.F90
mpinvf90 -c -O -fpic -mcmodel=small -Mallocatable=03 -pthread  -mp -I/lfs4/HFIP/hfv3gfs/Mark.Potts/esmf-tests/nvhpc_22.2_intelmpi_O_develop/esmf/DEFAULTINSTALLDIR/mod/modO/Linux.nvhpc.64.intelmpi.default -I/lfs4/HFIP/hfv3gfs/Mark.Potts/esmf-tests/nvhpc_22.2_intelmpi_O_develop/esmf/DEFAULTINSTALLDIR/include   -DESMF_NO_INTEGER_1_BYTE -DESMF_NO_INTEGER_2_BYTE -DESMF_VERSION_STRING_GIT='v8.5.0b19-5-gc2c4406dae' -DESMF_MOAB=1 -DESMF_LAPACK=1 -DESMF_LAPACK_INTERNAL=1 -DESMF_NO_ACC_SOFTWARE_STACK=1 -DESMF_YAMLCPP=1 -DESMF_YAML=1 -DESMF_NO_OPENACC -DESMF_TESTEXHAUSTIVE -DESMF_BOPT_O -DESMF_TESTCOMPTUNNEL -DESMF_TESTWITHTHREADS -DSx86_64_small=1 -DESMF_OS_Linux=1 -DESMF_COMM=intelmpi -DESMF_DIR=/lfs4/HFIP/hfv3gfs/Mark.Potts/esmf-tests/nvhpc_22.2_intelmpi_O_develop/esmf -DESMF_NO_F2018ASSUMEDTYPE esm.F90
mpinvf90 -c -O -fpic -mcmodel=small -Mallocatable=03 -pthread  -mp -I/lfs4/HFIP/hfv3gfs/Mark.Potts/esmf-tests/nvhpc_22.2_intelmpi_O_develop/esmf/DEFAULTINSTALLDIR/mod/modO/Linux.nvhpc.64.intelmpi.default -I/lfs4/HFIP/hfv3gfs/Mark.Potts/esmf-tests/nvhpc_22.2_intelmpi_O_develop/esmf/DEFAULTINSTALLDIR/include   -DESMF_NO_INTEGER_1_BYTE -DESMF_NO_INTEGER_2_BYTE -DESMF_VERSION_STRING_GIT='v8.5.0b19-5-gc2c4406dae' -DESMF_MOAB=1 -DESMF_LAPACK=1 -DESMF_LAPACK_INTERNAL=1 -DESMF_NO_ACC_SOFTWARE_STACK=1 -DESMF_YAMLCPP=1 -DESMF_YAML=1 -DESMF_NO_OPENACC -DESMF_TESTEXHAUSTIVE -DESMF_BOPT_O -DESMF_TESTCOMPTUNNEL -DESMF_TESTWITHTHREADS -DSx86_64_small=1 -DESMF_OS_Linux=1 -DESMF_COMM=intelmpi -DESMF_DIR=/lfs4/HFIP/hfv3gfs/Mark.Potts/esmf-tests/nvhpc_22.2_intelmpi_O_develop/esmf -DESMF_NO_F2018ASSUMEDTYPE esmApp.F90
mpinvf90 -mcmodel=small -pthread -Wl,--no-as-needed  -mp -L/lfs4/HFIP/hfv3gfs/Mark.Potts/esmf-tests/nvhpc_22.2_intelmpi_O_develop/esmf/DEFAULTINSTALLDIR/lib/libO/Linux.nvhpc.64.intelmpi.default  -Wl,-rpath,/lfs4/HFIP/hfv3gfs/Mark.Potts/esmf-tests/nvhpc_22.2_intelmpi_O_develop/esmf/DEFAULTINSTALLDIR/lib/libO/Linux.nvhpc.64.intelmpi.default  -o esmApp esmApp.o esm.o atm.o ocn.o med.o -lesmf  -c++libs
+ /lfs4/HFIP/hfv3gfs/Mark.Potts/esmf-tests/nvhpc_22.2_intelmpi_O_develop/esmf/scripts/mpirun.srun -np 4 ./esmApp
+ local result=139
+ set +x
FINISHED: AtmOcnMedIngestFromConfigProto
Tue Apr 25 05:53:36 UTC 2023
---------------------------------------------------------------------------

---------------------------------------------------------------------------
Tue Apr 25 05:53:36 UTC 2023
STARTING: AtmOcnMedIngestFromInternalProto
rm -f PET*.ESMF_LogFile *.nc *.stdout
rm -f esmApp *.o *.mod
mpinvf90 -c -O -fpic -mcmodel=small -Mallocatable=03 -pthread  -mp -I/lfs4/HFIP/hfv3gfs/Mark.Potts/esmf-tests/nvhpc_22.2_intelmpi_O_develop/esmf/DEFAULTINSTALLDIR/mod/modO/Linux.nvhpc.64.intelmpi.default -I/lfs4/HFIP/hfv3gfs/Mark.Potts/esmf-tests/nvhpc_22.2_intelmpi_O_develop/esmf/DEFAULTINSTALLDIR/include   -DESMF_NO_INTEGER_1_BYTE -DESMF_NO_INTEGER_2_BYTE -DESMF_VERSION_STRING_GIT='v8.5.0b19-5-gc2c4406dae' -DESMF_MOAB=1 -DESMF_LAPACK=1 -DESMF_LAPACK_INTERNAL=1 -DESMF_NO_ACC_SOFTWARE_STACK=1 -DESMF_YAMLCPP=1 -DESMF_YAML=1 -DESMF_NO_OPENACC -DESMF_TESTEXHAUSTIVE -DESMF_BOPT_O -DESMF_TESTCOMPTUNNEL -DESMF_TESTWITHTHREADS -DSx86_64_small=1 -DESMF_OS_Linux=1 -DESMF_COMM=intelmpi -DESMF_DIR=/lfs4/HFIP/hfv3gfs/Mark.Potts/esmf-tests/nvhpc_22.2_intelmpi_O_develop/esmf -DESMF_NO_F2018ASSUMEDTYPE atm.F90
mpinvf90 -c -O -fpic -mcmodel=small -Mallocatable=03 -pthread  -mp -I/lfs4/HFIP/hfv3gfs/Mark.Potts/esmf-tests/nvhpc_22.2_intelmpi_O_develop/esmf/DEFAULTINSTALLDIR/mod/modO/Linux.nvhpc.64.intelmpi.default -I/lfs4/HFIP/hfv3gfs/Mark.Potts/esmf-tests/nvhpc_22.2_intelmpi_O_develop/esmf/DEFAULTINSTALLDIR/include   -DESMF_NO_INTEGER_1_BYTE -DESMF_NO_INTEGER_2_BYTE -DESMF_VERSION_STRING_GIT='v8.5.0b19-5-gc2c4406dae' -DESMF_MOAB=1 -DESMF_LAPACK=1 -DESMF_LAPACK_INTERNAL=1 -DESMF_NO_ACC_SOFTWARE_STACK=1 -DESMF_YAMLCPP=1 -DESMF_YAML=1 -DESMF_NO_OPENACC -DESMF_TESTEXHAUSTIVE -DESMF_BOPT_O -DESMF_TESTCOMPTUNNEL -DESMF_TESTWITHTHREADS -DSx86_64_small=1 -DESMF_OS_Linux=1 -DESMF_COMM=intelmpi -DESMF_DIR=/lfs4/HFIP/hfv3gfs/Mark.Potts/esmf-tests/nvhpc_22.2_intelmpi_O_develop/esmf -DESMF_NO_F2018ASSUMEDTYPE ocn.F90
mpinvf90 -c -O -fpic -mcmodel=small -Mallocatable=03 -pthread  -mp -I/lfs4/HFIP/hfv3gfs/Mark.Potts/esmf-tests/nvhpc_22.2_intelmpi_O_develop/esmf/DEFAULTINSTALLDIR/mod/modO/Linux.nvhpc.64.intelmpi.default -I/lfs4/HFIP/hfv3gfs/Mark.Potts/esmf-tests/nvhpc_22.2_intelmpi_O_develop/esmf/DEFAULTINSTALLDIR/include   -DESMF_NO_INTEGER_1_BYTE -DESMF_NO_INTEGER_2_BYTE -DESMF_VERSION_STRING_GIT='v8.5.0b19-5-gc2c4406dae' -DESMF_MOAB=1 -DESMF_LAPACK=1 -DESMF_LAPACK_INTERNAL=1 -DESMF_NO_ACC_SOFTWARE_STACK=1 -DESMF_YAMLCPP=1 -DESMF_YAML=1 -DESMF_NO_OPENACC -DESMF_TESTEXHAUSTIVE -DESMF_BOPT_O -DESMF_TESTCOMPTUNNEL -DESMF_TESTWITHTHREADS -DSx86_64_small=1 -DESMF_OS_Linux=1 -DESMF_COMM=intelmpi -DESMF_DIR=/lfs4/HFIP/hfv3gfs/Mark.Potts/esmf-tests/nvhpc_22.2_intelmpi_O_develop/esmf -DESMF_NO_F2018ASSUMEDTYPE med.F90
mpinvf90 -c -O -fpic -mcmodel=small -Mallocatable=03 -pthread  -mp -I/lfs4/HFIP/hfv3gfs/Mark.Potts/esmf-tests/nvhpc_22.2_intelmpi_O_develop/esmf/DEFAULTINSTALLDIR/mod/modO/Linux.nvhpc.64.intelmpi.default -I/lfs4/HFIP/hfv3gfs/Mark.Potts/esmf-tests/nvhpc_22.2_intelmpi_O_develop/esmf/DEFAULTINSTALLDIR/include   -DESMF_NO_INTEGER_1_BYTE -DESMF_NO_INTEGER_2_BYTE -DESMF_VERSION_STRING_GIT='v8.5.0b19-5-gc2c4406dae' -DESMF_MOAB=1 -DESMF_LAPACK=1 -DESMF_LAPACK_INTERNAL=1 -DESMF_NO_ACC_SOFTWARE_STACK=1 -DESMF_YAMLCPP=1 -DESMF_YAML=1 -DESMF_NO_OPENACC -DESMF_TESTEXHAUSTIVE -DESMF_BOPT_O -DESMF_TESTCOMPTUNNEL -DESMF_TESTWITHTHREADS -DSx86_64_small=1 -DESMF_OS_Linux=1 -DESMF_COMM=intelmpi -DESMF_DIR=/lfs4/HFIP/hfv3gfs/Mark.Potts/esmf-tests/nvhpc_22.2_intelmpi_O_develop/esmf -DESMF_NO_F2018ASSUMEDTYPE esm.F90
mpinvf90 -c -O -fpic -mcmodel=small -Mallocatable=03 -pthread  -mp -I/lfs4/HFIP/hfv3gfs/Mark.Potts/esmf-tests/nvhpc_22.2_intelmpi_O_develop/esmf/DEFAULTINSTALLDIR/mod/modO/Linux.nvhpc.64.intelmpi.default -I/lfs4/HFIP/hfv3gfs/Mark.Potts/esmf-tests/nvhpc_22.2_intelmpi_O_develop/esmf/DEFAULTINSTALLDIR/include   -DESMF_NO_INTEGER_1_BYTE -DESMF_NO_INTEGER_2_BYTE -DESMF_VERSION_STRING_GIT='v8.5.0b19-5-gc2c4406dae' -DESMF_MOAB=1 -DESMF_LAPACK=1 -DESMF_LAPACK_INTERNAL=1 -DESMF_NO_ACC_SOFTWARE_STACK=1 -DESMF_YAMLCPP=1 -DESMF_YAML=1 -DESMF_NO_OPENACC -DESMF_TESTEXHAUSTIVE -DESMF_BOPT_O -DESMF_TESTCOMPTUNNEL -DESMF_TESTWITHTHREADS -DSx86_64_small=1 -DESMF_OS_Linux=1 -DESMF_COMM=intelmpi -DESMF_DIR=/lfs4/HFIP/hfv3gfs/Mark.Potts/esmf-tests/nvhpc_22.2_intelmpi_O_develop/esmf -DESMF_NO_F2018ASSUMEDTYPE esmApp.F90
mpinvf90 -mcmodel=small -pthread -Wl,--no-as-needed  -mp -L/lfs4/HFIP/hfv3gfs/Mark.Potts/esmf-tests/nvhpc_22.2_intelmpi_O_develop/esmf/DEFAULTINSTALLDIR/lib/libO/Linux.nvhpc.64.intelmpi.default  -Wl,-rpath,/lfs4/HFIP/hfv3gfs/Mark.Potts/esmf-tests/nvhpc_22.2_intelmpi_O_develop/esmf/DEFAULTINSTALLDIR/lib/libO/Linux.nvhpc.64.intelmpi.default  -o esmApp esmApp.o esm.o atm.o ocn.o med.o -lesmf  -c++libs
+ /lfs4/HFIP/hfv3gfs/Mark.Potts/esmf-tests/nvhpc_22.2_intelmpi_O_develop/esmf/scripts/mpirun.srun -np 4 ./esmApp
+ local result=1
+ set +x
cat: PET*.ESMF_LogFile: No such file or directory
FINISHED: AtmOcnMedIngestFromInternalProto
Tue Apr 25 05:54:14 UTC 2023
---------------------------------------------------------------------------

---------------------------------------------------------------------------
Tue Apr 25 05:54:14 UTC 2023
STARTING: AtmOcnMedPetListProto
rm -f PET*.ESMF_LogFile *.nc *.stdout
rm -f esmApp *.o *.mod
mpinvf90 -c -O -fpic -mcmodel=small -Mallocatable=03 -pthread  -mp -I/lfs4/HFIP/hfv3gfs/Mark.Potts/esmf-tests/nvhpc_22.2_intelmpi_O_develop/esmf/DEFAULTINSTALLDIR/mod/modO/Linux.nvhpc.64.intelmpi.default -I/lfs4/HFIP/hfv3gfs/Mark.Potts/esmf-tests/nvhpc_22.2_intelmpi_O_develop/esmf/DEFAULTINSTALLDIR/include   -DESMF_NO_INTEGER_1_BYTE -DESMF_NO_INTEGER_2_BYTE -DESMF_VERSION_STRING_GIT='v8.5.0b19-5-gc2c4406dae' -DESMF_MOAB=1 -DESMF_LAPACK=1 -DESMF_LAPACK_INTERNAL=1 -DESMF_NO_ACC_SOFTWARE_STACK=1 -DESMF_YAMLCPP=1 -DESMF_YAML=1 -DESMF_NO_OPENACC -DESMF_TESTEXHAUSTIVE -DESMF_BOPT_O -DESMF_TESTCOMPTUNNEL -DESMF_TESTWITHTHREADS -DSx86_64_small=1 -DESMF_OS_Linux=1 -DESMF_COMM=intelmpi -DESMF_DIR=/lfs4/HFIP/hfv3gfs/Mark.Potts/esmf-tests/nvhpc_22.2_intelmpi_O_develop/esmf -DESMF_NO_F2018ASSUMEDTYPE atm.F90
mpinvf90 -c -O -fpic -mcmodel=small -Mallocatable=03 -pthread  -mp -I/lfs4/HFIP/hfv3gfs/Mark.Potts/esmf-tests/nvhpc_22.2_intelmpi_O_develop/esmf/DEFAULTINSTALLDIR/mod/modO/Linux.nvhpc.64.intelmpi.default -I/lfs4/HFIP/hfv3gfs/Mark.Potts/esmf-tests/nvhpc_22.2_intelmpi_O_develop/esmf/DEFAULTINSTALLDIR/include   -DESMF_NO_INTEGER_1_BYTE -DESMF_NO_INTEGER_2_BYTE -DESMF_VERSION_STRING_GIT='v8.5.0b19-5-gc2c4406dae' -DESMF_MOAB=1 -DESMF_LAPACK=1 -DESMF_LAPACK_INTERNAL=1 -DESMF_NO_ACC_SOFTWARE_STACK=1 -DESMF_YAMLCPP=1 -DESMF_YAML=1 -DESMF_NO_OPENACC -DESMF_TESTEXHAUSTIVE -DESMF_BOPT_O -DESMF_TESTCOMPTUNNEL -DESMF_TESTWITHTHREADS -DSx86_64_small=1 -DESMF_OS_Linux=1 -DESMF_COMM=intelmpi -DESMF_DIR=/lfs4/HFIP/hfv3gfs/Mark.Potts/esmf-tests/nvhpc_22.2_intelmpi_O_develop/esmf -DESMF_NO_F2018ASSUMEDTYPE ocn.F90
mpinvf90 -c -O -fpic -mcmodel=small -Mallocatable=03 -pthread  -mp -I/lfs4/HFIP/hfv3gfs/Mark.Potts/esmf-tests/nvhpc_22.2_intelmpi_O_develop/esmf/DEFAULTINSTALLDIR/mod/modO/Linux.nvhpc.64.intelmpi.default -I/lfs4/HFIP/hfv3gfs/Mark.Potts/esmf-tests/nvhpc_22.2_intelmpi_O_develop/esmf/DEFAULTINSTALLDIR/include   -DESMF_NO_INTEGER_1_BYTE -DESMF_NO_INTEGER_2_BYTE -DESMF_VERSION_STRING_GIT='v8.5.0b19-5-gc2c4406dae' -DESMF_MOAB=1 -DESMF_LAPACK=1 -DESMF_LAPACK_INTERNAL=1 -DESMF_NO_ACC_SOFTWARE_STACK=1 -DESMF_YAMLCPP=1 -DESMF_YAML=1 -DESMF_NO_OPENACC -DESMF_TESTEXHAUSTIVE -DESMF_BOPT_O -DESMF_TESTCOMPTUNNEL -DESMF_TESTWITHTHREADS -DSx86_64_small=1 -DESMF_OS_Linux=1 -DESMF_COMM=intelmpi -DESMF_DIR=/lfs4/HFIP/hfv3gfs/Mark.Potts/esmf-tests/nvhpc_22.2_intelmpi_O_develop/esmf -DESMF_NO_F2018ASSUMEDTYPE med.F90
