2023-05-15 07:45:11
[h4c53:122669:0:122669] Caught signal 11 (Segmentation fault: address not mapped to object at address 0x4f1b591)
[h4c53:122670:0:122670] Caught signal 11 (Segmentation fault: address not mapped to object at address 0x4f1b591)
[h4c53:122671:0:122671] Caught signal 11 (Segmentation fault: address not mapped to object at address 0x4f1b591)
[h4c53:122672:0:122672] Caught signal 11 (Segmentation fault: address not mapped to object at address 0x4f1b591)
==== backtrace (tid: 122671) ====
 0 0x000000000004d455 ucs_debug_print_backtrace()  ???:0
 1 0x0000000000531d7e ESMCI::LogErr::MsgFoundError()  /scratch2/NCEPDEV/stmp1/Gerhard.Theurich/ESMF-Nightly-Testing/intel_2022.3.0_intelmpi_O_fix_profile_summary_at_scale/esmf/src/Infrastructure/LogErr/src/ESMCI_LogErr.C:586
 2 0x000000000065941b c_esmc_meshcreatenodedistgrid_()  /scratch2/NCEPDEV/stmp1/Gerhard.Theurich/ESMF-Nightly-Testing/intel_2022.3.0_intelmpi_O_fix_profile_summary_at_scale/esmf/src/Infrastructure/Mesh/interface/ESMCI_Mesh_F.C:248
 3 0x0000000000e46042 esmf_meshmod_mp_esmf_meshcreatefrompointer_()  /scratch2/NCEPDEV/stmp1/Gerhard.Theurich/ESMF-Nightly-Testing/intel_2022.3.0_intelmpi_O_fix_profile_summary_at_scale/esmf/src/Infrastructure/Mesh/interface/ESMF_Mesh.F90:3091
 4 0x0000000000cec1f6 esmf_gridutilmod_mp_esmf_gridtomesh_()  /scratch2/NCEPDEV/stmp1/Gerhard.Theurich/ESMF-Nightly-Testing/intel_2022.3.0_intelmpi_O_fix_profile_summary_at_scale/esmf/src/Infrastructure/GridUtil/interface/ESMF_GridUtil.F90:453
 5 0x0000000000bbfd00 esmf_fieldregridmod_mp_b_or_p_gridtomesh_()  /scratch2/NCEPDEV/stmp1/Gerhard.Theurich/ESMF-Nightly-Testing/intel_2022.3.0_intelmpi_O_fix_profile_summary_at_scale/esmf/src/Infrastructure/Field/src/ESMF_FieldRegrid.F90:3228
 6 0x0000000000bbf7b3 esmf_fieldregridmod_mp_getmeshwithnodesonfieldloc_()  /scratch2/NCEPDEV/stmp1/Gerhard.Theurich/ESMF-Nightly-Testing/intel_2022.3.0_intelmpi_O_fix_profile_summary_at_scale/esmf/src/Infrastructure/Field/src/ESMF_FieldRegrid.F90:1346
 7 0x0000000000bbda03 esmf_fieldregridmod_mp_esmf_fieldregridstorenx_()  /scratch2/NCEPDEV/stmp1/Gerhard.Theurich/ESMF-Nightly-Testing/intel_2022.3.0_intelmpi_O_fix_profile_summary_at_scale/esmf/src/Infrastructure/Field/src/ESMF_FieldRegrid.F90:971
 8 0x0000000000a41f7e esmf_fieldbundlemod_mp_esmf_fieldbundleregridstorepair_()  /scratch2/NCEPDEV/stmp1/Gerhard.Theurich/ESMF-Nightly-Testing/intel_2022.3.0_intelmpi_O_fix_profile_summary_at_scale/esmf/src/Infrastructure/FieldBundle/src/ESMF_FieldBundle.F90:16211
 9 0x000000000101cef0 nuopc_connector_mp_fieldbundlecplstore_()  /scratch2/NCEPDEV/stmp1/Gerhard.Theurich/ESMF-Nightly-Testing/intel_2022.3.0_intelmpi_O_fix_profile_summary_at_scale/esmf/src/addon/NUOPC/src/NUOPC_Connector.F90:7714
10 0x00000000010326e4 nuopc_connector_mp_initializeipdv05p6b_()  /scratch2/NCEPDEV/stmp1/Gerhard.Theurich/ESMF-Nightly-Testing/intel_2022.3.0_intelmpi_O_fix_profile_summary_at_scale/esmf/src/addon/NUOPC/src/NUOPC_Connector.F90:5386
11 0x0000000000481ec6 ESMCI::FTable::callVFuncPtr()  /scratch2/NCEPDEV/stmp1/Gerhard.Theurich/ESMF-Nightly-Testing/intel_2022.3.0_intelmpi_O_fix_profile_summary_at_scale/esmf/src/Superstructure/Component/src/ESMCI_FTable.C:2167
12 0x000000000048192c ESMCI_FTableCallEntryPointVMHop()  /scratch2/NCEPDEV/stmp1/Gerhard.Theurich/ESMF-Nightly-Testing/intel_2022.3.0_intelmpi_O_fix_profile_summary_at_scale/esmf/src/Superstructure/Component/src/ESMCI_FTable.C:824
13 0x000000000071a8a0 ESMCI::VMK::enter()  /scratch2/NCEPDEV/stmp1/Gerhard.Theurich/ESMF-Nightly-Testing/intel_2022.3.0_intelmpi_O_fix_profile_summary_at_scale/esmf/src/Infrastructure/VM/src/ESMCI_VMKernel.C:0
14 0x000000000070d978 ESMCI::VM::enter()  /scratch2/NCEPDEV/stmp1/Gerhard.Theurich/ESMF-Nightly-Testing/intel_2022.3.0_intelmpi_O_fix_profile_summary_at_scale/esmf/src/Infrastructure/VM/src/ESMCI_VM.C:1216
15 0x00000000004825c1 c_esmc_ftablecallentrypointvm_()  /scratch2/NCEPDEV/stmp1/Gerhard.Theurich/ESMF-Nightly-Testing/intel_2022.3.0_intelmpi_O_fix_profile_summary_at_scale/esmf/src/Superstructure/Component/src/ESMCI_FTable.C:981
16 0x00000000009a37d0 esmf_compmod_mp_esmf_compexecute_()  /scratch2/NCEPDEV/stmp1/Gerhard.Theurich/ESMF-Nightly-Testing/intel_2022.3.0_intelmpi_O_fix_profile_summary_at_scale/esmf/src/Superstructure/Component/src/ESMF_Comp.F90:1223
17 0x00000000009d01c1 esmf_cplcompmod_mp_esmf_cplcompinitialize_()  /scratch2/NCEPDEV/stmp1/Gerhard.Theurich/ESMF-Nightly-Testing/intel_2022.3.0_intelmpi_O_fix_profile_summary_at_scale/esmf/src/Superstructure/Component/src/ESMF_CplComp.F90:1165
18 0x00000000010911b5 nuopc_driver_mp_loopconnectorcompss_()  /scratch2/NCEPDEV/stmp1/Gerhard.Theurich/ESMF-Nightly-Testing/intel_2022.3.0_intelmpi_O_fix_profile_summary_at_scale/esmf/src/addon/NUOPC/src/NUOPC_Driver.F90:3023
19 0x00000000010b0b11 nuopc_driver_mp_initializeipdv02p3_()  /scratch2/NCEPDEV/stmp1/Gerhard.Theurich/ESMF-Nightly-Testing/intel_2022.3.0_intelmpi_O_fix_profile_summary_at_scale/esmf/src/addon/NUOPC/src/NUOPC_Driver.F90:2110
20 0x00000000010c3490 nuopc_driver_mp_initializegeneric_()  /scratch2/NCEPDEV/stmp1/Gerhard.Theurich/ESMF-Nightly-Testing/intel_2022.3.0_intelmpi_O_fix_profile_summary_at_scale/esmf/src/addon/NUOPC/src/NUOPC_Driver.F90:479
21 0x0000000000481ec6 ESMCI::FTable::callVFuncPtr()  /scratch2/NCEPDEV/stmp1/Gerhard.Theurich/ESMF-Nightly-Testing/intel_2022.3.0_intelmpi_O_fix_profile_summary_at_scale/esmf/src/Superstructure/Component/src/ESMCI_FTable.C:2167
22 0x000000000048192c ESMCI_FTableCallEntryPointVMHop()  /scratch2/NCEPDEV/stmp1/Gerhard.Theurich/ESMF-Nightly-Testing/intel_2022.3.0_intelmpi_O_fix_profile_summary_at_scale/esmf/src/Superstructure/Component/src/ESMCI_FTable.C:824
23 0x000000000071a8a0 ESMCI::VMK::enter()  /scratch2/NCEPDEV/stmp1/Gerhard.Theurich/ESMF-Nightly-Testing/intel_2022.3.0_intelmpi_O_fix_profile_summary_at_scale/esmf/src/Infrastructure/VM/src/ESMCI_VMKernel.C:0
24 0x000000000070d978 ESMCI::VM::enter()  /scratch2/NCEPDEV/stmp1/Gerhard.Theurich/ESMF-Nightly-Testing/intel_2022.3.0_intelmpi_O_fix_profile_summary_at_scale/esmf/src/Infrastructure/VM/src/ESMCI_VM.C:1216
25 0x00000000004825c1 c_esmc_ftablecallentrypointvm_()  /scratch2/NCEPDEV/stmp1/Gerhard.Theurich/ESMF-Nightly-Testing/intel_2022.3.0_intelmpi_O_fix_profile_summary_at_scale/esmf/src/Superstructure/Component/src/ESMCI_FTable.C:981
26 0x00000000009a37d0 esmf_compmod_mp_esmf_compexecute_()  /scratch2/NCEPDEV/stmp1/Gerhard.Theurich/ESMF-Nightly-Testing/intel_2022.3.0_intelmpi_O_fix_profile_summary_at_scale/esmf/src/Superstructure/Component/src/ESMF_Comp.F90:1223
27 0x0000000000ceb531 esmf_gridcompmod_mp_esmf_gridcompinitialize_()  /scratch2/NCEPDEV/stmp1/Gerhard.Theurich/ESMF-Nightly-Testing/intel_2022.3.0_intelmpi_O_fix_profile_summary_at_scale/esmf/src/Superstructure/Component/src/ESMF_GridComp.F90:1412
28 0x0000000000413279 MAIN__()  /scratch2/NCEPDEV/stmp1/Gerhard.Theurich/ESMF-Nightly-Testing/intel_2022.3.0_intelmpi_O_fix_profile_summary_at_scale/nuopc-app-prototypes/AtmOcnLogNoneProto/esmApp.F90:65
29 0x0000000000412e1d main()  ???:0
30 0x0000000000022555 __libc_start_main()  ???:0
31 0x0000000000412d36 _start()  ???:0
=================================
==== backtrace (tid: 122669) ====
 0 0x000000000004d455 ucs_debug_print_backtrace()  ???:0
 1 0x0000000000531d7e ESMCI::LogErr::MsgFoundError()  /scratch2/NCEPDEV/stmp1/Gerhard.Theurich/ESMF-Nightly-Testing/intel_2022.3.0_intelmpi_O_fix_profile_summary_at_scale/esmf/src/Infrastructure/LogErr/src/ESMCI_LogErr.C:586
 2 0x000000000065941b c_esmc_meshcreatenodedistgrid_()  /scratch2/NCEPDEV/stmp1/Gerhard.Theurich/ESMF-Nightly-Testing/intel_2022.3.0_intelmpi_O_fix_profile_summary_at_scale/esmf/src/Infrastructure/Mesh/interface/ESMCI_Mesh_F.C:248
 3 0x0000000000e46042 esmf_meshmod_mp_esmf_meshcreatefrompointer_()  /scratch2/NCEPDEV/stmp1/Gerhard.Theurich/ESMF-Nightly-Testing/intel_2022.3.0_intelmpi_O_fix_profile_summary_at_scale/esmf/src/Infrastructure/Mesh/interface/ESMF_Mesh.F90:3091
 4 0x0000000000cec1f6 esmf_gridutilmod_mp_esmf_gridtomesh_()  /scratch2/NCEPDEV/stmp1/Gerhard.Theurich/ESMF-Nightly-Testing/intel_2022.3.0_intelmpi_O_fix_profile_summary_at_scale/esmf/src/Infrastructure/GridUtil/interface/ESMF_GridUtil.F90:453
 5 0x0000000000bbfd00 esmf_fieldregridmod_mp_b_or_p_gridtomesh_()  /scratch2/NCEPDEV/stmp1/Gerhard.Theurich/ESMF-Nightly-Testing/intel_2022.3.0_intelmpi_O_fix_profile_summary_at_scale/esmf/src/Infrastructure/Field/src/ESMF_FieldRegrid.F90:3228
 6 0x0000000000bbf7b3 esmf_fieldregridmod_mp_getmeshwithnodesonfieldloc_()  /scratch2/NCEPDEV/stmp1/Gerhard.Theurich/ESMF-Nightly-Testing/intel_2022.3.0_intelmpi_O_fix_profile_summary_at_scale/esmf/src/Infrastructure/Field/src/ESMF_FieldRegrid.F90:1346
 7 0x0000000000bbda03 esmf_fieldregridmod_mp_esmf_fieldregridstorenx_()  /scratch2/NCEPDEV/stmp1/Gerhard.Theurich/ESMF-Nightly-Testing/intel_2022.3.0_intelmpi_O_fix_profile_summary_at_scale/esmf/src/Infrastructure/Field/src/ESMF_FieldRegrid.F90:971
 8 0x0000000000a41f7e esmf_fieldbundlemod_mp_esmf_fieldbundleregridstorepair_()  /scratch2/NCEPDEV/stmp1/Gerhard.Theurich/ESMF-Nightly-Testing/intel_2022.3.0_intelmpi_O_fix_profile_summary_at_scale/esmf/src/Infrastructure/FieldBundle/src/ESMF_FieldBundle.F90:16211
 9 0x000000000101cef0 nuopc_connector_mp_fieldbundlecplstore_()  /scratch2/NCEPDEV/stmp1/Gerhard.Theurich/ESMF-Nightly-Testing/intel_2022.3.0_intelmpi_O_fix_profile_summary_at_scale/esmf/src/addon/NUOPC/src/NUOPC_Connector.F90:7714
10 0x00000000010326e4 nuopc_connector_mp_initializeipdv05p6b_()  /scratch2/NCEPDEV/stmp1/Gerhard.Theurich/ESMF-Nightly-Testing/intel_2022.3.0_intelmpi_O_fix_profile_summary_at_scale/esmf/src/addon/NUOPC/src/NUOPC_Connector.F90:5386
11 0x0000000000481ec6 ESMCI::FTable::callVFuncPtr()  /scratch2/NCEPDEV/stmp1/Gerhard.Theurich/ESMF-Nightly-Testing/intel_2022.3.0_intelmpi_O_fix_profile_summary_at_scale/esmf/src/Superstructure/Component/src/ESMCI_FTable.C:2167
12 0x000000000048192c ESMCI_FTableCallEntryPointVMHop()  /scratch2/NCEPDEV/stmp1/Gerhard.Theurich/ESMF-Nightly-Testing/intel_2022.3.0_intelmpi_O_fix_profile_summary_at_scale/esmf/src/Superstructure/Component/src/ESMCI_FTable.C:824
13 0x000000000071a8a0 ESMCI::VMK::enter()  /scratch2/NCEPDEV/stmp1/Gerhard.Theurich/ESMF-Nightly-Testing/intel_2022.3.0_intelmpi_O_fix_profile_summary_at_scale/esmf/src/Infrastructure/VM/src/ESMCI_VMKernel.C:0
14 0x000000000070d978 ESMCI::VM::enter()  /scratch2/NCEPDEV/stmp1/Gerhard.Theurich/ESMF-Nightly-Testing/intel_2022.3.0_intelmpi_O_fix_profile_summary_at_scale/esmf/src/Infrastructure/VM/src/ESMCI_VM.C:1216
15 0x00000000004825c1 c_esmc_ftablecallentrypointvm_()  /scratch2/NCEPDEV/stmp1/Gerhard.Theurich/ESMF-Nightly-Testing/intel_2022.3.0_intelmpi_O_fix_profile_summary_at_scale/esmf/src/Superstructure/Component/src/ESMCI_FTable.C:981
16 0x00000000009a37d0 esmf_compmod_mp_esmf_compexecute_()  /scratch2/NCEPDEV/stmp1/Gerhard.Theurich/ESMF-Nightly-Testing/intel_2022.3.0_intelmpi_O_fix_profile_summary_at_scale/esmf/src/Superstructure/Component/src/ESMF_Comp.F90:1223
17 0x00000000009d01c1 esmf_cplcompmod_mp_esmf_cplcompinitialize_()  /scratch2/NCEPDEV/stmp1/Gerhard.Theurich/ESMF-Nightly-Testing/intel_2022.3.0_intelmpi_O_fix_profile_summary_at_scale/esmf/src/Superstructure/Component/src/ESMF_CplComp.F90:1165
18 0x00000000010911b5 nuopc_driver_mp_loopconnectorcompss_()  /scratch2/NCEPDEV/stmp1/Gerhard.Theurich/ESMF-Nightly-Testing/intel_2022.3.0_intelmpi_O_fix_profile_summary_at_scale/esmf/src/addon/NUOPC/src/NUOPC_Driver.F90:3023
19 0x00000000010b0b11 nuopc_driver_mp_initializeipdv02p3_()  /scratch2/NCEPDEV/stmp1/Gerhard.Theurich/ESMF-Nightly-Testing/intel_2022.3.0_intelmpi_O_fix_profile_summary_at_scale/esmf/src/addon/NUOPC/src/NUOPC_Driver.F90:2110
20 0x00000000010c3490 nuopc_driver_mp_initializegeneric_()  /scratch2/NCEPDEV/stmp1/Gerhard.Theurich/ESMF-Nightly-Testing/intel_2022.3.0_intelmpi_O_fix_profile_summary_at_scale/esmf/src/addon/NUOPC/src/NUOPC_Driver.F90:479
21 0x0000000000481ec6 ESMCI::FTable::callVFuncPtr()  /scratch2/NCEPDEV/stmp1/Gerhard.Theurich/ESMF-Nightly-Testing/intel_2022.3.0_intelmpi_O_fix_profile_summary_at_scale/esmf/src/Superstructure/Component/src/ESMCI_FTable.C:2167
22 0x000000000048192c ESMCI_FTableCallEntryPointVMHop()  /scratch2/NCEPDEV/stmp1/Gerhard.Theurich/ESMF-Nightly-Testing/intel_2022.3.0_intelmpi_O_fix_profile_summary_at_scale/esmf/src/Superstructure/Component/src/ESMCI_FTable.C:824
23 0x000000000071a8a0 ESMCI::VMK::enter()  /scratch2/NCEPDEV/stmp1/Gerhard.Theurich/ESMF-Nightly-Testing/intel_2022.3.0_intelmpi_O_fix_profile_summary_at_scale/esmf/src/Infrastructure/VM/src/ESMCI_VMKernel.C:0
24 0x000000000070d978 ESMCI::VM::enter()  /scratch2/NCEPDEV/stmp1/Gerhard.Theurich/ESMF-Nightly-Testing/intel_2022.3.0_intelmpi_O_fix_profile_summary_at_scale/esmf/src/Infrastructure/VM/src/ESMCI_VM.C:1216
25 0x00000000004825c1 c_esmc_ftablecallentrypointvm_()  /scratch2/NCEPDEV/stmp1/Gerhard.Theurich/ESMF-Nightly-Testing/intel_2022.3.0_intelmpi_O_fix_profile_summary_at_scale/esmf/src/Superstructure/Component/src/ESMCI_FTable.C:981
26 0x00000000009a37d0 esmf_compmod_mp_esmf_compexecute_()  /scratch2/NCEPDEV/stmp1/Gerhard.Theurich/ESMF-Nightly-Testing/intel_2022.3.0_intelmpi_O_fix_profile_summary_at_scale/esmf/src/Superstructure/Component/src/ESMF_Comp.F90:1223
27 0x0000000000ceb531 esmf_gridcompmod_mp_esmf_gridcompinitialize_()  /scratch2/NCEPDEV/stmp1/Gerhard.Theurich/ESMF-Nightly-Testing/intel_2022.3.0_intelmpi_O_fix_profile_summary_at_scale/esmf/src/Superstructure/Component/src/ESMF_GridComp.F90:1412
28 0x0000000000413279 MAIN__()  /scratch2/NCEPDEV/stmp1/Gerhard.Theurich/ESMF-Nightly-Testing/intel_2022.3.0_intelmpi_O_fix_profile_summary_at_scale/nuopc-app-prototypes/AtmOcnLogNoneProto/esmApp.F90:65
29 0x0000000000412e1d main()  ???:0
30 0x0000000000022555 __libc_start_main()  ???:0
31 0x0000000000412d36 _start()  ???:0
=================================
==== backtrace (tid: 122672) ====
 0 0x000000000004d455 ucs_debug_print_backtrace()  ???:0
 1 0x0000000000531d7e ESMCI::LogErr::MsgFoundError()  /scratch2/NCEPDEV/stmp1/Gerhard.Theurich/ESMF-Nightly-Testing/intel_2022.3.0_intelmpi_O_fix_profile_summary_at_scale/esmf/src/Infrastructure/LogErr/src/ESMCI_LogErr.C:586
 2 0x000000000065941b c_esmc_meshcreatenodedistgrid_()  /scratch2/NCEPDEV/stmp1/Gerhard.Theurich/ESMF-Nightly-Testing/intel_2022.3.0_intelmpi_O_fix_profile_summary_at_scale/esmf/src/Infrastructure/Mesh/interface/ESMCI_Mesh_F.C:248
 3 0x0000000000e46042 esmf_meshmod_mp_esmf_meshcreatefrompointer_()  /scratch2/NCEPDEV/stmp1/Gerhard.Theurich/ESMF-Nightly-Testing/intel_2022.3.0_intelmpi_O_fix_profile_summary_at_scale/esmf/src/Infrastructure/Mesh/interface/ESMF_Mesh.F90:3091
 4 0x0000000000cec1f6 esmf_gridutilmod_mp_esmf_gridtomesh_()  /scratch2/NCEPDEV/stmp1/Gerhard.Theurich/ESMF-Nightly-Testing/intel_2022.3.0_intelmpi_O_fix_profile_summary_at_scale/esmf/src/Infrastructure/GridUtil/interface/ESMF_GridUtil.F90:453
 5 0x0000000000bbfd00 esmf_fieldregridmod_mp_b_or_p_gridtomesh_()  /scratch2/NCEPDEV/stmp1/Gerhard.Theurich/ESMF-Nightly-Testing/intel_2022.3.0_intelmpi_O_fix_profile_summary_at_scale/esmf/src/Infrastructure/Field/src/ESMF_FieldRegrid.F90:3228
 6 0x0000000000bbf7b3 esmf_fieldregridmod_mp_getmeshwithnodesonfieldloc_()  /scratch2/NCEPDEV/stmp1/Gerhard.Theurich/ESMF-Nightly-Testing/intel_2022.3.0_intelmpi_O_fix_profile_summary_at_scale/esmf/src/Infrastructure/Field/src/ESMF_FieldRegrid.F90:1346
 7 0x0000000000bbda03 esmf_fieldregridmod_mp_esmf_fieldregridstorenx_()  /scratch2/NCEPDEV/stmp1/Gerhard.Theurich/ESMF-Nightly-Testing/intel_2022.3.0_intelmpi_O_fix_profile_summary_at_scale/esmf/src/Infrastructure/Field/src/ESMF_FieldRegrid.F90:971
 8 0x0000000000a41f7e esmf_fieldbundlemod_mp_esmf_fieldbundleregridstorepair_()  /scratch2/NCEPDEV/stmp1/Gerhard.Theurich/ESMF-Nightly-Testing/intel_2022.3.0_intelmpi_O_fix_profile_summary_at_scale/esmf/src/Infrastructure/FieldBundle/src/ESMF_FieldBundle.F90:16211
 9 0x000000000101cef0 nuopc_connector_mp_fieldbundlecplstore_()  /scratch2/NCEPDEV/stmp1/Gerhard.Theurich/ESMF-Nightly-Testing/intel_2022.3.0_intelmpi_O_fix_profile_summary_at_scale/esmf/src/addon/NUOPC/src/NUOPC_Connector.F90:7714
10 0x00000000010326e4 nuopc_connector_mp_initializeipdv05p6b_()  /scratch2/NCEPDEV/stmp1/Gerhard.Theurich/ESMF-Nightly-Testing/intel_2022.3.0_intelmpi_O_fix_profile_summary_at_scale/esmf/src/addon/NUOPC/src/NUOPC_Connector.F90:5386
11 0x0000000000481ec6 ESMCI::FTable::callVFuncPtr()  /scratch2/NCEPDEV/stmp1/Gerhard.Theurich/ESMF-Nightly-Testing/intel_2022.3.0_intelmpi_O_fix_profile_summary_at_scale/esmf/src/Superstructure/Component/src/ESMCI_FTable.C:2167
12 0x000000000048192c ESMCI_FTableCallEntryPointVMHop()  /scratch2/NCEPDEV/stmp1/Gerhard.Theurich/ESMF-Nightly-Testing/intel_2022.3.0_intelmpi_O_fix_profile_summary_at_scale/esmf/src/Superstructure/Component/src/ESMCI_FTable.C:824
13 0x000000000071a8a0 ESMCI::VMK::enter()  /scratch2/NCEPDEV/stmp1/Gerhard.Theurich/ESMF-Nightly-Testing/intel_2022.3.0_intelmpi_O_fix_profile_summary_at_scale/esmf/src/Infrastructure/VM/src/ESMCI_VMKernel.C:0
14 0x000000000070d978 ESMCI::VM::enter()  /scratch2/NCEPDEV/stmp1/Gerhard.Theurich/ESMF-Nightly-Testing/intel_2022.3.0_intelmpi_O_fix_profile_summary_at_scale/esmf/src/Infrastructure/VM/src/ESMCI_VM.C:1216
15 0x00000000004825c1 c_esmc_ftablecallentrypointvm_()  /scratch2/NCEPDEV/stmp1/Gerhard.Theurich/ESMF-Nightly-Testing/intel_2022.3.0_intelmpi_O_fix_profile_summary_at_scale/esmf/src/Superstructure/Component/src/ESMCI_FTable.C:981
16 0x00000000009a37d0 esmf_compmod_mp_esmf_compexecute_()  /scratch2/NCEPDEV/stmp1/Gerhard.Theurich/ESMF-Nightly-Testing/intel_2022.3.0_intelmpi_O_fix_profile_summary_at_scale/esmf/src/Superstructure/Component/src/ESMF_Comp.F90:1223
17 0x00000000009d01c1 esmf_cplcompmod_mp_esmf_cplcompinitialize_()  /scratch2/NCEPDEV/stmp1/Gerhard.Theurich/ESMF-Nightly-Testing/intel_2022.3.0_intelmpi_O_fix_profile_summary_at_scale/esmf/src/Superstructure/Component/src/ESMF_CplComp.F90:1165
==== backtrace (tid: 122670) ====
 0 0x000000000004d455 ucs_debug_print_backtrace()  ???:0
 1 0x0000000000531d7e ESMCI::LogErr::MsgFoundError()  /scratch2/NCEPDEV/stmp1/Gerhard.Theurich/ESMF-Nightly-Testing/intel_2022.3.0_intelmpi_O_fix_profile_summary_at_scale/esmf/src/Infrastructure/LogErr/src/ESMCI_LogErr.C:586
 2 0x000000000065941b c_esmc_meshcreatenodedistgrid_()  /scratch2/NCEPDEV/stmp1/Gerhard.Theurich/ESMF-Nightly-Testing/intel_2022.3.0_intelmpi_O_fix_profile_summary_at_scale/esmf/src/Infrastructure/Mesh/interface/ESMCI_Mesh_F.C:248
 3 0x0000000000e46042 esmf_meshmod_mp_esmf_meshcreatefrompointer_()  /scratch2/NCEPDEV/stmp1/Gerhard.Theurich/ESMF-Nightly-Testing/intel_2022.3.0_intelmpi_O_fix_profile_summary_at_scale/esmf/src/Infrastructure/Mesh/interface/ESMF_Mesh.F90:3091
 4 0x0000000000cec1f6 esmf_gridutilmod_mp_esmf_gridtomesh_()  /scratch2/NCEPDEV/stmp1/Gerhard.Theurich/ESMF-Nightly-Testing/intel_2022.3.0_intelmpi_O_fix_profile_summary_at_scale/esmf/src/Infrastructure/GridUtil/interface/ESMF_GridUtil.F90:453
 5 0x0000000000bbfd00 esmf_fieldregridmod_mp_b_or_p_gridtomesh_()  /scratch2/NCEPDEV/stmp1/Gerhard.Theurich/ESMF-Nightly-Testing/intel_2022.3.0_intelmpi_O_fix_profile_summary_at_scale/esmf/src/Infrastructure/Field/src/ESMF_FieldRegrid.F90:3228
 6 0x0000000000bbf7b3 esmf_fieldregridmod_mp_getmeshwithnodesonfieldloc_()  /scratch2/NCEPDEV/stmp1/Gerhard.Theurich/ESMF-Nightly-Testing/intel_2022.3.0_intelmpi_O_fix_profile_summary_at_scale/esmf/src/Infrastructure/Field/src/ESMF_FieldRegrid.F90:1346
 7 0x0000000000bbda03 esmf_fieldregridmod_mp_esmf_fieldregridstorenx_()  /scratch2/NCEPDEV/stmp1/Gerhard.Theurich/ESMF-Nightly-Testing/intel_2022.3.0_intelmpi_O_fix_profile_summary_at_scale/esmf/src/Infrastructure/Field/src/ESMF_FieldRegrid.F90:971
 8 0x0000000000a41f7e esmf_fieldbundlemod_mp_esmf_fieldbundleregridstorepair_()  /scratch2/NCEPDEV/stmp1/Gerhard.Theurich/ESMF-Nightly-Testing/intel_2022.3.0_intelmpi_O_fix_profile_summary_at_scale/esmf/src/Infrastructure/FieldBundle/src/ESMF_FieldBundle.F90:16211
 9 0x000000000101cef0 nuopc_connector_mp_fieldbundlecplstore_()  /scratch2/NCEPDEV/stmp1/Gerhard.Theurich/ESMF-Nightly-Testing/intel_2022.3.0_intelmpi_O_fix_profile_summary_at_scale/esmf/src/addon/NUOPC/src/NUOPC_Connector.F90:7714
10 0x00000000010326e4 nuopc_connector_mp_initializeipdv05p6b_()  /scratch2/NCEPDEV/stmp1/Gerhard.Theurich/ESMF-Nightly-Testing/intel_2022.3.0_intelmpi_O_fix_profile_summary_at_scale/esmf/src/addon/NUOPC/src/NUOPC_Connector.F90:5386
11 0x0000000000481ec6 ESMCI::FTable::callVFuncPtr()  /scratch2/NCEPDEV/stmp1/Gerhard.Theurich/ESMF-Nightly-Testing/intel_2022.3.0_intelmpi_O_fix_profile_summary_at_scale/esmf/src/Superstructure/Component/src/ESMCI_FTable.C:2167
12 0x000000000048192c ESMCI_FTableCallEntryPointVMHop()  /scratch2/NCEPDEV/stmp1/Gerhard.Theurich/ESMF-Nightly-Testing/intel_2022.3.0_intelmpi_O_fix_profile_summary_at_scale/esmf/src/Superstructure/Component/src/ESMCI_FTable.C:824
13 0x000000000071a8a0 ESMCI::VMK::enter()  /scratch2/NCEPDEV/stmp1/Gerhard.Theurich/ESMF-Nightly-Testing/intel_2022.3.0_intelmpi_O_fix_profile_summary_at_scale/esmf/src/Infrastructure/VM/src/ESMCI_VMKernel.C:0
14 0x000000000070d978 ESMCI::VM::enter()  /scratch2/NCEPDEV/stmp1/Gerhard.Theurich/ESMF-Nightly-Testing/intel_2022.3.0_intelmpi_O_fix_profile_summary_at_scale/esmf/src/Infrastructure/VM/src/ESMCI_VM.C:1216
15 0x00000000004825c1 c_esmc_ftablecallentrypointvm_()  /scratch2/NCEPDEV/stmp1/Gerhard.Theurich/ESMF-Nightly-Testing/intel_2022.3.0_intelmpi_O_fix_profile_summary_at_scale/esmf/src/Superstructure/Component/src/ESMCI_FTable.C:981
16 0x00000000009a37d0 esmf_compmod_mp_esmf_compexecute_()  /scratch2/NCEPDEV/stmp1/Gerhard.Theurich/ESMF-Nightly-Testing/intel_2022.3.0_intelmpi_O_fix_profile_summary_at_scale/esmf/src/Superstructure/Component/src/ESMF_Comp.F90:1223
17 0x00000000009d01c1 esmf_cplcompmod_mp_esmf_cplcompinitialize_()  /scratch2/NCEPDEV/stmp1/Gerhard.Theurich/ESMF-Nightly-Testing/intel_2022.3.0_intelmpi_O_fix_profile_summary_at_scale/esmf/src/Superstructure/Component/src/ESMF_CplComp.F90:1165
18 0x00000000010911b5 nuopc_driver_mp_loopconnectorcompss_()  /scratch2/NCEPDEV/stmp1/Gerhard.Theurich/ESMF-Nightly-Testing/intel_2022.3.0_intelmpi_O_fix_profile_summary_at_scale/esmf/src/addon/NUOPC/src/NUOPC_Driver.F90:3023
19 0x00000000010b0b11 nuopc_driver_mp_initializeipdv02p3_()  /scratch2/NCEPDEV/stmp1/Gerhard.Theurich/ESMF-Nightly-Testing/intel_2022.3.0_intelmpi_O_fix_profile_summary_at_scale/esmf/src/addon/NUOPC/src/NUOPC_Driver.F90:2110
20 0x00000000010c3490 nuopc_driver_mp_initializegeneric_()  /scratch2/NCEPDEV/stmp1/Gerhard.Theurich/ESMF-Nightly-Testing/intel_2022.3.0_intelmpi_O_fix_profile_summary_at_scale/esmf/src/addon/NUOPC/src/NUOPC_Driver.F90:479
21 0x0000000000481ec6 ESMCI::FTable::callVFuncPtr()  /scratch2/NCEPDEV/stmp1/Gerhard.Theurich/ESMF-Nightly-Testing/intel_2022.3.0_intelmpi_O_fix_profile_summary_at_scale/esmf/src/Superstructure/Component/src/ESMCI_FTable.C:2167
22 0x000000000048192c ESMCI_FTableCallEntryPointVMHop()  /scratch2/NCEPDEV/stmp1/Gerhard.Theurich/ESMF-Nightly-Testing/intel_2022.3.0_intelmpi_O_fix_profile_summary_at_scale/esmf/src/Superstructure/Component/src/ESMCI_FTable.C:824
23 0x000000000071a8a0 ESMCI::VMK::enter()  /scratch2/NCEPDEV/stmp1/Gerhard.Theurich/ESMF-Nightly-Testing/intel_2022.3.0_intelmpi_O_fix_profile_summary_at_scale/esmf/src/Infrastructure/VM/src/ESMCI_VMKernel.C:0
24 0x000000000070d978 ESMCI::VM::enter()  /scratch2/NCEPDEV/stmp1/Gerhard.Theurich/ESMF-Nightly-Testing/intel_2022.3.0_intelmpi_O_fix_profile_summary_at_scale/esmf/src/Infrastructure/VM/src/ESMCI_VM.C:1216
25 0x00000000004825c1 c_esmc_ftablecallentrypointvm_()  /scratch2/NCEPDEV/stmp1/Gerhard.Theurich/ESMF-Nightly-Testing/intel_2022.3.0_intelmpi_O_fix_profile_summary_at_scale/esmf/src/Superstructure/Component/src/ESMCI_FTable.C:981
26 0x00000000009a37d0 esmf_compmod_mp_esmf_compexecute_()  /scratch2/NCEPDEV/stmp1/Gerhard.Theurich/ESMF-Nightly-Testing/intel_2022.3.0_intelmpi_O_fix_profile_summary_at_scale/esmf/src/Superstructure/Component/src/ESMF_Comp.F90:1223
27 0x0000000000ceb531 esmf_gridcompmod_mp_esmf_gridcompinitialize_()  /scratch2/NCEPDEV/stmp1/Gerhard.Theurich/ESMF-Nightly-Testing/intel_2022.3.0_intelmpi_O_fix_profile_summary_at_scale/esmf/src/Superstructure/Component/src/ESMF_GridComp.F90:1412
28 0x0000000000413279 MAIN__()  /scratch2/NCEPDEV/stmp1/Gerhard.Theurich/ESMF-Nightly-Testing/intel_2022.3.0_intelmpi_O_fix_profile_summary_at_scale/nuopc-app-prototypes/AtmOcnLogNoneProto/esmApp.F90:65
29 0x0000000000412e1d main()  ???:0
30 0x0000000000022555 __libc_start_main()  ???:0
31 0x0000000000412d36 _start()  ???:0
=================================
18 0x00000000010911b5 nuopc_driver_mp_loopconnectorcompss_()  /scratch2/NCEPDEV/stmp1/Gerhard.Theurich/ESMF-Nightly-Testing/intel_2022.3.0_intelmpi_O_fix_profile_summary_at_scale/esmf/src/addon/NUOPC/src/NUOPC_Driver.F90:3023
19 0x00000000010b0b11 nuopc_driver_mp_initializeipdv02p3_()  /scratch2/NCEPDEV/stmp1/Gerhard.Theurich/ESMF-Nightly-Testing/intel_2022.3.0_intelmpi_O_fix_profile_summary_at_scale/esmf/src/addon/NUOPC/src/NUOPC_Driver.F90:2110
20 0x00000000010c3490 nuopc_driver_mp_initializegeneric_()  /scratch2/NCEPDEV/stmp1/Gerhard.Theurich/ESMF-Nightly-Testing/intel_2022.3.0_intelmpi_O_fix_profile_summary_at_scale/esmf/src/addon/NUOPC/src/NUOPC_Driver.F90:479
21 0x0000000000481ec6 ESMCI::FTable::callVFuncPtr()  /scratch2/NCEPDEV/stmp1/Gerhard.Theurich/ESMF-Nightly-Testing/intel_2022.3.0_intelmpi_O_fix_profile_summary_at_scale/esmf/src/Superstructure/Component/src/ESMCI_FTable.C:2167
22 0x000000000048192c ESMCI_FTableCallEntryPointVMHop()  /scratch2/NCEPDEV/stmp1/Gerhard.Theurich/ESMF-Nightly-Testing/intel_2022.3.0_intelmpi_O_fix_profile_summary_at_scale/esmf/src/Superstructure/Component/src/ESMCI_FTable.C:824
23 0x000000000071a8a0 ESMCI::VMK::enter()  /scratch2/NCEPDEV/stmp1/Gerhard.Theurich/ESMF-Nightly-Testing/intel_2022.3.0_intelmpi_O_fix_profile_summary_at_scale/esmf/src/Infrastructure/VM/src/ESMCI_VMKernel.C:0
24 0x000000000070d978 ESMCI::VM::enter()  /scratch2/NCEPDEV/stmp1/Gerhard.Theurich/ESMF-Nightly-Testing/intel_2022.3.0_intelmpi_O_fix_profile_summary_at_scale/esmf/src/Infrastructure/VM/src/ESMCI_VM.C:1216
25 0x00000000004825c1 c_esmc_ftablecallentrypointvm_()  /scratch2/NCEPDEV/stmp1/Gerhard.Theurich/ESMF-Nightly-Testing/intel_2022.3.0_intelmpi_O_fix_profile_summary_at_scale/esmf/src/Superstructure/Component/src/ESMCI_FTable.C:981
26 0x00000000009a37d0 esmf_compmod_mp_esmf_compexecute_()  /scratch2/NCEPDEV/stmp1/Gerhard.Theurich/ESMF-Nightly-Testing/intel_2022.3.0_intelmpi_O_fix_profile_summary_at_scale/esmf/src/Superstructure/Component/src/ESMF_Comp.F90:1223
27 0x0000000000ceb531 esmf_gridcompmod_mp_esmf_gridcompinitialize_()  /scratch2/NCEPDEV/stmp1/Gerhard.Theurich/ESMF-Nightly-Testing/intel_2022.3.0_intelmpi_O_fix_profile_summary_at_scale/esmf/src/Superstructure/Component/src/ESMF_GridComp.F90:1412
28 0x0000000000413279 MAIN__()  /scratch2/NCEPDEV/stmp1/Gerhard.Theurich/ESMF-Nightly-Testing/intel_2022.3.0_intelmpi_O_fix_profile_summary_at_scale/nuopc-app-prototypes/AtmOcnLogNoneProto/esmApp.F90:65
29 0x0000000000412e1d main()  ???:0
30 0x0000000000022555 __libc_start_main()  ???:0
31 0x0000000000412d36 _start()  ???:0
=================================
forrtl: severe (174): SIGSEGV, segmentation fault occurred
Image              PC                Routine            Line        Source             
libpthread-2.17.s  00002B68EB697630  Unknown               Unknown  Unknown
libesmf.so         00002B68E777CD7E  _ZN5ESMCI6LogErr1     Unknown  Unknown
libesmf.so         00002B68E78A441B  c_esmc_meshcreate     Unknown  Unknown
libesmf.so         00002B68E8091042  esmf_meshmod_mp_e     Unknown  Unknown
libesmf.so         00002B68E7F371F6  esmf_gridutilmod_     Unknown  Unknown
libesmf.so         00002B68E7E0AD00  esmf_fieldregridm     Unknown  Unknown
libesmf.so         00002B68E7E0A7B3  esmf_fieldregridm     Unknown  Unknown
libesmf.so         00002B68E7E08A03  esmf_fieldregridm     Unknown  Unknown
libesmf.so         00002B68E7C8CF7E  esmf_fieldbundlem     Unknown  Unknown
libesmf.so         00002B68E8267EF0  nuopc_connector_m     Unknown  Unknown
libesmf.so         00002B68E827D6E4  nuopc_connector_m     Unknown  Unknown
libesmf.so         00002B68E76CCEC6  _ZN5ESMCI6FTable1     Unknown  Unknown
libesmf.so         00002B68E76CC92C  ESMCI_FTableCallE     Unknown  Unknown
libesmf.so         00002B68E79658A0  _ZN5ESMCI3VMK5ent     Unknown  Unknown
libesmf.so         00002B68E7958978  _ZN5ESMCI2VM5ente     Unknown  Unknown
libesmf.so         00002B68E76CD5C1  c_esmc_ftablecall     Unknown  Unknown
libesmf.so         00002B68E7BEE7D0  esmf_compmod_mp_e     Unknown  Unknown
libesmf.so         00002B68E7C1B1C1  esmf_cplcompmod_m     Unknown  Unknown
libesmf.so         00002B68E82DC1B5  nuopc_driver_mp_l     Unknown  Unknown
libesmf.so         00002B68E82FBB11  nuopc_driver_mp_i     Unknown  Unknown
libesmf.so         00002B68E830E490  nuopc_driver_mp_i     Unknown  Unknown
libesmf.so         00002B68E76CCEC6  _ZN5ESMCI6FTable1     Unknown  Unknown
libesmf.so         00002B68E76CC92C  ESMCI_FTableCallE     Unknown  Unknown
libesmf.so         00002B68E79658A0  _ZN5ESMCI3VMK5ent     Unknown  Unknown
libesmf.so         00002B68E7958978  _ZN5ESMCI2VM5ente     Unknown  Unknown
libesmf.so         00002B68E76CD5C1  c_esmc_ftablecall     Unknown  Unknown
libesmf.so         00002B68E7BEE7D0  esmf_compmod_mp_e     Unknown  Unknown
libesmf.so         00002B68E7F36531  esmf_gridcompmod_     Unknown  Unknown
esmApp             0000000000413279  Unknown               Unknown  Unknown
esmApp             0000000000412E1D  Unknown               Unknown  Unknown
libc-2.17.so       00002B68EC525555  __libc_start_main     Unknown  Unknown
esmApp             0000000000412D36  Unknown               Unknown  Unknown
forrtl: severe (174): SIGSEGV, segmentation fault occurred
Image              PC                Routine            Line        Source             
libpthread-2.17.s  00002B996D455630  Unknown               Unknown  Unknown
libesmf.so         00002B996953AD7E  _ZN5ESMCI6LogErr1     Unknown  Unknown
libesmf.so         00002B996966241B  c_esmc_meshcreate     Unknown  Unknown
libesmf.so         00002B9969E4F042  esmf_meshmod_mp_e     Unknown  Unknown
libesmf.so         00002B9969CF51F6  esmf_gridutilmod_     Unknown  Unknown
libesmf.so         00002B9969BC8D00  esmf_fieldregridm     Unknown  Unknown
libesmf.so         00002B9969BC87B3  esmf_fieldregridm     Unknown  Unknown
libesmf.so         00002B9969BC6A03  esmf_fieldregridm     Unknown  Unknown
libesmf.so         00002B9969A4AF7E  esmf_fieldbundlem     Unknown  Unknown
libesmf.so         00002B996A025EF0  nuopc_connector_m     Unknown  Unknown
libesmf.so         00002B996A03B6E4  nuopc_connector_m     Unknown  Unknown
libesmf.so         00002B996948AEC6  _ZN5ESMCI6FTable1     Unknown  Unknown
libesmf.so         00002B996948A92C  ESMCI_FTableCallE     Unknown  Unknown
libesmf.so         00002B99697238A0  _ZN5ESMCI3VMK5ent     Unknown  Unknown
libesmf.so         00002B9969716978  _ZN5ESMCI2VM5ente     Unknown  Unknown
libesmf.so         00002B996948B5C1  c_esmc_ftablecall     Unknown  Unknown
libesmf.so         00002B99699AC7D0  esmf_compmod_mp_e     Unknown  Unknown
libesmf.so         00002B99699D91C1  esmf_cplcompmod_m     Unknown  Unknown
libesmf.so         00002B996A09A1B5  nuopc_driver_mp_l     Unknown  Unknown
libesmf.so         00002B996A0B9B11  nuopc_driver_mp_i     Unknown  Unknown
libesmf.so         00002B996A0CC490  nuopc_driver_mp_i     Unknown  Unknown
libesmf.so         00002B996948AEC6  _ZN5ESMCI6FTable1     Unknown  Unknown
libesmf.so         00002B996948A92C  ESMCI_FTableCallE     Unknown  Unknown
libesmf.so         00002B99697238A0  _ZN5ESMCI3VMK5ent     Unknown  Unknown
libesmf.so         00002B9969716978  _ZN5ESMCI2VM5ente     Unknown  Unknown
libesmf.so         00002B996948B5C1  c_esmc_ftablecall     Unknown  Unknown
libesmf.so         00002B99699AC7D0  esmf_compmod_mp_e     Unknown  Unknown
libesmf.so         00002B9969CF4531  esmf_gridcompmod_     Unknown  Unknown
esmApp             0000000000413279  Unknown               Unknown  Unknown
esmApp             0000000000412E1D  Unknown               Unknown  Unknown
libc-2.17.so       00002B996E2E3555  __libc_start_main     Unknown  Unknown
esmApp             0000000000412D36  Unknown               Unknown  Unknown
forrtl: severe (174): SIGSEGV, segmentation fault occurred
Image              PC                Routine            Line        Source             
libpthread-2.17.s  00002AFDE2215630  Unknown               Unknown  Unknown
libesmf.so         00002AFDDE2FAD7E  _ZN5ESMCI6LogErr1     Unknown  Unknown
libesmf.so         00002AFDDE42241B  c_esmc_meshcreate     Unknown  Unknown
libesmf.so         00002AFDDEC0F042  esmf_meshmod_mp_e     Unknown  Unknown
libesmf.so         00002AFDDEAB51F6  esmf_gridutilmod_     Unknown  Unknown
libesmf.so         00002AFDDE988D00  esmf_fieldregridm     Unknown  Unknown
libesmf.so         00002AFDDE9887B3  esmf_fieldregridm     Unknown  Unknown
libesmf.so         00002AFDDE986A03  esmf_fieldregridm     Unknown  Unknown
libesmf.so         00002AFDDE80AF7E  esmf_fieldbundlem     Unknown  Unknown
libesmf.so         00002AFDDEDE5EF0  nuopc_connector_m     Unknown  Unknown
libesmf.so         00002AFDDEDFB6E4  nuopc_connector_m     Unknown  Unknown
libesmf.so         00002AFDDE24AEC6  _ZN5ESMCI6FTable1     Unknown  Unknown
libesmf.so         00002AFDDE24A92C  ESMCI_FTableCallE     Unknown  Unknown
libesmf.so         00002AFDDE4E38A0  _ZN5ESMCI3VMK5ent     Unknown  Unknown
libesmf.so         00002AFDDE4D6978  _ZN5ESMCI2VM5ente     Unknown  Unknown
libesmf.so         00002AFDDE24B5C1  c_esmc_ftablecall     Unknown  Unknown
libesmf.so         00002AFDDE76C7D0  esmf_compmod_mp_e     Unknown  Unknown
libesmf.so         00002AFDDE7991C1  esmf_cplcompmod_m     Unknown  Unknown
libesmf.so         00002AFDDEE5A1B5  nuopc_driver_mp_l     Unknown  Unknown
libesmf.so         00002AFDDEE79B11  nuopc_driver_mp_i     Unknown  Unknown
libesmf.so         00002AFDDEE8C490  nuopc_driver_mp_i     Unknown  Unknown
libesmf.so         00002AFDDE24AEC6  _ZN5ESMCI6FTable1     Unknown  Unknown
libesmf.so         00002AFDDE24A92C  ESMCI_FTableCallE     Unknown  Unknown
libesmf.so         00002AFDDE4E38A0  _ZN5ESMCI3VMK5ent     Unknown  Unknown
libesmf.so         00002AFDDE4D6978  _ZN5ESMCI2VM5ente     Unknown  Unknown
libesmf.so         00002AFDDE24B5C1  c_esmc_ftablecall     Unknown  Unknown
libesmf.so         00002AFDDE76C7D0  esmf_compmod_mp_e     Unknown  Unknown
libesmf.so         00002AFDDEAB4531  esmf_gridcompmod_     Unknown  Unknown
esmApp             0000000000413279  Unknown               Unknown  Unknown
esmApp             0000000000412E1D  Unknown               Unknown  Unknown
libc-2.17.so       00002AFDE30A3555  __libc_start_main     Unknown  Unknown
esmApp             0000000000412D36  Unknown               Unknown  Unknown
forrtl: severe (174): SIGSEGV, segmentation fault occurred
Image              PC                Routine            Line        Source             
libpthread-2.17.s  00002BA36B3F3630  Unknown               Unknown  Unknown
libesmf.so         00002BA3674D8D7E  _ZN5ESMCI6LogErr1     Unknown  Unknown
libesmf.so         00002BA36760041B  c_esmc_meshcreate     Unknown  Unknown
libesmf.so         00002BA367DED042  esmf_meshmod_mp_e     Unknown  Unknown
libesmf.so         00002BA367C931F6  esmf_gridutilmod_     Unknown  Unknown
libesmf.so         00002BA367B66D00  esmf_fieldregridm     Unknown  Unknown
libesmf.so         00002BA367B667B3  esmf_fieldregridm     Unknown  Unknown
libesmf.so         00002BA367B64A03  esmf_fieldregridm     Unknown  Unknown
libesmf.so         00002BA3679E8F7E  esmf_fieldbundlem     Unknown  Unknown
libesmf.so         00002BA367FC3EF0  nuopc_connector_m     Unknown  Unknown
libesmf.so         00002BA367FD96E4  nuopc_connector_m     Unknown  Unknown
libesmf.so         00002BA367428EC6  _ZN5ESMCI6FTable1     Unknown  Unknown
libesmf.so         00002BA36742892C  ESMCI_FTableCallE     Unknown  Unknown
libesmf.so         00002BA3676C18A0  _ZN5ESMCI3VMK5ent     Unknown  Unknown
libesmf.so         00002BA3676B4978  _ZN5ESMCI2VM5ente     Unknown  Unknown
libesmf.so         00002BA3674295C1  c_esmc_ftablecall     Unknown  Unknown
libesmf.so         00002BA36794A7D0  esmf_compmod_mp_e     Unknown  Unknown
libesmf.so         00002BA3679771C1  esmf_cplcompmod_m     Unknown  Unknown
libesmf.so         00002BA3680381B5  nuopc_driver_mp_l     Unknown  Unknown
libesmf.so         00002BA368057B11  nuopc_driver_mp_i     Unknown  Unknown
libesmf.so         00002BA36806A490  nuopc_driver_mp_i     Unknown  Unknown
libesmf.so         00002BA367428EC6  _ZN5ESMCI6FTable1     Unknown  Unknown
libesmf.so         00002BA36742892C  ESMCI_FTableCallE     Unknown  Unknown
libesmf.so         00002BA3676C18A0  _ZN5ESMCI3VMK5ent     Unknown  Unknown
libesmf.so         00002BA3676B4978  _ZN5ESMCI2VM5ente     Unknown  Unknown
libesmf.so         00002BA3674295C1  c_esmc_ftablecall     Unknown  Unknown
libesmf.so         00002BA36794A7D0  esmf_compmod_mp_e     Unknown  Unknown
libesmf.so         00002BA367C92531  esmf_gridcompmod_     Unknown  Unknown
esmApp             0000000000413279  Unknown               Unknown  Unknown
esmApp             0000000000412E1D  Unknown               Unknown  Unknown
libc-2.17.so       00002BA36C281555  __libc_start_main     Unknown  Unknown
esmApp             0000000000412D36  Unknown               Unknown  Unknown
srun: error: h4c53: tasks 0-3: Exited with exit code 174
srun: launch/slurm: _step_signal: Terminating StepId=44951538.350
