2023-05-15 07:45:11
[h4c53:125564:0:125564] Caught signal 11 (Segmentation fault: address not mapped to object at address 0x4f1b591)
[h4c53:125565:0:125565] Caught signal 11 (Segmentation fault: address not mapped to object at address 0x4f1b591)
[h4c53:125566:0:125566] Caught signal 11 (Segmentation fault: address not mapped to object at address 0x4f1b591)
[h4c53:125567:0:125567] Caught signal 11 (Segmentation fault: address not mapped to object at address 0x4f1b591)
==== backtrace (tid: 125564) ====
 0 0x000000000004d455 ucs_debug_print_backtrace()  ???:0
 1 0x0000000000531d7e ESMCI::LogErr::MsgFoundError()  /scratch2/NCEPDEV/stmp1/Gerhard.Theurich/ESMF-Nightly-Testing/intel_2022.3.0_intelmpi_O_fix_profile_summary_at_scale/esmf/src/Infrastructure/LogErr/src/ESMCI_LogErr.C:586
 2 0x000000000065941b c_esmc_meshcreatenodedistgrid_()  /scratch2/NCEPDEV/stmp1/Gerhard.Theurich/ESMF-Nightly-Testing/intel_2022.3.0_intelmpi_O_fix_profile_summary_at_scale/esmf/src/Infrastructure/Mesh/interface/ESMCI_Mesh_F.C:248
 3 0x0000000000e46042 esmf_meshmod_mp_esmf_meshcreatefrompointer_()  /scratch2/NCEPDEV/stmp1/Gerhard.Theurich/ESMF-Nightly-Testing/intel_2022.3.0_intelmpi_O_fix_profile_summary_at_scale/esmf/src/Infrastructure/Mesh/interface/ESMF_Mesh.F90:3091
 4 0x0000000000cec1f6 esmf_gridutilmod_mp_esmf_gridtomesh_()  /scratch2/NCEPDEV/stmp1/Gerhard.Theurich/ESMF-Nightly-Testing/intel_2022.3.0_intelmpi_O_fix_profile_summary_at_scale/esmf/src/Infrastructure/GridUtil/interface/ESMF_GridUtil.F90:453
 5 0x0000000000bbfd00 esmf_fieldregridmod_mp_b_or_p_gridtomesh_()  /scratch2/NCEPDEV/stmp1/Gerhard.Theurich/ESMF-Nightly-Testing/intel_2022.3.0_intelmpi_O_fix_profile_summary_at_scale/esmf/src/Infrastructure/Field/src/ESMF_FieldRegrid.F90:3228
 6 0x0000000000bbf7b3 esmf_fieldregridmod_mp_getmeshwithnodesonfieldloc_()  /scratch2/NCEPDEV/stmp1/Gerhard.Theurich/ESMF-Nightly-Testing/intel_2022.3.0_intelmpi_O_fix_profile_summary_at_scale/esmf/src/Infrastructure/Field/src/ESMF_FieldRegrid.F90:1346
 7 0x0000000000bbda03 esmf_fieldregridmod_mp_esmf_fieldregridstorenx_()  /scratch2/NCEPDEV/stmp1/Gerhard.Theurich/ESMF-Nightly-Testing/intel_2022.3.0_intelmpi_O_fix_profile_summary_at_scale/esmf/src/Infrastructure/Field/src/ESMF_FieldRegrid.F90:971
 8 0x0000000000a41f7e esmf_fieldbundlemod_mp_esmf_fieldbundleregridstorepair_()  /scratch2/NCEPDEV/stmp1/Gerhard.Theurich/ESMF-Nightly-Testing/intel_2022.3.0_intelmpi_O_fix_profile_summary_at_scale/esmf/src/Infrastructure/FieldBundle/src/ESMF_FieldBundle.F90:16211
 9 0x000000000101cef0 nuopc_connector_mp_fieldbundlecplstore_()  /scratch2/NCEPDEV/stmp1/Gerhard.Theurich/ESMF-Nightly-Testing/intel_2022.3.0_intelmpi_O_fix_profile_summary_at_scale/esmf/src/addon/NUOPC/src/NUOPC_Connector.F90:7714
10 0x00000000010326e4 nuopc_connector_mp_initializeipdv05p6b_()  /scratch2/NCEPDEV/stmp1/Gerhard.Theurich/ESMF-Nightly-Testing/intel_2022.3.0_intelmpi_O_fix_profile_summary_at_scale/esmf/src/addon/NUOPC/src/NUOPC_Connector.F90:5386
11 0x0000000000481ec6 ESMCI::FTable::callVFuncPtr()  /scratch2/NCEPDEV/stmp1/Gerhard.Theurich/ESMF-Nightly-Testing/intel_2022.3.0_intelmpi_O_fix_profile_summary_at_scale/esmf/src/Superstructure/Component/src/ESMCI_FTable.C:2167
12 0x000000000048192c ESMCI_FTableCallEntryPointVMHop()  /scratch2/NCEPDEV/stmp1/Gerhard.Theurich/ESMF-Nightly-Testing/intel_2022.3.0_intelmpi_O_fix_profile_summary_at_scale/esmf/src/Superstructure/Component/src/ESMCI_FTable.C:824
13 0x000000000071a8a0 ESMCI::VMK::enter()  /scratch2/NCEPDEV/stmp1/Gerhard.Theurich/ESMF-Nightly-Testing/intel_2022.3.0_intelmpi_O_fix_profile_summary_at_scale/esmf/src/Infrastructure/VM/src/ESMCI_VMKernel.C:0
14 0x000000000070d978 ESMCI::VM::enter()  /scratch2/NCEPDEV/stmp1/Gerhard.Theurich/ESMF-Nightly-Testing/intel_2022.3.0_intelmpi_O_fix_profile_summary_at_scale/esmf/src/Infrastructure/VM/src/ESMCI_VM.C:1216
15 0x00000000004825c1 c_esmc_ftablecallentrypointvm_()  /scratch2/NCEPDEV/stmp1/Gerhard.Theurich/ESMF-Nightly-Testing/intel_2022.3.0_intelmpi_O_fix_profile_summary_at_scale/esmf/src/Superstructure/Component/src/ESMCI_FTable.C:981
16 0x00000000009a37d0 esmf_compmod_mp_esmf_compexecute_()  /scratch2/NCEPDEV/stmp1/Gerhard.Theurich/ESMF-Nightly-Testing/intel_2022.3.0_intelmpi_O_fix_profile_summary_at_scale/esmf/src/Superstructure/Component/src/ESMF_Comp.F90:1223
17 0x00000000009d01c1 esmf_cplcompmod_mp_esmf_cplcompinitialize_()  /scratch2/NCEPDEV/stmp1/Gerhard.Theurich/ESMF-Nightly-Testing/intel_2022.3.0_intelmpi_O_fix_profile_summary_at_scale/esmf/src/Superstructure/Component/src/ESMF_CplComp.F90:1165
18 0x00000000010911b5 nuopc_driver_mp_loopconnectorcompss_()  /scratch2/NCEPDEV/stmp1/Gerhard.Theurich/ESMF-Nightly-Testing/intel_2022.3.0_intelmpi_O_fix_profile_summary_at_scale/esmf/src/addon/NUOPC/src/NUOPC_Driver.F90:3023
19 0x00000000010b0b11 nuopc_driver_mp_initializeipdv02p3_()  /scratch2/NCEPDEV/stmp1/Gerhard.Theurich/ESMF-Nightly-Testing/intel_2022.3.0_intelmpi_O_fix_profile_summary_at_scale/esmf/src/addon/NUOPC/src/NUOPC_Driver.F90:2110
20 0x00000000010c3490 nuopc_driver_mp_initializegeneric_()  /scratch2/NCEPDEV/stmp1/Gerhard.Theurich/ESMF-Nightly-Testing/intel_2022.3.0_intelmpi_O_fix_profile_summary_at_scale/esmf/src/addon/NUOPC/src/NUOPC_Driver.F90:479
21 0x0000000000481ec6 ESMCI::FTable::callVFuncPtr()  /scratch2/NCEPDEV/stmp1/Gerhard.Theurich/ESMF-Nightly-Testing/intel_2022.3.0_intelmpi_O_fix_profile_summary_at_scale/esmf/src/Superstructure/Component/src/ESMCI_FTable.C:2167
22 0x000000000048192c ESMCI_FTableCallEntryPointVMHop()  /scratch2/NCEPDEV/stmp1/Gerhard.Theurich/ESMF-Nightly-Testing/intel_2022.3.0_intelmpi_O_fix_profile_summary_at_scale/esmf/src/Superstructure/Component/src/ESMCI_FTable.C:824
23 0x000000000071a8a0 ESMCI::VMK::enter()  /scratch2/NCEPDEV/stmp1/Gerhard.Theurich/ESMF-Nightly-Testing/intel_2022.3.0_intelmpi_O_fix_profile_summary_at_scale/esmf/src/Infrastructure/VM/src/ESMCI_VMKernel.C:0
24 0x000000000070d978 ESMCI::VM::enter()  /scratch2/NCEPDEV/stmp1/Gerhard.Theurich/ESMF-Nightly-Testing/intel_2022.3.0_intelmpi_O_fix_profile_summary_at_scale/esmf/src/Infrastructure/VM/src/ESMCI_VM.C:1216
25 0x00000000004825c1 c_esmc_ftablecallentrypointvm_()  /scratch2/NCEPDEV/stmp1/Gerhard.Theurich/ESMF-Nightly-Testing/intel_2022.3.0_intelmpi_O_fix_profile_summary_at_scale/esmf/src/Superstructure/Component/src/ESMCI_FTable.C:981
26 0x00000000009a37d0 esmf_compmod_mp_esmf_compexecute_()  /scratch2/NCEPDEV/stmp1/Gerhard.Theurich/ESMF-Nightly-Testing/intel_2022.3.0_intelmpi_O_fix_profile_summary_at_scale/esmf/src/Superstructure/Component/src/ESMF_Comp.F90:1223
27 0x0000000000ceb531 esmf_gridcompmod_mp_esmf_gridcompinitialize_()  /scratch2/NCEPDEV/stmp1/Gerhard.Theurich/ESMF-Nightly-Testing/intel_2022.3.0_intelmpi_O_fix_profile_summary_at_scale/esmf/src/Superstructure/Component/src/ESMF_GridComp.F90:1412
28 0x0000000000413486 MAIN__()  /scratch2/NCEPDEV/stmp1/Gerhard.Theurich/ESMF-Nightly-Testing/intel_2022.3.0_intelmpi_O_fix_profile_summary_at_scale/nuopc-app-prototypes/AtmOcnSimpleImplicitProto/esmApp.F90:58
29 0x000000000041309d main()  ???:0
30 0x0000000000022555 __libc_start_main()  ???:0
31 0x0000000000412fb6 _start()  ???:0
=================================
==== backtrace (tid: 125566) ====
 0 0x000000000004d455 ucs_debug_print_backtrace()  ???:0
 1 0x0000000000531d7e ESMCI::LogErr::MsgFoundError()  /scratch2/NCEPDEV/stmp1/Gerhard.Theurich/ESMF-Nightly-Testing/intel_2022.3.0_intelmpi_O_fix_profile_summary_at_scale/esmf/src/Infrastructure/LogErr/src/ESMCI_LogErr.C:586
 2 0x000000000065941b c_esmc_meshcreatenodedistgrid_()  /scratch2/NCEPDEV/stmp1/Gerhard.Theurich/ESMF-Nightly-Testing/intel_2022.3.0_intelmpi_O_fix_profile_summary_at_scale/esmf/src/Infrastructure/Mesh/interface/ESMCI_Mesh_F.C:248
 3 0x0000000000e46042 esmf_meshmod_mp_esmf_meshcreatefrompointer_()  /scratch2/NCEPDEV/stmp1/Gerhard.Theurich/ESMF-Nightly-Testing/intel_2022.3.0_intelmpi_O_fix_profile_summary_at_scale/esmf/src/Infrastructure/Mesh/interface/ESMF_Mesh.F90:3091
 4 0x0000000000cec1f6 esmf_gridutilmod_mp_esmf_gridtomesh_()  /scratch2/NCEPDEV/stmp1/Gerhard.Theurich/ESMF-Nightly-Testing/intel_2022.3.0_intelmpi_O_fix_profile_summary_at_scale/esmf/src/Infrastructure/GridUtil/interface/ESMF_GridUtil.F90:453
 5 0x0000000000bbfd00 esmf_fieldregridmod_mp_b_or_p_gridtomesh_()  /scratch2/NCEPDEV/stmp1/Gerhard.Theurich/ESMF-Nightly-Testing/intel_2022.3.0_intelmpi_O_fix_profile_summary_at_scale/esmf/src/Infrastructure/Field/src/ESMF_FieldRegrid.F90:3228
 6 0x0000000000bbf7b3 esmf_fieldregridmod_mp_getmeshwithnodesonfieldloc_()  /scratch2/NCEPDEV/stmp1/Gerhard.Theurich/ESMF-Nightly-Testing/intel_2022.3.0_intelmpi_O_fix_profile_summary_at_scale/esmf/src/Infrastructure/Field/src/ESMF_FieldRegrid.F90:1346
 7 0x0000000000bbda03 esmf_fieldregridmod_mp_esmf_fieldregridstorenx_()  /scratch2/NCEPDEV/stmp1/Gerhard.Theurich/ESMF-Nightly-Testing/intel_2022.3.0_intelmpi_O_fix_profile_summary_at_scale/esmf/src/Infrastructure/Field/src/ESMF_FieldRegrid.F90:971
 8 0x0000000000a41f7e esmf_fieldbundlemod_mp_esmf_fieldbundleregridstorepair_()  /scratch2/NCEPDEV/stmp1/Gerhard.Theurich/ESMF-Nightly-Testing/intel_2022.3.0_intelmpi_O_fix_profile_summary_at_scale/esmf/src/Infrastructure/FieldBundle/src/ESMF_FieldBundle.F90:16211
 9 0x000000000101cef0 nuopc_connector_mp_fieldbundlecplstore_()  /scratch2/NCEPDEV/stmp1/Gerhard.Theurich/ESMF-Nightly-Testing/intel_2022.3.0_intelmpi_O_fix_profile_summary_at_scale/esmf/src/addon/NUOPC/src/NUOPC_Connector.F90:7714
10 0x00000000010326e4 nuopc_connector_mp_initializeipdv05p6b_()  /scratch2/NCEPDEV/stmp1/Gerhard.Theurich/ESMF-Nightly-Testing/intel_2022.3.0_intelmpi_O_fix_profile_summary_at_scale/esmf/src/addon/NUOPC/src/NUOPC_Connector.F90:5386
11 0x0000000000481ec6 ESMCI::FTable::callVFuncPtr()  /scratch2/NCEPDEV/stmp1/Gerhard.Theurich/ESMF-Nightly-Testing/intel_2022.3.0_intelmpi_O_fix_profile_summary_at_scale/esmf/src/Superstructure/Component/src/ESMCI_FTable.C:2167
12 0x000000000048192c ESMCI_FTableCallEntryPointVMHop()  /scratch2/NCEPDEV/stmp1/Gerhard.Theurich/ESMF-Nightly-Testing/intel_2022.3.0_intelmpi_O_fix_profile_summary_at_scale/esmf/src/Superstructure/Component/src/ESMCI_FTable.C:824
13 0x000000000071a8a0 ESMCI::VMK::enter()  /scratch2/NCEPDEV/stmp1/Gerhard.Theurich/ESMF-Nightly-Testing/intel_2022.3.0_intelmpi_O_fix_profile_summary_at_scale/esmf/src/Infrastructure/VM/src/ESMCI_VMKernel.C:0
14 0x000000000070d978 ESMCI::VM::enter()  /scratch2/NCEPDEV/stmp1/Gerhard.Theurich/ESMF-Nightly-Testing/intel_2022.3.0_intelmpi_O_fix_profile_summary_at_scale/esmf/src/Infrastructure/VM/src/ESMCI_VM.C:1216
15 0x00000000004825c1 c_esmc_ftablecallentrypointvm_()  /scratch2/NCEPDEV/stmp1/Gerhard.Theurich/ESMF-Nightly-Testing/intel_2022.3.0_intelmpi_O_fix_profile_summary_at_scale/esmf/src/Superstructure/Component/src/ESMCI_FTable.C:981
16 0x00000000009a37d0 esmf_compmod_mp_esmf_compexecute_()  /scratch2/NCEPDEV/stmp1/Gerhard.Theurich/ESMF-Nightly-Testing/intel_2022.3.0_intelmpi_O_fix_profile_summary_at_scale/esmf/src/Superstructure/Component/src/ESMF_Comp.F90:1223
17 0x00000000009d01c1 esmf_cplcompmod_mp_esmf_cplcompinitialize_()  /scratch2/NCEPDEV/stmp1/Gerhard.Theurich/ESMF-Nightly-Testing/intel_2022.3.0_intelmpi_O_fix_profile_summary_at_scale/esmf/src/Superstructure/Component/src/ESMF_CplComp.F90:1165
18 0x00000000010911b5 nuopc_driver_mp_loopconnectorcompss_()  /scratch2/NCEPDEV/stmp1/Gerhard.Theurich/ESMF-Nightly-Testing/intel_2022.3.0_intelmpi_O_fix_profile_summary_at_scale/esmf/src/addon/NUOPC/src/NUOPC_Driver.F90:3023
19 0x00000000010b0b11 nuopc_driver_mp_initializeipdv02p3_()  /scratch2/NCEPDEV/stmp1/Gerhard.Theurich/ESMF-Nightly-Testing/intel_2022.3.0_intelmpi_O_fix_profile_summary_at_scale/esmf/src/addon/NUOPC/src/NUOPC_Driver.F90:2110
20 0x00000000010c3490 nuopc_driver_mp_initializegeneric_()  /scratch2/NCEPDEV/stmp1/Gerhard.Theurich/ESMF-Nightly-Testing/intel_2022.3.0_intelmpi_O_fix_profile_summary_at_scale/esmf/src/addon/NUOPC/src/NUOPC_Driver.F90:479
21 0x0000000000481ec6 ESMCI::FTable::callVFuncPtr()  /scratch2/NCEPDEV/stmp1/Gerhard.Theurich/ESMF-Nightly-Testing/intel_2022.3.0_intelmpi_O_fix_profile_summary_at_scale/esmf/src/Superstructure/Component/src/ESMCI_FTable.C:2167
22 0x000000000048192c ESMCI_FTableCallEntryPointVMHop()  /scratch2/NCEPDEV/stmp1/Gerhard.Theurich/ESMF-Nightly-Testing/intel_2022.3.0_intelmpi_O_fix_profile_summary_at_scale/esmf/src/Superstructure/Component/src/ESMCI_FTable.C:824
23 0x000000000071a8a0 ESMCI::VMK::enter()  /scratch2/NCEPDEV/stmp1/Gerhard.Theurich/ESMF-Nightly-Testing/intel_2022.3.0_intelmpi_O_fix_profile_summary_at_scale/esmf/src/Infrastructure/VM/src/ESMCI_VMKernel.C:0
24 0x000000000070d978 ESMCI::VM::enter()  /scratch2/NCEPDEV/stmp1/Gerhard.Theurich/ESMF-Nightly-Testing/intel_2022.3.0_intelmpi_O_fix_profile_summary_at_scale/esmf/src/Infrastructure/VM/src/ESMCI_VM.C:1216
25 0x00000000004825c1 c_esmc_ftablecallentrypointvm_()  /scratch2/NCEPDEV/stmp1/Gerhard.Theurich/ESMF-Nightly-Testing/intel_2022.3.0_intelmpi_O_fix_profile_summary_at_scale/esmf/src/Superstructure/Component/src/ESMCI_FTable.C:981
26 0x00000000009a37d0 esmf_compmod_mp_esmf_compexecute_()  /scratch2/NCEPDEV/stmp1/Gerhard.Theurich/ESMF-Nightly-Testing/intel_2022.3.0_intelmpi_O_fix_profile_summary_at_scale/esmf/src/Superstructure/Component/src/ESMF_Comp.F90:1223
27 0x0000000000ceb531 esmf_gridcompmod_mp_esmf_gridcompinitialize_()  /scratch2/NCEPDEV/stmp1/Gerhard.Theurich/ESMF-Nightly-Testing/intel_2022.3.0_intelmpi_O_fix_profile_summary_at_scale/esmf/src/Superstructure/Component/src/ESMF_GridComp.F90:1412
28 0x0000000000413486 MAIN__()  /scratch2/NCEPDEV/stmp1/Gerhard.Theurich/ESMF-Nightly-Testing/intel_2022.3.0_intelmpi_O_fix_profile_summary_at_scale/nuopc-app-prototypes/AtmOcnSimpleImplicitProto/esmApp.F90:58
29 0x000000000041309d main()  ???:0
30 0x0000000000022555 __libc_start_main()  ???:0
31 0x0000000000412fb6 _start()  ???:0
=================================
==== backtrace (tid: 125565) ====
 0 0x000000000004d455 ucs_debug_print_backtrace()  ???:0
 1 0x0000000000531d7e ESMCI::LogErr::MsgFoundError()  /scratch2/NCEPDEV/stmp1/Gerhard.Theurich/ESMF-Nightly-Testing/intel_2022.3.0_intelmpi_O_fix_profile_summary_at_scale/esmf/src/Infrastructure/LogErr/src/ESMCI_LogErr.C:586
 2 0x000000000065941b c_esmc_meshcreatenodedistgrid_()  /scratch2/NCEPDEV/stmp1/Gerhard.Theurich/ESMF-Nightly-Testing/intel_2022.3.0_intelmpi_O_fix_profile_summary_at_scale/esmf/src/Infrastructure/Mesh/interface/ESMCI_Mesh_F.C:248
 3 0x0000000000e46042 esmf_meshmod_mp_esmf_meshcreatefrompointer_()  /scratch2/NCEPDEV/stmp1/Gerhard.Theurich/ESMF-Nightly-Testing/intel_2022.3.0_intelmpi_O_fix_profile_summary_at_scale/esmf/src/Infrastructure/Mesh/interface/ESMF_Mesh.F90:3091
 4 0x0000000000cec1f6 esmf_gridutilmod_mp_esmf_gridtomesh_()  /scratch2/NCEPDEV/stmp1/Gerhard.Theurich/ESMF-Nightly-Testing/intel_2022.3.0_intelmpi_O_fix_profile_summary_at_scale/esmf/src/Infrastructure/GridUtil/interface/ESMF_GridUtil.F90:453
 5 0x0000000000bbfd00 esmf_fieldregridmod_mp_b_or_p_gridtomesh_()  /scratch2/NCEPDEV/stmp1/Gerhard.Theurich/ESMF-Nightly-Testing/intel_2022.3.0_intelmpi_O_fix_profile_summary_at_scale/esmf/src/Infrastructure/Field/src/ESMF_FieldRegrid.F90:3228
 6 0x0000000000bbf7b3 esmf_fieldregridmod_mp_getmeshwithnodesonfieldloc_()  /scratch2/NCEPDEV/stmp1/Gerhard.Theurich/ESMF-Nightly-Testing/intel_2022.3.0_intelmpi_O_fix_profile_summary_at_scale/esmf/src/Infrastructure/Field/src/ESMF_FieldRegrid.F90:1346
 7 0x0000000000bbda03 esmf_fieldregridmod_mp_esmf_fieldregridstorenx_()  /scratch2/NCEPDEV/stmp1/Gerhard.Theurich/ESMF-Nightly-Testing/intel_2022.3.0_intelmpi_O_fix_profile_summary_at_scale/esmf/src/Infrastructure/Field/src/ESMF_FieldRegrid.F90:971
 8 0x0000000000a41f7e esmf_fieldbundlemod_mp_esmf_fieldbundleregridstorepair_()  /scratch2/NCEPDEV/stmp1/Gerhard.Theurich/ESMF-Nightly-Testing/intel_2022.3.0_intelmpi_O_fix_profile_summary_at_scale/esmf/src/Infrastructure/FieldBundle/src/ESMF_FieldBundle.F90:16211
 9 0x000000000101cef0 nuopc_connector_mp_fieldbundlecplstore_()  /scratch2/NCEPDEV/stmp1/Gerhard.Theurich/ESMF-Nightly-Testing/intel_2022.3.0_intelmpi_O_fix_profile_summary_at_scale/esmf/src/addon/NUOPC/src/NUOPC_Connector.F90:7714
10 0x00000000010326e4 nuopc_connector_mp_initializeipdv05p6b_()  /scratch2/NCEPDEV/stmp1/Gerhard.Theurich/ESMF-Nightly-Testing/intel_2022.3.0_intelmpi_O_fix_profile_summary_at_scale/esmf/src/addon/NUOPC/src/NUOPC_Connector.F90:5386
11 0x0000000000481ec6 ESMCI::FTable::callVFuncPtr()  /scratch2/NCEPDEV/stmp1/Gerhard.Theurich/ESMF-Nightly-Testing/intel_2022.3.0_intelmpi_O_fix_profile_summary_at_scale/esmf/src/Superstructure/Component/src/ESMCI_FTable.C:2167
12 0x000000000048192c ESMCI_FTableCallEntryPointVMHop()  /scratch2/NCEPDEV/stmp1/Gerhard.Theurich/ESMF-Nightly-Testing/intel_2022.3.0_intelmpi_O_fix_profile_summary_at_scale/esmf/src/Superstructure/Component/src/ESMCI_FTable.C:824
13 0x000000000071a8a0 ESMCI::VMK::enter()  /scratch2/NCEPDEV/stmp1/Gerhard.Theurich/ESMF-Nightly-Testing/intel_2022.3.0_intelmpi_O_fix_profile_summary_at_scale/esmf/src/Infrastructure/VM/src/ESMCI_VMKernel.C:0
14 0x000000000070d978 ESMCI::VM::enter()  /scratch2/NCEPDEV/stmp1/Gerhard.Theurich/ESMF-Nightly-Testing/intel_2022.3.0_intelmpi_O_fix_profile_summary_at_scale/esmf/src/Infrastructure/VM/src/ESMCI_VM.C:1216
15 0x00000000004825c1 c_esmc_ftablecallentrypointvm_()  /scratch2/NCEPDEV/stmp1/Gerhard.Theurich/ESMF-Nightly-Testing/intel_2022.3.0_intelmpi_O_fix_profile_summary_at_scale/esmf/src/Superstructure/Component/src/ESMCI_FTable.C:981
16 0x00000000009a37d0 esmf_compmod_mp_esmf_compexecute_()  /scratch2/NCEPDEV/stmp1/Gerhard.Theurich/ESMF-Nightly-Testing/intel_2022.3.0_intelmpi_O_fix_profile_summary_at_scale/esmf/src/Superstructure/Component/src/ESMF_Comp.F90:1223
17 0x00000000009d01c1 esmf_cplcompmod_mp_esmf_cplcompinitialize_()  /scratch2/NCEPDEV/stmp1/Gerhard.Theurich/ESMF-Nightly-Testing/intel_2022.3.0_intelmpi_O_fix_profile_summary_at_scale/esmf/src/Superstructure/Component/src/ESMF_CplComp.F90:1165
18 0x00000000010911b5 nuopc_driver_mp_loopconnectorcompss_()  /scratch2/NCEPDEV/stmp1/Gerhard.Theurich/ESMF-Nightly-Testing/intel_2022.3.0_intelmpi_O_fix_profile_summary_at_scale/esmf/src/addon/NUOPC/src/NUOPC_Driver.F90:3023
19 0x00000000010b0b11 nuopc_driver_mp_initializeipdv02p3_()  /scratch2/NCEPDEV/stmp1/Gerhard.Theurich/ESMF-Nightly-Testing/intel_2022.3.0_intelmpi_O_fix_profile_summary_at_scale/esmf/src/addon/NUOPC/src/NUOPC_Driver.F90:2110
20 0x00000000010c3490 nuopc_driver_mp_initializegeneric_()  /scratch2/NCEPDEV/stmp1/Gerhard.Theurich/ESMF-Nightly-Testing/intel_2022.3.0_intelmpi_O_fix_profile_summary_at_scale/esmf/src/addon/NUOPC/src/NUOPC_Driver.F90:479
21 0x0000000000481ec6 ESMCI::FTable::callVFuncPtr()  /scratch2/NCEPDEV/stmp1/Gerhard.Theurich/ESMF-Nightly-Testing/intel_2022.3.0_intelmpi_O_fix_profile_summary_at_scale/esmf/src/Superstructure/Component/src/ESMCI_FTable.C:2167
22 0x000000000048192c ESMCI_FTableCallEntryPointVMHop()  /scratch2/NCEPDEV/stmp1/Gerhard.Theurich/ESMF-Nightly-Testing/intel_2022.3.0_intelmpi_O_fix_profile_summary_at_scale/esmf/src/Superstructure/Component/src/ESMCI_FTable.C:824
23 0x000000000071a8a0 ESMCI::VMK::enter()  /scratch2/NCEPDEV/stmp1/Gerhard.Theurich/ESMF-Nightly-Testing/intel_2022.3.0_intelmpi_O_fix_profile_summary_at_scale/esmf/src/Infrastructure/VM/src/ESMCI_VMKernel.C:0
24 0x000000000070d978 ESMCI::VM::enter()  /scratch2/NCEPDEV/stmp1/Gerhard.Theurich/ESMF-Nightly-Testing/intel_2022.3.0_intelmpi_O_fix_profile_summary_at_scale/esmf/src/Infrastructure/VM/src/ESMCI_VM.C:1216
25 0x00000000004825c1 c_esmc_ftablecallentrypointvm_()  /scratch2/NCEPDEV/stmp1/Gerhard.Theurich/ESMF-Nightly-Testing/intel_2022.3.0_intelmpi_O_fix_profile_summary_at_scale/esmf/src/Superstructure/Component/src/ESMCI_FTable.C:981
26 0x00000000009a37d0 esmf_compmod_mp_esmf_compexecute_()  /scratch2/NCEPDEV/stmp1/Gerhard.Theurich/ESMF-Nightly-Testing/intel_2022.3.0_intelmpi_O_fix_profile_summary_at_scale/esmf/src/Superstructure/Component/src/ESMF_Comp.F90:1223
27 0x0000000000ceb531 esmf_gridcompmod_mp_esmf_gridcompinitialize_()  /scratch2/NCEPDEV/stmp1/Gerhard.Theurich/ESMF-Nightly-Testing/intel_2022.3.0_intelmpi_O_fix_profile_summary_at_scale/esmf/src/Superstructure/Component/src/ESMF_GridComp.F90:1412
28 0x0000000000413486 MAIN__()  /scratch2/NCEPDEV/stmp1/Gerhard.Theurich/ESMF-Nightly-Testing/intel_2022.3.0_intelmpi_O_fix_profile_summary_at_scale/nuopc-app-prototypes/AtmOcnSimpleImplicitProto/esmApp.F90:58
29 0x000000000041309d main()  ???:0
30 0x0000000000022555 __libc_start_main()  ???:0
31 0x0000000000412fb6 _start()  ???:0
=================================
==== backtrace (tid: 125567) ====
 0 0x000000000004d455 ucs_debug_print_backtrace()  ???:0
 1 0x0000000000531d7e ESMCI::LogErr::MsgFoundError()  /scratch2/NCEPDEV/stmp1/Gerhard.Theurich/ESMF-Nightly-Testing/intel_2022.3.0_intelmpi_O_fix_profile_summary_at_scale/esmf/src/Infrastructure/LogErr/src/ESMCI_LogErr.C:586
 2 0x000000000065941b c_esmc_meshcreatenodedistgrid_()  /scratch2/NCEPDEV/stmp1/Gerhard.Theurich/ESMF-Nightly-Testing/intel_2022.3.0_intelmpi_O_fix_profile_summary_at_scale/esmf/src/Infrastructure/Mesh/interface/ESMCI_Mesh_F.C:248
 3 0x0000000000e46042 esmf_meshmod_mp_esmf_meshcreatefrompointer_()  /scratch2/NCEPDEV/stmp1/Gerhard.Theurich/ESMF-Nightly-Testing/intel_2022.3.0_intelmpi_O_fix_profile_summary_at_scale/esmf/src/Infrastructure/Mesh/interface/ESMF_Mesh.F90:3091
 4 0x0000000000cec1f6 esmf_gridutilmod_mp_esmf_gridtomesh_()  /scratch2/NCEPDEV/stmp1/Gerhard.Theurich/ESMF-Nightly-Testing/intel_2022.3.0_intelmpi_O_fix_profile_summary_at_scale/esmf/src/Infrastructure/GridUtil/interface/ESMF_GridUtil.F90:453
 5 0x0000000000bbfd00 esmf_fieldregridmod_mp_b_or_p_gridtomesh_()  /scratch2/NCEPDEV/stmp1/Gerhard.Theurich/ESMF-Nightly-Testing/intel_2022.3.0_intelmpi_O_fix_profile_summary_at_scale/esmf/src/Infrastructure/Field/src/ESMF_FieldRegrid.F90:3228
 6 0x0000000000bbf7b3 esmf_fieldregridmod_mp_getmeshwithnodesonfieldloc_()  /scratch2/NCEPDEV/stmp1/Gerhard.Theurich/ESMF-Nightly-Testing/intel_2022.3.0_intelmpi_O_fix_profile_summary_at_scale/esmf/src/Infrastructure/Field/src/ESMF_FieldRegrid.F90:1346
 7 0x0000000000bbda03 esmf_fieldregridmod_mp_esmf_fieldregridstorenx_()  /scratch2/NCEPDEV/stmp1/Gerhard.Theurich/ESMF-Nightly-Testing/intel_2022.3.0_intelmpi_O_fix_profile_summary_at_scale/esmf/src/Infrastructure/Field/src/ESMF_FieldRegrid.F90:971
 8 0x0000000000a41f7e esmf_fieldbundlemod_mp_esmf_fieldbundleregridstorepair_()  /scratch2/NCEPDEV/stmp1/Gerhard.Theurich/ESMF-Nightly-Testing/intel_2022.3.0_intelmpi_O_fix_profile_summary_at_scale/esmf/src/Infrastructure/FieldBundle/src/ESMF_FieldBundle.F90:16211
 9 0x000000000101cef0 nuopc_connector_mp_fieldbundlecplstore_()  /scratch2/NCEPDEV/stmp1/Gerhard.Theurich/ESMF-Nightly-Testing/intel_2022.3.0_intelmpi_O_fix_profile_summary_at_scale/esmf/src/addon/NUOPC/src/NUOPC_Connector.F90:7714
10 0x00000000010326e4 nuopc_connector_mp_initializeipdv05p6b_()  /scratch2/NCEPDEV/stmp1/Gerhard.Theurich/ESMF-Nightly-Testing/intel_2022.3.0_intelmpi_O_fix_profile_summary_at_scale/esmf/src/addon/NUOPC/src/NUOPC_Connector.F90:5386
11 0x0000000000481ec6 ESMCI::FTable::callVFuncPtr()  /scratch2/NCEPDEV/stmp1/Gerhard.Theurich/ESMF-Nightly-Testing/intel_2022.3.0_intelmpi_O_fix_profile_summary_at_scale/esmf/src/Superstructure/Component/src/ESMCI_FTable.C:2167
12 0x000000000048192c ESMCI_FTableCallEntryPointVMHop()  /scratch2/NCEPDEV/stmp1/Gerhard.Theurich/ESMF-Nightly-Testing/intel_2022.3.0_intelmpi_O_fix_profile_summary_at_scale/esmf/src/Superstructure/Component/src/ESMCI_FTable.C:824
13 0x000000000071a8a0 ESMCI::VMK::enter()  /scratch2/NCEPDEV/stmp1/Gerhard.Theurich/ESMF-Nightly-Testing/intel_2022.3.0_intelmpi_O_fix_profile_summary_at_scale/esmf/src/Infrastructure/VM/src/ESMCI_VMKernel.C:0
14 0x000000000070d978 ESMCI::VM::enter()  /scratch2/NCEPDEV/stmp1/Gerhard.Theurich/ESMF-Nightly-Testing/intel_2022.3.0_intelmpi_O_fix_profile_summary_at_scale/esmf/src/Infrastructure/VM/src/ESMCI_VM.C:1216
15 0x00000000004825c1 c_esmc_ftablecallentrypointvm_()  /scratch2/NCEPDEV/stmp1/Gerhard.Theurich/ESMF-Nightly-Testing/intel_2022.3.0_intelmpi_O_fix_profile_summary_at_scale/esmf/src/Superstructure/Component/src/ESMCI_FTable.C:981
16 0x00000000009a37d0 esmf_compmod_mp_esmf_compexecute_()  /scratch2/NCEPDEV/stmp1/Gerhard.Theurich/ESMF-Nightly-Testing/intel_2022.3.0_intelmpi_O_fix_profile_summary_at_scale/esmf/src/Superstructure/Component/src/ESMF_Comp.F90:1223
17 0x00000000009d01c1 esmf_cplcompmod_mp_esmf_cplcompinitialize_()  /scratch2/NCEPDEV/stmp1/Gerhard.Theurich/ESMF-Nightly-Testing/intel_2022.3.0_intelmpi_O_fix_profile_summary_at_scale/esmf/src/Superstructure/Component/src/ESMF_CplComp.F90:1165
18 0x00000000010911b5 nuopc_driver_mp_loopconnectorcompss_()  /scratch2/NCEPDEV/stmp1/Gerhard.Theurich/ESMF-Nightly-Testing/intel_2022.3.0_intelmpi_O_fix_profile_summary_at_scale/esmf/src/addon/NUOPC/src/NUOPC_Driver.F90:3023
19 0x00000000010b0b11 nuopc_driver_mp_initializeipdv02p3_()  /scratch2/NCEPDEV/stmp1/Gerhard.Theurich/ESMF-Nightly-Testing/intel_2022.3.0_intelmpi_O_fix_profile_summary_at_scale/esmf/src/addon/NUOPC/src/NUOPC_Driver.F90:2110
20 0x00000000010c3490 nuopc_driver_mp_initializegeneric_()  /scratch2/NCEPDEV/stmp1/Gerhard.Theurich/ESMF-Nightly-Testing/intel_2022.3.0_intelmpi_O_fix_profile_summary_at_scale/esmf/src/addon/NUOPC/src/NUOPC_Driver.F90:479
21 0x0000000000481ec6 ESMCI::FTable::callVFuncPtr()  /scratch2/NCEPDEV/stmp1/Gerhard.Theurich/ESMF-Nightly-Testing/intel_2022.3.0_intelmpi_O_fix_profile_summary_at_scale/esmf/src/Superstructure/Component/src/ESMCI_FTable.C:2167
22 0x000000000048192c ESMCI_FTableCallEntryPointVMHop()  /scratch2/NCEPDEV/stmp1/Gerhard.Theurich/ESMF-Nightly-Testing/intel_2022.3.0_intelmpi_O_fix_profile_summary_at_scale/esmf/src/Superstructure/Component/src/ESMCI_FTable.C:824
23 0x000000000071a8a0 ESMCI::VMK::enter()  /scratch2/NCEPDEV/stmp1/Gerhard.Theurich/ESMF-Nightly-Testing/intel_2022.3.0_intelmpi_O_fix_profile_summary_at_scale/esmf/src/Infrastructure/VM/src/ESMCI_VMKernel.C:0
24 0x000000000070d978 ESMCI::VM::enter()  /scratch2/NCEPDEV/stmp1/Gerhard.Theurich/ESMF-Nightly-Testing/intel_2022.3.0_intelmpi_O_fix_profile_summary_at_scale/esmf/src/Infrastructure/VM/src/ESMCI_VM.C:1216
25 0x00000000004825c1 c_esmc_ftablecallentrypointvm_()  /scratch2/NCEPDEV/stmp1/Gerhard.Theurich/ESMF-Nightly-Testing/intel_2022.3.0_intelmpi_O_fix_profile_summary_at_scale/esmf/src/Superstructure/Component/src/ESMCI_FTable.C:981
26 0x00000000009a37d0 esmf_compmod_mp_esmf_compexecute_()  /scratch2/NCEPDEV/stmp1/Gerhard.Theurich/ESMF-Nightly-Testing/intel_2022.3.0_intelmpi_O_fix_profile_summary_at_scale/esmf/src/Superstructure/Component/src/ESMF_Comp.F90:1223
27 0x0000000000ceb531 esmf_gridcompmod_mp_esmf_gridcompinitialize_()  /scratch2/NCEPDEV/stmp1/Gerhard.Theurich/ESMF-Nightly-Testing/intel_2022.3.0_intelmpi_O_fix_profile_summary_at_scale/esmf/src/Superstructure/Component/src/ESMF_GridComp.F90:1412
28 0x0000000000413486 MAIN__()  /scratch2/NCEPDEV/stmp1/Gerhard.Theurich/ESMF-Nightly-Testing/intel_2022.3.0_intelmpi_O_fix_profile_summary_at_scale/nuopc-app-prototypes/AtmOcnSimpleImplicitProto/esmApp.F90:58
29 0x000000000041309d main()  ???:0
30 0x0000000000022555 __libc_start_main()  ???:0
31 0x0000000000412fb6 _start()  ???:0
=================================
forrtl: severe (174): SIGSEGV, segmentation fault occurred
Image              PC                Routine            Line        Source             
libpthread-2.17.s  00002AC09248F630  Unknown               Unknown  Unknown
libesmf.so         00002AC08E574D7E  _ZN5ESMCI6LogErr1     Unknown  Unknown
libesmf.so         00002AC08E69C41B  c_esmc_meshcreate     Unknown  Unknown
libesmf.so         00002AC08EE89042  esmf_meshmod_mp_e     Unknown  Unknown
libesmf.so         00002AC08ED2F1F6  esmf_gridutilmod_     Unknown  Unknown
libesmf.so         00002AC08EC02D00  esmf_fieldregridm     Unknown  Unknown
libesmf.so         00002AC08EC027B3  esmf_fieldregridm     Unknown  Unknown
libesmf.so         00002AC08EC00A03  esmf_fieldregridm     Unknown  Unknown
libesmf.so         00002AC08EA84F7E  esmf_fieldbundlem     Unknown  Unknown
libesmf.so         00002AC08F05FEF0  nuopc_connector_m     Unknown  Unknown
libesmf.so         00002AC08F0756E4  nuopc_connector_m     Unknown  Unknown
libesmf.so         00002AC08E4C4EC6  _ZN5ESMCI6FTable1     Unknown  Unknown
libesmf.so         00002AC08E4C492C  ESMCI_FTableCallE     Unknown  Unknown
libesmf.so         00002AC08E75D8A0  _ZN5ESMCI3VMK5ent     Unknown  Unknown
libesmf.so         00002AC08E750978  _ZN5ESMCI2VM5ente     Unknown  Unknown
libesmf.so         00002AC08E4C55C1  c_esmc_ftablecall     Unknown  Unknown
libesmf.so         00002AC08E9E67D0  esmf_compmod_mp_e     Unknown  Unknown
libesmf.so         00002AC08EA131C1  esmf_cplcompmod_m     Unknown  Unknown
libesmf.so         00002AC08F0D41B5  nuopc_driver_mp_l     Unknown  Unknown
libesmf.so         00002AC08F0F3B11  nuopc_driver_mp_i     Unknown  Unknown
libesmf.so         00002AC08F106490  nuopc_driver_mp_i     Unknown  Unknown
libesmf.so         00002AC08E4C4EC6  _ZN5ESMCI6FTable1     Unknown  Unknown
libesmf.so         00002AC08E4C492C  ESMCI_FTableCallE     Unknown  Unknown
libesmf.so         00002AC08E75D8A0  _ZN5ESMCI3VMK5ent     Unknown  Unknown
libesmf.so         00002AC08E750978  _ZN5ESMCI2VM5ente     Unknown  Unknown
libesmf.so         00002AC08E4C55C1  c_esmc_ftablecall     Unknown  Unknown
libesmf.so         00002AC08E9E67D0  esmf_compmod_mp_e     Unknown  Unknown
libesmf.so         00002AC08ED2E531  esmf_gridcompmod_     Unknown  Unknown
esmApp             0000000000413486  Unknown               Unknown  Unknown
esmApp             000000000041309D  Unknown               Unknown  Unknown
libc-2.17.so       00002AC09331D555  __libc_start_main     Unknown  Unknown
esmApp             0000000000412FB6  Unknown               Unknown  Unknown
forrtl: severe (174): SIGSEGV, segmentation fault occurred
Image              PC                Routine            Line        Source             
libpthread-2.17.s  00002B31E164E630  Unknown               Unknown  Unknown
libesmf.so         00002B31DD733D7E  _ZN5ESMCI6LogErr1     Unknown  Unknown
libesmf.so         00002B31DD85B41B  c_esmc_meshcreate     Unknown  Unknown
libesmf.so         00002B31DE048042  esmf_meshmod_mp_e     Unknown  Unknown
libesmf.so         00002B31DDEEE1F6  esmf_gridutilmod_     Unknown  Unknown
libesmf.so         00002B31DDDC1D00  esmf_fieldregridm     Unknown  Unknown
libesmf.so         00002B31DDDC17B3  esmf_fieldregridm     Unknown  Unknown
libesmf.so         00002B31DDDBFA03  esmf_fieldregridm     Unknown  Unknown
libesmf.so         00002B31DDC43F7E  esmf_fieldbundlem     Unknown  Unknown
libesmf.so         00002B31DE21EEF0  nuopc_connector_m     Unknown  Unknown
libesmf.so         00002B31DE2346E4  nuopc_connector_m     Unknown  Unknown
libesmf.so         00002B31DD683EC6  _ZN5ESMCI6FTable1     Unknown  Unknown
libesmf.so         00002B31DD68392C  ESMCI_FTableCallE     Unknown  Unknown
libesmf.so         00002B31DD91C8A0  _ZN5ESMCI3VMK5ent     Unknown  Unknown
libesmf.so         00002B31DD90F978  _ZN5ESMCI2VM5ente     Unknown  Unknown
libesmf.so         00002B31DD6845C1  c_esmc_ftablecall     Unknown  Unknown
libesmf.so         00002B31DDBA57D0  esmf_compmod_mp_e     Unknown  Unknown
libesmf.so         00002B31DDBD21C1  esmf_cplcompmod_m     Unknown  Unknown
libesmf.so         00002B31DE2931B5  nuopc_driver_mp_l     Unknown  Unknown
libesmf.so         00002B31DE2B2B11  nuopc_driver_mp_i     Unknown  Unknown
libesmf.so         00002B31DE2C5490  nuopc_driver_mp_i     Unknown  Unknown
libesmf.so         00002B31DD683EC6  _ZN5ESMCI6FTable1     Unknown  Unknown
libesmf.so         00002B31DD68392C  ESMCI_FTableCallE     Unknown  Unknown
libesmf.so         00002B31DD91C8A0  _ZN5ESMCI3VMK5ent     Unknown  Unknown
libesmf.so         00002B31DD90F978  _ZN5ESMCI2VM5ente     Unknown  Unknown
libesmf.so         00002B31DD6845C1  c_esmc_ftablecall     Unknown  Unknown
libesmf.so         00002B31DDBA57D0  esmf_compmod_mp_e     Unknown  Unknown
libesmf.so         00002B31DDEED531  esmf_gridcompmod_     Unknown  Unknown
esmApp             0000000000413486  Unknown               Unknown  Unknown
esmApp             000000000041309D  Unknown               Unknown  Unknown
libc-2.17.so       00002B31E24DC555  __libc_start_main     Unknown  Unknown
esmApp             0000000000412FB6  Unknown               Unknown  Unknown
forrtl: severe (174): SIGSEGV, segmentation fault occurred
Image              PC                Routine            Line        Source             
libpthread-2.17.s  00002AC1DA934630  Unknown               Unknown  Unknown
libesmf.so         00002AC1D6A19D7E  _ZN5ESMCI6LogErr1     Unknown  Unknown
libesmf.so         00002AC1D6B4141B  c_esmc_meshcreate     Unknown  Unknown
libesmf.so         00002AC1D732E042  esmf_meshmod_mp_e     Unknown  Unknown
libesmf.so         00002AC1D71D41F6  esmf_gridutilmod_     Unknown  Unknown
libesmf.so         00002AC1D70A7D00  esmf_fieldregridm     Unknown  Unknown
libesmf.so         00002AC1D70A77B3  esmf_fieldregridm     Unknown  Unknown
libesmf.so         00002AC1D70A5A03  esmf_fieldregridm     Unknown  Unknown
libesmf.so         00002AC1D6F29F7E  esmf_fieldbundlem     Unknown  Unknown
libesmf.so         00002AC1D7504EF0  nuopc_connector_m     Unknown  Unknown
libesmf.so         00002AC1D751A6E4  nuopc_connector_m     Unknown  Unknown
libesmf.so         00002AC1D6969EC6  _ZN5ESMCI6FTable1     Unknown  Unknown
libesmf.so         00002AC1D696992C  ESMCI_FTableCallE     Unknown  Unknown
libesmf.so         00002AC1D6C028A0  _ZN5ESMCI3VMK5ent     Unknown  Unknown
libesmf.so         00002AC1D6BF5978  _ZN5ESMCI2VM5ente     Unknown  Unknown
libesmf.so         00002AC1D696A5C1  c_esmc_ftablecall     Unknown  Unknown
libesmf.so         00002AC1D6E8B7D0  esmf_compmod_mp_e     Unknown  Unknown
libesmf.so         00002AC1D6EB81C1  esmf_cplcompmod_m     Unknown  Unknown
libesmf.so         00002AC1D75791B5  nuopc_driver_mp_l     Unknown  Unknown
libesmf.so         00002AC1D7598B11  nuopc_driver_mp_i     Unknown  Unknown
libesmf.so         00002AC1D75AB490  nuopc_driver_mp_i     Unknown  Unknown
libesmf.so         00002AC1D6969EC6  _ZN5ESMCI6FTable1     Unknown  Unknown
libesmf.so         00002AC1D696992C  ESMCI_FTableCallE     Unknown  Unknown
libesmf.so         00002AC1D6C028A0  _ZN5ESMCI3VMK5ent     Unknown  Unknown
libesmf.so         00002AC1D6BF5978  _ZN5ESMCI2VM5ente     Unknown  Unknown
libesmf.so         00002AC1D696A5C1  c_esmc_ftablecall     Unknown  Unknown
libesmf.so         00002AC1D6E8B7D0  esmf_compmod_mp_e     Unknown  Unknown
libesmf.so         00002AC1D71D3531  esmf_gridcompmod_     Unknown  Unknown
esmApp             0000000000413486  Unknown               Unknown  Unknown
esmApp             000000000041309D  Unknown               Unknown  Unknown
libc-2.17.so       00002AC1DB7C2555  __libc_start_main     Unknown  Unknown
esmApp             0000000000412FB6  Unknown               Unknown  Unknown
forrtl: severe (174): SIGSEGV, segmentation fault occurred
Image              PC                Routine            Line        Source             
libpthread-2.17.s  00002B802E245630  Unknown               Unknown  Unknown
libesmf.so         00002B802A32AD7E  _ZN5ESMCI6LogErr1     Unknown  Unknown
libesmf.so         00002B802A45241B  c_esmc_meshcreate     Unknown  Unknown
libesmf.so         00002B802AC3F042  esmf_meshmod_mp_e     Unknown  Unknown
libesmf.so         00002B802AAE51F6  esmf_gridutilmod_     Unknown  Unknown
libesmf.so         00002B802A9B8D00  esmf_fieldregridm     Unknown  Unknown
libesmf.so         00002B802A9B87B3  esmf_fieldregridm     Unknown  Unknown
libesmf.so         00002B802A9B6A03  esmf_fieldregridm     Unknown  Unknown
libesmf.so         00002B802A83AF7E  esmf_fieldbundlem     Unknown  Unknown
libesmf.so         00002B802AE15EF0  nuopc_connector_m     Unknown  Unknown
libesmf.so         00002B802AE2B6E4  nuopc_connector_m     Unknown  Unknown
libesmf.so         00002B802A27AEC6  _ZN5ESMCI6FTable1     Unknown  Unknown
libesmf.so         00002B802A27A92C  ESMCI_FTableCallE     Unknown  Unknown
libesmf.so         00002B802A5138A0  _ZN5ESMCI3VMK5ent     Unknown  Unknown
libesmf.so         00002B802A506978  _ZN5ESMCI2VM5ente     Unknown  Unknown
libesmf.so         00002B802A27B5C1  c_esmc_ftablecall     Unknown  Unknown
libesmf.so         00002B802A79C7D0  esmf_compmod_mp_e     Unknown  Unknown
libesmf.so         00002B802A7C91C1  esmf_cplcompmod_m     Unknown  Unknown
libesmf.so         00002B802AE8A1B5  nuopc_driver_mp_l     Unknown  Unknown
libesmf.so         00002B802AEA9B11  nuopc_driver_mp_i     Unknown  Unknown
libesmf.so         00002B802AEBC490  nuopc_driver_mp_i     Unknown  Unknown
libesmf.so         00002B802A27AEC6  _ZN5ESMCI6FTable1     Unknown  Unknown
libesmf.so         00002B802A27A92C  ESMCI_FTableCallE     Unknown  Unknown
libesmf.so         00002B802A5138A0  _ZN5ESMCI3VMK5ent     Unknown  Unknown
libesmf.so         00002B802A506978  _ZN5ESMCI2VM5ente     Unknown  Unknown
libesmf.so         00002B802A27B5C1  c_esmc_ftablecall     Unknown  Unknown
libesmf.so         00002B802A79C7D0  esmf_compmod_mp_e     Unknown  Unknown
libesmf.so         00002B802AAE4531  esmf_gridcompmod_     Unknown  Unknown
esmApp             0000000000413486  Unknown               Unknown  Unknown
esmApp             000000000041309D  Unknown               Unknown  Unknown
libc-2.17.so       00002B802F0D3555  __libc_start_main     Unknown  Unknown
esmApp             0000000000412FB6  Unknown               Unknown  Unknown
srun: error: h4c53: tasks 0-3: Exited with exit code 174
srun: launch/slurm: _step_signal: Terminating StepId=44951538.370
