2023-05-15 07:45:11
20230515 082003.686 INFO             PET0 !!!!!!!!!!!!!!!!!!!!!!!!!!!!!!!!!!!!!!!!!!!!!!!!!!!!!!
20230515 082003.686 INFO             PET0 !!! THE ESMF_LOG IS SET TO OUTPUT ALL LOG MESSAGES !!!
20230515 082003.686 INFO             PET0 !!!     THIS MAY CAUSE SLOWDOWN IN PERFORMANCE     !!!
20230515 082003.686 INFO             PET0 !!! FOR PRODUCTION RUNS, USE:                      !!!
20230515 082003.686 INFO             PET0 !!!                   ESMF_LOGKIND_Multi_On_Error  !!!
20230515 082003.686 INFO             PET0 !!!!!!!!!!!!!!!!!!!!!!!!!!!!!!!!!!!!!!!!!!!!!!!!!!!!!!
20230515 082003.686 INFO             PET0 Running with ESMF Version   : v8.5.0b20-7-g842a2b6b0d
20230515 082003.686 INFO             PET0 ESMF library build date/time: "May 15 2023" "07:43:43"
20230515 082003.686 INFO             PET0 ESMF library build location : /scratch2/NCEPDEV/stmp1/Gerhard.Theurich/ESMF-Nightly-Testing/intel_2022.3.0_intelmpi_O_fix_profile_summary_at_scale/esmf
20230515 082003.686 INFO             PET0 ESMF_COMM                   : intelmpi
20230515 082003.686 INFO             PET0 ESMF_MOAB                   : enabled
20230515 082003.686 INFO             PET0 ESMF_LAPACK                 : enabled
20230515 082003.686 INFO             PET0 ESMF_NETCDF                 : enabled
20230515 082003.686 INFO             PET0 ESMF_PNETCDF                : disabled
20230515 082003.686 INFO             PET0 ESMF_PIO                    : enabled
20230515 082003.686 INFO             PET0 ESMF_YAMLCPP                : enabled
20230515 082003.687 INFO             PET0 mainApp STARTING
20230515 082003.689 INFO             PET0 driver: InitializeGeneric intro.
20230515 082003.689 INFO             PET0   driver: InitializeP0 intro.
20230515 082003.689 INFO             PET0   driver: InitializeP0 extro.
20230515 082003.689 INFO             PET0   driver: InitializeIPDv02p1 intro.
20230515 082003.689 INFO             PET0     >>>driver: entered Initialize (phase=<none>) without valid internal Clock.
20230515 082003.689 INFO             PET0     driver - Creating model component ATM1 without petList.
20230515 082003.690 INFO             PET0     driver - Creating model component ATM2 without petList.
20230515 082003.691 INFO             PET0     driver - Creating model component MED without petList.
20230515 082003.693 INFO             PET0     driver - Creating connector component ATM1-TO-MED without petList.
20230515 082003.695 INFO             PET0     driver - Creating connector component MED-TO-ATM1 without petList.
20230515 082003.696 INFO             PET0     driver - Creating connector component ATM2-TO-MED without petList.
20230515 082003.698 INFO             PET0     driver - Creating connector component MED-TO-ATM2 without petList.
20230515 082003.700 INFO             PET0     driver - Creating state: modelComp 1 Import State
20230515 082003.700 INFO             PET0     driver - Creating state: modelComp 1 Export State
20230515 082003.700 INFO             PET0     driver - Creating state: modelComp 2 Import State
20230515 082003.700 INFO             PET0     driver - Creating state: modelComp 2 Export State
20230515 082003.701 INFO             PET0     driver - Creating state: modelComp 3 Import State
20230515 082003.701 INFO             PET0     driver - Creating state: modelComp 3 Export State
20230515 082003.701 INFO             PET0     ATM1: InitializeP0 intro.
20230515 082003.701 INFO             PET0     ATM1: InitializeP0 extro.
20230515 082003.701 INFO             PET0     ATM2: InitializeP0 intro.
20230515 082003.702 INFO             PET0     ATM2: InitializeP0 extro.
20230515 082003.702 INFO             PET0     MED: InitializeP0 intro.
20230515 082003.702 INFO             PET0     MED: InitializeP0 extro.
20230515 082003.703 INFO             PET0     ATM1-TO-MED: InitializeP0 intro.
20230515 082003.703 INFO             PET0     ATM1-TO-MED: InitializeP0 extro.
20230515 082003.703 INFO             PET0     ATM2-TO-MED: InitializeP0 intro.
20230515 082003.703 INFO             PET0     ATM2-TO-MED: InitializeP0 extro.
20230515 082003.703 INFO             PET0     MED-TO-ATM1: InitializeP0 intro.
20230515 082003.704 INFO             PET0     MED-TO-ATM1: InitializeP0 extro.
20230515 082003.704 INFO             PET0     MED-TO-ATM2: InitializeP0 intro.
20230515 082003.704 INFO             PET0     MED-TO-ATM2: InitializeP0 extro.
20230515 082003.705 INFO             PET0     driver: IInitAdvertise intro.
20230515 082003.705 INFO             PET0     driver: IInitAdvertise extro.
20230515 082003.705 INFO             PET0     ATM1: InitializeIPDvXp01 intro.
20230515 082003.706 INFO             PET0     ATM1: InitializeIPDvXp01 extro.
20230515 082003.706 INFO             PET0     ATM2: InitializeIPDvXp01 intro.
20230515 082003.707 INFO             PET0     ATM2: InitializeIPDvXp01 extro.
20230515 082003.707 INFO             PET0     MED: InitializeIPDvXp01 intro.
20230515 082003.709 INFO             PET0     MED: InitializeIPDvXp01 extro.
20230515 082003.709 INFO             PET0     ATM1-TO-MED: InitializeIPDv05p1 intro.
20230515 082003.712 INFO             PET0     ATM1-TO-MED: InitializeIPDv05p1 extro.
20230515 082003.712 INFO             PET0     ATM2-TO-MED: InitializeIPDv05p1 intro.
20230515 082003.714 INFO             PET0     ATM2-TO-MED: InitializeIPDv05p1 extro.
20230515 082003.714 INFO             PET0     MED-TO-ATM1: InitializeIPDv05p1 intro.
20230515 082003.715 INFO             PET0     MED-TO-ATM1: InitializeIPDv05p1 extro.
20230515 082003.715 INFO             PET0     MED-TO-ATM2: InitializeIPDv05p1 intro.
20230515 082003.717 INFO             PET0     MED-TO-ATM2: InitializeIPDv05p1 extro.
20230515 082003.717 INFO             PET0     driver: IInitAdvertiseFinish intro.
20230515 082003.717 INFO             PET0     driver: IInitAdvertiseFinish extro.
20230515 082003.717 INFO             PET0     ATM1-TO-MED: InitializeIPDv05p2a intro.
20230515 082003.719 INFO             PET0     ATM1-TO-MED: InitializeIPDv05p2a extro.
20230515 082003.719 INFO             PET0     ATM2-TO-MED: InitializeIPDv05p2a intro.
20230515 082003.720 INFO             PET0     ATM2-TO-MED: InitializeIPDv05p2a extro.
20230515 082003.720 INFO             PET0     MED-TO-ATM1: InitializeIPDv05p2a intro.
20230515 082003.722 INFO             PET0     MED-TO-ATM1: InitializeIPDv05p2a extro.
20230515 082003.722 INFO             PET0     MED-TO-ATM2: InitializeIPDv05p2a intro.
20230515 082003.724 INFO             PET0     MED-TO-ATM2: InitializeIPDv05p2a extro.
20230515 082003.724 INFO             PET0     ATM1-TO-MED: InitializeIPDv05p2b intro.
20230515 082003.725 INFO             PET0     ATM1-TO-MED: InitializeIPDv05p2b extro.
20230515 082003.725 INFO             PET0     ATM2-TO-MED: InitializeIPDv05p2b intro.
20230515 082003.727 INFO             PET0     ATM2-TO-MED: InitializeIPDv05p2b extro.
20230515 082003.727 INFO             PET0     MED-TO-ATM1: InitializeIPDv05p2b intro.
20230515 082003.728 INFO             PET0     MED-TO-ATM1: InitializeIPDv05p2b extro.
20230515 082003.728 INFO             PET0     MED-TO-ATM2: InitializeIPDv05p2b intro.
20230515 082003.730 INFO             PET0     MED-TO-ATM2: InitializeIPDv05p2b extro.
20230515 082003.730 INFO             PET0     driver: IInitModifyCplLists intro.
20230515 082003.730 INFO             PET0     driver: IInitModifyCplLists extro.
20230515 082003.730 INFO             PET0     ATM1-TO-MED: InitializeIPDv05p3 intro.
20230515 082003.732 INFO             PET0     ATM1-TO-MED: InitializeIPDv05p3 extro.
20230515 082003.732 INFO             PET0     ATM2-TO-MED: InitializeIPDv05p3 intro.
20230515 082003.733 INFO             PET0     ATM2-TO-MED: InitializeIPDv05p3 extro.
20230515 082003.734 INFO             PET0     MED-TO-ATM1: InitializeIPDv05p3 intro.
20230515 082003.735 INFO             PET0     MED-TO-ATM1: InitializeIPDv05p3 extro.
20230515 082003.735 INFO             PET0     MED-TO-ATM2: InitializeIPDv05p3 intro.
20230515 082003.736 INFO             PET0     MED-TO-ATM2: InitializeIPDv05p3 extro.
20230515 082003.736 INFO             PET0     <<<driver: leaving Initialize (phase=<none>) with current time:    0  1  1  0  0  0   0
20230515 082003.736 INFO             PET0   driver: InitializeIPDv02p1 extro.
20230515 082003.736 INFO             PET0   driver: InitializeIPDv02p3 intro.
20230515 082003.736 INFO             PET0     >>>driver: entered Initialize (phase=<none>) with current time:    0  1  1  0  0  0   0
20230515 082003.736 INFO             PET0     driver: IInitCheck intro.
20230515 082003.736 INFO             PET0     driver: IInitCheck extro.
20230515 082003.737 INFO             PET0     ATM1: InitializeIPDvXp04 intro.
20230515 082003.738 INFO             PET0     ATM1: InitializeIPDvXp04 extro.
20230515 082003.739 INFO             PET0     ATM2: InitializeIPDvXp04 intro.
20230515 082003.740 INFO             PET0     ATM2: InitializeIPDvXp04 extro.
20230515 082003.740 INFO             PET0     MED: InitializeIPDvXp04 intro.
20230515 082003.743 INFO             PET0     MED: InitializeIPDvXp04 extro.
20230515 082003.743 INFO             PET0     ATM1-TO-MED: InitializeIPDv05p4 intro.
20230515 082003.746 INFO             PET0     ATM1-TO-MED: InitializeIPDv05p4 extro.
20230515 082003.746 INFO             PET0     ATM2-TO-MED: InitializeIPDv05p4 intro.
20230515 082003.749 INFO             PET0     ATM2-TO-MED: InitializeIPDv05p4 extro.
20230515 082003.749 INFO             PET0     MED-TO-ATM1: InitializeIPDv05p4 intro.
20230515 082003.751 INFO             PET0     MED-TO-ATM1: InitializeIPDv05p4 extro.
20230515 082003.751 INFO             PET0     MED-TO-ATM2: InitializeIPDv05p4 intro.
20230515 082003.752 INFO             PET0     MED-TO-ATM2: InitializeIPDv05p4 extro.
20230515 082003.753 INFO             PET0     ATM1-TO-MED: InitializeIPDv05p5 intro.
20230515 082003.755 INFO             PET0     ATM1-TO-MED: InitializeIPDv05p5 extro.
20230515 082003.755 INFO             PET0     ATM2-TO-MED: InitializeIPDv05p5 intro.
20230515 082003.758 INFO             PET0     ATM2-TO-MED: InitializeIPDv05p5 extro.
20230515 082003.758 INFO             PET0     MED-TO-ATM1: InitializeIPDv05p5 intro.
20230515 082003.760 INFO             PET0     MED-TO-ATM1: InitializeIPDv05p5 extro.
20230515 082003.760 INFO             PET0     MED-TO-ATM2: InitializeIPDv05p5 intro.
20230515 082003.761 INFO             PET0     MED-TO-ATM2: InitializeIPDv05p5 extro.
20230515 082003.761 INFO             PET0     driver: IInitRealize intro.
20230515 082003.761 INFO             PET0     driver: IInitRealize extro.
20230515 082003.762 INFO             PET0     ATM1-TO-MED: InitializeIPDv05p6a intro.
20230515 082003.764 INFO             PET0     ATM1-TO-MED: InitializeIPDv05p6a extro.
20230515 082003.764 INFO             PET0     ATM2-TO-MED: InitializeIPDv05p6a intro.
20230515 082003.685 INFO             PET1 !!!!!!!!!!!!!!!!!!!!!!!!!!!!!!!!!!!!!!!!!!!!!!!!!!!!!!
20230515 082003.686 INFO             PET1 !!! THE ESMF_LOG IS SET TO OUTPUT ALL LOG MESSAGES !!!
20230515 082003.686 INFO             PET1 !!!     THIS MAY CAUSE SLOWDOWN IN PERFORMANCE     !!!
20230515 082003.686 INFO             PET1 !!! FOR PRODUCTION RUNS, USE:                      !!!
20230515 082003.686 INFO             PET1 !!!                   ESMF_LOGKIND_Multi_On_Error  !!!
20230515 082003.686 INFO             PET1 !!!!!!!!!!!!!!!!!!!!!!!!!!!!!!!!!!!!!!!!!!!!!!!!!!!!!!
20230515 082003.686 INFO             PET1 Running with ESMF Version   : v8.5.0b20-7-g842a2b6b0d
20230515 082003.686 INFO             PET1 ESMF library build date/time: "May 15 2023" "07:43:43"
20230515 082003.686 INFO             PET1 ESMF library build location : /scratch2/NCEPDEV/stmp1/Gerhard.Theurich/ESMF-Nightly-Testing/intel_2022.3.0_intelmpi_O_fix_profile_summary_at_scale/esmf
20230515 082003.686 INFO             PET1 ESMF_COMM                   : intelmpi
20230515 082003.686 INFO             PET1 ESMF_MOAB                   : enabled
20230515 082003.686 INFO             PET1 ESMF_LAPACK                 : enabled
20230515 082003.686 INFO             PET1 ESMF_NETCDF                 : enabled
20230515 082003.686 INFO             PET1 ESMF_PNETCDF                : disabled
20230515 082003.686 INFO             PET1 ESMF_PIO                    : enabled
20230515 082003.686 INFO             PET1 ESMF_YAMLCPP                : enabled
20230515 082003.687 INFO             PET1 mainApp STARTING
20230515 082003.689 INFO             PET1 driver: InitializeGeneric intro.
20230515 082003.689 INFO             PET1   driver: InitializeP0 intro.
20230515 082003.689 INFO             PET1   driver: InitializeP0 extro.
20230515 082003.689 INFO             PET1   driver: InitializeIPDv02p1 intro.
20230515 082003.689 INFO             PET1     >>>driver: entered Initialize (phase=<none>) without valid internal Clock.
20230515 082003.689 INFO             PET1     driver - Creating model component ATM1 without petList.
20230515 082003.690 INFO             PET1     driver - Creating model component ATM2 without petList.
20230515 082003.691 INFO             PET1     driver - Creating model component MED without petList.
20230515 082003.693 INFO             PET1     driver - Creating connector component ATM1-TO-MED without petList.
20230515 082003.695 INFO             PET1     driver - Creating connector component MED-TO-ATM1 without petList.
20230515 082003.697 INFO             PET1     driver - Creating connector component ATM2-TO-MED without petList.
20230515 082003.698 INFO             PET1     driver - Creating connector component MED-TO-ATM2 without petList.
20230515 082003.700 INFO             PET1     driver - Creating state: modelComp 1 Import State
20230515 082003.700 INFO             PET1     driver - Creating state: modelComp 1 Export State
20230515 082003.700 INFO             PET1     driver - Creating state: modelComp 2 Import State
20230515 082003.700 INFO             PET1     driver - Creating state: modelComp 2 Export State
20230515 082003.701 INFO             PET1     driver - Creating state: modelComp 3 Import State
20230515 082003.701 INFO             PET1     driver - Creating state: modelComp 3 Export State
20230515 082003.701 INFO             PET1     ATM1: InitializeP0 intro.
20230515 082003.702 INFO             PET1     ATM1: InitializeP0 extro.
20230515 082003.702 INFO             PET1     ATM2: InitializeP0 intro.
20230515 082003.702 INFO             PET1     ATM2: InitializeP0 extro.
20230515 082003.702 INFO             PET1     MED: InitializeP0 intro.
20230515 082003.702 INFO             PET1     MED: InitializeP0 extro.
20230515 082003.703 INFO             PET1     ATM1-TO-MED: InitializeP0 intro.
20230515 082003.703 INFO             PET1     ATM1-TO-MED: InitializeP0 extro.
20230515 082003.703 INFO             PET1     ATM2-TO-MED: InitializeP0 intro.
20230515 082003.703 INFO             PET1     ATM2-TO-MED: InitializeP0 extro.
20230515 082003.704 INFO             PET1     MED-TO-ATM1: InitializeP0 intro.
20230515 082003.704 INFO             PET1     MED-TO-ATM1: InitializeP0 extro.
20230515 082003.704 INFO             PET1     MED-TO-ATM2: InitializeP0 intro.
20230515 082003.704 INFO             PET1     MED-TO-ATM2: InitializeP0 extro.
20230515 082003.705 INFO             PET1     driver: IInitAdvertise intro.
20230515 082003.705 INFO             PET1     driver: IInitAdvertise extro.
20230515 082003.705 INFO             PET1     ATM1: InitializeIPDvXp01 intro.
20230515 082003.706 INFO             PET1     ATM1: InitializeIPDvXp01 extro.
20230515 082003.706 INFO             PET1     ATM2: InitializeIPDvXp01 intro.
20230515 082003.707 INFO             PET1     ATM2: InitializeIPDvXp01 extro.
20230515 082003.707 INFO             PET1     MED: InitializeIPDvXp01 intro.
20230515 082003.709 INFO             PET1     MED: InitializeIPDvXp01 extro.
20230515 082003.709 INFO             PET1     ATM1-TO-MED: InitializeIPDv05p1 intro.
20230515 082003.712 INFO             PET1     ATM1-TO-MED: InitializeIPDv05p1 extro.
20230515 082003.712 INFO             PET1     ATM2-TO-MED: InitializeIPDv05p1 intro.
20230515 082003.714 INFO             PET1     ATM2-TO-MED: InitializeIPDv05p1 extro.
20230515 082003.714 INFO             PET1     MED-TO-ATM1: InitializeIPDv05p1 intro.
20230515 082003.715 INFO             PET1     MED-TO-ATM1: InitializeIPDv05p1 extro.
20230515 082003.715 INFO             PET1     MED-TO-ATM2: InitializeIPDv05p1 intro.
20230515 082003.717 INFO             PET1     MED-TO-ATM2: InitializeIPDv05p1 extro.
20230515 082003.717 INFO             PET1     driver: IInitAdvertiseFinish intro.
20230515 082003.717 INFO             PET1     driver: IInitAdvertiseFinish extro.
20230515 082003.717 INFO             PET1     ATM1-TO-MED: InitializeIPDv05p2a intro.
20230515 082003.719 INFO             PET1     ATM1-TO-MED: InitializeIPDv05p2a extro.
20230515 082003.719 INFO             PET1     ATM2-TO-MED: InitializeIPDv05p2a intro.
20230515 082003.720 INFO             PET1     ATM2-TO-MED: InitializeIPDv05p2a extro.
20230515 082003.720 INFO             PET1     MED-TO-ATM1: InitializeIPDv05p2a intro.
20230515 082003.722 INFO             PET1     MED-TO-ATM1: InitializeIPDv05p2a extro.
20230515 082003.722 INFO             PET1     MED-TO-ATM2: InitializeIPDv05p2a intro.
20230515 082003.724 INFO             PET1     MED-TO-ATM2: InitializeIPDv05p2a extro.
20230515 082003.724 INFO             PET1     ATM1-TO-MED: InitializeIPDv05p2b intro.
20230515 082003.725 INFO             PET1     ATM1-TO-MED: InitializeIPDv05p2b extro.
20230515 082003.725 INFO             PET1     ATM2-TO-MED: InitializeIPDv05p2b intro.
20230515 082003.727 INFO             PET1     ATM2-TO-MED: InitializeIPDv05p2b extro.
20230515 082003.727 INFO             PET1     MED-TO-ATM1: InitializeIPDv05p2b intro.
20230515 082003.728 INFO             PET1     MED-TO-ATM1: InitializeIPDv05p2b extro.
20230515 082003.728 INFO             PET1     MED-TO-ATM2: InitializeIPDv05p2b intro.
20230515 082003.730 INFO             PET1     MED-TO-ATM2: InitializeIPDv05p2b extro.
20230515 082003.730 INFO             PET1     driver: IInitModifyCplLists intro.
20230515 082003.730 INFO             PET1     driver: IInitModifyCplLists extro.
20230515 082003.730 INFO             PET1     ATM1-TO-MED: InitializeIPDv05p3 intro.
20230515 082003.732 INFO             PET1     ATM1-TO-MED: InitializeIPDv05p3 extro.
20230515 082003.732 INFO             PET1     ATM2-TO-MED: InitializeIPDv05p3 intro.
20230515 082003.734 INFO             PET1     ATM2-TO-MED: InitializeIPDv05p3 extro.
20230515 082003.734 INFO             PET1     MED-TO-ATM1: InitializeIPDv05p3 intro.
20230515 082003.735 INFO             PET1     MED-TO-ATM1: InitializeIPDv05p3 extro.
20230515 082003.735 INFO             PET1     MED-TO-ATM2: InitializeIPDv05p3 intro.
20230515 082003.736 INFO             PET1     MED-TO-ATM2: InitializeIPDv05p3 extro.
20230515 082003.736 INFO             PET1     <<<driver: leaving Initialize (phase=<none>) with current time:    0  1  1  0  0  0   0
20230515 082003.736 INFO             PET1   driver: InitializeIPDv02p1 extro.
20230515 082003.736 INFO             PET1   driver: InitializeIPDv02p3 intro.
20230515 082003.736 INFO             PET1     >>>driver: entered Initialize (phase=<none>) with current time:    0  1  1  0  0  0   0
20230515 082003.736 INFO             PET1     driver: IInitCheck intro.
20230515 082003.737 INFO             PET1     driver: IInitCheck extro.
20230515 082003.737 INFO             PET1     ATM1: InitializeIPDvXp04 intro.
20230515 082003.739 INFO             PET1     ATM1: InitializeIPDvXp04 extro.
20230515 082003.739 INFO             PET1     ATM2: InitializeIPDvXp04 intro.
20230515 082003.740 INFO             PET1     ATM2: InitializeIPDvXp04 extro.
20230515 082003.740 INFO             PET1     MED: InitializeIPDvXp04 intro.
20230515 082003.743 INFO             PET1     MED: InitializeIPDvXp04 extro.
20230515 082003.743 INFO             PET1     ATM1-TO-MED: InitializeIPDv05p4 intro.
20230515 082003.746 INFO             PET1     ATM1-TO-MED: InitializeIPDv05p4 extro.
20230515 082003.746 INFO             PET1     ATM2-TO-MED: InitializeIPDv05p4 intro.
20230515 082003.749 INFO             PET1     ATM2-TO-MED: InitializeIPDv05p4 extro.
20230515 082003.749 INFO             PET1     MED-TO-ATM1: InitializeIPDv05p4 intro.
20230515 082003.751 INFO             PET1     MED-TO-ATM1: InitializeIPDv05p4 extro.
20230515 082003.751 INFO             PET1     MED-TO-ATM2: InitializeIPDv05p4 intro.
20230515 082003.752 INFO             PET1     MED-TO-ATM2: InitializeIPDv05p4 extro.
20230515 082003.753 INFO             PET1     ATM1-TO-MED: InitializeIPDv05p5 intro.
20230515 082003.755 INFO             PET1     ATM1-TO-MED: InitializeIPDv05p5 extro.
20230515 082003.755 INFO             PET1     ATM2-TO-MED: InitializeIPDv05p5 intro.
20230515 082003.758 INFO             PET1     ATM2-TO-MED: InitializeIPDv05p5 extro.
20230515 082003.758 INFO             PET1     MED-TO-ATM1: InitializeIPDv05p5 intro.
20230515 082003.760 INFO             PET1     MED-TO-ATM1: InitializeIPDv05p5 extro.
20230515 082003.760 INFO             PET1     MED-TO-ATM2: InitializeIPDv05p5 intro.
20230515 082003.761 INFO             PET1     MED-TO-ATM2: InitializeIPDv05p5 extro.
20230515 082003.761 INFO             PET1     driver: IInitRealize intro.
20230515 082003.761 INFO             PET1     driver: IInitRealize extro.
20230515 082003.762 INFO             PET1     ATM1-TO-MED: InitializeIPDv05p6a intro.
20230515 082003.764 INFO             PET1     ATM1-TO-MED: InitializeIPDv05p6a extro.
20230515 082003.764 INFO             PET1     ATM2-TO-MED: InitializeIPDv05p6a intro.
20230515 082003.686 INFO             PET2 !!!!!!!!!!!!!!!!!!!!!!!!!!!!!!!!!!!!!!!!!!!!!!!!!!!!!!
20230515 082003.686 INFO             PET2 !!! THE ESMF_LOG IS SET TO OUTPUT ALL LOG MESSAGES !!!
20230515 082003.686 INFO             PET2 !!!     THIS MAY CAUSE SLOWDOWN IN PERFORMANCE     !!!
20230515 082003.686 INFO             PET2 !!! FOR PRODUCTION RUNS, USE:                      !!!
20230515 082003.686 INFO             PET2 !!!                   ESMF_LOGKIND_Multi_On_Error  !!!
20230515 082003.686 INFO             PET2 !!!!!!!!!!!!!!!!!!!!!!!!!!!!!!!!!!!!!!!!!!!!!!!!!!!!!!
20230515 082003.686 INFO             PET2 Running with ESMF Version   : v8.5.0b20-7-g842a2b6b0d
20230515 082003.686 INFO             PET2 ESMF library build date/time: "May 15 2023" "07:43:43"
20230515 082003.686 INFO             PET2 ESMF library build location : /scratch2/NCEPDEV/stmp1/Gerhard.Theurich/ESMF-Nightly-Testing/intel_2022.3.0_intelmpi_O_fix_profile_summary_at_scale/esmf
20230515 082003.686 INFO             PET2 ESMF_COMM                   : intelmpi
20230515 082003.686 INFO             PET2 ESMF_MOAB                   : enabled
20230515 082003.686 INFO             PET2 ESMF_LAPACK                 : enabled
20230515 082003.686 INFO             PET2 ESMF_NETCDF                 : enabled
20230515 082003.686 INFO             PET2 ESMF_PNETCDF                : disabled
20230515 082003.686 INFO             PET2 ESMF_PIO                    : enabled
20230515 082003.686 INFO             PET2 ESMF_YAMLCPP                : enabled
20230515 082003.687 INFO             PET2 mainApp STARTING
20230515 082003.689 INFO             PET2 driver: InitializeGeneric intro.
20230515 082003.689 INFO             PET2   driver: InitializeP0 intro.
20230515 082003.689 INFO             PET2   driver: InitializeP0 extro.
20230515 082003.689 INFO             PET2   driver: InitializeIPDv02p1 intro.
20230515 082003.689 INFO             PET2     >>>driver: entered Initialize (phase=<none>) without valid internal Clock.
20230515 082003.689 INFO             PET2     driver - Creating model component ATM1 without petList.
20230515 082003.690 INFO             PET2     driver - Creating model component ATM2 without petList.
20230515 082003.691 INFO             PET2     driver - Creating model component MED without petList.
20230515 082003.693 INFO             PET2     driver - Creating connector component ATM1-TO-MED without petList.
20230515 082003.695 INFO             PET2     driver - Creating connector component MED-TO-ATM1 without petList.
20230515 082003.696 INFO             PET2     driver - Creating connector component ATM2-TO-MED without petList.
20230515 082003.698 INFO             PET2     driver - Creating connector component MED-TO-ATM2 without petList.
20230515 082003.700 INFO             PET2     driver - Creating state: modelComp 1 Import State
20230515 082003.700 INFO             PET2     driver - Creating state: modelComp 1 Export State
20230515 082003.700 INFO             PET2     driver - Creating state: modelComp 2 Import State
20230515 082003.700 INFO             PET2     driver - Creating state: modelComp 2 Export State
20230515 082003.701 INFO             PET2     driver - Creating state: modelComp 3 Import State
20230515 082003.701 INFO             PET2     driver - Creating state: modelComp 3 Export State
20230515 082003.701 INFO             PET2     ATM1: InitializeP0 intro.
20230515 082003.702 INFO             PET2     ATM1: InitializeP0 extro.
20230515 082003.702 INFO             PET2     ATM2: InitializeP0 intro.
20230515 082003.702 INFO             PET2     ATM2: InitializeP0 extro.
20230515 082003.702 INFO             PET2     MED: InitializeP0 intro.
20230515 082003.702 INFO             PET2     MED: InitializeP0 extro.
20230515 082003.703 INFO             PET2     ATM1-TO-MED: InitializeP0 intro.
20230515 082003.703 INFO             PET2     ATM1-TO-MED: InitializeP0 extro.
20230515 082003.703 INFO             PET2     ATM2-TO-MED: InitializeP0 intro.
20230515 082003.703 INFO             PET2     ATM2-TO-MED: InitializeP0 extro.
20230515 082003.703 INFO             PET2     MED-TO-ATM1: InitializeP0 intro.
20230515 082003.704 INFO             PET2     MED-TO-ATM1: InitializeP0 extro.
20230515 082003.704 INFO             PET2     MED-TO-ATM2: InitializeP0 intro.
20230515 082003.704 INFO             PET2     MED-TO-ATM2: InitializeP0 extro.
20230515 082003.705 INFO             PET2     driver: IInitAdvertise intro.
20230515 082003.705 INFO             PET2     driver: IInitAdvertise extro.
20230515 082003.705 INFO             PET2     ATM1: InitializeIPDvXp01 intro.
20230515 082003.706 INFO             PET2     ATM1: InitializeIPDvXp01 extro.
20230515 082003.706 INFO             PET2     ATM2: InitializeIPDvXp01 intro.
20230515 082003.707 INFO             PET2     ATM2: InitializeIPDvXp01 extro.
20230515 082003.707 INFO             PET2     MED: InitializeIPDvXp01 intro.
20230515 082003.709 INFO             PET2     MED: InitializeIPDvXp01 extro.
20230515 082003.710 INFO             PET2     ATM1-TO-MED: InitializeIPDv05p1 intro.
20230515 082003.712 INFO             PET2     ATM1-TO-MED: InitializeIPDv05p1 extro.
20230515 082003.712 INFO             PET2     ATM2-TO-MED: InitializeIPDv05p1 intro.
20230515 082003.714 INFO             PET2     ATM2-TO-MED: InitializeIPDv05p1 extro.
20230515 082003.714 INFO             PET2     MED-TO-ATM1: InitializeIPDv05p1 intro.
20230515 082003.715 INFO             PET2     MED-TO-ATM1: InitializeIPDv05p1 extro.
20230515 082003.715 INFO             PET2     MED-TO-ATM2: InitializeIPDv05p1 intro.
20230515 082003.717 INFO             PET2     MED-TO-ATM2: InitializeIPDv05p1 extro.
20230515 082003.717 INFO             PET2     driver: IInitAdvertiseFinish intro.
20230515 082003.717 INFO             PET2     driver: IInitAdvertiseFinish extro.
20230515 082003.717 INFO             PET2     ATM1-TO-MED: InitializeIPDv05p2a intro.
20230515 082003.719 INFO             PET2     ATM1-TO-MED: InitializeIPDv05p2a extro.
20230515 082003.719 INFO             PET2     ATM2-TO-MED: InitializeIPDv05p2a intro.
20230515 082003.720 INFO             PET2     ATM2-TO-MED: InitializeIPDv05p2a extro.
20230515 082003.720 INFO             PET2     MED-TO-ATM1: InitializeIPDv05p2a intro.
20230515 082003.722 INFO             PET2     MED-TO-ATM1: InitializeIPDv05p2a extro.
20230515 082003.722 INFO             PET2     MED-TO-ATM2: InitializeIPDv05p2a intro.
20230515 082003.724 INFO             PET2     MED-TO-ATM2: InitializeIPDv05p2a extro.
20230515 082003.724 INFO             PET2     ATM1-TO-MED: InitializeIPDv05p2b intro.
20230515 082003.725 INFO             PET2     ATM1-TO-MED: InitializeIPDv05p2b extro.
20230515 082003.725 INFO             PET2     ATM2-TO-MED: InitializeIPDv05p2b intro.
20230515 082003.727 INFO             PET2     ATM2-TO-MED: InitializeIPDv05p2b extro.
20230515 082003.727 INFO             PET2     MED-TO-ATM1: InitializeIPDv05p2b intro.
20230515 082003.728 INFO             PET2     MED-TO-ATM1: InitializeIPDv05p2b extro.
20230515 082003.728 INFO             PET2     MED-TO-ATM2: InitializeIPDv05p2b intro.
20230515 082003.730 INFO             PET2     MED-TO-ATM2: InitializeIPDv05p2b extro.
20230515 082003.730 INFO             PET2     driver: IInitModifyCplLists intro.
20230515 082003.730 INFO             PET2     driver: IInitModifyCplLists extro.
20230515 082003.730 INFO             PET2     ATM1-TO-MED: InitializeIPDv05p3 intro.
20230515 082003.732 INFO             PET2     ATM1-TO-MED: InitializeIPDv05p3 extro.
20230515 082003.732 INFO             PET2     ATM2-TO-MED: InitializeIPDv05p3 intro.
20230515 082003.733 INFO             PET2     ATM2-TO-MED: InitializeIPDv05p3 extro.
20230515 082003.734 INFO             PET2     MED-TO-ATM1: InitializeIPDv05p3 intro.
20230515 082003.735 INFO             PET2     MED-TO-ATM1: InitializeIPDv05p3 extro.
20230515 082003.735 INFO             PET2     MED-TO-ATM2: InitializeIPDv05p3 intro.
20230515 082003.736 INFO             PET2     MED-TO-ATM2: InitializeIPDv05p3 extro.
20230515 082003.736 INFO             PET2     <<<driver: leaving Initialize (phase=<none>) with current time:    0  1  1  0  0  0   0
20230515 082003.736 INFO             PET2   driver: InitializeIPDv02p1 extro.
20230515 082003.736 INFO             PET2   driver: InitializeIPDv02p3 intro.
20230515 082003.736 INFO             PET2     >>>driver: entered Initialize (phase=<none>) with current time:    0  1  1  0  0  0   0
20230515 082003.736 INFO             PET2     driver: IInitCheck intro.
20230515 082003.736 INFO             PET2     driver: IInitCheck extro.
20230515 082003.737 INFO             PET2     ATM1: InitializeIPDvXp04 intro.
20230515 082003.739 INFO             PET2     ATM1: InitializeIPDvXp04 extro.
20230515 082003.739 INFO             PET2     ATM2: InitializeIPDvXp04 intro.
20230515 082003.740 INFO             PET2     ATM2: InitializeIPDvXp04 extro.
20230515 082003.740 INFO             PET2     MED: InitializeIPDvXp04 intro.
20230515 082003.743 INFO             PET2     MED: InitializeIPDvXp04 extro.
20230515 082003.743 INFO             PET2     ATM1-TO-MED: InitializeIPDv05p4 intro.
20230515 082003.746 INFO             PET2     ATM1-TO-MED: InitializeIPDv05p4 extro.
20230515 082003.746 INFO             PET2     ATM2-TO-MED: InitializeIPDv05p4 intro.
20230515 082003.749 INFO             PET2     ATM2-TO-MED: InitializeIPDv05p4 extro.
20230515 082003.749 INFO             PET2     MED-TO-ATM1: InitializeIPDv05p4 intro.
20230515 082003.751 INFO             PET2     MED-TO-ATM1: InitializeIPDv05p4 extro.
20230515 082003.751 INFO             PET2     MED-TO-ATM2: InitializeIPDv05p4 intro.
20230515 082003.752 INFO             PET2     MED-TO-ATM2: InitializeIPDv05p4 extro.
20230515 082003.753 INFO             PET2     ATM1-TO-MED: InitializeIPDv05p5 intro.
20230515 082003.755 INFO             PET2     ATM1-TO-MED: InitializeIPDv05p5 extro.
20230515 082003.755 INFO             PET2     ATM2-TO-MED: InitializeIPDv05p5 intro.
20230515 082003.758 INFO             PET2     ATM2-TO-MED: InitializeIPDv05p5 extro.
20230515 082003.758 INFO             PET2     MED-TO-ATM1: InitializeIPDv05p5 intro.
20230515 082003.760 INFO             PET2     MED-TO-ATM1: InitializeIPDv05p5 extro.
20230515 082003.760 INFO             PET2     MED-TO-ATM2: InitializeIPDv05p5 intro.
20230515 082003.761 INFO             PET2     MED-TO-ATM2: InitializeIPDv05p5 extro.
20230515 082003.761 INFO             PET2     driver: IInitRealize intro.
20230515 082003.761 INFO             PET2     driver: IInitRealize extro.
20230515 082003.762 INFO             PET2     ATM1-TO-MED: InitializeIPDv05p6a intro.
20230515 082003.764 INFO             PET2     ATM1-TO-MED: InitializeIPDv05p6a extro.
20230515 082003.764 INFO             PET2     ATM2-TO-MED: InitializeIPDv05p6a intro.
20230515 082003.685 INFO             PET3 !!!!!!!!!!!!!!!!!!!!!!!!!!!!!!!!!!!!!!!!!!!!!!!!!!!!!!
20230515 082003.685 INFO             PET3 !!! THE ESMF_LOG IS SET TO OUTPUT ALL LOG MESSAGES !!!
20230515 082003.685 INFO             PET3 !!!     THIS MAY CAUSE SLOWDOWN IN PERFORMANCE     !!!
20230515 082003.685 INFO             PET3 !!! FOR PRODUCTION RUNS, USE:                      !!!
20230515 082003.685 INFO             PET3 !!!                   ESMF_LOGKIND_Multi_On_Error  !!!
20230515 082003.685 INFO             PET3 !!!!!!!!!!!!!!!!!!!!!!!!!!!!!!!!!!!!!!!!!!!!!!!!!!!!!!
20230515 082003.685 INFO             PET3 Running with ESMF Version   : v8.5.0b20-7-g842a2b6b0d
20230515 082003.685 INFO             PET3 ESMF library build date/time: "May 15 2023" "07:43:43"
20230515 082003.685 INFO             PET3 ESMF library build location : /scratch2/NCEPDEV/stmp1/Gerhard.Theurich/ESMF-Nightly-Testing/intel_2022.3.0_intelmpi_O_fix_profile_summary_at_scale/esmf
20230515 082003.685 INFO             PET3 ESMF_COMM                   : intelmpi
20230515 082003.686 INFO             PET3 ESMF_MOAB                   : enabled
20230515 082003.686 INFO             PET3 ESMF_LAPACK                 : enabled
20230515 082003.686 INFO             PET3 ESMF_NETCDF                 : enabled
20230515 082003.686 INFO             PET3 ESMF_PNETCDF                : disabled
20230515 082003.686 INFO             PET3 ESMF_PIO                    : enabled
20230515 082003.686 INFO             PET3 ESMF_YAMLCPP                : enabled
20230515 082003.687 INFO             PET3 mainApp STARTING
20230515 082003.689 INFO             PET3 driver: InitializeGeneric intro.
20230515 082003.689 INFO             PET3   driver: InitializeP0 intro.
20230515 082003.689 INFO             PET3   driver: InitializeP0 extro.
20230515 082003.689 INFO             PET3   driver: InitializeIPDv02p1 intro.
20230515 082003.689 INFO             PET3     >>>driver: entered Initialize (phase=<none>) without valid internal Clock.
20230515 082003.689 INFO             PET3     driver - Creating model component ATM1 without petList.
20230515 082003.690 INFO             PET3     driver - Creating model component ATM2 without petList.
20230515 082003.691 INFO             PET3     driver - Creating model component MED without petList.
20230515 082003.693 INFO             PET3     driver - Creating connector component ATM1-TO-MED without petList.
20230515 082003.695 INFO             PET3     driver - Creating connector component MED-TO-ATM1 without petList.
20230515 082003.696 INFO             PET3     driver - Creating connector component ATM2-TO-MED without petList.
20230515 082003.698 INFO             PET3     driver - Creating connector component MED-TO-ATM2 without petList.
20230515 082003.700 INFO             PET3     driver - Creating state: modelComp 1 Import State
20230515 082003.700 INFO             PET3     driver - Creating state: modelComp 1 Export State
20230515 082003.700 INFO             PET3     driver - Creating state: modelComp 2 Import State
20230515 082003.700 INFO             PET3     driver - Creating state: modelComp 2 Export State
20230515 082003.701 INFO             PET3     driver - Creating state: modelComp 3 Import State
20230515 082003.701 INFO             PET3     driver - Creating state: modelComp 3 Export State
20230515 082003.701 INFO             PET3     ATM1: InitializeP0 intro.
20230515 082003.701 INFO             PET3     ATM1: InitializeP0 extro.
20230515 082003.701 INFO             PET3     ATM2: InitializeP0 intro.
20230515 082003.702 INFO             PET3     ATM2: InitializeP0 extro.
20230515 082003.702 INFO             PET3     MED: InitializeP0 intro.
20230515 082003.702 INFO             PET3     MED: InitializeP0 extro.
20230515 082003.703 INFO             PET3     ATM1-TO-MED: InitializeP0 intro.
20230515 082003.703 INFO             PET3     ATM1-TO-MED: InitializeP0 extro.
20230515 082003.703 INFO             PET3     ATM2-TO-MED: InitializeP0 intro.
20230515 082003.703 INFO             PET3     ATM2-TO-MED: InitializeP0 extro.
20230515 082003.704 INFO             PET3     MED-TO-ATM1: InitializeP0 intro.
20230515 082003.704 INFO             PET3     MED-TO-ATM1: InitializeP0 extro.
20230515 082003.704 INFO             PET3     MED-TO-ATM2: InitializeP0 intro.
20230515 082003.704 INFO             PET3     MED-TO-ATM2: InitializeP0 extro.
20230515 082003.705 INFO             PET3     driver: IInitAdvertise intro.
20230515 082003.705 INFO             PET3     driver: IInitAdvertise extro.
20230515 082003.705 INFO             PET3     ATM1: InitializeIPDvXp01 intro.
20230515 082003.706 INFO             PET3     ATM1: InitializeIPDvXp01 extro.
20230515 082003.706 INFO             PET3     ATM2: InitializeIPDvXp01 intro.
20230515 082003.707 INFO             PET3     ATM2: InitializeIPDvXp01 extro.
20230515 082003.707 INFO             PET3     MED: InitializeIPDvXp01 intro.
20230515 082003.709 INFO             PET3     MED: InitializeIPDvXp01 extro.
20230515 082003.709 INFO             PET3     ATM1-TO-MED: InitializeIPDv05p1 intro.
20230515 082003.712 INFO             PET3     ATM1-TO-MED: InitializeIPDv05p1 extro.
20230515 082003.712 INFO             PET3     ATM2-TO-MED: InitializeIPDv05p1 intro.
20230515 082003.714 INFO             PET3     ATM2-TO-MED: InitializeIPDv05p1 extro.
20230515 082003.714 INFO             PET3     MED-TO-ATM1: InitializeIPDv05p1 intro.
20230515 082003.715 INFO             PET3     MED-TO-ATM1: InitializeIPDv05p1 extro.
20230515 082003.715 INFO             PET3     MED-TO-ATM2: InitializeIPDv05p1 intro.
20230515 082003.717 INFO             PET3     MED-TO-ATM2: InitializeIPDv05p1 extro.
20230515 082003.717 INFO             PET3     driver: IInitAdvertiseFinish intro.
20230515 082003.717 INFO             PET3     driver: IInitAdvertiseFinish extro.
20230515 082003.717 INFO             PET3     ATM1-TO-MED: InitializeIPDv05p2a intro.
20230515 082003.719 INFO             PET3     ATM1-TO-MED: InitializeIPDv05p2a extro.
20230515 082003.719 INFO             PET3     ATM2-TO-MED: InitializeIPDv05p2a intro.
20230515 082003.720 INFO             PET3     ATM2-TO-MED: InitializeIPDv05p2a extro.
20230515 082003.720 INFO             PET3     MED-TO-ATM1: InitializeIPDv05p2a intro.
20230515 082003.722 INFO             PET3     MED-TO-ATM1: InitializeIPDv05p2a extro.
20230515 082003.722 INFO             PET3     MED-TO-ATM2: InitializeIPDv05p2a intro.
20230515 082003.724 INFO             PET3     MED-TO-ATM2: InitializeIPDv05p2a extro.
20230515 082003.724 INFO             PET3     ATM1-TO-MED: InitializeIPDv05p2b intro.
20230515 082003.725 INFO             PET3     ATM1-TO-MED: InitializeIPDv05p2b extro.
20230515 082003.725 INFO             PET3     ATM2-TO-MED: InitializeIPDv05p2b intro.
20230515 082003.727 INFO             PET3     ATM2-TO-MED: InitializeIPDv05p2b extro.
20230515 082003.727 INFO             PET3     MED-TO-ATM1: InitializeIPDv05p2b intro.
20230515 082003.728 INFO             PET3     MED-TO-ATM1: InitializeIPDv05p2b extro.
20230515 082003.728 INFO             PET3     MED-TO-ATM2: InitializeIPDv05p2b intro.
20230515 082003.730 INFO             PET3     MED-TO-ATM2: InitializeIPDv05p2b extro.
20230515 082003.730 INFO             PET3     driver: IInitModifyCplLists intro.
20230515 082003.730 INFO             PET3     driver: IInitModifyCplLists extro.
20230515 082003.730 INFO             PET3     ATM1-TO-MED: InitializeIPDv05p3 intro.
20230515 082003.732 INFO             PET3     ATM1-TO-MED: InitializeIPDv05p3 extro.
20230515 082003.732 INFO             PET3     ATM2-TO-MED: InitializeIPDv05p3 intro.
20230515 082003.734 INFO             PET3     ATM2-TO-MED: InitializeIPDv05p3 extro.
20230515 082003.734 INFO             PET3     MED-TO-ATM1: InitializeIPDv05p3 intro.
20230515 082003.735 INFO             PET3     MED-TO-ATM1: InitializeIPDv05p3 extro.
20230515 082003.735 INFO             PET3     MED-TO-ATM2: InitializeIPDv05p3 intro.
20230515 082003.736 INFO             PET3     MED-TO-ATM2: InitializeIPDv05p3 extro.
20230515 082003.736 INFO             PET3     <<<driver: leaving Initialize (phase=<none>) with current time:    0  1  1  0  0  0   0
20230515 082003.736 INFO             PET3   driver: InitializeIPDv02p1 extro.
20230515 082003.736 INFO             PET3   driver: InitializeIPDv02p3 intro.
20230515 082003.736 INFO             PET3     >>>driver: entered Initialize (phase=<none>) with current time:    0  1  1  0  0  0   0
20230515 082003.736 INFO             PET3     driver: IInitCheck intro.
20230515 082003.736 INFO             PET3     driver: IInitCheck extro.
20230515 082003.737 INFO             PET3     ATM1: InitializeIPDvXp04 intro.
20230515 082003.738 INFO             PET3     ATM1: InitializeIPDvXp04 extro.
20230515 082003.739 INFO             PET3     ATM2: InitializeIPDvXp04 intro.
20230515 082003.740 INFO             PET3     ATM2: InitializeIPDvXp04 extro.
20230515 082003.740 INFO             PET3     MED: InitializeIPDvXp04 intro.
20230515 082003.743 INFO             PET3     MED: InitializeIPDvXp04 extro.
20230515 082003.743 INFO             PET3     ATM1-TO-MED: InitializeIPDv05p4 intro.
20230515 082003.746 INFO             PET3     ATM1-TO-MED: InitializeIPDv05p4 extro.
20230515 082003.746 INFO             PET3     ATM2-TO-MED: InitializeIPDv05p4 intro.
20230515 082003.749 INFO             PET3     ATM2-TO-MED: InitializeIPDv05p4 extro.
20230515 082003.749 INFO             PET3     MED-TO-ATM1: InitializeIPDv05p4 intro.
20230515 082003.751 INFO             PET3     MED-TO-ATM1: InitializeIPDv05p4 extro.
20230515 082003.751 INFO             PET3     MED-TO-ATM2: InitializeIPDv05p4 intro.
20230515 082003.752 INFO             PET3     MED-TO-ATM2: InitializeIPDv05p4 extro.
20230515 082003.752 INFO             PET3     ATM1-TO-MED: InitializeIPDv05p5 intro.
20230515 082003.755 INFO             PET3     ATM1-TO-MED: InitializeIPDv05p5 extro.
20230515 082003.755 INFO             PET3     ATM2-TO-MED: InitializeIPDv05p5 intro.
20230515 082003.758 INFO             PET3     ATM2-TO-MED: InitializeIPDv05p5 extro.
20230515 082003.758 INFO             PET3     MED-TO-ATM1: InitializeIPDv05p5 intro.
20230515 082003.760 INFO             PET3     MED-TO-ATM1: InitializeIPDv05p5 extro.
20230515 082003.760 INFO             PET3     MED-TO-ATM2: InitializeIPDv05p5 intro.
20230515 082003.761 INFO             PET3     MED-TO-ATM2: InitializeIPDv05p5 extro.
20230515 082003.761 INFO             PET3     driver: IInitRealize intro.
20230515 082003.761 INFO             PET3     driver: IInitRealize extro.
20230515 082003.762 INFO             PET3     ATM1-TO-MED: InitializeIPDv05p6a intro.
20230515 082003.764 INFO             PET3     ATM1-TO-MED: InitializeIPDv05p6a extro.
20230515 082003.764 INFO             PET3     ATM2-TO-MED: InitializeIPDv05p6a intro.
