2023-05-25 08:17:21
20230525 094157.574 INFO             PET0 !!!!!!!!!!!!!!!!!!!!!!!!!!!!!!!!!!!!!!!!!!!!!!!!!!!!!!
20230525 094157.575 INFO             PET0 !!! THE ESMF_LOG IS SET TO OUTPUT ALL LOG MESSAGES !!!
20230525 094157.575 INFO             PET0 !!!     THIS MAY CAUSE SLOWDOWN IN PERFORMANCE     !!!
20230525 094157.575 INFO             PET0 !!! FOR PRODUCTION RUNS, USE:                      !!!
20230525 094157.575 INFO             PET0 !!!                   ESMF_LOGKIND_Multi_On_Error  !!!
20230525 094157.575 INFO             PET0 !!!!!!!!!!!!!!!!!!!!!!!!!!!!!!!!!!!!!!!!!!!!!!!!!!!!!!
20230525 094157.575 INFO             PET0 Running with ESMF Version   : v8.5.0b22-9-g8a7c05f698
20230525 094157.575 INFO             PET0 ESMF library build date/time: "May 25 2023" "08:11:45"
20230525 094157.575 INFO             PET0 ESMF library build location : /scratch2/NCEPDEV/stmp1/Gerhard.Theurich/ESMF-Nightly-Testing/pgi_19.1_intelmpi_g_feature_use_yaml/esmf
20230525 094157.575 INFO             PET0 ESMF_COMM                   : intelmpi
20230525 094157.576 INFO             PET0 ESMF_MOAB                   : enabled
20230525 094157.576 INFO             PET0 ESMF_LAPACK                 : enabled
20230525 094157.576 INFO             PET0 ESMF_NETCDF                 : disabled
20230525 094157.576 INFO             PET0 ESMF_PNETCDF                : disabled
20230525 094157.576 INFO             PET0 ESMF_PIO                    : disabled
20230525 094157.576 INFO             PET0 ESMF_YAMLCPP                : enabled
20230525 094157.599 INFO             PET0 AsString: 1
20230525 094157.599 INFO             PET0 asOkay:  T valueI4:          1
20230525 094157.599 INFO             PET0 asOkay:  T valueI8:          1
20230525 094157.599 INFO             PET0 asOkay:  T valueR4:   1.000000
20230525 094157.599 INFO             PET0 asOkay:  T valueR8:   1.000000
20230525 094157.599 INFO             PET0 asOkay:  F valueL:           F
20230525 094157.599 INFO             PET0 AsString: 2
20230525 094157.599 INFO             PET0 asOkay:  T valueI4:          2
20230525 094157.599 INFO             PET0 asOkay:  T valueI8:          2
20230525 094157.599 INFO             PET0 asOkay:  T valueR4:   2.000000
20230525 094157.599 INFO             PET0 asOkay:  T valueR8:   2.000000
20230525 094157.599 INFO             PET0 asOkay:  F valueL:           F
20230525 094157.599 INFO             PET0 AsString: 3
20230525 094157.599 INFO             PET0 asOkay:  T valueI4:          3
20230525 094157.599 INFO             PET0 asOkay:  T valueI8:          3
20230525 094157.599 INFO             PET0 asOkay:  T valueR4:   3.000000
20230525 094157.599 INFO             PET0 asOkay:  T valueR8:   3.000000
20230525 094157.599 INFO             PET0 asOkay:  F valueL:           F
20230525 094157.599 INFO             PET0 AsString: abc
20230525 094157.599 INFO             PET0 asOkay:  F valueI4:          0
20230525 094157.599 INFO             PET0 asOkay:  F valueI8:          0
20230525 094157.599 INFO             PET0 asOkay:  F valueR4:   0.000000
20230525 094157.599 INFO             PET0 asOkay:  F valueR8:   0.000000
20230525 094157.599 INFO             PET0 asOkay:  F valueL:           F
20230525 094157.599 INFO             PET0 AsString: b
20230525 094157.599 INFO             PET0 asOkay:  F valueI4:          0
20230525 094157.599 INFO             PET0 asOkay:  F valueI8:          0
20230525 094157.599 INFO             PET0 asOkay:  F valueR4:   0.000000
20230525 094157.599 INFO             PET0 asOkay:  F valueR8:   0.000000
20230525 094157.599 INFO             PET0 asOkay:  F valueL:           F
20230525 094157.599 INFO             PET0 AsString: TRUE
20230525 094157.599 INFO             PET0 asOkay:  F valueI4:          0
20230525 094157.599 INFO             PET0 asOkay:  F valueI8:          0
20230525 094157.600 INFO             PET0 asOkay:  F valueR4:   0.000000
20230525 094157.600 INFO             PET0 asOkay:  F valueR8:   0.000000
20230525 094157.600 INFO             PET0 asOkay:  T valueL:           T
20230525 094157.600 INFO             PET0 AsString: TRUE
20230525 094157.600 INFO             PET0 asOkay:  F valueI4:          0
20230525 094157.600 INFO             PET0 asOkay:  F valueI8:          0
20230525 094157.600 INFO             PET0 asOkay:  F valueR4:   0.000000
20230525 094157.600 INFO             PET0 asOkay:  F valueR8:   0.000000
20230525 094157.600 INFO             PET0 asOkay:  T valueL:           T
20230525 094157.600 INFO             PET0 AsString: b
20230525 094157.600 INFO             PET0 asOkay:  F valueI4:          0
20230525 094157.600 INFO             PET0 asOkay:  F valueI8:          0
20230525 094157.600 INFO             PET0 asOkay:  F valueR4:   0.000000
20230525 094157.600 INFO             PET0 asOkay:  F valueR8:   0.000000
20230525 094157.600 INFO             PET0 asOkay:  F valueL:           F
20230525 094157.600 INFO             PET0 AsString: abc
20230525 094157.600 INFO             PET0 asOkay:  F valueI4:          0
20230525 094157.600 INFO             PET0 asOkay:  F valueI8:          0
20230525 094157.600 INFO             PET0 asOkay:  F valueR4:   0.000000
20230525 094157.600 INFO             PET0 asOkay:  F valueR8:   0.000000
20230525 094157.600 INFO             PET0 asOkay:  F valueL:           F
20230525 094157.600 INFO             PET0 AsString: 3
20230525 094157.600 INFO             PET0 asOkay:  T valueI4:          3
20230525 094157.600 INFO             PET0 asOkay:  T valueI8:          3
20230525 094157.600 INFO             PET0 asOkay:  T valueR4:   3.000000
20230525 094157.600 INFO             PET0 asOkay:  T valueR8:   3.000000
20230525 094157.600 INFO             PET0 asOkay:  F valueL:           F
20230525 094157.600 INFO             PET0 AsString: 2
20230525 094157.600 INFO             PET0 asOkay:  T valueI4:          2
20230525 094157.600 INFO             PET0 asOkay:  T valueI8:          2
20230525 094157.600 INFO             PET0 asOkay:  T valueR4:   2.000000
20230525 094157.600 INFO             PET0 asOkay:  T valueR8:   2.000000
20230525 094157.600 INFO             PET0 asOkay:  F valueL:           F
20230525 094157.600 INFO             PET0 AsString: 1
20230525 094157.600 INFO             PET0 asOkay:  T valueI4:          1
20230525 094157.600 INFO             PET0 asOkay:  T valueI8:          1
20230525 094157.600 INFO             PET0 asOkay:  T valueR4:   1.000000
20230525 094157.600 INFO             PET0 asOkay:  T valueR8:   1.000000
20230525 094157.600 INFO             PET0 asOkay:  F valueL:           F
20230525 094157.601 INFO             PET0 map key=car map value: AsString: red
20230525 094157.601 INFO             PET0 map key=       car map value: asOkay:  F valueI4:          0
20230525 094157.601 INFO             PET0 map key=       car map value: asOkay:  F valueI8:          0
20230525 094157.601 INFO             PET0 map key=       car map value: asOkay:  F valueR4:   0.000000
20230525 094157.601 INFO             PET0 map key=       car map value: asOkay:  F valueR8:   0.000000
20230525 094157.601 INFO             PET0 map key=       car map value: asOkay:  F valueL:          F
20230525 094157.601 INFO             PET0 map key=bike map value: AsString: 22
20230525 094157.601 INFO             PET0 map key=      bike map value: asOkay:  T valueI4:         22
20230525 094157.601 INFO             PET0 map key=      bike map value: asOkay:  T valueI8:         22
20230525 094157.601 INFO             PET0 map key=      bike map value: asOkay:  T valueR4:  22.000000
20230525 094157.601 INFO             PET0 map key=      bike map value: asOkay:  T valueR8:  22.000000
20230525 094157.601 INFO             PET0 map key=      bike map value: asOkay:  F valueL:          F
20230525 094157.601 INFO             PET0 map key=plane map value: AsString: TRUE
20230525 094157.601 INFO             PET0 map key=     plane map value: asOkay:  F valueI4:          0
20230525 094157.601 INFO             PET0 map key=     plane map value: asOkay:  F valueI8:          0
20230525 094157.601 INFO             PET0 map key=     plane map value: asOkay:  F valueR4:   0.000000
20230525 094157.601 INFO             PET0 map key=     plane map value: asOkay:  F valueR8:   0.000000
20230525 094157.601 INFO             PET0 map key=     plane map value: asOkay:  T valueL:          T
20230525 094157.573 INFO             PET1 !!!!!!!!!!!!!!!!!!!!!!!!!!!!!!!!!!!!!!!!!!!!!!!!!!!!!!
20230525 094157.574 INFO             PET1 !!! THE ESMF_LOG IS SET TO OUTPUT ALL LOG MESSAGES !!!
20230525 094157.575 INFO             PET1 !!!     THIS MAY CAUSE SLOWDOWN IN PERFORMANCE     !!!
20230525 094157.575 INFO             PET1 !!! FOR PRODUCTION RUNS, USE:                      !!!
20230525 094157.575 INFO             PET1 !!!                   ESMF_LOGKIND_Multi_On_Error  !!!
20230525 094157.575 INFO             PET1 !!!!!!!!!!!!!!!!!!!!!!!!!!!!!!!!!!!!!!!!!!!!!!!!!!!!!!
20230525 094157.575 INFO             PET1 Running with ESMF Version   : v8.5.0b22-9-g8a7c05f698
20230525 094157.575 INFO             PET1 ESMF library build date/time: "May 25 2023" "08:11:45"
20230525 094157.575 INFO             PET1 ESMF library build location : /scratch2/NCEPDEV/stmp1/Gerhard.Theurich/ESMF-Nightly-Testing/pgi_19.1_intelmpi_g_feature_use_yaml/esmf
20230525 094157.575 INFO             PET1 ESMF_COMM                   : intelmpi
20230525 094157.575 INFO             PET1 ESMF_MOAB                   : enabled
20230525 094157.575 INFO             PET1 ESMF_LAPACK                 : enabled
20230525 094157.575 INFO             PET1 ESMF_NETCDF                 : disabled
20230525 094157.575 INFO             PET1 ESMF_PNETCDF                : disabled
20230525 094157.575 INFO             PET1 ESMF_PIO                    : disabled
20230525 094157.575 INFO             PET1 ESMF_YAMLCPP                : enabled
20230525 094157.599 INFO             PET1 AsString: 1
20230525 094157.599 INFO             PET1 asOkay:  T valueI4:          1
20230525 094157.599 INFO             PET1 asOkay:  T valueI8:          1
20230525 094157.599 INFO             PET1 asOkay:  T valueR4:   1.000000
20230525 094157.599 INFO             PET1 asOkay:  T valueR8:   1.000000
20230525 094157.599 INFO             PET1 asOkay:  F valueL:           F
20230525 094157.599 INFO             PET1 AsString: 2
20230525 094157.599 INFO             PET1 asOkay:  T valueI4:          2
20230525 094157.599 INFO             PET1 asOkay:  T valueI8:          2
20230525 094157.599 INFO             PET1 asOkay:  T valueR4:   2.000000
20230525 094157.599 INFO             PET1 asOkay:  T valueR8:   2.000000
20230525 094157.599 INFO             PET1 asOkay:  F valueL:           F
20230525 094157.599 INFO             PET1 AsString: 3
20230525 094157.599 INFO             PET1 asOkay:  T valueI4:          3
20230525 094157.600 INFO             PET1 asOkay:  T valueI8:          3
20230525 094157.600 INFO             PET1 asOkay:  T valueR4:   3.000000
20230525 094157.600 INFO             PET1 asOkay:  T valueR8:   3.000000
20230525 094157.600 INFO             PET1 asOkay:  F valueL:           F
20230525 094157.600 INFO             PET1 AsString: abc
20230525 094157.600 INFO             PET1 asOkay:  F valueI4:          0
20230525 094157.600 INFO             PET1 asOkay:  F valueI8:          0
20230525 094157.600 INFO             PET1 asOkay:  F valueR4:   0.000000
20230525 094157.600 INFO             PET1 asOkay:  F valueR8:   0.000000
20230525 094157.600 INFO             PET1 asOkay:  F valueL:           F
20230525 094157.600 INFO             PET1 AsString: b
20230525 094157.600 INFO             PET1 asOkay:  F valueI4:          0
20230525 094157.600 INFO             PET1 asOkay:  F valueI8:          0
20230525 094157.600 INFO             PET1 asOkay:  F valueR4:   0.000000
20230525 094157.600 INFO             PET1 asOkay:  F valueR8:   0.000000
20230525 094157.600 INFO             PET1 asOkay:  F valueL:           F
20230525 094157.600 INFO             PET1 AsString: TRUE
20230525 094157.600 INFO             PET1 asOkay:  F valueI4:          0
20230525 094157.600 INFO             PET1 asOkay:  F valueI8:          0
20230525 094157.600 INFO             PET1 asOkay:  F valueR4:   0.000000
20230525 094157.600 INFO             PET1 asOkay:  F valueR8:   0.000000
20230525 094157.600 INFO             PET1 asOkay:  T valueL:           T
20230525 094157.600 INFO             PET1 AsString: TRUE
20230525 094157.600 INFO             PET1 asOkay:  F valueI4:          0
20230525 094157.600 INFO             PET1 asOkay:  F valueI8:          0
20230525 094157.600 INFO             PET1 asOkay:  F valueR4:   0.000000
20230525 094157.600 INFO             PET1 asOkay:  F valueR8:   0.000000
20230525 094157.600 INFO             PET1 asOkay:  T valueL:           T
20230525 094157.600 INFO             PET1 AsString: b
20230525 094157.600 INFO             PET1 asOkay:  F valueI4:          0
20230525 094157.600 INFO             PET1 asOkay:  F valueI8:          0
20230525 094157.600 INFO             PET1 asOkay:  F valueR4:   0.000000
20230525 094157.600 INFO             PET1 asOkay:  F valueR8:   0.000000
20230525 094157.600 INFO             PET1 asOkay:  F valueL:           F
20230525 094157.600 INFO             PET1 AsString: abc
20230525 094157.600 INFO             PET1 asOkay:  F valueI4:          0
20230525 094157.600 INFO             PET1 asOkay:  F valueI8:          0
20230525 094157.600 INFO             PET1 asOkay:  F valueR4:   0.000000
20230525 094157.600 INFO             PET1 asOkay:  F valueR8:   0.000000
20230525 094157.600 INFO             PET1 asOkay:  F valueL:           F
20230525 094157.600 INFO             PET1 AsString: 3
20230525 094157.600 INFO             PET1 asOkay:  T valueI4:          3
20230525 094157.601 INFO             PET1 asOkay:  T valueI8:          3
20230525 094157.601 INFO             PET1 asOkay:  T valueR4:   3.000000
20230525 094157.601 INFO             PET1 asOkay:  T valueR8:   3.000000
20230525 094157.601 INFO             PET1 asOkay:  F valueL:           F
20230525 094157.601 INFO             PET1 AsString: 2
20230525 094157.601 INFO             PET1 asOkay:  T valueI4:          2
20230525 094157.601 INFO             PET1 asOkay:  T valueI8:          2
20230525 094157.601 INFO             PET1 asOkay:  T valueR4:   2.000000
20230525 094157.601 INFO             PET1 asOkay:  T valueR8:   2.000000
20230525 094157.601 INFO             PET1 asOkay:  F valueL:           F
20230525 094157.601 INFO             PET1 AsString: 1
20230525 094157.601 INFO             PET1 asOkay:  T valueI4:          1
20230525 094157.601 INFO             PET1 asOkay:  T valueI8:          1
20230525 094157.601 INFO             PET1 asOkay:  T valueR4:   1.000000
20230525 094157.601 INFO             PET1 asOkay:  T valueR8:   1.000000
20230525 094157.601 INFO             PET1 asOkay:  F valueL:           F
20230525 094157.601 INFO             PET1 map key=car map value: AsString: red
20230525 094157.601 INFO             PET1 map key=       car map value: asOkay:  F valueI4:          0
20230525 094157.601 INFO             PET1 map key=       car map value: asOkay:  F valueI8:          0
20230525 094157.601 INFO             PET1 map key=       car map value: asOkay:  F valueR4:   0.000000
20230525 094157.601 INFO             PET1 map key=       car map value: asOkay:  F valueR8:   0.000000
20230525 094157.601 INFO             PET1 map key=       car map value: asOkay:  F valueL:          F
20230525 094157.601 INFO             PET1 map key=bike map value: AsString: 22
20230525 094157.601 INFO             PET1 map key=      bike map value: asOkay:  T valueI4:         22
20230525 094157.601 INFO             PET1 map key=      bike map value: asOkay:  T valueI8:         22
20230525 094157.601 INFO             PET1 map key=      bike map value: asOkay:  T valueR4:  22.000000
20230525 094157.601 INFO             PET1 map key=      bike map value: asOkay:  T valueR8:  22.000000
20230525 094157.601 INFO             PET1 map key=      bike map value: asOkay:  F valueL:          F
20230525 094157.601 INFO             PET1 map key=plane map value: AsString: TRUE
20230525 094157.602 INFO             PET1 map key=     plane map value: asOkay:  F valueI4:          0
20230525 094157.602 INFO             PET1 map key=     plane map value: asOkay:  F valueI8:          0
20230525 094157.602 INFO             PET1 map key=     plane map value: asOkay:  F valueR4:   0.000000
20230525 094157.602 INFO             PET1 map key=     plane map value: asOkay:  F valueR8:   0.000000
20230525 094157.602 INFO             PET1 map key=     plane map value: asOkay:  T valueL:          T
20230525 094157.574 INFO             PET2 !!!!!!!!!!!!!!!!!!!!!!!!!!!!!!!!!!!!!!!!!!!!!!!!!!!!!!
20230525 094157.575 INFO             PET2 !!! THE ESMF_LOG IS SET TO OUTPUT ALL LOG MESSAGES !!!
20230525 094157.575 INFO             PET2 !!!     THIS MAY CAUSE SLOWDOWN IN PERFORMANCE     !!!
20230525 094157.575 INFO             PET2 !!! FOR PRODUCTION RUNS, USE:                      !!!
20230525 094157.575 INFO             PET2 !!!                   ESMF_LOGKIND_Multi_On_Error  !!!
20230525 094157.575 INFO             PET2 !!!!!!!!!!!!!!!!!!!!!!!!!!!!!!!!!!!!!!!!!!!!!!!!!!!!!!
20230525 094157.575 INFO             PET2 Running with ESMF Version   : v8.5.0b22-9-g8a7c05f698
20230525 094157.575 INFO             PET2 ESMF library build date/time: "May 25 2023" "08:11:45"
20230525 094157.575 INFO             PET2 ESMF library build location : /scratch2/NCEPDEV/stmp1/Gerhard.Theurich/ESMF-Nightly-Testing/pgi_19.1_intelmpi_g_feature_use_yaml/esmf
20230525 094157.575 INFO             PET2 ESMF_COMM                   : intelmpi
20230525 094157.576 INFO             PET2 ESMF_MOAB                   : enabled
20230525 094157.576 INFO             PET2 ESMF_LAPACK                 : enabled
20230525 094157.576 INFO             PET2 ESMF_NETCDF                 : disabled
20230525 094157.576 INFO             PET2 ESMF_PNETCDF                : disabled
20230525 094157.576 INFO             PET2 ESMF_PIO                    : disabled
20230525 094157.576 INFO             PET2 ESMF_YAMLCPP                : enabled
20230525 094157.599 INFO             PET2 AsString: 1
20230525 094157.599 INFO             PET2 asOkay:  T valueI4:          1
20230525 094157.599 INFO             PET2 asOkay:  T valueI8:          1
20230525 094157.599 INFO             PET2 asOkay:  T valueR4:   1.000000
20230525 094157.599 INFO             PET2 asOkay:  T valueR8:   1.000000
20230525 094157.599 INFO             PET2 asOkay:  F valueL:           F
20230525 094157.599 INFO             PET2 AsString: 2
20230525 094157.599 INFO             PET2 asOkay:  T valueI4:          2
20230525 094157.599 INFO             PET2 asOkay:  T valueI8:          2
20230525 094157.599 INFO             PET2 asOkay:  T valueR4:   2.000000
20230525 094157.599 INFO             PET2 asOkay:  T valueR8:   2.000000
20230525 094157.599 INFO             PET2 asOkay:  F valueL:           F
20230525 094157.599 INFO             PET2 AsString: 3
20230525 094157.599 INFO             PET2 asOkay:  T valueI4:          3
20230525 094157.599 INFO             PET2 asOkay:  T valueI8:          3
20230525 094157.599 INFO             PET2 asOkay:  T valueR4:   3.000000
20230525 094157.599 INFO             PET2 asOkay:  T valueR8:   3.000000
20230525 094157.599 INFO             PET2 asOkay:  F valueL:           F
20230525 094157.599 INFO             PET2 AsString: abc
20230525 094157.599 INFO             PET2 asOkay:  F valueI4:          0
20230525 094157.599 INFO             PET2 asOkay:  F valueI8:          0
20230525 094157.599 INFO             PET2 asOkay:  F valueR4:   0.000000
20230525 094157.599 INFO             PET2 asOkay:  F valueR8:   0.000000
20230525 094157.599 INFO             PET2 asOkay:  F valueL:           F
20230525 094157.599 INFO             PET2 AsString: b
20230525 094157.599 INFO             PET2 asOkay:  F valueI4:          0
20230525 094157.599 INFO             PET2 asOkay:  F valueI8:          0
20230525 094157.599 INFO             PET2 asOkay:  F valueR4:   0.000000
20230525 094157.599 INFO             PET2 asOkay:  F valueR8:   0.000000
20230525 094157.599 INFO             PET2 asOkay:  F valueL:           F
20230525 094157.599 INFO             PET2 AsString: TRUE
20230525 094157.599 INFO             PET2 asOkay:  F valueI4:          0
20230525 094157.599 INFO             PET2 asOkay:  F valueI8:          0
20230525 094157.599 INFO             PET2 asOkay:  F valueR4:   0.000000
20230525 094157.599 INFO             PET2 asOkay:  F valueR8:   0.000000
20230525 094157.600 INFO             PET2 asOkay:  T valueL:           T
20230525 094157.600 INFO             PET2 AsString: TRUE
20230525 094157.600 INFO             PET2 asOkay:  F valueI4:          0
20230525 094157.600 INFO             PET2 asOkay:  F valueI8:          0
20230525 094157.600 INFO             PET2 asOkay:  F valueR4:   0.000000
20230525 094157.600 INFO             PET2 asOkay:  F valueR8:   0.000000
20230525 094157.600 INFO             PET2 asOkay:  T valueL:           T
20230525 094157.600 INFO             PET2 AsString: b
20230525 094157.600 INFO             PET2 asOkay:  F valueI4:          0
20230525 094157.600 INFO             PET2 asOkay:  F valueI8:          0
20230525 094157.600 INFO             PET2 asOkay:  F valueR4:   0.000000
20230525 094157.600 INFO             PET2 asOkay:  F valueR8:   0.000000
20230525 094157.600 INFO             PET2 asOkay:  F valueL:           F
20230525 094157.600 INFO             PET2 AsString: abc
20230525 094157.600 INFO             PET2 asOkay:  F valueI4:          0
20230525 094157.600 INFO             PET2 asOkay:  F valueI8:          0
20230525 094157.600 INFO             PET2 asOkay:  F valueR4:   0.000000
20230525 094157.600 INFO             PET2 asOkay:  F valueR8:   0.000000
20230525 094157.600 INFO             PET2 asOkay:  F valueL:           F
20230525 094157.600 INFO             PET2 AsString: 3
20230525 094157.600 INFO             PET2 asOkay:  T valueI4:          3
20230525 094157.600 INFO             PET2 asOkay:  T valueI8:          3
20230525 094157.600 INFO             PET2 asOkay:  T valueR4:   3.000000
20230525 094157.600 INFO             PET2 asOkay:  T valueR8:   3.000000
20230525 094157.600 INFO             PET2 asOkay:  F valueL:           F
20230525 094157.600 INFO             PET2 AsString: 2
20230525 094157.600 INFO             PET2 asOkay:  T valueI4:          2
20230525 094157.600 INFO             PET2 asOkay:  T valueI8:          2
20230525 094157.600 INFO             PET2 asOkay:  T valueR4:   2.000000
20230525 094157.600 INFO             PET2 asOkay:  T valueR8:   2.000000
20230525 094157.600 INFO             PET2 asOkay:  F valueL:           F
20230525 094157.600 INFO             PET2 AsString: 1
20230525 094157.600 INFO             PET2 asOkay:  T valueI4:          1
20230525 094157.600 INFO             PET2 asOkay:  T valueI8:          1
20230525 094157.600 INFO             PET2 asOkay:  T valueR4:   1.000000
20230525 094157.600 INFO             PET2 asOkay:  T valueR8:   1.000000
20230525 094157.600 INFO             PET2 asOkay:  F valueL:           F
20230525 094157.601 INFO             PET2 map key=car map value: AsString: red
20230525 094157.601 INFO             PET2 map key=       car map value: asOkay:  F valueI4:          0
20230525 094157.601 INFO             PET2 map key=       car map value: asOkay:  F valueI8:          0
20230525 094157.601 INFO             PET2 map key=       car map value: asOkay:  F valueR4:   0.000000
20230525 094157.601 INFO             PET2 map key=       car map value: asOkay:  F valueR8:   0.000000
20230525 094157.601 INFO             PET2 map key=       car map value: asOkay:  F valueL:          F
20230525 094157.601 INFO             PET2 map key=bike map value: AsString: 22
20230525 094157.601 INFO             PET2 map key=      bike map value: asOkay:  T valueI4:         22
20230525 094157.601 INFO             PET2 map key=      bike map value: asOkay:  T valueI8:         22
20230525 094157.601 INFO             PET2 map key=      bike map value: asOkay:  T valueR4:  22.000000
20230525 094157.601 INFO             PET2 map key=      bike map value: asOkay:  T valueR8:  22.000000
20230525 094157.601 INFO             PET2 map key=      bike map value: asOkay:  F valueL:          F
20230525 094157.601 INFO             PET2 map key=plane map value: AsString: TRUE
20230525 094157.601 INFO             PET2 map key=     plane map value: asOkay:  F valueI4:          0
20230525 094157.601 INFO             PET2 map key=     plane map value: asOkay:  F valueI8:          0
20230525 094157.601 INFO             PET2 map key=     plane map value: asOkay:  F valueR4:   0.000000
20230525 094157.601 INFO             PET2 map key=     plane map value: asOkay:  F valueR8:   0.000000
20230525 094157.601 INFO             PET2 map key=     plane map value: asOkay:  T valueL:          T
20230525 094157.574 INFO             PET3 !!!!!!!!!!!!!!!!!!!!!!!!!!!!!!!!!!!!!!!!!!!!!!!!!!!!!!
20230525 094157.575 INFO             PET3 !!! THE ESMF_LOG IS SET TO OUTPUT ALL LOG MESSAGES !!!
20230525 094157.575 INFO             PET3 !!!     THIS MAY CAUSE SLOWDOWN IN PERFORMANCE     !!!
20230525 094157.575 INFO             PET3 !!! FOR PRODUCTION RUNS, USE:                      !!!
20230525 094157.575 INFO             PET3 !!!                   ESMF_LOGKIND_Multi_On_Error  !!!
20230525 094157.575 INFO             PET3 !!!!!!!!!!!!!!!!!!!!!!!!!!!!!!!!!!!!!!!!!!!!!!!!!!!!!!
20230525 094157.575 INFO             PET3 Running with ESMF Version   : v8.5.0b22-9-g8a7c05f698
20230525 094157.575 INFO             PET3 ESMF library build date/time: "May 25 2023" "08:11:45"
20230525 094157.575 INFO             PET3 ESMF library build location : /scratch2/NCEPDEV/stmp1/Gerhard.Theurich/ESMF-Nightly-Testing/pgi_19.1_intelmpi_g_feature_use_yaml/esmf
20230525 094157.575 INFO             PET3 ESMF_COMM                   : intelmpi
20230525 094157.576 INFO             PET3 ESMF_MOAB                   : enabled
20230525 094157.576 INFO             PET3 ESMF_LAPACK                 : enabled
20230525 094157.576 INFO             PET3 ESMF_NETCDF                 : disabled
20230525 094157.576 INFO             PET3 ESMF_PNETCDF                : disabled
20230525 094157.576 INFO             PET3 ESMF_PIO                    : disabled
20230525 094157.576 INFO             PET3 ESMF_YAMLCPP                : enabled
20230525 094157.599 INFO             PET3 AsString: 1
20230525 094157.599 INFO             PET3 asOkay:  T valueI4:          1
20230525 094157.599 INFO             PET3 asOkay:  T valueI8:          1
20230525 094157.599 INFO             PET3 asOkay:  T valueR4:   1.000000
20230525 094157.599 INFO             PET3 asOkay:  T valueR8:   1.000000
20230525 094157.599 INFO             PET3 asOkay:  F valueL:           F
20230525 094157.599 INFO             PET3 AsString: 2
20230525 094157.599 INFO             PET3 asOkay:  T valueI4:          2
20230525 094157.599 INFO             PET3 asOkay:  T valueI8:          2
20230525 094157.599 INFO             PET3 asOkay:  T valueR4:   2.000000
20230525 094157.599 INFO             PET3 asOkay:  T valueR8:   2.000000
20230525 094157.599 INFO             PET3 asOkay:  F valueL:           F
20230525 094157.599 INFO             PET3 AsString: 3
20230525 094157.599 INFO             PET3 asOkay:  T valueI4:          3
20230525 094157.599 INFO             PET3 asOkay:  T valueI8:          3
20230525 094157.599 INFO             PET3 asOkay:  T valueR4:   3.000000
20230525 094157.599 INFO             PET3 asOkay:  T valueR8:   3.000000
20230525 094157.599 INFO             PET3 asOkay:  F valueL:           F
20230525 094157.599 INFO             PET3 AsString: abc
20230525 094157.599 INFO             PET3 asOkay:  F valueI4:          0
20230525 094157.599 INFO             PET3 asOkay:  F valueI8:          0
20230525 094157.599 INFO             PET3 asOkay:  F valueR4:   0.000000
20230525 094157.600 INFO             PET3 asOkay:  F valueR8:   0.000000
20230525 094157.600 INFO             PET3 asOkay:  F valueL:           F
20230525 094157.600 INFO             PET3 AsString: b
20230525 094157.600 INFO             PET3 asOkay:  F valueI4:          0
20230525 094157.600 INFO             PET3 asOkay:  F valueI8:          0
20230525 094157.600 INFO             PET3 asOkay:  F valueR4:   0.000000
20230525 094157.600 INFO             PET3 asOkay:  F valueR8:   0.000000
20230525 094157.600 INFO             PET3 asOkay:  F valueL:           F
20230525 094157.600 INFO             PET3 AsString: TRUE
20230525 094157.600 INFO             PET3 asOkay:  F valueI4:          0
20230525 094157.600 INFO             PET3 asOkay:  F valueI8:          0
20230525 094157.600 INFO             PET3 asOkay:  F valueR4:   0.000000
20230525 094157.600 INFO             PET3 asOkay:  F valueR8:   0.000000
20230525 094157.600 INFO             PET3 asOkay:  T valueL:           T
20230525 094157.600 INFO             PET3 AsString: TRUE
20230525 094157.600 INFO             PET3 asOkay:  F valueI4:          0
20230525 094157.600 INFO             PET3 asOkay:  F valueI8:          0
20230525 094157.600 INFO             PET3 asOkay:  F valueR4:   0.000000
20230525 094157.600 INFO             PET3 asOkay:  F valueR8:   0.000000
20230525 094157.600 INFO             PET3 asOkay:  T valueL:           T
20230525 094157.600 INFO             PET3 AsString: b
20230525 094157.600 INFO             PET3 asOkay:  F valueI4:          0
20230525 094157.600 INFO             PET3 asOkay:  F valueI8:          0
20230525 094157.600 INFO             PET3 asOkay:  F valueR4:   0.000000
20230525 094157.600 INFO             PET3 asOkay:  F valueR8:   0.000000
20230525 094157.600 INFO             PET3 asOkay:  F valueL:           F
20230525 094157.600 INFO             PET3 AsString: abc
20230525 094157.600 INFO             PET3 asOkay:  F valueI4:          0
20230525 094157.600 INFO             PET3 asOkay:  F valueI8:          0
20230525 094157.600 INFO             PET3 asOkay:  F valueR4:   0.000000
20230525 094157.600 INFO             PET3 asOkay:  F valueR8:   0.000000
20230525 094157.600 INFO             PET3 asOkay:  F valueL:           F
20230525 094157.600 INFO             PET3 AsString: 3
20230525 094157.600 INFO             PET3 asOkay:  T valueI4:          3
20230525 094157.600 INFO             PET3 asOkay:  T valueI8:          3
20230525 094157.600 INFO             PET3 asOkay:  T valueR4:   3.000000
20230525 094157.600 INFO             PET3 asOkay:  T valueR8:   3.000000
20230525 094157.600 INFO             PET3 asOkay:  F valueL:           F
20230525 094157.600 INFO             PET3 AsString: 2
20230525 094157.600 INFO             PET3 asOkay:  T valueI4:          2
20230525 094157.600 INFO             PET3 asOkay:  T valueI8:          2
20230525 094157.600 INFO             PET3 asOkay:  T valueR4:   2.000000
20230525 094157.600 INFO             PET3 asOkay:  T valueR8:   2.000000
20230525 094157.600 INFO             PET3 asOkay:  F valueL:           F
20230525 094157.600 INFO             PET3 AsString: 1
20230525 094157.600 INFO             PET3 asOkay:  T valueI4:          1
20230525 094157.600 INFO             PET3 asOkay:  T valueI8:          1
20230525 094157.600 INFO             PET3 asOkay:  T valueR4:   1.000000
20230525 094157.600 INFO             PET3 asOkay:  T valueR8:   1.000000
20230525 094157.600 INFO             PET3 asOkay:  F valueL:           F
20230525 094157.601 INFO             PET3 map key=car map value: AsString: red
20230525 094157.601 INFO             PET3 map key=       car map value: asOkay:  F valueI4:          0
20230525 094157.601 INFO             PET3 map key=       car map value: asOkay:  F valueI8:          0
20230525 094157.601 INFO             PET3 map key=       car map value: asOkay:  F valueR4:   0.000000
20230525 094157.601 INFO             PET3 map key=       car map value: asOkay:  F valueR8:   0.000000
20230525 094157.601 INFO             PET3 map key=       car map value: asOkay:  F valueL:          F
20230525 094157.601 INFO             PET3 map key=bike map value: AsString: 22
20230525 094157.601 INFO             PET3 map key=      bike map value: asOkay:  T valueI4:         22
20230525 094157.601 INFO             PET3 map key=      bike map value: asOkay:  T valueI8:         22
20230525 094157.601 INFO             PET3 map key=      bike map value: asOkay:  T valueR4:  22.000000
20230525 094157.601 INFO             PET3 map key=      bike map value: asOkay:  T valueR8:  22.000000
20230525 094157.601 INFO             PET3 map key=      bike map value: asOkay:  F valueL:          F
20230525 094157.601 INFO             PET3 map key=plane map value: AsString: TRUE
20230525 094157.601 INFO             PET3 map key=     plane map value: asOkay:  F valueI4:          0
20230525 094157.601 INFO             PET3 map key=     plane map value: asOkay:  F valueI8:          0
20230525 094157.601 INFO             PET3 map key=     plane map value: asOkay:  F valueR4:   0.000000
20230525 094157.601 INFO             PET3 map key=     plane map value: asOkay:  F valueR8:   0.000000
20230525 094157.601 INFO             PET3 map key=     plane map value: asOkay:  T valueL:          T
