2023-05-05 00:40:51
20230505 010655.765 INFO             PET0 !!!!!!!!!!!!!!!!!!!!!!!!!!!!!!!!!!!!!!!!!!!!!!!!!!!!!!
20230505 010655.765 INFO             PET0 !!! THE ESMF_LOG IS SET TO OUTPUT ALL LOG MESSAGES !!!
20230505 010655.765 INFO             PET0 !!!     THIS MAY CAUSE SLOWDOWN IN PERFORMANCE     !!!
20230505 010655.765 INFO             PET0 !!! FOR PRODUCTION RUNS, USE:                      !!!
20230505 010655.765 INFO             PET0 !!!                   ESMF_LOGKIND_Multi_On_Error  !!!
20230505 010655.765 INFO             PET0 !!!!!!!!!!!!!!!!!!!!!!!!!!!!!!!!!!!!!!!!!!!!!!!!!!!!!!
20230505 010655.765 INFO             PET0 Running with ESMF Version   : v8.5.0b20-1-g9196001a9b
20230505 010655.765 INFO             PET0 ESMF library build date/time: "May  5 2023" "00:39:17"
20230505 010655.765 INFO             PET0 ESMF library build location : /global/cscratch1/sd/theurich/ESMF-Nightly-Testing/intel_19.1.2_mpiuni_O_develop/esmf
20230505 010655.765 INFO             PET0 ESMF_COMM                   : mpiuni
20230505 010655.766 INFO             PET0 ESMF_MOAB                   : enabled
20230505 010655.766 INFO             PET0 ESMF_LAPACK                 : enabled
20230505 010655.766 INFO             PET0 ESMF_NETCDF                 : enabled
20230505 010655.766 INFO             PET0 ESMF_PNETCDF                : disabled
20230505 010655.766 INFO             PET0 ESMF_PIO                    : disabled
20230505 010655.766 INFO             PET0 ESMF_YAMLCPP                : enabled
20230505 010655.768 INFO             PET0  NUMBER_OF_PROCESSORS           1
20230505 010655.768 INFO             PET0  PASS  Example ESMF_WebServicesEx, ESMF_WebServicesEx.F90, line 227
20230505 010655.768 INFO             PET0 Finalizing ESMF
