2023-05-10 18:18:49
20230510 190042.974 INFO             PET0 !!!!!!!!!!!!!!!!!!!!!!!!!!!!!!!!!!!!!!!!!!!!!!!!!!!!!!
20230510 190042.974 INFO             PET0 !!! THE ESMF_LOG IS SET TO OUTPUT ALL LOG MESSAGES !!!
20230510 190042.974 INFO             PET0 !!!     THIS MAY CAUSE SLOWDOWN IN PERFORMANCE     !!!
20230510 190042.974 INFO             PET0 !!! FOR PRODUCTION RUNS, USE:                      !!!
20230510 190042.974 INFO             PET0 !!!                   ESMF_LOGKIND_Multi_On_Error  !!!
20230510 190042.974 INFO             PET0 !!!!!!!!!!!!!!!!!!!!!!!!!!!!!!!!!!!!!!!!!!!!!!!!!!!!!!
20230510 190042.974 INFO             PET0 Running with ESMF Version   : v8.5.0b18-9-g15f3b88d4b
20230510 190042.974 INFO             PET0 ESMF library build date/time: "May 10 2023" "18:16:45"
20230510 190042.974 INFO             PET0 ESMF library build location : /glade/gust/scratch/theurich/ESMF-Nightly-Testing/nvhpc_23.1_mpi_g_feature_fill_nan/esmf
20230510 190042.974 INFO             PET0 ESMF_COMM                   : mpi
20230510 190042.975 INFO             PET0 ESMF_MOAB                   : enabled
20230510 190042.975 INFO             PET0 ESMF_LAPACK                 : enabled
20230510 190042.975 INFO             PET0 ESMF_NETCDF                 : enabled
20230510 190042.975 INFO             PET0 ESMF_PNETCDF                : disabled
20230510 190042.975 INFO             PET0 ESMF_PIO                    : enabled
20230510 190042.975 INFO             PET0 ESMF_YAMLCPP                : enabled
20230510 190042.976 INFO             PET0 esmApp STARTING
20230510 190042.981 INFO             PET0 esm: InitializeGeneric intro.
20230510 190042.981 INFO             PET0   esm: InitializeP0 intro.
20230510 190042.981 INFO             PET0   esm: InitializeP0 extro.
20230510 190042.981 INFO             PET0   esm: InitializeIPDv02p1 intro.
20230510 190042.981 INFO             PET0     >>>esm: entered Initialize (phase=<none>) without valid internal Clock.
20230510 190042.982 INFO             PET0     esm - Creating model component ATM without petList.
20230510 190042.985 INFO             PET0     esm - Creating model component OCN without petList.
20230510 190042.987 INFO             PET0     esm - Creating connector component ATM-TO-OCN without petList.
20230510 190042.992 INFO             PET0     esm - Creating connector component OCN-TO-ATM without petList.
20230510 190042.997 INFO             PET0     esm - Creating state: modelComp 1 Import State
20230510 190042.997 INFO             PET0     esm - Creating state: modelComp 1 Export State
20230510 190042.997 INFO             PET0     esm - Creating state: modelComp 2 Import State
20230510 190042.997 INFO             PET0     esm - Creating state: modelComp 2 Export State
20230510 190042.998 INFO             PET0     ATM: InitializeP0 intro.
20230510 190042.999 INFO             PET0     ATM: InitializeP0 extro.
20230510 190042.999 INFO             PET0     OCN: InitializeP0 intro.
20230510 190043.000 INFO             PET0     OCN: InitializeP0 extro.
20230510 190043.002 INFO             PET0     ATM-TO-OCN: InitializeP0 intro.
20230510 190043.002 INFO             PET0     ATM-TO-OCN: InitializeP0 extro.
20230510 190043.003 INFO             PET0     OCN-TO-ATM: InitializeP0 intro.
20230510 190043.003 INFO             PET0     OCN-TO-ATM: InitializeP0 extro.
20230510 190043.005 INFO             PET0     esm: IInitAdvertise intro.
20230510 190043.005 INFO             PET0     esm: IInitAdvertise extro.
20230510 190043.005 INFO             PET0     ATM: InitializeIPDvXp01 intro.
20230510 190043.007 INFO             PET0     ATM: InitializeIPDvXp01 extro.
20230510 190043.007 INFO             PET0     OCN: InitializeIPDvXp01 intro.
20230510 190043.009 INFO             PET0     OCN: InitializeIPDvXp01 extro.
20230510 190043.010 INFO             PET0     ATM-TO-OCN: InitializeIPDv05p1 intro.
20230510 190043.014 INFO             PET0     ATM-TO-OCN: InitializeIPDv05p1 extro.
20230510 190043.014 INFO             PET0     OCN-TO-ATM: InitializeIPDv05p1 intro.
20230510 190043.017 INFO             PET0     OCN-TO-ATM: InitializeIPDv05p1 extro.
20230510 190043.017 INFO             PET0     esm: IInitAdvertiseFinish intro.
20230510 190043.017 INFO             PET0     esm: IInitAdvertiseFinish extro.
20230510 190043.017 INFO             PET0     ATM-TO-OCN: InitializeIPDv05p2a intro.
20230510 190043.020 INFO             PET0     ATM-TO-OCN: InitializeIPDv05p2a extro.
20230510 190043.020 INFO             PET0     OCN-TO-ATM: InitializeIPDv05p2a intro.
20230510 190043.023 INFO             PET0     OCN-TO-ATM: InitializeIPDv05p2a extro.
20230510 190043.023 INFO             PET0     ATM-TO-OCN: InitializeIPDv05p2b intro.
20230510 190043.026 INFO             PET0     ATM-TO-OCN: InitializeIPDv05p2b extro.
20230510 190043.026 INFO             PET0     OCN-TO-ATM: InitializeIPDv05p2b intro.
20230510 190043.028 INFO             PET0     OCN-TO-ATM: InitializeIPDv05p2b extro.
20230510 190043.028 INFO             PET0     esm: IInitModifyCplLists intro.
20230510 190043.028 INFO             PET0     esm: IInitModifyCplLists extro.
20230510 190043.029 INFO             PET0     ATM-TO-OCN: InitializeIPDv05p3 intro.
20230510 190043.032 INFO             PET0     ATM-TO-OCN: InitializeIPDv05p3 extro.
20230510 190043.032 INFO             PET0     OCN-TO-ATM: InitializeIPDv05p3 intro.
20230510 190043.035 INFO             PET0     OCN-TO-ATM: InitializeIPDv05p3 extro.
20230510 190043.035 INFO             PET0     <<<esm: leaving Initialize (phase=<none>) with current time: 2010  6  1  0  0  0   0
20230510 190043.035 INFO             PET0   esm: InitializeIPDv02p1 extro.
20230510 190043.035 INFO             PET0   esm: InitializeIPDv02p3 intro.
20230510 190043.035 INFO             PET0     >>>esm: entered Initialize (phase=<none>) with current time: 2010  6  1  0  0  0   0
20230510 190043.035 INFO             PET0     esm: IInitCheck intro.
20230510 190043.035 INFO             PET0     esm: IInitCheck extro.
20230510 190043.035 INFO             PET0     atmA: InitializeIPDvXp04 intro.
20230510 190043.039 INFO             PET0     atmA: InitializeIPDvXp04 extro.
20230510 190043.039 INFO             PET0     ocnA: InitializeIPDvXp04 intro.
20230510 190043.042 INFO             PET0     ocnA: InitializeIPDvXp04 extro.
20230510 190043.043 INFO             PET0     ATM-TO-OCN: InitializeIPDv05p4 intro.
20230510 190043.047 INFO             PET0     ATM-TO-OCN: InitializeIPDv05p4 extro.
20230510 190043.048 INFO             PET0     OCN-TO-ATM: InitializeIPDv05p4 intro.
20230510 190043.051 INFO             PET0     OCN-TO-ATM: InitializeIPDv05p4 extro.
20230510 190043.051 INFO             PET0     ATM-TO-OCN: InitializeIPDv05p5 intro.
20230510 190043.055 INFO             PET0     ATM-TO-OCN: InitializeIPDv05p5 extro.
20230510 190043.055 INFO             PET0     OCN-TO-ATM: InitializeIPDv05p5 intro.
20230510 190043.058 INFO             PET0     OCN-TO-ATM: InitializeIPDv05p5 extro.
20230510 190043.058 INFO             PET0     esm: IInitRealize intro.
20230510 190043.058 INFO             PET0     esm: IInitRealize extro.
20230510 190043.059 INFO             PET0     ATM-TO-OCN: InitializeIPDv05p6a intro.
20230510 190043.062 INFO             PET0     ATM-TO-OCN: InitializeIPDv05p6a extro.
20230510 190056.806 INFO             PET0 !!!!!!!!!!!!!!!!!!!!!!!!!!!!!!!!!!!!!!!!!!!!!!!!!!!!!!
20230510 190056.806 INFO             PET0 !!! THE ESMF_LOG IS SET TO OUTPUT ALL LOG MESSAGES !!!
20230510 190056.806 INFO             PET0 !!!     THIS MAY CAUSE SLOWDOWN IN PERFORMANCE     !!!
20230510 190056.806 INFO             PET0 !!! FOR PRODUCTION RUNS, USE:                      !!!
20230510 190056.806 INFO             PET0 !!!                   ESMF_LOGKIND_Multi_On_Error  !!!
20230510 190056.806 INFO             PET0 !!!!!!!!!!!!!!!!!!!!!!!!!!!!!!!!!!!!!!!!!!!!!!!!!!!!!!
20230510 190056.806 INFO             PET0 Running with ESMF Version   : v8.5.0b18-9-g15f3b88d4b
20230510 190056.806 INFO             PET0 ESMF library build date/time: "May 10 2023" "18:16:45"
20230510 190056.806 INFO             PET0 ESMF library build location : /glade/gust/scratch/theurich/ESMF-Nightly-Testing/nvhpc_23.1_mpi_g_feature_fill_nan/esmf
20230510 190056.806 INFO             PET0 ESMF_COMM                   : mpi
20230510 190056.806 INFO             PET0 ESMF_MOAB                   : enabled
20230510 190056.806 INFO             PET0 ESMF_LAPACK                 : enabled
20230510 190056.806 INFO             PET0 ESMF_NETCDF                 : enabled
20230510 190056.806 INFO             PET0 ESMF_PNETCDF                : disabled
20230510 190056.806 INFO             PET0 ESMF_PIO                    : enabled
20230510 190056.806 INFO             PET0 ESMF_YAMLCPP                : enabled
20230510 190056.806 INFO             PET0 esmApp STARTING
20230510 190056.811 INFO             PET0 esm: InitializeGeneric intro.
20230510 190056.811 INFO             PET0   esm: InitializeP0 intro.
20230510 190056.811 INFO             PET0   esm: InitializeP0 extro.
20230510 190056.811 INFO             PET0   esm: InitializeIPDv02p1 intro.
20230510 190056.812 INFO             PET0     >>>esm: entered Initialize (phase=<none>) without valid internal Clock.
20230510 190056.813 INFO             PET0     esm - Creating model component ATM without petList.
20230510 190056.816 INFO             PET0     esm - Creating model component OCN without petList.
20230510 190056.818 INFO             PET0     esm - Creating connector component ATM-TO-OCN without petList.
20230510 190056.823 INFO             PET0     esm - Creating connector component OCN-TO-ATM without petList.
20230510 190056.828 INFO             PET0     esm - Creating state: modelComp 1 Import State
20230510 190056.828 INFO             PET0     esm - Creating state: modelComp 1 Export State
20230510 190056.828 INFO             PET0     esm - Creating state: modelComp 2 Import State
20230510 190056.828 INFO             PET0     esm - Creating state: modelComp 2 Export State
20230510 190056.829 INFO             PET0     ATM: InitializeP0 intro.
20230510 190056.830 INFO             PET0     ATM: InitializeP0 extro.
20230510 190056.830 INFO             PET0     OCN: InitializeP0 intro.
20230510 190056.831 INFO             PET0     OCN: InitializeP0 extro.
20230510 190056.833 INFO             PET0     ATM-TO-OCN: InitializeP0 intro.
20230510 190056.833 INFO             PET0     ATM-TO-OCN: InitializeP0 extro.
20230510 190056.834 INFO             PET0     OCN-TO-ATM: InitializeP0 intro.
20230510 190056.834 INFO             PET0     OCN-TO-ATM: InitializeP0 extro.
20230510 190056.835 INFO             PET0     esm: IInitAdvertise intro.
20230510 190056.835 INFO             PET0     esm: IInitAdvertise extro.
20230510 190056.835 INFO             PET0     ATM: InitializeIPDvXp01 intro.
20230510 190056.837 INFO             PET0     ATM: InitializeIPDvXp01 extro.
20230510 190056.838 INFO             PET0     OCN: InitializeIPDvXp01 intro.
20230510 190056.839 INFO             PET0     OCN: InitializeIPDvXp01 extro.
20230510 190056.841 INFO             PET0     ATM-TO-OCN: InitializeIPDv05p1 intro.
20230510 190056.845 INFO             PET0     ATM-TO-OCN: InitializeIPDv05p1 extro.
20230510 190056.845 INFO             PET0     OCN-TO-ATM: InitializeIPDv05p1 intro.
20230510 190056.847 INFO             PET0     OCN-TO-ATM: InitializeIPDv05p1 extro.
20230510 190056.847 INFO             PET0     esm: IInitAdvertiseFinish intro.
20230510 190056.847 INFO             PET0     esm: IInitAdvertiseFinish extro.
20230510 190056.848 INFO             PET0     ATM-TO-OCN: InitializeIPDv05p2a intro.
20230510 190056.850 INFO             PET0     ATM-TO-OCN: InitializeIPDv05p2a extro.
20230510 190056.851 INFO             PET0     OCN-TO-ATM: InitializeIPDv05p2a intro.
20230510 190056.853 INFO             PET0     OCN-TO-ATM: InitializeIPDv05p2a extro.
20230510 190056.853 INFO             PET0     ATM-TO-OCN: InitializeIPDv05p2b intro.
20230510 190056.856 INFO             PET0     ATM-TO-OCN: InitializeIPDv05p2b extro.
20230510 190056.856 INFO             PET0     OCN-TO-ATM: InitializeIPDv05p2b intro.
20230510 190056.859 INFO             PET0     OCN-TO-ATM: InitializeIPDv05p2b extro.
20230510 190056.859 INFO             PET0     esm: IInitModifyCplLists intro.
20230510 190056.859 INFO             PET0     esm: IInitModifyCplLists extro.
20230510 190056.859 INFO             PET0     ATM-TO-OCN: InitializeIPDv05p3 intro.
20230510 190056.862 INFO             PET0     ATM-TO-OCN: InitializeIPDv05p3 extro.
20230510 190056.862 INFO             PET0     OCN-TO-ATM: InitializeIPDv05p3 intro.
20230510 190056.865 INFO             PET0     OCN-TO-ATM: InitializeIPDv05p3 extro.
20230510 190056.865 INFO             PET0     <<<esm: leaving Initialize (phase=<none>) with current time: 2010  6  1  0  0  0   0
20230510 190056.865 INFO             PET0   esm: InitializeIPDv02p1 extro.
20230510 190056.865 INFO             PET0   esm: InitializeIPDv02p3 intro.
20230510 190056.865 INFO             PET0     >>>esm: entered Initialize (phase=<none>) with current time: 2010  6  1  0  0  0   0
20230510 190056.865 INFO             PET0     esm: IInitCheck intro.
20230510 190056.865 INFO             PET0     esm: IInitCheck extro.
20230510 190056.865 INFO             PET0     atmB: InitializeIPDvXp04 intro.
20230510 190056.869 INFO             PET0     atmB: InitializeIPDvXp04 extro.
20230510 190056.869 INFO             PET0     ocnA: InitializeIPDvXp04 intro.
20230510 190056.872 INFO             PET0     ocnA: InitializeIPDvXp04 extro.
20230510 190056.873 INFO             PET0     ATM-TO-OCN: InitializeIPDv05p4 intro.
20230510 190056.878 INFO             PET0     ATM-TO-OCN: InitializeIPDv05p4 extro.
20230510 190056.878 INFO             PET0     OCN-TO-ATM: InitializeIPDv05p4 intro.
20230510 190056.881 INFO             PET0     OCN-TO-ATM: InitializeIPDv05p4 extro.
20230510 190056.881 INFO             PET0     ATM-TO-OCN: InitializeIPDv05p5 intro.
20230510 190056.885 INFO             PET0     ATM-TO-OCN: InitializeIPDv05p5 extro.
20230510 190056.885 INFO             PET0     OCN-TO-ATM: InitializeIPDv05p5 intro.
20230510 190056.889 INFO             PET0     OCN-TO-ATM: InitializeIPDv05p5 extro.
20230510 190056.889 INFO             PET0     esm: IInitRealize intro.
20230510 190056.889 INFO             PET0     esm: IInitRealize extro.
20230510 190056.889 INFO             PET0     ATM-TO-OCN: InitializeIPDv05p6a intro.
20230510 190056.893 INFO             PET0     ATM-TO-OCN: InitializeIPDv05p6a extro.
20230510 190110.349 INFO             PET0 !!!!!!!!!!!!!!!!!!!!!!!!!!!!!!!!!!!!!!!!!!!!!!!!!!!!!!
20230510 190110.349 INFO             PET0 !!! THE ESMF_LOG IS SET TO OUTPUT ALL LOG MESSAGES !!!
20230510 190110.349 INFO             PET0 !!!     THIS MAY CAUSE SLOWDOWN IN PERFORMANCE     !!!
20230510 190110.349 INFO             PET0 !!! FOR PRODUCTION RUNS, USE:                      !!!
20230510 190110.349 INFO             PET0 !!!                   ESMF_LOGKIND_Multi_On_Error  !!!
20230510 190110.349 INFO             PET0 !!!!!!!!!!!!!!!!!!!!!!!!!!!!!!!!!!!!!!!!!!!!!!!!!!!!!!
20230510 190110.349 INFO             PET0 Running with ESMF Version   : v8.5.0b18-9-g15f3b88d4b
20230510 190110.349 INFO             PET0 ESMF library build date/time: "May 10 2023" "18:16:45"
20230510 190110.349 INFO             PET0 ESMF library build location : /glade/gust/scratch/theurich/ESMF-Nightly-Testing/nvhpc_23.1_mpi_g_feature_fill_nan/esmf
20230510 190110.349 INFO             PET0 ESMF_COMM                   : mpi
20230510 190110.349 INFO             PET0 ESMF_MOAB                   : enabled
20230510 190110.349 INFO             PET0 ESMF_LAPACK                 : enabled
20230510 190110.349 INFO             PET0 ESMF_NETCDF                 : enabled
20230510 190110.349 INFO             PET0 ESMF_PNETCDF                : disabled
20230510 190110.349 INFO             PET0 ESMF_PIO                    : enabled
20230510 190110.349 INFO             PET0 ESMF_YAMLCPP                : enabled
20230510 190110.349 INFO             PET0 esmApp STARTING
20230510 190110.354 INFO             PET0 esm: InitializeGeneric intro.
20230510 190110.354 INFO             PET0   esm: InitializeP0 intro.
20230510 190110.354 INFO             PET0   esm: InitializeP0 extro.
20230510 190110.354 INFO             PET0   esm: InitializeIPDv02p1 intro.
20230510 190110.354 INFO             PET0     >>>esm: entered Initialize (phase=<none>) without valid internal Clock.
20230510 190110.355 INFO             PET0     esm - Creating model component ATM without petList.
20230510 190110.358 INFO             PET0     esm - Creating model component OCN without petList.
20230510 190110.360 INFO             PET0     esm - Creating connector component ATM-TO-OCN without petList.
20230510 190110.365 INFO             PET0     esm - Creating connector component OCN-TO-ATM without petList.
20230510 190110.370 INFO             PET0     esm - Creating state: modelComp 1 Import State
20230510 190110.370 INFO             PET0     esm - Creating state: modelComp 1 Export State
20230510 190110.370 INFO             PET0     esm - Creating state: modelComp 2 Import State
20230510 190110.370 INFO             PET0     esm - Creating state: modelComp 2 Export State
20230510 190110.371 INFO             PET0     ATM: InitializeP0 intro.
20230510 190110.372 INFO             PET0     ATM: InitializeP0 extro.
20230510 190110.372 INFO             PET0     OCN: InitializeP0 intro.
20230510 190110.373 INFO             PET0     OCN: InitializeP0 extro.
20230510 190110.375 INFO             PET0     ATM-TO-OCN: InitializeP0 intro.
20230510 190110.376 INFO             PET0     ATM-TO-OCN: InitializeP0 extro.
20230510 190110.376 INFO             PET0     OCN-TO-ATM: InitializeP0 intro.
20230510 190110.377 INFO             PET0     OCN-TO-ATM: InitializeP0 extro.
20230510 190110.378 INFO             PET0     esm: IInitAdvertise intro.
20230510 190110.378 INFO             PET0     esm: IInitAdvertise extro.
20230510 190110.378 INFO             PET0     ATM: InitializeIPDvXp01 intro.
20230510 190110.380 INFO             PET0     ATM: InitializeIPDvXp01 extro.
20230510 190110.380 INFO             PET0     OCN: InitializeIPDvXp01 intro.
20230510 190110.382 INFO             PET0     OCN: InitializeIPDvXp01 extro.
20230510 190110.383 INFO             PET0     ATM-TO-OCN: InitializeIPDv05p1 intro.
20230510 190110.387 INFO             PET0     ATM-TO-OCN: InitializeIPDv05p1 extro.
20230510 190110.388 INFO             PET0     OCN-TO-ATM: InitializeIPDv05p1 intro.
20230510 190110.390 INFO             PET0     OCN-TO-ATM: InitializeIPDv05p1 extro.
20230510 190110.390 INFO             PET0     esm: IInitAdvertiseFinish intro.
20230510 190110.390 INFO             PET0     esm: IInitAdvertiseFinish extro.
20230510 190110.390 INFO             PET0     ATM-TO-OCN: InitializeIPDv05p2a intro.
20230510 190110.393 INFO             PET0     ATM-TO-OCN: InitializeIPDv05p2a extro.
20230510 190110.394 INFO             PET0     OCN-TO-ATM: InitializeIPDv05p2a intro.
20230510 190110.396 INFO             PET0     OCN-TO-ATM: InitializeIPDv05p2a extro.
20230510 190110.396 INFO             PET0     ATM-TO-OCN: InitializeIPDv05p2b intro.
20230510 190110.399 INFO             PET0     ATM-TO-OCN: InitializeIPDv05p2b extro.
20230510 190110.399 INFO             PET0     OCN-TO-ATM: InitializeIPDv05p2b intro.
20230510 190110.402 INFO             PET0     OCN-TO-ATM: InitializeIPDv05p2b extro.
20230510 190110.402 INFO             PET0     esm: IInitModifyCplLists intro.
20230510 190110.402 INFO             PET0     esm: IInitModifyCplLists extro.
20230510 190110.402 INFO             PET0     ATM-TO-OCN: InitializeIPDv05p3 intro.
20230510 190110.405 INFO             PET0     ATM-TO-OCN: InitializeIPDv05p3 extro.
20230510 190110.405 INFO             PET0     OCN-TO-ATM: InitializeIPDv05p3 intro.
20230510 190110.408 INFO             PET0     OCN-TO-ATM: InitializeIPDv05p3 extro.
20230510 190110.408 INFO             PET0     <<<esm: leaving Initialize (phase=<none>) with current time: 2010  6  1  0  0  0   0
20230510 190110.408 INFO             PET0   esm: InitializeIPDv02p1 extro.
20230510 190110.408 INFO             PET0   esm: InitializeIPDv02p3 intro.
20230510 190110.408 INFO             PET0     >>>esm: entered Initialize (phase=<none>) with current time: 2010  6  1  0  0  0   0
20230510 190110.408 INFO             PET0     esm: IInitCheck intro.
20230510 190110.409 INFO             PET0     esm: IInitCheck extro.
20230510 190110.409 INFO             PET0     atmA: InitializeIPDvXp04 intro.
20230510 190110.412 INFO             PET0     atmA: InitializeIPDvXp04 extro.
20230510 190110.412 INFO             PET0     ocnB: InitializeIPDvXp04 intro.
20230510 190110.416 INFO             PET0     ocnB: InitializeIPDvXp04 extro.
20230510 190110.417 INFO             PET0     ATM-TO-OCN: InitializeIPDv05p4 intro.
20230510 190110.421 INFO             PET0     ATM-TO-OCN: InitializeIPDv05p4 extro.
20230510 190110.422 INFO             PET0     OCN-TO-ATM: InitializeIPDv05p4 intro.
20230510 190110.425 INFO             PET0     OCN-TO-ATM: InitializeIPDv05p4 extro.
20230510 190110.425 INFO             PET0     ATM-TO-OCN: InitializeIPDv05p5 intro.
20230510 190110.429 INFO             PET0     ATM-TO-OCN: InitializeIPDv05p5 extro.
20230510 190110.429 INFO             PET0     OCN-TO-ATM: InitializeIPDv05p5 intro.
20230510 190110.433 INFO             PET0     OCN-TO-ATM: InitializeIPDv05p5 extro.
20230510 190110.433 INFO             PET0     esm: IInitRealize intro.
20230510 190110.433 INFO             PET0     esm: IInitRealize extro.
20230510 190110.433 INFO             PET0     ATM-TO-OCN: InitializeIPDv05p6a intro.
20230510 190110.437 INFO             PET0     ATM-TO-OCN: InitializeIPDv05p6a extro.
20230510 190042.975 INFO             PET1 !!!!!!!!!!!!!!!!!!!!!!!!!!!!!!!!!!!!!!!!!!!!!!!!!!!!!!
20230510 190042.975 INFO             PET1 !!! THE ESMF_LOG IS SET TO OUTPUT ALL LOG MESSAGES !!!
20230510 190042.975 INFO             PET1 !!!     THIS MAY CAUSE SLOWDOWN IN PERFORMANCE     !!!
20230510 190042.975 INFO             PET1 !!! FOR PRODUCTION RUNS, USE:                      !!!
20230510 190042.975 INFO             PET1 !!!                   ESMF_LOGKIND_Multi_On_Error  !!!
20230510 190042.975 INFO             PET1 !!!!!!!!!!!!!!!!!!!!!!!!!!!!!!!!!!!!!!!!!!!!!!!!!!!!!!
20230510 190042.975 INFO             PET1 Running with ESMF Version   : v8.5.0b18-9-g15f3b88d4b
20230510 190042.975 INFO             PET1 ESMF library build date/time: "May 10 2023" "18:16:45"
20230510 190042.975 INFO             PET1 ESMF library build location : /glade/gust/scratch/theurich/ESMF-Nightly-Testing/nvhpc_23.1_mpi_g_feature_fill_nan/esmf
20230510 190042.975 INFO             PET1 ESMF_COMM                   : mpi
20230510 190042.975 INFO             PET1 ESMF_MOAB                   : enabled
20230510 190042.975 INFO             PET1 ESMF_LAPACK                 : enabled
20230510 190042.975 INFO             PET1 ESMF_NETCDF                 : enabled
20230510 190042.975 INFO             PET1 ESMF_PNETCDF                : disabled
20230510 190042.975 INFO             PET1 ESMF_PIO                    : enabled
20230510 190042.975 INFO             PET1 ESMF_YAMLCPP                : enabled
20230510 190042.976 INFO             PET1 esmApp STARTING
20230510 190042.981 INFO             PET1 esm: InitializeGeneric intro.
20230510 190042.981 INFO             PET1   esm: InitializeP0 intro.
20230510 190042.981 INFO             PET1   esm: InitializeP0 extro.
20230510 190042.981 INFO             PET1   esm: InitializeIPDv02p1 intro.
20230510 190042.981 INFO             PET1     >>>esm: entered Initialize (phase=<none>) without valid internal Clock.
20230510 190042.982 INFO             PET1     esm - Creating model component ATM without petList.
20230510 190042.985 INFO             PET1     esm - Creating model component OCN without petList.
20230510 190042.987 INFO             PET1     esm - Creating connector component ATM-TO-OCN without petList.
20230510 190042.992 INFO             PET1     esm - Creating connector component OCN-TO-ATM without petList.
20230510 190042.997 INFO             PET1     esm - Creating state: modelComp 1 Import State
20230510 190042.997 INFO             PET1     esm - Creating state: modelComp 1 Export State
20230510 190042.997 INFO             PET1     esm - Creating state: modelComp 2 Import State
20230510 190042.997 INFO             PET1     esm - Creating state: modelComp 2 Export State
20230510 190042.998 INFO             PET1     ATM: InitializeP0 intro.
20230510 190042.999 INFO             PET1     ATM: InitializeP0 extro.
20230510 190042.999 INFO             PET1     OCN: InitializeP0 intro.
20230510 190043.000 INFO             PET1     OCN: InitializeP0 extro.
20230510 190043.002 INFO             PET1     ATM-TO-OCN: InitializeP0 intro.
20230510 190043.003 INFO             PET1     ATM-TO-OCN: InitializeP0 extro.
20230510 190043.003 INFO             PET1     OCN-TO-ATM: InitializeP0 intro.
20230510 190043.004 INFO             PET1     OCN-TO-ATM: InitializeP0 extro.
20230510 190043.005 INFO             PET1     esm: IInitAdvertise intro.
20230510 190043.005 INFO             PET1     esm: IInitAdvertise extro.
20230510 190043.005 INFO             PET1     ATM: InitializeIPDvXp01 intro.
20230510 190043.007 INFO             PET1     ATM: InitializeIPDvXp01 extro.
20230510 190043.007 INFO             PET1     OCN: InitializeIPDvXp01 intro.
20230510 190043.009 INFO             PET1     OCN: InitializeIPDvXp01 extro.
20230510 190043.010 INFO             PET1     ATM-TO-OCN: InitializeIPDv05p1 intro.
20230510 190043.014 INFO             PET1     ATM-TO-OCN: InitializeIPDv05p1 extro.
20230510 190043.014 INFO             PET1     OCN-TO-ATM: InitializeIPDv05p1 intro.
20230510 190043.017 INFO             PET1     OCN-TO-ATM: InitializeIPDv05p1 extro.
20230510 190043.017 INFO             PET1     esm: IInitAdvertiseFinish intro.
20230510 190043.017 INFO             PET1     esm: IInitAdvertiseFinish extro.
20230510 190043.017 INFO             PET1     ATM-TO-OCN: InitializeIPDv05p2a intro.
20230510 190043.020 INFO             PET1     ATM-TO-OCN: InitializeIPDv05p2a extro.
20230510 190043.020 INFO             PET1     OCN-TO-ATM: InitializeIPDv05p2a intro.
20230510 190043.023 INFO             PET1     OCN-TO-ATM: InitializeIPDv05p2a extro.
20230510 190043.023 INFO             PET1     ATM-TO-OCN: InitializeIPDv05p2b intro.
20230510 190043.026 INFO             PET1     ATM-TO-OCN: InitializeIPDv05p2b extro.
20230510 190043.026 INFO             PET1     OCN-TO-ATM: InitializeIPDv05p2b intro.
20230510 190043.028 INFO             PET1     OCN-TO-ATM: InitializeIPDv05p2b extro.
20230510 190043.028 INFO             PET1     esm: IInitModifyCplLists intro.
20230510 190043.028 INFO             PET1     esm: IInitModifyCplLists extro.
20230510 190043.029 INFO             PET1     ATM-TO-OCN: InitializeIPDv05p3 intro.
20230510 190043.032 INFO             PET1     ATM-TO-OCN: InitializeIPDv05p3 extro.
20230510 190043.032 INFO             PET1     OCN-TO-ATM: InitializeIPDv05p3 intro.
20230510 190043.035 INFO             PET1     OCN-TO-ATM: InitializeIPDv05p3 extro.
20230510 190043.035 INFO             PET1     <<<esm: leaving Initialize (phase=<none>) with current time: 2010  6  1  0  0  0   0
20230510 190043.035 INFO             PET1   esm: InitializeIPDv02p1 extro.
20230510 190043.035 INFO             PET1   esm: InitializeIPDv02p3 intro.
20230510 190043.035 INFO             PET1     >>>esm: entered Initialize (phase=<none>) with current time: 2010  6  1  0  0  0   0
20230510 190043.035 INFO             PET1     esm: IInitCheck intro.
20230510 190043.035 INFO             PET1     esm: IInitCheck extro.
20230510 190043.035 INFO             PET1     atmA: InitializeIPDvXp04 intro.
20230510 190043.039 INFO             PET1     atmA: InitializeIPDvXp04 extro.
20230510 190043.039 INFO             PET1     ocnA: InitializeIPDvXp04 intro.
20230510 190043.042 INFO             PET1     ocnA: InitializeIPDvXp04 extro.
20230510 190043.043 INFO             PET1     ATM-TO-OCN: InitializeIPDv05p4 intro.
20230510 190043.047 INFO             PET1     ATM-TO-OCN: InitializeIPDv05p4 extro.
20230510 190043.048 INFO             PET1     OCN-TO-ATM: InitializeIPDv05p4 intro.
20230510 190043.051 INFO             PET1     OCN-TO-ATM: InitializeIPDv05p4 extro.
20230510 190043.051 INFO             PET1     ATM-TO-OCN: InitializeIPDv05p5 intro.
20230510 190043.055 INFO             PET1     ATM-TO-OCN: InitializeIPDv05p5 extro.
20230510 190043.055 INFO             PET1     OCN-TO-ATM: InitializeIPDv05p5 intro.
20230510 190043.058 INFO             PET1     OCN-TO-ATM: InitializeIPDv05p5 extro.
20230510 190043.058 INFO             PET1     esm: IInitRealize intro.
20230510 190043.058 INFO             PET1     esm: IInitRealize extro.
20230510 190043.059 INFO             PET1     ATM-TO-OCN: InitializeIPDv05p6a intro.
20230510 190043.062 INFO             PET1     ATM-TO-OCN: InitializeIPDv05p6a extro.
20230510 190056.806 INFO             PET1 !!!!!!!!!!!!!!!!!!!!!!!!!!!!!!!!!!!!!!!!!!!!!!!!!!!!!!
20230510 190056.806 INFO             PET1 !!! THE ESMF_LOG IS SET TO OUTPUT ALL LOG MESSAGES !!!
20230510 190056.806 INFO             PET1 !!!     THIS MAY CAUSE SLOWDOWN IN PERFORMANCE     !!!
20230510 190056.806 INFO             PET1 !!! FOR PRODUCTION RUNS, USE:                      !!!
20230510 190056.806 INFO             PET1 !!!                   ESMF_LOGKIND_Multi_On_Error  !!!
20230510 190056.806 INFO             PET1 !!!!!!!!!!!!!!!!!!!!!!!!!!!!!!!!!!!!!!!!!!!!!!!!!!!!!!
20230510 190056.806 INFO             PET1 Running with ESMF Version   : v8.5.0b18-9-g15f3b88d4b
20230510 190056.806 INFO             PET1 ESMF library build date/time: "May 10 2023" "18:16:45"
20230510 190056.806 INFO             PET1 ESMF library build location : /glade/gust/scratch/theurich/ESMF-Nightly-Testing/nvhpc_23.1_mpi_g_feature_fill_nan/esmf
20230510 190056.806 INFO             PET1 ESMF_COMM                   : mpi
20230510 190056.806 INFO             PET1 ESMF_MOAB                   : enabled
20230510 190056.806 INFO             PET1 ESMF_LAPACK                 : enabled
20230510 190056.806 INFO             PET1 ESMF_NETCDF                 : enabled
20230510 190056.806 INFO             PET1 ESMF_PNETCDF                : disabled
20230510 190056.806 INFO             PET1 ESMF_PIO                    : enabled
20230510 190056.806 INFO             PET1 ESMF_YAMLCPP                : enabled
20230510 190056.806 INFO             PET1 esmApp STARTING
20230510 190056.811 INFO             PET1 esm: InitializeGeneric intro.
20230510 190056.811 INFO             PET1   esm: InitializeP0 intro.
20230510 190056.811 INFO             PET1   esm: InitializeP0 extro.
20230510 190056.811 INFO             PET1   esm: InitializeIPDv02p1 intro.
20230510 190056.811 INFO             PET1     >>>esm: entered Initialize (phase=<none>) without valid internal Clock.
20230510 190056.813 INFO             PET1     esm - Creating model component ATM without petList.
20230510 190056.816 INFO             PET1     esm - Creating model component OCN without petList.
20230510 190056.818 INFO             PET1     esm - Creating connector component ATM-TO-OCN without petList.
20230510 190056.823 INFO             PET1     esm - Creating connector component OCN-TO-ATM without petList.
20230510 190056.828 INFO             PET1     esm - Creating state: modelComp 1 Import State
20230510 190056.828 INFO             PET1     esm - Creating state: modelComp 1 Export State
20230510 190056.828 INFO             PET1     esm - Creating state: modelComp 2 Import State
20230510 190056.828 INFO             PET1     esm - Creating state: modelComp 2 Export State
20230510 190056.829 INFO             PET1     ATM: InitializeP0 intro.
20230510 190056.830 INFO             PET1     ATM: InitializeP0 extro.
20230510 190056.830 INFO             PET1     OCN: InitializeP0 intro.
20230510 190056.831 INFO             PET1     OCN: InitializeP0 extro.
20230510 190056.833 INFO             PET1     ATM-TO-OCN: InitializeP0 intro.
20230510 190056.833 INFO             PET1     ATM-TO-OCN: InitializeP0 extro.
20230510 190056.834 INFO             PET1     OCN-TO-ATM: InitializeP0 intro.
20230510 190056.834 INFO             PET1     OCN-TO-ATM: InitializeP0 extro.
20230510 190056.836 INFO             PET1     esm: IInitAdvertise intro.
20230510 190056.836 INFO             PET1     esm: IInitAdvertise extro.
20230510 190056.836 INFO             PET1     ATM: InitializeIPDvXp01 intro.
20230510 190056.838 INFO             PET1     ATM: InitializeIPDvXp01 extro.
20230510 190056.838 INFO             PET1     OCN: InitializeIPDvXp01 intro.
20230510 190056.840 INFO             PET1     OCN: InitializeIPDvXp01 extro.
20230510 190056.841 INFO             PET1     ATM-TO-OCN: InitializeIPDv05p1 intro.
20230510 190056.845 INFO             PET1     ATM-TO-OCN: InitializeIPDv05p1 extro.
20230510 190056.845 INFO             PET1     OCN-TO-ATM: InitializeIPDv05p1 intro.
20230510 190056.847 INFO             PET1     OCN-TO-ATM: InitializeIPDv05p1 extro.
20230510 190056.847 INFO             PET1     esm: IInitAdvertiseFinish intro.
20230510 190056.847 INFO             PET1     esm: IInitAdvertiseFinish extro.
20230510 190056.848 INFO             PET1     ATM-TO-OCN: InitializeIPDv05p2a intro.
20230510 190056.850 INFO             PET1     ATM-TO-OCN: InitializeIPDv05p2a extro.
20230510 190056.851 INFO             PET1     OCN-TO-ATM: InitializeIPDv05p2a intro.
20230510 190056.853 INFO             PET1     OCN-TO-ATM: InitializeIPDv05p2a extro.
20230510 190056.853 INFO             PET1     ATM-TO-OCN: InitializeIPDv05p2b intro.
20230510 190056.856 INFO             PET1     ATM-TO-OCN: InitializeIPDv05p2b extro.
20230510 190056.856 INFO             PET1     OCN-TO-ATM: InitializeIPDv05p2b intro.
20230510 190056.859 INFO             PET1     OCN-TO-ATM: InitializeIPDv05p2b extro.
20230510 190056.859 INFO             PET1     esm: IInitModifyCplLists intro.
20230510 190056.859 INFO             PET1     esm: IInitModifyCplLists extro.
20230510 190056.859 INFO             PET1     ATM-TO-OCN: InitializeIPDv05p3 intro.
20230510 190056.862 INFO             PET1     ATM-TO-OCN: InitializeIPDv05p3 extro.
20230510 190056.862 INFO             PET1     OCN-TO-ATM: InitializeIPDv05p3 intro.
20230510 190056.865 INFO             PET1     OCN-TO-ATM: InitializeIPDv05p3 extro.
20230510 190056.865 INFO             PET1     <<<esm: leaving Initialize (phase=<none>) with current time: 2010  6  1  0  0  0   0
20230510 190056.865 INFO             PET1   esm: InitializeIPDv02p1 extro.
20230510 190056.865 INFO             PET1   esm: InitializeIPDv02p3 intro.
20230510 190056.865 INFO             PET1     >>>esm: entered Initialize (phase=<none>) with current time: 2010  6  1  0  0  0   0
20230510 190056.865 INFO             PET1     esm: IInitCheck intro.
20230510 190056.865 INFO             PET1     esm: IInitCheck extro.
20230510 190056.865 INFO             PET1     atmB: InitializeIPDvXp04 intro.
20230510 190056.869 INFO             PET1     atmB: InitializeIPDvXp04 extro.
20230510 190056.869 INFO             PET1     ocnA: InitializeIPDvXp04 intro.
20230510 190056.872 INFO             PET1     ocnA: InitializeIPDvXp04 extro.
20230510 190056.873 INFO             PET1     ATM-TO-OCN: InitializeIPDv05p4 intro.
20230510 190056.878 INFO             PET1     ATM-TO-OCN: InitializeIPDv05p4 extro.
20230510 190056.878 INFO             PET1     OCN-TO-ATM: InitializeIPDv05p4 intro.
20230510 190056.881 INFO             PET1     OCN-TO-ATM: InitializeIPDv05p4 extro.
20230510 190056.881 INFO             PET1     ATM-TO-OCN: InitializeIPDv05p5 intro.
20230510 190056.885 INFO             PET1     ATM-TO-OCN: InitializeIPDv05p5 extro.
20230510 190056.885 INFO             PET1     OCN-TO-ATM: InitializeIPDv05p5 intro.
20230510 190056.889 INFO             PET1     OCN-TO-ATM: InitializeIPDv05p5 extro.
20230510 190056.889 INFO             PET1     esm: IInitRealize intro.
20230510 190056.889 INFO             PET1     esm: IInitRealize extro.
20230510 190056.889 INFO             PET1     ATM-TO-OCN: InitializeIPDv05p6a intro.
20230510 190056.893 INFO             PET1     ATM-TO-OCN: InitializeIPDv05p6a extro.
20230510 190110.349 INFO             PET1 !!!!!!!!!!!!!!!!!!!!!!!!!!!!!!!!!!!!!!!!!!!!!!!!!!!!!!
20230510 190110.349 INFO             PET1 !!! THE ESMF_LOG IS SET TO OUTPUT ALL LOG MESSAGES !!!
20230510 190110.349 INFO             PET1 !!!     THIS MAY CAUSE SLOWDOWN IN PERFORMANCE     !!!
20230510 190110.349 INFO             PET1 !!! FOR PRODUCTION RUNS, USE:                      !!!
20230510 190110.349 INFO             PET1 !!!                   ESMF_LOGKIND_Multi_On_Error  !!!
20230510 190110.349 INFO             PET1 !!!!!!!!!!!!!!!!!!!!!!!!!!!!!!!!!!!!!!!!!!!!!!!!!!!!!!
20230510 190110.349 INFO             PET1 Running with ESMF Version   : v8.5.0b18-9-g15f3b88d4b
20230510 190110.349 INFO             PET1 ESMF library build date/time: "May 10 2023" "18:16:45"
20230510 190110.349 INFO             PET1 ESMF library build location : /glade/gust/scratch/theurich/ESMF-Nightly-Testing/nvhpc_23.1_mpi_g_feature_fill_nan/esmf
20230510 190110.349 INFO             PET1 ESMF_COMM                   : mpi
20230510 190110.349 INFO             PET1 ESMF_MOAB                   : enabled
20230510 190110.349 INFO             PET1 ESMF_LAPACK                 : enabled
20230510 190110.349 INFO             PET1 ESMF_NETCDF                 : enabled
20230510 190110.349 INFO             PET1 ESMF_PNETCDF                : disabled
20230510 190110.349 INFO             PET1 ESMF_PIO                    : enabled
20230510 190110.349 INFO             PET1 ESMF_YAMLCPP                : enabled
20230510 190110.349 INFO             PET1 esmApp STARTING
20230510 190110.354 INFO             PET1 esm: InitializeGeneric intro.
20230510 190110.354 INFO             PET1   esm: InitializeP0 intro.
20230510 190110.354 INFO             PET1   esm: InitializeP0 extro.
20230510 190110.354 INFO             PET1   esm: InitializeIPDv02p1 intro.
20230510 190110.354 INFO             PET1     >>>esm: entered Initialize (phase=<none>) without valid internal Clock.
20230510 190110.355 INFO             PET1     esm - Creating model component ATM without petList.
20230510 190110.358 INFO             PET1     esm - Creating model component OCN without petList.
20230510 190110.360 INFO             PET1     esm - Creating connector component ATM-TO-OCN without petList.
20230510 190110.365 INFO             PET1     esm - Creating connector component OCN-TO-ATM without petList.
20230510 190110.370 INFO             PET1     esm - Creating state: modelComp 1 Import State
20230510 190110.370 INFO             PET1     esm - Creating state: modelComp 1 Export State
20230510 190110.370 INFO             PET1     esm - Creating state: modelComp 2 Import State
20230510 190110.370 INFO             PET1     esm - Creating state: modelComp 2 Export State
20230510 190110.371 INFO             PET1     ATM: InitializeP0 intro.
20230510 190110.372 INFO             PET1     ATM: InitializeP0 extro.
20230510 190110.372 INFO             PET1     OCN: InitializeP0 intro.
20230510 190110.373 INFO             PET1     OCN: InitializeP0 extro.
20230510 190110.375 INFO             PET1     ATM-TO-OCN: InitializeP0 intro.
20230510 190110.376 INFO             PET1     ATM-TO-OCN: InitializeP0 extro.
20230510 190110.376 INFO             PET1     OCN-TO-ATM: InitializeP0 intro.
20230510 190110.377 INFO             PET1     OCN-TO-ATM: InitializeP0 extro.
20230510 190110.378 INFO             PET1     esm: IInitAdvertise intro.
20230510 190110.378 INFO             PET1     esm: IInitAdvertise extro.
20230510 190110.378 INFO             PET1     ATM: InitializeIPDvXp01 intro.
20230510 190110.380 INFO             PET1     ATM: InitializeIPDvXp01 extro.
20230510 190110.380 INFO             PET1     OCN: InitializeIPDvXp01 intro.
20230510 190110.382 INFO             PET1     OCN: InitializeIPDvXp01 extro.
20230510 190110.384 INFO             PET1     ATM-TO-OCN: InitializeIPDv05p1 intro.
20230510 190110.387 INFO             PET1     ATM-TO-OCN: InitializeIPDv05p1 extro.
20230510 190110.388 INFO             PET1     OCN-TO-ATM: InitializeIPDv05p1 intro.
20230510 190110.390 INFO             PET1     OCN-TO-ATM: InitializeIPDv05p1 extro.
20230510 190110.390 INFO             PET1     esm: IInitAdvertiseFinish intro.
20230510 190110.390 INFO             PET1     esm: IInitAdvertiseFinish extro.
20230510 190110.391 INFO             PET1     ATM-TO-OCN: InitializeIPDv05p2a intro.
20230510 190110.393 INFO             PET1     ATM-TO-OCN: InitializeIPDv05p2a extro.
20230510 190110.394 INFO             PET1     OCN-TO-ATM: InitializeIPDv05p2a intro.
20230510 190110.396 INFO             PET1     OCN-TO-ATM: InitializeIPDv05p2a extro.
20230510 190110.396 INFO             PET1     ATM-TO-OCN: InitializeIPDv05p2b intro.
20230510 190110.399 INFO             PET1     ATM-TO-OCN: InitializeIPDv05p2b extro.
20230510 190110.399 INFO             PET1     OCN-TO-ATM: InitializeIPDv05p2b intro.
20230510 190110.402 INFO             PET1     OCN-TO-ATM: InitializeIPDv05p2b extro.
20230510 190110.402 INFO             PET1     esm: IInitModifyCplLists intro.
20230510 190110.402 INFO             PET1     esm: IInitModifyCplLists extro.
20230510 190110.402 INFO             PET1     ATM-TO-OCN: InitializeIPDv05p3 intro.
20230510 190110.405 INFO             PET1     ATM-TO-OCN: InitializeIPDv05p3 extro.
20230510 190110.405 INFO             PET1     OCN-TO-ATM: InitializeIPDv05p3 intro.
20230510 190110.408 INFO             PET1     OCN-TO-ATM: InitializeIPDv05p3 extro.
20230510 190110.408 INFO             PET1     <<<esm: leaving Initialize (phase=<none>) with current time: 2010  6  1  0  0  0   0
20230510 190110.408 INFO             PET1   esm: InitializeIPDv02p1 extro.
20230510 190110.408 INFO             PET1   esm: InitializeIPDv02p3 intro.
20230510 190110.408 INFO             PET1     >>>esm: entered Initialize (phase=<none>) with current time: 2010  6  1  0  0  0   0
20230510 190110.409 INFO             PET1     esm: IInitCheck intro.
20230510 190110.409 INFO             PET1     esm: IInitCheck extro.
20230510 190110.409 INFO             PET1     atmA: InitializeIPDvXp04 intro.
20230510 190110.412 INFO             PET1     atmA: InitializeIPDvXp04 extro.
20230510 190110.412 INFO             PET1     ocnB: InitializeIPDvXp04 intro.
20230510 190110.416 INFO             PET1     ocnB: InitializeIPDvXp04 extro.
20230510 190110.417 INFO             PET1     ATM-TO-OCN: InitializeIPDv05p4 intro.
20230510 190110.421 INFO             PET1     ATM-TO-OCN: InitializeIPDv05p4 extro.
20230510 190110.422 INFO             PET1     OCN-TO-ATM: InitializeIPDv05p4 intro.
20230510 190110.425 INFO             PET1     OCN-TO-ATM: InitializeIPDv05p4 extro.
20230510 190110.425 INFO             PET1     ATM-TO-OCN: InitializeIPDv05p5 intro.
20230510 190110.429 INFO             PET1     ATM-TO-OCN: InitializeIPDv05p5 extro.
20230510 190110.430 INFO             PET1     OCN-TO-ATM: InitializeIPDv05p5 intro.
20230510 190110.433 INFO             PET1     OCN-TO-ATM: InitializeIPDv05p5 extro.
20230510 190110.433 INFO             PET1     esm: IInitRealize intro.
20230510 190110.433 INFO             PET1     esm: IInitRealize extro.
20230510 190110.433 INFO             PET1     ATM-TO-OCN: InitializeIPDv05p6a intro.
20230510 190110.437 INFO             PET1     ATM-TO-OCN: InitializeIPDv05p6a extro.
20230510 190042.974 INFO             PET2 !!!!!!!!!!!!!!!!!!!!!!!!!!!!!!!!!!!!!!!!!!!!!!!!!!!!!!
20230510 190042.974 INFO             PET2 !!! THE ESMF_LOG IS SET TO OUTPUT ALL LOG MESSAGES !!!
20230510 190042.974 INFO             PET2 !!!     THIS MAY CAUSE SLOWDOWN IN PERFORMANCE     !!!
20230510 190042.974 INFO             PET2 !!! FOR PRODUCTION RUNS, USE:                      !!!
20230510 190042.974 INFO             PET2 !!!                   ESMF_LOGKIND_Multi_On_Error  !!!
20230510 190042.974 INFO             PET2 !!!!!!!!!!!!!!!!!!!!!!!!!!!!!!!!!!!!!!!!!!!!!!!!!!!!!!
20230510 190042.974 INFO             PET2 Running with ESMF Version   : v8.5.0b18-9-g15f3b88d4b
20230510 190042.974 INFO             PET2 ESMF library build date/time: "May 10 2023" "18:16:45"
20230510 190042.974 INFO             PET2 ESMF library build location : /glade/gust/scratch/theurich/ESMF-Nightly-Testing/nvhpc_23.1_mpi_g_feature_fill_nan/esmf
20230510 190042.974 INFO             PET2 ESMF_COMM                   : mpi
20230510 190042.975 INFO             PET2 ESMF_MOAB                   : enabled
20230510 190042.975 INFO             PET2 ESMF_LAPACK                 : enabled
20230510 190042.975 INFO             PET2 ESMF_NETCDF                 : enabled
20230510 190042.975 INFO             PET2 ESMF_PNETCDF                : disabled
20230510 190042.975 INFO             PET2 ESMF_PIO                    : enabled
20230510 190042.975 INFO             PET2 ESMF_YAMLCPP                : enabled
20230510 190042.976 INFO             PET2 esmApp STARTING
20230510 190042.981 INFO             PET2 esm: InitializeGeneric intro.
20230510 190042.981 INFO             PET2   esm: InitializeP0 intro.
20230510 190042.981 INFO             PET2   esm: InitializeP0 extro.
20230510 190042.981 INFO             PET2   esm: InitializeIPDv02p1 intro.
20230510 190042.981 INFO             PET2     >>>esm: entered Initialize (phase=<none>) without valid internal Clock.
20230510 190042.982 INFO             PET2     esm - Creating model component ATM without petList.
20230510 190042.985 INFO             PET2     esm - Creating model component OCN without petList.
20230510 190042.987 INFO             PET2     esm - Creating connector component ATM-TO-OCN without petList.
20230510 190042.992 INFO             PET2     esm - Creating connector component OCN-TO-ATM without petList.
20230510 190042.997 INFO             PET2     esm - Creating state: modelComp 1 Import State
20230510 190042.997 INFO             PET2     esm - Creating state: modelComp 1 Export State
20230510 190042.997 INFO             PET2     esm - Creating state: modelComp 2 Import State
20230510 190042.997 INFO             PET2     esm - Creating state: modelComp 2 Export State
20230510 190042.998 INFO             PET2     ATM: InitializeP0 intro.
20230510 190042.999 INFO             PET2     ATM: InitializeP0 extro.
20230510 190042.999 INFO             PET2     OCN: InitializeP0 intro.
20230510 190043.000 INFO             PET2     OCN: InitializeP0 extro.
20230510 190043.002 INFO             PET2     ATM-TO-OCN: InitializeP0 intro.
20230510 190043.003 INFO             PET2     ATM-TO-OCN: InitializeP0 extro.
20230510 190043.003 INFO             PET2     OCN-TO-ATM: InitializeP0 intro.
20230510 190043.004 INFO             PET2     OCN-TO-ATM: InitializeP0 extro.
20230510 190043.005 INFO             PET2     esm: IInitAdvertise intro.
20230510 190043.005 INFO             PET2     esm: IInitAdvertise extro.
20230510 190043.005 INFO             PET2     ATM: InitializeIPDvXp01 intro.
20230510 190043.007 INFO             PET2     ATM: InitializeIPDvXp01 extro.
20230510 190043.007 INFO             PET2     OCN: InitializeIPDvXp01 intro.
20230510 190043.009 INFO             PET2     OCN: InitializeIPDvXp01 extro.
20230510 190043.010 INFO             PET2     ATM-TO-OCN: InitializeIPDv05p1 intro.
20230510 190043.014 INFO             PET2     ATM-TO-OCN: InitializeIPDv05p1 extro.
20230510 190043.014 INFO             PET2     OCN-TO-ATM: InitializeIPDv05p1 intro.
20230510 190043.017 INFO             PET2     OCN-TO-ATM: InitializeIPDv05p1 extro.
20230510 190043.017 INFO             PET2     esm: IInitAdvertiseFinish intro.
20230510 190043.017 INFO             PET2     esm: IInitAdvertiseFinish extro.
20230510 190043.017 INFO             PET2     ATM-TO-OCN: InitializeIPDv05p2a intro.
20230510 190043.020 INFO             PET2     ATM-TO-OCN: InitializeIPDv05p2a extro.
20230510 190043.020 INFO             PET2     OCN-TO-ATM: InitializeIPDv05p2a intro.
20230510 190043.023 INFO             PET2     OCN-TO-ATM: InitializeIPDv05p2a extro.
20230510 190043.023 INFO             PET2     ATM-TO-OCN: InitializeIPDv05p2b intro.
20230510 190043.026 INFO             PET2     ATM-TO-OCN: InitializeIPDv05p2b extro.
20230510 190043.026 INFO             PET2     OCN-TO-ATM: InitializeIPDv05p2b intro.
20230510 190043.028 INFO             PET2     OCN-TO-ATM: InitializeIPDv05p2b extro.
20230510 190043.028 INFO             PET2     esm: IInitModifyCplLists intro.
20230510 190043.028 INFO             PET2     esm: IInitModifyCplLists extro.
20230510 190043.029 INFO             PET2     ATM-TO-OCN: InitializeIPDv05p3 intro.
20230510 190043.032 INFO             PET2     ATM-TO-OCN: InitializeIPDv05p3 extro.
20230510 190043.032 INFO             PET2     OCN-TO-ATM: InitializeIPDv05p3 intro.
20230510 190043.035 INFO             PET2     OCN-TO-ATM: InitializeIPDv05p3 extro.
20230510 190043.035 INFO             PET2     <<<esm: leaving Initialize (phase=<none>) with current time: 2010  6  1  0  0  0   0
20230510 190043.035 INFO             PET2   esm: InitializeIPDv02p1 extro.
20230510 190043.035 INFO             PET2   esm: InitializeIPDv02p3 intro.
20230510 190043.035 INFO             PET2     >>>esm: entered Initialize (phase=<none>) with current time: 2010  6  1  0  0  0   0
20230510 190043.035 INFO             PET2     esm: IInitCheck intro.
20230510 190043.035 INFO             PET2     esm: IInitCheck extro.
20230510 190043.035 INFO             PET2     atmA: InitializeIPDvXp04 intro.
20230510 190043.039 INFO             PET2     atmA: InitializeIPDvXp04 extro.
20230510 190043.039 INFO             PET2     ocnA: InitializeIPDvXp04 intro.
20230510 190043.042 INFO             PET2     ocnA: InitializeIPDvXp04 extro.
20230510 190043.043 INFO             PET2     ATM-TO-OCN: InitializeIPDv05p4 intro.
20230510 190043.047 INFO             PET2     ATM-TO-OCN: InitializeIPDv05p4 extro.
20230510 190043.048 INFO             PET2     OCN-TO-ATM: InitializeIPDv05p4 intro.
20230510 190043.051 INFO             PET2     OCN-TO-ATM: InitializeIPDv05p4 extro.
20230510 190043.051 INFO             PET2     ATM-TO-OCN: InitializeIPDv05p5 intro.
20230510 190043.055 INFO             PET2     ATM-TO-OCN: InitializeIPDv05p5 extro.
20230510 190043.055 INFO             PET2     OCN-TO-ATM: InitializeIPDv05p5 intro.
20230510 190043.058 INFO             PET2     OCN-TO-ATM: InitializeIPDv05p5 extro.
20230510 190043.058 INFO             PET2     esm: IInitRealize intro.
20230510 190043.058 INFO             PET2     esm: IInitRealize extro.
20230510 190043.059 INFO             PET2     ATM-TO-OCN: InitializeIPDv05p6a intro.
20230510 190043.062 INFO             PET2     ATM-TO-OCN: InitializeIPDv05p6a extro.
20230510 190056.806 INFO             PET2 !!!!!!!!!!!!!!!!!!!!!!!!!!!!!!!!!!!!!!!!!!!!!!!!!!!!!!
20230510 190056.806 INFO             PET2 !!! THE ESMF_LOG IS SET TO OUTPUT ALL LOG MESSAGES !!!
20230510 190056.806 INFO             PET2 !!!     THIS MAY CAUSE SLOWDOWN IN PERFORMANCE     !!!
20230510 190056.806 INFO             PET2 !!! FOR PRODUCTION RUNS, USE:                      !!!
20230510 190056.806 INFO             PET2 !!!                   ESMF_LOGKIND_Multi_On_Error  !!!
20230510 190056.806 INFO             PET2 !!!!!!!!!!!!!!!!!!!!!!!!!!!!!!!!!!!!!!!!!!!!!!!!!!!!!!
20230510 190056.806 INFO             PET2 Running with ESMF Version   : v8.5.0b18-9-g15f3b88d4b
20230510 190056.806 INFO             PET2 ESMF library build date/time: "May 10 2023" "18:16:45"
20230510 190056.806 INFO             PET2 ESMF library build location : /glade/gust/scratch/theurich/ESMF-Nightly-Testing/nvhpc_23.1_mpi_g_feature_fill_nan/esmf
20230510 190056.806 INFO             PET2 ESMF_COMM                   : mpi
20230510 190056.806 INFO             PET2 ESMF_MOAB                   : enabled
20230510 190056.806 INFO             PET2 ESMF_LAPACK                 : enabled
20230510 190056.806 INFO             PET2 ESMF_NETCDF                 : enabled
20230510 190056.806 INFO             PET2 ESMF_PNETCDF                : disabled
20230510 190056.806 INFO             PET2 ESMF_PIO                    : enabled
20230510 190056.806 INFO             PET2 ESMF_YAMLCPP                : enabled
20230510 190056.806 INFO             PET2 esmApp STARTING
20230510 190056.811 INFO             PET2 esm: InitializeGeneric intro.
20230510 190056.811 INFO             PET2   esm: InitializeP0 intro.
20230510 190056.811 INFO             PET2   esm: InitializeP0 extro.
20230510 190056.811 INFO             PET2   esm: InitializeIPDv02p1 intro.
20230510 190056.811 INFO             PET2     >>>esm: entered Initialize (phase=<none>) without valid internal Clock.
20230510 190056.813 INFO             PET2     esm - Creating model component ATM without petList.
20230510 190056.816 INFO             PET2     esm - Creating model component OCN without petList.
20230510 190056.818 INFO             PET2     esm - Creating connector component ATM-TO-OCN without petList.
20230510 190056.823 INFO             PET2     esm - Creating connector component OCN-TO-ATM without petList.
20230510 190056.828 INFO             PET2     esm - Creating state: modelComp 1 Import State
20230510 190056.828 INFO             PET2     esm - Creating state: modelComp 1 Export State
20230510 190056.828 INFO             PET2     esm - Creating state: modelComp 2 Import State
20230510 190056.828 INFO             PET2     esm - Creating state: modelComp 2 Export State
20230510 190056.829 INFO             PET2     ATM: InitializeP0 intro.
20230510 190056.830 INFO             PET2     ATM: InitializeP0 extro.
20230510 190056.830 INFO             PET2     OCN: InitializeP0 intro.
20230510 190056.831 INFO             PET2     OCN: InitializeP0 extro.
20230510 190056.833 INFO             PET2     ATM-TO-OCN: InitializeP0 intro.
20230510 190056.833 INFO             PET2     ATM-TO-OCN: InitializeP0 extro.
20230510 190056.834 INFO             PET2     OCN-TO-ATM: InitializeP0 intro.
20230510 190056.834 INFO             PET2     OCN-TO-ATM: InitializeP0 extro.
20230510 190056.836 INFO             PET2     esm: IInitAdvertise intro.
20230510 190056.836 INFO             PET2     esm: IInitAdvertise extro.
20230510 190056.836 INFO             PET2     ATM: InitializeIPDvXp01 intro.
20230510 190056.838 INFO             PET2     ATM: InitializeIPDvXp01 extro.
20230510 190056.838 INFO             PET2     OCN: InitializeIPDvXp01 intro.
20230510 190056.840 INFO             PET2     OCN: InitializeIPDvXp01 extro.
20230510 190056.841 INFO             PET2     ATM-TO-OCN: InitializeIPDv05p1 intro.
20230510 190056.845 INFO             PET2     ATM-TO-OCN: InitializeIPDv05p1 extro.
20230510 190056.845 INFO             PET2     OCN-TO-ATM: InitializeIPDv05p1 intro.
20230510 190056.847 INFO             PET2     OCN-TO-ATM: InitializeIPDv05p1 extro.
20230510 190056.847 INFO             PET2     esm: IInitAdvertiseFinish intro.
20230510 190056.847 INFO             PET2     esm: IInitAdvertiseFinish extro.
20230510 190056.848 INFO             PET2     ATM-TO-OCN: InitializeIPDv05p2a intro.
20230510 190056.850 INFO             PET2     ATM-TO-OCN: InitializeIPDv05p2a extro.
20230510 190056.851 INFO             PET2     OCN-TO-ATM: InitializeIPDv05p2a intro.
20230510 190056.853 INFO             PET2     OCN-TO-ATM: InitializeIPDv05p2a extro.
20230510 190056.853 INFO             PET2     ATM-TO-OCN: InitializeIPDv05p2b intro.
20230510 190056.856 INFO             PET2     ATM-TO-OCN: InitializeIPDv05p2b extro.
20230510 190056.856 INFO             PET2     OCN-TO-ATM: InitializeIPDv05p2b intro.
20230510 190056.859 INFO             PET2     OCN-TO-ATM: InitializeIPDv05p2b extro.
20230510 190056.859 INFO             PET2     esm: IInitModifyCplLists intro.
20230510 190056.859 INFO             PET2     esm: IInitModifyCplLists extro.
20230510 190056.859 INFO             PET2     ATM-TO-OCN: InitializeIPDv05p3 intro.
20230510 190056.862 INFO             PET2     ATM-TO-OCN: InitializeIPDv05p3 extro.
20230510 190056.862 INFO             PET2     OCN-TO-ATM: InitializeIPDv05p3 intro.
20230510 190056.865 INFO             PET2     OCN-TO-ATM: InitializeIPDv05p3 extro.
20230510 190056.865 INFO             PET2     <<<esm: leaving Initialize (phase=<none>) with current time: 2010  6  1  0  0  0   0
20230510 190056.865 INFO             PET2   esm: InitializeIPDv02p1 extro.
20230510 190056.865 INFO             PET2   esm: InitializeIPDv02p3 intro.
20230510 190056.865 INFO             PET2     >>>esm: entered Initialize (phase=<none>) with current time: 2010  6  1  0  0  0   0
20230510 190056.865 INFO             PET2     esm: IInitCheck intro.
20230510 190056.865 INFO             PET2     esm: IInitCheck extro.
20230510 190056.865 INFO             PET2     atmB: InitializeIPDvXp04 intro.
20230510 190056.869 INFO             PET2     atmB: InitializeIPDvXp04 extro.
20230510 190056.869 INFO             PET2     ocnA: InitializeIPDvXp04 intro.
20230510 190056.872 INFO             PET2     ocnA: InitializeIPDvXp04 extro.
20230510 190056.873 INFO             PET2     ATM-TO-OCN: InitializeIPDv05p4 intro.
20230510 190056.878 INFO             PET2     ATM-TO-OCN: InitializeIPDv05p4 extro.
20230510 190056.878 INFO             PET2     OCN-TO-ATM: InitializeIPDv05p4 intro.
20230510 190056.881 INFO             PET2     OCN-TO-ATM: InitializeIPDv05p4 extro.
20230510 190056.881 INFO             PET2     ATM-TO-OCN: InitializeIPDv05p5 intro.
20230510 190056.885 INFO             PET2     ATM-TO-OCN: InitializeIPDv05p5 extro.
20230510 190056.886 INFO             PET2     OCN-TO-ATM: InitializeIPDv05p5 intro.
20230510 190056.889 INFO             PET2     OCN-TO-ATM: InitializeIPDv05p5 extro.
20230510 190056.889 INFO             PET2     esm: IInitRealize intro.
20230510 190056.889 INFO             PET2     esm: IInitRealize extro.
20230510 190056.889 INFO             PET2     ATM-TO-OCN: InitializeIPDv05p6a intro.
20230510 190056.893 INFO             PET2     ATM-TO-OCN: InitializeIPDv05p6a extro.
20230510 190110.349 INFO             PET2 !!!!!!!!!!!!!!!!!!!!!!!!!!!!!!!!!!!!!!!!!!!!!!!!!!!!!!
20230510 190110.349 INFO             PET2 !!! THE ESMF_LOG IS SET TO OUTPUT ALL LOG MESSAGES !!!
20230510 190110.349 INFO             PET2 !!!     THIS MAY CAUSE SLOWDOWN IN PERFORMANCE     !!!
20230510 190110.349 INFO             PET2 !!! FOR PRODUCTION RUNS, USE:                      !!!
20230510 190110.349 INFO             PET2 !!!                   ESMF_LOGKIND_Multi_On_Error  !!!
20230510 190110.349 INFO             PET2 !!!!!!!!!!!!!!!!!!!!!!!!!!!!!!!!!!!!!!!!!!!!!!!!!!!!!!
20230510 190110.349 INFO             PET2 Running with ESMF Version   : v8.5.0b18-9-g15f3b88d4b
20230510 190110.349 INFO             PET2 ESMF library build date/time: "May 10 2023" "18:16:45"
20230510 190110.349 INFO             PET2 ESMF library build location : /glade/gust/scratch/theurich/ESMF-Nightly-Testing/nvhpc_23.1_mpi_g_feature_fill_nan/esmf
20230510 190110.349 INFO             PET2 ESMF_COMM                   : mpi
20230510 190110.349 INFO             PET2 ESMF_MOAB                   : enabled
20230510 190110.349 INFO             PET2 ESMF_LAPACK                 : enabled
20230510 190110.349 INFO             PET2 ESMF_NETCDF                 : enabled
20230510 190110.349 INFO             PET2 ESMF_PNETCDF                : disabled
20230510 190110.349 INFO             PET2 ESMF_PIO                    : enabled
20230510 190110.349 INFO             PET2 ESMF_YAMLCPP                : enabled
20230510 190110.349 INFO             PET2 esmApp STARTING
20230510 190110.354 INFO             PET2 esm: InitializeGeneric intro.
20230510 190110.354 INFO             PET2   esm: InitializeP0 intro.
20230510 190110.354 INFO             PET2   esm: InitializeP0 extro.
20230510 190110.354 INFO             PET2   esm: InitializeIPDv02p1 intro.
20230510 190110.354 INFO             PET2     >>>esm: entered Initialize (phase=<none>) without valid internal Clock.
20230510 190110.355 INFO             PET2     esm - Creating model component ATM without petList.
20230510 190110.358 INFO             PET2     esm - Creating model component OCN without petList.
20230510 190110.360 INFO             PET2     esm - Creating connector component ATM-TO-OCN without petList.
20230510 190110.365 INFO             PET2     esm - Creating connector component OCN-TO-ATM without petList.
20230510 190110.370 INFO             PET2     esm - Creating state: modelComp 1 Import State
20230510 190110.370 INFO             PET2     esm - Creating state: modelComp 1 Export State
20230510 190110.370 INFO             PET2     esm - Creating state: modelComp 2 Import State
20230510 190110.370 INFO             PET2     esm - Creating state: modelComp 2 Export State
20230510 190110.371 INFO             PET2     ATM: InitializeP0 intro.
20230510 190110.372 INFO             PET2     ATM: InitializeP0 extro.
20230510 190110.372 INFO             PET2     OCN: InitializeP0 intro.
20230510 190110.373 INFO             PET2     OCN: InitializeP0 extro.
20230510 190110.375 INFO             PET2     ATM-TO-OCN: InitializeP0 intro.
20230510 190110.376 INFO             PET2     ATM-TO-OCN: InitializeP0 extro.
20230510 190110.376 INFO             PET2     OCN-TO-ATM: InitializeP0 intro.
20230510 190110.377 INFO             PET2     OCN-TO-ATM: InitializeP0 extro.
20230510 190110.378 INFO             PET2     esm: IInitAdvertise intro.
20230510 190110.378 INFO             PET2     esm: IInitAdvertise extro.
20230510 190110.378 INFO             PET2     ATM: InitializeIPDvXp01 intro.
20230510 190110.380 INFO             PET2     ATM: InitializeIPDvXp01 extro.
20230510 190110.380 INFO             PET2     OCN: InitializeIPDvXp01 intro.
20230510 190110.382 INFO             PET2     OCN: InitializeIPDvXp01 extro.
20230510 190110.384 INFO             PET2     ATM-TO-OCN: InitializeIPDv05p1 intro.
20230510 190110.387 INFO             PET2     ATM-TO-OCN: InitializeIPDv05p1 extro.
20230510 190110.388 INFO             PET2     OCN-TO-ATM: InitializeIPDv05p1 intro.
20230510 190110.390 INFO             PET2     OCN-TO-ATM: InitializeIPDv05p1 extro.
20230510 190110.390 INFO             PET2     esm: IInitAdvertiseFinish intro.
20230510 190110.390 INFO             PET2     esm: IInitAdvertiseFinish extro.
20230510 190110.391 INFO             PET2     ATM-TO-OCN: InitializeIPDv05p2a intro.
20230510 190110.393 INFO             PET2     ATM-TO-OCN: InitializeIPDv05p2a extro.
20230510 190110.394 INFO             PET2     OCN-TO-ATM: InitializeIPDv05p2a intro.
20230510 190110.396 INFO             PET2     OCN-TO-ATM: InitializeIPDv05p2a extro.
20230510 190110.396 INFO             PET2     ATM-TO-OCN: InitializeIPDv05p2b intro.
20230510 190110.399 INFO             PET2     ATM-TO-OCN: InitializeIPDv05p2b extro.
20230510 190110.399 INFO             PET2     OCN-TO-ATM: InitializeIPDv05p2b intro.
20230510 190110.402 INFO             PET2     OCN-TO-ATM: InitializeIPDv05p2b extro.
20230510 190110.402 INFO             PET2     esm: IInitModifyCplLists intro.
20230510 190110.402 INFO             PET2     esm: IInitModifyCplLists extro.
20230510 190110.402 INFO             PET2     ATM-TO-OCN: InitializeIPDv05p3 intro.
20230510 190110.405 INFO             PET2     ATM-TO-OCN: InitializeIPDv05p3 extro.
20230510 190110.406 INFO             PET2     OCN-TO-ATM: InitializeIPDv05p3 intro.
20230510 190110.408 INFO             PET2     OCN-TO-ATM: InitializeIPDv05p3 extro.
20230510 190110.408 INFO             PET2     <<<esm: leaving Initialize (phase=<none>) with current time: 2010  6  1  0  0  0   0
20230510 190110.408 INFO             PET2   esm: InitializeIPDv02p1 extro.
20230510 190110.408 INFO             PET2   esm: InitializeIPDv02p3 intro.
20230510 190110.408 INFO             PET2     >>>esm: entered Initialize (phase=<none>) with current time: 2010  6  1  0  0  0   0
20230510 190110.409 INFO             PET2     esm: IInitCheck intro.
20230510 190110.409 INFO             PET2     esm: IInitCheck extro.
20230510 190110.409 INFO             PET2     atmA: InitializeIPDvXp04 intro.
20230510 190110.412 INFO             PET2     atmA: InitializeIPDvXp04 extro.
20230510 190110.412 INFO             PET2     ocnB: InitializeIPDvXp04 intro.
20230510 190110.416 INFO             PET2     ocnB: InitializeIPDvXp04 extro.
20230510 190110.417 INFO             PET2     ATM-TO-OCN: InitializeIPDv05p4 intro.
20230510 190110.421 INFO             PET2     ATM-TO-OCN: InitializeIPDv05p4 extro.
20230510 190110.422 INFO             PET2     OCN-TO-ATM: InitializeIPDv05p4 intro.
20230510 190110.425 INFO             PET2     OCN-TO-ATM: InitializeIPDv05p4 extro.
20230510 190110.425 INFO             PET2     ATM-TO-OCN: InitializeIPDv05p5 intro.
20230510 190110.429 INFO             PET2     ATM-TO-OCN: InitializeIPDv05p5 extro.
20230510 190110.429 INFO             PET2     OCN-TO-ATM: InitializeIPDv05p5 intro.
20230510 190110.433 INFO             PET2     OCN-TO-ATM: InitializeIPDv05p5 extro.
20230510 190110.433 INFO             PET2     esm: IInitRealize intro.
20230510 190110.433 INFO             PET2     esm: IInitRealize extro.
20230510 190110.433 INFO             PET2     ATM-TO-OCN: InitializeIPDv05p6a intro.
20230510 190110.437 INFO             PET2     ATM-TO-OCN: InitializeIPDv05p6a extro.
20230510 190042.975 INFO             PET3 !!!!!!!!!!!!!!!!!!!!!!!!!!!!!!!!!!!!!!!!!!!!!!!!!!!!!!
20230510 190042.975 INFO             PET3 !!! THE ESMF_LOG IS SET TO OUTPUT ALL LOG MESSAGES !!!
20230510 190042.975 INFO             PET3 !!!     THIS MAY CAUSE SLOWDOWN IN PERFORMANCE     !!!
20230510 190042.975 INFO             PET3 !!! FOR PRODUCTION RUNS, USE:                      !!!
20230510 190042.975 INFO             PET3 !!!                   ESMF_LOGKIND_Multi_On_Error  !!!
20230510 190042.975 INFO             PET3 !!!!!!!!!!!!!!!!!!!!!!!!!!!!!!!!!!!!!!!!!!!!!!!!!!!!!!
20230510 190042.975 INFO             PET3 Running with ESMF Version   : v8.5.0b18-9-g15f3b88d4b
20230510 190042.975 INFO             PET3 ESMF library build date/time: "May 10 2023" "18:16:45"
20230510 190042.975 INFO             PET3 ESMF library build location : /glade/gust/scratch/theurich/ESMF-Nightly-Testing/nvhpc_23.1_mpi_g_feature_fill_nan/esmf
20230510 190042.975 INFO             PET3 ESMF_COMM                   : mpi
20230510 190042.976 INFO             PET3 ESMF_MOAB                   : enabled
20230510 190042.976 INFO             PET3 ESMF_LAPACK                 : enabled
20230510 190042.976 INFO             PET3 ESMF_NETCDF                 : enabled
20230510 190042.976 INFO             PET3 ESMF_PNETCDF                : disabled
20230510 190042.976 INFO             PET3 ESMF_PIO                    : enabled
20230510 190042.976 INFO             PET3 ESMF_YAMLCPP                : enabled
20230510 190042.976 INFO             PET3 esmApp STARTING
20230510 190042.981 INFO             PET3 esm: InitializeGeneric intro.
20230510 190042.981 INFO             PET3   esm: InitializeP0 intro.
20230510 190042.981 INFO             PET3   esm: InitializeP0 extro.
20230510 190042.981 INFO             PET3   esm: InitializeIPDv02p1 intro.
20230510 190042.981 INFO             PET3     >>>esm: entered Initialize (phase=<none>) without valid internal Clock.
20230510 190042.982 INFO             PET3     esm - Creating model component ATM without petList.
20230510 190042.985 INFO             PET3     esm - Creating model component OCN without petList.
20230510 190042.987 INFO             PET3     esm - Creating connector component ATM-TO-OCN without petList.
20230510 190042.992 INFO             PET3     esm - Creating connector component OCN-TO-ATM without petList.
20230510 190042.997 INFO             PET3     esm - Creating state: modelComp 1 Import State
20230510 190042.997 INFO             PET3     esm - Creating state: modelComp 1 Export State
20230510 190042.997 INFO             PET3     esm - Creating state: modelComp 2 Import State
20230510 190042.997 INFO             PET3     esm - Creating state: modelComp 2 Export State
20230510 190042.998 INFO             PET3     ATM: InitializeP0 intro.
20230510 190042.999 INFO             PET3     ATM: InitializeP0 extro.
20230510 190042.999 INFO             PET3     OCN: InitializeP0 intro.
20230510 190043.000 INFO             PET3     OCN: InitializeP0 extro.
20230510 190043.002 INFO             PET3     ATM-TO-OCN: InitializeP0 intro.
20230510 190043.003 INFO             PET3     ATM-TO-OCN: InitializeP0 extro.
20230510 190043.003 INFO             PET3     OCN-TO-ATM: InitializeP0 intro.
20230510 190043.004 INFO             PET3     OCN-TO-ATM: InitializeP0 extro.
20230510 190043.005 INFO             PET3     esm: IInitAdvertise intro.
20230510 190043.005 INFO             PET3     esm: IInitAdvertise extro.
20230510 190043.005 INFO             PET3     ATM: InitializeIPDvXp01 intro.
20230510 190043.007 INFO             PET3     ATM: InitializeIPDvXp01 extro.
20230510 190043.007 INFO             PET3     OCN: InitializeIPDvXp01 intro.
20230510 190043.009 INFO             PET3     OCN: InitializeIPDvXp01 extro.
20230510 190043.010 INFO             PET3     ATM-TO-OCN: InitializeIPDv05p1 intro.
20230510 190043.014 INFO             PET3     ATM-TO-OCN: InitializeIPDv05p1 extro.
20230510 190043.014 INFO             PET3     OCN-TO-ATM: InitializeIPDv05p1 intro.
20230510 190043.017 INFO             PET3     OCN-TO-ATM: InitializeIPDv05p1 extro.
20230510 190043.017 INFO             PET3     esm: IInitAdvertiseFinish intro.
20230510 190043.017 INFO             PET3     esm: IInitAdvertiseFinish extro.
20230510 190043.017 INFO             PET3     ATM-TO-OCN: InitializeIPDv05p2a intro.
20230510 190043.020 INFO             PET3     ATM-TO-OCN: InitializeIPDv05p2a extro.
20230510 190043.020 INFO             PET3     OCN-TO-ATM: InitializeIPDv05p2a intro.
20230510 190043.023 INFO             PET3     OCN-TO-ATM: InitializeIPDv05p2a extro.
20230510 190043.023 INFO             PET3     ATM-TO-OCN: InitializeIPDv05p2b intro.
20230510 190043.026 INFO             PET3     ATM-TO-OCN: InitializeIPDv05p2b extro.
20230510 190043.026 INFO             PET3     OCN-TO-ATM: InitializeIPDv05p2b intro.
20230510 190043.028 INFO             PET3     OCN-TO-ATM: InitializeIPDv05p2b extro.
20230510 190043.028 INFO             PET3     esm: IInitModifyCplLists intro.
20230510 190043.029 INFO             PET3     esm: IInitModifyCplLists extro.
20230510 190043.029 INFO             PET3     ATM-TO-OCN: InitializeIPDv05p3 intro.
20230510 190043.032 INFO             PET3     ATM-TO-OCN: InitializeIPDv05p3 extro.
20230510 190043.032 INFO             PET3     OCN-TO-ATM: InitializeIPDv05p3 intro.
20230510 190043.035 INFO             PET3     OCN-TO-ATM: InitializeIPDv05p3 extro.
20230510 190043.035 INFO             PET3     <<<esm: leaving Initialize (phase=<none>) with current time: 2010  6  1  0  0  0   0
20230510 190043.035 INFO             PET3   esm: InitializeIPDv02p1 extro.
20230510 190043.035 INFO             PET3   esm: InitializeIPDv02p3 intro.
20230510 190043.035 INFO             PET3     >>>esm: entered Initialize (phase=<none>) with current time: 2010  6  1  0  0  0   0
20230510 190043.035 INFO             PET3     esm: IInitCheck intro.
20230510 190043.035 INFO             PET3     esm: IInitCheck extro.
20230510 190043.035 INFO             PET3     atmA: InitializeIPDvXp04 intro.
20230510 190043.039 INFO             PET3     atmA: InitializeIPDvXp04 extro.
20230510 190043.039 INFO             PET3     ocnA: InitializeIPDvXp04 intro.
20230510 190043.042 INFO             PET3     ocnA: InitializeIPDvXp04 extro.
20230510 190043.043 INFO             PET3     ATM-TO-OCN: InitializeIPDv05p4 intro.
20230510 190043.047 INFO             PET3     ATM-TO-OCN: InitializeIPDv05p4 extro.
20230510 190043.048 INFO             PET3     OCN-TO-ATM: InitializeIPDv05p4 intro.
20230510 190043.051 INFO             PET3     OCN-TO-ATM: InitializeIPDv05p4 extro.
20230510 190043.051 INFO             PET3     ATM-TO-OCN: InitializeIPDv05p5 intro.
20230510 190043.055 INFO             PET3     ATM-TO-OCN: InitializeIPDv05p5 extro.
20230510 190043.055 INFO             PET3     OCN-TO-ATM: InitializeIPDv05p5 intro.
20230510 190043.058 INFO             PET3     OCN-TO-ATM: InitializeIPDv05p5 extro.
20230510 190043.058 INFO             PET3     esm: IInitRealize intro.
20230510 190043.058 INFO             PET3     esm: IInitRealize extro.
20230510 190043.059 INFO             PET3     ATM-TO-OCN: InitializeIPDv05p6a intro.
20230510 190043.062 INFO             PET3     ATM-TO-OCN: InitializeIPDv05p6a extro.
20230510 190056.806 INFO             PET3 !!!!!!!!!!!!!!!!!!!!!!!!!!!!!!!!!!!!!!!!!!!!!!!!!!!!!!
20230510 190056.806 INFO             PET3 !!! THE ESMF_LOG IS SET TO OUTPUT ALL LOG MESSAGES !!!
20230510 190056.806 INFO             PET3 !!!     THIS MAY CAUSE SLOWDOWN IN PERFORMANCE     !!!
20230510 190056.806 INFO             PET3 !!! FOR PRODUCTION RUNS, USE:                      !!!
20230510 190056.806 INFO             PET3 !!!                   ESMF_LOGKIND_Multi_On_Error  !!!
20230510 190056.806 INFO             PET3 !!!!!!!!!!!!!!!!!!!!!!!!!!!!!!!!!!!!!!!!!!!!!!!!!!!!!!
20230510 190056.806 INFO             PET3 Running with ESMF Version   : v8.5.0b18-9-g15f3b88d4b
20230510 190056.806 INFO             PET3 ESMF library build date/time: "May 10 2023" "18:16:45"
20230510 190056.806 INFO             PET3 ESMF library build location : /glade/gust/scratch/theurich/ESMF-Nightly-Testing/nvhpc_23.1_mpi_g_feature_fill_nan/esmf
20230510 190056.806 INFO             PET3 ESMF_COMM                   : mpi
20230510 190056.806 INFO             PET3 ESMF_MOAB                   : enabled
20230510 190056.806 INFO             PET3 ESMF_LAPACK                 : enabled
20230510 190056.806 INFO             PET3 ESMF_NETCDF                 : enabled
20230510 190056.806 INFO             PET3 ESMF_PNETCDF                : disabled
20230510 190056.806 INFO             PET3 ESMF_PIO                    : enabled
20230510 190056.806 INFO             PET3 ESMF_YAMLCPP                : enabled
20230510 190056.806 INFO             PET3 esmApp STARTING
20230510 190056.811 INFO             PET3 esm: InitializeGeneric intro.
20230510 190056.811 INFO             PET3   esm: InitializeP0 intro.
20230510 190056.811 INFO             PET3   esm: InitializeP0 extro.
20230510 190056.811 INFO             PET3   esm: InitializeIPDv02p1 intro.
20230510 190056.811 INFO             PET3     >>>esm: entered Initialize (phase=<none>) without valid internal Clock.
20230510 190056.813 INFO             PET3     esm - Creating model component ATM without petList.
20230510 190056.816 INFO             PET3     esm - Creating model component OCN without petList.
20230510 190056.818 INFO             PET3     esm - Creating connector component ATM-TO-OCN without petList.
20230510 190056.823 INFO             PET3     esm - Creating connector component OCN-TO-ATM without petList.
20230510 190056.828 INFO             PET3     esm - Creating state: modelComp 1 Import State
20230510 190056.828 INFO             PET3     esm - Creating state: modelComp 1 Export State
20230510 190056.828 INFO             PET3     esm - Creating state: modelComp 2 Import State
20230510 190056.828 INFO             PET3     esm - Creating state: modelComp 2 Export State
20230510 190056.829 INFO             PET3     ATM: InitializeP0 intro.
20230510 190056.830 INFO             PET3     ATM: InitializeP0 extro.
20230510 190056.830 INFO             PET3     OCN: InitializeP0 intro.
20230510 190056.831 INFO             PET3     OCN: InitializeP0 extro.
20230510 190056.833 INFO             PET3     ATM-TO-OCN: InitializeP0 intro.
20230510 190056.833 INFO             PET3     ATM-TO-OCN: InitializeP0 extro.
20230510 190056.834 INFO             PET3     OCN-TO-ATM: InitializeP0 intro.
20230510 190056.834 INFO             PET3     OCN-TO-ATM: InitializeP0 extro.
20230510 190056.836 INFO             PET3     esm: IInitAdvertise intro.
20230510 190056.836 INFO             PET3     esm: IInitAdvertise extro.
20230510 190056.836 INFO             PET3     ATM: InitializeIPDvXp01 intro.
20230510 190056.838 INFO             PET3     ATM: InitializeIPDvXp01 extro.
20230510 190056.838 INFO             PET3     OCN: InitializeIPDvXp01 intro.
20230510 190056.840 INFO             PET3     OCN: InitializeIPDvXp01 extro.
20230510 190056.841 INFO             PET3     ATM-TO-OCN: InitializeIPDv05p1 intro.
20230510 190056.845 INFO             PET3     ATM-TO-OCN: InitializeIPDv05p1 extro.
20230510 190056.845 INFO             PET3     OCN-TO-ATM: InitializeIPDv05p1 intro.
20230510 190056.847 INFO             PET3     OCN-TO-ATM: InitializeIPDv05p1 extro.
20230510 190056.847 INFO             PET3     esm: IInitAdvertiseFinish intro.
20230510 190056.847 INFO             PET3     esm: IInitAdvertiseFinish extro.
20230510 190056.848 INFO             PET3     ATM-TO-OCN: InitializeIPDv05p2a intro.
20230510 190056.850 INFO             PET3     ATM-TO-OCN: InitializeIPDv05p2a extro.
20230510 190056.851 INFO             PET3     OCN-TO-ATM: InitializeIPDv05p2a intro.
20230510 190056.853 INFO             PET3     OCN-TO-ATM: InitializeIPDv05p2a extro.
20230510 190056.853 INFO             PET3     ATM-TO-OCN: InitializeIPDv05p2b intro.
20230510 190056.856 INFO             PET3     ATM-TO-OCN: InitializeIPDv05p2b extro.
20230510 190056.856 INFO             PET3     OCN-TO-ATM: InitializeIPDv05p2b intro.
20230510 190056.859 INFO             PET3     OCN-TO-ATM: InitializeIPDv05p2b extro.
20230510 190056.859 INFO             PET3     esm: IInitModifyCplLists intro.
20230510 190056.859 INFO             PET3     esm: IInitModifyCplLists extro.
20230510 190056.859 INFO             PET3     ATM-TO-OCN: InitializeIPDv05p3 intro.
20230510 190056.862 INFO             PET3     ATM-TO-OCN: InitializeIPDv05p3 extro.
20230510 190056.862 INFO             PET3     OCN-TO-ATM: InitializeIPDv05p3 intro.
20230510 190056.865 INFO             PET3     OCN-TO-ATM: InitializeIPDv05p3 extro.
20230510 190056.865 INFO             PET3     <<<esm: leaving Initialize (phase=<none>) with current time: 2010  6  1  0  0  0   0
20230510 190056.865 INFO             PET3   esm: InitializeIPDv02p1 extro.
20230510 190056.865 INFO             PET3   esm: InitializeIPDv02p3 intro.
20230510 190056.865 INFO             PET3     >>>esm: entered Initialize (phase=<none>) with current time: 2010  6  1  0  0  0   0
20230510 190056.865 INFO             PET3     esm: IInitCheck intro.
20230510 190056.865 INFO             PET3     esm: IInitCheck extro.
20230510 190056.865 INFO             PET3     atmB: InitializeIPDvXp04 intro.
20230510 190056.869 INFO             PET3     atmB: InitializeIPDvXp04 extro.
20230510 190056.869 INFO             PET3     ocnA: InitializeIPDvXp04 intro.
20230510 190056.872 INFO             PET3     ocnA: InitializeIPDvXp04 extro.
20230510 190056.873 INFO             PET3     ATM-TO-OCN: InitializeIPDv05p4 intro.
20230510 190056.878 INFO             PET3     ATM-TO-OCN: InitializeIPDv05p4 extro.
20230510 190056.878 INFO             PET3     OCN-TO-ATM: InitializeIPDv05p4 intro.
20230510 190056.881 INFO             PET3     OCN-TO-ATM: InitializeIPDv05p4 extro.
20230510 190056.881 INFO             PET3     ATM-TO-OCN: InitializeIPDv05p5 intro.
20230510 190056.885 INFO             PET3     ATM-TO-OCN: InitializeIPDv05p5 extro.
20230510 190056.885 INFO             PET3     OCN-TO-ATM: InitializeIPDv05p5 intro.
20230510 190056.889 INFO             PET3     OCN-TO-ATM: InitializeIPDv05p5 extro.
20230510 190056.889 INFO             PET3     esm: IInitRealize intro.
20230510 190056.889 INFO             PET3     esm: IInitRealize extro.
20230510 190056.889 INFO             PET3     ATM-TO-OCN: InitializeIPDv05p6a intro.
20230510 190056.893 INFO             PET3     ATM-TO-OCN: InitializeIPDv05p6a extro.
20230510 190110.349 INFO             PET3 !!!!!!!!!!!!!!!!!!!!!!!!!!!!!!!!!!!!!!!!!!!!!!!!!!!!!!
20230510 190110.349 INFO             PET3 !!! THE ESMF_LOG IS SET TO OUTPUT ALL LOG MESSAGES !!!
20230510 190110.349 INFO             PET3 !!!     THIS MAY CAUSE SLOWDOWN IN PERFORMANCE     !!!
20230510 190110.349 INFO             PET3 !!! FOR PRODUCTION RUNS, USE:                      !!!
20230510 190110.349 INFO             PET3 !!!                   ESMF_LOGKIND_Multi_On_Error  !!!
20230510 190110.349 INFO             PET3 !!!!!!!!!!!!!!!!!!!!!!!!!!!!!!!!!!!!!!!!!!!!!!!!!!!!!!
20230510 190110.349 INFO             PET3 Running with ESMF Version   : v8.5.0b18-9-g15f3b88d4b
20230510 190110.349 INFO             PET3 ESMF library build date/time: "May 10 2023" "18:16:45"
20230510 190110.349 INFO             PET3 ESMF library build location : /glade/gust/scratch/theurich/ESMF-Nightly-Testing/nvhpc_23.1_mpi_g_feature_fill_nan/esmf
20230510 190110.349 INFO             PET3 ESMF_COMM                   : mpi
20230510 190110.349 INFO             PET3 ESMF_MOAB                   : enabled
20230510 190110.349 INFO             PET3 ESMF_LAPACK                 : enabled
20230510 190110.349 INFO             PET3 ESMF_NETCDF                 : enabled
20230510 190110.349 INFO             PET3 ESMF_PNETCDF                : disabled
20230510 190110.349 INFO             PET3 ESMF_PIO                    : enabled
20230510 190110.349 INFO             PET3 ESMF_YAMLCPP                : enabled
20230510 190110.349 INFO             PET3 esmApp STARTING
20230510 190110.354 INFO             PET3 esm: InitializeGeneric intro.
20230510 190110.354 INFO             PET3   esm: InitializeP0 intro.
20230510 190110.354 INFO             PET3   esm: InitializeP0 extro.
20230510 190110.354 INFO             PET3   esm: InitializeIPDv02p1 intro.
20230510 190110.354 INFO             PET3     >>>esm: entered Initialize (phase=<none>) without valid internal Clock.
20230510 190110.355 INFO             PET3     esm - Creating model component ATM without petList.
20230510 190110.358 INFO             PET3     esm - Creating model component OCN without petList.
20230510 190110.360 INFO             PET3     esm - Creating connector component ATM-TO-OCN without petList.
20230510 190110.365 INFO             PET3     esm - Creating connector component OCN-TO-ATM without petList.
20230510 190110.370 INFO             PET3     esm - Creating state: modelComp 1 Import State
20230510 190110.370 INFO             PET3     esm - Creating state: modelComp 1 Export State
20230510 190110.370 INFO             PET3     esm - Creating state: modelComp 2 Import State
20230510 190110.370 INFO             PET3     esm - Creating state: modelComp 2 Export State
20230510 190110.371 INFO             PET3     ATM: InitializeP0 intro.
20230510 190110.372 INFO             PET3     ATM: InitializeP0 extro.
20230510 190110.372 INFO             PET3     OCN: InitializeP0 intro.
20230510 190110.373 INFO             PET3     OCN: InitializeP0 extro.
20230510 190110.375 INFO             PET3     ATM-TO-OCN: InitializeP0 intro.
20230510 190110.376 INFO             PET3     ATM-TO-OCN: InitializeP0 extro.
20230510 190110.376 INFO             PET3     OCN-TO-ATM: InitializeP0 intro.
20230510 190110.377 INFO             PET3     OCN-TO-ATM: InitializeP0 extro.
20230510 190110.378 INFO             PET3     esm: IInitAdvertise intro.
20230510 190110.378 INFO             PET3     esm: IInitAdvertise extro.
20230510 190110.378 INFO             PET3     ATM: InitializeIPDvXp01 intro.
20230510 190110.380 INFO             PET3     ATM: InitializeIPDvXp01 extro.
20230510 190110.380 INFO             PET3     OCN: InitializeIPDvXp01 intro.
20230510 190110.382 INFO             PET3     OCN: InitializeIPDvXp01 extro.
20230510 190110.384 INFO             PET3     ATM-TO-OCN: InitializeIPDv05p1 intro.
20230510 190110.387 INFO             PET3     ATM-TO-OCN: InitializeIPDv05p1 extro.
20230510 190110.388 INFO             PET3     OCN-TO-ATM: InitializeIPDv05p1 intro.
20230510 190110.390 INFO             PET3     OCN-TO-ATM: InitializeIPDv05p1 extro.
20230510 190110.390 INFO             PET3     esm: IInitAdvertiseFinish intro.
20230510 190110.390 INFO             PET3     esm: IInitAdvertiseFinish extro.
20230510 190110.391 INFO             PET3     ATM-TO-OCN: InitializeIPDv05p2a intro.
20230510 190110.393 INFO             PET3     ATM-TO-OCN: InitializeIPDv05p2a extro.
20230510 190110.394 INFO             PET3     OCN-TO-ATM: InitializeIPDv05p2a intro.
20230510 190110.396 INFO             PET3     OCN-TO-ATM: InitializeIPDv05p2a extro.
20230510 190110.396 INFO             PET3     ATM-TO-OCN: InitializeIPDv05p2b intro.
20230510 190110.399 INFO             PET3     ATM-TO-OCN: InitializeIPDv05p2b extro.
20230510 190110.399 INFO             PET3     OCN-TO-ATM: InitializeIPDv05p2b intro.
20230510 190110.402 INFO             PET3     OCN-TO-ATM: InitializeIPDv05p2b extro.
20230510 190110.402 INFO             PET3     esm: IInitModifyCplLists intro.
20230510 190110.402 INFO             PET3     esm: IInitModifyCplLists extro.
20230510 190110.402 INFO             PET3     ATM-TO-OCN: InitializeIPDv05p3 intro.
20230510 190110.405 INFO             PET3     ATM-TO-OCN: InitializeIPDv05p3 extro.
20230510 190110.406 INFO             PET3     OCN-TO-ATM: InitializeIPDv05p3 intro.
20230510 190110.408 INFO             PET3     OCN-TO-ATM: InitializeIPDv05p3 extro.
20230510 190110.408 INFO             PET3     <<<esm: leaving Initialize (phase=<none>) with current time: 2010  6  1  0  0  0   0
20230510 190110.408 INFO             PET3   esm: InitializeIPDv02p1 extro.
20230510 190110.408 INFO             PET3   esm: InitializeIPDv02p3 intro.
20230510 190110.408 INFO             PET3     >>>esm: entered Initialize (phase=<none>) with current time: 2010  6  1  0  0  0   0
20230510 190110.409 INFO             PET3     esm: IInitCheck intro.
20230510 190110.409 INFO             PET3     esm: IInitCheck extro.
20230510 190110.409 INFO             PET3     atmA: InitializeIPDvXp04 intro.
20230510 190110.412 INFO             PET3     atmA: InitializeIPDvXp04 extro.
20230510 190110.412 INFO             PET3     ocnB: InitializeIPDvXp04 intro.
20230510 190110.416 INFO             PET3     ocnB: InitializeIPDvXp04 extro.
20230510 190110.417 INFO             PET3     ATM-TO-OCN: InitializeIPDv05p4 intro.
20230510 190110.421 INFO             PET3     ATM-TO-OCN: InitializeIPDv05p4 extro.
20230510 190110.422 INFO             PET3     OCN-TO-ATM: InitializeIPDv05p4 intro.
20230510 190110.425 INFO             PET3     OCN-TO-ATM: InitializeIPDv05p4 extro.
20230510 190110.425 INFO             PET3     ATM-TO-OCN: InitializeIPDv05p5 intro.
20230510 190110.429 INFO             PET3     ATM-TO-OCN: InitializeIPDv05p5 extro.
20230510 190110.429 INFO             PET3     OCN-TO-ATM: InitializeIPDv05p5 intro.
20230510 190110.433 INFO             PET3     OCN-TO-ATM: InitializeIPDv05p5 extro.
20230510 190110.433 INFO             PET3     esm: IInitRealize intro.
20230510 190110.433 INFO             PET3     esm: IInitRealize extro.
20230510 190110.433 INFO             PET3     ATM-TO-OCN: InitializeIPDv05p6a intro.
20230510 190110.437 INFO             PET3     ATM-TO-OCN: InitializeIPDv05p6a extro.
