2023-05-15 19:14:34
20230515 193652.971 INFO             PET0 !!!!!!!!!!!!!!!!!!!!!!!!!!!!!!!!!!!!!!!!!!!!!!!!!!!!!!
20230515 193652.971 INFO             PET0 !!! THE ESMF_LOG IS SET TO OUTPUT ALL LOG MESSAGES !!!
20230515 193652.971 INFO             PET0 !!!     THIS MAY CAUSE SLOWDOWN IN PERFORMANCE     !!!
20230515 193652.971 INFO             PET0 !!! FOR PRODUCTION RUNS, USE:                      !!!
20230515 193652.971 INFO             PET0 !!!                   ESMF_LOGKIND_Multi_On_Error  !!!
20230515 193652.971 INFO             PET0 !!!!!!!!!!!!!!!!!!!!!!!!!!!!!!!!!!!!!!!!!!!!!!!!!!!!!!
20230515 193652.971 INFO             PET0 Running with ESMF Version   : v8.5.0b21-24-g107dc0b24f
20230515 193652.971 INFO             PET0 ESMF library build date/time: "May 15 2023" "19:13:25"
20230515 193652.971 INFO             PET0 ESMF library build location : /glade/gust/scratch/theurich/ESMF-Nightly-Testing/cce_15.0.1_mpiuni_g_feature_state-intent-internal/esmf
20230515 193652.971 INFO             PET0 ESMF_COMM                   : mpiuni
20230515 193652.972 INFO             PET0 ESMF_MOAB                   : enabled
20230515 193652.972 INFO             PET0 ESMF_LAPACK                 : enabled
20230515 193652.972 INFO             PET0 ESMF_NETCDF                 : enabled
20230515 193652.972 INFO             PET0 ESMF_PNETCDF                : disabled
20230515 193652.972 INFO             PET0 ESMF_PIO                    : disabled
20230515 193652.972 INFO             PET0 ESMF_YAMLCPP                : enabled
20230515 193652.972 INFO             PET0 ESMF Tracing Enabled
20230515 193652.972 INFO             PET0 ESMF Profiling Enabled
20230515 193652.972 INFO             PET0 ESMF Trace/Profile clock: REALTIME
20230515 193652.976 INFO             PET0  NUMBER_OF_PROCESSORS 1
20230515 193652.976 INFO             PET0  PASS  Example ESMF_TraceEx, ESMF_TraceEx.F90, line 178
20230515 193652.976 INFO             PET0 Finalizing ESMF
20230515 193652.976 INFO             PET0 **************** Region Timings *******************
20230515 193652.976 INFO             PET0 Region              Count  Total (s)   Self (s)    Mean (s)    Min (s)     Max (s)
20230515 193652.976 INFO             PET0   [ESMF]            1      0.0012      0.0012      0.0012      0.0012      0.0012
20230515 193652.976 INFO             PET0     [test] Run 1    5      0.0000      0.0000      0.0000      0.0000      0.0000
20230515 193652.976 INFO             PET0     [test] Init 1   1      0.0000      0.0000      0.0000      0.0000      0.0000
20230515 193652.976 INFO             PET0     [test] Final 1  1      0.0000      0.0000      0.0000      0.0000      0.0000
