2023-06-05 03:52:06
20230605 042331.946 INFO             PET0 !!!!!!!!!!!!!!!!!!!!!!!!!!!!!!!!!!!!!!!!!!!!!!!!!!!!!!
20230605 042331.946 INFO             PET0 !!! THE ESMF_LOG IS SET TO OUTPUT ALL LOG MESSAGES !!!
20230605 042331.946 INFO             PET0 !!!     THIS MAY CAUSE SLOWDOWN IN PERFORMANCE     !!!
20230605 042331.946 INFO             PET0 !!! FOR PRODUCTION RUNS, USE:                      !!!
20230605 042331.946 INFO             PET0 !!!                   ESMF_LOGKIND_Multi_On_Error  !!!
20230605 042331.946 INFO             PET0 !!!!!!!!!!!!!!!!!!!!!!!!!!!!!!!!!!!!!!!!!!!!!!!!!!!!!!
20230605 042331.946 INFO             PET0 Running with ESMF Version   : v8.5.0b23
20230605 042331.946 INFO             PET0 ESMF library build date/time: "Jun  5 2023" "03:50:38"
20230605 042331.946 INFO             PET0 ESMF library build location : /project/esmf/theurich/ESMF-Nightly-Testing/nag_7.0_mpiuni_O_develop/esmf
20230605 042331.946 INFO             PET0 ESMF_COMM                   : mpiuni
20230605 042331.946 INFO             PET0 ESMF_MOAB                   : enabled
20230605 042331.946 INFO             PET0 ESMF_LAPACK                 : enabled
20230605 042331.946 INFO             PET0 ESMF_NETCDF                 : enabled
20230605 042331.946 INFO             PET0 ESMF_PNETCDF                : disabled
20230605 042331.946 INFO             PET0 ESMF_PIO                    : disabled
20230605 042331.946 INFO             PET0 ESMF_YAMLCPP                : enabled
20230605 042331.961 INFO             PET0  NUMBER_OF_PROCESSORS 1
20230605 042331.961 INFO             PET0  PASS  Example ESMF_ConfigOverviewEx, ESMF_ConfigOverviewEx.F90, line 512
20230605 042331.961 INFO             PET0 Finalizing ESMF
