2023-05-14 07:40:34
[h24c28:224148:0:224148] Caught signal 11 (Segmentation fault: address not mapped to object at address 0x4f1b591)
[h24c28:224149:0:224149] Caught signal 11 (Segmentation fault: address not mapped to object at address 0x4f1b591)
[h24c28:224150:0:224150] Caught signal 11 (Segmentation fault: address not mapped to object at address 0x4f1b591)
[h24c28:224151:0:224151] Caught signal 11 (Segmentation fault: address not mapped to object at address 0x4f1b591)
==== backtrace (tid: 224151) ====
 0 0x000000000004d455 ucs_debug_print_backtrace()  ???:0
 1 0x0000000000531eae ESMCI::LogErr::MsgFoundError()  /scratch2/NCEPDEV/stmp1/Gerhard.Theurich/ESMF-Nightly-Testing/intel_2022.3.0_intelmpi_O_feature_fill_nan/esmf/src/Infrastructure/LogErr/src/ESMCI_LogErr.C:586
 2 0x000000000065954b c_esmc_meshcreatenodedistgrid_()  /scratch2/NCEPDEV/stmp1/Gerhard.Theurich/ESMF-Nightly-Testing/intel_2022.3.0_intelmpi_O_feature_fill_nan/esmf/src/Infrastructure/Mesh/interface/ESMCI_Mesh_F.C:248
 3 0x0000000000e457a2 esmf_meshmod_mp_esmf_meshcreatefrompointer_()  /scratch2/NCEPDEV/stmp1/Gerhard.Theurich/ESMF-Nightly-Testing/intel_2022.3.0_intelmpi_O_feature_fill_nan/esmf/src/Infrastructure/Mesh/interface/ESMF_Mesh.F90:3091
 4 0x0000000000ceb956 esmf_gridutilmod_mp_esmf_gridtomesh_()  /scratch2/NCEPDEV/stmp1/Gerhard.Theurich/ESMF-Nightly-Testing/intel_2022.3.0_intelmpi_O_feature_fill_nan/esmf/src/Infrastructure/GridUtil/interface/ESMF_GridUtil.F90:453
 5 0x0000000000bbf460 esmf_fieldregridmod_mp_b_or_p_gridtomesh_()  /scratch2/NCEPDEV/stmp1/Gerhard.Theurich/ESMF-Nightly-Testing/intel_2022.3.0_intelmpi_O_feature_fill_nan/esmf/src/Infrastructure/Field/src/ESMF_FieldRegrid.F90:3228
 6 0x0000000000bbef13 esmf_fieldregridmod_mp_getmeshwithnodesonfieldloc_()  /scratch2/NCEPDEV/stmp1/Gerhard.Theurich/ESMF-Nightly-Testing/intel_2022.3.0_intelmpi_O_feature_fill_nan/esmf/src/Infrastructure/Field/src/ESMF_FieldRegrid.F90:1346
 7 0x0000000000bbd163 esmf_fieldregridmod_mp_esmf_fieldregridstorenx_()  /scratch2/NCEPDEV/stmp1/Gerhard.Theurich/ESMF-Nightly-Testing/intel_2022.3.0_intelmpi_O_feature_fill_nan/esmf/src/Infrastructure/Field/src/ESMF_FieldRegrid.F90:971
 8 0x000000000041b381 MAIN__()  /scratch2/NCEPDEV/stmp1/Gerhard.Theurich/ESMF-Nightly-Testing/intel_2022.3.0_intelmpi_O_feature_fill_nan/esmf/src/Infrastructure/Field/examples/ESMF_FieldSphereRegridEx.F90:327
 9 0x000000000041911d main()  ???:0
10 0x0000000000022555 __libc_start_main()  ???:0
11 0x0000000000419036 _start()  ???:0
=================================
==== backtrace (tid: 224150) ====
 0 0x000000000004d455 ucs_debug_print_backtrace()  ???:0
 1 0x0000000000531eae ESMCI::LogErr::MsgFoundError()  /scratch2/NCEPDEV/stmp1/Gerhard.Theurich/ESMF-Nightly-Testing/intel_2022.3.0_intelmpi_O_feature_fill_nan/esmf/src/Infrastructure/LogErr/src/ESMCI_LogErr.C:586
 2 0x000000000065954b c_esmc_meshcreatenodedistgrid_()  /scratch2/NCEPDEV/stmp1/Gerhard.Theurich/ESMF-Nightly-Testing/intel_2022.3.0_intelmpi_O_feature_fill_nan/esmf/src/Infrastructure/Mesh/interface/ESMCI_Mesh_F.C:248
 3 0x0000000000e457a2 esmf_meshmod_mp_esmf_meshcreatefrompointer_()  /scratch2/NCEPDEV/stmp1/Gerhard.Theurich/ESMF-Nightly-Testing/intel_2022.3.0_intelmpi_O_feature_fill_nan/esmf/src/Infrastructure/Mesh/interface/ESMF_Mesh.F90:3091
 4 0x0000000000ceb956 esmf_gridutilmod_mp_esmf_gridtomesh_()  /scratch2/NCEPDEV/stmp1/Gerhard.Theurich/ESMF-Nightly-Testing/intel_2022.3.0_intelmpi_O_feature_fill_nan/esmf/src/Infrastructure/GridUtil/interface/ESMF_GridUtil.F90:453
 5 0x0000000000bbf460 esmf_fieldregridmod_mp_b_or_p_gridtomesh_()  /scratch2/NCEPDEV/stmp1/Gerhard.Theurich/ESMF-Nightly-Testing/intel_2022.3.0_intelmpi_O_feature_fill_nan/esmf/src/Infrastructure/Field/src/ESMF_FieldRegrid.F90:3228
 6 0x0000000000bbef13 esmf_fieldregridmod_mp_getmeshwithnodesonfieldloc_()  /scratch2/NCEPDEV/stmp1/Gerhard.Theurich/ESMF-Nightly-Testing/intel_2022.3.0_intelmpi_O_feature_fill_nan/esmf/src/Infrastructure/Field/src/ESMF_FieldRegrid.F90:1346
 7 0x0000000000bbd163 esmf_fieldregridmod_mp_esmf_fieldregridstorenx_()  /scratch2/NCEPDEV/stmp1/Gerhard.Theurich/ESMF-Nightly-Testing/intel_2022.3.0_intelmpi_O_feature_fill_nan/esmf/src/Infrastructure/Field/src/ESMF_FieldRegrid.F90:971
 8 0x000000000041b381 MAIN__()  /scratch2/NCEPDEV/stmp1/Gerhard.Theurich/ESMF-Nightly-Testing/intel_2022.3.0_intelmpi_O_feature_fill_nan/esmf/src/Infrastructure/Field/examples/ESMF_FieldSphereRegridEx.F90:327
 9 0x000000000041911d main()  ???:0
10 0x0000000000022555 __libc_start_main()  ???:0
11 0x0000000000419036 _start()  ???:0
=================================
==== backtrace (tid: 224148) ====
 0 0x000000000004d455 ucs_debug_print_backtrace()  ???:0
 1 0x0000000000531eae ESMCI::LogErr::MsgFoundError()  /scratch2/NCEPDEV/stmp1/Gerhard.Theurich/ESMF-Nightly-Testing/intel_2022.3.0_intelmpi_O_feature_fill_nan/esmf/src/Infrastructure/LogErr/src/ESMCI_LogErr.C:586
 2 0x000000000065954b c_esmc_meshcreatenodedistgrid_()  /scratch2/NCEPDEV/stmp1/Gerhard.Theurich/ESMF-Nightly-Testing/intel_2022.3.0_intelmpi_O_feature_fill_nan/esmf/src/Infrastructure/Mesh/interface/ESMCI_Mesh_F.C:248
 3 0x0000000000e457a2 esmf_meshmod_mp_esmf_meshcreatefrompointer_()  /scratch2/NCEPDEV/stmp1/Gerhard.Theurich/ESMF-Nightly-Testing/intel_2022.3.0_intelmpi_O_feature_fill_nan/esmf/src/Infrastructure/Mesh/interface/ESMF_Mesh.F90:3091
 4 0x0000000000ceb956 esmf_gridutilmod_mp_esmf_gridtomesh_()  /scratch2/NCEPDEV/stmp1/Gerhard.Theurich/ESMF-Nightly-Testing/intel_2022.3.0_intelmpi_O_feature_fill_nan/esmf/src/Infrastructure/GridUtil/interface/ESMF_GridUtil.F90:453
 5 0x0000000000bbf460 esmf_fieldregridmod_mp_b_or_p_gridtomesh_()  /scratch2/NCEPDEV/stmp1/Gerhard.Theurich/ESMF-Nightly-Testing/intel_2022.3.0_intelmpi_O_feature_fill_nan/esmf/src/Infrastructure/Field/src/ESMF_FieldRegrid.F90:3228
 6 0x0000000000bbef13 esmf_fieldregridmod_mp_getmeshwithnodesonfieldloc_()  /scratch2/NCEPDEV/stmp1/Gerhard.Theurich/ESMF-Nightly-Testing/intel_2022.3.0_intelmpi_O_feature_fill_nan/esmf/src/Infrastructure/Field/src/ESMF_FieldRegrid.F90:1346
 7 0x0000000000bbd163 esmf_fieldregridmod_mp_esmf_fieldregridstorenx_()  /scratch2/NCEPDEV/stmp1/Gerhard.Theurich/ESMF-Nightly-Testing/intel_2022.3.0_intelmpi_O_feature_fill_nan/esmf/src/Infrastructure/Field/src/ESMF_FieldRegrid.F90:971
 8 0x000000000041b381 MAIN__()  /scratch2/NCEPDEV/stmp1/Gerhard.Theurich/ESMF-Nightly-Testing/intel_2022.3.0_intelmpi_O_feature_fill_nan/esmf/src/Infrastructure/Field/examples/ESMF_FieldSphereRegridEx.F90:327
 9 0x000000000041911d main()  ???:0
10 0x0000000000022555 __libc_start_main()  ???:0
11 0x0000000000419036 _start()  ???:0
=================================
forrtl: severe (174): SIGSEGV, segmentation fault occurred
Image              PC                Routine            Line        Source             
libpthread-2.17.s  00002B2B72ED7630  Unknown               Unknown  Unknown
libesmf.so         00002B2B6EFBDEAE  _ZN5ESMCI6LogErr1     Unknown  Unknown
libesmf.so         00002B2B6F0E554B  c_esmc_meshcreate     Unknown  Unknown
libesmf.so         00002B2B6F8D17A2  esmf_meshmod_mp_e     Unknown  Unknown
libesmf.so         00002B2B6F777956  esmf_gridutilmod_     Unknown  Unknown
libesmf.so         00002B2B6F64B460  esmf_fieldregridm     Unknown  Unknown
libesmf.so         00002B2B6F64AF13  esmf_fieldregridm     Unknown  Unknown
libesmf.so         00002B2B6F649163  esmf_fieldregridm     Unknown  Unknown
ESMF_FieldSphereR  000000000041B381  Unknown               Unknown  Unknown
ESMF_FieldSphereR  000000000041911D  Unknown               Unknown  Unknown
libc-2.17.so       00002B2B73D65555  __libc_start_main     Unknown  Unknown
ESMF_FieldSphereR  0000000000419036  Unknown               Unknown  Unknown
forrtl: severe (174): SIGSEGV, segmentation fault occurred
Image              PC                Routine            Line        Source             
libpthread-2.17.s  00002AF5810F3630  Unknown               Unknown  Unknown
libesmf.so         00002AF57D1D9EAE  _ZN5ESMCI6LogErr1     Unknown  Unknown
libesmf.so         00002AF57D30154B  c_esmc_meshcreate     Unknown  Unknown
libesmf.so         00002AF57DAED7A2  esmf_meshmod_mp_e     Unknown  Unknown
libesmf.so         00002AF57D993956  esmf_gridutilmod_     Unknown  Unknown
libesmf.so         00002AF57D867460  esmf_fieldregridm     Unknown  Unknown
libesmf.so         00002AF57D866F13  esmf_fieldregridm     Unknown  Unknown
libesmf.so         00002AF57D865163  esmf_fieldregridm     Unknown  Unknown
ESMF_FieldSphereR  000000000041B381  Unknown               Unknown  Unknown
ESMF_FieldSphereR  000000000041911D  Unknown               Unknown  Unknown
libc-2.17.so       00002AF581F81555  __libc_start_main     Unknown  Unknown
ESMF_FieldSphereR  0000000000419036  Unknown               Unknown  Unknown
forrtl: severe (174): SIGSEGV, segmentation fault occurred
Image              PC                Routine            Line        Source             
libpthread-2.17.s  00002BA579881630  Unknown               Unknown  Unknown
libesmf.so         00002BA575967EAE  _ZN5ESMCI6LogErr1     Unknown  Unknown
libesmf.so         00002BA575A8F54B  c_esmc_meshcreate     Unknown  Unknown
libesmf.so         00002BA57627B7A2  esmf_meshmod_mp_e     Unknown  Unknown
libesmf.so         00002BA576121956  esmf_gridutilmod_     Unknown  Unknown
libesmf.so         00002BA575FF5460  esmf_fieldregridm     Unknown  Unknown
libesmf.so         00002BA575FF4F13  esmf_fieldregridm     Unknown  Unknown
libesmf.so         00002BA575FF3163  esmf_fieldregridm     Unknown  Unknown
ESMF_FieldSphereR  000000000041B381  Unknown               Unknown  Unknown
ESMF_FieldSphereR  000000000041911D  Unknown               Unknown  Unknown
libc-2.17.so       00002BA57A70F555  __libc_start_main     Unknown  Unknown
ESMF_FieldSphereR  0000000000419036  Unknown               Unknown  Unknown
==== backtrace (tid: 224149) ====
 0 0x000000000004d455 ucs_debug_print_backtrace()  ???:0
 1 0x0000000000531eae ESMCI::LogErr::MsgFoundError()  /scratch2/NCEPDEV/stmp1/Gerhard.Theurich/ESMF-Nightly-Testing/intel_2022.3.0_intelmpi_O_feature_fill_nan/esmf/src/Infrastructure/LogErr/src/ESMCI_LogErr.C:586
 2 0x000000000065954b c_esmc_meshcreatenodedistgrid_()  /scratch2/NCEPDEV/stmp1/Gerhard.Theurich/ESMF-Nightly-Testing/intel_2022.3.0_intelmpi_O_feature_fill_nan/esmf/src/Infrastructure/Mesh/interface/ESMCI_Mesh_F.C:248
 3 0x0000000000e457a2 esmf_meshmod_mp_esmf_meshcreatefrompointer_()  /scratch2/NCEPDEV/stmp1/Gerhard.Theurich/ESMF-Nightly-Testing/intel_2022.3.0_intelmpi_O_feature_fill_nan/esmf/src/Infrastructure/Mesh/interface/ESMF_Mesh.F90:3091
 4 0x0000000000ceb956 esmf_gridutilmod_mp_esmf_gridtomesh_()  /scratch2/NCEPDEV/stmp1/Gerhard.Theurich/ESMF-Nightly-Testing/intel_2022.3.0_intelmpi_O_feature_fill_nan/esmf/src/Infrastructure/GridUtil/interface/ESMF_GridUtil.F90:453
 5 0x0000000000bbf460 esmf_fieldregridmod_mp_b_or_p_gridtomesh_()  /scratch2/NCEPDEV/stmp1/Gerhard.Theurich/ESMF-Nightly-Testing/intel_2022.3.0_intelmpi_O_feature_fill_nan/esmf/src/Infrastructure/Field/src/ESMF_FieldRegrid.F90:3228
 6 0x0000000000bbef13 esmf_fieldregridmod_mp_getmeshwithnodesonfieldloc_()  /scratch2/NCEPDEV/stmp1/Gerhard.Theurich/ESMF-Nightly-Testing/intel_2022.3.0_intelmpi_O_feature_fill_nan/esmf/src/Infrastructure/Field/src/ESMF_FieldRegrid.F90:1346
 7 0x0000000000bbd163 esmf_fieldregridmod_mp_esmf_fieldregridstorenx_()  /scratch2/NCEPDEV/stmp1/Gerhard.Theurich/ESMF-Nightly-Testing/intel_2022.3.0_intelmpi_O_feature_fill_nan/esmf/src/Infrastructure/Field/src/ESMF_FieldRegrid.F90:971
 8 0x000000000041b381 MAIN__()  /scratch2/NCEPDEV/stmp1/Gerhard.Theurich/ESMF-Nightly-Testing/intel_2022.3.0_intelmpi_O_feature_fill_nan/esmf/src/Infrastructure/Field/examples/ESMF_FieldSphereRegridEx.F90:327
 9 0x000000000041911d main()  ???:0
10 0x0000000000022555 __libc_start_main()  ???:0
11 0x0000000000419036 _start()  ???:0
=================================
forrtl: severe (174): SIGSEGV, segmentation fault occurred
Image              PC                Routine            Line        Source             
libpthread-2.17.s  00002AD9038D3630  Unknown               Unknown  Unknown
libesmf.so         00002AD8FF9B9EAE  _ZN5ESMCI6LogErr1     Unknown  Unknown
libesmf.so         00002AD8FFAE154B  c_esmc_meshcreate     Unknown  Unknown
libesmf.so         00002AD9002CD7A2  esmf_meshmod_mp_e     Unknown  Unknown
libesmf.so         00002AD900173956  esmf_gridutilmod_     Unknown  Unknown
libesmf.so         00002AD900047460  esmf_fieldregridm     Unknown  Unknown
libesmf.so         00002AD900046F13  esmf_fieldregridm     Unknown  Unknown
libesmf.so         00002AD900045163  esmf_fieldregridm     Unknown  Unknown
ESMF_FieldSphereR  000000000041B381  Unknown               Unknown  Unknown
ESMF_FieldSphereR  000000000041911D  Unknown               Unknown  Unknown
libc-2.17.so       00002AD904761555  __libc_start_main     Unknown  Unknown
ESMF_FieldSphereR  0000000000419036  Unknown               Unknown  Unknown
srun: error: h24c28: tasks 0-3: Exited with exit code 174
srun: launch/slurm: _step_signal: Terminating StepId=44920911.314
