2023-04-25 10:33:52
20230425 110206.848 INFO             PET0 !!!!!!!!!!!!!!!!!!!!!!!!!!!!!!!!!!!!!!!!!!!!!!!!!!!!!!
20230425 110206.848 INFO             PET0 !!! THE ESMF_LOG IS SET TO OUTPUT ALL LOG MESSAGES !!!
20230425 110206.848 INFO             PET0 !!!     THIS MAY CAUSE SLOWDOWN IN PERFORMANCE     !!!
20230425 110206.848 INFO             PET0 !!! FOR PRODUCTION RUNS, USE:                      !!!
20230425 110206.848 INFO             PET0 !!!                   ESMF_LOGKIND_Multi_On_Error  !!!
20230425 110206.848 INFO             PET0 !!!!!!!!!!!!!!!!!!!!!!!!!!!!!!!!!!!!!!!!!!!!!!!!!!!!!!
20230425 110206.848 INFO             PET0 Running with ESMF Version   : v8.4.2b03
20230425 110206.848 INFO             PET0 ESMF library build date/time: "Apr 25 2023" "10:32:45"
20230425 110206.848 INFO             PET0 ESMF library build location : /glade/gust/scratch/theurich/ESMF-Nightly-Testing/cce_15.0.1_mpi_g_patch_8.4.2/esmf
20230425 110206.848 INFO             PET0 ESMF_COMM                   : mpi
20230425 110206.849 INFO             PET0 ESMF_MOAB                   : enabled
20230425 110206.849 INFO             PET0 ESMF_LAPACK                 : enabled
20230425 110206.849 INFO             PET0 ESMF_NETCDF                 : enabled
20230425 110206.849 INFO             PET0 ESMF_PNETCDF                : disabled
20230425 110206.849 INFO             PET0 ESMF_PIO                    : enabled
20230425 110206.849 INFO             PET0 ESMF_YAMLCPP                : enabled
20230425 110206.851 INFO             PET0 mainApp STARTING
20230425 110206.854 INFO             PET0 driver: InitializeGeneric intro.
20230425 110206.854 INFO             PET0   driver: InitializeP0 intro.
20230425 110206.854 INFO             PET0   driver: InitializeP0 extro.
20230425 110206.854 INFO             PET0   driver: InitializeIPDv02p1 intro.
20230425 110206.855 INFO             PET0     >>>driver: entered Initialize (phase=<none>) without valid internal Clock.
20230425 110206.855 INFO             PET0     driver - Creating model component MODEL without petList.
20230425 110206.856 INFO             PET0      GridCompIsPetLocal:  T
20230425 110206.856 INFO             PET0      VmIsCreated:  T
20230425 110206.856 INFO             PET0      valid MPI_COMM with size= 4
20230425 110206.857 INFO             PET0     driver - Creating state: modelComp 1 Import State
20230425 110206.857 INFO             PET0     driver - Creating state: modelComp 1 Export State
20230425 110206.857 INFO             PET0     MODEL: InitializeP0 intro.
20230425 110206.857 INFO             PET0       >>>MODEL: entered Initialize (phase=<none>) without valid internal Clock.
20230425 110206.858 INFO             PET0       <<<MODEL: leaving Initialize (phase=<none>) without valid internal Clock.
20230425 110206.858 INFO             PET0     MODEL: InitializeP0 extro.
20230425 110206.859 INFO             PET0     driver: IInitAdvertise intro.
20230425 110206.859 INFO             PET0     driver: IInitAdvertise extro.
20230425 110206.860 INFO             PET0     MODEL: InitializeIPDvXp01 intro.
20230425 110206.860 INFO             PET0       >>>MODEL: entered Initialize (phase=IPDvXp01) without valid internal Clock.
20230425 110206.862 INFO             PET0       <<<MODEL: leaving Initialize (phase=IPDvXp01) without valid internal Clock.
20230425 110206.862 INFO             PET0     MODEL: InitializeIPDvXp01 extro.
20230425 110206.862 INFO             PET0     driver: IInitAdvertiseFinish intro.
20230425 110206.862 INFO             PET0     driver: IInitAdvertiseFinish extro.
20230425 110206.862 INFO             PET0     driver: IInitModifyCplLists intro.
20230425 110206.862 INFO             PET0     driver: IInitModifyCplLists extro.
20230425 110206.863 INFO             PET0     <<<driver: leaving Initialize (phase=<none>) with current time:    0  1  1  0  0  0   0
20230425 110206.863 INFO             PET0   driver: InitializeIPDv02p1 extro.
20230425 110206.863 INFO             PET0   driver: InitializeIPDv02p3 intro.
20230425 110206.863 INFO             PET0     >>>driver: entered Initialize (phase=<none>) with current time:    0  1  1  0  0  0   0
20230425 110206.863 INFO             PET0     driver: IInitCheck intro.
20230425 110206.863 INFO             PET0     driver: IInitCheck extro.
20230425 110206.863 INFO             PET0     MODEL: InitializeIPDvXp04 intro.
20230425 110206.863 INFO             PET0       >>>MODEL: entered Initialize (phase=IPDvXp04) without valid internal Clock.
20230425 110206.866 INFO             PET0       After Realize: - MemInfo: [/proc/meminfo - SSI]	MemTotal:       263493964 kB
20230425 110206.866 INFO             PET0       After Realize: - MemInfo: [/proc/meminfo - SSI]	MemFree:        215325672 kB
20230425 110206.866 INFO             PET0       After Realize: - MemInfo: [/proc/meminfo - SSI]	MemAvailable:   229428532 kB
20230425 110206.866 INFO             PET0       After Realize: - MemInfo: [/proc/meminfo - SSI]	Committed_AS:   16348392 kB
20230425 110206.866 INFO             PET0       After Realize: - MemInfo: [/proc/meminfo - SSI]	CommittedPercent: 6.20447 %
20230425 110206.866 INFO             PET0       After Realize: - MemInfo: [/proc/self/status]	VmPeak:	  442804 kB
20230425 110206.866 INFO             PET0       After Realize: - MemInfo: [/proc/self/status]	VmSize:	  442804 kB
20230425 110206.866 INFO             PET0       After Realize: - MemInfo: [/proc/self/status]	VmLck:	       0 kB
20230425 110206.866 INFO             PET0       After Realize: - MemInfo: [/proc/self/status]	VmPin:	       0 kB
20230425 110206.866 INFO             PET0       After Realize: - MemInfo: [/proc/self/status]	VmHWM:	   95588 kB
20230425 110206.866 INFO             PET0       After Realize: - MemInfo: [/proc/self/status]	VmRSS:	   95588 kB
20230425 110206.866 INFO             PET0       After Realize: - MemInfo: [/proc/self/status]	VmData:	   82184 kB
20230425 110206.866 INFO             PET0       After Realize: - MemInfo: [/proc/self/status]	VmStk:	     264 kB
20230425 110206.866 INFO             PET0       After Realize: - MemInfo: [/proc/self/status]	VmExe:	     264 kB
20230425 110206.866 INFO             PET0       After Realize: - MemInfo: [/proc/self/status]	VmLib:	  247328 kB
20230425 110206.866 INFO             PET0       After Realize: - MemInfo: [/proc/self/status]	VmPTE:	     580 kB
20230425 110206.866 INFO             PET0       After Realize: - MemInfo: [/proc/self/status]	VmSwap:	       0 kB
20230425 110206.866 INFO             PET0       After Realize: - MemInfo: [/proc/self/status]	VmRSSPercent: 0.0362771 %
20230425 110206.866 INFO             PET0       After Realize: - MemInfo: [malloc] Non-mmapped space allocated:                52797440 Byte
20230425 110206.866 INFO             PET0       After Realize: - MemInfo: [malloc] Space allocated in mmapped regions:                0 Byte
20230425 110206.866 INFO             PET0       After Realize: - MemInfo: [malloc] Maximum total allocated space:                     0 Byte
20230425 110206.866 INFO             PET0       After Realize: - MemInfo: [malloc] Space in freed fastbin blocks:                  9376 Byte
20230425 110206.866 INFO             PET0       After Realize: - MemInfo: [malloc] Total allocated space:                      52697456 Byte
20230425 110206.866 INFO             PET0       After Realize: - MemInfo: [malloc] Total free space:                              99984 Byte
20230425 110206.866 INFO             PET0       After Realize: - MemInfo: [malloc] Top-most, releasable space:                    87680 Byte
20230425 110206.866 INFO             PET0       After Realize: - MemInfo: [malloc] Total space in use, mmap + non-mmap:        52697456 Byte
20230425 110206.866 INFO             PET0       After Realize: - MemInfo: [malloc] Total space held (mmap + non-mmap):         52797440 Byte
20230425 110206.866 INFO             PET0       After Realize: - MemInfo: [malloc] Total space used (mmap + non-mmap):         52705920 Byte
20230425 110206.866 INFO             PET0       After Realize: - MemInfo: Wall-clock time since execution start:              0.0205641 seconds
20230425 110206.866 INFO             PET0       <<<MODEL: leaving Initialize (phase=IPDvXp04) without valid internal Clock.
20230425 110206.866 INFO             PET0     MODEL: InitializeIPDvXp04 extro.
20230425 110206.867 INFO             PET0     driver: IInitRealize intro.
20230425 110206.867 INFO             PET0     driver: IInitRealize extro.
20230425 110206.867 INFO             PET0     MODEL: InitializeIPDvXp07 intro.
20230425 110206.867 INFO             PET0       >>>MODEL: entered Initialize (phase=IPDvXp07) without valid internal Clock.
20230425 110206.868 INFO             PET0       <<<MODEL: leaving Initialize (phase=IPDvXp07) with current time:    0  1  1  0  0  0   0
20230425 110206.868 INFO             PET0     MODEL: InitializeIPDvXp07 extro.
20230425 110206.868 INFO             PET0     <<<driver: leaving Initialize (phase=<none>) with current time:    0  1  1  0  0  0   0
20230425 110206.868 INFO             PET0   driver: InitializeIPDv02p3 extro.
20230425 110206.868 INFO             PET0   driver: InitializeIPDv02p5 intro.
20230425 110206.868 INFO             PET0     >>>driver: entered Initialize (phase=<none>) with current time:    0  1  1  0  0  0   0
20230425 110206.868 INFO             PET0     driver: this is a top level driver, no 'Updated' and 'InitializeDataComplete' info on this level.
20230425 110206.868 INFO             PET0     driver: InitializeIPDv02p5Data intro.
20230425 110206.868 INFO             PET0       driver: InternalInitializeComplete intro.
20230425 110206.868 INFO             PET0         driver: InitializeDataComplete='true'
20230425 110206.868 INFO             PET0       driver: InternalInitializeComplete extro.
20230425 110206.868 INFO             PET0       MODEL: InitializeIPDvXp08 intro.
20230425 110206.868 INFO             PET0         >>>MODEL: entered Initialize (phase=IPDv05p8) with current time:    0  1  1  0  0  0   0
20230425 110206.868 INFO             PET0         MODEL: InitializeDataProgress='false', InitializeDataComplete='false'
20230425 110206.868 INFO             PET0         <<<MODEL: leaving Initialize (phase=IPDv05p8) with current time:    0  1  1  0  0  0   0
20230425 110206.868 INFO             PET0       MODEL: InitializeIPDvXp08 extro.
20230425 110206.869 INFO             PET0       driver: components present that trigger loopDataDependentInitialize().
20230425 110206.869 INFO             PET0       driver: loopDataDependentInitialize intro.
20230425 110206.869 INFO             PET0         driver: component    0=driver, dataComplete (local): true
20230425 110206.869 INFO             PET0         driver: component    0=driver, dataComplete (global):  T
20230425 110206.869 INFO             PET0         driver: component    1=MODEL, dataComplete (local): false
20230425 110206.869 INFO             PET0         driver: component    1=MODEL, dataComplete (global):  F
20230425 110206.869 INFO             PET0         MODEL: InitializeIPDvXp08 intro.
20230425 110206.869 INFO             PET0           >>>MODEL: entered Initialize (phase=IPDv05p8) with current time:    0  1  1  0  0  0   0
20230425 110206.869 INFO             PET0           MODEL: InitializeDataProgress='true', InitializeDataComplete='true'
20230425 110206.869 INFO             PET0           <<<MODEL: leaving Initialize (phase=IPDv05p8) with current time:    0  1  1  0  0  0   0
20230425 110206.869 INFO             PET0         MODEL: InitializeIPDvXp08 extro.
20230425 110206.870 INFO             PET0         driver: component    1=MODEL, someProgress (local): true
20230425 110206.870 INFO             PET0         driver: component    1=MODEL, someProgress (global):  T
20230425 110206.870 INFO             PET0         driver: someProgress= T, allComplete= F, present(dataDepAllComplete)= T
20230425 110206.870 INFO             PET0         driver: component    0=driver, dataComplete (local): true
20230425 110206.870 INFO             PET0         driver: component    0=driver, dataComplete (global):  T
20230425 110206.870 INFO             PET0         driver: component    1=MODEL, dataComplete (local): true
20230425 110206.870 INFO             PET0         driver: component    1=MODEL, dataComplete (global):  T
20230425 110206.870 INFO             PET0         driver: someProgress= F, allComplete= T, present(dataDepAllComplete)= T
20230425 110206.870 INFO             PET0         driver: finished resolving initialize data dependencies on this level.
20230425 110206.870 INFO             PET0       driver: loopDataDependentInitialize extro.
20230425 110206.870 INFO             PET0       driver: loopDataDependentInitialize() returned with dataDepAllComplete:  T
20230425 110206.870 INFO             PET0     driver: InitializeIPDv02p5Data extro.
20230425 110206.870 INFO             PET0     <<<driver: leaving Initialize (phase=<none>) with current time:    0  1  1  0  0  0   0
20230425 110206.870 INFO             PET0   driver: InitializeIPDv02p5 extro.
20230425 110206.870 INFO             PET0 driver: InitializeGeneric extro.
20230425 110206.870 INFO             PET0 driver: Run intro.
20230425 110206.870 INFO             PET0   >>>driver entered Run (phase=RunPhase1) with current time:    0  1  1  0  0  0   0
20230425 110206.870 INFO             PET0   driver: after lable_SetRunClock, current time:    0  1  1  0  0  0   0
20230425 110206.870 INFO             PET0   driver: begin -------> RunSequence.
20230425 110206.870 INFO             PET0     driver: RunSequence event loopLevel=   1  levelMember=   1  loopIteration=   1, current time:    0  1  1  0  0  0   0
20230425 110206.870 INFO             PET0     MODEL: Run intro.
20230425 110206.870 INFO             PET0       >>>MODEL: entered Run (phase=RunPhase1) with current time:    0  1  1  0  0  0   0
20230425 110206.870 INFO             PET0       MODEL: time step-loop starting, current time:    0  1  1  0  0  0   0
20230425 110206.936 INFO             PET0       thread_num=   0   currentSsiPe=   0   num_threads=   3   max_threads=   3   num_procs= 256
20230425 110206.948 INFO             PET0       thread_num=   1   currentSsiPe=   0   num_threads=   3   max_threads=   3   num_procs= 256
20230425 110206.960 INFO             PET0       thread_num=   2   currentSsiPe=   0   num_threads=   3   max_threads=   3   num_procs= 256
20230425 110207.032 INFO             PET0       ---->Advancing Model from:    0  1  1  0  0  0   0
20230425 110207.032 INFO             PET0       ---------------------> to:    0  1  1  0  0 30   0
20230425 110207.032 INFO             PET0       MODEL: time step-loop ending,   current time:    0  1  1  0  0 30   0
20230425 110207.032 INFO             PET0       <<<MODEL: leaving Run (phase=RunPhase1) with current time:    0  1  1  0  0 30   0
20230425 110207.032 INFO             PET0     MODEL: Run extro.
20230425 110207.032 INFO             PET0     driver: RunSequence event loopLevel=   1  levelMember=   1  loopIteration=   2, current time:    0  1  1  0  0 30   0
20230425 110207.032 INFO             PET0     MODEL: Run intro.
20230425 110207.032 INFO             PET0       >>>MODEL: entered Run (phase=RunPhase1) with current time:    0  1  1  0  0 30   0
20230425 110207.032 INFO             PET0       MODEL: time step-loop starting, current time:    0  1  1  0  0 30   0
20230425 110207.032 INFO             PET0       thread_num=   0   currentSsiPe=   0   num_threads=   3   max_threads=   3   num_procs= 256
20230425 110207.033 INFO             PET0       thread_num=   2   currentSsiPe=   0   num_threads=   3   max_threads=   3   num_procs= 256
20230425 110207.033 INFO             PET0       thread_num=   1   currentSsiPe=   0   num_threads=   3   max_threads=   3   num_procs= 256
20230425 110207.034 INFO             PET0       ---->Advancing Model from:    0  1  1  0  0 30   0
20230425 110207.034 INFO             PET0       ---------------------> to:    0  1  1  0  1  0   0
20230425 110207.034 INFO             PET0       MODEL: time step-loop ending,   current time:    0  1  1  0  1  0   0
20230425 110207.034 INFO             PET0       <<<MODEL: leaving Run (phase=RunPhase1) with current time:    0  1  1  0  1  0   0
20230425 110207.034 INFO             PET0     MODEL: Run extro.
20230425 110207.034 INFO             PET0     driver: RunSequence event loopLevel=   1  levelMember=   1  loopIteration=   3, current time:    0  1  1  0  1  0   0
20230425 110207.034 INFO             PET0     MODEL: Run intro.
20230425 110207.034 INFO             PET0       >>>MODEL: entered Run (phase=RunPhase1) with current time:    0  1  1  0  1  0   0
20230425 110207.034 INFO             PET0       MODEL: time step-loop starting, current time:    0  1  1  0  1  0   0
20230425 110207.034 INFO             PET0       thread_num=   0   currentSsiPe=   0   num_threads=   3   max_threads=   3   num_procs= 256
20230425 110207.034 INFO             PET0       thread_num=   2   currentSsiPe=   0   num_threads=   3   max_threads=   3   num_procs= 256
20230425 110207.034 INFO             PET0       thread_num=   1   currentSsiPe=   0   num_threads=   3   max_threads=   3   num_procs= 256
20230425 110207.035 INFO             PET0       ---->Advancing Model from:    0  1  1  0  1  0   0
20230425 110207.035 INFO             PET0       ---------------------> to:    0  1  1  0  1 30   0
20230425 110207.035 INFO             PET0       MODEL: time step-loop ending,   current time:    0  1  1  0  1 30   0
20230425 110207.035 INFO             PET0       <<<MODEL: leaving Run (phase=RunPhase1) with current time:    0  1  1  0  1 30   0
20230425 110207.035 INFO             PET0     MODEL: Run extro.
20230425 110207.035 INFO             PET0     driver: RunSequence event loopLevel=   1  levelMember=   1  loopIteration=   4, current time:    0  1  1  0  1 30   0
20230425 110207.035 INFO             PET0     MODEL: Run intro.
20230425 110207.035 INFO             PET0       >>>MODEL: entered Run (phase=RunPhase1) with current time:    0  1  1  0  1 30   0
20230425 110207.035 INFO             PET0       MODEL: time step-loop starting, current time:    0  1  1  0  1 30   0
20230425 110207.035 INFO             PET0       thread_num=   0   currentSsiPe=   0   num_threads=   3   max_threads=   3   num_procs= 256
20230425 110207.035 INFO             PET0       thread_num=   2   currentSsiPe=   0   num_threads=   3   max_threads=   3   num_procs= 256
20230425 110207.035 INFO             PET0       thread_num=   1   currentSsiPe=   0   num_threads=   3   max_threads=   3   num_procs= 256
20230425 110207.036 INFO             PET0       ---->Advancing Model from:    0  1  1  0  1 30   0
20230425 110207.036 INFO             PET0       ---------------------> to:    0  1  1  0  2  0   0
20230425 110207.036 INFO             PET0       MODEL: time step-loop ending,   current time:    0  1  1  0  2  0   0
20230425 110207.036 INFO             PET0       <<<MODEL: leaving Run (phase=RunPhase1) with current time:    0  1  1  0  2  0   0
20230425 110207.036 INFO             PET0     MODEL: Run extro.
20230425 110207.036 INFO             PET0     driver: RunSequence event loopLevel=   1  levelMember=   1  loopIteration=   5, current time:    0  1  1  0  2  0   0
20230425 110207.036 INFO             PET0     MODEL: Run intro.
20230425 110207.036 INFO             PET0       >>>MODEL: entered Run (phase=RunPhase1) with current time:    0  1  1  0  2  0   0
20230425 110207.036 INFO             PET0       MODEL: time step-loop starting, current time:    0  1  1  0  2  0   0
20230425 110207.036 INFO             PET0       thread_num=   0   currentSsiPe=   0   num_threads=   3   max_threads=   3   num_procs= 256
20230425 110207.036 INFO             PET0       thread_num=   2   currentSsiPe=   0   num_threads=   3   max_threads=   3   num_procs= 256
20230425 110207.036 INFO             PET0       thread_num=   1   currentSsiPe=   0   num_threads=   3   max_threads=   3   num_procs= 256
20230425 110207.037 INFO             PET0       ---->Advancing Model from:    0  1  1  0  2  0   0
20230425 110207.037 INFO             PET0       ---------------------> to:    0  1  1  0  2 30   0
20230425 110207.037 INFO             PET0       MODEL: time step-loop ending,   current time:    0  1  1  0  2 30   0
20230425 110207.037 INFO             PET0       <<<MODEL: leaving Run (phase=RunPhase1) with current time:    0  1  1  0  2 30   0
20230425 110207.037 INFO             PET0     MODEL: Run extro.
20230425 110207.037 INFO             PET0   driver: end <--------- RunSequence
20230425 110207.037 INFO             PET0   <<<driver - leaving Run with current time:    0  1  1  0  2 30   0
20230425 110207.037 INFO             PET0 driver: Run extro.
20230425 110207.037 INFO             PET0 driver: Finalize intro.
20230425 110207.037 INFO             PET0   Calling Finalize phase 1 for modelComp: MODEL
20230425 110207.037 INFO             PET0   MODEL: Finalize intro.
20230425 110207.037 INFO             PET0     >>>MODEL: entered Finalize (phase=FinalizePhase1) with current time:    0  1  1  0  2 30   0
20230425 110207.037 INFO             PET0     <<<MODEL: leaving Finalize (phase=FinalizePhase1) with current time:    0  1  1  0  2 30   0
20230425 110207.037 INFO             PET0   MODEL: Finalize extro.
20230425 110207.037 INFO             PET0   Delete modelComp: MODEL
20230425 110207.037 INFO             PET0   Delete Import-/Export State for modelComp: MODEL
20230425 110207.037 INFO             PET0 driver: Finalize extro.
20230425 110207.037 INFO             PET0 mainApp FINISHED
20230425 110207.037 INFO             PET0 Finalizing ESMF
20230425 110206.849 INFO             PET1 !!!!!!!!!!!!!!!!!!!!!!!!!!!!!!!!!!!!!!!!!!!!!!!!!!!!!!
20230425 110206.849 INFO             PET1 !!! THE ESMF_LOG IS SET TO OUTPUT ALL LOG MESSAGES !!!
20230425 110206.849 INFO             PET1 !!!     THIS MAY CAUSE SLOWDOWN IN PERFORMANCE     !!!
20230425 110206.849 INFO             PET1 !!! FOR PRODUCTION RUNS, USE:                      !!!
20230425 110206.849 INFO             PET1 !!!                   ESMF_LOGKIND_Multi_On_Error  !!!
20230425 110206.849 INFO             PET1 !!!!!!!!!!!!!!!!!!!!!!!!!!!!!!!!!!!!!!!!!!!!!!!!!!!!!!
20230425 110206.849 INFO             PET1 Running with ESMF Version   : v8.4.2b03
20230425 110206.849 INFO             PET1 ESMF library build date/time: "Apr 25 2023" "10:32:45"
20230425 110206.849 INFO             PET1 ESMF library build location : /glade/gust/scratch/theurich/ESMF-Nightly-Testing/cce_15.0.1_mpi_g_patch_8.4.2/esmf
20230425 110206.849 INFO             PET1 ESMF_COMM                   : mpi
20230425 110206.850 INFO             PET1 ESMF_MOAB                   : enabled
20230425 110206.850 INFO             PET1 ESMF_LAPACK                 : enabled
20230425 110206.850 INFO             PET1 ESMF_NETCDF                 : enabled
20230425 110206.850 INFO             PET1 ESMF_PNETCDF                : disabled
20230425 110206.850 INFO             PET1 ESMF_PIO                    : enabled
20230425 110206.850 INFO             PET1 ESMF_YAMLCPP                : enabled
20230425 110206.851 INFO             PET1 mainApp STARTING
20230425 110206.854 INFO             PET1 driver: InitializeGeneric intro.
20230425 110206.854 INFO             PET1   driver: InitializeP0 intro.
20230425 110206.854 INFO             PET1   driver: InitializeP0 extro.
20230425 110206.854 INFO             PET1   driver: InitializeIPDv02p1 intro.
20230425 110206.855 INFO             PET1     >>>driver: entered Initialize (phase=<none>) without valid internal Clock.
20230425 110206.855 INFO             PET1     driver - Creating model component MODEL without petList.
20230425 110206.856 INFO             PET1      GridCompIsPetLocal:  T
20230425 110206.856 INFO             PET1      VmIsCreated:  T
20230425 110206.856 INFO             PET1      valid MPI_COMM with size= 4
20230425 110206.857 INFO             PET1     driver - Creating state: modelComp 1 Import State
20230425 110206.857 INFO             PET1     driver - Creating state: modelComp 1 Export State
20230425 110206.857 INFO             PET1     MODEL: InitializeP0 intro.
20230425 110206.857 INFO             PET1       >>>MODEL: entered Initialize (phase=<none>) without valid internal Clock.
20230425 110206.858 INFO             PET1       <<<MODEL: leaving Initialize (phase=<none>) without valid internal Clock.
20230425 110206.858 INFO             PET1     MODEL: InitializeP0 extro.
20230425 110206.860 INFO             PET1     driver: IInitAdvertise intro.
20230425 110206.860 INFO             PET1     driver: IInitAdvertise extro.
20230425 110206.860 INFO             PET1     MODEL: InitializeIPDvXp01 intro.
20230425 110206.860 INFO             PET1       >>>MODEL: entered Initialize (phase=IPDvXp01) without valid internal Clock.
20230425 110206.862 INFO             PET1       <<<MODEL: leaving Initialize (phase=IPDvXp01) without valid internal Clock.
20230425 110206.862 INFO             PET1     MODEL: InitializeIPDvXp01 extro.
20230425 110206.862 INFO             PET1     driver: IInitAdvertiseFinish intro.
20230425 110206.862 INFO             PET1     driver: IInitAdvertiseFinish extro.
20230425 110206.862 INFO             PET1     driver: IInitModifyCplLists intro.
20230425 110206.862 INFO             PET1     driver: IInitModifyCplLists extro.
20230425 110206.863 INFO             PET1     <<<driver: leaving Initialize (phase=<none>) with current time:    0  1  1  0  0  0   0
20230425 110206.863 INFO             PET1   driver: InitializeIPDv02p1 extro.
20230425 110206.863 INFO             PET1   driver: InitializeIPDv02p3 intro.
20230425 110206.863 INFO             PET1     >>>driver: entered Initialize (phase=<none>) with current time:    0  1  1  0  0  0   0
20230425 110206.863 INFO             PET1     driver: IInitCheck intro.
20230425 110206.863 INFO             PET1     driver: IInitCheck extro.
20230425 110206.863 INFO             PET1     MODEL: InitializeIPDvXp04 intro.
20230425 110206.863 INFO             PET1       >>>MODEL: entered Initialize (phase=IPDvXp04) without valid internal Clock.
20230425 110206.866 INFO             PET1       After Realize: - MemInfo: [/proc/meminfo - SSI]	MemTotal:       263493964 kB
20230425 110206.866 INFO             PET1       After Realize: - MemInfo: [/proc/meminfo - SSI]	MemFree:        215325672 kB
20230425 110206.866 INFO             PET1       After Realize: - MemInfo: [/proc/meminfo - SSI]	MemAvailable:   229428532 kB
20230425 110206.866 INFO             PET1       After Realize: - MemInfo: [/proc/meminfo - SSI]	Committed_AS:   16348392 kB
20230425 110206.866 INFO             PET1       After Realize: - MemInfo: [/proc/meminfo - SSI]	CommittedPercent: 6.20447 %
20230425 110206.866 INFO             PET1       After Realize: - MemInfo: [/proc/self/status]	VmPeak:	  442776 kB
20230425 110206.866 INFO             PET1       After Realize: - MemInfo: [/proc/self/status]	VmSize:	  442776 kB
20230425 110206.866 INFO             PET1       After Realize: - MemInfo: [/proc/self/status]	VmLck:	       0 kB
20230425 110206.866 INFO             PET1       After Realize: - MemInfo: [/proc/self/status]	VmPin:	       0 kB
20230425 110206.866 INFO             PET1       After Realize: - MemInfo: [/proc/self/status]	VmHWM:	   94232 kB
20230425 110206.866 INFO             PET1       After Realize: - MemInfo: [/proc/self/status]	VmRSS:	   94232 kB
20230425 110206.866 INFO             PET1       After Realize: - MemInfo: [/proc/self/status]	VmData:	   82160 kB
20230425 110206.866 INFO             PET1       After Realize: - MemInfo: [/proc/self/status]	VmStk:	     260 kB
20230425 110206.866 INFO             PET1       After Realize: - MemInfo: [/proc/self/status]	VmExe:	     264 kB
20230425 110206.866 INFO             PET1       After Realize: - MemInfo: [/proc/self/status]	VmLib:	  247328 kB
20230425 110206.866 INFO             PET1       After Realize: - MemInfo: [/proc/self/status]	VmPTE:	     584 kB
20230425 110206.866 INFO             PET1       After Realize: - MemInfo: [/proc/self/status]	VmSwap:	       0 kB
20230425 110206.866 INFO             PET1       After Realize: - MemInfo: [/proc/self/status]	VmRSSPercent: 0.0357625 %
20230425 110206.866 INFO             PET1       After Realize: - MemInfo: [malloc] Non-mmapped space allocated:                52772864 Byte
20230425 110206.866 INFO             PET1       After Realize: - MemInfo: [malloc] Space allocated in mmapped regions:                0 Byte
20230425 110206.866 INFO             PET1       After Realize: - MemInfo: [malloc] Maximum total allocated space:                     0 Byte
20230425 110206.866 INFO             PET1       After Realize: - MemInfo: [malloc] Space in freed fastbin blocks:                 10304 Byte
20230425 110206.866 INFO             PET1       After Realize: - MemInfo: [malloc] Total allocated space:                      52675280 Byte
20230425 110206.866 INFO             PET1       After Realize: - MemInfo: [malloc] Total free space:                              97584 Byte
20230425 110206.866 INFO             PET1       After Realize: - MemInfo: [malloc] Top-most, releasable space:                    84800 Byte
20230425 110206.866 INFO             PET1       After Realize: - MemInfo: [malloc] Total space in use, mmap + non-mmap:        52675280 Byte
20230425 110206.866 INFO             PET1       After Realize: - MemInfo: [malloc] Total space held (mmap + non-mmap):         52772864 Byte
20230425 110206.866 INFO             PET1       After Realize: - MemInfo: [malloc] Total space used (mmap + non-mmap):         52683744 Byte
20230425 110206.866 INFO             PET1       After Realize: - MemInfo: Wall-clock time since execution start:              0.0205658 seconds
20230425 110206.866 INFO             PET1       <<<MODEL: leaving Initialize (phase=IPDvXp04) without valid internal Clock.
20230425 110206.866 INFO             PET1     MODEL: InitializeIPDvXp04 extro.
20230425 110206.867 INFO             PET1     driver: IInitRealize intro.
20230425 110206.867 INFO             PET1     driver: IInitRealize extro.
20230425 110206.867 INFO             PET1     MODEL: InitializeIPDvXp07 intro.
20230425 110206.867 INFO             PET1       >>>MODEL: entered Initialize (phase=IPDvXp07) without valid internal Clock.
20230425 110206.868 INFO             PET1       <<<MODEL: leaving Initialize (phase=IPDvXp07) with current time:    0  1  1  0  0  0   0
20230425 110206.868 INFO             PET1     MODEL: InitializeIPDvXp07 extro.
20230425 110206.868 INFO             PET1     <<<driver: leaving Initialize (phase=<none>) with current time:    0  1  1  0  0  0   0
20230425 110206.868 INFO             PET1   driver: InitializeIPDv02p3 extro.
20230425 110206.868 INFO             PET1   driver: InitializeIPDv02p5 intro.
20230425 110206.868 INFO             PET1     >>>driver: entered Initialize (phase=<none>) with current time:    0  1  1  0  0  0   0
20230425 110206.868 INFO             PET1     driver: this is a top level driver, no 'Updated' and 'InitializeDataComplete' info on this level.
20230425 110206.868 INFO             PET1     driver: InitializeIPDv02p5Data intro.
20230425 110206.868 INFO             PET1       driver: InternalInitializeComplete intro.
20230425 110206.868 INFO             PET1         driver: InitializeDataComplete='true'
20230425 110206.868 INFO             PET1       driver: InternalInitializeComplete extro.
20230425 110206.868 INFO             PET1       MODEL: InitializeIPDvXp08 intro.
20230425 110206.868 INFO             PET1         >>>MODEL: entered Initialize (phase=IPDv05p8) with current time:    0  1  1  0  0  0   0
20230425 110206.868 INFO             PET1         MODEL: InitializeDataProgress='false', InitializeDataComplete='false'
20230425 110206.868 INFO             PET1         <<<MODEL: leaving Initialize (phase=IPDv05p8) with current time:    0  1  1  0  0  0   0
20230425 110206.868 INFO             PET1       MODEL: InitializeIPDvXp08 extro.
20230425 110206.869 INFO             PET1       driver: components present that trigger loopDataDependentInitialize().
20230425 110206.869 INFO             PET1       driver: loopDataDependentInitialize intro.
20230425 110206.869 INFO             PET1         driver: component    0=driver, dataComplete (local): true
20230425 110206.869 INFO             PET1         driver: component    0=driver, dataComplete (global):  T
20230425 110206.869 INFO             PET1         driver: component    1=MODEL, dataComplete (local): false
20230425 110206.869 INFO             PET1         driver: component    1=MODEL, dataComplete (global):  F
20230425 110206.869 INFO             PET1         MODEL: InitializeIPDvXp08 intro.
20230425 110206.869 INFO             PET1           >>>MODEL: entered Initialize (phase=IPDv05p8) with current time:    0  1  1  0  0  0   0
20230425 110206.869 INFO             PET1           MODEL: InitializeDataProgress='true', InitializeDataComplete='true'
20230425 110206.869 INFO             PET1           <<<MODEL: leaving Initialize (phase=IPDv05p8) with current time:    0  1  1  0  0  0   0
20230425 110206.869 INFO             PET1         MODEL: InitializeIPDvXp08 extro.
20230425 110206.870 INFO             PET1         driver: component    1=MODEL, someProgress (local): true
20230425 110206.870 INFO             PET1         driver: component    1=MODEL, someProgress (global):  T
20230425 110206.870 INFO             PET1         driver: someProgress= T, allComplete= F, present(dataDepAllComplete)= T
20230425 110206.870 INFO             PET1         driver: component    0=driver, dataComplete (local): true
20230425 110206.870 INFO             PET1         driver: component    0=driver, dataComplete (global):  T
20230425 110206.870 INFO             PET1         driver: component    1=MODEL, dataComplete (local): true
20230425 110206.870 INFO             PET1         driver: component    1=MODEL, dataComplete (global):  T
20230425 110206.870 INFO             PET1         driver: someProgress= F, allComplete= T, present(dataDepAllComplete)= T
20230425 110206.870 INFO             PET1         driver: finished resolving initialize data dependencies on this level.
20230425 110206.870 INFO             PET1       driver: loopDataDependentInitialize extro.
20230425 110206.870 INFO             PET1       driver: loopDataDependentInitialize() returned with dataDepAllComplete:  T
20230425 110206.870 INFO             PET1     driver: InitializeIPDv02p5Data extro.
20230425 110206.870 INFO             PET1     <<<driver: leaving Initialize (phase=<none>) with current time:    0  1  1  0  0  0   0
20230425 110206.870 INFO             PET1   driver: InitializeIPDv02p5 extro.
20230425 110206.870 INFO             PET1 driver: InitializeGeneric extro.
20230425 110206.870 INFO             PET1 driver: Run intro.
20230425 110206.870 INFO             PET1   >>>driver entered Run (phase=RunPhase1) with current time:    0  1  1  0  0  0   0
20230425 110206.870 INFO             PET1   driver: after lable_SetRunClock, current time:    0  1  1  0  0  0   0
20230425 110206.870 INFO             PET1   driver: begin -------> RunSequence.
20230425 110206.870 INFO             PET1     driver: RunSequence event loopLevel=   1  levelMember=   1  loopIteration=   1, current time:    0  1  1  0  0  0   0
20230425 110206.870 INFO             PET1     MODEL: Run intro.
20230425 110206.870 INFO             PET1       >>>MODEL: entered Run (phase=RunPhase1) with current time:    0  1  1  0  0  0   0
20230425 110206.870 INFO             PET1       MODEL: time step-loop starting, current time:    0  1  1  0  0  0   0
20230425 110206.936 INFO             PET1       thread_num=   0   currentSsiPe=   1   num_threads=   3   max_threads=   3   num_procs= 256
20230425 110206.948 INFO             PET1       thread_num=   1   currentSsiPe=   1   num_threads=   3   max_threads=   3   num_procs= 256
20230425 110206.960 INFO             PET1       thread_num=   2   currentSsiPe=   1   num_threads=   3   max_threads=   3   num_procs= 256
20230425 110207.032 INFO             PET1       ---->Advancing Model from:    0  1  1  0  0  0   0
20230425 110207.032 INFO             PET1       ---------------------> to:    0  1  1  0  0 30   0
20230425 110207.032 INFO             PET1       MODEL: time step-loop ending,   current time:    0  1  1  0  0 30   0
20230425 110207.032 INFO             PET1       <<<MODEL: leaving Run (phase=RunPhase1) with current time:    0  1  1  0  0 30   0
20230425 110207.032 INFO             PET1     MODEL: Run extro.
20230425 110207.032 INFO             PET1     driver: RunSequence event loopLevel=   1  levelMember=   1  loopIteration=   2, current time:    0  1  1  0  0 30   0
20230425 110207.032 INFO             PET1     MODEL: Run intro.
20230425 110207.032 INFO             PET1       >>>MODEL: entered Run (phase=RunPhase1) with current time:    0  1  1  0  0 30   0
20230425 110207.032 INFO             PET1       MODEL: time step-loop starting, current time:    0  1  1  0  0 30   0
20230425 110207.032 INFO             PET1       thread_num=   0   currentSsiPe=   1   num_threads=   3   max_threads=   3   num_procs= 256
20230425 110207.033 INFO             PET1       thread_num=   2   currentSsiPe=   1   num_threads=   3   max_threads=   3   num_procs= 256
20230425 110207.033 INFO             PET1       thread_num=   1   currentSsiPe=   1   num_threads=   3   max_threads=   3   num_procs= 256
20230425 110207.034 INFO             PET1       ---->Advancing Model from:    0  1  1  0  0 30   0
20230425 110207.034 INFO             PET1       ---------------------> to:    0  1  1  0  1  0   0
20230425 110207.034 INFO             PET1       MODEL: time step-loop ending,   current time:    0  1  1  0  1  0   0
20230425 110207.034 INFO             PET1       <<<MODEL: leaving Run (phase=RunPhase1) with current time:    0  1  1  0  1  0   0
20230425 110207.034 INFO             PET1     MODEL: Run extro.
20230425 110207.034 INFO             PET1     driver: RunSequence event loopLevel=   1  levelMember=   1  loopIteration=   3, current time:    0  1  1  0  1  0   0
20230425 110207.034 INFO             PET1     MODEL: Run intro.
20230425 110207.034 INFO             PET1       >>>MODEL: entered Run (phase=RunPhase1) with current time:    0  1  1  0  1  0   0
20230425 110207.034 INFO             PET1       MODEL: time step-loop starting, current time:    0  1  1  0  1  0   0
20230425 110207.034 INFO             PET1       thread_num=   0   currentSsiPe=   1   num_threads=   3   max_threads=   3   num_procs= 256
20230425 110207.034 INFO             PET1       thread_num=   2   currentSsiPe=   1   num_threads=   3   max_threads=   3   num_procs= 256
20230425 110207.034 INFO             PET1       thread_num=   1   currentSsiPe=   1   num_threads=   3   max_threads=   3   num_procs= 256
20230425 110207.035 INFO             PET1       ---->Advancing Model from:    0  1  1  0  1  0   0
20230425 110207.035 INFO             PET1       ---------------------> to:    0  1  1  0  1 30   0
20230425 110207.035 INFO             PET1       MODEL: time step-loop ending,   current time:    0  1  1  0  1 30   0
20230425 110207.035 INFO             PET1       <<<MODEL: leaving Run (phase=RunPhase1) with current time:    0  1  1  0  1 30   0
20230425 110207.035 INFO             PET1     MODEL: Run extro.
20230425 110207.035 INFO             PET1     driver: RunSequence event loopLevel=   1  levelMember=   1  loopIteration=   4, current time:    0  1  1  0  1 30   0
20230425 110207.035 INFO             PET1     MODEL: Run intro.
20230425 110207.035 INFO             PET1       >>>MODEL: entered Run (phase=RunPhase1) with current time:    0  1  1  0  1 30   0
20230425 110207.035 INFO             PET1       MODEL: time step-loop starting, current time:    0  1  1  0  1 30   0
20230425 110207.035 INFO             PET1       thread_num=   0   currentSsiPe=   1   num_threads=   3   max_threads=   3   num_procs= 256
20230425 110207.035 INFO             PET1       thread_num=   2   currentSsiPe=   1   num_threads=   3   max_threads=   3   num_procs= 256
20230425 110207.035 INFO             PET1       thread_num=   1   currentSsiPe=   1   num_threads=   3   max_threads=   3   num_procs= 256
20230425 110207.036 INFO             PET1       ---->Advancing Model from:    0  1  1  0  1 30   0
20230425 110207.036 INFO             PET1       ---------------------> to:    0  1  1  0  2  0   0
20230425 110207.036 INFO             PET1       MODEL: time step-loop ending,   current time:    0  1  1  0  2  0   0
20230425 110207.036 INFO             PET1       <<<MODEL: leaving Run (phase=RunPhase1) with current time:    0  1  1  0  2  0   0
20230425 110207.036 INFO             PET1     MODEL: Run extro.
20230425 110207.036 INFO             PET1     driver: RunSequence event loopLevel=   1  levelMember=   1  loopIteration=   5, current time:    0  1  1  0  2  0   0
20230425 110207.036 INFO             PET1     MODEL: Run intro.
20230425 110207.036 INFO             PET1       >>>MODEL: entered Run (phase=RunPhase1) with current time:    0  1  1  0  2  0   0
20230425 110207.036 INFO             PET1       MODEL: time step-loop starting, current time:    0  1  1  0  2  0   0
20230425 110207.036 INFO             PET1       thread_num=   0   currentSsiPe=   1   num_threads=   3   max_threads=   3   num_procs= 256
20230425 110207.036 INFO             PET1       thread_num=   2   currentSsiPe=   1   num_threads=   3   max_threads=   3   num_procs= 256
20230425 110207.036 INFO             PET1       thread_num=   1   currentSsiPe=   1   num_threads=   3   max_threads=   3   num_procs= 256
20230425 110207.037 INFO             PET1       ---->Advancing Model from:    0  1  1  0  2  0   0
20230425 110207.037 INFO             PET1       ---------------------> to:    0  1  1  0  2 30   0
20230425 110207.037 INFO             PET1       MODEL: time step-loop ending,   current time:    0  1  1  0  2 30   0
20230425 110207.037 INFO             PET1       <<<MODEL: leaving Run (phase=RunPhase1) with current time:    0  1  1  0  2 30   0
20230425 110207.037 INFO             PET1     MODEL: Run extro.
20230425 110207.037 INFO             PET1   driver: end <--------- RunSequence
20230425 110207.037 INFO             PET1   <<<driver - leaving Run with current time:    0  1  1  0  2 30   0
20230425 110207.037 INFO             PET1 driver: Run extro.
20230425 110207.037 INFO             PET1 driver: Finalize intro.
20230425 110207.037 INFO             PET1   Calling Finalize phase 1 for modelComp: MODEL
20230425 110207.037 INFO             PET1   MODEL: Finalize intro.
20230425 110207.037 INFO             PET1     >>>MODEL: entered Finalize (phase=FinalizePhase1) with current time:    0  1  1  0  2 30   0
20230425 110207.037 INFO             PET1     <<<MODEL: leaving Finalize (phase=FinalizePhase1) with current time:    0  1  1  0  2 30   0
20230425 110207.037 INFO             PET1   MODEL: Finalize extro.
20230425 110207.037 INFO             PET1   Delete modelComp: MODEL
20230425 110207.037 INFO             PET1   Delete Import-/Export State for modelComp: MODEL
20230425 110207.037 INFO             PET1 driver: Finalize extro.
20230425 110207.037 INFO             PET1 mainApp FINISHED
20230425 110207.037 INFO             PET1 Finalizing ESMF
20230425 110206.850 INFO             PET2 !!!!!!!!!!!!!!!!!!!!!!!!!!!!!!!!!!!!!!!!!!!!!!!!!!!!!!
20230425 110206.850 INFO             PET2 !!! THE ESMF_LOG IS SET TO OUTPUT ALL LOG MESSAGES !!!
20230425 110206.850 INFO             PET2 !!!     THIS MAY CAUSE SLOWDOWN IN PERFORMANCE     !!!
20230425 110206.850 INFO             PET2 !!! FOR PRODUCTION RUNS, USE:                      !!!
20230425 110206.850 INFO             PET2 !!!                   ESMF_LOGKIND_Multi_On_Error  !!!
20230425 110206.850 INFO             PET2 !!!!!!!!!!!!!!!!!!!!!!!!!!!!!!!!!!!!!!!!!!!!!!!!!!!!!!
20230425 110206.850 INFO             PET2 Running with ESMF Version   : v8.4.2b03
20230425 110206.850 INFO             PET2 ESMF library build date/time: "Apr 25 2023" "10:32:45"
20230425 110206.850 INFO             PET2 ESMF library build location : /glade/gust/scratch/theurich/ESMF-Nightly-Testing/cce_15.0.1_mpi_g_patch_8.4.2/esmf
20230425 110206.850 INFO             PET2 ESMF_COMM                   : mpi
20230425 110206.850 INFO             PET2 ESMF_MOAB                   : enabled
20230425 110206.850 INFO             PET2 ESMF_LAPACK                 : enabled
20230425 110206.850 INFO             PET2 ESMF_NETCDF                 : enabled
20230425 110206.850 INFO             PET2 ESMF_PNETCDF                : disabled
20230425 110206.850 INFO             PET2 ESMF_PIO                    : enabled
20230425 110206.850 INFO             PET2 ESMF_YAMLCPP                : enabled
20230425 110206.851 INFO             PET2 mainApp STARTING
20230425 110206.854 INFO             PET2 driver: InitializeGeneric intro.
20230425 110206.854 INFO             PET2   driver: InitializeP0 intro.
20230425 110206.854 INFO             PET2   driver: InitializeP0 extro.
20230425 110206.854 INFO             PET2   driver: InitializeIPDv02p1 intro.
20230425 110206.855 INFO             PET2     >>>driver: entered Initialize (phase=<none>) without valid internal Clock.
20230425 110206.855 INFO             PET2     driver - Creating model component MODEL without petList.
20230425 110206.856 INFO             PET2      GridCompIsPetLocal:  T
20230425 110206.856 INFO             PET2      VmIsCreated:  T
20230425 110206.856 INFO             PET2      valid MPI_COMM with size= 4
20230425 110206.857 INFO             PET2     driver - Creating state: modelComp 1 Import State
20230425 110206.857 INFO             PET2     driver - Creating state: modelComp 1 Export State
20230425 110206.857 INFO             PET2     MODEL: InitializeP0 intro.
20230425 110206.857 INFO             PET2       >>>MODEL: entered Initialize (phase=<none>) without valid internal Clock.
20230425 110206.858 INFO             PET2       <<<MODEL: leaving Initialize (phase=<none>) without valid internal Clock.
20230425 110206.858 INFO             PET2     MODEL: InitializeP0 extro.
20230425 110206.860 INFO             PET2     driver: IInitAdvertise intro.
20230425 110206.860 INFO             PET2     driver: IInitAdvertise extro.
20230425 110206.860 INFO             PET2     MODEL: InitializeIPDvXp01 intro.
20230425 110206.860 INFO             PET2       >>>MODEL: entered Initialize (phase=IPDvXp01) without valid internal Clock.
20230425 110206.862 INFO             PET2       <<<MODEL: leaving Initialize (phase=IPDvXp01) without valid internal Clock.
20230425 110206.862 INFO             PET2     MODEL: InitializeIPDvXp01 extro.
20230425 110206.862 INFO             PET2     driver: IInitAdvertiseFinish intro.
20230425 110206.862 INFO             PET2     driver: IInitAdvertiseFinish extro.
20230425 110206.862 INFO             PET2     driver: IInitModifyCplLists intro.
20230425 110206.862 INFO             PET2     driver: IInitModifyCplLists extro.
20230425 110206.863 INFO             PET2     <<<driver: leaving Initialize (phase=<none>) with current time:    0  1  1  0  0  0   0
20230425 110206.863 INFO             PET2   driver: InitializeIPDv02p1 extro.
20230425 110206.863 INFO             PET2   driver: InitializeIPDv02p3 intro.
20230425 110206.863 INFO             PET2     >>>driver: entered Initialize (phase=<none>) with current time:    0  1  1  0  0  0   0
20230425 110206.863 INFO             PET2     driver: IInitCheck intro.
20230425 110206.863 INFO             PET2     driver: IInitCheck extro.
20230425 110206.863 INFO             PET2     MODEL: InitializeIPDvXp04 intro.
20230425 110206.863 INFO             PET2       >>>MODEL: entered Initialize (phase=IPDvXp04) without valid internal Clock.
20230425 110206.866 INFO             PET2       After Realize: - MemInfo: [/proc/meminfo - SSI]	MemTotal:       263493964 kB
20230425 110206.866 INFO             PET2       After Realize: - MemInfo: [/proc/meminfo - SSI]	MemFree:        215325672 kB
20230425 110206.866 INFO             PET2       After Realize: - MemInfo: [/proc/meminfo - SSI]	MemAvailable:   229428532 kB
20230425 110206.866 INFO             PET2       After Realize: - MemInfo: [/proc/meminfo - SSI]	Committed_AS:   16348392 kB
20230425 110206.866 INFO             PET2       After Realize: - MemInfo: [/proc/meminfo - SSI]	CommittedPercent: 6.20447 %
20230425 110206.866 INFO             PET2       After Realize: - MemInfo: [/proc/self/status]	VmPeak:	  442776 kB
20230425 110206.866 INFO             PET2       After Realize: - MemInfo: [/proc/self/status]	VmSize:	  442776 kB
20230425 110206.866 INFO             PET2       After Realize: - MemInfo: [/proc/self/status]	VmLck:	       0 kB
20230425 110206.866 INFO             PET2       After Realize: - MemInfo: [/proc/self/status]	VmPin:	       0 kB
20230425 110206.866 INFO             PET2       After Realize: - MemInfo: [/proc/self/status]	VmHWM:	   95332 kB
20230425 110206.866 INFO             PET2       After Realize: - MemInfo: [/proc/self/status]	VmRSS:	   95332 kB
20230425 110206.866 INFO             PET2       After Realize: - MemInfo: [/proc/self/status]	VmData:	   82160 kB
20230425 110206.866 INFO             PET2       After Realize: - MemInfo: [/proc/self/status]	VmStk:	     260 kB
20230425 110206.866 INFO             PET2       After Realize: - MemInfo: [/proc/self/status]	VmExe:	     264 kB
20230425 110206.866 INFO             PET2       After Realize: - MemInfo: [/proc/self/status]	VmLib:	  247328 kB
20230425 110206.866 INFO             PET2       After Realize: - MemInfo: [/proc/self/status]	VmPTE:	     580 kB
20230425 110206.866 INFO             PET2       After Realize: - MemInfo: [/proc/self/status]	VmSwap:	       0 kB
20230425 110206.866 INFO             PET2       After Realize: - MemInfo: [/proc/self/status]	VmRSSPercent: 0.03618 %
20230425 110206.866 INFO             PET2       After Realize: - MemInfo: [malloc] Non-mmapped space allocated:                52772864 Byte
20230425 110206.866 INFO             PET2       After Realize: - MemInfo: [malloc] Space allocated in mmapped regions:                0 Byte
20230425 110206.866 INFO             PET2       After Realize: - MemInfo: [malloc] Maximum total allocated space:                     0 Byte
20230425 110206.866 INFO             PET2       After Realize: - MemInfo: [malloc] Space in freed fastbin blocks:                  9776 Byte
20230425 110206.866 INFO             PET2       After Realize: - MemInfo: [malloc] Total allocated space:                      52676224 Byte
20230425 110206.866 INFO             PET2       After Realize: - MemInfo: [malloc] Total free space:                              96640 Byte
20230425 110206.866 INFO             PET2       After Realize: - MemInfo: [malloc] Top-most, releasable space:                    84160 Byte
20230425 110206.866 INFO             PET2       After Realize: - MemInfo: [malloc] Total space in use, mmap + non-mmap:        52676224 Byte
20230425 110206.866 INFO             PET2       After Realize: - MemInfo: [malloc] Total space held (mmap + non-mmap):         52772864 Byte
20230425 110206.866 INFO             PET2       After Realize: - MemInfo: [malloc] Total space used (mmap + non-mmap):         52684688 Byte
20230425 110206.866 INFO             PET2       After Realize: - MemInfo: Wall-clock time since execution start:               0.020579 seconds
20230425 110206.866 INFO             PET2       <<<MODEL: leaving Initialize (phase=IPDvXp04) without valid internal Clock.
20230425 110206.866 INFO             PET2     MODEL: InitializeIPDvXp04 extro.
20230425 110206.867 INFO             PET2     driver: IInitRealize intro.
20230425 110206.867 INFO             PET2     driver: IInitRealize extro.
20230425 110206.867 INFO             PET2     MODEL: InitializeIPDvXp07 intro.
20230425 110206.868 INFO             PET2       >>>MODEL: entered Initialize (phase=IPDvXp07) without valid internal Clock.
20230425 110206.868 INFO             PET2       <<<MODEL: leaving Initialize (phase=IPDvXp07) with current time:    0  1  1  0  0  0   0
20230425 110206.868 INFO             PET2     MODEL: InitializeIPDvXp07 extro.
20230425 110206.868 INFO             PET2     <<<driver: leaving Initialize (phase=<none>) with current time:    0  1  1  0  0  0   0
20230425 110206.868 INFO             PET2   driver: InitializeIPDv02p3 extro.
20230425 110206.868 INFO             PET2   driver: InitializeIPDv02p5 intro.
20230425 110206.868 INFO             PET2     >>>driver: entered Initialize (phase=<none>) with current time:    0  1  1  0  0  0   0
20230425 110206.868 INFO             PET2     driver: this is a top level driver, no 'Updated' and 'InitializeDataComplete' info on this level.
20230425 110206.868 INFO             PET2     driver: InitializeIPDv02p5Data intro.
20230425 110206.868 INFO             PET2       driver: InternalInitializeComplete intro.
20230425 110206.868 INFO             PET2         driver: InitializeDataComplete='true'
20230425 110206.868 INFO             PET2       driver: InternalInitializeComplete extro.
20230425 110206.868 INFO             PET2       MODEL: InitializeIPDvXp08 intro.
20230425 110206.868 INFO             PET2         >>>MODEL: entered Initialize (phase=IPDv05p8) with current time:    0  1  1  0  0  0   0
20230425 110206.868 INFO             PET2         MODEL: InitializeDataProgress='false', InitializeDataComplete='false'
20230425 110206.868 INFO             PET2         <<<MODEL: leaving Initialize (phase=IPDv05p8) with current time:    0  1  1  0  0  0   0
20230425 110206.868 INFO             PET2       MODEL: InitializeIPDvXp08 extro.
20230425 110206.869 INFO             PET2       driver: components present that trigger loopDataDependentInitialize().
20230425 110206.869 INFO             PET2       driver: loopDataDependentInitialize intro.
20230425 110206.869 INFO             PET2         driver: component    0=driver, dataComplete (local): true
20230425 110206.869 INFO             PET2         driver: component    0=driver, dataComplete (global):  T
20230425 110206.869 INFO             PET2         driver: component    1=MODEL, dataComplete (local): false
20230425 110206.869 INFO             PET2         driver: component    1=MODEL, dataComplete (global):  F
20230425 110206.869 INFO             PET2         MODEL: InitializeIPDvXp08 intro.
20230425 110206.869 INFO             PET2           >>>MODEL: entered Initialize (phase=IPDv05p8) with current time:    0  1  1  0  0  0   0
20230425 110206.869 INFO             PET2           MODEL: InitializeDataProgress='true', InitializeDataComplete='true'
20230425 110206.869 INFO             PET2           <<<MODEL: leaving Initialize (phase=IPDv05p8) with current time:    0  1  1  0  0  0   0
20230425 110206.869 INFO             PET2         MODEL: InitializeIPDvXp08 extro.
20230425 110206.870 INFO             PET2         driver: component    1=MODEL, someProgress (local): true
20230425 110206.870 INFO             PET2         driver: component    1=MODEL, someProgress (global):  T
20230425 110206.870 INFO             PET2         driver: someProgress= T, allComplete= F, present(dataDepAllComplete)= T
20230425 110206.870 INFO             PET2         driver: component    0=driver, dataComplete (local): true
20230425 110206.870 INFO             PET2         driver: component    0=driver, dataComplete (global):  T
20230425 110206.870 INFO             PET2         driver: component    1=MODEL, dataComplete (local): true
20230425 110206.870 INFO             PET2         driver: component    1=MODEL, dataComplete (global):  T
20230425 110206.870 INFO             PET2         driver: someProgress= F, allComplete= T, present(dataDepAllComplete)= T
20230425 110206.870 INFO             PET2         driver: finished resolving initialize data dependencies on this level.
20230425 110206.870 INFO             PET2       driver: loopDataDependentInitialize extro.
20230425 110206.870 INFO             PET2       driver: loopDataDependentInitialize() returned with dataDepAllComplete:  T
20230425 110206.870 INFO             PET2     driver: InitializeIPDv02p5Data extro.
20230425 110206.870 INFO             PET2     <<<driver: leaving Initialize (phase=<none>) with current time:    0  1  1  0  0  0   0
20230425 110206.870 INFO             PET2   driver: InitializeIPDv02p5 extro.
20230425 110206.870 INFO             PET2 driver: InitializeGeneric extro.
20230425 110206.870 INFO             PET2 driver: Run intro.
20230425 110206.870 INFO             PET2   >>>driver entered Run (phase=RunPhase1) with current time:    0  1  1  0  0  0   0
20230425 110206.870 INFO             PET2   driver: after lable_SetRunClock, current time:    0  1  1  0  0  0   0
20230425 110206.870 INFO             PET2   driver: begin -------> RunSequence.
20230425 110206.870 INFO             PET2     driver: RunSequence event loopLevel=   1  levelMember=   1  loopIteration=   1, current time:    0  1  1  0  0  0   0
20230425 110206.870 INFO             PET2     MODEL: Run intro.
20230425 110206.870 INFO             PET2       >>>MODEL: entered Run (phase=RunPhase1) with current time:    0  1  1  0  0  0   0
20230425 110206.870 INFO             PET2       MODEL: time step-loop starting, current time:    0  1  1  0  0  0   0
20230425 110206.936 INFO             PET2       thread_num=   0   currentSsiPe=   2   num_threads=   3   max_threads=   3   num_procs= 256
20230425 110206.948 INFO             PET2       thread_num=   1   currentSsiPe=   2   num_threads=   3   max_threads=   3   num_procs= 256
20230425 110206.960 INFO             PET2       thread_num=   2   currentSsiPe=   2   num_threads=   3   max_threads=   3   num_procs= 256
20230425 110207.032 INFO             PET2       ---->Advancing Model from:    0  1  1  0  0  0   0
20230425 110207.032 INFO             PET2       ---------------------> to:    0  1  1  0  0 30   0
20230425 110207.032 INFO             PET2       MODEL: time step-loop ending,   current time:    0  1  1  0  0 30   0
20230425 110207.032 INFO             PET2       <<<MODEL: leaving Run (phase=RunPhase1) with current time:    0  1  1  0  0 30   0
20230425 110207.032 INFO             PET2     MODEL: Run extro.
20230425 110207.032 INFO             PET2     driver: RunSequence event loopLevel=   1  levelMember=   1  loopIteration=   2, current time:    0  1  1  0  0 30   0
20230425 110207.032 INFO             PET2     MODEL: Run intro.
20230425 110207.032 INFO             PET2       >>>MODEL: entered Run (phase=RunPhase1) with current time:    0  1  1  0  0 30   0
20230425 110207.032 INFO             PET2       MODEL: time step-loop starting, current time:    0  1  1  0  0 30   0
20230425 110207.033 INFO             PET2       thread_num=   0   currentSsiPe=   2   num_threads=   3   max_threads=   3   num_procs= 256
20230425 110207.033 INFO             PET2       thread_num=   2   currentSsiPe=   2   num_threads=   3   max_threads=   3   num_procs= 256
20230425 110207.033 INFO             PET2       thread_num=   1   currentSsiPe=   2   num_threads=   3   max_threads=   3   num_procs= 256
20230425 110207.034 INFO             PET2       ---->Advancing Model from:    0  1  1  0  0 30   0
20230425 110207.034 INFO             PET2       ---------------------> to:    0  1  1  0  1  0   0
20230425 110207.034 INFO             PET2       MODEL: time step-loop ending,   current time:    0  1  1  0  1  0   0
20230425 110207.034 INFO             PET2       <<<MODEL: leaving Run (phase=RunPhase1) with current time:    0  1  1  0  1  0   0
20230425 110207.034 INFO             PET2     MODEL: Run extro.
20230425 110207.034 INFO             PET2     driver: RunSequence event loopLevel=   1  levelMember=   1  loopIteration=   3, current time:    0  1  1  0  1  0   0
20230425 110207.034 INFO             PET2     MODEL: Run intro.
20230425 110207.034 INFO             PET2       >>>MODEL: entered Run (phase=RunPhase1) with current time:    0  1  1  0  1  0   0
20230425 110207.034 INFO             PET2       MODEL: time step-loop starting, current time:    0  1  1  0  1  0   0
20230425 110207.034 INFO             PET2       thread_num=   0   currentSsiPe=   2   num_threads=   3   max_threads=   3   num_procs= 256
20230425 110207.034 INFO             PET2       thread_num=   2   currentSsiPe=   2   num_threads=   3   max_threads=   3   num_procs= 256
20230425 110207.034 INFO             PET2       thread_num=   1   currentSsiPe=   2   num_threads=   3   max_threads=   3   num_procs= 256
20230425 110207.035 INFO             PET2       ---->Advancing Model from:    0  1  1  0  1  0   0
20230425 110207.035 INFO             PET2       ---------------------> to:    0  1  1  0  1 30   0
20230425 110207.035 INFO             PET2       MODEL: time step-loop ending,   current time:    0  1  1  0  1 30   0
20230425 110207.035 INFO             PET2       <<<MODEL: leaving Run (phase=RunPhase1) with current time:    0  1  1  0  1 30   0
20230425 110207.035 INFO             PET2     MODEL: Run extro.
20230425 110207.035 INFO             PET2     driver: RunSequence event loopLevel=   1  levelMember=   1  loopIteration=   4, current time:    0  1  1  0  1 30   0
20230425 110207.035 INFO             PET2     MODEL: Run intro.
20230425 110207.035 INFO             PET2       >>>MODEL: entered Run (phase=RunPhase1) with current time:    0  1  1  0  1 30   0
20230425 110207.035 INFO             PET2       MODEL: time step-loop starting, current time:    0  1  1  0  1 30   0
20230425 110207.035 INFO             PET2       thread_num=   0   currentSsiPe=   2   num_threads=   3   max_threads=   3   num_procs= 256
20230425 110207.035 INFO             PET2       thread_num=   2   currentSsiPe=   2   num_threads=   3   max_threads=   3   num_procs= 256
20230425 110207.035 INFO             PET2       thread_num=   1   currentSsiPe=   2   num_threads=   3   max_threads=   3   num_procs= 256
20230425 110207.036 INFO             PET2       ---->Advancing Model from:    0  1  1  0  1 30   0
20230425 110207.036 INFO             PET2       ---------------------> to:    0  1  1  0  2  0   0
20230425 110207.036 INFO             PET2       MODEL: time step-loop ending,   current time:    0  1  1  0  2  0   0
20230425 110207.036 INFO             PET2       <<<MODEL: leaving Run (phase=RunPhase1) with current time:    0  1  1  0  2  0   0
20230425 110207.036 INFO             PET2     MODEL: Run extro.
20230425 110207.036 INFO             PET2     driver: RunSequence event loopLevel=   1  levelMember=   1  loopIteration=   5, current time:    0  1  1  0  2  0   0
20230425 110207.036 INFO             PET2     MODEL: Run intro.
20230425 110207.036 INFO             PET2       >>>MODEL: entered Run (phase=RunPhase1) with current time:    0  1  1  0  2  0   0
20230425 110207.036 INFO             PET2       MODEL: time step-loop starting, current time:    0  1  1  0  2  0   0
20230425 110207.036 INFO             PET2       thread_num=   0   currentSsiPe=   2   num_threads=   3   max_threads=   3   num_procs= 256
20230425 110207.036 INFO             PET2       thread_num=   2   currentSsiPe=   2   num_threads=   3   max_threads=   3   num_procs= 256
20230425 110207.036 INFO             PET2       thread_num=   1   currentSsiPe=   2   num_threads=   3   max_threads=   3   num_procs= 256
20230425 110207.037 INFO             PET2       ---->Advancing Model from:    0  1  1  0  2  0   0
20230425 110207.037 INFO             PET2       ---------------------> to:    0  1  1  0  2 30   0
20230425 110207.037 INFO             PET2       MODEL: time step-loop ending,   current time:    0  1  1  0  2 30   0
20230425 110207.037 INFO             PET2       <<<MODEL: leaving Run (phase=RunPhase1) with current time:    0  1  1  0  2 30   0
20230425 110207.037 INFO             PET2     MODEL: Run extro.
20230425 110207.037 INFO             PET2   driver: end <--------- RunSequence
20230425 110207.037 INFO             PET2   <<<driver - leaving Run with current time:    0  1  1  0  2 30   0
20230425 110207.037 INFO             PET2 driver: Run extro.
20230425 110207.037 INFO             PET2 driver: Finalize intro.
20230425 110207.037 INFO             PET2   Calling Finalize phase 1 for modelComp: MODEL
20230425 110207.037 INFO             PET2   MODEL: Finalize intro.
20230425 110207.037 INFO             PET2     >>>MODEL: entered Finalize (phase=FinalizePhase1) with current time:    0  1  1  0  2 30   0
20230425 110207.037 INFO             PET2     <<<MODEL: leaving Finalize (phase=FinalizePhase1) with current time:    0  1  1  0  2 30   0
20230425 110207.037 INFO             PET2   MODEL: Finalize extro.
20230425 110207.037 INFO             PET2   Delete modelComp: MODEL
20230425 110207.037 INFO             PET2   Delete Import-/Export State for modelComp: MODEL
20230425 110207.037 INFO             PET2 driver: Finalize extro.
20230425 110207.037 INFO             PET2 mainApp FINISHED
20230425 110207.037 INFO             PET2 Finalizing ESMF
20230425 110206.850 INFO             PET3 !!!!!!!!!!!!!!!!!!!!!!!!!!!!!!!!!!!!!!!!!!!!!!!!!!!!!!
20230425 110206.850 INFO             PET3 !!! THE ESMF_LOG IS SET TO OUTPUT ALL LOG MESSAGES !!!
20230425 110206.850 INFO             PET3 !!!     THIS MAY CAUSE SLOWDOWN IN PERFORMANCE     !!!
20230425 110206.850 INFO             PET3 !!! FOR PRODUCTION RUNS, USE:                      !!!
20230425 110206.850 INFO             PET3 !!!                   ESMF_LOGKIND_Multi_On_Error  !!!
20230425 110206.850 INFO             PET3 !!!!!!!!!!!!!!!!!!!!!!!!!!!!!!!!!!!!!!!!!!!!!!!!!!!!!!
20230425 110206.850 INFO             PET3 Running with ESMF Version   : v8.4.2b03
20230425 110206.850 INFO             PET3 ESMF library build date/time: "Apr 25 2023" "10:32:45"
20230425 110206.850 INFO             PET3 ESMF library build location : /glade/gust/scratch/theurich/ESMF-Nightly-Testing/cce_15.0.1_mpi_g_patch_8.4.2/esmf
20230425 110206.850 INFO             PET3 ESMF_COMM                   : mpi
20230425 110206.851 INFO             PET3 ESMF_MOAB                   : enabled
20230425 110206.851 INFO             PET3 ESMF_LAPACK                 : enabled
20230425 110206.851 INFO             PET3 ESMF_NETCDF                 : enabled
20230425 110206.851 INFO             PET3 ESMF_PNETCDF                : disabled
20230425 110206.851 INFO             PET3 ESMF_PIO                    : enabled
20230425 110206.851 INFO             PET3 ESMF_YAMLCPP                : enabled
20230425 110206.851 INFO             PET3 mainApp STARTING
20230425 110206.854 INFO             PET3 driver: InitializeGeneric intro.
20230425 110206.854 INFO             PET3   driver: InitializeP0 intro.
20230425 110206.854 INFO             PET3   driver: InitializeP0 extro.
20230425 110206.854 INFO             PET3   driver: InitializeIPDv02p1 intro.
20230425 110206.855 INFO             PET3     >>>driver: entered Initialize (phase=<none>) without valid internal Clock.
20230425 110206.855 INFO             PET3     driver - Creating model component MODEL without petList.
20230425 110206.856 INFO             PET3      GridCompIsPetLocal:  T
20230425 110206.856 INFO             PET3      VmIsCreated:  T
20230425 110206.856 INFO             PET3      valid MPI_COMM with size= 4
20230425 110206.857 INFO             PET3     driver - Creating state: modelComp 1 Import State
20230425 110206.857 INFO             PET3     driver - Creating state: modelComp 1 Export State
20230425 110206.857 INFO             PET3     MODEL: InitializeP0 intro.
20230425 110206.857 INFO             PET3       >>>MODEL: entered Initialize (phase=<none>) without valid internal Clock.
20230425 110206.858 INFO             PET3       <<<MODEL: leaving Initialize (phase=<none>) without valid internal Clock.
20230425 110206.858 INFO             PET3     MODEL: InitializeP0 extro.
20230425 110206.860 INFO             PET3     driver: IInitAdvertise intro.
20230425 110206.860 INFO             PET3     driver: IInitAdvertise extro.
20230425 110206.860 INFO             PET3     MODEL: InitializeIPDvXp01 intro.
20230425 110206.860 INFO             PET3       >>>MODEL: entered Initialize (phase=IPDvXp01) without valid internal Clock.
20230425 110206.862 INFO             PET3       <<<MODEL: leaving Initialize (phase=IPDvXp01) without valid internal Clock.
20230425 110206.862 INFO             PET3     MODEL: InitializeIPDvXp01 extro.
20230425 110206.862 INFO             PET3     driver: IInitAdvertiseFinish intro.
20230425 110206.862 INFO             PET3     driver: IInitAdvertiseFinish extro.
20230425 110206.862 INFO             PET3     driver: IInitModifyCplLists intro.
20230425 110206.862 INFO             PET3     driver: IInitModifyCplLists extro.
20230425 110206.863 INFO             PET3     <<<driver: leaving Initialize (phase=<none>) with current time:    0  1  1  0  0  0   0
20230425 110206.863 INFO             PET3   driver: InitializeIPDv02p1 extro.
20230425 110206.863 INFO             PET3   driver: InitializeIPDv02p3 intro.
20230425 110206.863 INFO             PET3     >>>driver: entered Initialize (phase=<none>) with current time:    0  1  1  0  0  0   0
20230425 110206.863 INFO             PET3     driver: IInitCheck intro.
20230425 110206.863 INFO             PET3     driver: IInitCheck extro.
20230425 110206.863 INFO             PET3     MODEL: InitializeIPDvXp04 intro.
20230425 110206.863 INFO             PET3       >>>MODEL: entered Initialize (phase=IPDvXp04) without valid internal Clock.
20230425 110206.866 INFO             PET3       After Realize: - MemInfo: [/proc/meminfo - SSI]	MemTotal:       263493964 kB
20230425 110206.866 INFO             PET3       After Realize: - MemInfo: [/proc/meminfo - SSI]	MemFree:        215325672 kB
20230425 110206.866 INFO             PET3       After Realize: - MemInfo: [/proc/meminfo - SSI]	MemAvailable:   229428532 kB
20230425 110206.866 INFO             PET3       After Realize: - MemInfo: [/proc/meminfo - SSI]	Committed_AS:   16348392 kB
20230425 110206.866 INFO             PET3       After Realize: - MemInfo: [/proc/meminfo - SSI]	CommittedPercent: 6.20447 %
20230425 110206.866 INFO             PET3       After Realize: - MemInfo: [/proc/self/status]	VmPeak:	  442784 kB
20230425 110206.866 INFO             PET3       After Realize: - MemInfo: [/proc/self/status]	VmSize:	  442784 kB
20230425 110206.866 INFO             PET3       After Realize: - MemInfo: [/proc/self/status]	VmLck:	       0 kB
20230425 110206.866 INFO             PET3       After Realize: - MemInfo: [/proc/self/status]	VmPin:	       0 kB
20230425 110206.866 INFO             PET3       After Realize: - MemInfo: [/proc/self/status]	VmHWM:	   94012 kB
20230425 110206.866 INFO             PET3       After Realize: - MemInfo: [/proc/self/status]	VmRSS:	   94012 kB
20230425 110206.866 INFO             PET3       After Realize: - MemInfo: [/proc/self/status]	VmData:	   82160 kB
20230425 110206.866 INFO             PET3       After Realize: - MemInfo: [/proc/self/status]	VmStk:	     268 kB
20230425 110206.866 INFO             PET3       After Realize: - MemInfo: [/proc/self/status]	VmExe:	     264 kB
20230425 110206.866 INFO             PET3       After Realize: - MemInfo: [/proc/self/status]	VmLib:	  247328 kB
20230425 110206.866 INFO             PET3       After Realize: - MemInfo: [/proc/self/status]	VmPTE:	     584 kB
20230425 110206.866 INFO             PET3       After Realize: - MemInfo: [/proc/self/status]	VmSwap:	       0 kB
20230425 110206.866 INFO             PET3       After Realize: - MemInfo: [/proc/self/status]	VmRSSPercent: 0.035679 %
20230425 110206.866 INFO             PET3       After Realize: - MemInfo: [malloc] Non-mmapped space allocated:                52772864 Byte
20230425 110206.866 INFO             PET3       After Realize: - MemInfo: [malloc] Space allocated in mmapped regions:                0 Byte
20230425 110206.866 INFO             PET3       After Realize: - MemInfo: [malloc] Maximum total allocated space:                     0 Byte
20230425 110206.866 INFO             PET3       After Realize: - MemInfo: [malloc] Space in freed fastbin blocks:                  9280 Byte
20230425 110206.866 INFO             PET3       After Realize: - MemInfo: [malloc] Total allocated space:                      52673552 Byte
20230425 110206.866 INFO             PET3       After Realize: - MemInfo: [malloc] Total free space:                              99312 Byte
20230425 110206.866 INFO             PET3       After Realize: - MemInfo: [malloc] Top-most, releasable space:                    86976 Byte
20230425 110206.866 INFO             PET3       After Realize: - MemInfo: [malloc] Total space in use, mmap + non-mmap:        52673552 Byte
20230425 110206.866 INFO             PET3       After Realize: - MemInfo: [malloc] Total space held (mmap + non-mmap):         52772864 Byte
20230425 110206.866 INFO             PET3       After Realize: - MemInfo: [malloc] Total space used (mmap + non-mmap):         52682016 Byte
20230425 110206.866 INFO             PET3       After Realize: - MemInfo: Wall-clock time since execution start:              0.0205726 seconds
20230425 110206.866 INFO             PET3       <<<MODEL: leaving Initialize (phase=IPDvXp04) without valid internal Clock.
20230425 110206.866 INFO             PET3     MODEL: InitializeIPDvXp04 extro.
20230425 110206.867 INFO             PET3     driver: IInitRealize intro.
20230425 110206.867 INFO             PET3     driver: IInitRealize extro.
20230425 110206.867 INFO             PET3     MODEL: InitializeIPDvXp07 intro.
20230425 110206.867 INFO             PET3       >>>MODEL: entered Initialize (phase=IPDvXp07) without valid internal Clock.
20230425 110206.868 INFO             PET3       <<<MODEL: leaving Initialize (phase=IPDvXp07) with current time:    0  1  1  0  0  0   0
20230425 110206.868 INFO             PET3     MODEL: InitializeIPDvXp07 extro.
20230425 110206.868 INFO             PET3     <<<driver: leaving Initialize (phase=<none>) with current time:    0  1  1  0  0  0   0
20230425 110206.868 INFO             PET3   driver: InitializeIPDv02p3 extro.
20230425 110206.868 INFO             PET3   driver: InitializeIPDv02p5 intro.
20230425 110206.868 INFO             PET3     >>>driver: entered Initialize (phase=<none>) with current time:    0  1  1  0  0  0   0
20230425 110206.868 INFO             PET3     driver: this is a top level driver, no 'Updated' and 'InitializeDataComplete' info on this level.
20230425 110206.868 INFO             PET3     driver: InitializeIPDv02p5Data intro.
20230425 110206.868 INFO             PET3       driver: InternalInitializeComplete intro.
20230425 110206.868 INFO             PET3         driver: InitializeDataComplete='true'
20230425 110206.868 INFO             PET3       driver: InternalInitializeComplete extro.
20230425 110206.868 INFO             PET3       MODEL: InitializeIPDvXp08 intro.
20230425 110206.868 INFO             PET3         >>>MODEL: entered Initialize (phase=IPDv05p8) with current time:    0  1  1  0  0  0   0
20230425 110206.868 INFO             PET3         MODEL: InitializeDataProgress='false', InitializeDataComplete='false'
20230425 110206.868 INFO             PET3         <<<MODEL: leaving Initialize (phase=IPDv05p8) with current time:    0  1  1  0  0  0   0
20230425 110206.868 INFO             PET3       MODEL: InitializeIPDvXp08 extro.
20230425 110206.869 INFO             PET3       driver: components present that trigger loopDataDependentInitialize().
20230425 110206.869 INFO             PET3       driver: loopDataDependentInitialize intro.
20230425 110206.869 INFO             PET3         driver: component    0=driver, dataComplete (local): true
20230425 110206.869 INFO             PET3         driver: component    0=driver, dataComplete (global):  T
20230425 110206.869 INFO             PET3         driver: component    1=MODEL, dataComplete (local): false
20230425 110206.869 INFO             PET3         driver: component    1=MODEL, dataComplete (global):  F
20230425 110206.869 INFO             PET3         MODEL: InitializeIPDvXp08 intro.
20230425 110206.869 INFO             PET3           >>>MODEL: entered Initialize (phase=IPDv05p8) with current time:    0  1  1  0  0  0   0
20230425 110206.869 INFO             PET3           MODEL: InitializeDataProgress='true', InitializeDataComplete='true'
20230425 110206.869 INFO             PET3           <<<MODEL: leaving Initialize (phase=IPDv05p8) with current time:    0  1  1  0  0  0   0
20230425 110206.869 INFO             PET3         MODEL: InitializeIPDvXp08 extro.
20230425 110206.870 INFO             PET3         driver: component    1=MODEL, someProgress (local): true
20230425 110206.870 INFO             PET3         driver: component    1=MODEL, someProgress (global):  T
20230425 110206.870 INFO             PET3         driver: someProgress= T, allComplete= F, present(dataDepAllComplete)= T
20230425 110206.870 INFO             PET3         driver: component    0=driver, dataComplete (local): true
20230425 110206.870 INFO             PET3         driver: component    0=driver, dataComplete (global):  T
20230425 110206.870 INFO             PET3         driver: component    1=MODEL, dataComplete (local): true
20230425 110206.870 INFO             PET3         driver: component    1=MODEL, dataComplete (global):  T
20230425 110206.870 INFO             PET3         driver: someProgress= F, allComplete= T, present(dataDepAllComplete)= T
20230425 110206.870 INFO             PET3         driver: finished resolving initialize data dependencies on this level.
20230425 110206.870 INFO             PET3       driver: loopDataDependentInitialize extro.
20230425 110206.870 INFO             PET3       driver: loopDataDependentInitialize() returned with dataDepAllComplete:  T
20230425 110206.870 INFO             PET3     driver: InitializeIPDv02p5Data extro.
20230425 110206.870 INFO             PET3     <<<driver: leaving Initialize (phase=<none>) with current time:    0  1  1  0  0  0   0
20230425 110206.870 INFO             PET3   driver: InitializeIPDv02p5 extro.
20230425 110206.870 INFO             PET3 driver: InitializeGeneric extro.
20230425 110206.870 INFO             PET3 driver: Run intro.
20230425 110206.870 INFO             PET3   >>>driver entered Run (phase=RunPhase1) with current time:    0  1  1  0  0  0   0
20230425 110206.870 INFO             PET3   driver: after lable_SetRunClock, current time:    0  1  1  0  0  0   0
20230425 110206.870 INFO             PET3   driver: begin -------> RunSequence.
20230425 110206.870 INFO             PET3     driver: RunSequence event loopLevel=   1  levelMember=   1  loopIteration=   1, current time:    0  1  1  0  0  0   0
20230425 110206.870 INFO             PET3     MODEL: Run intro.
20230425 110206.870 INFO             PET3       >>>MODEL: entered Run (phase=RunPhase1) with current time:    0  1  1  0  0  0   0
20230425 110206.870 INFO             PET3       MODEL: time step-loop starting, current time:    0  1  1  0  0  0   0
20230425 110206.928 INFO             PET3       thread_num=   0   currentSsiPe=   3   num_threads=   3   max_threads=   3   num_procs= 256
20230425 110206.940 INFO             PET3       thread_num=   1   currentSsiPe=   3   num_threads=   3   max_threads=   3   num_procs= 256
20230425 110206.952 INFO             PET3       thread_num=   2   currentSsiPe=   3   num_threads=   3   max_threads=   3   num_procs= 256
20230425 110207.024 INFO             PET3       ---->Advancing Model from:    0  1  1  0  0  0   0
20230425 110207.024 INFO             PET3       ---------------------> to:    0  1  1  0  0 30   0
20230425 110207.024 INFO             PET3       MODEL: time step-loop ending,   current time:    0  1  1  0  0 30   0
20230425 110207.024 INFO             PET3       <<<MODEL: leaving Run (phase=RunPhase1) with current time:    0  1  1  0  0 30   0
20230425 110207.024 INFO             PET3     MODEL: Run extro.
20230425 110207.024 INFO             PET3     driver: RunSequence event loopLevel=   1  levelMember=   1  loopIteration=   2, current time:    0  1  1  0  0 30   0
20230425 110207.024 INFO             PET3     MODEL: Run intro.
20230425 110207.024 INFO             PET3       >>>MODEL: entered Run (phase=RunPhase1) with current time:    0  1  1  0  0 30   0
20230425 110207.024 INFO             PET3       MODEL: time step-loop starting, current time:    0  1  1  0  0 30   0
20230425 110207.025 INFO             PET3       thread_num=   2   currentSsiPe=   3   num_threads=   3   max_threads=   3   num_procs= 256
20230425 110207.026 INFO             PET3       thread_num=   0   currentSsiPe=   3   num_threads=   3   max_threads=   3   num_procs= 256
20230425 110207.027 INFO             PET3       thread_num=   1   currentSsiPe=   3   num_threads=   3   max_threads=   3   num_procs= 256
20230425 110207.027 INFO             PET3       ---->Advancing Model from:    0  1  1  0  0 30   0
20230425 110207.027 INFO             PET3       ---------------------> to:    0  1  1  0  1  0   0
20230425 110207.027 INFO             PET3       MODEL: time step-loop ending,   current time:    0  1  1  0  1  0   0
20230425 110207.027 INFO             PET3       <<<MODEL: leaving Run (phase=RunPhase1) with current time:    0  1  1  0  1  0   0
20230425 110207.027 INFO             PET3     MODEL: Run extro.
20230425 110207.027 INFO             PET3     driver: RunSequence event loopLevel=   1  levelMember=   1  loopIteration=   3, current time:    0  1  1  0  1  0   0
20230425 110207.028 INFO             PET3     MODEL: Run intro.
20230425 110207.028 INFO             PET3       >>>MODEL: entered Run (phase=RunPhase1) with current time:    0  1  1  0  1  0   0
20230425 110207.028 INFO             PET3       MODEL: time step-loop starting, current time:    0  1  1  0  1  0   0
20230425 110207.028 INFO             PET3       thread_num=   2   currentSsiPe=   3   num_threads=   3   max_threads=   3   num_procs= 256
20230425 110207.028 INFO             PET3       thread_num=   1   currentSsiPe=   3   num_threads=   3   max_threads=   3   num_procs= 256
20230425 110207.028 INFO             PET3       thread_num=   0   currentSsiPe=   3   num_threads=   3   max_threads=   3   num_procs= 256
20230425 110207.028 INFO             PET3       ---->Advancing Model from:    0  1  1  0  1  0   0
20230425 110207.028 INFO             PET3       ---------------------> to:    0  1  1  0  1 30   0
20230425 110207.028 INFO             PET3       MODEL: time step-loop ending,   current time:    0  1  1  0  1 30   0
20230425 110207.028 INFO             PET3       <<<MODEL: leaving Run (phase=RunPhase1) with current time:    0  1  1  0  1 30   0
20230425 110207.028 INFO             PET3     MODEL: Run extro.
20230425 110207.028 INFO             PET3     driver: RunSequence event loopLevel=   1  levelMember=   1  loopIteration=   4, current time:    0  1  1  0  1 30   0
20230425 110207.028 INFO             PET3     MODEL: Run intro.
20230425 110207.029 INFO             PET3       >>>MODEL: entered Run (phase=RunPhase1) with current time:    0  1  1  0  1 30   0
20230425 110207.029 INFO             PET3       MODEL: time step-loop starting, current time:    0  1  1  0  1 30   0
20230425 110207.029 INFO             PET3       thread_num=   2   currentSsiPe=   3   num_threads=   3   max_threads=   3   num_procs= 256
20230425 110207.029 INFO             PET3       thread_num=   1   currentSsiPe=   3   num_threads=   3   max_threads=   3   num_procs= 256
20230425 110207.029 INFO             PET3       thread_num=   0   currentSsiPe=   3   num_threads=   3   max_threads=   3   num_procs= 256
20230425 110207.029 INFO             PET3       ---->Advancing Model from:    0  1  1  0  1 30   0
20230425 110207.029 INFO             PET3       ---------------------> to:    0  1  1  0  2  0   0
20230425 110207.029 INFO             PET3       MODEL: time step-loop ending,   current time:    0  1  1  0  2  0   0
20230425 110207.029 INFO             PET3       <<<MODEL: leaving Run (phase=RunPhase1) with current time:    0  1  1  0  2  0   0
20230425 110207.029 INFO             PET3     MODEL: Run extro.
20230425 110207.029 INFO             PET3     driver: RunSequence event loopLevel=   1  levelMember=   1  loopIteration=   5, current time:    0  1  1  0  2  0   0
20230425 110207.029 INFO             PET3     MODEL: Run intro.
20230425 110207.029 INFO             PET3       >>>MODEL: entered Run (phase=RunPhase1) with current time:    0  1  1  0  2  0   0
20230425 110207.029 INFO             PET3       MODEL: time step-loop starting, current time:    0  1  1  0  2  0   0
20230425 110207.029 INFO             PET3       thread_num=   2   currentSsiPe=   3   num_threads=   3   max_threads=   3   num_procs= 256
20230425 110207.029 INFO             PET3       thread_num=   1   currentSsiPe=   3   num_threads=   3   max_threads=   3   num_procs= 256
20230425 110207.030 INFO             PET3       thread_num=   0   currentSsiPe=   3   num_threads=   3   max_threads=   3   num_procs= 256
20230425 110207.030 INFO             PET3       ---->Advancing Model from:    0  1  1  0  2  0   0
20230425 110207.030 INFO             PET3       ---------------------> to:    0  1  1  0  2 30   0
20230425 110207.030 INFO             PET3       MODEL: time step-loop ending,   current time:    0  1  1  0  2 30   0
20230425 110207.030 INFO             PET3       <<<MODEL: leaving Run (phase=RunPhase1) with current time:    0  1  1  0  2 30   0
20230425 110207.030 INFO             PET3     MODEL: Run extro.
20230425 110207.030 INFO             PET3   driver: end <--------- RunSequence
20230425 110207.030 INFO             PET3   <<<driver - leaving Run with current time:    0  1  1  0  2 30   0
20230425 110207.030 INFO             PET3 driver: Run extro.
20230425 110207.030 INFO             PET3 driver: Finalize intro.
20230425 110207.030 INFO             PET3   Calling Finalize phase 1 for modelComp: MODEL
20230425 110207.030 INFO             PET3   MODEL: Finalize intro.
20230425 110207.030 INFO             PET3     >>>MODEL: entered Finalize (phase=FinalizePhase1) with current time:    0  1  1  0  2 30   0
20230425 110207.030 INFO             PET3     <<<MODEL: leaving Finalize (phase=FinalizePhase1) with current time:    0  1  1  0  2 30   0
20230425 110207.030 INFO             PET3   MODEL: Finalize extro.
20230425 110207.030 INFO             PET3   Delete modelComp: MODEL
20230425 110207.030 INFO             PET3   Delete Import-/Export State for modelComp: MODEL
20230425 110207.031 INFO             PET3 driver: Finalize extro.
20230425 110207.031 INFO             PET3 mainApp FINISHED
20230425 110207.031 INFO             PET3 Finalizing ESMF
