2023-05-15 04:18:22
[Orion-05-45:433303:0:433303] Caught signal 11 (Segmentation fault: address not mapped to object at address 0x4f1b591)
[Orion-05-45:433304:0:433304] Caught signal 11 (Segmentation fault: address not mapped to object at address 0x4f1b591)
[Orion-05-45:433301:0:433301] Caught signal 11 (Segmentation fault: address not mapped to object at address 0x4f1b591)
[Orion-05-45:433302:0:433302] Caught signal 11 (Segmentation fault: address not mapped to object at address 0x4f1b591)

/work/noaa/da/mpotts/sandbox/pgi_2019_openmpi_O_fix_profile_summary_at_scale/esmf/src/Infrastructure/LogErr/src/ESMCI_LogErr.C: [ ESMCI::LogErr::MsgFoundError() ]
      ...
      583 {
      584     bool result=false;
      585 #ifdef ESMC_SUCCESSDEFAULT_ON
==>   586     if (rcToReturn != ESMC_NULL_POINTER) *rcToReturn=ESMF_SUCCESS;
      587 #endif
      588     if (trace) {
      589         Write(ESMC_METHOD,ESMC_LOGMSG_TRACE,


/work/noaa/da/mpotts/sandbox/pgi_2019_openmpi_O_fix_profile_summary_at_scale/esmf/src/Infrastructure/LogErr/src/ESMCI_LogErr.C: [ ESMCI::LogErr::MsgFoundError() ]
      ...
      583 {
      584     bool result=false;
      585 #ifdef ESMC_SUCCESSDEFAULT_ON
==>   586     if (rcToReturn != ESMC_NULL_POINTER) *rcToReturn=ESMF_SUCCESS;
      587 #endif
      588     if (trace) {
      589         Write(ESMC_METHOD,ESMC_LOGMSG_TRACE,


/work/noaa/da/mpotts/sandbox/pgi_2019_openmpi_O_fix_profile_summary_at_scale/esmf/src/Infrastructure/LogErr/src/ESMCI_LogErr.C: [ ESMCI::LogErr::MsgFoundError() ]
      ...
      583 {
      584     bool result=false;
      585 #ifdef ESMC_SUCCESSDEFAULT_ON
==>   586     if (rcToReturn != ESMC_NULL_POINTER) *rcToReturn=ESMF_SUCCESS;
      587 #endif
      588     if (trace) {
      589         Write(ESMC_METHOD,ESMC_LOGMSG_TRACE,


/work/noaa/da/mpotts/sandbox/pgi_2019_openmpi_O_fix_profile_summary_at_scale/esmf/src/Infrastructure/LogErr/src/ESMCI_LogErr.C: [ ESMCI::LogErr::MsgFoundError() ]
      ...
      583 {
      584     bool result=false;
      585 #ifdef ESMC_SUCCESSDEFAULT_ON
==>   586     if (rcToReturn != ESMC_NULL_POINTER) *rcToReturn=ESMF_SUCCESS;
      587 #endif
      588     if (trace) {
      589         Write(ESMC_METHOD,ESMC_LOGMSG_TRACE,

==== backtrace (tid: 433304) ====
 0 0x000000000073d623 ESMCI::LogErr::MsgFoundError()  /work/noaa/da/mpotts/sandbox/pgi_2019_openmpi_O_fix_profile_summary_at_scale/esmf/src/Infrastructure/LogErr/src/ESMCI_LogErr.C:586
 1 0x0000000000895921 c_esmc_meshcreatenodedistgrid_()  /work/noaa/da/mpotts/sandbox/pgi_2019_openmpi_O_fix_profile_summary_at_scale/esmf/src/Infrastructure/Mesh/interface/ESMCI_Mesh_F.C:248
 2 0x0000000000fad84c esmf_meshmod_esmf_meshcreatefrompointer_()  /work/noaa/da/mpotts/sandbox/pgi_2019_openmpi_O_fix_profile_summary_at_scale/esmf/src/Infrastructure/Mesh/interface/ESMF_Mesh.F90:3091
 3 0x0000000000e8e9c2 esmf_gridutilmod_esmf_gridtomesh_()  /work/noaa/da/mpotts/sandbox/pgi_2019_openmpi_O_fix_profile_summary_at_scale/esmf/src/Infrastructure/GridUtil/interface/ESMF_GridUtil.F90:453
 4 0x0000000000db2a06 esmf_fieldregridmod_b_or_p_gridtomesh_()  /work/noaa/da/mpotts/sandbox/pgi_2019_openmpi_O_fix_profile_summary_at_scale/esmf/src/Infrastructure/Field/src/ESMF_FieldRegrid.F90:3228
 5 0x0000000000dafec4 esmf_fieldregridmod_getmeshwithnodesonfieldloc_()  /work/noaa/da/mpotts/sandbox/pgi_2019_openmpi_O_fix_profile_summary_at_scale/esmf/src/Infrastructure/Field/src/ESMF_FieldRegrid.F90:1346
 6 0x0000000000dae3ff esmf_fieldregridmod_esmf_fieldregridstorenx_()  /work/noaa/da/mpotts/sandbox/pgi_2019_openmpi_O_fix_profile_summary_at_scale/esmf/src/Infrastructure/Field/src/ESMF_FieldRegrid.F90:971
 7 0x0000000000c8979a esmf_fieldbundlemod_esmf_fieldbundleregridstorepair_()  /work/noaa/da/mpotts/sandbox/pgi_2019_openmpi_O_fix_profile_summary_at_scale/esmf/src/Infrastructure/FieldBundle/src/ESMF_FieldBundle.F90:16211
 8 0x000000000123bb62 nuopc_connector_fieldbundlecplstore_()  /work/noaa/da/mpotts/sandbox/pgi_2019_openmpi_O_fix_profile_summary_at_scale/esmf/src/addon/NUOPC/src/NUOPC_Connector.F90:7714
 9 0x0000000001225b76 nuopc_connector_initializeipdv05p6b_()  /work/noaa/da/mpotts/sandbox/pgi_2019_openmpi_O_fix_profile_summary_at_scale/esmf/src/addon/NUOPC/src/NUOPC_Connector.F90:5386
10 0x000000000065cc27 ESMCI::FTable::callVFuncPtr()  /work/noaa/da/mpotts/sandbox/pgi_2019_openmpi_O_fix_profile_summary_at_scale/esmf/src/Superstructure/Component/src/ESMCI_FTable.C:2167
11 0x000000000065ae2a ESMCI_FTableCallEntryPointVMHop()  /work/noaa/da/mpotts/sandbox/pgi_2019_openmpi_O_fix_profile_summary_at_scale/esmf/src/Superstructure/Component/src/ESMCI_FTable.C:824
12 0x0000000000a480f8 ESMCI::VM::enter()  /work/noaa/da/mpotts/sandbox/pgi_2019_openmpi_O_fix_profile_summary_at_scale/esmf/src/Infrastructure/VM/src/ESMCI_VM.C:1216
13 0x000000000065b207 c_esmc_ftablecallentrypointvm_()  /work/noaa/da/mpotts/sandbox/pgi_2019_openmpi_O_fix_profile_summary_at_scale/esmf/src/Superstructure/Component/src/ESMCI_FTable.C:981
14 0x0000000000c1bbdd esmf_compmod_esmf_compexecute_()  /work/noaa/da/mpotts/sandbox/pgi_2019_openmpi_O_fix_profile_summary_at_scale/esmf/src/Superstructure/Component/src/ESMF_Comp.F90:1223
15 0x0000000000c2de21 esmf_cplcompmod_esmf_cplcompinitialize_()  /work/noaa/da/mpotts/sandbox/pgi_2019_openmpi_O_fix_profile_summary_at_scale/esmf/src/Superstructure/Component/src/ESMF_CplComp.F90:1165
16 0x000000000125b784 nuopc_driver_loopconnectorcompss_()  /work/noaa/da/mpotts/sandbox/pgi_2019_openmpi_O_fix_profile_summary_at_scale/esmf/src/addon/NUOPC/src/NUOPC_Driver.F90:3023
17 0x0000000001252cd7 nuopc_driver_initializeipdv02p3_()  /work/noaa/da/mpotts/sandbox/pgi_2019_openmpi_O_fix_profile_summary_at_scale/esmf/src/addon/NUOPC/src/NUOPC_Driver.F90:2110
18 0x000000000124132a nuopc_driver_initializegeneric_()  /work/noaa/da/mpotts/sandbox/pgi_2019_openmpi_O_fix_profile_summary_at_scale/esmf/src/addon/NUOPC/src/NUOPC_Driver.F90:479
19 0x000000000065cc27 ESMCI::FTable::callVFuncPtr()  /work/noaa/da/mpotts/sandbox/pgi_2019_openmpi_O_fix_profile_summary_at_scale/esmf/src/Superstructure/Component/src/ESMCI_FTable.C:2167
20 0x000000000065ae2a ESMCI_FTableCallEntryPointVMHop()  /work/noaa/da/mpotts/sandbox/pgi_2019_openmpi_O_fix_profile_summary_at_scale/esmf/src/Superstructure/Component/src/ESMCI_FTable.C:824
==== backtrace (tid: 433302) ====
 0 0x000000000073d623 ESMCI::LogErr::MsgFoundError()  /work/noaa/da/mpotts/sandbox/pgi_2019_openmpi_O_fix_profile_summary_at_scale/esmf/src/Infrastructure/LogErr/src/ESMCI_LogErr.C:586
 1 0x0000000000895921 c_esmc_meshcreatenodedistgrid_()  /work/noaa/da/mpotts/sandbox/pgi_2019_openmpi_O_fix_profile_summary_at_scale/esmf/src/Infrastructure/Mesh/interface/ESMCI_Mesh_F.C:248
 2 0x0000000000fad84c esmf_meshmod_esmf_meshcreatefrompointer_()  /work/noaa/da/mpotts/sandbox/pgi_2019_openmpi_O_fix_profile_summary_at_scale/esmf/src/Infrastructure/Mesh/interface/ESMF_Mesh.F90:3091
 3 0x0000000000e8e9c2 esmf_gridutilmod_esmf_gridtomesh_()  /work/noaa/da/mpotts/sandbox/pgi_2019_openmpi_O_fix_profile_summary_at_scale/esmf/src/Infrastructure/GridUtil/interface/ESMF_GridUtil.F90:453
 4 0x0000000000db2a06 esmf_fieldregridmod_b_or_p_gridtomesh_()  /work/noaa/da/mpotts/sandbox/pgi_2019_openmpi_O_fix_profile_summary_at_scale/esmf/src/Infrastructure/Field/src/ESMF_FieldRegrid.F90:3228
 5 0x0000000000dafec4 esmf_fieldregridmod_getmeshwithnodesonfieldloc_()  /work/noaa/da/mpotts/sandbox/pgi_2019_openmpi_O_fix_profile_summary_at_scale/esmf/src/Infrastructure/Field/src/ESMF_FieldRegrid.F90:1346
 6 0x0000000000dae3ff esmf_fieldregridmod_esmf_fieldregridstorenx_()  /work/noaa/da/mpotts/sandbox/pgi_2019_openmpi_O_fix_profile_summary_at_scale/esmf/src/Infrastructure/Field/src/ESMF_FieldRegrid.F90:971
 7 0x0000000000c8979a esmf_fieldbundlemod_esmf_fieldbundleregridstorepair_()  /work/noaa/da/mpotts/sandbox/pgi_2019_openmpi_O_fix_profile_summary_at_scale/esmf/src/Infrastructure/FieldBundle/src/ESMF_FieldBundle.F90:16211
 8 0x000000000123bb62 nuopc_connector_fieldbundlecplstore_()  /work/noaa/da/mpotts/sandbox/pgi_2019_openmpi_O_fix_profile_summary_at_scale/esmf/src/addon/NUOPC/src/NUOPC_Connector.F90:7714
 9 0x0000000001225b76 nuopc_connector_initializeipdv05p6b_()  /work/noaa/da/mpotts/sandbox/pgi_2019_openmpi_O_fix_profile_summary_at_scale/esmf/src/addon/NUOPC/src/NUOPC_Connector.F90:5386
10 0x000000000065cc27 ESMCI::FTable::callVFuncPtr()  /work/noaa/da/mpotts/sandbox/pgi_2019_openmpi_O_fix_profile_summary_at_scale/esmf/src/Superstructure/Component/src/ESMCI_FTable.C:2167
11 0x000000000065ae2a ESMCI_FTableCallEntryPointVMHop()  /work/noaa/da/mpotts/sandbox/pgi_2019_openmpi_O_fix_profile_summary_at_scale/esmf/src/Superstructure/Component/src/ESMCI_FTable.C:824
12 0x0000000000a480f8 ESMCI::VM::enter()  /work/noaa/da/mpotts/sandbox/pgi_2019_openmpi_O_fix_profile_summary_at_scale/esmf/src/Infrastructure/VM/src/ESMCI_VM.C:1216
13 0x000000000065b207 c_esmc_ftablecallentrypointvm_()  /work/noaa/da/mpotts/sandbox/pgi_2019_openmpi_O_fix_profile_summary_at_scale/esmf/src/Superstructure/Component/src/ESMCI_FTable.C:981
14 0x0000000000c1bbdd esmf_compmod_esmf_compexecute_()  /work/noaa/da/mpotts/sandbox/pgi_2019_openmpi_O_fix_profile_summary_at_scale/esmf/src/Superstructure/Component/src/ESMF_Comp.F90:1223
15 0x0000000000c2de21 esmf_cplcompmod_esmf_cplcompinitialize_()  /work/noaa/da/mpotts/sandbox/pgi_2019_openmpi_O_fix_profile_summary_at_scale/esmf/src/Superstructure/Component/src/ESMF_CplComp.F90:1165
16 0x000000000125b784 nuopc_driver_loopconnectorcompss_()  /work/noaa/da/mpotts/sandbox/pgi_2019_openmpi_O_fix_profile_summary_at_scale/esmf/src/addon/NUOPC/src/NUOPC_Driver.F90:3023
17 0x0000000001252cd7 nuopc_driver_initializeipdv02p3_()  /work/noaa/da/mpotts/sandbox/pgi_2019_openmpi_O_fix_profile_summary_at_scale/esmf/src/addon/NUOPC/src/NUOPC_Driver.F90:2110
18 0x000000000124132a nuopc_driver_initializegeneric_()  /work/noaa/da/mpotts/sandbox/pgi_2019_openmpi_O_fix_profile_summary_at_scale/esmf/src/addon/NUOPC/src/NUOPC_Driver.F90:479
19 0x000000000065cc27 ESMCI::FTable::callVFuncPtr()  /work/noaa/da/mpotts/sandbox/pgi_2019_openmpi_O_fix_profile_summary_at_scale/esmf/src/Superstructure/Component/src/ESMCI_FTable.C:2167
20 0x000000000065ae2a ESMCI_FTableCallEntryPointVMHop()  /work/noaa/da/mpotts/sandbox/pgi_2019_openmpi_O_fix_profile_summary_at_scale/esmf/src/Superstructure/Component/src/ESMCI_FTable.C:824
21 0x0000000000a480f8 ESMCI::VM::enter()  /work/noaa/da/mpotts/sandbox/pgi_2019_openmpi_O_fix_profile_summary_at_scale/esmf/src/Infrastructure/VM/src/ESMCI_VM.C:1216
22 0x000000000065b207 c_esmc_ftablecallentrypointvm_()  /work/noaa/da/mpotts/sandbox/pgi_2019_openmpi_O_fix_profile_summary_at_scale/esmf/src/Superstructure/Component/src/ESMCI_FTable.C:981
23 0x0000000000c1bbdd esmf_compmod_esmf_compexecute_()  /work/noaa/da/mpotts/sandbox/pgi_2019_openmpi_O_fix_profile_summary_at_scale/esmf/src/Superstructure/Component/src/ESMF_Comp.F90:1223
24 0x0000000000df4c01 esmf_gridcompmod_esmf_gridcompinitialize_()  /work/noaa/da/mpotts/sandbox/pgi_2019_openmpi_O_fix_profile_summary_at_scale/esmf/src/Superstructure/Component/src/ESMF_GridComp.F90:1412
25 0x0000000000405f1d MAIN_()  /work/noaa/da/mpotts/sandbox/pgi_2019_openmpi_O_fix_profile_summary_at_scale/nuopc-app-prototypes/AtmOcnSelectProto/esmApp.F90:58
26 0x0000000000405b93 main()  ???:0
27 0x0000000000022495 __libc_start_main()  ???:0
28 0x0000000000405a99 _start()  ???:0
=================================
[Orion-05-45:433304] *** Process received signal ***
[Orion-05-45:433304] Signal: Segmentation fault (11)
[Orion-05-45:433304] Signal code:  (-6)
[Orion-05-45:433304] Failing at address: 0x20e500069c98
[Orion-05-45:433304] [ 0] /lib64/libpthread.so.0(+0xf5d0)[0x7fb38e0fa5d0]
[Orion-05-45:433304] [ 1] /work/noaa/da/mpotts/sandbox/pgi_2019_openmpi_O_fix_profile_summary_at_scale/esmf/DEFAULTINSTALLDIR/lib/libO/Linux.pgi.64.openmpi.default/libesmf.so(_ZN5ESMCI6LogErr13MsgFoundErrorEiPKciS2_S2_Pi+0x33)[0x7fb38c890623]
[Orion-05-45:433304] [ 2] /work/noaa/da/mpotts/sandbox/pgi_2019_openmpi_O_fix_profile_summary_at_scale/esmf/DEFAULTINSTALLDIR/lib/libO/Linux.pgi.64.openmpi.default/libesmf.so(c_esmc_meshcreatenodedistgrid_+0xa1)[0x7fb38c9e8921]
21 0x0000000000a480f8 ESMCI::VM::enter()  /work/noaa/da/mpotts/sandbox/pgi_2019_openmpi_O_fix_profile_summary_at_scale/esmf/src/Infrastructure/VM/src/ESMCI_VM.C:1216
22 0x000000000065b207 c_esmc_ftablecallentrypointvm_()  /work/noaa/da/mpotts/sandbox/pgi_2019_openmpi_O_fix_profile_summary_at_scale/esmf/src/Superstructure/Component/src/ESMCI_FTable.C:981
23 0x0000000000c1bbdd esmf_compmod_esmf_compexecute_()  /work/noaa/da/mpotts/sandbox/pgi_2019_openmpi_O_fix_profile_summary_at_scale/esmf/src/Superstructure/Component/src/ESMF_Comp.F90:1223
24 0x0000000000df4c01 esmf_gridcompmod_esmf_gridcompinitialize_()  /work/noaa/da/mpotts/sandbox/pgi_2019_openmpi_O_fix_profile_summary_at_scale/esmf/src/Superstructure/Component/src/ESMF_GridComp.F90:1412
25 0x0000000000405f1d MAIN_()  /work/noaa/da/mpotts/sandbox/pgi_2019_openmpi_O_fix_profile_summary_at_scale/nuopc-app-prototypes/AtmOcnSelectProto/esmApp.F90:58
26 0x0000000000405b93 main()  ???:0
27 0x0000000000022495 __libc_start_main()  ???:0
28 0x0000000000405a99 _start()  ???:0
=================================
[Orion-05-45:433302] *** Process received signal ***
[Orion-05-45:433302] Signal: Segmentation fault (11)
[Orion-05-45:433302] Signal code:  (-6)
[Orion-05-45:433302] Failing at address: 0x20e500069c96
[Orion-05-45:433302] [ 0] /lib64/libpthread.so.0(+0xf5d0)[0x7f199c2795d0]
[Orion-05-45:433302] [ 1] /work/noaa/da/mpotts/sandbox/pgi_2019_openmpi_O_fix_profile_summary_at_scale/esmf/DEFAULTINSTALLDIR/lib/libO/Linux.pgi.64.openmpi.default/libesmf.so(_ZN5ESMCI6LogErr13MsgFoundErrorEiPKciS2_S2_Pi+0x33)[0x7f199aa0f623]
[Orion-05-45:433302] [ 2] /work/noaa/da/mpotts/sandbox/pgi_2019_openmpi_O_fix_profile_summary_at_scale/esmf/DEFAULTINSTALLDIR/lib/libO/Linux.pgi.64.openmpi.default/libesmf.so(c_esmc_meshcreatenodedistgrid_+0xa1)[0x7f199ab67921]
[Orion-05-45:433302] [ 3] /work/noaa/da/mpotts/sandbox/pgi_2019_openmpi_O_fix_profile_summary_at_scale/esmf/DEFAULTINSTALLDIR/lib/libO/Linux.pgi.64.openmpi.default/libesmf.so(esmf_meshmod_esmf_meshcreatefrompointer_+0x4c)[0x7f199b27f84c]
[Orion-05-45:433304] [ 3] /work/noaa/da/mpotts/sandbox/pgi_2019_openmpi_O_fix_profile_summary_at_scale/esmf/DEFAULTINSTALLDIR/lib/libO/Linux.pgi.64.openmpi.default/libesmf.so(esmf_meshmod_esmf_meshcreatefrompointer_+0x4c)[0x7fb38d10084c]
[Orion-05-45:433304] [ 4] /work/noaa/da/mpotts/sandbox/pgi_2019_openmpi_O_fix_profile_summary_at_scale/esmf/DEFAULTINSTALLDIR/lib/libO/Linux.pgi.64.openmpi.default/libesmf.so(esmf_gridutilmod_esmf_gridtomesh_+0x352)[0x7fb38cfe19c2]
[Orion-05-45:433304] [ 5] /work/noaa/da/mpotts/sandbox/pgi_2019_openmpi_O_fix_profile_summary_at_scale/esmf/DEFAULTINSTALLDIR/lib/libO/Linux.pgi.64.openmpi.default/libesmf.so(esmf_fieldregridmod_b_or_p_gridtomesh_+0x156)[0x7fb38cf05a06]
[Orion-05-45:433302] [ 4] /work/noaa/da/mpotts/sandbox/pgi_2019_openmpi_O_fix_profile_summary_at_scale/esmf/DEFAULTINSTALLDIR/lib/libO/Linux.pgi.64.openmpi.default/libesmf.so(esmf_gridutilmod_esmf_gridtomesh_+0x352)[0x7f199b1609c2]
[Orion-05-45:433302] [ 5] /work/noaa/da/mpotts/sandbox/pgi_2019_openmpi_O_fix_profile_summary_at_scale/esmf/DEFAULTINSTALLDIR/lib/libO/Linux.pgi.64.openmpi.default/libesmf.so(esmf_fieldregridmod_b_or_p_gridtomesh_+0x156)[0x7f199b084a06]
[Orion-05-45:433304] [ 6] /work/noaa/da/mpotts/sandbox/pgi_2019_openmpi_O_fix_profile_summary_at_scale/esmf/DEFAULTINSTALLDIR/lib/libO/Linux.pgi.64.openmpi.default/libesmf.so(esmf_fieldregridmod_getmeshwithnodesonfieldloc_+0x394)[0x7fb38cf02ec4]
[Orion-05-45:433302] [ 6] /work/noaa/da/mpotts/sandbox/pgi_2019_openmpi_O_fix_profile_summary_at_scale/esmf/DEFAULTINSTALLDIR/lib/libO/Linux.pgi.64.openmpi.default/libesmf.so(esmf_fieldregridmod_getmeshwithnodesonfieldloc_+0x394)[0x7f199b081ec4]
[Orion-05-45:433304] [ 7] /work/noaa/da/mpotts/sandbox/pgi_2019_openmpi_O_fix_profile_summary_at_scale/esmf/DEFAULTINSTALLDIR/lib/libO/Linux.pgi.64.openmpi.default/libesmf.so(esmf_fieldregridmod_esmf_fieldregridstorenx_+0x9cf)[0x7fb38cf013ff]
[Orion-05-45:433304] [ 8] /work/noaa/da/mpotts/sandbox/pgi_2019_openmpi_O_fix_profile_summary_at_scale/esmf/DEFAULTINSTALLDIR/lib/libO/Linux.pgi.64.openmpi.default/libesmf.so(esmf_fieldbundlemod_esmf_fieldbundleregridstorepair_+0x3a1a)[0x7fb38cddc79a]
[Orion-05-45:433302] [ 7] /work/noaa/da/mpotts/sandbox/pgi_2019_openmpi_O_fix_profile_summary_at_scale/esmf/DEFAULTINSTALLDIR/lib/libO/Linux.pgi.64.openmpi.default/libesmf.so(esmf_fieldregridmod_esmf_fieldregridstorenx_+0x9cf)[0x7f199b0803ff]
[Orion-05-45:433304] [ 9] /work/noaa/da/mpotts/sandbox/pgi_2019_openmpi_O_fix_profile_summary_at_scale/esmf/DEFAULTINSTALLDIR/lib/libO/Linux.pgi.64.openmpi.default/libesmf.so(nuopc_connector_fieldbundlecplstore_+0x90d2)[0x7fb38d38eb62]
[Orion-05-45:433302] [ 8] /work/noaa/da/mpotts/sandbox/pgi_2019_openmpi_O_fix_profile_summary_at_scale/esmf/DEFAULTINSTALLDIR/lib/libO/Linux.pgi.64.openmpi.default/libesmf.so(esmf_fieldbundlemod_esmf_fieldbundleregridstorepair_+0x3a1a)[0x7f199af5b79a]
[Orion-05-45:433304] [10] /work/noaa/da/mpotts/sandbox/pgi_2019_openmpi_O_fix_profile_summary_at_scale/esmf/DEFAULTINSTALLDIR/lib/libO/Linux.pgi.64.openmpi.default/libesmf.so(nuopc_connector_initializeipdv05p6b_+0x4f76)[0x7fb38d378b76]
[Orion-05-45:433302] [ 9] /work/noaa/da/mpotts/sandbox/pgi_2019_openmpi_O_fix_profile_summary_at_scale/esmf/DEFAULTINSTALLDIR/lib/libO/Linux.pgi.64.openmpi.default/libesmf.so(nuopc_connector_fieldbundlecplstore_+0x90d2)[0x7f199b50db62]
[Orion-05-45:433304] [11] /work/noaa/da/mpotts/sandbox/pgi_2019_openmpi_O_fix_profile_summary_at_scale/esmf/DEFAULTINSTALLDIR/lib/libO/Linux.pgi.64.openmpi.default/libesmf.so(_ZN5ESMCI6FTable12callVFuncPtrEPKcPNS_2VMEPi+0x417)[0x7fb38c7afc27]
[Orion-05-45:433302] [10] /work/noaa/da/mpotts/sandbox/pgi_2019_openmpi_O_fix_profile_summary_at_scale/esmf/DEFAULTINSTALLDIR/lib/libO/Linux.pgi.64.openmpi.default/libesmf.so(nuopc_connector_initializeipdv05p6b_+0x4f76)[0x7f199b4f7b76]
[Orion-05-45:433304] [12] /work/noaa/da/mpotts/sandbox/pgi_2019_openmpi_O_fix_profile_summary_at_scale/esmf/DEFAULTINSTALLDIR/lib/libO/Linux.pgi.64.openmpi.default/libesmf.so(ESMCI_FTableCallEntryPointVMHop+0x1ea)[0x7fb38c7ade2a]
[Orion-05-45:433302] [11] /work/noaa/da/mpotts/sandbox/pgi_2019_openmpi_O_fix_profile_summary_at_scale/esmf/DEFAULTINSTALLDIR/lib/libO/Linux.pgi.64.openmpi.default/libesmf.so(_ZN5ESMCI6FTable12callVFuncPtrEPKcPNS_2VMEPi+0x417)[0x7f199a92ec27]
[Orion-05-45:433302] [12] /work/noaa/da/mpotts/sandbox/pgi_2019_openmpi_O_fix_profile_summary_at_scale/esmf/DEFAULTINSTALLDIR/lib/libO/Linux.pgi.64.openmpi.default/libesmf.so(ESMCI_FTableCallEntryPointVMHop+0x1ea)[0x7f199a92ce2a]
[Orion-05-45:433304] [13] /work/noaa/da/mpotts/sandbox/pgi_2019_openmpi_O_fix_profile_summary_at_scale/esmf/DEFAULTINSTALLDIR/lib/libO/Linux.pgi.64.openmpi.default/libesmf.so(_ZN5ESMCI2VM5enterEPNS_6VMPlanEPvS3_+0x18)[0x7fb38cb9b0f8]
[Orion-05-45:433304] [14] /work/noaa/da/mpotts/sandbox/pgi_2019_openmpi_O_fix_profile_summary_at_scale/esmf/DEFAULTINSTALLDIR/lib/libO/Linux.pgi.64.openmpi.default/libesmf.so(c_esmc_ftablecallentrypointvm_+0x337)[0x7fb38c7ae207]
[Orion-05-45:433302] [13] /work/noaa/da/mpotts/sandbox/pgi_2019_openmpi_O_fix_profile_summary_at_scale/esmf/DEFAULTINSTALLDIR/lib/libO/Linux.pgi.64.openmpi.default/libesmf.so(_ZN5ESMCI2VM5enterEPNS_6VMPlanEPvS3_+0x18)[0x7f199ad1a0f8]
[Orion-05-45:433302] [14] /work/noaa/da/mpotts/sandbox/pgi_2019_openmpi_O_fix_profile_summary_at_scale/esmf/DEFAULTINSTALLDIR/lib/libO/Linux.pgi.64.openmpi.default/libesmf.so(c_esmc_ftablecallentrypointvm_+0x337)[0x7f199a92d207]
[Orion-05-45:433304] [15] /work/noaa/da/mpotts/sandbox/pgi_2019_openmpi_O_fix_profile_summary_at_scale/esmf/DEFAULTINSTALLDIR/lib/libO/Linux.pgi.64.openmpi.default/libesmf.so(esmf_compmod_esmf_compexecute_+0x7ed)[0x7fb38cd6ebdd]
[Orion-05-45:433304] [16] /work/noaa/da/mpotts/sandbox/pgi_2019_openmpi_O_fix_profile_summary_at_scale/esmf/DEFAULTINSTALLDIR/lib/libO/Linux.pgi.64.openmpi.default/libesmf.so(esmf_cplcompmod_esmf_cplcompinitialize_+0x161)[0x7fb38cd80e21]
[Orion-05-45:433302] [15] /work/noaa/da/mpotts/sandbox/pgi_2019_openmpi_O_fix_profile_summary_at_scale/esmf/DEFAULTINSTALLDIR/lib/libO/Linux.pgi.64.openmpi.default/libesmf.so(esmf_compmod_esmf_compexecute_+0x7ed)[0x7f199aeedbdd]
[Orion-05-45:433304] [17] /work/noaa/da/mpotts/sandbox/pgi_2019_openmpi_O_fix_profile_summary_at_scale/esmf/DEFAULTINSTALLDIR/lib/libO/Linux.pgi.64.openmpi.default/libesmf.so(nuopc_driver_loopconnectorcompss_+0xeb4)[0x7fb38d3ae784]
[Orion-05-45:433302] [16] /work/noaa/da/mpotts/sandbox/pgi_2019_openmpi_O_fix_profile_summary_at_scale/esmf/DEFAULTINSTALLDIR/lib/libO/Linux.pgi.64.openmpi.default/libesmf.so(esmf_cplcompmod_esmf_cplcompinitialize_+0x161)[0x7f199aeffe21]
[Orion-05-45:433304] [18] /work/noaa/da/mpotts/sandbox/pgi_2019_openmpi_O_fix_profile_summary_at_scale/esmf/DEFAULTINSTALLDIR/lib/libO/Linux.pgi.64.openmpi.default/libesmf.so(nuopc_driver_initializeipdv02p3_+0x2f77)[0x7fb38d3a5cd7]
[Orion-05-45:433302] [17] /work/noaa/da/mpotts/sandbox/pgi_2019_openmpi_O_fix_profile_summary_at_scale/esmf/DEFAULTINSTALLDIR/lib/libO/Linux.pgi.64.openmpi.default/libesmf.so(nuopc_driver_loopconnectorcompss_+0xeb4)[0x7f199b52d784]
[Orion-05-45:433304] [19] /work/noaa/da/mpotts/sandbox/pgi_2019_openmpi_O_fix_profile_summary_at_scale/esmf/DEFAULTINSTALLDIR/lib/libO/Linux.pgi.64.openmpi.default/libesmf.so(nuopc_driver_initializegeneric_+0x62a)[0x7fb38d39432a]
[Orion-05-45:433302] [18] /work/noaa/da/mpotts/sandbox/pgi_2019_openmpi_O_fix_profile_summary_at_scale/esmf/DEFAULTINSTALLDIR/lib/libO/Linux.pgi.64.openmpi.default/libesmf.so(nuopc_driver_initializeipdv02p3_+0x2f77)[0x7f199b524cd7]
[Orion-05-45:433304] [20] /work/noaa/da/mpotts/sandbox/pgi_2019_openmpi_O_fix_profile_summary_at_scale/esmf/DEFAULTINSTALLDIR/lib/libO/Linux.pgi.64.openmpi.default/libesmf.so(_ZN5ESMCI6FTable12callVFuncPtrEPKcPNS_2VMEPi+0x417)[0x7fb38c7afc27]
[Orion-05-45:433302] [19] /work/noaa/da/mpotts/sandbox/pgi_2019_openmpi_O_fix_profile_summary_at_scale/esmf/DEFAULTINSTALLDIR/lib/libO/Linux.pgi.64.openmpi.default/libesmf.so(nuopc_driver_initializegeneric_+0x62a)[0x7f199b51332a]
[Orion-05-45:433304] [21] /work/noaa/da/mpotts/sandbox/pgi_2019_openmpi_O_fix_profile_summary_at_scale/esmf/DEFAULTINSTALLDIR/lib/libO/Linux.pgi.64.openmpi.default/libesmf.so(ESMCI_FTableCallEntryPointVMHop+0x1ea)[0x7fb38c7ade2a]
[Orion-05-45:433302] [20] /work/noaa/da/mpotts/sandbox/pgi_2019_openmpi_O_fix_profile_summary_at_scale/esmf/DEFAULTINSTALLDIR/lib/libO/Linux.pgi.64.openmpi.default/libesmf.so(_ZN5ESMCI6FTable12callVFuncPtrEPKcPNS_2VMEPi+0x417)[0x7f199a92ec27]
[Orion-05-45:433302] [21] /work/noaa/da/mpotts/sandbox/pgi_2019_openmpi_O_fix_profile_summary_at_scale/esmf/DEFAULTINSTALLDIR/lib/libO/Linux.pgi.64.openmpi.default/libesmf.so(ESMCI_FTableCallEntryPointVMHop+0x1ea)[0x7f199a92ce2a]
[Orion-05-45:433304] [22] /work/noaa/da/mpotts/sandbox/pgi_2019_openmpi_O_fix_profile_summary_at_scale/esmf/DEFAULTINSTALLDIR/lib/libO/Linux.pgi.64.openmpi.default/libesmf.so(_ZN5ESMCI2VM5enterEPNS_6VMPlanEPvS3_+0x18)[0x7fb38cb9b0f8]
[Orion-05-45:433304] [23] /work/noaa/da/mpotts/sandbox/pgi_2019_openmpi_O_fix_profile_summary_at_scale/esmf/DEFAULTINSTALLDIR/lib/libO/Linux.pgi.64.openmpi.default/libesmf.so(c_esmc_ftablecallentrypointvm_+0x337)[0x7fb38c7ae207]
[Orion-05-45:433302] [22] /work/noaa/da/mpotts/sandbox/pgi_2019_openmpi_O_fix_profile_summary_at_scale/esmf/DEFAULTINSTALLDIR/lib/libO/Linux.pgi.64.openmpi.default/libesmf.so(_ZN5ESMCI2VM5enterEPNS_6VMPlanEPvS3_+0x18)[0x7f199ad1a0f8]
[Orion-05-45:433304] [24] /work/noaa/da/mpotts/sandbox/pgi_2019_openmpi_O_fix_profile_summary_at_scale/esmf/DEFAULTINSTALLDIR/lib/libO/Linux.pgi.64.openmpi.default/libesmf.so(esmf_compmod_esmf_compexecute_+0x7ed)[0x7fb38cd6ebdd]
[Orion-05-45:433302] [23] /work/noaa/da/mpotts/sandbox/pgi_2019_openmpi_O_fix_profile_summary_at_scale/esmf/DEFAULTINSTALLDIR/lib/libO/Linux.pgi.64.openmpi.default/libesmf.so(c_esmc_ftablecallentrypointvm_+0x337)[0x7f199a92d207]
[Orion-05-45:433304] [25] /work/noaa/da/mpotts/sandbox/pgi_2019_openmpi_O_fix_profile_summary_at_scale/esmf/DEFAULTINSTALLDIR/lib/libO/Linux.pgi.64.openmpi.default/libesmf.so(esmf_gridcompmod_esmf_gridcompinitialize_+0x161)[0x7fb38cf47c01]
[Orion-05-45:433304] [26] /work/noaa/da/mpotts/sandbox/pgi_2019_openmpi_O_fix_profile_summary_at_scale/nuopc-app-prototypes/AtmOcnSelectProto/./esmApp[0x405f1d]
[Orion-05-45:433304] [27] /work/noaa/da/mpotts/sandbox/pgi_2019_openmpi_O_fix_profile_summary_at_scale/nuopc-app-prototypes/AtmOcnSelectProto/./esmApp[0x405b93]
[Orion-05-45:433302] [24] /work/noaa/da/mpotts/sandbox/pgi_2019_openmpi_O_fix_profile_summary_at_scale/esmf/DEFAULTINSTALLDIR/lib/libO/Linux.pgi.64.openmpi.default/libesmf.so(esmf_compmod_esmf_compexecute_+0x7ed)[0x7f199aeedbdd]
[Orion-05-45:433304] [28] /lib64/libc.so.6(__libc_start_main+0xf5)[0x7fb3885a0495]
[Orion-05-45:433304] [29] /work/noaa/da/mpotts/sandbox/pgi_2019_openmpi_O_fix_profile_summary_at_scale/nuopc-app-prototypes/AtmOcnSelectProto/./esmApp[0x405a99]
[Orion-05-45:433304] *** End of error message ***
[Orion-05-45:433302] [25] /work/noaa/da/mpotts/sandbox/pgi_2019_openmpi_O_fix_profile_summary_at_scale/esmf/DEFAULTINSTALLDIR/lib/libO/Linux.pgi.64.openmpi.default/libesmf.so(esmf_gridcompmod_esmf_gridcompinitialize_+0x161)[0x7f199b0c6c01]
[Orion-05-45:433302] [26] /work/noaa/da/mpotts/sandbox/pgi_2019_openmpi_O_fix_profile_summary_at_scale/nuopc-app-prototypes/AtmOcnSelectProto/./esmApp[0x405f1d]
[Orion-05-45:433302] [27] /work/noaa/da/mpotts/sandbox/pgi_2019_openmpi_O_fix_profile_summary_at_scale/nuopc-app-prototypes/AtmOcnSelectProto/./esmApp[0x405b93]
[Orion-05-45:433302] [28] /lib64/libc.so.6(__libc_start_main+0xf5)[0x7f199671f495]
[Orion-05-45:433302] [29] /work/noaa/da/mpotts/sandbox/pgi_2019_openmpi_O_fix_profile_summary_at_scale/nuopc-app-prototypes/AtmOcnSelectProto/./esmApp[0x405a99]
[Orion-05-45:433302] *** End of error message ***
==== backtrace (tid: 433301) ====
 0 0x000000000073d623 ESMCI::LogErr::MsgFoundError()  /work/noaa/da/mpotts/sandbox/pgi_2019_openmpi_O_fix_profile_summary_at_scale/esmf/src/Infrastructure/LogErr/src/ESMCI_LogErr.C:586
 1 0x0000000000895921 c_esmc_meshcreatenodedistgrid_()  /work/noaa/da/mpotts/sandbox/pgi_2019_openmpi_O_fix_profile_summary_at_scale/esmf/src/Infrastructure/Mesh/interface/ESMCI_Mesh_F.C:248
 2 0x0000000000fad84c esmf_meshmod_esmf_meshcreatefrompointer_()  /work/noaa/da/mpotts/sandbox/pgi_2019_openmpi_O_fix_profile_summary_at_scale/esmf/src/Infrastructure/Mesh/interface/ESMF_Mesh.F90:3091
 3 0x0000000000e8e9c2 esmf_gridutilmod_esmf_gridtomesh_()  /work/noaa/da/mpotts/sandbox/pgi_2019_openmpi_O_fix_profile_summary_at_scale/esmf/src/Infrastructure/GridUtil/interface/ESMF_GridUtil.F90:453
 4 0x0000000000db2a06 esmf_fieldregridmod_b_or_p_gridtomesh_()  /work/noaa/da/mpotts/sandbox/pgi_2019_openmpi_O_fix_profile_summary_at_scale/esmf/src/Infrastructure/Field/src/ESMF_FieldRegrid.F90:3228
 5 0x0000000000dafec4 esmf_fieldregridmod_getmeshwithnodesonfieldloc_()  /work/noaa/da/mpotts/sandbox/pgi_2019_openmpi_O_fix_profile_summary_at_scale/esmf/src/Infrastructure/Field/src/ESMF_FieldRegrid.F90:1346
 6 0x0000000000dae3ff esmf_fieldregridmod_esmf_fieldregridstorenx_()  /work/noaa/da/mpotts/sandbox/pgi_2019_openmpi_O_fix_profile_summary_at_scale/esmf/src/Infrastructure/Field/src/ESMF_FieldRegrid.F90:971
 7 0x0000000000c8979a esmf_fieldbundlemod_esmf_fieldbundleregridstorepair_()  /work/noaa/da/mpotts/sandbox/pgi_2019_openmpi_O_fix_profile_summary_at_scale/esmf/src/Infrastructure/FieldBundle/src/ESMF_FieldBundle.F90:16211
 8 0x000000000123bb62 nuopc_connector_fieldbundlecplstore_()  /work/noaa/da/mpotts/sandbox/pgi_2019_openmpi_O_fix_profile_summary_at_scale/esmf/src/addon/NUOPC/src/NUOPC_Connector.F90:7714
 9 0x0000000001225b76 nuopc_connector_initializeipdv05p6b_()  /work/noaa/da/mpotts/sandbox/pgi_2019_openmpi_O_fix_profile_summary_at_scale/esmf/src/addon/NUOPC/src/NUOPC_Connector.F90:5386
10 0x000000000065cc27 ESMCI::FTable::callVFuncPtr()  /work/noaa/da/mpotts/sandbox/pgi_2019_openmpi_O_fix_profile_summary_at_scale/esmf/src/Superstructure/Component/src/ESMCI_FTable.C:2167
11 0x000000000065ae2a ESMCI_FTableCallEntryPointVMHop()  /work/noaa/da/mpotts/sandbox/pgi_2019_openmpi_O_fix_profile_summary_at_scale/esmf/src/Superstructure/Component/src/ESMCI_FTable.C:824
12 0x0000000000a480f8 ESMCI::VM::enter()  /work/noaa/da/mpotts/sandbox/pgi_2019_openmpi_O_fix_profile_summary_at_scale/esmf/src/Infrastructure/VM/src/ESMCI_VM.C:1216
13 0x000000000065b207 c_esmc_ftablecallentrypointvm_()  /work/noaa/da/mpotts/sandbox/pgi_2019_openmpi_O_fix_profile_summary_at_scale/esmf/src/Superstructure/Component/src/ESMCI_FTable.C:981
14 0x0000000000c1bbdd esmf_compmod_esmf_compexecute_()  /work/noaa/da/mpotts/sandbox/pgi_2019_openmpi_O_fix_profile_summary_at_scale/esmf/src/Superstructure/Component/src/ESMF_Comp.F90:1223
15 0x0000000000c2de21 esmf_cplcompmod_esmf_cplcompinitialize_()  /work/noaa/da/mpotts/sandbox/pgi_2019_openmpi_O_fix_profile_summary_at_scale/esmf/src/Superstructure/Component/src/ESMF_CplComp.F90:1165
16 0x000000000125b784 nuopc_driver_loopconnectorcompss_()  /work/noaa/da/mpotts/sandbox/pgi_2019_openmpi_O_fix_profile_summary_at_scale/esmf/src/addon/NUOPC/src/NUOPC_Driver.F90:3023
17 0x0000000001252cd7 nuopc_driver_initializeipdv02p3_()  /work/noaa/da/mpotts/sandbox/pgi_2019_openmpi_O_fix_profile_summary_at_scale/esmf/src/addon/NUOPC/src/NUOPC_Driver.F90:2110
18 0x000000000124132a nuopc_driver_initializegeneric_()  /work/noaa/da/mpotts/sandbox/pgi_2019_openmpi_O_fix_profile_summary_at_scale/esmf/src/addon/NUOPC/src/NUOPC_Driver.F90:479
19 0x000000000065cc27 ESMCI::FTable::callVFuncPtr()  /work/noaa/da/mpotts/sandbox/pgi_2019_openmpi_O_fix_profile_summary_at_scale/esmf/src/Superstructure/Component/src/ESMCI_FTable.C:2167
20 0x000000000065ae2a ESMCI_FTableCallEntryPointVMHop()  /work/noaa/da/mpotts/sandbox/pgi_2019_openmpi_O_fix_profile_summary_at_scale/esmf/src/Superstructure/Component/src/ESMCI_FTable.C:824
21 0x0000000000a480f8 ESMCI::VM::enter()  /work/noaa/da/mpotts/sandbox/pgi_2019_openmpi_O_fix_profile_summary_at_scale/esmf/src/Infrastructure/VM/src/ESMCI_VM.C:1216
22 0x000000000065b207 c_esmc_ftablecallentrypointvm_()  /work/noaa/da/mpotts/sandbox/pgi_2019_openmpi_O_fix_profile_summary_at_scale/esmf/src/Superstructure/Component/src/ESMCI_FTable.C:981
23 0x0000000000c1bbdd esmf_compmod_esmf_compexecute_()  /work/noaa/da/mpotts/sandbox/pgi_2019_openmpi_O_fix_profile_summary_at_scale/esmf/src/Superstructure/Component/src/ESMF_Comp.F90:1223
24 0x0000000000df4c01 esmf_gridcompmod_esmf_gridcompinitialize_()  /work/noaa/da/mpotts/sandbox/pgi_2019_openmpi_O_fix_profile_summary_at_scale/esmf/src/Superstructure/Component/src/ESMF_GridComp.F90:1412
25 0x0000000000405f1d MAIN_()  /work/noaa/da/mpotts/sandbox/pgi_2019_openmpi_O_fix_profile_summary_at_scale/nuopc-app-prototypes/AtmOcnSelectProto/esmApp.F90:58
26 0x0000000000405b93 main()  ???:0
27 0x0000000000022495 __libc_start_main()  ???:0
28 0x0000000000405a99 _start()  ???:0
=================================
[Orion-05-45:433301] *** Process received signal ***
[Orion-05-45:433301] Signal: Segmentation fault (11)
[Orion-05-45:433301] Signal code:  (-6)
[Orion-05-45:433301] Failing at address: 0x20e500069c95
[Orion-05-45:433301] [ 0] /lib64/libpthread.so.0(+0xf5d0)[0x7f9bdecc95d0]
==== backtrace (tid: 433303) ====
 0 0x000000000073d623 ESMCI::LogErr::MsgFoundError()  /work/noaa/da/mpotts/sandbox/pgi_2019_openmpi_O_fix_profile_summary_at_scale/esmf/src/Infrastructure/LogErr/src/ESMCI_LogErr.C:586
 1 0x0000000000895921 c_esmc_meshcreatenodedistgrid_()  /work/noaa/da/mpotts/sandbox/pgi_2019_openmpi_O_fix_profile_summary_at_scale/esmf/src/Infrastructure/Mesh/interface/ESMCI_Mesh_F.C:248
 2 0x0000000000fad84c esmf_meshmod_esmf_meshcreatefrompointer_()  /work/noaa/da/mpotts/sandbox/pgi_2019_openmpi_O_fix_profile_summary_at_scale/esmf/src/Infrastructure/Mesh/interface/ESMF_Mesh.F90:3091
 3 0x0000000000e8e9c2 esmf_gridutilmod_esmf_gridtomesh_()  /work/noaa/da/mpotts/sandbox/pgi_2019_openmpi_O_fix_profile_summary_at_scale/esmf/src/Infrastructure/GridUtil/interface/ESMF_GridUtil.F90:453
 4 0x0000000000db2a06 esmf_fieldregridmod_b_or_p_gridtomesh_()  /work/noaa/da/mpotts/sandbox/pgi_2019_openmpi_O_fix_profile_summary_at_scale/esmf/src/Infrastructure/Field/src/ESMF_FieldRegrid.F90:3228
 5 0x0000000000dafec4 esmf_fieldregridmod_getmeshwithnodesonfieldloc_()  /work/noaa/da/mpotts/sandbox/pgi_2019_openmpi_O_fix_profile_summary_at_scale/esmf/src/Infrastructure/Field/src/ESMF_FieldRegrid.F90:1346
 6 0x0000000000dae3ff esmf_fieldregridmod_esmf_fieldregridstorenx_()  /work/noaa/da/mpotts/sandbox/pgi_2019_openmpi_O_fix_profile_summary_at_scale/esmf/src/Infrastructure/Field/src/ESMF_FieldRegrid.F90:971
 7 0x0000000000c8979a esmf_fieldbundlemod_esmf_fieldbundleregridstorepair_()  /work/noaa/da/mpotts/sandbox/pgi_2019_openmpi_O_fix_profile_summary_at_scale/esmf/src/Infrastructure/FieldBundle/src/ESMF_FieldBundle.F90:16211
 8 0x000000000123bb62 nuopc_connector_fieldbundlecplstore_()  /work/noaa/da/mpotts/sandbox/pgi_2019_openmpi_O_fix_profile_summary_at_scale/esmf/src/addon/NUOPC/src/NUOPC_Connector.F90:7714
 9 0x0000000001225b76 nuopc_connector_initializeipdv05p6b_()  /work/noaa/da/mpotts/sandbox/pgi_2019_openmpi_O_fix_profile_summary_at_scale/esmf/src/addon/NUOPC/src/NUOPC_Connector.F90:5386
10 0x000000000065cc27 ESMCI::FTable::callVFuncPtr()  /work/noaa/da/mpotts/sandbox/pgi_2019_openmpi_O_fix_profile_summary_at_scale/esmf/src/Superstructure/Component/src/ESMCI_FTable.C:2167
11 0x000000000065ae2a ESMCI_FTableCallEntryPointVMHop()  /work/noaa/da/mpotts/sandbox/pgi_2019_openmpi_O_fix_profile_summary_at_scale/esmf/src/Superstructure/Component/src/ESMCI_FTable.C:824
12 0x0000000000a480f8 ESMCI::VM::enter()  /work/noaa/da/mpotts/sandbox/pgi_2019_openmpi_O_fix_profile_summary_at_scale/esmf/src/Infrastructure/VM/src/ESMCI_VM.C:1216
13 0x000000000065b207 c_esmc_ftablecallentrypointvm_()  /work/noaa/da/mpotts/sandbox/pgi_2019_openmpi_O_fix_profile_summary_at_scale/esmf/src/Superstructure/Component/src/ESMCI_FTable.C:981
14 0x0000000000c1bbdd esmf_compmod_esmf_compexecute_()  /work/noaa/da/mpotts/sandbox/pgi_2019_openmpi_O_fix_profile_summary_at_scale/esmf/src/Superstructure/Component/src/ESMF_Comp.F90:1223
15 0x0000000000c2de21 esmf_cplcompmod_esmf_cplcompinitialize_()  /work/noaa/da/mpotts/sandbox/pgi_2019_openmpi_O_fix_profile_summary_at_scale/esmf/src/Superstructure/Component/src/ESMF_CplComp.F90:1165
16 0x000000000125b784 nuopc_driver_loopconnectorcompss_()  /work/noaa/da/mpotts/sandbox/pgi_2019_openmpi_O_fix_profile_summary_at_scale/esmf/src/addon/NUOPC/src/NUOPC_Driver.F90:3023
17 0x0000000001252cd7 nuopc_driver_initializeipdv02p3_()  /work/noaa/da/mpotts/sandbox/pgi_2019_openmpi_O_fix_profile_summary_at_scale/esmf/src/addon/NUOPC/src/NUOPC_Driver.F90:2110
18 0x000000000124132a nuopc_driver_initializegeneric_()  /work/noaa/da/mpotts/sandbox/pgi_2019_openmpi_O_fix_profile_summary_at_scale/esmf/src/addon/NUOPC/src/NUOPC_Driver.F90:479
19 0x000000000065cc27 ESMCI::FTable::callVFuncPtr()  /work/noaa/da/mpotts/sandbox/pgi_2019_openmpi_O_fix_profile_summary_at_scale/esmf/src/Superstructure/Component/src/ESMCI_FTable.C:2167
20 0x000000000065ae2a ESMCI_FTableCallEntryPointVMHop()  /work/noaa/da/mpotts/sandbox/pgi_2019_openmpi_O_fix_profile_summary_at_scale/esmf/src/Superstructure/Component/src/ESMCI_FTable.C:824
[Orion-05-45:433301] [ 1] /work/noaa/da/mpotts/sandbox/pgi_2019_openmpi_O_fix_profile_summary_at_scale/esmf/DEFAULTINSTALLDIR/lib/libO/Linux.pgi.64.openmpi.default/libesmf.so(_ZN5ESMCI6LogErr13MsgFoundErrorEiPKciS2_S2_Pi+0x33)[0x7f9bdd45f623]
[Orion-05-45:433301] [ 2] /work/noaa/da/mpotts/sandbox/pgi_2019_openmpi_O_fix_profile_summary_at_scale/esmf/DEFAULTINSTALLDIR/lib/libO/Linux.pgi.64.openmpi.default/libesmf.so(c_esmc_meshcreatenodedistgrid_+0xa1)[0x7f9bdd5b7921]
[Orion-05-45:433301] [ 3] /work/noaa/da/mpotts/sandbox/pgi_2019_openmpi_O_fix_profile_summary_at_scale/esmf/DEFAULTINSTALLDIR/lib/libO/Linux.pgi.64.openmpi.default/libesmf.so(esmf_meshmod_esmf_meshcreatefrompointer_+0x4c)[0x7f9bddccf84c]
21 0x0000000000a480f8 ESMCI::VM::enter()  /work/noaa/da/mpotts/sandbox/pgi_2019_openmpi_O_fix_profile_summary_at_scale/esmf/src/Infrastructure/VM/src/ESMCI_VM.C:1216
22 0x000000000065b207 c_esmc_ftablecallentrypointvm_()  /work/noaa/da/mpotts/sandbox/pgi_2019_openmpi_O_fix_profile_summary_at_scale/esmf/src/Superstructure/Component/src/ESMCI_FTable.C:981
23 0x0000000000c1bbdd esmf_compmod_esmf_compexecute_()  /work/noaa/da/mpotts/sandbox/pgi_2019_openmpi_O_fix_profile_summary_at_scale/esmf/src/Superstructure/Component/src/ESMF_Comp.F90:1223
24 0x0000000000df4c01 esmf_gridcompmod_esmf_gridcompinitialize_()  /work/noaa/da/mpotts/sandbox/pgi_2019_openmpi_O_fix_profile_summary_at_scale/esmf/src/Superstructure/Component/src/ESMF_GridComp.F90:1412
25 0x0000000000405f1d MAIN_()  /work/noaa/da/mpotts/sandbox/pgi_2019_openmpi_O_fix_profile_summary_at_scale/nuopc-app-prototypes/AtmOcnSelectProto/esmApp.F90:58
26 0x0000000000405b93 main()  ???:0
27 0x0000000000022495 __libc_start_main()  ???:0
28 0x0000000000405a99 _start()  ???:0
=================================
[Orion-05-45:433303] *** Process received signal ***
[Orion-05-45:433303] Signal: Segmentation fault (11)
[Orion-05-45:433303] Signal code:  (-6)
[Orion-05-45:433303] Failing at address: 0x20e500069c97
[Orion-05-45:433303] [ 0] /lib64/libpthread.so.0(+0xf5d0)[0x7ff291bbc5d0]
[Orion-05-45:433303] [ 1] /work/noaa/da/mpotts/sandbox/pgi_2019_openmpi_O_fix_profile_summary_at_scale/esmf/DEFAULTINSTALLDIR/lib/libO/Linux.pgi.64.openmpi.default/libesmf.so(_ZN5ESMCI6LogErr13MsgFoundErrorEiPKciS2_S2_Pi+0x33)[0x7ff290352623]
[Orion-05-45:433303] [ 2] /work/noaa/da/mpotts/sandbox/pgi_2019_openmpi_O_fix_profile_summary_at_scale/esmf/DEFAULTINSTALLDIR/lib/libO/Linux.pgi.64.openmpi.default/libesmf.so(c_esmc_meshcreatenodedistgrid_+0xa1)[0x7ff2904aa921]
[Orion-05-45:433301] [ 4] /work/noaa/da/mpotts/sandbox/pgi_2019_openmpi_O_fix_profile_summary_at_scale/esmf/DEFAULTINSTALLDIR/lib/libO/Linux.pgi.64.openmpi.default/libesmf.so(esmf_gridutilmod_esmf_gridtomesh_+0x352)[0x7f9bddbb09c2]
[Orion-05-45:433301] [ 5] /work/noaa/da/mpotts/sandbox/pgi_2019_openmpi_O_fix_profile_summary_at_scale/esmf/DEFAULTINSTALLDIR/lib/libO/Linux.pgi.64.openmpi.default/libesmf.so(esmf_fieldregridmod_b_or_p_gridtomesh_+0x156)[0x7f9bddad4a06]
[Orion-05-45:433303] [ 3] /work/noaa/da/mpotts/sandbox/pgi_2019_openmpi_O_fix_profile_summary_at_scale/esmf/DEFAULTINSTALLDIR/lib/libO/Linux.pgi.64.openmpi.default/libesmf.so(esmf_meshmod_esmf_meshcreatefrompointer_+0x4c)[0x7ff290bc284c]
[Orion-05-45:433303] [ 4] /work/noaa/da/mpotts/sandbox/pgi_2019_openmpi_O_fix_profile_summary_at_scale/esmf/DEFAULTINSTALLDIR/lib/libO/Linux.pgi.64.openmpi.default/libesmf.so(esmf_gridutilmod_esmf_gridtomesh_+0x352)[0x7ff290aa39c2]
[Orion-05-45:433301] [ 6] /work/noaa/da/mpotts/sandbox/pgi_2019_openmpi_O_fix_profile_summary_at_scale/esmf/DEFAULTINSTALLDIR/lib/libO/Linux.pgi.64.openmpi.default/libesmf.so(esmf_fieldregridmod_getmeshwithnodesonfieldloc_+0x394)[0x7f9bddad1ec4]
[Orion-05-45:433303] [ 5] /work/noaa/da/mpotts/sandbox/pgi_2019_openmpi_O_fix_profile_summary_at_scale/esmf/DEFAULTINSTALLDIR/lib/libO/Linux.pgi.64.openmpi.default/libesmf.so(esmf_fieldregridmod_b_or_p_gridtomesh_+0x156)[0x7ff2909c7a06]
[Orion-05-45:433301] [ 7] /work/noaa/da/mpotts/sandbox/pgi_2019_openmpi_O_fix_profile_summary_at_scale/esmf/DEFAULTINSTALLDIR/lib/libO/Linux.pgi.64.openmpi.default/libesmf.so(esmf_fieldregridmod_esmf_fieldregridstorenx_+0x9cf)[0x7f9bddad03ff]
[Orion-05-45:433303] [ 6] /work/noaa/da/mpotts/sandbox/pgi_2019_openmpi_O_fix_profile_summary_at_scale/esmf/DEFAULTINSTALLDIR/lib/libO/Linux.pgi.64.openmpi.default/libesmf.so(esmf_fieldregridmod_getmeshwithnodesonfieldloc_+0x394)[0x7ff2909c4ec4]
[Orion-05-45:433301] [ 8] /work/noaa/da/mpotts/sandbox/pgi_2019_openmpi_O_fix_profile_summary_at_scale/esmf/DEFAULTINSTALLDIR/lib/libO/Linux.pgi.64.openmpi.default/libesmf.so(esmf_fieldbundlemod_esmf_fieldbundleregridstorepair_+0x3a1a)[0x7f9bdd9ab79a]
[Orion-05-45:433301] [ 9] /work/noaa/da/mpotts/sandbox/pgi_2019_openmpi_O_fix_profile_summary_at_scale/esmf/DEFAULTINSTALLDIR/lib/libO/Linux.pgi.64.openmpi.default/libesmf.so(nuopc_connector_fieldbundlecplstore_+0x90d2)[0x7f9bddf5db62]
[Orion-05-45:433303] [ 7] /work/noaa/da/mpotts/sandbox/pgi_2019_openmpi_O_fix_profile_summary_at_scale/esmf/DEFAULTINSTALLDIR/lib/libO/Linux.pgi.64.openmpi.default/libesmf.so(esmf_fieldregridmod_esmf_fieldregridstorenx_+0x9cf)[0x7ff2909c33ff]
[Orion-05-45:433301] [10] /work/noaa/da/mpotts/sandbox/pgi_2019_openmpi_O_fix_profile_summary_at_scale/esmf/DEFAULTINSTALLDIR/lib/libO/Linux.pgi.64.openmpi.default/libesmf.so(nuopc_connector_initializeipdv05p6b_+0x4f76)[0x7f9bddf47b76]
[Orion-05-45:433303] [ 8] /work/noaa/da/mpotts/sandbox/pgi_2019_openmpi_O_fix_profile_summary_at_scale/esmf/DEFAULTINSTALLDIR/lib/libO/Linux.pgi.64.openmpi.default/libesmf.so(esmf_fieldbundlemod_esmf_fieldbundleregridstorepair_+0x3a1a)[0x7ff29089e79a]
[Orion-05-45:433301] [11] /work/noaa/da/mpotts/sandbox/pgi_2019_openmpi_O_fix_profile_summary_at_scale/esmf/DEFAULTINSTALLDIR/lib/libO/Linux.pgi.64.openmpi.default/libesmf.so(_ZN5ESMCI6FTable12callVFuncPtrEPKcPNS_2VMEPi+0x417)[0x7f9bdd37ec27]
[Orion-05-45:433301] [12] /work/noaa/da/mpotts/sandbox/pgi_2019_openmpi_O_fix_profile_summary_at_scale/esmf/DEFAULTINSTALLDIR/lib/libO/Linux.pgi.64.openmpi.default/libesmf.so(ESMCI_FTableCallEntryPointVMHop+0x1ea)[0x7f9bdd37ce2a]
[Orion-05-45:433303] [ 9] /work/noaa/da/mpotts/sandbox/pgi_2019_openmpi_O_fix_profile_summary_at_scale/esmf/DEFAULTINSTALLDIR/lib/libO/Linux.pgi.64.openmpi.default/libesmf.so(nuopc_connector_fieldbundlecplstore_+0x90d2)[0x7ff290e50b62]
[Orion-05-45:433303] [10] /work/noaa/da/mpotts/sandbox/pgi_2019_openmpi_O_fix_profile_summary_at_scale/esmf/DEFAULTINSTALLDIR/lib/libO/Linux.pgi.64.openmpi.default/libesmf.so(nuopc_connector_initializeipdv05p6b_+0x4f76)[0x7ff290e3ab76]
[Orion-05-45:433301] [13] /work/noaa/da/mpotts/sandbox/pgi_2019_openmpi_O_fix_profile_summary_at_scale/esmf/DEFAULTINSTALLDIR/lib/libO/Linux.pgi.64.openmpi.default/libesmf.so(_ZN5ESMCI2VM5enterEPNS_6VMPlanEPvS3_+0x18)[0x7f9bdd76a0f8]
[Orion-05-45:433303] [11] /work/noaa/da/mpotts/sandbox/pgi_2019_openmpi_O_fix_profile_summary_at_scale/esmf/DEFAULTINSTALLDIR/lib/libO/Linux.pgi.64.openmpi.default/libesmf.so(_ZN5ESMCI6FTable12callVFuncPtrEPKcPNS_2VMEPi+0x417)[0x7ff290271c27]
[Orion-05-45:433301] [14] /work/noaa/da/mpotts/sandbox/pgi_2019_openmpi_O_fix_profile_summary_at_scale/esmf/DEFAULTINSTALLDIR/lib/libO/Linux.pgi.64.openmpi.default/libesmf.so(c_esmc_ftablecallentrypointvm_+0x337)[0x7f9bdd37d207]
[Orion-05-45:433303] [12] /work/noaa/da/mpotts/sandbox/pgi_2019_openmpi_O_fix_profile_summary_at_scale/esmf/DEFAULTINSTALLDIR/lib/libO/Linux.pgi.64.openmpi.default/libesmf.so(ESMCI_FTableCallEntryPointVMHop+0x1ea)[0x7ff29026fe2a]
[Orion-05-45:433301] [15] /work/noaa/da/mpotts/sandbox/pgi_2019_openmpi_O_fix_profile_summary_at_scale/esmf/DEFAULTINSTALLDIR/lib/libO/Linux.pgi.64.openmpi.default/libesmf.so(esmf_compmod_esmf_compexecute_+0x7ed)[0x7f9bdd93dbdd]
[Orion-05-45:433303] [13] /work/noaa/da/mpotts/sandbox/pgi_2019_openmpi_O_fix_profile_summary_at_scale/esmf/DEFAULTINSTALLDIR/lib/libO/Linux.pgi.64.openmpi.default/libesmf.so(_ZN5ESMCI2VM5enterEPNS_6VMPlanEPvS3_+0x18)[0x7ff29065d0f8]
[Orion-05-45:433301] [16] /work/noaa/da/mpotts/sandbox/pgi_2019_openmpi_O_fix_profile_summary_at_scale/esmf/DEFAULTINSTALLDIR/lib/libO/Linux.pgi.64.openmpi.default/libesmf.so(esmf_cplcompmod_esmf_cplcompinitialize_+0x161)[0x7f9bdd94fe21]
[Orion-05-45:433303] [14] /work/noaa/da/mpotts/sandbox/pgi_2019_openmpi_O_fix_profile_summary_at_scale/esmf/DEFAULTINSTALLDIR/lib/libO/Linux.pgi.64.openmpi.default/libesmf.so(c_esmc_ftablecallentrypointvm_+0x337)[0x7ff290270207]
[Orion-05-45:433301] [17] /work/noaa/da/mpotts/sandbox/pgi_2019_openmpi_O_fix_profile_summary_at_scale/esmf/DEFAULTINSTALLDIR/lib/libO/Linux.pgi.64.openmpi.default/libesmf.so(nuopc_driver_loopconnectorcompss_+0xeb4)[0x7f9bddf7d784]
[Orion-05-45:433303] [15] /work/noaa/da/mpotts/sandbox/pgi_2019_openmpi_O_fix_profile_summary_at_scale/esmf/DEFAULTINSTALLDIR/lib/libO/Linux.pgi.64.openmpi.default/libesmf.so(esmf_compmod_esmf_compexecute_+0x7ed)[0x7ff290830bdd]
[Orion-05-45:433301] [18] /work/noaa/da/mpotts/sandbox/pgi_2019_openmpi_O_fix_profile_summary_at_scale/esmf/DEFAULTINSTALLDIR/lib/libO/Linux.pgi.64.openmpi.default/libesmf.so(nuopc_driver_initializeipdv02p3_+0x2f77)[0x7f9bddf74cd7]
[Orion-05-45:433303] [16] /work/noaa/da/mpotts/sandbox/pgi_2019_openmpi_O_fix_profile_summary_at_scale/esmf/DEFAULTINSTALLDIR/lib/libO/Linux.pgi.64.openmpi.default/libesmf.so(esmf_cplcompmod_esmf_cplcompinitialize_+0x161)[0x7ff290842e21]
[Orion-05-45:433301] [19] /work/noaa/da/mpotts/sandbox/pgi_2019_openmpi_O_fix_profile_summary_at_scale/esmf/DEFAULTINSTALLDIR/lib/libO/Linux.pgi.64.openmpi.default/libesmf.so(nuopc_driver_initializegeneric_+0x62a)[0x7f9bddf6332a]
[Orion-05-45:433303] [17] /work/noaa/da/mpotts/sandbox/pgi_2019_openmpi_O_fix_profile_summary_at_scale/esmf/DEFAULTINSTALLDIR/lib/libO/Linux.pgi.64.openmpi.default/libesmf.so(nuopc_driver_loopconnectorcompss_+0xeb4)[0x7ff290e70784]
[Orion-05-45:433301] [20] /work/noaa/da/mpotts/sandbox/pgi_2019_openmpi_O_fix_profile_summary_at_scale/esmf/DEFAULTINSTALLDIR/lib/libO/Linux.pgi.64.openmpi.default/libesmf.so(_ZN5ESMCI6FTable12callVFuncPtrEPKcPNS_2VMEPi+0x417)[0x7f9bdd37ec27]
[Orion-05-45:433301] [21] /work/noaa/da/mpotts/sandbox/pgi_2019_openmpi_O_fix_profile_summary_at_scale/esmf/DEFAULTINSTALLDIR/lib/libO/Linux.pgi.64.openmpi.default/libesmf.so(ESMCI_FTableCallEntryPointVMHop+0x1ea)[0x7f9bdd37ce2a]
[Orion-05-45:433303] [18] /work/noaa/da/mpotts/sandbox/pgi_2019_openmpi_O_fix_profile_summary_at_scale/esmf/DEFAULTINSTALLDIR/lib/libO/Linux.pgi.64.openmpi.default/libesmf.so(nuopc_driver_initializeipdv02p3_+0x2f77)[0x7ff290e67cd7]
[Orion-05-45:433303] [19] /work/noaa/da/mpotts/sandbox/pgi_2019_openmpi_O_fix_profile_summary_at_scale/esmf/DEFAULTINSTALLDIR/lib/libO/Linux.pgi.64.openmpi.default/libesmf.so(nuopc_driver_initializegeneric_+0x62a)[0x7ff290e5632a]
[Orion-05-45:433301] [22] /work/noaa/da/mpotts/sandbox/pgi_2019_openmpi_O_fix_profile_summary_at_scale/esmf/DEFAULTINSTALLDIR/lib/libO/Linux.pgi.64.openmpi.default/libesmf.so(_ZN5ESMCI2VM5enterEPNS_6VMPlanEPvS3_+0x18)[0x7f9bdd76a0f8]
[Orion-05-45:433303] [20] /work/noaa/da/mpotts/sandbox/pgi_2019_openmpi_O_fix_profile_summary_at_scale/esmf/DEFAULTINSTALLDIR/lib/libO/Linux.pgi.64.openmpi.default/libesmf.so(_ZN5ESMCI6FTable12callVFuncPtrEPKcPNS_2VMEPi+0x417)[0x7ff290271c27]
[Orion-05-45:433301] [23] /work/noaa/da/mpotts/sandbox/pgi_2019_openmpi_O_fix_profile_summary_at_scale/esmf/DEFAULTINSTALLDIR/lib/libO/Linux.pgi.64.openmpi.default/libesmf.so(c_esmc_ftablecallentrypointvm_+0x337)[0x7f9bdd37d207]
[Orion-05-45:433303] [21] /work/noaa/da/mpotts/sandbox/pgi_2019_openmpi_O_fix_profile_summary_at_scale/esmf/DEFAULTINSTALLDIR/lib/libO/Linux.pgi.64.openmpi.default/libesmf.so(ESMCI_FTableCallEntryPointVMHop+0x1ea)[0x7ff29026fe2a]
[Orion-05-45:433301] [24] /work/noaa/da/mpotts/sandbox/pgi_2019_openmpi_O_fix_profile_summary_at_scale/esmf/DEFAULTINSTALLDIR/lib/libO/Linux.pgi.64.openmpi.default/libesmf.so(esmf_compmod_esmf_compexecute_+0x7ed)[0x7f9bdd93dbdd]
[Orion-05-45:433303] [22] /work/noaa/da/mpotts/sandbox/pgi_2019_openmpi_O_fix_profile_summary_at_scale/esmf/DEFAULTINSTALLDIR/lib/libO/Linux.pgi.64.openmpi.default/libesmf.so(_ZN5ESMCI2VM5enterEPNS_6VMPlanEPvS3_+0x18)[0x7ff29065d0f8]
[Orion-05-45:433301] [25] /work/noaa/da/mpotts/sandbox/pgi_2019_openmpi_O_fix_profile_summary_at_scale/esmf/DEFAULTINSTALLDIR/lib/libO/Linux.pgi.64.openmpi.default/libesmf.so(esmf_gridcompmod_esmf_gridcompinitialize_+0x161)[0x7f9bddb16c01]
[Orion-05-45:433301] [26] /work/noaa/da/mpotts/sandbox/pgi_2019_openmpi_O_fix_profile_summary_at_scale/nuopc-app-prototypes/AtmOcnSelectProto/./esmApp[0x405f1d]
[Orion-05-45:433301] [27] /work/noaa/da/mpotts/sandbox/pgi_2019_openmpi_O_fix_profile_summary_at_scale/nuopc-app-prototypes/AtmOcnSelectProto/./esmApp[0x405b93]
[Orion-05-45:433303] [23] /work/noaa/da/mpotts/sandbox/pgi_2019_openmpi_O_fix_profile_summary_at_scale/esmf/DEFAULTINSTALLDIR/lib/libO/Linux.pgi.64.openmpi.default/libesmf.so(c_esmc_ftablecallentrypointvm_+0x337)[0x7ff290270207]
[Orion-05-45:433301] [28] /lib64/libc.so.6(__libc_start_main+0xf5)[0x7f9bd916f495]
[Orion-05-45:433301] [29] /work/noaa/da/mpotts/sandbox/pgi_2019_openmpi_O_fix_profile_summary_at_scale/nuopc-app-prototypes/AtmOcnSelectProto/./esmApp[0x405a99]
[Orion-05-45:433301] *** End of error message ***
[Orion-05-45:433303] [24] /work/noaa/da/mpotts/sandbox/pgi_2019_openmpi_O_fix_profile_summary_at_scale/esmf/DEFAULTINSTALLDIR/lib/libO/Linux.pgi.64.openmpi.default/libesmf.so(esmf_compmod_esmf_compexecute_+0x7ed)[0x7ff290830bdd]
[Orion-05-45:433303] [25] /work/noaa/da/mpotts/sandbox/pgi_2019_openmpi_O_fix_profile_summary_at_scale/esmf/DEFAULTINSTALLDIR/lib/libO/Linux.pgi.64.openmpi.default/libesmf.so(esmf_gridcompmod_esmf_gridcompinitialize_+0x161)[0x7ff290a09c01]
[Orion-05-45:433303] [26] /work/noaa/da/mpotts/sandbox/pgi_2019_openmpi_O_fix_profile_summary_at_scale/nuopc-app-prototypes/AtmOcnSelectProto/./esmApp[0x405f1d]
[Orion-05-45:433303] [27] /work/noaa/da/mpotts/sandbox/pgi_2019_openmpi_O_fix_profile_summary_at_scale/nuopc-app-prototypes/AtmOcnSelectProto/./esmApp[0x405b93]
[Orion-05-45:433303] [28] /lib64/libc.so.6(__libc_start_main+0xf5)[0x7ff28c062495]
[Orion-05-45:433303] [29] /work/noaa/da/mpotts/sandbox/pgi_2019_openmpi_O_fix_profile_summary_at_scale/nuopc-app-prototypes/AtmOcnSelectProto/./esmApp[0x405a99]
[Orion-05-45:433303] *** End of error message ***
srun: error: Orion-05-45: tasks 0-3: Segmentation fault
srun: launch/slurm: _step_signal: Terminating StepId=10484225.369
