2023-05-15 04:18:22
 NUOPC_DriverPrint for PET:            0
   Model, Mediator, and Driver components, in the order
   that they were added to the Driver:
            1 :  ATM
            2 :  OCN
            3 :  MED
   Connector components, in the order
   that they were added to the Driver:
            1 :  OCN-TO-MED
            2 :  MED-TO-OCN
            3 :  MED-TO-ATM
            4 :  ATM-TO-MED
NUOPC_RunSequenceArrayPrint: element     1 out of      2
runSeq::
 runElementPrint:      2     3     1 F T
 runElementPrint:      3    -1     1 F T
 runElementPrint:      3     2     1 F T
 runElementPrint:      2    -1     1 F T
 runElementPrint:     -2     0     0 F T
 runElementPrint:     -1    -1     0 F F
::
NUOPC_RunSequenceArrayPrint: element     2 out of      2
runSeq::
 runElementPrint:      3    -1     2 F T
 runElementPrint:      3     1     1 F T
 runElementPrint:      1    -1     1 F T
 runElementPrint:      1     3     1 F T
 runElementPrint:      3    -1     3 F T
 runElementPrint:     -2    -1     0 F F
::
[Orion-05-45:431966:0:431966] Caught signal 11 (Segmentation fault: address not mapped to object at address 0x4f1b591)
 NUOPC_DriverPrint for PET:            1
   Model, Mediator, and Driver components, in the order
   that they were added to the Driver:
            1 :  ATM
            2 :  OCN
            3 :  MED
   Connector components, in the order
   that they were added to the Driver:
            1 :  OCN-TO-MED
            2 :  MED-TO-OCN
            3 :  MED-TO-ATM
            4 :  ATM-TO-MED
NUOPC_RunSequenceArrayPrint: element     1 out of      2
runSeq::
 runElementPrint:      2     3     1 F T
 runElementPrint:      3    -1     1 F T
 runElementPrint:      3     2     1 F T
 runElementPrint:      2    -1     1 F T
 runElementPrint:     -2     0     0 F T
 runElementPrint:     -1    -1     0 F F
::
NUOPC_RunSequenceArrayPrint: element     2 out of      2
runSeq::
 runElementPrint:      3    -1     2 F T
 runElementPrint:      3     1     1 F T
 runElementPrint:      1    -1     1 F T
 runElementPrint:      1     3     1 F T
 runElementPrint:      3    -1     3 F T
 runElementPrint:     -2    -1     0 F F
::
[Orion-05-45:431967:0:431967] Caught signal 11 (Segmentation fault: address not mapped to object at address 0x4f1b591)
 NUOPC_DriverPrint for PET:            3
   Model, Mediator, and Driver components, in the order
   that they were added to the Driver:
            1 :  ATM
            2 :  OCN
            3 :  MED
   Connector components, in the order
   that they were added to the Driver:
            1 :  OCN-TO-MED
            2 :  MED-TO-OCN
            3 :  MED-TO-ATM
            4 :  ATM-TO-MED
NUOPC_RunSequenceArrayPrint: element     1 out of      2
runSeq::
 runElementPrint:      2     3     1 F T
 runElementPrint:      3    -1     1 F T
 runElementPrint:      3     2     1 F T
 runElementPrint:      2    -1     1 F T
 runElementPrint:     -2     0     0 F T
 runElementPrint:     -1    -1     0 F F
::
NUOPC_RunSequenceArrayPrint: element     2 out of      2
runSeq::
 runElementPrint:      3    -1     2 F T
 runElementPrint:      3     1     1 F T
 runElementPrint:      1    -1     1 F T
 runElementPrint:      1     3     1 F T
 runElementPrint:      3    -1     3 F T
 runElementPrint:     -2    -1     0 F F
::
[Orion-05-45:431969:0:431969] Caught signal 11 (Segmentation fault: address not mapped to object at address 0x4f1b591)

/work/noaa/da/mpotts/sandbox/pgi_2019_openmpi_O_fix_profile_summary_at_scale/esmf/src/Infrastructure/LogErr/src/ESMCI_LogErr.C: [ ESMCI::LogErr::MsgFoundError() ]
      ...

/work/noaa/da/mpotts/sandbox/pgi_2019_openmpi_O_fix_profile_summary_at_scale/esmf/src/Infrastructure/LogErr/src/ESMCI_LogErr.C: [ ESMCI::LogErr::MsgFoundError() ]
      ...
      583 {
      584     bool result=false;
      585 #ifdef ESMC_SUCCESSDEFAULT_ON
==>   586     if (rcToReturn != ESMC_NULL_POINTER) *rcToReturn=ESMF_SUCCESS;
      587 #endif
      588     if (trace) {
      583 {
      584     bool result=false;
      585 #ifdef ESMC_SUCCESSDEFAULT_ON
==>   586     if (rcToReturn != ESMC_NULL_POINTER) *rcToReturn=ESMF_SUCCESS;
      587 #endif
      588     if (trace) {
      589         Write(ESMC_METHOD,ESMC_LOGMSG_TRACE,
      589         Write(ESMC_METHOD,ESMC_LOGMSG_TRACE,



/work/noaa/da/mpotts/sandbox/pgi_2019_openmpi_O_fix_profile_summary_at_scale/esmf/src/Infrastructure/LogErr/src/ESMCI_LogErr.C: [ ESMCI::LogErr::MsgFoundError() ]
      ...
      583 {
      584     bool result=false;
      585 #ifdef ESMC_SUCCESSDEFAULT_ON
==>   586     if (rcToReturn != ESMC_NULL_POINTER) *rcToReturn=ESMF_SUCCESS;
      587 #endif
      588     if (trace) {
      589         Write(ESMC_METHOD,ESMC_LOGMSG_TRACE,

==== backtrace (tid: 431967) ====
 0 0x000000000073d623 ESMCI::LogErr::MsgFoundError()  /work/noaa/da/mpotts/sandbox/pgi_2019_openmpi_O_fix_profile_summary_at_scale/esmf/src/Infrastructure/LogErr/src/ESMCI_LogErr.C:586
 1 0x0000000000895921 c_esmc_meshcreatenodedistgrid_()  /work/noaa/da/mpotts/sandbox/pgi_2019_openmpi_O_fix_profile_summary_at_scale/esmf/src/Infrastructure/Mesh/interface/ESMCI_Mesh_F.C:248
 2 0x0000000000fad84c esmf_meshmod_esmf_meshcreatefrompointer_()  /work/noaa/da/mpotts/sandbox/pgi_2019_openmpi_O_fix_profile_summary_at_scale/esmf/src/Infrastructure/Mesh/interface/ESMF_Mesh.F90:3091
 3 0x0000000000e8e9c2 esmf_gridutilmod_esmf_gridtomesh_()  /work/noaa/da/mpotts/sandbox/pgi_2019_openmpi_O_fix_profile_summary_at_scale/esmf/src/Infrastructure/GridUtil/interface/ESMF_GridUtil.F90:453
 4 0x0000000000db2a06 esmf_fieldregridmod_b_or_p_gridtomesh_()  /work/noaa/da/mpotts/sandbox/pgi_2019_openmpi_O_fix_profile_summary_at_scale/esmf/src/Infrastructure/Field/src/ESMF_FieldRegrid.F90:3228
 5 0x0000000000dafec4 esmf_fieldregridmod_getmeshwithnodesonfieldloc_()  /work/noaa/da/mpotts/sandbox/pgi_2019_openmpi_O_fix_profile_summary_at_scale/esmf/src/Infrastructure/Field/src/ESMF_FieldRegrid.F90:1346
 6 0x0000000000dae3ff esmf_fieldregridmod_esmf_fieldregridstorenx_()  /work/noaa/da/mpotts/sandbox/pgi_2019_openmpi_O_fix_profile_summary_at_scale/esmf/src/Infrastructure/Field/src/ESMF_FieldRegrid.F90:971
 7 0x0000000000c8979a esmf_fieldbundlemod_esmf_fieldbundleregridstorepair_()  /work/noaa/da/mpotts/sandbox/pgi_2019_openmpi_O_fix_profile_summary_at_scale/esmf/src/Infrastructure/FieldBundle/src/ESMF_FieldBundle.F90:16211
 8 0x000000000123bb62 nuopc_connector_fieldbundlecplstore_()  /work/noaa/da/mpotts/sandbox/pgi_2019_openmpi_O_fix_profile_summary_at_scale/esmf/src/addon/NUOPC/src/NUOPC_Connector.F90:7714
 9 0x0000000001225b76 nuopc_connector_initializeipdv05p6b_()  /work/noaa/da/mpotts/sandbox/pgi_2019_openmpi_O_fix_profile_summary_at_scale/esmf/src/addon/NUOPC/src/NUOPC_Connector.F90:5386
10 0x000000000065cc27 ESMCI::FTable::callVFuncPtr()  /work/noaa/da/mpotts/sandbox/pgi_2019_openmpi_O_fix_profile_summary_at_scale/esmf/src/Superstructure/Component/src/ESMCI_FTable.C:2167
11 0x000000000065ae2a ESMCI_FTableCallEntryPointVMHop()  /work/noaa/da/mpotts/sandbox/pgi_2019_openmpi_O_fix_profile_summary_at_scale/esmf/src/Superstructure/Component/src/ESMCI_FTable.C:824
12 0x0000000000a480f8 ESMCI::VM::enter()  /work/noaa/da/mpotts/sandbox/pgi_2019_openmpi_O_fix_profile_summary_at_scale/esmf/src/Infrastructure/VM/src/ESMCI_VM.C:1216
13 0x000000000065b207 c_esmc_ftablecallentrypointvm_()  /work/noaa/da/mpotts/sandbox/pgi_2019_openmpi_O_fix_profile_summary_at_scale/esmf/src/Superstructure/Component/src/ESMCI_FTable.C:981
14 0x0000000000c1bbdd esmf_compmod_esmf_compexecute_()  /work/noaa/da/mpotts/sandbox/pgi_2019_openmpi_O_fix_profile_summary_at_scale/esmf/src/Superstructure/Component/src/ESMF_Comp.F90:1223
15 0x0000000000c2de21 esmf_cplcompmod_esmf_cplcompinitialize_()  /work/noaa/da/mpotts/sandbox/pgi_2019_openmpi_O_fix_profile_summary_at_scale/esmf/src/Superstructure/Component/src/ESMF_CplComp.F90:1165
16 0x000000000125b784 nuopc_driver_loopconnectorcompss_()  /work/noaa/da/mpotts/sandbox/pgi_2019_openmpi_O_fix_profile_summary_at_scale/esmf/src/addon/NUOPC/src/NUOPC_Driver.F90:3023
17 0x0000000001252cd7 nuopc_driver_initializeipdv02p3_()  /work/noaa/da/mpotts/sandbox/pgi_2019_openmpi_O_fix_profile_summary_at_scale/esmf/src/addon/NUOPC/src/NUOPC_Driver.F90:2110
18 0x000000000124132a nuopc_driver_initializegeneric_()  /work/noaa/da/mpotts/sandbox/pgi_2019_openmpi_O_fix_profile_summary_at_scale/esmf/src/addon/NUOPC/src/NUOPC_Driver.F90:479
19 0x000000000065cc27 ESMCI::FTable::callVFuncPtr()  /work/noaa/da/mpotts/sandbox/pgi_2019_openmpi_O_fix_profile_summary_at_scale/esmf/src/Superstructure/Component/src/ESMCI_FTable.C:2167
20 0x000000000065ae2a ESMCI_FTableCallEntryPointVMHop()  /work/noaa/da/mpotts/sandbox/pgi_2019_openmpi_O_fix_profile_summary_at_scale/esmf/src/Superstructure/Component/src/ESMCI_FTable.C:824
21 0x0000000000a480f8 ESMCI::VM::enter()  /work/noaa/da/mpotts/sandbox/pgi_2019_openmpi_O_fix_profile_summary_at_scale/esmf/src/Infrastructure/VM/src/ESMCI_VM.C:1216
22 0x000000000065b207 c_esmc_ftablecallentrypointvm_()  /work/noaa/da/mpotts/sandbox/pgi_2019_openmpi_O_fix_profile_summary_at_scale/esmf/src/Superstructure/Component/src/ESMCI_FTable.C:981
23 0x0000000000c1bbdd esmf_compmod_esmf_compexecute_()  /work/noaa/da/mpotts/sandbox/pgi_2019_openmpi_O_fix_profile_summary_at_scale/esmf/src/Superstructure/Component/src/ESMF_Comp.F90:1223
24 0x0000000000df4c01 esmf_gridcompmod_esmf_gridcompinitialize_()  /work/noaa/da/mpotts/sandbox/pgi_2019_openmpi_O_fix_profile_summary_at_scale/esmf/src/Superstructure/Component/src/ESMF_GridComp.F90:1412
25 0x00000000004065fd MAIN_()  /work/noaa/da/mpotts/sandbox/pgi_2019_openmpi_O_fix_profile_summary_at_scale/nuopc-app-prototypes/AtmOcnMedPetListTimescalesSplitFastProto/esmApp.F90:58
26 0x0000000000406273 main()  ???:0
27 0x0000000000022495 __libc_start_main()  ???:0
28 0x0000000000406179 _start()  ???:0
=================================
[Orion-05-45:431967] *** Process received signal ***
[Orion-05-45:431967] Signal: Segmentation fault (11)
[Orion-05-45:431967] Signal code:  (-6)
[Orion-05-45:431967] Failing at address: 0x20e50006975f
[Orion-05-45:431967] [ 0] /lib64/libpthread.so.0(+0xf5d0)[0x7f08a711d5d0]
==== backtrace (tid: 431969) ====
 0 0x000000000073d623 ESMCI::LogErr::MsgFoundError()  /work/noaa/da/mpotts/sandbox/pgi_2019_openmpi_O_fix_profile_summary_at_scale/esmf/src/Infrastructure/LogErr/src/ESMCI_LogErr.C:586
 1 0x0000000000895921 c_esmc_meshcreatenodedistgrid_()  /work/noaa/da/mpotts/sandbox/pgi_2019_openmpi_O_fix_profile_summary_at_scale/esmf/src/Infrastructure/Mesh/interface/ESMCI_Mesh_F.C:248
 2 0x0000000000fad84c esmf_meshmod_esmf_meshcreatefrompointer_()  /work/noaa/da/mpotts/sandbox/pgi_2019_openmpi_O_fix_profile_summary_at_scale/esmf/src/Infrastructure/Mesh/interface/ESMF_Mesh.F90:3091
 3 0x0000000000e8e9c2 esmf_gridutilmod_esmf_gridtomesh_()  /work/noaa/da/mpotts/sandbox/pgi_2019_openmpi_O_fix_profile_summary_at_scale/esmf/src/Infrastructure/GridUtil/interface/ESMF_GridUtil.F90:453
 4 0x0000000000db2a06 esmf_fieldregridmod_b_or_p_gridtomesh_()  /work/noaa/da/mpotts/sandbox/pgi_2019_openmpi_O_fix_profile_summary_at_scale/esmf/src/Infrastructure/Field/src/ESMF_FieldRegrid.F90:3228
 5 0x0000000000dafec4 esmf_fieldregridmod_getmeshwithnodesonfieldloc_()  /work/noaa/da/mpotts/sandbox/pgi_2019_openmpi_O_fix_profile_summary_at_scale/esmf/src/Infrastructure/Field/src/ESMF_FieldRegrid.F90:1346
 6 0x0000000000dae3ff esmf_fieldregridmod_esmf_fieldregridstorenx_()  /work/noaa/da/mpotts/sandbox/pgi_2019_openmpi_O_fix_profile_summary_at_scale/esmf/src/Infrastructure/Field/src/ESMF_FieldRegrid.F90:971
 7 0x0000000000c8979a esmf_fieldbundlemod_esmf_fieldbundleregridstorepair_()  /work/noaa/da/mpotts/sandbox/pgi_2019_openmpi_O_fix_profile_summary_at_scale/esmf/src/Infrastructure/FieldBundle/src/ESMF_FieldBundle.F90:16211
 8 0x000000000123bb62 nuopc_connector_fieldbundlecplstore_()  /work/noaa/da/mpotts/sandbox/pgi_2019_openmpi_O_fix_profile_summary_at_scale/esmf/src/addon/NUOPC/src/NUOPC_Connector.F90:7714
 9 0x0000000001225b76 nuopc_connector_initializeipdv05p6b_()  /work/noaa/da/mpotts/sandbox/pgi_2019_openmpi_O_fix_profile_summary_at_scale/esmf/src/addon/NUOPC/src/NUOPC_Connector.F90:5386
10 0x000000000065cc27 ESMCI::FTable::callVFuncPtr()  /work/noaa/da/mpotts/sandbox/pgi_2019_openmpi_O_fix_profile_summary_at_scale/esmf/src/Superstructure/Component/src/ESMCI_FTable.C:2167
11 0x000000000065ae2a ESMCI_FTableCallEntryPointVMHop()  /work/noaa/da/mpotts/sandbox/pgi_2019_openmpi_O_fix_profile_summary_at_scale/esmf/src/Superstructure/Component/src/ESMCI_FTable.C:824
12 0x0000000000a480f8 ESMCI::VM::enter()  /work/noaa/da/mpotts/sandbox/pgi_2019_openmpi_O_fix_profile_summary_at_scale/esmf/src/Infrastructure/VM/src/ESMCI_VM.C:1216
13 0x000000000065b207 c_esmc_ftablecallentrypointvm_()  /work/noaa/da/mpotts/sandbox/pgi_2019_openmpi_O_fix_profile_summary_at_scale/esmf/src/Superstructure/Component/src/ESMCI_FTable.C:981
14 0x0000000000c1bbdd esmf_compmod_esmf_compexecute_()  /work/noaa/da/mpotts/sandbox/pgi_2019_openmpi_O_fix_profile_summary_at_scale/esmf/src/Superstructure/Component/src/ESMF_Comp.F90:1223
15 0x0000000000c2de21 esmf_cplcompmod_esmf_cplcompinitialize_()  /work/noaa/da/mpotts/sandbox/pgi_2019_openmpi_O_fix_profile_summary_at_scale/esmf/src/Superstructure/Component/src/ESMF_CplComp.F90:1165
16 0x000000000125b784 nuopc_driver_loopconnectorcompss_()  /work/noaa/da/mpotts/sandbox/pgi_2019_openmpi_O_fix_profile_summary_at_scale/esmf/src/addon/NUOPC/src/NUOPC_Driver.F90:3023
17 0x0000000001252cd7 nuopc_driver_initializeipdv02p3_()  /work/noaa/da/mpotts/sandbox/pgi_2019_openmpi_O_fix_profile_summary_at_scale/esmf/src/addon/NUOPC/src/NUOPC_Driver.F90:2110
18 0x000000000124132a nuopc_driver_initializegeneric_()  /work/noaa/da/mpotts/sandbox/pgi_2019_openmpi_O_fix_profile_summary_at_scale/esmf/src/addon/NUOPC/src/NUOPC_Driver.F90:479
19 0x000000000065cc27 ESMCI::FTable::callVFuncPtr()  /work/noaa/da/mpotts/sandbox/pgi_2019_openmpi_O_fix_profile_summary_at_scale/esmf/src/Superstructure/Component/src/ESMCI_FTable.C:2167
20 0x000000000065ae2a ESMCI_FTableCallEntryPointVMHop()  /work/noaa/da/mpotts/sandbox/pgi_2019_openmpi_O_fix_profile_summary_at_scale/esmf/src/Superstructure/Component/src/ESMCI_FTable.C:824
[Orion-05-45:431967] [ 1] /work/noaa/da/mpotts/sandbox/pgi_2019_openmpi_O_fix_profile_summary_at_scale/esmf/DEFAULTINSTALLDIR/lib/libO/Linux.pgi.64.openmpi.default/libesmf.so(_ZN5ESMCI6LogErr13MsgFoundErrorEiPKciS2_S2_Pi+0x33)[0x7f08a58b3623]
[Orion-05-45:431967] [ 2] /work/noaa/da/mpotts/sandbox/pgi_2019_openmpi_O_fix_profile_summary_at_scale/esmf/DEFAULTINSTALLDIR/lib/libO/Linux.pgi.64.openmpi.default/libesmf.so(c_esmc_meshcreatenodedistgrid_+0xa1)[0x7f08a5a0b921]
[Orion-05-45:431967] [ 3] /work/noaa/da/mpotts/sandbox/pgi_2019_openmpi_O_fix_profile_summary_at_scale/esmf/DEFAULTINSTALLDIR/lib/libO/Linux.pgi.64.openmpi.default/libesmf.so(esmf_meshmod_esmf_meshcreatefrompointer_+0x4c)[0x7f08a612384c]
[Orion-05-45:431967] [ 4] /work/noaa/da/mpotts/sandbox/pgi_2019_openmpi_O_fix_profile_summary_at_scale/esmf/DEFAULTINSTALLDIR/lib/libO/Linux.pgi.64.openmpi.default/libesmf.so(esmf_gridutilmod_esmf_gridtomesh_+0x352)[0x7f08a60049c2]
21 0x0000000000a480f8 ESMCI::VM::enter()  /work/noaa/da/mpotts/sandbox/pgi_2019_openmpi_O_fix_profile_summary_at_scale/esmf/src/Infrastructure/VM/src/ESMCI_VM.C:1216
22 0x000000000065b207 c_esmc_ftablecallentrypointvm_()  /work/noaa/da/mpotts/sandbox/pgi_2019_openmpi_O_fix_profile_summary_at_scale/esmf/src/Superstructure/Component/src/ESMCI_FTable.C:981
23 0x0000000000c1bbdd esmf_compmod_esmf_compexecute_()  /work/noaa/da/mpotts/sandbox/pgi_2019_openmpi_O_fix_profile_summary_at_scale/esmf/src/Superstructure/Component/src/ESMF_Comp.F90:1223
24 0x0000000000df4c01 esmf_gridcompmod_esmf_gridcompinitialize_()  /work/noaa/da/mpotts/sandbox/pgi_2019_openmpi_O_fix_profile_summary_at_scale/esmf/src/Superstructure/Component/src/ESMF_GridComp.F90:1412
25 0x00000000004065fd MAIN_()  /work/noaa/da/mpotts/sandbox/pgi_2019_openmpi_O_fix_profile_summary_at_scale/nuopc-app-prototypes/AtmOcnMedPetListTimescalesSplitFastProto/esmApp.F90:58
26 0x0000000000406273 main()  ???:0
27 0x0000000000022495 __libc_start_main()  ???:0
28 0x0000000000406179 _start()  ???:0
=================================
[Orion-05-45:431969] *** Process received signal ***
[Orion-05-45:431969] Signal: Segmentation fault (11)
[Orion-05-45:431969] Signal code:  (-6)
[Orion-05-45:431969] Failing at address: 0x20e500069761
[Orion-05-45:431969] [ 0] /lib64/libpthread.so.0(+0xf5d0)[0x7f1476a935d0]
[Orion-05-45:431969] [ 1] /work/noaa/da/mpotts/sandbox/pgi_2019_openmpi_O_fix_profile_summary_at_scale/esmf/DEFAULTINSTALLDIR/lib/libO/Linux.pgi.64.openmpi.default/libesmf.so(_ZN5ESMCI6LogErr13MsgFoundErrorEiPKciS2_S2_Pi+0x33)[0x7f1475229623]
[Orion-05-45:431969] [ 2] /work/noaa/da/mpotts/sandbox/pgi_2019_openmpi_O_fix_profile_summary_at_scale/esmf/DEFAULTINSTALLDIR/lib/libO/Linux.pgi.64.openmpi.default/libesmf.so(c_esmc_meshcreatenodedistgrid_+0xa1)[0x7f1475381921]
[Orion-05-45:431967] [ 5] /work/noaa/da/mpotts/sandbox/pgi_2019_openmpi_O_fix_profile_summary_at_scale/esmf/DEFAULTINSTALLDIR/lib/libO/Linux.pgi.64.openmpi.default/libesmf.so(esmf_fieldregridmod_b_or_p_gridtomesh_+0x156)[0x7f08a5f28a06]
[Orion-05-45:431967] [ 6] /work/noaa/da/mpotts/sandbox/pgi_2019_openmpi_O_fix_profile_summary_at_scale/esmf/DEFAULTINSTALLDIR/lib/libO/Linux.pgi.64.openmpi.default/libesmf.so(esmf_fieldregridmod_getmeshwithnodesonfieldloc_+0x394)[0x7f08a5f25ec4]
[Orion-05-45:431969] [ 3] /work/noaa/da/mpotts/sandbox/pgi_2019_openmpi_O_fix_profile_summary_at_scale/esmf/DEFAULTINSTALLDIR/lib/libO/Linux.pgi.64.openmpi.default/libesmf.so(esmf_meshmod_esmf_meshcreatefrompointer_+0x4c)[0x7f1475a9984c]
[Orion-05-45:431969] [ 4] /work/noaa/da/mpotts/sandbox/pgi_2019_openmpi_O_fix_profile_summary_at_scale/esmf/DEFAULTINSTALLDIR/lib/libO/Linux.pgi.64.openmpi.default/libesmf.so(esmf_gridutilmod_esmf_gridtomesh_+0x352)[0x7f147597a9c2]
[Orion-05-45:431967] [ 7] /work/noaa/da/mpotts/sandbox/pgi_2019_openmpi_O_fix_profile_summary_at_scale/esmf/DEFAULTINSTALLDIR/lib/libO/Linux.pgi.64.openmpi.default/libesmf.so(esmf_fieldregridmod_esmf_fieldregridstorenx_+0x9cf)[0x7f08a5f243ff]
[Orion-05-45:431969] [ 5] /work/noaa/da/mpotts/sandbox/pgi_2019_openmpi_O_fix_profile_summary_at_scale/esmf/DEFAULTINSTALLDIR/lib/libO/Linux.pgi.64.openmpi.default/libesmf.so(esmf_fieldregridmod_b_or_p_gridtomesh_+0x156)[0x7f147589ea06]
[Orion-05-45:431967] [ 8] /work/noaa/da/mpotts/sandbox/pgi_2019_openmpi_O_fix_profile_summary_at_scale/esmf/DEFAULTINSTALLDIR/lib/libO/Linux.pgi.64.openmpi.default/libesmf.so(esmf_fieldbundlemod_esmf_fieldbundleregridstorepair_+0x3a1a)[0x7f08a5dff79a]
[Orion-05-45:431969] [ 6] /work/noaa/da/mpotts/sandbox/pgi_2019_openmpi_O_fix_profile_summary_at_scale/esmf/DEFAULTINSTALLDIR/lib/libO/Linux.pgi.64.openmpi.default/libesmf.so(esmf_fieldregridmod_getmeshwithnodesonfieldloc_+0x394)[0x7f147589bec4]
[Orion-05-45:431967] [ 9] /work/noaa/da/mpotts/sandbox/pgi_2019_openmpi_O_fix_profile_summary_at_scale/esmf/DEFAULTINSTALLDIR/lib/libO/Linux.pgi.64.openmpi.default/libesmf.so(nuopc_connector_fieldbundlecplstore_+0x90d2)[0x7f08a63b1b62]
[Orion-05-45:431969] [ 7] /work/noaa/da/mpotts/sandbox/pgi_2019_openmpi_O_fix_profile_summary_at_scale/esmf/DEFAULTINSTALLDIR/lib/libO/Linux.pgi.64.openmpi.default/libesmf.so(esmf_fieldregridmod_esmf_fieldregridstorenx_+0x9cf)[0x7f147589a3ff]
[Orion-05-45:431967] [10] /work/noaa/da/mpotts/sandbox/pgi_2019_openmpi_O_fix_profile_summary_at_scale/esmf/DEFAULTINSTALLDIR/lib/libO/Linux.pgi.64.openmpi.default/libesmf.so(nuopc_connector_initializeipdv05p6b_+0x4f76)[0x7f08a639bb76]
[Orion-05-45:431969] [ 8] /work/noaa/da/mpotts/sandbox/pgi_2019_openmpi_O_fix_profile_summary_at_scale/esmf/DEFAULTINSTALLDIR/lib/libO/Linux.pgi.64.openmpi.default/libesmf.so(esmf_fieldbundlemod_esmf_fieldbundleregridstorepair_+0x3a1a)[0x7f147577579a]
[Orion-05-45:431967] [11] /work/noaa/da/mpotts/sandbox/pgi_2019_openmpi_O_fix_profile_summary_at_scale/esmf/DEFAULTINSTALLDIR/lib/libO/Linux.pgi.64.openmpi.default/libesmf.so(_ZN5ESMCI6FTable12callVFuncPtrEPKcPNS_2VMEPi+0x417)[0x7f08a57d2c27]
[Orion-05-45:431967] [12] /work/noaa/da/mpotts/sandbox/pgi_2019_openmpi_O_fix_profile_summary_at_scale/esmf/DEFAULTINSTALLDIR/lib/libO/Linux.pgi.64.openmpi.default/libesmf.so(ESMCI_FTableCallEntryPointVMHop+0x1ea)[0x7f08a57d0e2a]
[Orion-05-45:431969] [ 9] /work/noaa/da/mpotts/sandbox/pgi_2019_openmpi_O_fix_profile_summary_at_scale/esmf/DEFAULTINSTALLDIR/lib/libO/Linux.pgi.64.openmpi.default/libesmf.so(nuopc_connector_fieldbundlecplstore_+0x90d2)[0x7f1475d27b62]
[Orion-05-45:431969] [10] /work/noaa/da/mpotts/sandbox/pgi_2019_openmpi_O_fix_profile_summary_at_scale/esmf/DEFAULTINSTALLDIR/lib/libO/Linux.pgi.64.openmpi.default/libesmf.so(nuopc_connector_initializeipdv05p6b_+0x4f76)[0x7f1475d11b76]
[Orion-05-45:431967] [13] /work/noaa/da/mpotts/sandbox/pgi_2019_openmpi_O_fix_profile_summary_at_scale/esmf/DEFAULTINSTALLDIR/lib/libO/Linux.pgi.64.openmpi.default/libesmf.so(_ZN5ESMCI2VM5enterEPNS_6VMPlanEPvS3_+0x18)[0x7f08a5bbe0f8]
[Orion-05-45:431969] [11] /work/noaa/da/mpotts/sandbox/pgi_2019_openmpi_O_fix_profile_summary_at_scale/esmf/DEFAULTINSTALLDIR/lib/libO/Linux.pgi.64.openmpi.default/libesmf.so(_ZN5ESMCI6FTable12callVFuncPtrEPKcPNS_2VMEPi+0x417)[0x7f1475148c27]
[Orion-05-45:431967] [14] /work/noaa/da/mpotts/sandbox/pgi_2019_openmpi_O_fix_profile_summary_at_scale/esmf/DEFAULTINSTALLDIR/lib/libO/Linux.pgi.64.openmpi.default/libesmf.so(c_esmc_ftablecallentrypointvm_+0x337)[0x7f08a57d1207]
[Orion-05-45:431969] [12] /work/noaa/da/mpotts/sandbox/pgi_2019_openmpi_O_fix_profile_summary_at_scale/esmf/DEFAULTINSTALLDIR/lib/libO/Linux.pgi.64.openmpi.default/libesmf.so(ESMCI_FTableCallEntryPointVMHop+0x1ea)[0x7f1475146e2a]
[Orion-05-45:431967] [15] /work/noaa/da/mpotts/sandbox/pgi_2019_openmpi_O_fix_profile_summary_at_scale/esmf/DEFAULTINSTALLDIR/lib/libO/Linux.pgi.64.openmpi.default/libesmf.so(esmf_compmod_esmf_compexecute_+0x7ed)[0x7f08a5d91bdd]
[Orion-05-45:431969] [13] /work/noaa/da/mpotts/sandbox/pgi_2019_openmpi_O_fix_profile_summary_at_scale/esmf/DEFAULTINSTALLDIR/lib/libO/Linux.pgi.64.openmpi.default/libesmf.so(_ZN5ESMCI2VM5enterEPNS_6VMPlanEPvS3_+0x18)[0x7f14755340f8]
[Orion-05-45:431969] [14] /work/noaa/da/mpotts/sandbox/pgi_2019_openmpi_O_fix_profile_summary_at_scale/esmf/DEFAULTINSTALLDIR/lib/libO/Linux.pgi.64.openmpi.default/libesmf.so(c_esmc_ftablecallentrypointvm_+0x337)[0x7f1475147207]
[Orion-05-45:431967] [16] /work/noaa/da/mpotts/sandbox/pgi_2019_openmpi_O_fix_profile_summary_at_scale/esmf/DEFAULTINSTALLDIR/lib/libO/Linux.pgi.64.openmpi.default/libesmf.so(esmf_cplcompmod_esmf_cplcompinitialize_+0x161)[0x7f08a5da3e21]
[Orion-05-45:431967] [17] /work/noaa/da/mpotts/sandbox/pgi_2019_openmpi_O_fix_profile_summary_at_scale/esmf/DEFAULTINSTALLDIR/lib/libO/Linux.pgi.64.openmpi.default/libesmf.so(nuopc_driver_loopconnectorcompss_+0xeb4)[0x7f08a63d1784]
[Orion-05-45:431969] [15] /work/noaa/da/mpotts/sandbox/pgi_2019_openmpi_O_fix_profile_summary_at_scale/esmf/DEFAULTINSTALLDIR/lib/libO/Linux.pgi.64.openmpi.default/libesmf.so(esmf_compmod_esmf_compexecute_+0x7ed)[0x7f1475707bdd]
[Orion-05-45:431967] [18] /work/noaa/da/mpotts/sandbox/pgi_2019_openmpi_O_fix_profile_summary_at_scale/esmf/DEFAULTINSTALLDIR/lib/libO/Linux.pgi.64.openmpi.default/libesmf.so(nuopc_driver_initializeipdv02p3_+0x2f77)[0x7f08a63c8cd7]
[Orion-05-45:431969] [16] /work/noaa/da/mpotts/sandbox/pgi_2019_openmpi_O_fix_profile_summary_at_scale/esmf/DEFAULTINSTALLDIR/lib/libO/Linux.pgi.64.openmpi.default/libesmf.so(esmf_cplcompmod_esmf_cplcompinitialize_+0x161)[0x7f1475719e21]
[Orion-05-45:431967] [19] /work/noaa/da/mpotts/sandbox/pgi_2019_openmpi_O_fix_profile_summary_at_scale/esmf/DEFAULTINSTALLDIR/lib/libO/Linux.pgi.64.openmpi.default/libesmf.so(nuopc_driver_initializegeneric_+0x62a)[0x7f08a63b732a]
[Orion-05-45:431967] [20] /work/noaa/da/mpotts/sandbox/pgi_2019_openmpi_O_fix_profile_summary_at_scale/esmf/DEFAULTINSTALLDIR/lib/libO/Linux.pgi.64.openmpi.default/libesmf.so(_ZN5ESMCI6FTable12callVFuncPtrEPKcPNS_2VMEPi+0x417)[0x7f08a57d2c27]
[Orion-05-45:431969] [17] /work/noaa/da/mpotts/sandbox/pgi_2019_openmpi_O_fix_profile_summary_at_scale/esmf/DEFAULTINSTALLDIR/lib/libO/Linux.pgi.64.openmpi.default/libesmf.so(nuopc_driver_loopconnectorcompss_+0xeb4)[0x7f1475d47784]
[Orion-05-45:431967] [21] /work/noaa/da/mpotts/sandbox/pgi_2019_openmpi_O_fix_profile_summary_at_scale/esmf/DEFAULTINSTALLDIR/lib/libO/Linux.pgi.64.openmpi.default/libesmf.so(ESMCI_FTableCallEntryPointVMHop+0x1ea)[0x7f08a57d0e2a]
[Orion-05-45:431969] [18] /work/noaa/da/mpotts/sandbox/pgi_2019_openmpi_O_fix_profile_summary_at_scale/esmf/DEFAULTINSTALLDIR/lib/libO/Linux.pgi.64.openmpi.default/libesmf.so(nuopc_driver_initializeipdv02p3_+0x2f77)[0x7f1475d3ecd7]
[Orion-05-45:431969] [19] /work/noaa/da/mpotts/sandbox/pgi_2019_openmpi_O_fix_profile_summary_at_scale/esmf/DEFAULTINSTALLDIR/lib/libO/Linux.pgi.64.openmpi.default/libesmf.so(nuopc_driver_initializegeneric_+0x62a)[0x7f1475d2d32a]
[Orion-05-45:431967] [22] /work/noaa/da/mpotts/sandbox/pgi_2019_openmpi_O_fix_profile_summary_at_scale/esmf/DEFAULTINSTALLDIR/lib/libO/Linux.pgi.64.openmpi.default/libesmf.so(_ZN5ESMCI2VM5enterEPNS_6VMPlanEPvS3_+0x18)[0x7f08a5bbe0f8]
[Orion-05-45:431969] [20] /work/noaa/da/mpotts/sandbox/pgi_2019_openmpi_O_fix_profile_summary_at_scale/esmf/DEFAULTINSTALLDIR/lib/libO/Linux.pgi.64.openmpi.default/libesmf.so(_ZN5ESMCI6FTable12callVFuncPtrEPKcPNS_2VMEPi+0x417)[0x7f1475148c27]
[Orion-05-45:431967] [23] /work/noaa/da/mpotts/sandbox/pgi_2019_openmpi_O_fix_profile_summary_at_scale/esmf/DEFAULTINSTALLDIR/lib/libO/Linux.pgi.64.openmpi.default/libesmf.so(c_esmc_ftablecallentrypointvm_+0x337)[0x7f08a57d1207]
[Orion-05-45:431969] [21] /work/noaa/da/mpotts/sandbox/pgi_2019_openmpi_O_fix_profile_summary_at_scale/esmf/DEFAULTINSTALLDIR/lib/libO/Linux.pgi.64.openmpi.default/libesmf.so(ESMCI_FTableCallEntryPointVMHop+0x1ea)[0x7f1475146e2a]
[Orion-05-45:431967] [24] /work/noaa/da/mpotts/sandbox/pgi_2019_openmpi_O_fix_profile_summary_at_scale/esmf/DEFAULTINSTALLDIR/lib/libO/Linux.pgi.64.openmpi.default/libesmf.so(esmf_compmod_esmf_compexecute_+0x7ed)[0x7f08a5d91bdd]
[Orion-05-45:431969] [22] /work/noaa/da/mpotts/sandbox/pgi_2019_openmpi_O_fix_profile_summary_at_scale/esmf/DEFAULTINSTALLDIR/lib/libO/Linux.pgi.64.openmpi.default/libesmf.so(_ZN5ESMCI2VM5enterEPNS_6VMPlanEPvS3_+0x18)[0x7f14755340f8]
[Orion-05-45:431967] [25] /work/noaa/da/mpotts/sandbox/pgi_2019_openmpi_O_fix_profile_summary_at_scale/esmf/DEFAULTINSTALLDIR/lib/libO/Linux.pgi.64.openmpi.default/libesmf.so(esmf_gridcompmod_esmf_gridcompinitialize_+0x161)[0x7f08a5f6ac01]
[Orion-05-45:431967] [26] /work/noaa/da/mpotts/sandbox/pgi_2019_openmpi_O_fix_profile_summary_at_scale/nuopc-app-prototypes/AtmOcnMedPetListTimescalesSplitFastProto/./esmApp[0x4065fd]
[Orion-05-45:431967] [27] /work/noaa/da/mpotts/sandbox/pgi_2019_openmpi_O_fix_profile_summary_at_scale/nuopc-app-prototypes/AtmOcnMedPetListTimescalesSplitFastProto/./esmApp[0x406273]
[Orion-05-45:431969] [23] /work/noaa/da/mpotts/sandbox/pgi_2019_openmpi_O_fix_profile_summary_at_scale/esmf/DEFAULTINSTALLDIR/lib/libO/Linux.pgi.64.openmpi.default/libesmf.so(c_esmc_ftablecallentrypointvm_+0x337)[0x7f1475147207]
[Orion-05-45:431967] [28] /lib64/libc.so.6(__libc_start_main+0xf5)[0x7f08a15c3495]
[Orion-05-45:431967] [29] /work/noaa/da/mpotts/sandbox/pgi_2019_openmpi_O_fix_profile_summary_at_scale/nuopc-app-prototypes/AtmOcnMedPetListTimescalesSplitFastProto/./esmApp[0x406179]
[Orion-05-45:431967] *** End of error message ***
[Orion-05-45:431969] [24] /work/noaa/da/mpotts/sandbox/pgi_2019_openmpi_O_fix_profile_summary_at_scale/esmf/DEFAULTINSTALLDIR/lib/libO/Linux.pgi.64.openmpi.default/libesmf.so(esmf_compmod_esmf_compexecute_+0x7ed)[0x7f1475707bdd]
[Orion-05-45:431969] [25] /work/noaa/da/mpotts/sandbox/pgi_2019_openmpi_O_fix_profile_summary_at_scale/esmf/DEFAULTINSTALLDIR/lib/libO/Linux.pgi.64.openmpi.default/libesmf.so(esmf_gridcompmod_esmf_gridcompinitialize_+0x161)[0x7f14758e0c01]
[Orion-05-45:431969] [26] /work/noaa/da/mpotts/sandbox/pgi_2019_openmpi_O_fix_profile_summary_at_scale/nuopc-app-prototypes/AtmOcnMedPetListTimescalesSplitFastProto/./esmApp[0x4065fd]
[Orion-05-45:431969] [27] /work/noaa/da/mpotts/sandbox/pgi_2019_openmpi_O_fix_profile_summary_at_scale/nuopc-app-prototypes/AtmOcnMedPetListTimescalesSplitFastProto/./esmApp[0x406273]
[Orion-05-45:431969] [28] /lib64/libc.so.6(__libc_start_main+0xf5)[0x7f1470f39495]
[Orion-05-45:431969] [29] /work/noaa/da/mpotts/sandbox/pgi_2019_openmpi_O_fix_profile_summary_at_scale/nuopc-app-prototypes/AtmOcnMedPetListTimescalesSplitFastProto/./esmApp[0x406179]
[Orion-05-45:431969] *** End of error message ***
==== backtrace (tid: 431966) ====
 0 0x000000000073d623 ESMCI::LogErr::MsgFoundError()  /work/noaa/da/mpotts/sandbox/pgi_2019_openmpi_O_fix_profile_summary_at_scale/esmf/src/Infrastructure/LogErr/src/ESMCI_LogErr.C:586
 1 0x0000000000895921 c_esmc_meshcreatenodedistgrid_()  /work/noaa/da/mpotts/sandbox/pgi_2019_openmpi_O_fix_profile_summary_at_scale/esmf/src/Infrastructure/Mesh/interface/ESMCI_Mesh_F.C:248
 2 0x0000000000fad84c esmf_meshmod_esmf_meshcreatefrompointer_()  /work/noaa/da/mpotts/sandbox/pgi_2019_openmpi_O_fix_profile_summary_at_scale/esmf/src/Infrastructure/Mesh/interface/ESMF_Mesh.F90:3091
 3 0x0000000000e8e9c2 esmf_gridutilmod_esmf_gridtomesh_()  /work/noaa/da/mpotts/sandbox/pgi_2019_openmpi_O_fix_profile_summary_at_scale/esmf/src/Infrastructure/GridUtil/interface/ESMF_GridUtil.F90:453
 4 0x0000000000db2a06 esmf_fieldregridmod_b_or_p_gridtomesh_()  /work/noaa/da/mpotts/sandbox/pgi_2019_openmpi_O_fix_profile_summary_at_scale/esmf/src/Infrastructure/Field/src/ESMF_FieldRegrid.F90:3228
 5 0x0000000000dafec4 esmf_fieldregridmod_getmeshwithnodesonfieldloc_()  /work/noaa/da/mpotts/sandbox/pgi_2019_openmpi_O_fix_profile_summary_at_scale/esmf/src/Infrastructure/Field/src/ESMF_FieldRegrid.F90:1346
 6 0x0000000000dae3ff esmf_fieldregridmod_esmf_fieldregridstorenx_()  /work/noaa/da/mpotts/sandbox/pgi_2019_openmpi_O_fix_profile_summary_at_scale/esmf/src/Infrastructure/Field/src/ESMF_FieldRegrid.F90:971
 7 0x0000000000c8979a esmf_fieldbundlemod_esmf_fieldbundleregridstorepair_()  /work/noaa/da/mpotts/sandbox/pgi_2019_openmpi_O_fix_profile_summary_at_scale/esmf/src/Infrastructure/FieldBundle/src/ESMF_FieldBundle.F90:16211
 8 0x000000000123bb62 nuopc_connector_fieldbundlecplstore_()  /work/noaa/da/mpotts/sandbox/pgi_2019_openmpi_O_fix_profile_summary_at_scale/esmf/src/addon/NUOPC/src/NUOPC_Connector.F90:7714
 9 0x0000000001225b76 nuopc_connector_initializeipdv05p6b_()  /work/noaa/da/mpotts/sandbox/pgi_2019_openmpi_O_fix_profile_summary_at_scale/esmf/src/addon/NUOPC/src/NUOPC_Connector.F90:5386
10 0x000000000065cc27 ESMCI::FTable::callVFuncPtr()  /work/noaa/da/mpotts/sandbox/pgi_2019_openmpi_O_fix_profile_summary_at_scale/esmf/src/Superstructure/Component/src/ESMCI_FTable.C:2167
11 0x000000000065ae2a ESMCI_FTableCallEntryPointVMHop()  /work/noaa/da/mpotts/sandbox/pgi_2019_openmpi_O_fix_profile_summary_at_scale/esmf/src/Superstructure/Component/src/ESMCI_FTable.C:824
12 0x0000000000a480f8 ESMCI::VM::enter()  /work/noaa/da/mpotts/sandbox/pgi_2019_openmpi_O_fix_profile_summary_at_scale/esmf/src/Infrastructure/VM/src/ESMCI_VM.C:1216
13 0x000000000065b207 c_esmc_ftablecallentrypointvm_()  /work/noaa/da/mpotts/sandbox/pgi_2019_openmpi_O_fix_profile_summary_at_scale/esmf/src/Superstructure/Component/src/ESMCI_FTable.C:981
14 0x0000000000c1bbdd esmf_compmod_esmf_compexecute_()  /work/noaa/da/mpotts/sandbox/pgi_2019_openmpi_O_fix_profile_summary_at_scale/esmf/src/Superstructure/Component/src/ESMF_Comp.F90:1223
15 0x0000000000c2de21 esmf_cplcompmod_esmf_cplcompinitialize_()  /work/noaa/da/mpotts/sandbox/pgi_2019_openmpi_O_fix_profile_summary_at_scale/esmf/src/Superstructure/Component/src/ESMF_CplComp.F90:1165
16 0x000000000125b784 nuopc_driver_loopconnectorcompss_()  /work/noaa/da/mpotts/sandbox/pgi_2019_openmpi_O_fix_profile_summary_at_scale/esmf/src/addon/NUOPC/src/NUOPC_Driver.F90:3023
17 0x0000000001252cd7 nuopc_driver_initializeipdv02p3_()  /work/noaa/da/mpotts/sandbox/pgi_2019_openmpi_O_fix_profile_summary_at_scale/esmf/src/addon/NUOPC/src/NUOPC_Driver.F90:2110
18 0x000000000124132a nuopc_driver_initializegeneric_()  /work/noaa/da/mpotts/sandbox/pgi_2019_openmpi_O_fix_profile_summary_at_scale/esmf/src/addon/NUOPC/src/NUOPC_Driver.F90:479
19 0x000000000065cc27 ESMCI::FTable::callVFuncPtr()  /work/noaa/da/mpotts/sandbox/pgi_2019_openmpi_O_fix_profile_summary_at_scale/esmf/src/Superstructure/Component/src/ESMCI_FTable.C:2167
20 0x000000000065ae2a ESMCI_FTableCallEntryPointVMHop()  /work/noaa/da/mpotts/sandbox/pgi_2019_openmpi_O_fix_profile_summary_at_scale/esmf/src/Superstructure/Component/src/ESMCI_FTable.C:824
21 0x0000000000a480f8 ESMCI::VM::enter()  /work/noaa/da/mpotts/sandbox/pgi_2019_openmpi_O_fix_profile_summary_at_scale/esmf/src/Infrastructure/VM/src/ESMCI_VM.C:1216
22 0x000000000065b207 c_esmc_ftablecallentrypointvm_()  /work/noaa/da/mpotts/sandbox/pgi_2019_openmpi_O_fix_profile_summary_at_scale/esmf/src/Superstructure/Component/src/ESMCI_FTable.C:981
23 0x0000000000c1bbdd esmf_compmod_esmf_compexecute_()  /work/noaa/da/mpotts/sandbox/pgi_2019_openmpi_O_fix_profile_summary_at_scale/esmf/src/Superstructure/Component/src/ESMF_Comp.F90:1223
24 0x0000000000df4c01 esmf_gridcompmod_esmf_gridcompinitialize_()  /work/noaa/da/mpotts/sandbox/pgi_2019_openmpi_O_fix_profile_summary_at_scale/esmf/src/Superstructure/Component/src/ESMF_GridComp.F90:1412
25 0x00000000004065fd MAIN_()  /work/noaa/da/mpotts/sandbox/pgi_2019_openmpi_O_fix_profile_summary_at_scale/nuopc-app-prototypes/AtmOcnMedPetListTimescalesSplitFastProto/esmApp.F90:58
26 0x0000000000406273 main()  ???:0
27 0x0000000000022495 __libc_start_main()  ???:0
28 0x0000000000406179 _start()  ???:0
=================================
[Orion-05-45:431966] *** Process received signal ***
[Orion-05-45:431966] Signal: Segmentation fault (11)
[Orion-05-45:431966] Signal code:  (-6)
[Orion-05-45:431966] Failing at address: 0x20e50006975e
[Orion-05-45:431966] [ 0] /lib64/libpthread.so.0(+0xf5d0)[0x7fbc5de7f5d0]
[Orion-05-45:431966] [ 1] /work/noaa/da/mpotts/sandbox/pgi_2019_openmpi_O_fix_profile_summary_at_scale/esmf/DEFAULTINSTALLDIR/lib/libO/Linux.pgi.64.openmpi.default/libesmf.so(_ZN5ESMCI6LogErr13MsgFoundErrorEiPKciS2_S2_Pi+0x33)[0x7fbc5c615623]
[Orion-05-45:431966] [ 2] /work/noaa/da/mpotts/sandbox/pgi_2019_openmpi_O_fix_profile_summary_at_scale/esmf/DEFAULTINSTALLDIR/lib/libO/Linux.pgi.64.openmpi.default/libesmf.so(c_esmc_meshcreatenodedistgrid_+0xa1)[0x7fbc5c76d921]
[Orion-05-45:431966] [ 3] /work/noaa/da/mpotts/sandbox/pgi_2019_openmpi_O_fix_profile_summary_at_scale/esmf/DEFAULTINSTALLDIR/lib/libO/Linux.pgi.64.openmpi.default/libesmf.so(esmf_meshmod_esmf_meshcreatefrompointer_+0x4c)[0x7fbc5ce8584c]
[Orion-05-45:431966] [ 4] /work/noaa/da/mpotts/sandbox/pgi_2019_openmpi_O_fix_profile_summary_at_scale/esmf/DEFAULTINSTALLDIR/lib/libO/Linux.pgi.64.openmpi.default/libesmf.so(esmf_gridutilmod_esmf_gridtomesh_+0x352)[0x7fbc5cd669c2]
[Orion-05-45:431966] [ 5] /work/noaa/da/mpotts/sandbox/pgi_2019_openmpi_O_fix_profile_summary_at_scale/esmf/DEFAULTINSTALLDIR/lib/libO/Linux.pgi.64.openmpi.default/libesmf.so(esmf_fieldregridmod_b_or_p_gridtomesh_+0x156)[0x7fbc5cc8aa06]
[Orion-05-45:431966] [ 6] /work/noaa/da/mpotts/sandbox/pgi_2019_openmpi_O_fix_profile_summary_at_scale/esmf/DEFAULTINSTALLDIR/lib/libO/Linux.pgi.64.openmpi.default/libesmf.so(esmf_fieldregridmod_getmeshwithnodesonfieldloc_+0x394)[0x7fbc5cc87ec4]
[Orion-05-45:431966] [ 7] /work/noaa/da/mpotts/sandbox/pgi_2019_openmpi_O_fix_profile_summary_at_scale/esmf/DEFAULTINSTALLDIR/lib/libO/Linux.pgi.64.openmpi.default/libesmf.so(esmf_fieldregridmod_esmf_fieldregridstorenx_+0x9cf)[0x7fbc5cc863ff]
[Orion-05-45:431966] [ 8] /work/noaa/da/mpotts/sandbox/pgi_2019_openmpi_O_fix_profile_summary_at_scale/esmf/DEFAULTINSTALLDIR/lib/libO/Linux.pgi.64.openmpi.default/libesmf.so(esmf_fieldbundlemod_esmf_fieldbundleregridstorepair_+0x3a1a)[0x7fbc5cb6179a]
[Orion-05-45:431966] [ 9] /work/noaa/da/mpotts/sandbox/pgi_2019_openmpi_O_fix_profile_summary_at_scale/esmf/DEFAULTINSTALLDIR/lib/libO/Linux.pgi.64.openmpi.default/libesmf.so(nuopc_connector_fieldbundlecplstore_+0x90d2)[0x7fbc5d113b62]
[Orion-05-45:431966] [10] /work/noaa/da/mpotts/sandbox/pgi_2019_openmpi_O_fix_profile_summary_at_scale/esmf/DEFAULTINSTALLDIR/lib/libO/Linux.pgi.64.openmpi.default/libesmf.so(nuopc_connector_initializeipdv05p6b_+0x4f76)[0x7fbc5d0fdb76]
[Orion-05-45:431966] [11] /work/noaa/da/mpotts/sandbox/pgi_2019_openmpi_O_fix_profile_summary_at_scale/esmf/DEFAULTINSTALLDIR/lib/libO/Linux.pgi.64.openmpi.default/libesmf.so(_ZN5ESMCI6FTable12callVFuncPtrEPKcPNS_2VMEPi+0x417)[0x7fbc5c534c27]
[Orion-05-45:431966] [12] /work/noaa/da/mpotts/sandbox/pgi_2019_openmpi_O_fix_profile_summary_at_scale/esmf/DEFAULTINSTALLDIR/lib/libO/Linux.pgi.64.openmpi.default/libesmf.so(ESMCI_FTableCallEntryPointVMHop+0x1ea)[0x7fbc5c532e2a]
[Orion-05-45:431966] [13] /work/noaa/da/mpotts/sandbox/pgi_2019_openmpi_O_fix_profile_summary_at_scale/esmf/DEFAULTINSTALLDIR/lib/libO/Linux.pgi.64.openmpi.default/libesmf.so(_ZN5ESMCI2VM5enterEPNS_6VMPlanEPvS3_+0x18)[0x7fbc5c9200f8]
[Orion-05-45:431966] [14] /work/noaa/da/mpotts/sandbox/pgi_2019_openmpi_O_fix_profile_summary_at_scale/esmf/DEFAULTINSTALLDIR/lib/libO/Linux.pgi.64.openmpi.default/libesmf.so(c_esmc_ftablecallentrypointvm_+0x337)[0x7fbc5c533207]
[Orion-05-45:431966] [15] /work/noaa/da/mpotts/sandbox/pgi_2019_openmpi_O_fix_profile_summary_at_scale/esmf/DEFAULTINSTALLDIR/lib/libO/Linux.pgi.64.openmpi.default/libesmf.so(esmf_compmod_esmf_compexecute_+0x7ed)[0x7fbc5caf3bdd]
[Orion-05-45:431966] [16] /work/noaa/da/mpotts/sandbox/pgi_2019_openmpi_O_fix_profile_summary_at_scale/esmf/DEFAULTINSTALLDIR/lib/libO/Linux.pgi.64.openmpi.default/libesmf.so(esmf_cplcompmod_esmf_cplcompinitialize_+0x161)[0x7fbc5cb05e21]
[Orion-05-45:431966] [17] /work/noaa/da/mpotts/sandbox/pgi_2019_openmpi_O_fix_profile_summary_at_scale/esmf/DEFAULTINSTALLDIR/lib/libO/Linux.pgi.64.openmpi.default/libesmf.so(nuopc_driver_loopconnectorcompss_+0xeb4)[0x7fbc5d133784]
[Orion-05-45:431966] [18] /work/noaa/da/mpotts/sandbox/pgi_2019_openmpi_O_fix_profile_summary_at_scale/esmf/DEFAULTINSTALLDIR/lib/libO/Linux.pgi.64.openmpi.default/libesmf.so(nuopc_driver_initializeipdv02p3_+0x2f77)[0x7fbc5d12acd7]
[Orion-05-45:431966] [19] /work/noaa/da/mpotts/sandbox/pgi_2019_openmpi_O_fix_profile_summary_at_scale/esmf/DEFAULTINSTALLDIR/lib/libO/Linux.pgi.64.openmpi.default/libesmf.so(nuopc_driver_initializegeneric_+0x62a)[0x7fbc5d11932a]
[Orion-05-45:431966] [20] /work/noaa/da/mpotts/sandbox/pgi_2019_openmpi_O_fix_profile_summary_at_scale/esmf/DEFAULTINSTALLDIR/lib/libO/Linux.pgi.64.openmpi.default/libesmf.so(_ZN5ESMCI6FTable12callVFuncPtrEPKcPNS_2VMEPi+0x417)[0x7fbc5c534c27]
[Orion-05-45:431966] [21] /work/noaa/da/mpotts/sandbox/pgi_2019_openmpi_O_fix_profile_summary_at_scale/esmf/DEFAULTINSTALLDIR/lib/libO/Linux.pgi.64.openmpi.default/libesmf.so(ESMCI_FTableCallEntryPointVMHop+0x1ea)[0x7fbc5c532e2a]
[Orion-05-45:431966] [22] /work/noaa/da/mpotts/sandbox/pgi_2019_openmpi_O_fix_profile_summary_at_scale/esmf/DEFAULTINSTALLDIR/lib/libO/Linux.pgi.64.openmpi.default/libesmf.so(_ZN5ESMCI2VM5enterEPNS_6VMPlanEPvS3_+0x18)[0x7fbc5c9200f8]
[Orion-05-45:431966] [23] /work/noaa/da/mpotts/sandbox/pgi_2019_openmpi_O_fix_profile_summary_at_scale/esmf/DEFAULTINSTALLDIR/lib/libO/Linux.pgi.64.openmpi.default/libesmf.so(c_esmc_ftablecallentrypointvm_+0x337)[0x7fbc5c533207]
[Orion-05-45:431966] [24] /work/noaa/da/mpotts/sandbox/pgi_2019_openmpi_O_fix_profile_summary_at_scale/esmf/DEFAULTINSTALLDIR/lib/libO/Linux.pgi.64.openmpi.default/libesmf.so(esmf_compmod_esmf_compexecute_+0x7ed)[0x7fbc5caf3bdd]
[Orion-05-45:431966] [25] /work/noaa/da/mpotts/sandbox/pgi_2019_openmpi_O_fix_profile_summary_at_scale/esmf/DEFAULTINSTALLDIR/lib/libO/Linux.pgi.64.openmpi.default/libesmf.so(esmf_gridcompmod_esmf_gridcompinitialize_+0x161)[0x7fbc5ccccc01]
[Orion-05-45:431966] [26] /work/noaa/da/mpotts/sandbox/pgi_2019_openmpi_O_fix_profile_summary_at_scale/nuopc-app-prototypes/AtmOcnMedPetListTimescalesSplitFastProto/./esmApp[0x4065fd]
[Orion-05-45:431966] [27] /work/noaa/da/mpotts/sandbox/pgi_2019_openmpi_O_fix_profile_summary_at_scale/nuopc-app-prototypes/AtmOcnMedPetListTimescalesSplitFastProto/./esmApp[0x406273]
[Orion-05-45:431966] [28] /lib64/libc.so.6(__libc_start_main+0xf5)[0x7fbc58325495]
[Orion-05-45:431966] [29] /work/noaa/da/mpotts/sandbox/pgi_2019_openmpi_O_fix_profile_summary_at_scale/nuopc-app-prototypes/AtmOcnMedPetListTimescalesSplitFastProto/./esmApp[0x406179]
[Orion-05-45:431966] *** End of error message ***
srun: error: Orion-05-45: tasks 0-1,3: Segmentation fault
srun: launch/slurm: _step_signal: Terminating StepId=10484225.357
slurmstepd: error: *** STEP 10484225.357 ON Orion-05-45 CANCELLED AT 2023-05-15T05:46:14 ***
srun: error: Orion-05-45: task 2: Terminated
srun: Force Terminated StepId=10484225.357
