2023-05-15 04:18:22
 -- start FreeFormatPrint(attrFF) of read in attributes --------
  Verbosity = 4609
  Profiling = 4096
 ---- end FreeFormatPrint(attrFF) of read in attributes --------
 -- start FreeFormatPrint(attrFF) of egested attributes --------
 CompLabel = _uninitialized
 Diagnostic = 0
 FinalizePhaseMap = FinalizePhase1=1 ExternalFinalizeReset=2
 HierarchyProtocol = ConnectProvidedFields
 IPDvX = false
 InitializeDataComplete = false
 InitializeDataProgress = false
 InitializeDataResolution = true
 InitializePhaseMap = IPDv02p1=2 IPDv02p3=3 IPDv02p5=4 ExternalAdvertise=5 ExternalRealize=6 ExternalDataInitialize=7
 InternalFinalizePhaseMap
 InternalInitializePhaseMap = IPDv05p1=8 IPDv05p2=9 IPDv05p3=10 IPDv05p4=11 IPDv05p6=12 IPDv05p8=13
 InternalRunPhaseMap
 Kind = Driver
 0
 0
 Profiling = 4096
 RunPhaseMap = RunPhase1=1
 Verbosity = 4609
 ---- end FreeFormatPrint(attrFF) of egested attributes --------
 NUOPC_DriverPrint for PET:            0
   Model, Mediator, and Driver components, in the order
   that they were added to the Driver:
            1 :  ATM
            2 :  OCN
            3 :  LND
   Connector components, in the order
   that they were added to the Driver:
            1 :  ATM-TO-OCN
            2 :  OCN-TO-ATM
            3 :  ATM-TO-LND
            4 :  LND-TO-ATM
NUOPC_RunSequenceArrayPrint: element     1 out of      4
runSeq::
 runElementPrint:      1     2     1 F T
 runElementPrint:      2     1     1 F T
 runElementPrint:      1     3     1 F T
 runElementPrint:      3     1     1 F T
 runElementPrint:      1    -1     1 F T
 runElementPrint:     -2     0     0 F T
 runElementPrint:     -1    -1     0 F F
::
NUOPC_RunSequenceArrayPrint: element     2 out of      4
runSeq::
 runElementPrint:      2    -1     1 F T
 runElementPrint:     -3     0     0 F T
 runElementPrint:      3    -1     1 F T
 runElementPrint:     -2    -1     0 F F
::
NUOPC_RunSequenceArrayPrint: element     3 out of      4
runSeq::
 runElementPrint:     -4     0     0 F T
 runElementPrint:     -3    -1     0 F F
::
NUOPC_RunSequenceArrayPrint: element     4 out of      4
runSeq::
 runElementPrint:      3     1     1 T T
 runElementPrint:     -4    -1     0 T F
::
[Orion-05-45:431337:0:431337] Caught signal 11 (Segmentation fault: address not mapped to object at address 0x4f1b591)
 -- start FreeFormatPrint(attrFF) of read in attributes --------
  Verbosity = 4609
  Profiling = 4096
 ---- end FreeFormatPrint(attrFF) of read in attributes --------
 -- start FreeFormatPrint(attrFF) of egested attributes --------
 CompLabel = _uninitialized
 Diagnostic = 0
 FinalizePhaseMap = FinalizePhase1=1 ExternalFinalizeReset=2
 HierarchyProtocol = ConnectProvidedFields
 IPDvX = false
 InitializeDataComplete = false
 InitializeDataProgress = false
 InitializeDataResolution = true
 InitializePhaseMap = IPDv02p1=2 IPDv02p3=3 IPDv02p5=4 ExternalAdvertise=5 ExternalRealize=6 ExternalDataInitialize=7
 InternalFinalizePhaseMap
 InternalInitializePhaseMap = IPDv05p1=8 IPDv05p2=9 IPDv05p3=10 IPDv05p4=11 IPDv05p6=12 IPDv05p8=13
 InternalRunPhaseMap
 Kind = Driver
 0
 0
 Profiling = 4096
 RunPhaseMap = RunPhase1=1
 Verbosity = 4609
 ---- end FreeFormatPrint(attrFF) of egested attributes --------
 NUOPC_DriverPrint for PET:            1
   Model, Mediator, and Driver components, in the order
   that they were added to the Driver:
            1 :  ATM
            2 :  OCN
            3 :  LND
   Connector components, in the order
   that they were added to the Driver:
            1 :  ATM-TO-OCN
            2 :  OCN-TO-ATM
            3 :  ATM-TO-LND
            4 :  LND-TO-ATM
NUOPC_RunSequenceArrayPrint: element     1 out of      4
runSeq::
 runElementPrint:      1     2     1 F T
 runElementPrint:      2     1     1 F T
 runElementPrint:      1     3     1 F T
 runElementPrint:      3     1     1 F T
 runElementPrint:      1    -1     1 F T
 runElementPrint:     -2     0     0 F T
 runElementPrint:     -1    -1     0 F F
::
NUOPC_RunSequenceArrayPrint: element     2 out of      4
runSeq::
 runElementPrint:      2    -1     1 F T
 runElementPrint:     -3     0     0 F T
 runElementPrint:      3    -1     1 F T
 runElementPrint:     -2    -1     0 F F
::
NUOPC_RunSequenceArrayPrint: element     3 out of      4
runSeq::
 runElementPrint:     -4     0     0 F T
 runElementPrint:     -3    -1     0 F F
::
NUOPC_RunSequenceArrayPrint: element     4 out of      4
runSeq::
 runElementPrint:      3     1     1 T T
 runElementPrint:     -4    -1     0 T F
::
[Orion-05-45:431338:0:431338] Caught signal 11 (Segmentation fault: address not mapped to object at address 0x4f1b591)
 -- start FreeFormatPrint(attrFF) of read in attributes --------
  Verbosity = 4609
  Profiling = 4096
 ---- end FreeFormatPrint(attrFF) of read in attributes --------
 -- start FreeFormatPrint(attrFF) of egested attributes --------
 CompLabel = _uninitialized
 Diagnostic = 0
 FinalizePhaseMap = FinalizePhase1=1 ExternalFinalizeReset=2
 HierarchyProtocol = ConnectProvidedFields
 IPDvX = false
 InitializeDataComplete = false
 InitializeDataProgress = false
 InitializeDataResolution = true
 InitializePhaseMap = IPDv02p1=2 IPDv02p3=3 IPDv02p5=4 ExternalAdvertise=5 ExternalRealize=6 ExternalDataInitialize=7
 InternalFinalizePhaseMap
 InternalInitializePhaseMap = IPDv05p1=8 IPDv05p2=9 IPDv05p3=10 IPDv05p4=11 IPDv05p6=12 IPDv05p8=13
 InternalRunPhaseMap
 Kind = Driver
 0
 0
 Profiling = 4096
 RunPhaseMap = RunPhase1=1
 Verbosity = 4609
 ---- end FreeFormatPrint(attrFF) of egested attributes --------
 NUOPC_DriverPrint for PET:            2
   Model, Mediator, and Driver components, in the order
   that they were added to the Driver:
            1 :  ATM
            2 :  OCN
            3 :  LND
   Connector components, in the order
   that they were added to the Driver:
            1 :  ATM-TO-OCN
            2 :  OCN-TO-ATM
            3 :  ATM-TO-LND
            4 :  LND-TO-ATM
NUOPC_RunSequenceArrayPrint: element     1 out of      4
runSeq::
 runElementPrint:      1     2     1 F T
 runElementPrint:      2     1     1 F T
 runElementPrint:      1     3     1 F T
 runElementPrint:      3     1     1 F T
 runElementPrint:      1    -1     1 F T
 runElementPrint:     -2     0     0 F T
 runElementPrint:     -1    -1     0 F F
::
NUOPC_RunSequenceArrayPrint: element     2 out of      4
runSeq::
 runElementPrint:      2    -1     1 F T
 runElementPrint:     -3     0     0 F T
 runElementPrint:      3    -1     1 F T
 runElementPrint:     -2    -1     0 F F
::
NUOPC_RunSequenceArrayPrint: element     3 out of      4
runSeq::
 runElementPrint:     -4     0     0 F T
 runElementPrint:     -3    -1     0 F F
::
NUOPC_RunSequenceArrayPrint: element     4 out of      4
runSeq::
 runElementPrint:      3     1     1 T T
 runElementPrint:     -4    -1     0 T F
::
[Orion-05-45:431339:0:431339] Caught signal 11 (Segmentation fault: address not mapped to object at address 0x4f1b591)
 -- start FreeFormatPrint(attrFF) of read in attributes --------
  Verbosity = 4609
  Profiling = 4096
 ---- end FreeFormatPrint(attrFF) of read in attributes --------
 -- start FreeFormatPrint(attrFF) of egested attributes --------
 CompLabel = _uninitialized
 Diagnostic = 0
 FinalizePhaseMap = FinalizePhase1=1 ExternalFinalizeReset=2
 HierarchyProtocol = ConnectProvidedFields
 IPDvX = false
 InitializeDataComplete = false
 InitializeDataProgress = false
 InitializeDataResolution = true
 InitializePhaseMap = IPDv02p1=2 IPDv02p3=3 IPDv02p5=4 ExternalAdvertise=5 ExternalRealize=6 ExternalDataInitialize=7
 InternalFinalizePhaseMap
 InternalInitializePhaseMap = IPDv05p1=8 IPDv05p2=9 IPDv05p3=10 IPDv05p4=11 IPDv05p6=12 IPDv05p8=13
 InternalRunPhaseMap
 Kind = Driver
 0
 0
 Profiling = 4096
 RunPhaseMap = RunPhase1=1
 Verbosity = 4609
 ---- end FreeFormatPrint(attrFF) of egested attributes --------
 NUOPC_DriverPrint for PET:            3
   Model, Mediator, and Driver components, in the order
   that they were added to the Driver:
            1 :  ATM
            2 :  OCN
            3 :  LND
   Connector components, in the order
   that they were added to the Driver:
            1 :  ATM-TO-OCN
            2 :  OCN-TO-ATM
            3 :  ATM-TO-LND
            4 :  LND-TO-ATM
NUOPC_RunSequenceArrayPrint: element     1 out of      4
runSeq::
 runElementPrint:      1     2     1 F T
 runElementPrint:      2     1     1 F T
 runElementPrint:      1     3     1 F T
 runElementPrint:      3     1     1 F T
 runElementPrint:      1    -1     1 F T
 runElementPrint:     -2     0     0 F T
 runElementPrint:     -1    -1     0 F F
::
NUOPC_RunSequenceArrayPrint: element     2 out of      4
runSeq::
 runElementPrint:      2    -1     1 F T
 runElementPrint:     -3     0     0 F T
 runElementPrint:      3    -1     1 F T
 runElementPrint:     -2    -1     0 F F
::
NUOPC_RunSequenceArrayPrint: element     3 out of      4
runSeq::
 runElementPrint:     -4     0     0 F T
 runElementPrint:     -3    -1     0 F F
::
NUOPC_RunSequenceArrayPrint: element     4 out of      4
runSeq::
 runElementPrint:      3     1     1 T T
 runElementPrint:     -4    -1     0 T F
::
[Orion-05-45:431340:0:431340] Caught signal 11 (Segmentation fault: address not mapped to object at address 0x4f1b591)

/work/noaa/da/mpotts/sandbox/pgi_2019_openmpi_O_fix_profile_summary_at_scale/esmf/src/Infrastructure/LogErr/src/ESMCI_LogErr.C: [ ESMCI::LogErr::MsgFoundError() ]
      ...

/work/noaa/da/mpotts/sandbox/pgi_2019_openmpi_O_fix_profile_summary_at_scale/esmf/src/Infrastructure/LogErr/src/ESMCI_LogErr.C: [ ESMCI::LogErr::MsgFoundError() ]
      ...
      583 {
      584     bool result=false;
      585 #ifdef ESMC_SUCCESSDEFAULT_ON
==>   586     if (rcToReturn != ESMC_NULL_POINTER) *rcToReturn=ESMF_SUCCESS;
      587 #endif
      588     if (trace) {
      589         Write(ESMC_METHOD,ESMC_LOGMSG_TRACE,

      583 {
      584     bool result=false;
      585 #ifdef ESMC_SUCCESSDEFAULT_ON
==>   586     if (rcToReturn != ESMC_NULL_POINTER) *rcToReturn=ESMF_SUCCESS;
      587 #endif
      588     if (trace) {
      589         Write(ESMC_METHOD,ESMC_LOGMSG_TRACE,


/work/noaa/da/mpotts/sandbox/pgi_2019_openmpi_O_fix_profile_summary_at_scale/esmf/src/Infrastructure/LogErr/src/ESMCI_LogErr.C: [ ESMCI::LogErr::MsgFoundError() ]
      ...
      583 {
      584     bool result=false;
      585 #ifdef ESMC_SUCCESSDEFAULT_ON
==>   586     if (rcToReturn != ESMC_NULL_POINTER) *rcToReturn=ESMF_SUCCESS;
      587 #endif
      588     if (trace) {
      589         Write(ESMC_METHOD,ESMC_LOGMSG_TRACE,


/work/noaa/da/mpotts/sandbox/pgi_2019_openmpi_O_fix_profile_summary_at_scale/esmf/src/Infrastructure/LogErr/src/ESMCI_LogErr.C: [ ESMCI::LogErr::MsgFoundError() ]
      ...
      583 {
      584     bool result=false;
      585 #ifdef ESMC_SUCCESSDEFAULT_ON
==>   586     if (rcToReturn != ESMC_NULL_POINTER) *rcToReturn=ESMF_SUCCESS;
      587 #endif
      588     if (trace) {
      589         Write(ESMC_METHOD,ESMC_LOGMSG_TRACE,

==== backtrace (tid: 431338) ====
 0 0x000000000073d623 ESMCI::LogErr::MsgFoundError()  /work/noaa/da/mpotts/sandbox/pgi_2019_openmpi_O_fix_profile_summary_at_scale/esmf/src/Infrastructure/LogErr/src/ESMCI_LogErr.C:586
 1 0x0000000000895921 c_esmc_meshcreatenodedistgrid_()  /work/noaa/da/mpotts/sandbox/pgi_2019_openmpi_O_fix_profile_summary_at_scale/esmf/src/Infrastructure/Mesh/interface/ESMCI_Mesh_F.C:248
 2 0x0000000000fad84c esmf_meshmod_esmf_meshcreatefrompointer_()  /work/noaa/da/mpotts/sandbox/pgi_2019_openmpi_O_fix_profile_summary_at_scale/esmf/src/Infrastructure/Mesh/interface/ESMF_Mesh.F90:3091
 3 0x0000000000e8e9c2 esmf_gridutilmod_esmf_gridtomesh_()  /work/noaa/da/mpotts/sandbox/pgi_2019_openmpi_O_fix_profile_summary_at_scale/esmf/src/Infrastructure/GridUtil/interface/ESMF_GridUtil.F90:453
 4 0x0000000000db2a06 esmf_fieldregridmod_b_or_p_gridtomesh_()  /work/noaa/da/mpotts/sandbox/pgi_2019_openmpi_O_fix_profile_summary_at_scale/esmf/src/Infrastructure/Field/src/ESMF_FieldRegrid.F90:3228
 5 0x0000000000dafec4 esmf_fieldregridmod_getmeshwithnodesonfieldloc_()  /work/noaa/da/mpotts/sandbox/pgi_2019_openmpi_O_fix_profile_summary_at_scale/esmf/src/Infrastructure/Field/src/ESMF_FieldRegrid.F90:1346
 6 0x0000000000dae3ff esmf_fieldregridmod_esmf_fieldregridstorenx_()  /work/noaa/da/mpotts/sandbox/pgi_2019_openmpi_O_fix_profile_summary_at_scale/esmf/src/Infrastructure/Field/src/ESMF_FieldRegrid.F90:971
 7 0x0000000000c8979a esmf_fieldbundlemod_esmf_fieldbundleregridstorepair_()  /work/noaa/da/mpotts/sandbox/pgi_2019_openmpi_O_fix_profile_summary_at_scale/esmf/src/Infrastructure/FieldBundle/src/ESMF_FieldBundle.F90:16211
 8 0x000000000123bb62 nuopc_connector_fieldbundlecplstore_()  /work/noaa/da/mpotts/sandbox/pgi_2019_openmpi_O_fix_profile_summary_at_scale/esmf/src/addon/NUOPC/src/NUOPC_Connector.F90:7714
 9 0x0000000001225b76 nuopc_connector_initializeipdv05p6b_()  /work/noaa/da/mpotts/sandbox/pgi_2019_openmpi_O_fix_profile_summary_at_scale/esmf/src/addon/NUOPC/src/NUOPC_Connector.F90:5386
10 0x000000000065cc27 ESMCI::FTable::callVFuncPtr()  /work/noaa/da/mpotts/sandbox/pgi_2019_openmpi_O_fix_profile_summary_at_scale/esmf/src/Superstructure/Component/src/ESMCI_FTable.C:2167
11 0x000000000065ae2a ESMCI_FTableCallEntryPointVMHop()  /work/noaa/da/mpotts/sandbox/pgi_2019_openmpi_O_fix_profile_summary_at_scale/esmf/src/Superstructure/Component/src/ESMCI_FTable.C:824
12 0x0000000000a480f8 ESMCI::VM::enter()  /work/noaa/da/mpotts/sandbox/pgi_2019_openmpi_O_fix_profile_summary_at_scale/esmf/src/Infrastructure/VM/src/ESMCI_VM.C:1216
13 0x000000000065b207 c_esmc_ftablecallentrypointvm_()  /work/noaa/da/mpotts/sandbox/pgi_2019_openmpi_O_fix_profile_summary_at_scale/esmf/src/Superstructure/Component/src/ESMCI_FTable.C:981
14 0x0000000000c1bbdd esmf_compmod_esmf_compexecute_()  /work/noaa/da/mpotts/sandbox/pgi_2019_openmpi_O_fix_profile_summary_at_scale/esmf/src/Superstructure/Component/src/ESMF_Comp.F90:1223
15 0x0000000000c2de21 esmf_cplcompmod_esmf_cplcompinitialize_()  /work/noaa/da/mpotts/sandbox/pgi_2019_openmpi_O_fix_profile_summary_at_scale/esmf/src/Superstructure/Component/src/ESMF_CplComp.F90:1165
16 0x000000000125b784 nuopc_driver_loopconnectorcompss_()  /work/noaa/da/mpotts/sandbox/pgi_2019_openmpi_O_fix_profile_summary_at_scale/esmf/src/addon/NUOPC/src/NUOPC_Driver.F90:3023
17 0x0000000001252cd7 nuopc_driver_initializeipdv02p3_()  /work/noaa/da/mpotts/sandbox/pgi_2019_openmpi_O_fix_profile_summary_at_scale/esmf/src/addon/NUOPC/src/NUOPC_Driver.F90:2110
18 0x000000000124132a nuopc_driver_initializegeneric_()  /work/noaa/da/mpotts/sandbox/pgi_2019_openmpi_O_fix_profile_summary_at_scale/esmf/src/addon/NUOPC/src/NUOPC_Driver.F90:479
19 0x000000000065cc27 ESMCI::FTable::callVFuncPtr()  /work/noaa/da/mpotts/sandbox/pgi_2019_openmpi_O_fix_profile_summary_at_scale/esmf/src/Superstructure/Component/src/ESMCI_FTable.C:2167
20 0x000000000065ae2a ESMCI_FTableCallEntryPointVMHop()  /work/noaa/da/mpotts/sandbox/pgi_2019_openmpi_O_fix_profile_summary_at_scale/esmf/src/Superstructure/Component/src/ESMCI_FTable.C:824
21 0x0000000000a480f8 ESMCI::VM::enter()  /work/noaa/da/mpotts/sandbox/pgi_2019_openmpi_O_fix_profile_summary_at_scale/esmf/src/Infrastructure/VM/src/ESMCI_VM.C:1216
22 0x000000000065b207 c_esmc_ftablecallentrypointvm_()  /work/noaa/da/mpotts/sandbox/pgi_2019_openmpi_O_fix_profile_summary_at_scale/esmf/src/Superstructure/Component/src/ESMCI_FTable.C:981
23 0x0000000000c1bbdd esmf_compmod_esmf_compexecute_()  /work/noaa/da/mpotts/sandbox/pgi_2019_openmpi_O_fix_profile_summary_at_scale/esmf/src/Superstructure/Component/src/ESMF_Comp.F90:1223
24 0x0000000000df4c01 esmf_gridcompmod_esmf_gridcompinitialize_()  /work/noaa/da/mpotts/sandbox/pgi_2019_openmpi_O_fix_profile_summary_at_scale/esmf/src/Superstructure/Component/src/ESMF_GridComp.F90:1412
25 0x00000000004061ed MAIN_()  /work/noaa/da/mpotts/sandbox/pgi_2019_openmpi_O_fix_profile_summary_at_scale/nuopc-app-prototypes/AtmOcnLndProto/esmApp.F90:58
26 0x0000000000405e63 main()  ???:0
27 0x0000000000022495 __libc_start_main()  ???:0
28 0x0000000000405d69 _start()  ???:0
=================================
[Orion-05-45:431338] *** Process received signal ***
[Orion-05-45:431338] Signal: Segmentation fault (11)
[Orion-05-45:431338] Signal code:  (-6)
[Orion-05-45:431338] Failing at address: 0x20e5000694ea
[Orion-05-45:431338] [ 0] /lib64/libpthread.so.0(+0xf5d0)[0x7fa12d3ed5d0]
==== backtrace (tid: 431340) ====
 0 0x000000000073d623 ESMCI::LogErr::MsgFoundError()  /work/noaa/da/mpotts/sandbox/pgi_2019_openmpi_O_fix_profile_summary_at_scale/esmf/src/Infrastructure/LogErr/src/ESMCI_LogErr.C:586
 1 0x0000000000895921 c_esmc_meshcreatenodedistgrid_()  /work/noaa/da/mpotts/sandbox/pgi_2019_openmpi_O_fix_profile_summary_at_scale/esmf/src/Infrastructure/Mesh/interface/ESMCI_Mesh_F.C:248
 2 0x0000000000fad84c esmf_meshmod_esmf_meshcreatefrompointer_()  /work/noaa/da/mpotts/sandbox/pgi_2019_openmpi_O_fix_profile_summary_at_scale/esmf/src/Infrastructure/Mesh/interface/ESMF_Mesh.F90:3091
 3 0x0000000000e8e9c2 esmf_gridutilmod_esmf_gridtomesh_()  /work/noaa/da/mpotts/sandbox/pgi_2019_openmpi_O_fix_profile_summary_at_scale/esmf/src/Infrastructure/GridUtil/interface/ESMF_GridUtil.F90:453
 4 0x0000000000db2a06 esmf_fieldregridmod_b_or_p_gridtomesh_()  /work/noaa/da/mpotts/sandbox/pgi_2019_openmpi_O_fix_profile_summary_at_scale/esmf/src/Infrastructure/Field/src/ESMF_FieldRegrid.F90:3228
 5 0x0000000000dafec4 esmf_fieldregridmod_getmeshwithnodesonfieldloc_()  /work/noaa/da/mpotts/sandbox/pgi_2019_openmpi_O_fix_profile_summary_at_scale/esmf/src/Infrastructure/Field/src/ESMF_FieldRegrid.F90:1346
 6 0x0000000000dae3ff esmf_fieldregridmod_esmf_fieldregridstorenx_()  /work/noaa/da/mpotts/sandbox/pgi_2019_openmpi_O_fix_profile_summary_at_scale/esmf/src/Infrastructure/Field/src/ESMF_FieldRegrid.F90:971
 7 0x0000000000c8979a esmf_fieldbundlemod_esmf_fieldbundleregridstorepair_()  /work/noaa/da/mpotts/sandbox/pgi_2019_openmpi_O_fix_profile_summary_at_scale/esmf/src/Infrastructure/FieldBundle/src/ESMF_FieldBundle.F90:16211
 8 0x000000000123bb62 nuopc_connector_fieldbundlecplstore_()  /work/noaa/da/mpotts/sandbox/pgi_2019_openmpi_O_fix_profile_summary_at_scale/esmf/src/addon/NUOPC/src/NUOPC_Connector.F90:7714
 9 0x0000000001225b76 nuopc_connector_initializeipdv05p6b_()  /work/noaa/da/mpotts/sandbox/pgi_2019_openmpi_O_fix_profile_summary_at_scale/esmf/src/addon/NUOPC/src/NUOPC_Connector.F90:5386
10 0x000000000065cc27 ESMCI::FTable::callVFuncPtr()  /work/noaa/da/mpotts/sandbox/pgi_2019_openmpi_O_fix_profile_summary_at_scale/esmf/src/Superstructure/Component/src/ESMCI_FTable.C:2167
11 0x000000000065ae2a ESMCI_FTableCallEntryPointVMHop()  /work/noaa/da/mpotts/sandbox/pgi_2019_openmpi_O_fix_profile_summary_at_scale/esmf/src/Superstructure/Component/src/ESMCI_FTable.C:824
12 0x0000000000a480f8 ESMCI::VM::enter()  /work/noaa/da/mpotts/sandbox/pgi_2019_openmpi_O_fix_profile_summary_at_scale/esmf/src/Infrastructure/VM/src/ESMCI_VM.C:1216
13 0x000000000065b207 c_esmc_ftablecallentrypointvm_()  /work/noaa/da/mpotts/sandbox/pgi_2019_openmpi_O_fix_profile_summary_at_scale/esmf/src/Superstructure/Component/src/ESMCI_FTable.C:981
14 0x0000000000c1bbdd esmf_compmod_esmf_compexecute_()  /work/noaa/da/mpotts/sandbox/pgi_2019_openmpi_O_fix_profile_summary_at_scale/esmf/src/Superstructure/Component/src/ESMF_Comp.F90:1223
15 0x0000000000c2de21 esmf_cplcompmod_esmf_cplcompinitialize_()  /work/noaa/da/mpotts/sandbox/pgi_2019_openmpi_O_fix_profile_summary_at_scale/esmf/src/Superstructure/Component/src/ESMF_CplComp.F90:1165
16 0x000000000125b784 nuopc_driver_loopconnectorcompss_()  /work/noaa/da/mpotts/sandbox/pgi_2019_openmpi_O_fix_profile_summary_at_scale/esmf/src/addon/NUOPC/src/NUOPC_Driver.F90:3023
17 0x0000000001252cd7 nuopc_driver_initializeipdv02p3_()  /work/noaa/da/mpotts/sandbox/pgi_2019_openmpi_O_fix_profile_summary_at_scale/esmf/src/addon/NUOPC/src/NUOPC_Driver.F90:2110
18 0x000000000124132a nuopc_driver_initializegeneric_()  /work/noaa/da/mpotts/sandbox/pgi_2019_openmpi_O_fix_profile_summary_at_scale/esmf/src/addon/NUOPC/src/NUOPC_Driver.F90:479
19 0x000000000065cc27 ESMCI::FTable::callVFuncPtr()  /work/noaa/da/mpotts/sandbox/pgi_2019_openmpi_O_fix_profile_summary_at_scale/esmf/src/Superstructure/Component/src/ESMCI_FTable.C:2167
20 0x000000000065ae2a ESMCI_FTableCallEntryPointVMHop()  /work/noaa/da/mpotts/sandbox/pgi_2019_openmpi_O_fix_profile_summary_at_scale/esmf/src/Superstructure/Component/src/ESMCI_FTable.C:824
[Orion-05-45:431338] [ 1] /work/noaa/da/mpotts/sandbox/pgi_2019_openmpi_O_fix_profile_summary_at_scale/esmf/DEFAULTINSTALLDIR/lib/libO/Linux.pgi.64.openmpi.default/libesmf.so(_ZN5ESMCI6LogErr13MsgFoundErrorEiPKciS2_S2_Pi+0x33)[0x7fa12bb83623]
[Orion-05-45:431338] [ 2] /work/noaa/da/mpotts/sandbox/pgi_2019_openmpi_O_fix_profile_summary_at_scale/esmf/DEFAULTINSTALLDIR/lib/libO/Linux.pgi.64.openmpi.default/libesmf.so(c_esmc_meshcreatenodedistgrid_+0xa1)[0x7fa12bcdb921]
[Orion-05-45:431338] [ 3] /work/noaa/da/mpotts/sandbox/pgi_2019_openmpi_O_fix_profile_summary_at_scale/esmf/DEFAULTINSTALLDIR/lib/libO/Linux.pgi.64.openmpi.default/libesmf.so(esmf_meshmod_esmf_meshcreatefrompointer_+0x4c)[0x7fa12c3f384c]
21 0x0000000000a480f8 ESMCI::VM::enter()  /work/noaa/da/mpotts/sandbox/pgi_2019_openmpi_O_fix_profile_summary_at_scale/esmf/src/Infrastructure/VM/src/ESMCI_VM.C:1216
22 0x000000000065b207 c_esmc_ftablecallentrypointvm_()  /work/noaa/da/mpotts/sandbox/pgi_2019_openmpi_O_fix_profile_summary_at_scale/esmf/src/Superstructure/Component/src/ESMCI_FTable.C:981
23 0x0000000000c1bbdd esmf_compmod_esmf_compexecute_()  /work/noaa/da/mpotts/sandbox/pgi_2019_openmpi_O_fix_profile_summary_at_scale/esmf/src/Superstructure/Component/src/ESMF_Comp.F90:1223
24 0x0000000000df4c01 esmf_gridcompmod_esmf_gridcompinitialize_()  /work/noaa/da/mpotts/sandbox/pgi_2019_openmpi_O_fix_profile_summary_at_scale/esmf/src/Superstructure/Component/src/ESMF_GridComp.F90:1412
25 0x00000000004061ed MAIN_()  /work/noaa/da/mpotts/sandbox/pgi_2019_openmpi_O_fix_profile_summary_at_scale/nuopc-app-prototypes/AtmOcnLndProto/esmApp.F90:58
26 0x0000000000405e63 main()  ???:0
27 0x0000000000022495 __libc_start_main()  ???:0
28 0x0000000000405d69 _start()  ???:0
=================================
[Orion-05-45:431340] *** Process received signal ***
[Orion-05-45:431340] Signal: Segmentation fault (11)
[Orion-05-45:431340] Signal code:  (-6)
[Orion-05-45:431340] Failing at address: 0x20e5000694ec
[Orion-05-45:431340] [ 0] /lib64/libpthread.so.0(+0xf5d0)[0x7faa014135d0]
[Orion-05-45:431340] [ 1] /work/noaa/da/mpotts/sandbox/pgi_2019_openmpi_O_fix_profile_summary_at_scale/esmf/DEFAULTINSTALLDIR/lib/libO/Linux.pgi.64.openmpi.default/libesmf.so(_ZN5ESMCI6LogErr13MsgFoundErrorEiPKciS2_S2_Pi+0x33)[0x7fa9ffba9623]
[Orion-05-45:431340] [ 2] /work/noaa/da/mpotts/sandbox/pgi_2019_openmpi_O_fix_profile_summary_at_scale/esmf/DEFAULTINSTALLDIR/lib/libO/Linux.pgi.64.openmpi.default/libesmf.so(c_esmc_meshcreatenodedistgrid_+0xa1)[0x7fa9ffd01921]
[Orion-05-45:431338] [ 4] /work/noaa/da/mpotts/sandbox/pgi_2019_openmpi_O_fix_profile_summary_at_scale/esmf/DEFAULTINSTALLDIR/lib/libO/Linux.pgi.64.openmpi.default/libesmf.so(esmf_gridutilmod_esmf_gridtomesh_+0x352)[0x7fa12c2d49c2]
[Orion-05-45:431338] [ 5] /work/noaa/da/mpotts/sandbox/pgi_2019_openmpi_O_fix_profile_summary_at_scale/esmf/DEFAULTINSTALLDIR/lib/libO/Linux.pgi.64.openmpi.default/libesmf.so(esmf_fieldregridmod_b_or_p_gridtomesh_+0x156)[0x7fa12c1f8a06]
[Orion-05-45:431340] [ 3] /work/noaa/da/mpotts/sandbox/pgi_2019_openmpi_O_fix_profile_summary_at_scale/esmf/DEFAULTINSTALLDIR/lib/libO/Linux.pgi.64.openmpi.default/libesmf.so(esmf_meshmod_esmf_meshcreatefrompointer_+0x4c)[0x7faa0041984c]
[Orion-05-45:431340] [ 4] /work/noaa/da/mpotts/sandbox/pgi_2019_openmpi_O_fix_profile_summary_at_scale/esmf/DEFAULTINSTALLDIR/lib/libO/Linux.pgi.64.openmpi.default/libesmf.so(esmf_gridutilmod_esmf_gridtomesh_+0x352)[0x7faa002fa9c2]
[Orion-05-45:431338] [ 6] /work/noaa/da/mpotts/sandbox/pgi_2019_openmpi_O_fix_profile_summary_at_scale/esmf/DEFAULTINSTALLDIR/lib/libO/Linux.pgi.64.openmpi.default/libesmf.so(esmf_fieldregridmod_getmeshwithnodesonfieldloc_+0x394)[0x7fa12c1f5ec4]
[Orion-05-45:431340] [ 5] /work/noaa/da/mpotts/sandbox/pgi_2019_openmpi_O_fix_profile_summary_at_scale/esmf/DEFAULTINSTALLDIR/lib/libO/Linux.pgi.64.openmpi.default/libesmf.so(esmf_fieldregridmod_b_or_p_gridtomesh_+0x156)[0x7faa0021ea06]
[Orion-05-45:431338] [ 7] /work/noaa/da/mpotts/sandbox/pgi_2019_openmpi_O_fix_profile_summary_at_scale/esmf/DEFAULTINSTALLDIR/lib/libO/Linux.pgi.64.openmpi.default/libesmf.so(esmf_fieldregridmod_esmf_fieldregridstorenx_+0x9cf)[0x7fa12c1f43ff]
[Orion-05-45:431340] [ 6] /work/noaa/da/mpotts/sandbox/pgi_2019_openmpi_O_fix_profile_summary_at_scale/esmf/DEFAULTINSTALLDIR/lib/libO/Linux.pgi.64.openmpi.default/libesmf.so(esmf_fieldregridmod_getmeshwithnodesonfieldloc_+0x394)[0x7faa0021bec4]
[Orion-05-45:431338] [ 8] /work/noaa/da/mpotts/sandbox/pgi_2019_openmpi_O_fix_profile_summary_at_scale/esmf/DEFAULTINSTALLDIR/lib/libO/Linux.pgi.64.openmpi.default/libesmf.so(esmf_fieldbundlemod_esmf_fieldbundleregridstorepair_+0x3a1a)[0x7fa12c0cf79a]
[Orion-05-45:431340] [ 7] /work/noaa/da/mpotts/sandbox/pgi_2019_openmpi_O_fix_profile_summary_at_scale/esmf/DEFAULTINSTALLDIR/lib/libO/Linux.pgi.64.openmpi.default/libesmf.so(esmf_fieldregridmod_esmf_fieldregridstorenx_+0x9cf)[0x7faa0021a3ff]
[Orion-05-45:431338] [ 9] /work/noaa/da/mpotts/sandbox/pgi_2019_openmpi_O_fix_profile_summary_at_scale/esmf/DEFAULTINSTALLDIR/lib/libO/Linux.pgi.64.openmpi.default/libesmf.so(nuopc_connector_fieldbundlecplstore_+0x90d2)[0x7fa12c681b62]
[Orion-05-45:431340] [ 8] /work/noaa/da/mpotts/sandbox/pgi_2019_openmpi_O_fix_profile_summary_at_scale/esmf/DEFAULTINSTALLDIR/lib/libO/Linux.pgi.64.openmpi.default/libesmf.so(esmf_fieldbundlemod_esmf_fieldbundleregridstorepair_+0x3a1a)[0x7faa000f579a]
[Orion-05-45:431338] [10] /work/noaa/da/mpotts/sandbox/pgi_2019_openmpi_O_fix_profile_summary_at_scale/esmf/DEFAULTINSTALLDIR/lib/libO/Linux.pgi.64.openmpi.default/libesmf.so(nuopc_connector_initializeipdv05p6b_+0x4f76)[0x7fa12c66bb76]
[Orion-05-45:431338] [11] /work/noaa/da/mpotts/sandbox/pgi_2019_openmpi_O_fix_profile_summary_at_scale/esmf/DEFAULTINSTALLDIR/lib/libO/Linux.pgi.64.openmpi.default/libesmf.so(_ZN5ESMCI6FTable12callVFuncPtrEPKcPNS_2VMEPi+0x417)[0x7fa12baa2c27]
[Orion-05-45:431340] [ 9] /work/noaa/da/mpotts/sandbox/pgi_2019_openmpi_O_fix_profile_summary_at_scale/esmf/DEFAULTINSTALLDIR/lib/libO/Linux.pgi.64.openmpi.default/libesmf.so(nuopc_connector_fieldbundlecplstore_+0x90d2)[0x7faa006a7b62]
[Orion-05-45:431338] [12] /work/noaa/da/mpotts/sandbox/pgi_2019_openmpi_O_fix_profile_summary_at_scale/esmf/DEFAULTINSTALLDIR/lib/libO/Linux.pgi.64.openmpi.default/libesmf.so(ESMCI_FTableCallEntryPointVMHop+0x1ea)[0x7fa12baa0e2a]
[Orion-05-45:431340] [10] /work/noaa/da/mpotts/sandbox/pgi_2019_openmpi_O_fix_profile_summary_at_scale/esmf/DEFAULTINSTALLDIR/lib/libO/Linux.pgi.64.openmpi.default/libesmf.so(nuopc_connector_initializeipdv05p6b_+0x4f76)[0x7faa00691b76]
[Orion-05-45:431338] [13] /work/noaa/da/mpotts/sandbox/pgi_2019_openmpi_O_fix_profile_summary_at_scale/esmf/DEFAULTINSTALLDIR/lib/libO/Linux.pgi.64.openmpi.default/libesmf.so(_ZN5ESMCI2VM5enterEPNS_6VMPlanEPvS3_+0x18)[0x7fa12be8e0f8]
[Orion-05-45:431340] [11] /work/noaa/da/mpotts/sandbox/pgi_2019_openmpi_O_fix_profile_summary_at_scale/esmf/DEFAULTINSTALLDIR/lib/libO/Linux.pgi.64.openmpi.default/libesmf.so(_ZN5ESMCI6FTable12callVFuncPtrEPKcPNS_2VMEPi+0x417)[0x7fa9ffac8c27]
[Orion-05-45:431338] [14] /work/noaa/da/mpotts/sandbox/pgi_2019_openmpi_O_fix_profile_summary_at_scale/esmf/DEFAULTINSTALLDIR/lib/libO/Linux.pgi.64.openmpi.default/libesmf.so(c_esmc_ftablecallentrypointvm_+0x337)[0x7fa12baa1207]
[Orion-05-45:431340] [12] /work/noaa/da/mpotts/sandbox/pgi_2019_openmpi_O_fix_profile_summary_at_scale/esmf/DEFAULTINSTALLDIR/lib/libO/Linux.pgi.64.openmpi.default/libesmf.so(ESMCI_FTableCallEntryPointVMHop+0x1ea)[0x7fa9ffac6e2a]
[Orion-05-45:431340] [13] /work/noaa/da/mpotts/sandbox/pgi_2019_openmpi_O_fix_profile_summary_at_scale/esmf/DEFAULTINSTALLDIR/lib/libO/Linux.pgi.64.openmpi.default/libesmf.so(_ZN5ESMCI2VM5enterEPNS_6VMPlanEPvS3_+0x18)[0x7fa9ffeb40f8]
[Orion-05-45:431338] [15] /work/noaa/da/mpotts/sandbox/pgi_2019_openmpi_O_fix_profile_summary_at_scale/esmf/DEFAULTINSTALLDIR/lib/libO/Linux.pgi.64.openmpi.default/libesmf.so(esmf_compmod_esmf_compexecute_+0x7ed)[0x7fa12c061bdd]
[Orion-05-45:431340] [14] /work/noaa/da/mpotts/sandbox/pgi_2019_openmpi_O_fix_profile_summary_at_scale/esmf/DEFAULTINSTALLDIR/lib/libO/Linux.pgi.64.openmpi.default/libesmf.so(c_esmc_ftablecallentrypointvm_+0x337)[0x7fa9ffac7207]
[Orion-05-45:431338] [16] /work/noaa/da/mpotts/sandbox/pgi_2019_openmpi_O_fix_profile_summary_at_scale/esmf/DEFAULTINSTALLDIR/lib/libO/Linux.pgi.64.openmpi.default/libesmf.so(esmf_cplcompmod_esmf_cplcompinitialize_+0x161)[0x7fa12c073e21]
[Orion-05-45:431340] [15] /work/noaa/da/mpotts/sandbox/pgi_2019_openmpi_O_fix_profile_summary_at_scale/esmf/DEFAULTINSTALLDIR/lib/libO/Linux.pgi.64.openmpi.default/libesmf.so(esmf_compmod_esmf_compexecute_+0x7ed)[0x7faa00087bdd]
[Orion-05-45:431338] [17] /work/noaa/da/mpotts/sandbox/pgi_2019_openmpi_O_fix_profile_summary_at_scale/esmf/DEFAULTINSTALLDIR/lib/libO/Linux.pgi.64.openmpi.default/libesmf.so(nuopc_driver_loopconnectorcompss_+0xeb4)[0x7fa12c6a1784]
[Orion-05-45:431340] [16] /work/noaa/da/mpotts/sandbox/pgi_2019_openmpi_O_fix_profile_summary_at_scale/esmf/DEFAULTINSTALLDIR/lib/libO/Linux.pgi.64.openmpi.default/libesmf.so(esmf_cplcompmod_esmf_cplcompinitialize_+0x161)[0x7faa00099e21]
[Orion-05-45:431338] [18] /work/noaa/da/mpotts/sandbox/pgi_2019_openmpi_O_fix_profile_summary_at_scale/esmf/DEFAULTINSTALLDIR/lib/libO/Linux.pgi.64.openmpi.default/libesmf.so(nuopc_driver_initializeipdv02p3_+0x2f77)[0x7fa12c698cd7]
[Orion-05-45:431338] [19] /work/noaa/da/mpotts/sandbox/pgi_2019_openmpi_O_fix_profile_summary_at_scale/esmf/DEFAULTINSTALLDIR/lib/libO/Linux.pgi.64.openmpi.default/libesmf.so(nuopc_driver_initializegeneric_+0x62a)[0x7fa12c68732a]
[Orion-05-45:431340] [17] /work/noaa/da/mpotts/sandbox/pgi_2019_openmpi_O_fix_profile_summary_at_scale/esmf/DEFAULTINSTALLDIR/lib/libO/Linux.pgi.64.openmpi.default/libesmf.so(nuopc_driver_loopconnectorcompss_+0xeb4)[0x7faa006c7784]
[Orion-05-45:431338] [20] /work/noaa/da/mpotts/sandbox/pgi_2019_openmpi_O_fix_profile_summary_at_scale/esmf/DEFAULTINSTALLDIR/lib/libO/Linux.pgi.64.openmpi.default/libesmf.so(_ZN5ESMCI6FTable12callVFuncPtrEPKcPNS_2VMEPi+0x417)[0x7fa12baa2c27]
[Orion-05-45:431340] [18] /work/noaa/da/mpotts/sandbox/pgi_2019_openmpi_O_fix_profile_summary_at_scale/esmf/DEFAULTINSTALLDIR/lib/libO/Linux.pgi.64.openmpi.default/libesmf.so(nuopc_driver_initializeipdv02p3_+0x2f77)[0x7faa006becd7]
[Orion-05-45:431338] [21] /work/noaa/da/mpotts/sandbox/pgi_2019_openmpi_O_fix_profile_summary_at_scale/esmf/DEFAULTINSTALLDIR/lib/libO/Linux.pgi.64.openmpi.default/libesmf.so(ESMCI_FTableCallEntryPointVMHop+0x1ea)[0x7fa12baa0e2a]
[Orion-05-45:431340] [19] /work/noaa/da/mpotts/sandbox/pgi_2019_openmpi_O_fix_profile_summary_at_scale/esmf/DEFAULTINSTALLDIR/lib/libO/Linux.pgi.64.openmpi.default/libesmf.so(nuopc_driver_initializegeneric_+0x62a)[0x7faa006ad32a]
[Orion-05-45:431340] [20] /work/noaa/da/mpotts/sandbox/pgi_2019_openmpi_O_fix_profile_summary_at_scale/esmf/DEFAULTINSTALLDIR/lib/libO/Linux.pgi.64.openmpi.default/libesmf.so(_ZN5ESMCI6FTable12callVFuncPtrEPKcPNS_2VMEPi+0x417)[0x7fa9ffac8c27]
[Orion-05-45:431338] [22] /work/noaa/da/mpotts/sandbox/pgi_2019_openmpi_O_fix_profile_summary_at_scale/esmf/DEFAULTINSTALLDIR/lib/libO/Linux.pgi.64.openmpi.default/libesmf.so(_ZN5ESMCI2VM5enterEPNS_6VMPlanEPvS3_+0x18)[0x7fa12be8e0f8]
[Orion-05-45:431338] [23] /work/noaa/da/mpotts/sandbox/pgi_2019_openmpi_O_fix_profile_summary_at_scale/esmf/DEFAULTINSTALLDIR/lib/libO/Linux.pgi.64.openmpi.default/libesmf.so(c_esmc_ftablecallentrypointvm_+0x337)[0x7fa12baa1207]
[Orion-05-45:431340] [21] /work/noaa/da/mpotts/sandbox/pgi_2019_openmpi_O_fix_profile_summary_at_scale/esmf/DEFAULTINSTALLDIR/lib/libO/Linux.pgi.64.openmpi.default/libesmf.so(ESMCI_FTableCallEntryPointVMHop+0x1ea)[0x7fa9ffac6e2a]
[Orion-05-45:431340] [22] /work/noaa/da/mpotts/sandbox/pgi_2019_openmpi_O_fix_profile_summary_at_scale/esmf/DEFAULTINSTALLDIR/lib/libO/Linux.pgi.64.openmpi.default/libesmf.so(_ZN5ESMCI2VM5enterEPNS_6VMPlanEPvS3_+0x18)[0x7fa9ffeb40f8]
[Orion-05-45:431338] [24] /work/noaa/da/mpotts/sandbox/pgi_2019_openmpi_O_fix_profile_summary_at_scale/esmf/DEFAULTINSTALLDIR/lib/libO/Linux.pgi.64.openmpi.default/libesmf.so(esmf_compmod_esmf_compexecute_+0x7ed)[0x7fa12c061bdd]
[Orion-05-45:431340] [23] /work/noaa/da/mpotts/sandbox/pgi_2019_openmpi_O_fix_profile_summary_at_scale/esmf/DEFAULTINSTALLDIR/lib/libO/Linux.pgi.64.openmpi.default/libesmf.so(c_esmc_ftablecallentrypointvm_+0x337)[0x7fa9ffac7207]
[Orion-05-45:431338] [25] /work/noaa/da/mpotts/sandbox/pgi_2019_openmpi_O_fix_profile_summary_at_scale/esmf/DEFAULTINSTALLDIR/lib/libO/Linux.pgi.64.openmpi.default/libesmf.so(esmf_gridcompmod_esmf_gridcompinitialize_+0x161)[0x7fa12c23ac01]
[Orion-05-45:431338] [26] /work/noaa/da/mpotts/sandbox/pgi_2019_openmpi_O_fix_profile_summary_at_scale/nuopc-app-prototypes/AtmOcnLndProto/./esmApp[0x4061ed]
[Orion-05-45:431338] [27] /work/noaa/da/mpotts/sandbox/pgi_2019_openmpi_O_fix_profile_summary_at_scale/nuopc-app-prototypes/AtmOcnLndProto/./esmApp[0x405e63]
[Orion-05-45:431338] [28] /lib64/libc.so.6(__libc_start_main+0xf5)[0x7fa127893495]
[Orion-05-45:431338] [29] /work/noaa/da/mpotts/sandbox/pgi_2019_openmpi_O_fix_profile_summary_at_scale/nuopc-app-prototypes/AtmOcnLndProto/./esmApp[0x405d69]
[Orion-05-45:431338] *** End of error message ***
[Orion-05-45:431340] [24] /work/noaa/da/mpotts/sandbox/pgi_2019_openmpi_O_fix_profile_summary_at_scale/esmf/DEFAULTINSTALLDIR/lib/libO/Linux.pgi.64.openmpi.default/libesmf.so(esmf_compmod_esmf_compexecute_+0x7ed)[0x7faa00087bdd]
[Orion-05-45:431340] [25] /work/noaa/da/mpotts/sandbox/pgi_2019_openmpi_O_fix_profile_summary_at_scale/esmf/DEFAULTINSTALLDIR/lib/libO/Linux.pgi.64.openmpi.default/libesmf.so(esmf_gridcompmod_esmf_gridcompinitialize_+0x161)[0x7faa00260c01]
[Orion-05-45:431340] [26] /work/noaa/da/mpotts/sandbox/pgi_2019_openmpi_O_fix_profile_summary_at_scale/nuopc-app-prototypes/AtmOcnLndProto/./esmApp[0x4061ed]
[Orion-05-45:431340] [27] /work/noaa/da/mpotts/sandbox/pgi_2019_openmpi_O_fix_profile_summary_at_scale/nuopc-app-prototypes/AtmOcnLndProto/./esmApp[0x405e63]
[Orion-05-45:431340] [28] /lib64/libc.so.6(__libc_start_main+0xf5)[0x7fa9fb8b9495]
[Orion-05-45:431340] [29] /work/noaa/da/mpotts/sandbox/pgi_2019_openmpi_O_fix_profile_summary_at_scale/nuopc-app-prototypes/AtmOcnLndProto/./esmApp[0x405d69]
[Orion-05-45:431340] *** End of error message ***
==== backtrace (tid: 431339) ====
 0 0x000000000073d623 ESMCI::LogErr::MsgFoundError()  /work/noaa/da/mpotts/sandbox/pgi_2019_openmpi_O_fix_profile_summary_at_scale/esmf/src/Infrastructure/LogErr/src/ESMCI_LogErr.C:586
 1 0x0000000000895921 c_esmc_meshcreatenodedistgrid_()  /work/noaa/da/mpotts/sandbox/pgi_2019_openmpi_O_fix_profile_summary_at_scale/esmf/src/Infrastructure/Mesh/interface/ESMCI_Mesh_F.C:248
 2 0x0000000000fad84c esmf_meshmod_esmf_meshcreatefrompointer_()  /work/noaa/da/mpotts/sandbox/pgi_2019_openmpi_O_fix_profile_summary_at_scale/esmf/src/Infrastructure/Mesh/interface/ESMF_Mesh.F90:3091
 3 0x0000000000e8e9c2 esmf_gridutilmod_esmf_gridtomesh_()  /work/noaa/da/mpotts/sandbox/pgi_2019_openmpi_O_fix_profile_summary_at_scale/esmf/src/Infrastructure/GridUtil/interface/ESMF_GridUtil.F90:453
 4 0x0000000000db2a06 esmf_fieldregridmod_b_or_p_gridtomesh_()  /work/noaa/da/mpotts/sandbox/pgi_2019_openmpi_O_fix_profile_summary_at_scale/esmf/src/Infrastructure/Field/src/ESMF_FieldRegrid.F90:3228
 5 0x0000000000dafec4 esmf_fieldregridmod_getmeshwithnodesonfieldloc_()  /work/noaa/da/mpotts/sandbox/pgi_2019_openmpi_O_fix_profile_summary_at_scale/esmf/src/Infrastructure/Field/src/ESMF_FieldRegrid.F90:1346
 6 0x0000000000dae3ff esmf_fieldregridmod_esmf_fieldregridstorenx_()  /work/noaa/da/mpotts/sandbox/pgi_2019_openmpi_O_fix_profile_summary_at_scale/esmf/src/Infrastructure/Field/src/ESMF_FieldRegrid.F90:971
 7 0x0000000000c8979a esmf_fieldbundlemod_esmf_fieldbundleregridstorepair_()  /work/noaa/da/mpotts/sandbox/pgi_2019_openmpi_O_fix_profile_summary_at_scale/esmf/src/Infrastructure/FieldBundle/src/ESMF_FieldBundle.F90:16211
 8 0x000000000123bb62 nuopc_connector_fieldbundlecplstore_()  /work/noaa/da/mpotts/sandbox/pgi_2019_openmpi_O_fix_profile_summary_at_scale/esmf/src/addon/NUOPC/src/NUOPC_Connector.F90:7714
 9 0x0000000001225b76 nuopc_connector_initializeipdv05p6b_()  /work/noaa/da/mpotts/sandbox/pgi_2019_openmpi_O_fix_profile_summary_at_scale/esmf/src/addon/NUOPC/src/NUOPC_Connector.F90:5386
10 0x000000000065cc27 ESMCI::FTable::callVFuncPtr()  /work/noaa/da/mpotts/sandbox/pgi_2019_openmpi_O_fix_profile_summary_at_scale/esmf/src/Superstructure/Component/src/ESMCI_FTable.C:2167
11 0x000000000065ae2a ESMCI_FTableCallEntryPointVMHop()  /work/noaa/da/mpotts/sandbox/pgi_2019_openmpi_O_fix_profile_summary_at_scale/esmf/src/Superstructure/Component/src/ESMCI_FTable.C:824
12 0x0000000000a480f8 ESMCI::VM::enter()  /work/noaa/da/mpotts/sandbox/pgi_2019_openmpi_O_fix_profile_summary_at_scale/esmf/src/Infrastructure/VM/src/ESMCI_VM.C:1216
13 0x000000000065b207 c_esmc_ftablecallentrypointvm_()  /work/noaa/da/mpotts/sandbox/pgi_2019_openmpi_O_fix_profile_summary_at_scale/esmf/src/Superstructure/Component/src/ESMCI_FTable.C:981
14 0x0000000000c1bbdd esmf_compmod_esmf_compexecute_()  /work/noaa/da/mpotts/sandbox/pgi_2019_openmpi_O_fix_profile_summary_at_scale/esmf/src/Superstructure/Component/src/ESMF_Comp.F90:1223
15 0x0000000000c2de21 esmf_cplcompmod_esmf_cplcompinitialize_()  /work/noaa/da/mpotts/sandbox/pgi_2019_openmpi_O_fix_profile_summary_at_scale/esmf/src/Superstructure/Component/src/ESMF_CplComp.F90:1165
16 0x000000000125b784 nuopc_driver_loopconnectorcompss_()  /work/noaa/da/mpotts/sandbox/pgi_2019_openmpi_O_fix_profile_summary_at_scale/esmf/src/addon/NUOPC/src/NUOPC_Driver.F90:3023
17 0x0000000001252cd7 nuopc_driver_initializeipdv02p3_()  /work/noaa/da/mpotts/sandbox/pgi_2019_openmpi_O_fix_profile_summary_at_scale/esmf/src/addon/NUOPC/src/NUOPC_Driver.F90:2110
18 0x000000000124132a nuopc_driver_initializegeneric_()  /work/noaa/da/mpotts/sandbox/pgi_2019_openmpi_O_fix_profile_summary_at_scale/esmf/src/addon/NUOPC/src/NUOPC_Driver.F90:479
19 0x000000000065cc27 ESMCI::FTable::callVFuncPtr()  /work/noaa/da/mpotts/sandbox/pgi_2019_openmpi_O_fix_profile_summary_at_scale/esmf/src/Superstructure/Component/src/ESMCI_FTable.C:2167
20 0x000000000065ae2a ESMCI_FTableCallEntryPointVMHop()  /work/noaa/da/mpotts/sandbox/pgi_2019_openmpi_O_fix_profile_summary_at_scale/esmf/src/Superstructure/Component/src/ESMCI_FTable.C:824
21 0x0000000000a480f8 ESMCI::VM::enter()  /work/noaa/da/mpotts/sandbox/pgi_2019_openmpi_O_fix_profile_summary_at_scale/esmf/src/Infrastructure/VM/src/ESMCI_VM.C:1216
22 0x000000000065b207 c_esmc_ftablecallentrypointvm_()  /work/noaa/da/mpotts/sandbox/pgi_2019_openmpi_O_fix_profile_summary_at_scale/esmf/src/Superstructure/Component/src/ESMCI_FTable.C:981
23 0x0000000000c1bbdd esmf_compmod_esmf_compexecute_()  /work/noaa/da/mpotts/sandbox/pgi_2019_openmpi_O_fix_profile_summary_at_scale/esmf/src/Superstructure/Component/src/ESMF_Comp.F90:1223
24 0x0000000000df4c01 esmf_gridcompmod_esmf_gridcompinitialize_()  /work/noaa/da/mpotts/sandbox/pgi_2019_openmpi_O_fix_profile_summary_at_scale/esmf/src/Superstructure/Component/src/ESMF_GridComp.F90:1412
25 0x00000000004061ed MAIN_()  /work/noaa/da/mpotts/sandbox/pgi_2019_openmpi_O_fix_profile_summary_at_scale/nuopc-app-prototypes/AtmOcnLndProto/esmApp.F90:58
26 0x0000000000405e63 main()  ???:0
27 0x0000000000022495 __libc_start_main()  ???:0
28 0x0000000000405d69 _start()  ???:0
=================================
[Orion-05-45:431339] *** Process received signal ***
[Orion-05-45:431339] Signal: Segmentation fault (11)
[Orion-05-45:431339] Signal code:  (-6)
[Orion-05-45:431339] Failing at address: 0x20e5000694eb
[Orion-05-45:431339] [ 0] /lib64/libpthread.so.0(+0xf5d0)[0x7f7ec2f225d0]
[Orion-05-45:431339] [ 1] /work/noaa/da/mpotts/sandbox/pgi_2019_openmpi_O_fix_profile_summary_at_scale/esmf/DEFAULTINSTALLDIR/lib/libO/Linux.pgi.64.openmpi.default/libesmf.so(_ZN5ESMCI6LogErr13MsgFoundErrorEiPKciS2_S2_Pi+0x33)[0x7f7ec16b8623]
[Orion-05-45:431339] [ 2] /work/noaa/da/mpotts/sandbox/pgi_2019_openmpi_O_fix_profile_summary_at_scale/esmf/DEFAULTINSTALLDIR/lib/libO/Linux.pgi.64.openmpi.default/libesmf.so(c_esmc_meshcreatenodedistgrid_+0xa1)[0x7f7ec1810921]
[Orion-05-45:431339] [ 3] /work/noaa/da/mpotts/sandbox/pgi_2019_openmpi_O_fix_profile_summary_at_scale/esmf/DEFAULTINSTALLDIR/lib/libO/Linux.pgi.64.openmpi.default/libesmf.so(esmf_meshmod_esmf_meshcreatefrompointer_+0x4c)[0x7f7ec1f2884c]
==== backtrace (tid: 431337) ====
 0 0x000000000073d623 ESMCI::LogErr::MsgFoundError()  /work/noaa/da/mpotts/sandbox/pgi_2019_openmpi_O_fix_profile_summary_at_scale/esmf/src/Infrastructure/LogErr/src/ESMCI_LogErr.C:586
 1 0x0000000000895921 c_esmc_meshcreatenodedistgrid_()  /work/noaa/da/mpotts/sandbox/pgi_2019_openmpi_O_fix_profile_summary_at_scale/esmf/src/Infrastructure/Mesh/interface/ESMCI_Mesh_F.C:248
 2 0x0000000000fad84c esmf_meshmod_esmf_meshcreatefrompointer_()  /work/noaa/da/mpotts/sandbox/pgi_2019_openmpi_O_fix_profile_summary_at_scale/esmf/src/Infrastructure/Mesh/interface/ESMF_Mesh.F90:3091
 3 0x0000000000e8e9c2 esmf_gridutilmod_esmf_gridtomesh_()  /work/noaa/da/mpotts/sandbox/pgi_2019_openmpi_O_fix_profile_summary_at_scale/esmf/src/Infrastructure/GridUtil/interface/ESMF_GridUtil.F90:453
 4 0x0000000000db2a06 esmf_fieldregridmod_b_or_p_gridtomesh_()  /work/noaa/da/mpotts/sandbox/pgi_2019_openmpi_O_fix_profile_summary_at_scale/esmf/src/Infrastructure/Field/src/ESMF_FieldRegrid.F90:3228
 5 0x0000000000dafec4 esmf_fieldregridmod_getmeshwithnodesonfieldloc_()  /work/noaa/da/mpotts/sandbox/pgi_2019_openmpi_O_fix_profile_summary_at_scale/esmf/src/Infrastructure/Field/src/ESMF_FieldRegrid.F90:1346
 6 0x0000000000dae3ff esmf_fieldregridmod_esmf_fieldregridstorenx_()  /work/noaa/da/mpotts/sandbox/pgi_2019_openmpi_O_fix_profile_summary_at_scale/esmf/src/Infrastructure/Field/src/ESMF_FieldRegrid.F90:971
 7 0x0000000000c8979a esmf_fieldbundlemod_esmf_fieldbundleregridstorepair_()  /work/noaa/da/mpotts/sandbox/pgi_2019_openmpi_O_fix_profile_summary_at_scale/esmf/src/Infrastructure/FieldBundle/src/ESMF_FieldBundle.F90:16211
 8 0x000000000123bb62 nuopc_connector_fieldbundlecplstore_()  /work/noaa/da/mpotts/sandbox/pgi_2019_openmpi_O_fix_profile_summary_at_scale/esmf/src/addon/NUOPC/src/NUOPC_Connector.F90:7714
 9 0x0000000001225b76 nuopc_connector_initializeipdv05p6b_()  /work/noaa/da/mpotts/sandbox/pgi_2019_openmpi_O_fix_profile_summary_at_scale/esmf/src/addon/NUOPC/src/NUOPC_Connector.F90:5386
10 0x000000000065cc27 ESMCI::FTable::callVFuncPtr()  /work/noaa/da/mpotts/sandbox/pgi_2019_openmpi_O_fix_profile_summary_at_scale/esmf/src/Superstructure/Component/src/ESMCI_FTable.C:2167
11 0x000000000065ae2a ESMCI_FTableCallEntryPointVMHop()  /work/noaa/da/mpotts/sandbox/pgi_2019_openmpi_O_fix_profile_summary_at_scale/esmf/src/Superstructure/Component/src/ESMCI_FTable.C:824
12 0x0000000000a480f8 ESMCI::VM::enter()  /work/noaa/da/mpotts/sandbox/pgi_2019_openmpi_O_fix_profile_summary_at_scale/esmf/src/Infrastructure/VM/src/ESMCI_VM.C:1216
13 0x000000000065b207 c_esmc_ftablecallentrypointvm_()  /work/noaa/da/mpotts/sandbox/pgi_2019_openmpi_O_fix_profile_summary_at_scale/esmf/src/Superstructure/Component/src/ESMCI_FTable.C:981
14 0x0000000000c1bbdd esmf_compmod_esmf_compexecute_()  /work/noaa/da/mpotts/sandbox/pgi_2019_openmpi_O_fix_profile_summary_at_scale/esmf/src/Superstructure/Component/src/ESMF_Comp.F90:1223
15 0x0000000000c2de21 esmf_cplcompmod_esmf_cplcompinitialize_()  /work/noaa/da/mpotts/sandbox/pgi_2019_openmpi_O_fix_profile_summary_at_scale/esmf/src/Superstructure/Component/src/ESMF_CplComp.F90:1165
16 0x000000000125b784 nuopc_driver_loopconnectorcompss_()  /work/noaa/da/mpotts/sandbox/pgi_2019_openmpi_O_fix_profile_summary_at_scale/esmf/src/addon/NUOPC/src/NUOPC_Driver.F90:3023
17 0x0000000001252cd7 nuopc_driver_initializeipdv02p3_()  /work/noaa/da/mpotts/sandbox/pgi_2019_openmpi_O_fix_profile_summary_at_scale/esmf/src/addon/NUOPC/src/NUOPC_Driver.F90:2110
18 0x000000000124132a nuopc_driver_initializegeneric_()  /work/noaa/da/mpotts/sandbox/pgi_2019_openmpi_O_fix_profile_summary_at_scale/esmf/src/addon/NUOPC/src/NUOPC_Driver.F90:479
19 0x000000000065cc27 ESMCI::FTable::callVFuncPtr()  /work/noaa/da/mpotts/sandbox/pgi_2019_openmpi_O_fix_profile_summary_at_scale/esmf/src/Superstructure/Component/src/ESMCI_FTable.C:2167
20 0x000000000065ae2a ESMCI_FTableCallEntryPointVMHop()  /work/noaa/da/mpotts/sandbox/pgi_2019_openmpi_O_fix_profile_summary_at_scale/esmf/src/Superstructure/Component/src/ESMCI_FTable.C:824
21 0x0000000000a480f8 ESMCI::VM::enter()  /work/noaa/da/mpotts/sandbox/pgi_2019_openmpi_O_fix_profile_summary_at_scale/esmf/src/Infrastructure/VM/src/ESMCI_VM.C:1216
22 0x000000000065b207 c_esmc_ftablecallentrypointvm_()  /work/noaa/da/mpotts/sandbox/pgi_2019_openmpi_O_fix_profile_summary_at_scale/esmf/src/Superstructure/Component/src/ESMCI_FTable.C:981
23 0x0000000000c1bbdd esmf_compmod_esmf_compexecute_()  /work/noaa/da/mpotts/sandbox/pgi_2019_openmpi_O_fix_profile_summary_at_scale/esmf/src/Superstructure/Component/src/ESMF_Comp.F90:1223
24 0x0000000000df4c01 esmf_gridcompmod_esmf_gridcompinitialize_()  /work/noaa/da/mpotts/sandbox/pgi_2019_openmpi_O_fix_profile_summary_at_scale/esmf/src/Superstructure/Component/src/ESMF_GridComp.F90:1412
25 0x00000000004061ed MAIN_()  /work/noaa/da/mpotts/sandbox/pgi_2019_openmpi_O_fix_profile_summary_at_scale/nuopc-app-prototypes/AtmOcnLndProto/esmApp.F90:58
26 0x0000000000405e63 main()  ???:0
27 0x0000000000022495 __libc_start_main()  ???:0
28 0x0000000000405d69 _start()  ???:0
=================================
[Orion-05-45:431339] [ 4] /work/noaa/da/mpotts/sandbox/pgi_2019_openmpi_O_fix_profile_summary_at_scale/esmf/DEFAULTINSTALLDIR/lib/libO/Linux.pgi.64.openmpi.default/libesmf.so(esmf_gridutilmod_esmf_gridtomesh_+0x352)[0x7f7ec1e099c2]
[Orion-05-45:431339] [ 5] /work/noaa/da/mpotts/sandbox/pgi_2019_openmpi_O_fix_profile_summary_at_scale/esmf/DEFAULTINSTALLDIR/lib/libO/Linux.pgi.64.openmpi.default/libesmf.so(esmf_fieldregridmod_b_or_p_gridtomesh_+0x156)[0x7f7ec1d2da06]
[Orion-05-45:431337] *** Process received signal ***
[Orion-05-45:431337] Signal: Segmentation fault (11)
[Orion-05-45:431337] Signal code:  (-6)
[Orion-05-45:431337] Failing at address: 0x20e5000694e9
[Orion-05-45:431337] [ 0] /lib64/libpthread.so.0(+0xf5d0)[0x7f04bba6a5d0]
[Orion-05-45:431337] [ 1] /work/noaa/da/mpotts/sandbox/pgi_2019_openmpi_O_fix_profile_summary_at_scale/esmf/DEFAULTINSTALLDIR/lib/libO/Linux.pgi.64.openmpi.default/libesmf.so(_ZN5ESMCI6LogErr13MsgFoundErrorEiPKciS2_S2_Pi+0x33)[0x7f04ba200623]
[Orion-05-45:431339] [ 6] /work/noaa/da/mpotts/sandbox/pgi_2019_openmpi_O_fix_profile_summary_at_scale/esmf/DEFAULTINSTALLDIR/lib/libO/Linux.pgi.64.openmpi.default/libesmf.so(esmf_fieldregridmod_getmeshwithnodesonfieldloc_+0x394)[0x7f7ec1d2aec4]
[Orion-05-45:431337] [ 2] /work/noaa/da/mpotts/sandbox/pgi_2019_openmpi_O_fix_profile_summary_at_scale/esmf/DEFAULTINSTALLDIR/lib/libO/Linux.pgi.64.openmpi.default/libesmf.so(c_esmc_meshcreatenodedistgrid_+0xa1)[0x7f04ba358921]
[Orion-05-45:431339] [ 7] /work/noaa/da/mpotts/sandbox/pgi_2019_openmpi_O_fix_profile_summary_at_scale/esmf/DEFAULTINSTALLDIR/lib/libO/Linux.pgi.64.openmpi.default/libesmf.so(esmf_fieldregridmod_esmf_fieldregridstorenx_+0x9cf)[0x7f7ec1d293ff]
[Orion-05-45:431337] [ 3] /work/noaa/da/mpotts/sandbox/pgi_2019_openmpi_O_fix_profile_summary_at_scale/esmf/DEFAULTINSTALLDIR/lib/libO/Linux.pgi.64.openmpi.default/libesmf.so(esmf_meshmod_esmf_meshcreatefrompointer_+0x4c)[0x7f04baa7084c]
[Orion-05-45:431339] [ 8] /work/noaa/da/mpotts/sandbox/pgi_2019_openmpi_O_fix_profile_summary_at_scale/esmf/DEFAULTINSTALLDIR/lib/libO/Linux.pgi.64.openmpi.default/libesmf.so(esmf_fieldbundlemod_esmf_fieldbundleregridstorepair_+0x3a1a)[0x7f7ec1c0479a]
[Orion-05-45:431337] [ 4] /work/noaa/da/mpotts/sandbox/pgi_2019_openmpi_O_fix_profile_summary_at_scale/esmf/DEFAULTINSTALLDIR/lib/libO/Linux.pgi.64.openmpi.default/libesmf.so(esmf_gridutilmod_esmf_gridtomesh_+0x352)[0x7f04ba9519c2]
[Orion-05-45:431339] [ 9] /work/noaa/da/mpotts/sandbox/pgi_2019_openmpi_O_fix_profile_summary_at_scale/esmf/DEFAULTINSTALLDIR/lib/libO/Linux.pgi.64.openmpi.default/libesmf.so(nuopc_connector_fieldbundlecplstore_+0x90d2)[0x7f7ec21b6b62]
[Orion-05-45:431339] [10] /work/noaa/da/mpotts/sandbox/pgi_2019_openmpi_O_fix_profile_summary_at_scale/esmf/DEFAULTINSTALLDIR/lib/libO/Linux.pgi.64.openmpi.default/libesmf.so(nuopc_connector_initializeipdv05p6b_+0x4f76)[0x7f7ec21a0b76]
[Orion-05-45:431337] [ 5] /work/noaa/da/mpotts/sandbox/pgi_2019_openmpi_O_fix_profile_summary_at_scale/esmf/DEFAULTINSTALLDIR/lib/libO/Linux.pgi.64.openmpi.default/libesmf.so(esmf_fieldregridmod_b_or_p_gridtomesh_+0x156)[0x7f04ba875a06]
[Orion-05-45:431339] [11] /work/noaa/da/mpotts/sandbox/pgi_2019_openmpi_O_fix_profile_summary_at_scale/esmf/DEFAULTINSTALLDIR/lib/libO/Linux.pgi.64.openmpi.default/libesmf.so(_ZN5ESMCI6FTable12callVFuncPtrEPKcPNS_2VMEPi+0x417)[0x7f7ec15d7c27]
[Orion-05-45:431337] [ 6] /work/noaa/da/mpotts/sandbox/pgi_2019_openmpi_O_fix_profile_summary_at_scale/esmf/DEFAULTINSTALLDIR/lib/libO/Linux.pgi.64.openmpi.default/libesmf.so(esmf_fieldregridmod_getmeshwithnodesonfieldloc_+0x394)[0x7f04ba872ec4]
[Orion-05-45:431339] [12] /work/noaa/da/mpotts/sandbox/pgi_2019_openmpi_O_fix_profile_summary_at_scale/esmf/DEFAULTINSTALLDIR/lib/libO/Linux.pgi.64.openmpi.default/libesmf.so(ESMCI_FTableCallEntryPointVMHop+0x1ea)[0x7f7ec15d5e2a]
[Orion-05-45:431337] [ 7] /work/noaa/da/mpotts/sandbox/pgi_2019_openmpi_O_fix_profile_summary_at_scale/esmf/DEFAULTINSTALLDIR/lib/libO/Linux.pgi.64.openmpi.default/libesmf.so(esmf_fieldregridmod_esmf_fieldregridstorenx_+0x9cf)[0x7f04ba8713ff]
[Orion-05-45:431339] [13] /work/noaa/da/mpotts/sandbox/pgi_2019_openmpi_O_fix_profile_summary_at_scale/esmf/DEFAULTINSTALLDIR/lib/libO/Linux.pgi.64.openmpi.default/libesmf.so(_ZN5ESMCI2VM5enterEPNS_6VMPlanEPvS3_+0x18)[0x7f7ec19c30f8]
[Orion-05-45:431339] [14] /work/noaa/da/mpotts/sandbox/pgi_2019_openmpi_O_fix_profile_summary_at_scale/esmf/DEFAULTINSTALLDIR/lib/libO/Linux.pgi.64.openmpi.default/libesmf.so(c_esmc_ftablecallentrypointvm_+0x337)[0x7f7ec15d6207]
[Orion-05-45:431337] [ 8] /work/noaa/da/mpotts/sandbox/pgi_2019_openmpi_O_fix_profile_summary_at_scale/esmf/DEFAULTINSTALLDIR/lib/libO/Linux.pgi.64.openmpi.default/libesmf.so(esmf_fieldbundlemod_esmf_fieldbundleregridstorepair_+0x3a1a)[0x7f04ba74c79a]
[Orion-05-45:431339] [15] /work/noaa/da/mpotts/sandbox/pgi_2019_openmpi_O_fix_profile_summary_at_scale/esmf/DEFAULTINSTALLDIR/lib/libO/Linux.pgi.64.openmpi.default/libesmf.so(esmf_compmod_esmf_compexecute_+0x7ed)[0x7f7ec1b96bdd]
[Orion-05-45:431337] [ 9] /work/noaa/da/mpotts/sandbox/pgi_2019_openmpi_O_fix_profile_summary_at_scale/esmf/DEFAULTINSTALLDIR/lib/libO/Linux.pgi.64.openmpi.default/libesmf.so(nuopc_connector_fieldbundlecplstore_+0x90d2)[0x7f04bacfeb62]
[Orion-05-45:431337] [10] /work/noaa/da/mpotts/sandbox/pgi_2019_openmpi_O_fix_profile_summary_at_scale/esmf/DEFAULTINSTALLDIR/lib/libO/Linux.pgi.64.openmpi.default/libesmf.so(nuopc_connector_initializeipdv05p6b_+0x4f76)[0x7f04bace8b76]
[Orion-05-45:431339] [16] /work/noaa/da/mpotts/sandbox/pgi_2019_openmpi_O_fix_profile_summary_at_scale/esmf/DEFAULTINSTALLDIR/lib/libO/Linux.pgi.64.openmpi.default/libesmf.so(esmf_cplcompmod_esmf_cplcompinitialize_+0x161)[0x7f7ec1ba8e21]
[Orion-05-45:431337] [11] /work/noaa/da/mpotts/sandbox/pgi_2019_openmpi_O_fix_profile_summary_at_scale/esmf/DEFAULTINSTALLDIR/lib/libO/Linux.pgi.64.openmpi.default/libesmf.so(_ZN5ESMCI6FTable12callVFuncPtrEPKcPNS_2VMEPi+0x417)[0x7f04ba11fc27]
[Orion-05-45:431339] [17] /work/noaa/da/mpotts/sandbox/pgi_2019_openmpi_O_fix_profile_summary_at_scale/esmf/DEFAULTINSTALLDIR/lib/libO/Linux.pgi.64.openmpi.default/libesmf.so(nuopc_driver_loopconnectorcompss_+0xeb4)[0x7f7ec21d6784]
[Orion-05-45:431337] [12] /work/noaa/da/mpotts/sandbox/pgi_2019_openmpi_O_fix_profile_summary_at_scale/esmf/DEFAULTINSTALLDIR/lib/libO/Linux.pgi.64.openmpi.default/libesmf.so(ESMCI_FTableCallEntryPointVMHop+0x1ea)[0x7f04ba11de2a]
[Orion-05-45:431339] [18] /work/noaa/da/mpotts/sandbox/pgi_2019_openmpi_O_fix_profile_summary_at_scale/esmf/DEFAULTINSTALLDIR/lib/libO/Linux.pgi.64.openmpi.default/libesmf.so(nuopc_driver_initializeipdv02p3_+0x2f77)[0x7f7ec21cdcd7]
[Orion-05-45:431337] [13] /work/noaa/da/mpotts/sandbox/pgi_2019_openmpi_O_fix_profile_summary_at_scale/esmf/DEFAULTINSTALLDIR/lib/libO/Linux.pgi.64.openmpi.default/libesmf.so(_ZN5ESMCI2VM5enterEPNS_6VMPlanEPvS3_+0x18)[0x7f04ba50b0f8]
[Orion-05-45:431339] [19] /work/noaa/da/mpotts/sandbox/pgi_2019_openmpi_O_fix_profile_summary_at_scale/esmf/DEFAULTINSTALLDIR/lib/libO/Linux.pgi.64.openmpi.default/libesmf.so(nuopc_driver_initializegeneric_+0x62a)[0x7f7ec21bc32a]
[Orion-05-45:431337] [14] /work/noaa/da/mpotts/sandbox/pgi_2019_openmpi_O_fix_profile_summary_at_scale/esmf/DEFAULTINSTALLDIR/lib/libO/Linux.pgi.64.openmpi.default/libesmf.so(c_esmc_ftablecallentrypointvm_+0x337)[0x7f04ba11e207]
[Orion-05-45:431339] [20] /work/noaa/da/mpotts/sandbox/pgi_2019_openmpi_O_fix_profile_summary_at_scale/esmf/DEFAULTINSTALLDIR/lib/libO/Linux.pgi.64.openmpi.default/libesmf.so(_ZN5ESMCI6FTable12callVFuncPtrEPKcPNS_2VMEPi+0x417)[0x7f7ec15d7c27]
[Orion-05-45:431337] [15] /work/noaa/da/mpotts/sandbox/pgi_2019_openmpi_O_fix_profile_summary_at_scale/esmf/DEFAULTINSTALLDIR/lib/libO/Linux.pgi.64.openmpi.default/libesmf.so(esmf_compmod_esmf_compexecute_+0x7ed)[0x7f04ba6debdd]
[Orion-05-45:431339] [21] /work/noaa/da/mpotts/sandbox/pgi_2019_openmpi_O_fix_profile_summary_at_scale/esmf/DEFAULTINSTALLDIR/lib/libO/Linux.pgi.64.openmpi.default/libesmf.so(ESMCI_FTableCallEntryPointVMHop+0x1ea)[0x7f7ec15d5e2a]
[Orion-05-45:431339] [22] /work/noaa/da/mpotts/sandbox/pgi_2019_openmpi_O_fix_profile_summary_at_scale/esmf/DEFAULTINSTALLDIR/lib/libO/Linux.pgi.64.openmpi.default/libesmf.so(_ZN5ESMCI2VM5enterEPNS_6VMPlanEPvS3_+0x18)[0x7f7ec19c30f8]
[Orion-05-45:431337] [16] /work/noaa/da/mpotts/sandbox/pgi_2019_openmpi_O_fix_profile_summary_at_scale/esmf/DEFAULTINSTALLDIR/lib/libO/Linux.pgi.64.openmpi.default/libesmf.so(esmf_cplcompmod_esmf_cplcompinitialize_+0x161)[0x7f04ba6f0e21]
[Orion-05-45:431339] [23] /work/noaa/da/mpotts/sandbox/pgi_2019_openmpi_O_fix_profile_summary_at_scale/esmf/DEFAULTINSTALLDIR/lib/libO/Linux.pgi.64.openmpi.default/libesmf.so(c_esmc_ftablecallentrypointvm_+0x337)[0x7f7ec15d6207]
[Orion-05-45:431337] [17] /work/noaa/da/mpotts/sandbox/pgi_2019_openmpi_O_fix_profile_summary_at_scale/esmf/DEFAULTINSTALLDIR/lib/libO/Linux.pgi.64.openmpi.default/libesmf.so(nuopc_driver_loopconnectorcompss_+0xeb4)[0x7f04bad1e784]
[Orion-05-45:431337] [18] /work/noaa/da/mpotts/sandbox/pgi_2019_openmpi_O_fix_profile_summary_at_scale/esmf/DEFAULTINSTALLDIR/lib/libO/Linux.pgi.64.openmpi.default/libesmf.so(nuopc_driver_initializeipdv02p3_+0x2f77)[0x7f04bad15cd7]
[Orion-05-45:431339] [24] /work/noaa/da/mpotts/sandbox/pgi_2019_openmpi_O_fix_profile_summary_at_scale/esmf/DEFAULTINSTALLDIR/lib/libO/Linux.pgi.64.openmpi.default/libesmf.so(esmf_compmod_esmf_compexecute_+0x7ed)[0x7f7ec1b96bdd]
[Orion-05-45:431337] [19] /work/noaa/da/mpotts/sandbox/pgi_2019_openmpi_O_fix_profile_summary_at_scale/esmf/DEFAULTINSTALLDIR/lib/libO/Linux.pgi.64.openmpi.default/libesmf.so(nuopc_driver_initializegeneric_+0x62a)[0x7f04bad0432a]
[Orion-05-45:431339] [25] /work/noaa/da/mpotts/sandbox/pgi_2019_openmpi_O_fix_profile_summary_at_scale/esmf/DEFAULTINSTALLDIR/lib/libO/Linux.pgi.64.openmpi.default/libesmf.so(esmf_gridcompmod_esmf_gridcompinitialize_+0x161)[0x7f7ec1d6fc01]
[Orion-05-45:431339] [26] /work/noaa/da/mpotts/sandbox/pgi_2019_openmpi_O_fix_profile_summary_at_scale/nuopc-app-prototypes/AtmOcnLndProto/./esmApp[0x4061ed]
[Orion-05-45:431339] [27] /work/noaa/da/mpotts/sandbox/pgi_2019_openmpi_O_fix_profile_summary_at_scale/nuopc-app-prototypes/AtmOcnLndProto/./esmApp[0x405e63]
[Orion-05-45:431339] [28] /lib64/libc.so.6(__libc_start_main+0xf5)[0x7f7ebd3c8495]
[Orion-05-45:431339] [29] /work/noaa/da/mpotts/sandbox/pgi_2019_openmpi_O_fix_profile_summary_at_scale/nuopc-app-prototypes/AtmOcnLndProto/./esmApp[0x405d69]
[Orion-05-45:431339] *** End of error message ***
[Orion-05-45:431337] [20] /work/noaa/da/mpotts/sandbox/pgi_2019_openmpi_O_fix_profile_summary_at_scale/esmf/DEFAULTINSTALLDIR/lib/libO/Linux.pgi.64.openmpi.default/libesmf.so(_ZN5ESMCI6FTable12callVFuncPtrEPKcPNS_2VMEPi+0x417)[0x7f04ba11fc27]
[Orion-05-45:431337] [21] /work/noaa/da/mpotts/sandbox/pgi_2019_openmpi_O_fix_profile_summary_at_scale/esmf/DEFAULTINSTALLDIR/lib/libO/Linux.pgi.64.openmpi.default/libesmf.so(ESMCI_FTableCallEntryPointVMHop+0x1ea)[0x7f04ba11de2a]
[Orion-05-45:431337] [22] /work/noaa/da/mpotts/sandbox/pgi_2019_openmpi_O_fix_profile_summary_at_scale/esmf/DEFAULTINSTALLDIR/lib/libO/Linux.pgi.64.openmpi.default/libesmf.so(_ZN5ESMCI2VM5enterEPNS_6VMPlanEPvS3_+0x18)[0x7f04ba50b0f8]
[Orion-05-45:431337] [23] /work/noaa/da/mpotts/sandbox/pgi_2019_openmpi_O_fix_profile_summary_at_scale/esmf/DEFAULTINSTALLDIR/lib/libO/Linux.pgi.64.openmpi.default/libesmf.so(c_esmc_ftablecallentrypointvm_+0x337)[0x7f04ba11e207]
[Orion-05-45:431337] [24] /work/noaa/da/mpotts/sandbox/pgi_2019_openmpi_O_fix_profile_summary_at_scale/esmf/DEFAULTINSTALLDIR/lib/libO/Linux.pgi.64.openmpi.default/libesmf.so(esmf_compmod_esmf_compexecute_+0x7ed)[0x7f04ba6debdd]
[Orion-05-45:431337] [25] /work/noaa/da/mpotts/sandbox/pgi_2019_openmpi_O_fix_profile_summary_at_scale/esmf/DEFAULTINSTALLDIR/lib/libO/Linux.pgi.64.openmpi.default/libesmf.so(esmf_gridcompmod_esmf_gridcompinitialize_+0x161)[0x7f04ba8b7c01]
[Orion-05-45:431337] [26] /work/noaa/da/mpotts/sandbox/pgi_2019_openmpi_O_fix_profile_summary_at_scale/nuopc-app-prototypes/AtmOcnLndProto/./esmApp[0x4061ed]
[Orion-05-45:431337] [27] /work/noaa/da/mpotts/sandbox/pgi_2019_openmpi_O_fix_profile_summary_at_scale/nuopc-app-prototypes/AtmOcnLndProto/./esmApp[0x405e63]
[Orion-05-45:431337] [28] /lib64/libc.so.6(__libc_start_main+0xf5)[0x7f04b5f10495]
[Orion-05-45:431337] [29] /work/noaa/da/mpotts/sandbox/pgi_2019_openmpi_O_fix_profile_summary_at_scale/nuopc-app-prototypes/AtmOcnLndProto/./esmApp[0x405d69]
[Orion-05-45:431337] *** End of error message ***
srun: error: Orion-05-45: tasks 0-3: Segmentation fault
srun: launch/slurm: _step_signal: Terminating StepId=10484225.351
