2023-05-26 19:57:16
20230526 202051.826 INFO             PET0 !!!!!!!!!!!!!!!!!!!!!!!!!!!!!!!!!!!!!!!!!!!!!!!!!!!!!!
20230526 202051.826 INFO             PET0 !!! THE ESMF_LOG IS SET TO OUTPUT ALL LOG MESSAGES !!!
20230526 202051.826 INFO             PET0 !!!     THIS MAY CAUSE SLOWDOWN IN PERFORMANCE     !!!
20230526 202051.826 INFO             PET0 !!! FOR PRODUCTION RUNS, USE:                      !!!
20230526 202051.826 INFO             PET0 !!!                   ESMF_LOGKIND_Multi_On_Error  !!!
20230526 202051.826 INFO             PET0 !!!!!!!!!!!!!!!!!!!!!!!!!!!!!!!!!!!!!!!!!!!!!!!!!!!!!!
20230526 202051.826 INFO             PET0 Running with ESMF Version   : v8.5.0b22-23-g29a87366ab
20230526 202051.826 INFO             PET0 ESMF library build date/time: "May 26 2023" "19:56:05"
20230526 202051.826 INFO             PET0 ESMF library build location : /glade/gust/scratch/theurich/ESMF-Nightly-Testing/cce_15.0.1_mpi_g_develop/esmf
20230526 202051.826 INFO             PET0 ESMF_COMM                   : mpi
20230526 202051.827 INFO             PET0 ESMF_MOAB                   : enabled
20230526 202051.827 INFO             PET0 ESMF_LAPACK                 : enabled
20230526 202051.827 INFO             PET0 ESMF_NETCDF                 : enabled
20230526 202051.827 INFO             PET0 ESMF_PNETCDF                : disabled
20230526 202051.827 INFO             PET0 ESMF_PIO                    : enabled
20230526 202051.827 INFO             PET0 ESMF_YAMLCPP                : enabled
20230526 202051.832 INFO             PET0 ESMF_FieldRedistStoreNF(): Just entered routine.
20230526 202051.995 INFO             PET0 ESMF_FieldRedistStoreNF(): Leaving routine.
20230526 202052.006 INFO             PET0  NUMBER_OF_PROCESSORS 4
20230526 202052.006 INFO             PET0  PASS  Example ESMF_RHandleFromFileEx, ESMF_RHandleFromFileEx.F90, line 192
20230526 202052.006 INFO             PET0 Finalizing ESMF
20230526 202051.827 INFO             PET1 !!!!!!!!!!!!!!!!!!!!!!!!!!!!!!!!!!!!!!!!!!!!!!!!!!!!!!
20230526 202051.827 INFO             PET1 !!! THE ESMF_LOG IS SET TO OUTPUT ALL LOG MESSAGES !!!
20230526 202051.827 INFO             PET1 !!!     THIS MAY CAUSE SLOWDOWN IN PERFORMANCE     !!!
20230526 202051.827 INFO             PET1 !!! FOR PRODUCTION RUNS, USE:                      !!!
20230526 202051.827 INFO             PET1 !!!                   ESMF_LOGKIND_Multi_On_Error  !!!
20230526 202051.827 INFO             PET1 !!!!!!!!!!!!!!!!!!!!!!!!!!!!!!!!!!!!!!!!!!!!!!!!!!!!!!
20230526 202051.827 INFO             PET1 Running with ESMF Version   : v8.5.0b22-23-g29a87366ab
20230526 202051.827 INFO             PET1 ESMF library build date/time: "May 26 2023" "19:56:05"
20230526 202051.827 INFO             PET1 ESMF library build location : /glade/gust/scratch/theurich/ESMF-Nightly-Testing/cce_15.0.1_mpi_g_develop/esmf
20230526 202051.827 INFO             PET1 ESMF_COMM                   : mpi
20230526 202051.827 INFO             PET1 ESMF_MOAB                   : enabled
20230526 202051.827 INFO             PET1 ESMF_LAPACK                 : enabled
20230526 202051.827 INFO             PET1 ESMF_NETCDF                 : enabled
20230526 202051.827 INFO             PET1 ESMF_PNETCDF                : disabled
20230526 202051.827 INFO             PET1 ESMF_PIO                    : enabled
20230526 202051.827 INFO             PET1 ESMF_YAMLCPP                : enabled
20230526 202051.831 INFO             PET1 ESMF_FieldRedistStoreNF(): Just entered routine.
20230526 202051.995 INFO             PET1 ESMF_FieldRedistStoreNF(): Leaving routine.
20230526 202052.006 INFO             PET1  NUMBER_OF_PROCESSORS 4
20230526 202052.006 INFO             PET1  PASS  Example ESMF_RHandleFromFileEx, ESMF_RHandleFromFileEx.F90, line 192
20230526 202052.006 INFO             PET1 Finalizing ESMF
20230526 202051.826 INFO             PET2 !!!!!!!!!!!!!!!!!!!!!!!!!!!!!!!!!!!!!!!!!!!!!!!!!!!!!!
20230526 202051.826 INFO             PET2 !!! THE ESMF_LOG IS SET TO OUTPUT ALL LOG MESSAGES !!!
20230526 202051.826 INFO             PET2 !!!     THIS MAY CAUSE SLOWDOWN IN PERFORMANCE     !!!
20230526 202051.826 INFO             PET2 !!! FOR PRODUCTION RUNS, USE:                      !!!
20230526 202051.826 INFO             PET2 !!!                   ESMF_LOGKIND_Multi_On_Error  !!!
20230526 202051.826 INFO             PET2 !!!!!!!!!!!!!!!!!!!!!!!!!!!!!!!!!!!!!!!!!!!!!!!!!!!!!!
20230526 202051.826 INFO             PET2 Running with ESMF Version   : v8.5.0b22-23-g29a87366ab
20230526 202051.826 INFO             PET2 ESMF library build date/time: "May 26 2023" "19:56:05"
20230526 202051.826 INFO             PET2 ESMF library build location : /glade/gust/scratch/theurich/ESMF-Nightly-Testing/cce_15.0.1_mpi_g_develop/esmf
20230526 202051.826 INFO             PET2 ESMF_COMM                   : mpi
20230526 202051.827 INFO             PET2 ESMF_MOAB                   : enabled
20230526 202051.827 INFO             PET2 ESMF_LAPACK                 : enabled
20230526 202051.827 INFO             PET2 ESMF_NETCDF                 : enabled
20230526 202051.827 INFO             PET2 ESMF_PNETCDF                : disabled
20230526 202051.827 INFO             PET2 ESMF_PIO                    : enabled
20230526 202051.827 INFO             PET2 ESMF_YAMLCPP                : enabled
20230526 202051.831 INFO             PET2 ESMF_FieldRedistStoreNF(): Just entered routine.
20230526 202051.995 INFO             PET2 ESMF_FieldRedistStoreNF(): Leaving routine.
20230526 202052.006 INFO             PET2  NUMBER_OF_PROCESSORS 4
20230526 202052.006 INFO             PET2  PASS  Example ESMF_RHandleFromFileEx, ESMF_RHandleFromFileEx.F90, line 192
20230526 202052.006 INFO             PET2 Finalizing ESMF
20230526 202051.826 INFO             PET3 !!!!!!!!!!!!!!!!!!!!!!!!!!!!!!!!!!!!!!!!!!!!!!!!!!!!!!
20230526 202051.826 INFO             PET3 !!! THE ESMF_LOG IS SET TO OUTPUT ALL LOG MESSAGES !!!
20230526 202051.826 INFO             PET3 !!!     THIS MAY CAUSE SLOWDOWN IN PERFORMANCE     !!!
20230526 202051.826 INFO             PET3 !!! FOR PRODUCTION RUNS, USE:                      !!!
20230526 202051.826 INFO             PET3 !!!                   ESMF_LOGKIND_Multi_On_Error  !!!
20230526 202051.826 INFO             PET3 !!!!!!!!!!!!!!!!!!!!!!!!!!!!!!!!!!!!!!!!!!!!!!!!!!!!!!
20230526 202051.826 INFO             PET3 Running with ESMF Version   : v8.5.0b22-23-g29a87366ab
20230526 202051.826 INFO             PET3 ESMF library build date/time: "May 26 2023" "19:56:05"
20230526 202051.826 INFO             PET3 ESMF library build location : /glade/gust/scratch/theurich/ESMF-Nightly-Testing/cce_15.0.1_mpi_g_develop/esmf
20230526 202051.826 INFO             PET3 ESMF_COMM                   : mpi
20230526 202051.827 INFO             PET3 ESMF_MOAB                   : enabled
20230526 202051.827 INFO             PET3 ESMF_LAPACK                 : enabled
20230526 202051.827 INFO             PET3 ESMF_NETCDF                 : enabled
20230526 202051.827 INFO             PET3 ESMF_PNETCDF                : disabled
20230526 202051.827 INFO             PET3 ESMF_PIO                    : enabled
20230526 202051.827 INFO             PET3 ESMF_YAMLCPP                : enabled
20230526 202051.832 INFO             PET3 ESMF_FieldRedistStoreNF(): Just entered routine.
20230526 202051.995 INFO             PET3 ESMF_FieldRedistStoreNF(): Leaving routine.
20230526 202052.006 INFO             PET3  NUMBER_OF_PROCESSORS 4
20230526 202052.006 INFO             PET3  PASS  Example ESMF_RHandleFromFileEx, ESMF_RHandleFromFileEx.F90, line 192
20230526 202052.006 INFO             PET3 Finalizing ESMF
