2023-05-16 22:57:07
 Field Get Data Pointer example returned
 Field Get Data Pointer example returned
 Field Get Grid and Array example returned
 Field Get Grid and Array example returned
 Field Get Data Pointer example returned
 Field Get Data Pointer example returned
 Field Get Grid and Array example returned
 Field Get Grid and Array example returned
 Field creation from Grid, typekind, and rank returned
 Field creation from Grid, typekind, and rank returned
 Field creation from Grid, typekind, and rank returned
 Field creation from Grid, typekind, and rank returned
 Field creation from Grid and Arrayspec returned
 Field Create from a Grid and an Array returned
 Complete a Field created by ESMF_FieldEmptyCreate returned
 Field creation from Grid and Arrayspec returned
 Field creation from Grid and Arrayspec returned
 Field Create from a Grid and an Array returned
 Complete a Field created by ESMF_FieldEmptyCreate returned
 Field Create from a Grid and an Array returned
 Field creation from Grid and Arrayspec returned
 Complete a Field created by ESMF_FieldEmptyCreate returned
 Field Create from a Grid and an Array returned
 Complete a Field created by ESMF_FieldEmptyCreate returned
 Complete a Field created by ESMF_FieldEmptyCreate returned
 Complete a Field created by ESMF_FieldEmptyCreate returned
 Complete a Field created by ESMF_FieldEmptyCreate returned
 Complete a Field created by ESMF_FieldEmptyCreate returned
 Field Create from a Grid and a Fortran data pointer returned
 Field Create from a Grid and a Fortran data pointer returned
 Field Create from a Grid and a Fortran data pointer returned
 Field Create from a Grid and a Fortran data pointer returned
[h6c29:138439:0:138439] Caught signal 11 (Segmentation fault: address not mapped to object at address (nil))
[h6c29:138441:0:138441] Caught signal 11 (Segmentation fault: address not mapped to object at address (nil))
==== backtrace (tid: 138441) ====
 0 0x000000000004d455 ucs_debug_print_backtrace()  ???:0
 1 0x000000000040a1ba MAIN_()  /scratch2/NCEPDEV/stmp1/Gerhard.Theurich/ESMF-Nightly-Testing/pgi_19.1_intelmpi_g_feature_hconfig-iter/esmf/src/Infrastructure/Field/examples/ESMF_FieldEx.F90:868
 2 0x00000000004034d3 main()  ???:0
 3 0x0000000000022555 __libc_start_main()  ???:0
 4 0x00000000004033d9 _start()  ???:0
=================================
==== backtrace (tid: 138439) ====
 0 0x000000000004d455 ucs_debug_print_backtrace()  ???:0
 1 0x000000000040a09a MAIN_()  /scratch2/NCEPDEV/stmp1/Gerhard.Theurich/ESMF-Nightly-Testing/pgi_19.1_intelmpi_g_feature_hconfig-iter/esmf/src/Infrastructure/Field/examples/ESMF_FieldEx.F90:866
 2 0x00000000004034d3 main()  ???:0
 3 0x0000000000022555 __libc_start_main()  ???:0
 4 0x00000000004033d9 _start()  ???:0
=================================
srun: error: h6c29: tasks 1,3: Segmentation fault (core dumped)
srun: launch/slurm: _step_signal: Terminating StepId=45008743.312
slurmstepd: error: *** STEP 45008743.312 ON h6c29 CANCELLED AT 2023-05-17T11:26:46 ***
srun: error: h6c29: task 2: Terminated
srun: error: h6c29: task 0: Terminated
srun: Force Terminated StepId=45008743.312
