2023-05-13 14:06:52
20230513 144939.574 INFO             PET0 !!!!!!!!!!!!!!!!!!!!!!!!!!!!!!!!!!!!!!!!!!!!!!!!!!!!!!
20230513 144939.574 INFO             PET0 !!! THE ESMF_LOG IS SET TO OUTPUT ALL LOG MESSAGES !!!
20230513 144939.574 INFO             PET0 !!!     THIS MAY CAUSE SLOWDOWN IN PERFORMANCE     !!!
20230513 144939.574 INFO             PET0 !!! FOR PRODUCTION RUNS, USE:                      !!!
20230513 144939.574 INFO             PET0 !!!                   ESMF_LOGKIND_Multi_On_Error  !!!
20230513 144939.574 INFO             PET0 !!!!!!!!!!!!!!!!!!!!!!!!!!!!!!!!!!!!!!!!!!!!!!!!!!!!!!
20230513 144939.574 INFO             PET0 Running with ESMF Version   : v8.5.0b21-20-gc92093e6ca
20230513 144939.574 INFO             PET0 ESMF library build date/time: "May 13 2023" "14:04:30"
20230513 144939.574 INFO             PET0 ESMF library build location : /project/esmf/theurich/ESMF-Nightly-Testing/intel_19.1.0_mpiuni_g_develop/esmf
20230513 144939.574 INFO             PET0 ESMF_COMM                   : mpiuni
20230513 144939.577 INFO             PET0 ESMF_MOAB                   : enabled
20230513 144939.577 INFO             PET0 ESMF_LAPACK                 : enabled
20230513 144939.577 INFO             PET0 ESMF_NETCDF                 : enabled
20230513 144939.577 INFO             PET0 ESMF_PNETCDF                : disabled
20230513 144939.577 INFO             PET0 ESMF_PIO                    : disabled
20230513 144939.577 INFO             PET0 ESMF_YAMLCPP                : enabled
20230513 144939.584 ERROR            PET0 ESMCI_Info.C:1289 Info::set(<json>) Cannot set value  - Error/Return Code 540 (ESMC_RC_CANNOT_SET) - Key '/myIntegerKey' already in map and force=false.
20230513 144939.584 ERROR            PET0 ESMCI_Info.C:1292 Info::set(<json>) Cannot set value  - Internal subroutine call returned Error
20230513 144939.584 ERROR            PET0 ESMCI_Info.C:1334 Info::set(<json>) Cannot set value  - Internal subroutine call returned Error
20230513 144939.584 ERROR            PET0 ESMCI_Info.C:1337 Info::set(<json>) Cannot set value  - Internal subroutine call returned Error
20230513 144939.584 ERROR            PET0 ESMCI_Info.C:1385 Info::set(<scalar>) Cannot set value  - Internal subroutine call returned Error
20230513 144939.584 ERROR            PET0 ESMC_InfoCDefGeneric.C:387 ESMC_InfoSetI4() Cannot set value  - Internal subroutine call returned Error
20230513 144939.584 ERROR            PET0 ESMF_Info.F90:2866 ESMF_InfoSetI4() Cannot set value  - Internal subroutine call returned Error
20230513 144939.588 INFO             PET0  NUMBER_OF_PROCESSORS           1
20230513 144939.588 INFO             PET0  PASS  Example ESMF_InfoTutorialEx, ESMF_InfoTutorialEx.F90, line 335
20230513 144939.588 INFO             PET0 Finalizing ESMF
