2023-04-26 09:43:59
20230426 100735.832 INFO             PET0 !!!!!!!!!!!!!!!!!!!!!!!!!!!!!!!!!!!!!!!!!!!!!!!!!!!!!!
20230426 100735.832 INFO             PET0 !!! THE ESMF_LOG IS SET TO OUTPUT ALL LOG MESSAGES !!!
20230426 100735.832 INFO             PET0 !!!     THIS MAY CAUSE SLOWDOWN IN PERFORMANCE     !!!
20230426 100735.832 INFO             PET0 !!! FOR PRODUCTION RUNS, USE:                      !!!
20230426 100735.832 INFO             PET0 !!!                   ESMF_LOGKIND_Multi_On_Error  !!!
20230426 100735.832 INFO             PET0 !!!!!!!!!!!!!!!!!!!!!!!!!!!!!!!!!!!!!!!!!!!!!!!!!!!!!!
20230426 100735.832 INFO             PET0 Running with ESMF Version   : v8.4.2
20230426 100735.832 INFO             PET0 ESMF library build date/time: "Apr 26 2023" "09:42:24"
20230426 100735.832 INFO             PET0 ESMF library build location : /glade/gust/scratch/theurich/ESMF-Nightly-Testing/intel_2023.0.0-classic_mpi_g_v8.4.2/esmf
20230426 100735.832 INFO             PET0 ESMF_COMM                   : mpi
20230426 100735.833 INFO             PET0 ESMF_MOAB                   : enabled
20230426 100735.833 INFO             PET0 ESMF_LAPACK                 : enabled
20230426 100735.833 INFO             PET0 ESMF_NETCDF                 : enabled
20230426 100735.833 INFO             PET0 ESMF_PNETCDF                : disabled
20230426 100735.833 INFO             PET0 ESMF_PIO                    : enabled
20230426 100735.833 INFO             PET0 ESMF_YAMLCPP                : enabled
20230426 100735.833 INFO             PET0  NUMBER_OF_PROCESSORS           1
20230426 100735.833 INFO             PET0  PASS  Example ESMF_TimeEx, ESMF_TimeEx.F90, line 141
20230426 100735.833 INFO             PET0 Finalizing ESMF
