2023-06-13 04:02:35
20230613 043143.325 INFO             PET0 !!!!!!!!!!!!!!!!!!!!!!!!!!!!!!!!!!!!!!!!!!!!!!!!!!!!!!
20230613 043143.325 INFO             PET0 !!! THE ESMF_LOG IS SET TO OUTPUT ALL LOG MESSAGES !!!
20230613 043143.325 INFO             PET0 !!!     THIS MAY CAUSE SLOWDOWN IN PERFORMANCE     !!!
20230613 043143.325 INFO             PET0 !!! FOR PRODUCTION RUNS, USE:                      !!!
20230613 043143.325 INFO             PET0 !!!                   ESMF_LOGKIND_Multi_On_Error  !!!
20230613 043143.325 INFO             PET0 !!!!!!!!!!!!!!!!!!!!!!!!!!!!!!!!!!!!!!!!!!!!!!!!!!!!!!
20230613 043143.325 INFO             PET0 Running with ESMF Version   : v8.5.0b23-8-g0d4e2fd5e5
20230613 043143.325 INFO             PET0 ESMF library build date/time: "Jun 13 2023" "04:00:22"
20230613 043143.325 INFO             PET0 ESMF library build location : /lfs4/HFIP/hfv3gfs/Mark.Potts/esmf-tests/gfortran_9.2.0_openmpi_g_feature_bopt_g_flags/esmf
20230613 043143.325 INFO             PET0 ESMF_COMM                   : openmpi
20230613 043143.326 INFO             PET0 ESMF_MOAB                   : enabled
20230613 043143.326 INFO             PET0 ESMF_LAPACK                 : enabled
20230613 043143.326 INFO             PET0 ESMF_NETCDF                 : disabled
20230613 043143.326 INFO             PET0 ESMF_PNETCDF                : disabled
20230613 043143.326 INFO             PET0 ESMF_PIO                    : disabled
20230613 043143.326 INFO             PET0 ESMF_YAMLCPP                : enabled
20230613 043143.330 INFO             PET0 AsString: 1
20230613 043143.330 INFO             PET0 asOkay:  T valueI4:          1
20230613 043143.330 INFO             PET0 asOkay:  T valueI8:          1
20230613 043143.330 INFO             PET0 asOkay:  T valueR4:   1.000000
20230613 043143.330 INFO             PET0 asOkay:  T valueR8:   1.000000
20230613 043143.330 INFO             PET0 asOkay:  F valueL:           F
20230613 043143.330 INFO             PET0 AsString: 2
20230613 043143.330 INFO             PET0 asOkay:  T valueI4:          2
20230613 043143.330 INFO             PET0 asOkay:  T valueI8:          2
20230613 043143.330 INFO             PET0 asOkay:  T valueR4:   2.000000
20230613 043143.330 INFO             PET0 asOkay:  T valueR8:   2.000000
20230613 043143.330 INFO             PET0 asOkay:  F valueL:           F
20230613 043143.330 INFO             PET0 AsString: 3
20230613 043143.330 INFO             PET0 asOkay:  T valueI4:          3
20230613 043143.331 INFO             PET0 asOkay:  T valueI8:          3
20230613 043143.331 INFO             PET0 asOkay:  T valueR4:   3.000000
20230613 043143.331 INFO             PET0 asOkay:  T valueR8:   3.000000
20230613 043143.331 INFO             PET0 asOkay:  F valueL:           F
20230613 043143.331 INFO             PET0 AsString: abc
20230613 043143.331 INFO             PET0 asOkay:  F valueI4:          0
20230613 043143.331 INFO             PET0 asOkay:  F valueI8:          0
20230613 043143.331 INFO             PET0 asOkay:  F valueR4:   0.000000
20230613 043143.331 INFO             PET0 asOkay:  F valueR8:   0.000000
20230613 043143.331 INFO             PET0 asOkay:  F valueL:           F
20230613 043143.331 INFO             PET0 AsString: b
20230613 043143.331 INFO             PET0 asOkay:  F valueI4:          0
20230613 043143.331 INFO             PET0 asOkay:  F valueI8:          0
20230613 043143.331 INFO             PET0 asOkay:  F valueR4:   0.000000
20230613 043143.331 INFO             PET0 asOkay:  F valueR8:   0.000000
20230613 043143.331 INFO             PET0 asOkay:  F valueL:           F
20230613 043143.331 INFO             PET0 AsString: TRUE
20230613 043143.331 INFO             PET0 asOkay:  F valueI4:          0
20230613 043143.331 INFO             PET0 asOkay:  F valueI8:          0
20230613 043143.331 INFO             PET0 asOkay:  F valueR4:   0.000000
20230613 043143.331 INFO             PET0 asOkay:  F valueR8:   0.000000
20230613 043143.331 INFO             PET0 asOkay:  T valueL:           T
20230613 043143.331 INFO             PET0 AsString: TRUE
20230613 043143.331 INFO             PET0 asOkay:  F valueI4:          0
20230613 043143.331 INFO             PET0 asOkay:  F valueI8:          0
20230613 043143.331 INFO             PET0 asOkay:  F valueR4:   0.000000
20230613 043143.331 INFO             PET0 asOkay:  F valueR8:   0.000000
20230613 043143.331 INFO             PET0 asOkay:  T valueL:           T
20230613 043143.331 INFO             PET0 AsString: b
20230613 043143.331 INFO             PET0 asOkay:  F valueI4:          0
20230613 043143.331 INFO             PET0 asOkay:  F valueI8:          0
20230613 043143.331 INFO             PET0 asOkay:  F valueR4:   0.000000
20230613 043143.331 INFO             PET0 asOkay:  F valueR8:   0.000000
20230613 043143.331 INFO             PET0 asOkay:  F valueL:           F
20230613 043143.331 INFO             PET0 AsString: abc
20230613 043143.331 INFO             PET0 asOkay:  F valueI4:          0
20230613 043143.331 INFO             PET0 asOkay:  F valueI8:          0
20230613 043143.331 INFO             PET0 asOkay:  F valueR4:   0.000000
20230613 043143.331 INFO             PET0 asOkay:  F valueR8:   0.000000
20230613 043143.331 INFO             PET0 asOkay:  F valueL:           F
20230613 043143.331 INFO             PET0 AsString: 3
20230613 043143.331 INFO             PET0 asOkay:  T valueI4:          3
20230613 043143.331 INFO             PET0 asOkay:  T valueI8:          3
20230613 043143.331 INFO             PET0 asOkay:  T valueR4:   3.000000
20230613 043143.331 INFO             PET0 asOkay:  T valueR8:   3.000000
20230613 043143.331 INFO             PET0 asOkay:  F valueL:           F
20230613 043143.331 INFO             PET0 AsString: 2
20230613 043143.331 INFO             PET0 asOkay:  T valueI4:          2
20230613 043143.331 INFO             PET0 asOkay:  T valueI8:          2
20230613 043143.331 INFO             PET0 asOkay:  T valueR4:   2.000000
20230613 043143.331 INFO             PET0 asOkay:  T valueR8:   2.000000
20230613 043143.331 INFO             PET0 asOkay:  F valueL:           F
20230613 043143.331 INFO             PET0 AsString: 1
20230613 043143.331 INFO             PET0 asOkay:  T valueI4:          1
20230613 043143.331 INFO             PET0 asOkay:  T valueI8:          1
20230613 043143.331 INFO             PET0 asOkay:  T valueR4:   1.000000
20230613 043143.331 INFO             PET0 asOkay:  T valueR8:   1.000000
20230613 043143.331 INFO             PET0 asOkay:  F valueL:           F
20230613 043143.332 INFO             PET0 map key=car map value: AsString: red
20230613 043143.332 INFO             PET0 map key=       car map value: asOkay:  F valueI4:          0
20230613 043143.332 INFO             PET0 map key=       car map value: asOkay:  F valueI8:          0
20230613 043143.332 INFO             PET0 map key=       car map value: asOkay:  F valueR4:   0.000000
20230613 043143.332 INFO             PET0 map key=       car map value: asOkay:  F valueR8:   0.000000
20230613 043143.332 INFO             PET0 map key=       car map value: asOkay:  F valueL:          F
20230613 043143.332 INFO             PET0 map key=bike map value: AsString: 22
20230613 043143.332 INFO             PET0 map key=      bike map value: asOkay:  T valueI4:         22
20230613 043143.332 INFO             PET0 map key=      bike map value: asOkay:  T valueI8:         22
20230613 043143.332 INFO             PET0 map key=      bike map value: asOkay:  T valueR4:  22.000000
20230613 043143.332 INFO             PET0 map key=      bike map value: asOkay:  T valueR8:  22.000000
20230613 043143.332 INFO             PET0 map key=      bike map value: asOkay:  F valueL:          F
20230613 043143.332 INFO             PET0 map key=plane map value: AsString: TRUE
20230613 043143.332 INFO             PET0 map key=     plane map value: asOkay:  F valueI4:          0
20230613 043143.332 INFO             PET0 map key=     plane map value: asOkay:  F valueI8:          0
20230613 043143.332 INFO             PET0 map key=     plane map value: asOkay:  F valueR4:   0.000000
20230613 043143.332 INFO             PET0 map key=     plane map value: asOkay:  F valueR8:   0.000000
20230613 043143.332 INFO             PET0 map key=     plane map value: asOkay:  T valueL:          T
20230613 043143.333 INFO             PET0 map key=bike map value: AsString: 22
20230613 043143.333 INFO             PET0 map key=      bike map value: asOkay:  T valueI4:         22
20230613 043143.333 INFO             PET0 map key=      bike map value: asOkay:  T valueI8:         22
20230613 043143.333 INFO             PET0 map key=      bike map value: asOkay:  T valueR4:  22.000000
20230613 043143.333 INFO             PET0 map key=      bike map value: asOkay:  T valueR8:  22.000000
20230613 043143.334 INFO             PET0 map key=      bike map value: asOkay:  F valueL:          F
20230613 043143.334 INFO             PET0 map key=plane map value: AsString: TRUE
20230613 043143.334 INFO             PET0 map key=     plane map value: asOkay:  F valueI4:          0
20230613 043143.334 INFO             PET0 map key=     plane map value: asOkay:  F valueI8:          0
20230613 043143.335 INFO             PET0 map key=     plane map value: asOkay:  F valueR4:   0.000000
20230613 043143.335 INFO             PET0 map key=     plane map value: asOkay:  F valueR8:   0.000000
20230613 043143.335 INFO             PET0 map key=     plane map value: asOkay:  T valueL:          T
20230613 043143.335 INFO             PET0 map key=car map value: AsString: red
20230613 043143.335 INFO             PET0 map key=       car map value: asOkay:  F valueI4:          0
20230613 043143.335 INFO             PET0 map key=       car map value: asOkay:  F valueI8:          0
20230613 043143.336 INFO             PET0 map key=       car map value: asOkay:  F valueR4:   0.000000
20230613 043143.336 INFO             PET0 map key=       car map value: asOkay:  F valueR8:   0.000000
20230613 043143.336 INFO             PET0 map key=       car map value: asOkay:  F valueL:          F
20230613 043143.338 INFO             PET0 HConfig from Config IsDefined:  T
20230613 043143.338 INFO             PET0 HConfig from Config IsNull:  F
20230613 043143.338 INFO             PET0 HConfig from Config IsSequence:  F
20230613 043143.338 INFO             PET0 HConfig from Config IsMap:  T
20230613 043143.346 INFO             PET0 Empty HConfig tag:               tag:yaml.org,2002:null
20230613 043143.348 INFO             PET0 value_ten HConfig tag:          tag:yaml.org,2002:null
20230613 043143.348 INFO             PET0 value_eleven HConfig tag:          tag:yaml.org,2002:null
20230613 043143.348 INFO             PET0 Top level HConfig tag:          tag:yaml.org,2002:map
20230613 043143.348 INFO             PET0 value_two HConfig tag:           tag:yaml.org,2002:seq
20230613 043143.348 INFO             PET0 first key HConfig tag:           tag:yaml.org,2002:str
20230613 043143.349 INFO             PET0 value_three HConfig tag:           tag:yaml.org,2002:int
20230613 043143.349 INFO             PET0 value_nine HConfig tag:           tag:yaml.org,2002:int
20230613 043143.349 INFO             PET0 value_five HConfig tag:           tag:yaml.org,2002:float
20230613 043143.349 INFO             PET0 value_seven HConfig tag:            tag:yaml.org,2002:bool
20230613 043143.349 INFO             PET0 value_four HConfig tag:           tag:yaml.org,2002:float
20230613 043143.349 INFO             PET0 value_six HConfig tag:             tag:yaml.org,2002:str
20230613 043143.350 INFO             PET0 value_eight HConfig tag:             tag:yaml.org,2002:str
20230613 043143.350 INFO             PET0 value_twelve HConfig tag:                          !myStuff
20230613 043143.370 INFO             PET0 docCount:        3
20230613 043143.374 INFO             PET0 valueI4Seq:        1       2       3
20230613 043143.374 INFO             PET0 asOkay for Logical:  F
20230613 043143.374 INFO             PET0 asOkay for String:  T
20230613 043143.374 INFO             PET0 valueSSeq: 1         2         3
20230613 043143.379 INFO             PET0  NUMBER_OF_PROCESSORS           4
20230613 043143.380 INFO             PET0  PASS  Example ESMF_HConfigEx, ESMF_HConfigEx.F90, line 1802
20230613 043143.380 INFO             PET0 Finalizing ESMF
20230613 043143.326 INFO             PET1 !!!!!!!!!!!!!!!!!!!!!!!!!!!!!!!!!!!!!!!!!!!!!!!!!!!!!!
20230613 043143.326 INFO             PET1 !!! THE ESMF_LOG IS SET TO OUTPUT ALL LOG MESSAGES !!!
20230613 043143.326 INFO             PET1 !!!     THIS MAY CAUSE SLOWDOWN IN PERFORMANCE     !!!
20230613 043143.326 INFO             PET1 !!! FOR PRODUCTION RUNS, USE:                      !!!
20230613 043143.326 INFO             PET1 !!!                   ESMF_LOGKIND_Multi_On_Error  !!!
20230613 043143.326 INFO             PET1 !!!!!!!!!!!!!!!!!!!!!!!!!!!!!!!!!!!!!!!!!!!!!!!!!!!!!!
20230613 043143.326 INFO             PET1 Running with ESMF Version   : v8.5.0b23-8-g0d4e2fd5e5
20230613 043143.326 INFO             PET1 ESMF library build date/time: "Jun 13 2023" "04:00:22"
20230613 043143.326 INFO             PET1 ESMF library build location : /lfs4/HFIP/hfv3gfs/Mark.Potts/esmf-tests/gfortran_9.2.0_openmpi_g_feature_bopt_g_flags/esmf
20230613 043143.326 INFO             PET1 ESMF_COMM                   : openmpi
20230613 043143.326 INFO             PET1 ESMF_MOAB                   : enabled
20230613 043143.326 INFO             PET1 ESMF_LAPACK                 : enabled
20230613 043143.326 INFO             PET1 ESMF_NETCDF                 : disabled
20230613 043143.326 INFO             PET1 ESMF_PNETCDF                : disabled
20230613 043143.326 INFO             PET1 ESMF_PIO                    : disabled
20230613 043143.326 INFO             PET1 ESMF_YAMLCPP                : enabled
20230613 043143.330 INFO             PET1 AsString: 1
20230613 043143.330 INFO             PET1 asOkay:  T valueI4:          1
20230613 043143.330 INFO             PET1 asOkay:  T valueI8:          1
20230613 043143.330 INFO             PET1 asOkay:  T valueR4:   1.000000
20230613 043143.330 INFO             PET1 asOkay:  T valueR8:   1.000000
20230613 043143.330 INFO             PET1 asOkay:  F valueL:           F
20230613 043143.330 INFO             PET1 AsString: 2
20230613 043143.330 INFO             PET1 asOkay:  T valueI4:          2
20230613 043143.330 INFO             PET1 asOkay:  T valueI8:          2
20230613 043143.330 INFO             PET1 asOkay:  T valueR4:   2.000000
20230613 043143.331 INFO             PET1 asOkay:  T valueR8:   2.000000
20230613 043143.331 INFO             PET1 asOkay:  F valueL:           F
20230613 043143.331 INFO             PET1 AsString: 3
20230613 043143.331 INFO             PET1 asOkay:  T valueI4:          3
20230613 043143.331 INFO             PET1 asOkay:  T valueI8:          3
20230613 043143.331 INFO             PET1 asOkay:  T valueR4:   3.000000
20230613 043143.331 INFO             PET1 asOkay:  T valueR8:   3.000000
20230613 043143.331 INFO             PET1 asOkay:  F valueL:           F
20230613 043143.331 INFO             PET1 AsString: abc
20230613 043143.331 INFO             PET1 asOkay:  F valueI4:          0
20230613 043143.331 INFO             PET1 asOkay:  F valueI8:          0
20230613 043143.331 INFO             PET1 asOkay:  F valueR4:   0.000000
20230613 043143.331 INFO             PET1 asOkay:  F valueR8:   0.000000
20230613 043143.331 INFO             PET1 asOkay:  F valueL:           F
20230613 043143.331 INFO             PET1 AsString: b
20230613 043143.331 INFO             PET1 asOkay:  F valueI4:          0
20230613 043143.331 INFO             PET1 asOkay:  F valueI8:          0
20230613 043143.331 INFO             PET1 asOkay:  F valueR4:   0.000000
20230613 043143.331 INFO             PET1 asOkay:  F valueR8:   0.000000
20230613 043143.331 INFO             PET1 asOkay:  F valueL:           F
20230613 043143.331 INFO             PET1 AsString: TRUE
20230613 043143.331 INFO             PET1 asOkay:  F valueI4:          0
20230613 043143.331 INFO             PET1 asOkay:  F valueI8:          0
20230613 043143.331 INFO             PET1 asOkay:  F valueR4:   0.000000
20230613 043143.331 INFO             PET1 asOkay:  F valueR8:   0.000000
20230613 043143.331 INFO             PET1 asOkay:  T valueL:           T
20230613 043143.331 INFO             PET1 AsString: TRUE
20230613 043143.331 INFO             PET1 asOkay:  F valueI4:          0
20230613 043143.331 INFO             PET1 asOkay:  F valueI8:          0
20230613 043143.331 INFO             PET1 asOkay:  F valueR4:   0.000000
20230613 043143.331 INFO             PET1 asOkay:  F valueR8:   0.000000
20230613 043143.331 INFO             PET1 asOkay:  T valueL:           T
20230613 043143.331 INFO             PET1 AsString: b
20230613 043143.331 INFO             PET1 asOkay:  F valueI4:          0
20230613 043143.331 INFO             PET1 asOkay:  F valueI8:          0
20230613 043143.331 INFO             PET1 asOkay:  F valueR4:   0.000000
20230613 043143.331 INFO             PET1 asOkay:  F valueR8:   0.000000
20230613 043143.331 INFO             PET1 asOkay:  F valueL:           F
20230613 043143.331 INFO             PET1 AsString: abc
20230613 043143.331 INFO             PET1 asOkay:  F valueI4:          0
20230613 043143.331 INFO             PET1 asOkay:  F valueI8:          0
20230613 043143.331 INFO             PET1 asOkay:  F valueR4:   0.000000
20230613 043143.331 INFO             PET1 asOkay:  F valueR8:   0.000000
20230613 043143.331 INFO             PET1 asOkay:  F valueL:           F
20230613 043143.331 INFO             PET1 AsString: 3
20230613 043143.331 INFO             PET1 asOkay:  T valueI4:          3
20230613 043143.331 INFO             PET1 asOkay:  T valueI8:          3
20230613 043143.331 INFO             PET1 asOkay:  T valueR4:   3.000000
20230613 043143.331 INFO             PET1 asOkay:  T valueR8:   3.000000
20230613 043143.331 INFO             PET1 asOkay:  F valueL:           F
20230613 043143.332 INFO             PET1 AsString: 2
20230613 043143.332 INFO             PET1 asOkay:  T valueI4:          2
20230613 043143.332 INFO             PET1 asOkay:  T valueI8:          2
20230613 043143.332 INFO             PET1 asOkay:  T valueR4:   2.000000
20230613 043143.332 INFO             PET1 asOkay:  T valueR8:   2.000000
20230613 043143.332 INFO             PET1 asOkay:  F valueL:           F
20230613 043143.332 INFO             PET1 AsString: 1
20230613 043143.332 INFO             PET1 asOkay:  T valueI4:          1
20230613 043143.332 INFO             PET1 asOkay:  T valueI8:          1
20230613 043143.332 INFO             PET1 asOkay:  T valueR4:   1.000000
20230613 043143.332 INFO             PET1 asOkay:  T valueR8:   1.000000
20230613 043143.332 INFO             PET1 asOkay:  F valueL:           F
20230613 043143.332 INFO             PET1 map key=car map value: AsString: red
20230613 043143.332 INFO             PET1 map key=       car map value: asOkay:  F valueI4:          0
20230613 043143.332 INFO             PET1 map key=       car map value: asOkay:  F valueI8:          0
20230613 043143.332 INFO             PET1 map key=       car map value: asOkay:  F valueR4:   0.000000
20230613 043143.332 INFO             PET1 map key=       car map value: asOkay:  F valueR8:   0.000000
20230613 043143.333 INFO             PET1 map key=       car map value: asOkay:  F valueL:          F
20230613 043143.333 INFO             PET1 map key=bike map value: AsString: 22
20230613 043143.333 INFO             PET1 map key=      bike map value: asOkay:  T valueI4:         22
20230613 043143.333 INFO             PET1 map key=      bike map value: asOkay:  T valueI8:         22
20230613 043143.333 INFO             PET1 map key=      bike map value: asOkay:  T valueR4:  22.000000
20230613 043143.333 INFO             PET1 map key=      bike map value: asOkay:  T valueR8:  22.000000
20230613 043143.333 INFO             PET1 map key=      bike map value: asOkay:  F valueL:          F
20230613 043143.333 INFO             PET1 map key=plane map value: AsString: TRUE
20230613 043143.333 INFO             PET1 map key=     plane map value: asOkay:  F valueI4:          0
20230613 043143.333 INFO             PET1 map key=     plane map value: asOkay:  F valueI8:          0
20230613 043143.333 INFO             PET1 map key=     plane map value: asOkay:  F valueR4:   0.000000
20230613 043143.333 INFO             PET1 map key=     plane map value: asOkay:  F valueR8:   0.000000
20230613 043143.333 INFO             PET1 map key=     plane map value: asOkay:  T valueL:          T
20230613 043143.333 INFO             PET1 map key=bike map value: AsString: 22
20230613 043143.333 INFO             PET1 map key=      bike map value: asOkay:  T valueI4:         22
20230613 043143.334 INFO             PET1 map key=      bike map value: asOkay:  T valueI8:         22
20230613 043143.334 INFO             PET1 map key=      bike map value: asOkay:  T valueR4:  22.000000
20230613 043143.334 INFO             PET1 map key=      bike map value: asOkay:  T valueR8:  22.000000
20230613 043143.334 INFO             PET1 map key=      bike map value: asOkay:  F valueL:          F
20230613 043143.335 INFO             PET1 map key=plane map value: AsString: TRUE
20230613 043143.335 INFO             PET1 map key=     plane map value: asOkay:  F valueI4:          0
20230613 043143.335 INFO             PET1 map key=     plane map value: asOkay:  F valueI8:          0
20230613 043143.335 INFO             PET1 map key=     plane map value: asOkay:  F valueR4:   0.000000
20230613 043143.335 INFO             PET1 map key=     plane map value: asOkay:  F valueR8:   0.000000
20230613 043143.335 INFO             PET1 map key=     plane map value: asOkay:  T valueL:          T
20230613 043143.336 INFO             PET1 map key=car map value: AsString: red
20230613 043143.336 INFO             PET1 map key=       car map value: asOkay:  F valueI4:          0
20230613 043143.336 INFO             PET1 map key=       car map value: asOkay:  F valueI8:          0
20230613 043143.336 INFO             PET1 map key=       car map value: asOkay:  F valueR4:   0.000000
20230613 043143.336 INFO             PET1 map key=       car map value: asOkay:  F valueR8:   0.000000
20230613 043143.337 INFO             PET1 map key=       car map value: asOkay:  F valueL:          F
20230613 043143.339 INFO             PET1 HConfig from Config IsDefined:  T
20230613 043143.339 INFO             PET1 HConfig from Config IsNull:  F
20230613 043143.339 INFO             PET1 HConfig from Config IsSequence:  F
20230613 043143.339 INFO             PET1 HConfig from Config IsMap:  T
20230613 043143.344 INFO             PET1 Empty HConfig tag:               tag:yaml.org,2002:null
20230613 043143.347 INFO             PET1 value_ten HConfig tag:          tag:yaml.org,2002:null
20230613 043143.347 INFO             PET1 value_eleven HConfig tag:          tag:yaml.org,2002:null
20230613 043143.347 INFO             PET1 Top level HConfig tag:          tag:yaml.org,2002:map
20230613 043143.347 INFO             PET1 value_two HConfig tag:           tag:yaml.org,2002:seq
20230613 043143.347 INFO             PET1 first key HConfig tag:           tag:yaml.org,2002:str
20230613 043143.347 INFO             PET1 value_three HConfig tag:           tag:yaml.org,2002:int
20230613 043143.347 INFO             PET1 value_nine HConfig tag:           tag:yaml.org,2002:int
20230613 043143.348 INFO             PET1 value_five HConfig tag:           tag:yaml.org,2002:float
20230613 043143.348 INFO             PET1 value_seven HConfig tag:            tag:yaml.org,2002:bool
20230613 043143.348 INFO             PET1 value_four HConfig tag:           tag:yaml.org,2002:float
20230613 043143.348 INFO             PET1 value_six HConfig tag:             tag:yaml.org,2002:str
20230613 043143.348 INFO             PET1 value_eight HConfig tag:             tag:yaml.org,2002:str
20230613 043143.349 INFO             PET1 value_twelve HConfig tag:                          !myStuff
20230613 043143.360 INFO             PET1 docCount:        3
20230613 043143.361 INFO             PET1 valueI4Seq:        1       2       3
20230613 043143.361 INFO             PET1 asOkay for Logical:  F
20230613 043143.361 INFO             PET1 asOkay for String:  T
20230613 043143.361 INFO             PET1 valueSSeq: 1         2         3
20230613 043143.365 INFO             PET1  NUMBER_OF_PROCESSORS           4
20230613 043143.365 INFO             PET1  PASS  Example ESMF_HConfigEx, ESMF_HConfigEx.F90, line 1802
20230613 043143.365 INFO             PET1 Finalizing ESMF
20230613 043143.325 INFO             PET2 !!!!!!!!!!!!!!!!!!!!!!!!!!!!!!!!!!!!!!!!!!!!!!!!!!!!!!
20230613 043143.325 INFO             PET2 !!! THE ESMF_LOG IS SET TO OUTPUT ALL LOG MESSAGES !!!
20230613 043143.325 INFO             PET2 !!!     THIS MAY CAUSE SLOWDOWN IN PERFORMANCE     !!!
20230613 043143.325 INFO             PET2 !!! FOR PRODUCTION RUNS, USE:                      !!!
20230613 043143.325 INFO             PET2 !!!                   ESMF_LOGKIND_Multi_On_Error  !!!
20230613 043143.325 INFO             PET2 !!!!!!!!!!!!!!!!!!!!!!!!!!!!!!!!!!!!!!!!!!!!!!!!!!!!!!
20230613 043143.325 INFO             PET2 Running with ESMF Version   : v8.5.0b23-8-g0d4e2fd5e5
20230613 043143.325 INFO             PET2 ESMF library build date/time: "Jun 13 2023" "04:00:22"
20230613 043143.325 INFO             PET2 ESMF library build location : /lfs4/HFIP/hfv3gfs/Mark.Potts/esmf-tests/gfortran_9.2.0_openmpi_g_feature_bopt_g_flags/esmf
20230613 043143.325 INFO             PET2 ESMF_COMM                   : openmpi
20230613 043143.326 INFO             PET2 ESMF_MOAB                   : enabled
20230613 043143.326 INFO             PET2 ESMF_LAPACK                 : enabled
20230613 043143.326 INFO             PET2 ESMF_NETCDF                 : disabled
20230613 043143.326 INFO             PET2 ESMF_PNETCDF                : disabled
20230613 043143.326 INFO             PET2 ESMF_PIO                    : disabled
20230613 043143.326 INFO             PET2 ESMF_YAMLCPP                : enabled
20230613 043143.330 INFO             PET2 AsString: 1
20230613 043143.330 INFO             PET2 asOkay:  T valueI4:          1
20230613 043143.330 INFO             PET2 asOkay:  T valueI8:          1
20230613 043143.330 INFO             PET2 asOkay:  T valueR4:   1.000000
20230613 043143.330 INFO             PET2 asOkay:  T valueR8:   1.000000
20230613 043143.330 INFO             PET2 asOkay:  F valueL:           F
20230613 043143.330 INFO             PET2 AsString: 2
20230613 043143.330 INFO             PET2 asOkay:  T valueI4:          2
20230613 043143.330 INFO             PET2 asOkay:  T valueI8:          2
20230613 043143.330 INFO             PET2 asOkay:  T valueR4:   2.000000
20230613 043143.330 INFO             PET2 asOkay:  T valueR8:   2.000000
20230613 043143.331 INFO             PET2 asOkay:  F valueL:           F
20230613 043143.331 INFO             PET2 AsString: 3
20230613 043143.331 INFO             PET2 asOkay:  T valueI4:          3
20230613 043143.331 INFO             PET2 asOkay:  T valueI8:          3
20230613 043143.331 INFO             PET2 asOkay:  T valueR4:   3.000000
20230613 043143.331 INFO             PET2 asOkay:  T valueR8:   3.000000
20230613 043143.331 INFO             PET2 asOkay:  F valueL:           F
20230613 043143.331 INFO             PET2 AsString: abc
20230613 043143.331 INFO             PET2 asOkay:  F valueI4:          0
20230613 043143.331 INFO             PET2 asOkay:  F valueI8:          0
20230613 043143.331 INFO             PET2 asOkay:  F valueR4:   0.000000
20230613 043143.331 INFO             PET2 asOkay:  F valueR8:   0.000000
20230613 043143.331 INFO             PET2 asOkay:  F valueL:           F
20230613 043143.331 INFO             PET2 AsString: b
20230613 043143.331 INFO             PET2 asOkay:  F valueI4:          0
20230613 043143.331 INFO             PET2 asOkay:  F valueI8:          0
20230613 043143.331 INFO             PET2 asOkay:  F valueR4:   0.000000
20230613 043143.331 INFO             PET2 asOkay:  F valueR8:   0.000000
20230613 043143.331 INFO             PET2 asOkay:  F valueL:           F
20230613 043143.331 INFO             PET2 AsString: TRUE
20230613 043143.331 INFO             PET2 asOkay:  F valueI4:          0
20230613 043143.331 INFO             PET2 asOkay:  F valueI8:          0
20230613 043143.331 INFO             PET2 asOkay:  F valueR4:   0.000000
20230613 043143.331 INFO             PET2 asOkay:  F valueR8:   0.000000
20230613 043143.331 INFO             PET2 asOkay:  T valueL:           T
20230613 043143.331 INFO             PET2 AsString: TRUE
20230613 043143.331 INFO             PET2 asOkay:  F valueI4:          0
20230613 043143.331 INFO             PET2 asOkay:  F valueI8:          0
20230613 043143.331 INFO             PET2 asOkay:  F valueR4:   0.000000
20230613 043143.331 INFO             PET2 asOkay:  F valueR8:   0.000000
20230613 043143.331 INFO             PET2 asOkay:  T valueL:           T
20230613 043143.331 INFO             PET2 AsString: b
20230613 043143.331 INFO             PET2 asOkay:  F valueI4:          0
20230613 043143.331 INFO             PET2 asOkay:  F valueI8:          0
20230613 043143.331 INFO             PET2 asOkay:  F valueR4:   0.000000
20230613 043143.331 INFO             PET2 asOkay:  F valueR8:   0.000000
20230613 043143.331 INFO             PET2 asOkay:  F valueL:           F
20230613 043143.331 INFO             PET2 AsString: abc
20230613 043143.331 INFO             PET2 asOkay:  F valueI4:          0
20230613 043143.331 INFO             PET2 asOkay:  F valueI8:          0
20230613 043143.331 INFO             PET2 asOkay:  F valueR4:   0.000000
20230613 043143.331 INFO             PET2 asOkay:  F valueR8:   0.000000
20230613 043143.331 INFO             PET2 asOkay:  F valueL:           F
20230613 043143.331 INFO             PET2 AsString: 3
20230613 043143.331 INFO             PET2 asOkay:  T valueI4:          3
20230613 043143.331 INFO             PET2 asOkay:  T valueI8:          3
20230613 043143.331 INFO             PET2 asOkay:  T valueR4:   3.000000
20230613 043143.331 INFO             PET2 asOkay:  T valueR8:   3.000000
20230613 043143.331 INFO             PET2 asOkay:  F valueL:           F
20230613 043143.331 INFO             PET2 AsString: 2
20230613 043143.331 INFO             PET2 asOkay:  T valueI4:          2
20230613 043143.331 INFO             PET2 asOkay:  T valueI8:          2
20230613 043143.331 INFO             PET2 asOkay:  T valueR4:   2.000000
20230613 043143.331 INFO             PET2 asOkay:  T valueR8:   2.000000
20230613 043143.331 INFO             PET2 asOkay:  F valueL:           F
20230613 043143.331 INFO             PET2 AsString: 1
20230613 043143.331 INFO             PET2 asOkay:  T valueI4:          1
20230613 043143.331 INFO             PET2 asOkay:  T valueI8:          1
20230613 043143.331 INFO             PET2 asOkay:  T valueR4:   1.000000
20230613 043143.332 INFO             PET2 asOkay:  T valueR8:   1.000000
20230613 043143.332 INFO             PET2 asOkay:  F valueL:           F
20230613 043143.332 INFO             PET2 map key=car map value: AsString: red
20230613 043143.332 INFO             PET2 map key=       car map value: asOkay:  F valueI4:          0
20230613 043143.332 INFO             PET2 map key=       car map value: asOkay:  F valueI8:          0
20230613 043143.332 INFO             PET2 map key=       car map value: asOkay:  F valueR4:   0.000000
20230613 043143.332 INFO             PET2 map key=       car map value: asOkay:  F valueR8:   0.000000
20230613 043143.332 INFO             PET2 map key=       car map value: asOkay:  F valueL:          F
20230613 043143.332 INFO             PET2 map key=bike map value: AsString: 22
20230613 043143.332 INFO             PET2 map key=      bike map value: asOkay:  T valueI4:         22
20230613 043143.332 INFO             PET2 map key=      bike map value: asOkay:  T valueI8:         22
20230613 043143.332 INFO             PET2 map key=      bike map value: asOkay:  T valueR4:  22.000000
20230613 043143.332 INFO             PET2 map key=      bike map value: asOkay:  T valueR8:  22.000000
20230613 043143.332 INFO             PET2 map key=      bike map value: asOkay:  F valueL:          F
20230613 043143.332 INFO             PET2 map key=plane map value: AsString: TRUE
20230613 043143.332 INFO             PET2 map key=     plane map value: asOkay:  F valueI4:          0
20230613 043143.332 INFO             PET2 map key=     plane map value: asOkay:  F valueI8:          0
20230613 043143.332 INFO             PET2 map key=     plane map value: asOkay:  F valueR4:   0.000000
20230613 043143.332 INFO             PET2 map key=     plane map value: asOkay:  F valueR8:   0.000000
20230613 043143.332 INFO             PET2 map key=     plane map value: asOkay:  T valueL:          T
20230613 043143.333 INFO             PET2 map key=bike map value: AsString: 22
20230613 043143.333 INFO             PET2 map key=      bike map value: asOkay:  T valueI4:         22
20230613 043143.333 INFO             PET2 map key=      bike map value: asOkay:  T valueI8:         22
20230613 043143.333 INFO             PET2 map key=      bike map value: asOkay:  T valueR4:  22.000000
20230613 043143.334 INFO             PET2 map key=      bike map value: asOkay:  T valueR8:  22.000000
20230613 043143.334 INFO             PET2 map key=      bike map value: asOkay:  F valueL:          F
20230613 043143.334 INFO             PET2 map key=plane map value: AsString: TRUE
20230613 043143.334 INFO             PET2 map key=     plane map value: asOkay:  F valueI4:          0
20230613 043143.334 INFO             PET2 map key=     plane map value: asOkay:  F valueI8:          0
20230613 043143.334 INFO             PET2 map key=     plane map value: asOkay:  F valueR4:   0.000000
20230613 043143.335 INFO             PET2 map key=     plane map value: asOkay:  F valueR8:   0.000000
20230613 043143.335 INFO             PET2 map key=     plane map value: asOkay:  T valueL:          T
20230613 043143.335 INFO             PET2 map key=car map value: AsString: red
20230613 043143.335 INFO             PET2 map key=       car map value: asOkay:  F valueI4:          0
20230613 043143.335 INFO             PET2 map key=       car map value: asOkay:  F valueI8:          0
20230613 043143.335 INFO             PET2 map key=       car map value: asOkay:  F valueR4:   0.000000
20230613 043143.336 INFO             PET2 map key=       car map value: asOkay:  F valueR8:   0.000000
20230613 043143.336 INFO             PET2 map key=       car map value: asOkay:  F valueL:          F
20230613 043143.338 INFO             PET2 HConfig from Config IsDefined:  T
20230613 043143.338 INFO             PET2 HConfig from Config IsNull:  F
20230613 043143.338 INFO             PET2 HConfig from Config IsSequence:  F
20230613 043143.338 INFO             PET2 HConfig from Config IsMap:  T
20230613 043143.342 INFO             PET2 Empty HConfig tag:               tag:yaml.org,2002:null
20230613 043143.344 INFO             PET2 value_ten HConfig tag:          tag:yaml.org,2002:null
20230613 043143.344 INFO             PET2 value_eleven HConfig tag:          tag:yaml.org,2002:null
20230613 043143.344 INFO             PET2 Top level HConfig tag:          tag:yaml.org,2002:map
20230613 043143.345 INFO             PET2 value_two HConfig tag:           tag:yaml.org,2002:seq
20230613 043143.345 INFO             PET2 first key HConfig tag:           tag:yaml.org,2002:str
20230613 043143.345 INFO             PET2 value_three HConfig tag:           tag:yaml.org,2002:int
20230613 043143.345 INFO             PET2 value_nine HConfig tag:           tag:yaml.org,2002:int
20230613 043143.345 INFO             PET2 value_five HConfig tag:           tag:yaml.org,2002:float
20230613 043143.345 INFO             PET2 value_seven HConfig tag:            tag:yaml.org,2002:bool
20230613 043143.346 INFO             PET2 value_four HConfig tag:           tag:yaml.org,2002:float
20230613 043143.346 INFO             PET2 value_six HConfig tag:             tag:yaml.org,2002:str
20230613 043143.346 INFO             PET2 value_eight HConfig tag:             tag:yaml.org,2002:str
20230613 043143.346 INFO             PET2 value_twelve HConfig tag:                          !myStuff
20230613 043143.356 INFO             PET2 docCount:        3
20230613 043143.357 INFO             PET2 valueI4Seq:        1       2       3
20230613 043143.357 INFO             PET2 asOkay for Logical:  F
20230613 043143.357 INFO             PET2 asOkay for String:  T
20230613 043143.357 INFO             PET2 valueSSeq: 1         2         3
20230613 043143.360 INFO             PET2  NUMBER_OF_PROCESSORS           4
20230613 043143.360 INFO             PET2  PASS  Example ESMF_HConfigEx, ESMF_HConfigEx.F90, line 1802
20230613 043143.360 INFO             PET2 Finalizing ESMF
20230613 043143.325 INFO             PET3 !!!!!!!!!!!!!!!!!!!!!!!!!!!!!!!!!!!!!!!!!!!!!!!!!!!!!!
20230613 043143.325 INFO             PET3 !!! THE ESMF_LOG IS SET TO OUTPUT ALL LOG MESSAGES !!!
20230613 043143.325 INFO             PET3 !!!     THIS MAY CAUSE SLOWDOWN IN PERFORMANCE     !!!
20230613 043143.325 INFO             PET3 !!! FOR PRODUCTION RUNS, USE:                      !!!
20230613 043143.325 INFO             PET3 !!!                   ESMF_LOGKIND_Multi_On_Error  !!!
20230613 043143.325 INFO             PET3 !!!!!!!!!!!!!!!!!!!!!!!!!!!!!!!!!!!!!!!!!!!!!!!!!!!!!!
20230613 043143.325 INFO             PET3 Running with ESMF Version   : v8.5.0b23-8-g0d4e2fd5e5
20230613 043143.325 INFO             PET3 ESMF library build date/time: "Jun 13 2023" "04:00:22"
20230613 043143.325 INFO             PET3 ESMF library build location : /lfs4/HFIP/hfv3gfs/Mark.Potts/esmf-tests/gfortran_9.2.0_openmpi_g_feature_bopt_g_flags/esmf
20230613 043143.325 INFO             PET3 ESMF_COMM                   : openmpi
20230613 043143.326 INFO             PET3 ESMF_MOAB                   : enabled
20230613 043143.326 INFO             PET3 ESMF_LAPACK                 : enabled
20230613 043143.326 INFO             PET3 ESMF_NETCDF                 : disabled
20230613 043143.326 INFO             PET3 ESMF_PNETCDF                : disabled
20230613 043143.326 INFO             PET3 ESMF_PIO                    : disabled
20230613 043143.326 INFO             PET3 ESMF_YAMLCPP                : enabled
20230613 043143.330 INFO             PET3 AsString: 1
20230613 043143.330 INFO             PET3 asOkay:  T valueI4:          1
20230613 043143.330 INFO             PET3 asOkay:  T valueI8:          1
20230613 043143.330 INFO             PET3 asOkay:  T valueR4:   1.000000
20230613 043143.330 INFO             PET3 asOkay:  T valueR8:   1.000000
20230613 043143.330 INFO             PET3 asOkay:  F valueL:           F
20230613 043143.330 INFO             PET3 AsString: 2
20230613 043143.330 INFO             PET3 asOkay:  T valueI4:          2
20230613 043143.330 INFO             PET3 asOkay:  T valueI8:          2
20230613 043143.330 INFO             PET3 asOkay:  T valueR4:   2.000000
20230613 043143.330 INFO             PET3 asOkay:  T valueR8:   2.000000
20230613 043143.330 INFO             PET3 asOkay:  F valueL:           F
20230613 043143.330 INFO             PET3 AsString: 3
20230613 043143.331 INFO             PET3 asOkay:  T valueI4:          3
20230613 043143.331 INFO             PET3 asOkay:  T valueI8:          3
20230613 043143.331 INFO             PET3 asOkay:  T valueR4:   3.000000
20230613 043143.331 INFO             PET3 asOkay:  T valueR8:   3.000000
20230613 043143.331 INFO             PET3 asOkay:  F valueL:           F
20230613 043143.331 INFO             PET3 AsString: abc
20230613 043143.331 INFO             PET3 asOkay:  F valueI4:          0
20230613 043143.331 INFO             PET3 asOkay:  F valueI8:          0
20230613 043143.331 INFO             PET3 asOkay:  F valueR4:   0.000000
20230613 043143.331 INFO             PET3 asOkay:  F valueR8:   0.000000
20230613 043143.331 INFO             PET3 asOkay:  F valueL:           F
20230613 043143.331 INFO             PET3 AsString: b
20230613 043143.331 INFO             PET3 asOkay:  F valueI4:          0
20230613 043143.331 INFO             PET3 asOkay:  F valueI8:          0
20230613 043143.331 INFO             PET3 asOkay:  F valueR4:   0.000000
20230613 043143.331 INFO             PET3 asOkay:  F valueR8:   0.000000
20230613 043143.331 INFO             PET3 asOkay:  F valueL:           F
20230613 043143.331 INFO             PET3 AsString: TRUE
20230613 043143.331 INFO             PET3 asOkay:  F valueI4:          0
20230613 043143.331 INFO             PET3 asOkay:  F valueI8:          0
20230613 043143.331 INFO             PET3 asOkay:  F valueR4:   0.000000
20230613 043143.331 INFO             PET3 asOkay:  F valueR8:   0.000000
20230613 043143.331 INFO             PET3 asOkay:  T valueL:           T
20230613 043143.331 INFO             PET3 AsString: TRUE
20230613 043143.331 INFO             PET3 asOkay:  F valueI4:          0
20230613 043143.331 INFO             PET3 asOkay:  F valueI8:          0
20230613 043143.331 INFO             PET3 asOkay:  F valueR4:   0.000000
20230613 043143.331 INFO             PET3 asOkay:  F valueR8:   0.000000
20230613 043143.331 INFO             PET3 asOkay:  T valueL:           T
20230613 043143.331 INFO             PET3 AsString: b
20230613 043143.331 INFO             PET3 asOkay:  F valueI4:          0
20230613 043143.331 INFO             PET3 asOkay:  F valueI8:          0
20230613 043143.331 INFO             PET3 asOkay:  F valueR4:   0.000000
20230613 043143.331 INFO             PET3 asOkay:  F valueR8:   0.000000
20230613 043143.331 INFO             PET3 asOkay:  F valueL:           F
20230613 043143.331 INFO             PET3 AsString: abc
20230613 043143.331 INFO             PET3 asOkay:  F valueI4:          0
20230613 043143.331 INFO             PET3 asOkay:  F valueI8:          0
20230613 043143.331 INFO             PET3 asOkay:  F valueR4:   0.000000
20230613 043143.331 INFO             PET3 asOkay:  F valueR8:   0.000000
20230613 043143.331 INFO             PET3 asOkay:  F valueL:           F
20230613 043143.331 INFO             PET3 AsString: 3
20230613 043143.331 INFO             PET3 asOkay:  T valueI4:          3
20230613 043143.331 INFO             PET3 asOkay:  T valueI8:          3
20230613 043143.331 INFO             PET3 asOkay:  T valueR4:   3.000000
20230613 043143.331 INFO             PET3 asOkay:  T valueR8:   3.000000
20230613 043143.331 INFO             PET3 asOkay:  F valueL:           F
20230613 043143.331 INFO             PET3 AsString: 2
20230613 043143.331 INFO             PET3 asOkay:  T valueI4:          2
20230613 043143.331 INFO             PET3 asOkay:  T valueI8:          2
20230613 043143.331 INFO             PET3 asOkay:  T valueR4:   2.000000
20230613 043143.331 INFO             PET3 asOkay:  T valueR8:   2.000000
20230613 043143.331 INFO             PET3 asOkay:  F valueL:           F
20230613 043143.331 INFO             PET3 AsString: 1
20230613 043143.331 INFO             PET3 asOkay:  T valueI4:          1
20230613 043143.331 INFO             PET3 asOkay:  T valueI8:          1
20230613 043143.331 INFO             PET3 asOkay:  T valueR4:   1.000000
20230613 043143.331 INFO             PET3 asOkay:  T valueR8:   1.000000
20230613 043143.331 INFO             PET3 asOkay:  F valueL:           F
20230613 043143.332 INFO             PET3 map key=car map value: AsString: red
20230613 043143.332 INFO             PET3 map key=       car map value: asOkay:  F valueI4:          0
20230613 043143.332 INFO             PET3 map key=       car map value: asOkay:  F valueI8:          0
20230613 043143.332 INFO             PET3 map key=       car map value: asOkay:  F valueR4:   0.000000
20230613 043143.332 INFO             PET3 map key=       car map value: asOkay:  F valueR8:   0.000000
20230613 043143.332 INFO             PET3 map key=       car map value: asOkay:  F valueL:          F
20230613 043143.332 INFO             PET3 map key=bike map value: AsString: 22
20230613 043143.332 INFO             PET3 map key=      bike map value: asOkay:  T valueI4:         22
20230613 043143.332 INFO             PET3 map key=      bike map value: asOkay:  T valueI8:         22
20230613 043143.332 INFO             PET3 map key=      bike map value: asOkay:  T valueR4:  22.000000
20230613 043143.332 INFO             PET3 map key=      bike map value: asOkay:  T valueR8:  22.000000
20230613 043143.332 INFO             PET3 map key=      bike map value: asOkay:  F valueL:          F
20230613 043143.332 INFO             PET3 map key=plane map value: AsString: TRUE
20230613 043143.332 INFO             PET3 map key=     plane map value: asOkay:  F valueI4:          0
20230613 043143.332 INFO             PET3 map key=     plane map value: asOkay:  F valueI8:          0
20230613 043143.332 INFO             PET3 map key=     plane map value: asOkay:  F valueR4:   0.000000
20230613 043143.332 INFO             PET3 map key=     plane map value: asOkay:  F valueR8:   0.000000
20230613 043143.332 INFO             PET3 map key=     plane map value: asOkay:  T valueL:          T
20230613 043143.333 INFO             PET3 map key=bike map value: AsString: 22
20230613 043143.333 INFO             PET3 map key=      bike map value: asOkay:  T valueI4:         22
20230613 043143.333 INFO             PET3 map key=      bike map value: asOkay:  T valueI8:         22
20230613 043143.333 INFO             PET3 map key=      bike map value: asOkay:  T valueR4:  22.000000
20230613 043143.334 INFO             PET3 map key=      bike map value: asOkay:  T valueR8:  22.000000
20230613 043143.334 INFO             PET3 map key=      bike map value: asOkay:  F valueL:          F
20230613 043143.334 INFO             PET3 map key=plane map value: AsString: TRUE
20230613 043143.334 INFO             PET3 map key=     plane map value: asOkay:  F valueI4:          0
20230613 043143.334 INFO             PET3 map key=     plane map value: asOkay:  F valueI8:          0
20230613 043143.334 INFO             PET3 map key=     plane map value: asOkay:  F valueR4:   0.000000
20230613 043143.335 INFO             PET3 map key=     plane map value: asOkay:  F valueR8:   0.000000
20230613 043143.335 INFO             PET3 map key=     plane map value: asOkay:  T valueL:          T
20230613 043143.335 INFO             PET3 map key=car map value: AsString: red
20230613 043143.335 INFO             PET3 map key=       car map value: asOkay:  F valueI4:          0
20230613 043143.335 INFO             PET3 map key=       car map value: asOkay:  F valueI8:          0
20230613 043143.336 INFO             PET3 map key=       car map value: asOkay:  F valueR4:   0.000000
20230613 043143.336 INFO             PET3 map key=       car map value: asOkay:  F valueR8:   0.000000
20230613 043143.336 INFO             PET3 map key=       car map value: asOkay:  F valueL:          F
20230613 043143.338 INFO             PET3 HConfig from Config IsDefined:  T
20230613 043143.338 INFO             PET3 HConfig from Config IsNull:  F
20230613 043143.338 INFO             PET3 HConfig from Config IsSequence:  F
20230613 043143.338 INFO             PET3 HConfig from Config IsMap:  T
20230613 043143.342 INFO             PET3 Empty HConfig tag:               tag:yaml.org,2002:null
20230613 043143.344 INFO             PET3 value_ten HConfig tag:          tag:yaml.org,2002:null
20230613 043143.345 INFO             PET3 value_eleven HConfig tag:          tag:yaml.org,2002:null
20230613 043143.345 INFO             PET3 Top level HConfig tag:          tag:yaml.org,2002:map
20230613 043143.345 INFO             PET3 value_two HConfig tag:           tag:yaml.org,2002:seq
20230613 043143.345 INFO             PET3 first key HConfig tag:           tag:yaml.org,2002:str
20230613 043143.345 INFO             PET3 value_three HConfig tag:           tag:yaml.org,2002:int
20230613 043143.345 INFO             PET3 value_nine HConfig tag:           tag:yaml.org,2002:int
20230613 043143.345 INFO             PET3 value_five HConfig tag:           tag:yaml.org,2002:float
20230613 043143.346 INFO             PET3 value_seven HConfig tag:            tag:yaml.org,2002:bool
20230613 043143.346 INFO             PET3 value_four HConfig tag:           tag:yaml.org,2002:float
20230613 043143.346 INFO             PET3 value_six HConfig tag:             tag:yaml.org,2002:str
20230613 043143.346 INFO             PET3 value_eight HConfig tag:             tag:yaml.org,2002:str
20230613 043143.346 INFO             PET3 value_twelve HConfig tag:                          !myStuff
20230613 043143.356 INFO             PET3 docCount:        3
20230613 043143.357 INFO             PET3 valueI4Seq:        1       2       3
20230613 043143.357 INFO             PET3 asOkay for Logical:  F
20230613 043143.357 INFO             PET3 asOkay for String:  T
20230613 043143.357 INFO             PET3 valueSSeq: 1         2         3
20230613 043143.360 INFO             PET3  NUMBER_OF_PROCESSORS           4
20230613 043143.360 INFO             PET3  PASS  Example ESMF_HConfigEx, ESMF_HConfigEx.F90, line 1802
20230613 043143.360 INFO             PET3 Finalizing ESMF
