2023-05-03 22:21:27
20230503 225010.886 INFO             PET0 !!!!!!!!!!!!!!!!!!!!!!!!!!!!!!!!!!!!!!!!!!!!!!!!!!!!!!
20230503 225010.886 INFO             PET0 !!! THE ESMF_LOG IS SET TO OUTPUT ALL LOG MESSAGES !!!
20230503 225010.886 INFO             PET0 !!!     THIS MAY CAUSE SLOWDOWN IN PERFORMANCE     !!!
20230503 225010.886 INFO             PET0 !!! FOR PRODUCTION RUNS, USE:                      !!!
20230503 225010.886 INFO             PET0 !!!                   ESMF_LOGKIND_Multi_On_Error  !!!
20230503 225010.886 INFO             PET0 !!!!!!!!!!!!!!!!!!!!!!!!!!!!!!!!!!!!!!!!!!!!!!!!!!!!!!
20230503 225010.886 INFO             PET0 Running with ESMF Version   : v8.5.0b20
20230503 225010.886 INFO             PET0 ESMF library build date/time: "May  3 2023" "22:20:07"
20230503 225010.886 INFO             PET0 ESMF library build location : /scratch2/NCEPDEV/stmp1/Gerhard.Theurich/ESMF-Nightly-Testing/intel_2022.3.0-oneAPI_intelmpi_O_develop/esmf
20230503 225010.886 INFO             PET0 ESMF_COMM                   : intelmpi
20230503 225010.887 INFO             PET0 ESMF_MOAB                   : enabled
20230503 225010.887 INFO             PET0 ESMF_LAPACK                 : enabled
20230503 225010.887 INFO             PET0 ESMF_NETCDF                 : enabled
20230503 225010.887 INFO             PET0 ESMF_PNETCDF                : disabled
20230503 225010.887 INFO             PET0 ESMF_PIO                    : enabled
20230503 225010.887 INFO             PET0 ESMF_YAMLCPP                : enabled
20230503 225010.887 INFO             PET0 esmApp STARTING
20230503 225010.890 INFO             PET0 esm: InitializeGeneric intro.
20230503 225010.890 INFO             PET0   esm: InitializeP0 intro.
20230503 225010.890 INFO             PET0   esm: InitializeP0 extro.
20230503 225010.890 INFO             PET0   esm: InitializeIPDv02p1 intro.
20230503 225010.890 INFO             PET0     >>>esm: entered Initialize (phase=<none>) without valid internal Clock.
20230503 225010.890 INFO             PET0     esm - Creating model component ATM with petList of size 2 :
20230503 225010.890 INFO             PET0           0      1
20230503 225010.891 INFO             PET0     esm - Creating model component OCN with petList of size 2 :
20230503 225010.891 INFO             PET0           2      3
20230503 225010.891 INFO             PET0     esm - Creating connector component ATM-TO-OCN with petList of size 4 :
20230503 225010.891 INFO             PET0           0      1      2      3
20230503 225010.894 INFO             PET0     esm - Creating connector component OCN-TO-ATM with petList of size 4 :
20230503 225010.894 INFO             PET0           2      3      0      1
20230503 225010.896 INFO             PET0     esm - Creating state: modelComp 1 Import State
20230503 225010.896 INFO             PET0     esm - Creating state: modelComp 1 Export State
20230503 225010.897 INFO             PET0     esm - Creating state: modelComp 2 Import State
20230503 225010.897 INFO             PET0     esm - Creating state: modelComp 2 Export State
20230503 225010.897 INFO             PET0     ATM: InitializeP0 intro.
20230503 225010.897 INFO             PET0     ATM: InitializeP0 extro.
20230503 225010.898 INFO             PET0     ATM-TO-OCN: InitializeP0 intro.
20230503 225010.898 INFO             PET0     ATM-TO-OCN: InitializeP0 extro.
20230503 225010.898 INFO             PET0     OCN-TO-ATM: InitializeP0 intro.
20230503 225010.898 INFO             PET0     OCN-TO-ATM: InitializeP0 extro.
20230503 225010.899 INFO             PET0     esm: IInitAdvertise intro.
20230503 225010.899 INFO             PET0     esm: IInitAdvertise extro.
20230503 225010.899 INFO             PET0     ATM: InitializeIPDvXp01 intro.
20230503 225010.900 INFO             PET0     ATM: InitializeIPDvXp01 extro.
20230503 225010.901 INFO             PET0     ATM-TO-OCN: InitializeIPDv05p1 intro.
20230503 225010.903 INFO             PET0     ATM-TO-OCN: InitializeIPDv05p1 extro.
20230503 225010.903 INFO             PET0     OCN-TO-ATM: InitializeIPDv05p1 intro.
20230503 225010.905 INFO             PET0     OCN-TO-ATM: InitializeIPDv05p1 extro.
20230503 225010.905 INFO             PET0     esm: IInitAdvertiseFinish intro.
20230503 225010.905 INFO             PET0     esm: IInitAdvertiseFinish extro.
20230503 225010.905 INFO             PET0     ATM-TO-OCN: InitializeIPDv05p2a intro.
20230503 225010.907 INFO             PET0     ATM-TO-OCN: InitializeIPDv05p2a extro.
20230503 225010.907 INFO             PET0     OCN-TO-ATM: InitializeIPDv05p2a intro.
20230503 225010.909 INFO             PET0     OCN-TO-ATM: InitializeIPDv05p2a extro.
20230503 225010.909 INFO             PET0     ATM-TO-OCN: InitializeIPDv05p2b intro.
20230503 225010.910 INFO             PET0     ATM-TO-OCN: InitializeIPDv05p2b extro.
20230503 225010.911 INFO             PET0     OCN-TO-ATM: InitializeIPDv05p2b intro.
20230503 225010.912 INFO             PET0     OCN-TO-ATM: InitializeIPDv05p2b extro.
20230503 225010.912 INFO             PET0     esm: IInitModifyCplLists intro.
20230503 225010.912 INFO             PET0     esm: IInitModifyCplLists extro.
20230503 225010.912 INFO             PET0     ATM-TO-OCN: InitializeIPDv05p3 intro.
20230503 225010.914 INFO             PET0       ATM-TO-OCN: handle cplList(1): air_pressure_at_sea_level, cplSetList(1): __UNSPECIFIED__
20230503 225010.914 INFO             PET0       ATM-TO-OCN: - connected.
20230503 225010.914 INFO             PET0       ATM-TO-OCN: handle cplList(2): surface_net_downward_shortwave_flux, cplSetList(2): __UNSPECIFIED__
20230503 225010.914 INFO             PET0       ATM-TO-OCN: - connected.
20230503 225010.914 INFO             PET0     ATM-TO-OCN: InitializeIPDv05p3 extro.
20230503 225010.914 INFO             PET0     OCN-TO-ATM: InitializeIPDv05p3 intro.
20230503 225010.915 INFO             PET0       OCN-TO-ATM: handle cplList(1): sea_surface_temperature, cplSetList(1): __UNSPECIFIED__
20230503 225010.915 INFO             PET0       OCN-TO-ATM: - connected.
20230503 225010.915 INFO             PET0     OCN-TO-ATM: InitializeIPDv05p3 extro.
20230503 225010.915 INFO             PET0     <<<esm: leaving Initialize (phase=<none>) with current time: 2010  6  1  0  0  0   0
20230503 225010.915 INFO             PET0   esm: InitializeIPDv02p1 extro.
20230503 225010.915 INFO             PET0   esm: InitializeIPDv02p3 intro.
20230503 225010.915 INFO             PET0     >>>esm: entered Initialize (phase=<none>) with current time: 2010  6  1  0  0  0   0
20230503 225010.916 INFO             PET0     esm: IInitCheck intro.
20230503 225010.916 INFO             PET0     esm: IInitCheck extro.
20230503 225010.916 INFO             PET0     ATM: InitializeIPDvXp04 intro.
20230503 225010.918 INFO             PET0     ATM: InitializeIPDvXp04 extro.
20230503 225010.918 INFO             PET0     ATM-TO-OCN: InitializeIPDv05p4 intro.
20230503 225010.921 INFO             PET0       ATM-TO-OCN: handle cplList(1): air_pressure_at_sea_level, cplSetList(1): __UNSPECIFIED__
20230503 225010.921 INFO             PET0       ATM-TO-OCN: - nothing shared or transferred
20230503 225010.921 INFO             PET0       ATM-TO-OCN: handle cplList(2): surface_net_downward_shortwave_flux, cplSetList(2): __UNSPECIFIED__
20230503 225010.921 INFO             PET0       ATM-TO-OCN: - nothing shared or transferred
20230503 225010.921 INFO             PET0     ATM-TO-OCN: InitializeIPDv05p4 extro.
20230503 225010.921 INFO             PET0     OCN-TO-ATM: InitializeIPDv05p4 intro.
20230503 225010.923 INFO             PET0       OCN-TO-ATM: handle cplList(1): sea_surface_temperature, cplSetList(1): __UNSPECIFIED__
20230503 225010.923 INFO             PET0       OCN-TO-ATM: - nothing shared or transferred
20230503 225010.923 INFO             PET0     OCN-TO-ATM: InitializeIPDv05p4 extro.
20230503 225010.923 INFO             PET0     ATM-TO-OCN: InitializeIPDv05p5 intro.
20230503 225010.926 INFO             PET0       ATM-TO-OCN: handle cplList(1): air_pressure_at_sea_level, cplSetList(1): __UNSPECIFIED__
20230503 225010.926 INFO             PET0       ATM-TO-OCN: - nothing shared or transferred, or may already be handled
20230503 225010.926 INFO             PET0       ATM-TO-OCN: handle cplList(2): surface_net_downward_shortwave_flux, cplSetList(2): __UNSPECIFIED__
20230503 225010.926 INFO             PET0       ATM-TO-OCN: - nothing shared or transferred, or may already be handled
20230503 225010.926 INFO             PET0     ATM-TO-OCN: InitializeIPDv05p5 extro.
20230503 225010.926 INFO             PET0     OCN-TO-ATM: InitializeIPDv05p5 intro.
20230503 225010.928 INFO             PET0       OCN-TO-ATM: handle cplList(1): sea_surface_temperature, cplSetList(1): __UNSPECIFIED__
20230503 225010.928 INFO             PET0       OCN-TO-ATM: - nothing shared or transferred, or may already be handled
20230503 225010.928 INFO             PET0     OCN-TO-ATM: InitializeIPDv05p5 extro.
20230503 225010.928 INFO             PET0     esm: IInitRealize intro.
20230503 225010.928 INFO             PET0     esm: IInitRealize extro.
20230503 225010.928 INFO             PET0     ATM-TO-OCN: InitializeIPDv05p6a intro.
20230503 225010.931 INFO             PET0     ATM-TO-OCN: InitializeIPDv05p6a extro.
20230503 225010.931 INFO             PET0     OCN-TO-ATM: InitializeIPDv05p6a intro.
20230503 225010.933 INFO             PET0     OCN-TO-ATM: InitializeIPDv05p6a extro.
20230503 225010.933 INFO             PET0     ATM-TO-OCN: InitializeIPDv05p6b intro.
20230503 225010.933 INFO             PET0       ATM-TO-OCN: handle cplList(1): air_pressure_at_sea_level, cplSetList(1): __UNSPECIFIED__
20230503 225010.887 INFO             PET1 !!!!!!!!!!!!!!!!!!!!!!!!!!!!!!!!!!!!!!!!!!!!!!!!!!!!!!
20230503 225010.887 INFO             PET1 !!! THE ESMF_LOG IS SET TO OUTPUT ALL LOG MESSAGES !!!
20230503 225010.887 INFO             PET1 !!!     THIS MAY CAUSE SLOWDOWN IN PERFORMANCE     !!!
20230503 225010.887 INFO             PET1 !!! FOR PRODUCTION RUNS, USE:                      !!!
20230503 225010.887 INFO             PET1 !!!                   ESMF_LOGKIND_Multi_On_Error  !!!
20230503 225010.887 INFO             PET1 !!!!!!!!!!!!!!!!!!!!!!!!!!!!!!!!!!!!!!!!!!!!!!!!!!!!!!
20230503 225010.887 INFO             PET1 Running with ESMF Version   : v8.5.0b20
20230503 225010.887 INFO             PET1 ESMF library build date/time: "May  3 2023" "22:20:07"
20230503 225010.887 INFO             PET1 ESMF library build location : /scratch2/NCEPDEV/stmp1/Gerhard.Theurich/ESMF-Nightly-Testing/intel_2022.3.0-oneAPI_intelmpi_O_develop/esmf
20230503 225010.887 INFO             PET1 ESMF_COMM                   : intelmpi
20230503 225010.887 INFO             PET1 ESMF_MOAB                   : enabled
20230503 225010.887 INFO             PET1 ESMF_LAPACK                 : enabled
20230503 225010.887 INFO             PET1 ESMF_NETCDF                 : enabled
20230503 225010.887 INFO             PET1 ESMF_PNETCDF                : disabled
20230503 225010.887 INFO             PET1 ESMF_PIO                    : enabled
20230503 225010.887 INFO             PET1 ESMF_YAMLCPP                : enabled
20230503 225010.887 INFO             PET1 esmApp STARTING
20230503 225010.890 INFO             PET1 esm: InitializeGeneric intro.
20230503 225010.890 INFO             PET1   esm: InitializeP0 intro.
20230503 225010.890 INFO             PET1   esm: InitializeP0 extro.
20230503 225010.890 INFO             PET1   esm: InitializeIPDv02p1 intro.
20230503 225010.890 INFO             PET1     >>>esm: entered Initialize (phase=<none>) without valid internal Clock.
20230503 225010.890 INFO             PET1     esm - Creating model component ATM with petList of size 2 :
20230503 225010.890 INFO             PET1           0      1
20230503 225010.891 INFO             PET1     esm - Creating model component OCN with petList of size 2 :
20230503 225010.891 INFO             PET1           2      3
20230503 225010.891 INFO             PET1     esm - Creating connector component ATM-TO-OCN with petList of size 4 :
20230503 225010.891 INFO             PET1           0      1      2      3
20230503 225010.894 INFO             PET1     esm - Creating connector component OCN-TO-ATM with petList of size 4 :
20230503 225010.894 INFO             PET1           2      3      0      1
20230503 225010.896 INFO             PET1     esm - Creating state: modelComp 1 Import State
20230503 225010.896 INFO             PET1     esm - Creating state: modelComp 1 Export State
20230503 225010.897 INFO             PET1     esm - Creating state: modelComp 2 Import State
20230503 225010.897 INFO             PET1     esm - Creating state: modelComp 2 Export State
20230503 225010.897 INFO             PET1     ATM: InitializeP0 intro.
20230503 225010.897 INFO             PET1     ATM: InitializeP0 extro.
20230503 225010.898 INFO             PET1     ATM-TO-OCN: InitializeP0 intro.
20230503 225010.898 INFO             PET1     ATM-TO-OCN: InitializeP0 extro.
20230503 225010.898 INFO             PET1     OCN-TO-ATM: InitializeP0 intro.
20230503 225010.899 INFO             PET1     OCN-TO-ATM: InitializeP0 extro.
20230503 225010.899 INFO             PET1     esm: IInitAdvertise intro.
20230503 225010.899 INFO             PET1     esm: IInitAdvertise extro.
20230503 225010.899 INFO             PET1     ATM: InitializeIPDvXp01 intro.
20230503 225010.900 INFO             PET1     ATM: InitializeIPDvXp01 extro.
20230503 225010.901 INFO             PET1     ATM-TO-OCN: InitializeIPDv05p1 intro.
20230503 225010.903 INFO             PET1     ATM-TO-OCN: InitializeIPDv05p1 extro.
20230503 225010.903 INFO             PET1     OCN-TO-ATM: InitializeIPDv05p1 intro.
20230503 225010.905 INFO             PET1     OCN-TO-ATM: InitializeIPDv05p1 extro.
20230503 225010.905 INFO             PET1     esm: IInitAdvertiseFinish intro.
20230503 225010.905 INFO             PET1     esm: IInitAdvertiseFinish extro.
20230503 225010.905 INFO             PET1     ATM-TO-OCN: InitializeIPDv05p2a intro.
20230503 225010.907 INFO             PET1     ATM-TO-OCN: InitializeIPDv05p2a extro.
20230503 225010.907 INFO             PET1     OCN-TO-ATM: InitializeIPDv05p2a intro.
20230503 225010.909 INFO             PET1     OCN-TO-ATM: InitializeIPDv05p2a extro.
20230503 225010.909 INFO             PET1     ATM-TO-OCN: InitializeIPDv05p2b intro.
20230503 225010.910 INFO             PET1     ATM-TO-OCN: InitializeIPDv05p2b extro.
20230503 225010.911 INFO             PET1     OCN-TO-ATM: InitializeIPDv05p2b intro.
20230503 225010.912 INFO             PET1     OCN-TO-ATM: InitializeIPDv05p2b extro.
20230503 225010.912 INFO             PET1     esm: IInitModifyCplLists intro.
20230503 225010.912 INFO             PET1     esm: IInitModifyCplLists extro.
20230503 225010.912 INFO             PET1     ATM-TO-OCN: InitializeIPDv05p3 intro.
20230503 225010.914 INFO             PET1       ATM-TO-OCN: handle cplList(1): air_pressure_at_sea_level, cplSetList(1): __UNSPECIFIED__
20230503 225010.914 INFO             PET1       ATM-TO-OCN: - connected.
20230503 225010.914 INFO             PET1       ATM-TO-OCN: handle cplList(2): surface_net_downward_shortwave_flux, cplSetList(2): __UNSPECIFIED__
20230503 225010.914 INFO             PET1       ATM-TO-OCN: - connected.
20230503 225010.914 INFO             PET1     ATM-TO-OCN: InitializeIPDv05p3 extro.
20230503 225010.914 INFO             PET1     OCN-TO-ATM: InitializeIPDv05p3 intro.
20230503 225010.915 INFO             PET1       OCN-TO-ATM: handle cplList(1): sea_surface_temperature, cplSetList(1): __UNSPECIFIED__
20230503 225010.915 INFO             PET1       OCN-TO-ATM: - connected.
20230503 225010.915 INFO             PET1     OCN-TO-ATM: InitializeIPDv05p3 extro.
20230503 225010.915 INFO             PET1     <<<esm: leaving Initialize (phase=<none>) with current time: 2010  6  1  0  0  0   0
20230503 225010.915 INFO             PET1   esm: InitializeIPDv02p1 extro.
20230503 225010.915 INFO             PET1   esm: InitializeIPDv02p3 intro.
20230503 225010.915 INFO             PET1     >>>esm: entered Initialize (phase=<none>) with current time: 2010  6  1  0  0  0   0
20230503 225010.916 INFO             PET1     esm: IInitCheck intro.
20230503 225010.916 INFO             PET1     esm: IInitCheck extro.
20230503 225010.916 INFO             PET1     ATM: InitializeIPDvXp04 intro.
20230503 225010.918 INFO             PET1     ATM: InitializeIPDvXp04 extro.
20230503 225010.918 INFO             PET1     ATM-TO-OCN: InitializeIPDv05p4 intro.
20230503 225010.921 INFO             PET1       ATM-TO-OCN: handle cplList(1): air_pressure_at_sea_level, cplSetList(1): __UNSPECIFIED__
20230503 225010.921 INFO             PET1       ATM-TO-OCN: - nothing shared or transferred
20230503 225010.921 INFO             PET1       ATM-TO-OCN: handle cplList(2): surface_net_downward_shortwave_flux, cplSetList(2): __UNSPECIFIED__
20230503 225010.921 INFO             PET1       ATM-TO-OCN: - nothing shared or transferred
20230503 225010.921 INFO             PET1     ATM-TO-OCN: InitializeIPDv05p4 extro.
20230503 225010.921 INFO             PET1     OCN-TO-ATM: InitializeIPDv05p4 intro.
20230503 225010.923 INFO             PET1       OCN-TO-ATM: handle cplList(1): sea_surface_temperature, cplSetList(1): __UNSPECIFIED__
20230503 225010.923 INFO             PET1       OCN-TO-ATM: - nothing shared or transferred
20230503 225010.923 INFO             PET1     OCN-TO-ATM: InitializeIPDv05p4 extro.
20230503 225010.923 INFO             PET1     ATM-TO-OCN: InitializeIPDv05p5 intro.
20230503 225010.926 INFO             PET1       ATM-TO-OCN: handle cplList(1): air_pressure_at_sea_level, cplSetList(1): __UNSPECIFIED__
20230503 225010.926 INFO             PET1       ATM-TO-OCN: - nothing shared or transferred, or may already be handled
20230503 225010.926 INFO             PET1       ATM-TO-OCN: handle cplList(2): surface_net_downward_shortwave_flux, cplSetList(2): __UNSPECIFIED__
20230503 225010.926 INFO             PET1       ATM-TO-OCN: - nothing shared or transferred, or may already be handled
20230503 225010.926 INFO             PET1     ATM-TO-OCN: InitializeIPDv05p5 extro.
20230503 225010.926 INFO             PET1     OCN-TO-ATM: InitializeIPDv05p5 intro.
20230503 225010.928 INFO             PET1       OCN-TO-ATM: handle cplList(1): sea_surface_temperature, cplSetList(1): __UNSPECIFIED__
20230503 225010.928 INFO             PET1       OCN-TO-ATM: - nothing shared or transferred, or may already be handled
20230503 225010.928 INFO             PET1     OCN-TO-ATM: InitializeIPDv05p5 extro.
20230503 225010.928 INFO             PET1     esm: IInitRealize intro.
20230503 225010.928 INFO             PET1     esm: IInitRealize extro.
20230503 225010.928 INFO             PET1     ATM-TO-OCN: InitializeIPDv05p6a intro.
20230503 225010.931 INFO             PET1     ATM-TO-OCN: InitializeIPDv05p6a extro.
20230503 225010.931 INFO             PET1     OCN-TO-ATM: InitializeIPDv05p6a intro.
20230503 225010.933 INFO             PET1     OCN-TO-ATM: InitializeIPDv05p6a extro.
20230503 225010.933 INFO             PET1     ATM-TO-OCN: InitializeIPDv05p6b intro.
20230503 225010.933 INFO             PET1       ATM-TO-OCN: handle cplList(1): air_pressure_at_sea_level, cplSetList(1): __UNSPECIFIED__
20230503 225010.886 INFO             PET2 !!!!!!!!!!!!!!!!!!!!!!!!!!!!!!!!!!!!!!!!!!!!!!!!!!!!!!
20230503 225010.886 INFO             PET2 !!! THE ESMF_LOG IS SET TO OUTPUT ALL LOG MESSAGES !!!
20230503 225010.886 INFO             PET2 !!!     THIS MAY CAUSE SLOWDOWN IN PERFORMANCE     !!!
20230503 225010.886 INFO             PET2 !!! FOR PRODUCTION RUNS, USE:                      !!!
20230503 225010.886 INFO             PET2 !!!                   ESMF_LOGKIND_Multi_On_Error  !!!
20230503 225010.886 INFO             PET2 !!!!!!!!!!!!!!!!!!!!!!!!!!!!!!!!!!!!!!!!!!!!!!!!!!!!!!
20230503 225010.886 INFO             PET2 Running with ESMF Version   : v8.5.0b20
20230503 225010.886 INFO             PET2 ESMF library build date/time: "May  3 2023" "22:20:07"
20230503 225010.886 INFO             PET2 ESMF library build location : /scratch2/NCEPDEV/stmp1/Gerhard.Theurich/ESMF-Nightly-Testing/intel_2022.3.0-oneAPI_intelmpi_O_develop/esmf
20230503 225010.886 INFO             PET2 ESMF_COMM                   : intelmpi
20230503 225010.887 INFO             PET2 ESMF_MOAB                   : enabled
20230503 225010.887 INFO             PET2 ESMF_LAPACK                 : enabled
20230503 225010.887 INFO             PET2 ESMF_NETCDF                 : enabled
20230503 225010.887 INFO             PET2 ESMF_PNETCDF                : disabled
20230503 225010.887 INFO             PET2 ESMF_PIO                    : enabled
20230503 225010.887 INFO             PET2 ESMF_YAMLCPP                : enabled
20230503 225010.887 INFO             PET2 esmApp STARTING
20230503 225010.890 INFO             PET2 esm: InitializeGeneric intro.
20230503 225010.890 INFO             PET2   esm: InitializeP0 intro.
20230503 225010.890 INFO             PET2   esm: InitializeP0 extro.
20230503 225010.890 INFO             PET2   esm: InitializeIPDv02p1 intro.
20230503 225010.890 INFO             PET2     >>>esm: entered Initialize (phase=<none>) without valid internal Clock.
20230503 225010.890 INFO             PET2     esm - Creating model component ATM with petList of size 2 :
20230503 225010.890 INFO             PET2           0      1
20230503 225010.891 INFO             PET2     esm - Creating model component OCN with petList of size 2 :
20230503 225010.891 INFO             PET2           2      3
20230503 225010.892 INFO             PET2     esm - Creating connector component ATM-TO-OCN with petList of size 4 :
20230503 225010.892 INFO             PET2           0      1      2      3
20230503 225010.894 INFO             PET2     esm - Creating connector component OCN-TO-ATM with petList of size 4 :
20230503 225010.894 INFO             PET2           2      3      0      1
20230503 225010.896 INFO             PET2     esm - Creating state: modelComp 1 Import State
20230503 225010.896 INFO             PET2     esm - Creating state: modelComp 1 Export State
20230503 225010.897 INFO             PET2     esm - Creating state: modelComp 2 Import State
20230503 225010.897 INFO             PET2     esm - Creating state: modelComp 2 Export State
20230503 225010.897 INFO             PET2     OCN: InitializeP0 intro.
20230503 225010.897 INFO             PET2     OCN: InitializeP0 extro.
20230503 225010.898 INFO             PET2     ATM-TO-OCN: InitializeP0 intro.
20230503 225010.898 INFO             PET2     ATM-TO-OCN: InitializeP0 extro.
20230503 225010.898 INFO             PET2     OCN-TO-ATM: InitializeP0 intro.
20230503 225010.899 INFO             PET2     OCN-TO-ATM: InitializeP0 extro.
20230503 225010.899 INFO             PET2     esm: IInitAdvertise intro.
20230503 225010.899 INFO             PET2     esm: IInitAdvertise extro.
20230503 225010.899 INFO             PET2     OCN: InitializeIPDvXp01 intro.
20230503 225010.900 INFO             PET2     OCN: InitializeIPDvXp01 extro.
20230503 225010.901 INFO             PET2     ATM-TO-OCN: InitializeIPDv05p1 intro.
20230503 225010.903 INFO             PET2     ATM-TO-OCN: InitializeIPDv05p1 extro.
20230503 225010.903 INFO             PET2     OCN-TO-ATM: InitializeIPDv05p1 intro.
20230503 225010.905 INFO             PET2     OCN-TO-ATM: InitializeIPDv05p1 extro.
20230503 225010.905 INFO             PET2     esm: IInitAdvertiseFinish intro.
20230503 225010.905 INFO             PET2     esm: IInitAdvertiseFinish extro.
20230503 225010.905 INFO             PET2     ATM-TO-OCN: InitializeIPDv05p2a intro.
20230503 225010.907 INFO             PET2     ATM-TO-OCN: InitializeIPDv05p2a extro.
20230503 225010.907 INFO             PET2     OCN-TO-ATM: InitializeIPDv05p2a intro.
20230503 225010.909 INFO             PET2     OCN-TO-ATM: InitializeIPDv05p2a extro.
20230503 225010.909 INFO             PET2     ATM-TO-OCN: InitializeIPDv05p2b intro.
20230503 225010.910 INFO             PET2     ATM-TO-OCN: InitializeIPDv05p2b extro.
20230503 225010.911 INFO             PET2     OCN-TO-ATM: InitializeIPDv05p2b intro.
20230503 225010.912 INFO             PET2     OCN-TO-ATM: InitializeIPDv05p2b extro.
20230503 225010.912 INFO             PET2     esm: IInitModifyCplLists intro.
20230503 225010.912 INFO             PET2     esm: IInitModifyCplLists extro.
20230503 225010.912 INFO             PET2     ATM-TO-OCN: InitializeIPDv05p3 intro.
20230503 225010.914 INFO             PET2       ATM-TO-OCN: handle cplList(1): air_pressure_at_sea_level, cplSetList(1): __UNSPECIFIED__
20230503 225010.914 INFO             PET2       ATM-TO-OCN: - connected.
20230503 225010.914 INFO             PET2       ATM-TO-OCN: handle cplList(2): surface_net_downward_shortwave_flux, cplSetList(2): __UNSPECIFIED__
20230503 225010.914 INFO             PET2       ATM-TO-OCN: - connected.
20230503 225010.914 INFO             PET2     ATM-TO-OCN: InitializeIPDv05p3 extro.
20230503 225010.914 INFO             PET2     OCN-TO-ATM: InitializeIPDv05p3 intro.
20230503 225010.915 INFO             PET2       OCN-TO-ATM: handle cplList(1): sea_surface_temperature, cplSetList(1): __UNSPECIFIED__
20230503 225010.915 INFO             PET2       OCN-TO-ATM: - connected.
20230503 225010.915 INFO             PET2     OCN-TO-ATM: InitializeIPDv05p3 extro.
20230503 225010.915 INFO             PET2     <<<esm: leaving Initialize (phase=<none>) with current time: 2010  6  1  0  0  0   0
20230503 225010.915 INFO             PET2   esm: InitializeIPDv02p1 extro.
20230503 225010.915 INFO             PET2   esm: InitializeIPDv02p3 intro.
20230503 225010.915 INFO             PET2     >>>esm: entered Initialize (phase=<none>) with current time: 2010  6  1  0  0  0   0
20230503 225010.916 INFO             PET2     esm: IInitCheck intro.
20230503 225010.916 INFO             PET2     esm: IInitCheck extro.
20230503 225010.916 INFO             PET2     OCN: InitializeIPDvXp04 intro.
20230503 225010.918 INFO             PET2     OCN: InitializeIPDvXp04 extro.
20230503 225010.918 INFO             PET2     ATM-TO-OCN: InitializeIPDv05p4 intro.
20230503 225010.921 INFO             PET2       ATM-TO-OCN: handle cplList(1): air_pressure_at_sea_level, cplSetList(1): __UNSPECIFIED__
20230503 225010.921 INFO             PET2       ATM-TO-OCN: - nothing shared or transferred
20230503 225010.921 INFO             PET2       ATM-TO-OCN: handle cplList(2): surface_net_downward_shortwave_flux, cplSetList(2): __UNSPECIFIED__
20230503 225010.921 INFO             PET2       ATM-TO-OCN: - nothing shared or transferred
20230503 225010.921 INFO             PET2     ATM-TO-OCN: InitializeIPDv05p4 extro.
20230503 225010.921 INFO             PET2     OCN-TO-ATM: InitializeIPDv05p4 intro.
20230503 225010.923 INFO             PET2       OCN-TO-ATM: handle cplList(1): sea_surface_temperature, cplSetList(1): __UNSPECIFIED__
20230503 225010.923 INFO             PET2       OCN-TO-ATM: - nothing shared or transferred
20230503 225010.923 INFO             PET2     OCN-TO-ATM: InitializeIPDv05p4 extro.
20230503 225010.923 INFO             PET2     ATM-TO-OCN: InitializeIPDv05p5 intro.
20230503 225010.926 INFO             PET2       ATM-TO-OCN: handle cplList(1): air_pressure_at_sea_level, cplSetList(1): __UNSPECIFIED__
20230503 225010.926 INFO             PET2       ATM-TO-OCN: - nothing shared or transferred, or may already be handled
20230503 225010.926 INFO             PET2       ATM-TO-OCN: handle cplList(2): surface_net_downward_shortwave_flux, cplSetList(2): __UNSPECIFIED__
20230503 225010.926 INFO             PET2       ATM-TO-OCN: - nothing shared or transferred, or may already be handled
20230503 225010.926 INFO             PET2     ATM-TO-OCN: InitializeIPDv05p5 extro.
20230503 225010.926 INFO             PET2     OCN-TO-ATM: InitializeIPDv05p5 intro.
20230503 225010.928 INFO             PET2       OCN-TO-ATM: handle cplList(1): sea_surface_temperature, cplSetList(1): __UNSPECIFIED__
20230503 225010.928 INFO             PET2       OCN-TO-ATM: - nothing shared or transferred, or may already be handled
20230503 225010.928 INFO             PET2     OCN-TO-ATM: InitializeIPDv05p5 extro.
20230503 225010.928 INFO             PET2     esm: IInitRealize intro.
20230503 225010.928 INFO             PET2     esm: IInitRealize extro.
20230503 225010.928 INFO             PET2     ATM-TO-OCN: InitializeIPDv05p6a intro.
20230503 225010.931 INFO             PET2     ATM-TO-OCN: InitializeIPDv05p6a extro.
20230503 225010.931 INFO             PET2     OCN-TO-ATM: InitializeIPDv05p6a intro.
20230503 225010.933 INFO             PET2     OCN-TO-ATM: InitializeIPDv05p6a extro.
20230503 225010.933 INFO             PET2     ATM-TO-OCN: InitializeIPDv05p6b intro.
20230503 225010.933 INFO             PET2       ATM-TO-OCN: handle cplList(1): air_pressure_at_sea_level, cplSetList(1): __UNSPECIFIED__
20230503 225010.887 INFO             PET3 !!!!!!!!!!!!!!!!!!!!!!!!!!!!!!!!!!!!!!!!!!!!!!!!!!!!!!
20230503 225010.887 INFO             PET3 !!! THE ESMF_LOG IS SET TO OUTPUT ALL LOG MESSAGES !!!
20230503 225010.887 INFO             PET3 !!!     THIS MAY CAUSE SLOWDOWN IN PERFORMANCE     !!!
20230503 225010.887 INFO             PET3 !!! FOR PRODUCTION RUNS, USE:                      !!!
20230503 225010.887 INFO             PET3 !!!                   ESMF_LOGKIND_Multi_On_Error  !!!
20230503 225010.887 INFO             PET3 !!!!!!!!!!!!!!!!!!!!!!!!!!!!!!!!!!!!!!!!!!!!!!!!!!!!!!
20230503 225010.887 INFO             PET3 Running with ESMF Version   : v8.5.0b20
20230503 225010.887 INFO             PET3 ESMF library build date/time: "May  3 2023" "22:20:07"
20230503 225010.887 INFO             PET3 ESMF library build location : /scratch2/NCEPDEV/stmp1/Gerhard.Theurich/ESMF-Nightly-Testing/intel_2022.3.0-oneAPI_intelmpi_O_develop/esmf
20230503 225010.887 INFO             PET3 ESMF_COMM                   : intelmpi
20230503 225010.887 INFO             PET3 ESMF_MOAB                   : enabled
20230503 225010.887 INFO             PET3 ESMF_LAPACK                 : enabled
20230503 225010.887 INFO             PET3 ESMF_NETCDF                 : enabled
20230503 225010.887 INFO             PET3 ESMF_PNETCDF                : disabled
20230503 225010.887 INFO             PET3 ESMF_PIO                    : enabled
20230503 225010.887 INFO             PET3 ESMF_YAMLCPP                : enabled
20230503 225010.887 INFO             PET3 esmApp STARTING
20230503 225010.890 INFO             PET3 esm: InitializeGeneric intro.
20230503 225010.890 INFO             PET3   esm: InitializeP0 intro.
20230503 225010.890 INFO             PET3   esm: InitializeP0 extro.
20230503 225010.890 INFO             PET3   esm: InitializeIPDv02p1 intro.
20230503 225010.890 INFO             PET3     >>>esm: entered Initialize (phase=<none>) without valid internal Clock.
20230503 225010.890 INFO             PET3     esm - Creating model component ATM with petList of size 2 :
20230503 225010.890 INFO             PET3           0      1
20230503 225010.891 INFO             PET3     esm - Creating model component OCN with petList of size 2 :
20230503 225010.891 INFO             PET3           2      3
20230503 225010.892 INFO             PET3     esm - Creating connector component ATM-TO-OCN with petList of size 4 :
20230503 225010.892 INFO             PET3           0      1      2      3
20230503 225010.894 INFO             PET3     esm - Creating connector component OCN-TO-ATM with petList of size 4 :
20230503 225010.894 INFO             PET3           2      3      0      1
20230503 225010.896 INFO             PET3     esm - Creating state: modelComp 1 Import State
20230503 225010.896 INFO             PET3     esm - Creating state: modelComp 1 Export State
20230503 225010.897 INFO             PET3     esm - Creating state: modelComp 2 Import State
20230503 225010.897 INFO             PET3     esm - Creating state: modelComp 2 Export State
20230503 225010.897 INFO             PET3     OCN: InitializeP0 intro.
20230503 225010.897 INFO             PET3     OCN: InitializeP0 extro.
20230503 225010.898 INFO             PET3     ATM-TO-OCN: InitializeP0 intro.
20230503 225010.898 INFO             PET3     ATM-TO-OCN: InitializeP0 extro.
20230503 225010.898 INFO             PET3     OCN-TO-ATM: InitializeP0 intro.
20230503 225010.899 INFO             PET3     OCN-TO-ATM: InitializeP0 extro.
20230503 225010.899 INFO             PET3     esm: IInitAdvertise intro.
20230503 225010.899 INFO             PET3     esm: IInitAdvertise extro.
20230503 225010.899 INFO             PET3     OCN: InitializeIPDvXp01 intro.
20230503 225010.900 INFO             PET3     OCN: InitializeIPDvXp01 extro.
20230503 225010.901 INFO             PET3     ATM-TO-OCN: InitializeIPDv05p1 intro.
20230503 225010.903 INFO             PET3     ATM-TO-OCN: InitializeIPDv05p1 extro.
20230503 225010.903 INFO             PET3     OCN-TO-ATM: InitializeIPDv05p1 intro.
20230503 225010.905 INFO             PET3     OCN-TO-ATM: InitializeIPDv05p1 extro.
20230503 225010.905 INFO             PET3     esm: IInitAdvertiseFinish intro.
20230503 225010.905 INFO             PET3     esm: IInitAdvertiseFinish extro.
20230503 225010.905 INFO             PET3     ATM-TO-OCN: InitializeIPDv05p2a intro.
20230503 225010.907 INFO             PET3     ATM-TO-OCN: InitializeIPDv05p2a extro.
20230503 225010.907 INFO             PET3     OCN-TO-ATM: InitializeIPDv05p2a intro.
20230503 225010.909 INFO             PET3     OCN-TO-ATM: InitializeIPDv05p2a extro.
20230503 225010.909 INFO             PET3     ATM-TO-OCN: InitializeIPDv05p2b intro.
20230503 225010.910 INFO             PET3     ATM-TO-OCN: InitializeIPDv05p2b extro.
20230503 225010.911 INFO             PET3     OCN-TO-ATM: InitializeIPDv05p2b intro.
20230503 225010.912 INFO             PET3     OCN-TO-ATM: InitializeIPDv05p2b extro.
20230503 225010.912 INFO             PET3     esm: IInitModifyCplLists intro.
20230503 225010.912 INFO             PET3     esm: IInitModifyCplLists extro.
20230503 225010.912 INFO             PET3     ATM-TO-OCN: InitializeIPDv05p3 intro.
20230503 225010.914 INFO             PET3       ATM-TO-OCN: handle cplList(1): air_pressure_at_sea_level, cplSetList(1): __UNSPECIFIED__
20230503 225010.914 INFO             PET3       ATM-TO-OCN: - connected.
20230503 225010.914 INFO             PET3       ATM-TO-OCN: handle cplList(2): surface_net_downward_shortwave_flux, cplSetList(2): __UNSPECIFIED__
20230503 225010.914 INFO             PET3       ATM-TO-OCN: - connected.
20230503 225010.914 INFO             PET3     ATM-TO-OCN: InitializeIPDv05p3 extro.
20230503 225010.914 INFO             PET3     OCN-TO-ATM: InitializeIPDv05p3 intro.
20230503 225010.915 INFO             PET3       OCN-TO-ATM: handle cplList(1): sea_surface_temperature, cplSetList(1): __UNSPECIFIED__
20230503 225010.915 INFO             PET3       OCN-TO-ATM: - connected.
20230503 225010.915 INFO             PET3     OCN-TO-ATM: InitializeIPDv05p3 extro.
20230503 225010.915 INFO             PET3     <<<esm: leaving Initialize (phase=<none>) with current time: 2010  6  1  0  0  0   0
20230503 225010.915 INFO             PET3   esm: InitializeIPDv02p1 extro.
20230503 225010.915 INFO             PET3   esm: InitializeIPDv02p3 intro.
20230503 225010.915 INFO             PET3     >>>esm: entered Initialize (phase=<none>) with current time: 2010  6  1  0  0  0   0
20230503 225010.916 INFO             PET3     esm: IInitCheck intro.
20230503 225010.916 INFO             PET3     esm: IInitCheck extro.
20230503 225010.916 INFO             PET3     OCN: InitializeIPDvXp04 intro.
20230503 225010.918 INFO             PET3     OCN: InitializeIPDvXp04 extro.
20230503 225010.918 INFO             PET3     ATM-TO-OCN: InitializeIPDv05p4 intro.
20230503 225010.921 INFO             PET3       ATM-TO-OCN: handle cplList(1): air_pressure_at_sea_level, cplSetList(1): __UNSPECIFIED__
20230503 225010.921 INFO             PET3       ATM-TO-OCN: - nothing shared or transferred
20230503 225010.921 INFO             PET3       ATM-TO-OCN: handle cplList(2): surface_net_downward_shortwave_flux, cplSetList(2): __UNSPECIFIED__
20230503 225010.921 INFO             PET3       ATM-TO-OCN: - nothing shared or transferred
20230503 225010.921 INFO             PET3     ATM-TO-OCN: InitializeIPDv05p4 extro.
20230503 225010.921 INFO             PET3     OCN-TO-ATM: InitializeIPDv05p4 intro.
20230503 225010.923 INFO             PET3       OCN-TO-ATM: handle cplList(1): sea_surface_temperature, cplSetList(1): __UNSPECIFIED__
20230503 225010.923 INFO             PET3       OCN-TO-ATM: - nothing shared or transferred
20230503 225010.923 INFO             PET3     OCN-TO-ATM: InitializeIPDv05p4 extro.
20230503 225010.923 INFO             PET3     ATM-TO-OCN: InitializeIPDv05p5 intro.
20230503 225010.926 INFO             PET3       ATM-TO-OCN: handle cplList(1): air_pressure_at_sea_level, cplSetList(1): __UNSPECIFIED__
20230503 225010.926 INFO             PET3       ATM-TO-OCN: - nothing shared or transferred, or may already be handled
20230503 225010.926 INFO             PET3       ATM-TO-OCN: handle cplList(2): surface_net_downward_shortwave_flux, cplSetList(2): __UNSPECIFIED__
20230503 225010.926 INFO             PET3       ATM-TO-OCN: - nothing shared or transferred, or may already be handled
20230503 225010.926 INFO             PET3     ATM-TO-OCN: InitializeIPDv05p5 extro.
20230503 225010.926 INFO             PET3     OCN-TO-ATM: InitializeIPDv05p5 intro.
20230503 225010.928 INFO             PET3       OCN-TO-ATM: handle cplList(1): sea_surface_temperature, cplSetList(1): __UNSPECIFIED__
20230503 225010.928 INFO             PET3       OCN-TO-ATM: - nothing shared or transferred, or may already be handled
20230503 225010.928 INFO             PET3     OCN-TO-ATM: InitializeIPDv05p5 extro.
20230503 225010.928 INFO             PET3     esm: IInitRealize intro.
20230503 225010.928 INFO             PET3     esm: IInitRealize extro.
20230503 225010.928 INFO             PET3     ATM-TO-OCN: InitializeIPDv05p6a intro.
20230503 225010.931 INFO             PET3     ATM-TO-OCN: InitializeIPDv05p6a extro.
20230503 225010.931 INFO             PET3     OCN-TO-ATM: InitializeIPDv05p6a intro.
20230503 225010.933 INFO             PET3     OCN-TO-ATM: InitializeIPDv05p6a extro.
20230503 225010.933 INFO             PET3     ATM-TO-OCN: InitializeIPDv05p6b intro.
20230503 225010.933 INFO             PET3       ATM-TO-OCN: handle cplList(1): air_pressure_at_sea_level, cplSetList(1): __UNSPECIFIED__
