2023-05-19 07:41:08
20230519 081827.902 INFO             PET0 !!!!!!!!!!!!!!!!!!!!!!!!!!!!!!!!!!!!!!!!!!!!!!!!!!!!!!
20230519 081827.902 INFO             PET0 !!! THE ESMF_LOG IS SET TO OUTPUT ALL LOG MESSAGES !!!
20230519 081827.902 INFO             PET0 !!!     THIS MAY CAUSE SLOWDOWN IN PERFORMANCE     !!!
20230519 081827.902 INFO             PET0 !!! FOR PRODUCTION RUNS, USE:                      !!!
20230519 081827.902 INFO             PET0 !!!                   ESMF_LOGKIND_Multi_On_Error  !!!
20230519 081827.902 INFO             PET0 !!!!!!!!!!!!!!!!!!!!!!!!!!!!!!!!!!!!!!!!!!!!!!!!!!!!!!
20230519 081827.902 INFO             PET0 Running with ESMF Version   : v8.5.0b21-130-gf20d586271
20230519 081827.902 INFO             PET0 ESMF library build date/time: "May 19 2023" "07:38:49"
20230519 081827.902 INFO             PET0 ESMF library build location : /scratch2/NCEPDEV/stmp1/Gerhard.Theurich/ESMF-Nightly-Testing/intel_2023.1.0-classic_intelmpi_g_develop/esmf
20230519 081827.902 INFO             PET0 ESMF_COMM                   : intelmpi
20230519 081827.903 INFO             PET0 ESMF_MOAB                   : enabled
20230519 081827.903 INFO             PET0 ESMF_LAPACK                 : enabled
20230519 081827.903 INFO             PET0 ESMF_NETCDF                 : enabled
20230519 081827.903 INFO             PET0 ESMF_PNETCDF                : disabled
20230519 081827.903 INFO             PET0 ESMF_PIO                    : enabled
20230519 081827.903 INFO             PET0 ESMF_YAMLCPP                : enabled
20230519 081827.903 INFO             PET0 esmApp STARTING
20230519 081827.909 INFO             PET0 esm: InitializeGeneric intro.
20230519 081827.909 INFO             PET0   esm: InitializeP0 intro.
20230519 081827.909 INFO             PET0   esm: InitializeP0 extro.
20230519 081827.909 INFO             PET0   esm: InitializeIPDv02p1 intro.
20230519 081827.910 INFO             PET0     >>>esm: entered Initialize (phase=<none>) without valid internal Clock.
20230519 081827.911 INFO             PET0     esm - Creating model component ATM with petList of size 2 :
20230519 081827.911 INFO             PET0           0      1
20230519 081827.914 INFO             PET0     esm - Creating model component OCN with petList of size 2 :
20230519 081827.915 INFO             PET0           2      3
20230519 081827.915 INFO             PET0     esm - Creating connector component ATM-TO-OCN with petList of size 4 :
20230519 081827.915 INFO             PET0           0      1      2      3
20230519 081827.923 INFO             PET0     esm - Creating connector component OCN-TO-ATM with petList of size 4 :
20230519 081827.923 INFO             PET0           2      3      0      1
20230519 081827.931 INFO             PET0     esm - Creating state: modelComp 1 Import State
20230519 081827.931 INFO             PET0     esm - Creating state: modelComp 1 Export State
20230519 081827.931 INFO             PET0     esm - Creating state: modelComp 2 Import State
20230519 081827.931 INFO             PET0     esm - Creating state: modelComp 2 Export State
20230519 081827.932 INFO             PET0     ATM: InitializeP0 intro.
20230519 081827.933 INFO             PET0     ATM: InitializeP0 extro.
20230519 081827.936 INFO             PET0     ATM-TO-OCN: InitializeP0 intro.
20230519 081827.937 INFO             PET0     ATM-TO-OCN: InitializeP0 extro.
20230519 081827.937 INFO             PET0     OCN-TO-ATM: InitializeP0 intro.
20230519 081827.938 INFO             PET0     OCN-TO-ATM: InitializeP0 extro.
20230519 081827.940 INFO             PET0     esm: IInitAdvertise intro.
20230519 081827.940 INFO             PET0     esm: IInitAdvertise extro.
20230519 081827.940 INFO             PET0     ATM: InitializeIPDvXp01 intro.
20230519 081827.943 INFO             PET0     ATM: InitializeIPDvXp01 extro.
20230519 081827.945 INFO             PET0     ATM-TO-OCN: InitializeIPDv05p1 intro.
20230519 081827.959 INFO             PET0     ATM-TO-OCN: InitializeIPDv05p1 extro.
20230519 081827.959 INFO             PET0     OCN-TO-ATM: InitializeIPDv05p1 intro.
20230519 081827.964 INFO             PET0     OCN-TO-ATM: InitializeIPDv05p1 extro.
20230519 081827.965 INFO             PET0     esm: IInitAdvertiseFinish intro.
20230519 081827.965 INFO             PET0     esm: IInitAdvertiseFinish extro.
20230519 081827.965 INFO             PET0     ATM-TO-OCN: InitializeIPDv05p2a intro.
20230519 081827.974 INFO             PET0     ATM-TO-OCN: InitializeIPDv05p2a extro.
20230519 081827.974 INFO             PET0     OCN-TO-ATM: InitializeIPDv05p2a intro.
20230519 081827.979 INFO             PET0     OCN-TO-ATM: InitializeIPDv05p2a extro.
20230519 081827.979 INFO             PET0     ATM-TO-OCN: InitializeIPDv05p2b intro.
20230519 081827.988 INFO             PET0     ATM-TO-OCN: InitializeIPDv05p2b extro.
20230519 081827.988 INFO             PET0     OCN-TO-ATM: InitializeIPDv05p2b intro.
20230519 081827.994 INFO             PET0     OCN-TO-ATM: InitializeIPDv05p2b extro.
20230519 081827.994 INFO             PET0     esm: IInitModifyCplLists intro.
20230519 081827.994 INFO             PET0       Driver is in ModifyCplLists()
20230519 081827.994 INFO             PET0        Found            2  Connectors. Modifying CplList Attribute....
20230519 081827.994 INFO             PET0     esm: IInitModifyCplLists extro.
20230519 081827.995 INFO             PET0     ATM-TO-OCN: InitializeIPDv05p3 intro.
20230519 081828.004 INFO             PET0     ATM-TO-OCN: InitializeIPDv05p3 extro.
20230519 081828.004 INFO             PET0     OCN-TO-ATM: InitializeIPDv05p3 intro.
20230519 081828.010 INFO             PET0     OCN-TO-ATM: InitializeIPDv05p3 extro.
20230519 081828.010 INFO             PET0     <<<esm: leaving Initialize (phase=<none>) with current time: 2010  6  1  0  0  0   0
20230519 081828.010 INFO             PET0   esm: InitializeIPDv02p1 extro.
20230519 081828.010 INFO             PET0   esm: InitializeIPDv02p3 intro.
20230519 081828.010 INFO             PET0     >>>esm: entered Initialize (phase=<none>) with current time: 2010  6  1  0  0  0   0
20230519 081828.010 INFO             PET0     esm: IInitCheck intro.
20230519 081828.010 INFO             PET0     esm: IInitCheck extro.
20230519 081828.010 INFO             PET0     ATM: InitializeIPDvXp04 intro.
20230519 081828.018 INFO             PET0     ATM: InitializeIPDvXp04 extro.
20230519 081828.020 INFO             PET0     ATM-TO-OCN: InitializeIPDv05p4 intro.
20230519 081828.038 INFO             PET0     ATM-TO-OCN: InitializeIPDv05p4 extro.
20230519 081828.039 INFO             PET0     OCN-TO-ATM: InitializeIPDv05p4 intro.
20230519 081828.047 INFO             PET0     OCN-TO-ATM: InitializeIPDv05p4 extro.
20230519 081828.048 INFO             PET0     ATM-TO-OCN: InitializeIPDv05p5 intro.
20230519 081828.064 INFO             PET0     ATM-TO-OCN: InitializeIPDv05p5 extro.
20230519 081828.064 INFO             PET0     OCN-TO-ATM: InitializeIPDv05p5 intro.
20230519 081828.073 INFO             PET0     OCN-TO-ATM: InitializeIPDv05p5 extro.
20230519 081828.073 INFO             PET0     esm: IInitRealize intro.
20230519 081828.073 INFO             PET0     esm: IInitRealize extro.
20230519 081828.073 INFO             PET0     ATM-TO-OCN: InitializeIPDv05p6a intro.
20230519 081828.089 INFO             PET0     ATM-TO-OCN: InitializeIPDv05p6a extro.
20230519 081828.090 INFO             PET0     OCN-TO-ATM: InitializeIPDv05p6a intro.
20230519 081828.098 INFO             PET0     OCN-TO-ATM: InitializeIPDv05p6a extro.
20230519 081828.098 INFO             PET0     ATM-TO-OCN: InitializeIPDv05p6b intro.
20230519 081828.231 INFO             PET0     ATM-TO-OCN: InitializeIPDv05p6b extro.
20230519 081828.231 INFO             PET0     OCN-TO-ATM: InitializeIPDv05p6b intro.
20230519 081828.329 INFO             PET0     OCN-TO-ATM: InitializeIPDv05p6b extro.
20230519 081828.330 INFO             PET0     ATM: InitializeIPDvXp07 intro.
20230519 081828.330 INFO             PET0     ATM: InitializeIPDvXp07 extro.
20230519 081828.330 INFO             PET0     <<<esm: leaving Initialize (phase=<none>) with current time: 2010  6  1  0  0  0   0
20230519 081828.330 INFO             PET0   esm: InitializeIPDv02p3 extro.
20230519 081828.330 INFO             PET0   esm: InitializeIPDv02p5 intro.
20230519 081828.330 INFO             PET0     >>>esm: entered Initialize (phase=<none>) with current time: 2010  6  1  0  0  0   0
20230519 081828.330 INFO             PET0     esm: this is a top level driver, no 'Updated' and 'InitializeDataComplete' info on this level.
20230519 081828.330 INFO             PET0     esm: InitializeIPDv02p5Data intro.
20230519 081828.330 INFO             PET0       esm: InternalInitializeComplete intro.
20230519 081828.330 INFO             PET0         esm: InitializeDataComplete='true'
20230519 081828.330 INFO             PET0       esm: InternalInitializeComplete extro.
20230519 081828.331 INFO             PET0       ATM: InitializeIPDv01p5 intro.
20230519 081828.331 INFO             PET0       ATM: InitializeIPDv01p5 extro.
20230519 081828.333 INFO             PET0       esm: components present that trigger loopDataDependentInitialize().
20230519 081828.333 INFO             PET0       esm: loopDataDependentInitialize intro.
20230519 081828.334 INFO             PET0         esm: component    0=esm, dataComplete (local): true
20230519 081828.334 INFO             PET0         esm: component    0=esm, dataComplete (global):  T
20230519 081828.334 INFO             PET0         esm: component    1=ATM, dataComplete (local): true
20230519 081828.334 INFO             PET0         esm: component    1=ATM, dataComplete (global):  T
20230519 081828.334 INFO             PET0         esm: component    2=OCN, dataComplete (local): true
20230519 081828.334 INFO             PET0         esm: component    2=OCN, dataComplete (global):  T
20230519 081828.334 INFO             PET0         esm: someProgress= F, allComplete= T, present(dataDepAllComplete)= T
20230519 081828.334 INFO             PET0         esm: finished resolving initialize data dependencies on this level.
20230519 081828.334 INFO             PET0       esm: loopDataDependentInitialize extro.
20230519 081828.334 INFO             PET0       esm: loopDataDependentInitialize() returned with dataDepAllComplete:  T
20230519 081828.334 INFO             PET0     esm: InitializeIPDv02p5Data extro.
20230519 081828.334 INFO             PET0     <<<esm: leaving Initialize (phase=<none>) with current time: 2010  6  1  0  0  0   0
20230519 081828.334 INFO             PET0   esm: InitializeIPDv02p5 extro.
20230519 081828.334 INFO             PET0 esm: InitializeGeneric extro.
20230519 081828.334 INFO             PET0 esm: Run intro.
20230519 081828.334 INFO             PET0   >>>esm entered Run (phase=RunPhase1) with current time: 2010  6  1  0  0  0   0
20230519 081828.334 INFO             PET0   esm: after lable_SetRunClock, current time: 2010  6  1  0  0  0   0
20230519 081828.334 INFO             PET0   esm: begin -------> RunSequence.
20230519 081828.334 INFO             PET0     esm: RunSequence event loopLevel=   1  levelMember=   1  loopIteration=   1, current time: 2010  6  1  0  0  0   0
20230519 081828.334 INFO             PET0     ATM-TO-OCN: Run intro.
20230519 081828.335 INFO             PET0     ATM-TO-OCN: Run extro.
20230519 081828.335 INFO             PET0     OCN-TO-ATM: Run intro.
20230519 081828.335 INFO             PET0     OCN-TO-ATM: Run extro.
20230519 081828.336 INFO             PET0     ATM: Run intro.
20230519 081828.336 INFO             PET0       ------>Advancing ATM from: 2010  6  1  0  0  0   0
20230519 081828.336 INFO             PET0       ---------------------> to: 2010  6  1  0 15  0   0
20230519 081828.336 INFO             PET0     ATM: Run extro.
20230519 081828.336 INFO             PET0     esm: RunSequence event loopLevel=   1  levelMember=   1  loopIteration=   2, current time: 2010  6  1  0 15  0   0
20230519 081828.336 INFO             PET0     ATM-TO-OCN: Run intro.
20230519 081828.336 INFO             PET0     ATM-TO-OCN: Run extro.
20230519 081828.337 INFO             PET0     OCN-TO-ATM: Run intro.
20230519 081828.353 INFO             PET0     OCN-TO-ATM: Run extro.
20230519 081828.353 INFO             PET0     ATM: Run intro.
20230519 081828.353 INFO             PET0       ------>Advancing ATM from: 2010  6  1  0 15  0   0
20230519 081828.353 INFO             PET0       ---------------------> to: 2010  6  1  0 30  0   0
20230519 081828.353 INFO             PET0     ATM: Run extro.
20230519 081828.353 INFO             PET0     esm: RunSequence event loopLevel=   1  levelMember=   1  loopIteration=   3, current time: 2010  6  1  0 30  0   0
20230519 081828.354 INFO             PET0     ATM-TO-OCN: Run intro.
20230519 081828.354 INFO             PET0     ATM-TO-OCN: Run extro.
20230519 081828.354 INFO             PET0     OCN-TO-ATM: Run intro.
20230519 081828.363 INFO             PET0     OCN-TO-ATM: Run extro.
20230519 081828.363 INFO             PET0     ATM: Run intro.
20230519 081828.363 INFO             PET0       ------>Advancing ATM from: 2010  6  1  0 30  0   0
20230519 081828.363 INFO             PET0       ---------------------> to: 2010  6  1  0 45  0   0
20230519 081828.363 INFO             PET0     ATM: Run extro.
20230519 081828.363 INFO             PET0     esm: RunSequence event loopLevel=   1  levelMember=   1  loopIteration=   4, current time: 2010  6  1  0 45  0   0
20230519 081828.364 INFO             PET0     ATM-TO-OCN: Run intro.
20230519 081828.364 INFO             PET0     ATM-TO-OCN: Run extro.
20230519 081828.364 INFO             PET0     OCN-TO-ATM: Run intro.
20230519 081828.374 INFO             PET0     OCN-TO-ATM: Run extro.
20230519 081828.374 INFO             PET0     ATM: Run intro.
20230519 081828.374 INFO             PET0       ------>Advancing ATM from: 2010  6  1  0 45  0   0
20230519 081828.374 INFO             PET0       ---------------------> to: 2010  6  1  1  0  0   0
20230519 081828.374 INFO             PET0     ATM: Run extro.
20230519 081828.374 INFO             PET0   esm: end <--------- RunSequence
20230519 081828.374 INFO             PET0   <<<esm - leaving Run with current time: 2010  6  1  1  0  0   0
20230519 081828.374 INFO             PET0 esm: Run extro.
20230519 081828.374 INFO             PET0 esm: Finalize intro.
20230519 081828.374 INFO             PET0   Calling Finalize phase 1 for connectorComp: ATM-TO-OCN
20230519 081828.374 INFO             PET0   ATM-TO-OCN: Finalize intro.
20230519 081828.374 INFO             PET0   ATM-TO-OCN: Finalize extro.
20230519 081828.374 INFO             PET0   Calling Finalize phase 1 for connectorComp: OCN-TO-ATM
20230519 081828.374 INFO             PET0   OCN-TO-ATM: Finalize intro.
20230519 081828.375 INFO             PET0   OCN-TO-ATM: Finalize extro.
20230519 081828.375 INFO             PET0   Calling Finalize phase 1 for modelComp: ATM
20230519 081828.375 INFO             PET0   ATM: Finalize intro.
20230519 081828.375 INFO             PET0   ATM: Finalize extro.
20230519 081828.375 INFO             PET0   Calling Finalize phase 1 for modelComp: OCN
20230519 081828.375 INFO             PET0   Delete modelComp: ATM
20230519 081828.375 INFO             PET0   Delete Import-/Export State for modelComp: ATM
20230519 081828.375 INFO             PET0   Delete modelComp: OCN
20230519 081828.375 INFO             PET0   Delete Import-/Export State for modelComp: OCN
20230519 081828.375 INFO             PET0   Delete connectorComp: ATM-TO-OCN
20230519 081828.375 INFO             PET0   Delete connectorComp: OCN-TO-ATM
20230519 081828.375 INFO             PET0 esm: Finalize extro.
20230519 081828.375 INFO             PET0 esmApp FINISHED
20230519 081828.375 INFO             PET0 Finalizing ESMF
20230519 081827.901 INFO             PET1 !!!!!!!!!!!!!!!!!!!!!!!!!!!!!!!!!!!!!!!!!!!!!!!!!!!!!!
20230519 081827.901 INFO             PET1 !!! THE ESMF_LOG IS SET TO OUTPUT ALL LOG MESSAGES !!!
20230519 081827.901 INFO             PET1 !!!     THIS MAY CAUSE SLOWDOWN IN PERFORMANCE     !!!
20230519 081827.901 INFO             PET1 !!! FOR PRODUCTION RUNS, USE:                      !!!
20230519 081827.901 INFO             PET1 !!!                   ESMF_LOGKIND_Multi_On_Error  !!!
20230519 081827.901 INFO             PET1 !!!!!!!!!!!!!!!!!!!!!!!!!!!!!!!!!!!!!!!!!!!!!!!!!!!!!!
20230519 081827.901 INFO             PET1 Running with ESMF Version   : v8.5.0b21-130-gf20d586271
20230519 081827.901 INFO             PET1 ESMF library build date/time: "May 19 2023" "07:38:49"
20230519 081827.901 INFO             PET1 ESMF library build location : /scratch2/NCEPDEV/stmp1/Gerhard.Theurich/ESMF-Nightly-Testing/intel_2023.1.0-classic_intelmpi_g_develop/esmf
20230519 081827.901 INFO             PET1 ESMF_COMM                   : intelmpi
20230519 081827.902 INFO             PET1 ESMF_MOAB                   : enabled
20230519 081827.902 INFO             PET1 ESMF_LAPACK                 : enabled
20230519 081827.902 INFO             PET1 ESMF_NETCDF                 : enabled
20230519 081827.902 INFO             PET1 ESMF_PNETCDF                : disabled
20230519 081827.902 INFO             PET1 ESMF_PIO                    : enabled
20230519 081827.902 INFO             PET1 ESMF_YAMLCPP                : enabled
20230519 081827.903 INFO             PET1 esmApp STARTING
20230519 081827.910 INFO             PET1 esm: InitializeGeneric intro.
20230519 081827.910 INFO             PET1   esm: InitializeP0 intro.
20230519 081827.910 INFO             PET1   esm: InitializeP0 extro.
20230519 081827.910 INFO             PET1   esm: InitializeIPDv02p1 intro.
20230519 081827.910 INFO             PET1     >>>esm: entered Initialize (phase=<none>) without valid internal Clock.
20230519 081827.911 INFO             PET1     esm - Creating model component ATM with petList of size 2 :
20230519 081827.911 INFO             PET1           0      1
20230519 081827.915 INFO             PET1     esm - Creating model component OCN with petList of size 2 :
20230519 081827.915 INFO             PET1           2      3
20230519 081827.915 INFO             PET1     esm - Creating connector component ATM-TO-OCN with petList of size 4 :
20230519 081827.915 INFO             PET1           0      1      2      3
20230519 081827.925 INFO             PET1     esm - Creating connector component OCN-TO-ATM with petList of size 4 :
20230519 081827.925 INFO             PET1           2      3      0      1
20230519 081827.933 INFO             PET1     esm - Creating state: modelComp 1 Import State
20230519 081827.933 INFO             PET1     esm - Creating state: modelComp 1 Export State
20230519 081827.933 INFO             PET1     esm - Creating state: modelComp 2 Import State
20230519 081827.933 INFO             PET1     esm - Creating state: modelComp 2 Export State
20230519 081827.934 INFO             PET1     ATM: InitializeP0 intro.
20230519 081827.936 INFO             PET1     ATM: InitializeP0 extro.
20230519 081827.938 INFO             PET1     ATM-TO-OCN: InitializeP0 intro.
20230519 081827.940 INFO             PET1     ATM-TO-OCN: InitializeP0 extro.
20230519 081827.940 INFO             PET1     OCN-TO-ATM: InitializeP0 intro.
20230519 081827.941 INFO             PET1     OCN-TO-ATM: InitializeP0 extro.
20230519 081827.943 INFO             PET1     esm: IInitAdvertise intro.
20230519 081827.943 INFO             PET1     esm: IInitAdvertise extro.
20230519 081827.943 INFO             PET1     ATM: InitializeIPDvXp01 intro.
20230519 081827.947 INFO             PET1     ATM: InitializeIPDvXp01 extro.
20230519 081827.949 INFO             PET1     ATM-TO-OCN: InitializeIPDv05p1 intro.
20230519 081827.959 INFO             PET1     ATM-TO-OCN: InitializeIPDv05p1 extro.
20230519 081827.960 INFO             PET1     OCN-TO-ATM: InitializeIPDv05p1 intro.
20230519 081827.965 INFO             PET1     OCN-TO-ATM: InitializeIPDv05p1 extro.
20230519 081827.965 INFO             PET1     esm: IInitAdvertiseFinish intro.
20230519 081827.965 INFO             PET1     esm: IInitAdvertiseFinish extro.
20230519 081827.965 INFO             PET1     ATM-TO-OCN: InitializeIPDv05p2a intro.
20230519 081827.974 INFO             PET1     ATM-TO-OCN: InitializeIPDv05p2a extro.
20230519 081827.975 INFO             PET1     OCN-TO-ATM: InitializeIPDv05p2a intro.
20230519 081827.979 INFO             PET1     OCN-TO-ATM: InitializeIPDv05p2a extro.
20230519 081827.980 INFO             PET1     ATM-TO-OCN: InitializeIPDv05p2b intro.
20230519 081827.989 INFO             PET1     ATM-TO-OCN: InitializeIPDv05p2b extro.
20230519 081827.989 INFO             PET1     OCN-TO-ATM: InitializeIPDv05p2b intro.
20230519 081827.994 INFO             PET1     OCN-TO-ATM: InitializeIPDv05p2b extro.
20230519 081827.994 INFO             PET1     esm: IInitModifyCplLists intro.
20230519 081827.994 INFO             PET1       Driver is in ModifyCplLists()
20230519 081827.994 INFO             PET1        Found            2  Connectors. Modifying CplList Attribute....
20230519 081827.995 INFO             PET1     esm: IInitModifyCplLists extro.
20230519 081827.995 INFO             PET1     ATM-TO-OCN: InitializeIPDv05p3 intro.
20230519 081828.005 INFO             PET1     ATM-TO-OCN: InitializeIPDv05p3 extro.
20230519 081828.005 INFO             PET1     OCN-TO-ATM: InitializeIPDv05p3 intro.
20230519 081828.010 INFO             PET1     OCN-TO-ATM: InitializeIPDv05p3 extro.
20230519 081828.010 INFO             PET1     <<<esm: leaving Initialize (phase=<none>) with current time: 2010  6  1  0  0  0   0
20230519 081828.010 INFO             PET1   esm: InitializeIPDv02p1 extro.
20230519 081828.010 INFO             PET1   esm: InitializeIPDv02p3 intro.
20230519 081828.010 INFO             PET1     >>>esm: entered Initialize (phase=<none>) with current time: 2010  6  1  0  0  0   0
20230519 081828.011 INFO             PET1     esm: IInitCheck intro.
20230519 081828.011 INFO             PET1     esm: IInitCheck extro.
20230519 081828.011 INFO             PET1     ATM: InitializeIPDvXp04 intro.
20230519 081828.020 INFO             PET1     ATM: InitializeIPDvXp04 extro.
20230519 081828.022 INFO             PET1     ATM-TO-OCN: InitializeIPDv05p4 intro.
20230519 081828.039 INFO             PET1     ATM-TO-OCN: InitializeIPDv05p4 extro.
20230519 081828.039 INFO             PET1     OCN-TO-ATM: InitializeIPDv05p4 intro.
20230519 081828.048 INFO             PET1     OCN-TO-ATM: InitializeIPDv05p4 extro.
20230519 081828.048 INFO             PET1     ATM-TO-OCN: InitializeIPDv05p5 intro.
20230519 081828.065 INFO             PET1     ATM-TO-OCN: InitializeIPDv05p5 extro.
20230519 081828.065 INFO             PET1     OCN-TO-ATM: InitializeIPDv05p5 intro.
20230519 081828.073 INFO             PET1     OCN-TO-ATM: InitializeIPDv05p5 extro.
20230519 081828.073 INFO             PET1     esm: IInitRealize intro.
20230519 081828.073 INFO             PET1     esm: IInitRealize extro.
20230519 081828.074 INFO             PET1     ATM-TO-OCN: InitializeIPDv05p6a intro.
20230519 081828.090 INFO             PET1     ATM-TO-OCN: InitializeIPDv05p6a extro.
20230519 081828.090 INFO             PET1     OCN-TO-ATM: InitializeIPDv05p6a intro.
20230519 081828.098 INFO             PET1     OCN-TO-ATM: InitializeIPDv05p6a extro.
20230519 081828.098 INFO             PET1     ATM-TO-OCN: InitializeIPDv05p6b intro.
20230519 081828.231 INFO             PET1     ATM-TO-OCN: InitializeIPDv05p6b extro.
20230519 081828.231 INFO             PET1     OCN-TO-ATM: InitializeIPDv05p6b intro.
20230519 081828.329 INFO             PET1     OCN-TO-ATM: InitializeIPDv05p6b extro.
20230519 081828.330 INFO             PET1     ATM: InitializeIPDvXp07 intro.
20230519 081828.330 INFO             PET1     ATM: InitializeIPDvXp07 extro.
20230519 081828.330 INFO             PET1     <<<esm: leaving Initialize (phase=<none>) with current time: 2010  6  1  0  0  0   0
20230519 081828.330 INFO             PET1   esm: InitializeIPDv02p3 extro.
20230519 081828.330 INFO             PET1   esm: InitializeIPDv02p5 intro.
20230519 081828.330 INFO             PET1     >>>esm: entered Initialize (phase=<none>) with current time: 2010  6  1  0  0  0   0
20230519 081828.330 INFO             PET1     esm: this is a top level driver, no 'Updated' and 'InitializeDataComplete' info on this level.
20230519 081828.330 INFO             PET1     esm: InitializeIPDv02p5Data intro.
20230519 081828.331 INFO             PET1       esm: InternalInitializeComplete intro.
20230519 081828.331 INFO             PET1         esm: InitializeDataComplete='true'
20230519 081828.331 INFO             PET1       esm: InternalInitializeComplete extro.
20230519 081828.331 INFO             PET1       ATM: InitializeIPDv01p5 intro.
20230519 081828.331 INFO             PET1       ATM: InitializeIPDv01p5 extro.
20230519 081828.333 INFO             PET1       esm: components present that trigger loopDataDependentInitialize().
20230519 081828.334 INFO             PET1       esm: loopDataDependentInitialize intro.
20230519 081828.334 INFO             PET1         esm: component    0=esm, dataComplete (local): true
20230519 081828.334 INFO             PET1         esm: component    0=esm, dataComplete (global):  T
20230519 081828.334 INFO             PET1         esm: component    1=ATM, dataComplete (local): true
20230519 081828.334 INFO             PET1         esm: component    1=ATM, dataComplete (global):  T
20230519 081828.334 INFO             PET1         esm: component    2=OCN, dataComplete (local): true
20230519 081828.334 INFO             PET1         esm: component    2=OCN, dataComplete (global):  T
20230519 081828.334 INFO             PET1         esm: someProgress= F, allComplete= T, present(dataDepAllComplete)= T
20230519 081828.334 INFO             PET1         esm: finished resolving initialize data dependencies on this level.
20230519 081828.334 INFO             PET1       esm: loopDataDependentInitialize extro.
20230519 081828.334 INFO             PET1       esm: loopDataDependentInitialize() returned with dataDepAllComplete:  T
20230519 081828.334 INFO             PET1     esm: InitializeIPDv02p5Data extro.
20230519 081828.334 INFO             PET1     <<<esm: leaving Initialize (phase=<none>) with current time: 2010  6  1  0  0  0   0
20230519 081828.334 INFO             PET1   esm: InitializeIPDv02p5 extro.
20230519 081828.334 INFO             PET1 esm: InitializeGeneric extro.
20230519 081828.334 INFO             PET1 esm: Run intro.
20230519 081828.334 INFO             PET1   >>>esm entered Run (phase=RunPhase1) with current time: 2010  6  1  0  0  0   0
20230519 081828.334 INFO             PET1   esm: after lable_SetRunClock, current time: 2010  6  1  0  0  0   0
20230519 081828.334 INFO             PET1   esm: begin -------> RunSequence.
20230519 081828.334 INFO             PET1     esm: RunSequence event loopLevel=   1  levelMember=   1  loopIteration=   1, current time: 2010  6  1  0  0  0   0
20230519 081828.334 INFO             PET1     ATM-TO-OCN: Run intro.
20230519 081828.335 INFO             PET1     ATM-TO-OCN: Run extro.
20230519 081828.335 INFO             PET1     OCN-TO-ATM: Run intro.
20230519 081828.335 INFO             PET1     OCN-TO-ATM: Run extro.
20230519 081828.336 INFO             PET1     ATM: Run intro.
20230519 081828.336 INFO             PET1       ------>Advancing ATM from: 2010  6  1  0  0  0   0
20230519 081828.336 INFO             PET1       ---------------------> to: 2010  6  1  0 15  0   0
20230519 081828.336 INFO             PET1     ATM: Run extro.
20230519 081828.336 INFO             PET1     esm: RunSequence event loopLevel=   1  levelMember=   1  loopIteration=   2, current time: 2010  6  1  0 15  0   0
20230519 081828.336 INFO             PET1     ATM-TO-OCN: Run intro.
20230519 081828.337 INFO             PET1     ATM-TO-OCN: Run extro.
20230519 081828.337 INFO             PET1     OCN-TO-ATM: Run intro.
20230519 081828.353 INFO             PET1     OCN-TO-ATM: Run extro.
20230519 081828.353 INFO             PET1     ATM: Run intro.
20230519 081828.353 INFO             PET1       ------>Advancing ATM from: 2010  6  1  0 15  0   0
20230519 081828.353 INFO             PET1       ---------------------> to: 2010  6  1  0 30  0   0
20230519 081828.353 INFO             PET1     ATM: Run extro.
20230519 081828.353 INFO             PET1     esm: RunSequence event loopLevel=   1  levelMember=   1  loopIteration=   3, current time: 2010  6  1  0 30  0   0
20230519 081828.354 INFO             PET1     ATM-TO-OCN: Run intro.
20230519 081828.354 INFO             PET1     ATM-TO-OCN: Run extro.
20230519 081828.354 INFO             PET1     OCN-TO-ATM: Run intro.
20230519 081828.363 INFO             PET1     OCN-TO-ATM: Run extro.
20230519 081828.363 INFO             PET1     ATM: Run intro.
20230519 081828.363 INFO             PET1       ------>Advancing ATM from: 2010  6  1  0 30  0   0
20230519 081828.363 INFO             PET1       ---------------------> to: 2010  6  1  0 45  0   0
20230519 081828.363 INFO             PET1     ATM: Run extro.
20230519 081828.364 INFO             PET1     esm: RunSequence event loopLevel=   1  levelMember=   1  loopIteration=   4, current time: 2010  6  1  0 45  0   0
20230519 081828.364 INFO             PET1     ATM-TO-OCN: Run intro.
20230519 081828.364 INFO             PET1     ATM-TO-OCN: Run extro.
20230519 081828.364 INFO             PET1     OCN-TO-ATM: Run intro.
20230519 081828.374 INFO             PET1     OCN-TO-ATM: Run extro.
20230519 081828.374 INFO             PET1     ATM: Run intro.
20230519 081828.374 INFO             PET1       ------>Advancing ATM from: 2010  6  1  0 45  0   0
20230519 081828.374 INFO             PET1       ---------------------> to: 2010  6  1  1  0  0   0
20230519 081828.374 INFO             PET1     ATM: Run extro.
20230519 081828.374 INFO             PET1   esm: end <--------- RunSequence
20230519 081828.374 INFO             PET1   <<<esm - leaving Run with current time: 2010  6  1  1  0  0   0
20230519 081828.374 INFO             PET1 esm: Run extro.
20230519 081828.374 INFO             PET1 esm: Finalize intro.
20230519 081828.374 INFO             PET1   Calling Finalize phase 1 for connectorComp: ATM-TO-OCN
20230519 081828.374 INFO             PET1   ATM-TO-OCN: Finalize intro.
20230519 081828.374 INFO             PET1   ATM-TO-OCN: Finalize extro.
20230519 081828.374 INFO             PET1   Calling Finalize phase 1 for connectorComp: OCN-TO-ATM
20230519 081828.375 INFO             PET1   OCN-TO-ATM: Finalize intro.
20230519 081828.375 INFO             PET1   OCN-TO-ATM: Finalize extro.
20230519 081828.375 INFO             PET1   Calling Finalize phase 1 for modelComp: ATM
20230519 081828.375 INFO             PET1   ATM: Finalize intro.
20230519 081828.375 INFO             PET1   ATM: Finalize extro.
20230519 081828.375 INFO             PET1   Calling Finalize phase 1 for modelComp: OCN
20230519 081828.375 INFO             PET1   Delete modelComp: ATM
20230519 081828.375 INFO             PET1   Delete Import-/Export State for modelComp: ATM
20230519 081828.375 INFO             PET1   Delete modelComp: OCN
20230519 081828.375 INFO             PET1   Delete Import-/Export State for modelComp: OCN
20230519 081828.375 INFO             PET1   Delete connectorComp: ATM-TO-OCN
20230519 081828.375 INFO             PET1   Delete connectorComp: OCN-TO-ATM
20230519 081828.375 INFO             PET1 esm: Finalize extro.
20230519 081828.375 INFO             PET1 esmApp FINISHED
20230519 081828.375 INFO             PET1 Finalizing ESMF
20230519 081827.902 INFO             PET2 !!!!!!!!!!!!!!!!!!!!!!!!!!!!!!!!!!!!!!!!!!!!!!!!!!!!!!
20230519 081827.902 INFO             PET2 !!! THE ESMF_LOG IS SET TO OUTPUT ALL LOG MESSAGES !!!
20230519 081827.902 INFO             PET2 !!!     THIS MAY CAUSE SLOWDOWN IN PERFORMANCE     !!!
20230519 081827.902 INFO             PET2 !!! FOR PRODUCTION RUNS, USE:                      !!!
20230519 081827.902 INFO             PET2 !!!                   ESMF_LOGKIND_Multi_On_Error  !!!
20230519 081827.902 INFO             PET2 !!!!!!!!!!!!!!!!!!!!!!!!!!!!!!!!!!!!!!!!!!!!!!!!!!!!!!
20230519 081827.902 INFO             PET2 Running with ESMF Version   : v8.5.0b21-130-gf20d586271
20230519 081827.902 INFO             PET2 ESMF library build date/time: "May 19 2023" "07:38:49"
20230519 081827.902 INFO             PET2 ESMF library build location : /scratch2/NCEPDEV/stmp1/Gerhard.Theurich/ESMF-Nightly-Testing/intel_2023.1.0-classic_intelmpi_g_develop/esmf
20230519 081827.902 INFO             PET2 ESMF_COMM                   : intelmpi
20230519 081827.902 INFO             PET2 ESMF_MOAB                   : enabled
20230519 081827.902 INFO             PET2 ESMF_LAPACK                 : enabled
20230519 081827.902 INFO             PET2 ESMF_NETCDF                 : enabled
20230519 081827.902 INFO             PET2 ESMF_PNETCDF                : disabled
20230519 081827.902 INFO             PET2 ESMF_PIO                    : enabled
20230519 081827.902 INFO             PET2 ESMF_YAMLCPP                : enabled
20230519 081827.903 INFO             PET2 esmApp STARTING
20230519 081827.909 INFO             PET2 esm: InitializeGeneric intro.
20230519 081827.909 INFO             PET2   esm: InitializeP0 intro.
20230519 081827.909 INFO             PET2   esm: InitializeP0 extro.
20230519 081827.909 INFO             PET2   esm: InitializeIPDv02p1 intro.
20230519 081827.910 INFO             PET2     >>>esm: entered Initialize (phase=<none>) without valid internal Clock.
20230519 081827.911 INFO             PET2     esm - Creating model component ATM with petList of size 2 :
20230519 081827.911 INFO             PET2           0      1
20230519 081827.915 INFO             PET2     esm - Creating model component OCN with petList of size 2 :
20230519 081827.915 INFO             PET2           2      3
20230519 081827.917 INFO             PET2     esm - Creating connector component ATM-TO-OCN with petList of size 4 :
20230519 081827.917 INFO             PET2           0      1      2      3
20230519 081827.923 INFO             PET2     esm - Creating connector component OCN-TO-ATM with petList of size 4 :
20230519 081827.923 INFO             PET2           2      3      0      1
20230519 081827.931 INFO             PET2     esm - Creating state: modelComp 1 Import State
20230519 081827.931 INFO             PET2     esm - Creating state: modelComp 1 Export State
20230519 081827.931 INFO             PET2     esm - Creating state: modelComp 2 Import State
20230519 081827.931 INFO             PET2     esm - Creating state: modelComp 2 Export State
20230519 081827.932 INFO             PET2     OCN: InitializeP0 intro.
20230519 081827.933 INFO             PET2     OCN: InitializeP0 extro.
20230519 081827.936 INFO             PET2     ATM-TO-OCN: InitializeP0 intro.
20230519 081827.936 INFO             PET2     ATM-TO-OCN: InitializeP0 extro.
20230519 081827.937 INFO             PET2     OCN-TO-ATM: InitializeP0 intro.
20230519 081827.938 INFO             PET2     OCN-TO-ATM: InitializeP0 extro.
20230519 081827.940 INFO             PET2     esm: IInitAdvertise intro.
20230519 081827.940 INFO             PET2     esm: IInitAdvertise extro.
20230519 081827.940 INFO             PET2     OCN: InitializeIPDvXp01 intro.
20230519 081827.943 INFO             PET2     OCN: InitializeIPDvXp01 extro.
20230519 081827.945 INFO             PET2     ATM-TO-OCN: InitializeIPDv05p1 intro.
20230519 081827.959 INFO             PET2     ATM-TO-OCN: InitializeIPDv05p1 extro.
20230519 081827.959 INFO             PET2     OCN-TO-ATM: InitializeIPDv05p1 intro.
20230519 081827.964 INFO             PET2     OCN-TO-ATM: InitializeIPDv05p1 extro.
20230519 081827.965 INFO             PET2     esm: IInitAdvertiseFinish intro.
20230519 081827.965 INFO             PET2     esm: IInitAdvertiseFinish extro.
20230519 081827.965 INFO             PET2     ATM-TO-OCN: InitializeIPDv05p2a intro.
20230519 081827.974 INFO             PET2     ATM-TO-OCN: InitializeIPDv05p2a extro.
20230519 081827.974 INFO             PET2     OCN-TO-ATM: InitializeIPDv05p2a intro.
20230519 081827.979 INFO             PET2     OCN-TO-ATM: InitializeIPDv05p2a extro.
20230519 081827.979 INFO             PET2     ATM-TO-OCN: InitializeIPDv05p2b intro.
20230519 081827.988 INFO             PET2     ATM-TO-OCN: InitializeIPDv05p2b extro.
20230519 081827.988 INFO             PET2     OCN-TO-ATM: InitializeIPDv05p2b intro.
20230519 081827.994 INFO             PET2     OCN-TO-ATM: InitializeIPDv05p2b extro.
20230519 081827.994 INFO             PET2     esm: IInitModifyCplLists intro.
20230519 081827.994 INFO             PET2       Driver is in ModifyCplLists()
20230519 081827.994 INFO             PET2        Found            2  Connectors. Modifying CplList Attribute....
20230519 081827.994 INFO             PET2     esm: IInitModifyCplLists extro.
20230519 081827.995 INFO             PET2     ATM-TO-OCN: InitializeIPDv05p3 intro.
20230519 081828.004 INFO             PET2     ATM-TO-OCN: InitializeIPDv05p3 extro.
20230519 081828.004 INFO             PET2     OCN-TO-ATM: InitializeIPDv05p3 intro.
20230519 081828.010 INFO             PET2     OCN-TO-ATM: InitializeIPDv05p3 extro.
20230519 081828.010 INFO             PET2     <<<esm: leaving Initialize (phase=<none>) with current time: 2010  6  1  0  0  0   0
20230519 081828.010 INFO             PET2   esm: InitializeIPDv02p1 extro.
20230519 081828.010 INFO             PET2   esm: InitializeIPDv02p3 intro.
20230519 081828.010 INFO             PET2     >>>esm: entered Initialize (phase=<none>) with current time: 2010  6  1  0  0  0   0
20230519 081828.010 INFO             PET2     esm: IInitCheck intro.
20230519 081828.010 INFO             PET2     esm: IInitCheck extro.
20230519 081828.010 INFO             PET2     OCN: InitializeIPDvXp04 intro.
20230519 081828.018 INFO             PET2     OCN: InitializeIPDvXp04 extro.
20230519 081828.020 INFO             PET2     ATM-TO-OCN: InitializeIPDv05p4 intro.
20230519 081828.038 INFO             PET2     ATM-TO-OCN: InitializeIPDv05p4 extro.
20230519 081828.039 INFO             PET2     OCN-TO-ATM: InitializeIPDv05p4 intro.
20230519 081828.047 INFO             PET2     OCN-TO-ATM: InitializeIPDv05p4 extro.
20230519 081828.048 INFO             PET2     ATM-TO-OCN: InitializeIPDv05p5 intro.
20230519 081828.064 INFO             PET2     ATM-TO-OCN: InitializeIPDv05p5 extro.
20230519 081828.064 INFO             PET2     OCN-TO-ATM: InitializeIPDv05p5 intro.
20230519 081828.073 INFO             PET2     OCN-TO-ATM: InitializeIPDv05p5 extro.
20230519 081828.073 INFO             PET2     esm: IInitRealize intro.
20230519 081828.073 INFO             PET2     esm: IInitRealize extro.
20230519 081828.073 INFO             PET2     ATM-TO-OCN: InitializeIPDv05p6a intro.
20230519 081828.089 INFO             PET2     ATM-TO-OCN: InitializeIPDv05p6a extro.
20230519 081828.090 INFO             PET2     OCN-TO-ATM: InitializeIPDv05p6a intro.
20230519 081828.098 INFO             PET2     OCN-TO-ATM: InitializeIPDv05p6a extro.
20230519 081828.098 INFO             PET2     ATM-TO-OCN: InitializeIPDv05p6b intro.
20230519 081828.231 INFO             PET2     ATM-TO-OCN: InitializeIPDv05p6b extro.
20230519 081828.231 INFO             PET2     OCN-TO-ATM: InitializeIPDv05p6b intro.
20230519 081828.329 INFO             PET2     OCN-TO-ATM: InitializeIPDv05p6b extro.
20230519 081828.330 INFO             PET2     OCN: InitializeIPDvXp07 intro.
20230519 081828.330 INFO             PET2     OCN: InitializeIPDvXp07 extro.
20230519 081828.330 INFO             PET2     <<<esm: leaving Initialize (phase=<none>) with current time: 2010  6  1  0  0  0   0
20230519 081828.330 INFO             PET2   esm: InitializeIPDv02p3 extro.
20230519 081828.330 INFO             PET2   esm: InitializeIPDv02p5 intro.
20230519 081828.330 INFO             PET2     >>>esm: entered Initialize (phase=<none>) with current time: 2010  6  1  0  0  0   0
20230519 081828.330 INFO             PET2     esm: this is a top level driver, no 'Updated' and 'InitializeDataComplete' info on this level.
20230519 081828.330 INFO             PET2     esm: InitializeIPDv02p5Data intro.
20230519 081828.331 INFO             PET2       esm: InternalInitializeComplete intro.
20230519 081828.331 INFO             PET2         esm: InitializeDataComplete='true'
20230519 081828.331 INFO             PET2       esm: InternalInitializeComplete extro.
20230519 081828.331 INFO             PET2       OCN: InitializeIPDv01p5 intro.
20230519 081828.331 INFO             PET2       OCN: InitializeIPDv01p5 extro.
20230519 081828.333 INFO             PET2       esm: components present that trigger loopDataDependentInitialize().
20230519 081828.333 INFO             PET2       esm: loopDataDependentInitialize intro.
20230519 081828.334 INFO             PET2         esm: component    0=esm, dataComplete (local): true
20230519 081828.334 INFO             PET2         esm: component    0=esm, dataComplete (global):  T
20230519 081828.334 INFO             PET2         esm: component    1=ATM, dataComplete (local): true
20230519 081828.334 INFO             PET2         esm: component    1=ATM, dataComplete (global):  T
20230519 081828.334 INFO             PET2         esm: component    2=OCN, dataComplete (local): true
20230519 081828.334 INFO             PET2         esm: component    2=OCN, dataComplete (global):  T
20230519 081828.334 INFO             PET2         esm: someProgress= F, allComplete= T, present(dataDepAllComplete)= T
20230519 081828.334 INFO             PET2         esm: finished resolving initialize data dependencies on this level.
20230519 081828.334 INFO             PET2       esm: loopDataDependentInitialize extro.
20230519 081828.334 INFO             PET2       esm: loopDataDependentInitialize() returned with dataDepAllComplete:  T
20230519 081828.334 INFO             PET2     esm: InitializeIPDv02p5Data extro.
20230519 081828.334 INFO             PET2     <<<esm: leaving Initialize (phase=<none>) with current time: 2010  6  1  0  0  0   0
20230519 081828.334 INFO             PET2   esm: InitializeIPDv02p5 extro.
20230519 081828.334 INFO             PET2 esm: InitializeGeneric extro.
20230519 081828.334 INFO             PET2 esm: Run intro.
20230519 081828.334 INFO             PET2   >>>esm entered Run (phase=RunPhase1) with current time: 2010  6  1  0  0  0   0
20230519 081828.334 INFO             PET2   esm: after lable_SetRunClock, current time: 2010  6  1  0  0  0   0
20230519 081828.334 INFO             PET2   esm: begin -------> RunSequence.
20230519 081828.334 INFO             PET2     esm: RunSequence event loopLevel=   1  levelMember=   1  loopIteration=   1, current time: 2010  6  1  0  0  0   0
20230519 081828.334 INFO             PET2     ATM-TO-OCN: Run intro.
20230519 081828.335 INFO             PET2     ATM-TO-OCN: Run extro.
20230519 081828.335 INFO             PET2     OCN-TO-ATM: Run intro.
20230519 081828.335 INFO             PET2     OCN-TO-ATM: Run extro.
20230519 081828.336 INFO             PET2     OCN: Run intro.
20230519 081828.336 INFO             PET2       ------>Advancing OCN from: 2010  6  1  0  0  0   0
20230519 081828.336 INFO             PET2       ---------------------> to: 2010  6  1  0  5  0   0
20230519 081828.345 INFO             PET2       ------>Advancing OCN from: 2010  6  1  0  5  0   0
20230519 081828.345 INFO             PET2       ---------------------> to: 2010  6  1  0 10  0   0
20230519 081828.349 INFO             PET2       ------>Advancing OCN from: 2010  6  1  0 10  0   0
20230519 081828.349 INFO             PET2       ---------------------> to: 2010  6  1  0 15  0   0
20230519 081828.352 INFO             PET2     OCN: Run extro.
20230519 081828.352 INFO             PET2     esm: RunSequence event loopLevel=   1  levelMember=   1  loopIteration=   2, current time: 2010  6  1  0 15  0   0
20230519 081828.352 INFO             PET2     ATM-TO-OCN: Run intro.
20230519 081828.353 INFO             PET2     ATM-TO-OCN: Run extro.
20230519 081828.353 INFO             PET2     OCN-TO-ATM: Run intro.
20230519 081828.353 INFO             PET2     OCN-TO-ATM: Run extro.
20230519 081828.353 INFO             PET2     OCN: Run intro.
20230519 081828.353 INFO             PET2       ------>Advancing OCN from: 2010  6  1  0 15  0   0
20230519 081828.353 INFO             PET2       ---------------------> to: 2010  6  1  0 20  0   0
20230519 081828.356 INFO             PET2       ------>Advancing OCN from: 2010  6  1  0 20  0   0
20230519 081828.356 INFO             PET2       ---------------------> to: 2010  6  1  0 25  0   0
20230519 081828.359 INFO             PET2       ------>Advancing OCN from: 2010  6  1  0 25  0   0
20230519 081828.359 INFO             PET2       ---------------------> to: 2010  6  1  0 30  0   0
20230519 081828.362 INFO             PET2     OCN: Run extro.
20230519 081828.362 INFO             PET2     esm: RunSequence event loopLevel=   1  levelMember=   1  loopIteration=   3, current time: 2010  6  1  0 30  0   0
20230519 081828.363 INFO             PET2     ATM-TO-OCN: Run intro.
20230519 081828.363 INFO             PET2     ATM-TO-OCN: Run extro.
20230519 081828.363 INFO             PET2     OCN-TO-ATM: Run intro.
20230519 081828.363 INFO             PET2     OCN-TO-ATM: Run extro.
20230519 081828.363 INFO             PET2     OCN: Run intro.
20230519 081828.363 INFO             PET2       ------>Advancing OCN from: 2010  6  1  0 30  0   0
20230519 081828.363 INFO             PET2       ---------------------> to: 2010  6  1  0 35  0   0
20230519 081828.367 INFO             PET2       ------>Advancing OCN from: 2010  6  1  0 35  0   0
20230519 081828.367 INFO             PET2       ---------------------> to: 2010  6  1  0 40  0   0
20230519 081828.370 INFO             PET2       ------>Advancing OCN from: 2010  6  1  0 40  0   0
20230519 081828.370 INFO             PET2       ---------------------> to: 2010  6  1  0 45  0   0
20230519 081828.373 INFO             PET2     OCN: Run extro.
20230519 081828.373 INFO             PET2     esm: RunSequence event loopLevel=   1  levelMember=   1  loopIteration=   4, current time: 2010  6  1  0 45  0   0
20230519 081828.373 INFO             PET2     ATM-TO-OCN: Run intro.
20230519 081828.373 INFO             PET2     ATM-TO-OCN: Run extro.
20230519 081828.373 INFO             PET2     OCN-TO-ATM: Run intro.
20230519 081828.373 INFO             PET2     OCN-TO-ATM: Run extro.
20230519 081828.374 INFO             PET2     OCN: Run intro.
20230519 081828.374 INFO             PET2       ------>Advancing OCN from: 2010  6  1  0 45  0   0
20230519 081828.374 INFO             PET2       ---------------------> to: 2010  6  1  0 50  0   0
20230519 081828.377 INFO             PET2       ------>Advancing OCN from: 2010  6  1  0 50  0   0
20230519 081828.377 INFO             PET2       ---------------------> to: 2010  6  1  0 55  0   0
20230519 081828.380 INFO             PET2       ------>Advancing OCN from: 2010  6  1  0 55  0   0
20230519 081828.380 INFO             PET2       ---------------------> to: 2010  6  1  1  0  0   0
20230519 081828.383 INFO             PET2     OCN: Run extro.
20230519 081828.383 INFO             PET2   esm: end <--------- RunSequence
20230519 081828.383 INFO             PET2   <<<esm - leaving Run with current time: 2010  6  1  1  0  0   0
20230519 081828.383 INFO             PET2 esm: Run extro.
20230519 081828.384 INFO             PET2 esm: Finalize intro.
20230519 081828.384 INFO             PET2   Calling Finalize phase 1 for connectorComp: ATM-TO-OCN
20230519 081828.384 INFO             PET2   ATM-TO-OCN: Finalize intro.
20230519 081828.384 INFO             PET2   ATM-TO-OCN: Finalize extro.
20230519 081828.384 INFO             PET2   Calling Finalize phase 1 for connectorComp: OCN-TO-ATM
20230519 081828.384 INFO             PET2   OCN-TO-ATM: Finalize intro.
20230519 081828.384 INFO             PET2   OCN-TO-ATM: Finalize extro.
20230519 081828.384 INFO             PET2   Calling Finalize phase 1 for modelComp: ATM
20230519 081828.384 INFO             PET2   Calling Finalize phase 1 for modelComp: OCN
20230519 081828.384 INFO             PET2   OCN: Finalize intro.
20230519 081828.384 INFO             PET2   OCN: Finalize extro.
20230519 081828.384 INFO             PET2   Delete modelComp: ATM
20230519 081828.384 INFO             PET2   Delete Import-/Export State for modelComp: ATM
20230519 081828.384 INFO             PET2   Delete modelComp: OCN
20230519 081828.384 INFO             PET2   Delete Import-/Export State for modelComp: OCN
20230519 081828.384 INFO             PET2   Delete connectorComp: ATM-TO-OCN
20230519 081828.385 INFO             PET2   Delete connectorComp: OCN-TO-ATM
20230519 081828.385 INFO             PET2 esm: Finalize extro.
20230519 081828.385 INFO             PET2 esmApp FINISHED
20230519 081828.385 INFO             PET2 Finalizing ESMF
20230519 081827.902 INFO             PET3 !!!!!!!!!!!!!!!!!!!!!!!!!!!!!!!!!!!!!!!!!!!!!!!!!!!!!!
20230519 081827.902 INFO             PET3 !!! THE ESMF_LOG IS SET TO OUTPUT ALL LOG MESSAGES !!!
20230519 081827.902 INFO             PET3 !!!     THIS MAY CAUSE SLOWDOWN IN PERFORMANCE     !!!
20230519 081827.902 INFO             PET3 !!! FOR PRODUCTION RUNS, USE:                      !!!
20230519 081827.902 INFO             PET3 !!!                   ESMF_LOGKIND_Multi_On_Error  !!!
20230519 081827.902 INFO             PET3 !!!!!!!!!!!!!!!!!!!!!!!!!!!!!!!!!!!!!!!!!!!!!!!!!!!!!!
20230519 081827.902 INFO             PET3 Running with ESMF Version   : v8.5.0b21-130-gf20d586271
20230519 081827.902 INFO             PET3 ESMF library build date/time: "May 19 2023" "07:38:49"
20230519 081827.902 INFO             PET3 ESMF library build location : /scratch2/NCEPDEV/stmp1/Gerhard.Theurich/ESMF-Nightly-Testing/intel_2023.1.0-classic_intelmpi_g_develop/esmf
20230519 081827.902 INFO             PET3 ESMF_COMM                   : intelmpi
20230519 081827.902 INFO             PET3 ESMF_MOAB                   : enabled
20230519 081827.902 INFO             PET3 ESMF_LAPACK                 : enabled
20230519 081827.902 INFO             PET3 ESMF_NETCDF                 : enabled
20230519 081827.902 INFO             PET3 ESMF_PNETCDF                : disabled
20230519 081827.902 INFO             PET3 ESMF_PIO                    : enabled
20230519 081827.902 INFO             PET3 ESMF_YAMLCPP                : enabled
20230519 081827.903 INFO             PET3 esmApp STARTING
20230519 081827.909 INFO             PET3 esm: InitializeGeneric intro.
20230519 081827.909 INFO             PET3   esm: InitializeP0 intro.
20230519 081827.909 INFO             PET3   esm: InitializeP0 extro.
20230519 081827.909 INFO             PET3   esm: InitializeIPDv02p1 intro.
20230519 081827.909 INFO             PET3     >>>esm: entered Initialize (phase=<none>) without valid internal Clock.
20230519 081827.911 INFO             PET3     esm - Creating model component ATM with petList of size 2 :
20230519 081827.911 INFO             PET3           0      1
20230519 081827.915 INFO             PET3     esm - Creating model component OCN with petList of size 2 :
20230519 081827.915 INFO             PET3           2      3
20230519 081827.918 INFO             PET3     esm - Creating connector component ATM-TO-OCN with petList of size 4 :
20230519 081827.918 INFO             PET3           0      1      2      3
20230519 081827.923 INFO             PET3     esm - Creating connector component OCN-TO-ATM with petList of size 4 :
20230519 081827.923 INFO             PET3           2      3      0      1
20230519 081827.931 INFO             PET3     esm - Creating state: modelComp 1 Import State
20230519 081827.931 INFO             PET3     esm - Creating state: modelComp 1 Export State
20230519 081827.931 INFO             PET3     esm - Creating state: modelComp 2 Import State
20230519 081827.931 INFO             PET3     esm - Creating state: modelComp 2 Export State
20230519 081827.932 INFO             PET3     OCN: InitializeP0 intro.
20230519 081827.933 INFO             PET3     OCN: InitializeP0 extro.
20230519 081827.936 INFO             PET3     ATM-TO-OCN: InitializeP0 intro.
20230519 081827.937 INFO             PET3     ATM-TO-OCN: InitializeP0 extro.
20230519 081827.937 INFO             PET3     OCN-TO-ATM: InitializeP0 intro.
20230519 081827.938 INFO             PET3     OCN-TO-ATM: InitializeP0 extro.
20230519 081827.940 INFO             PET3     esm: IInitAdvertise intro.
20230519 081827.940 INFO             PET3     esm: IInitAdvertise extro.
20230519 081827.940 INFO             PET3     OCN: InitializeIPDvXp01 intro.
20230519 081827.943 INFO             PET3     OCN: InitializeIPDvXp01 extro.
20230519 081827.945 INFO             PET3     ATM-TO-OCN: InitializeIPDv05p1 intro.
20230519 081827.959 INFO             PET3     ATM-TO-OCN: InitializeIPDv05p1 extro.
20230519 081827.959 INFO             PET3     OCN-TO-ATM: InitializeIPDv05p1 intro.
20230519 081827.964 INFO             PET3     OCN-TO-ATM: InitializeIPDv05p1 extro.
20230519 081827.965 INFO             PET3     esm: IInitAdvertiseFinish intro.
20230519 081827.965 INFO             PET3     esm: IInitAdvertiseFinish extro.
20230519 081827.965 INFO             PET3     ATM-TO-OCN: InitializeIPDv05p2a intro.
20230519 081827.974 INFO             PET3     ATM-TO-OCN: InitializeIPDv05p2a extro.
20230519 081827.974 INFO             PET3     OCN-TO-ATM: InitializeIPDv05p2a intro.
20230519 081827.979 INFO             PET3     OCN-TO-ATM: InitializeIPDv05p2a extro.
20230519 081827.979 INFO             PET3     ATM-TO-OCN: InitializeIPDv05p2b intro.
20230519 081827.988 INFO             PET3     ATM-TO-OCN: InitializeIPDv05p2b extro.
20230519 081827.988 INFO             PET3     OCN-TO-ATM: InitializeIPDv05p2b intro.
20230519 081827.994 INFO             PET3     OCN-TO-ATM: InitializeIPDv05p2b extro.
20230519 081827.994 INFO             PET3     esm: IInitModifyCplLists intro.
20230519 081827.994 INFO             PET3       Driver is in ModifyCplLists()
20230519 081827.994 INFO             PET3        Found            2  Connectors. Modifying CplList Attribute....
20230519 081827.994 INFO             PET3     esm: IInitModifyCplLists extro.
20230519 081827.995 INFO             PET3     ATM-TO-OCN: InitializeIPDv05p3 intro.
20230519 081828.004 INFO             PET3     ATM-TO-OCN: InitializeIPDv05p3 extro.
20230519 081828.004 INFO             PET3     OCN-TO-ATM: InitializeIPDv05p3 intro.
20230519 081828.009 INFO             PET3     OCN-TO-ATM: InitializeIPDv05p3 extro.
20230519 081828.010 INFO             PET3     <<<esm: leaving Initialize (phase=<none>) with current time: 2010  6  1  0  0  0   0
20230519 081828.010 INFO             PET3   esm: InitializeIPDv02p1 extro.
20230519 081828.010 INFO             PET3   esm: InitializeIPDv02p3 intro.
20230519 081828.010 INFO             PET3     >>>esm: entered Initialize (phase=<none>) with current time: 2010  6  1  0  0  0   0
20230519 081828.010 INFO             PET3     esm: IInitCheck intro.
20230519 081828.010 INFO             PET3     esm: IInitCheck extro.
20230519 081828.010 INFO             PET3     OCN: InitializeIPDvXp04 intro.
20230519 081828.018 INFO             PET3     OCN: InitializeIPDvXp04 extro.
20230519 081828.020 INFO             PET3     ATM-TO-OCN: InitializeIPDv05p4 intro.
20230519 081828.038 INFO             PET3     ATM-TO-OCN: InitializeIPDv05p4 extro.
20230519 081828.039 INFO             PET3     OCN-TO-ATM: InitializeIPDv05p4 intro.
20230519 081828.047 INFO             PET3     OCN-TO-ATM: InitializeIPDv05p4 extro.
20230519 081828.048 INFO             PET3     ATM-TO-OCN: InitializeIPDv05p5 intro.
20230519 081828.064 INFO             PET3     ATM-TO-OCN: InitializeIPDv05p5 extro.
20230519 081828.064 INFO             PET3     OCN-TO-ATM: InitializeIPDv05p5 intro.
20230519 081828.073 INFO             PET3     OCN-TO-ATM: InitializeIPDv05p5 extro.
20230519 081828.073 INFO             PET3     esm: IInitRealize intro.
20230519 081828.073 INFO             PET3     esm: IInitRealize extro.
20230519 081828.073 INFO             PET3     ATM-TO-OCN: InitializeIPDv05p6a intro.
20230519 081828.089 INFO             PET3     ATM-TO-OCN: InitializeIPDv05p6a extro.
20230519 081828.089 INFO             PET3     OCN-TO-ATM: InitializeIPDv05p6a intro.
20230519 081828.098 INFO             PET3     OCN-TO-ATM: InitializeIPDv05p6a extro.
20230519 081828.098 INFO             PET3     ATM-TO-OCN: InitializeIPDv05p6b intro.
20230519 081828.231 INFO             PET3     ATM-TO-OCN: InitializeIPDv05p6b extro.
20230519 081828.231 INFO             PET3     OCN-TO-ATM: InitializeIPDv05p6b intro.
20230519 081828.329 INFO             PET3     OCN-TO-ATM: InitializeIPDv05p6b extro.
20230519 081828.330 INFO             PET3     OCN: InitializeIPDvXp07 intro.
20230519 081828.330 INFO             PET3     OCN: InitializeIPDvXp07 extro.
20230519 081828.330 INFO             PET3     <<<esm: leaving Initialize (phase=<none>) with current time: 2010  6  1  0  0  0   0
20230519 081828.330 INFO             PET3   esm: InitializeIPDv02p3 extro.
20230519 081828.330 INFO             PET3   esm: InitializeIPDv02p5 intro.
20230519 081828.330 INFO             PET3     >>>esm: entered Initialize (phase=<none>) with current time: 2010  6  1  0  0  0   0
20230519 081828.330 INFO             PET3     esm: this is a top level driver, no 'Updated' and 'InitializeDataComplete' info on this level.
20230519 081828.330 INFO             PET3     esm: InitializeIPDv02p5Data intro.
20230519 081828.331 INFO             PET3       esm: InternalInitializeComplete intro.
20230519 081828.331 INFO             PET3         esm: InitializeDataComplete='true'
20230519 081828.331 INFO             PET3       esm: InternalInitializeComplete extro.
20230519 081828.331 INFO             PET3       OCN: InitializeIPDv01p5 intro.
20230519 081828.331 INFO             PET3       OCN: InitializeIPDv01p5 extro.
20230519 081828.333 INFO             PET3       esm: components present that trigger loopDataDependentInitialize().
20230519 081828.333 INFO             PET3       esm: loopDataDependentInitialize intro.
20230519 081828.334 INFO             PET3         esm: component    0=esm, dataComplete (local): true
20230519 081828.334 INFO             PET3         esm: component    0=esm, dataComplete (global):  T
20230519 081828.334 INFO             PET3         esm: component    1=ATM, dataComplete (local): true
20230519 081828.334 INFO             PET3         esm: component    1=ATM, dataComplete (global):  T
20230519 081828.334 INFO             PET3         esm: component    2=OCN, dataComplete (local): true
20230519 081828.334 INFO             PET3         esm: component    2=OCN, dataComplete (global):  T
20230519 081828.334 INFO             PET3         esm: someProgress= F, allComplete= T, present(dataDepAllComplete)= T
20230519 081828.334 INFO             PET3         esm: finished resolving initialize data dependencies on this level.
20230519 081828.334 INFO             PET3       esm: loopDataDependentInitialize extro.
20230519 081828.334 INFO             PET3       esm: loopDataDependentInitialize() returned with dataDepAllComplete:  T
20230519 081828.334 INFO             PET3     esm: InitializeIPDv02p5Data extro.
20230519 081828.334 INFO             PET3     <<<esm: leaving Initialize (phase=<none>) with current time: 2010  6  1  0  0  0   0
20230519 081828.334 INFO             PET3   esm: InitializeIPDv02p5 extro.
20230519 081828.334 INFO             PET3 esm: InitializeGeneric extro.
20230519 081828.334 INFO             PET3 esm: Run intro.
20230519 081828.334 INFO             PET3   >>>esm entered Run (phase=RunPhase1) with current time: 2010  6  1  0  0  0   0
20230519 081828.334 INFO             PET3   esm: after lable_SetRunClock, current time: 2010  6  1  0  0  0   0
20230519 081828.334 INFO             PET3   esm: begin -------> RunSequence.
20230519 081828.334 INFO             PET3     esm: RunSequence event loopLevel=   1  levelMember=   1  loopIteration=   1, current time: 2010  6  1  0  0  0   0
20230519 081828.334 INFO             PET3     ATM-TO-OCN: Run intro.
20230519 081828.335 INFO             PET3     ATM-TO-OCN: Run extro.
20230519 081828.335 INFO             PET3     OCN-TO-ATM: Run intro.
20230519 081828.335 INFO             PET3     OCN-TO-ATM: Run extro.
20230519 081828.336 INFO             PET3     OCN: Run intro.
20230519 081828.336 INFO             PET3       ------>Advancing OCN from: 2010  6  1  0  0  0   0
20230519 081828.336 INFO             PET3       ---------------------> to: 2010  6  1  0  5  0   0
20230519 081828.345 INFO             PET3       ------>Advancing OCN from: 2010  6  1  0  5  0   0
20230519 081828.345 INFO             PET3       ---------------------> to: 2010  6  1  0 10  0   0
20230519 081828.349 INFO             PET3       ------>Advancing OCN from: 2010  6  1  0 10  0   0
20230519 081828.349 INFO             PET3       ---------------------> to: 2010  6  1  0 15  0   0
20230519 081828.352 INFO             PET3     OCN: Run extro.
20230519 081828.352 INFO             PET3     esm: RunSequence event loopLevel=   1  levelMember=   1  loopIteration=   2, current time: 2010  6  1  0 15  0   0
20230519 081828.352 INFO             PET3     ATM-TO-OCN: Run intro.
20230519 081828.353 INFO             PET3     ATM-TO-OCN: Run extro.
20230519 081828.353 INFO             PET3     OCN-TO-ATM: Run intro.
20230519 081828.353 INFO             PET3     OCN-TO-ATM: Run extro.
20230519 081828.353 INFO             PET3     OCN: Run intro.
20230519 081828.353 INFO             PET3       ------>Advancing OCN from: 2010  6  1  0 15  0   0
20230519 081828.353 INFO             PET3       ---------------------> to: 2010  6  1  0 20  0   0
20230519 081828.356 INFO             PET3       ------>Advancing OCN from: 2010  6  1  0 20  0   0
20230519 081828.356 INFO             PET3       ---------------------> to: 2010  6  1  0 25  0   0
20230519 081828.359 INFO             PET3       ------>Advancing OCN from: 2010  6  1  0 25  0   0
20230519 081828.359 INFO             PET3       ---------------------> to: 2010  6  1  0 30  0   0
20230519 081828.362 INFO             PET3     OCN: Run extro.
20230519 081828.362 INFO             PET3     esm: RunSequence event loopLevel=   1  levelMember=   1  loopIteration=   3, current time: 2010  6  1  0 30  0   0
20230519 081828.362 INFO             PET3     ATM-TO-OCN: Run intro.
20230519 081828.363 INFO             PET3     ATM-TO-OCN: Run extro.
20230519 081828.363 INFO             PET3     OCN-TO-ATM: Run intro.
20230519 081828.363 INFO             PET3     OCN-TO-ATM: Run extro.
20230519 081828.363 INFO             PET3     OCN: Run intro.
20230519 081828.363 INFO             PET3       ------>Advancing OCN from: 2010  6  1  0 30  0   0
20230519 081828.363 INFO             PET3       ---------------------> to: 2010  6  1  0 35  0   0
20230519 081828.367 INFO             PET3       ------>Advancing OCN from: 2010  6  1  0 35  0   0
20230519 081828.367 INFO             PET3       ---------------------> to: 2010  6  1  0 40  0   0
20230519 081828.370 INFO             PET3       ------>Advancing OCN from: 2010  6  1  0 40  0   0
20230519 081828.370 INFO             PET3       ---------------------> to: 2010  6  1  0 45  0   0
20230519 081828.373 INFO             PET3     OCN: Run extro.
20230519 081828.373 INFO             PET3     esm: RunSequence event loopLevel=   1  levelMember=   1  loopIteration=   4, current time: 2010  6  1  0 45  0   0
20230519 081828.373 INFO             PET3     ATM-TO-OCN: Run intro.
20230519 081828.373 INFO             PET3     ATM-TO-OCN: Run extro.
20230519 081828.373 INFO             PET3     OCN-TO-ATM: Run intro.
20230519 081828.373 INFO             PET3     OCN-TO-ATM: Run extro.
20230519 081828.374 INFO             PET3     OCN: Run intro.
20230519 081828.374 INFO             PET3       ------>Advancing OCN from: 2010  6  1  0 45  0   0
20230519 081828.374 INFO             PET3       ---------------------> to: 2010  6  1  0 50  0   0
20230519 081828.377 INFO             PET3       ------>Advancing OCN from: 2010  6  1  0 50  0   0
20230519 081828.377 INFO             PET3       ---------------------> to: 2010  6  1  0 55  0   0
20230519 081828.380 INFO             PET3       ------>Advancing OCN from: 2010  6  1  0 55  0   0
20230519 081828.380 INFO             PET3       ---------------------> to: 2010  6  1  1  0  0   0
20230519 081828.383 INFO             PET3     OCN: Run extro.
20230519 081828.383 INFO             PET3   esm: end <--------- RunSequence
20230519 081828.383 INFO             PET3   <<<esm - leaving Run with current time: 2010  6  1  1  0  0   0
20230519 081828.383 INFO             PET3 esm: Run extro.
20230519 081828.384 INFO             PET3 esm: Finalize intro.
20230519 081828.384 INFO             PET3   Calling Finalize phase 1 for connectorComp: ATM-TO-OCN
20230519 081828.384 INFO             PET3   ATM-TO-OCN: Finalize intro.
20230519 081828.384 INFO             PET3   ATM-TO-OCN: Finalize extro.
20230519 081828.384 INFO             PET3   Calling Finalize phase 1 for connectorComp: OCN-TO-ATM
20230519 081828.384 INFO             PET3   OCN-TO-ATM: Finalize intro.
20230519 081828.384 INFO             PET3   OCN-TO-ATM: Finalize extro.
20230519 081828.384 INFO             PET3   Calling Finalize phase 1 for modelComp: ATM
20230519 081828.384 INFO             PET3   Calling Finalize phase 1 for modelComp: OCN
20230519 081828.384 INFO             PET3   OCN: Finalize intro.
20230519 081828.384 INFO             PET3   OCN: Finalize extro.
20230519 081828.384 INFO             PET3   Delete modelComp: ATM
20230519 081828.384 INFO             PET3   Delete Import-/Export State for modelComp: ATM
20230519 081828.384 INFO             PET3   Delete modelComp: OCN
20230519 081828.384 INFO             PET3   Delete Import-/Export State for modelComp: OCN
20230519 081828.384 INFO             PET3   Delete connectorComp: ATM-TO-OCN
20230519 081828.384 INFO             PET3   Delete connectorComp: OCN-TO-ATM
20230519 081828.385 INFO             PET3 esm: Finalize extro.
20230519 081828.385 INFO             PET3 esmApp FINISHED
20230519 081828.385 INFO             PET3 Finalizing ESMF
