2023-06-12 13:39:58
20230612 140447.026 INFO             PET0 !!!!!!!!!!!!!!!!!!!!!!!!!!!!!!!!!!!!!!!!!!!!!!!!!!!!!!
20230612 140447.026 INFO             PET0 !!! THE ESMF_LOG IS SET TO OUTPUT ALL LOG MESSAGES !!!
20230612 140447.026 INFO             PET0 !!!     THIS MAY CAUSE SLOWDOWN IN PERFORMANCE     !!!
20230612 140447.026 INFO             PET0 !!! FOR PRODUCTION RUNS, USE:                      !!!
20230612 140447.026 INFO             PET0 !!!                   ESMF_LOGKIND_Multi_On_Error  !!!
20230612 140447.026 INFO             PET0 !!!!!!!!!!!!!!!!!!!!!!!!!!!!!!!!!!!!!!!!!!!!!!!!!!!!!!
20230612 140447.026 INFO             PET0 Running with ESMF Version   : v8.5.0b23-8-g0d4e2fd5e5
20230612 140447.026 INFO             PET0 ESMF library build date/time: "Jun 12 2023" "13:38:27"
20230612 140447.026 INFO             PET0 ESMF library build location : /lustre/f2/dev/ncep/Gerhard.Theurich/ESMF-Nightly-Testing-C5/intel_2022.2.1_mpiuni_O_feature_bopt_g_flags/esmf
20230612 140447.026 INFO             PET0 ESMF_COMM                   : mpiuni
20230612 140447.027 INFO             PET0 ESMF_MOAB                   : enabled
20230612 140447.027 INFO             PET0 ESMF_LAPACK                 : enabled
20230612 140447.027 INFO             PET0 ESMF_NETCDF                 : enabled
20230612 140447.027 INFO             PET0 ESMF_PNETCDF                : disabled
20230612 140447.027 INFO             PET0 ESMF_PIO                    : disabled
20230612 140447.027 INFO             PET0 ESMF_YAMLCPP                : enabled
20230612 140447.049 DEBUG            PET0 about to destroy Grid: 0x604f10
20230612 140447.051 DEBUG            PET0 about to destroy Grid: 0x605ee0
20230612 140447.058 INFO             PET0  NUMBER_OF_PROCESSORS           1
20230612 140447.058 INFO             PET0  PASS  Example ESMF_NUOPCAtmModelEx, ESMF_NUOPCAtmModelEx.F90, line 806
20230612 140447.058 INFO             PET0 Finalizing ESMF
