2023-05-05 05:17:08
20230505 064205.653 INFO             PET0 !!!!!!!!!!!!!!!!!!!!!!!!!!!!!!!!!!!!!!!!!!!!!!!!!!!!!!
20230505 064205.653 INFO             PET0 !!! THE ESMF_LOG IS SET TO OUTPUT ALL LOG MESSAGES !!!
20230505 064205.653 INFO             PET0 !!!     THIS MAY CAUSE SLOWDOWN IN PERFORMANCE     !!!
20230505 064205.653 INFO             PET0 !!! FOR PRODUCTION RUNS, USE:                      !!!
20230505 064205.653 INFO             PET0 !!!                   ESMF_LOGKIND_Multi_On_Error  !!!
20230505 064205.653 INFO             PET0 !!!!!!!!!!!!!!!!!!!!!!!!!!!!!!!!!!!!!!!!!!!!!!!!!!!!!!
20230505 064205.653 INFO             PET0 Running with ESMF Version   : v8.5.0b20-1-g9196001a9b
20230505 064205.653 INFO             PET0 ESMF library build date/time: "May  5 2023" "05:13:51"
20230505 064205.653 INFO             PET0 ESMF library build location : /glade/scratch/theurich/ESMF-Nightly-Testing/nvhpc_21.11_openmpi_g_develop/esmf
20230505 064205.653 INFO             PET0 ESMF_COMM                   : openmpi
20230505 064205.653 INFO             PET0 ESMF_MOAB                   : enabled
20230505 064205.653 INFO             PET0 ESMF_LAPACK                 : enabled
20230505 064205.653 INFO             PET0 ESMF_NETCDF                 : enabled
20230505 064205.653 INFO             PET0 ESMF_PNETCDF                : disabled
20230505 064205.653 INFO             PET0 ESMF_PIO                    : enabled
20230505 064205.653 INFO             PET0 ESMF_YAMLCPP                : enabled
20230505 064205.654 INFO             PET0 mainApp STARTING
20230505 064205.661 INFO             PET0 advection diffusion driver: InitializeGeneric intro.
20230505 064205.661 INFO             PET0   advection diffusion driver: InitializeP0 intro.
20230505 064205.661 INFO             PET0   advection diffusion driver: InitializeP0 extro.
20230505 064205.661 INFO             PET0   advection diffusion driver: InitializeIPDv02p1 intro.
20230505 064205.661 INFO             PET0     >>>advection diffusion driver: entered Initialize (phase=<none>) without valid internal Clock.
20230505 064205.661 INFO             PET0     advection diffusion driver - Creating model component advectDiff_Parent without petList.
20230505 064205.665 INFO             PET0     advection diffusion driver - Creating model component advectDiff_Nestling0 with petList of size 2 :
20230505 064205.665 INFO             PET0           0      1
20230505 064205.669 INFO             PET0     advection diffusion driver - Creating connector component advectDiff_Parent-TO-advectDiff_Nestling0 without petList.
20230505 064205.676 INFO             PET0     advection diffusion driver - Creating state: modelComp 1 Import State
20230505 064205.676 INFO             PET0     advection diffusion driver - Creating state: modelComp 1 Export State
20230505 064205.677 INFO             PET0     advection diffusion driver - Creating state: modelComp 2 Import State
20230505 064205.677 INFO             PET0     advection diffusion driver - Creating state: modelComp 2 Export State
20230505 064205.678 INFO             PET0     advectDiff_Parent: InitializeP0 intro.
20230505 064205.680 INFO             PET0     advectDiff_Parent: InitializeP0 extro.
20230505 064205.680 INFO             PET0     advectDiff_Nestling0: InitializeP0 intro.
20230505 064205.681 INFO             PET0     advectDiff_Nestling0: InitializeP0 extro.
20230505 064205.684 INFO             PET0     advectDiff_Parent-TO-advectDiff_Nestling0: InitializeP0 intro.
20230505 064205.684 INFO             PET0     advectDiff_Parent-TO-advectDiff_Nestling0: InitializeP0 extro.
20230505 064205.686 INFO             PET0     advection diffusion driver: IInitAdvertise intro.
20230505 064205.686 INFO             PET0     advection diffusion driver: IInitAdvertise extro.
20230505 064205.687 INFO             PET0     advectDiff_Parent: InitializeIPDvXp01 intro.
20230505 064205.688 INFO             PET0     advectDiff_Parent: InitializeIPDvXp01 extro.
20230505 064205.688 INFO             PET0     advectDiff_Nestling0: InitializeIPDvXp01 intro.
20230505 064205.690 INFO             PET0     advectDiff_Nestling0: InitializeIPDvXp01 extro.
20230505 064205.692 INFO             PET0     advectDiff_Parent-TO-advectDiff_Nestling0: InitializeIPDv05p1 intro.
20230505 064205.697 INFO             PET0     advectDiff_Parent-TO-advectDiff_Nestling0: InitializeIPDv05p1 extro.
20230505 064205.697 INFO             PET0     advection diffusion driver: IInitAdvertiseFinish intro.
20230505 064205.697 INFO             PET0     advection diffusion driver: IInitAdvertiseFinish extro.
20230505 064205.699 INFO             PET0     advectDiff_Parent-TO-advectDiff_Nestling0: InitializeIPDv05p2a intro.
20230505 064205.704 INFO             PET0     advectDiff_Parent-TO-advectDiff_Nestling0: InitializeIPDv05p2a extro.
20230505 064205.704 INFO             PET0     advectDiff_Parent-TO-advectDiff_Nestling0: InitializeIPDv05p2b intro.
20230505 064205.709 INFO             PET0     advectDiff_Parent-TO-advectDiff_Nestling0: InitializeIPDv05p2b extro.
20230505 064205.709 INFO             PET0     advection diffusion driver: IInitModifyCplLists intro.
20230505 064205.709 INFO             PET0     advection diffusion driver: IInitModifyCplLists extro.
20230505 064205.709 INFO             PET0     advectDiff_Parent-TO-advectDiff_Nestling0: InitializeIPDv05p3 intro.
20230505 064205.716 INFO             PET0     advectDiff_Parent-TO-advectDiff_Nestling0: InitializeIPDv05p3 extro.
20230505 064205.716 INFO             PET0     <<<advection diffusion driver: leaving Initialize (phase=<none>) with current time:    0  1  1  0  0  0   0
20230505 064205.716 INFO             PET0   advection diffusion driver: InitializeIPDv02p1 extro.
20230505 064205.716 INFO             PET0   advection diffusion driver: InitializeIPDv02p3 intro.
20230505 064205.717 INFO             PET0     >>>advection diffusion driver: entered Initialize (phase=<none>) with current time:    0  1  1  0  0  0   0
20230505 064205.717 INFO             PET0     advection diffusion driver: IInitCheck intro.
20230505 064205.717 INFO             PET0     advection diffusion driver: IInitCheck extro.
20230505 064205.717 INFO             PET0     advectDiff_Parent: InitializeIPDvXp04 intro.
20230505 064205.724 INFO             PET0     advectDiff_Parent: InitializeIPDvXp04 extro.
20230505 064205.724 INFO             PET0     advectDiff_Nestling0: InitializeIPDvXp04 intro.
20230505 064205.732 INFO             PET0     advectDiff_Nestling0: InitializeIPDvXp04 extro.
20230505 064205.734 INFO             PET0     advectDiff_Parent-TO-advectDiff_Nestling0: InitializeIPDv05p4 intro.
20230505 064205.741 INFO             PET0     advectDiff_Parent-TO-advectDiff_Nestling0: InitializeIPDv05p4 extro.
20230505 064205.652 INFO             PET1 !!!!!!!!!!!!!!!!!!!!!!!!!!!!!!!!!!!!!!!!!!!!!!!!!!!!!!
20230505 064205.652 INFO             PET1 !!! THE ESMF_LOG IS SET TO OUTPUT ALL LOG MESSAGES !!!
20230505 064205.652 INFO             PET1 !!!     THIS MAY CAUSE SLOWDOWN IN PERFORMANCE     !!!
20230505 064205.652 INFO             PET1 !!! FOR PRODUCTION RUNS, USE:                      !!!
20230505 064205.652 INFO             PET1 !!!                   ESMF_LOGKIND_Multi_On_Error  !!!
20230505 064205.652 INFO             PET1 !!!!!!!!!!!!!!!!!!!!!!!!!!!!!!!!!!!!!!!!!!!!!!!!!!!!!!
20230505 064205.652 INFO             PET1 Running with ESMF Version   : v8.5.0b20-1-g9196001a9b
20230505 064205.652 INFO             PET1 ESMF library build date/time: "May  5 2023" "05:13:51"
20230505 064205.652 INFO             PET1 ESMF library build location : /glade/scratch/theurich/ESMF-Nightly-Testing/nvhpc_21.11_openmpi_g_develop/esmf
20230505 064205.652 INFO             PET1 ESMF_COMM                   : openmpi
20230505 064205.653 INFO             PET1 ESMF_MOAB                   : enabled
20230505 064205.653 INFO             PET1 ESMF_LAPACK                 : enabled
20230505 064205.653 INFO             PET1 ESMF_NETCDF                 : enabled
20230505 064205.653 INFO             PET1 ESMF_PNETCDF                : disabled
20230505 064205.653 INFO             PET1 ESMF_PIO                    : enabled
20230505 064205.653 INFO             PET1 ESMF_YAMLCPP                : enabled
20230505 064205.654 INFO             PET1 mainApp STARTING
20230505 064205.661 INFO             PET1 advection diffusion driver: InitializeGeneric intro.
20230505 064205.661 INFO             PET1   advection diffusion driver: InitializeP0 intro.
20230505 064205.661 INFO             PET1   advection diffusion driver: InitializeP0 extro.
20230505 064205.661 INFO             PET1   advection diffusion driver: InitializeIPDv02p1 intro.
20230505 064205.661 INFO             PET1     >>>advection diffusion driver: entered Initialize (phase=<none>) without valid internal Clock.
20230505 064205.661 INFO             PET1     advection diffusion driver - Creating model component advectDiff_Parent without petList.
20230505 064205.665 INFO             PET1     advection diffusion driver - Creating model component advectDiff_Nestling0 with petList of size 2 :
20230505 064205.665 INFO             PET1           0      1
20230505 064205.669 INFO             PET1     advection diffusion driver - Creating connector component advectDiff_Parent-TO-advectDiff_Nestling0 without petList.
20230505 064205.676 INFO             PET1     advection diffusion driver - Creating state: modelComp 1 Import State
20230505 064205.676 INFO             PET1     advection diffusion driver - Creating state: modelComp 1 Export State
20230505 064205.677 INFO             PET1     advection diffusion driver - Creating state: modelComp 2 Import State
20230505 064205.677 INFO             PET1     advection diffusion driver - Creating state: modelComp 2 Export State
20230505 064205.678 INFO             PET1     advectDiff_Parent: InitializeP0 intro.
20230505 064205.680 INFO             PET1     advectDiff_Parent: InitializeP0 extro.
20230505 064205.680 INFO             PET1     advectDiff_Nestling0: InitializeP0 intro.
20230505 064205.681 INFO             PET1     advectDiff_Nestling0: InitializeP0 extro.
20230505 064205.684 INFO             PET1     advectDiff_Parent-TO-advectDiff_Nestling0: InitializeP0 intro.
20230505 064205.685 INFO             PET1     advectDiff_Parent-TO-advectDiff_Nestling0: InitializeP0 extro.
20230505 064205.687 INFO             PET1     advection diffusion driver: IInitAdvertise intro.
20230505 064205.687 INFO             PET1     advection diffusion driver: IInitAdvertise extro.
20230505 064205.687 INFO             PET1     advectDiff_Parent: InitializeIPDvXp01 intro.
20230505 064205.688 INFO             PET1     advectDiff_Parent: InitializeIPDvXp01 extro.
20230505 064205.688 INFO             PET1     advectDiff_Nestling0: InitializeIPDvXp01 intro.
20230505 064205.690 INFO             PET1     advectDiff_Nestling0: InitializeIPDvXp01 extro.
20230505 064205.692 INFO             PET1     advectDiff_Parent-TO-advectDiff_Nestling0: InitializeIPDv05p1 intro.
20230505 064205.697 INFO             PET1     advectDiff_Parent-TO-advectDiff_Nestling0: InitializeIPDv05p1 extro.
20230505 064205.697 INFO             PET1     advection diffusion driver: IInitAdvertiseFinish intro.
20230505 064205.697 INFO             PET1     advection diffusion driver: IInitAdvertiseFinish extro.
20230505 064205.700 INFO             PET1     advectDiff_Parent-TO-advectDiff_Nestling0: InitializeIPDv05p2a intro.
20230505 064205.704 INFO             PET1     advectDiff_Parent-TO-advectDiff_Nestling0: InitializeIPDv05p2a extro.
20230505 064205.704 INFO             PET1     advectDiff_Parent-TO-advectDiff_Nestling0: InitializeIPDv05p2b intro.
20230505 064205.709 INFO             PET1     advectDiff_Parent-TO-advectDiff_Nestling0: InitializeIPDv05p2b extro.
20230505 064205.709 INFO             PET1     advection diffusion driver: IInitModifyCplLists intro.
20230505 064205.709 INFO             PET1     advection diffusion driver: IInitModifyCplLists extro.
20230505 064205.710 INFO             PET1     advectDiff_Parent-TO-advectDiff_Nestling0: InitializeIPDv05p3 intro.
20230505 064205.716 INFO             PET1     advectDiff_Parent-TO-advectDiff_Nestling0: InitializeIPDv05p3 extro.
20230505 064205.716 INFO             PET1     <<<advection diffusion driver: leaving Initialize (phase=<none>) with current time:    0  1  1  0  0  0   0
20230505 064205.716 INFO             PET1   advection diffusion driver: InitializeIPDv02p1 extro.
20230505 064205.716 INFO             PET1   advection diffusion driver: InitializeIPDv02p3 intro.
20230505 064205.717 INFO             PET1     >>>advection diffusion driver: entered Initialize (phase=<none>) with current time:    0  1  1  0  0  0   0
20230505 064205.717 INFO             PET1     advection diffusion driver: IInitCheck intro.
20230505 064205.717 INFO             PET1     advection diffusion driver: IInitCheck extro.
20230505 064205.717 INFO             PET1     advectDiff_Parent: InitializeIPDvXp04 intro.
20230505 064205.724 INFO             PET1     advectDiff_Parent: InitializeIPDvXp04 extro.
20230505 064205.724 INFO             PET1     advectDiff_Nestling0: InitializeIPDvXp04 intro.
20230505 064205.732 INFO             PET1     advectDiff_Nestling0: InitializeIPDvXp04 extro.
20230505 064205.735 INFO             PET1     advectDiff_Parent-TO-advectDiff_Nestling0: InitializeIPDv05p4 intro.
20230505 064205.741 INFO             PET1     advectDiff_Parent-TO-advectDiff_Nestling0: InitializeIPDv05p4 extro.
20230505 064205.652 INFO             PET2 !!!!!!!!!!!!!!!!!!!!!!!!!!!!!!!!!!!!!!!!!!!!!!!!!!!!!!
20230505 064205.653 INFO             PET2 !!! THE ESMF_LOG IS SET TO OUTPUT ALL LOG MESSAGES !!!
20230505 064205.653 INFO             PET2 !!!     THIS MAY CAUSE SLOWDOWN IN PERFORMANCE     !!!
20230505 064205.653 INFO             PET2 !!! FOR PRODUCTION RUNS, USE:                      !!!
20230505 064205.653 INFO             PET2 !!!                   ESMF_LOGKIND_Multi_On_Error  !!!
20230505 064205.653 INFO             PET2 !!!!!!!!!!!!!!!!!!!!!!!!!!!!!!!!!!!!!!!!!!!!!!!!!!!!!!
20230505 064205.653 INFO             PET2 Running with ESMF Version   : v8.5.0b20-1-g9196001a9b
20230505 064205.653 INFO             PET2 ESMF library build date/time: "May  5 2023" "05:13:51"
20230505 064205.653 INFO             PET2 ESMF library build location : /glade/scratch/theurich/ESMF-Nightly-Testing/nvhpc_21.11_openmpi_g_develop/esmf
20230505 064205.653 INFO             PET2 ESMF_COMM                   : openmpi
20230505 064205.653 INFO             PET2 ESMF_MOAB                   : enabled
20230505 064205.653 INFO             PET2 ESMF_LAPACK                 : enabled
20230505 064205.653 INFO             PET2 ESMF_NETCDF                 : enabled
20230505 064205.653 INFO             PET2 ESMF_PNETCDF                : disabled
20230505 064205.653 INFO             PET2 ESMF_PIO                    : enabled
20230505 064205.653 INFO             PET2 ESMF_YAMLCPP                : enabled
20230505 064205.654 INFO             PET2 mainApp STARTING
20230505 064205.661 INFO             PET2 advection diffusion driver: InitializeGeneric intro.
20230505 064205.661 INFO             PET2   advection diffusion driver: InitializeP0 intro.
20230505 064205.661 INFO             PET2   advection diffusion driver: InitializeP0 extro.
20230505 064205.661 INFO             PET2   advection diffusion driver: InitializeIPDv02p1 intro.
20230505 064205.661 INFO             PET2     >>>advection diffusion driver: entered Initialize (phase=<none>) without valid internal Clock.
20230505 064205.661 INFO             PET2     advection diffusion driver - Creating model component advectDiff_Parent without petList.
20230505 064205.665 INFO             PET2     advection diffusion driver - Creating model component advectDiff_Nestling0 with petList of size 2 :
20230505 064205.665 INFO             PET2           0      1
20230505 064205.666 INFO             PET2     advection diffusion driver - Creating connector component advectDiff_Parent-TO-advectDiff_Nestling0 without petList.
20230505 064205.676 INFO             PET2     advection diffusion driver - Creating state: modelComp 1 Import State
20230505 064205.677 INFO             PET2     advection diffusion driver - Creating state: modelComp 1 Export State
20230505 064205.677 INFO             PET2     advection diffusion driver - Creating state: modelComp 2 Import State
20230505 064205.677 INFO             PET2     advection diffusion driver - Creating state: modelComp 2 Export State
20230505 064205.678 INFO             PET2     advectDiff_Parent: InitializeP0 intro.
20230505 064205.680 INFO             PET2     advectDiff_Parent: InitializeP0 extro.
20230505 064205.684 INFO             PET2     advectDiff_Parent-TO-advectDiff_Nestling0: InitializeP0 intro.
20230505 064205.685 INFO             PET2     advectDiff_Parent-TO-advectDiff_Nestling0: InitializeP0 extro.
20230505 064205.687 INFO             PET2     advection diffusion driver: IInitAdvertise intro.
20230505 064205.687 INFO             PET2     advection diffusion driver: IInitAdvertise extro.
20230505 064205.687 INFO             PET2     advectDiff_Parent: InitializeIPDvXp01 intro.
20230505 064205.688 INFO             PET2     advectDiff_Parent: InitializeIPDvXp01 extro.
20230505 064205.692 INFO             PET2     advectDiff_Parent-TO-advectDiff_Nestling0: InitializeIPDv05p1 intro.
20230505 064205.697 INFO             PET2     advectDiff_Parent-TO-advectDiff_Nestling0: InitializeIPDv05p1 extro.
20230505 064205.697 INFO             PET2     advection diffusion driver: IInitAdvertiseFinish intro.
20230505 064205.697 INFO             PET2     advection diffusion driver: IInitAdvertiseFinish extro.
20230505 064205.698 INFO             PET2     advectDiff_Parent-TO-advectDiff_Nestling0: InitializeIPDv05p2a intro.
20230505 064205.704 INFO             PET2     advectDiff_Parent-TO-advectDiff_Nestling0: InitializeIPDv05p2a extro.
20230505 064205.704 INFO             PET2     advectDiff_Parent-TO-advectDiff_Nestling0: InitializeIPDv05p2b intro.
20230505 064205.709 INFO             PET2     advectDiff_Parent-TO-advectDiff_Nestling0: InitializeIPDv05p2b extro.
20230505 064205.711 INFO             PET2     advection diffusion driver: IInitModifyCplLists intro.
20230505 064205.711 INFO             PET2     advection diffusion driver: IInitModifyCplLists extro.
20230505 064205.712 INFO             PET2     advectDiff_Parent-TO-advectDiff_Nestling0: InitializeIPDv05p3 intro.
20230505 064205.716 INFO             PET2     advectDiff_Parent-TO-advectDiff_Nestling0: InitializeIPDv05p3 extro.
20230505 064205.716 INFO             PET2     <<<advection diffusion driver: leaving Initialize (phase=<none>) with current time:    0  1  1  0  0  0   0
20230505 064205.716 INFO             PET2   advection diffusion driver: InitializeIPDv02p1 extro.
20230505 064205.716 INFO             PET2   advection diffusion driver: InitializeIPDv02p3 intro.
20230505 064205.716 INFO             PET2     >>>advection diffusion driver: entered Initialize (phase=<none>) with current time:    0  1  1  0  0  0   0
20230505 064205.717 INFO             PET2     advection diffusion driver: IInitCheck intro.
20230505 064205.717 INFO             PET2     advection diffusion driver: IInitCheck extro.
20230505 064205.717 INFO             PET2     advectDiff_Parent: InitializeIPDvXp04 intro.
20230505 064205.724 INFO             PET2     advectDiff_Parent: InitializeIPDvXp04 extro.
20230505 064205.735 INFO             PET2     advectDiff_Parent-TO-advectDiff_Nestling0: InitializeIPDv05p4 intro.
20230505 064205.741 INFO             PET2     advectDiff_Parent-TO-advectDiff_Nestling0: InitializeIPDv05p4 extro.
20230505 064205.741 INFO             PET2     advectDiff_Parent-TO-advectDiff_Nestling0: InitializeIPDv05p5 intro.
20230505 064205.747 INFO             PET2     advectDiff_Parent-TO-advectDiff_Nestling0: InitializeIPDv05p5 extro.
20230505 064205.747 INFO             PET2     advection diffusion driver: IInitRealize intro.
20230505 064205.747 INFO             PET2     advection diffusion driver: IInitRealize extro.
20230505 064205.748 INFO             PET2     advectDiff_Parent-TO-advectDiff_Nestling0: InitializeIPDv05p6a intro.
20230505 064205.753 INFO             PET2     advectDiff_Parent-TO-advectDiff_Nestling0: InitializeIPDv05p6a extro.
20230505 064205.653 INFO             PET3 !!!!!!!!!!!!!!!!!!!!!!!!!!!!!!!!!!!!!!!!!!!!!!!!!!!!!!
20230505 064205.653 INFO             PET3 !!! THE ESMF_LOG IS SET TO OUTPUT ALL LOG MESSAGES !!!
20230505 064205.653 INFO             PET3 !!!     THIS MAY CAUSE SLOWDOWN IN PERFORMANCE     !!!
20230505 064205.653 INFO             PET3 !!! FOR PRODUCTION RUNS, USE:                      !!!
20230505 064205.653 INFO             PET3 !!!                   ESMF_LOGKIND_Multi_On_Error  !!!
20230505 064205.653 INFO             PET3 !!!!!!!!!!!!!!!!!!!!!!!!!!!!!!!!!!!!!!!!!!!!!!!!!!!!!!
20230505 064205.653 INFO             PET3 Running with ESMF Version   : v8.5.0b20-1-g9196001a9b
20230505 064205.653 INFO             PET3 ESMF library build date/time: "May  5 2023" "05:13:51"
20230505 064205.653 INFO             PET3 ESMF library build location : /glade/scratch/theurich/ESMF-Nightly-Testing/nvhpc_21.11_openmpi_g_develop/esmf
20230505 064205.653 INFO             PET3 ESMF_COMM                   : openmpi
20230505 064205.654 INFO             PET3 ESMF_MOAB                   : enabled
20230505 064205.654 INFO             PET3 ESMF_LAPACK                 : enabled
20230505 064205.654 INFO             PET3 ESMF_NETCDF                 : enabled
20230505 064205.654 INFO             PET3 ESMF_PNETCDF                : disabled
20230505 064205.654 INFO             PET3 ESMF_PIO                    : enabled
20230505 064205.654 INFO             PET3 ESMF_YAMLCPP                : enabled
20230505 064205.654 INFO             PET3 mainApp STARTING
20230505 064205.661 INFO             PET3 advection diffusion driver: InitializeGeneric intro.
20230505 064205.661 INFO             PET3   advection diffusion driver: InitializeP0 intro.
20230505 064205.661 INFO             PET3   advection diffusion driver: InitializeP0 extro.
20230505 064205.661 INFO             PET3   advection diffusion driver: InitializeIPDv02p1 intro.
20230505 064205.661 INFO             PET3     >>>advection diffusion driver: entered Initialize (phase=<none>) without valid internal Clock.
20230505 064205.661 INFO             PET3     advection diffusion driver - Creating model component advectDiff_Parent without petList.
20230505 064205.665 INFO             PET3     advection diffusion driver - Creating model component advectDiff_Nestling0 with petList of size 2 :
20230505 064205.665 INFO             PET3           0      1
20230505 064205.666 INFO             PET3     advection diffusion driver - Creating connector component advectDiff_Parent-TO-advectDiff_Nestling0 without petList.
20230505 064205.676 INFO             PET3     advection diffusion driver - Creating state: modelComp 1 Import State
20230505 064205.677 INFO             PET3     advection diffusion driver - Creating state: modelComp 1 Export State
20230505 064205.677 INFO             PET3     advection diffusion driver - Creating state: modelComp 2 Import State
20230505 064205.677 INFO             PET3     advection diffusion driver - Creating state: modelComp 2 Export State
20230505 064205.678 INFO             PET3     advectDiff_Parent: InitializeP0 intro.
20230505 064205.680 INFO             PET3     advectDiff_Parent: InitializeP0 extro.
20230505 064205.684 INFO             PET3     advectDiff_Parent-TO-advectDiff_Nestling0: InitializeP0 intro.
20230505 064205.685 INFO             PET3     advectDiff_Parent-TO-advectDiff_Nestling0: InitializeP0 extro.
20230505 064205.687 INFO             PET3     advection diffusion driver: IInitAdvertise intro.
20230505 064205.687 INFO             PET3     advection diffusion driver: IInitAdvertise extro.
20230505 064205.687 INFO             PET3     advectDiff_Parent: InitializeIPDvXp01 intro.
20230505 064205.688 INFO             PET3     advectDiff_Parent: InitializeIPDvXp01 extro.
20230505 064205.692 INFO             PET3     advectDiff_Parent-TO-advectDiff_Nestling0: InitializeIPDv05p1 intro.
20230505 064205.697 INFO             PET3     advectDiff_Parent-TO-advectDiff_Nestling0: InitializeIPDv05p1 extro.
20230505 064205.697 INFO             PET3     advection diffusion driver: IInitAdvertiseFinish intro.
20230505 064205.697 INFO             PET3     advection diffusion driver: IInitAdvertiseFinish extro.
20230505 064205.698 INFO             PET3     advectDiff_Parent-TO-advectDiff_Nestling0: InitializeIPDv05p2a intro.
20230505 064205.704 INFO             PET3     advectDiff_Parent-TO-advectDiff_Nestling0: InitializeIPDv05p2a extro.
20230505 064205.704 INFO             PET3     advectDiff_Parent-TO-advectDiff_Nestling0: InitializeIPDv05p2b intro.
20230505 064205.709 INFO             PET3     advectDiff_Parent-TO-advectDiff_Nestling0: InitializeIPDv05p2b extro.
20230505 064205.711 INFO             PET3     advection diffusion driver: IInitModifyCplLists intro.
20230505 064205.711 INFO             PET3     advection diffusion driver: IInitModifyCplLists extro.
20230505 064205.711 INFO             PET3     advectDiff_Parent-TO-advectDiff_Nestling0: InitializeIPDv05p3 intro.
20230505 064205.716 INFO             PET3     advectDiff_Parent-TO-advectDiff_Nestling0: InitializeIPDv05p3 extro.
20230505 064205.716 INFO             PET3     <<<advection diffusion driver: leaving Initialize (phase=<none>) with current time:    0  1  1  0  0  0   0
20230505 064205.716 INFO             PET3   advection diffusion driver: InitializeIPDv02p1 extro.
20230505 064205.716 INFO             PET3   advection diffusion driver: InitializeIPDv02p3 intro.
20230505 064205.716 INFO             PET3     >>>advection diffusion driver: entered Initialize (phase=<none>) with current time:    0  1  1  0  0  0   0
20230505 064205.717 INFO             PET3     advection diffusion driver: IInitCheck intro.
20230505 064205.717 INFO             PET3     advection diffusion driver: IInitCheck extro.
20230505 064205.717 INFO             PET3     advectDiff_Parent: InitializeIPDvXp04 intro.
20230505 064205.724 INFO             PET3     advectDiff_Parent: InitializeIPDvXp04 extro.
20230505 064205.735 INFO             PET3     advectDiff_Parent-TO-advectDiff_Nestling0: InitializeIPDv05p4 intro.
20230505 064205.741 INFO             PET3     advectDiff_Parent-TO-advectDiff_Nestling0: InitializeIPDv05p4 extro.
20230505 064205.741 INFO             PET3     advectDiff_Parent-TO-advectDiff_Nestling0: InitializeIPDv05p5 intro.
20230505 064205.747 INFO             PET3     advectDiff_Parent-TO-advectDiff_Nestling0: InitializeIPDv05p5 extro.
20230505 064205.747 INFO             PET3     advection diffusion driver: IInitRealize intro.
20230505 064205.747 INFO             PET3     advection diffusion driver: IInitRealize extro.
20230505 064205.748 INFO             PET3     advectDiff_Parent-TO-advectDiff_Nestling0: InitializeIPDv05p6a intro.
20230505 064205.753 INFO             PET3     advectDiff_Parent-TO-advectDiff_Nestling0: InitializeIPDv05p6a extro.
