2023-05-29 02:34:08
[1685347258.875411] [Orion-08-64:32891:0]       ib_verbs.h:84   UCX  ERROR ibv_exp_query_device(mlx5_0) returned 38: No space left on device
[1685347258.875443] [Orion-08-64:32889:0]       ib_verbs.h:84   UCX  ERROR ibv_exp_query_device(mlx5_0) returned 38: No space left on device
[1685347258.877995] [Orion-08-64:32890:0]       ib_verbs.h:84   UCX  ERROR ibv_exp_query_device(mlx5_0) returned 38: No space left on device
[1685347258.877960] [Orion-08-64:32892:0]       ib_verbs.h:84   UCX  ERROR ibv_exp_query_device(mlx5_0) returned 38: No space left on device
 NUOPC_DriverPrint for PET:           0
   Model, Mediator, and Driver components, in the order
   that they were added to the Driver:
           1 :  ATM
           2 :  OCN
           3 :  RTM
   Connector components, in the order
   that they were added to the Driver:
           1 :  ATM-TO-RTM
           2 :  RTM-TO-OCN
           3 :  ATM-TO-OCN
           4 :  OCN-TO-ATM
NUOPC_RunSequenceArrayPrint: element     1 out of      2
runSeq::
 runElementPrint:      1     3     1 F T
 runElementPrint:      3     2     1 F T
 runElementPrint:     -2     0     0 F T
 runElementPrint:      3    -1     1 F T
 runElementPrint:     -1    -1     0 F F
::
NUOPC_RunSequenceArrayPrint: element     2 out of      2
runSeq::
 runElementPrint:      1     2     1 F T
 runElementPrint:      2     1     1 F T
 runElementPrint:      1    -1     1 F T
 runElementPrint:      2    -1     1 F T
 runElementPrint:     -2    -1     0 F F
::
 NUOPC_DriverPrint for PET:           1
   Model, Mediator, and Driver components, in the order
   that they were added to the Driver:
           1 :  ATM
           2 :  OCN
           3 :  RTM
   Connector components, in the order
   that they were added to the Driver:
           1 :  ATM-TO-RTM
           2 :  RTM-TO-OCN
           3 :  ATM-TO-OCN
           4 :  OCN-TO-ATM
NUOPC_RunSequenceArrayPrint: element     1 out of      2
runSeq::
 runElementPrint:      1     3     1 F T
 runElementPrint:      3     2     1 F T
 runElementPrint:     -2     0     0 F T
 runElementPrint:      3    -1     1 F T
 runElementPrint:     -1    -1     0 F F
::
NUOPC_RunSequenceArrayPrint: element     2 out of      2
runSeq::
 runElementPrint:      1     2     1 F T
 runElementPrint:      2     1     1 F T
 runElementPrint:      1    -1     1 F T
 runElementPrint:      2    -1     1 F T
 runElementPrint:     -2    -1     0 F F
::
 NUOPC_DriverPrint for PET:           2
   Model, Mediator, and Driver components, in the order
   that they were added to the Driver:
           1 :  ATM
           2 :  OCN
           3 :  RTM
   Connector components, in the order
   that they were added to the Driver:
           1 :  ATM-TO-RTM
           2 :  RTM-TO-OCN
           3 :  ATM-TO-OCN
           4 :  OCN-TO-ATM
NUOPC_RunSequenceArrayPrint: element     1 out of      2
runSeq::
 runElementPrint:      1     3     1 F T
 runElementPrint:      3     2     1 F T
 runElementPrint:     -2     0     0 F T
 runElementPrint:      3    -1     1 F T
 runElementPrint:     -1    -1     0 F F
::
NUOPC_RunSequenceArrayPrint: element     2 out of      2
runSeq::
 runElementPrint:      1     2     1 F T
 runElementPrint:      2     1     1 F T
 runElementPrint:      1    -1     1 F T
 runElementPrint:      2    -1     1 F T
 runElementPrint:     -2    -1     0 F F
::
 NUOPC_DriverPrint for PET:           3
   Model, Mediator, and Driver components, in the order
   that they were added to the Driver:
           1 :  ATM
           2 :  OCN
           3 :  RTM
   Connector components, in the order
   that they were added to the Driver:
           1 :  ATM-TO-RTM
           2 :  RTM-TO-OCN
           3 :  ATM-TO-OCN
           4 :  OCN-TO-ATM
NUOPC_RunSequenceArrayPrint: element     1 out of      2
runSeq::
 runElementPrint:      1     3     1 F T
 runElementPrint:      3     2     1 F T
 runElementPrint:     -2     0     0 F T
 runElementPrint:      3    -1     1 F T
 runElementPrint:     -1    -1     0 F F
::
NUOPC_RunSequenceArrayPrint: element     2 out of      2
runSeq::
 runElementPrint:      1     2     1 F T
 runElementPrint:      2     1     1 F T
 runElementPrint:      1    -1     1 F T
 runElementPrint:      2    -1     1 F T
 runElementPrint:     -2    -1     0 F F
::
