2023-06-07 01:40:47
20230607 020723.966 INFO             PET0 !!!!!!!!!!!!!!!!!!!!!!!!!!!!!!!!!!!!!!!!!!!!!!!!!!!!!!
20230607 020723.966 INFO             PET0 !!! THE ESMF_LOG IS SET TO OUTPUT ALL LOG MESSAGES !!!
20230607 020723.966 INFO             PET0 !!!     THIS MAY CAUSE SLOWDOWN IN PERFORMANCE     !!!
20230607 020723.966 INFO             PET0 !!! FOR PRODUCTION RUNS, USE:                      !!!
20230607 020723.966 INFO             PET0 !!!                   ESMF_LOGKIND_Multi_On_Error  !!!
20230607 020723.966 INFO             PET0 !!!!!!!!!!!!!!!!!!!!!!!!!!!!!!!!!!!!!!!!!!!!!!!!!!!!!!
20230607 020723.966 INFO             PET0 Running with ESMF Version   : v8.5.0b23-1-g96cdcccd39
20230607 020723.966 INFO             PET0 ESMF library build date/time: "Jun  7 2023" "01:39:24"
20230607 020723.966 INFO             PET0 ESMF library build location : /glade/gust/scratch/theurich/ESMF-Nightly-Testing/intel_2023.0.0_mpiuni_g_develop/esmf
20230607 020723.966 INFO             PET0 ESMF_COMM                   : mpiuni
20230607 020723.967 INFO             PET0 ESMF_MOAB                   : enabled
20230607 020723.967 INFO             PET0 ESMF_LAPACK                 : enabled
20230607 020723.967 INFO             PET0 ESMF_NETCDF                 : enabled
20230607 020723.967 INFO             PET0 ESMF_PNETCDF                : disabled
20230607 020723.967 INFO             PET0 ESMF_PIO                    : disabled
20230607 020723.967 INFO             PET0 ESMF_YAMLCPP                : enabled
20230607 020723.967 INFO             PET0 ESMF Tracing Enabled
20230607 020723.967 INFO             PET0 ESMF Profiling Enabled
20230607 020723.968 INFO             PET0 ESMF Trace/Profile clock: REALTIME
20230607 020723.972 INFO             PET0  NUMBER_OF_PROCESSORS           1
20230607 020723.972 INFO             PET0  PASS  Example ESMF_TraceUserEx, ESMF_TraceUserEx.F90, line 125
20230607 020723.972 INFO             PET0 Finalizing ESMF
20230607 020723.972 INFO             PET0 **************** Region Timings *******************
20230607 020723.972 INFO             PET0 Region                Count  Total (s)   Self (s)    Mean (s)    Min (s)     Max (s)
20230607 020723.972 INFO             PET0   [ESMF]              1      0.0019      0.0014      0.0019      0.0019      0.0019
20230607 020723.972 INFO             PET0     outer_region      1      0.0004      0.0000      0.0004      0.0004      0.0004
20230607 020723.972 INFO             PET0       inner_region_1  10     0.0003      0.0003      0.0000      0.0000      0.0000
20230607 020723.972 INFO             PET0       inner_region_2  10     0.0001      0.0001      0.0000      0.0000      0.0000
