2023-06-08 03:47:03
20230608 041434.130 INFO             PET0 !!!!!!!!!!!!!!!!!!!!!!!!!!!!!!!!!!!!!!!!!!!!!!!!!!!!!!
20230608 041434.131 INFO             PET0 !!! THE ESMF_LOG IS SET TO OUTPUT ALL LOG MESSAGES !!!
20230608 041434.131 INFO             PET0 !!!     THIS MAY CAUSE SLOWDOWN IN PERFORMANCE     !!!
20230608 041434.131 INFO             PET0 !!! FOR PRODUCTION RUNS, USE:                      !!!
20230608 041434.131 INFO             PET0 !!!                   ESMF_LOGKIND_Multi_On_Error  !!!
20230608 041434.131 INFO             PET0 !!!!!!!!!!!!!!!!!!!!!!!!!!!!!!!!!!!!!!!!!!!!!!!!!!!!!!
20230608 041434.131 INFO             PET0 Running with ESMF Version   : v8.5.0b23-2-g2d76824261
20230608 041434.131 INFO             PET0 ESMF library build date/time: "Jun  8 2023" "03:45:25"
20230608 041434.131 INFO             PET0 ESMF library build location : /lustre/f2/dev/ncep/Gerhard.Theurich/ESMF-Nightly-Testing-C5/gfortran_12.2.0_mpi_g_develop/esmf
20230608 041434.131 INFO             PET0 ESMF_COMM                   : mpi
20230608 041434.132 INFO             PET0 ESMF_MOAB                   : enabled
20230608 041434.132 INFO             PET0 ESMF_LAPACK                 : enabled
20230608 041434.132 INFO             PET0 ESMF_NETCDF                 : enabled
20230608 041434.132 INFO             PET0 ESMF_PNETCDF                : disabled
20230608 041434.132 INFO             PET0 ESMF_PIO                    : enabled
20230608 041434.132 INFO             PET0 ESMF_YAMLCPP                : enabled
20230608 041434.132 INFO             PET0  NUMBER_OF_PROCESSORS           1
20230608 041434.132 INFO             PET0  PASS  Example ESMF_AlarmEx, ESMF_AlarmEx.F90, line 244
20230608 041434.132 INFO             PET0 Finalizing ESMF
