2023-06-03 03:55:56
20230603 042525.810 INFO             PET0 !!!!!!!!!!!!!!!!!!!!!!!!!!!!!!!!!!!!!!!!!!!!!!!!!!!!!!
20230603 042525.810 INFO             PET0 !!! THE ESMF_LOG IS SET TO OUTPUT ALL LOG MESSAGES !!!
20230603 042525.810 INFO             PET0 !!!     THIS MAY CAUSE SLOWDOWN IN PERFORMANCE     !!!
20230603 042525.810 INFO             PET0 !!! FOR PRODUCTION RUNS, USE:                      !!!
20230603 042525.810 INFO             PET0 !!!                   ESMF_LOGKIND_Multi_On_Error  !!!
20230603 042525.810 INFO             PET0 !!!!!!!!!!!!!!!!!!!!!!!!!!!!!!!!!!!!!!!!!!!!!!!!!!!!!!
20230603 042525.810 INFO             PET0 Running with ESMF Version   : v8.5.0b23
20230603 042525.810 INFO             PET0 ESMF library build date/time: "Jun  3 2023" "03:54:11"
20230603 042525.810 INFO             PET0 ESMF library build location : /lustre/f2/dev/ncep/Gerhard.Theurich/ESMF-Nightly-Testing-C5/gfortran_12.2.0_mpi_g_develop/esmf
20230603 042525.810 INFO             PET0 ESMF_COMM                   : mpi
20230603 042525.811 INFO             PET0 ESMF_MOAB                   : enabled
20230603 042525.811 INFO             PET0 ESMF_LAPACK                 : enabled
20230603 042525.811 INFO             PET0 ESMF_NETCDF                 : enabled
20230603 042525.811 INFO             PET0 ESMF_PNETCDF                : disabled
20230603 042525.811 INFO             PET0 ESMF_PIO                    : enabled
20230603 042525.811 INFO             PET0 ESMF_YAMLCPP                : enabled
20230603 042525.817 INFO             PET0  NUMBER_OF_PROCESSORS           1
20230603 042525.817 INFO             PET0  PASS  Example ESMF_XGridSparseMatEx, ESMF_XGridSparseMatEx.F90, line 642
20230603 042525.817 INFO             PET0 Finalizing ESMF
