2023-04-25 03:40:29
20230425 040902.666 INFO             PET0 !!!!!!!!!!!!!!!!!!!!!!!!!!!!!!!!!!!!!!!!!!!!!!!!!!!!!!
20230425 040902.666 INFO             PET0 !!! THE ESMF_LOG IS SET TO OUTPUT ALL LOG MESSAGES !!!
20230425 040902.666 INFO             PET0 !!!     THIS MAY CAUSE SLOWDOWN IN PERFORMANCE     !!!
20230425 040902.666 INFO             PET0 !!! FOR PRODUCTION RUNS, USE:                      !!!
20230425 040902.666 INFO             PET0 !!!                   ESMF_LOGKIND_Multi_On_Error  !!!
20230425 040902.666 INFO             PET0 !!!!!!!!!!!!!!!!!!!!!!!!!!!!!!!!!!!!!!!!!!!!!!!!!!!!!!
20230425 040902.666 INFO             PET0 Running with ESMF Version   : v8.5.0b19-5-gc2c4406dae
20230425 040902.666 INFO             PET0 ESMF library build date/time: "Apr 25 2023" "03:38:55"
20230425 040902.666 INFO             PET0 ESMF library build location : /lustre/f2/dev/ncep/Gerhard.Theurich/ESMF-Nightly-Testing-C5/gfortran_12.2.0_mpi_g_develop/esmf
20230425 040902.666 INFO             PET0 ESMF_COMM                   : mpi
20230425 040902.668 INFO             PET0 ESMF_MOAB                   : enabled
20230425 040902.668 INFO             PET0 ESMF_LAPACK                 : enabled
20230425 040902.668 INFO             PET0 ESMF_NETCDF                 : enabled
20230425 040902.668 INFO             PET0 ESMF_PNETCDF                : disabled
20230425 040902.668 INFO             PET0 ESMF_PIO                    : enabled
20230425 040902.668 INFO             PET0 ESMF_YAMLCPP                : enabled
20230425 040902.680 INFO             PET0  NUMBER_OF_PROCESSORS           4
20230425 040902.680 INFO             PET0  PASS  Example ESMF_ArraySparseMatMulEx, ESMF_ArraySparseMatMulEx.F90, line 647
20230425 040902.680 INFO             PET0 Finalizing ESMF
20230425 040902.669 INFO             PET1 !!!!!!!!!!!!!!!!!!!!!!!!!!!!!!!!!!!!!!!!!!!!!!!!!!!!!!
20230425 040902.669 INFO             PET1 !!! THE ESMF_LOG IS SET TO OUTPUT ALL LOG MESSAGES !!!
20230425 040902.669 INFO             PET1 !!!     THIS MAY CAUSE SLOWDOWN IN PERFORMANCE     !!!
20230425 040902.669 INFO             PET1 !!! FOR PRODUCTION RUNS, USE:                      !!!
20230425 040902.669 INFO             PET1 !!!                   ESMF_LOGKIND_Multi_On_Error  !!!
20230425 040902.669 INFO             PET1 !!!!!!!!!!!!!!!!!!!!!!!!!!!!!!!!!!!!!!!!!!!!!!!!!!!!!!
20230425 040902.669 INFO             PET1 Running with ESMF Version   : v8.5.0b19-5-gc2c4406dae
20230425 040902.669 INFO             PET1 ESMF library build date/time: "Apr 25 2023" "03:38:55"
20230425 040902.669 INFO             PET1 ESMF library build location : /lustre/f2/dev/ncep/Gerhard.Theurich/ESMF-Nightly-Testing-C5/gfortran_12.2.0_mpi_g_develop/esmf
20230425 040902.669 INFO             PET1 ESMF_COMM                   : mpi
20230425 040902.670 INFO             PET1 ESMF_MOAB                   : enabled
20230425 040902.670 INFO             PET1 ESMF_LAPACK                 : enabled
20230425 040902.670 INFO             PET1 ESMF_NETCDF                 : enabled
20230425 040902.671 INFO             PET1 ESMF_PNETCDF                : disabled
20230425 040902.671 INFO             PET1 ESMF_PIO                    : enabled
20230425 040902.671 INFO             PET1 ESMF_YAMLCPP                : enabled
20230425 040902.680 INFO             PET1  NUMBER_OF_PROCESSORS           4
20230425 040902.680 INFO             PET1  PASS  Example ESMF_ArraySparseMatMulEx, ESMF_ArraySparseMatMulEx.F90, line 647
20230425 040902.680 INFO             PET1 Finalizing ESMF
20230425 040902.667 INFO             PET2 !!!!!!!!!!!!!!!!!!!!!!!!!!!!!!!!!!!!!!!!!!!!!!!!!!!!!!
20230425 040902.667 INFO             PET2 !!! THE ESMF_LOG IS SET TO OUTPUT ALL LOG MESSAGES !!!
20230425 040902.667 INFO             PET2 !!!     THIS MAY CAUSE SLOWDOWN IN PERFORMANCE     !!!
20230425 040902.667 INFO             PET2 !!! FOR PRODUCTION RUNS, USE:                      !!!
20230425 040902.667 INFO             PET2 !!!                   ESMF_LOGKIND_Multi_On_Error  !!!
20230425 040902.667 INFO             PET2 !!!!!!!!!!!!!!!!!!!!!!!!!!!!!!!!!!!!!!!!!!!!!!!!!!!!!!
20230425 040902.667 INFO             PET2 Running with ESMF Version   : v8.5.0b19-5-gc2c4406dae
20230425 040902.667 INFO             PET2 ESMF library build date/time: "Apr 25 2023" "03:38:55"
20230425 040902.667 INFO             PET2 ESMF library build location : /lustre/f2/dev/ncep/Gerhard.Theurich/ESMF-Nightly-Testing-C5/gfortran_12.2.0_mpi_g_develop/esmf
20230425 040902.667 INFO             PET2 ESMF_COMM                   : mpi
20230425 040902.668 INFO             PET2 ESMF_MOAB                   : enabled
20230425 040902.668 INFO             PET2 ESMF_LAPACK                 : enabled
20230425 040902.668 INFO             PET2 ESMF_NETCDF                 : enabled
20230425 040902.668 INFO             PET2 ESMF_PNETCDF                : disabled
20230425 040902.668 INFO             PET2 ESMF_PIO                    : enabled
20230425 040902.668 INFO             PET2 ESMF_YAMLCPP                : enabled
20230425 040902.680 INFO             PET2  NUMBER_OF_PROCESSORS           4
20230425 040902.680 INFO             PET2  PASS  Example ESMF_ArraySparseMatMulEx, ESMF_ArraySparseMatMulEx.F90, line 647
20230425 040902.680 INFO             PET2 Finalizing ESMF
20230425 040902.668 INFO             PET3 !!!!!!!!!!!!!!!!!!!!!!!!!!!!!!!!!!!!!!!!!!!!!!!!!!!!!!
20230425 040902.668 INFO             PET3 !!! THE ESMF_LOG IS SET TO OUTPUT ALL LOG MESSAGES !!!
20230425 040902.668 INFO             PET3 !!!     THIS MAY CAUSE SLOWDOWN IN PERFORMANCE     !!!
20230425 040902.668 INFO             PET3 !!! FOR PRODUCTION RUNS, USE:                      !!!
20230425 040902.668 INFO             PET3 !!!                   ESMF_LOGKIND_Multi_On_Error  !!!
20230425 040902.668 INFO             PET3 !!!!!!!!!!!!!!!!!!!!!!!!!!!!!!!!!!!!!!!!!!!!!!!!!!!!!!
20230425 040902.668 INFO             PET3 Running with ESMF Version   : v8.5.0b19-5-gc2c4406dae
20230425 040902.668 INFO             PET3 ESMF library build date/time: "Apr 25 2023" "03:38:55"
20230425 040902.668 INFO             PET3 ESMF library build location : /lustre/f2/dev/ncep/Gerhard.Theurich/ESMF-Nightly-Testing-C5/gfortran_12.2.0_mpi_g_develop/esmf
20230425 040902.668 INFO             PET3 ESMF_COMM                   : mpi
20230425 040902.669 INFO             PET3 ESMF_MOAB                   : enabled
20230425 040902.669 INFO             PET3 ESMF_LAPACK                 : enabled
20230425 040902.669 INFO             PET3 ESMF_NETCDF                 : enabled
20230425 040902.669 INFO             PET3 ESMF_PNETCDF                : disabled
20230425 040902.669 INFO             PET3 ESMF_PIO                    : enabled
20230425 040902.669 INFO             PET3 ESMF_YAMLCPP                : enabled
20230425 040902.680 INFO             PET3  NUMBER_OF_PROCESSORS           4
20230425 040902.680 INFO             PET3  PASS  Example ESMF_ArraySparseMatMulEx, ESMF_ArraySparseMatMulEx.F90, line 647
20230425 040902.680 INFO             PET3 Finalizing ESMF
