2023-05-21 03:54:12
20230521 042324.680 INFO             PET0 !!!!!!!!!!!!!!!!!!!!!!!!!!!!!!!!!!!!!!!!!!!!!!!!!!!!!!
20230521 042324.680 INFO             PET0 !!! THE ESMF_LOG IS SET TO OUTPUT ALL LOG MESSAGES !!!
20230521 042324.680 INFO             PET0 !!!     THIS MAY CAUSE SLOWDOWN IN PERFORMANCE     !!!
20230521 042324.680 INFO             PET0 !!! FOR PRODUCTION RUNS, USE:                      !!!
20230521 042324.680 INFO             PET0 !!!                   ESMF_LOGKIND_Multi_On_Error  !!!
20230521 042324.680 INFO             PET0 !!!!!!!!!!!!!!!!!!!!!!!!!!!!!!!!!!!!!!!!!!!!!!!!!!!!!!
20230521 042324.680 INFO             PET0 Running with ESMF Version   : v8.5.0b21-132-gf99560c6d1
20230521 042324.680 INFO             PET0 ESMF library build date/time: "May 21 2023" "03:52:13"
20230521 042324.680 INFO             PET0 ESMF library build location : /lustre/f2/dev/ncep/Gerhard.Theurich/ESMF-Nightly-Testing-C5/gfortran_12.2.0_mpi_g_develop/esmf
20230521 042324.680 INFO             PET0 ESMF_COMM                   : mpi
20230521 042324.682 INFO             PET0 ESMF_MOAB                   : enabled
20230521 042324.682 INFO             PET0 ESMF_LAPACK                 : enabled
20230521 042324.682 INFO             PET0 ESMF_NETCDF                 : enabled
20230521 042324.682 INFO             PET0 ESMF_PNETCDF                : disabled
20230521 042324.682 INFO             PET0 ESMF_PIO                    : enabled
20230521 042324.682 INFO             PET0 ESMF_YAMLCPP                : enabled
20230521 042324.719 INFO             PET0  NUMBER_OF_PROCESSORS           4
20230521 042324.719 INFO             PET0  PASS  Example ESMF_LocStreamEx, ESMF_LocStreamEx.F90, line 784
20230521 042324.719 INFO             PET0 Finalizing ESMF
20230521 042324.576 INFO             PET1 !!!!!!!!!!!!!!!!!!!!!!!!!!!!!!!!!!!!!!!!!!!!!!!!!!!!!!
20230521 042324.576 INFO             PET1 !!! THE ESMF_LOG IS SET TO OUTPUT ALL LOG MESSAGES !!!
20230521 042324.576 INFO             PET1 !!!     THIS MAY CAUSE SLOWDOWN IN PERFORMANCE     !!!
20230521 042324.576 INFO             PET1 !!! FOR PRODUCTION RUNS, USE:                      !!!
20230521 042324.576 INFO             PET1 !!!                   ESMF_LOGKIND_Multi_On_Error  !!!
20230521 042324.576 INFO             PET1 !!!!!!!!!!!!!!!!!!!!!!!!!!!!!!!!!!!!!!!!!!!!!!!!!!!!!!
20230521 042324.576 INFO             PET1 Running with ESMF Version   : v8.5.0b21-132-gf99560c6d1
20230521 042324.576 INFO             PET1 ESMF library build date/time: "May 21 2023" "03:52:13"
20230521 042324.576 INFO             PET1 ESMF library build location : /lustre/f2/dev/ncep/Gerhard.Theurich/ESMF-Nightly-Testing-C5/gfortran_12.2.0_mpi_g_develop/esmf
20230521 042324.576 INFO             PET1 ESMF_COMM                   : mpi
20230521 042324.577 INFO             PET1 ESMF_MOAB                   : enabled
20230521 042324.577 INFO             PET1 ESMF_LAPACK                 : enabled
20230521 042324.577 INFO             PET1 ESMF_NETCDF                 : enabled
20230521 042324.577 INFO             PET1 ESMF_PNETCDF                : disabled
20230521 042324.577 INFO             PET1 ESMF_PIO                    : enabled
20230521 042324.577 INFO             PET1 ESMF_YAMLCPP                : enabled
20230521 042324.719 INFO             PET1  NUMBER_OF_PROCESSORS           4
20230521 042324.719 INFO             PET1  PASS  Example ESMF_LocStreamEx, ESMF_LocStreamEx.F90, line 784
20230521 042324.719 INFO             PET1 Finalizing ESMF
20230521 042324.562 INFO             PET2 !!!!!!!!!!!!!!!!!!!!!!!!!!!!!!!!!!!!!!!!!!!!!!!!!!!!!!
20230521 042324.562 INFO             PET2 !!! THE ESMF_LOG IS SET TO OUTPUT ALL LOG MESSAGES !!!
20230521 042324.562 INFO             PET2 !!!     THIS MAY CAUSE SLOWDOWN IN PERFORMANCE     !!!
20230521 042324.562 INFO             PET2 !!! FOR PRODUCTION RUNS, USE:                      !!!
20230521 042324.562 INFO             PET2 !!!                   ESMF_LOGKIND_Multi_On_Error  !!!
20230521 042324.562 INFO             PET2 !!!!!!!!!!!!!!!!!!!!!!!!!!!!!!!!!!!!!!!!!!!!!!!!!!!!!!
20230521 042324.562 INFO             PET2 Running with ESMF Version   : v8.5.0b21-132-gf99560c6d1
20230521 042324.562 INFO             PET2 ESMF library build date/time: "May 21 2023" "03:52:13"
20230521 042324.562 INFO             PET2 ESMF library build location : /lustre/f2/dev/ncep/Gerhard.Theurich/ESMF-Nightly-Testing-C5/gfortran_12.2.0_mpi_g_develop/esmf
20230521 042324.562 INFO             PET2 ESMF_COMM                   : mpi
20230521 042324.564 INFO             PET2 ESMF_MOAB                   : enabled
20230521 042324.564 INFO             PET2 ESMF_LAPACK                 : enabled
20230521 042324.564 INFO             PET2 ESMF_NETCDF                 : enabled
20230521 042324.564 INFO             PET2 ESMF_PNETCDF                : disabled
20230521 042324.564 INFO             PET2 ESMF_PIO                    : enabled
20230521 042324.564 INFO             PET2 ESMF_YAMLCPP                : enabled
20230521 042324.719 INFO             PET2  NUMBER_OF_PROCESSORS           4
20230521 042324.719 INFO             PET2  PASS  Example ESMF_LocStreamEx, ESMF_LocStreamEx.F90, line 784
20230521 042324.719 INFO             PET2 Finalizing ESMF
20230521 042324.580 INFO             PET3 !!!!!!!!!!!!!!!!!!!!!!!!!!!!!!!!!!!!!!!!!!!!!!!!!!!!!!
20230521 042324.580 INFO             PET3 !!! THE ESMF_LOG IS SET TO OUTPUT ALL LOG MESSAGES !!!
20230521 042324.580 INFO             PET3 !!!     THIS MAY CAUSE SLOWDOWN IN PERFORMANCE     !!!
20230521 042324.580 INFO             PET3 !!! FOR PRODUCTION RUNS, USE:                      !!!
20230521 042324.580 INFO             PET3 !!!                   ESMF_LOGKIND_Multi_On_Error  !!!
20230521 042324.580 INFO             PET3 !!!!!!!!!!!!!!!!!!!!!!!!!!!!!!!!!!!!!!!!!!!!!!!!!!!!!!
20230521 042324.580 INFO             PET3 Running with ESMF Version   : v8.5.0b21-132-gf99560c6d1
20230521 042324.580 INFO             PET3 ESMF library build date/time: "May 21 2023" "03:52:13"
20230521 042324.580 INFO             PET3 ESMF library build location : /lustre/f2/dev/ncep/Gerhard.Theurich/ESMF-Nightly-Testing-C5/gfortran_12.2.0_mpi_g_develop/esmf
20230521 042324.580 INFO             PET3 ESMF_COMM                   : mpi
20230521 042324.581 INFO             PET3 ESMF_MOAB                   : enabled
20230521 042324.581 INFO             PET3 ESMF_LAPACK                 : enabled
20230521 042324.581 INFO             PET3 ESMF_NETCDF                 : enabled
20230521 042324.581 INFO             PET3 ESMF_PNETCDF                : disabled
20230521 042324.581 INFO             PET3 ESMF_PIO                    : enabled
20230521 042324.581 INFO             PET3 ESMF_YAMLCPP                : enabled
20230521 042324.719 INFO             PET3  NUMBER_OF_PROCESSORS           4
20230521 042324.719 INFO             PET3  PASS  Example ESMF_LocStreamEx, ESMF_LocStreamEx.F90, line 784
20230521 042324.719 INFO             PET3 Finalizing ESMF
