2023-06-14 11:35:45
20230614 121029.962 INFO             PET0 !!!!!!!!!!!!!!!!!!!!!!!!!!!!!!!!!!!!!!!!!!!!!!!!!!!!!!
20230614 121029.962 INFO             PET0 !!! THE ESMF_LOG IS SET TO OUTPUT ALL LOG MESSAGES !!!
20230614 121029.962 INFO             PET0 !!!     THIS MAY CAUSE SLOWDOWN IN PERFORMANCE     !!!
20230614 121029.962 INFO             PET0 !!! FOR PRODUCTION RUNS, USE:                      !!!
20230614 121029.962 INFO             PET0 !!!                   ESMF_LOGKIND_Multi_On_Error  !!!
20230614 121029.962 INFO             PET0 !!!!!!!!!!!!!!!!!!!!!!!!!!!!!!!!!!!!!!!!!!!!!!!!!!!!!!
20230614 121029.962 INFO             PET0 Running with ESMF Version   : v8.5.0b23-6-gf97e9e9d68
20230614 121029.962 INFO             PET0 ESMF library build date/time: "Jun 14 2023" "11:33:28"
20230614 121029.962 INFO             PET0 ESMF library build location : /lustre/f2/dev/ncep/Gerhard.Theurich/ESMF-Nightly-Testing-C5/intel_2022.2.1-classic_mpi_O_develop/esmf
20230614 121029.962 INFO             PET0 ESMF_COMM                   : mpi
20230614 121029.963 INFO             PET0 ESMF_MOAB                   : enabled
20230614 121029.963 INFO             PET0 ESMF_LAPACK                 : enabled
20230614 121029.963 INFO             PET0 ESMF_NETCDF                 : enabled
20230614 121029.963 INFO             PET0 ESMF_PNETCDF                : disabled
20230614 121029.963 INFO             PET0 ESMF_PIO                    : enabled
20230614 121029.963 INFO             PET0 ESMF_YAMLCPP                : enabled
20230614 121029.997 DEBUG            PET0 about to destroy Grid: 0x6bddb0
20230614 121030.000 DEBUG            PET0 about to destroy Grid: 0x6c1f00
20230614 121030.010 INFO             PET0  NUMBER_OF_PROCESSORS           4
20230614 121030.010 INFO             PET0  PASS  Example ESMF_NUOPCAtmModelEx, ESMF_NUOPCAtmModelEx.F90, line 806
20230614 121030.010 INFO             PET0 Finalizing ESMF
20230614 121029.962 INFO             PET1 !!!!!!!!!!!!!!!!!!!!!!!!!!!!!!!!!!!!!!!!!!!!!!!!!!!!!!
20230614 121029.962 INFO             PET1 !!! THE ESMF_LOG IS SET TO OUTPUT ALL LOG MESSAGES !!!
20230614 121029.962 INFO             PET1 !!!     THIS MAY CAUSE SLOWDOWN IN PERFORMANCE     !!!
20230614 121029.962 INFO             PET1 !!! FOR PRODUCTION RUNS, USE:                      !!!
20230614 121029.962 INFO             PET1 !!!                   ESMF_LOGKIND_Multi_On_Error  !!!
20230614 121029.962 INFO             PET1 !!!!!!!!!!!!!!!!!!!!!!!!!!!!!!!!!!!!!!!!!!!!!!!!!!!!!!
20230614 121029.962 INFO             PET1 Running with ESMF Version   : v8.5.0b23-6-gf97e9e9d68
20230614 121029.962 INFO             PET1 ESMF library build date/time: "Jun 14 2023" "11:33:28"
20230614 121029.962 INFO             PET1 ESMF library build location : /lustre/f2/dev/ncep/Gerhard.Theurich/ESMF-Nightly-Testing-C5/intel_2022.2.1-classic_mpi_O_develop/esmf
20230614 121029.962 INFO             PET1 ESMF_COMM                   : mpi
20230614 121029.963 INFO             PET1 ESMF_MOAB                   : enabled
20230614 121029.963 INFO             PET1 ESMF_LAPACK                 : enabled
20230614 121029.963 INFO             PET1 ESMF_NETCDF                 : enabled
20230614 121029.963 INFO             PET1 ESMF_PNETCDF                : disabled
20230614 121029.963 INFO             PET1 ESMF_PIO                    : enabled
20230614 121029.963 INFO             PET1 ESMF_YAMLCPP                : enabled
20230614 121029.997 DEBUG            PET1 about to destroy Grid: 0x6be990
20230614 121030.000 DEBUG            PET1 about to destroy Grid: 0x6bf820
20230614 121030.010 INFO             PET1  NUMBER_OF_PROCESSORS           4
20230614 121030.010 INFO             PET1  PASS  Example ESMF_NUOPCAtmModelEx, ESMF_NUOPCAtmModelEx.F90, line 806
20230614 121030.010 INFO             PET1 Finalizing ESMF
20230614 121029.966 INFO             PET2 !!!!!!!!!!!!!!!!!!!!!!!!!!!!!!!!!!!!!!!!!!!!!!!!!!!!!!
20230614 121029.966 INFO             PET2 !!! THE ESMF_LOG IS SET TO OUTPUT ALL LOG MESSAGES !!!
20230614 121029.966 INFO             PET2 !!!     THIS MAY CAUSE SLOWDOWN IN PERFORMANCE     !!!
20230614 121029.966 INFO             PET2 !!! FOR PRODUCTION RUNS, USE:                      !!!
20230614 121029.966 INFO             PET2 !!!                   ESMF_LOGKIND_Multi_On_Error  !!!
20230614 121029.966 INFO             PET2 !!!!!!!!!!!!!!!!!!!!!!!!!!!!!!!!!!!!!!!!!!!!!!!!!!!!!!
20230614 121029.966 INFO             PET2 Running with ESMF Version   : v8.5.0b23-6-gf97e9e9d68
20230614 121029.966 INFO             PET2 ESMF library build date/time: "Jun 14 2023" "11:33:28"
20230614 121029.966 INFO             PET2 ESMF library build location : /lustre/f2/dev/ncep/Gerhard.Theurich/ESMF-Nightly-Testing-C5/intel_2022.2.1-classic_mpi_O_develop/esmf
20230614 121029.966 INFO             PET2 ESMF_COMM                   : mpi
20230614 121029.967 INFO             PET2 ESMF_MOAB                   : enabled
20230614 121029.967 INFO             PET2 ESMF_LAPACK                 : enabled
20230614 121029.967 INFO             PET2 ESMF_NETCDF                 : enabled
20230614 121029.967 INFO             PET2 ESMF_PNETCDF                : disabled
20230614 121029.967 INFO             PET2 ESMF_PIO                    : enabled
20230614 121029.967 INFO             PET2 ESMF_YAMLCPP                : enabled
20230614 121029.997 DEBUG            PET2 about to destroy Grid: 0x6bead0
20230614 121030.000 DEBUG            PET2 about to destroy Grid: 0x6bf960
20230614 121030.010 INFO             PET2  NUMBER_OF_PROCESSORS           4
20230614 121030.010 INFO             PET2  PASS  Example ESMF_NUOPCAtmModelEx, ESMF_NUOPCAtmModelEx.F90, line 806
20230614 121030.010 INFO             PET2 Finalizing ESMF
20230614 121029.954 INFO             PET3 !!!!!!!!!!!!!!!!!!!!!!!!!!!!!!!!!!!!!!!!!!!!!!!!!!!!!!
20230614 121029.954 INFO             PET3 !!! THE ESMF_LOG IS SET TO OUTPUT ALL LOG MESSAGES !!!
20230614 121029.954 INFO             PET3 !!!     THIS MAY CAUSE SLOWDOWN IN PERFORMANCE     !!!
20230614 121029.954 INFO             PET3 !!! FOR PRODUCTION RUNS, USE:                      !!!
20230614 121029.954 INFO             PET3 !!!                   ESMF_LOGKIND_Multi_On_Error  !!!
20230614 121029.954 INFO             PET3 !!!!!!!!!!!!!!!!!!!!!!!!!!!!!!!!!!!!!!!!!!!!!!!!!!!!!!
20230614 121029.954 INFO             PET3 Running with ESMF Version   : v8.5.0b23-6-gf97e9e9d68
20230614 121029.954 INFO             PET3 ESMF library build date/time: "Jun 14 2023" "11:33:28"
20230614 121029.954 INFO             PET3 ESMF library build location : /lustre/f2/dev/ncep/Gerhard.Theurich/ESMF-Nightly-Testing-C5/intel_2022.2.1-classic_mpi_O_develop/esmf
20230614 121029.954 INFO             PET3 ESMF_COMM                   : mpi
20230614 121029.956 INFO             PET3 ESMF_MOAB                   : enabled
20230614 121029.956 INFO             PET3 ESMF_LAPACK                 : enabled
20230614 121029.956 INFO             PET3 ESMF_NETCDF                 : enabled
20230614 121029.956 INFO             PET3 ESMF_PNETCDF                : disabled
20230614 121029.956 INFO             PET3 ESMF_PIO                    : enabled
20230614 121029.956 INFO             PET3 ESMF_YAMLCPP                : enabled
20230614 121029.997 DEBUG            PET3 about to destroy Grid: 0x6be9a0
20230614 121030.000 DEBUG            PET3 about to destroy Grid: 0x6bf830
20230614 121030.010 INFO             PET3  NUMBER_OF_PROCESSORS           4
20230614 121030.010 INFO             PET3  PASS  Example ESMF_NUOPCAtmModelEx, ESMF_NUOPCAtmModelEx.F90, line 806
20230614 121030.010 INFO             PET3 Finalizing ESMF
