2023-06-08 00:40:57
20230608 011337.033 INFO             PET0 !!!!!!!!!!!!!!!!!!!!!!!!!!!!!!!!!!!!!!!!!!!!!!!!!!!!!!
20230608 011337.034 INFO             PET0 !!! THE ESMF_LOG IS SET TO OUTPUT ALL LOG MESSAGES !!!
20230608 011337.034 INFO             PET0 !!!     THIS MAY CAUSE SLOWDOWN IN PERFORMANCE     !!!
20230608 011337.034 INFO             PET0 !!! FOR PRODUCTION RUNS, USE:                      !!!
20230608 011337.034 INFO             PET0 !!!                   ESMF_LOGKIND_Multi_On_Error  !!!
20230608 011337.034 INFO             PET0 !!!!!!!!!!!!!!!!!!!!!!!!!!!!!!!!!!!!!!!!!!!!!!!!!!!!!!
20230608 011337.034 INFO             PET0 Running with ESMF Version   : v8.5.0b23-2-g2d76824261
20230608 011337.034 INFO             PET0 ESMF library build date/time: "Jun  8 2023" "00:39:04"
20230608 011337.034 INFO             PET0 ESMF library build location : /home/gerhard/ESMF-Nightly-Testing/aocc_3.2.0_mpiuni_O_develop/esmf
20230608 011337.034 INFO             PET0 ESMF_COMM                   : mpiuni
20230608 011337.034 INFO             PET0 ESMF_MOAB                   : enabled
20230608 011337.034 INFO             PET0 ESMF_LAPACK                 : enabled
20230608 011337.034 INFO             PET0 ESMF_NETCDF                 : disabled
20230608 011337.034 INFO             PET0 ESMF_PNETCDF                : disabled
20230608 011337.034 INFO             PET0 ESMF_PIO                    : disabled
20230608 011337.034 INFO             PET0 ESMF_YAMLCPP                : enabled
20230608 011337.034 INFO             PET0  NUMBER_OF_PROCESSORS            1
20230608 011337.034 INFO             PET0  PASS  Example ESMF_GridCreateRegFromDGEx, ESMF_GridCreateRegFromDGEx.F90, line 112
20230608 011337.034 INFO             PET0 Finalizing ESMF
