2023-06-15 07:38:31
[h23c54:178820:0:178820] Caught signal 11 (Segmentation fault: address not mapped to object at address 0x7ffcc3c1c000)
[h23c54:178819:0:178819] Caught signal 11 (Segmentation fault: address not mapped to object at address 0x7ffd6880b000)
[h23c54:178817:0:178817] Caught signal 11 (Segmentation fault: address not mapped to object at address 0x7fffaaedf000)
[h23c54:178818:0:178818] Caught signal 11 (Segmentation fault: address not mapped to object at address 0x7ffe09950010)
==== backtrace (tid: 178820) ====
 0 0x000000000004d455 ucs_debug_print_backtrace()  ???:0
 1 0x000000000044e9d3 do_deallocate_all()  for_alloc_copy.c:0
 2 0x000000000044f9a0 process_allocation_records_deallocate()  for_alloc_copy.c:0
 3 0x000000000044eb45 do_deallocate_all()  for_alloc_copy.c:0
 4 0x0000000001b6181c f_esmf_compcollectgarbage2_()  ???:0
 5 0x00000000016b4292 ESMCI::VM::finalize()  /scratch2/NCEPDEV/stmp1/Gerhard.Theurich/ESMF-Nightly-Testing/intel_2023.1.0-oneAPI_intelmpi_g_develop/esmf/src/Infrastructure/VM/src/ESMCI_VM.C:3478
 6 0x00000000016dc5f7 c_esmc_vmfinalize_()  /scratch2/NCEPDEV/stmp1/Gerhard.Theurich/ESMF-Nightly-Testing/intel_2023.1.0-oneAPI_intelmpi_g_develop/esmf/src/Infrastructure/VM/interface/ESMCI_VM_F.C:1179
 7 0x000000000263d0fb c_esmc_vmfinalize_.t33029p.t33031p()  ifxdkZLOj.i90:0
 8 0x0000000002635612 esmf_vmmod_mp_esmf_vmfinalize_()  ???:0
 9 0x00000000022f583a esmf_initmod_mp_esmf_finalize_()  ???:0
10 0x000000000041688b MAIN__()  ???:0
11 0x0000000000415e9d main()  ???:0
12 0x0000000000022555 __libc_start_main()  ???:0
13 0x0000000000415dcb _start()  ???:0
=================================
==== backtrace (tid: 178819) ====
 0 0x000000000004d455 ucs_debug_print_backtrace()  ???:0
 1 0x000000000044e9d3 do_deallocate_all()  for_alloc_copy.c:0
 2 0x000000000044f9a0 process_allocation_records_deallocate()  for_alloc_copy.c:0
 3 0x000000000044eb45 do_deallocate_all()  for_alloc_copy.c:0
 4 0x0000000001b6181c f_esmf_compcollectgarbage2_()  ???:0
 5 0x00000000016b4292 ESMCI::VM::finalize()  /scratch2/NCEPDEV/stmp1/Gerhard.Theurich/ESMF-Nightly-Testing/intel_2023.1.0-oneAPI_intelmpi_g_develop/esmf/src/Infrastructure/VM/src/ESMCI_VM.C:3478
 6 0x00000000016dc5f7 c_esmc_vmfinalize_()  /scratch2/NCEPDEV/stmp1/Gerhard.Theurich/ESMF-Nightly-Testing/intel_2023.1.0-oneAPI_intelmpi_g_develop/esmf/src/Infrastructure/VM/interface/ESMCI_VM_F.C:1179
 7 0x000000000263d0fb c_esmc_vmfinalize_.t33029p.t33031p()  ifxdkZLOj.i90:0
 8 0x0000000002635612 esmf_vmmod_mp_esmf_vmfinalize_()  ???:0
 9 0x00000000022f583a esmf_initmod_mp_esmf_finalize_()  ???:0
10 0x000000000041688b MAIN__()  ???:0
11 0x0000000000415e9d main()  ???:0
12 0x0000000000022555 __libc_start_main()  ???:0
13 0x0000000000415dcb _start()  ???:0
=================================
forrtl: severe (174): SIGSEGV, segmentation fault occurred
Image              PC                Routine            Line        Source             
libpthread-2.17.s  00002B1F8A557630  Unknown               Unknown  Unknown
mainApp            000000000044E9D3  Unknown               Unknown  Unknown
mainApp            000000000044F9A0  Unknown               Unknown  Unknown
mainApp            000000000044EB45  Unknown               Unknown  Unknown
libesmf.so         00002B1F8509F81C  f_esmf_compcollec         516  ESMF_Comp_C.F90
libesmf.so         00002B1F84BF2292  finalize                 3478  ESMCI_VM.C
libesmf.so         00002B1F84C1A5F7  c_esmc_vmfinalize        1179  ESMCI_VM_F.C
libesmf.so         00002B1F85B7B0FB  c_esmc_vmfinalize           0  ESMF_VM.F90
libesmf.so         00002B1F85B73612  esmf_vmfinalize          9384  ESMF_VM.F90
libesmf.so         00002B1F8583383A  esmf_finalize            1423  ESMF_Init.F90
mainApp            000000000041688B  mainapp                   102  mainApp.F90
mainApp            0000000000415E9D  Unknown               Unknown  Unknown
libc-2.17.so       00002B1F8B8AA555  __libc_start_main     Unknown  Unknown
mainApp            0000000000415DCB  Unknown               Unknown  Unknown
==== backtrace (tid: 178817) ====
 0 0x000000000004d455 ucs_debug_print_backtrace()  ???:0
 1 0x000000000044e9a0 do_deallocate_all()  for_alloc_copy.c:0
 2 0x000000000044f9a0 process_allocation_records_deallocate()  for_alloc_copy.c:0
 3 0x000000000044eb45 do_deallocate_all()  for_alloc_copy.c:0
 4 0x0000000001b6181c f_esmf_compcollectgarbage2_()  ???:0
 5 0x00000000016b4292 ESMCI::VM::finalize()  /scratch2/NCEPDEV/stmp1/Gerhard.Theurich/ESMF-Nightly-Testing/intel_2023.1.0-oneAPI_intelmpi_g_develop/esmf/src/Infrastructure/VM/src/ESMCI_VM.C:3478
 6 0x00000000016dc5f7 c_esmc_vmfinalize_()  /scratch2/NCEPDEV/stmp1/Gerhard.Theurich/ESMF-Nightly-Testing/intel_2023.1.0-oneAPI_intelmpi_g_develop/esmf/src/Infrastructure/VM/interface/ESMCI_VM_F.C:1179
 7 0x000000000263d0fb c_esmc_vmfinalize_.t33029p.t33031p()  ifxdkZLOj.i90:0
 8 0x0000000002635612 esmf_vmmod_mp_esmf_vmfinalize_()  ???:0
 9 0x00000000022f583a esmf_initmod_mp_esmf_finalize_()  ???:0
10 0x000000000041688b MAIN__()  ???:0
11 0x0000000000415e9d main()  ???:0
12 0x0000000000022555 __libc_start_main()  ???:0
13 0x0000000000415dcb _start()  ???:0
=================================
==== backtrace (tid: 178818) ====
 0 0x000000000004d455 ucs_debug_print_backtrace()  ???:0
 1 0x000000000044e9a0 do_deallocate_all()  for_alloc_copy.c:0
 2 0x000000000044f9a0 process_allocation_records_deallocate()  for_alloc_copy.c:0
 3 0x000000000044eb45 do_deallocate_all()  for_alloc_copy.c:0
 4 0x0000000001b6181c f_esmf_compcollectgarbage2_()  ???:0
 5 0x00000000016b4292 ESMCI::VM::finalize()  /scratch2/NCEPDEV/stmp1/Gerhard.Theurich/ESMF-Nightly-Testing/intel_2023.1.0-oneAPI_intelmpi_g_develop/esmf/src/Infrastructure/VM/src/ESMCI_VM.C:3478
 6 0x00000000016dc5f7 c_esmc_vmfinalize_()  /scratch2/NCEPDEV/stmp1/Gerhard.Theurich/ESMF-Nightly-Testing/intel_2023.1.0-oneAPI_intelmpi_g_develop/esmf/src/Infrastructure/VM/interface/ESMCI_VM_F.C:1179
 7 0x000000000263d0fb c_esmc_vmfinalize_.t33029p.t33031p()  ifxdkZLOj.i90:0
 8 0x0000000002635612 esmf_vmmod_mp_esmf_vmfinalize_()  ???:0
 9 0x00000000022f583a esmf_initmod_mp_esmf_finalize_()  ???:0
10 0x000000000041688b MAIN__()  ???:0
11 0x0000000000415e9d main()  ???:0
12 0x0000000000022555 __libc_start_main()  ???:0
13 0x0000000000415dcb _start()  ???:0
=================================
forrtl: severe (174): SIGSEGV, segmentation fault occurred
Image              PC                Routine            Line        Source             
libpthread-2.17.s  00002B591CD58630  Unknown               Unknown  Unknown
mainApp            000000000044E9D3  Unknown               Unknown  Unknown
mainApp            000000000044F9A0  Unknown               Unknown  Unknown
mainApp            000000000044EB45  Unknown               Unknown  Unknown
libesmf.so         00002B59178A081C  f_esmf_compcollec         516  ESMF_Comp_C.F90
libesmf.so         00002B59173F3292  finalize                 3478  ESMCI_VM.C
libesmf.so         00002B591741B5F7  c_esmc_vmfinalize        1179  ESMCI_VM_F.C
libesmf.so         00002B591837C0FB  c_esmc_vmfinalize           0  ESMF_VM.F90
libesmf.so         00002B5918374612  esmf_vmfinalize          9384  ESMF_VM.F90
libesmf.so         00002B591803483A  esmf_finalize            1423  ESMF_Init.F90
mainApp            000000000041688B  mainapp                   102  mainApp.F90
mainApp            0000000000415E9D  Unknown               Unknown  Unknown
libc-2.17.so       00002B591E0AB555  __libc_start_main     Unknown  Unknown
mainApp            0000000000415DCB  Unknown               Unknown  Unknown
forrtl: severe (174): SIGSEGV, segmentation fault occurred
Image              PC                Routine            Line        Source             
libpthread-2.17.s  00002B13308AA630  Unknown               Unknown  Unknown
mainApp            000000000044E9A0  Unknown               Unknown  Unknown
mainApp            000000000044F9A0  Unknown               Unknown  Unknown
mainApp            000000000044EB45  Unknown               Unknown  Unknown
libesmf.so         00002B132B3F281C  f_esmf_compcollec         516  ESMF_Comp_C.F90
libesmf.so         00002B132AF45292  finalize                 3478  ESMCI_VM.C
libesmf.so         00002B132AF6D5F7  c_esmc_vmfinalize        1179  ESMCI_VM_F.C
libesmf.so         00002B132BECE0FB  c_esmc_vmfinalize           0  ESMF_VM.F90
libesmf.so         00002B132BEC6612  esmf_vmfinalize          9384  ESMF_VM.F90
libesmf.so         00002B132BB8683A  esmf_finalize            1423  ESMF_Init.F90
mainApp            000000000041688B  mainapp                   102  mainApp.F90
mainApp            0000000000415E9D  Unknown               Unknown  Unknown
libc-2.17.so       00002B1331BFD555  __libc_start_main     Unknown  Unknown
mainApp            0000000000415DCB  Unknown               Unknown  Unknown
forrtl: severe (174): SIGSEGV, segmentation fault occurred
Image              PC                Routine            Line        Source             
libpthread-2.17.s  00002B3E8379E630  Unknown               Unknown  Unknown
mainApp            000000000044E9A0  Unknown               Unknown  Unknown
mainApp            000000000044F9A0  Unknown               Unknown  Unknown
mainApp            000000000044EB45  Unknown               Unknown  Unknown
libesmf.so         00002B3E7E2E681C  f_esmf_compcollec         516  ESMF_Comp_C.F90
libesmf.so         00002B3E7DE39292  finalize                 3478  ESMCI_VM.C
libesmf.so         00002B3E7DE615F7  c_esmc_vmfinalize        1179  ESMCI_VM_F.C
libesmf.so         00002B3E7EDC20FB  c_esmc_vmfinalize           0  ESMF_VM.F90
libesmf.so         00002B3E7EDBA612  esmf_vmfinalize          9384  ESMF_VM.F90
libesmf.so         00002B3E7EA7A83A  esmf_finalize            1423  ESMF_Init.F90
mainApp            000000000041688B  mainapp                   102  mainApp.F90
mainApp            0000000000415E9D  Unknown               Unknown  Unknown
libc-2.17.so       00002B3E84AF1555  __libc_start_main     Unknown  Unknown
mainApp            0000000000415DCB  Unknown               Unknown  Unknown
srun: error: h23c54: tasks 0-3: Exited with exit code 174
srun: launch/slurm: _step_signal: Terminating StepId=46023808.377
