2023-06-06 00:30:57
20230606 020909.492 INFO             PET0 !!!!!!!!!!!!!!!!!!!!!!!!!!!!!!!!!!!!!!!!!!!!!!!!!!!!!!
20230606 020909.492 INFO             PET0 !!! THE ESMF_LOG IS SET TO OUTPUT ALL LOG MESSAGES !!!
20230606 020909.492 INFO             PET0 !!!     THIS MAY CAUSE SLOWDOWN IN PERFORMANCE     !!!
20230606 020909.492 INFO             PET0 !!! FOR PRODUCTION RUNS, USE:                      !!!
20230606 020909.492 INFO             PET0 !!!                   ESMF_LOGKIND_Multi_On_Error  !!!
20230606 020909.492 INFO             PET0 !!!!!!!!!!!!!!!!!!!!!!!!!!!!!!!!!!!!!!!!!!!!!!!!!!!!!!
20230606 020909.492 INFO             PET0 Running with ESMF Version   : 8.5.0 beta snapshot
20230606 020909.492 INFO             PET0 ESMF library build date/time: "Jun  6 2023" "00:29:31"
20230606 020909.492 INFO             PET0 ESMF library build location : /lustre/f2/dev/Mark.Potts/esmf-test/gfortran_12.1.0_mpi_g_develop/esmf
20230606 020909.492 INFO             PET0 ESMF_COMM                   : mpi
20230606 020909.493 INFO             PET0 ESMF_MOAB                   : enabled
20230606 020909.493 INFO             PET0 ESMF_LAPACK                 : enabled
20230606 020909.493 INFO             PET0 ESMF_NETCDF                 : enabled
20230606 020909.493 INFO             PET0 ESMF_PNETCDF                : disabled
20230606 020909.493 INFO             PET0 ESMF_PIO                    : enabled
20230606 020909.493 INFO             PET0 ESMF_YAMLCPP                : enabled
20230606 020909.506 INFO             PET0 mainApp STARTING
20230606 020909.576 INFO             PET0 driver: InitializeGeneric intro.
20230606 020909.576 INFO             PET0   driver: InitializeP0 intro.
20230606 020909.576 INFO             PET0   driver: InitializeP0 extro.
20230606 020909.576 INFO             PET0   driver: InitializeIPDv02p1 intro.
20230606 020909.576 INFO             PET0     >>>driver: entered Initialize (phase=<none>) without valid internal Clock.
20230606 020909.577 INFO             PET0     driver - Creating model component MODEL without petList.
20230606 020909.578 INFO             PET0      GridCompIsPetLocal:  T
20230606 020909.578 INFO             PET0      VmIsCreated:  T
20230606 020909.578 INFO             PET0      valid MPI_COMM with size=           4
20230606 020909.578 INFO             PET0     driver - Creating state: modelComp 1 Import State
20230606 020909.578 INFO             PET0     driver - Creating state: modelComp 1 Export State
20230606 020909.579 INFO             PET0     MODEL: InitializeP0 intro.
20230606 020909.579 INFO             PET0       >>>MODEL: entered Initialize (phase=<none>) without valid internal Clock.
20230606 020909.579 INFO             PET0       <<<MODEL: leaving Initialize (phase=<none>) without valid internal Clock.
20230606 020909.579 INFO             PET0     MODEL: InitializeP0 extro.
20230606 020909.580 INFO             PET0     driver: IInitAdvertise intro.
20230606 020909.580 INFO             PET0     driver: IInitAdvertise extro.
20230606 020909.580 INFO             PET0     MODEL: InitializeIPDvXp01 intro.
20230606 020909.580 INFO             PET0       >>>MODEL: entered Initialize (phase=IPDvXp01) without valid internal Clock.
20230606 020909.582 INFO             PET0       <<<MODEL: leaving Initialize (phase=IPDvXp01) without valid internal Clock.
20230606 020909.582 INFO             PET0     MODEL: InitializeIPDvXp01 extro.
20230606 020909.582 INFO             PET0     driver: IInitAdvertiseFinish intro.
20230606 020909.582 INFO             PET0     driver: IInitAdvertiseFinish extro.
20230606 020909.582 INFO             PET0     driver: IInitModifyCplLists intro.
20230606 020909.582 INFO             PET0     driver: IInitModifyCplLists extro.
20230606 020909.582 INFO             PET0     <<<driver: leaving Initialize (phase=<none>) with current time:    0  1  1  0  0  0   0
20230606 020909.582 INFO             PET0   driver: InitializeIPDv02p1 extro.
20230606 020909.582 INFO             PET0   driver: InitializeIPDv02p3 intro.
20230606 020909.582 INFO             PET0     >>>driver: entered Initialize (phase=<none>) with current time:    0  1  1  0  0  0   0
20230606 020909.583 INFO             PET0     driver: IInitCheck intro.
20230606 020909.583 INFO             PET0     driver: IInitCheck extro.
20230606 020909.583 INFO             PET0     MODEL: InitializeIPDvXp04 intro.
20230606 020909.583 INFO             PET0       >>>MODEL: entered Initialize (phase=IPDvXp04) without valid internal Clock.
20230606 020909.585 INFO             PET0       After Realize: - MemInfo: [/proc/meminfo - SSI]	MemTotal:       65850372 kB
20230606 020909.585 INFO             PET0       After Realize: - MemInfo: [/proc/meminfo - SSI]	MemFree:        57692452 kB
20230606 020909.585 INFO             PET0       After Realize: - MemInfo: [/proc/meminfo - SSI]	MemAvailable:   58119508 kB
20230606 020909.585 INFO             PET0       After Realize: - MemInfo: [/proc/meminfo - SSI]	Committed_AS:    4370000 kB
20230606 020909.585 INFO             PET0       After Realize: - MemInfo: [/proc/meminfo - SSI]	CommittedPercent: 6.63626 %
20230606 020909.585 INFO             PET0       After Realize: - MemInfo: [/proc/self/status]	VmPeak:	   80304 kB
20230606 020909.585 INFO             PET0       After Realize: - MemInfo: [/proc/self/status]	VmSize:	   80304 kB
20230606 020909.585 INFO             PET0       After Realize: - MemInfo: [/proc/self/status]	VmLck:	       0 kB
20230606 020909.585 INFO             PET0       After Realize: - MemInfo: [/proc/self/status]	VmPin:	       0 kB
20230606 020909.585 INFO             PET0       After Realize: - MemInfo: [/proc/self/status]	VmHWM:	   13892 kB
20230606 020909.585 INFO             PET0       After Realize: - MemInfo: [/proc/self/status]	VmRSS:	   13892 kB
20230606 020909.585 INFO             PET0       After Realize: - MemInfo: [/proc/self/status]	VmData:	    7692 kB
20230606 020909.585 INFO             PET0       After Realize: - MemInfo: [/proc/self/status]	VmStk:	     164 kB
20230606 020909.585 INFO             PET0       After Realize: - MemInfo: [/proc/self/status]	VmExe:	   46680 kB
20230606 020909.585 INFO             PET0       After Realize: - MemInfo: [/proc/self/status]	VmLib:	    2320 kB
20230606 020909.585 INFO             PET0       After Realize: - MemInfo: [/proc/self/status]	VmPTE:	     168 kB
20230606 020909.585 INFO             PET0       After Realize: - MemInfo: [/proc/self/status]	VmSwap:	       0 kB
20230606 020909.585 INFO             PET0       After Realize: - MemInfo: [/proc/self/status]	VmRSSPercent: 0.0210963 %
20230606 020909.585 INFO             PET0       After Realize: - MemInfo: [malloc] Non-mmapped space allocated:                 1378560 Byte
20230606 020909.585 INFO             PET0       After Realize: - MemInfo: [malloc] Space allocated in mmapped regions:          2154496 Byte
20230606 020909.585 INFO             PET0       After Realize: - MemInfo: [malloc] Maximum total allocated space:                     0 Byte
20230606 020909.585 INFO             PET0       After Realize: - MemInfo: [malloc] Space in freed fastbin blocks:                  1040 Byte
20230606 020909.585 INFO             PET0       After Realize: - MemInfo: [malloc] Total allocated space:                       1275408 Byte
20230606 020909.585 INFO             PET0       After Realize: - MemInfo: [malloc] Total free space:                             103152 Byte
20230606 020909.585 INFO             PET0       After Realize: - MemInfo: [malloc] Top-most, releasable space:                   102112 Byte
20230606 020909.585 INFO             PET0       After Realize: - MemInfo: [malloc] Total space in use, mmap + non-mmap:         3429904 Byte
20230606 020909.585 INFO             PET0       After Realize: - MemInfo: [malloc] Total space held (mmap + non-mmap):          3533056 Byte
20230606 020909.585 INFO             PET0       After Realize: - MemInfo: [malloc] Total space used (mmap + non-mmap):          3438224 Byte
20230606 020909.585 INFO             PET0       After Realize: - MemInfo: Wall-clock time since execution start:               0.097084 seconds
20230606 020909.585 INFO             PET0       <<<MODEL: leaving Initialize (phase=IPDvXp04) without valid internal Clock.
20230606 020909.585 INFO             PET0     MODEL: InitializeIPDvXp04 extro.
20230606 020909.586 INFO             PET0     driver: IInitRealize intro.
20230606 020909.586 INFO             PET0     driver: IInitRealize extro.
20230606 020909.586 INFO             PET0     MODEL: InitializeIPDvXp07 intro.
20230606 020909.586 INFO             PET0       >>>MODEL: entered Initialize (phase=IPDvXp07) without valid internal Clock.
20230606 020909.586 INFO             PET0       <<<MODEL: leaving Initialize (phase=IPDvXp07) with current time:    0  1  1  0  0  0   0
20230606 020909.586 INFO             PET0     MODEL: InitializeIPDvXp07 extro.
20230606 020909.586 INFO             PET0     <<<driver: leaving Initialize (phase=<none>) with current time:    0  1  1  0  0  0   0
20230606 020909.586 INFO             PET0   driver: InitializeIPDv02p3 extro.
20230606 020909.586 INFO             PET0   driver: InitializeIPDv02p5 intro.
20230606 020909.586 INFO             PET0     >>>driver: entered Initialize (phase=<none>) with current time:    0  1  1  0  0  0   0
20230606 020909.586 INFO             PET0     driver: this is a top level driver, no 'Updated' and 'InitializeDataComplete' info on this level.
20230606 020909.586 INFO             PET0     driver: InitializeIPDv02p5Data intro.
20230606 020909.586 INFO             PET0       driver: InternalInitializeComplete intro.
20230606 020909.586 INFO             PET0         driver: InitializeDataComplete='true'
20230606 020909.586 INFO             PET0       driver: InternalInitializeComplete extro.
20230606 020909.586 INFO             PET0       MODEL: InitializeIPDvXp08 intro.
20230606 020909.586 INFO             PET0         >>>MODEL: entered Initialize (phase=IPDv05p8) with current time:    0  1  1  0  0  0   0
20230606 020909.587 INFO             PET0         MODEL: InitializeDataProgress='false', InitializeDataComplete='false'
20230606 020909.587 INFO             PET0         <<<MODEL: leaving Initialize (phase=IPDv05p8) with current time:    0  1  1  0  0  0   0
20230606 020909.587 INFO             PET0       MODEL: InitializeIPDvXp08 extro.
20230606 020909.587 INFO             PET0       driver: components present that trigger loopDataDependentInitialize().
20230606 020909.587 INFO             PET0       driver: loopDataDependentInitialize intro.
20230606 020909.587 INFO             PET0         driver: component    0=driver, dataComplete (local): true
20230606 020909.587 INFO             PET0         driver: component    0=driver, dataComplete (global): T
20230606 020909.587 INFO             PET0         driver: component    1=MODEL, dataComplete (local): false
20230606 020909.587 INFO             PET0         driver: component    1=MODEL, dataComplete (global): F
20230606 020909.587 INFO             PET0         MODEL: InitializeIPDvXp08 intro.
20230606 020909.587 INFO             PET0           >>>MODEL: entered Initialize (phase=IPDv05p8) with current time:    0  1  1  0  0  0   0
20230606 020909.587 INFO             PET0           MODEL: InitializeDataProgress='true', InitializeDataComplete='true'
20230606 020909.588 INFO             PET0           <<<MODEL: leaving Initialize (phase=IPDv05p8) with current time:    0  1  1  0  0  0   0
20230606 020909.588 INFO             PET0         MODEL: InitializeIPDvXp08 extro.
20230606 020909.588 INFO             PET0         driver: component    1=MODEL, someProgress (local): true
20230606 020909.588 INFO             PET0         driver: component    1=MODEL, someProgress (global): T
20230606 020909.588 INFO             PET0         driver: someProgress=T, allComplete=F, present(dataDepAllComplete)=T
20230606 020909.588 INFO             PET0         driver: component    0=driver, dataComplete (local): true
20230606 020909.588 INFO             PET0         driver: component    0=driver, dataComplete (global): T
20230606 020909.588 INFO             PET0         driver: component    1=MODEL, dataComplete (local): true
20230606 020909.588 INFO             PET0         driver: component    1=MODEL, dataComplete (global): T
20230606 020909.588 INFO             PET0         driver: someProgress=F, allComplete=T, present(dataDepAllComplete)=T
20230606 020909.588 INFO             PET0         driver: finished resolving initialize data dependencies on this level.
20230606 020909.588 INFO             PET0       driver: loopDataDependentInitialize extro.
20230606 020909.588 INFO             PET0       driver: loopDataDependentInitialize() returned with dataDepAllComplete: T
20230606 020909.588 INFO             PET0     driver: InitializeIPDv02p5Data extro.
20230606 020909.588 INFO             PET0     <<<driver: leaving Initialize (phase=<none>) with current time:    0  1  1  0  0  0   0
20230606 020909.588 INFO             PET0   driver: InitializeIPDv02p5 extro.
20230606 020909.588 INFO             PET0 driver: InitializeGeneric extro.
20230606 020909.588 INFO             PET0 driver: Run intro.
20230606 020909.588 INFO             PET0   >>>driver entered Run (phase=RunPhase1) with current time:    0  1  1  0  0  0   0
20230606 020909.588 INFO             PET0   driver: after lable_SetRunClock, current time:    0  1  1  0  0  0   0
20230606 020909.588 INFO             PET0   driver: begin -------> RunSequence.
20230606 020909.588 INFO             PET0     driver: RunSequence event loopLevel=   1  levelMember=   1  loopIteration=   1, current time:    0  1  1  0  0  0   0
20230606 020909.588 INFO             PET0     MODEL: Run intro.
20230606 020909.588 INFO             PET0       >>>MODEL: entered Run (phase=RunPhase1) with current time:    0  1  1  0  0  0   0
20230606 020909.588 INFO             PET0       MODEL: time step-loop starting, current time:    0  1  1  0  0  0   0
20230606 020909.589 INFO             PET0       thread_num=   0   currentSsiPe=   0   num_threads=   3   max_threads=   3   num_procs=   2
20230606 020909.589 INFO             PET0       thread_num=   1   currentSsiPe=  36   num_threads=   3   max_threads=   3   num_procs=   2
20230606 020909.589 INFO             PET0       thread_num=   2   currentSsiPe=   0   num_threads=   3   max_threads=   3   num_procs=   2
20230606 020909.589 INFO             PET0       ---->Advancing Model from:    0  1  1  0  0  0   0
20230606 020909.589 INFO             PET0       ---------------------> to:    0  1  1  0  0 30   0
20230606 020909.589 INFO             PET0       MODEL: time step-loop ending,   current time:    0  1  1  0  0 30   0
20230606 020909.589 INFO             PET0       <<<MODEL: leaving Run (phase=RunPhase1) with current time:    0  1  1  0  0 30   0
20230606 020909.589 INFO             PET0     MODEL: Run extro.
20230606 020909.589 INFO             PET0     driver: RunSequence event loopLevel=   1  levelMember=   1  loopIteration=   2, current time:    0  1  1  0  0 30   0
20230606 020909.589 INFO             PET0     MODEL: Run intro.
20230606 020909.589 INFO             PET0       >>>MODEL: entered Run (phase=RunPhase1) with current time:    0  1  1  0  0 30   0
20230606 020909.589 INFO             PET0       MODEL: time step-loop starting, current time:    0  1  1  0  0 30   0
20230606 020909.589 INFO             PET0       thread_num=   0   currentSsiPe=  36   num_threads=   3   max_threads=   3   num_procs=   2
20230606 020909.589 INFO             PET0       thread_num=   1   currentSsiPe=   0   num_threads=   3   max_threads=   3   num_procs=   2
20230606 020909.589 INFO             PET0       thread_num=   2   currentSsiPe=  36   num_threads=   3   max_threads=   3   num_procs=   2
20230606 020909.589 INFO             PET0       ---->Advancing Model from:    0  1  1  0  0 30   0
20230606 020909.589 INFO             PET0       ---------------------> to:    0  1  1  0  1  0   0
20230606 020909.589 INFO             PET0       MODEL: time step-loop ending,   current time:    0  1  1  0  1  0   0
20230606 020909.589 INFO             PET0       <<<MODEL: leaving Run (phase=RunPhase1) with current time:    0  1  1  0  1  0   0
20230606 020909.589 INFO             PET0     MODEL: Run extro.
20230606 020909.589 INFO             PET0     driver: RunSequence event loopLevel=   1  levelMember=   1  loopIteration=   3, current time:    0  1  1  0  1  0   0
20230606 020909.589 INFO             PET0     MODEL: Run intro.
20230606 020909.589 INFO             PET0       >>>MODEL: entered Run (phase=RunPhase1) with current time:    0  1  1  0  1  0   0
20230606 020909.589 INFO             PET0       MODEL: time step-loop starting, current time:    0  1  1  0  1  0   0
20230606 020909.589 INFO             PET0       thread_num=   0   currentSsiPe=  36   num_threads=   3   max_threads=   3   num_procs=   2
20230606 020909.589 INFO             PET0       thread_num=   1   currentSsiPe=   0   num_threads=   3   max_threads=   3   num_procs=   2
20230606 020909.589 INFO             PET0       thread_num=   2   currentSsiPe=  36   num_threads=   3   max_threads=   3   num_procs=   2
20230606 020909.589 INFO             PET0       ---->Advancing Model from:    0  1  1  0  1  0   0
20230606 020909.589 INFO             PET0       ---------------------> to:    0  1  1  0  1 30   0
20230606 020909.589 INFO             PET0       MODEL: time step-loop ending,   current time:    0  1  1  0  1 30   0
20230606 020909.589 INFO             PET0       <<<MODEL: leaving Run (phase=RunPhase1) with current time:    0  1  1  0  1 30   0
20230606 020909.589 INFO             PET0     MODEL: Run extro.
20230606 020909.590 INFO             PET0     driver: RunSequence event loopLevel=   1  levelMember=   1  loopIteration=   4, current time:    0  1  1  0  1 30   0
20230606 020909.590 INFO             PET0     MODEL: Run intro.
20230606 020909.590 INFO             PET0       >>>MODEL: entered Run (phase=RunPhase1) with current time:    0  1  1  0  1 30   0
20230606 020909.590 INFO             PET0       MODEL: time step-loop starting, current time:    0  1  1  0  1 30   0
20230606 020909.590 INFO             PET0       thread_num=   1   currentSsiPe=   0   num_threads=   3   max_threads=   3   num_procs=   2
20230606 020909.590 INFO             PET0       thread_num=   2   currentSsiPe=  36   num_threads=   3   max_threads=   3   num_procs=   2
20230606 020909.590 INFO             PET0       thread_num=   0   currentSsiPe=   0   num_threads=   3   max_threads=   3   num_procs=   2
20230606 020909.590 INFO             PET0       ---->Advancing Model from:    0  1  1  0  1 30   0
20230606 020909.590 INFO             PET0       ---------------------> to:    0  1  1  0  2  0   0
20230606 020909.590 INFO             PET0       MODEL: time step-loop ending,   current time:    0  1  1  0  2  0   0
20230606 020909.590 INFO             PET0       <<<MODEL: leaving Run (phase=RunPhase1) with current time:    0  1  1  0  2  0   0
20230606 020909.590 INFO             PET0     MODEL: Run extro.
20230606 020909.590 INFO             PET0     driver: RunSequence event loopLevel=   1  levelMember=   1  loopIteration=   5, current time:    0  1  1  0  2  0   0
20230606 020909.590 INFO             PET0     MODEL: Run intro.
20230606 020909.590 INFO             PET0       >>>MODEL: entered Run (phase=RunPhase1) with current time:    0  1  1  0  2  0   0
20230606 020909.590 INFO             PET0       MODEL: time step-loop starting, current time:    0  1  1  0  2  0   0
20230606 020909.590 INFO             PET0       thread_num=   0   currentSsiPe=   0   num_threads=   3   max_threads=   3   num_procs=   2
20230606 020909.590 INFO             PET0       thread_num=   1   currentSsiPe=  36   num_threads=   3   max_threads=   3   num_procs=   2
20230606 020909.590 INFO             PET0       thread_num=   2   currentSsiPe=   0   num_threads=   3   max_threads=   3   num_procs=   2
20230606 020909.590 INFO             PET0       ---->Advancing Model from:    0  1  1  0  2  0   0
20230606 020909.590 INFO             PET0       ---------------------> to:    0  1  1  0  2 30   0
20230606 020909.590 INFO             PET0       MODEL: time step-loop ending,   current time:    0  1  1  0  2 30   0
20230606 020909.590 INFO             PET0       <<<MODEL: leaving Run (phase=RunPhase1) with current time:    0  1  1  0  2 30   0
20230606 020909.590 INFO             PET0     MODEL: Run extro.
20230606 020909.590 INFO             PET0   driver: end <--------- RunSequence
20230606 020909.590 INFO             PET0   <<<driver - leaving Run with current time:    0  1  1  0  2 30   0
20230606 020909.590 INFO             PET0 driver: Run extro.
20230606 020909.590 INFO             PET0 driver: Finalize intro.
20230606 020909.590 INFO             PET0   Calling Finalize phase 1 for modelComp: MODEL
20230606 020909.590 INFO             PET0   MODEL: Finalize intro.
20230606 020909.590 INFO             PET0     >>>MODEL: entered Finalize (phase=FinalizePhase1) with current time:    0  1  1  0  2 30   0
20230606 020909.590 INFO             PET0     <<<MODEL: leaving Finalize (phase=FinalizePhase1) with current time:    0  1  1  0  2 30   0
20230606 020909.590 INFO             PET0   MODEL: Finalize extro.
20230606 020909.590 INFO             PET0   Delete modelComp: MODEL
20230606 020909.590 INFO             PET0   Delete Import-/Export State for modelComp: MODEL
20230606 020909.590 INFO             PET0 driver: Finalize extro.
20230606 020909.590 INFO             PET0 mainApp FINISHED
20230606 020909.590 INFO             PET0 Finalizing ESMF
20230606 020909.505 INFO             PET1 !!!!!!!!!!!!!!!!!!!!!!!!!!!!!!!!!!!!!!!!!!!!!!!!!!!!!!
20230606 020909.505 INFO             PET1 !!! THE ESMF_LOG IS SET TO OUTPUT ALL LOG MESSAGES !!!
20230606 020909.505 INFO             PET1 !!!     THIS MAY CAUSE SLOWDOWN IN PERFORMANCE     !!!
20230606 020909.505 INFO             PET1 !!! FOR PRODUCTION RUNS, USE:                      !!!
20230606 020909.505 INFO             PET1 !!!                   ESMF_LOGKIND_Multi_On_Error  !!!
20230606 020909.505 INFO             PET1 !!!!!!!!!!!!!!!!!!!!!!!!!!!!!!!!!!!!!!!!!!!!!!!!!!!!!!
20230606 020909.505 INFO             PET1 Running with ESMF Version   : 8.5.0 beta snapshot
20230606 020909.505 INFO             PET1 ESMF library build date/time: "Jun  6 2023" "00:29:31"
20230606 020909.505 INFO             PET1 ESMF library build location : /lustre/f2/dev/Mark.Potts/esmf-test/gfortran_12.1.0_mpi_g_develop/esmf
20230606 020909.505 INFO             PET1 ESMF_COMM                   : mpi
20230606 020909.506 INFO             PET1 ESMF_MOAB                   : enabled
20230606 020909.506 INFO             PET1 ESMF_LAPACK                 : enabled
20230606 020909.506 INFO             PET1 ESMF_NETCDF                 : enabled
20230606 020909.506 INFO             PET1 ESMF_PNETCDF                : disabled
20230606 020909.506 INFO             PET1 ESMF_PIO                    : enabled
20230606 020909.506 INFO             PET1 ESMF_YAMLCPP                : enabled
20230606 020909.506 INFO             PET1 mainApp STARTING
20230606 020909.575 INFO             PET1 driver: InitializeGeneric intro.
20230606 020909.575 INFO             PET1   driver: InitializeP0 intro.
20230606 020909.575 INFO             PET1   driver: InitializeP0 extro.
20230606 020909.575 INFO             PET1   driver: InitializeIPDv02p1 intro.
20230606 020909.576 INFO             PET1     >>>driver: entered Initialize (phase=<none>) without valid internal Clock.
20230606 020909.577 INFO             PET1     driver - Creating model component MODEL without petList.
20230606 020909.578 INFO             PET1      GridCompIsPetLocal:  T
20230606 020909.578 INFO             PET1      VmIsCreated:  T
20230606 020909.578 INFO             PET1      valid MPI_COMM with size=           4
20230606 020909.578 INFO             PET1     driver - Creating state: modelComp 1 Import State
20230606 020909.578 INFO             PET1     driver - Creating state: modelComp 1 Export State
20230606 020909.579 INFO             PET1     MODEL: InitializeP0 intro.
20230606 020909.579 INFO             PET1       >>>MODEL: entered Initialize (phase=<none>) without valid internal Clock.
20230606 020909.579 INFO             PET1       <<<MODEL: leaving Initialize (phase=<none>) without valid internal Clock.
20230606 020909.579 INFO             PET1     MODEL: InitializeP0 extro.
20230606 020909.580 INFO             PET1     driver: IInitAdvertise intro.
20230606 020909.580 INFO             PET1     driver: IInitAdvertise extro.
20230606 020909.581 INFO             PET1     MODEL: InitializeIPDvXp01 intro.
20230606 020909.581 INFO             PET1       >>>MODEL: entered Initialize (phase=IPDvXp01) without valid internal Clock.
20230606 020909.582 INFO             PET1       <<<MODEL: leaving Initialize (phase=IPDvXp01) without valid internal Clock.
20230606 020909.582 INFO             PET1     MODEL: InitializeIPDvXp01 extro.
20230606 020909.582 INFO             PET1     driver: IInitAdvertiseFinish intro.
20230606 020909.582 INFO             PET1     driver: IInitAdvertiseFinish extro.
20230606 020909.582 INFO             PET1     driver: IInitModifyCplLists intro.
20230606 020909.582 INFO             PET1     driver: IInitModifyCplLists extro.
20230606 020909.583 INFO             PET1     <<<driver: leaving Initialize (phase=<none>) with current time:    0  1  1  0  0  0   0
20230606 020909.583 INFO             PET1   driver: InitializeIPDv02p1 extro.
20230606 020909.583 INFO             PET1   driver: InitializeIPDv02p3 intro.
20230606 020909.583 INFO             PET1     >>>driver: entered Initialize (phase=<none>) with current time:    0  1  1  0  0  0   0
20230606 020909.583 INFO             PET1     driver: IInitCheck intro.
20230606 020909.583 INFO             PET1     driver: IInitCheck extro.
20230606 020909.583 INFO             PET1     MODEL: InitializeIPDvXp04 intro.
20230606 020909.583 INFO             PET1       >>>MODEL: entered Initialize (phase=IPDvXp04) without valid internal Clock.
20230606 020909.585 INFO             PET1       After Realize: - MemInfo: [/proc/meminfo - SSI]	MemTotal:       65850372 kB
20230606 020909.585 INFO             PET1       After Realize: - MemInfo: [/proc/meminfo - SSI]	MemFree:        57692452 kB
20230606 020909.585 INFO             PET1       After Realize: - MemInfo: [/proc/meminfo - SSI]	MemAvailable:   58119508 kB
20230606 020909.585 INFO             PET1       After Realize: - MemInfo: [/proc/meminfo - SSI]	Committed_AS:    4370000 kB
20230606 020909.585 INFO             PET1       After Realize: - MemInfo: [/proc/meminfo - SSI]	CommittedPercent: 6.63626 %
20230606 020909.585 INFO             PET1       After Realize: - MemInfo: [/proc/self/status]	VmPeak:	   80296 kB
20230606 020909.585 INFO             PET1       After Realize: - MemInfo: [/proc/self/status]	VmSize:	   80296 kB
20230606 020909.585 INFO             PET1       After Realize: - MemInfo: [/proc/self/status]	VmLck:	       0 kB
20230606 020909.585 INFO             PET1       After Realize: - MemInfo: [/proc/self/status]	VmPin:	       0 kB
20230606 020909.585 INFO             PET1       After Realize: - MemInfo: [/proc/self/status]	VmHWM:	   13852 kB
20230606 020909.585 INFO             PET1       After Realize: - MemInfo: [/proc/self/status]	VmRSS:	   13852 kB
20230606 020909.585 INFO             PET1       After Realize: - MemInfo: [/proc/self/status]	VmData:	    7684 kB
20230606 020909.585 INFO             PET1       After Realize: - MemInfo: [/proc/self/status]	VmStk:	     164 kB
20230606 020909.585 INFO             PET1       After Realize: - MemInfo: [/proc/self/status]	VmExe:	   46680 kB
20230606 020909.585 INFO             PET1       After Realize: - MemInfo: [/proc/self/status]	VmLib:	    2320 kB
20230606 020909.585 INFO             PET1       After Realize: - MemInfo: [/proc/self/status]	VmPTE:	     172 kB
20230606 020909.585 INFO             PET1       After Realize: - MemInfo: [/proc/self/status]	VmSwap:	       0 kB
20230606 020909.585 INFO             PET1       After Realize: - MemInfo: [/proc/self/status]	VmRSSPercent: 0.0210356 %
20230606 020909.585 INFO             PET1       After Realize: - MemInfo: [malloc] Non-mmapped space allocated:                 1370368 Byte
20230606 020909.585 INFO             PET1       After Realize: - MemInfo: [malloc] Space allocated in mmapped regions:          2154496 Byte
20230606 020909.585 INFO             PET1       After Realize: - MemInfo: [malloc] Maximum total allocated space:                     0 Byte
20230606 020909.585 INFO             PET1       After Realize: - MemInfo: [malloc] Space in freed fastbin blocks:                  1040 Byte
20230606 020909.585 INFO             PET1       After Realize: - MemInfo: [malloc] Total allocated space:                       1268736 Byte
20230606 020909.585 INFO             PET1       After Realize: - MemInfo: [malloc] Total free space:                             101632 Byte
20230606 020909.585 INFO             PET1       After Realize: - MemInfo: [malloc] Top-most, releasable space:                   100592 Byte
20230606 020909.585 INFO             PET1       After Realize: - MemInfo: [malloc] Total space in use, mmap + non-mmap:         3423232 Byte
20230606 020909.585 INFO             PET1       After Realize: - MemInfo: [malloc] Total space held (mmap + non-mmap):          3524864 Byte
20230606 020909.585 INFO             PET1       After Realize: - MemInfo: [malloc] Total space used (mmap + non-mmap):          3431552 Byte
20230606 020909.585 INFO             PET1       After Realize: - MemInfo: Wall-clock time since execution start:              0.0969563 seconds
20230606 020909.585 INFO             PET1       <<<MODEL: leaving Initialize (phase=IPDvXp04) without valid internal Clock.
20230606 020909.585 INFO             PET1     MODEL: InitializeIPDvXp04 extro.
20230606 020909.586 INFO             PET1     driver: IInitRealize intro.
20230606 020909.586 INFO             PET1     driver: IInitRealize extro.
20230606 020909.586 INFO             PET1     MODEL: InitializeIPDvXp07 intro.
20230606 020909.586 INFO             PET1       >>>MODEL: entered Initialize (phase=IPDvXp07) without valid internal Clock.
20230606 020909.586 INFO             PET1       <<<MODEL: leaving Initialize (phase=IPDvXp07) with current time:    0  1  1  0  0  0   0
20230606 020909.586 INFO             PET1     MODEL: InitializeIPDvXp07 extro.
20230606 020909.586 INFO             PET1     <<<driver: leaving Initialize (phase=<none>) with current time:    0  1  1  0  0  0   0
20230606 020909.586 INFO             PET1   driver: InitializeIPDv02p3 extro.
20230606 020909.586 INFO             PET1   driver: InitializeIPDv02p5 intro.
20230606 020909.586 INFO             PET1     >>>driver: entered Initialize (phase=<none>) with current time:    0  1  1  0  0  0   0
20230606 020909.586 INFO             PET1     driver: this is a top level driver, no 'Updated' and 'InitializeDataComplete' info on this level.
20230606 020909.586 INFO             PET1     driver: InitializeIPDv02p5Data intro.
20230606 020909.586 INFO             PET1       driver: InternalInitializeComplete intro.
20230606 020909.586 INFO             PET1         driver: InitializeDataComplete='true'
20230606 020909.586 INFO             PET1       driver: InternalInitializeComplete extro.
20230606 020909.587 INFO             PET1       MODEL: InitializeIPDvXp08 intro.
20230606 020909.587 INFO             PET1         >>>MODEL: entered Initialize (phase=IPDv05p8) with current time:    0  1  1  0  0  0   0
20230606 020909.587 INFO             PET1         MODEL: InitializeDataProgress='false', InitializeDataComplete='false'
20230606 020909.587 INFO             PET1         <<<MODEL: leaving Initialize (phase=IPDv05p8) with current time:    0  1  1  0  0  0   0
20230606 020909.587 INFO             PET1       MODEL: InitializeIPDvXp08 extro.
20230606 020909.587 INFO             PET1       driver: components present that trigger loopDataDependentInitialize().
20230606 020909.587 INFO             PET1       driver: loopDataDependentInitialize intro.
20230606 020909.587 INFO             PET1         driver: component    0=driver, dataComplete (local): true
20230606 020909.587 INFO             PET1         driver: component    0=driver, dataComplete (global): T
20230606 020909.587 INFO             PET1         driver: component    1=MODEL, dataComplete (local): false
20230606 020909.587 INFO             PET1         driver: component    1=MODEL, dataComplete (global): F
20230606 020909.587 INFO             PET1         MODEL: InitializeIPDvXp08 intro.
20230606 020909.587 INFO             PET1           >>>MODEL: entered Initialize (phase=IPDv05p8) with current time:    0  1  1  0  0  0   0
20230606 020909.587 INFO             PET1           MODEL: InitializeDataProgress='true', InitializeDataComplete='true'
20230606 020909.588 INFO             PET1           <<<MODEL: leaving Initialize (phase=IPDv05p8) with current time:    0  1  1  0  0  0   0
20230606 020909.588 INFO             PET1         MODEL: InitializeIPDvXp08 extro.
20230606 020909.588 INFO             PET1         driver: component    1=MODEL, someProgress (local): true
20230606 020909.588 INFO             PET1         driver: component    1=MODEL, someProgress (global): T
20230606 020909.588 INFO             PET1         driver: someProgress=T, allComplete=F, present(dataDepAllComplete)=T
20230606 020909.588 INFO             PET1         driver: component    0=driver, dataComplete (local): true
20230606 020909.588 INFO             PET1         driver: component    0=driver, dataComplete (global): T
20230606 020909.588 INFO             PET1         driver: component    1=MODEL, dataComplete (local): true
20230606 020909.588 INFO             PET1         driver: component    1=MODEL, dataComplete (global): T
20230606 020909.588 INFO             PET1         driver: someProgress=F, allComplete=T, present(dataDepAllComplete)=T
20230606 020909.588 INFO             PET1         driver: finished resolving initialize data dependencies on this level.
20230606 020909.588 INFO             PET1       driver: loopDataDependentInitialize extro.
20230606 020909.588 INFO             PET1       driver: loopDataDependentInitialize() returned with dataDepAllComplete: T
20230606 020909.588 INFO             PET1     driver: InitializeIPDv02p5Data extro.
20230606 020909.588 INFO             PET1     <<<driver: leaving Initialize (phase=<none>) with current time:    0  1  1  0  0  0   0
20230606 020909.588 INFO             PET1   driver: InitializeIPDv02p5 extro.
20230606 020909.588 INFO             PET1 driver: InitializeGeneric extro.
20230606 020909.588 INFO             PET1 driver: Run intro.
20230606 020909.588 INFO             PET1   >>>driver entered Run (phase=RunPhase1) with current time:    0  1  1  0  0  0   0
20230606 020909.588 INFO             PET1   driver: after lable_SetRunClock, current time:    0  1  1  0  0  0   0
20230606 020909.588 INFO             PET1   driver: begin -------> RunSequence.
20230606 020909.588 INFO             PET1     driver: RunSequence event loopLevel=   1  levelMember=   1  loopIteration=   1, current time:    0  1  1  0  0  0   0
20230606 020909.588 INFO             PET1     MODEL: Run intro.
20230606 020909.588 INFO             PET1       >>>MODEL: entered Run (phase=RunPhase1) with current time:    0  1  1  0  0  0   0
20230606 020909.588 INFO             PET1       MODEL: time step-loop starting, current time:    0  1  1  0  0  0   0
20230606 020909.589 INFO             PET1       thread_num=   2   currentSsiPe=  54   num_threads=   3   max_threads=   3   num_procs=   2
20230606 020909.589 INFO             PET1       thread_num=   0   currentSsiPe=  18   num_threads=   3   max_threads=   3   num_procs=   2
20230606 020909.589 INFO             PET1       thread_num=   1   currentSsiPe=  54   num_threads=   3   max_threads=   3   num_procs=   2
20230606 020909.589 INFO             PET1       ---->Advancing Model from:    0  1  1  0  0  0   0
20230606 020909.589 INFO             PET1       ---------------------> to:    0  1  1  0  0 30   0
20230606 020909.589 INFO             PET1       MODEL: time step-loop ending,   current time:    0  1  1  0  0 30   0
20230606 020909.589 INFO             PET1       <<<MODEL: leaving Run (phase=RunPhase1) with current time:    0  1  1  0  0 30   0
20230606 020909.589 INFO             PET1     MODEL: Run extro.
20230606 020909.589 INFO             PET1     driver: RunSequence event loopLevel=   1  levelMember=   1  loopIteration=   2, current time:    0  1  1  0  0 30   0
20230606 020909.589 INFO             PET1     MODEL: Run intro.
20230606 020909.589 INFO             PET1       >>>MODEL: entered Run (phase=RunPhase1) with current time:    0  1  1  0  0 30   0
20230606 020909.589 INFO             PET1       MODEL: time step-loop starting, current time:    0  1  1  0  0 30   0
20230606 020909.589 INFO             PET1       thread_num=   0   currentSsiPe=  18   num_threads=   3   max_threads=   3   num_procs=   2
20230606 020909.589 INFO             PET1       thread_num=   1   currentSsiPe=  54   num_threads=   3   max_threads=   3   num_procs=   2
20230606 020909.589 INFO             PET1       thread_num=   2   currentSsiPe=  18   num_threads=   3   max_threads=   3   num_procs=   2
20230606 020909.589 INFO             PET1       ---->Advancing Model from:    0  1  1  0  0 30   0
20230606 020909.589 INFO             PET1       ---------------------> to:    0  1  1  0  1  0   0
20230606 020909.589 INFO             PET1       MODEL: time step-loop ending,   current time:    0  1  1  0  1  0   0
20230606 020909.589 INFO             PET1       <<<MODEL: leaving Run (phase=RunPhase1) with current time:    0  1  1  0  1  0   0
20230606 020909.589 INFO             PET1     MODEL: Run extro.
20230606 020909.589 INFO             PET1     driver: RunSequence event loopLevel=   1  levelMember=   1  loopIteration=   3, current time:    0  1  1  0  1  0   0
20230606 020909.589 INFO             PET1     MODEL: Run intro.
20230606 020909.589 INFO             PET1       >>>MODEL: entered Run (phase=RunPhase1) with current time:    0  1  1  0  1  0   0
20230606 020909.589 INFO             PET1       MODEL: time step-loop starting, current time:    0  1  1  0  1  0   0
20230606 020909.589 INFO             PET1       thread_num=   0   currentSsiPe=  54   num_threads=   3   max_threads=   3   num_procs=   2
20230606 020909.589 INFO             PET1       thread_num=   2   currentSsiPe=  18   num_threads=   3   max_threads=   3   num_procs=   2
20230606 020909.589 INFO             PET1       thread_num=   1   currentSsiPe=  54   num_threads=   3   max_threads=   3   num_procs=   2
20230606 020909.589 INFO             PET1       ---->Advancing Model from:    0  1  1  0  1  0   0
20230606 020909.589 INFO             PET1       ---------------------> to:    0  1  1  0  1 30   0
20230606 020909.589 INFO             PET1       MODEL: time step-loop ending,   current time:    0  1  1  0  1 30   0
20230606 020909.590 INFO             PET1       <<<MODEL: leaving Run (phase=RunPhase1) with current time:    0  1  1  0  1 30   0
20230606 020909.590 INFO             PET1     MODEL: Run extro.
20230606 020909.590 INFO             PET1     driver: RunSequence event loopLevel=   1  levelMember=   1  loopIteration=   4, current time:    0  1  1  0  1 30   0
20230606 020909.590 INFO             PET1     MODEL: Run intro.
20230606 020909.590 INFO             PET1       >>>MODEL: entered Run (phase=RunPhase1) with current time:    0  1  1  0  1 30   0
20230606 020909.590 INFO             PET1       MODEL: time step-loop starting, current time:    0  1  1  0  1 30   0
20230606 020909.590 INFO             PET1       thread_num=   0   currentSsiPe=  18   num_threads=   3   max_threads=   3   num_procs=   2
20230606 020909.590 INFO             PET1       thread_num=   1   currentSsiPe=  54   num_threads=   3   max_threads=   3   num_procs=   2
20230606 020909.590 INFO             PET1       thread_num=   2   currentSsiPe=  18   num_threads=   3   max_threads=   3   num_procs=   2
20230606 020909.590 INFO             PET1       ---->Advancing Model from:    0  1  1  0  1 30   0
20230606 020909.590 INFO             PET1       ---------------------> to:    0  1  1  0  2  0   0
20230606 020909.590 INFO             PET1       MODEL: time step-loop ending,   current time:    0  1  1  0  2  0   0
20230606 020909.590 INFO             PET1       <<<MODEL: leaving Run (phase=RunPhase1) with current time:    0  1  1  0  2  0   0
20230606 020909.590 INFO             PET1     MODEL: Run extro.
20230606 020909.590 INFO             PET1     driver: RunSequence event loopLevel=   1  levelMember=   1  loopIteration=   5, current time:    0  1  1  0  2  0   0
20230606 020909.590 INFO             PET1     MODEL: Run intro.
20230606 020909.590 INFO             PET1       >>>MODEL: entered Run (phase=RunPhase1) with current time:    0  1  1  0  2  0   0
20230606 020909.590 INFO             PET1       MODEL: time step-loop starting, current time:    0  1  1  0  2  0   0
20230606 020909.590 INFO             PET1       thread_num=   0   currentSsiPe=  54   num_threads=   3   max_threads=   3   num_procs=   2
20230606 020909.590 INFO             PET1       thread_num=   2   currentSsiPe=  18   num_threads=   3   max_threads=   3   num_procs=   2
20230606 020909.590 INFO             PET1       thread_num=   1   currentSsiPe=  54   num_threads=   3   max_threads=   3   num_procs=   2
20230606 020909.590 INFO             PET1       ---->Advancing Model from:    0  1  1  0  2  0   0
20230606 020909.590 INFO             PET1       ---------------------> to:    0  1  1  0  2 30   0
20230606 020909.590 INFO             PET1       MODEL: time step-loop ending,   current time:    0  1  1  0  2 30   0
20230606 020909.590 INFO             PET1       <<<MODEL: leaving Run (phase=RunPhase1) with current time:    0  1  1  0  2 30   0
20230606 020909.590 INFO             PET1     MODEL: Run extro.
20230606 020909.590 INFO             PET1   driver: end <--------- RunSequence
20230606 020909.590 INFO             PET1   <<<driver - leaving Run with current time:    0  1  1  0  2 30   0
20230606 020909.590 INFO             PET1 driver: Run extro.
20230606 020909.590 INFO             PET1 driver: Finalize intro.
20230606 020909.590 INFO             PET1   Calling Finalize phase 1 for modelComp: MODEL
20230606 020909.590 INFO             PET1   MODEL: Finalize intro.
20230606 020909.590 INFO             PET1     >>>MODEL: entered Finalize (phase=FinalizePhase1) with current time:    0  1  1  0  2 30   0
20230606 020909.590 INFO             PET1     <<<MODEL: leaving Finalize (phase=FinalizePhase1) with current time:    0  1  1  0  2 30   0
20230606 020909.590 INFO             PET1   MODEL: Finalize extro.
20230606 020909.590 INFO             PET1   Delete modelComp: MODEL
20230606 020909.590 INFO             PET1   Delete Import-/Export State for modelComp: MODEL
20230606 020909.590 INFO             PET1 driver: Finalize extro.
20230606 020909.590 INFO             PET1 mainApp FINISHED
20230606 020909.590 INFO             PET1 Finalizing ESMF
20230606 020909.492 INFO             PET2 !!!!!!!!!!!!!!!!!!!!!!!!!!!!!!!!!!!!!!!!!!!!!!!!!!!!!!
20230606 020909.492 INFO             PET2 !!! THE ESMF_LOG IS SET TO OUTPUT ALL LOG MESSAGES !!!
20230606 020909.492 INFO             PET2 !!!     THIS MAY CAUSE SLOWDOWN IN PERFORMANCE     !!!
20230606 020909.492 INFO             PET2 !!! FOR PRODUCTION RUNS, USE:                      !!!
20230606 020909.492 INFO             PET2 !!!                   ESMF_LOGKIND_Multi_On_Error  !!!
20230606 020909.492 INFO             PET2 !!!!!!!!!!!!!!!!!!!!!!!!!!!!!!!!!!!!!!!!!!!!!!!!!!!!!!
20230606 020909.492 INFO             PET2 Running with ESMF Version   : 8.5.0 beta snapshot
20230606 020909.492 INFO             PET2 ESMF library build date/time: "Jun  6 2023" "00:29:31"
20230606 020909.492 INFO             PET2 ESMF library build location : /lustre/f2/dev/Mark.Potts/esmf-test/gfortran_12.1.0_mpi_g_develop/esmf
20230606 020909.492 INFO             PET2 ESMF_COMM                   : mpi
20230606 020909.493 INFO             PET2 ESMF_MOAB                   : enabled
20230606 020909.493 INFO             PET2 ESMF_LAPACK                 : enabled
20230606 020909.493 INFO             PET2 ESMF_NETCDF                 : enabled
20230606 020909.493 INFO             PET2 ESMF_PNETCDF                : disabled
20230606 020909.493 INFO             PET2 ESMF_PIO                    : enabled
20230606 020909.493 INFO             PET2 ESMF_YAMLCPP                : enabled
20230606 020909.506 INFO             PET2 mainApp STARTING
20230606 020909.576 INFO             PET2 driver: InitializeGeneric intro.
20230606 020909.576 INFO             PET2   driver: InitializeP0 intro.
20230606 020909.576 INFO             PET2   driver: InitializeP0 extro.
20230606 020909.576 INFO             PET2   driver: InitializeIPDv02p1 intro.
20230606 020909.576 INFO             PET2     >>>driver: entered Initialize (phase=<none>) without valid internal Clock.
20230606 020909.577 INFO             PET2     driver - Creating model component MODEL without petList.
20230606 020909.578 INFO             PET2      GridCompIsPetLocal:  T
20230606 020909.578 INFO             PET2      VmIsCreated:  T
20230606 020909.578 INFO             PET2      valid MPI_COMM with size=           4
20230606 020909.578 INFO             PET2     driver - Creating state: modelComp 1 Import State
20230606 020909.578 INFO             PET2     driver - Creating state: modelComp 1 Export State
20230606 020909.579 INFO             PET2     MODEL: InitializeP0 intro.
20230606 020909.579 INFO             PET2       >>>MODEL: entered Initialize (phase=<none>) without valid internal Clock.
20230606 020909.579 INFO             PET2       <<<MODEL: leaving Initialize (phase=<none>) without valid internal Clock.
20230606 020909.579 INFO             PET2     MODEL: InitializeP0 extro.
20230606 020909.580 INFO             PET2     driver: IInitAdvertise intro.
20230606 020909.580 INFO             PET2     driver: IInitAdvertise extro.
20230606 020909.581 INFO             PET2     MODEL: InitializeIPDvXp01 intro.
20230606 020909.581 INFO             PET2       >>>MODEL: entered Initialize (phase=IPDvXp01) without valid internal Clock.
20230606 020909.582 INFO             PET2       <<<MODEL: leaving Initialize (phase=IPDvXp01) without valid internal Clock.
20230606 020909.582 INFO             PET2     MODEL: InitializeIPDvXp01 extro.
20230606 020909.582 INFO             PET2     driver: IInitAdvertiseFinish intro.
20230606 020909.582 INFO             PET2     driver: IInitAdvertiseFinish extro.
20230606 020909.582 INFO             PET2     driver: IInitModifyCplLists intro.
20230606 020909.582 INFO             PET2     driver: IInitModifyCplLists extro.
20230606 020909.582 INFO             PET2     <<<driver: leaving Initialize (phase=<none>) with current time:    0  1  1  0  0  0   0
20230606 020909.582 INFO             PET2   driver: InitializeIPDv02p1 extro.
20230606 020909.582 INFO             PET2   driver: InitializeIPDv02p3 intro.
20230606 020909.582 INFO             PET2     >>>driver: entered Initialize (phase=<none>) with current time:    0  1  1  0  0  0   0
20230606 020909.583 INFO             PET2     driver: IInitCheck intro.
20230606 020909.583 INFO             PET2     driver: IInitCheck extro.
20230606 020909.583 INFO             PET2     MODEL: InitializeIPDvXp04 intro.
20230606 020909.583 INFO             PET2       >>>MODEL: entered Initialize (phase=IPDvXp04) without valid internal Clock.
20230606 020909.585 INFO             PET2       After Realize: - MemInfo: [/proc/meminfo - SSI]	MemTotal:       65850372 kB
20230606 020909.585 INFO             PET2       After Realize: - MemInfo: [/proc/meminfo - SSI]	MemFree:        57692452 kB
20230606 020909.585 INFO             PET2       After Realize: - MemInfo: [/proc/meminfo - SSI]	MemAvailable:   58119508 kB
20230606 020909.585 INFO             PET2       After Realize: - MemInfo: [/proc/meminfo - SSI]	Committed_AS:    4370000 kB
20230606 020909.585 INFO             PET2       After Realize: - MemInfo: [/proc/meminfo - SSI]	CommittedPercent: 6.63626 %
20230606 020909.585 INFO             PET2       After Realize: - MemInfo: [/proc/self/status]	VmPeak:	   80296 kB
20230606 020909.585 INFO             PET2       After Realize: - MemInfo: [/proc/self/status]	VmSize:	   80296 kB
20230606 020909.585 INFO             PET2       After Realize: - MemInfo: [/proc/self/status]	VmLck:	       0 kB
20230606 020909.585 INFO             PET2       After Realize: - MemInfo: [/proc/self/status]	VmPin:	       0 kB
20230606 020909.585 INFO             PET2       After Realize: - MemInfo: [/proc/self/status]	VmHWM:	   13852 kB
20230606 020909.585 INFO             PET2       After Realize: - MemInfo: [/proc/self/status]	VmRSS:	   13852 kB
20230606 020909.585 INFO             PET2       After Realize: - MemInfo: [/proc/self/status]	VmData:	    7684 kB
20230606 020909.585 INFO             PET2       After Realize: - MemInfo: [/proc/self/status]	VmStk:	     164 kB
20230606 020909.585 INFO             PET2       After Realize: - MemInfo: [/proc/self/status]	VmExe:	   46680 kB
20230606 020909.585 INFO             PET2       After Realize: - MemInfo: [/proc/self/status]	VmLib:	    2320 kB
20230606 020909.585 INFO             PET2       After Realize: - MemInfo: [/proc/self/status]	VmPTE:	     172 kB
20230606 020909.585 INFO             PET2       After Realize: - MemInfo: [/proc/self/status]	VmSwap:	       0 kB
20230606 020909.585 INFO             PET2       After Realize: - MemInfo: [/proc/self/status]	VmRSSPercent: 0.0210356 %
20230606 020909.585 INFO             PET2       After Realize: - MemInfo: [malloc] Non-mmapped space allocated:                 1370368 Byte
20230606 020909.585 INFO             PET2       After Realize: - MemInfo: [malloc] Space allocated in mmapped regions:          2154496 Byte
20230606 020909.585 INFO             PET2       After Realize: - MemInfo: [malloc] Maximum total allocated space:                     0 Byte
20230606 020909.585 INFO             PET2       After Realize: - MemInfo: [malloc] Space in freed fastbin blocks:                  1040 Byte
20230606 020909.585 INFO             PET2       After Realize: - MemInfo: [malloc] Total allocated space:                       1267424 Byte
20230606 020909.585 INFO             PET2       After Realize: - MemInfo: [malloc] Total free space:                             102944 Byte
20230606 020909.585 INFO             PET2       After Realize: - MemInfo: [malloc] Top-most, releasable space:                   101904 Byte
20230606 020909.585 INFO             PET2       After Realize: - MemInfo: [malloc] Total space in use, mmap + non-mmap:         3421920 Byte
20230606 020909.585 INFO             PET2       After Realize: - MemInfo: [malloc] Total space held (mmap + non-mmap):          3524864 Byte
20230606 020909.585 INFO             PET2       After Realize: - MemInfo: [malloc] Total space used (mmap + non-mmap):          3430240 Byte
20230606 020909.585 INFO             PET2       After Realize: - MemInfo: Wall-clock time since execution start:              0.0970066 seconds
20230606 020909.585 INFO             PET2       <<<MODEL: leaving Initialize (phase=IPDvXp04) without valid internal Clock.
20230606 020909.585 INFO             PET2     MODEL: InitializeIPDvXp04 extro.
20230606 020909.586 INFO             PET2     driver: IInitRealize intro.
20230606 020909.586 INFO             PET2     driver: IInitRealize extro.
20230606 020909.586 INFO             PET2     MODEL: InitializeIPDvXp07 intro.
20230606 020909.586 INFO             PET2       >>>MODEL: entered Initialize (phase=IPDvXp07) without valid internal Clock.
20230606 020909.586 INFO             PET2       <<<MODEL: leaving Initialize (phase=IPDvXp07) with current time:    0  1  1  0  0  0   0
20230606 020909.586 INFO             PET2     MODEL: InitializeIPDvXp07 extro.
20230606 020909.586 INFO             PET2     <<<driver: leaving Initialize (phase=<none>) with current time:    0  1  1  0  0  0   0
20230606 020909.586 INFO             PET2   driver: InitializeIPDv02p3 extro.
20230606 020909.586 INFO             PET2   driver: InitializeIPDv02p5 intro.
20230606 020909.586 INFO             PET2     >>>driver: entered Initialize (phase=<none>) with current time:    0  1  1  0  0  0   0
20230606 020909.586 INFO             PET2     driver: this is a top level driver, no 'Updated' and 'InitializeDataComplete' info on this level.
20230606 020909.586 INFO             PET2     driver: InitializeIPDv02p5Data intro.
20230606 020909.586 INFO             PET2       driver: InternalInitializeComplete intro.
20230606 020909.586 INFO             PET2         driver: InitializeDataComplete='true'
20230606 020909.586 INFO             PET2       driver: InternalInitializeComplete extro.
20230606 020909.586 INFO             PET2       MODEL: InitializeIPDvXp08 intro.
20230606 020909.586 INFO             PET2         >>>MODEL: entered Initialize (phase=IPDv05p8) with current time:    0  1  1  0  0  0   0
20230606 020909.587 INFO             PET2         MODEL: InitializeDataProgress='false', InitializeDataComplete='false'
20230606 020909.587 INFO             PET2         <<<MODEL: leaving Initialize (phase=IPDv05p8) with current time:    0  1  1  0  0  0   0
20230606 020909.587 INFO             PET2       MODEL: InitializeIPDvXp08 extro.
20230606 020909.587 INFO             PET2       driver: components present that trigger loopDataDependentInitialize().
20230606 020909.587 INFO             PET2       driver: loopDataDependentInitialize intro.
20230606 020909.587 INFO             PET2         driver: component    0=driver, dataComplete (local): true
20230606 020909.587 INFO             PET2         driver: component    0=driver, dataComplete (global): T
20230606 020909.587 INFO             PET2         driver: component    1=MODEL, dataComplete (local): false
20230606 020909.587 INFO             PET2         driver: component    1=MODEL, dataComplete (global): F
20230606 020909.587 INFO             PET2         MODEL: InitializeIPDvXp08 intro.
20230606 020909.587 INFO             PET2           >>>MODEL: entered Initialize (phase=IPDv05p8) with current time:    0  1  1  0  0  0   0
20230606 020909.587 INFO             PET2           MODEL: InitializeDataProgress='true', InitializeDataComplete='true'
20230606 020909.588 INFO             PET2           <<<MODEL: leaving Initialize (phase=IPDv05p8) with current time:    0  1  1  0  0  0   0
20230606 020909.588 INFO             PET2         MODEL: InitializeIPDvXp08 extro.
20230606 020909.588 INFO             PET2         driver: component    1=MODEL, someProgress (local): true
20230606 020909.588 INFO             PET2         driver: component    1=MODEL, someProgress (global): T
20230606 020909.588 INFO             PET2         driver: someProgress=T, allComplete=F, present(dataDepAllComplete)=T
20230606 020909.588 INFO             PET2         driver: component    0=driver, dataComplete (local): true
20230606 020909.588 INFO             PET2         driver: component    0=driver, dataComplete (global): T
20230606 020909.588 INFO             PET2         driver: component    1=MODEL, dataComplete (local): true
20230606 020909.588 INFO             PET2         driver: component    1=MODEL, dataComplete (global): T
20230606 020909.588 INFO             PET2         driver: someProgress=F, allComplete=T, present(dataDepAllComplete)=T
20230606 020909.588 INFO             PET2         driver: finished resolving initialize data dependencies on this level.
20230606 020909.588 INFO             PET2       driver: loopDataDependentInitialize extro.
20230606 020909.588 INFO             PET2       driver: loopDataDependentInitialize() returned with dataDepAllComplete: T
20230606 020909.588 INFO             PET2     driver: InitializeIPDv02p5Data extro.
20230606 020909.588 INFO             PET2     <<<driver: leaving Initialize (phase=<none>) with current time:    0  1  1  0  0  0   0
20230606 020909.588 INFO             PET2   driver: InitializeIPDv02p5 extro.
20230606 020909.588 INFO             PET2 driver: InitializeGeneric extro.
20230606 020909.588 INFO             PET2 driver: Run intro.
20230606 020909.588 INFO             PET2   >>>driver entered Run (phase=RunPhase1) with current time:    0  1  1  0  0  0   0
20230606 020909.588 INFO             PET2   driver: after lable_SetRunClock, current time:    0  1  1  0  0  0   0
20230606 020909.588 INFO             PET2   driver: begin -------> RunSequence.
20230606 020909.588 INFO             PET2     driver: RunSequence event loopLevel=   1  levelMember=   1  loopIteration=   1, current time:    0  1  1  0  0  0   0
20230606 020909.588 INFO             PET2     MODEL: Run intro.
20230606 020909.588 INFO             PET2       >>>MODEL: entered Run (phase=RunPhase1) with current time:    0  1  1  0  0  0   0
20230606 020909.588 INFO             PET2       MODEL: time step-loop starting, current time:    0  1  1  0  0  0   0
20230606 020909.589 INFO             PET2       thread_num=   2   currentSsiPe=   1   num_threads=   3   max_threads=   3   num_procs=   2
20230606 020909.589 INFO             PET2       thread_num=   1   currentSsiPe=  37   num_threads=   3   max_threads=   3   num_procs=   2
20230606 020909.589 INFO             PET2       thread_num=   0   currentSsiPe=   1   num_threads=   3   max_threads=   3   num_procs=   2
20230606 020909.589 INFO             PET2       ---->Advancing Model from:    0  1  1  0  0  0   0
20230606 020909.589 INFO             PET2       ---------------------> to:    0  1  1  0  0 30   0
20230606 020909.589 INFO             PET2       MODEL: time step-loop ending,   current time:    0  1  1  0  0 30   0
20230606 020909.589 INFO             PET2       <<<MODEL: leaving Run (phase=RunPhase1) with current time:    0  1  1  0  0 30   0
20230606 020909.589 INFO             PET2     MODEL: Run extro.
20230606 020909.589 INFO             PET2     driver: RunSequence event loopLevel=   1  levelMember=   1  loopIteration=   2, current time:    0  1  1  0  0 30   0
20230606 020909.589 INFO             PET2     MODEL: Run intro.
20230606 020909.589 INFO             PET2       >>>MODEL: entered Run (phase=RunPhase1) with current time:    0  1  1  0  0 30   0
20230606 020909.589 INFO             PET2       MODEL: time step-loop starting, current time:    0  1  1  0  0 30   0
20230606 020909.589 INFO             PET2       thread_num=   0   currentSsiPe=   1   num_threads=   3   max_threads=   3   num_procs=   2
20230606 020909.589 INFO             PET2       thread_num=   1   currentSsiPe=  37   num_threads=   3   max_threads=   3   num_procs=   2
20230606 020909.589 INFO             PET2       thread_num=   2   currentSsiPe=   1   num_threads=   3   max_threads=   3   num_procs=   2
20230606 020909.589 INFO             PET2       ---->Advancing Model from:    0  1  1  0  0 30   0
20230606 020909.589 INFO             PET2       ---------------------> to:    0  1  1  0  1  0   0
20230606 020909.589 INFO             PET2       MODEL: time step-loop ending,   current time:    0  1  1  0  1  0   0
20230606 020909.589 INFO             PET2       <<<MODEL: leaving Run (phase=RunPhase1) with current time:    0  1  1  0  1  0   0
20230606 020909.589 INFO             PET2     MODEL: Run extro.
20230606 020909.589 INFO             PET2     driver: RunSequence event loopLevel=   1  levelMember=   1  loopIteration=   3, current time:    0  1  1  0  1  0   0
20230606 020909.589 INFO             PET2     MODEL: Run intro.
20230606 020909.589 INFO             PET2       >>>MODEL: entered Run (phase=RunPhase1) with current time:    0  1  1  0  1  0   0
20230606 020909.589 INFO             PET2       MODEL: time step-loop starting, current time:    0  1  1  0  1  0   0
20230606 020909.589 INFO             PET2       thread_num=   0   currentSsiPe=  37   num_threads=   3   max_threads=   3   num_procs=   2
20230606 020909.589 INFO             PET2       thread_num=   2   currentSsiPe=   1   num_threads=   3   max_threads=   3   num_procs=   2
20230606 020909.589 INFO             PET2       thread_num=   1   currentSsiPe=  37   num_threads=   3   max_threads=   3   num_procs=   2
20230606 020909.589 INFO             PET2       ---->Advancing Model from:    0  1  1  0  1  0   0
20230606 020909.589 INFO             PET2       ---------------------> to:    0  1  1  0  1 30   0
20230606 020909.589 INFO             PET2       MODEL: time step-loop ending,   current time:    0  1  1  0  1 30   0
20230606 020909.589 INFO             PET2       <<<MODEL: leaving Run (phase=RunPhase1) with current time:    0  1  1  0  1 30   0
20230606 020909.589 INFO             PET2     MODEL: Run extro.
20230606 020909.589 INFO             PET2     driver: RunSequence event loopLevel=   1  levelMember=   1  loopIteration=   4, current time:    0  1  1  0  1 30   0
20230606 020909.589 INFO             PET2     MODEL: Run intro.
20230606 020909.589 INFO             PET2       >>>MODEL: entered Run (phase=RunPhase1) with current time:    0  1  1  0  1 30   0
20230606 020909.589 INFO             PET2       MODEL: time step-loop starting, current time:    0  1  1  0  1 30   0
20230606 020909.590 INFO             PET2       thread_num=   0   currentSsiPe=   1   num_threads=   3   max_threads=   3   num_procs=   2
20230606 020909.590 INFO             PET2       thread_num=   1   currentSsiPe=  37   num_threads=   3   max_threads=   3   num_procs=   2
20230606 020909.590 INFO             PET2       thread_num=   2   currentSsiPe=   1   num_threads=   3   max_threads=   3   num_procs=   2
20230606 020909.590 INFO             PET2       ---->Advancing Model from:    0  1  1  0  1 30   0
20230606 020909.590 INFO             PET2       ---------------------> to:    0  1  1  0  2  0   0
20230606 020909.590 INFO             PET2       MODEL: time step-loop ending,   current time:    0  1  1  0  2  0   0
20230606 020909.590 INFO             PET2       <<<MODEL: leaving Run (phase=RunPhase1) with current time:    0  1  1  0  2  0   0
20230606 020909.590 INFO             PET2     MODEL: Run extro.
20230606 020909.590 INFO             PET2     driver: RunSequence event loopLevel=   1  levelMember=   1  loopIteration=   5, current time:    0  1  1  0  2  0   0
20230606 020909.590 INFO             PET2     MODEL: Run intro.
20230606 020909.590 INFO             PET2       >>>MODEL: entered Run (phase=RunPhase1) with current time:    0  1  1  0  2  0   0
20230606 020909.590 INFO             PET2       MODEL: time step-loop starting, current time:    0  1  1  0  2  0   0
20230606 020909.590 INFO             PET2       thread_num=   0   currentSsiPe=  37   num_threads=   3   max_threads=   3   num_procs=   2
20230606 020909.590 INFO             PET2       thread_num=   2   currentSsiPe=   1   num_threads=   3   max_threads=   3   num_procs=   2
20230606 020909.590 INFO             PET2       thread_num=   1   currentSsiPe=  37   num_threads=   3   max_threads=   3   num_procs=   2
20230606 020909.590 INFO             PET2       ---->Advancing Model from:    0  1  1  0  2  0   0
20230606 020909.590 INFO             PET2       ---------------------> to:    0  1  1  0  2 30   0
20230606 020909.590 INFO             PET2       MODEL: time step-loop ending,   current time:    0  1  1  0  2 30   0
20230606 020909.590 INFO             PET2       <<<MODEL: leaving Run (phase=RunPhase1) with current time:    0  1  1  0  2 30   0
20230606 020909.590 INFO             PET2     MODEL: Run extro.
20230606 020909.590 INFO             PET2   driver: end <--------- RunSequence
20230606 020909.590 INFO             PET2   <<<driver - leaving Run with current time:    0  1  1  0  2 30   0
20230606 020909.590 INFO             PET2 driver: Run extro.
20230606 020909.590 INFO             PET2 driver: Finalize intro.
20230606 020909.590 INFO             PET2   Calling Finalize phase 1 for modelComp: MODEL
20230606 020909.590 INFO             PET2   MODEL: Finalize intro.
20230606 020909.590 INFO             PET2     >>>MODEL: entered Finalize (phase=FinalizePhase1) with current time:    0  1  1  0  2 30   0
20230606 020909.590 INFO             PET2     <<<MODEL: leaving Finalize (phase=FinalizePhase1) with current time:    0  1  1  0  2 30   0
20230606 020909.590 INFO             PET2   MODEL: Finalize extro.
20230606 020909.590 INFO             PET2   Delete modelComp: MODEL
20230606 020909.590 INFO             PET2   Delete Import-/Export State for modelComp: MODEL
20230606 020909.590 INFO             PET2 driver: Finalize extro.
20230606 020909.590 INFO             PET2 mainApp FINISHED
20230606 020909.590 INFO             PET2 Finalizing ESMF
20230606 020909.493 INFO             PET3 !!!!!!!!!!!!!!!!!!!!!!!!!!!!!!!!!!!!!!!!!!!!!!!!!!!!!!
20230606 020909.493 INFO             PET3 !!! THE ESMF_LOG IS SET TO OUTPUT ALL LOG MESSAGES !!!
20230606 020909.493 INFO             PET3 !!!     THIS MAY CAUSE SLOWDOWN IN PERFORMANCE     !!!
20230606 020909.493 INFO             PET3 !!! FOR PRODUCTION RUNS, USE:                      !!!
20230606 020909.493 INFO             PET3 !!!                   ESMF_LOGKIND_Multi_On_Error  !!!
20230606 020909.493 INFO             PET3 !!!!!!!!!!!!!!!!!!!!!!!!!!!!!!!!!!!!!!!!!!!!!!!!!!!!!!
20230606 020909.493 INFO             PET3 Running with ESMF Version   : 8.5.0 beta snapshot
20230606 020909.493 INFO             PET3 ESMF library build date/time: "Jun  6 2023" "00:29:31"
20230606 020909.493 INFO             PET3 ESMF library build location : /lustre/f2/dev/Mark.Potts/esmf-test/gfortran_12.1.0_mpi_g_develop/esmf
20230606 020909.493 INFO             PET3 ESMF_COMM                   : mpi
20230606 020909.494 INFO             PET3 ESMF_MOAB                   : enabled
20230606 020909.494 INFO             PET3 ESMF_LAPACK                 : enabled
20230606 020909.494 INFO             PET3 ESMF_NETCDF                 : enabled
20230606 020909.494 INFO             PET3 ESMF_PNETCDF                : disabled
20230606 020909.494 INFO             PET3 ESMF_PIO                    : enabled
20230606 020909.494 INFO             PET3 ESMF_YAMLCPP                : enabled
20230606 020909.506 INFO             PET3 mainApp STARTING
20230606 020909.575 INFO             PET3 driver: InitializeGeneric intro.
20230606 020909.575 INFO             PET3   driver: InitializeP0 intro.
20230606 020909.575 INFO             PET3   driver: InitializeP0 extro.
20230606 020909.575 INFO             PET3   driver: InitializeIPDv02p1 intro.
20230606 020909.575 INFO             PET3     >>>driver: entered Initialize (phase=<none>) without valid internal Clock.
20230606 020909.577 INFO             PET3     driver - Creating model component MODEL without petList.
20230606 020909.578 INFO             PET3      GridCompIsPetLocal:  T
20230606 020909.578 INFO             PET3      VmIsCreated:  T
20230606 020909.578 INFO             PET3      valid MPI_COMM with size=           4
20230606 020909.578 INFO             PET3     driver - Creating state: modelComp 1 Import State
20230606 020909.578 INFO             PET3     driver - Creating state: modelComp 1 Export State
20230606 020909.579 INFO             PET3     MODEL: InitializeP0 intro.
20230606 020909.579 INFO             PET3       >>>MODEL: entered Initialize (phase=<none>) without valid internal Clock.
20230606 020909.579 INFO             PET3       <<<MODEL: leaving Initialize (phase=<none>) without valid internal Clock.
20230606 020909.579 INFO             PET3     MODEL: InitializeP0 extro.
20230606 020909.580 INFO             PET3     driver: IInitAdvertise intro.
20230606 020909.580 INFO             PET3     driver: IInitAdvertise extro.
20230606 020909.581 INFO             PET3     MODEL: InitializeIPDvXp01 intro.
20230606 020909.581 INFO             PET3       >>>MODEL: entered Initialize (phase=IPDvXp01) without valid internal Clock.
20230606 020909.582 INFO             PET3       <<<MODEL: leaving Initialize (phase=IPDvXp01) without valid internal Clock.
20230606 020909.582 INFO             PET3     MODEL: InitializeIPDvXp01 extro.
20230606 020909.582 INFO             PET3     driver: IInitAdvertiseFinish intro.
20230606 020909.582 INFO             PET3     driver: IInitAdvertiseFinish extro.
20230606 020909.582 INFO             PET3     driver: IInitModifyCplLists intro.
20230606 020909.582 INFO             PET3     driver: IInitModifyCplLists extro.
20230606 020909.582 INFO             PET3     <<<driver: leaving Initialize (phase=<none>) with current time:    0  1  1  0  0  0   0
20230606 020909.582 INFO             PET3   driver: InitializeIPDv02p1 extro.
20230606 020909.583 INFO             PET3   driver: InitializeIPDv02p3 intro.
20230606 020909.583 INFO             PET3     >>>driver: entered Initialize (phase=<none>) with current time:    0  1  1  0  0  0   0
20230606 020909.583 INFO             PET3     driver: IInitCheck intro.
20230606 020909.583 INFO             PET3     driver: IInitCheck extro.
20230606 020909.583 INFO             PET3     MODEL: InitializeIPDvXp04 intro.
20230606 020909.583 INFO             PET3       >>>MODEL: entered Initialize (phase=IPDvXp04) without valid internal Clock.
20230606 020909.585 INFO             PET3       After Realize: - MemInfo: [/proc/meminfo - SSI]	MemTotal:       65850372 kB
20230606 020909.585 INFO             PET3       After Realize: - MemInfo: [/proc/meminfo - SSI]	MemFree:        57692452 kB
20230606 020909.585 INFO             PET3       After Realize: - MemInfo: [/proc/meminfo - SSI]	MemAvailable:   58119508 kB
20230606 020909.585 INFO             PET3       After Realize: - MemInfo: [/proc/meminfo - SSI]	Committed_AS:    4370000 kB
20230606 020909.585 INFO             PET3       After Realize: - MemInfo: [/proc/meminfo - SSI]	CommittedPercent: 6.63626 %
20230606 020909.585 INFO             PET3       After Realize: - MemInfo: [/proc/self/status]	VmPeak:	   80296 kB
20230606 020909.585 INFO             PET3       After Realize: - MemInfo: [/proc/self/status]	VmSize:	   80296 kB
20230606 020909.585 INFO             PET3       After Realize: - MemInfo: [/proc/self/status]	VmLck:	       0 kB
20230606 020909.585 INFO             PET3       After Realize: - MemInfo: [/proc/self/status]	VmPin:	       0 kB
20230606 020909.585 INFO             PET3       After Realize: - MemInfo: [/proc/self/status]	VmHWM:	   13852 kB
20230606 020909.585 INFO             PET3       After Realize: - MemInfo: [/proc/self/status]	VmRSS:	   13852 kB
20230606 020909.585 INFO             PET3       After Realize: - MemInfo: [/proc/self/status]	VmData:	    7684 kB
20230606 020909.585 INFO             PET3       After Realize: - MemInfo: [/proc/self/status]	VmStk:	     164 kB
20230606 020909.585 INFO             PET3       After Realize: - MemInfo: [/proc/self/status]	VmExe:	   46680 kB
20230606 020909.585 INFO             PET3       After Realize: - MemInfo: [/proc/self/status]	VmLib:	    2320 kB
20230606 020909.585 INFO             PET3       After Realize: - MemInfo: [/proc/self/status]	VmPTE:	     168 kB
20230606 020909.585 INFO             PET3       After Realize: - MemInfo: [/proc/self/status]	VmSwap:	       0 kB
20230606 020909.585 INFO             PET3       After Realize: - MemInfo: [/proc/self/status]	VmRSSPercent: 0.0210356 %
20230606 020909.585 INFO             PET3       After Realize: - MemInfo: [malloc] Non-mmapped space allocated:                 1370368 Byte
20230606 020909.585 INFO             PET3       After Realize: - MemInfo: [malloc] Space allocated in mmapped regions:          2154496 Byte
20230606 020909.585 INFO             PET3       After Realize: - MemInfo: [malloc] Maximum total allocated space:                     0 Byte
20230606 020909.585 INFO             PET3       After Realize: - MemInfo: [malloc] Space in freed fastbin blocks:                  1040 Byte
20230606 020909.585 INFO             PET3       After Realize: - MemInfo: [malloc] Total allocated space:                       1267136 Byte
20230606 020909.585 INFO             PET3       After Realize: - MemInfo: [malloc] Total free space:                             103232 Byte
20230606 020909.585 INFO             PET3       After Realize: - MemInfo: [malloc] Top-most, releasable space:                   102192 Byte
20230606 020909.585 INFO             PET3       After Realize: - MemInfo: [malloc] Total space in use, mmap + non-mmap:         3421632 Byte
20230606 020909.585 INFO             PET3       After Realize: - MemInfo: [malloc] Total space held (mmap + non-mmap):          3524864 Byte
20230606 020909.585 INFO             PET3       After Realize: - MemInfo: [malloc] Total space used (mmap + non-mmap):          3429952 Byte
20230606 020909.585 INFO             PET3       After Realize: - MemInfo: Wall-clock time since execution start:              0.0969865 seconds
20230606 020909.585 INFO             PET3       <<<MODEL: leaving Initialize (phase=IPDvXp04) without valid internal Clock.
20230606 020909.585 INFO             PET3     MODEL: InitializeIPDvXp04 extro.
20230606 020909.586 INFO             PET3     driver: IInitRealize intro.
20230606 020909.586 INFO             PET3     driver: IInitRealize extro.
20230606 020909.586 INFO             PET3     MODEL: InitializeIPDvXp07 intro.
20230606 020909.586 INFO             PET3       >>>MODEL: entered Initialize (phase=IPDvXp07) without valid internal Clock.
20230606 020909.586 INFO             PET3       <<<MODEL: leaving Initialize (phase=IPDvXp07) with current time:    0  1  1  0  0  0   0
20230606 020909.586 INFO             PET3     MODEL: InitializeIPDvXp07 extro.
20230606 020909.586 INFO             PET3     <<<driver: leaving Initialize (phase=<none>) with current time:    0  1  1  0  0  0   0
20230606 020909.586 INFO             PET3   driver: InitializeIPDv02p3 extro.
20230606 020909.586 INFO             PET3   driver: InitializeIPDv02p5 intro.
20230606 020909.586 INFO             PET3     >>>driver: entered Initialize (phase=<none>) with current time:    0  1  1  0  0  0   0
20230606 020909.586 INFO             PET3     driver: this is a top level driver, no 'Updated' and 'InitializeDataComplete' info on this level.
20230606 020909.586 INFO             PET3     driver: InitializeIPDv02p5Data intro.
20230606 020909.586 INFO             PET3       driver: InternalInitializeComplete intro.
20230606 020909.586 INFO             PET3         driver: InitializeDataComplete='true'
20230606 020909.586 INFO             PET3       driver: InternalInitializeComplete extro.
20230606 020909.587 INFO             PET3       MODEL: InitializeIPDvXp08 intro.
20230606 020909.587 INFO             PET3         >>>MODEL: entered Initialize (phase=IPDv05p8) with current time:    0  1  1  0  0  0   0
20230606 020909.587 INFO             PET3         MODEL: InitializeDataProgress='false', InitializeDataComplete='false'
20230606 020909.587 INFO             PET3         <<<MODEL: leaving Initialize (phase=IPDv05p8) with current time:    0  1  1  0  0  0   0
20230606 020909.587 INFO             PET3       MODEL: InitializeIPDvXp08 extro.
20230606 020909.587 INFO             PET3       driver: components present that trigger loopDataDependentInitialize().
20230606 020909.587 INFO             PET3       driver: loopDataDependentInitialize intro.
20230606 020909.587 INFO             PET3         driver: component    0=driver, dataComplete (local): true
20230606 020909.587 INFO             PET3         driver: component    0=driver, dataComplete (global): T
20230606 020909.587 INFO             PET3         driver: component    1=MODEL, dataComplete (local): false
20230606 020909.587 INFO             PET3         driver: component    1=MODEL, dataComplete (global): F
20230606 020909.587 INFO             PET3         MODEL: InitializeIPDvXp08 intro.
20230606 020909.587 INFO             PET3           >>>MODEL: entered Initialize (phase=IPDv05p8) with current time:    0  1  1  0  0  0   0
20230606 020909.587 INFO             PET3           MODEL: InitializeDataProgress='true', InitializeDataComplete='true'
20230606 020909.588 INFO             PET3           <<<MODEL: leaving Initialize (phase=IPDv05p8) with current time:    0  1  1  0  0  0   0
20230606 020909.588 INFO             PET3         MODEL: InitializeIPDvXp08 extro.
20230606 020909.588 INFO             PET3         driver: component    1=MODEL, someProgress (local): true
20230606 020909.588 INFO             PET3         driver: component    1=MODEL, someProgress (global): T
20230606 020909.588 INFO             PET3         driver: someProgress=T, allComplete=F, present(dataDepAllComplete)=T
20230606 020909.588 INFO             PET3         driver: component    0=driver, dataComplete (local): true
20230606 020909.588 INFO             PET3         driver: component    0=driver, dataComplete (global): T
20230606 020909.588 INFO             PET3         driver: component    1=MODEL, dataComplete (local): true
20230606 020909.588 INFO             PET3         driver: component    1=MODEL, dataComplete (global): T
20230606 020909.588 INFO             PET3         driver: someProgress=F, allComplete=T, present(dataDepAllComplete)=T
20230606 020909.588 INFO             PET3         driver: finished resolving initialize data dependencies on this level.
20230606 020909.588 INFO             PET3       driver: loopDataDependentInitialize extro.
20230606 020909.588 INFO             PET3       driver: loopDataDependentInitialize() returned with dataDepAllComplete: T
20230606 020909.588 INFO             PET3     driver: InitializeIPDv02p5Data extro.
20230606 020909.588 INFO             PET3     <<<driver: leaving Initialize (phase=<none>) with current time:    0  1  1  0  0  0   0
20230606 020909.588 INFO             PET3   driver: InitializeIPDv02p5 extro.
20230606 020909.588 INFO             PET3 driver: InitializeGeneric extro.
20230606 020909.588 INFO             PET3 driver: Run intro.
20230606 020909.588 INFO             PET3   >>>driver entered Run (phase=RunPhase1) with current time:    0  1  1  0  0  0   0
20230606 020909.588 INFO             PET3   driver: after lable_SetRunClock, current time:    0  1  1  0  0  0   0
20230606 020909.588 INFO             PET3   driver: begin -------> RunSequence.
20230606 020909.588 INFO             PET3     driver: RunSequence event loopLevel=   1  levelMember=   1  loopIteration=   1, current time:    0  1  1  0  0  0   0
20230606 020909.588 INFO             PET3     MODEL: Run intro.
20230606 020909.588 INFO             PET3       >>>MODEL: entered Run (phase=RunPhase1) with current time:    0  1  1  0  0  0   0
20230606 020909.588 INFO             PET3       MODEL: time step-loop starting, current time:    0  1  1  0  0  0   0
20230606 020909.589 INFO             PET3       thread_num=   0   currentSsiPe=  19   num_threads=   3   max_threads=   3   num_procs=   2
20230606 020909.589 INFO             PET3       thread_num=   1   currentSsiPe=  55   num_threads=   3   max_threads=   3   num_procs=   2
20230606 020909.589 INFO             PET3       thread_num=   2   currentSsiPe=  19   num_threads=   3   max_threads=   3   num_procs=   2
20230606 020909.589 INFO             PET3       ---->Advancing Model from:    0  1  1  0  0  0   0
20230606 020909.589 INFO             PET3       ---------------------> to:    0  1  1  0  0 30   0
20230606 020909.589 INFO             PET3       MODEL: time step-loop ending,   current time:    0  1  1  0  0 30   0
20230606 020909.589 INFO             PET3       <<<MODEL: leaving Run (phase=RunPhase1) with current time:    0  1  1  0  0 30   0
20230606 020909.589 INFO             PET3     MODEL: Run extro.
20230606 020909.589 INFO             PET3     driver: RunSequence event loopLevel=   1  levelMember=   1  loopIteration=   2, current time:    0  1  1  0  0 30   0
20230606 020909.589 INFO             PET3     MODEL: Run intro.
20230606 020909.589 INFO             PET3       >>>MODEL: entered Run (phase=RunPhase1) with current time:    0  1  1  0  0 30   0
20230606 020909.589 INFO             PET3       MODEL: time step-loop starting, current time:    0  1  1  0  0 30   0
20230606 020909.589 INFO             PET3       thread_num=   0   currentSsiPe=  55   num_threads=   3   max_threads=   3   num_procs=   2
20230606 020909.589 INFO             PET3       thread_num=   1   currentSsiPe=  19   num_threads=   3   max_threads=   3   num_procs=   2
20230606 020909.589 INFO             PET3       thread_num=   2   currentSsiPe=  55   num_threads=   3   max_threads=   3   num_procs=   2
20230606 020909.589 INFO             PET3       ---->Advancing Model from:    0  1  1  0  0 30   0
20230606 020909.589 INFO             PET3       ---------------------> to:    0  1  1  0  1  0   0
20230606 020909.589 INFO             PET3       MODEL: time step-loop ending,   current time:    0  1  1  0  1  0   0
20230606 020909.589 INFO             PET3       <<<MODEL: leaving Run (phase=RunPhase1) with current time:    0  1  1  0  1  0   0
20230606 020909.589 INFO             PET3     MODEL: Run extro.
20230606 020909.589 INFO             PET3     driver: RunSequence event loopLevel=   1  levelMember=   1  loopIteration=   3, current time:    0  1  1  0  1  0   0
20230606 020909.589 INFO             PET3     MODEL: Run intro.
20230606 020909.589 INFO             PET3       >>>MODEL: entered Run (phase=RunPhase1) with current time:    0  1  1  0  1  0   0
20230606 020909.589 INFO             PET3       MODEL: time step-loop starting, current time:    0  1  1  0  1  0   0
20230606 020909.589 INFO             PET3       thread_num=   1   currentSsiPe=  19   num_threads=   3   max_threads=   3   num_procs=   2
20230606 020909.589 INFO             PET3       thread_num=   2   currentSsiPe=  55   num_threads=   3   max_threads=   3   num_procs=   2
20230606 020909.589 INFO             PET3       thread_num=   0   currentSsiPe=  19   num_threads=   3   max_threads=   3   num_procs=   2
20230606 020909.589 INFO             PET3       ---->Advancing Model from:    0  1  1  0  1  0   0
20230606 020909.589 INFO             PET3       ---------------------> to:    0  1  1  0  1 30   0
20230606 020909.589 INFO             PET3       MODEL: time step-loop ending,   current time:    0  1  1  0  1 30   0
20230606 020909.589 INFO             PET3       <<<MODEL: leaving Run (phase=RunPhase1) with current time:    0  1  1  0  1 30   0
20230606 020909.589 INFO             PET3     MODEL: Run extro.
20230606 020909.589 INFO             PET3     driver: RunSequence event loopLevel=   1  levelMember=   1  loopIteration=   4, current time:    0  1  1  0  1 30   0
20230606 020909.590 INFO             PET3     MODEL: Run intro.
20230606 020909.590 INFO             PET3       >>>MODEL: entered Run (phase=RunPhase1) with current time:    0  1  1  0  1 30   0
20230606 020909.590 INFO             PET3       MODEL: time step-loop starting, current time:    0  1  1  0  1 30   0
20230606 020909.590 INFO             PET3       thread_num=   0   currentSsiPe=  19   num_threads=   3   max_threads=   3   num_procs=   2
20230606 020909.590 INFO             PET3       thread_num=   1   currentSsiPe=  55   num_threads=   3   max_threads=   3   num_procs=   2
20230606 020909.590 INFO             PET3       thread_num=   2   currentSsiPe=  19   num_threads=   3   max_threads=   3   num_procs=   2
20230606 020909.590 INFO             PET3       ---->Advancing Model from:    0  1  1  0  1 30   0
20230606 020909.590 INFO             PET3       ---------------------> to:    0  1  1  0  2  0   0
20230606 020909.590 INFO             PET3       MODEL: time step-loop ending,   current time:    0  1  1  0  2  0   0
20230606 020909.590 INFO             PET3       <<<MODEL: leaving Run (phase=RunPhase1) with current time:    0  1  1  0  2  0   0
20230606 020909.590 INFO             PET3     MODEL: Run extro.
20230606 020909.590 INFO             PET3     driver: RunSequence event loopLevel=   1  levelMember=   1  loopIteration=   5, current time:    0  1  1  0  2  0   0
20230606 020909.590 INFO             PET3     MODEL: Run intro.
20230606 020909.590 INFO             PET3       >>>MODEL: entered Run (phase=RunPhase1) with current time:    0  1  1  0  2  0   0
20230606 020909.590 INFO             PET3       MODEL: time step-loop starting, current time:    0  1  1  0  2  0   0
20230606 020909.590 INFO             PET3       thread_num=   0   currentSsiPe=  55   num_threads=   3   max_threads=   3   num_procs=   2
20230606 020909.590 INFO             PET3       thread_num=   2   currentSsiPe=  19   num_threads=   3   max_threads=   3   num_procs=   2
20230606 020909.590 INFO             PET3       thread_num=   1   currentSsiPe=  55   num_threads=   3   max_threads=   3   num_procs=   2
20230606 020909.590 INFO             PET3       ---->Advancing Model from:    0  1  1  0  2  0   0
20230606 020909.590 INFO             PET3       ---------------------> to:    0  1  1  0  2 30   0
20230606 020909.590 INFO             PET3       MODEL: time step-loop ending,   current time:    0  1  1  0  2 30   0
20230606 020909.590 INFO             PET3       <<<MODEL: leaving Run (phase=RunPhase1) with current time:    0  1  1  0  2 30   0
20230606 020909.590 INFO             PET3     MODEL: Run extro.
20230606 020909.590 INFO             PET3   driver: end <--------- RunSequence
20230606 020909.590 INFO             PET3   <<<driver - leaving Run with current time:    0  1  1  0  2 30   0
20230606 020909.590 INFO             PET3 driver: Run extro.
20230606 020909.590 INFO             PET3 driver: Finalize intro.
20230606 020909.590 INFO             PET3   Calling Finalize phase 1 for modelComp: MODEL
20230606 020909.590 INFO             PET3   MODEL: Finalize intro.
20230606 020909.590 INFO             PET3     >>>MODEL: entered Finalize (phase=FinalizePhase1) with current time:    0  1  1  0  2 30   0
20230606 020909.590 INFO             PET3     <<<MODEL: leaving Finalize (phase=FinalizePhase1) with current time:    0  1  1  0  2 30   0
20230606 020909.590 INFO             PET3   MODEL: Finalize extro.
20230606 020909.590 INFO             PET3   Delete modelComp: MODEL
20230606 020909.590 INFO             PET3   Delete Import-/Export State for modelComp: MODEL
20230606 020909.590 INFO             PET3 driver: Finalize extro.
20230606 020909.590 INFO             PET3 mainApp FINISHED
20230606 020909.590 INFO             PET3 Finalizing ESMF
