2023-05-12 03:08:24
[Orion-02-24:165806:0:165806] Caught signal 11 (Segmentation fault: address not mapped to object at address 0x4f1b591)
[Orion-02-24:165808:0:165808] Caught signal 11 (Segmentation fault: address not mapped to object at address 0x4f1b591)
[Orion-02-24:165809:0:165809] Caught signal 11 (Segmentation fault: address not mapped to object at address 0x4f1b591)
[Orion-02-24:165807:0:165807] Caught signal 11 (Segmentation fault: address not mapped to object at address 0x4f1b591)

/work/noaa/da/mpotts/sandbox/pgi_2019_openmpi_g_feature_fill_nan/esmf/src/Infrastructure/LogErr/src/ESMCI_LogErr.C: [ ESMCI::LogErr::MsgFoundError() ]
      ...

/work/noaa/da/mpotts/sandbox/pgi_2019_openmpi_g_feature_fill_nan/esmf/src/Infrastructure/LogErr/src/ESMCI_LogErr.C: [ ESMCI::LogErr::MsgFoundError() ]
      ...
      583 {
      584     bool result=false;
      585 #ifdef ESMC_SUCCESSDEFAULT_ON
==>   586     if (rcToReturn != ESMC_NULL_POINTER) *rcToReturn=ESMF_SUCCESS;
      587 #endif
      588     if (trace) {
      583 {
      584     bool result=false;
      585 #ifdef ESMC_SUCCESSDEFAULT_ON
==>   586     if (rcToReturn != ESMC_NULL_POINTER) *rcToReturn=ESMF_SUCCESS;
      587 #endif
      588     if (trace) {
      589         Write(ESMC_METHOD,ESMC_LOGMSG_TRACE,
      589         Write(ESMC_METHOD,ESMC_LOGMSG_TRACE,



/work/noaa/da/mpotts/sandbox/pgi_2019_openmpi_g_feature_fill_nan/esmf/src/Infrastructure/LogErr/src/ESMCI_LogErr.C: [ ESMCI::LogErr::MsgFoundError() ]
      ...

/work/noaa/da/mpotts/sandbox/pgi_2019_openmpi_g_feature_fill_nan/esmf/src/Infrastructure/LogErr/src/ESMCI_LogErr.C: [ ESMCI::LogErr::MsgFoundError() ]
      ...
      583 {
      584     bool result=false;
      585 #ifdef ESMC_SUCCESSDEFAULT_ON
==>   586     if (rcToReturn != ESMC_NULL_POINTER) *rcToReturn=ESMF_SUCCESS;
      587 #endif
      588     if (trace) {
      589         Write(ESMC_METHOD,ESMC_LOGMSG_TRACE,
      583 {
      584     bool result=false;
      585 #ifdef ESMC_SUCCESSDEFAULT_ON
==>   586     if (rcToReturn != ESMC_NULL_POINTER) *rcToReturn=ESMF_SUCCESS;
      587 #endif
      588     if (trace) {
      589         Write(ESMC_METHOD,ESMC_LOGMSG_TRACE,


==== backtrace (tid: 165809) ====
 0 0x000000000121d5f4 ESMCI::LogErr::MsgFoundError()  /work/noaa/da/mpotts/sandbox/pgi_2019_openmpi_g_feature_fill_nan/esmf/src/Infrastructure/LogErr/src/ESMCI_LogErr.C:586
 1 0x0000000001401d21 ESMCI::MeshCap::meshcreatenodedistgrid()  /work/noaa/da/mpotts/sandbox/pgi_2019_openmpi_g_feature_fill_nan/esmf/src/Infrastructure/Mesh/src/ESMCI_MeshCap.C:1754
 2 0x00000000014478b7 c_esmc_meshcreatenodedistgrid_()  /work/noaa/da/mpotts/sandbox/pgi_2019_openmpi_g_feature_fill_nan/esmf/src/Infrastructure/Mesh/interface/ESMCI_Mesh_F.C:247
 3 0x0000000002120c58 esmf_meshmod_esmf_meshcreatefrompointer_()  /work/noaa/da/mpotts/sandbox/pgi_2019_openmpi_g_feature_fill_nan/esmf/src/Infrastructure/Mesh/interface/ESMF_Mesh.F90:3091
 4 0x0000000001f4ec30 esmf_gridutilmod_esmf_gridtomesh_()  /work/noaa/da/mpotts/sandbox/pgi_2019_openmpi_g_feature_fill_nan/esmf/src/Infrastructure/GridUtil/interface/ESMF_GridUtil.F90:453
 5 0x0000000001df40db esmf_fieldregridmod_b_or_p_gridtomesh_()  /work/noaa/da/mpotts/sandbox/pgi_2019_openmpi_g_feature_fill_nan/esmf/src/Infrastructure/Field/src/ESMF_FieldRegrid.F90:3228
 6 0x0000000001def3f1 esmf_fieldregridmod_getmeshwithnodesonfieldloc_()  /work/noaa/da/mpotts/sandbox/pgi_2019_openmpi_g_feature_fill_nan/esmf/src/Infrastructure/Field/src/ESMF_FieldRegrid.F90:1346
 7 0x0000000001decd04 esmf_fieldregridmod_esmf_fieldregridstorenx_()  /work/noaa/da/mpotts/sandbox/pgi_2019_openmpi_g_feature_fill_nan/esmf/src/Infrastructure/Field/src/ESMF_FieldRegrid.F90:971
 8 0x00000000004086c0 MAIN_()  /work/noaa/da/mpotts/sandbox/pgi_2019_openmpi_g_feature_fill_nan/esmf/src/Infrastructure/Route/examples/ESMF_RHandleDynamicMaskingEx.F90:350
 9 0x0000000000406583 main()  ???:0
10 0x0000000000022495 __libc_start_main()  ???:0
11 0x0000000000406489 _start()  ???:0
=================================
==== backtrace (tid: 165807) ====
 0 0x000000000121d5f4 ESMCI::LogErr::MsgFoundError()  /work/noaa/da/mpotts/sandbox/pgi_2019_openmpi_g_feature_fill_nan/esmf/src/Infrastructure/LogErr/src/ESMCI_LogErr.C:586
 1 0x0000000001401d21 ESMCI::MeshCap::meshcreatenodedistgrid()  /work/noaa/da/mpotts/sandbox/pgi_2019_openmpi_g_feature_fill_nan/esmf/src/Infrastructure/Mesh/src/ESMCI_MeshCap.C:1754
 2 0x00000000014478b7 c_esmc_meshcreatenodedistgrid_()  /work/noaa/da/mpotts/sandbox/pgi_2019_openmpi_g_feature_fill_nan/esmf/src/Infrastructure/Mesh/interface/ESMCI_Mesh_F.C:247
 3 0x0000000002120c58 esmf_meshmod_esmf_meshcreatefrompointer_()  /work/noaa/da/mpotts/sandbox/pgi_2019_openmpi_g_feature_fill_nan/esmf/src/Infrastructure/Mesh/interface/ESMF_Mesh.F90:3091
 4 0x0000000001f4ec30 esmf_gridutilmod_esmf_gridtomesh_()  /work/noaa/da/mpotts/sandbox/pgi_2019_openmpi_g_feature_fill_nan/esmf/src/Infrastructure/GridUtil/interface/ESMF_GridUtil.F90:453
 5 0x0000000001df40db esmf_fieldregridmod_b_or_p_gridtomesh_()  /work/noaa/da/mpotts/sandbox/pgi_2019_openmpi_g_feature_fill_nan/esmf/src/Infrastructure/Field/src/ESMF_FieldRegrid.F90:3228
 6 0x0000000001def3f1 esmf_fieldregridmod_getmeshwithnodesonfieldloc_()  /work/noaa/da/mpotts/sandbox/pgi_2019_openmpi_g_feature_fill_nan/esmf/src/Infrastructure/Field/src/ESMF_FieldRegrid.F90:1346
 7 0x0000000001decd04 esmf_fieldregridmod_esmf_fieldregridstorenx_()  /work/noaa/da/mpotts/sandbox/pgi_2019_openmpi_g_feature_fill_nan/esmf/src/Infrastructure/Field/src/ESMF_FieldRegrid.F90:971
 8 0x00000000004086c0 MAIN_()  /work/noaa/da/mpotts/sandbox/pgi_2019_openmpi_g_feature_fill_nan/esmf/src/Infrastructure/Route/examples/ESMF_RHandleDynamicMaskingEx.F90:350
 9 0x0000000000406583 main()  ???:0
10 0x0000000000022495 __libc_start_main()  ???:0
11 0x0000000000406489 _start()  ???:0
=================================
[Orion-02-24:165807] *** Process received signal ***
[Orion-02-24:165807] Signal: Segmentation fault (11)
[Orion-02-24:165807] Signal code:  (-6)
[Orion-02-24:165807] Failing at address: 0x20e5000287af
[Orion-02-24:165807] [ 0] /lib64/libpthread.so.0(+0xf5d0)[0x7efd789f55d0]
[Orion-02-24:165807] [ 1] /work/noaa/da/mpotts/sandbox/pgi_2019_openmpi_g_feature_fill_nan/esmf/lib/libg/Linux.pgi.64.openmpi.default/libesmf.so(_ZN5ESMCI6LogErr13MsgFoundErrorEiPKciS2_S2_Pi+0x34)[0x7efd75d3e5f4]
[Orion-02-24:165809] *** Process received signal ***
[Orion-02-24:165807] [ 2] /work/noaa/da/mpotts/sandbox/pgi_2019_openmpi_g_feature_fill_nan/esmf/lib/libg/Linux.pgi.64.openmpi.default/libesmf.so(_ZN5ESMCI7MeshCap22meshcreatenodedistgridEPi+0x81)[0x7efd75f22d21]
[Orion-02-24:165809] Signal: Segmentation fault (11)
[Orion-02-24:165809] Signal code:  (-6)
[Orion-02-24:165809] Failing at address: 0x20e5000287b1
[Orion-02-24:165809] [ 0] /lib64/libpthread.so.0(+0xf5d0)[0x7f13493e15d0]
[Orion-02-24:165807] [ 3] /work/noaa/da/mpotts/sandbox/pgi_2019_openmpi_g_feature_fill_nan/esmf/lib/libg/Linux.pgi.64.openmpi.default/libesmf.so(c_esmc_meshcreatenodedistgrid_+0x177)[0x7efd75f688b7]
[Orion-02-24:165809] [ 1] /work/noaa/da/mpotts/sandbox/pgi_2019_openmpi_g_feature_fill_nan/esmf/lib/libg/Linux.pgi.64.openmpi.default/libesmf.so(_ZN5ESMCI6LogErr13MsgFoundErrorEiPKciS2_S2_Pi+0x34)[0x7f134672a5f4]
[Orion-02-24:165807] [ 4] /work/noaa/da/mpotts/sandbox/pgi_2019_openmpi_g_feature_fill_nan/esmf/lib/libg/Linux.pgi.64.openmpi.default/libesmf.so(esmf_meshmod_esmf_meshcreatefrompointer_+0x78)[0x7efd76c41c58]
[Orion-02-24:165809] [ 2] /work/noaa/da/mpotts/sandbox/pgi_2019_openmpi_g_feature_fill_nan/esmf/lib/libg/Linux.pgi.64.openmpi.default/libesmf.so(_ZN5ESMCI7MeshCap22meshcreatenodedistgridEPi+0x81)[0x7f134690ed21]
[Orion-02-24:165807] [ 5] /work/noaa/da/mpotts/sandbox/pgi_2019_openmpi_g_feature_fill_nan/esmf/lib/libg/Linux.pgi.64.openmpi.default/libesmf.so(esmf_gridutilmod_esmf_gridtomesh_+0x550)[0x7efd76a6fc30]
[Orion-02-24:165809] [ 3] /work/noaa/da/mpotts/sandbox/pgi_2019_openmpi_g_feature_fill_nan/esmf/lib/libg/Linux.pgi.64.openmpi.default/libesmf.so(c_esmc_meshcreatenodedistgrid_+0x177)[0x7f13469548b7]
[Orion-02-24:165807] [ 6] /work/noaa/da/mpotts/sandbox/pgi_2019_openmpi_g_feature_fill_nan/esmf/lib/libg/Linux.pgi.64.openmpi.default/libesmf.so(esmf_fieldregridmod_b_or_p_gridtomesh_+0x60b)[0x7efd769150db]
[Orion-02-24:165809] [ 4] /work/noaa/da/mpotts/sandbox/pgi_2019_openmpi_g_feature_fill_nan/esmf/lib/libg/Linux.pgi.64.openmpi.default/libesmf.so(esmf_meshmod_esmf_meshcreatefrompointer_+0x78)[0x7f134762dc58]
[Orion-02-24:165807] [ 7] /work/noaa/da/mpotts/sandbox/pgi_2019_openmpi_g_feature_fill_nan/esmf/lib/libg/Linux.pgi.64.openmpi.default/libesmf.so(esmf_fieldregridmod_getmeshwithnodesonfieldloc_+0x561)[0x7efd769103f1]
[Orion-02-24:165809] [ 5] /work/noaa/da/mpotts/sandbox/pgi_2019_openmpi_g_feature_fill_nan/esmf/lib/libg/Linux.pgi.64.openmpi.default/libesmf.so(esmf_gridutilmod_esmf_gridtomesh_+0x550)[0x7f134745bc30]
[Orion-02-24:165807] [ 8] /work/noaa/da/mpotts/sandbox/pgi_2019_openmpi_g_feature_fill_nan/esmf/lib/libg/Linux.pgi.64.openmpi.default/libesmf.so(esmf_fieldregridmod_esmf_fieldregridstorenx_+0x1034)[0x7efd7690dd04]
[Orion-02-24:165807] [ 9] /work/noaa/da/mpotts/sandbox/pgi_2019_openmpi_g_feature_fill_nan/esmf/examples/examplesg/Linux.pgi.64.openmpi.default/./ESMF_RHandleDynamicMaskingEx[0x4086c0]
[Orion-02-24:165807] [10] /work/noaa/da/mpotts/sandbox/pgi_2019_openmpi_g_feature_fill_nan/esmf/examples/examplesg/Linux.pgi.64.openmpi.default/./ESMF_RHandleDynamicMaskingEx[0x406583]
[Orion-02-24:165807] [11] /lib64/libc.so.6(__libc_start_main+0xf5)[0x7efd70f6e495]
[Orion-02-24:165807] [12] /work/noaa/da/mpotts/sandbox/pgi_2019_openmpi_g_feature_fill_nan/esmf/examples/examplesg/Linux.pgi.64.openmpi.default/./ESMF_RHandleDynamicMaskingEx[0x406489]
[Orion-02-24:165807] *** End of error message ***
[Orion-02-24:165809] [ 6] /work/noaa/da/mpotts/sandbox/pgi_2019_openmpi_g_feature_fill_nan/esmf/lib/libg/Linux.pgi.64.openmpi.default/libesmf.so(esmf_fieldregridmod_b_or_p_gridtomesh_+0x60b)[0x7f13473010db]
[Orion-02-24:165809] [ 7] /work/noaa/da/mpotts/sandbox/pgi_2019_openmpi_g_feature_fill_nan/esmf/lib/libg/Linux.pgi.64.openmpi.default/libesmf.so(esmf_fieldregridmod_getmeshwithnodesonfieldloc_+0x561)[0x7f13472fc3f1]
[Orion-02-24:165809] [ 8] /work/noaa/da/mpotts/sandbox/pgi_2019_openmpi_g_feature_fill_nan/esmf/lib/libg/Linux.pgi.64.openmpi.default/libesmf.so(esmf_fieldregridmod_esmf_fieldregridstorenx_+0x1034)[0x7f13472f9d04]
[Orion-02-24:165809] [ 9] /work/noaa/da/mpotts/sandbox/pgi_2019_openmpi_g_feature_fill_nan/esmf/examples/examplesg/Linux.pgi.64.openmpi.default/./ESMF_RHandleDynamicMaskingEx[0x4086c0]
[Orion-02-24:165809] [10] /work/noaa/da/mpotts/sandbox/pgi_2019_openmpi_g_feature_fill_nan/esmf/examples/examplesg/Linux.pgi.64.openmpi.default/./ESMF_RHandleDynamicMaskingEx[0x406583]
[Orion-02-24:165809] [11] /lib64/libc.so.6(__libc_start_main+0xf5)[0x7f134195a495]
[Orion-02-24:165809] [12] /work/noaa/da/mpotts/sandbox/pgi_2019_openmpi_g_feature_fill_nan/esmf/examples/examplesg/Linux.pgi.64.openmpi.default/./ESMF_RHandleDynamicMaskingEx[0x406489]
[Orion-02-24:165809] *** End of error message ***
==== backtrace (tid: 165808) ====
 0 0x000000000121d5f4 ESMCI::LogErr::MsgFoundError()  /work/noaa/da/mpotts/sandbox/pgi_2019_openmpi_g_feature_fill_nan/esmf/src/Infrastructure/LogErr/src/ESMCI_LogErr.C:586
 1 0x0000000001401d21 ESMCI::MeshCap::meshcreatenodedistgrid()  /work/noaa/da/mpotts/sandbox/pgi_2019_openmpi_g_feature_fill_nan/esmf/src/Infrastructure/Mesh/src/ESMCI_MeshCap.C:1754
 2 0x00000000014478b7 c_esmc_meshcreatenodedistgrid_()  /work/noaa/da/mpotts/sandbox/pgi_2019_openmpi_g_feature_fill_nan/esmf/src/Infrastructure/Mesh/interface/ESMCI_Mesh_F.C:247
 3 0x0000000002120c58 esmf_meshmod_esmf_meshcreatefrompointer_()  /work/noaa/da/mpotts/sandbox/pgi_2019_openmpi_g_feature_fill_nan/esmf/src/Infrastructure/Mesh/interface/ESMF_Mesh.F90:3091
 4 0x0000000001f4ec30 esmf_gridutilmod_esmf_gridtomesh_()  /work/noaa/da/mpotts/sandbox/pgi_2019_openmpi_g_feature_fill_nan/esmf/src/Infrastructure/GridUtil/interface/ESMF_GridUtil.F90:453
 5 0x0000000001df40db esmf_fieldregridmod_b_or_p_gridtomesh_()  /work/noaa/da/mpotts/sandbox/pgi_2019_openmpi_g_feature_fill_nan/esmf/src/Infrastructure/Field/src/ESMF_FieldRegrid.F90:3228
 6 0x0000000001def3f1 esmf_fieldregridmod_getmeshwithnodesonfieldloc_()  /work/noaa/da/mpotts/sandbox/pgi_2019_openmpi_g_feature_fill_nan/esmf/src/Infrastructure/Field/src/ESMF_FieldRegrid.F90:1346
 7 0x0000000001decd04 esmf_fieldregridmod_esmf_fieldregridstorenx_()  /work/noaa/da/mpotts/sandbox/pgi_2019_openmpi_g_feature_fill_nan/esmf/src/Infrastructure/Field/src/ESMF_FieldRegrid.F90:971
 8 0x00000000004086c0 MAIN_()  /work/noaa/da/mpotts/sandbox/pgi_2019_openmpi_g_feature_fill_nan/esmf/src/Infrastructure/Route/examples/ESMF_RHandleDynamicMaskingEx.F90:350
 9 0x0000000000406583 main()  ???:0
10 0x0000000000022495 __libc_start_main()  ???:0
11 0x0000000000406489 _start()  ???:0
=================================
[Orion-02-24:165808] *** Process received signal ***
[Orion-02-24:165808] Signal: Segmentation fault (11)
[Orion-02-24:165808] Signal code:  (-6)
[Orion-02-24:165808] Failing at address: 0x20e5000287b0
[Orion-02-24:165808] [ 0] /lib64/libpthread.so.0(+0xf5d0)[0x7fb412d165d0]
[Orion-02-24:165808] [ 1] /work/noaa/da/mpotts/sandbox/pgi_2019_openmpi_g_feature_fill_nan/esmf/lib/libg/Linux.pgi.64.openmpi.default/libesmf.so(_ZN5ESMCI6LogErr13MsgFoundErrorEiPKciS2_S2_Pi+0x34)[0x7fb41005f5f4]
[Orion-02-24:165808] [ 2] /work/noaa/da/mpotts/sandbox/pgi_2019_openmpi_g_feature_fill_nan/esmf/lib/libg/Linux.pgi.64.openmpi.default/libesmf.so(_ZN5ESMCI7MeshCap22meshcreatenodedistgridEPi+0x81)[0x7fb410243d21]
[Orion-02-24:165808] [ 3] /work/noaa/da/mpotts/sandbox/pgi_2019_openmpi_g_feature_fill_nan/esmf/lib/libg/Linux.pgi.64.openmpi.default/libesmf.so(c_esmc_meshcreatenodedistgrid_+0x177)[0x7fb4102898b7]
[Orion-02-24:165808] [ 4] /work/noaa/da/mpotts/sandbox/pgi_2019_openmpi_g_feature_fill_nan/esmf/lib/libg/Linux.pgi.64.openmpi.default/libesmf.so(esmf_meshmod_esmf_meshcreatefrompointer_+0x78)[0x7fb410f62c58]
[Orion-02-24:165808] [ 5] /work/noaa/da/mpotts/sandbox/pgi_2019_openmpi_g_feature_fill_nan/esmf/lib/libg/Linux.pgi.64.openmpi.default/libesmf.so(esmf_gridutilmod_esmf_gridtomesh_+0x550)[0x7fb410d90c30]
[Orion-02-24:165808] [ 6] /work/noaa/da/mpotts/sandbox/pgi_2019_openmpi_g_feature_fill_nan/esmf/lib/libg/Linux.pgi.64.openmpi.default/libesmf.so(esmf_fieldregridmod_b_or_p_gridtomesh_+0x60b)[0x7fb410c360db]
[Orion-02-24:165808] [ 7] /work/noaa/da/mpotts/sandbox/pgi_2019_openmpi_g_feature_fill_nan/esmf/lib/libg/Linux.pgi.64.openmpi.default/libesmf.so(esmf_fieldregridmod_getmeshwithnodesonfieldloc_+0x561)[0x7fb410c313f1]
[Orion-02-24:165808] [ 8] /work/noaa/da/mpotts/sandbox/pgi_2019_openmpi_g_feature_fill_nan/esmf/lib/libg/Linux.pgi.64.openmpi.default/libesmf.so(esmf_fieldregridmod_esmf_fieldregridstorenx_+0x1034)[0x7fb410c2ed04]
[Orion-02-24:165808] [ 9] /work/noaa/da/mpotts/sandbox/pgi_2019_openmpi_g_feature_fill_nan/esmf/examples/examplesg/Linux.pgi.64.openmpi.default/./ESMF_RHandleDynamicMaskingEx[0x4086c0]
[Orion-02-24:165808] [10] /work/noaa/da/mpotts/sandbox/pgi_2019_openmpi_g_feature_fill_nan/esmf/examples/examplesg/Linux.pgi.64.openmpi.default/./ESMF_RHandleDynamicMaskingEx[0x406583]
[Orion-02-24:165808] [11] /lib64/libc.so.6(__libc_start_main+0xf5)[0x7fb40b28f495]
[Orion-02-24:165808] [12] /work/noaa/da/mpotts/sandbox/pgi_2019_openmpi_g_feature_fill_nan/esmf/examples/examplesg/Linux.pgi.64.openmpi.default/./ESMF_RHandleDynamicMaskingEx[0x406489]
[Orion-02-24:165808] *** End of error message ***
==== backtrace (tid: 165806) ====
 0 0x000000000121d5f4 ESMCI::LogErr::MsgFoundError()  /work/noaa/da/mpotts/sandbox/pgi_2019_openmpi_g_feature_fill_nan/esmf/src/Infrastructure/LogErr/src/ESMCI_LogErr.C:586
 1 0x0000000001401d21 ESMCI::MeshCap::meshcreatenodedistgrid()  /work/noaa/da/mpotts/sandbox/pgi_2019_openmpi_g_feature_fill_nan/esmf/src/Infrastructure/Mesh/src/ESMCI_MeshCap.C:1754
 2 0x00000000014478b7 c_esmc_meshcreatenodedistgrid_()  /work/noaa/da/mpotts/sandbox/pgi_2019_openmpi_g_feature_fill_nan/esmf/src/Infrastructure/Mesh/interface/ESMCI_Mesh_F.C:247
 3 0x0000000002120c58 esmf_meshmod_esmf_meshcreatefrompointer_()  /work/noaa/da/mpotts/sandbox/pgi_2019_openmpi_g_feature_fill_nan/esmf/src/Infrastructure/Mesh/interface/ESMF_Mesh.F90:3091
 4 0x0000000001f4ec30 esmf_gridutilmod_esmf_gridtomesh_()  /work/noaa/da/mpotts/sandbox/pgi_2019_openmpi_g_feature_fill_nan/esmf/src/Infrastructure/GridUtil/interface/ESMF_GridUtil.F90:453
 5 0x0000000001df40db esmf_fieldregridmod_b_or_p_gridtomesh_()  /work/noaa/da/mpotts/sandbox/pgi_2019_openmpi_g_feature_fill_nan/esmf/src/Infrastructure/Field/src/ESMF_FieldRegrid.F90:3228
 6 0x0000000001def3f1 esmf_fieldregridmod_getmeshwithnodesonfieldloc_()  /work/noaa/da/mpotts/sandbox/pgi_2019_openmpi_g_feature_fill_nan/esmf/src/Infrastructure/Field/src/ESMF_FieldRegrid.F90:1346
 7 0x0000000001decd04 esmf_fieldregridmod_esmf_fieldregridstorenx_()  /work/noaa/da/mpotts/sandbox/pgi_2019_openmpi_g_feature_fill_nan/esmf/src/Infrastructure/Field/src/ESMF_FieldRegrid.F90:971
 8 0x00000000004086c0 MAIN_()  /work/noaa/da/mpotts/sandbox/pgi_2019_openmpi_g_feature_fill_nan/esmf/src/Infrastructure/Route/examples/ESMF_RHandleDynamicMaskingEx.F90:350
 9 0x0000000000406583 main()  ???:0
10 0x0000000000022495 __libc_start_main()  ???:0
11 0x0000000000406489 _start()  ???:0
=================================
[Orion-02-24:165806] *** Process received signal ***
[Orion-02-24:165806] Signal: Segmentation fault (11)
[Orion-02-24:165806] Signal code:  (-6)
[Orion-02-24:165806] Failing at address: 0x20e5000287ae
[Orion-02-24:165806] [ 0] /lib64/libpthread.so.0(+0xf5d0)[0x7f37042475d0]
[Orion-02-24:165806] [ 1] /work/noaa/da/mpotts/sandbox/pgi_2019_openmpi_g_feature_fill_nan/esmf/lib/libg/Linux.pgi.64.openmpi.default/libesmf.so(_ZN5ESMCI6LogErr13MsgFoundErrorEiPKciS2_S2_Pi+0x34)[0x7f37015905f4]
[Orion-02-24:165806] [ 2] /work/noaa/da/mpotts/sandbox/pgi_2019_openmpi_g_feature_fill_nan/esmf/lib/libg/Linux.pgi.64.openmpi.default/libesmf.so(_ZN5ESMCI7MeshCap22meshcreatenodedistgridEPi+0x81)[0x7f3701774d21]
[Orion-02-24:165806] [ 3] /work/noaa/da/mpotts/sandbox/pgi_2019_openmpi_g_feature_fill_nan/esmf/lib/libg/Linux.pgi.64.openmpi.default/libesmf.so(c_esmc_meshcreatenodedistgrid_+0x177)[0x7f37017ba8b7]
[Orion-02-24:165806] [ 4] /work/noaa/da/mpotts/sandbox/pgi_2019_openmpi_g_feature_fill_nan/esmf/lib/libg/Linux.pgi.64.openmpi.default/libesmf.so(esmf_meshmod_esmf_meshcreatefrompointer_+0x78)[0x7f3702493c58]
[Orion-02-24:165806] [ 5] /work/noaa/da/mpotts/sandbox/pgi_2019_openmpi_g_feature_fill_nan/esmf/lib/libg/Linux.pgi.64.openmpi.default/libesmf.so(esmf_gridutilmod_esmf_gridtomesh_+0x550)[0x7f37022c1c30]
[Orion-02-24:165806] [ 6] /work/noaa/da/mpotts/sandbox/pgi_2019_openmpi_g_feature_fill_nan/esmf/lib/libg/Linux.pgi.64.openmpi.default/libesmf.so(esmf_fieldregridmod_b_or_p_gridtomesh_+0x60b)[0x7f37021670db]
[Orion-02-24:165806] [ 7] /work/noaa/da/mpotts/sandbox/pgi_2019_openmpi_g_feature_fill_nan/esmf/lib/libg/Linux.pgi.64.openmpi.default/libesmf.so(esmf_fieldregridmod_getmeshwithnodesonfieldloc_+0x561)[0x7f37021623f1]
[Orion-02-24:165806] [ 8] /work/noaa/da/mpotts/sandbox/pgi_2019_openmpi_g_feature_fill_nan/esmf/lib/libg/Linux.pgi.64.openmpi.default/libesmf.so(esmf_fieldregridmod_esmf_fieldregridstorenx_+0x1034)[0x7f370215fd04]
[Orion-02-24:165806] [ 9] /work/noaa/da/mpotts/sandbox/pgi_2019_openmpi_g_feature_fill_nan/esmf/examples/examplesg/Linux.pgi.64.openmpi.default/./ESMF_RHandleDynamicMaskingEx[0x4086c0]
[Orion-02-24:165806] [10] /work/noaa/da/mpotts/sandbox/pgi_2019_openmpi_g_feature_fill_nan/esmf/examples/examplesg/Linux.pgi.64.openmpi.default/./ESMF_RHandleDynamicMaskingEx[0x406583]
[Orion-02-24:165806] [11] /lib64/libc.so.6(__libc_start_main+0xf5)[0x7f36fc7c0495]
[Orion-02-24:165806] [12] /work/noaa/da/mpotts/sandbox/pgi_2019_openmpi_g_feature_fill_nan/esmf/examples/examplesg/Linux.pgi.64.openmpi.default/./ESMF_RHandleDynamicMaskingEx[0x406489]
[Orion-02-24:165806] *** End of error message ***
srun: error: Orion-02-24: tasks 0-3: Segmentation fault
srun: launch/slurm: _step_signal: Terminating StepId=10455673.291
