2023-05-14 02:59:16
[Orion-02-52:274736:0:274736] Caught signal 11 (Segmentation fault: address not mapped to object at address 0x4f1b591)
[Orion-02-52:274737:0:274737] Caught signal 11 (Segmentation fault: address not mapped to object at address 0x4f1b591)
[Orion-02-52:274739:0:274739] Caught signal 11 (Segmentation fault: address not mapped to object at address 0x4f1b591)
[Orion-02-52:274738:0:274738] Caught signal 11 (Segmentation fault: address not mapped to object at address 0x4f1b591)

/work/noaa/da/mpotts/sandbox/pgi_2019_openmpi_g_feature_fill_nan/esmf/src/Infrastructure/LogErr/src/ESMCI_LogErr.C: [ ESMCI::LogErr::MsgFoundError() ]
      ...
      583 {
      584     bool result=false;
      585 #ifdef ESMC_SUCCESSDEFAULT_ON
==>   586     if (rcToReturn != ESMC_NULL_POINTER) *rcToReturn=ESMF_SUCCESS;
      587 #endif
      588     if (trace) {
      589         Write(ESMC_METHOD,ESMC_LOGMSG_TRACE,

/work/noaa/da/mpotts/sandbox/pgi_2019_openmpi_g_feature_fill_nan/esmf/src/Infrastructure/LogErr/src/ESMCI_LogErr.C: [ ESMCI::LogErr::MsgFoundError() ]
      ...

      583 {
      584     bool result=false;
      585 #ifdef ESMC_SUCCESSDEFAULT_ON
==>   586     if (rcToReturn != ESMC_NULL_POINTER) *rcToReturn=ESMF_SUCCESS;
      587 #endif
      588     if (trace) {
      589         Write(ESMC_METHOD,ESMC_LOGMSG_TRACE,


/work/noaa/da/mpotts/sandbox/pgi_2019_openmpi_g_feature_fill_nan/esmf/src/Infrastructure/LogErr/src/ESMCI_LogErr.C: [ ESMCI::LogErr::MsgFoundError() ]
      ...

/work/noaa/da/mpotts/sandbox/pgi_2019_openmpi_g_feature_fill_nan/esmf/src/Infrastructure/LogErr/src/ESMCI_LogErr.C: [ ESMCI::LogErr::MsgFoundError() ]
      ...
      583 {
      584     bool result=false;
      585 #ifdef ESMC_SUCCESSDEFAULT_ON
==>   586     if (rcToReturn != ESMC_NULL_POINTER) *rcToReturn=ESMF_SUCCESS;
      587 #endif
      588     if (trace) {
      589         Write(ESMC_METHOD,ESMC_LOGMSG_TRACE,
      583 {
      584     bool result=false;
      585 #ifdef ESMC_SUCCESSDEFAULT_ON
==>   586     if (rcToReturn != ESMC_NULL_POINTER) *rcToReturn=ESMF_SUCCESS;
      587 #endif
      588     if (trace) {
      589         Write(ESMC_METHOD,ESMC_LOGMSG_TRACE,


==== backtrace (tid: 274738) ====
 0 0x000000000121d5f4 ESMCI::LogErr::MsgFoundError()  /work/noaa/da/mpotts/sandbox/pgi_2019_openmpi_g_feature_fill_nan/esmf/src/Infrastructure/LogErr/src/ESMCI_LogErr.C:586
 1 0x0000000001401d21 ESMCI::MeshCap::meshcreatenodedistgrid()  /work/noaa/da/mpotts/sandbox/pgi_2019_openmpi_g_feature_fill_nan/esmf/src/Infrastructure/Mesh/src/ESMCI_MeshCap.C:1754
 2 0x00000000014478b7 c_esmc_meshcreatenodedistgrid_()  /work/noaa/da/mpotts/sandbox/pgi_2019_openmpi_g_feature_fill_nan/esmf/src/Infrastructure/Mesh/interface/ESMCI_Mesh_F.C:247
 3 0x0000000002120c58 esmf_meshmod_esmf_meshcreatefrompointer_()  /work/noaa/da/mpotts/sandbox/pgi_2019_openmpi_g_feature_fill_nan/esmf/src/Infrastructure/Mesh/interface/ESMF_Mesh.F90:3091
 4 0x0000000001f4ec30 esmf_gridutilmod_esmf_gridtomesh_()  /work/noaa/da/mpotts/sandbox/pgi_2019_openmpi_g_feature_fill_nan/esmf/src/Infrastructure/GridUtil/interface/ESMF_GridUtil.F90:453
 5 0x0000000002217019 esmf_xgridcreatemod_esmf_xgridcreate_()  /work/noaa/da/mpotts/sandbox/pgi_2019_openmpi_g_feature_fill_nan/esmf/src/Infrastructure/XGrid/src/ESMF_XGridCreate.F90:958
 6 0x000000000040833c MAIN_()  /work/noaa/da/mpotts/sandbox/pgi_2019_openmpi_g_feature_fill_nan/esmf/src/Infrastructure/XGrid/examples/ESMF_XGridEx.F90:227
 7 0x00000000004066a3 main()  ???:0
 8 0x0000000000022495 __libc_start_main()  ???:0
 9 0x00000000004065a9 _start()  ???:0
=================================
==== backtrace (tid: 274736) ====
 0 0x000000000121d5f4 ESMCI::LogErr::MsgFoundError()  /work/noaa/da/mpotts/sandbox/pgi_2019_openmpi_g_feature_fill_nan/esmf/src/Infrastructure/LogErr/src/ESMCI_LogErr.C:586
 1 0x0000000001401d21 ESMCI::MeshCap::meshcreatenodedistgrid()  /work/noaa/da/mpotts/sandbox/pgi_2019_openmpi_g_feature_fill_nan/esmf/src/Infrastructure/Mesh/src/ESMCI_MeshCap.C:1754
 2 0x00000000014478b7 c_esmc_meshcreatenodedistgrid_()  /work/noaa/da/mpotts/sandbox/pgi_2019_openmpi_g_feature_fill_nan/esmf/src/Infrastructure/Mesh/interface/ESMCI_Mesh_F.C:247
 3 0x0000000002120c58 esmf_meshmod_esmf_meshcreatefrompointer_()  /work/noaa/da/mpotts/sandbox/pgi_2019_openmpi_g_feature_fill_nan/esmf/src/Infrastructure/Mesh/interface/ESMF_Mesh.F90:3091
 4 0x0000000001f4ec30 esmf_gridutilmod_esmf_gridtomesh_()  /work/noaa/da/mpotts/sandbox/pgi_2019_openmpi_g_feature_fill_nan/esmf/src/Infrastructure/GridUtil/interface/ESMF_GridUtil.F90:453
 5 0x0000000002217019 esmf_xgridcreatemod_esmf_xgridcreate_()  /work/noaa/da/mpotts/sandbox/pgi_2019_openmpi_g_feature_fill_nan/esmf/src/Infrastructure/XGrid/src/ESMF_XGridCreate.F90:958
 6 0x000000000040833c MAIN_()  /work/noaa/da/mpotts/sandbox/pgi_2019_openmpi_g_feature_fill_nan/esmf/src/Infrastructure/XGrid/examples/ESMF_XGridEx.F90:227
 7 0x00000000004066a3 main()  ???:0
 8 0x0000000000022495 __libc_start_main()  ???:0
 9 0x00000000004065a9 _start()  ???:0
=================================
[Orion-02-52:274738] *** Process received signal ***
[Orion-02-52:274738] Signal: Segmentation fault (11)
[Orion-02-52:274738] Signal code:  (-6)
[Orion-02-52:274738] Failing at address: 0x20e500043132
[Orion-02-52:274738] [ 0] /lib64/libpthread.so.0(+0xf5d0)[0x7f7ce53925d0]
[Orion-02-52:274736] *** Process received signal ***
[Orion-02-52:274736] Signal: Segmentation fault (11)
[Orion-02-52:274736] Signal code:  (-6)
[Orion-02-52:274736] Failing at address: 0x20e500043130
[Orion-02-52:274736] [ 0] /lib64/libpthread.so.0(+0xf5d0)[0x7f6fc68c95d0]
[Orion-02-52:274738] [ 1] /work/noaa/da/mpotts/sandbox/pgi_2019_openmpi_g_feature_fill_nan/esmf/lib/libg/Linux.pgi.64.openmpi.default/libesmf.so(_ZN5ESMCI6LogErr13MsgFoundErrorEiPKciS2_S2_Pi+0x34)[0x7f7ce26db5f4]
[Orion-02-52:274736] [ 1] /work/noaa/da/mpotts/sandbox/pgi_2019_openmpi_g_feature_fill_nan/esmf/lib/libg/Linux.pgi.64.openmpi.default/libesmf.so(_ZN5ESMCI6LogErr13MsgFoundErrorEiPKciS2_S2_Pi+0x34)[0x7f6fc3c125f4]
[Orion-02-52:274738] [ 2] /work/noaa/da/mpotts/sandbox/pgi_2019_openmpi_g_feature_fill_nan/esmf/lib/libg/Linux.pgi.64.openmpi.default/libesmf.so(_ZN5ESMCI7MeshCap22meshcreatenodedistgridEPi+0x81)[0x7f7ce28bfd21]
[Orion-02-52:274736] [ 2] /work/noaa/da/mpotts/sandbox/pgi_2019_openmpi_g_feature_fill_nan/esmf/lib/libg/Linux.pgi.64.openmpi.default/libesmf.so(_ZN5ESMCI7MeshCap22meshcreatenodedistgridEPi+0x81)[0x7f6fc3df6d21]
[Orion-02-52:274738] [ 3] /work/noaa/da/mpotts/sandbox/pgi_2019_openmpi_g_feature_fill_nan/esmf/lib/libg/Linux.pgi.64.openmpi.default/libesmf.so(c_esmc_meshcreatenodedistgrid_+0x177)[0x7f7ce29058b7]
[Orion-02-52:274736] [ 3] /work/noaa/da/mpotts/sandbox/pgi_2019_openmpi_g_feature_fill_nan/esmf/lib/libg/Linux.pgi.64.openmpi.default/libesmf.so(c_esmc_meshcreatenodedistgrid_+0x177)[0x7f6fc3e3c8b7]
[Orion-02-52:274738] [ 4] /work/noaa/da/mpotts/sandbox/pgi_2019_openmpi_g_feature_fill_nan/esmf/lib/libg/Linux.pgi.64.openmpi.default/libesmf.so(esmf_meshmod_esmf_meshcreatefrompointer_+0x78)[0x7f7ce35dec58]
[Orion-02-52:274736] [ 4] /work/noaa/da/mpotts/sandbox/pgi_2019_openmpi_g_feature_fill_nan/esmf/lib/libg/Linux.pgi.64.openmpi.default/libesmf.so(esmf_meshmod_esmf_meshcreatefrompointer_+0x78)[0x7f6fc4b15c58]
[Orion-02-52:274738] [ 5] /work/noaa/da/mpotts/sandbox/pgi_2019_openmpi_g_feature_fill_nan/esmf/lib/libg/Linux.pgi.64.openmpi.default/libesmf.so(esmf_gridutilmod_esmf_gridtomesh_+0x550)[0x7f7ce340cc30]
[Orion-02-52:274736] [ 5] /work/noaa/da/mpotts/sandbox/pgi_2019_openmpi_g_feature_fill_nan/esmf/lib/libg/Linux.pgi.64.openmpi.default/libesmf.so(esmf_gridutilmod_esmf_gridtomesh_+0x550)[0x7f6fc4943c30]
[Orion-02-52:274738] [ 6] /work/noaa/da/mpotts/sandbox/pgi_2019_openmpi_g_feature_fill_nan/esmf/lib/libg/Linux.pgi.64.openmpi.default/libesmf.so(esmf_xgridcreatemod_esmf_xgridcreate_+0x3ee9)[0x7f7ce36d5019]
[Orion-02-52:274738] [ 7] /work/noaa/da/mpotts/sandbox/pgi_2019_openmpi_g_feature_fill_nan/esmf/examples/examplesg/Linux.pgi.64.openmpi.default/./ESMF_XGridEx[0x40833c]
[Orion-02-52:274738] [ 8] /work/noaa/da/mpotts/sandbox/pgi_2019_openmpi_g_feature_fill_nan/esmf/examples/examplesg/Linux.pgi.64.openmpi.default/./ESMF_XGridEx[0x4066a3]
[Orion-02-52:274738] [ 9] /lib64/libc.so.6(__libc_start_main+0xf5)[0x7f7cdd90b495]
[Orion-02-52:274738] [10] /work/noaa/da/mpotts/sandbox/pgi_2019_openmpi_g_feature_fill_nan/esmf/examples/examplesg/Linux.pgi.64.openmpi.default/./ESMF_XGridEx[0x4065a9]
[Orion-02-52:274738] *** End of error message ***
[Orion-02-52:274736] [ 6] /work/noaa/da/mpotts/sandbox/pgi_2019_openmpi_g_feature_fill_nan/esmf/lib/libg/Linux.pgi.64.openmpi.default/libesmf.so(esmf_xgridcreatemod_esmf_xgridcreate_+0x3ee9)[0x7f6fc4c0c019]
[Orion-02-52:274736] [ 7] /work/noaa/da/mpotts/sandbox/pgi_2019_openmpi_g_feature_fill_nan/esmf/examples/examplesg/Linux.pgi.64.openmpi.default/./ESMF_XGridEx[0x40833c]
[Orion-02-52:274736] [ 8] /work/noaa/da/mpotts/sandbox/pgi_2019_openmpi_g_feature_fill_nan/esmf/examples/examplesg/Linux.pgi.64.openmpi.default/./ESMF_XGridEx[0x4066a3]
[Orion-02-52:274736] [ 9] /lib64/libc.so.6(__libc_start_main+0xf5)[0x7f6fbee42495]
[Orion-02-52:274736] [10] /work/noaa/da/mpotts/sandbox/pgi_2019_openmpi_g_feature_fill_nan/esmf/examples/examplesg/Linux.pgi.64.openmpi.default/./ESMF_XGridEx[0x4065a9]
[Orion-02-52:274736] *** End of error message ***
==== backtrace (tid: 274739) ====
 0 0x000000000121d5f4 ESMCI::LogErr::MsgFoundError()  /work/noaa/da/mpotts/sandbox/pgi_2019_openmpi_g_feature_fill_nan/esmf/src/Infrastructure/LogErr/src/ESMCI_LogErr.C:586
 1 0x0000000001401d21 ESMCI::MeshCap::meshcreatenodedistgrid()  /work/noaa/da/mpotts/sandbox/pgi_2019_openmpi_g_feature_fill_nan/esmf/src/Infrastructure/Mesh/src/ESMCI_MeshCap.C:1754
 2 0x00000000014478b7 c_esmc_meshcreatenodedistgrid_()  /work/noaa/da/mpotts/sandbox/pgi_2019_openmpi_g_feature_fill_nan/esmf/src/Infrastructure/Mesh/interface/ESMCI_Mesh_F.C:247
 3 0x0000000002120c58 esmf_meshmod_esmf_meshcreatefrompointer_()  /work/noaa/da/mpotts/sandbox/pgi_2019_openmpi_g_feature_fill_nan/esmf/src/Infrastructure/Mesh/interface/ESMF_Mesh.F90:3091
 4 0x0000000001f4ec30 esmf_gridutilmod_esmf_gridtomesh_()  /work/noaa/da/mpotts/sandbox/pgi_2019_openmpi_g_feature_fill_nan/esmf/src/Infrastructure/GridUtil/interface/ESMF_GridUtil.F90:453
 5 0x0000000002217019 esmf_xgridcreatemod_esmf_xgridcreate_()  /work/noaa/da/mpotts/sandbox/pgi_2019_openmpi_g_feature_fill_nan/esmf/src/Infrastructure/XGrid/src/ESMF_XGridCreate.F90:958
 6 0x000000000040833c MAIN_()  /work/noaa/da/mpotts/sandbox/pgi_2019_openmpi_g_feature_fill_nan/esmf/src/Infrastructure/XGrid/examples/ESMF_XGridEx.F90:227
 7 0x00000000004066a3 main()  ???:0
 8 0x0000000000022495 __libc_start_main()  ???:0
 9 0x00000000004065a9 _start()  ???:0
=================================
[Orion-02-52:274739] *** Process received signal ***
[Orion-02-52:274739] Signal: Segmentation fault (11)
[Orion-02-52:274739] Signal code:  (-6)
[Orion-02-52:274739] Failing at address: 0x20e500043133
==== backtrace (tid: 274737) ====
 0 0x000000000121d5f4 ESMCI::LogErr::MsgFoundError()  /work/noaa/da/mpotts/sandbox/pgi_2019_openmpi_g_feature_fill_nan/esmf/src/Infrastructure/LogErr/src/ESMCI_LogErr.C:586
 1 0x0000000001401d21 ESMCI::MeshCap::meshcreatenodedistgrid()  /work/noaa/da/mpotts/sandbox/pgi_2019_openmpi_g_feature_fill_nan/esmf/src/Infrastructure/Mesh/src/ESMCI_MeshCap.C:1754
 2 0x00000000014478b7 c_esmc_meshcreatenodedistgrid_()  /work/noaa/da/mpotts/sandbox/pgi_2019_openmpi_g_feature_fill_nan/esmf/src/Infrastructure/Mesh/interface/ESMCI_Mesh_F.C:247
 3 0x0000000002120c58 esmf_meshmod_esmf_meshcreatefrompointer_()  /work/noaa/da/mpotts/sandbox/pgi_2019_openmpi_g_feature_fill_nan/esmf/src/Infrastructure/Mesh/interface/ESMF_Mesh.F90:3091
 4 0x0000000001f4ec30 esmf_gridutilmod_esmf_gridtomesh_()  /work/noaa/da/mpotts/sandbox/pgi_2019_openmpi_g_feature_fill_nan/esmf/src/Infrastructure/GridUtil/interface/ESMF_GridUtil.F90:453
 5 0x0000000002217019 esmf_xgridcreatemod_esmf_xgridcreate_()  /work/noaa/da/mpotts/sandbox/pgi_2019_openmpi_g_feature_fill_nan/esmf/src/Infrastructure/XGrid/src/ESMF_XGridCreate.F90:958
 6 0x000000000040833c MAIN_()  /work/noaa/da/mpotts/sandbox/pgi_2019_openmpi_g_feature_fill_nan/esmf/src/Infrastructure/XGrid/examples/ESMF_XGridEx.F90:227
 7 0x00000000004066a3 main()  ???:0
 8 0x0000000000022495 __libc_start_main()  ???:0
 9 0x00000000004065a9 _start()  ???:0
=================================
[Orion-02-52:274739] [ 0] /lib64/libpthread.so.0(+0xf5d0)[0x7f7b756f65d0]
[Orion-02-52:274737] *** Process received signal ***
[Orion-02-52:274737] Signal: Segmentation fault (11)
[Orion-02-52:274737] Signal code:  (-6)
[Orion-02-52:274737] Failing at address: 0x20e500043131
[Orion-02-52:274737] [ 0] /lib64/libpthread.so.0(+0xf5d0)[0x7fbea50d35d0]
[Orion-02-52:274739] [ 1] /work/noaa/da/mpotts/sandbox/pgi_2019_openmpi_g_feature_fill_nan/esmf/lib/libg/Linux.pgi.64.openmpi.default/libesmf.so(_ZN5ESMCI6LogErr13MsgFoundErrorEiPKciS2_S2_Pi+0x34)[0x7f7b72a3f5f4]
[Orion-02-52:274737] [ 1] /work/noaa/da/mpotts/sandbox/pgi_2019_openmpi_g_feature_fill_nan/esmf/lib/libg/Linux.pgi.64.openmpi.default/libesmf.so(_ZN5ESMCI6LogErr13MsgFoundErrorEiPKciS2_S2_Pi+0x34)[0x7fbea241c5f4]
[Orion-02-52:274739] [ 2] /work/noaa/da/mpotts/sandbox/pgi_2019_openmpi_g_feature_fill_nan/esmf/lib/libg/Linux.pgi.64.openmpi.default/libesmf.so(_ZN5ESMCI7MeshCap22meshcreatenodedistgridEPi+0x81)[0x7f7b72c23d21]
[Orion-02-52:274737] [ 2] /work/noaa/da/mpotts/sandbox/pgi_2019_openmpi_g_feature_fill_nan/esmf/lib/libg/Linux.pgi.64.openmpi.default/libesmf.so(_ZN5ESMCI7MeshCap22meshcreatenodedistgridEPi+0x81)[0x7fbea2600d21]
[Orion-02-52:274739] [ 3] /work/noaa/da/mpotts/sandbox/pgi_2019_openmpi_g_feature_fill_nan/esmf/lib/libg/Linux.pgi.64.openmpi.default/libesmf.so(c_esmc_meshcreatenodedistgrid_+0x177)[0x7f7b72c698b7]
[Orion-02-52:274737] [ 3] /work/noaa/da/mpotts/sandbox/pgi_2019_openmpi_g_feature_fill_nan/esmf/lib/libg/Linux.pgi.64.openmpi.default/libesmf.so(c_esmc_meshcreatenodedistgrid_+0x177)[0x7fbea26468b7]
[Orion-02-52:274739] [ 4] /work/noaa/da/mpotts/sandbox/pgi_2019_openmpi_g_feature_fill_nan/esmf/lib/libg/Linux.pgi.64.openmpi.default/libesmf.so(esmf_meshmod_esmf_meshcreatefrompointer_+0x78)[0x7f7b73942c58]
[Orion-02-52:274737] [ 4] /work/noaa/da/mpotts/sandbox/pgi_2019_openmpi_g_feature_fill_nan/esmf/lib/libg/Linux.pgi.64.openmpi.default/libesmf.so(esmf_meshmod_esmf_meshcreatefrompointer_+0x78)[0x7fbea331fc58]
[Orion-02-52:274739] [ 5] /work/noaa/da/mpotts/sandbox/pgi_2019_openmpi_g_feature_fill_nan/esmf/lib/libg/Linux.pgi.64.openmpi.default/libesmf.so(esmf_gridutilmod_esmf_gridtomesh_+0x550)[0x7f7b73770c30]
[Orion-02-52:274737] [ 5] /work/noaa/da/mpotts/sandbox/pgi_2019_openmpi_g_feature_fill_nan/esmf/lib/libg/Linux.pgi.64.openmpi.default/libesmf.so(esmf_gridutilmod_esmf_gridtomesh_+0x550)[0x7fbea314dc30]
[Orion-02-52:274739] [ 6] /work/noaa/da/mpotts/sandbox/pgi_2019_openmpi_g_feature_fill_nan/esmf/lib/libg/Linux.pgi.64.openmpi.default/libesmf.so(esmf_xgridcreatemod_esmf_xgridcreate_+0x3ee9)[0x7f7b73a39019]
[Orion-02-52:274739] [ 7] /work/noaa/da/mpotts/sandbox/pgi_2019_openmpi_g_feature_fill_nan/esmf/examples/examplesg/Linux.pgi.64.openmpi.default/./ESMF_XGridEx[0x40833c]
[Orion-02-52:274739] [ 8] /work/noaa/da/mpotts/sandbox/pgi_2019_openmpi_g_feature_fill_nan/esmf/examples/examplesg/Linux.pgi.64.openmpi.default/./ESMF_XGridEx[0x4066a3]
[Orion-02-52:274739] [ 9] /lib64/libc.so.6(__libc_start_main+0xf5)[0x7f7b6dc6f495]
[Orion-02-52:274739] [10] /work/noaa/da/mpotts/sandbox/pgi_2019_openmpi_g_feature_fill_nan/esmf/examples/examplesg/Linux.pgi.64.openmpi.default/./ESMF_XGridEx[0x4065a9]
[Orion-02-52:274739] *** End of error message ***
[Orion-02-52:274737] [ 6] /work/noaa/da/mpotts/sandbox/pgi_2019_openmpi_g_feature_fill_nan/esmf/lib/libg/Linux.pgi.64.openmpi.default/libesmf.so(esmf_xgridcreatemod_esmf_xgridcreate_+0x3ee9)[0x7fbea3416019]
[Orion-02-52:274737] [ 7] /work/noaa/da/mpotts/sandbox/pgi_2019_openmpi_g_feature_fill_nan/esmf/examples/examplesg/Linux.pgi.64.openmpi.default/./ESMF_XGridEx[0x40833c]
[Orion-02-52:274737] [ 8] /work/noaa/da/mpotts/sandbox/pgi_2019_openmpi_g_feature_fill_nan/esmf/examples/examplesg/Linux.pgi.64.openmpi.default/./ESMF_XGridEx[0x4066a3]
[Orion-02-52:274737] [ 9] /lib64/libc.so.6(__libc_start_main+0xf5)[0x7fbe9d64c495]
[Orion-02-52:274737] [10] /work/noaa/da/mpotts/sandbox/pgi_2019_openmpi_g_feature_fill_nan/esmf/examples/examplesg/Linux.pgi.64.openmpi.default/./ESMF_XGridEx[0x4065a9]
[Orion-02-52:274737] *** End of error message ***
srun: error: Orion-02-52: tasks 0-3: Segmentation fault
srun: launch/slurm: _step_signal: Terminating StepId=10475275.310
