2023-04-28 05:12:26
MPT ERROR: Rank 0(g:0) received signal SIGSEGV(11).
	Process ID: 67076, Host: r3i0n1, Program: /glade/scratch/theurich/ESMF-Nightly-Testing/nvhpc_22.2_mpt_g_develop/nuopc-app-prototypes/AtmOcnCplSetProto/esmApp
	MPT Version: HPE MPT 2.25  08/14/21 03:05:20

MPT: --------stack traceback-------
MPT: Attaching to program: /proc/67076/exe, process 67076
MPT: (No debugging symbols found in /usr/lib64/gcc/x86_64-suse-linux/4.8/../../../../lib64/libcurl.so.4)
MPT: Missing separate debuginfo for /glade/u/apps/ch/os/lib64/libm.so.6
MPT: Try: zypper install -C "debuginfo(build-id)=cc12cf31ea4a157ebc7ac7bdfc09d5bfa3e0f3e0"
MPT: (No debugging symbols found in /glade/u/apps/ch/os/lib64/libm.so.6)
MPT: Missing separate debuginfo for /glade/u/apps/ch/os/lib64/libdl.so.2
MPT: Try: zypper install -C "debuginfo(build-id)=86536433e7d5a205deca926f6f00436b2ff206b1"
MPT: (No debugging symbols found in /glade/u/apps/ch/os/lib64/libdl.so.2)
MPT: Missing separate debuginfo for /glade/u/apps/ch/os/lib64/librt.so.1
MPT: Try: zypper install -C "debuginfo(build-id)=e12cd7e73c31cb8765cba03a3c2f9efc2d043ff8"
MPT: (No debugging symbols found in /glade/u/apps/ch/os/lib64/librt.so.1)
MPT: Missing separate debuginfo for /glade/u/apps/ch/os/lib64/libpthread.so.0
MPT: Try: zypper install -C "debuginfo(build-id)=9fa703da2a52d78cc49877c18843db7b1ad9049b"
MPT: (No debugging symbols found in /glade/u/apps/ch/os/lib64/libpthread.so.0)
MPT: [Thread debugging using libthread_db enabled]
MPT: Using host libthread_db library "/glade/u/apps/ch/os/lib64/libthread_db.so.1".
MPT: (No debugging symbols found in /glade/u/apps/opt/nvhpc/22.2/Linux_x86_64/22.2/compilers/lib/libnvhpcatm.so)
MPT: (No debugging symbols found in /usr/lib64/gcc/x86_64-suse-linux/4.8/../../../../lib64/libstdc++.so.6)
MPT: (No debugging symbols found in /glade/u/apps/opt/nvhpc/22.2/Linux_x86_64/22.2/compilers/lib/libnvf.so)
MPT: (No debugging symbols found in /glade/u/apps/opt/nvhpc/22.2/Linux_x86_64/22.2/compilers/lib/libnvcpumath.so)
MPT: (No debugging symbols found in /glade/u/apps/opt/nvhpc/22.2/Linux_x86_64/22.2/compilers/lib/libnvc.so)
MPT: Missing separate debuginfo for /glade/u/apps/ch/os/lib64/libc.so.6
MPT: Try: zypper install -C "debuginfo(build-id)=72aaaa4006e91624304a210a7f945b61d3d643b4"
MPT: (No debugging symbols found in /glade/u/apps/ch/os/lib64/libc.so.6)
MPT: Missing separate debuginfo for /glade/u/apps/ch/os/lib64/libgcc_s.so.1
MPT: Try: zypper install -C "debuginfo(build-id)=c7e890ab90e29cffd785bf25e7d90f2f0af3a102"
MPT: (No debugging symbols found in /glade/u/apps/ch/os/lib64/libgcc_s.so.1)
MPT: (No debugging symbols found in /usr/lib64/gcc/x86_64-suse-linux/4.8/../../../../lib64/libatomic.so.1)
MPT: (No debugging symbols found in /usr/lib64/gcc/x86_64-suse-linux/4.8/../../../../lib64/libnghttp2.so.14)
MPT: (No debugging symbols found in /usr/lib64/gcc/x86_64-suse-linux/4.8/../../../../lib64/libssh.so.4)
MPT: Missing separate debuginfo for /glade/u/apps/ch/os/lib64/libssl.so.1.0.0
MPT: Try: zypper install -C "debuginfo(build-id)=7607ed9b6a82bfaecf5318ac9d65cae5a22865ef"
MPT: (No debugging symbols found in /glade/u/apps/ch/os/lib64/libssl.so.1.0.0)
MPT: Missing separate debuginfo for /glade/u/apps/ch/os/lib64/libcrypto.so.1.0.0
MPT: Try: zypper install -C "debuginfo(build-id)=63a385acb8b045f7cfa7b53e2d9bfb745edc1693"
MPT: (No debugging symbols found in /glade/u/apps/ch/os/lib64/libcrypto.so.1.0.0)
MPT: (No debugging symbols found in /usr/lib64/gcc/x86_64-suse-linux/4.8/../../../../lib64/libgssapi_krb5.so.2)
MPT: (No debugging symbols found in /usr/lib64/gcc/x86_64-suse-linux/4.8/../../../../lib64/libldap-2.4.so.2)
MPT: (No debugging symbols found in /usr/lib64/gcc/x86_64-suse-linux/4.8/../../../../lib64/liblber-2.4.so.2)
MPT: 
MPT: warning: the debug information found in "/usr/lib/debug//lib64/ld-2.22.so.debug" does not match "/lib64/ld-linux-x86-64.so.2" (CRC mismatch).
MPT: 
MPT: 
MPT: warning: the debug information found in "/usr/lib/debug//lib64/ld-2.22.so.debug" does not match "/lib64/ld-linux-x86-64.so.2" (CRC mismatch).
MPT: 
MPT: (No debugging symbols found in /lib64/ld-linux-x86-64.so.2)
MPT: (No debugging symbols found in /usr/lib64/gcc/x86_64-suse-linux/4.8/../../../../lib64/libkrb5.so.3)
MPT: (No debugging symbols found in /usr/lib64/gcc/x86_64-suse-linux/4.8/../../../../lib64/libk5crypto.so.3)
MPT: (No debugging symbols found in /usr/lib64/gcc/x86_64-suse-linux/4.8/../../../../lib64/libcom_err.so.2)
MPT: (No debugging symbols found in /usr/lib64/gcc/x86_64-suse-linux/4.8/../../../../lib64/libkrb5support.so.0)
MPT: Missing separate debuginfo for /glade/u/apps/ch/os/lib64/libresolv.so.2
MPT: Try: zypper install -C "debuginfo(build-id)=89f1290f62c61ee8f268234c5cff893c1e99c751"
MPT: (No debugging symbols found in /glade/u/apps/ch/os/lib64/libresolv.so.2)
MPT: (No debugging symbols found in /usr/lib64/gcc/x86_64-suse-linux/4.8/../../../../lib64/libsasl2.so.3)
MPT: Missing separate debuginfo for /glade/u/apps/ch/os/lib64/libkeyutils.so.1
MPT: Try: zypper install -C "debuginfo(build-id)=8982882fa17c60fed02166f229335a9d0eaf77c9"
MPT: (No debugging symbols found in /glade/u/apps/ch/os/lib64/libkeyutils.so.1)
MPT: Missing separate debuginfo for /glade/u/apps/ch/os/lib64/libselinux.so.1
MPT: Try: zypper install -C "debuginfo(build-id)=0627d20b9e481e6a9c6fcacaf8e3f5c2318529cf"
MPT: (No debugging symbols found in /glade/u/apps/ch/os/lib64/libselinux.so.1)
MPT: (No debugging symbols found in /usr/lib64/gcc/x86_64-suse-linux/4.8/../../../../lib64/libpcre.so.1)
MPT: (No debugging symbols found in /usr/lib64/gcc/x86_64-suse-linux/4.8/../../../../lib64/libibverbs.so.1)
MPT: (No debugging symbols found in /usr/lib64/gcc/x86_64-suse-linux/4.8/../../../../lib64/libnl-route-3.so.200)
MPT: (No debugging symbols found in /usr/lib64/gcc/x86_64-suse-linux/4.8/../../../../lib64/libnl-3.so.200)
MPT: (No debugging symbols found in /usr/lib64/gcc/x86_64-suse-linux/4.8/../../../../lib64/libmlx5.so.1)
MPT: 0x00002ac31e23c7da in waitpid ()
MPT:    from /glade/u/apps/ch/os/lib64/libpthread.so.0
MPT: Missing separate debuginfos, use: zypper install glibc-debuginfo-2.22-100.27.3.x86_64 krb5-debuginfo-1.12.5-40.37.7.x86_64 libatomic1-debuginfo-9.3.1+git1296-1.7.2.x86_64 libcom_err2-debuginfo-1.43.8-3.14.1.x86_64 libcurl4-debuginfo-7.60.0-4.15.2.x86_64 libibverbs-debuginfo-41mlnx1-OFED.4.7.0.0.2.47329.x86_64 libldap-2_4-2-debuginfo-2.4.41-18.71.2.x86_64 libmlx5-debuginfo-41mlnx1-OFED.4.7.0.3.3.47329.x86_64 libnghttp2-14-debuginfo-1.7.1-1.84.x86_64 libnl3-200-debuginfo-3.2.23-2.21.x86_64 libpcre1-debuginfo-8.39-8.3.1.x86_64 libsasl2-3-debuginfo-2.1.26-8.10.1.x86_64 libssh4-debuginfo-0.6.3-12.12.1.x86_64 libstdc++6-debuginfo-9.3.1+git1296-1.7.2.x86_64
MPT: (gdb) #0  0x00002ac31e23c7da in waitpid ()
MPT:    from /glade/u/apps/ch/os/lib64/libpthread.so.0
MPT: #1  0x00002ac31e581c66 in mpi_sgi_system (
MPT: #2  MPI_SGI_stacktraceback (
MPT:     header=header@entry=0x7ffcd612b4d0 "MPT ERROR: Rank 0(g:0) received signal SIGSEGV(11).\n\tProcess ID: 67076, Host: r3i0n1, Program: /glade/scratch/theurich/ESMF-Nightly-Testing/nvhpc_22.2_mpt_g_develop/nuopc-app-prototypes/AtmOcnCplSetPr"...) at sig.c:340
MPT: #3  0x00002ac31e581e66 in first_arriver_handler (signo=signo@entry=11, 
MPT:     stack_trace_sem=stack_trace_sem@entry=0x2ac325440080) at sig.c:489
MPT: #4  0x00002ac31e5820f3 in slave_sig_handler (signo=11, 
MPT:     siginfo=<optimized out>, extra=<optimized out>) at sig.c:565
MPT: #5  <signal handler called>
MPT: #6  0x00002ac31a311ef4 in ESMCI::LogErr::MsgFoundError (rcToCheck=0, 
MPT:     msg=0x2ac31c095ed4 <.S68906> "Internal subroutine call returned Error", 
MPT:     LINE=1755, FILE=0x2ac31c095ec4 <.S68908> "ESMCI_MeshCap.C", 
MPT:     method=0x2ac31c095d4e <.S69266> "MeshCap::meshcreatenodedistgrid()", 
MPT:     rcToReturn=0x4f1b591)
MPT:     at /glade/scratch/theurich/ESMF-Nightly-Testing/nvhpc_22.2_mpt_g_develop/esmf/src/Infrastructure/LogErr/src/ESMCI_LogErr.C:586
MPT: #7  0x00002ac31a52e6bf in ESMCI::MeshCap::meshcreatenodedistgrid (
MPT:     rc=0x4f1b591)
MPT:     at /glade/scratch/theurich/ESMF-Nightly-Testing/nvhpc_22.2_mpt_g_develop/esmf/src/Infrastructure/Mesh/src/ESMCI_MeshCap.C:1754
MPT: #8  0x00002ac31a580a01 in c_esmc_meshcreatenodedistgrid_ (
MPT:     meshpp=0x7ffcd612c2c0, rc=0x7ffcd612c12c)
MPT:     at /glade/scratch/theurich/ESMF-Nightly-Testing/nvhpc_22.2_mpt_g_develop/esmf/src/Infrastructure/Mesh/interface/ESMCI_Mesh_F.C:247
MPT: #9  0x00002ac31b2561ad in esmf_meshmod::esmf_meshcreatefrompointer (
MPT:     mesh_pointer=..., 
MPT:     rc=<error reading variable: Cannot access memory at address 0x0>)
MPT:     at /glade/scratch/theurich/ESMF-Nightly-Testing/nvhpc_22.2_mpt_g_develop/esmf/src/Infrastructure/Mesh/interface/ESMF_Mesh.F90:3091
MPT: #10 0x00002ac31b0b13ad in esmf_gridutilmod::esmf_gridtomesh (grid=..., 
MPT:     staggerloc=..., issphere=0, islatlondeg=.FALSE., maskvalues=..., 
MPT:     regridconserve=..., rc=-703409620)
MPT:     at /glade/scratch/theurich/ESMF-Nightly-Testing/nvhpc_22.2_mpt_g_develop/esmf/src/Infrastructure/GridUtil/interface/ESMF_GridUtil.F90:453
MPT: #11 0x00002ac31af70868 in esmf_fieldregridmod::b_or_p_gridtomesh (grid=..., 
MPT:     staggerloc=..., maskvalues=..., turnedonmeshnodemask=.FALSE., rc=18)
MPT:     at /glade/scratch/theurich/ESMF-Nightly-Testing/nvhpc_22.2_mpt_g_develop/esmf/src/Infrastructure/Field/src/ESMF_FieldRegrid.F90:3228
MPT: #12 0x00002ac31af6bcb4 in esmf_fieldregridmod::getmeshwithnodesonfieldloc (
MPT:     field=..., maskvalues=..., createdtmpmesh=.FALSE., mesh=..., 
MPT:     turnedonmeshnodemask=.FALSE., rc=0)
MPT:     at /glade/scratch/theurich/ESMF-Nightly-Testing/nvhpc_22.2_mpt_g_develop/esmf/src/Infrastructure/Field/src/ESMF_FieldRegrid.F90:1346
MPT: #13 0x00002ac31af6978c in esmf_fieldregridmod::esmf_fieldregridstorenx (
MPT:     srcfield=..., dstfield=..., keywordenforcer=..., srcmaskvalues=..., 
MPT:     dstmaskvalues=..., regridmethod=..., polemethod=..., 
MPT:     regridpolenpnts=-703385532, linetype=..., normtype=..., extrapmethod=..., 
MPT:     extrapnumsrcpnts=-703379980, extrapdistexponent=-4.04821471e+13, 
MPT:     extrapnumlevels=-703379988, unmappedaction=..., 
MPT:     ignoredegenerate=3591584196, srctermprocessing=-703388664, 
MPT:     pipelinedepth=-703388700, routehandle=..., factorlist=0x7ffcd612f360, 
MPT:     factorindexlist=0x7ffcd612f2d8, weights=0x0, indices=0x0, 
MPT:     srcfracfield=..., dstfracfield=..., dststatusfield=..., 
MPT:     unmappeddstlist=0x0, checkflag=.FALSE., rc=-703401600)
MPT:     at /glade/scratch/theurich/ESMF-Nightly-Testing/nvhpc_22.2_mpt_g_develop/esmf/src/Infrastructure/Field/src/ESMF_FieldRegrid.F90:971
MPT: #14 0x00002ac31ad948d1 in esmf_fieldbundlemod::esmf_fieldbundleregridstorepair
MPT:     (srcfield=..., dstfield=..., srcmaskvalues=..., dstmaskvalues=..., 
MPT:     regridmethod=..., polemethod=..., regridpolenpnts=-703385532, 
MPT:     linetype=..., normtype=..., extrapmethod=..., 
MPT:     extrapnumsrcpnts=-703379980, extrapdistexponent=-4.04821471e+13, 
MPT:     extrapnumlevels=-703379988, unmappedaction=..., 
MPT:     ignoredegenerate=3591584196, srctermprocessing=-703388664, 
MPT:     pipelinedepth=-703388700, rhlist=0x7ffcd6137aa0, routehandle=..., 
MPT:     rrashift=-703370868, vectorlengthshift=-703370872, 
MPT:     verbosityflag=3591597484, rc=-703369824)
MPT:     at /glade/scratch/theurich/ESMF-Nightly-Testing/nvhpc_22.2_mpt_g_develop/esmf/src/Infrastructure/FieldBundle/src/ESMF_FieldBundle.F90:16211
MPT: #15 0x00002ac31b6c5110 in nuopc_connector::fieldbundlecplstore (srcfb=..., 
MPT:     dstfb=..., cpllist=..., rh=..., zeroregions=0x31998b0, 
MPT:     termorders=0x3175e00, name=..., verbosity=-703314612, rc=-703311116)
MPT:     at /glade/scratch/theurich/ESMF-Nightly-Testing/nvhpc_22.2_mpt_g_develop/esmf/src/addon/NUOPC/src/NUOPC_Connector.F90:7714
MPT: #16 0x00002ac31b6a322c in nuopc_connector::initializeipdv05p6b (
MPT:     connector=..., importstate=..., exportstate=..., clock=..., rc=0)
MPT:     at /glade/scratch/theurich/ESMF-Nightly-Testing/nvhpc_22.2_mpt_g_develop/esmf/src/addon/NUOPC/src/NUOPC_Connector.F90:5375
MPT: #17 0x00002ac31a14507c in ESMCI::FTable::callVFuncPtr (
MPT:     name=0x3156f60 "InitializeIC07P", vm_pointer=0x303e1e0, 
MPT:     userrc=0x7ffcd61452f4)
MPT:     at /glade/scratch/theurich/ESMF-Nightly-Testing/nvhpc_22.2_mpt_g_develop/esmf/src/Superstructure/Component/src/ESMCI_FTable.C:2167
MPT: #18 0x00002ac31a140693 in ESMCI_FTableCallEntryPointVMHop (vm=0x303e1e0, 
MPT:     cargoCast=0x3156f60)
MPT:     at /glade/scratch/theurich/ESMF-Nightly-Testing/nvhpc_22.2_mpt_g_develop/esmf/src/Superstructure/Component/src/ESMCI_FTable.C:824
MPT: #19 0x00002ac31a9a4a7b in ESMCI::VMK::enter (vmp=0x303eb40, arg=0x303edf0, 
MPT:     argvmkt=0x3156f60)
MPT:     at /glade/scratch/theurich/ESMF-Nightly-Testing/nvhpc_22.2_mpt_g_develop/esmf/src/Infrastructure/VM/src/ESMCI_VMKernel.C:2320
MPT: #20 0x00002ac31a9cde3e in ESMCI::VM (vmp=0x303eb40, info=0x303edf0, 
MPT:     cargo=0x3156f60)
MPT:     at /glade/scratch/theurich/ESMF-Nightly-Testing/nvhpc_22.2_mpt_g_develop/esmf/src/Infrastructure/VM/src/ESMCI_VM.C:1216
MPT: #21 0x00002ac31a140b53 in c_esmc_ftablecallentrypointvm_ (f90comp=0x3040130, 
MPT:     ptr_vm_parent=0x3040258, ptr_vmplan=0x3040300, vm_info=0x3040310, 
MPT:     vm_cargo=0x3040318, ptr=0x303f6a0, 
MPT:     method=0x2ac31d0a2368 <_esmf_compmod_8_+40>, phase=0x7ffcd614562c, 
MPT:     port=0x7ffcd6145628, timeout=0x7ffcd6145624, recursionCount=0x3040320, 
MPT:     rc=0x7ffcd614564c)
MPT:     at /glade/scratch/theurich/ESMF-Nightly-Testing/nvhpc_22.2_mpt_g_develop/esmf/src/Superstructure/Component/src/ESMCI_FTable.C:981
MPT: #22 0x00002ac31aceea70 in esmf_compmod::esmf_compexecute (compp=0x303f6a0, 
MPT:     method=..., importstate=..., exportstate=..., clock=..., 
MPT:     syncflag=<error reading variable: Cannot access memory at address 0x0>, 
MPT:     phase=-703298132, port=0, timeout=-703309484, userrc=-703301332, 
MPT:     rc=-703309388)
MPT:     at /glade/scratch/theurich/ESMF-Nightly-Testing/nvhpc_22.2_mpt_g_develop/esmf/src/Superstructure/Component/src/ESMF_Comp.F90:1223
MPT: #23 0x00002ac31ad0a49e in esmf_cplcompmod::esmf_cplcompinitialize (
MPT:     cplcomp=..., keywordenforcer=..., importstate=..., exportstate=..., 
MPT:     clock=..., 
MPT:     syncflag=<error reading variable: Cannot access memory at address 0x0>, 
MPT:     phase=-703298132, timeout=0, timeoutflag=.FALSE., userrc=-703301332, 
MPT:     rc=-703235180)
MPT:     at /glade/scratch/theurich/ESMF-Nightly-Testing/nvhpc_22.2_mpt_g_develop/esmf/src/Superstructure/Component/src/ESMF_CplComp.F90:1165
MPT: #24 0x00002ac31b6f78e3 in nuopc_driver::loopconnectorcompss (driver=..., 
MPT:     phasestring=..., 
MPT:     execflag=<error reading variable: Cannot access memory at address 0x0>, 
MPT:     rc=18)
MPT:     at /glade/scratch/theurich/ESMF-Nightly-Testing/nvhpc_22.2_mpt_g_develop/esmf/src/addon/NUOPC/src/NUOPC_Driver.F90:3023
MPT: #25 0x00002ac31b6ea2ba in nuopc_driver::initializeipdv02p3 (driver=..., 
MPT:     importstate=..., exportstate=..., clock=..., rc=18)
MPT:     at /glade/scratch/theurich/ESMF-Nightly-Testing/nvhpc_22.2_mpt_g_develop/esmf/src/addon/NUOPC/src/NUOPC_Driver.F90:2110
MPT: #26 0x00002ac31b6cd4a0 in nuopc_driver::initializegeneric (driver=..., 
MPT:     importstate=..., exportstate=..., clock=..., rc=18)
MPT:     at /glade/scratch/theurich/ESMF-Nightly-Testing/nvhpc_22.2_mpt_g_develop/esmf/src/addon/NUOPC/src/NUOPC_Driver.F90:479
MPT: #27 0x00002ac31a14507c in ESMCI::FTable::callVFuncPtr (
MPT:     name=0x2ea1d00 "InitializeIC01P", vm_pointer=0x2ea16b0, 
MPT:     userrc=0x7ffcd6157b94)
MPT:     at /glade/scratch/theurich/ESMF-Nightly-Testing/nvhpc_22.2_mpt_g_develop/esmf/src/Superstructure/Component/src/ESMCI_FTable.C:2167
MPT: #28 0x00002ac31a140693 in ESMCI_FTableCallEntryPointVMHop (vm=0x2ea16b0, 
MPT:     cargoCast=0x2ea1d00)
MPT:     at /glade/scratch/theurich/ESMF-Nightly-Testing/nvhpc_22.2_mpt_g_develop/esmf/src/Superstructure/Component/src/ESMCI_FTable.C:824
MPT: #29 0x00002ac31a9a4a7b in ESMCI::VMK::enter (vmp=0x2ea2b00, arg=0x2ea18d0, 
MPT:     argvmkt=0x2ea1d00)
MPT:     at /glade/scratch/theurich/ESMF-Nightly-Testing/nvhpc_22.2_mpt_g_develop/esmf/src/Infrastructure/VM/src/ESMCI_VMKernel.C:2320
MPT: #30 0x00002ac31a9cde3e in ESMCI::VM (vmp=0x2ea2b00, info=0x2ea18d0, 
MPT:     cargo=0x2ea1d00)
MPT:     at /glade/scratch/theurich/ESMF-Nightly-Testing/nvhpc_22.2_mpt_g_develop/esmf/src/Infrastructure/VM/src/ESMCI_VM.C:1216
MPT: #31 0x00002ac31a140b53 in c_esmc_ftablecallentrypointvm_ (f90comp=0x2f08860, 
MPT:     ptr_vm_parent=0x2f08988, ptr_vmplan=0x2f08a30, vm_info=0x2f08a40, 
MPT:     vm_cargo=0x2f08a48, ptr=0x2f07dd0, 
MPT:     method=0x2ac31d0a2368 <_esmf_compmod_8_+40>, phase=0x7ffcd6157ecc, 
MPT:     port=0x7ffcd6157ec8, timeout=0x7ffcd6157ec4, recursionCount=0x2f08a50, 
MPT:     rc=0x7ffcd6157eec)
MPT:     at /glade/scratch/theurich/ESMF-Nightly-Testing/nvhpc_22.2_mpt_g_develop/esmf/src/Superstructure/Component/src/ESMCI_FTable.C:981
MPT: #32 0x00002ac31aceea70 in esmf_compmod::esmf_compexecute (compp=0x2f07dd0, 
MPT:     method=..., 
MPT:     importstate=<error reading variable: Cannot access memory at address 0x0>, exportstate=<error reading variable: Cannot access memory at address 0x0>, 
MPT:     clock=<error reading variable: Cannot access memory at address 0x0>, 
MPT:     syncflag=<error reading variable: Cannot access memory at address 0x0>, 
MPT:     phase=0, port=0, timeout=-703233548, userrc=-703233028, rc=-703233452)
MPT:     at /glade/scratch/theurich/ESMF-Nightly-Testing/nvhpc_22.2_mpt_g_develop/esmf/src/Superstructure/Component/src/ESMF_Comp.F90:1223
MPT: #33 0x00002ac31afcfe1e in esmf_gridcompmod::esmf_gridcompinitialize (
MPT:     gridcomp=..., keywordenforcer=..., 
MPT:     importstate=<error reading variable: Cannot access memory at address 0x0>, exportstate=<error reading variable: Cannot access memory at address 0x0>, 
MPT:     clock=<error reading variable: Cannot access memory at address 0x0>, 
MPT:     syncflag=<error reading variable: Cannot access memory at address 0x0>, 
MPT:     phase=0, timeout=0, timeoutflag=.FALSE., userrc=-703233028, rc=-703232740)
MPT:     at /glade/scratch/theurich/ESMF-Nightly-Testing/nvhpc_22.2_mpt_g_develop/esmf/src/Superstructure/Component/src/ESMF_GridComp.F90:1412
MPT: #34 0x0000000000406ee6 in esmapp () at esmApp.F90:58
MPT: #35 0x00000000004069b3 in main ()
MPT: #36 0x00002ac320b9ea35 in __libc_start_main ()
MPT:    from /glade/u/apps/ch/os/lib64/libc.so.6
MPT: #37 0x00000000004068a9 in _start () at ../sysdeps/x86_64/start.S:118
MPT: (gdb) A debugging session is active.
MPT: 
MPT: 	Inferior 1 [process 67076] will be detached.
MPT: 
MPT: Quit anyway? (y or n) [answered Y; input not from terminal]
MPT: Detaching from program: /proc/67076/exe, process 67076
MPT: [Inferior 1 (process 67076) detached]

MPT: -----stack traceback ends-----
MPT: On host r3i0n1, Program /glade/scratch/theurich/ESMF-Nightly-Testing/nvhpc_22.2_mpt_g_develop/nuopc-app-prototypes/AtmOcnCplSetProto/esmApp, Rank 0, Process 67076: Dumping core on signal SIGSEGV(11) into directory /glade/scratch/theurich/ESMF-Nightly-Testing/nvhpc_22.2_mpt_g_develop/nuopc-app-prototypes/AtmOcnCplSetProto
MPT ERROR: MPI_COMM_WORLD rank 0 has terminated without calling MPI_Finalize()
	aborting job
MPT: Received signal 11
