2023-05-01 05:05:40
20230501 063917.065 INFO             PET0 !!!!!!!!!!!!!!!!!!!!!!!!!!!!!!!!!!!!!!!!!!!!!!!!!!!!!!
20230501 063917.065 INFO             PET0 !!! THE ESMF_LOG IS SET TO OUTPUT ALL LOG MESSAGES !!!
20230501 063917.065 INFO             PET0 !!!     THIS MAY CAUSE SLOWDOWN IN PERFORMANCE     !!!
20230501 063917.065 INFO             PET0 !!! FOR PRODUCTION RUNS, USE:                      !!!
20230501 063917.065 INFO             PET0 !!!                   ESMF_LOGKIND_Multi_On_Error  !!!
20230501 063917.065 INFO             PET0 !!!!!!!!!!!!!!!!!!!!!!!!!!!!!!!!!!!!!!!!!!!!!!!!!!!!!!
20230501 063917.065 INFO             PET0 Running with ESMF Version   : v8.5.0b20
20230501 063917.065 INFO             PET0 ESMF library build date/time: "May  1 2023" "05:02:30"
20230501 063917.065 INFO             PET0 ESMF library build location : /glade/scratch/theurich/ESMF-Nightly-Testing/nvhpc_22.2_mpt_g_develop/esmf
20230501 063917.065 INFO             PET0 ESMF_COMM                   : mpt
20230501 063917.065 INFO             PET0 ESMF_MOAB                   : enabled
20230501 063917.065 INFO             PET0 ESMF_LAPACK                 : enabled
20230501 063917.065 INFO             PET0 ESMF_NETCDF                 : enabled
20230501 063917.065 INFO             PET0 ESMF_PNETCDF                : disabled
20230501 063917.065 INFO             PET0 ESMF_PIO                    : enabled
20230501 063917.065 INFO             PET0 ESMF_YAMLCPP                : enabled
20230501 063917.065 INFO             PET0 mainApp STARTING
20230501 063917.072 INFO             PET0 advection diffusion driver: InitializeGeneric intro.
20230501 063917.072 INFO             PET0   advection diffusion driver: InitializeP0 intro.
20230501 063917.072 INFO             PET0   advection diffusion driver: InitializeP0 extro.
20230501 063917.072 INFO             PET0   advection diffusion driver: InitializeIPDv02p1 intro.
20230501 063917.072 INFO             PET0     >>>advection diffusion driver: entered Initialize (phase=<none>) without valid internal Clock.
20230501 063917.072 INFO             PET0     advection diffusion driver - Creating model component advectDiff_Parent without petList.
20230501 063917.076 INFO             PET0     advection diffusion driver - Creating model component advectDiff_Gen1Nestling0 with petList of size 2 :
20230501 063917.076 INFO             PET0           0      1
20230501 063917.080 INFO             PET0     advection diffusion driver - Creating model component advectDiff_Gen1Nestling1 with petList of size 2 :
20230501 063917.080 INFO             PET0           2      3
20230501 063917.080 INFO             PET0     advection diffusion driver - Creating model component advectDiff_Gen2Nestling0 without petList.
20230501 063917.084 INFO             PET0     advection diffusion driver - Creating state: modelComp 1 Import State
20230501 063917.084 INFO             PET0     advection diffusion driver - Creating state: modelComp 1 Export State
20230501 063917.085 INFO             PET0     advection diffusion driver - Creating state: modelComp 2 Import State
20230501 063917.085 INFO             PET0     advection diffusion driver - Creating state: modelComp 2 Export State
20230501 063917.085 INFO             PET0     advection diffusion driver - Creating state: modelComp 3 Import State
20230501 063917.085 INFO             PET0     advection diffusion driver - Creating state: modelComp 3 Export State
20230501 063917.085 INFO             PET0     advection diffusion driver - Creating state: modelComp 4 Import State
20230501 063917.085 INFO             PET0     advection diffusion driver - Creating state: modelComp 4 Export State
20230501 063917.088 INFO             PET0     advectDiff_Parent: InitializeP0 intro.
20230501 063917.089 INFO             PET0     advectDiff_Parent: InitializeP0 extro.
20230501 063917.089 INFO             PET0     advectDiff_Gen1Nestling0: InitializeP0 intro.
20230501 063917.091 INFO             PET0     advectDiff_Gen1Nestling0: InitializeP0 extro.
20230501 063917.091 INFO             PET0     advectDiff_Gen2Nestling0: InitializeP0 intro.
20230501 063917.093 INFO             PET0     advectDiff_Gen2Nestling0: InitializeP0 extro.
20230501 063917.097 INFO             PET0     advection diffusion driver - Creating connector component advectDiff_Parent-TO-advectDiff_Gen1Nestling0 without petList.
20230501 063917.106 INFO             PET0     advection diffusion driver - Setting Verbosity on created component to: high
20230501 063917.106 INFO             PET0     advection diffusion driver - Setting Profiling on created component to:          0
20230501 063917.106 INFO             PET0     advection diffusion driver - Creating connector component advectDiff_Parent-TO-advectDiff_Gen1Nestling1 without petList.
20230501 063917.117 INFO             PET0     advection diffusion driver - Setting Verbosity on created component to: high
20230501 063917.117 INFO             PET0     advection diffusion driver - Setting Profiling on created component to:          0
20230501 063917.118 INFO             PET0     advection diffusion driver - Creating connector component advectDiff_Gen1Nestling0-TO-advectDiff_Gen2Nestling0 without petList.
20230501 063917.126 INFO             PET0     advection diffusion driver - Setting Verbosity on created component to: high
20230501 063917.126 INFO             PET0     advection diffusion driver - Setting Profiling on created component to:          0
20230501 063917.131 INFO             PET0     advection diffusion driver: IInitAdvertise intro.
20230501 063917.131 INFO             PET0     advection diffusion driver: IInitAdvertise extro.
20230501 063917.131 INFO             PET0     advectDiff_Parent: InitializeIPDvXp01 intro.
20230501 063917.132 INFO             PET0     advectDiff_Parent: InitializeIPDvXp01 extro.
20230501 063917.132 INFO             PET0     advectDiff_Gen1Nestling0: InitializeIPDvXp01 intro.
20230501 063917.134 INFO             PET0     advectDiff_Gen1Nestling0: InitializeIPDvXp01 extro.
20230501 063917.134 INFO             PET0     advectDiff_Gen2Nestling0: InitializeIPDvXp01 intro.
20230501 063917.136 INFO             PET0     advectDiff_Gen2Nestling0: InitializeIPDvXp01 extro.
20230501 063917.140 INFO             PET0     advectDiff_Parent-TO-advectDiff_Gen1Nestling0: InitializeIPDv05p1 intro.
20230501 063917.145 INFO             PET0       advectDiff_Parent-TO-advectDiff_Gen1Nestling0: importState FieldTransferPolicy = transferNone
20230501 063917.145 INFO             PET0       advectDiff_Parent-TO-advectDiff_Gen1Nestling0: exportState FieldTransferPolicy = transferNone
20230501 063917.145 INFO             PET0     advectDiff_Parent-TO-advectDiff_Gen1Nestling0: InitializeIPDv05p1 extro.
20230501 063917.145 INFO             PET0     advectDiff_Parent-TO-advectDiff_Gen1Nestling1: InitializeIPDv05p1 intro.
20230501 063917.149 INFO             PET0       advectDiff_Parent-TO-advectDiff_Gen1Nestling1: importState FieldTransferPolicy = transferNone
20230501 063917.149 INFO             PET0       advectDiff_Parent-TO-advectDiff_Gen1Nestling1: exportState FieldTransferPolicy = transferNone
20230501 063917.149 INFO             PET0     advectDiff_Parent-TO-advectDiff_Gen1Nestling1: InitializeIPDv05p1 extro.
20230501 063917.149 INFO             PET0     advectDiff_Gen1Nestling0-TO-advectDiff_Gen2Nestling0: InitializeIPDv05p1 intro.
20230501 063917.153 INFO             PET0       advectDiff_Gen1Nestling0-TO-advectDiff_Gen2Nestling0: importState FieldTransferPolicy = transferNone
20230501 063917.153 INFO             PET0       advectDiff_Gen1Nestling0-TO-advectDiff_Gen2Nestling0: exportState FieldTransferPolicy = transferNone
20230501 063917.153 INFO             PET0     advectDiff_Gen1Nestling0-TO-advectDiff_Gen2Nestling0: InitializeIPDv05p1 extro.
20230501 063917.153 INFO             PET0     advection diffusion driver: IInitAdvertiseFinish intro.
20230501 063917.153 INFO             PET0     advection diffusion driver: IInitAdvertiseFinish extro.
20230501 063917.154 INFO             PET0     advectDiff_Parent-TO-advectDiff_Gen1Nestling0: InitializeIPDv05p2a intro.
20230501 063917.158 INFO             PET0       advectDiff_Parent-TO-advectDiff_Gen1Nestling0:      importStandardNameList(i=  1): density
20230501 063917.158 INFO             PET0       advectDiff_Parent-TO-advectDiff_Gen1Nestling0:         importNamespaceList(i=  1): advectDiff_Parent
20230501 063917.158 INFO             PET0       advectDiff_Parent-TO-advectDiff_Gen1Nestling0:            importCplSetList(i=  1): __UNSPECIFIED__
20230501 063917.158 INFO             PET0       advectDiff_Parent-TO-advectDiff_Gen1Nestling0:      exportStandardNameList(j=  1): density
20230501 063917.158 INFO             PET0       advectDiff_Parent-TO-advectDiff_Gen1Nestling0:         exportNamespaceList(j=  1): advectDiff_Gen1Nestling0
20230501 063917.158 INFO             PET0       advectDiff_Parent-TO-advectDiff_Gen1Nestling0:            exportCplSetList(j=  1): __UNSPECIFIED__
20230501 063917.158 INFO             PET0       advectDiff_Parent-TO-advectDiff_Gen1Nestling0: bondLevel= 1
20230501 063917.158 INFO             PET0       advectDiff_Parent-TO-advectDiff_Gen1Nestling0: ProducerConnection (bondLevelMax):         1
20230501 063917.158 INFO             PET0     advectDiff_Parent-TO-advectDiff_Gen1Nestling0: InitializeIPDv05p2a extro.
20230501 063917.158 INFO             PET0     advectDiff_Parent-TO-advectDiff_Gen1Nestling1: InitializeIPDv05p2a intro.
20230501 063917.162 INFO             PET0       advectDiff_Parent-TO-advectDiff_Gen1Nestling1:      importStandardNameList(i=  1): density
20230501 063917.162 INFO             PET0       advectDiff_Parent-TO-advectDiff_Gen1Nestling1:         importNamespaceList(i=  1): advectDiff_Parent
20230501 063917.162 INFO             PET0       advectDiff_Parent-TO-advectDiff_Gen1Nestling1:            importCplSetList(i=  1): __UNSPECIFIED__
20230501 063917.162 INFO             PET0       advectDiff_Parent-TO-advectDiff_Gen1Nestling1:      exportStandardNameList(j=  1): density
20230501 063917.162 INFO             PET0       advectDiff_Parent-TO-advectDiff_Gen1Nestling1:         exportNamespaceList(j=  1): advectDiff_Gen1Nestling1
20230501 063917.162 INFO             PET0       advectDiff_Parent-TO-advectDiff_Gen1Nestling1:            exportCplSetList(j=  1): __UNSPECIFIED__
20230501 063917.162 INFO             PET0       advectDiff_Parent-TO-advectDiff_Gen1Nestling1: bondLevel= 1
20230501 063917.162 INFO             PET0       advectDiff_Parent-TO-advectDiff_Gen1Nestling1: ProducerConnection (bondLevelMax):         1
20230501 063917.162 INFO             PET0     advectDiff_Parent-TO-advectDiff_Gen1Nestling1: InitializeIPDv05p2a extro.
20230501 063917.163 INFO             PET0     advectDiff_Gen1Nestling0-TO-advectDiff_Gen2Nestling0: InitializeIPDv05p2a intro.
20230501 063917.166 INFO             PET0       advectDiff_Gen1Nestling0-TO-advectDiff_Gen2Nestling0:      importStandardNameList(i=  1): density
20230501 063917.167 INFO             PET0       advectDiff_Gen1Nestling0-TO-advectDiff_Gen2Nestling0:         importNamespaceList(i=  1): advectDiff_Gen1Nestling0
20230501 063917.167 INFO             PET0       advectDiff_Gen1Nestling0-TO-advectDiff_Gen2Nestling0:            importCplSetList(i=  1): __UNSPECIFIED__
20230501 063917.167 INFO             PET0       advectDiff_Gen1Nestling0-TO-advectDiff_Gen2Nestling0:      exportStandardNameList(j=  1): density
20230501 063917.167 INFO             PET0       advectDiff_Gen1Nestling0-TO-advectDiff_Gen2Nestling0:         exportNamespaceList(j=  1): advectDiff_Gen2Nestling0
20230501 063917.167 INFO             PET0       advectDiff_Gen1Nestling0-TO-advectDiff_Gen2Nestling0:            exportCplSetList(j=  1): __UNSPECIFIED__
20230501 063917.167 INFO             PET0       advectDiff_Gen1Nestling0-TO-advectDiff_Gen2Nestling0: bondLevel= 1
20230501 063917.167 INFO             PET0       advectDiff_Gen1Nestling0-TO-advectDiff_Gen2Nestling0: ProducerConnection (bondLevelMax):         1
20230501 063917.167 INFO             PET0     advectDiff_Gen1Nestling0-TO-advectDiff_Gen2Nestling0: InitializeIPDv05p2a extro.
20230501 063917.167 INFO             PET0     advectDiff_Parent-TO-advectDiff_Gen1Nestling0: InitializeIPDv05p2b intro.
20230501 063917.171 INFO             PET0       advectDiff_Parent-TO-advectDiff_Gen1Nestling0:      importStandardNameList(i=  1): density
20230501 063917.171 INFO             PET0       advectDiff_Parent-TO-advectDiff_Gen1Nestling0:         importNamespaceList(i=  1): advectDiff_Parent
20230501 063917.171 INFO             PET0       advectDiff_Parent-TO-advectDiff_Gen1Nestling0:            importCplSetList(i=  1): __UNSPECIFIED__
20230501 063917.171 INFO             PET0       advectDiff_Parent-TO-advectDiff_Gen1Nestling0:      exportStandardNameList(j=  1): density
20230501 063917.171 INFO             PET0       advectDiff_Parent-TO-advectDiff_Gen1Nestling0:         exportNamespaceList(j=  1): advectDiff_Gen1Nestling0
20230501 063917.171 INFO             PET0       advectDiff_Parent-TO-advectDiff_Gen1Nestling0:            exportCplSetList(j=  1): __UNSPECIFIED__
20230501 063917.171 INFO             PET0       advectDiff_Parent-TO-advectDiff_Gen1Nestling0: bondLevel= 1
20230501 063917.171 INFO             PET0       advectDiff_Parent-TO-advectDiff_Gen1Nestling0: => added cplList(  1)=density, cplSetList(  1)=__UNSPECIFIED__
20230501 063917.171 INFO             PET0     advectDiff_Parent-TO-advectDiff_Gen1Nestling0: InitializeIPDv05p2b extro.
20230501 063917.171 INFO             PET0     advectDiff_Parent-TO-advectDiff_Gen1Nestling1: InitializeIPDv05p2b intro.
20230501 063917.175 INFO             PET0       advectDiff_Parent-TO-advectDiff_Gen1Nestling1:      importStandardNameList(i=  1): density
20230501 063917.175 INFO             PET0       advectDiff_Parent-TO-advectDiff_Gen1Nestling1:         importNamespaceList(i=  1): advectDiff_Parent
20230501 063917.175 INFO             PET0       advectDiff_Parent-TO-advectDiff_Gen1Nestling1:            importCplSetList(i=  1): __UNSPECIFIED__
20230501 063917.175 INFO             PET0       advectDiff_Parent-TO-advectDiff_Gen1Nestling1:      exportStandardNameList(j=  1): density
20230501 063917.175 INFO             PET0       advectDiff_Parent-TO-advectDiff_Gen1Nestling1:         exportNamespaceList(j=  1): advectDiff_Gen1Nestling1
20230501 063917.175 INFO             PET0       advectDiff_Parent-TO-advectDiff_Gen1Nestling1:            exportCplSetList(j=  1): __UNSPECIFIED__
20230501 063917.175 INFO             PET0       advectDiff_Parent-TO-advectDiff_Gen1Nestling1: bondLevel= 1
20230501 063917.175 INFO             PET0       advectDiff_Parent-TO-advectDiff_Gen1Nestling1: => added cplList(  1)=density, cplSetList(  1)=__UNSPECIFIED__
20230501 063917.175 INFO             PET0     advectDiff_Parent-TO-advectDiff_Gen1Nestling1: InitializeIPDv05p2b extro.
20230501 063917.176 INFO             PET0     advectDiff_Gen1Nestling0-TO-advectDiff_Gen2Nestling0: InitializeIPDv05p2b intro.
20230501 063917.180 INFO             PET0       advectDiff_Gen1Nestling0-TO-advectDiff_Gen2Nestling0:      importStandardNameList(i=  1): density
20230501 063917.180 INFO             PET0       advectDiff_Gen1Nestling0-TO-advectDiff_Gen2Nestling0:         importNamespaceList(i=  1): advectDiff_Gen1Nestling0
20230501 063917.180 INFO             PET0       advectDiff_Gen1Nestling0-TO-advectDiff_Gen2Nestling0:            importCplSetList(i=  1): __UNSPECIFIED__
20230501 063917.180 INFO             PET0       advectDiff_Gen1Nestling0-TO-advectDiff_Gen2Nestling0:      exportStandardNameList(j=  1): density
20230501 063917.180 INFO             PET0       advectDiff_Gen1Nestling0-TO-advectDiff_Gen2Nestling0:         exportNamespaceList(j=  1): advectDiff_Gen2Nestling0
20230501 063917.180 INFO             PET0       advectDiff_Gen1Nestling0-TO-advectDiff_Gen2Nestling0:            exportCplSetList(j=  1): __UNSPECIFIED__
20230501 063917.180 INFO             PET0       advectDiff_Gen1Nestling0-TO-advectDiff_Gen2Nestling0: bondLevel= 1
20230501 063917.180 INFO             PET0       advectDiff_Gen1Nestling0-TO-advectDiff_Gen2Nestling0: => added cplList(  1)=density, cplSetList(  1)=__UNSPECIFIED__
20230501 063917.180 INFO             PET0     advectDiff_Gen1Nestling0-TO-advectDiff_Gen2Nestling0: InitializeIPDv05p2b extro.
20230501 063917.180 INFO             PET0     advection diffusion driver: IInitModifyCplLists intro.
20230501 063917.180 INFO             PET0     advection diffusion driver: IInitModifyCplLists extro.
20230501 063917.181 INFO             PET0     advectDiff_Parent-TO-advectDiff_Gen1Nestling0: InitializeIPDv05p3 intro.
20230501 063917.185 INFO             PET0       advectDiff_Parent-TO-advectDiff_Gen1Nestling0: handle cplList(1): density, cplSetList(1): __UNSPECIFIED__
20230501 063917.185 INFO             PET0       advectDiff_Parent-TO-advectDiff_Gen1Nestling0: - connected.
20230501 063917.185 INFO             PET0       advectDiff_Parent-TO-advectDiff_Gen1Nestling0: - both sides must provide the Field/GeomObject.
20230501 063917.185 INFO             PET0     advectDiff_Parent-TO-advectDiff_Gen1Nestling0: InitializeIPDv05p3 extro.
20230501 063917.185 INFO             PET0     advectDiff_Parent-TO-advectDiff_Gen1Nestling1: InitializeIPDv05p3 intro.
20230501 063917.190 INFO             PET0       advectDiff_Parent-TO-advectDiff_Gen1Nestling1: handle cplList(1): density, cplSetList(1): __UNSPECIFIED__
20230501 063917.190 INFO             PET0       advectDiff_Parent-TO-advectDiff_Gen1Nestling1: - connected.
20230501 063917.190 INFO             PET0       advectDiff_Parent-TO-advectDiff_Gen1Nestling1: - both sides must provide the Field/GeomObject.
20230501 063917.190 INFO             PET0     advectDiff_Parent-TO-advectDiff_Gen1Nestling1: InitializeIPDv05p3 extro.
20230501 063917.190 INFO             PET0     advectDiff_Gen1Nestling0-TO-advectDiff_Gen2Nestling0: InitializeIPDv05p3 intro.
20230501 063917.194 INFO             PET0       advectDiff_Gen1Nestling0-TO-advectDiff_Gen2Nestling0: handle cplList(1): density, cplSetList(1): __UNSPECIFIED__
20230501 063917.194 INFO             PET0       advectDiff_Gen1Nestling0-TO-advectDiff_Gen2Nestling0: - connected.
20230501 063917.194 INFO             PET0       advectDiff_Gen1Nestling0-TO-advectDiff_Gen2Nestling0: - both sides must provide the Field/GeomObject.
20230501 063917.194 INFO             PET0     advectDiff_Gen1Nestling0-TO-advectDiff_Gen2Nestling0: InitializeIPDv05p3 extro.
20230501 063917.194 INFO             PET0     <<<advection diffusion driver: leaving Initialize (phase=<none>) with current time:    0  1  1  0  0  0   0
20230501 063917.194 INFO             PET0   advection diffusion driver: InitializeIPDv02p1 extro.
20230501 063917.194 INFO             PET0   advection diffusion driver: InitializeIPDv02p3 intro.
20230501 063917.195 INFO             PET0     >>>advection diffusion driver: entered Initialize (phase=<none>) with current time:    0  1  1  0  0  0   0
20230501 063917.195 INFO             PET0     advection diffusion driver: IInitCheck intro.
20230501 063917.195 INFO             PET0     advection diffusion driver: IInitCheck extro.
20230501 063917.195 INFO             PET0     advectDiff_Parent: InitializeIPDvXp04 intro.
20230501 063917.202 INFO             PET0     advectDiff_Parent: InitializeIPDvXp04 extro.
20230501 063917.202 INFO             PET0     advectDiff_Gen1Nestling0: InitializeIPDvXp04 intro.
20230501 063917.214 INFO             PET0     advectDiff_Gen1Nestling0: InitializeIPDvXp04 extro.
20230501 063917.215 INFO             PET0     advectDiff_Gen2Nestling0: InitializeIPDvXp04 intro.
20230501 063917.224 INFO             PET0     advectDiff_Gen2Nestling0: InitializeIPDvXp04 extro.
20230501 063917.228 INFO             PET0     advectDiff_Parent-TO-advectDiff_Gen1Nestling0: InitializeIPDv05p4 intro.
20230501 063917.234 INFO             PET0       advectDiff_Parent-TO-advectDiff_Gen1Nestling0: handle cplList(1): density, cplSetList(1): __UNSPECIFIED__
20230501 063917.234 INFO             PET0       advectDiff_Parent-TO-advectDiff_Gen1Nestling0: - nothing shared or transferred
20230501 063917.234 INFO             PET0     advectDiff_Parent-TO-advectDiff_Gen1Nestling0: InitializeIPDv05p4 extro.
20230501 063917.234 INFO             PET0     advectDiff_Parent-TO-advectDiff_Gen1Nestling1: InitializeIPDv05p4 intro.
20230501 063917.240 INFO             PET0       advectDiff_Parent-TO-advectDiff_Gen1Nestling1: handle cplList(1): density, cplSetList(1): __UNSPECIFIED__
20230501 063917.240 INFO             PET0       advectDiff_Parent-TO-advectDiff_Gen1Nestling1: - nothing shared or transferred
20230501 063917.240 INFO             PET0     advectDiff_Parent-TO-advectDiff_Gen1Nestling1: InitializeIPDv05p4 extro.
20230501 063917.241 INFO             PET0     advectDiff_Gen1Nestling0-TO-advectDiff_Gen2Nestling0: InitializeIPDv05p4 intro.
20230501 063917.246 INFO             PET0       advectDiff_Gen1Nestling0-TO-advectDiff_Gen2Nestling0: handle cplList(1): density, cplSetList(1): __UNSPECIFIED__
20230501 063917.246 INFO             PET0       advectDiff_Gen1Nestling0-TO-advectDiff_Gen2Nestling0: - nothing shared or transferred
20230501 063917.246 INFO             PET0     advectDiff_Gen1Nestling0-TO-advectDiff_Gen2Nestling0: InitializeIPDv05p4 extro.
20230501 063917.247 INFO             PET0     advectDiff_Parent-TO-advectDiff_Gen1Nestling0: InitializeIPDv05p5 intro.
20230501 063917.252 INFO             PET0       advectDiff_Parent-TO-advectDiff_Gen1Nestling0: handle cplList(1): density, cplSetList(1): __UNSPECIFIED__
20230501 063917.253 INFO             PET0       advectDiff_Parent-TO-advectDiff_Gen1Nestling0: - nothing shared or transferred, or may already be handled
20230501 063917.253 INFO             PET0     advectDiff_Parent-TO-advectDiff_Gen1Nestling0: InitializeIPDv05p5 extro.
20230501 063917.253 INFO             PET0     advectDiff_Parent-TO-advectDiff_Gen1Nestling1: InitializeIPDv05p5 intro.
20230501 063917.259 INFO             PET0       advectDiff_Parent-TO-advectDiff_Gen1Nestling1: handle cplList(1): density, cplSetList(1): __UNSPECIFIED__
20230501 063917.259 INFO             PET0       advectDiff_Parent-TO-advectDiff_Gen1Nestling1: - nothing shared or transferred, or may already be handled
20230501 063917.259 INFO             PET0     advectDiff_Parent-TO-advectDiff_Gen1Nestling1: InitializeIPDv05p5 extro.
20230501 063917.259 INFO             PET0     advectDiff_Gen1Nestling0-TO-advectDiff_Gen2Nestling0: InitializeIPDv05p5 intro.
20230501 063917.265 INFO             PET0       advectDiff_Gen1Nestling0-TO-advectDiff_Gen2Nestling0: handle cplList(1): density, cplSetList(1): __UNSPECIFIED__
20230501 063917.265 INFO             PET0       advectDiff_Gen1Nestling0-TO-advectDiff_Gen2Nestling0: - nothing shared or transferred, or may already be handled
20230501 063917.265 INFO             PET0     advectDiff_Gen1Nestling0-TO-advectDiff_Gen2Nestling0: InitializeIPDv05p5 extro.
20230501 063917.265 INFO             PET0     advection diffusion driver: IInitRealize intro.
20230501 063917.265 INFO             PET0     advection diffusion driver: IInitRealize extro.
20230501 063917.265 INFO             PET0     advectDiff_Parent-TO-advectDiff_Gen1Nestling0: InitializeIPDv05p6a intro.
20230501 063917.271 INFO             PET0     advectDiff_Parent-TO-advectDiff_Gen1Nestling0: InitializeIPDv05p6a extro.
20230501 063917.271 INFO             PET0     advectDiff_Parent-TO-advectDiff_Gen1Nestling1: InitializeIPDv05p6a intro.
20230501 063917.276 INFO             PET0     advectDiff_Parent-TO-advectDiff_Gen1Nestling1: InitializeIPDv05p6a extro.
20230501 063917.276 INFO             PET0     advectDiff_Gen1Nestling0-TO-advectDiff_Gen2Nestling0: InitializeIPDv05p6a intro.
20230501 063917.282 INFO             PET0     advectDiff_Gen1Nestling0-TO-advectDiff_Gen2Nestling0: InitializeIPDv05p6a extro.
20230501 063917.282 INFO             PET0     advectDiff_Parent-TO-advectDiff_Gen1Nestling0: InitializeIPDv05p6b intro.
20230501 063917.283 INFO             PET0       advectDiff_Parent-TO-advectDiff_Gen1Nestling0: handle cplList(1): density, cplSetList(1): __UNSPECIFIED__
20230501 063917.064 INFO             PET1 !!!!!!!!!!!!!!!!!!!!!!!!!!!!!!!!!!!!!!!!!!!!!!!!!!!!!!
20230501 063917.064 INFO             PET1 !!! THE ESMF_LOG IS SET TO OUTPUT ALL LOG MESSAGES !!!
20230501 063917.064 INFO             PET1 !!!     THIS MAY CAUSE SLOWDOWN IN PERFORMANCE     !!!
20230501 063917.064 INFO             PET1 !!! FOR PRODUCTION RUNS, USE:                      !!!
20230501 063917.064 INFO             PET1 !!!                   ESMF_LOGKIND_Multi_On_Error  !!!
20230501 063917.064 INFO             PET1 !!!!!!!!!!!!!!!!!!!!!!!!!!!!!!!!!!!!!!!!!!!!!!!!!!!!!!
20230501 063917.064 INFO             PET1 Running with ESMF Version   : v8.5.0b20
20230501 063917.064 INFO             PET1 ESMF library build date/time: "May  1 2023" "05:02:30"
20230501 063917.064 INFO             PET1 ESMF library build location : /glade/scratch/theurich/ESMF-Nightly-Testing/nvhpc_22.2_mpt_g_develop/esmf
20230501 063917.064 INFO             PET1 ESMF_COMM                   : mpt
20230501 063917.064 INFO             PET1 ESMF_MOAB                   : enabled
20230501 063917.064 INFO             PET1 ESMF_LAPACK                 : enabled
20230501 063917.064 INFO             PET1 ESMF_NETCDF                 : enabled
20230501 063917.064 INFO             PET1 ESMF_PNETCDF                : disabled
20230501 063917.064 INFO             PET1 ESMF_PIO                    : enabled
20230501 063917.064 INFO             PET1 ESMF_YAMLCPP                : enabled
20230501 063917.065 INFO             PET1 mainApp STARTING
20230501 063917.072 INFO             PET1 advection diffusion driver: InitializeGeneric intro.
20230501 063917.072 INFO             PET1   advection diffusion driver: InitializeP0 intro.
20230501 063917.072 INFO             PET1   advection diffusion driver: InitializeP0 extro.
20230501 063917.072 INFO             PET1   advection diffusion driver: InitializeIPDv02p1 intro.
20230501 063917.072 INFO             PET1     >>>advection diffusion driver: entered Initialize (phase=<none>) without valid internal Clock.
20230501 063917.072 INFO             PET1     advection diffusion driver - Creating model component advectDiff_Parent without petList.
20230501 063917.076 INFO             PET1     advection diffusion driver - Creating model component advectDiff_Gen1Nestling0 with petList of size 2 :
20230501 063917.076 INFO             PET1           0      1
20230501 063917.080 INFO             PET1     advection diffusion driver - Creating model component advectDiff_Gen1Nestling1 with petList of size 2 :
20230501 063917.080 INFO             PET1           2      3
20230501 063917.080 INFO             PET1     advection diffusion driver - Creating model component advectDiff_Gen2Nestling0 without petList.
20230501 063917.084 INFO             PET1     advection diffusion driver - Creating state: modelComp 1 Import State
20230501 063917.084 INFO             PET1     advection diffusion driver - Creating state: modelComp 1 Export State
20230501 063917.085 INFO             PET1     advection diffusion driver - Creating state: modelComp 2 Import State
20230501 063917.085 INFO             PET1     advection diffusion driver - Creating state: modelComp 2 Export State
20230501 063917.085 INFO             PET1     advection diffusion driver - Creating state: modelComp 3 Import State
20230501 063917.085 INFO             PET1     advection diffusion driver - Creating state: modelComp 3 Export State
20230501 063917.085 INFO             PET1     advection diffusion driver - Creating state: modelComp 4 Import State
20230501 063917.085 INFO             PET1     advection diffusion driver - Creating state: modelComp 4 Export State
20230501 063917.088 INFO             PET1     advectDiff_Parent: InitializeP0 intro.
20230501 063917.089 INFO             PET1     advectDiff_Parent: InitializeP0 extro.
20230501 063917.089 INFO             PET1     advectDiff_Gen1Nestling0: InitializeP0 intro.
20230501 063917.091 INFO             PET1     advectDiff_Gen1Nestling0: InitializeP0 extro.
20230501 063917.091 INFO             PET1     advectDiff_Gen2Nestling0: InitializeP0 intro.
20230501 063917.093 INFO             PET1     advectDiff_Gen2Nestling0: InitializeP0 extro.
20230501 063917.098 INFO             PET1     advection diffusion driver - Creating connector component advectDiff_Parent-TO-advectDiff_Gen1Nestling0 without petList.
20230501 063917.106 INFO             PET1     advection diffusion driver - Setting Verbosity on created component to: high
20230501 063917.106 INFO             PET1     advection diffusion driver - Setting Profiling on created component to:          0
20230501 063917.107 INFO             PET1     advection diffusion driver - Creating connector component advectDiff_Parent-TO-advectDiff_Gen1Nestling1 without petList.
20230501 063917.118 INFO             PET1     advection diffusion driver - Setting Verbosity on created component to: high
20230501 063917.118 INFO             PET1     advection diffusion driver - Setting Profiling on created component to:          0
20230501 063917.118 INFO             PET1     advection diffusion driver - Creating connector component advectDiff_Gen1Nestling0-TO-advectDiff_Gen2Nestling0 without petList.
20230501 063917.126 INFO             PET1     advection diffusion driver - Setting Verbosity on created component to: high
20230501 063917.126 INFO             PET1     advection diffusion driver - Setting Profiling on created component to:          0
20230501 063917.131 INFO             PET1     advection diffusion driver: IInitAdvertise intro.
20230501 063917.131 INFO             PET1     advection diffusion driver: IInitAdvertise extro.
20230501 063917.131 INFO             PET1     advectDiff_Parent: InitializeIPDvXp01 intro.
20230501 063917.132 INFO             PET1     advectDiff_Parent: InitializeIPDvXp01 extro.
20230501 063917.132 INFO             PET1     advectDiff_Gen1Nestling0: InitializeIPDvXp01 intro.
20230501 063917.134 INFO             PET1     advectDiff_Gen1Nestling0: InitializeIPDvXp01 extro.
20230501 063917.134 INFO             PET1     advectDiff_Gen2Nestling0: InitializeIPDvXp01 intro.
20230501 063917.136 INFO             PET1     advectDiff_Gen2Nestling0: InitializeIPDvXp01 extro.
20230501 063917.140 INFO             PET1     advectDiff_Parent-TO-advectDiff_Gen1Nestling0: InitializeIPDv05p1 intro.
20230501 063917.145 INFO             PET1       advectDiff_Parent-TO-advectDiff_Gen1Nestling0: importState FieldTransferPolicy = transferNone
20230501 063917.145 INFO             PET1       advectDiff_Parent-TO-advectDiff_Gen1Nestling0: exportState FieldTransferPolicy = transferNone
20230501 063917.145 INFO             PET1     advectDiff_Parent-TO-advectDiff_Gen1Nestling0: InitializeIPDv05p1 extro.
20230501 063917.145 INFO             PET1     advectDiff_Parent-TO-advectDiff_Gen1Nestling1: InitializeIPDv05p1 intro.
20230501 063917.149 INFO             PET1       advectDiff_Parent-TO-advectDiff_Gen1Nestling1: importState FieldTransferPolicy = transferNone
20230501 063917.149 INFO             PET1       advectDiff_Parent-TO-advectDiff_Gen1Nestling1: exportState FieldTransferPolicy = transferNone
20230501 063917.149 INFO             PET1     advectDiff_Parent-TO-advectDiff_Gen1Nestling1: InitializeIPDv05p1 extro.
20230501 063917.149 INFO             PET1     advectDiff_Gen1Nestling0-TO-advectDiff_Gen2Nestling0: InitializeIPDv05p1 intro.
20230501 063917.153 INFO             PET1       advectDiff_Gen1Nestling0-TO-advectDiff_Gen2Nestling0: importState FieldTransferPolicy = transferNone
20230501 063917.153 INFO             PET1       advectDiff_Gen1Nestling0-TO-advectDiff_Gen2Nestling0: exportState FieldTransferPolicy = transferNone
20230501 063917.153 INFO             PET1     advectDiff_Gen1Nestling0-TO-advectDiff_Gen2Nestling0: InitializeIPDv05p1 extro.
20230501 063917.153 INFO             PET1     advection diffusion driver: IInitAdvertiseFinish intro.
20230501 063917.153 INFO             PET1     advection diffusion driver: IInitAdvertiseFinish extro.
20230501 063917.154 INFO             PET1     advectDiff_Parent-TO-advectDiff_Gen1Nestling0: InitializeIPDv05p2a intro.
20230501 063917.158 INFO             PET1       advectDiff_Parent-TO-advectDiff_Gen1Nestling0:      importStandardNameList(i=  1): density
20230501 063917.158 INFO             PET1       advectDiff_Parent-TO-advectDiff_Gen1Nestling0:         importNamespaceList(i=  1): advectDiff_Parent
20230501 063917.158 INFO             PET1       advectDiff_Parent-TO-advectDiff_Gen1Nestling0:            importCplSetList(i=  1): __UNSPECIFIED__
20230501 063917.158 INFO             PET1       advectDiff_Parent-TO-advectDiff_Gen1Nestling0:      exportStandardNameList(j=  1): density
20230501 063917.158 INFO             PET1       advectDiff_Parent-TO-advectDiff_Gen1Nestling0:         exportNamespaceList(j=  1): advectDiff_Gen1Nestling0
20230501 063917.158 INFO             PET1       advectDiff_Parent-TO-advectDiff_Gen1Nestling0:            exportCplSetList(j=  1): __UNSPECIFIED__
20230501 063917.158 INFO             PET1       advectDiff_Parent-TO-advectDiff_Gen1Nestling0: bondLevel= 1
20230501 063917.158 INFO             PET1       advectDiff_Parent-TO-advectDiff_Gen1Nestling0: ProducerConnection (bondLevelMax):         1
20230501 063917.158 INFO             PET1     advectDiff_Parent-TO-advectDiff_Gen1Nestling0: InitializeIPDv05p2a extro.
20230501 063917.158 INFO             PET1     advectDiff_Parent-TO-advectDiff_Gen1Nestling1: InitializeIPDv05p2a intro.
20230501 063917.162 INFO             PET1       advectDiff_Parent-TO-advectDiff_Gen1Nestling1:      importStandardNameList(i=  1): density
20230501 063917.162 INFO             PET1       advectDiff_Parent-TO-advectDiff_Gen1Nestling1:         importNamespaceList(i=  1): advectDiff_Parent
20230501 063917.162 INFO             PET1       advectDiff_Parent-TO-advectDiff_Gen1Nestling1:            importCplSetList(i=  1): __UNSPECIFIED__
20230501 063917.162 INFO             PET1       advectDiff_Parent-TO-advectDiff_Gen1Nestling1:      exportStandardNameList(j=  1): density
20230501 063917.162 INFO             PET1       advectDiff_Parent-TO-advectDiff_Gen1Nestling1:         exportNamespaceList(j=  1): advectDiff_Gen1Nestling1
20230501 063917.162 INFO             PET1       advectDiff_Parent-TO-advectDiff_Gen1Nestling1:            exportCplSetList(j=  1): __UNSPECIFIED__
20230501 063917.162 INFO             PET1       advectDiff_Parent-TO-advectDiff_Gen1Nestling1: bondLevel= 1
20230501 063917.162 INFO             PET1       advectDiff_Parent-TO-advectDiff_Gen1Nestling1: ProducerConnection (bondLevelMax):         1
20230501 063917.162 INFO             PET1     advectDiff_Parent-TO-advectDiff_Gen1Nestling1: InitializeIPDv05p2a extro.
20230501 063917.163 INFO             PET1     advectDiff_Gen1Nestling0-TO-advectDiff_Gen2Nestling0: InitializeIPDv05p2a intro.
20230501 063917.166 INFO             PET1       advectDiff_Gen1Nestling0-TO-advectDiff_Gen2Nestling0:      importStandardNameList(i=  1): density
20230501 063917.167 INFO             PET1       advectDiff_Gen1Nestling0-TO-advectDiff_Gen2Nestling0:         importNamespaceList(i=  1): advectDiff_Gen1Nestling0
20230501 063917.167 INFO             PET1       advectDiff_Gen1Nestling0-TO-advectDiff_Gen2Nestling0:            importCplSetList(i=  1): __UNSPECIFIED__
20230501 063917.167 INFO             PET1       advectDiff_Gen1Nestling0-TO-advectDiff_Gen2Nestling0:      exportStandardNameList(j=  1): density
20230501 063917.167 INFO             PET1       advectDiff_Gen1Nestling0-TO-advectDiff_Gen2Nestling0:         exportNamespaceList(j=  1): advectDiff_Gen2Nestling0
20230501 063917.167 INFO             PET1       advectDiff_Gen1Nestling0-TO-advectDiff_Gen2Nestling0:            exportCplSetList(j=  1): __UNSPECIFIED__
20230501 063917.167 INFO             PET1       advectDiff_Gen1Nestling0-TO-advectDiff_Gen2Nestling0: bondLevel= 1
20230501 063917.167 INFO             PET1       advectDiff_Gen1Nestling0-TO-advectDiff_Gen2Nestling0: ProducerConnection (bondLevelMax):         1
20230501 063917.167 INFO             PET1     advectDiff_Gen1Nestling0-TO-advectDiff_Gen2Nestling0: InitializeIPDv05p2a extro.
20230501 063917.167 INFO             PET1     advectDiff_Parent-TO-advectDiff_Gen1Nestling0: InitializeIPDv05p2b intro.
20230501 063917.171 INFO             PET1       advectDiff_Parent-TO-advectDiff_Gen1Nestling0:      importStandardNameList(i=  1): density
20230501 063917.171 INFO             PET1       advectDiff_Parent-TO-advectDiff_Gen1Nestling0:         importNamespaceList(i=  1): advectDiff_Parent
20230501 063917.171 INFO             PET1       advectDiff_Parent-TO-advectDiff_Gen1Nestling0:            importCplSetList(i=  1): __UNSPECIFIED__
20230501 063917.171 INFO             PET1       advectDiff_Parent-TO-advectDiff_Gen1Nestling0:      exportStandardNameList(j=  1): density
20230501 063917.171 INFO             PET1       advectDiff_Parent-TO-advectDiff_Gen1Nestling0:         exportNamespaceList(j=  1): advectDiff_Gen1Nestling0
20230501 063917.171 INFO             PET1       advectDiff_Parent-TO-advectDiff_Gen1Nestling0:            exportCplSetList(j=  1): __UNSPECIFIED__
20230501 063917.171 INFO             PET1       advectDiff_Parent-TO-advectDiff_Gen1Nestling0: bondLevel= 1
20230501 063917.171 INFO             PET1       advectDiff_Parent-TO-advectDiff_Gen1Nestling0: => added cplList(  1)=density, cplSetList(  1)=__UNSPECIFIED__
20230501 063917.171 INFO             PET1     advectDiff_Parent-TO-advectDiff_Gen1Nestling0: InitializeIPDv05p2b extro.
20230501 063917.171 INFO             PET1     advectDiff_Parent-TO-advectDiff_Gen1Nestling1: InitializeIPDv05p2b intro.
20230501 063917.175 INFO             PET1       advectDiff_Parent-TO-advectDiff_Gen1Nestling1:      importStandardNameList(i=  1): density
20230501 063917.175 INFO             PET1       advectDiff_Parent-TO-advectDiff_Gen1Nestling1:         importNamespaceList(i=  1): advectDiff_Parent
20230501 063917.175 INFO             PET1       advectDiff_Parent-TO-advectDiff_Gen1Nestling1:            importCplSetList(i=  1): __UNSPECIFIED__
20230501 063917.175 INFO             PET1       advectDiff_Parent-TO-advectDiff_Gen1Nestling1:      exportStandardNameList(j=  1): density
20230501 063917.175 INFO             PET1       advectDiff_Parent-TO-advectDiff_Gen1Nestling1:         exportNamespaceList(j=  1): advectDiff_Gen1Nestling1
20230501 063917.175 INFO             PET1       advectDiff_Parent-TO-advectDiff_Gen1Nestling1:            exportCplSetList(j=  1): __UNSPECIFIED__
20230501 063917.175 INFO             PET1       advectDiff_Parent-TO-advectDiff_Gen1Nestling1: bondLevel= 1
20230501 063917.175 INFO             PET1       advectDiff_Parent-TO-advectDiff_Gen1Nestling1: => added cplList(  1)=density, cplSetList(  1)=__UNSPECIFIED__
20230501 063917.175 INFO             PET1     advectDiff_Parent-TO-advectDiff_Gen1Nestling1: InitializeIPDv05p2b extro.
20230501 063917.176 INFO             PET1     advectDiff_Gen1Nestling0-TO-advectDiff_Gen2Nestling0: InitializeIPDv05p2b intro.
20230501 063917.180 INFO             PET1       advectDiff_Gen1Nestling0-TO-advectDiff_Gen2Nestling0:      importStandardNameList(i=  1): density
20230501 063917.180 INFO             PET1       advectDiff_Gen1Nestling0-TO-advectDiff_Gen2Nestling0:         importNamespaceList(i=  1): advectDiff_Gen1Nestling0
20230501 063917.180 INFO             PET1       advectDiff_Gen1Nestling0-TO-advectDiff_Gen2Nestling0:            importCplSetList(i=  1): __UNSPECIFIED__
20230501 063917.180 INFO             PET1       advectDiff_Gen1Nestling0-TO-advectDiff_Gen2Nestling0:      exportStandardNameList(j=  1): density
20230501 063917.180 INFO             PET1       advectDiff_Gen1Nestling0-TO-advectDiff_Gen2Nestling0:         exportNamespaceList(j=  1): advectDiff_Gen2Nestling0
20230501 063917.180 INFO             PET1       advectDiff_Gen1Nestling0-TO-advectDiff_Gen2Nestling0:            exportCplSetList(j=  1): __UNSPECIFIED__
20230501 063917.180 INFO             PET1       advectDiff_Gen1Nestling0-TO-advectDiff_Gen2Nestling0: bondLevel= 1
20230501 063917.180 INFO             PET1       advectDiff_Gen1Nestling0-TO-advectDiff_Gen2Nestling0: => added cplList(  1)=density, cplSetList(  1)=__UNSPECIFIED__
20230501 063917.180 INFO             PET1     advectDiff_Gen1Nestling0-TO-advectDiff_Gen2Nestling0: InitializeIPDv05p2b extro.
20230501 063917.180 INFO             PET1     advection diffusion driver: IInitModifyCplLists intro.
20230501 063917.180 INFO             PET1     advection diffusion driver: IInitModifyCplLists extro.
20230501 063917.181 INFO             PET1     advectDiff_Parent-TO-advectDiff_Gen1Nestling0: InitializeIPDv05p3 intro.
20230501 063917.185 INFO             PET1       advectDiff_Parent-TO-advectDiff_Gen1Nestling0: handle cplList(1): density, cplSetList(1): __UNSPECIFIED__
20230501 063917.185 INFO             PET1       advectDiff_Parent-TO-advectDiff_Gen1Nestling0: - connected.
20230501 063917.185 INFO             PET1       advectDiff_Parent-TO-advectDiff_Gen1Nestling0: - both sides must provide the Field/GeomObject.
20230501 063917.185 INFO             PET1     advectDiff_Parent-TO-advectDiff_Gen1Nestling0: InitializeIPDv05p3 extro.
20230501 063917.185 INFO             PET1     advectDiff_Parent-TO-advectDiff_Gen1Nestling1: InitializeIPDv05p3 intro.
20230501 063917.190 INFO             PET1       advectDiff_Parent-TO-advectDiff_Gen1Nestling1: handle cplList(1): density, cplSetList(1): __UNSPECIFIED__
20230501 063917.190 INFO             PET1       advectDiff_Parent-TO-advectDiff_Gen1Nestling1: - connected.
20230501 063917.190 INFO             PET1       advectDiff_Parent-TO-advectDiff_Gen1Nestling1: - both sides must provide the Field/GeomObject.
20230501 063917.190 INFO             PET1     advectDiff_Parent-TO-advectDiff_Gen1Nestling1: InitializeIPDv05p3 extro.
20230501 063917.190 INFO             PET1     advectDiff_Gen1Nestling0-TO-advectDiff_Gen2Nestling0: InitializeIPDv05p3 intro.
20230501 063917.194 INFO             PET1       advectDiff_Gen1Nestling0-TO-advectDiff_Gen2Nestling0: handle cplList(1): density, cplSetList(1): __UNSPECIFIED__
20230501 063917.194 INFO             PET1       advectDiff_Gen1Nestling0-TO-advectDiff_Gen2Nestling0: - connected.
20230501 063917.194 INFO             PET1       advectDiff_Gen1Nestling0-TO-advectDiff_Gen2Nestling0: - both sides must provide the Field/GeomObject.
20230501 063917.194 INFO             PET1     advectDiff_Gen1Nestling0-TO-advectDiff_Gen2Nestling0: InitializeIPDv05p3 extro.
20230501 063917.194 INFO             PET1     <<<advection diffusion driver: leaving Initialize (phase=<none>) with current time:    0  1  1  0  0  0   0
20230501 063917.194 INFO             PET1   advection diffusion driver: InitializeIPDv02p1 extro.
20230501 063917.194 INFO             PET1   advection diffusion driver: InitializeIPDv02p3 intro.
20230501 063917.195 INFO             PET1     >>>advection diffusion driver: entered Initialize (phase=<none>) with current time:    0  1  1  0  0  0   0
20230501 063917.195 INFO             PET1     advection diffusion driver: IInitCheck intro.
20230501 063917.195 INFO             PET1     advection diffusion driver: IInitCheck extro.
20230501 063917.195 INFO             PET1     advectDiff_Parent: InitializeIPDvXp04 intro.
20230501 063917.202 INFO             PET1     advectDiff_Parent: InitializeIPDvXp04 extro.
20230501 063917.202 INFO             PET1     advectDiff_Gen1Nestling0: InitializeIPDvXp04 intro.
20230501 063917.214 INFO             PET1     advectDiff_Gen1Nestling0: InitializeIPDvXp04 extro.
20230501 063917.215 INFO             PET1     advectDiff_Gen2Nestling0: InitializeIPDvXp04 intro.
20230501 063917.224 INFO             PET1     advectDiff_Gen2Nestling0: InitializeIPDvXp04 extro.
20230501 063917.228 INFO             PET1     advectDiff_Parent-TO-advectDiff_Gen1Nestling0: InitializeIPDv05p4 intro.
20230501 063917.234 INFO             PET1       advectDiff_Parent-TO-advectDiff_Gen1Nestling0: handle cplList(1): density, cplSetList(1): __UNSPECIFIED__
20230501 063917.234 INFO             PET1       advectDiff_Parent-TO-advectDiff_Gen1Nestling0: - nothing shared or transferred
20230501 063917.234 INFO             PET1     advectDiff_Parent-TO-advectDiff_Gen1Nestling0: InitializeIPDv05p4 extro.
20230501 063917.234 INFO             PET1     advectDiff_Parent-TO-advectDiff_Gen1Nestling1: InitializeIPDv05p4 intro.
20230501 063917.240 INFO             PET1       advectDiff_Parent-TO-advectDiff_Gen1Nestling1: handle cplList(1): density, cplSetList(1): __UNSPECIFIED__
20230501 063917.240 INFO             PET1       advectDiff_Parent-TO-advectDiff_Gen1Nestling1: - nothing shared or transferred
20230501 063917.240 INFO             PET1     advectDiff_Parent-TO-advectDiff_Gen1Nestling1: InitializeIPDv05p4 extro.
20230501 063917.241 INFO             PET1     advectDiff_Gen1Nestling0-TO-advectDiff_Gen2Nestling0: InitializeIPDv05p4 intro.
20230501 063917.246 INFO             PET1       advectDiff_Gen1Nestling0-TO-advectDiff_Gen2Nestling0: handle cplList(1): density, cplSetList(1): __UNSPECIFIED__
20230501 063917.246 INFO             PET1       advectDiff_Gen1Nestling0-TO-advectDiff_Gen2Nestling0: - nothing shared or transferred
20230501 063917.246 INFO             PET1     advectDiff_Gen1Nestling0-TO-advectDiff_Gen2Nestling0: InitializeIPDv05p4 extro.
20230501 063917.247 INFO             PET1     advectDiff_Parent-TO-advectDiff_Gen1Nestling0: InitializeIPDv05p5 intro.
20230501 063917.252 INFO             PET1       advectDiff_Parent-TO-advectDiff_Gen1Nestling0: handle cplList(1): density, cplSetList(1): __UNSPECIFIED__
20230501 063917.253 INFO             PET1       advectDiff_Parent-TO-advectDiff_Gen1Nestling0: - nothing shared or transferred, or may already be handled
20230501 063917.253 INFO             PET1     advectDiff_Parent-TO-advectDiff_Gen1Nestling0: InitializeIPDv05p5 extro.
20230501 063917.253 INFO             PET1     advectDiff_Parent-TO-advectDiff_Gen1Nestling1: InitializeIPDv05p5 intro.
20230501 063917.259 INFO             PET1       advectDiff_Parent-TO-advectDiff_Gen1Nestling1: handle cplList(1): density, cplSetList(1): __UNSPECIFIED__
20230501 063917.259 INFO             PET1       advectDiff_Parent-TO-advectDiff_Gen1Nestling1: - nothing shared or transferred, or may already be handled
20230501 063917.259 INFO             PET1     advectDiff_Parent-TO-advectDiff_Gen1Nestling1: InitializeIPDv05p5 extro.
20230501 063917.259 INFO             PET1     advectDiff_Gen1Nestling0-TO-advectDiff_Gen2Nestling0: InitializeIPDv05p5 intro.
20230501 063917.265 INFO             PET1       advectDiff_Gen1Nestling0-TO-advectDiff_Gen2Nestling0: handle cplList(1): density, cplSetList(1): __UNSPECIFIED__
20230501 063917.265 INFO             PET1       advectDiff_Gen1Nestling0-TO-advectDiff_Gen2Nestling0: - nothing shared or transferred, or may already be handled
20230501 063917.265 INFO             PET1     advectDiff_Gen1Nestling0-TO-advectDiff_Gen2Nestling0: InitializeIPDv05p5 extro.
20230501 063917.265 INFO             PET1     advection diffusion driver: IInitRealize intro.
20230501 063917.265 INFO             PET1     advection diffusion driver: IInitRealize extro.
20230501 063917.265 INFO             PET1     advectDiff_Parent-TO-advectDiff_Gen1Nestling0: InitializeIPDv05p6a intro.
20230501 063917.271 INFO             PET1     advectDiff_Parent-TO-advectDiff_Gen1Nestling0: InitializeIPDv05p6a extro.
20230501 063917.271 INFO             PET1     advectDiff_Parent-TO-advectDiff_Gen1Nestling1: InitializeIPDv05p6a intro.
20230501 063917.276 INFO             PET1     advectDiff_Parent-TO-advectDiff_Gen1Nestling1: InitializeIPDv05p6a extro.
20230501 063917.276 INFO             PET1     advectDiff_Gen1Nestling0-TO-advectDiff_Gen2Nestling0: InitializeIPDv05p6a intro.
20230501 063917.282 INFO             PET1     advectDiff_Gen1Nestling0-TO-advectDiff_Gen2Nestling0: InitializeIPDv05p6a extro.
20230501 063917.282 INFO             PET1     advectDiff_Parent-TO-advectDiff_Gen1Nestling0: InitializeIPDv05p6b intro.
20230501 063917.283 INFO             PET1       advectDiff_Parent-TO-advectDiff_Gen1Nestling0: handle cplList(1): density, cplSetList(1): __UNSPECIFIED__
20230501 063917.064 INFO             PET2 !!!!!!!!!!!!!!!!!!!!!!!!!!!!!!!!!!!!!!!!!!!!!!!!!!!!!!
20230501 063917.064 INFO             PET2 !!! THE ESMF_LOG IS SET TO OUTPUT ALL LOG MESSAGES !!!
20230501 063917.064 INFO             PET2 !!!     THIS MAY CAUSE SLOWDOWN IN PERFORMANCE     !!!
20230501 063917.064 INFO             PET2 !!! FOR PRODUCTION RUNS, USE:                      !!!
20230501 063917.064 INFO             PET2 !!!                   ESMF_LOGKIND_Multi_On_Error  !!!
20230501 063917.064 INFO             PET2 !!!!!!!!!!!!!!!!!!!!!!!!!!!!!!!!!!!!!!!!!!!!!!!!!!!!!!
20230501 063917.064 INFO             PET2 Running with ESMF Version   : v8.5.0b20
20230501 063917.064 INFO             PET2 ESMF library build date/time: "May  1 2023" "05:02:30"
20230501 063917.064 INFO             PET2 ESMF library build location : /glade/scratch/theurich/ESMF-Nightly-Testing/nvhpc_22.2_mpt_g_develop/esmf
20230501 063917.064 INFO             PET2 ESMF_COMM                   : mpt
20230501 063917.064 INFO             PET2 ESMF_MOAB                   : enabled
20230501 063917.064 INFO             PET2 ESMF_LAPACK                 : enabled
20230501 063917.064 INFO             PET2 ESMF_NETCDF                 : enabled
20230501 063917.064 INFO             PET2 ESMF_PNETCDF                : disabled
20230501 063917.064 INFO             PET2 ESMF_PIO                    : enabled
20230501 063917.064 INFO             PET2 ESMF_YAMLCPP                : enabled
20230501 063917.065 INFO             PET2 mainApp STARTING
20230501 063917.072 INFO             PET2 advection diffusion driver: InitializeGeneric intro.
20230501 063917.072 INFO             PET2   advection diffusion driver: InitializeP0 intro.
20230501 063917.072 INFO             PET2   advection diffusion driver: InitializeP0 extro.
20230501 063917.072 INFO             PET2   advection diffusion driver: InitializeIPDv02p1 intro.
20230501 063917.072 INFO             PET2     >>>advection diffusion driver: entered Initialize (phase=<none>) without valid internal Clock.
20230501 063917.072 INFO             PET2     advection diffusion driver - Creating model component advectDiff_Parent without petList.
20230501 063917.076 INFO             PET2     advection diffusion driver - Creating model component advectDiff_Gen1Nestling0 with petList of size 2 :
20230501 063917.076 INFO             PET2           0      1
20230501 063917.076 INFO             PET2     advection diffusion driver - Creating model component advectDiff_Gen1Nestling1 with petList of size 2 :
20230501 063917.076 INFO             PET2           2      3
20230501 063917.080 INFO             PET2     advection diffusion driver - Creating model component advectDiff_Gen2Nestling0 without petList.
20230501 063917.084 INFO             PET2     advection diffusion driver - Creating state: modelComp 1 Import State
20230501 063917.084 INFO             PET2     advection diffusion driver - Creating state: modelComp 1 Export State
20230501 063917.085 INFO             PET2     advection diffusion driver - Creating state: modelComp 2 Import State
20230501 063917.085 INFO             PET2     advection diffusion driver - Creating state: modelComp 2 Export State
20230501 063917.085 INFO             PET2     advection diffusion driver - Creating state: modelComp 3 Import State
20230501 063917.085 INFO             PET2     advection diffusion driver - Creating state: modelComp 3 Export State
20230501 063917.085 INFO             PET2     advection diffusion driver - Creating state: modelComp 4 Import State
20230501 063917.085 INFO             PET2     advection diffusion driver - Creating state: modelComp 4 Export State
20230501 063917.088 INFO             PET2     advectDiff_Parent: InitializeP0 intro.
20230501 063917.089 INFO             PET2     advectDiff_Parent: InitializeP0 extro.
20230501 063917.089 INFO             PET2     advectDiff_Gen1Nestling1: InitializeP0 intro.
20230501 063917.091 INFO             PET2     advectDiff_Gen1Nestling1: InitializeP0 extro.
20230501 063917.091 INFO             PET2     advectDiff_Gen2Nestling0: InitializeP0 intro.
20230501 063917.093 INFO             PET2     advectDiff_Gen2Nestling0: InitializeP0 extro.
20230501 063917.098 INFO             PET2     advection diffusion driver - Creating connector component advectDiff_Parent-TO-advectDiff_Gen1Nestling0 without petList.
20230501 063917.106 INFO             PET2     advection diffusion driver - Setting Verbosity on created component to: high
20230501 063917.106 INFO             PET2     advection diffusion driver - Setting Profiling on created component to:          0
20230501 063917.107 INFO             PET2     advection diffusion driver - Creating connector component advectDiff_Parent-TO-advectDiff_Gen1Nestling1 without petList.
20230501 063917.118 INFO             PET2     advection diffusion driver - Setting Verbosity on created component to: high
20230501 063917.118 INFO             PET2     advection diffusion driver - Setting Profiling on created component to:          0
20230501 063917.118 INFO             PET2     advection diffusion driver - Creating connector component advectDiff_Gen1Nestling0-TO-advectDiff_Gen2Nestling0 without petList.
20230501 063917.126 INFO             PET2     advection diffusion driver - Setting Verbosity on created component to: high
20230501 063917.126 INFO             PET2     advection diffusion driver - Setting Profiling on created component to:          0
20230501 063917.130 INFO             PET2     advection diffusion driver: IInitAdvertise intro.
20230501 063917.131 INFO             PET2     advection diffusion driver: IInitAdvertise extro.
20230501 063917.131 INFO             PET2     advectDiff_Parent: InitializeIPDvXp01 intro.
20230501 063917.132 INFO             PET2     advectDiff_Parent: InitializeIPDvXp01 extro.
20230501 063917.132 INFO             PET2     advectDiff_Gen1Nestling1: InitializeIPDvXp01 intro.
20230501 063917.134 INFO             PET2     advectDiff_Gen1Nestling1: InitializeIPDvXp01 extro.
20230501 063917.134 INFO             PET2     advectDiff_Gen2Nestling0: InitializeIPDvXp01 intro.
20230501 063917.136 INFO             PET2     advectDiff_Gen2Nestling0: InitializeIPDvXp01 extro.
20230501 063917.140 INFO             PET2     advectDiff_Parent-TO-advectDiff_Gen1Nestling0: InitializeIPDv05p1 intro.
20230501 063917.145 INFO             PET2       advectDiff_Parent-TO-advectDiff_Gen1Nestling0: importState FieldTransferPolicy = transferNone
20230501 063917.145 INFO             PET2       advectDiff_Parent-TO-advectDiff_Gen1Nestling0: exportState FieldTransferPolicy = transferNone
20230501 063917.145 INFO             PET2     advectDiff_Parent-TO-advectDiff_Gen1Nestling0: InitializeIPDv05p1 extro.
20230501 063917.145 INFO             PET2     advectDiff_Parent-TO-advectDiff_Gen1Nestling1: InitializeIPDv05p1 intro.
20230501 063917.149 INFO             PET2       advectDiff_Parent-TO-advectDiff_Gen1Nestling1: importState FieldTransferPolicy = transferNone
20230501 063917.149 INFO             PET2       advectDiff_Parent-TO-advectDiff_Gen1Nestling1: exportState FieldTransferPolicy = transferNone
20230501 063917.149 INFO             PET2     advectDiff_Parent-TO-advectDiff_Gen1Nestling1: InitializeIPDv05p1 extro.
20230501 063917.149 INFO             PET2     advectDiff_Gen1Nestling0-TO-advectDiff_Gen2Nestling0: InitializeIPDv05p1 intro.
20230501 063917.153 INFO             PET2       advectDiff_Gen1Nestling0-TO-advectDiff_Gen2Nestling0: importState FieldTransferPolicy = transferNone
20230501 063917.153 INFO             PET2       advectDiff_Gen1Nestling0-TO-advectDiff_Gen2Nestling0: exportState FieldTransferPolicy = transferNone
20230501 063917.153 INFO             PET2     advectDiff_Gen1Nestling0-TO-advectDiff_Gen2Nestling0: InitializeIPDv05p1 extro.
20230501 063917.153 INFO             PET2     advection diffusion driver: IInitAdvertiseFinish intro.
20230501 063917.153 INFO             PET2     advection diffusion driver: IInitAdvertiseFinish extro.
20230501 063917.154 INFO             PET2     advectDiff_Parent-TO-advectDiff_Gen1Nestling0: InitializeIPDv05p2a intro.
20230501 063917.158 INFO             PET2       advectDiff_Parent-TO-advectDiff_Gen1Nestling0:      importStandardNameList(i=  1): density
20230501 063917.158 INFO             PET2       advectDiff_Parent-TO-advectDiff_Gen1Nestling0:         importNamespaceList(i=  1): advectDiff_Parent
20230501 063917.158 INFO             PET2       advectDiff_Parent-TO-advectDiff_Gen1Nestling0:            importCplSetList(i=  1): __UNSPECIFIED__
20230501 063917.158 INFO             PET2       advectDiff_Parent-TO-advectDiff_Gen1Nestling0:      exportStandardNameList(j=  1): density
20230501 063917.158 INFO             PET2       advectDiff_Parent-TO-advectDiff_Gen1Nestling0:         exportNamespaceList(j=  1): advectDiff_Gen1Nestling0
20230501 063917.158 INFO             PET2       advectDiff_Parent-TO-advectDiff_Gen1Nestling0:            exportCplSetList(j=  1): __UNSPECIFIED__
20230501 063917.158 INFO             PET2       advectDiff_Parent-TO-advectDiff_Gen1Nestling0: bondLevel= 1
20230501 063917.158 INFO             PET2       advectDiff_Parent-TO-advectDiff_Gen1Nestling0: ProducerConnection (bondLevelMax):         1
20230501 063917.158 INFO             PET2     advectDiff_Parent-TO-advectDiff_Gen1Nestling0: InitializeIPDv05p2a extro.
20230501 063917.158 INFO             PET2     advectDiff_Parent-TO-advectDiff_Gen1Nestling1: InitializeIPDv05p2a intro.
20230501 063917.162 INFO             PET2       advectDiff_Parent-TO-advectDiff_Gen1Nestling1:      importStandardNameList(i=  1): density
20230501 063917.162 INFO             PET2       advectDiff_Parent-TO-advectDiff_Gen1Nestling1:         importNamespaceList(i=  1): advectDiff_Parent
20230501 063917.162 INFO             PET2       advectDiff_Parent-TO-advectDiff_Gen1Nestling1:            importCplSetList(i=  1): __UNSPECIFIED__
20230501 063917.162 INFO             PET2       advectDiff_Parent-TO-advectDiff_Gen1Nestling1:      exportStandardNameList(j=  1): density
20230501 063917.162 INFO             PET2       advectDiff_Parent-TO-advectDiff_Gen1Nestling1:         exportNamespaceList(j=  1): advectDiff_Gen1Nestling1
20230501 063917.162 INFO             PET2       advectDiff_Parent-TO-advectDiff_Gen1Nestling1:            exportCplSetList(j=  1): __UNSPECIFIED__
20230501 063917.162 INFO             PET2       advectDiff_Parent-TO-advectDiff_Gen1Nestling1: bondLevel= 1
20230501 063917.162 INFO             PET2       advectDiff_Parent-TO-advectDiff_Gen1Nestling1: ProducerConnection (bondLevelMax):         1
20230501 063917.162 INFO             PET2     advectDiff_Parent-TO-advectDiff_Gen1Nestling1: InitializeIPDv05p2a extro.
20230501 063917.162 INFO             PET2     advectDiff_Gen1Nestling0-TO-advectDiff_Gen2Nestling0: InitializeIPDv05p2a intro.
20230501 063917.166 INFO             PET2       advectDiff_Gen1Nestling0-TO-advectDiff_Gen2Nestling0:      importStandardNameList(i=  1): density
20230501 063917.166 INFO             PET2       advectDiff_Gen1Nestling0-TO-advectDiff_Gen2Nestling0:         importNamespaceList(i=  1): advectDiff_Gen1Nestling0
20230501 063917.167 INFO             PET2       advectDiff_Gen1Nestling0-TO-advectDiff_Gen2Nestling0:            importCplSetList(i=  1): __UNSPECIFIED__
20230501 063917.167 INFO             PET2       advectDiff_Gen1Nestling0-TO-advectDiff_Gen2Nestling0:      exportStandardNameList(j=  1): density
20230501 063917.167 INFO             PET2       advectDiff_Gen1Nestling0-TO-advectDiff_Gen2Nestling0:         exportNamespaceList(j=  1): advectDiff_Gen2Nestling0
20230501 063917.167 INFO             PET2       advectDiff_Gen1Nestling0-TO-advectDiff_Gen2Nestling0:            exportCplSetList(j=  1): __UNSPECIFIED__
20230501 063917.167 INFO             PET2       advectDiff_Gen1Nestling0-TO-advectDiff_Gen2Nestling0: bondLevel= 1
20230501 063917.167 INFO             PET2       advectDiff_Gen1Nestling0-TO-advectDiff_Gen2Nestling0: ProducerConnection (bondLevelMax):         1
20230501 063917.167 INFO             PET2     advectDiff_Gen1Nestling0-TO-advectDiff_Gen2Nestling0: InitializeIPDv05p2a extro.
20230501 063917.167 INFO             PET2     advectDiff_Parent-TO-advectDiff_Gen1Nestling0: InitializeIPDv05p2b intro.
20230501 063917.171 INFO             PET2       advectDiff_Parent-TO-advectDiff_Gen1Nestling0:      importStandardNameList(i=  1): density
20230501 063917.171 INFO             PET2       advectDiff_Parent-TO-advectDiff_Gen1Nestling0:         importNamespaceList(i=  1): advectDiff_Parent
20230501 063917.171 INFO             PET2       advectDiff_Parent-TO-advectDiff_Gen1Nestling0:            importCplSetList(i=  1): __UNSPECIFIED__
20230501 063917.171 INFO             PET2       advectDiff_Parent-TO-advectDiff_Gen1Nestling0:      exportStandardNameList(j=  1): density
20230501 063917.171 INFO             PET2       advectDiff_Parent-TO-advectDiff_Gen1Nestling0:         exportNamespaceList(j=  1): advectDiff_Gen1Nestling0
20230501 063917.171 INFO             PET2       advectDiff_Parent-TO-advectDiff_Gen1Nestling0:            exportCplSetList(j=  1): __UNSPECIFIED__
20230501 063917.171 INFO             PET2       advectDiff_Parent-TO-advectDiff_Gen1Nestling0: bondLevel= 1
20230501 063917.171 INFO             PET2       advectDiff_Parent-TO-advectDiff_Gen1Nestling0: => added cplList(  1)=density, cplSetList(  1)=__UNSPECIFIED__
20230501 063917.171 INFO             PET2     advectDiff_Parent-TO-advectDiff_Gen1Nestling0: InitializeIPDv05p2b extro.
20230501 063917.171 INFO             PET2     advectDiff_Parent-TO-advectDiff_Gen1Nestling1: InitializeIPDv05p2b intro.
20230501 063917.175 INFO             PET2       advectDiff_Parent-TO-advectDiff_Gen1Nestling1:      importStandardNameList(i=  1): density
20230501 063917.175 INFO             PET2       advectDiff_Parent-TO-advectDiff_Gen1Nestling1:         importNamespaceList(i=  1): advectDiff_Parent
20230501 063917.175 INFO             PET2       advectDiff_Parent-TO-advectDiff_Gen1Nestling1:            importCplSetList(i=  1): __UNSPECIFIED__
20230501 063917.175 INFO             PET2       advectDiff_Parent-TO-advectDiff_Gen1Nestling1:      exportStandardNameList(j=  1): density
20230501 063917.175 INFO             PET2       advectDiff_Parent-TO-advectDiff_Gen1Nestling1:         exportNamespaceList(j=  1): advectDiff_Gen1Nestling1
20230501 063917.175 INFO             PET2       advectDiff_Parent-TO-advectDiff_Gen1Nestling1:            exportCplSetList(j=  1): __UNSPECIFIED__
20230501 063917.175 INFO             PET2       advectDiff_Parent-TO-advectDiff_Gen1Nestling1: bondLevel= 1
20230501 063917.175 INFO             PET2       advectDiff_Parent-TO-advectDiff_Gen1Nestling1: => added cplList(  1)=density, cplSetList(  1)=__UNSPECIFIED__
20230501 063917.175 INFO             PET2     advectDiff_Parent-TO-advectDiff_Gen1Nestling1: InitializeIPDv05p2b extro.
20230501 063917.176 INFO             PET2     advectDiff_Gen1Nestling0-TO-advectDiff_Gen2Nestling0: InitializeIPDv05p2b intro.
20230501 063917.180 INFO             PET2       advectDiff_Gen1Nestling0-TO-advectDiff_Gen2Nestling0:      importStandardNameList(i=  1): density
20230501 063917.180 INFO             PET2       advectDiff_Gen1Nestling0-TO-advectDiff_Gen2Nestling0:         importNamespaceList(i=  1): advectDiff_Gen1Nestling0
20230501 063917.180 INFO             PET2       advectDiff_Gen1Nestling0-TO-advectDiff_Gen2Nestling0:            importCplSetList(i=  1): __UNSPECIFIED__
20230501 063917.180 INFO             PET2       advectDiff_Gen1Nestling0-TO-advectDiff_Gen2Nestling0:      exportStandardNameList(j=  1): density
20230501 063917.180 INFO             PET2       advectDiff_Gen1Nestling0-TO-advectDiff_Gen2Nestling0:         exportNamespaceList(j=  1): advectDiff_Gen2Nestling0
20230501 063917.180 INFO             PET2       advectDiff_Gen1Nestling0-TO-advectDiff_Gen2Nestling0:            exportCplSetList(j=  1): __UNSPECIFIED__
20230501 063917.180 INFO             PET2       advectDiff_Gen1Nestling0-TO-advectDiff_Gen2Nestling0: bondLevel= 1
20230501 063917.180 INFO             PET2       advectDiff_Gen1Nestling0-TO-advectDiff_Gen2Nestling0: => added cplList(  1)=density, cplSetList(  1)=__UNSPECIFIED__
20230501 063917.180 INFO             PET2     advectDiff_Gen1Nestling0-TO-advectDiff_Gen2Nestling0: InitializeIPDv05p2b extro.
20230501 063917.180 INFO             PET2     advection diffusion driver: IInitModifyCplLists intro.
20230501 063917.180 INFO             PET2     advection diffusion driver: IInitModifyCplLists extro.
20230501 063917.181 INFO             PET2     advectDiff_Parent-TO-advectDiff_Gen1Nestling0: InitializeIPDv05p3 intro.
20230501 063917.185 INFO             PET2       advectDiff_Parent-TO-advectDiff_Gen1Nestling0: handle cplList(1): density, cplSetList(1): __UNSPECIFIED__
20230501 063917.185 INFO             PET2       advectDiff_Parent-TO-advectDiff_Gen1Nestling0: - connected.
20230501 063917.185 INFO             PET2       advectDiff_Parent-TO-advectDiff_Gen1Nestling0: - both sides must provide the Field/GeomObject.
20230501 063917.185 INFO             PET2     advectDiff_Parent-TO-advectDiff_Gen1Nestling0: InitializeIPDv05p3 extro.
20230501 063917.185 INFO             PET2     advectDiff_Parent-TO-advectDiff_Gen1Nestling1: InitializeIPDv05p3 intro.
20230501 063917.189 INFO             PET2       advectDiff_Parent-TO-advectDiff_Gen1Nestling1: handle cplList(1): density, cplSetList(1): __UNSPECIFIED__
20230501 063917.190 INFO             PET2       advectDiff_Parent-TO-advectDiff_Gen1Nestling1: - connected.
20230501 063917.190 INFO             PET2       advectDiff_Parent-TO-advectDiff_Gen1Nestling1: - both sides must provide the Field/GeomObject.
20230501 063917.190 INFO             PET2     advectDiff_Parent-TO-advectDiff_Gen1Nestling1: InitializeIPDv05p3 extro.
20230501 063917.190 INFO             PET2     advectDiff_Gen1Nestling0-TO-advectDiff_Gen2Nestling0: InitializeIPDv05p3 intro.
20230501 063917.194 INFO             PET2       advectDiff_Gen1Nestling0-TO-advectDiff_Gen2Nestling0: handle cplList(1): density, cplSetList(1): __UNSPECIFIED__
20230501 063917.194 INFO             PET2       advectDiff_Gen1Nestling0-TO-advectDiff_Gen2Nestling0: - connected.
20230501 063917.194 INFO             PET2       advectDiff_Gen1Nestling0-TO-advectDiff_Gen2Nestling0: - both sides must provide the Field/GeomObject.
20230501 063917.194 INFO             PET2     advectDiff_Gen1Nestling0-TO-advectDiff_Gen2Nestling0: InitializeIPDv05p3 extro.
20230501 063917.194 INFO             PET2     <<<advection diffusion driver: leaving Initialize (phase=<none>) with current time:    0  1  1  0  0  0   0
20230501 063917.194 INFO             PET2   advection diffusion driver: InitializeIPDv02p1 extro.
20230501 063917.194 INFO             PET2   advection diffusion driver: InitializeIPDv02p3 intro.
20230501 063917.195 INFO             PET2     >>>advection diffusion driver: entered Initialize (phase=<none>) with current time:    0  1  1  0  0  0   0
20230501 063917.195 INFO             PET2     advection diffusion driver: IInitCheck intro.
20230501 063917.195 INFO             PET2     advection diffusion driver: IInitCheck extro.
20230501 063917.195 INFO             PET2     advectDiff_Parent: InitializeIPDvXp04 intro.
20230501 063917.202 INFO             PET2     advectDiff_Parent: InitializeIPDvXp04 extro.
20230501 063917.202 INFO             PET2     advectDiff_Gen1Nestling1: InitializeIPDvXp04 intro.
20230501 063917.214 INFO             PET2     advectDiff_Gen1Nestling1: InitializeIPDvXp04 extro.
20230501 063917.214 INFO             PET2     advectDiff_Gen2Nestling0: InitializeIPDvXp04 intro.
20230501 063917.224 INFO             PET2     advectDiff_Gen2Nestling0: InitializeIPDvXp04 extro.
20230501 063917.228 INFO             PET2     advectDiff_Parent-TO-advectDiff_Gen1Nestling0: InitializeIPDv05p4 intro.
20230501 063917.234 INFO             PET2       advectDiff_Parent-TO-advectDiff_Gen1Nestling0: handle cplList(1): density, cplSetList(1): __UNSPECIFIED__
20230501 063917.234 INFO             PET2       advectDiff_Parent-TO-advectDiff_Gen1Nestling0: - nothing shared or transferred
20230501 063917.234 INFO             PET2     advectDiff_Parent-TO-advectDiff_Gen1Nestling0: InitializeIPDv05p4 extro.
20230501 063917.234 INFO             PET2     advectDiff_Parent-TO-advectDiff_Gen1Nestling1: InitializeIPDv05p4 intro.
20230501 063917.240 INFO             PET2       advectDiff_Parent-TO-advectDiff_Gen1Nestling1: handle cplList(1): density, cplSetList(1): __UNSPECIFIED__
20230501 063917.240 INFO             PET2       advectDiff_Parent-TO-advectDiff_Gen1Nestling1: - nothing shared or transferred
20230501 063917.240 INFO             PET2     advectDiff_Parent-TO-advectDiff_Gen1Nestling1: InitializeIPDv05p4 extro.
20230501 063917.240 INFO             PET2     advectDiff_Gen1Nestling0-TO-advectDiff_Gen2Nestling0: InitializeIPDv05p4 intro.
20230501 063917.246 INFO             PET2       advectDiff_Gen1Nestling0-TO-advectDiff_Gen2Nestling0: handle cplList(1): density, cplSetList(1): __UNSPECIFIED__
20230501 063917.246 INFO             PET2       advectDiff_Gen1Nestling0-TO-advectDiff_Gen2Nestling0: - nothing shared or transferred
20230501 063917.246 INFO             PET2     advectDiff_Gen1Nestling0-TO-advectDiff_Gen2Nestling0: InitializeIPDv05p4 extro.
20230501 063917.247 INFO             PET2     advectDiff_Parent-TO-advectDiff_Gen1Nestling0: InitializeIPDv05p5 intro.
20230501 063917.252 INFO             PET2       advectDiff_Parent-TO-advectDiff_Gen1Nestling0: handle cplList(1): density, cplSetList(1): __UNSPECIFIED__
20230501 063917.253 INFO             PET2       advectDiff_Parent-TO-advectDiff_Gen1Nestling0: - nothing shared or transferred, or may already be handled
20230501 063917.253 INFO             PET2     advectDiff_Parent-TO-advectDiff_Gen1Nestling0: InitializeIPDv05p5 extro.
20230501 063917.253 INFO             PET2     advectDiff_Parent-TO-advectDiff_Gen1Nestling1: InitializeIPDv05p5 intro.
20230501 063917.259 INFO             PET2       advectDiff_Parent-TO-advectDiff_Gen1Nestling1: handle cplList(1): density, cplSetList(1): __UNSPECIFIED__
20230501 063917.259 INFO             PET2       advectDiff_Parent-TO-advectDiff_Gen1Nestling1: - nothing shared or transferred, or may already be handled
20230501 063917.259 INFO             PET2     advectDiff_Parent-TO-advectDiff_Gen1Nestling1: InitializeIPDv05p5 extro.
20230501 063917.259 INFO             PET2     advectDiff_Gen1Nestling0-TO-advectDiff_Gen2Nestling0: InitializeIPDv05p5 intro.
20230501 063917.265 INFO             PET2       advectDiff_Gen1Nestling0-TO-advectDiff_Gen2Nestling0: handle cplList(1): density, cplSetList(1): __UNSPECIFIED__
20230501 063917.265 INFO             PET2       advectDiff_Gen1Nestling0-TO-advectDiff_Gen2Nestling0: - nothing shared or transferred, or may already be handled
20230501 063917.265 INFO             PET2     advectDiff_Gen1Nestling0-TO-advectDiff_Gen2Nestling0: InitializeIPDv05p5 extro.
20230501 063917.265 INFO             PET2     advection diffusion driver: IInitRealize intro.
20230501 063917.265 INFO             PET2     advection diffusion driver: IInitRealize extro.
20230501 063917.265 INFO             PET2     advectDiff_Parent-TO-advectDiff_Gen1Nestling0: InitializeIPDv05p6a intro.
20230501 063917.271 INFO             PET2     advectDiff_Parent-TO-advectDiff_Gen1Nestling0: InitializeIPDv05p6a extro.
20230501 063917.271 INFO             PET2     advectDiff_Parent-TO-advectDiff_Gen1Nestling1: InitializeIPDv05p6a intro.
20230501 063917.276 INFO             PET2     advectDiff_Parent-TO-advectDiff_Gen1Nestling1: InitializeIPDv05p6a extro.
20230501 063917.276 INFO             PET2     advectDiff_Gen1Nestling0-TO-advectDiff_Gen2Nestling0: InitializeIPDv05p6a intro.
20230501 063917.282 INFO             PET2     advectDiff_Gen1Nestling0-TO-advectDiff_Gen2Nestling0: InitializeIPDv05p6a extro.
20230501 063917.282 INFO             PET2     advectDiff_Parent-TO-advectDiff_Gen1Nestling0: InitializeIPDv05p6b intro.
20230501 063917.282 INFO             PET2       advectDiff_Parent-TO-advectDiff_Gen1Nestling0: handle cplList(1): density, cplSetList(1): __UNSPECIFIED__
20230501 063917.064 INFO             PET3 !!!!!!!!!!!!!!!!!!!!!!!!!!!!!!!!!!!!!!!!!!!!!!!!!!!!!!
20230501 063917.064 INFO             PET3 !!! THE ESMF_LOG IS SET TO OUTPUT ALL LOG MESSAGES !!!
20230501 063917.064 INFO             PET3 !!!     THIS MAY CAUSE SLOWDOWN IN PERFORMANCE     !!!
20230501 063917.064 INFO             PET3 !!! FOR PRODUCTION RUNS, USE:                      !!!
20230501 063917.064 INFO             PET3 !!!                   ESMF_LOGKIND_Multi_On_Error  !!!
20230501 063917.064 INFO             PET3 !!!!!!!!!!!!!!!!!!!!!!!!!!!!!!!!!!!!!!!!!!!!!!!!!!!!!!
20230501 063917.064 INFO             PET3 Running with ESMF Version   : v8.5.0b20
20230501 063917.064 INFO             PET3 ESMF library build date/time: "May  1 2023" "05:02:30"
20230501 063917.064 INFO             PET3 ESMF library build location : /glade/scratch/theurich/ESMF-Nightly-Testing/nvhpc_22.2_mpt_g_develop/esmf
20230501 063917.064 INFO             PET3 ESMF_COMM                   : mpt
20230501 063917.064 INFO             PET3 ESMF_MOAB                   : enabled
20230501 063917.064 INFO             PET3 ESMF_LAPACK                 : enabled
20230501 063917.064 INFO             PET3 ESMF_NETCDF                 : enabled
20230501 063917.064 INFO             PET3 ESMF_PNETCDF                : disabled
20230501 063917.064 INFO             PET3 ESMF_PIO                    : enabled
20230501 063917.064 INFO             PET3 ESMF_YAMLCPP                : enabled
20230501 063917.065 INFO             PET3 mainApp STARTING
20230501 063917.072 INFO             PET3 advection diffusion driver: InitializeGeneric intro.
20230501 063917.072 INFO             PET3   advection diffusion driver: InitializeP0 intro.
20230501 063917.072 INFO             PET3   advection diffusion driver: InitializeP0 extro.
20230501 063917.072 INFO             PET3   advection diffusion driver: InitializeIPDv02p1 intro.
20230501 063917.072 INFO             PET3     >>>advection diffusion driver: entered Initialize (phase=<none>) without valid internal Clock.
20230501 063917.072 INFO             PET3     advection diffusion driver - Creating model component advectDiff_Parent without petList.
20230501 063917.076 INFO             PET3     advection diffusion driver - Creating model component advectDiff_Gen1Nestling0 with petList of size 2 :
20230501 063917.076 INFO             PET3           0      1
20230501 063917.076 INFO             PET3     advection diffusion driver - Creating model component advectDiff_Gen1Nestling1 with petList of size 2 :
20230501 063917.076 INFO             PET3           2      3
20230501 063917.080 INFO             PET3     advection diffusion driver - Creating model component advectDiff_Gen2Nestling0 without petList.
20230501 063917.084 INFO             PET3     advection diffusion driver - Creating state: modelComp 1 Import State
20230501 063917.084 INFO             PET3     advection diffusion driver - Creating state: modelComp 1 Export State
20230501 063917.085 INFO             PET3     advection diffusion driver - Creating state: modelComp 2 Import State
20230501 063917.085 INFO             PET3     advection diffusion driver - Creating state: modelComp 2 Export State
20230501 063917.085 INFO             PET3     advection diffusion driver - Creating state: modelComp 3 Import State
20230501 063917.085 INFO             PET3     advection diffusion driver - Creating state: modelComp 3 Export State
20230501 063917.085 INFO             PET3     advection diffusion driver - Creating state: modelComp 4 Import State
20230501 063917.085 INFO             PET3     advection diffusion driver - Creating state: modelComp 4 Export State
20230501 063917.088 INFO             PET3     advectDiff_Parent: InitializeP0 intro.
20230501 063917.089 INFO             PET3     advectDiff_Parent: InitializeP0 extro.
20230501 063917.089 INFO             PET3     advectDiff_Gen1Nestling1: InitializeP0 intro.
20230501 063917.091 INFO             PET3     advectDiff_Gen1Nestling1: InitializeP0 extro.
20230501 063917.091 INFO             PET3     advectDiff_Gen2Nestling0: InitializeP0 intro.
20230501 063917.093 INFO             PET3     advectDiff_Gen2Nestling0: InitializeP0 extro.
20230501 063917.098 INFO             PET3     advection diffusion driver - Creating connector component advectDiff_Parent-TO-advectDiff_Gen1Nestling0 without petList.
20230501 063917.106 INFO             PET3     advection diffusion driver - Setting Verbosity on created component to: high
20230501 063917.106 INFO             PET3     advection diffusion driver - Setting Profiling on created component to:          0
20230501 063917.107 INFO             PET3     advection diffusion driver - Creating connector component advectDiff_Parent-TO-advectDiff_Gen1Nestling1 without petList.
20230501 063917.118 INFO             PET3     advection diffusion driver - Setting Verbosity on created component to: high
20230501 063917.118 INFO             PET3     advection diffusion driver - Setting Profiling on created component to:          0
20230501 063917.118 INFO             PET3     advection diffusion driver - Creating connector component advectDiff_Gen1Nestling0-TO-advectDiff_Gen2Nestling0 without petList.
20230501 063917.126 INFO             PET3     advection diffusion driver - Setting Verbosity on created component to: high
20230501 063917.126 INFO             PET3     advection diffusion driver - Setting Profiling on created component to:          0
20230501 063917.130 INFO             PET3     advection diffusion driver: IInitAdvertise intro.
20230501 063917.131 INFO             PET3     advection diffusion driver: IInitAdvertise extro.
20230501 063917.131 INFO             PET3     advectDiff_Parent: InitializeIPDvXp01 intro.
20230501 063917.132 INFO             PET3     advectDiff_Parent: InitializeIPDvXp01 extro.
20230501 063917.132 INFO             PET3     advectDiff_Gen1Nestling1: InitializeIPDvXp01 intro.
20230501 063917.134 INFO             PET3     advectDiff_Gen1Nestling1: InitializeIPDvXp01 extro.
20230501 063917.134 INFO             PET3     advectDiff_Gen2Nestling0: InitializeIPDvXp01 intro.
20230501 063917.136 INFO             PET3     advectDiff_Gen2Nestling0: InitializeIPDvXp01 extro.
20230501 063917.140 INFO             PET3     advectDiff_Parent-TO-advectDiff_Gen1Nestling0: InitializeIPDv05p1 intro.
20230501 063917.145 INFO             PET3       advectDiff_Parent-TO-advectDiff_Gen1Nestling0: importState FieldTransferPolicy = transferNone
20230501 063917.145 INFO             PET3       advectDiff_Parent-TO-advectDiff_Gen1Nestling0: exportState FieldTransferPolicy = transferNone
20230501 063917.145 INFO             PET3     advectDiff_Parent-TO-advectDiff_Gen1Nestling0: InitializeIPDv05p1 extro.
20230501 063917.145 INFO             PET3     advectDiff_Parent-TO-advectDiff_Gen1Nestling1: InitializeIPDv05p1 intro.
20230501 063917.149 INFO             PET3       advectDiff_Parent-TO-advectDiff_Gen1Nestling1: importState FieldTransferPolicy = transferNone
20230501 063917.149 INFO             PET3       advectDiff_Parent-TO-advectDiff_Gen1Nestling1: exportState FieldTransferPolicy = transferNone
20230501 063917.149 INFO             PET3     advectDiff_Parent-TO-advectDiff_Gen1Nestling1: InitializeIPDv05p1 extro.
20230501 063917.149 INFO             PET3     advectDiff_Gen1Nestling0-TO-advectDiff_Gen2Nestling0: InitializeIPDv05p1 intro.
20230501 063917.153 INFO             PET3       advectDiff_Gen1Nestling0-TO-advectDiff_Gen2Nestling0: importState FieldTransferPolicy = transferNone
20230501 063917.153 INFO             PET3       advectDiff_Gen1Nestling0-TO-advectDiff_Gen2Nestling0: exportState FieldTransferPolicy = transferNone
20230501 063917.153 INFO             PET3     advectDiff_Gen1Nestling0-TO-advectDiff_Gen2Nestling0: InitializeIPDv05p1 extro.
20230501 063917.153 INFO             PET3     advection diffusion driver: IInitAdvertiseFinish intro.
20230501 063917.153 INFO             PET3     advection diffusion driver: IInitAdvertiseFinish extro.
20230501 063917.154 INFO             PET3     advectDiff_Parent-TO-advectDiff_Gen1Nestling0: InitializeIPDv05p2a intro.
20230501 063917.158 INFO             PET3       advectDiff_Parent-TO-advectDiff_Gen1Nestling0:      importStandardNameList(i=  1): density
20230501 063917.158 INFO             PET3       advectDiff_Parent-TO-advectDiff_Gen1Nestling0:         importNamespaceList(i=  1): advectDiff_Parent
20230501 063917.158 INFO             PET3       advectDiff_Parent-TO-advectDiff_Gen1Nestling0:            importCplSetList(i=  1): __UNSPECIFIED__
20230501 063917.158 INFO             PET3       advectDiff_Parent-TO-advectDiff_Gen1Nestling0:      exportStandardNameList(j=  1): density
20230501 063917.158 INFO             PET3       advectDiff_Parent-TO-advectDiff_Gen1Nestling0:         exportNamespaceList(j=  1): advectDiff_Gen1Nestling0
20230501 063917.158 INFO             PET3       advectDiff_Parent-TO-advectDiff_Gen1Nestling0:            exportCplSetList(j=  1): __UNSPECIFIED__
20230501 063917.158 INFO             PET3       advectDiff_Parent-TO-advectDiff_Gen1Nestling0: bondLevel= 1
20230501 063917.158 INFO             PET3       advectDiff_Parent-TO-advectDiff_Gen1Nestling0: ProducerConnection (bondLevelMax):         1
20230501 063917.158 INFO             PET3     advectDiff_Parent-TO-advectDiff_Gen1Nestling0: InitializeIPDv05p2a extro.
20230501 063917.158 INFO             PET3     advectDiff_Parent-TO-advectDiff_Gen1Nestling1: InitializeIPDv05p2a intro.
20230501 063917.162 INFO             PET3       advectDiff_Parent-TO-advectDiff_Gen1Nestling1:      importStandardNameList(i=  1): density
20230501 063917.162 INFO             PET3       advectDiff_Parent-TO-advectDiff_Gen1Nestling1:         importNamespaceList(i=  1): advectDiff_Parent
20230501 063917.162 INFO             PET3       advectDiff_Parent-TO-advectDiff_Gen1Nestling1:            importCplSetList(i=  1): __UNSPECIFIED__
20230501 063917.162 INFO             PET3       advectDiff_Parent-TO-advectDiff_Gen1Nestling1:      exportStandardNameList(j=  1): density
20230501 063917.162 INFO             PET3       advectDiff_Parent-TO-advectDiff_Gen1Nestling1:         exportNamespaceList(j=  1): advectDiff_Gen1Nestling1
20230501 063917.162 INFO             PET3       advectDiff_Parent-TO-advectDiff_Gen1Nestling1:            exportCplSetList(j=  1): __UNSPECIFIED__
20230501 063917.162 INFO             PET3       advectDiff_Parent-TO-advectDiff_Gen1Nestling1: bondLevel= 1
20230501 063917.162 INFO             PET3       advectDiff_Parent-TO-advectDiff_Gen1Nestling1: ProducerConnection (bondLevelMax):         1
20230501 063917.162 INFO             PET3     advectDiff_Parent-TO-advectDiff_Gen1Nestling1: InitializeIPDv05p2a extro.
20230501 063917.162 INFO             PET3     advectDiff_Gen1Nestling0-TO-advectDiff_Gen2Nestling0: InitializeIPDv05p2a intro.
20230501 063917.166 INFO             PET3       advectDiff_Gen1Nestling0-TO-advectDiff_Gen2Nestling0:      importStandardNameList(i=  1): density
20230501 063917.166 INFO             PET3       advectDiff_Gen1Nestling0-TO-advectDiff_Gen2Nestling0:         importNamespaceList(i=  1): advectDiff_Gen1Nestling0
20230501 063917.167 INFO             PET3       advectDiff_Gen1Nestling0-TO-advectDiff_Gen2Nestling0:            importCplSetList(i=  1): __UNSPECIFIED__
20230501 063917.167 INFO             PET3       advectDiff_Gen1Nestling0-TO-advectDiff_Gen2Nestling0:      exportStandardNameList(j=  1): density
20230501 063917.167 INFO             PET3       advectDiff_Gen1Nestling0-TO-advectDiff_Gen2Nestling0:         exportNamespaceList(j=  1): advectDiff_Gen2Nestling0
20230501 063917.167 INFO             PET3       advectDiff_Gen1Nestling0-TO-advectDiff_Gen2Nestling0:            exportCplSetList(j=  1): __UNSPECIFIED__
20230501 063917.167 INFO             PET3       advectDiff_Gen1Nestling0-TO-advectDiff_Gen2Nestling0: bondLevel= 1
20230501 063917.167 INFO             PET3       advectDiff_Gen1Nestling0-TO-advectDiff_Gen2Nestling0: ProducerConnection (bondLevelMax):         1
20230501 063917.167 INFO             PET3     advectDiff_Gen1Nestling0-TO-advectDiff_Gen2Nestling0: InitializeIPDv05p2a extro.
20230501 063917.167 INFO             PET3     advectDiff_Parent-TO-advectDiff_Gen1Nestling0: InitializeIPDv05p2b intro.
20230501 063917.171 INFO             PET3       advectDiff_Parent-TO-advectDiff_Gen1Nestling0:      importStandardNameList(i=  1): density
20230501 063917.171 INFO             PET3       advectDiff_Parent-TO-advectDiff_Gen1Nestling0:         importNamespaceList(i=  1): advectDiff_Parent
20230501 063917.171 INFO             PET3       advectDiff_Parent-TO-advectDiff_Gen1Nestling0:            importCplSetList(i=  1): __UNSPECIFIED__
20230501 063917.171 INFO             PET3       advectDiff_Parent-TO-advectDiff_Gen1Nestling0:      exportStandardNameList(j=  1): density
20230501 063917.171 INFO             PET3       advectDiff_Parent-TO-advectDiff_Gen1Nestling0:         exportNamespaceList(j=  1): advectDiff_Gen1Nestling0
20230501 063917.171 INFO             PET3       advectDiff_Parent-TO-advectDiff_Gen1Nestling0:            exportCplSetList(j=  1): __UNSPECIFIED__
20230501 063917.171 INFO             PET3       advectDiff_Parent-TO-advectDiff_Gen1Nestling0: bondLevel= 1
20230501 063917.171 INFO             PET3       advectDiff_Parent-TO-advectDiff_Gen1Nestling0: => added cplList(  1)=density, cplSetList(  1)=__UNSPECIFIED__
20230501 063917.171 INFO             PET3     advectDiff_Parent-TO-advectDiff_Gen1Nestling0: InitializeIPDv05p2b extro.
20230501 063917.171 INFO             PET3     advectDiff_Parent-TO-advectDiff_Gen1Nestling1: InitializeIPDv05p2b intro.
20230501 063917.175 INFO             PET3       advectDiff_Parent-TO-advectDiff_Gen1Nestling1:      importStandardNameList(i=  1): density
20230501 063917.175 INFO             PET3       advectDiff_Parent-TO-advectDiff_Gen1Nestling1:         importNamespaceList(i=  1): advectDiff_Parent
20230501 063917.175 INFO             PET3       advectDiff_Parent-TO-advectDiff_Gen1Nestling1:            importCplSetList(i=  1): __UNSPECIFIED__
20230501 063917.175 INFO             PET3       advectDiff_Parent-TO-advectDiff_Gen1Nestling1:      exportStandardNameList(j=  1): density
20230501 063917.175 INFO             PET3       advectDiff_Parent-TO-advectDiff_Gen1Nestling1:         exportNamespaceList(j=  1): advectDiff_Gen1Nestling1
20230501 063917.175 INFO             PET3       advectDiff_Parent-TO-advectDiff_Gen1Nestling1:            exportCplSetList(j=  1): __UNSPECIFIED__
20230501 063917.175 INFO             PET3       advectDiff_Parent-TO-advectDiff_Gen1Nestling1: bondLevel= 1
20230501 063917.175 INFO             PET3       advectDiff_Parent-TO-advectDiff_Gen1Nestling1: => added cplList(  1)=density, cplSetList(  1)=__UNSPECIFIED__
20230501 063917.175 INFO             PET3     advectDiff_Parent-TO-advectDiff_Gen1Nestling1: InitializeIPDv05p2b extro.
20230501 063917.176 INFO             PET3     advectDiff_Gen1Nestling0-TO-advectDiff_Gen2Nestling0: InitializeIPDv05p2b intro.
20230501 063917.180 INFO             PET3       advectDiff_Gen1Nestling0-TO-advectDiff_Gen2Nestling0:      importStandardNameList(i=  1): density
20230501 063917.180 INFO             PET3       advectDiff_Gen1Nestling0-TO-advectDiff_Gen2Nestling0:         importNamespaceList(i=  1): advectDiff_Gen1Nestling0
20230501 063917.180 INFO             PET3       advectDiff_Gen1Nestling0-TO-advectDiff_Gen2Nestling0:            importCplSetList(i=  1): __UNSPECIFIED__
20230501 063917.180 INFO             PET3       advectDiff_Gen1Nestling0-TO-advectDiff_Gen2Nestling0:      exportStandardNameList(j=  1): density
20230501 063917.180 INFO             PET3       advectDiff_Gen1Nestling0-TO-advectDiff_Gen2Nestling0:         exportNamespaceList(j=  1): advectDiff_Gen2Nestling0
20230501 063917.180 INFO             PET3       advectDiff_Gen1Nestling0-TO-advectDiff_Gen2Nestling0:            exportCplSetList(j=  1): __UNSPECIFIED__
20230501 063917.180 INFO             PET3       advectDiff_Gen1Nestling0-TO-advectDiff_Gen2Nestling0: bondLevel= 1
20230501 063917.180 INFO             PET3       advectDiff_Gen1Nestling0-TO-advectDiff_Gen2Nestling0: => added cplList(  1)=density, cplSetList(  1)=__UNSPECIFIED__
20230501 063917.180 INFO             PET3     advectDiff_Gen1Nestling0-TO-advectDiff_Gen2Nestling0: InitializeIPDv05p2b extro.
20230501 063917.180 INFO             PET3     advection diffusion driver: IInitModifyCplLists intro.
20230501 063917.180 INFO             PET3     advection diffusion driver: IInitModifyCplLists extro.
20230501 063917.181 INFO             PET3     advectDiff_Parent-TO-advectDiff_Gen1Nestling0: InitializeIPDv05p3 intro.
20230501 063917.185 INFO             PET3       advectDiff_Parent-TO-advectDiff_Gen1Nestling0: handle cplList(1): density, cplSetList(1): __UNSPECIFIED__
20230501 063917.185 INFO             PET3       advectDiff_Parent-TO-advectDiff_Gen1Nestling0: - connected.
20230501 063917.185 INFO             PET3       advectDiff_Parent-TO-advectDiff_Gen1Nestling0: - both sides must provide the Field/GeomObject.
20230501 063917.185 INFO             PET3     advectDiff_Parent-TO-advectDiff_Gen1Nestling0: InitializeIPDv05p3 extro.
20230501 063917.185 INFO             PET3     advectDiff_Parent-TO-advectDiff_Gen1Nestling1: InitializeIPDv05p3 intro.
20230501 063917.190 INFO             PET3       advectDiff_Parent-TO-advectDiff_Gen1Nestling1: handle cplList(1): density, cplSetList(1): __UNSPECIFIED__
20230501 063917.190 INFO             PET3       advectDiff_Parent-TO-advectDiff_Gen1Nestling1: - connected.
20230501 063917.190 INFO             PET3       advectDiff_Parent-TO-advectDiff_Gen1Nestling1: - both sides must provide the Field/GeomObject.
20230501 063917.190 INFO             PET3     advectDiff_Parent-TO-advectDiff_Gen1Nestling1: InitializeIPDv05p3 extro.
20230501 063917.190 INFO             PET3     advectDiff_Gen1Nestling0-TO-advectDiff_Gen2Nestling0: InitializeIPDv05p3 intro.
20230501 063917.194 INFO             PET3       advectDiff_Gen1Nestling0-TO-advectDiff_Gen2Nestling0: handle cplList(1): density, cplSetList(1): __UNSPECIFIED__
20230501 063917.194 INFO             PET3       advectDiff_Gen1Nestling0-TO-advectDiff_Gen2Nestling0: - connected.
20230501 063917.194 INFO             PET3       advectDiff_Gen1Nestling0-TO-advectDiff_Gen2Nestling0: - both sides must provide the Field/GeomObject.
20230501 063917.194 INFO             PET3     advectDiff_Gen1Nestling0-TO-advectDiff_Gen2Nestling0: InitializeIPDv05p3 extro.
20230501 063917.194 INFO             PET3     <<<advection diffusion driver: leaving Initialize (phase=<none>) with current time:    0  1  1  0  0  0   0
20230501 063917.194 INFO             PET3   advection diffusion driver: InitializeIPDv02p1 extro.
20230501 063917.194 INFO             PET3   advection diffusion driver: InitializeIPDv02p3 intro.
20230501 063917.195 INFO             PET3     >>>advection diffusion driver: entered Initialize (phase=<none>) with current time:    0  1  1  0  0  0   0
20230501 063917.195 INFO             PET3     advection diffusion driver: IInitCheck intro.
20230501 063917.195 INFO             PET3     advection diffusion driver: IInitCheck extro.
20230501 063917.195 INFO             PET3     advectDiff_Parent: InitializeIPDvXp04 intro.
20230501 063917.202 INFO             PET3     advectDiff_Parent: InitializeIPDvXp04 extro.
20230501 063917.202 INFO             PET3     advectDiff_Gen1Nestling1: InitializeIPDvXp04 intro.
20230501 063917.214 INFO             PET3     advectDiff_Gen1Nestling1: InitializeIPDvXp04 extro.
20230501 063917.214 INFO             PET3     advectDiff_Gen2Nestling0: InitializeIPDvXp04 intro.
20230501 063917.224 INFO             PET3     advectDiff_Gen2Nestling0: InitializeIPDvXp04 extro.
20230501 063917.228 INFO             PET3     advectDiff_Parent-TO-advectDiff_Gen1Nestling0: InitializeIPDv05p4 intro.
20230501 063917.234 INFO             PET3       advectDiff_Parent-TO-advectDiff_Gen1Nestling0: handle cplList(1): density, cplSetList(1): __UNSPECIFIED__
20230501 063917.234 INFO             PET3       advectDiff_Parent-TO-advectDiff_Gen1Nestling0: - nothing shared or transferred
20230501 063917.234 INFO             PET3     advectDiff_Parent-TO-advectDiff_Gen1Nestling0: InitializeIPDv05p4 extro.
20230501 063917.234 INFO             PET3     advectDiff_Parent-TO-advectDiff_Gen1Nestling1: InitializeIPDv05p4 intro.
20230501 063917.240 INFO             PET3       advectDiff_Parent-TO-advectDiff_Gen1Nestling1: handle cplList(1): density, cplSetList(1): __UNSPECIFIED__
20230501 063917.240 INFO             PET3       advectDiff_Parent-TO-advectDiff_Gen1Nestling1: - nothing shared or transferred
20230501 063917.240 INFO             PET3     advectDiff_Parent-TO-advectDiff_Gen1Nestling1: InitializeIPDv05p4 extro.
20230501 063917.240 INFO             PET3     advectDiff_Gen1Nestling0-TO-advectDiff_Gen2Nestling0: InitializeIPDv05p4 intro.
20230501 063917.246 INFO             PET3       advectDiff_Gen1Nestling0-TO-advectDiff_Gen2Nestling0: handle cplList(1): density, cplSetList(1): __UNSPECIFIED__
20230501 063917.246 INFO             PET3       advectDiff_Gen1Nestling0-TO-advectDiff_Gen2Nestling0: - nothing shared or transferred
20230501 063917.246 INFO             PET3     advectDiff_Gen1Nestling0-TO-advectDiff_Gen2Nestling0: InitializeIPDv05p4 extro.
20230501 063917.247 INFO             PET3     advectDiff_Parent-TO-advectDiff_Gen1Nestling0: InitializeIPDv05p5 intro.
20230501 063917.252 INFO             PET3       advectDiff_Parent-TO-advectDiff_Gen1Nestling0: handle cplList(1): density, cplSetList(1): __UNSPECIFIED__
20230501 063917.253 INFO             PET3       advectDiff_Parent-TO-advectDiff_Gen1Nestling0: - nothing shared or transferred, or may already be handled
20230501 063917.253 INFO             PET3     advectDiff_Parent-TO-advectDiff_Gen1Nestling0: InitializeIPDv05p5 extro.
20230501 063917.253 INFO             PET3     advectDiff_Parent-TO-advectDiff_Gen1Nestling1: InitializeIPDv05p5 intro.
20230501 063917.259 INFO             PET3       advectDiff_Parent-TO-advectDiff_Gen1Nestling1: handle cplList(1): density, cplSetList(1): __UNSPECIFIED__
20230501 063917.259 INFO             PET3       advectDiff_Parent-TO-advectDiff_Gen1Nestling1: - nothing shared or transferred, or may already be handled
20230501 063917.259 INFO             PET3     advectDiff_Parent-TO-advectDiff_Gen1Nestling1: InitializeIPDv05p5 extro.
20230501 063917.259 INFO             PET3     advectDiff_Gen1Nestling0-TO-advectDiff_Gen2Nestling0: InitializeIPDv05p5 intro.
20230501 063917.265 INFO             PET3       advectDiff_Gen1Nestling0-TO-advectDiff_Gen2Nestling0: handle cplList(1): density, cplSetList(1): __UNSPECIFIED__
20230501 063917.265 INFO             PET3       advectDiff_Gen1Nestling0-TO-advectDiff_Gen2Nestling0: - nothing shared or transferred, or may already be handled
20230501 063917.265 INFO             PET3     advectDiff_Gen1Nestling0-TO-advectDiff_Gen2Nestling0: InitializeIPDv05p5 extro.
20230501 063917.265 INFO             PET3     advection diffusion driver: IInitRealize intro.
20230501 063917.265 INFO             PET3     advection diffusion driver: IInitRealize extro.
20230501 063917.265 INFO             PET3     advectDiff_Parent-TO-advectDiff_Gen1Nestling0: InitializeIPDv05p6a intro.
20230501 063917.271 INFO             PET3     advectDiff_Parent-TO-advectDiff_Gen1Nestling0: InitializeIPDv05p6a extro.
20230501 063917.271 INFO             PET3     advectDiff_Parent-TO-advectDiff_Gen1Nestling1: InitializeIPDv05p6a intro.
20230501 063917.276 INFO             PET3     advectDiff_Parent-TO-advectDiff_Gen1Nestling1: InitializeIPDv05p6a extro.
20230501 063917.276 INFO             PET3     advectDiff_Gen1Nestling0-TO-advectDiff_Gen2Nestling0: InitializeIPDv05p6a intro.
20230501 063917.282 INFO             PET3     advectDiff_Gen1Nestling0-TO-advectDiff_Gen2Nestling0: InitializeIPDv05p6a extro.
20230501 063917.282 INFO             PET3     advectDiff_Parent-TO-advectDiff_Gen1Nestling0: InitializeIPDv05p6b intro.
20230501 063917.282 INFO             PET3       advectDiff_Parent-TO-advectDiff_Gen1Nestling0: handle cplList(1): density, cplSetList(1): __UNSPECIFIED__
