2023-06-15 00:52:08
20230615 012904.322 INFO             PET0 !!!!!!!!!!!!!!!!!!!!!!!!!!!!!!!!!!!!!!!!!!!!!!!!!!!!!!
20230615 012904.322 INFO             PET0 !!! THE ESMF_LOG IS SET TO OUTPUT ALL LOG MESSAGES !!!
20230615 012904.322 INFO             PET0 !!!     THIS MAY CAUSE SLOWDOWN IN PERFORMANCE     !!!
20230615 012904.322 INFO             PET0 !!! FOR PRODUCTION RUNS, USE:                      !!!
20230615 012904.322 INFO             PET0 !!!                   ESMF_LOGKIND_Multi_On_Error  !!!
20230615 012904.322 INFO             PET0 !!!!!!!!!!!!!!!!!!!!!!!!!!!!!!!!!!!!!!!!!!!!!!!!!!!!!!
20230615 012904.322 INFO             PET0 Running with ESMF Version   : v8.5.0b23-6-gf97e9e9d68
20230615 012904.322 INFO             PET0 ESMF library build date/time: "Jun 15 2023" "00:49:04"
20230615 012904.322 INFO             PET0 ESMF library build location : /global/cfs/cdirs/e3sm/theurich/ESMF-Nightly-Testing/gfortran_11.2.0_mpi_g_develop/esmf
20230615 012904.322 INFO             PET0 ESMF_COMM                   : mpi
20230615 012904.323 INFO             PET0 ESMF_MOAB                   : enabled
20230615 012904.323 INFO             PET0 ESMF_LAPACK                 : enabled
20230615 012904.323 INFO             PET0 ESMF_NETCDF                 : enabled
20230615 012904.323 INFO             PET0 ESMF_PNETCDF                : disabled
20230615 012904.323 INFO             PET0 ESMF_PIO                    : enabled
20230615 012904.323 INFO             PET0 ESMF_YAMLCPP                : enabled
20230615 012904.387 DEBUG            PET0 about to destroy Grid: 0x55d890
20230615 012904.395 DEBUG            PET0 about to destroy Grid: 0x55f240
20230615 012904.418 INFO             PET0  NUMBER_OF_PROCESSORS           4
20230615 012904.418 INFO             PET0  PASS  Example ESMF_NUOPCAtmModelEx, ESMF_NUOPCAtmModelEx.F90, line 806
20230615 012904.418 INFO             PET0 Finalizing ESMF
20230615 012904.320 INFO             PET1 !!!!!!!!!!!!!!!!!!!!!!!!!!!!!!!!!!!!!!!!!!!!!!!!!!!!!!
20230615 012904.320 INFO             PET1 !!! THE ESMF_LOG IS SET TO OUTPUT ALL LOG MESSAGES !!!
20230615 012904.320 INFO             PET1 !!!     THIS MAY CAUSE SLOWDOWN IN PERFORMANCE     !!!
20230615 012904.320 INFO             PET1 !!! FOR PRODUCTION RUNS, USE:                      !!!
20230615 012904.320 INFO             PET1 !!!                   ESMF_LOGKIND_Multi_On_Error  !!!
20230615 012904.320 INFO             PET1 !!!!!!!!!!!!!!!!!!!!!!!!!!!!!!!!!!!!!!!!!!!!!!!!!!!!!!
20230615 012904.320 INFO             PET1 Running with ESMF Version   : v8.5.0b23-6-gf97e9e9d68
20230615 012904.320 INFO             PET1 ESMF library build date/time: "Jun 15 2023" "00:49:04"
20230615 012904.320 INFO             PET1 ESMF library build location : /global/cfs/cdirs/e3sm/theurich/ESMF-Nightly-Testing/gfortran_11.2.0_mpi_g_develop/esmf
20230615 012904.320 INFO             PET1 ESMF_COMM                   : mpi
20230615 012904.321 INFO             PET1 ESMF_MOAB                   : enabled
20230615 012904.321 INFO             PET1 ESMF_LAPACK                 : enabled
20230615 012904.321 INFO             PET1 ESMF_NETCDF                 : enabled
20230615 012904.321 INFO             PET1 ESMF_PNETCDF                : disabled
20230615 012904.321 INFO             PET1 ESMF_PIO                    : enabled
20230615 012904.321 INFO             PET1 ESMF_YAMLCPP                : enabled
20230615 012904.387 DEBUG            PET1 about to destroy Grid: 0x55bea0
20230615 012904.395 DEBUG            PET1 about to destroy Grid: 0x55d970
20230615 012904.418 INFO             PET1  NUMBER_OF_PROCESSORS           4
20230615 012904.418 INFO             PET1  PASS  Example ESMF_NUOPCAtmModelEx, ESMF_NUOPCAtmModelEx.F90, line 806
20230615 012904.418 INFO             PET1 Finalizing ESMF
20230615 012904.321 INFO             PET2 !!!!!!!!!!!!!!!!!!!!!!!!!!!!!!!!!!!!!!!!!!!!!!!!!!!!!!
20230615 012904.321 INFO             PET2 !!! THE ESMF_LOG IS SET TO OUTPUT ALL LOG MESSAGES !!!
20230615 012904.321 INFO             PET2 !!!     THIS MAY CAUSE SLOWDOWN IN PERFORMANCE     !!!
20230615 012904.321 INFO             PET2 !!! FOR PRODUCTION RUNS, USE:                      !!!
20230615 012904.321 INFO             PET2 !!!                   ESMF_LOGKIND_Multi_On_Error  !!!
20230615 012904.321 INFO             PET2 !!!!!!!!!!!!!!!!!!!!!!!!!!!!!!!!!!!!!!!!!!!!!!!!!!!!!!
20230615 012904.321 INFO             PET2 Running with ESMF Version   : v8.5.0b23-6-gf97e9e9d68
20230615 012904.321 INFO             PET2 ESMF library build date/time: "Jun 15 2023" "00:49:04"
20230615 012904.321 INFO             PET2 ESMF library build location : /global/cfs/cdirs/e3sm/theurich/ESMF-Nightly-Testing/gfortran_11.2.0_mpi_g_develop/esmf
20230615 012904.321 INFO             PET2 ESMF_COMM                   : mpi
20230615 012904.322 INFO             PET2 ESMF_MOAB                   : enabled
20230615 012904.322 INFO             PET2 ESMF_LAPACK                 : enabled
20230615 012904.322 INFO             PET2 ESMF_NETCDF                 : enabled
20230615 012904.322 INFO             PET2 ESMF_PNETCDF                : disabled
20230615 012904.322 INFO             PET2 ESMF_PIO                    : enabled
20230615 012904.322 INFO             PET2 ESMF_YAMLCPP                : enabled
20230615 012904.387 DEBUG            PET2 about to destroy Grid: 0x55b0f0
20230615 012904.395 DEBUG            PET2 about to destroy Grid: 0x55cbc0
20230615 012904.418 INFO             PET2  NUMBER_OF_PROCESSORS           4
20230615 012904.418 INFO             PET2  PASS  Example ESMF_NUOPCAtmModelEx, ESMF_NUOPCAtmModelEx.F90, line 806
20230615 012904.418 INFO             PET2 Finalizing ESMF
20230615 012904.323 INFO             PET3 !!!!!!!!!!!!!!!!!!!!!!!!!!!!!!!!!!!!!!!!!!!!!!!!!!!!!!
20230615 012904.323 INFO             PET3 !!! THE ESMF_LOG IS SET TO OUTPUT ALL LOG MESSAGES !!!
20230615 012904.323 INFO             PET3 !!!     THIS MAY CAUSE SLOWDOWN IN PERFORMANCE     !!!
20230615 012904.323 INFO             PET3 !!! FOR PRODUCTION RUNS, USE:                      !!!
20230615 012904.323 INFO             PET3 !!!                   ESMF_LOGKIND_Multi_On_Error  !!!
20230615 012904.323 INFO             PET3 !!!!!!!!!!!!!!!!!!!!!!!!!!!!!!!!!!!!!!!!!!!!!!!!!!!!!!
20230615 012904.323 INFO             PET3 Running with ESMF Version   : v8.5.0b23-6-gf97e9e9d68
20230615 012904.323 INFO             PET3 ESMF library build date/time: "Jun 15 2023" "00:49:04"
20230615 012904.323 INFO             PET3 ESMF library build location : /global/cfs/cdirs/e3sm/theurich/ESMF-Nightly-Testing/gfortran_11.2.0_mpi_g_develop/esmf
20230615 012904.323 INFO             PET3 ESMF_COMM                   : mpi
20230615 012904.323 INFO             PET3 ESMF_MOAB                   : enabled
20230615 012904.323 INFO             PET3 ESMF_LAPACK                 : enabled
20230615 012904.323 INFO             PET3 ESMF_NETCDF                 : enabled
20230615 012904.323 INFO             PET3 ESMF_PNETCDF                : disabled
20230615 012904.323 INFO             PET3 ESMF_PIO                    : enabled
20230615 012904.323 INFO             PET3 ESMF_YAMLCPP                : enabled
20230615 012904.387 DEBUG            PET3 about to destroy Grid: 0x55b5e0
20230615 012904.395 DEBUG            PET3 about to destroy Grid: 0x55cfa0
20230615 012904.420 INFO             PET3  NUMBER_OF_PROCESSORS           4
20230615 012904.420 INFO             PET3  PASS  Example ESMF_NUOPCAtmModelEx, ESMF_NUOPCAtmModelEx.F90, line 806
20230615 012904.420 INFO             PET3 Finalizing ESMF
