2023-05-19 00:49:50
20230519 020536.863 INFO             PET0 !!!!!!!!!!!!!!!!!!!!!!!!!!!!!!!!!!!!!!!!!!!!!!!!!!!!!!
20230519 020536.863 INFO             PET0 !!! THE ESMF_LOG IS SET TO OUTPUT ALL LOG MESSAGES !!!
20230519 020536.863 INFO             PET0 !!!     THIS MAY CAUSE SLOWDOWN IN PERFORMANCE     !!!
20230519 020536.863 INFO             PET0 !!! FOR PRODUCTION RUNS, USE:                      !!!
20230519 020536.863 INFO             PET0 !!!                   ESMF_LOGKIND_Multi_On_Error  !!!
20230519 020536.863 INFO             PET0 !!!!!!!!!!!!!!!!!!!!!!!!!!!!!!!!!!!!!!!!!!!!!!!!!!!!!!
20230519 020536.863 INFO             PET0 Running with ESMF Version   : v8.5.0b21-130-gf20d586271
20230519 020536.863 INFO             PET0 ESMF library build date/time: "May 19 2023" "00:48:47"
20230519 020536.863 INFO             PET0 ESMF library build location : /global/cfs/cdirs/e3sm/theurich/ESMF-Nightly-Testing/gfortran_11.2.0_mpi_g_develop/esmf
20230519 020536.863 INFO             PET0 ESMF_COMM                   : mpi
20230519 020536.864 INFO             PET0 ESMF_MOAB                   : enabled
20230519 020536.864 INFO             PET0 ESMF_LAPACK                 : enabled
20230519 020536.864 INFO             PET0 ESMF_NETCDF                 : enabled
20230519 020536.864 INFO             PET0 ESMF_PNETCDF                : disabled
20230519 020536.864 INFO             PET0 ESMF_PIO                    : enabled
20230519 020536.864 INFO             PET0 ESMF_YAMLCPP                : enabled
20230519 020536.870 INFO             PET0  NUMBER_OF_PROCESSORS           1
20230519 020536.870 INFO             PET0  PASS  Example ESMF_XGridSparseMatEx, ESMF_XGridSparseMatEx.F90, line 642
20230519 020536.870 INFO             PET0 Finalizing ESMF
