2023-05-16 22:12:18
20230516 223556.025 INFO             PET0 !!!!!!!!!!!!!!!!!!!!!!!!!!!!!!!!!!!!!!!!!!!!!!!!!!!!!!
20230516 223556.025 INFO             PET0 !!! THE ESMF_LOG IS SET TO OUTPUT ALL LOG MESSAGES !!!
20230516 223556.025 INFO             PET0 !!!     THIS MAY CAUSE SLOWDOWN IN PERFORMANCE     !!!
20230516 223556.025 INFO             PET0 !!! FOR PRODUCTION RUNS, USE:                      !!!
20230516 223556.025 INFO             PET0 !!!                   ESMF_LOGKIND_Multi_On_Error  !!!
20230516 223556.025 INFO             PET0 !!!!!!!!!!!!!!!!!!!!!!!!!!!!!!!!!!!!!!!!!!!!!!!!!!!!!!
20230516 223556.025 INFO             PET0 Running with ESMF Version   : v8.5.0b21-122-ge977c88852
20230516 223556.025 INFO             PET0 ESMF library build date/time: "May 16 2023" "22:10:49"
20230516 223556.025 INFO             PET0 ESMF library build location : /scratch2/NCEPDEV/stmp1/Gerhard.Theurich/ESMF-Nightly-Testing/gfortran_9.2.0_mpiuni_g_feature_hconfig-iter/esmf
20230516 223556.025 INFO             PET0 ESMF_COMM                   : mpiuni
20230516 223556.025 INFO             PET0 ESMF_MOAB                   : enabled
20230516 223556.025 INFO             PET0 ESMF_LAPACK                 : enabled
20230516 223556.025 INFO             PET0 ESMF_NETCDF                 : enabled
20230516 223556.025 INFO             PET0 ESMF_PNETCDF                : disabled
20230516 223556.025 INFO             PET0 ESMF_PIO                    : disabled
20230516 223556.025 INFO             PET0 ESMF_YAMLCPP                : enabled
20230516 223556.088 DEBUG            PET0 about to destroy Grid: 0x11fcba0
20230516 223556.100 DEBUG            PET0 about to destroy Grid: 0x11fe110
20230516 223556.131 INFO             PET0  NUMBER_OF_PROCESSORS           1
20230516 223556.131 INFO             PET0  PASS  Example ESMF_NUOPCAtmModelEx, ESMF_NUOPCAtmModelEx.F90, line 806
20230516 223556.131 INFO             PET0 Finalizing ESMF
