2023-05-14 07:40:34
[h24c28:250422:0:250422] Caught signal 11 (Segmentation fault: address not mapped to object at address 0x4f1b591)
[h24c28:250423:0:250423] Caught signal 11 (Segmentation fault: address not mapped to object at address 0x4f1b591)
[h24c28:250424:0:250424] Caught signal 11 (Segmentation fault: address not mapped to object at address 0x4f1b591)
[h24c28:250425:0:250425] Caught signal 11 (Segmentation fault: address not mapped to object at address 0x4f1b591)
==== backtrace (tid: 250424) ====
 0 0x000000000004d455 ucs_debug_print_backtrace()  ???:0
 1 0x0000000000531eae ESMCI::LogErr::MsgFoundError()  /scratch2/NCEPDEV/stmp1/Gerhard.Theurich/ESMF-Nightly-Testing/intel_2022.3.0_intelmpi_O_feature_fill_nan/esmf/src/Infrastructure/LogErr/src/ESMCI_LogErr.C:586
 2 0x000000000065954b c_esmc_meshcreatenodedistgrid_()  /scratch2/NCEPDEV/stmp1/Gerhard.Theurich/ESMF-Nightly-Testing/intel_2022.3.0_intelmpi_O_feature_fill_nan/esmf/src/Infrastructure/Mesh/interface/ESMCI_Mesh_F.C:248
 3 0x0000000000e457a2 esmf_meshmod_mp_esmf_meshcreatefrompointer_()  /scratch2/NCEPDEV/stmp1/Gerhard.Theurich/ESMF-Nightly-Testing/intel_2022.3.0_intelmpi_O_feature_fill_nan/esmf/src/Infrastructure/Mesh/interface/ESMF_Mesh.F90:3091
 4 0x0000000000ceb956 esmf_gridutilmod_mp_esmf_gridtomesh_()  /scratch2/NCEPDEV/stmp1/Gerhard.Theurich/ESMF-Nightly-Testing/intel_2022.3.0_intelmpi_O_feature_fill_nan/esmf/src/Infrastructure/GridUtil/interface/ESMF_GridUtil.F90:453
 5 0x0000000000bbf460 esmf_fieldregridmod_mp_b_or_p_gridtomesh_()  /scratch2/NCEPDEV/stmp1/Gerhard.Theurich/ESMF-Nightly-Testing/intel_2022.3.0_intelmpi_O_feature_fill_nan/esmf/src/Infrastructure/Field/src/ESMF_FieldRegrid.F90:3228
 6 0x0000000000bbef13 esmf_fieldregridmod_mp_getmeshwithnodesonfieldloc_()  /scratch2/NCEPDEV/stmp1/Gerhard.Theurich/ESMF-Nightly-Testing/intel_2022.3.0_intelmpi_O_feature_fill_nan/esmf/src/Infrastructure/Field/src/ESMF_FieldRegrid.F90:1346
 7 0x0000000000bbd163 esmf_fieldregridmod_mp_esmf_fieldregridstorenx_()  /scratch2/NCEPDEV/stmp1/Gerhard.Theurich/ESMF-Nightly-Testing/intel_2022.3.0_intelmpi_O_feature_fill_nan/esmf/src/Infrastructure/Field/src/ESMF_FieldRegrid.F90:971
 8 0x0000000000a41b7e esmf_fieldbundlemod_mp_esmf_fieldbundleregridstorepair_()  /scratch2/NCEPDEV/stmp1/Gerhard.Theurich/ESMF-Nightly-Testing/intel_2022.3.0_intelmpi_O_feature_fill_nan/esmf/src/Infrastructure/FieldBundle/src/ESMF_FieldBundle.F90:16211
 9 0x000000000101c650 nuopc_connector_mp_fieldbundlecplstore_()  /scratch2/NCEPDEV/stmp1/Gerhard.Theurich/ESMF-Nightly-Testing/intel_2022.3.0_intelmpi_O_feature_fill_nan/esmf/src/addon/NUOPC/src/NUOPC_Connector.F90:7714
10 0x0000000001031e44 nuopc_connector_mp_initializeipdv05p6b_()  /scratch2/NCEPDEV/stmp1/Gerhard.Theurich/ESMF-Nightly-Testing/intel_2022.3.0_intelmpi_O_feature_fill_nan/esmf/src/addon/NUOPC/src/NUOPC_Connector.F90:5386
11 0x0000000000481ff6 ESMCI::FTable::callVFuncPtr()  /scratch2/NCEPDEV/stmp1/Gerhard.Theurich/ESMF-Nightly-Testing/intel_2022.3.0_intelmpi_O_feature_fill_nan/esmf/src/Superstructure/Component/src/ESMCI_FTable.C:2167
12 0x0000000000481a5c ESMCI_FTableCallEntryPointVMHop()  /scratch2/NCEPDEV/stmp1/Gerhard.Theurich/ESMF-Nightly-Testing/intel_2022.3.0_intelmpi_O_feature_fill_nan/esmf/src/Superstructure/Component/src/ESMCI_FTable.C:824
13 0x000000000071a4a0 ESMCI::VMK::enter()  /scratch2/NCEPDEV/stmp1/Gerhard.Theurich/ESMF-Nightly-Testing/intel_2022.3.0_intelmpi_O_feature_fill_nan/esmf/src/Infrastructure/VM/src/ESMCI_VMKernel.C:0
14 0x000000000070d5e8 ESMCI::VM::enter()  /scratch2/NCEPDEV/stmp1/Gerhard.Theurich/ESMF-Nightly-Testing/intel_2022.3.0_intelmpi_O_feature_fill_nan/esmf/src/Infrastructure/VM/src/ESMCI_VM.C:1216
15 0x00000000004826f1 c_esmc_ftablecallentrypointvm_()  /scratch2/NCEPDEV/stmp1/Gerhard.Theurich/ESMF-Nightly-Testing/intel_2022.3.0_intelmpi_O_feature_fill_nan/esmf/src/Superstructure/Component/src/ESMCI_FTable.C:981
16 0x00000000009a33d0 esmf_compmod_mp_esmf_compexecute_()  /scratch2/NCEPDEV/stmp1/Gerhard.Theurich/ESMF-Nightly-Testing/intel_2022.3.0_intelmpi_O_feature_fill_nan/esmf/src/Superstructure/Component/src/ESMF_Comp.F90:1223
17 0x00000000009cfdc1 esmf_cplcompmod_mp_esmf_cplcompinitialize_()  /scratch2/NCEPDEV/stmp1/Gerhard.Theurich/ESMF-Nightly-Testing/intel_2022.3.0_intelmpi_O_feature_fill_nan/esmf/src/Superstructure/Component/src/ESMF_CplComp.F90:1165
18 0x0000000001090915 nuopc_driver_mp_loopconnectorcompss_()  /scratch2/NCEPDEV/stmp1/Gerhard.Theurich/ESMF-Nightly-Testing/intel_2022.3.0_intelmpi_O_feature_fill_nan/esmf/src/addon/NUOPC/src/NUOPC_Driver.F90:3023
19 0x00000000010b0271 nuopc_driver_mp_initializeipdv02p3_()  /scratch2/NCEPDEV/stmp1/Gerhard.Theurich/ESMF-Nightly-Testing/intel_2022.3.0_intelmpi_O_feature_fill_nan/esmf/src/addon/NUOPC/src/NUOPC_Driver.F90:2110
20 0x00000000010c2bf0 nuopc_driver_mp_initializegeneric_()  /scratch2/NCEPDEV/stmp1/Gerhard.Theurich/ESMF-Nightly-Testing/intel_2022.3.0_intelmpi_O_feature_fill_nan/esmf/src/addon/NUOPC/src/NUOPC_Driver.F90:479
21 0x0000000000481ff6 ESMCI::FTable::callVFuncPtr()  /scratch2/NCEPDEV/stmp1/Gerhard.Theurich/ESMF-Nightly-Testing/intel_2022.3.0_intelmpi_O_feature_fill_nan/esmf/src/Superstructure/Component/src/ESMCI_FTable.C:2167
22 0x0000000000481a5c ESMCI_FTableCallEntryPointVMHop()  /scratch2/NCEPDEV/stmp1/Gerhard.Theurich/ESMF-Nightly-Testing/intel_2022.3.0_intelmpi_O_feature_fill_nan/esmf/src/Superstructure/Component/src/ESMCI_FTable.C:824
23 0x000000000071a4a0 ESMCI::VMK::enter()  /scratch2/NCEPDEV/stmp1/Gerhard.Theurich/ESMF-Nightly-Testing/intel_2022.3.0_intelmpi_O_feature_fill_nan/esmf/src/Infrastructure/VM/src/ESMCI_VMKernel.C:0
24 0x000000000070d5e8 ESMCI::VM::enter()  /scratch2/NCEPDEV/stmp1/Gerhard.Theurich/ESMF-Nightly-Testing/intel_2022.3.0_intelmpi_O_feature_fill_nan/esmf/src/Infrastructure/VM/src/ESMCI_VM.C:1216
25 0x00000000004826f1 c_esmc_ftablecallentrypointvm_()  /scratch2/NCEPDEV/stmp1/Gerhard.Theurich/ESMF-Nightly-Testing/intel_2022.3.0_intelmpi_O_feature_fill_nan/esmf/src/Superstructure/Component/src/ESMCI_FTable.C:981
26 0x00000000009a33d0 esmf_compmod_mp_esmf_compexecute_()  /scratch2/NCEPDEV/stmp1/Gerhard.Theurich/ESMF-Nightly-Testing/intel_2022.3.0_intelmpi_O_feature_fill_nan/esmf/src/Superstructure/Component/src/ESMF_Comp.F90:1223
27 0x0000000000ceac91 esmf_gridcompmod_mp_esmf_gridcompinitialize_()  /scratch2/NCEPDEV/stmp1/Gerhard.Theurich/ESMF-Nightly-Testing/intel_2022.3.0_intelmpi_O_feature_fill_nan/esmf/src/Superstructure/Component/src/ESMF_GridComp.F90:1412
28 0x000000000041a1f9 MAIN__()  /scratch2/NCEPDEV/stmp1/Gerhard.Theurich/ESMF-Nightly-Testing/intel_2022.3.0_intelmpi_O_feature_fill_nan/nuopc-app-prototypes/AtmOcnScalarProto/esmApp.F90:70
29 0x0000000000419d9d main()  ???:0
30 0x0000000000022555 __libc_start_main()  ???:0
31 0x0000000000419cb6 _start()  ???:0
=================================
==== backtrace (tid: 250422) ====
 0 0x000000000004d455 ucs_debug_print_backtrace()  ???:0
 1 0x0000000000531eae ESMCI::LogErr::MsgFoundError()  /scratch2/NCEPDEV/stmp1/Gerhard.Theurich/ESMF-Nightly-Testing/intel_2022.3.0_intelmpi_O_feature_fill_nan/esmf/src/Infrastructure/LogErr/src/ESMCI_LogErr.C:586
 2 0x000000000065954b c_esmc_meshcreatenodedistgrid_()  /scratch2/NCEPDEV/stmp1/Gerhard.Theurich/ESMF-Nightly-Testing/intel_2022.3.0_intelmpi_O_feature_fill_nan/esmf/src/Infrastructure/Mesh/interface/ESMCI_Mesh_F.C:248
 3 0x0000000000e457a2 esmf_meshmod_mp_esmf_meshcreatefrompointer_()  /scratch2/NCEPDEV/stmp1/Gerhard.Theurich/ESMF-Nightly-Testing/intel_2022.3.0_intelmpi_O_feature_fill_nan/esmf/src/Infrastructure/Mesh/interface/ESMF_Mesh.F90:3091
 4 0x0000000000ceb956 esmf_gridutilmod_mp_esmf_gridtomesh_()  /scratch2/NCEPDEV/stmp1/Gerhard.Theurich/ESMF-Nightly-Testing/intel_2022.3.0_intelmpi_O_feature_fill_nan/esmf/src/Infrastructure/GridUtil/interface/ESMF_GridUtil.F90:453
 5 0x0000000000bbf460 esmf_fieldregridmod_mp_b_or_p_gridtomesh_()  /scratch2/NCEPDEV/stmp1/Gerhard.Theurich/ESMF-Nightly-Testing/intel_2022.3.0_intelmpi_O_feature_fill_nan/esmf/src/Infrastructure/Field/src/ESMF_FieldRegrid.F90:3228
 6 0x0000000000bbef13 esmf_fieldregridmod_mp_getmeshwithnodesonfieldloc_()  /scratch2/NCEPDEV/stmp1/Gerhard.Theurich/ESMF-Nightly-Testing/intel_2022.3.0_intelmpi_O_feature_fill_nan/esmf/src/Infrastructure/Field/src/ESMF_FieldRegrid.F90:1346
 7 0x0000000000bbd163 esmf_fieldregridmod_mp_esmf_fieldregridstorenx_()  /scratch2/NCEPDEV/stmp1/Gerhard.Theurich/ESMF-Nightly-Testing/intel_2022.3.0_intelmpi_O_feature_fill_nan/esmf/src/Infrastructure/Field/src/ESMF_FieldRegrid.F90:971
 8 0x0000000000a41b7e esmf_fieldbundlemod_mp_esmf_fieldbundleregridstorepair_()  /scratch2/NCEPDEV/stmp1/Gerhard.Theurich/ESMF-Nightly-Testing/intel_2022.3.0_intelmpi_O_feature_fill_nan/esmf/src/Infrastructure/FieldBundle/src/ESMF_FieldBundle.F90:16211
 9 0x000000000101c650 nuopc_connector_mp_fieldbundlecplstore_()  /scratch2/NCEPDEV/stmp1/Gerhard.Theurich/ESMF-Nightly-Testing/intel_2022.3.0_intelmpi_O_feature_fill_nan/esmf/src/addon/NUOPC/src/NUOPC_Connector.F90:7714
10 0x0000000001031e44 nuopc_connector_mp_initializeipdv05p6b_()  /scratch2/NCEPDEV/stmp1/Gerhard.Theurich/ESMF-Nightly-Testing/intel_2022.3.0_intelmpi_O_feature_fill_nan/esmf/src/addon/NUOPC/src/NUOPC_Connector.F90:5386
11 0x0000000000481ff6 ESMCI::FTable::callVFuncPtr()  /scratch2/NCEPDEV/stmp1/Gerhard.Theurich/ESMF-Nightly-Testing/intel_2022.3.0_intelmpi_O_feature_fill_nan/esmf/src/Superstructure/Component/src/ESMCI_FTable.C:2167
12 0x0000000000481a5c ESMCI_FTableCallEntryPointVMHop()  /scratch2/NCEPDEV/stmp1/Gerhard.Theurich/ESMF-Nightly-Testing/intel_2022.3.0_intelmpi_O_feature_fill_nan/esmf/src/Superstructure/Component/src/ESMCI_FTable.C:824
13 0x000000000071a4a0 ESMCI::VMK::enter()  /scratch2/NCEPDEV/stmp1/Gerhard.Theurich/ESMF-Nightly-Testing/intel_2022.3.0_intelmpi_O_feature_fill_nan/esmf/src/Infrastructure/VM/src/ESMCI_VMKernel.C:0
14 0x000000000070d5e8 ESMCI::VM::enter()  /scratch2/NCEPDEV/stmp1/Gerhard.Theurich/ESMF-Nightly-Testing/intel_2022.3.0_intelmpi_O_feature_fill_nan/esmf/src/Infrastructure/VM/src/ESMCI_VM.C:1216
15 0x00000000004826f1 c_esmc_ftablecallentrypointvm_()  /scratch2/NCEPDEV/stmp1/Gerhard.Theurich/ESMF-Nightly-Testing/intel_2022.3.0_intelmpi_O_feature_fill_nan/esmf/src/Superstructure/Component/src/ESMCI_FTable.C:981
16 0x00000000009a33d0 esmf_compmod_mp_esmf_compexecute_()  /scratch2/NCEPDEV/stmp1/Gerhard.Theurich/ESMF-Nightly-Testing/intel_2022.3.0_intelmpi_O_feature_fill_nan/esmf/src/Superstructure/Component/src/ESMF_Comp.F90:1223
17 0x00000000009cfdc1 esmf_cplcompmod_mp_esmf_cplcompinitialize_()  /scratch2/NCEPDEV/stmp1/Gerhard.Theurich/ESMF-Nightly-Testing/intel_2022.3.0_intelmpi_O_feature_fill_nan/esmf/src/Superstructure/Component/src/ESMF_CplComp.F90:1165
18 0x0000000001090915 nuopc_driver_mp_loopconnectorcompss_()  /scratch2/NCEPDEV/stmp1/Gerhard.Theurich/ESMF-Nightly-Testing/intel_2022.3.0_intelmpi_O_feature_fill_nan/esmf/src/addon/NUOPC/src/NUOPC_Driver.F90:3023
19 0x00000000010b0271 nuopc_driver_mp_initializeipdv02p3_()  /scratch2/NCEPDEV/stmp1/Gerhard.Theurich/ESMF-Nightly-Testing/intel_2022.3.0_intelmpi_O_feature_fill_nan/esmf/src/addon/NUOPC/src/NUOPC_Driver.F90:2110
20 0x00000000010c2bf0 nuopc_driver_mp_initializegeneric_()  /scratch2/NCEPDEV/stmp1/Gerhard.Theurich/ESMF-Nightly-Testing/intel_2022.3.0_intelmpi_O_feature_fill_nan/esmf/src/addon/NUOPC/src/NUOPC_Driver.F90:479
21 0x0000000000481ff6 ESMCI::FTable::callVFuncPtr()  /scratch2/NCEPDEV/stmp1/Gerhard.Theurich/ESMF-Nightly-Testing/intel_2022.3.0_intelmpi_O_feature_fill_nan/esmf/src/Superstructure/Component/src/ESMCI_FTable.C:2167
22 0x0000000000481a5c ESMCI_FTableCallEntryPointVMHop()  /scratch2/NCEPDEV/stmp1/Gerhard.Theurich/ESMF-Nightly-Testing/intel_2022.3.0_intelmpi_O_feature_fill_nan/esmf/src/Superstructure/Component/src/ESMCI_FTable.C:824
23 0x000000000071a4a0 ESMCI::VMK::enter()  /scratch2/NCEPDEV/stmp1/Gerhard.Theurich/ESMF-Nightly-Testing/intel_2022.3.0_intelmpi_O_feature_fill_nan/esmf/src/Infrastructure/VM/src/ESMCI_VMKernel.C:0
24 0x000000000070d5e8 ESMCI::VM::enter()  /scratch2/NCEPDEV/stmp1/Gerhard.Theurich/ESMF-Nightly-Testing/intel_2022.3.0_intelmpi_O_feature_fill_nan/esmf/src/Infrastructure/VM/src/ESMCI_VM.C:1216
25 0x00000000004826f1 c_esmc_ftablecallentrypointvm_()  /scratch2/NCEPDEV/stmp1/Gerhard.Theurich/ESMF-Nightly-Testing/intel_2022.3.0_intelmpi_O_feature_fill_nan/esmf/src/Superstructure/Component/src/ESMCI_FTable.C:981
26 0x00000000009a33d0 esmf_compmod_mp_esmf_compexecute_()  /scratch2/NCEPDEV/stmp1/Gerhard.Theurich/ESMF-Nightly-Testing/intel_2022.3.0_intelmpi_O_feature_fill_nan/esmf/src/Superstructure/Component/src/ESMF_Comp.F90:1223
27 0x0000000000ceac91 esmf_gridcompmod_mp_esmf_gridcompinitialize_()  /scratch2/NCEPDEV/stmp1/Gerhard.Theurich/ESMF-Nightly-Testing/intel_2022.3.0_intelmpi_O_feature_fill_nan/esmf/src/Superstructure/Component/src/ESMF_GridComp.F90:1412
28 0x000000000041a1f9 MAIN__()  /scratch2/NCEPDEV/stmp1/Gerhard.Theurich/ESMF-Nightly-Testing/intel_2022.3.0_intelmpi_O_feature_fill_nan/nuopc-app-prototypes/AtmOcnScalarProto/esmApp.F90:70
29 0x0000000000419d9d main()  ???:0
30 0x0000000000022555 __libc_start_main()  ???:0
31 0x0000000000419cb6 _start()  ???:0
=================================
forrtl: severe (174): SIGSEGV, segmentation fault occurred
Image              PC                Routine            Line        Source             
libpthread-2.17.s  00002B8FB791C630  Unknown               Unknown  Unknown
libesmf.so         00002B8FB3A02EAE  _ZN5ESMCI6LogErr1     Unknown  Unknown
libesmf.so         00002B8FB3B2A54B  c_esmc_meshcreate     Unknown  Unknown
libesmf.so         00002B8FB43167A2  esmf_meshmod_mp_e     Unknown  Unknown
libesmf.so         00002B8FB41BC956  esmf_gridutilmod_     Unknown  Unknown
libesmf.so         00002B8FB4090460  esmf_fieldregridm     Unknown  Unknown
libesmf.so         00002B8FB408FF13  esmf_fieldregridm     Unknown  Unknown
libesmf.so         00002B8FB408E163  esmf_fieldregridm     Unknown  Unknown
libesmf.so         00002B8FB3F12B7E  esmf_fieldbundlem     Unknown  Unknown
libesmf.so         00002B8FB44ED650  nuopc_connector_m     Unknown  Unknown
libesmf.so         00002B8FB4502E44  nuopc_connector_m     Unknown  Unknown
libesmf.so         00002B8FB3952FF6  _ZN5ESMCI6FTable1     Unknown  Unknown
libesmf.so         00002B8FB3952A5C  ESMCI_FTableCallE     Unknown  Unknown
libesmf.so         00002B8FB3BEB4A0  _ZN5ESMCI3VMK5ent     Unknown  Unknown
libesmf.so         00002B8FB3BDE5E8  _ZN5ESMCI2VM5ente     Unknown  Unknown
libesmf.so         00002B8FB39536F1  c_esmc_ftablecall     Unknown  Unknown
libesmf.so         00002B8FB3E743D0  esmf_compmod_mp_e     Unknown  Unknown
libesmf.so         00002B8FB3EA0DC1  esmf_cplcompmod_m     Unknown  Unknown
libesmf.so         00002B8FB4561915  nuopc_driver_mp_l     Unknown  Unknown
libesmf.so         00002B8FB4581271  nuopc_driver_mp_i     Unknown  Unknown
libesmf.so         00002B8FB4593BF0  nuopc_driver_mp_i     Unknown  Unknown
libesmf.so         00002B8FB3952FF6  _ZN5ESMCI6FTable1     Unknown  Unknown
libesmf.so         00002B8FB3952A5C  ESMCI_FTableCallE     Unknown  Unknown
libesmf.so         00002B8FB3BEB4A0  _ZN5ESMCI3VMK5ent     Unknown  Unknown
libesmf.so         00002B8FB3BDE5E8  _ZN5ESMCI2VM5ente     Unknown  Unknown
libesmf.so         00002B8FB39536F1  c_esmc_ftablecall     Unknown  Unknown
libesmf.so         00002B8FB3E743D0  esmf_compmod_mp_e     Unknown  Unknown
libesmf.so         00002B8FB41BBC91  esmf_gridcompmod_     Unknown  Unknown
esmApp             000000000041A1F9  Unknown               Unknown  Unknown
esmApp             0000000000419D9D  Unknown               Unknown  Unknown
libc-2.17.so       00002B8FB87AA555  __libc_start_main     Unknown  Unknown
esmApp             0000000000419CB6  Unknown               Unknown  Unknown
forrtl: severe (174): SIGSEGV, segmentation fault occurred
Image              PC                Routine            Line        Source             
libpthread-2.17.s  00002AEF0F3D4630  Unknown               Unknown  Unknown
libesmf.so         00002AEF0B4BAEAE  _ZN5ESMCI6LogErr1     Unknown  Unknown
libesmf.so         00002AEF0B5E254B  c_esmc_meshcreate     Unknown  Unknown
libesmf.so         00002AEF0BDCE7A2  esmf_meshmod_mp_e     Unknown  Unknown
libesmf.so         00002AEF0BC74956  esmf_gridutilmod_     Unknown  Unknown
libesmf.so         00002AEF0BB48460  esmf_fieldregridm     Unknown  Unknown
libesmf.so         00002AEF0BB47F13  esmf_fieldregridm     Unknown  Unknown
libesmf.so         00002AEF0BB46163  esmf_fieldregridm     Unknown  Unknown
libesmf.so         00002AEF0B9CAB7E  esmf_fieldbundlem     Unknown  Unknown
libesmf.so         00002AEF0BFA5650  nuopc_connector_m     Unknown  Unknown
libesmf.so         00002AEF0BFBAE44  nuopc_connector_m     Unknown  Unknown
libesmf.so         00002AEF0B40AFF6  _ZN5ESMCI6FTable1     Unknown  Unknown
libesmf.so         00002AEF0B40AA5C  ESMCI_FTableCallE     Unknown  Unknown
libesmf.so         00002AEF0B6A34A0  _ZN5ESMCI3VMK5ent     Unknown  Unknown
libesmf.so         00002AEF0B6965E8  _ZN5ESMCI2VM5ente     Unknown  Unknown
libesmf.so         00002AEF0B40B6F1  c_esmc_ftablecall     Unknown  Unknown
libesmf.so         00002AEF0B92C3D0  esmf_compmod_mp_e     Unknown  Unknown
libesmf.so         00002AEF0B958DC1  esmf_cplcompmod_m     Unknown  Unknown
libesmf.so         00002AEF0C019915  nuopc_driver_mp_l     Unknown  Unknown
libesmf.so         00002AEF0C039271  nuopc_driver_mp_i     Unknown  Unknown
libesmf.so         00002AEF0C04BBF0  nuopc_driver_mp_i     Unknown  Unknown
libesmf.so         00002AEF0B40AFF6  _ZN5ESMCI6FTable1     Unknown  Unknown
libesmf.so         00002AEF0B40AA5C  ESMCI_FTableCallE     Unknown  Unknown
libesmf.so         00002AEF0B6A34A0  _ZN5ESMCI3VMK5ent     Unknown  Unknown
libesmf.so         00002AEF0B6965E8  _ZN5ESMCI2VM5ente     Unknown  Unknown
libesmf.so         00002AEF0B40B6F1  c_esmc_ftablecall     Unknown  Unknown
libesmf.so         00002AEF0B92C3D0  esmf_compmod_mp_e     Unknown  Unknown
libesmf.so         00002AEF0BC73C91  esmf_gridcompmod_     Unknown  Unknown
esmApp             000000000041A1F9  Unknown               Unknown  Unknown
esmApp             0000000000419D9D  Unknown               Unknown  Unknown
libc-2.17.so       00002AEF10262555  __libc_start_main     Unknown  Unknown
esmApp             0000000000419CB6  Unknown               Unknown  Unknown
==== backtrace (tid: 250425) ====
 0 0x000000000004d455 ucs_debug_print_backtrace()  ???:0
 1 0x0000000000531eae ESMCI::LogErr::MsgFoundError()  /scratch2/NCEPDEV/stmp1/Gerhard.Theurich/ESMF-Nightly-Testing/intel_2022.3.0_intelmpi_O_feature_fill_nan/esmf/src/Infrastructure/LogErr/src/ESMCI_LogErr.C:586
 2 0x000000000065954b c_esmc_meshcreatenodedistgrid_()  /scratch2/NCEPDEV/stmp1/Gerhard.Theurich/ESMF-Nightly-Testing/intel_2022.3.0_intelmpi_O_feature_fill_nan/esmf/src/Infrastructure/Mesh/interface/ESMCI_Mesh_F.C:248
 3 0x0000000000e457a2 esmf_meshmod_mp_esmf_meshcreatefrompointer_()  /scratch2/NCEPDEV/stmp1/Gerhard.Theurich/ESMF-Nightly-Testing/intel_2022.3.0_intelmpi_O_feature_fill_nan/esmf/src/Infrastructure/Mesh/interface/ESMF_Mesh.F90:3091
 4 0x0000000000ceb956 esmf_gridutilmod_mp_esmf_gridtomesh_()  /scratch2/NCEPDEV/stmp1/Gerhard.Theurich/ESMF-Nightly-Testing/intel_2022.3.0_intelmpi_O_feature_fill_nan/esmf/src/Infrastructure/GridUtil/interface/ESMF_GridUtil.F90:453
 5 0x0000000000bbf460 esmf_fieldregridmod_mp_b_or_p_gridtomesh_()  /scratch2/NCEPDEV/stmp1/Gerhard.Theurich/ESMF-Nightly-Testing/intel_2022.3.0_intelmpi_O_feature_fill_nan/esmf/src/Infrastructure/Field/src/ESMF_FieldRegrid.F90:3228
 6 0x0000000000bbef13 esmf_fieldregridmod_mp_getmeshwithnodesonfieldloc_()  /scratch2/NCEPDEV/stmp1/Gerhard.Theurich/ESMF-Nightly-Testing/intel_2022.3.0_intelmpi_O_feature_fill_nan/esmf/src/Infrastructure/Field/src/ESMF_FieldRegrid.F90:1346
 7 0x0000000000bbd163 esmf_fieldregridmod_mp_esmf_fieldregridstorenx_()  /scratch2/NCEPDEV/stmp1/Gerhard.Theurich/ESMF-Nightly-Testing/intel_2022.3.0_intelmpi_O_feature_fill_nan/esmf/src/Infrastructure/Field/src/ESMF_FieldRegrid.F90:971
 8 0x0000000000a41b7e esmf_fieldbundlemod_mp_esmf_fieldbundleregridstorepair_()  /scratch2/NCEPDEV/stmp1/Gerhard.Theurich/ESMF-Nightly-Testing/intel_2022.3.0_intelmpi_O_feature_fill_nan/esmf/src/Infrastructure/FieldBundle/src/ESMF_FieldBundle.F90:16211
 9 0x000000000101c650 nuopc_connector_mp_fieldbundlecplstore_()  /scratch2/NCEPDEV/stmp1/Gerhard.Theurich/ESMF-Nightly-Testing/intel_2022.3.0_intelmpi_O_feature_fill_nan/esmf/src/addon/NUOPC/src/NUOPC_Connector.F90:7714
10 0x0000000001031e44 nuopc_connector_mp_initializeipdv05p6b_()  /scratch2/NCEPDEV/stmp1/Gerhard.Theurich/ESMF-Nightly-Testing/intel_2022.3.0_intelmpi_O_feature_fill_nan/esmf/src/addon/NUOPC/src/NUOPC_Connector.F90:5386
11 0x0000000000481ff6 ESMCI::FTable::callVFuncPtr()  /scratch2/NCEPDEV/stmp1/Gerhard.Theurich/ESMF-Nightly-Testing/intel_2022.3.0_intelmpi_O_feature_fill_nan/esmf/src/Superstructure/Component/src/ESMCI_FTable.C:2167
12 0x0000000000481a5c ESMCI_FTableCallEntryPointVMHop()  /scratch2/NCEPDEV/stmp1/Gerhard.Theurich/ESMF-Nightly-Testing/intel_2022.3.0_intelmpi_O_feature_fill_nan/esmf/src/Superstructure/Component/src/ESMCI_FTable.C:824
13 0x000000000071a4a0 ESMCI::VMK::enter()  /scratch2/NCEPDEV/stmp1/Gerhard.Theurich/ESMF-Nightly-Testing/intel_2022.3.0_intelmpi_O_feature_fill_nan/esmf/src/Infrastructure/VM/src/ESMCI_VMKernel.C:0
14 0x000000000070d5e8 ESMCI::VM::enter()  /scratch2/NCEPDEV/stmp1/Gerhard.Theurich/ESMF-Nightly-Testing/intel_2022.3.0_intelmpi_O_feature_fill_nan/esmf/src/Infrastructure/VM/src/ESMCI_VM.C:1216
15 0x00000000004826f1 c_esmc_ftablecallentrypointvm_()  /scratch2/NCEPDEV/stmp1/Gerhard.Theurich/ESMF-Nightly-Testing/intel_2022.3.0_intelmpi_O_feature_fill_nan/esmf/src/Superstructure/Component/src/ESMCI_FTable.C:981
16 0x00000000009a33d0 esmf_compmod_mp_esmf_compexecute_()  /scratch2/NCEPDEV/stmp1/Gerhard.Theurich/ESMF-Nightly-Testing/intel_2022.3.0_intelmpi_O_feature_fill_nan/esmf/src/Superstructure/Component/src/ESMF_Comp.F90:1223
17 0x00000000009cfdc1 esmf_cplcompmod_mp_esmf_cplcompinitialize_()  /scratch2/NCEPDEV/stmp1/Gerhard.Theurich/ESMF-Nightly-Testing/intel_2022.3.0_intelmpi_O_feature_fill_nan/esmf/src/Superstructure/Component/src/ESMF_CplComp.F90:1165
18 0x0000000001090915 nuopc_driver_mp_loopconnectorcompss_()  /scratch2/NCEPDEV/stmp1/Gerhard.Theurich/ESMF-Nightly-Testing/intel_2022.3.0_intelmpi_O_feature_fill_nan/esmf/src/addon/NUOPC/src/NUOPC_Driver.F90:3023
19 0x00000000010b0271 nuopc_driver_mp_initializeipdv02p3_()  /scratch2/NCEPDEV/stmp1/Gerhard.Theurich/ESMF-Nightly-Testing/intel_2022.3.0_intelmpi_O_feature_fill_nan/esmf/src/addon/NUOPC/src/NUOPC_Driver.F90:2110
20 0x00000000010c2bf0 nuopc_driver_mp_initializegeneric_()  /scratch2/NCEPDEV/stmp1/Gerhard.Theurich/ESMF-Nightly-Testing/intel_2022.3.0_intelmpi_O_feature_fill_nan/esmf/src/addon/NUOPC/src/NUOPC_Driver.F90:479
21 0x0000000000481ff6 ESMCI::FTable::callVFuncPtr()  /scratch2/NCEPDEV/stmp1/Gerhard.Theurich/ESMF-Nightly-Testing/intel_2022.3.0_intelmpi_O_feature_fill_nan/esmf/src/Superstructure/Component/src/ESMCI_FTable.C:2167
22 0x0000000000481a5c ESMCI_FTableCallEntryPointVMHop()  /scratch2/NCEPDEV/stmp1/Gerhard.Theurich/ESMF-Nightly-Testing/intel_2022.3.0_intelmpi_O_feature_fill_nan/esmf/src/Superstructure/Component/src/ESMCI_FTable.C:824
23 0x000000000071a4a0 ESMCI::VMK::enter()  /scratch2/NCEPDEV/stmp1/Gerhard.Theurich/ESMF-Nightly-Testing/intel_2022.3.0_intelmpi_O_feature_fill_nan/esmf/src/Infrastructure/VM/src/ESMCI_VMKernel.C:0
24 0x000000000070d5e8 ESMCI::VM::enter()  /scratch2/NCEPDEV/stmp1/Gerhard.Theurich/ESMF-Nightly-Testing/intel_2022.3.0_intelmpi_O_feature_fill_nan/esmf/src/Infrastructure/VM/src/ESMCI_VM.C:1216
25 0x00000000004826f1 c_esmc_ftablecallentrypointvm_()  /scratch2/NCEPDEV/stmp1/Gerhard.Theurich/ESMF-Nightly-Testing/intel_2022.3.0_intelmpi_O_feature_fill_nan/esmf/src/Superstructure/Component/src/ESMCI_FTable.C:981
26 0x00000000009a33d0 esmf_compmod_mp_esmf_compexecute_()  /scratch2/NCEPDEV/stmp1/Gerhard.Theurich/ESMF-Nightly-Testing/intel_2022.3.0_intelmpi_O_feature_fill_nan/esmf/src/Superstructure/Component/src/ESMF_Comp.F90:1223
27 0x0000000000ceac91 esmf_gridcompmod_mp_esmf_gridcompinitialize_()  /scratch2/NCEPDEV/stmp1/Gerhard.Theurich/ESMF-Nightly-Testing/intel_2022.3.0_intelmpi_O_feature_fill_nan/esmf/src/Superstructure/Component/src/ESMF_GridComp.F90:1412
28 0x000000000041a1f9 MAIN__()  /scratch2/NCEPDEV/stmp1/Gerhard.Theurich/ESMF-Nightly-Testing/intel_2022.3.0_intelmpi_O_feature_fill_nan/nuopc-app-prototypes/AtmOcnScalarProto/esmApp.F90:70
29 0x0000000000419d9d main()  ???:0
30 0x0000000000022555 __libc_start_main()  ???:0
31 0x0000000000419cb6 _start()  ???:0
=================================
==== backtrace (tid: 250423) ====
 0 0x000000000004d455 ucs_debug_print_backtrace()  ???:0
 1 0x0000000000531eae ESMCI::LogErr::MsgFoundError()  /scratch2/NCEPDEV/stmp1/Gerhard.Theurich/ESMF-Nightly-Testing/intel_2022.3.0_intelmpi_O_feature_fill_nan/esmf/src/Infrastructure/LogErr/src/ESMCI_LogErr.C:586
 2 0x000000000065954b c_esmc_meshcreatenodedistgrid_()  /scratch2/NCEPDEV/stmp1/Gerhard.Theurich/ESMF-Nightly-Testing/intel_2022.3.0_intelmpi_O_feature_fill_nan/esmf/src/Infrastructure/Mesh/interface/ESMCI_Mesh_F.C:248
 3 0x0000000000e457a2 esmf_meshmod_mp_esmf_meshcreatefrompointer_()  /scratch2/NCEPDEV/stmp1/Gerhard.Theurich/ESMF-Nightly-Testing/intel_2022.3.0_intelmpi_O_feature_fill_nan/esmf/src/Infrastructure/Mesh/interface/ESMF_Mesh.F90:3091
 4 0x0000000000ceb956 esmf_gridutilmod_mp_esmf_gridtomesh_()  /scratch2/NCEPDEV/stmp1/Gerhard.Theurich/ESMF-Nightly-Testing/intel_2022.3.0_intelmpi_O_feature_fill_nan/esmf/src/Infrastructure/GridUtil/interface/ESMF_GridUtil.F90:453
 5 0x0000000000bbf460 esmf_fieldregridmod_mp_b_or_p_gridtomesh_()  /scratch2/NCEPDEV/stmp1/Gerhard.Theurich/ESMF-Nightly-Testing/intel_2022.3.0_intelmpi_O_feature_fill_nan/esmf/src/Infrastructure/Field/src/ESMF_FieldRegrid.F90:3228
 6 0x0000000000bbef13 esmf_fieldregridmod_mp_getmeshwithnodesonfieldloc_()  /scratch2/NCEPDEV/stmp1/Gerhard.Theurich/ESMF-Nightly-Testing/intel_2022.3.0_intelmpi_O_feature_fill_nan/esmf/src/Infrastructure/Field/src/ESMF_FieldRegrid.F90:1346
 7 0x0000000000bbd163 esmf_fieldregridmod_mp_esmf_fieldregridstorenx_()  /scratch2/NCEPDEV/stmp1/Gerhard.Theurich/ESMF-Nightly-Testing/intel_2022.3.0_intelmpi_O_feature_fill_nan/esmf/src/Infrastructure/Field/src/ESMF_FieldRegrid.F90:971
 8 0x0000000000a41b7e esmf_fieldbundlemod_mp_esmf_fieldbundleregridstorepair_()  /scratch2/NCEPDEV/stmp1/Gerhard.Theurich/ESMF-Nightly-Testing/intel_2022.3.0_intelmpi_O_feature_fill_nan/esmf/src/Infrastructure/FieldBundle/src/ESMF_FieldBundle.F90:16211
 9 0x000000000101c650 nuopc_connector_mp_fieldbundlecplstore_()  /scratch2/NCEPDEV/stmp1/Gerhard.Theurich/ESMF-Nightly-Testing/intel_2022.3.0_intelmpi_O_feature_fill_nan/esmf/src/addon/NUOPC/src/NUOPC_Connector.F90:7714
10 0x0000000001031e44 nuopc_connector_mp_initializeipdv05p6b_()  /scratch2/NCEPDEV/stmp1/Gerhard.Theurich/ESMF-Nightly-Testing/intel_2022.3.0_intelmpi_O_feature_fill_nan/esmf/src/addon/NUOPC/src/NUOPC_Connector.F90:5386
11 0x0000000000481ff6 ESMCI::FTable::callVFuncPtr()  /scratch2/NCEPDEV/stmp1/Gerhard.Theurich/ESMF-Nightly-Testing/intel_2022.3.0_intelmpi_O_feature_fill_nan/esmf/src/Superstructure/Component/src/ESMCI_FTable.C:2167
12 0x0000000000481a5c ESMCI_FTableCallEntryPointVMHop()  /scratch2/NCEPDEV/stmp1/Gerhard.Theurich/ESMF-Nightly-Testing/intel_2022.3.0_intelmpi_O_feature_fill_nan/esmf/src/Superstructure/Component/src/ESMCI_FTable.C:824
13 0x000000000071a4a0 ESMCI::VMK::enter()  /scratch2/NCEPDEV/stmp1/Gerhard.Theurich/ESMF-Nightly-Testing/intel_2022.3.0_intelmpi_O_feature_fill_nan/esmf/src/Infrastructure/VM/src/ESMCI_VMKernel.C:0
14 0x000000000070d5e8 ESMCI::VM::enter()  /scratch2/NCEPDEV/stmp1/Gerhard.Theurich/ESMF-Nightly-Testing/intel_2022.3.0_intelmpi_O_feature_fill_nan/esmf/src/Infrastructure/VM/src/ESMCI_VM.C:1216
15 0x00000000004826f1 c_esmc_ftablecallentrypointvm_()  /scratch2/NCEPDEV/stmp1/Gerhard.Theurich/ESMF-Nightly-Testing/intel_2022.3.0_intelmpi_O_feature_fill_nan/esmf/src/Superstructure/Component/src/ESMCI_FTable.C:981
16 0x00000000009a33d0 esmf_compmod_mp_esmf_compexecute_()  /scratch2/NCEPDEV/stmp1/Gerhard.Theurich/ESMF-Nightly-Testing/intel_2022.3.0_intelmpi_O_feature_fill_nan/esmf/src/Superstructure/Component/src/ESMF_Comp.F90:1223
17 0x00000000009cfdc1 esmf_cplcompmod_mp_esmf_cplcompinitialize_()  /scratch2/NCEPDEV/stmp1/Gerhard.Theurich/ESMF-Nightly-Testing/intel_2022.3.0_intelmpi_O_feature_fill_nan/esmf/src/Superstructure/Component/src/ESMF_CplComp.F90:1165
18 0x0000000001090915 nuopc_driver_mp_loopconnectorcompss_()  /scratch2/NCEPDEV/stmp1/Gerhard.Theurich/ESMF-Nightly-Testing/intel_2022.3.0_intelmpi_O_feature_fill_nan/esmf/src/addon/NUOPC/src/NUOPC_Driver.F90:3023
19 0x00000000010b0271 nuopc_driver_mp_initializeipdv02p3_()  /scratch2/NCEPDEV/stmp1/Gerhard.Theurich/ESMF-Nightly-Testing/intel_2022.3.0_intelmpi_O_feature_fill_nan/esmf/src/addon/NUOPC/src/NUOPC_Driver.F90:2110
20 0x00000000010c2bf0 nuopc_driver_mp_initializegeneric_()  /scratch2/NCEPDEV/stmp1/Gerhard.Theurich/ESMF-Nightly-Testing/intel_2022.3.0_intelmpi_O_feature_fill_nan/esmf/src/addon/NUOPC/src/NUOPC_Driver.F90:479
21 0x0000000000481ff6 ESMCI::FTable::callVFuncPtr()  /scratch2/NCEPDEV/stmp1/Gerhard.Theurich/ESMF-Nightly-Testing/intel_2022.3.0_intelmpi_O_feature_fill_nan/esmf/src/Superstructure/Component/src/ESMCI_FTable.C:2167
22 0x0000000000481a5c ESMCI_FTableCallEntryPointVMHop()  /scratch2/NCEPDEV/stmp1/Gerhard.Theurich/ESMF-Nightly-Testing/intel_2022.3.0_intelmpi_O_feature_fill_nan/esmf/src/Superstructure/Component/src/ESMCI_FTable.C:824
23 0x000000000071a4a0 ESMCI::VMK::enter()  /scratch2/NCEPDEV/stmp1/Gerhard.Theurich/ESMF-Nightly-Testing/intel_2022.3.0_intelmpi_O_feature_fill_nan/esmf/src/Infrastructure/VM/src/ESMCI_VMKernel.C:0
24 0x000000000070d5e8 ESMCI::VM::enter()  /scratch2/NCEPDEV/stmp1/Gerhard.Theurich/ESMF-Nightly-Testing/intel_2022.3.0_intelmpi_O_feature_fill_nan/esmf/src/Infrastructure/VM/src/ESMCI_VM.C:1216
25 0x00000000004826f1 c_esmc_ftablecallentrypointvm_()  /scratch2/NCEPDEV/stmp1/Gerhard.Theurich/ESMF-Nightly-Testing/intel_2022.3.0_intelmpi_O_feature_fill_nan/esmf/src/Superstructure/Component/src/ESMCI_FTable.C:981
26 0x00000000009a33d0 esmf_compmod_mp_esmf_compexecute_()  /scratch2/NCEPDEV/stmp1/Gerhard.Theurich/ESMF-Nightly-Testing/intel_2022.3.0_intelmpi_O_feature_fill_nan/esmf/src/Superstructure/Component/src/ESMF_Comp.F90:1223
27 0x0000000000ceac91 esmf_gridcompmod_mp_esmf_gridcompinitialize_()  /scratch2/NCEPDEV/stmp1/Gerhard.Theurich/ESMF-Nightly-Testing/intel_2022.3.0_intelmpi_O_feature_fill_nan/esmf/src/Superstructure/Component/src/ESMF_GridComp.F90:1412
28 0x000000000041a1f9 MAIN__()  /scratch2/NCEPDEV/stmp1/Gerhard.Theurich/ESMF-Nightly-Testing/intel_2022.3.0_intelmpi_O_feature_fill_nan/nuopc-app-prototypes/AtmOcnScalarProto/esmApp.F90:70
29 0x0000000000419d9d main()  ???:0
30 0x0000000000022555 __libc_start_main()  ???:0
31 0x0000000000419cb6 _start()  ???:0
=================================
forrtl: severe (174): SIGSEGV, segmentation fault occurred
Image              PC                Routine            Line        Source             
libpthread-2.17.s  00002B6BD7640630  Unknown               Unknown  Unknown
libesmf.so         00002B6BD3726EAE  _ZN5ESMCI6LogErr1     Unknown  Unknown
libesmf.so         00002B6BD384E54B  c_esmc_meshcreate     Unknown  Unknown
libesmf.so         00002B6BD403A7A2  esmf_meshmod_mp_e     Unknown  Unknown
libesmf.so         00002B6BD3EE0956  esmf_gridutilmod_     Unknown  Unknown
libesmf.so         00002B6BD3DB4460  esmf_fieldregridm     Unknown  Unknown
libesmf.so         00002B6BD3DB3F13  esmf_fieldregridm     Unknown  Unknown
libesmf.so         00002B6BD3DB2163  esmf_fieldregridm     Unknown  Unknown
libesmf.so         00002B6BD3C36B7E  esmf_fieldbundlem     Unknown  Unknown
libesmf.so         00002B6BD4211650  nuopc_connector_m     Unknown  Unknown
libesmf.so         00002B6BD4226E44  nuopc_connector_m     Unknown  Unknown
libesmf.so         00002B6BD3676FF6  _ZN5ESMCI6FTable1     Unknown  Unknown
libesmf.so         00002B6BD3676A5C  ESMCI_FTableCallE     Unknown  Unknown
libesmf.so         00002B6BD390F4A0  _ZN5ESMCI3VMK5ent     Unknown  Unknown
libesmf.so         00002B6BD39025E8  _ZN5ESMCI2VM5ente     Unknown  Unknown
libesmf.so         00002B6BD36776F1  c_esmc_ftablecall     Unknown  Unknown
libesmf.so         00002B6BD3B983D0  esmf_compmod_mp_e     Unknown  Unknown
libesmf.so         00002B6BD3BC4DC1  esmf_cplcompmod_m     Unknown  Unknown
libesmf.so         00002B6BD4285915  nuopc_driver_mp_l     Unknown  Unknown
libesmf.so         00002B6BD42A5271  nuopc_driver_mp_i     Unknown  Unknown
libesmf.so         00002B6BD42B7BF0  nuopc_driver_mp_i     Unknown  Unknown
libesmf.so         00002B6BD3676FF6  _ZN5ESMCI6FTable1     Unknown  Unknown
libesmf.so         00002B6BD3676A5C  ESMCI_FTableCallE     Unknown  Unknown
libesmf.so         00002B6BD390F4A0  _ZN5ESMCI3VMK5ent     Unknown  Unknown
libesmf.so         00002B6BD39025E8  _ZN5ESMCI2VM5ente     Unknown  Unknown
libesmf.so         00002B6BD36776F1  c_esmc_ftablecall     Unknown  Unknown
libesmf.so         00002B6BD3B983D0  esmf_compmod_mp_e     Unknown  Unknown
libesmf.so         00002B6BD3EDFC91  esmf_gridcompmod_     Unknown  Unknown
esmApp             000000000041A1F9  Unknown               Unknown  Unknown
esmApp             0000000000419D9D  Unknown               Unknown  Unknown
libc-2.17.so       00002B6BD84CE555  __libc_start_main     Unknown  Unknown
esmApp             0000000000419CB6  Unknown               Unknown  Unknown
forrtl: severe (174): SIGSEGV, segmentation fault occurred
Image              PC                Routine            Line        Source             
libpthread-2.17.s  00002AC021035630  Unknown               Unknown  Unknown
libesmf.so         00002AC01D11BEAE  _ZN5ESMCI6LogErr1     Unknown  Unknown
libesmf.so         00002AC01D24354B  c_esmc_meshcreate     Unknown  Unknown
libesmf.so         00002AC01DA2F7A2  esmf_meshmod_mp_e     Unknown  Unknown
libesmf.so         00002AC01D8D5956  esmf_gridutilmod_     Unknown  Unknown
libesmf.so         00002AC01D7A9460  esmf_fieldregridm     Unknown  Unknown
libesmf.so         00002AC01D7A8F13  esmf_fieldregridm     Unknown  Unknown
libesmf.so         00002AC01D7A7163  esmf_fieldregridm     Unknown  Unknown
libesmf.so         00002AC01D62BB7E  esmf_fieldbundlem     Unknown  Unknown
libesmf.so         00002AC01DC06650  nuopc_connector_m     Unknown  Unknown
libesmf.so         00002AC01DC1BE44  nuopc_connector_m     Unknown  Unknown
libesmf.so         00002AC01D06BFF6  _ZN5ESMCI6FTable1     Unknown  Unknown
libesmf.so         00002AC01D06BA5C  ESMCI_FTableCallE     Unknown  Unknown
libesmf.so         00002AC01D3044A0  _ZN5ESMCI3VMK5ent     Unknown  Unknown
libesmf.so         00002AC01D2F75E8  _ZN5ESMCI2VM5ente     Unknown  Unknown
libesmf.so         00002AC01D06C6F1  c_esmc_ftablecall     Unknown  Unknown
libesmf.so         00002AC01D58D3D0  esmf_compmod_mp_e     Unknown  Unknown
libesmf.so         00002AC01D5B9DC1  esmf_cplcompmod_m     Unknown  Unknown
libesmf.so         00002AC01DC7A915  nuopc_driver_mp_l     Unknown  Unknown
libesmf.so         00002AC01DC9A271  nuopc_driver_mp_i     Unknown  Unknown
libesmf.so         00002AC01DCACBF0  nuopc_driver_mp_i     Unknown  Unknown
libesmf.so         00002AC01D06BFF6  _ZN5ESMCI6FTable1     Unknown  Unknown
libesmf.so         00002AC01D06BA5C  ESMCI_FTableCallE     Unknown  Unknown
libesmf.so         00002AC01D3044A0  _ZN5ESMCI3VMK5ent     Unknown  Unknown
libesmf.so         00002AC01D2F75E8  _ZN5ESMCI2VM5ente     Unknown  Unknown
libesmf.so         00002AC01D06C6F1  c_esmc_ftablecall     Unknown  Unknown
libesmf.so         00002AC01D58D3D0  esmf_compmod_mp_e     Unknown  Unknown
libesmf.so         00002AC01D8D4C91  esmf_gridcompmod_     Unknown  Unknown
esmApp             000000000041A1F9  Unknown               Unknown  Unknown
esmApp             0000000000419D9D  Unknown               Unknown  Unknown
libc-2.17.so       00002AC021EC3555  __libc_start_main     Unknown  Unknown
esmApp             0000000000419CB6  Unknown               Unknown  Unknown
srun: error: h24c28: tasks 0-3: Exited with exit code 174
srun: launch/slurm: _step_signal: Terminating StepId=44920911.361
