2023-05-14 07:40:34
  @1800
    MED
    MED -> ATM
    MED -> OCN
    @@3600
     ATM
     OCN
     @1800
     ATM -> MED
     @
    @@
    @@3600
    OCN -> MED
    @@
    MED
  @
  @1800
    MED
    MED -> ATM
    MED -> OCN
    @@3600
     ATM
     OCN
     @1800
     ATM -> MED
     @
    @@
    @@3600
    OCN -> MED
    @@
    MED
  @1800
    MED
    MED -> ATM
    MED -> OCN
    @@3600
     ATM
     OCN
     @1800
     ATM -> MED
     @
    @@
    @@3600
    OCN -> MED
    @@
    MED
  @
  @1800
    MED
    MED -> ATM
    MED -> OCN
    @@3600
     ATM
     OCN
     @1800
     ATM -> MED
     @
    @@
    @@3600
    OCN -> MED
    @@
    MED
  @
  @
 NUOPC_DriverPrint for PET:           0
   Model, Mediator, and Driver components, in the order
   that they were added to the Driver:
           1 :  ATM
           2 :  OCN
           3 :  MED
   Connector components, in the order
   that they were added to the Driver:
           1 :  MED-TO-ATM
           2 :  MED-TO-OCN
           3 :  ATM-TO-MED
           4 :  OCN-TO-MED
NUOPC_RunSequenceArrayPrint: element     1 out of      4
runSeq::
 runElementPrint:      3    -1     1 F T
 runElementPrint:      3     1     1 F T
 runElementPrint:      3     2     1 F T
 runElementPrint:     -2     0     0 F T
 runElementPrint:     -4     0     0 F T
 runElementPrint:      3    -1     1 F T
 runElementPrint:     -1    -1     0 F F
::
NUOPC_RunSequenceArrayPrint: element     2 out of      4
runSeq::
 runElementPrint:      1    -1     1 T T
 runElementPrint:      2    -1     1 T T
 runElementPrint:     -3     0     0 T T
 runElementPrint:     -2    -1     0 T F
::
NUOPC_RunSequenceArrayPrint: element     3 out of      4
runSeq::
 runElementPrint:      1     3     1 F T
 runElementPrint:     -3    -1     0 F F
::
NUOPC_RunSequenceArrayPrint: element     4 out of      4
runSeq::
 runElementPrint:      2     3     1 T T
 runElementPrint:     -4    -1     0 T F
::
 NUOPC_DriverPrint for PET:           1
   Model, Mediator, and Driver components, in the order
   that they were added to the Driver:
           1 :  ATM
           2 :  OCN
           3 :  MED
   Connector components, in the order
   that they were added to the Driver:
           1 :  MED-TO-ATM
           2 :  MED-TO-OCN
           3 :  ATM-TO-MED
           4 :  OCN-TO-MED
NUOPC_RunSequenceArrayPrint: element     1 out of      4
runSeq::
 runElementPrint:      3    -1     1 F T
 runElementPrint:      3     1     1 F T
 runElementPrint:      3     2     1 F T
 runElementPrint:     -2     0     0 F T
 runElementPrint:     -4     0     0 F T
 runElementPrint:      3    -1     1 F T
 runElementPrint:     -1    -1     0 F F
::
NUOPC_RunSequenceArrayPrint: element     2 out of      4
runSeq::
 runElementPrint:      1    -1     1 T T
 runElementPrint:      2    -1     1 T T
 runElementPrint:     -3     0     0 T T
 runElementPrint:     -2    -1     0 T F
::
NUOPC_RunSequenceArrayPrint: element     3 out of      4
runSeq::
 runElementPrint:      1     3     1 F T
 runElementPrint:     -3    -1     0 F F
::
NUOPC_RunSequenceArrayPrint: element     4 out of      4
runSeq::
 runElementPrint:      2     3     1 T T
 runElementPrint:     -4    -1     0 T F
::
 NUOPC_DriverPrint for PET:           2
   Model, Mediator, and Driver components, in the order
   that they were added to the Driver:
           1 :  ATM
           2 :  OCN
           3 :  MED
   Connector components, in the order
   that they were added to the Driver:
           1 :  MED-TO-ATM
           2 :  MED-TO-OCN
           3 :  ATM-TO-MED
           4 :  OCN-TO-MED
NUOPC_RunSequenceArrayPrint: element     1 out of      4
runSeq::
 runElementPrint:      3    -1     1 F T
 runElementPrint:      3     1     1 F T
 runElementPrint:      3     2     1 F T
 runElementPrint:     -2     0     0 F T
 runElementPrint:     -4     0     0 F T
 runElementPrint:      3    -1     1 F T
 runElementPrint:     -1    -1     0 F F
::
NUOPC_RunSequenceArrayPrint: element     2 out of      4
runSeq::
 runElementPrint:      1    -1     1 T T
 runElementPrint:      2    -1     1 T T
 runElementPrint:     -3     0     0 T T
 runElementPrint:     -2    -1     0 T F
::
NUOPC_RunSequenceArrayPrint: element     3 out of      4
runSeq::
 runElementPrint:      1     3     1 F T
 runElementPrint:     -3    -1     0 F F
::
NUOPC_RunSequenceArrayPrint: element     4 out of      4
runSeq::
 runElementPrint:      2     3     1 T T
 runElementPrint:     -4    -1     0 T F
::
 NUOPC_DriverPrint for PET:           3
   Model, Mediator, and Driver components, in the order
   that they were added to the Driver:
           1 :  ATM
           2 :  OCN
           3 :  MED
   Connector components, in the order
   that they were added to the Driver:
           1 :  MED-TO-ATM
           2 :  MED-TO-OCN
           3 :  ATM-TO-MED
           4 :  OCN-TO-MED
NUOPC_RunSequenceArrayPrint: element     1 out of      4
runSeq::
 runElementPrint:      3    -1     1 F T
 runElementPrint:      3     1     1 F T
 runElementPrint:      3     2     1 F T
 runElementPrint:     -2     0     0 F T
 runElementPrint:     -4     0     0 F T
 runElementPrint:      3    -1     1 F T
 runElementPrint:     -1    -1     0 F F
::
NUOPC_RunSequenceArrayPrint: element     2 out of      4
runSeq::
 runElementPrint:      1    -1     1 T T
 runElementPrint:      2    -1     1 T T
 runElementPrint:     -3     0     0 T T
 runElementPrint:     -2    -1     0 T F
::
NUOPC_RunSequenceArrayPrint: element     3 out of      4
runSeq::
 runElementPrint:      1     3     1 F T
 runElementPrint:     -3    -1     0 F F
::
NUOPC_RunSequenceArrayPrint: element     4 out of      4
runSeq::
 runElementPrint:      2     3     1 T T
 runElementPrint:     -4    -1     0 T F
::
[h24c28:249154:0:249154] Caught signal 11 (Segmentation fault: address not mapped to object at address 0x4f1b591)
[h24c28:249155:0:249155] Caught signal 11 (Segmentation fault: address not mapped to object at address 0x4f1b591)
[h24c28:249156:0:249156] Caught signal 11 (Segmentation fault: address not mapped to object at address 0x4f1b591)
[h24c28:249157:0:249157] Caught signal 11 (Segmentation fault: address not mapped to object at address 0x4f1b591)
==== backtrace (tid: 249156) ====
 0 0x000000000004d455 ucs_debug_print_backtrace()  ???:0
 1 0x0000000000531eae ESMCI::LogErr::MsgFoundError()  /scratch2/NCEPDEV/stmp1/Gerhard.Theurich/ESMF-Nightly-Testing/intel_2022.3.0_intelmpi_O_feature_fill_nan/esmf/src/Infrastructure/LogErr/src/ESMCI_LogErr.C:586
 2 0x000000000065954b c_esmc_meshcreatenodedistgrid_()  /scratch2/NCEPDEV/stmp1/Gerhard.Theurich/ESMF-Nightly-Testing/intel_2022.3.0_intelmpi_O_feature_fill_nan/esmf/src/Infrastructure/Mesh/interface/ESMCI_Mesh_F.C:248
 3 0x0000000000e457a2 esmf_meshmod_mp_esmf_meshcreatefrompointer_()  /scratch2/NCEPDEV/stmp1/Gerhard.Theurich/ESMF-Nightly-Testing/intel_2022.3.0_intelmpi_O_feature_fill_nan/esmf/src/Infrastructure/Mesh/interface/ESMF_Mesh.F90:3091
 4 0x0000000000ceb956 esmf_gridutilmod_mp_esmf_gridtomesh_()  /scratch2/NCEPDEV/stmp1/Gerhard.Theurich/ESMF-Nightly-Testing/intel_2022.3.0_intelmpi_O_feature_fill_nan/esmf/src/Infrastructure/GridUtil/interface/ESMF_GridUtil.F90:453
 5 0x0000000000bbf460 esmf_fieldregridmod_mp_b_or_p_gridtomesh_()  /scratch2/NCEPDEV/stmp1/Gerhard.Theurich/ESMF-Nightly-Testing/intel_2022.3.0_intelmpi_O_feature_fill_nan/esmf/src/Infrastructure/Field/src/ESMF_FieldRegrid.F90:3228
 6 0x0000000000bbef13 esmf_fieldregridmod_mp_getmeshwithnodesonfieldloc_()  /scratch2/NCEPDEV/stmp1/Gerhard.Theurich/ESMF-Nightly-Testing/intel_2022.3.0_intelmpi_O_feature_fill_nan/esmf/src/Infrastructure/Field/src/ESMF_FieldRegrid.F90:1346
 7 0x0000000000bbd163 esmf_fieldregridmod_mp_esmf_fieldregridstorenx_()  /scratch2/NCEPDEV/stmp1/Gerhard.Theurich/ESMF-Nightly-Testing/intel_2022.3.0_intelmpi_O_feature_fill_nan/esmf/src/Infrastructure/Field/src/ESMF_FieldRegrid.F90:971
 8 0x0000000000a41b7e esmf_fieldbundlemod_mp_esmf_fieldbundleregridstorepair_()  /scratch2/NCEPDEV/stmp1/Gerhard.Theurich/ESMF-Nightly-Testing/intel_2022.3.0_intelmpi_O_feature_fill_nan/esmf/src/Infrastructure/FieldBundle/src/ESMF_FieldBundle.F90:16211
 9 0x000000000101c650 nuopc_connector_mp_fieldbundlecplstore_()  /scratch2/NCEPDEV/stmp1/Gerhard.Theurich/ESMF-Nightly-Testing/intel_2022.3.0_intelmpi_O_feature_fill_nan/esmf/src/addon/NUOPC/src/NUOPC_Connector.F90:7714
10 0x0000000001031e44 nuopc_connector_mp_initializeipdv05p6b_()  /scratch2/NCEPDEV/stmp1/Gerhard.Theurich/ESMF-Nightly-Testing/intel_2022.3.0_intelmpi_O_feature_fill_nan/esmf/src/addon/NUOPC/src/NUOPC_Connector.F90:5386
11 0x0000000000481ff6 ESMCI::FTable::callVFuncPtr()  /scratch2/NCEPDEV/stmp1/Gerhard.Theurich/ESMF-Nightly-Testing/intel_2022.3.0_intelmpi_O_feature_fill_nan/esmf/src/Superstructure/Component/src/ESMCI_FTable.C:2167
12 0x0000000000481a5c ESMCI_FTableCallEntryPointVMHop()  /scratch2/NCEPDEV/stmp1/Gerhard.Theurich/ESMF-Nightly-Testing/intel_2022.3.0_intelmpi_O_feature_fill_nan/esmf/src/Superstructure/Component/src/ESMCI_FTable.C:824
13 0x000000000071a4a0 ESMCI::VMK::enter()  /scratch2/NCEPDEV/stmp1/Gerhard.Theurich/ESMF-Nightly-Testing/intel_2022.3.0_intelmpi_O_feature_fill_nan/esmf/src/Infrastructure/VM/src/ESMCI_VMKernel.C:0
14 0x000000000070d5e8 ESMCI::VM::enter()  /scratch2/NCEPDEV/stmp1/Gerhard.Theurich/ESMF-Nightly-Testing/intel_2022.3.0_intelmpi_O_feature_fill_nan/esmf/src/Infrastructure/VM/src/ESMCI_VM.C:1216
15 0x00000000004826f1 c_esmc_ftablecallentrypointvm_()  /scratch2/NCEPDEV/stmp1/Gerhard.Theurich/ESMF-Nightly-Testing/intel_2022.3.0_intelmpi_O_feature_fill_nan/esmf/src/Superstructure/Component/src/ESMCI_FTable.C:981
16 0x00000000009a33d0 esmf_compmod_mp_esmf_compexecute_()  /scratch2/NCEPDEV/stmp1/Gerhard.Theurich/ESMF-Nightly-Testing/intel_2022.3.0_intelmpi_O_feature_fill_nan/esmf/src/Superstructure/Component/src/ESMF_Comp.F90:1223
17 0x00000000009cfdc1 esmf_cplcompmod_mp_esmf_cplcompinitialize_()  /scratch2/NCEPDEV/stmp1/Gerhard.Theurich/ESMF-Nightly-Testing/intel_2022.3.0_intelmpi_O_feature_fill_nan/esmf/src/Superstructure/Component/src/ESMF_CplComp.F90:1165
==== backtrace (tid: 249154) ====
 0 0x000000000004d455 ucs_debug_print_backtrace()  ???:0
 1 0x0000000000531eae ESMCI::LogErr::MsgFoundError()  /scratch2/NCEPDEV/stmp1/Gerhard.Theurich/ESMF-Nightly-Testing/intel_2022.3.0_intelmpi_O_feature_fill_nan/esmf/src/Infrastructure/LogErr/src/ESMCI_LogErr.C:586
 2 0x000000000065954b c_esmc_meshcreatenodedistgrid_()  /scratch2/NCEPDEV/stmp1/Gerhard.Theurich/ESMF-Nightly-Testing/intel_2022.3.0_intelmpi_O_feature_fill_nan/esmf/src/Infrastructure/Mesh/interface/ESMCI_Mesh_F.C:248
18 0x0000000001090915 nuopc_driver_mp_loopconnectorcompss_()  /scratch2/NCEPDEV/stmp1/Gerhard.Theurich/ESMF-Nightly-Testing/intel_2022.3.0_intelmpi_O_feature_fill_nan/esmf/src/addon/NUOPC/src/NUOPC_Driver.F90:3023
19 0x00000000010b0271 nuopc_driver_mp_initializeipdv02p3_()  /scratch2/NCEPDEV/stmp1/Gerhard.Theurich/ESMF-Nightly-Testing/intel_2022.3.0_intelmpi_O_feature_fill_nan/esmf/src/addon/NUOPC/src/NUOPC_Driver.F90:2110
20 0x00000000010c2bf0 nuopc_driver_mp_initializegeneric_()  /scratch2/NCEPDEV/stmp1/Gerhard.Theurich/ESMF-Nightly-Testing/intel_2022.3.0_intelmpi_O_feature_fill_nan/esmf/src/addon/NUOPC/src/NUOPC_Driver.F90:479
21 0x0000000000481ff6 ESMCI::FTable::callVFuncPtr()  /scratch2/NCEPDEV/stmp1/Gerhard.Theurich/ESMF-Nightly-Testing/intel_2022.3.0_intelmpi_O_feature_fill_nan/esmf/src/Superstructure/Component/src/ESMCI_FTable.C:2167
22 0x0000000000481a5c ESMCI_FTableCallEntryPointVMHop()  /scratch2/NCEPDEV/stmp1/Gerhard.Theurich/ESMF-Nightly-Testing/intel_2022.3.0_intelmpi_O_feature_fill_nan/esmf/src/Superstructure/Component/src/ESMCI_FTable.C:824
23 0x000000000071a4a0 ESMCI::VMK::enter()  /scratch2/NCEPDEV/stmp1/Gerhard.Theurich/ESMF-Nightly-Testing/intel_2022.3.0_intelmpi_O_feature_fill_nan/esmf/src/Infrastructure/VM/src/ESMCI_VMKernel.C:0
24 0x000000000070d5e8 ESMCI::VM::enter()  /scratch2/NCEPDEV/stmp1/Gerhard.Theurich/ESMF-Nightly-Testing/intel_2022.3.0_intelmpi_O_feature_fill_nan/esmf/src/Infrastructure/VM/src/ESMCI_VM.C:1216
25 0x00000000004826f1 c_esmc_ftablecallentrypointvm_()  /scratch2/NCEPDEV/stmp1/Gerhard.Theurich/ESMF-Nightly-Testing/intel_2022.3.0_intelmpi_O_feature_fill_nan/esmf/src/Superstructure/Component/src/ESMCI_FTable.C:981
26 0x00000000009a33d0 esmf_compmod_mp_esmf_compexecute_()  /scratch2/NCEPDEV/stmp1/Gerhard.Theurich/ESMF-Nightly-Testing/intel_2022.3.0_intelmpi_O_feature_fill_nan/esmf/src/Superstructure/Component/src/ESMF_Comp.F90:1223
27 0x0000000000ceac91 esmf_gridcompmod_mp_esmf_gridcompinitialize_()  /scratch2/NCEPDEV/stmp1/Gerhard.Theurich/ESMF-Nightly-Testing/intel_2022.3.0_intelmpi_O_feature_fill_nan/esmf/src/Superstructure/Component/src/ESMF_GridComp.F90:1412
28 0x000000000041a246 MAIN__()  /scratch2/NCEPDEV/stmp1/Gerhard.Theurich/ESMF-Nightly-Testing/intel_2022.3.0_intelmpi_O_feature_fill_nan/nuopc-app-prototypes/AtmOcnMedIngestFromInternalProto/esmApp.F90:58
29 0x0000000000419e5d main()  ???:0
30 0x0000000000022555 __libc_start_main()  ???:0
31 0x0000000000419d76 _start()  ???:0
=================================
 3 0x0000000000e457a2 esmf_meshmod_mp_esmf_meshcreatefrompointer_()  /scratch2/NCEPDEV/stmp1/Gerhard.Theurich/ESMF-Nightly-Testing/intel_2022.3.0_intelmpi_O_feature_fill_nan/esmf/src/Infrastructure/Mesh/interface/ESMF_Mesh.F90:3091
 4 0x0000000000ceb956 esmf_gridutilmod_mp_esmf_gridtomesh_()  /scratch2/NCEPDEV/stmp1/Gerhard.Theurich/ESMF-Nightly-Testing/intel_2022.3.0_intelmpi_O_feature_fill_nan/esmf/src/Infrastructure/GridUtil/interface/ESMF_GridUtil.F90:453
 5 0x0000000000bbf460 esmf_fieldregridmod_mp_b_or_p_gridtomesh_()  /scratch2/NCEPDEV/stmp1/Gerhard.Theurich/ESMF-Nightly-Testing/intel_2022.3.0_intelmpi_O_feature_fill_nan/esmf/src/Infrastructure/Field/src/ESMF_FieldRegrid.F90:3228
 6 0x0000000000bbef13 esmf_fieldregridmod_mp_getmeshwithnodesonfieldloc_()  /scratch2/NCEPDEV/stmp1/Gerhard.Theurich/ESMF-Nightly-Testing/intel_2022.3.0_intelmpi_O_feature_fill_nan/esmf/src/Infrastructure/Field/src/ESMF_FieldRegrid.F90:1346
 7 0x0000000000bbd163 esmf_fieldregridmod_mp_esmf_fieldregridstorenx_()  /scratch2/NCEPDEV/stmp1/Gerhard.Theurich/ESMF-Nightly-Testing/intel_2022.3.0_intelmpi_O_feature_fill_nan/esmf/src/Infrastructure/Field/src/ESMF_FieldRegrid.F90:971
 8 0x0000000000a41b7e esmf_fieldbundlemod_mp_esmf_fieldbundleregridstorepair_()  /scratch2/NCEPDEV/stmp1/Gerhard.Theurich/ESMF-Nightly-Testing/intel_2022.3.0_intelmpi_O_feature_fill_nan/esmf/src/Infrastructure/FieldBundle/src/ESMF_FieldBundle.F90:16211
 9 0x000000000101c650 nuopc_connector_mp_fieldbundlecplstore_()  /scratch2/NCEPDEV/stmp1/Gerhard.Theurich/ESMF-Nightly-Testing/intel_2022.3.0_intelmpi_O_feature_fill_nan/esmf/src/addon/NUOPC/src/NUOPC_Connector.F90:7714
10 0x0000000001031e44 nuopc_connector_mp_initializeipdv05p6b_()  /scratch2/NCEPDEV/stmp1/Gerhard.Theurich/ESMF-Nightly-Testing/intel_2022.3.0_intelmpi_O_feature_fill_nan/esmf/src/addon/NUOPC/src/NUOPC_Connector.F90:5386
11 0x0000000000481ff6 ESMCI::FTable::callVFuncPtr()  /scratch2/NCEPDEV/stmp1/Gerhard.Theurich/ESMF-Nightly-Testing/intel_2022.3.0_intelmpi_O_feature_fill_nan/esmf/src/Superstructure/Component/src/ESMCI_FTable.C:2167
12 0x0000000000481a5c ESMCI_FTableCallEntryPointVMHop()  /scratch2/NCEPDEV/stmp1/Gerhard.Theurich/ESMF-Nightly-Testing/intel_2022.3.0_intelmpi_O_feature_fill_nan/esmf/src/Superstructure/Component/src/ESMCI_FTable.C:824
13 0x000000000071a4a0 ESMCI::VMK::enter()  /scratch2/NCEPDEV/stmp1/Gerhard.Theurich/ESMF-Nightly-Testing/intel_2022.3.0_intelmpi_O_feature_fill_nan/esmf/src/Infrastructure/VM/src/ESMCI_VMKernel.C:0
14 0x000000000070d5e8 ESMCI::VM::enter()  /scratch2/NCEPDEV/stmp1/Gerhard.Theurich/ESMF-Nightly-Testing/intel_2022.3.0_intelmpi_O_feature_fill_nan/esmf/src/Infrastructure/VM/src/ESMCI_VM.C:1216
15 0x00000000004826f1 c_esmc_ftablecallentrypointvm_()  /scratch2/NCEPDEV/stmp1/Gerhard.Theurich/ESMF-Nightly-Testing/intel_2022.3.0_intelmpi_O_feature_fill_nan/esmf/src/Superstructure/Component/src/ESMCI_FTable.C:981
16 0x00000000009a33d0 esmf_compmod_mp_esmf_compexecute_()  /scratch2/NCEPDEV/stmp1/Gerhard.Theurich/ESMF-Nightly-Testing/intel_2022.3.0_intelmpi_O_feature_fill_nan/esmf/src/Superstructure/Component/src/ESMF_Comp.F90:1223
17 0x00000000009cfdc1 esmf_cplcompmod_mp_esmf_cplcompinitialize_()  /scratch2/NCEPDEV/stmp1/Gerhard.Theurich/ESMF-Nightly-Testing/intel_2022.3.0_intelmpi_O_feature_fill_nan/esmf/src/Superstructure/Component/src/ESMF_CplComp.F90:1165
18 0x0000000001090915 nuopc_driver_mp_loopconnectorcompss_()  /scratch2/NCEPDEV/stmp1/Gerhard.Theurich/ESMF-Nightly-Testing/intel_2022.3.0_intelmpi_O_feature_fill_nan/esmf/src/addon/NUOPC/src/NUOPC_Driver.F90:3023
19 0x00000000010b0271 nuopc_driver_mp_initializeipdv02p3_()  /scratch2/NCEPDEV/stmp1/Gerhard.Theurich/ESMF-Nightly-Testing/intel_2022.3.0_intelmpi_O_feature_fill_nan/esmf/src/addon/NUOPC/src/NUOPC_Driver.F90:2110
20 0x00000000010c2bf0 nuopc_driver_mp_initializegeneric_()  /scratch2/NCEPDEV/stmp1/Gerhard.Theurich/ESMF-Nightly-Testing/intel_2022.3.0_intelmpi_O_feature_fill_nan/esmf/src/addon/NUOPC/src/NUOPC_Driver.F90:479
21 0x0000000000481ff6 ESMCI::FTable::callVFuncPtr()  /scratch2/NCEPDEV/stmp1/Gerhard.Theurich/ESMF-Nightly-Testing/intel_2022.3.0_intelmpi_O_feature_fill_nan/esmf/src/Superstructure/Component/src/ESMCI_FTable.C:2167
22 0x0000000000481a5c ESMCI_FTableCallEntryPointVMHop()  /scratch2/NCEPDEV/stmp1/Gerhard.Theurich/ESMF-Nightly-Testing/intel_2022.3.0_intelmpi_O_feature_fill_nan/esmf/src/Superstructure/Component/src/ESMCI_FTable.C:824
23 0x000000000071a4a0 ESMCI::VMK::enter()  /scratch2/NCEPDEV/stmp1/Gerhard.Theurich/ESMF-Nightly-Testing/intel_2022.3.0_intelmpi_O_feature_fill_nan/esmf/src/Infrastructure/VM/src/ESMCI_VMKernel.C:0
24 0x000000000070d5e8 ESMCI::VM::enter()  /scratch2/NCEPDEV/stmp1/Gerhard.Theurich/ESMF-Nightly-Testing/intel_2022.3.0_intelmpi_O_feature_fill_nan/esmf/src/Infrastructure/VM/src/ESMCI_VM.C:1216
25 0x00000000004826f1 c_esmc_ftablecallentrypointvm_()  /scratch2/NCEPDEV/stmp1/Gerhard.Theurich/ESMF-Nightly-Testing/intel_2022.3.0_intelmpi_O_feature_fill_nan/esmf/src/Superstructure/Component/src/ESMCI_FTable.C:981
26 0x00000000009a33d0 esmf_compmod_mp_esmf_compexecute_()  /scratch2/NCEPDEV/stmp1/Gerhard.Theurich/ESMF-Nightly-Testing/intel_2022.3.0_intelmpi_O_feature_fill_nan/esmf/src/Superstructure/Component/src/ESMF_Comp.F90:1223
27 0x0000000000ceac91 esmf_gridcompmod_mp_esmf_gridcompinitialize_()  /scratch2/NCEPDEV/stmp1/Gerhard.Theurich/ESMF-Nightly-Testing/intel_2022.3.0_intelmpi_O_feature_fill_nan/esmf/src/Superstructure/Component/src/ESMF_GridComp.F90:1412
28 0x000000000041a246 MAIN__()  /scratch2/NCEPDEV/stmp1/Gerhard.Theurich/ESMF-Nightly-Testing/intel_2022.3.0_intelmpi_O_feature_fill_nan/nuopc-app-prototypes/AtmOcnMedIngestFromInternalProto/esmApp.F90:58
29 0x0000000000419e5d main()  ???:0
30 0x0000000000022555 __libc_start_main()  ???:0
31 0x0000000000419d76 _start()  ???:0
=================================
forrtl: severe (174): SIGSEGV, segmentation fault occurred
Image              PC                Routine            Line        Source             
libpthread-2.17.s  00002B4EFC94D630  Unknown               Unknown  Unknown
libesmf.so         00002B4EF8A33EAE  _ZN5ESMCI6LogErr1     Unknown  Unknown
libesmf.so         00002B4EF8B5B54B  c_esmc_meshcreate     Unknown  Unknown
libesmf.so         00002B4EF93477A2  esmf_meshmod_mp_e     Unknown  Unknown
libesmf.so         00002B4EF91ED956  esmf_gridutilmod_     Unknown  Unknown
libesmf.so         00002B4EF90C1460  esmf_fieldregridm     Unknown  Unknown
libesmf.so         00002B4EF90C0F13  esmf_fieldregridm     Unknown  Unknown
libesmf.so         00002B4EF90BF163  esmf_fieldregridm     Unknown  Unknown
libesmf.so         00002B4EF8F43B7E  esmf_fieldbundlem     Unknown  Unknown
libesmf.so         00002B4EF951E650  nuopc_connector_m     Unknown  Unknown
libesmf.so         00002B4EF9533E44  nuopc_connector_m     Unknown  Unknown
libesmf.so         00002B4EF8983FF6  _ZN5ESMCI6FTable1     Unknown  Unknown
libesmf.so         00002B4EF8983A5C  ESMCI_FTableCallE     Unknown  Unknown
libesmf.so         00002B4EF8C1C4A0  _ZN5ESMCI3VMK5ent     Unknown  Unknown
libesmf.so         00002B4EF8C0F5E8  _ZN5ESMCI2VM5ente     Unknown  Unknown
libesmf.so         00002B4EF89846F1  c_esmc_ftablecall     Unknown  Unknown
libesmf.so         00002B4EF8EA53D0  esmf_compmod_mp_e     Unknown  Unknown
libesmf.so         00002B4EF8ED1DC1  esmf_cplcompmod_m     Unknown  Unknown
libesmf.so         00002B4EF9592915  nuopc_driver_mp_l     Unknown  Unknown
libesmf.so         00002B4EF95B2271  nuopc_driver_mp_i     Unknown  Unknown
libesmf.so         00002B4EF95C4BF0  nuopc_driver_mp_i     Unknown  Unknown
libesmf.so         00002B4EF8983FF6  _ZN5ESMCI6FTable1     Unknown  Unknown
libesmf.so         00002B4EF8983A5C  ESMCI_FTableCallE     Unknown  Unknown
libesmf.so         00002B4EF8C1C4A0  _ZN5ESMCI3VMK5ent     Unknown  Unknown
libesmf.so         00002B4EF8C0F5E8  _ZN5ESMCI2VM5ente     Unknown  Unknown
libesmf.so         00002B4EF89846F1  c_esmc_ftablecall     Unknown  Unknown
libesmf.so         00002B4EF8EA53D0  esmf_compmod_mp_e     Unknown  Unknown
libesmf.so         00002B4EF91ECC91  esmf_gridcompmod_     Unknown  Unknown
esmApp             000000000041A246  Unknown               Unknown  Unknown
esmApp             0000000000419E5D  Unknown               Unknown  Unknown
libc-2.17.so       00002B4EFD7DB555  __libc_start_main     Unknown  Unknown
esmApp             0000000000419D76  Unknown               Unknown  Unknown
forrtl: severe (174): SIGSEGV, segmentation fault occurred
Image              PC                Routine            Line        Source             
libpthread-2.17.s  00002AB564540630  Unknown               Unknown  Unknown
libesmf.so         00002AB560626EAE  _ZN5ESMCI6LogErr1     Unknown  Unknown
libesmf.so         00002AB56074E54B  c_esmc_meshcreate     Unknown  Unknown
libesmf.so         00002AB560F3A7A2  esmf_meshmod_mp_e     Unknown  Unknown
libesmf.so         00002AB560DE0956  esmf_gridutilmod_     Unknown  Unknown
libesmf.so         00002AB560CB4460  esmf_fieldregridm     Unknown  Unknown
libesmf.so         00002AB560CB3F13  esmf_fieldregridm     Unknown  Unknown
libesmf.so         00002AB560CB2163  esmf_fieldregridm     Unknown  Unknown
libesmf.so         00002AB560B36B7E  esmf_fieldbundlem     Unknown  Unknown
libesmf.so         00002AB561111650  nuopc_connector_m     Unknown  Unknown
libesmf.so         00002AB561126E44  nuopc_connector_m     Unknown  Unknown
libesmf.so         00002AB560576FF6  _ZN5ESMCI6FTable1     Unknown  Unknown
libesmf.so         00002AB560576A5C  ESMCI_FTableCallE     Unknown  Unknown
libesmf.so         00002AB56080F4A0  _ZN5ESMCI3VMK5ent     Unknown  Unknown
libesmf.so         00002AB5608025E8  _ZN5ESMCI2VM5ente     Unknown  Unknown
libesmf.so         00002AB5605776F1  c_esmc_ftablecall     Unknown  Unknown
libesmf.so         00002AB560A983D0  esmf_compmod_mp_e     Unknown  Unknown
libesmf.so         00002AB560AC4DC1  esmf_cplcompmod_m     Unknown  Unknown
libesmf.so         00002AB561185915  nuopc_driver_mp_l     Unknown  Unknown
libesmf.so         00002AB5611A5271  nuopc_driver_mp_i     Unknown  Unknown
libesmf.so         00002AB5611B7BF0  nuopc_driver_mp_i     Unknown  Unknown
libesmf.so         00002AB560576FF6  _ZN5ESMCI6FTable1     Unknown  Unknown
libesmf.so         00002AB560576A5C  ESMCI_FTableCallE     Unknown  Unknown
libesmf.so         00002AB56080F4A0  _ZN5ESMCI3VMK5ent     Unknown  Unknown
libesmf.so         00002AB5608025E8  _ZN5ESMCI2VM5ente     Unknown  Unknown
libesmf.so         00002AB5605776F1  c_esmc_ftablecall     Unknown  Unknown
libesmf.so         00002AB560A983D0  esmf_compmod_mp_e     Unknown  Unknown
libesmf.so         00002AB560DDFC91  esmf_gridcompmod_     Unknown  Unknown
esmApp             000000000041A246  Unknown               Unknown  Unknown
esmApp             0000000000419E5D  Unknown               Unknown  Unknown
libc-2.17.so       00002AB5653CE555  __libc_start_main     Unknown  Unknown
esmApp             0000000000419D76  Unknown               Unknown  Unknown
==== backtrace (tid: 249157) ====
 0 0x000000000004d455 ucs_debug_print_backtrace()  ???:0
 1 0x0000000000531eae ESMCI::LogErr::MsgFoundError()  /scratch2/NCEPDEV/stmp1/Gerhard.Theurich/ESMF-Nightly-Testing/intel_2022.3.0_intelmpi_O_feature_fill_nan/esmf/src/Infrastructure/LogErr/src/ESMCI_LogErr.C:586
 2 0x000000000065954b c_esmc_meshcreatenodedistgrid_()  /scratch2/NCEPDEV/stmp1/Gerhard.Theurich/ESMF-Nightly-Testing/intel_2022.3.0_intelmpi_O_feature_fill_nan/esmf/src/Infrastructure/Mesh/interface/ESMCI_Mesh_F.C:248
 3 0x0000000000e457a2 esmf_meshmod_mp_esmf_meshcreatefrompointer_()  /scratch2/NCEPDEV/stmp1/Gerhard.Theurich/ESMF-Nightly-Testing/intel_2022.3.0_intelmpi_O_feature_fill_nan/esmf/src/Infrastructure/Mesh/interface/ESMF_Mesh.F90:3091
 4 0x0000000000ceb956 esmf_gridutilmod_mp_esmf_gridtomesh_()  /scratch2/NCEPDEV/stmp1/Gerhard.Theurich/ESMF-Nightly-Testing/intel_2022.3.0_intelmpi_O_feature_fill_nan/esmf/src/Infrastructure/GridUtil/interface/ESMF_GridUtil.F90:453
 5 0x0000000000bbf460 esmf_fieldregridmod_mp_b_or_p_gridtomesh_()  /scratch2/NCEPDEV/stmp1/Gerhard.Theurich/ESMF-Nightly-Testing/intel_2022.3.0_intelmpi_O_feature_fill_nan/esmf/src/Infrastructure/Field/src/ESMF_FieldRegrid.F90:3228
 6 0x0000000000bbef13 esmf_fieldregridmod_mp_getmeshwithnodesonfieldloc_()  /scratch2/NCEPDEV/stmp1/Gerhard.Theurich/ESMF-Nightly-Testing/intel_2022.3.0_intelmpi_O_feature_fill_nan/esmf/src/Infrastructure/Field/src/ESMF_FieldRegrid.F90:1346
 7 0x0000000000bbd163 esmf_fieldregridmod_mp_esmf_fieldregridstorenx_()  /scratch2/NCEPDEV/stmp1/Gerhard.Theurich/ESMF-Nightly-Testing/intel_2022.3.0_intelmpi_O_feature_fill_nan/esmf/src/Infrastructure/Field/src/ESMF_FieldRegrid.F90:971
 8 0x0000000000a41b7e esmf_fieldbundlemod_mp_esmf_fieldbundleregridstorepair_()  /scratch2/NCEPDEV/stmp1/Gerhard.Theurich/ESMF-Nightly-Testing/intel_2022.3.0_intelmpi_O_feature_fill_nan/esmf/src/Infrastructure/FieldBundle/src/ESMF_FieldBundle.F90:16211
 9 0x000000000101c650 nuopc_connector_mp_fieldbundlecplstore_()  /scratch2/NCEPDEV/stmp1/Gerhard.Theurich/ESMF-Nightly-Testing/intel_2022.3.0_intelmpi_O_feature_fill_nan/esmf/src/addon/NUOPC/src/NUOPC_Connector.F90:7714
10 0x0000000001031e44 nuopc_connector_mp_initializeipdv05p6b_()  /scratch2/NCEPDEV/stmp1/Gerhard.Theurich/ESMF-Nightly-Testing/intel_2022.3.0_intelmpi_O_feature_fill_nan/esmf/src/addon/NUOPC/src/NUOPC_Connector.F90:5386
11 0x0000000000481ff6 ESMCI::FTable::callVFuncPtr()  /scratch2/NCEPDEV/stmp1/Gerhard.Theurich/ESMF-Nightly-Testing/intel_2022.3.0_intelmpi_O_feature_fill_nan/esmf/src/Superstructure/Component/src/ESMCI_FTable.C:2167
12 0x0000000000481a5c ESMCI_FTableCallEntryPointVMHop()  /scratch2/NCEPDEV/stmp1/Gerhard.Theurich/ESMF-Nightly-Testing/intel_2022.3.0_intelmpi_O_feature_fill_nan/esmf/src/Superstructure/Component/src/ESMCI_FTable.C:824
13 0x000000000071a4a0 ESMCI::VMK::enter()  /scratch2/NCEPDEV/stmp1/Gerhard.Theurich/ESMF-Nightly-Testing/intel_2022.3.0_intelmpi_O_feature_fill_nan/esmf/src/Infrastructure/VM/src/ESMCI_VMKernel.C:0
14 0x000000000070d5e8 ESMCI::VM::enter()  /scratch2/NCEPDEV/stmp1/Gerhard.Theurich/ESMF-Nightly-Testing/intel_2022.3.0_intelmpi_O_feature_fill_nan/esmf/src/Infrastructure/VM/src/ESMCI_VM.C:1216
15 0x00000000004826f1 c_esmc_ftablecallentrypointvm_()  /scratch2/NCEPDEV/stmp1/Gerhard.Theurich/ESMF-Nightly-Testing/intel_2022.3.0_intelmpi_O_feature_fill_nan/esmf/src/Superstructure/Component/src/ESMCI_FTable.C:981
16 0x00000000009a33d0 esmf_compmod_mp_esmf_compexecute_()  /scratch2/NCEPDEV/stmp1/Gerhard.Theurich/ESMF-Nightly-Testing/intel_2022.3.0_intelmpi_O_feature_fill_nan/esmf/src/Superstructure/Component/src/ESMF_Comp.F90:1223
17 0x00000000009cfdc1 esmf_cplcompmod_mp_esmf_cplcompinitialize_()  /scratch2/NCEPDEV/stmp1/Gerhard.Theurich/ESMF-Nightly-Testing/intel_2022.3.0_intelmpi_O_feature_fill_nan/esmf/src/Superstructure/Component/src/ESMF_CplComp.F90:1165
==== backtrace (tid: 249155) ====
 0 0x000000000004d455 ucs_debug_print_backtrace()  ???:0
 1 0x0000000000531eae ESMCI::LogErr::MsgFoundError()  /scratch2/NCEPDEV/stmp1/Gerhard.Theurich/ESMF-Nightly-Testing/intel_2022.3.0_intelmpi_O_feature_fill_nan/esmf/src/Infrastructure/LogErr/src/ESMCI_LogErr.C:586
 2 0x000000000065954b c_esmc_meshcreatenodedistgrid_()  /scratch2/NCEPDEV/stmp1/Gerhard.Theurich/ESMF-Nightly-Testing/intel_2022.3.0_intelmpi_O_feature_fill_nan/esmf/src/Infrastructure/Mesh/interface/ESMCI_Mesh_F.C:248
 3 0x0000000000e457a2 esmf_meshmod_mp_esmf_meshcreatefrompointer_()  /scratch2/NCEPDEV/stmp1/Gerhard.Theurich/ESMF-Nightly-Testing/intel_2022.3.0_intelmpi_O_feature_fill_nan/esmf/src/Infrastructure/Mesh/interface/ESMF_Mesh.F90:3091
 4 0x0000000000ceb956 esmf_gridutilmod_mp_esmf_gridtomesh_()  /scratch2/NCEPDEV/stmp1/Gerhard.Theurich/ESMF-Nightly-Testing/intel_2022.3.0_intelmpi_O_feature_fill_nan/esmf/src/Infrastructure/GridUtil/interface/ESMF_GridUtil.F90:453
 5 0x0000000000bbf460 esmf_fieldregridmod_mp_b_or_p_gridtomesh_()  /scratch2/NCEPDEV/stmp1/Gerhard.Theurich/ESMF-Nightly-Testing/intel_2022.3.0_intelmpi_O_feature_fill_nan/esmf/src/Infrastructure/Field/src/ESMF_FieldRegrid.F90:3228
 6 0x0000000000bbef13 esmf_fieldregridmod_mp_getmeshwithnodesonfieldloc_()  /scratch2/NCEPDEV/stmp1/Gerhard.Theurich/ESMF-Nightly-Testing/intel_2022.3.0_intelmpi_O_feature_fill_nan/esmf/src/Infrastructure/Field/src/ESMF_FieldRegrid.F90:1346
 7 0x0000000000bbd163 esmf_fieldregridmod_mp_esmf_fieldregridstorenx_()  /scratch2/NCEPDEV/stmp1/Gerhard.Theurich/ESMF-Nightly-Testing/intel_2022.3.0_intelmpi_O_feature_fill_nan/esmf/src/Infrastructure/Field/src/ESMF_FieldRegrid.F90:971
 8 0x0000000000a41b7e esmf_fieldbundlemod_mp_esmf_fieldbundleregridstorepair_()  /scratch2/NCEPDEV/stmp1/Gerhard.Theurich/ESMF-Nightly-Testing/intel_2022.3.0_intelmpi_O_feature_fill_nan/esmf/src/Infrastructure/FieldBundle/src/ESMF_FieldBundle.F90:16211
 9 0x000000000101c650 nuopc_connector_mp_fieldbundlecplstore_()  /scratch2/NCEPDEV/stmp1/Gerhard.Theurich/ESMF-Nightly-Testing/intel_2022.3.0_intelmpi_O_feature_fill_nan/esmf/src/addon/NUOPC/src/NUOPC_Connector.F90:7714
10 0x0000000001031e44 nuopc_connector_mp_initializeipdv05p6b_()  /scratch2/NCEPDEV/stmp1/Gerhard.Theurich/ESMF-Nightly-Testing/intel_2022.3.0_intelmpi_O_feature_fill_nan/esmf/src/addon/NUOPC/src/NUOPC_Connector.F90:5386
11 0x0000000000481ff6 ESMCI::FTable::callVFuncPtr()  /scratch2/NCEPDEV/stmp1/Gerhard.Theurich/ESMF-Nightly-Testing/intel_2022.3.0_intelmpi_O_feature_fill_nan/esmf/src/Superstructure/Component/src/ESMCI_FTable.C:2167
12 0x0000000000481a5c ESMCI_FTableCallEntryPointVMHop()  /scratch2/NCEPDEV/stmp1/Gerhard.Theurich/ESMF-Nightly-Testing/intel_2022.3.0_intelmpi_O_feature_fill_nan/esmf/src/Superstructure/Component/src/ESMCI_FTable.C:824
13 0x000000000071a4a0 ESMCI::VMK::enter()  /scratch2/NCEPDEV/stmp1/Gerhard.Theurich/ESMF-Nightly-Testing/intel_2022.3.0_intelmpi_O_feature_fill_nan/esmf/src/Infrastructure/VM/src/ESMCI_VMKernel.C:0
14 0x000000000070d5e8 ESMCI::VM::enter()  /scratch2/NCEPDEV/stmp1/Gerhard.Theurich/ESMF-Nightly-Testing/intel_2022.3.0_intelmpi_O_feature_fill_nan/esmf/src/Infrastructure/VM/src/ESMCI_VM.C:1216
15 0x00000000004826f1 c_esmc_ftablecallentrypointvm_()  /scratch2/NCEPDEV/stmp1/Gerhard.Theurich/ESMF-Nightly-Testing/intel_2022.3.0_intelmpi_O_feature_fill_nan/esmf/src/Superstructure/Component/src/ESMCI_FTable.C:981
16 0x00000000009a33d0 esmf_compmod_mp_esmf_compexecute_()  /scratch2/NCEPDEV/stmp1/Gerhard.Theurich/ESMF-Nightly-Testing/intel_2022.3.0_intelmpi_O_feature_fill_nan/esmf/src/Superstructure/Component/src/ESMF_Comp.F90:1223
17 0x00000000009cfdc1 esmf_cplcompmod_mp_esmf_cplcompinitialize_()  /scratch2/NCEPDEV/stmp1/Gerhard.Theurich/ESMF-Nightly-Testing/intel_2022.3.0_intelmpi_O_feature_fill_nan/esmf/src/Superstructure/Component/src/ESMF_CplComp.F90:1165
18 0x0000000001090915 nuopc_driver_mp_loopconnectorcompss_()  /scratch2/NCEPDEV/stmp1/Gerhard.Theurich/ESMF-Nightly-Testing/intel_2022.3.0_intelmpi_O_feature_fill_nan/esmf/src/addon/NUOPC/src/NUOPC_Driver.F90:3023
19 0x00000000010b0271 nuopc_driver_mp_initializeipdv02p3_()  /scratch2/NCEPDEV/stmp1/Gerhard.Theurich/ESMF-Nightly-Testing/intel_2022.3.0_intelmpi_O_feature_fill_nan/esmf/src/addon/NUOPC/src/NUOPC_Driver.F90:2110
20 0x00000000010c2bf0 nuopc_driver_mp_initializegeneric_()  /scratch2/NCEPDEV/stmp1/Gerhard.Theurich/ESMF-Nightly-Testing/intel_2022.3.0_intelmpi_O_feature_fill_nan/esmf/src/addon/NUOPC/src/NUOPC_Driver.F90:479
21 0x0000000000481ff6 ESMCI::FTable::callVFuncPtr()  /scratch2/NCEPDEV/stmp1/Gerhard.Theurich/ESMF-Nightly-Testing/intel_2022.3.0_intelmpi_O_feature_fill_nan/esmf/src/Superstructure/Component/src/ESMCI_FTable.C:2167
22 0x0000000000481a5c ESMCI_FTableCallEntryPointVMHop()  /scratch2/NCEPDEV/stmp1/Gerhard.Theurich/ESMF-Nightly-Testing/intel_2022.3.0_intelmpi_O_feature_fill_nan/esmf/src/Superstructure/Component/src/ESMCI_FTable.C:824
23 0x000000000071a4a0 ESMCI::VMK::enter()  /scratch2/NCEPDEV/stmp1/Gerhard.Theurich/ESMF-Nightly-Testing/intel_2022.3.0_intelmpi_O_feature_fill_nan/esmf/src/Infrastructure/VM/src/ESMCI_VMKernel.C:0
24 0x000000000070d5e8 ESMCI::VM::enter()  /scratch2/NCEPDEV/stmp1/Gerhard.Theurich/ESMF-Nightly-Testing/intel_2022.3.0_intelmpi_O_feature_fill_nan/esmf/src/Infrastructure/VM/src/ESMCI_VM.C:1216
25 0x00000000004826f1 c_esmc_ftablecallentrypointvm_()  /scratch2/NCEPDEV/stmp1/Gerhard.Theurich/ESMF-Nightly-Testing/intel_2022.3.0_intelmpi_O_feature_fill_nan/esmf/src/Superstructure/Component/src/ESMCI_FTable.C:981
26 0x00000000009a33d0 esmf_compmod_mp_esmf_compexecute_()  /scratch2/NCEPDEV/stmp1/Gerhard.Theurich/ESMF-Nightly-Testing/intel_2022.3.0_intelmpi_O_feature_fill_nan/esmf/src/Superstructure/Component/src/ESMF_Comp.F90:1223
27 0x0000000000ceac91 esmf_gridcompmod_mp_esmf_gridcompinitialize_()  /scratch2/NCEPDEV/stmp1/Gerhard.Theurich/ESMF-Nightly-Testing/intel_2022.3.0_intelmpi_O_feature_fill_nan/esmf/src/Superstructure/Component/src/ESMF_GridComp.F90:1412
28 0x000000000041a246 MAIN__()  /scratch2/NCEPDEV/stmp1/Gerhard.Theurich/ESMF-Nightly-Testing/intel_2022.3.0_intelmpi_O_feature_fill_nan/nuopc-app-prototypes/AtmOcnMedIngestFromInternalProto/esmApp.F90:58
29 0x0000000000419e5d main()  ???:0
30 0x0000000000022555 __libc_start_main()  ???:0
31 0x0000000000419d76 _start()  ???:0
=================================
18 0x0000000001090915 nuopc_driver_mp_loopconnectorcompss_()  /scratch2/NCEPDEV/stmp1/Gerhard.Theurich/ESMF-Nightly-Testing/intel_2022.3.0_intelmpi_O_feature_fill_nan/esmf/src/addon/NUOPC/src/NUOPC_Driver.F90:3023
19 0x00000000010b0271 nuopc_driver_mp_initializeipdv02p3_()  /scratch2/NCEPDEV/stmp1/Gerhard.Theurich/ESMF-Nightly-Testing/intel_2022.3.0_intelmpi_O_feature_fill_nan/esmf/src/addon/NUOPC/src/NUOPC_Driver.F90:2110
20 0x00000000010c2bf0 nuopc_driver_mp_initializegeneric_()  /scratch2/NCEPDEV/stmp1/Gerhard.Theurich/ESMF-Nightly-Testing/intel_2022.3.0_intelmpi_O_feature_fill_nan/esmf/src/addon/NUOPC/src/NUOPC_Driver.F90:479
21 0x0000000000481ff6 ESMCI::FTable::callVFuncPtr()  /scratch2/NCEPDEV/stmp1/Gerhard.Theurich/ESMF-Nightly-Testing/intel_2022.3.0_intelmpi_O_feature_fill_nan/esmf/src/Superstructure/Component/src/ESMCI_FTable.C:2167
22 0x0000000000481a5c ESMCI_FTableCallEntryPointVMHop()  /scratch2/NCEPDEV/stmp1/Gerhard.Theurich/ESMF-Nightly-Testing/intel_2022.3.0_intelmpi_O_feature_fill_nan/esmf/src/Superstructure/Component/src/ESMCI_FTable.C:824
23 0x000000000071a4a0 ESMCI::VMK::enter()  /scratch2/NCEPDEV/stmp1/Gerhard.Theurich/ESMF-Nightly-Testing/intel_2022.3.0_intelmpi_O_feature_fill_nan/esmf/src/Infrastructure/VM/src/ESMCI_VMKernel.C:0
24 0x000000000070d5e8 ESMCI::VM::enter()  /scratch2/NCEPDEV/stmp1/Gerhard.Theurich/ESMF-Nightly-Testing/intel_2022.3.0_intelmpi_O_feature_fill_nan/esmf/src/Infrastructure/VM/src/ESMCI_VM.C:1216
25 0x00000000004826f1 c_esmc_ftablecallentrypointvm_()  /scratch2/NCEPDEV/stmp1/Gerhard.Theurich/ESMF-Nightly-Testing/intel_2022.3.0_intelmpi_O_feature_fill_nan/esmf/src/Superstructure/Component/src/ESMCI_FTable.C:981
26 0x00000000009a33d0 esmf_compmod_mp_esmf_compexecute_()  /scratch2/NCEPDEV/stmp1/Gerhard.Theurich/ESMF-Nightly-Testing/intel_2022.3.0_intelmpi_O_feature_fill_nan/esmf/src/Superstructure/Component/src/ESMF_Comp.F90:1223
27 0x0000000000ceac91 esmf_gridcompmod_mp_esmf_gridcompinitialize_()  /scratch2/NCEPDEV/stmp1/Gerhard.Theurich/ESMF-Nightly-Testing/intel_2022.3.0_intelmpi_O_feature_fill_nan/esmf/src/Superstructure/Component/src/ESMF_GridComp.F90:1412
28 0x000000000041a246 MAIN__()  /scratch2/NCEPDEV/stmp1/Gerhard.Theurich/ESMF-Nightly-Testing/intel_2022.3.0_intelmpi_O_feature_fill_nan/nuopc-app-prototypes/AtmOcnMedIngestFromInternalProto/esmApp.F90:58
29 0x0000000000419e5d main()  ???:0
30 0x0000000000022555 __libc_start_main()  ???:0
31 0x0000000000419d76 _start()  ???:0
=================================
forrtl: severe (174): SIGSEGV, segmentation fault occurred
Image              PC                Routine            Line        Source             
libpthread-2.17.s  00002B874C2D5630  Unknown               Unknown  Unknown
libesmf.so         00002B87483BBEAE  _ZN5ESMCI6LogErr1     Unknown  Unknown
libesmf.so         00002B87484E354B  c_esmc_meshcreate     Unknown  Unknown
libesmf.so         00002B8748CCF7A2  esmf_meshmod_mp_e     Unknown  Unknown
libesmf.so         00002B8748B75956  esmf_gridutilmod_     Unknown  Unknown
libesmf.so         00002B8748A49460  esmf_fieldregridm     Unknown  Unknown
libesmf.so         00002B8748A48F13  esmf_fieldregridm     Unknown  Unknown
libesmf.so         00002B8748A47163  esmf_fieldregridm     Unknown  Unknown
libesmf.so         00002B87488CBB7E  esmf_fieldbundlem     Unknown  Unknown
libesmf.so         00002B8748EA6650  nuopc_connector_m     Unknown  Unknown
libesmf.so         00002B8748EBBE44  nuopc_connector_m     Unknown  Unknown
libesmf.so         00002B874830BFF6  _ZN5ESMCI6FTable1     Unknown  Unknown
libesmf.so         00002B874830BA5C  ESMCI_FTableCallE     Unknown  Unknown
libesmf.so         00002B87485A44A0  _ZN5ESMCI3VMK5ent     Unknown  Unknown
libesmf.so         00002B87485975E8  _ZN5ESMCI2VM5ente     Unknown  Unknown
libesmf.so         00002B874830C6F1  c_esmc_ftablecall     Unknown  Unknown
libesmf.so         00002B874882D3D0  esmf_compmod_mp_e     Unknown  Unknown
libesmf.so         00002B8748859DC1  esmf_cplcompmod_m     Unknown  Unknown
libesmf.so         00002B8748F1A915  nuopc_driver_mp_l     Unknown  Unknown
libesmf.so         00002B8748F3A271  nuopc_driver_mp_i     Unknown  Unknown
libesmf.so         00002B8748F4CBF0  nuopc_driver_mp_i     Unknown  Unknown
libesmf.so         00002B874830BFF6  _ZN5ESMCI6FTable1     Unknown  Unknown
libesmf.so         00002B874830BA5C  ESMCI_FTableCallE     Unknown  Unknown
libesmf.so         00002B87485A44A0  _ZN5ESMCI3VMK5ent     Unknown  Unknown
libesmf.so         00002B87485975E8  _ZN5ESMCI2VM5ente     Unknown  Unknown
libesmf.so         00002B874830C6F1  c_esmc_ftablecall     Unknown  Unknown
libesmf.so         00002B874882D3D0  esmf_compmod_mp_e     Unknown  Unknown
libesmf.so         00002B8748B74C91  esmf_gridcompmod_     Unknown  Unknown
esmApp             000000000041A246  Unknown               Unknown  Unknown
esmApp             0000000000419E5D  Unknown               Unknown  Unknown
libc-2.17.so       00002B874D163555  __libc_start_main     Unknown  Unknown
esmApp             0000000000419D76  Unknown               Unknown  Unknown
forrtl: severe (174): SIGSEGV, segmentation fault occurred
Image              PC                Routine            Line        Source             
libpthread-2.17.s  00002B8B945A2630  Unknown               Unknown  Unknown
libesmf.so         00002B8B90688EAE  _ZN5ESMCI6LogErr1     Unknown  Unknown
libesmf.so         00002B8B907B054B  c_esmc_meshcreate     Unknown  Unknown
libesmf.so         00002B8B90F9C7A2  esmf_meshmod_mp_e     Unknown  Unknown
libesmf.so         00002B8B90E42956  esmf_gridutilmod_     Unknown  Unknown
libesmf.so         00002B8B90D16460  esmf_fieldregridm     Unknown  Unknown
libesmf.so         00002B8B90D15F13  esmf_fieldregridm     Unknown  Unknown
libesmf.so         00002B8B90D14163  esmf_fieldregridm     Unknown  Unknown
libesmf.so         00002B8B90B98B7E  esmf_fieldbundlem     Unknown  Unknown
libesmf.so         00002B8B91173650  nuopc_connector_m     Unknown  Unknown
libesmf.so         00002B8B91188E44  nuopc_connector_m     Unknown  Unknown
libesmf.so         00002B8B905D8FF6  _ZN5ESMCI6FTable1     Unknown  Unknown
libesmf.so         00002B8B905D8A5C  ESMCI_FTableCallE     Unknown  Unknown
libesmf.so         00002B8B908714A0  _ZN5ESMCI3VMK5ent     Unknown  Unknown
libesmf.so         00002B8B908645E8  _ZN5ESMCI2VM5ente     Unknown  Unknown
libesmf.so         00002B8B905D96F1  c_esmc_ftablecall     Unknown  Unknown
libesmf.so         00002B8B90AFA3D0  esmf_compmod_mp_e     Unknown  Unknown
libesmf.so         00002B8B90B26DC1  esmf_cplcompmod_m     Unknown  Unknown
libesmf.so         00002B8B911E7915  nuopc_driver_mp_l     Unknown  Unknown
libesmf.so         00002B8B91207271  nuopc_driver_mp_i     Unknown  Unknown
libesmf.so         00002B8B91219BF0  nuopc_driver_mp_i     Unknown  Unknown
libesmf.so         00002B8B905D8FF6  _ZN5ESMCI6FTable1     Unknown  Unknown
libesmf.so         00002B8B905D8A5C  ESMCI_FTableCallE     Unknown  Unknown
libesmf.so         00002B8B908714A0  _ZN5ESMCI3VMK5ent     Unknown  Unknown
libesmf.so         00002B8B908645E8  _ZN5ESMCI2VM5ente     Unknown  Unknown
libesmf.so         00002B8B905D96F1  c_esmc_ftablecall     Unknown  Unknown
libesmf.so         00002B8B90AFA3D0  esmf_compmod_mp_e     Unknown  Unknown
libesmf.so         00002B8B90E41C91  esmf_gridcompmod_     Unknown  Unknown
esmApp             000000000041A246  Unknown               Unknown  Unknown
esmApp             0000000000419E5D  Unknown               Unknown  Unknown
libc-2.17.so       00002B8B95430555  __libc_start_main     Unknown  Unknown
esmApp             0000000000419D76  Unknown               Unknown  Unknown
srun: error: h24c28: tasks 0-3: Exited with exit code 174
srun: launch/slurm: _step_signal: Terminating StepId=44920911.352
