2023-05-13 07:36:54
[h15c26:28116:0:28116] Caught signal 11 (Segmentation fault: address not mapped to object at address 0x4f1b591)
[h15c26:28117:0:28117] Caught signal 11 (Segmentation fault: address not mapped to object at address 0x4f1b591)
==== backtrace (tid:  28117) ====
 0 0x000000000004d455 ucs_debug_print_backtrace()  ???:0
 1 0x0000000000531eae ESMCI::LogErr::MsgFoundError()  /scratch2/NCEPDEV/stmp1/Gerhard.Theurich/ESMF-Nightly-Testing/intel_2022.3.0_intelmpi_O_feature_fill_nan/esmf/src/Infrastructure/LogErr/src/ESMCI_LogErr.C:586
 2 0x000000000065954b c_esmc_meshcreatenodedistgrid_()  /scratch2/NCEPDEV/stmp1/Gerhard.Theurich/ESMF-Nightly-Testing/intel_2022.3.0_intelmpi_O_feature_fill_nan/esmf/src/Infrastructure/Mesh/interface/ESMCI_Mesh_F.C:248
 3 0x0000000000e457a2 esmf_meshmod_mp_esmf_meshcreatefrompointer_()  /scratch2/NCEPDEV/stmp1/Gerhard.Theurich/ESMF-Nightly-Testing/intel_2022.3.0_intelmpi_O_feature_fill_nan/esmf/src/Infrastructure/Mesh/interface/ESMF_Mesh.F90:3091
 4 0x0000000000ceb956 esmf_gridutilmod_mp_esmf_gridtomesh_()  /scratch2/NCEPDEV/stmp1/Gerhard.Theurich/ESMF-Nightly-Testing/intel_2022.3.0_intelmpi_O_feature_fill_nan/esmf/src/Infrastructure/GridUtil/interface/ESMF_GridUtil.F90:453
 5 0x0000000000bbf460 esmf_fieldregridmod_mp_b_or_p_gridtomesh_()  /scratch2/NCEPDEV/stmp1/Gerhard.Theurich/ESMF-Nightly-Testing/intel_2022.3.0_intelmpi_O_feature_fill_nan/esmf/src/Infrastructure/Field/src/ESMF_FieldRegrid.F90:3228
 6 0x0000000000bbef13 esmf_fieldregridmod_mp_getmeshwithnodesonfieldloc_()  /scratch2/NCEPDEV/stmp1/Gerhard.Theurich/ESMF-Nightly-Testing/intel_2022.3.0_intelmpi_O_feature_fill_nan/esmf/src/Infrastructure/Field/src/ESMF_FieldRegrid.F90:1346
 7 0x0000000000bbd163 esmf_fieldregridmod_mp_esmf_fieldregridstorenx_()  /scratch2/NCEPDEV/stmp1/Gerhard.Theurich/ESMF-Nightly-Testing/intel_2022.3.0_intelmpi_O_feature_fill_nan/esmf/src/Infrastructure/Field/src/ESMF_FieldRegrid.F90:971
 8 0x0000000000a41b7e esmf_fieldbundlemod_mp_esmf_fieldbundleregridstorepair_()  /scratch2/NCEPDEV/stmp1/Gerhard.Theurich/ESMF-Nightly-Testing/intel_2022.3.0_intelmpi_O_feature_fill_nan/esmf/src/Infrastructure/FieldBundle/src/ESMF_FieldBundle.F90:16211
 9 0x000000000101c650 nuopc_connector_mp_fieldbundlecplstore_()  /scratch2/NCEPDEV/stmp1/Gerhard.Theurich/ESMF-Nightly-Testing/intel_2022.3.0_intelmpi_O_feature_fill_nan/esmf/src/addon/NUOPC/src/NUOPC_Connector.F90:7714
10 0x0000000001031e44 nuopc_connector_mp_initializeipdv05p6b_()  /scratch2/NCEPDEV/stmp1/Gerhard.Theurich/ESMF-Nightly-Testing/intel_2022.3.0_intelmpi_O_feature_fill_nan/esmf/src/addon/NUOPC/src/NUOPC_Connector.F90:5386
11 0x0000000000481ff6 ESMCI::FTable::callVFuncPtr()  /scratch2/NCEPDEV/stmp1/Gerhard.Theurich/ESMF-Nightly-Testing/intel_2022.3.0_intelmpi_O_feature_fill_nan/esmf/src/Superstructure/Component/src/ESMCI_FTable.C:2167
12 0x0000000000481a5c ESMCI_FTableCallEntryPointVMHop()  /scratch2/NCEPDEV/stmp1/Gerhard.Theurich/ESMF-Nightly-Testing/intel_2022.3.0_intelmpi_O_feature_fill_nan/esmf/src/Superstructure/Component/src/ESMCI_FTable.C:824
13 0x000000000071a4a0 ESMCI::VMK::enter()  /scratch2/NCEPDEV/stmp1/Gerhard.Theurich/ESMF-Nightly-Testing/intel_2022.3.0_intelmpi_O_feature_fill_nan/esmf/src/Infrastructure/VM/src/ESMCI_VMKernel.C:0
14 0x000000000070d5e8 ESMCI::VM::enter()  /scratch2/NCEPDEV/stmp1/Gerhard.Theurich/ESMF-Nightly-Testing/intel_2022.3.0_intelmpi_O_feature_fill_nan/esmf/src/Infrastructure/VM/src/ESMCI_VM.C:1216
15 0x00000000004826f1 c_esmc_ftablecallentrypointvm_()  /scratch2/NCEPDEV/stmp1/Gerhard.Theurich/ESMF-Nightly-Testing/intel_2022.3.0_intelmpi_O_feature_fill_nan/esmf/src/Superstructure/Component/src/ESMCI_FTable.C:981
16 0x00000000009a33d0 esmf_compmod_mp_esmf_compexecute_()  /scratch2/NCEPDEV/stmp1/Gerhard.Theurich/ESMF-Nightly-Testing/intel_2022.3.0_intelmpi_O_feature_fill_nan/esmf/src/Superstructure/Component/src/ESMF_Comp.F90:1223
17 0x00000000009cfdc1 esmf_cplcompmod_mp_esmf_cplcompinitialize_()  /scratch2/NCEPDEV/stmp1/Gerhard.Theurich/ESMF-Nightly-Testing/intel_2022.3.0_intelmpi_O_feature_fill_nan/esmf/src/Superstructure/Component/src/ESMF_CplComp.F90:1165
18 0x0000000001090915 nuopc_driver_mp_loopconnectorcompss_()  /scratch2/NCEPDEV/stmp1/Gerhard.Theurich/ESMF-Nightly-Testing/intel_2022.3.0_intelmpi_O_feature_fill_nan/esmf/src/addon/NUOPC/src/NUOPC_Driver.F90:3023
19 0x00000000010b0271 nuopc_driver_mp_initializeipdv02p3_()  /scratch2/NCEPDEV/stmp1/Gerhard.Theurich/ESMF-Nightly-Testing/intel_2022.3.0_intelmpi_O_feature_fill_nan/esmf/src/addon/NUOPC/src/NUOPC_Driver.F90:2110
20 0x0000000000481ff6 ESMCI::FTable::callVFuncPtr()  /scratch2/NCEPDEV/stmp1/Gerhard.Theurich/ESMF-Nightly-Testing/intel_2022.3.0_intelmpi_O_feature_fill_nan/esmf/src/Superstructure/Component/src/ESMCI_FTable.C:2167
21 0x0000000000481a5c ESMCI_FTableCallEntryPointVMHop()  /scratch2/NCEPDEV/stmp1/Gerhard.Theurich/ESMF-Nightly-Testing/intel_2022.3.0_intelmpi_O_feature_fill_nan/esmf/src/Superstructure/Component/src/ESMCI_FTable.C:824
22 0x000000000071a4a0 ESMCI::VMK::enter()  /scratch2/NCEPDEV/stmp1/Gerhard.Theurich/ESMF-Nightly-Testing/intel_2022.3.0_intelmpi_O_feature_fill_nan/esmf/src/Infrastructure/VM/src/ESMCI_VMKernel.C:0
23 0x000000000070d5e8 ESMCI::VM::enter()  /scratch2/NCEPDEV/stmp1/Gerhard.Theurich/ESMF-Nightly-Testing/intel_2022.3.0_intelmpi_O_feature_fill_nan/esmf/src/Infrastructure/VM/src/ESMCI_VM.C:1216
24 0x00000000004826f1 c_esmc_ftablecallentrypointvm_()  /scratch2/NCEPDEV/stmp1/Gerhard.Theurich/ESMF-Nightly-Testing/intel_2022.3.0_intelmpi_O_feature_fill_nan/esmf/src/Superstructure/Component/src/ESMCI_FTable.C:981
25 0x00000000009a33d0 esmf_compmod_mp_esmf_compexecute_()  /scratch2/NCEPDEV/stmp1/Gerhard.Theurich/ESMF-Nightly-Testing/intel_2022.3.0_intelmpi_O_feature_fill_nan/esmf/src/Superstructure/Component/src/ESMF_Comp.F90:1223
26 0x0000000000ceac91 esmf_gridcompmod_mp_esmf_gridcompinitialize_()  /scratch2/NCEPDEV/stmp1/Gerhard.Theurich/ESMF-Nightly-Testing/intel_2022.3.0_intelmpi_O_feature_fill_nan/esmf/src/Superstructure/Component/src/ESMF_GridComp.F90:1412
27 0x00000000010919a0 nuopc_driver_mp_loopmodelcompss_()  /scratch2/NCEPDEV/stmp1/Gerhard.Theurich/ESMF-Nightly-Testing/intel_2022.3.0_intelmpi_O_feature_fill_nan/esmf/src/addon/NUOPC/src/NUOPC_Driver.F90:2826
28 0x00000000010adf46 nuopc_driver_mp_initializeipdv02p3_()  /scratch2/NCEPDEV/stmp1/Gerhard.Theurich/ESMF-Nightly-Testing/intel_2022.3.0_intelmpi_O_feature_fill_nan/esmf/src/addon/NUOPC/src/NUOPC_Driver.F90:1952
29 0x00000000010c2bf0 nuopc_driver_mp_initializegeneric_()  /scratch2/NCEPDEV/stmp1/Gerhard.Theurich/ESMF-Nightly-Testing/intel_2022.3.0_intelmpi_O_feature_fill_nan/esmf/src/addon/NUOPC/src/NUOPC_Driver.F90:479
30 0x0000000000481ff6 ESMCI::FTable::callVFuncPtr()  /scratch2/NCEPDEV/stmp1/Gerhard.Theurich/ESMF-Nightly-Testing/intel_2022.3.0_intelmpi_O_feature_fill_nan/esmf/src/Superstructure/Component/src/ESMCI_FTable.C:2167
31 0x0000000000481a5c ESMCI_FTableCallEntryPointVMHop()  /scratch2/NCEPDEV/stmp1/Gerhard.Theurich/ESMF-Nightly-Testing/intel_2022.3.0_intelmpi_O_feature_fill_nan/esmf/src/Superstructure/Component/src/ESMCI_FTable.C:824
32 0x000000000071a4a0 ESMCI::VMK::enter()  /scratch2/NCEPDEV/stmp1/Gerhard.Theurich/ESMF-Nightly-Testing/intel_2022.3.0_intelmpi_O_feature_fill_nan/esmf/src/Infrastructure/VM/src/ESMCI_VMKernel.C:0
33 0x000000000070d5e8 ESMCI::VM::enter()  /scratch2/NCEPDEV/stmp1/Gerhard.Theurich/ESMF-Nightly-Testing/intel_2022.3.0_intelmpi_O_feature_fill_nan/esmf/src/Infrastructure/VM/src/ESMCI_VM.C:1216
34 0x00000000004826f1 c_esmc_ftablecallentrypointvm_()  /scratch2/NCEPDEV/stmp1/Gerhard.Theurich/ESMF-Nightly-Testing/intel_2022.3.0_intelmpi_O_feature_fill_nan/esmf/src/Superstructure/Component/src/ESMCI_FTable.C:981
35 0x00000000009a33d0 esmf_compmod_mp_esmf_compexecute_()  /scratch2/NCEPDEV/stmp1/Gerhard.Theurich/ESMF-Nightly-Testing/intel_2022.3.0_intelmpi_O_feature_fill_nan/esmf/src/Superstructure/Component/src/ESMF_Comp.F90:1223
36 0x0000000000ceac91 esmf_gridcompmod_mp_esmf_gridcompinitialize_()  /scratch2/NCEPDEV/stmp1/Gerhard.Theurich/ESMF-Nightly-Testing/intel_2022.3.0_intelmpi_O_feature_fill_nan/esmf/src/Superstructure/Component/src/ESMF_GridComp.F90:1412
37 0x000000000041a473 MAIN__()  /scratch2/NCEPDEV/stmp1/Gerhard.Theurich/ESMF-Nightly-Testing/intel_2022.3.0_intelmpi_O_feature_fill_nan/nuopc-app-prototypes/HierarchyProto/esmApp.F90:76
38 0x0000000000419f9d main()  ???:0
39 0x0000000000022555 __libc_start_main()  ???:0
40 0x0000000000419eb6 _start()  ???:0
=================================
forrtl: severe (174): SIGSEGV, segmentation fault occurred
Image              PC                Routine            Line        Source             
libpthread-2.17.s  00002ADA189D3630  Unknown               Unknown  Unknown
libesmf.so         00002ADA14AB9EAE  _ZN5ESMCI6LogErr1     Unknown  Unknown
libesmf.so         00002ADA14BE154B  c_esmc_meshcreate     Unknown  Unknown
libesmf.so         00002ADA153CD7A2  esmf_meshmod_mp_e     Unknown  Unknown
libesmf.so         00002ADA15273956  esmf_gridutilmod_     Unknown  Unknown
libesmf.so         00002ADA15147460  esmf_fieldregridm     Unknown  Unknown
libesmf.so         00002ADA15146F13  esmf_fieldregridm     Unknown  Unknown
libesmf.so         00002ADA15145163  esmf_fieldregridm     Unknown  Unknown
libesmf.so         00002ADA14FC9B7E  esmf_fieldbundlem     Unknown  Unknown
libesmf.so         00002ADA155A4650  nuopc_connector_m     Unknown  Unknown
libesmf.so         00002ADA155B9E44  nuopc_connector_m     Unknown  Unknown
libesmf.so         00002ADA14A09FF6  _ZN5ESMCI6FTable1     Unknown  Unknown
libesmf.so         00002ADA14A09A5C  ESMCI_FTableCallE     Unknown  Unknown
libesmf.so         00002ADA14CA24A0  _ZN5ESMCI3VMK5ent     Unknown  Unknown
libesmf.so         00002ADA14C955E8  _ZN5ESMCI2VM5ente     Unknown  Unknown
libesmf.so         00002ADA14A0A6F1  c_esmc_ftablecall     Unknown  Unknown
libesmf.so         00002ADA14F2B3D0  esmf_compmod_mp_e     Unknown  Unknown
libesmf.so         00002ADA14F57DC1  esmf_cplcompmod_m     Unknown  Unknown
libesmf.so         00002ADA15618915  nuopc_driver_mp_l     Unknown  Unknown
libesmf.so         00002ADA15638271  nuopc_driver_mp_i     Unknown  Unknown
libesmf.so         00002ADA14A09FF6  _ZN5ESMCI6FTable1     Unknown  Unknown
libesmf.so         00002ADA14A09A5C  ESMCI_FTableCallE     Unknown  Unknown
libesmf.so         00002ADA14CA24A0  _ZN5ESMCI3VMK5ent     Unknown  Unknown
libesmf.so         00002ADA14C955E8  _ZN5ESMCI2VM5ente     Unknown  Unknown
libesmf.so         00002ADA14A0A6F1  c_esmc_ftablecall     Unknown  Unknown
libesmf.so         00002ADA14F2B3D0  esmf_compmod_mp_e     Unknown  Unknown
libesmf.so         00002ADA15272C91  esmf_gridcompmod_     Unknown  Unknown
libesmf.so         00002ADA156199A0  nuopc_driver_mp_l     Unknown  Unknown
libesmf.so         00002ADA15635F46  nuopc_driver_mp_i     Unknown  Unknown
libesmf.so         00002ADA1564ABF0  nuopc_driver_mp_i     Unknown  Unknown
libesmf.so         00002ADA14A09FF6  _ZN5ESMCI6FTable1     Unknown  Unknown
libesmf.so         00002ADA14A09A5C  ESMCI_FTableCallE     Unknown  Unknown
libesmf.so         00002ADA14CA24A0  _ZN5ESMCI3VMK5ent     Unknown  Unknown
libesmf.so         00002ADA14C955E8  _ZN5ESMCI2VM5ente     Unknown  Unknown
libesmf.so         00002ADA14A0A6F1  c_esmc_ftablecall     Unknown  Unknown
libesmf.so         00002ADA14F2B3D0  esmf_compmod_mp_e     Unknown  Unknown
libesmf.so         00002ADA15272C91  esmf_gridcompmod_     Unknown  Unknown
esmApp             000000000041A473  Unknown               Unknown  Unknown
esmApp             0000000000419F9D  Unknown               Unknown  Unknown
libc-2.17.so       00002ADA19861555  __libc_start_main     Unknown  Unknown
esmApp             0000000000419EB6  Unknown               Unknown  Unknown
==== backtrace (tid:  28116) ====
 0 0x000000000004d455 ucs_debug_print_backtrace()  ???:0
 1 0x0000000000531eae ESMCI::LogErr::MsgFoundError()  /scratch2/NCEPDEV/stmp1/Gerhard.Theurich/ESMF-Nightly-Testing/intel_2022.3.0_intelmpi_O_feature_fill_nan/esmf/src/Infrastructure/LogErr/src/ESMCI_LogErr.C:586
 2 0x000000000065954b c_esmc_meshcreatenodedistgrid_()  /scratch2/NCEPDEV/stmp1/Gerhard.Theurich/ESMF-Nightly-Testing/intel_2022.3.0_intelmpi_O_feature_fill_nan/esmf/src/Infrastructure/Mesh/interface/ESMCI_Mesh_F.C:248
 3 0x0000000000e457a2 esmf_meshmod_mp_esmf_meshcreatefrompointer_()  /scratch2/NCEPDEV/stmp1/Gerhard.Theurich/ESMF-Nightly-Testing/intel_2022.3.0_intelmpi_O_feature_fill_nan/esmf/src/Infrastructure/Mesh/interface/ESMF_Mesh.F90:3091
 4 0x0000000000ceb956 esmf_gridutilmod_mp_esmf_gridtomesh_()  /scratch2/NCEPDEV/stmp1/Gerhard.Theurich/ESMF-Nightly-Testing/intel_2022.3.0_intelmpi_O_feature_fill_nan/esmf/src/Infrastructure/GridUtil/interface/ESMF_GridUtil.F90:453
 5 0x0000000000bbf460 esmf_fieldregridmod_mp_b_or_p_gridtomesh_()  /scratch2/NCEPDEV/stmp1/Gerhard.Theurich/ESMF-Nightly-Testing/intel_2022.3.0_intelmpi_O_feature_fill_nan/esmf/src/Infrastructure/Field/src/ESMF_FieldRegrid.F90:3228
 6 0x0000000000bbef13 esmf_fieldregridmod_mp_getmeshwithnodesonfieldloc_()  /scratch2/NCEPDEV/stmp1/Gerhard.Theurich/ESMF-Nightly-Testing/intel_2022.3.0_intelmpi_O_feature_fill_nan/esmf/src/Infrastructure/Field/src/ESMF_FieldRegrid.F90:1346
 7 0x0000000000bbd163 esmf_fieldregridmod_mp_esmf_fieldregridstorenx_()  /scratch2/NCEPDEV/stmp1/Gerhard.Theurich/ESMF-Nightly-Testing/intel_2022.3.0_intelmpi_O_feature_fill_nan/esmf/src/Infrastructure/Field/src/ESMF_FieldRegrid.F90:971
 8 0x0000000000a41b7e esmf_fieldbundlemod_mp_esmf_fieldbundleregridstorepair_()  /scratch2/NCEPDEV/stmp1/Gerhard.Theurich/ESMF-Nightly-Testing/intel_2022.3.0_intelmpi_O_feature_fill_nan/esmf/src/Infrastructure/FieldBundle/src/ESMF_FieldBundle.F90:16211
 9 0x000000000101c650 nuopc_connector_mp_fieldbundlecplstore_()  /scratch2/NCEPDEV/stmp1/Gerhard.Theurich/ESMF-Nightly-Testing/intel_2022.3.0_intelmpi_O_feature_fill_nan/esmf/src/addon/NUOPC/src/NUOPC_Connector.F90:7714
10 0x0000000001031e44 nuopc_connector_mp_initializeipdv05p6b_()  /scratch2/NCEPDEV/stmp1/Gerhard.Theurich/ESMF-Nightly-Testing/intel_2022.3.0_intelmpi_O_feature_fill_nan/esmf/src/addon/NUOPC/src/NUOPC_Connector.F90:5386
11 0x0000000000481ff6 ESMCI::FTable::callVFuncPtr()  /scratch2/NCEPDEV/stmp1/Gerhard.Theurich/ESMF-Nightly-Testing/intel_2022.3.0_intelmpi_O_feature_fill_nan/esmf/src/Superstructure/Component/src/ESMCI_FTable.C:2167
12 0x0000000000481a5c ESMCI_FTableCallEntryPointVMHop()  /scratch2/NCEPDEV/stmp1/Gerhard.Theurich/ESMF-Nightly-Testing/intel_2022.3.0_intelmpi_O_feature_fill_nan/esmf/src/Superstructure/Component/src/ESMCI_FTable.C:824
13 0x000000000071a4a0 ESMCI::VMK::enter()  /scratch2/NCEPDEV/stmp1/Gerhard.Theurich/ESMF-Nightly-Testing/intel_2022.3.0_intelmpi_O_feature_fill_nan/esmf/src/Infrastructure/VM/src/ESMCI_VMKernel.C:0
14 0x000000000070d5e8 ESMCI::VM::enter()  /scratch2/NCEPDEV/stmp1/Gerhard.Theurich/ESMF-Nightly-Testing/intel_2022.3.0_intelmpi_O_feature_fill_nan/esmf/src/Infrastructure/VM/src/ESMCI_VM.C:1216
15 0x00000000004826f1 c_esmc_ftablecallentrypointvm_()  /scratch2/NCEPDEV/stmp1/Gerhard.Theurich/ESMF-Nightly-Testing/intel_2022.3.0_intelmpi_O_feature_fill_nan/esmf/src/Superstructure/Component/src/ESMCI_FTable.C:981
16 0x00000000009a33d0 esmf_compmod_mp_esmf_compexecute_()  /scratch2/NCEPDEV/stmp1/Gerhard.Theurich/ESMF-Nightly-Testing/intel_2022.3.0_intelmpi_O_feature_fill_nan/esmf/src/Superstructure/Component/src/ESMF_Comp.F90:1223
17 0x00000000009cfdc1 esmf_cplcompmod_mp_esmf_cplcompinitialize_()  /scratch2/NCEPDEV/stmp1/Gerhard.Theurich/ESMF-Nightly-Testing/intel_2022.3.0_intelmpi_O_feature_fill_nan/esmf/src/Superstructure/Component/src/ESMF_CplComp.F90:1165
18 0x0000000001090915 nuopc_driver_mp_loopconnectorcompss_()  /scratch2/NCEPDEV/stmp1/Gerhard.Theurich/ESMF-Nightly-Testing/intel_2022.3.0_intelmpi_O_feature_fill_nan/esmf/src/addon/NUOPC/src/NUOPC_Driver.F90:3023
19 0x00000000010b0271 nuopc_driver_mp_initializeipdv02p3_()  /scratch2/NCEPDEV/stmp1/Gerhard.Theurich/ESMF-Nightly-Testing/intel_2022.3.0_intelmpi_O_feature_fill_nan/esmf/src/addon/NUOPC/src/NUOPC_Driver.F90:2110
20 0x0000000000481ff6 ESMCI::FTable::callVFuncPtr()  /scratch2/NCEPDEV/stmp1/Gerhard.Theurich/ESMF-Nightly-Testing/intel_2022.3.0_intelmpi_O_feature_fill_nan/esmf/src/Superstructure/Component/src/ESMCI_FTable.C:2167
21 0x0000000000481a5c ESMCI_FTableCallEntryPointVMHop()  /scratch2/NCEPDEV/stmp1/Gerhard.Theurich/ESMF-Nightly-Testing/intel_2022.3.0_intelmpi_O_feature_fill_nan/esmf/src/Superstructure/Component/src/ESMCI_FTable.C:824
22 0x000000000071a4a0 ESMCI::VMK::enter()  /scratch2/NCEPDEV/stmp1/Gerhard.Theurich/ESMF-Nightly-Testing/intel_2022.3.0_intelmpi_O_feature_fill_nan/esmf/src/Infrastructure/VM/src/ESMCI_VMKernel.C:0
23 0x000000000070d5e8 ESMCI::VM::enter()  /scratch2/NCEPDEV/stmp1/Gerhard.Theurich/ESMF-Nightly-Testing/intel_2022.3.0_intelmpi_O_feature_fill_nan/esmf/src/Infrastructure/VM/src/ESMCI_VM.C:1216
24 0x00000000004826f1 c_esmc_ftablecallentrypointvm_()  /scratch2/NCEPDEV/stmp1/Gerhard.Theurich/ESMF-Nightly-Testing/intel_2022.3.0_intelmpi_O_feature_fill_nan/esmf/src/Superstructure/Component/src/ESMCI_FTable.C:981
25 0x00000000009a33d0 esmf_compmod_mp_esmf_compexecute_()  /scratch2/NCEPDEV/stmp1/Gerhard.Theurich/ESMF-Nightly-Testing/intel_2022.3.0_intelmpi_O_feature_fill_nan/esmf/src/Superstructure/Component/src/ESMF_Comp.F90:1223
26 0x0000000000ceac91 esmf_gridcompmod_mp_esmf_gridcompinitialize_()  /scratch2/NCEPDEV/stmp1/Gerhard.Theurich/ESMF-Nightly-Testing/intel_2022.3.0_intelmpi_O_feature_fill_nan/esmf/src/Superstructure/Component/src/ESMF_GridComp.F90:1412
27 0x00000000010919a0 nuopc_driver_mp_loopmodelcompss_()  /scratch2/NCEPDEV/stmp1/Gerhard.Theurich/ESMF-Nightly-Testing/intel_2022.3.0_intelmpi_O_feature_fill_nan/esmf/src/addon/NUOPC/src/NUOPC_Driver.F90:2826
28 0x00000000010adf46 nuopc_driver_mp_initializeipdv02p3_()  /scratch2/NCEPDEV/stmp1/Gerhard.Theurich/ESMF-Nightly-Testing/intel_2022.3.0_intelmpi_O_feature_fill_nan/esmf/src/addon/NUOPC/src/NUOPC_Driver.F90:1952
29 0x00000000010c2bf0 nuopc_driver_mp_initializegeneric_()  /scratch2/NCEPDEV/stmp1/Gerhard.Theurich/ESMF-Nightly-Testing/intel_2022.3.0_intelmpi_O_feature_fill_nan/esmf/src/addon/NUOPC/src/NUOPC_Driver.F90:479
30 0x0000000000481ff6 ESMCI::FTable::callVFuncPtr()  /scratch2/NCEPDEV/stmp1/Gerhard.Theurich/ESMF-Nightly-Testing/intel_2022.3.0_intelmpi_O_feature_fill_nan/esmf/src/Superstructure/Component/src/ESMCI_FTable.C:2167
31 0x0000000000481a5c ESMCI_FTableCallEntryPointVMHop()  /scratch2/NCEPDEV/stmp1/Gerhard.Theurich/ESMF-Nightly-Testing/intel_2022.3.0_intelmpi_O_feature_fill_nan/esmf/src/Superstructure/Component/src/ESMCI_FTable.C:824
32 0x000000000071a4a0 ESMCI::VMK::enter()  /scratch2/NCEPDEV/stmp1/Gerhard.Theurich/ESMF-Nightly-Testing/intel_2022.3.0_intelmpi_O_feature_fill_nan/esmf/src/Infrastructure/VM/src/ESMCI_VMKernel.C:0
33 0x000000000070d5e8 ESMCI::VM::enter()  /scratch2/NCEPDEV/stmp1/Gerhard.Theurich/ESMF-Nightly-Testing/intel_2022.3.0_intelmpi_O_feature_fill_nan/esmf/src/Infrastructure/VM/src/ESMCI_VM.C:1216
34 0x00000000004826f1 c_esmc_ftablecallentrypointvm_()  /scratch2/NCEPDEV/stmp1/Gerhard.Theurich/ESMF-Nightly-Testing/intel_2022.3.0_intelmpi_O_feature_fill_nan/esmf/src/Superstructure/Component/src/ESMCI_FTable.C:981
35 0x00000000009a33d0 esmf_compmod_mp_esmf_compexecute_()  /scratch2/NCEPDEV/stmp1/Gerhard.Theurich/ESMF-Nightly-Testing/intel_2022.3.0_intelmpi_O_feature_fill_nan/esmf/src/Superstructure/Component/src/ESMF_Comp.F90:1223
36 0x0000000000ceac91 esmf_gridcompmod_mp_esmf_gridcompinitialize_()  /scratch2/NCEPDEV/stmp1/Gerhard.Theurich/ESMF-Nightly-Testing/intel_2022.3.0_intelmpi_O_feature_fill_nan/esmf/src/Superstructure/Component/src/ESMF_GridComp.F90:1412
37 0x000000000041a473 MAIN__()  /scratch2/NCEPDEV/stmp1/Gerhard.Theurich/ESMF-Nightly-Testing/intel_2022.3.0_intelmpi_O_feature_fill_nan/nuopc-app-prototypes/HierarchyProto/esmApp.F90:76
38 0x0000000000419f9d main()  ???:0
39 0x0000000000022555 __libc_start_main()  ???:0
40 0x0000000000419eb6 _start()  ???:0
=================================
forrtl: severe (174): SIGSEGV, segmentation fault occurred
Image              PC                Routine            Line        Source             
libpthread-2.17.s  00002AC769ED4630  Unknown               Unknown  Unknown
libesmf.so         00002AC765FBAEAE  _ZN5ESMCI6LogErr1     Unknown  Unknown
libesmf.so         00002AC7660E254B  c_esmc_meshcreate     Unknown  Unknown
libesmf.so         00002AC7668CE7A2  esmf_meshmod_mp_e     Unknown  Unknown
libesmf.so         00002AC766774956  esmf_gridutilmod_     Unknown  Unknown
libesmf.so         00002AC766648460  esmf_fieldregridm     Unknown  Unknown
libesmf.so         00002AC766647F13  esmf_fieldregridm     Unknown  Unknown
libesmf.so         00002AC766646163  esmf_fieldregridm     Unknown  Unknown
libesmf.so         00002AC7664CAB7E  esmf_fieldbundlem     Unknown  Unknown
libesmf.so         00002AC766AA5650  nuopc_connector_m     Unknown  Unknown
libesmf.so         00002AC766ABAE44  nuopc_connector_m     Unknown  Unknown
libesmf.so         00002AC765F0AFF6  _ZN5ESMCI6FTable1     Unknown  Unknown
libesmf.so         00002AC765F0AA5C  ESMCI_FTableCallE     Unknown  Unknown
libesmf.so         00002AC7661A34A0  _ZN5ESMCI3VMK5ent     Unknown  Unknown
libesmf.so         00002AC7661965E8  _ZN5ESMCI2VM5ente     Unknown  Unknown
libesmf.so         00002AC765F0B6F1  c_esmc_ftablecall     Unknown  Unknown
libesmf.so         00002AC76642C3D0  esmf_compmod_mp_e     Unknown  Unknown
libesmf.so         00002AC766458DC1  esmf_cplcompmod_m     Unknown  Unknown
libesmf.so         00002AC766B19915  nuopc_driver_mp_l     Unknown  Unknown
libesmf.so         00002AC766B39271  nuopc_driver_mp_i     Unknown  Unknown
libesmf.so         00002AC765F0AFF6  _ZN5ESMCI6FTable1     Unknown  Unknown
libesmf.so         00002AC765F0AA5C  ESMCI_FTableCallE     Unknown  Unknown
libesmf.so         00002AC7661A34A0  _ZN5ESMCI3VMK5ent     Unknown  Unknown
libesmf.so         00002AC7661965E8  _ZN5ESMCI2VM5ente     Unknown  Unknown
libesmf.so         00002AC765F0B6F1  c_esmc_ftablecall     Unknown  Unknown
libesmf.so         00002AC76642C3D0  esmf_compmod_mp_e     Unknown  Unknown
libesmf.so         00002AC766773C91  esmf_gridcompmod_     Unknown  Unknown
libesmf.so         00002AC766B1A9A0  nuopc_driver_mp_l     Unknown  Unknown
libesmf.so         00002AC766B36F46  nuopc_driver_mp_i     Unknown  Unknown
libesmf.so         00002AC766B4BBF0  nuopc_driver_mp_i     Unknown  Unknown
libesmf.so         00002AC765F0AFF6  _ZN5ESMCI6FTable1     Unknown  Unknown
libesmf.so         00002AC765F0AA5C  ESMCI_FTableCallE     Unknown  Unknown
libesmf.so         00002AC7661A34A0  _ZN5ESMCI3VMK5ent     Unknown  Unknown
libesmf.so         00002AC7661965E8  _ZN5ESMCI2VM5ente     Unknown  Unknown
libesmf.so         00002AC765F0B6F1  c_esmc_ftablecall     Unknown  Unknown
libesmf.so         00002AC76642C3D0  esmf_compmod_mp_e     Unknown  Unknown
libesmf.so         00002AC766773C91  esmf_gridcompmod_     Unknown  Unknown
esmApp             000000000041A473  Unknown               Unknown  Unknown
esmApp             0000000000419F9D  Unknown               Unknown  Unknown
libc-2.17.so       00002AC76AD62555  __libc_start_main     Unknown  Unknown
esmApp             0000000000419EB6  Unknown               Unknown  Unknown
srun: error: h15c26: tasks 0-1: Exited with exit code 174
srun: launch/slurm: _step_signal: Terminating StepId=44896972.382
slurmstepd: error: *** STEP 44896972.382 ON h15c26 CANCELLED AT 2023-05-13T08:11:02 ***
forrtl: error (78): process killed (SIGTERM)
Image              PC                Routine            Line        Source             
libpthread-2.17.s  00002B3BD6E99630  Unknown               Unknown  Unknown
libmpi.so.12.0.0   00002B3BD58A8685  Unknown               Unknown  Unknown
libmpi.so.12.0.0   00002B3BD57F3E3E  Unknown               Unknown  Unknown
libmpi.so.12.0.0   00002B3BD580EC2E  Unknown               Unknown  Unknown
libmpi.so.12.0.0   00002B3BD57DAFC4  Unknown               Unknown  Unknown
libmpi.so.12.0.0   00002B3BD57BAA80  Unknown               Unknown  Unknown
libmpi.so.12.0.0   00002B3BD58BCA1D  Unknown               Unknown  Unknown
libmpi.so.12.0.0   00002B3BD57A2C1E  MPI_Bcast             Unknown  Unknown
libesmf.so         00002B3BD31712BC  _ZN5ESMCI3VMK9bro     Unknown  Unknown
libesmf.so         00002B3BD2F39D3D  _ZN5ESMCI13broadc     Unknown  Unknown
libesmf.so         00002B3BD31AFDC4  ESMC_InfoBaseSync     Unknown  Unknown
libesmf.so         00002B3BD31B1574  ESMC_InfoBaseSync     Unknown  Unknown
libesmf.so         00002B3BD37C0DF3  esmf_infosyncmod_     Unknown  Unknown
libesmf.so         00002B3BD33E1B09  esmf_attributemod     Unknown  Unknown
libesmf.so         00002B3BD3ADD5C7  nuopc_driver_mp_c     Unknown  Unknown
libesmf.so         00002B3BD3AE01BB  nuopc_driver_mp_l     Unknown  Unknown
libesmf.so         00002B3BD3AFC4A5  nuopc_driver_mp_i     Unknown  Unknown
libesmf.so         00002B3BD3B10BF0  nuopc_driver_mp_i     Unknown  Unknown
libesmf.so         00002B3BD2ECFFF6  _ZN5ESMCI6FTable1     Unknown  Unknown
libesmf.so         00002B3BD2ECFA5C  ESMCI_FTableCallE     Unknown  Unknown
libesmf.so         00002B3BD31684A0  _ZN5ESMCI3VMK5ent     Unknown  Unknown
libesmf.so         00002B3BD315B5E8  _ZN5ESMCI2VM5ente     Unknown  Unknown
libesmf.so         00002B3BD2ED06F1  c_esmc_ftablecall     Unknown  Unknown
libesmf.so         00002B3BD33F13D0  esmf_compmod_mp_e     Unknown  Unknown
libesmf.so         00002B3BD3738C91  esmf_gridcompmod_     Unknown  Unknown
esmApp             000000000041A473  Unknown               Unknown  Unknown
esmApp             0000000000419F9D  Unknown               Unknown  Unknown
libc-2.17.so       00002B3BD7D27555  __libc_start_main     Unknown  Unknown
esmApp             0000000000419EB6  Unknown               Unknown  Unknown
forrtl: error (78): process killed (SIGTERM)
Image              PC                Routine            Line        Source             
libpthread-2.17.s  00002BA6AB9B6630  Unknown               Unknown  Unknown
libmpi.so.12.0.0   00002BA6AA3C5685  Unknown               Unknown  Unknown
libmpi.so.12.0.0   00002BA6AA310E3E  Unknown               Unknown  Unknown
libmpi.so.12.0.0   00002BA6AA32BC2E  Unknown               Unknown  Unknown
libmpi.so.12.0.0   00002BA6AA2F7FC4  Unknown               Unknown  Unknown
libmpi.so.12.0.0   00002BA6AA2D7A80  Unknown               Unknown  Unknown
libmpi.so.12.0.0   00002BA6AA3D9A1D  Unknown               Unknown  Unknown
libmpi.so.12.0.0   00002BA6AA2BFC1E  MPI_Bcast             Unknown  Unknown
libesmf.so         00002BA6A7C8E2BC  _ZN5ESMCI3VMK9bro     Unknown  Unknown
libesmf.so         00002BA6A7A56D3D  _ZN5ESMCI13broadc     Unknown  Unknown
libesmf.so         00002BA6A7CCCDC4  ESMC_InfoBaseSync     Unknown  Unknown
libesmf.so         00002BA6A7CCE574  ESMC_InfoBaseSync     Unknown  Unknown
libesmf.so         00002BA6A82DDDF3  esmf_infosyncmod_     Unknown  Unknown
libesmf.so         00002BA6A7EFEB09  esmf_attributemod     Unknown  Unknown
libesmf.so         00002BA6A85FA5C7  nuopc_driver_mp_c     Unknown  Unknown
libesmf.so         00002BA6A85FD1BB  nuopc_driver_mp_l     Unknown  Unknown
libesmf.so         00002BA6A86194A5  nuopc_driver_mp_i     Unknown  Unknown
libesmf.so         00002BA6A862DBF0  nuopc_driver_mp_i     Unknown  Unknown
libesmf.so         00002BA6A79ECFF6  _ZN5ESMCI6FTable1     Unknown  Unknown
libesmf.so         00002BA6A79ECA5C  ESMCI_FTableCallE     Unknown  Unknown
libesmf.so         00002BA6A7C854A0  _ZN5ESMCI3VMK5ent     Unknown  Unknown
libesmf.so         00002BA6A7C785E8  _ZN5ESMCI2VM5ente     Unknown  Unknown
libesmf.so         00002BA6A79ED6F1  c_esmc_ftablecall     Unknown  Unknown
libesmf.so         00002BA6A7F0E3D0  esmf_compmod_mp_e     Unknown  Unknown
libesmf.so         00002BA6A8255C91  esmf_gridcompmod_     Unknown  Unknown
esmApp             000000000041A473  Unknown               Unknown  Unknown
esmApp             0000000000419F9D  Unknown               Unknown  Unknown
libc-2.17.so       00002BA6AC844555  __libc_start_main     Unknown  Unknown
esmApp             0000000000419EB6  Unknown               Unknown  Unknown
srun: error: h15c26: tasks 2-3: Exited with exit code 1
