2023-06-12 11:54:40
forrtl: severe (174): SIGSEGV, segmentation fault occurred
Image              PC                Routine            Line        Source             
libpthread-2.31.s  00001540500448C0  Unknown               Unknown  Unknown
mainApp            000000000044CF70  Unknown               Unknown  Unknown
mainApp            000000000044D860  Unknown               Unknown  Unknown
mainApp            000000000044D0F4  Unknown               Unknown  Unknown
libesmf.so         00001540539868EF  f_esmf_compcollec         516  ESMF_Comp_C.F90
libesmf.so         000015405352B222  finalize                 3478  ESMCI_VM.C
libesmf.so         00001540534F8797  c_esmc_vmfinalize        1179  ESMCI_VM_F.C
libesmf.so         0000154054510F4B  c_esmc_vmfinalize           0  ESMF_VM.F90
libesmf.so         0000154054508D82  esmf_vmfinalize          9384  ESMF_VM.F90
libesmf.so         00001540540B53D6  esmf_finalize            1423  ESMF_Init.F90
mainApp            000000000041737B  mainapp                   102  mainApp.F90
mainApp            000000000041698D  Unknown               Unknown  Unknown
libc-2.31.so       000015404C1BA2BD  __libc_start_main     Unknown  Unknown
mainApp            00000000004168BA  Unknown               Unknown  Unknown
forrtl: severe (174): SIGSEGV, segmentation fault occurred
Image              PC                Routine            Line        Source             
libpthread-2.31.s  0000150C73BBB8C0  Unknown               Unknown  Unknown
mainApp            000000000044CF27  Unknown               Unknown  Unknown
mainApp            000000000044D860  Unknown               Unknown  Unknown
mainApp            000000000044D0F4  Unknown               Unknown  Unknown
libesmf.so         0000150C774FD8EF  f_esmf_compcollec         516  ESMF_Comp_C.F90
libesmf.so         0000150C770A2222  finalize                 3478  ESMCI_VM.C
libesmf.so         0000150C7706F797  c_esmc_vmfinalize        1179  ESMCI_VM_F.C
libesmf.so         0000150C78087F4B  c_esmc_vmfinalize           0  ESMF_VM.F90
libesmf.so         0000150C7807FD82  esmf_vmfinalize          9384  ESMF_VM.F90
libesmf.so         0000150C77C2C3D6  esmf_finalize            1423  ESMF_Init.F90
mainApp            000000000041737B  mainapp                   102  mainApp.F90
mainApp            000000000041698D  Unknown               Unknown  Unknown
libc-2.31.so       0000150C6FD312BD  __libc_start_main     Unknown  Unknown
mainApp            00000000004168BA  Unknown               Unknown  Unknown
forrtl: severe (174): SIGSEGV, segmentation fault occurred
Image              PC                Routine            Line        Source             
libpthread-2.31.s  00001505580438C0  Unknown               Unknown  Unknown
mainApp            000000000044CF12  Unknown               Unknown  Unknown
mainApp            000000000044D860  Unknown               Unknown  Unknown
mainApp            000000000044D0F4  Unknown               Unknown  Unknown
libesmf.so         000015055B9858EF  f_esmf_compcollec         516  ESMF_Comp_C.F90
libesmf.so         000015055B52A222  finalize                 3478  ESMCI_VM.C
libesmf.so         000015055B4F7797  c_esmc_vmfinalize        1179  ESMCI_VM_F.C
libesmf.so         000015055C50FF4B  c_esmc_vmfinalize           0  ESMF_VM.F90
libesmf.so         000015055C507D82  esmf_vmfinalize          9384  ESMF_VM.F90
libesmf.so         000015055C0B43D6  esmf_finalize            1423  ESMF_Init.F90
mainApp            000000000041737B  mainapp                   102  mainApp.F90
mainApp            000000000041698D  Unknown               Unknown  Unknown
libc-2.31.so       00001505541B92BD  __libc_start_main     Unknown  Unknown
mainApp            00000000004168BA  Unknown               Unknown  Unknown
forrtl: severe (174): SIGSEGV, segmentation fault occurred
Image              PC                Routine            Line        Source             
libpthread-2.31.s  000014A37CDD78C0  Unknown               Unknown  Unknown
mainApp            000000000044CF51  Unknown               Unknown  Unknown
mainApp            000000000044D860  Unknown               Unknown  Unknown
mainApp            000000000044D0F4  Unknown               Unknown  Unknown
libesmf.so         000014A3807198EF  f_esmf_compcollec         516  ESMF_Comp_C.F90
libesmf.so         000014A3802BE222  finalize                 3478  ESMCI_VM.C
libesmf.so         000014A38028B797  c_esmc_vmfinalize        1179  ESMCI_VM_F.C
libesmf.so         000014A3812A3F4B  c_esmc_vmfinalize           0  ESMF_VM.F90
libesmf.so         000014A38129BD82  esmf_vmfinalize          9384  ESMF_VM.F90
libesmf.so         000014A380E483D6  esmf_finalize            1423  ESMF_Init.F90
mainApp            000000000041737B  mainapp                   102  mainApp.F90
mainApp            000000000041698D  Unknown               Unknown  Unknown
libc-2.31.so       000014A378F4D2BD  __libc_start_main     Unknown  Unknown
mainApp            00000000004168BA  Unknown               Unknown  Unknown
gu0010.hsn.gu.hpc.ucar.edu: rank 1 exited with code 174
