2023-04-25 10:21:43
20230425 105619.028 INFO             PET0 !!!!!!!!!!!!!!!!!!!!!!!!!!!!!!!!!!!!!!!!!!!!!!!!!!!!!!
20230425 105619.028 INFO             PET0 !!! THE ESMF_LOG IS SET TO OUTPUT ALL LOG MESSAGES !!!
20230425 105619.028 INFO             PET0 !!!     THIS MAY CAUSE SLOWDOWN IN PERFORMANCE     !!!
20230425 105619.028 INFO             PET0 !!! FOR PRODUCTION RUNS, USE:                      !!!
20230425 105619.028 INFO             PET0 !!!                   ESMF_LOGKIND_Multi_On_Error  !!!
20230425 105619.028 INFO             PET0 !!!!!!!!!!!!!!!!!!!!!!!!!!!!!!!!!!!!!!!!!!!!!!!!!!!!!!
20230425 105619.028 INFO             PET0 Running with ESMF Version   : v8.4.2b03
20230425 105619.028 INFO             PET0 ESMF library build date/time: "Apr 25 2023" "10:19:25"
20230425 105619.028 INFO             PET0 ESMF library build location : /lustre/f2/dev/ncep/Gerhard.Theurich/ESMF-Nightly-Testing-C5/intel_2022.2.1-classic_mpi_O_patch_8.4.2/esmf
20230425 105619.028 INFO             PET0 ESMF_COMM                   : mpi
20230425 105619.030 INFO             PET0 ESMF_MOAB                   : enabled
20230425 105619.030 INFO             PET0 ESMF_LAPACK                 : enabled
20230425 105619.030 INFO             PET0 ESMF_NETCDF                 : enabled
20230425 105619.030 INFO             PET0 ESMF_PNETCDF                : disabled
20230425 105619.030 INFO             PET0 ESMF_PIO                    : enabled
20230425 105619.030 INFO             PET0 ESMF_YAMLCPP                : enabled
20230425 105619.032 INFO             PET0 esmApp STARTING
20230425 105619.034 INFO             PET0 esm: InitializeGeneric intro.
20230425 105619.034 INFO             PET0   esm: InitializeP0 intro.
20230425 105619.034 INFO             PET0   esm: InitializeP0 extro.
20230425 105619.034 INFO             PET0   esm: InitializeIPDv02p1 intro.
20230425 105619.034 INFO             PET0     >>>esm: entered Initialize (phase=<none>) without valid internal Clock.
20230425 105619.034 INFO             PET0     esm - Creating model component ATM with petList of size 2 :
20230425 105619.034 INFO             PET0           0      1
20230425 105619.035 INFO             PET0     esm - Creating model component OCN with petList of size 2 :
20230425 105619.035 INFO             PET0           2      3
20230425 105619.035 INFO             PET0     esm - Creating connector component ATM-TO-OCN with petList of size 4 :
20230425 105619.035 INFO             PET0           0      1      2      3
20230425 105619.037 INFO             PET0     esm - Creating connector component OCN-TO-ATM with petList of size 4 :
20230425 105619.037 INFO             PET0           2      3      0      1
20230425 105619.038 INFO             PET0     esm - Creating state: modelComp 1 Import State
20230425 105619.038 INFO             PET0     esm - Creating state: modelComp 1 Export State
20230425 105619.038 INFO             PET0     esm - Creating state: modelComp 2 Import State
20230425 105619.038 INFO             PET0     esm - Creating state: modelComp 2 Export State
20230425 105619.039 INFO             PET0     ATM: InitializeP0 intro.
20230425 105619.039 INFO             PET0     ATM: InitializeP0 extro.
20230425 105619.040 INFO             PET0     ATM-TO-OCN: InitializeP0 intro.
20230425 105619.040 INFO             PET0     ATM-TO-OCN: InitializeP0 extro.
20230425 105619.040 INFO             PET0     OCN-TO-ATM: InitializeP0 intro.
20230425 105619.040 INFO             PET0     OCN-TO-ATM: InitializeP0 extro.
20230425 105619.040 INFO             PET0     esm: IInitAdvertise intro.
20230425 105619.040 INFO             PET0     esm: IInitAdvertise extro.
20230425 105619.040 INFO             PET0     ATM: InitializeIPDvXp01 intro.
20230425 105619.042 INFO             PET0     ATM: InitializeIPDvXp01 extro.
20230425 105619.043 INFO             PET0     ATM-TO-OCN: InitializeIPDv05p1 intro.
20230425 105619.045 INFO             PET0     ATM-TO-OCN: InitializeIPDv05p1 extro.
20230425 105619.046 INFO             PET0     OCN-TO-ATM: InitializeIPDv05p1 intro.
20230425 105619.047 INFO             PET0     OCN-TO-ATM: InitializeIPDv05p1 extro.
20230425 105619.047 INFO             PET0     esm: IInitAdvertiseFinish intro.
20230425 105619.047 INFO             PET0     esm: IInitAdvertiseFinish extro.
20230425 105619.047 INFO             PET0     ATM-TO-OCN: InitializeIPDv05p2a intro.
20230425 105619.050 INFO             PET0     ATM-TO-OCN: InitializeIPDv05p2a extro.
20230425 105619.050 INFO             PET0     OCN-TO-ATM: InitializeIPDv05p2a intro.
20230425 105619.051 INFO             PET0     OCN-TO-ATM: InitializeIPDv05p2a extro.
20230425 105619.051 INFO             PET0     ATM-TO-OCN: InitializeIPDv05p2b intro.
20230425 105619.054 INFO             PET0     ATM-TO-OCN: InitializeIPDv05p2b extro.
20230425 105619.054 INFO             PET0     OCN-TO-ATM: InitializeIPDv05p2b intro.
20230425 105619.055 INFO             PET0     OCN-TO-ATM: InitializeIPDv05p2b extro.
20230425 105619.055 INFO             PET0     esm: IInitModifyCplLists intro.
20230425 105619.055 INFO             PET0       Driver is in ModifyCplLists()
20230425 105619.055 INFO             PET0        Found            2  Connectors. Modifying CplList Attribute....
20230425 105619.055 INFO             PET0        Modifying cplList Attribute on ATM-TO-OCN: air_pressure_at_sea_level
20230425 105619.055 INFO             PET0        Modified: air_pressure_at_sea_level:REMAPMETHOD=redist
20230425 105619.055 INFO             PET0        Modifying cplList Attribute on ATM-TO-OCN: surface_net_downward_longwave_flux
20230425 105619.055 INFO             PET0        Modified: surface_net_downward_longwave_flux:REMAPMETHOD=bilinear:SrcTermProcessing=1:DUMPWEIGHTS=true:TermOrder=SrcSeq
20230425 105619.055 INFO             PET0        Modifying cplList Attribute on ATM-TO-OCN: surface_net_downward_shortwave_flux
20230425 105619.056 INFO             PET0        Modified: surface_net_downward_shortwave_flux:REMAPMETHOD=redist
20230425 105619.056 INFO             PET0        Modifying cplList Attribute on ATM-TO-OCN: surface_downward_heat_flux_in_air
20230425 105619.056 INFO             PET0        Modified: surface_downward_heat_flux_in_air:REMAPMETHOD=bilinear:SrcTermProcessing=1:DUMPWEIGHTS=true:TermOrder=SrcSeq
20230425 105619.056 INFO             PET0        Modifying cplList Attribute on OCN-TO-ATM: sea_surface_temperature
20230425 105619.056 INFO             PET0        Modified: sea_surface_temperature:REMAPMETHOD=bilinear:SrcTermProcessing=1:DUMPWEIGHTS=true:TermOrder=SrcSeq
20230425 105619.056 INFO             PET0     esm: IInitModifyCplLists extro.
20230425 105619.056 INFO             PET0     ATM-TO-OCN: InitializeIPDv05p3 intro.
20230425 105619.058 INFO             PET0     ATM-TO-OCN: InitializeIPDv05p3 extro.
20230425 105619.058 INFO             PET0     OCN-TO-ATM: InitializeIPDv05p3 intro.
20230425 105619.060 INFO             PET0     OCN-TO-ATM: InitializeIPDv05p3 extro.
20230425 105619.060 INFO             PET0     <<<esm: leaving Initialize (phase=<none>) with current time: 2010  6  1  0  0  0   0
20230425 105619.060 INFO             PET0   esm: InitializeIPDv02p1 extro.
20230425 105619.060 INFO             PET0   esm: InitializeIPDv02p3 intro.
20230425 105619.060 INFO             PET0     >>>esm: entered Initialize (phase=<none>) with current time: 2010  6  1  0  0  0   0
20230425 105619.060 INFO             PET0     esm: IInitCheck intro.
20230425 105619.060 INFO             PET0     esm: IInitCheck extro.
20230425 105619.060 INFO             PET0     ATM: InitializeIPDvXp04 intro.
20230425 105619.063 INFO             PET0     ATM: InitializeIPDvXp04 extro.
20230425 105619.064 INFO             PET0     ATM-TO-OCN: InitializeIPDv05p4 intro.
20230425 105619.068 INFO             PET0     ATM-TO-OCN: InitializeIPDv05p4 extro.
20230425 105619.068 INFO             PET0     OCN-TO-ATM: InitializeIPDv05p4 intro.
20230425 105619.070 INFO             PET0     OCN-TO-ATM: InitializeIPDv05p4 extro.
20230425 105619.070 INFO             PET0     ATM-TO-OCN: InitializeIPDv05p5 intro.
20230425 105619.073 INFO             PET0     ATM-TO-OCN: InitializeIPDv05p5 extro.
20230425 105619.074 INFO             PET0     OCN-TO-ATM: InitializeIPDv05p5 intro.
20230425 105619.075 INFO             PET0     OCN-TO-ATM: InitializeIPDv05p5 extro.
20230425 105619.075 INFO             PET0     esm: IInitRealize intro.
20230425 105619.075 INFO             PET0     esm: IInitRealize extro.
20230425 105619.076 INFO             PET0     ATM-TO-OCN: InitializeIPDv05p6a intro.
20230425 105619.079 INFO             PET0     ATM-TO-OCN: InitializeIPDv05p6a extro.
20230425 105619.079 INFO             PET0     OCN-TO-ATM: InitializeIPDv05p6a intro.
20230425 105619.081 INFO             PET0     OCN-TO-ATM: InitializeIPDv05p6a extro.
20230425 105619.081 INFO             PET0     ATM-TO-OCN: InitializeIPDv05p6b intro.
20230425 105619.148 INFO             PET0     ATM-TO-OCN: InitializeIPDv05p6b extro.
20230425 105619.148 INFO             PET0     OCN-TO-ATM: InitializeIPDv05p6b intro.
20230425 105619.199 INFO             PET0     OCN-TO-ATM: InitializeIPDv05p6b extro.
20230425 105619.199 INFO             PET0     ATM: InitializeIPDvXp07 intro.
20230425 105619.199 INFO             PET0     ATM: InitializeIPDvXp07 extro.
20230425 105619.199 INFO             PET0     <<<esm: leaving Initialize (phase=<none>) with current time: 2010  6  1  0  0  0   0
20230425 105619.199 INFO             PET0   esm: InitializeIPDv02p3 extro.
20230425 105619.199 INFO             PET0   esm: InitializeIPDv02p5 intro.
20230425 105619.199 INFO             PET0     >>>esm: entered Initialize (phase=<none>) with current time: 2010  6  1  0  0  0   0
20230425 105619.199 INFO             PET0     esm: this is a top level driver, no 'Updated' and 'InitializeDataComplete' info on this level.
20230425 105619.199 INFO             PET0     esm: InitializeIPDv02p5Data intro.
20230425 105619.199 INFO             PET0       esm: InternalInitializeComplete intro.
20230425 105619.199 INFO             PET0         esm: InitializeDataComplete='true'
20230425 105619.199 INFO             PET0       esm: InternalInitializeComplete extro.
20230425 105619.199 INFO             PET0       ATM: InitializeIPDv01p5 intro.
20230425 105619.199 INFO             PET0       ATM: InitializeIPDv01p5 extro.
20230425 105619.200 INFO             PET0       esm: components present that trigger loopDataDependentInitialize().
20230425 105619.200 INFO             PET0       esm: loopDataDependentInitialize intro.
20230425 105619.200 INFO             PET0         esm: component    0=esm, dataComplete (local): true
20230425 105619.200 INFO             PET0         esm: component    0=esm, dataComplete (global):  T
20230425 105619.200 INFO             PET0         esm: component    1=ATM, dataComplete (local): true
20230425 105619.200 INFO             PET0         esm: component    1=ATM, dataComplete (global):  T
20230425 105619.200 INFO             PET0         esm: component    2=OCN, dataComplete (local): true
20230425 105619.200 INFO             PET0         esm: component    2=OCN, dataComplete (global):  T
20230425 105619.200 INFO             PET0         esm: someProgress= F, allComplete= T, present(dataDepAllComplete)= T
20230425 105619.200 INFO             PET0         esm: finished resolving initialize data dependencies on this level.
20230425 105619.200 INFO             PET0       esm: loopDataDependentInitialize extro.
20230425 105619.200 INFO             PET0       esm: loopDataDependentInitialize() returned with dataDepAllComplete:  T
20230425 105619.200 INFO             PET0     esm: InitializeIPDv02p5Data extro.
20230425 105619.200 INFO             PET0     <<<esm: leaving Initialize (phase=<none>) with current time: 2010  6  1  0  0  0   0
20230425 105619.200 INFO             PET0   esm: InitializeIPDv02p5 extro.
20230425 105619.200 INFO             PET0 esm: InitializeGeneric extro.
20230425 105619.200 INFO             PET0 esm: Run intro.
20230425 105619.200 INFO             PET0   >>>esm entered Run (phase=RunPhase1) with current time: 2010  6  1  0  0  0   0
20230425 105619.200 INFO             PET0   esm: after lable_SetRunClock, current time: 2010  6  1  0  0  0   0
20230425 105619.200 INFO             PET0   esm: begin -------> RunSequence.
20230425 105619.200 INFO             PET0     esm: RunSequence event loopLevel=   1  levelMember=   1  loopIteration=   1, current time: 2010  6  1  0  0  0   0
20230425 105619.200 INFO             PET0     ATM-TO-OCN: Run intro.
20230425 105619.200 INFO             PET0     ATM-TO-OCN: Run extro.
20230425 105619.201 INFO             PET0     OCN-TO-ATM: Run intro.
20230425 105619.201 INFO             PET0     OCN-TO-ATM: Run extro.
20230425 105619.201 INFO             PET0     ATM: Run intro.
20230425 105619.201 INFO             PET0       ------>Advancing ATM from: 2010  6  1  0  0  0   0
20230425 105619.201 INFO             PET0       ---------------------> to: 2010  6  1  0 15  0   0
20230425 105619.208 WARNING          PET0 ESMCI_PIO_Handler.C:1567 ESMCI::PIO_Handler::isOpen()       File, field_atm_import_sst.nc, closed by PIO
20230425 105619.214 WARNING          PET0 ESMCI_PIO_Handler.C:1567 ESMCI::PIO_Handler::isOpen()       File, field_atm_export_pmsl.nc, closed by PIO
20230425 105619.220 WARNING          PET0 ESMCI_PIO_Handler.C:1567 ESMCI::PIO_Handler::isOpen()       File, field_atm_export_rsnl.nc, closed by PIO
20230425 105619.225 WARNING          PET0 ESMCI_PIO_Handler.C:1567 ESMCI::PIO_Handler::isOpen()       File, field_atm_export_rsns.nc, closed by PIO
20230425 105619.231 WARNING          PET0 ESMCI_PIO_Handler.C:1567 ESMCI::PIO_Handler::isOpen()       File, field_atm_export_sdhf.nc, closed by PIO
20230425 105619.231 INFO             PET0     ATM: Run extro.
20230425 105619.231 INFO             PET0     esm: RunSequence event loopLevel=   1  levelMember=   1  loopIteration=   2, current time: 2010  6  1  0 15  0   0
20230425 105619.231 INFO             PET0     ATM-TO-OCN: Run intro.
20230425 105619.231 INFO             PET0     ATM-TO-OCN: Run extro.
20230425 105619.231 INFO             PET0     OCN-TO-ATM: Run intro.
20230425 105619.319 INFO             PET0     OCN-TO-ATM: Run extro.
20230425 105619.319 INFO             PET0     ATM: Run intro.
20230425 105619.319 INFO             PET0       ------>Advancing ATM from: 2010  6  1  0 15  0   0
20230425 105619.319 INFO             PET0       ---------------------> to: 2010  6  1  0 30  0   0
20230425 105619.327 WARNING          PET0 ESMCI_PIO_Handler.C:1567 ESMCI::PIO_Handler::isOpen()       File, field_atm_import_sst.nc, closed by PIO
20230425 105619.334 WARNING          PET0 ESMCI_PIO_Handler.C:1567 ESMCI::PIO_Handler::isOpen()       File, field_atm_export_pmsl.nc, closed by PIO
20230425 105619.341 WARNING          PET0 ESMCI_PIO_Handler.C:1567 ESMCI::PIO_Handler::isOpen()       File, field_atm_export_rsnl.nc, closed by PIO
20230425 105619.349 WARNING          PET0 ESMCI_PIO_Handler.C:1567 ESMCI::PIO_Handler::isOpen()       File, field_atm_export_rsns.nc, closed by PIO
20230425 105619.357 WARNING          PET0 ESMCI_PIO_Handler.C:1567 ESMCI::PIO_Handler::isOpen()       File, field_atm_export_sdhf.nc, closed by PIO
20230425 105619.357 INFO             PET0     ATM: Run extro.
20230425 105619.357 INFO             PET0     esm: RunSequence event loopLevel=   1  levelMember=   1  loopIteration=   3, current time: 2010  6  1  0 30  0   0
20230425 105619.357 INFO             PET0     ATM-TO-OCN: Run intro.
20230425 105619.357 INFO             PET0     ATM-TO-OCN: Run extro.
20230425 105619.357 INFO             PET0     OCN-TO-ATM: Run intro.
20230425 105619.437 INFO             PET0     OCN-TO-ATM: Run extro.
20230425 105619.437 INFO             PET0     ATM: Run intro.
20230425 105619.437 INFO             PET0       ------>Advancing ATM from: 2010  6  1  0 30  0   0
20230425 105619.437 INFO             PET0       ---------------------> to: 2010  6  1  0 45  0   0
20230425 105619.445 WARNING          PET0 ESMCI_PIO_Handler.C:1567 ESMCI::PIO_Handler::isOpen()       File, field_atm_import_sst.nc, closed by PIO
20230425 105619.453 WARNING          PET0 ESMCI_PIO_Handler.C:1567 ESMCI::PIO_Handler::isOpen()       File, field_atm_export_pmsl.nc, closed by PIO
20230425 105619.461 WARNING          PET0 ESMCI_PIO_Handler.C:1567 ESMCI::PIO_Handler::isOpen()       File, field_atm_export_rsnl.nc, closed by PIO
20230425 105619.470 WARNING          PET0 ESMCI_PIO_Handler.C:1567 ESMCI::PIO_Handler::isOpen()       File, field_atm_export_rsns.nc, closed by PIO
20230425 105619.478 WARNING          PET0 ESMCI_PIO_Handler.C:1567 ESMCI::PIO_Handler::isOpen()       File, field_atm_export_sdhf.nc, closed by PIO
20230425 105619.478 INFO             PET0     ATM: Run extro.
20230425 105619.478 INFO             PET0     esm: RunSequence event loopLevel=   1  levelMember=   1  loopIteration=   4, current time: 2010  6  1  0 45  0   0
20230425 105619.478 INFO             PET0     ATM-TO-OCN: Run intro.
20230425 105619.478 INFO             PET0     ATM-TO-OCN: Run extro.
20230425 105619.478 INFO             PET0     OCN-TO-ATM: Run intro.
20230425 105619.563 INFO             PET0     OCN-TO-ATM: Run extro.
20230425 105619.563 INFO             PET0     ATM: Run intro.
20230425 105619.563 INFO             PET0       ------>Advancing ATM from: 2010  6  1  0 45  0   0
20230425 105619.563 INFO             PET0       ---------------------> to: 2010  6  1  1  0  0   0
20230425 105619.571 WARNING          PET0 ESMCI_PIO_Handler.C:1567 ESMCI::PIO_Handler::isOpen()       File, field_atm_import_sst.nc, closed by PIO
20230425 105619.579 WARNING          PET0 ESMCI_PIO_Handler.C:1567 ESMCI::PIO_Handler::isOpen()       File, field_atm_export_pmsl.nc, closed by PIO
20230425 105619.588 WARNING          PET0 ESMCI_PIO_Handler.C:1567 ESMCI::PIO_Handler::isOpen()       File, field_atm_export_rsnl.nc, closed by PIO
20230425 105619.596 WARNING          PET0 ESMCI_PIO_Handler.C:1567 ESMCI::PIO_Handler::isOpen()       File, field_atm_export_rsns.nc, closed by PIO
20230425 105619.604 WARNING          PET0 ESMCI_PIO_Handler.C:1567 ESMCI::PIO_Handler::isOpen()       File, field_atm_export_sdhf.nc, closed by PIO
20230425 105619.604 INFO             PET0     ATM: Run extro.
20230425 105619.604 INFO             PET0   esm: end <--------- RunSequence
20230425 105619.604 INFO             PET0   <<<esm - leaving Run with current time: 2010  6  1  1  0  0   0
20230425 105619.604 INFO             PET0 esm: Run extro.
20230425 105619.604 INFO             PET0 esm: Finalize intro.
20230425 105619.604 INFO             PET0   Calling Finalize phase 1 for connectorComp: ATM-TO-OCN
20230425 105619.604 INFO             PET0   ATM-TO-OCN: Finalize intro.
20230425 105619.604 INFO             PET0   ATM-TO-OCN: Finalize extro.
20230425 105619.604 INFO             PET0   Calling Finalize phase 1 for connectorComp: OCN-TO-ATM
20230425 105619.604 INFO             PET0   OCN-TO-ATM: Finalize intro.
20230425 105619.604 INFO             PET0   OCN-TO-ATM: Finalize extro.
20230425 105619.604 INFO             PET0   Calling Finalize phase 1 for modelComp: ATM
20230425 105619.604 INFO             PET0   ATM: Finalize intro.
20230425 105619.604 INFO             PET0   ATM: Finalize extro.
20230425 105619.604 INFO             PET0   Calling Finalize phase 1 for modelComp: OCN
20230425 105619.604 INFO             PET0   Delete modelComp: ATM
20230425 105619.605 INFO             PET0   Delete Import-/Export State for modelComp: ATM
20230425 105619.605 INFO             PET0   Delete modelComp: OCN
20230425 105619.605 INFO             PET0   Delete Import-/Export State for modelComp: OCN
20230425 105619.605 INFO             PET0   Delete connectorComp: ATM-TO-OCN
20230425 105619.605 INFO             PET0   Delete connectorComp: OCN-TO-ATM
20230425 105619.605 INFO             PET0 esm: Finalize extro.
20230425 105619.605 INFO             PET0 esmApp FINISHED
20230425 105619.605 INFO             PET0 Finalizing ESMF
20230425 105619.030 INFO             PET1 !!!!!!!!!!!!!!!!!!!!!!!!!!!!!!!!!!!!!!!!!!!!!!!!!!!!!!
20230425 105619.030 INFO             PET1 !!! THE ESMF_LOG IS SET TO OUTPUT ALL LOG MESSAGES !!!
20230425 105619.030 INFO             PET1 !!!     THIS MAY CAUSE SLOWDOWN IN PERFORMANCE     !!!
20230425 105619.030 INFO             PET1 !!! FOR PRODUCTION RUNS, USE:                      !!!
20230425 105619.031 INFO             PET1 !!!                   ESMF_LOGKIND_Multi_On_Error  !!!
20230425 105619.031 INFO             PET1 !!!!!!!!!!!!!!!!!!!!!!!!!!!!!!!!!!!!!!!!!!!!!!!!!!!!!!
20230425 105619.031 INFO             PET1 Running with ESMF Version   : v8.4.2b03
20230425 105619.031 INFO             PET1 ESMF library build date/time: "Apr 25 2023" "10:19:25"
20230425 105619.031 INFO             PET1 ESMF library build location : /lustre/f2/dev/ncep/Gerhard.Theurich/ESMF-Nightly-Testing-C5/intel_2022.2.1-classic_mpi_O_patch_8.4.2/esmf
20230425 105619.031 INFO             PET1 ESMF_COMM                   : mpi
20230425 105619.032 INFO             PET1 ESMF_MOAB                   : enabled
20230425 105619.032 INFO             PET1 ESMF_LAPACK                 : enabled
20230425 105619.032 INFO             PET1 ESMF_NETCDF                 : enabled
20230425 105619.032 INFO             PET1 ESMF_PNETCDF                : disabled
20230425 105619.032 INFO             PET1 ESMF_PIO                    : enabled
20230425 105619.032 INFO             PET1 ESMF_YAMLCPP                : enabled
20230425 105619.032 INFO             PET1 esmApp STARTING
20230425 105619.034 INFO             PET1 esm: InitializeGeneric intro.
20230425 105619.034 INFO             PET1   esm: InitializeP0 intro.
20230425 105619.034 INFO             PET1   esm: InitializeP0 extro.
20230425 105619.034 INFO             PET1   esm: InitializeIPDv02p1 intro.
20230425 105619.034 INFO             PET1     >>>esm: entered Initialize (phase=<none>) without valid internal Clock.
20230425 105619.034 INFO             PET1     esm - Creating model component ATM with petList of size 2 :
20230425 105619.034 INFO             PET1           0      1
20230425 105619.035 INFO             PET1     esm - Creating model component OCN with petList of size 2 :
20230425 105619.035 INFO             PET1           2      3
20230425 105619.035 INFO             PET1     esm - Creating connector component ATM-TO-OCN with petList of size 4 :
20230425 105619.035 INFO             PET1           0      1      2      3
20230425 105619.037 INFO             PET1     esm - Creating connector component OCN-TO-ATM with petList of size 4 :
20230425 105619.037 INFO             PET1           2      3      0      1
20230425 105619.038 INFO             PET1     esm - Creating state: modelComp 1 Import State
20230425 105619.038 INFO             PET1     esm - Creating state: modelComp 1 Export State
20230425 105619.038 INFO             PET1     esm - Creating state: modelComp 2 Import State
20230425 105619.038 INFO             PET1     esm - Creating state: modelComp 2 Export State
20230425 105619.039 INFO             PET1     ATM: InitializeP0 intro.
20230425 105619.039 INFO             PET1     ATM: InitializeP0 extro.
20230425 105619.040 INFO             PET1     ATM-TO-OCN: InitializeP0 intro.
20230425 105619.040 INFO             PET1     ATM-TO-OCN: InitializeP0 extro.
20230425 105619.040 INFO             PET1     OCN-TO-ATM: InitializeP0 intro.
20230425 105619.040 INFO             PET1     OCN-TO-ATM: InitializeP0 extro.
20230425 105619.040 INFO             PET1     esm: IInitAdvertise intro.
20230425 105619.040 INFO             PET1     esm: IInitAdvertise extro.
20230425 105619.040 INFO             PET1     ATM: InitializeIPDvXp01 intro.
20230425 105619.042 INFO             PET1     ATM: InitializeIPDvXp01 extro.
20230425 105619.043 INFO             PET1     ATM-TO-OCN: InitializeIPDv05p1 intro.
20230425 105619.045 INFO             PET1     ATM-TO-OCN: InitializeIPDv05p1 extro.
20230425 105619.046 INFO             PET1     OCN-TO-ATM: InitializeIPDv05p1 intro.
20230425 105619.047 INFO             PET1     OCN-TO-ATM: InitializeIPDv05p1 extro.
20230425 105619.047 INFO             PET1     esm: IInitAdvertiseFinish intro.
20230425 105619.047 INFO             PET1     esm: IInitAdvertiseFinish extro.
20230425 105619.047 INFO             PET1     ATM-TO-OCN: InitializeIPDv05p2a intro.
20230425 105619.050 INFO             PET1     ATM-TO-OCN: InitializeIPDv05p2a extro.
20230425 105619.050 INFO             PET1     OCN-TO-ATM: InitializeIPDv05p2a intro.
20230425 105619.051 INFO             PET1     OCN-TO-ATM: InitializeIPDv05p2a extro.
20230425 105619.051 INFO             PET1     ATM-TO-OCN: InitializeIPDv05p2b intro.
20230425 105619.054 INFO             PET1     ATM-TO-OCN: InitializeIPDv05p2b extro.
20230425 105619.054 INFO             PET1     OCN-TO-ATM: InitializeIPDv05p2b intro.
20230425 105619.055 INFO             PET1     OCN-TO-ATM: InitializeIPDv05p2b extro.
20230425 105619.055 INFO             PET1     esm: IInitModifyCplLists intro.
20230425 105619.055 INFO             PET1       Driver is in ModifyCplLists()
20230425 105619.055 INFO             PET1        Found            2  Connectors. Modifying CplList Attribute....
20230425 105619.055 INFO             PET1        Modifying cplList Attribute on ATM-TO-OCN: air_pressure_at_sea_level
20230425 105619.055 INFO             PET1        Modified: air_pressure_at_sea_level:REMAPMETHOD=redist
20230425 105619.055 INFO             PET1        Modifying cplList Attribute on ATM-TO-OCN: surface_net_downward_longwave_flux
20230425 105619.055 INFO             PET1        Modified: surface_net_downward_longwave_flux:REMAPMETHOD=bilinear:SrcTermProcessing=1:DUMPWEIGHTS=true:TermOrder=SrcSeq
20230425 105619.055 INFO             PET1        Modifying cplList Attribute on ATM-TO-OCN: surface_net_downward_shortwave_flux
20230425 105619.056 INFO             PET1        Modified: surface_net_downward_shortwave_flux:REMAPMETHOD=redist
20230425 105619.056 INFO             PET1        Modifying cplList Attribute on ATM-TO-OCN: surface_downward_heat_flux_in_air
20230425 105619.056 INFO             PET1        Modified: surface_downward_heat_flux_in_air:REMAPMETHOD=bilinear:SrcTermProcessing=1:DUMPWEIGHTS=true:TermOrder=SrcSeq
20230425 105619.056 INFO             PET1        Modifying cplList Attribute on OCN-TO-ATM: sea_surface_temperature
20230425 105619.056 INFO             PET1        Modified: sea_surface_temperature:REMAPMETHOD=bilinear:SrcTermProcessing=1:DUMPWEIGHTS=true:TermOrder=SrcSeq
20230425 105619.056 INFO             PET1     esm: IInitModifyCplLists extro.
20230425 105619.056 INFO             PET1     ATM-TO-OCN: InitializeIPDv05p3 intro.
20230425 105619.058 INFO             PET1     ATM-TO-OCN: InitializeIPDv05p3 extro.
20230425 105619.058 INFO             PET1     OCN-TO-ATM: InitializeIPDv05p3 intro.
20230425 105619.060 INFO             PET1     OCN-TO-ATM: InitializeIPDv05p3 extro.
20230425 105619.060 INFO             PET1     <<<esm: leaving Initialize (phase=<none>) with current time: 2010  6  1  0  0  0   0
20230425 105619.060 INFO             PET1   esm: InitializeIPDv02p1 extro.
20230425 105619.060 INFO             PET1   esm: InitializeIPDv02p3 intro.
20230425 105619.060 INFO             PET1     >>>esm: entered Initialize (phase=<none>) with current time: 2010  6  1  0  0  0   0
20230425 105619.060 INFO             PET1     esm: IInitCheck intro.
20230425 105619.060 INFO             PET1     esm: IInitCheck extro.
20230425 105619.060 INFO             PET1     ATM: InitializeIPDvXp04 intro.
20230425 105619.063 INFO             PET1     ATM: InitializeIPDvXp04 extro.
20230425 105619.064 INFO             PET1     ATM-TO-OCN: InitializeIPDv05p4 intro.
20230425 105619.068 INFO             PET1     ATM-TO-OCN: InitializeIPDv05p4 extro.
20230425 105619.068 INFO             PET1     OCN-TO-ATM: InitializeIPDv05p4 intro.
20230425 105619.070 INFO             PET1     OCN-TO-ATM: InitializeIPDv05p4 extro.
20230425 105619.070 INFO             PET1     ATM-TO-OCN: InitializeIPDv05p5 intro.
20230425 105619.073 INFO             PET1     ATM-TO-OCN: InitializeIPDv05p5 extro.
20230425 105619.074 INFO             PET1     OCN-TO-ATM: InitializeIPDv05p5 intro.
20230425 105619.075 INFO             PET1     OCN-TO-ATM: InitializeIPDv05p5 extro.
20230425 105619.075 INFO             PET1     esm: IInitRealize intro.
20230425 105619.075 INFO             PET1     esm: IInitRealize extro.
20230425 105619.076 INFO             PET1     ATM-TO-OCN: InitializeIPDv05p6a intro.
20230425 105619.079 INFO             PET1     ATM-TO-OCN: InitializeIPDv05p6a extro.
20230425 105619.079 INFO             PET1     OCN-TO-ATM: InitializeIPDv05p6a intro.
20230425 105619.081 INFO             PET1     OCN-TO-ATM: InitializeIPDv05p6a extro.
20230425 105619.081 INFO             PET1     ATM-TO-OCN: InitializeIPDv05p6b intro.
20230425 105619.148 INFO             PET1     ATM-TO-OCN: InitializeIPDv05p6b extro.
20230425 105619.148 INFO             PET1     OCN-TO-ATM: InitializeIPDv05p6b intro.
20230425 105619.199 INFO             PET1     OCN-TO-ATM: InitializeIPDv05p6b extro.
20230425 105619.199 INFO             PET1     ATM: InitializeIPDvXp07 intro.
20230425 105619.199 INFO             PET1     ATM: InitializeIPDvXp07 extro.
20230425 105619.199 INFO             PET1     <<<esm: leaving Initialize (phase=<none>) with current time: 2010  6  1  0  0  0   0
20230425 105619.199 INFO             PET1   esm: InitializeIPDv02p3 extro.
20230425 105619.199 INFO             PET1   esm: InitializeIPDv02p5 intro.
20230425 105619.199 INFO             PET1     >>>esm: entered Initialize (phase=<none>) with current time: 2010  6  1  0  0  0   0
20230425 105619.199 INFO             PET1     esm: this is a top level driver, no 'Updated' and 'InitializeDataComplete' info on this level.
20230425 105619.199 INFO             PET1     esm: InitializeIPDv02p5Data intro.
20230425 105619.199 INFO             PET1       esm: InternalInitializeComplete intro.
20230425 105619.199 INFO             PET1         esm: InitializeDataComplete='true'
20230425 105619.199 INFO             PET1       esm: InternalInitializeComplete extro.
20230425 105619.199 INFO             PET1       ATM: InitializeIPDv01p5 intro.
20230425 105619.199 INFO             PET1       ATM: InitializeIPDv01p5 extro.
20230425 105619.200 INFO             PET1       esm: components present that trigger loopDataDependentInitialize().
20230425 105619.200 INFO             PET1       esm: loopDataDependentInitialize intro.
20230425 105619.200 INFO             PET1         esm: component    0=esm, dataComplete (local): true
20230425 105619.200 INFO             PET1         esm: component    0=esm, dataComplete (global):  T
20230425 105619.200 INFO             PET1         esm: component    1=ATM, dataComplete (local): true
20230425 105619.200 INFO             PET1         esm: component    1=ATM, dataComplete (global):  T
20230425 105619.200 INFO             PET1         esm: component    2=OCN, dataComplete (local): true
20230425 105619.200 INFO             PET1         esm: component    2=OCN, dataComplete (global):  T
20230425 105619.200 INFO             PET1         esm: someProgress= F, allComplete= T, present(dataDepAllComplete)= T
20230425 105619.200 INFO             PET1         esm: finished resolving initialize data dependencies on this level.
20230425 105619.200 INFO             PET1       esm: loopDataDependentInitialize extro.
20230425 105619.200 INFO             PET1       esm: loopDataDependentInitialize() returned with dataDepAllComplete:  T
20230425 105619.200 INFO             PET1     esm: InitializeIPDv02p5Data extro.
20230425 105619.200 INFO             PET1     <<<esm: leaving Initialize (phase=<none>) with current time: 2010  6  1  0  0  0   0
20230425 105619.200 INFO             PET1   esm: InitializeIPDv02p5 extro.
20230425 105619.200 INFO             PET1 esm: InitializeGeneric extro.
20230425 105619.200 INFO             PET1 esm: Run intro.
20230425 105619.200 INFO             PET1   >>>esm entered Run (phase=RunPhase1) with current time: 2010  6  1  0  0  0   0
20230425 105619.200 INFO             PET1   esm: after lable_SetRunClock, current time: 2010  6  1  0  0  0   0
20230425 105619.200 INFO             PET1   esm: begin -------> RunSequence.
20230425 105619.200 INFO             PET1     esm: RunSequence event loopLevel=   1  levelMember=   1  loopIteration=   1, current time: 2010  6  1  0  0  0   0
20230425 105619.200 INFO             PET1     ATM-TO-OCN: Run intro.
20230425 105619.200 INFO             PET1     ATM-TO-OCN: Run extro.
20230425 105619.201 INFO             PET1     OCN-TO-ATM: Run intro.
20230425 105619.201 INFO             PET1     OCN-TO-ATM: Run extro.
20230425 105619.201 INFO             PET1     ATM: Run intro.
20230425 105619.201 INFO             PET1       ------>Advancing ATM from: 2010  6  1  0  0  0   0
20230425 105619.201 INFO             PET1       ---------------------> to: 2010  6  1  0 15  0   0
20230425 105619.208 WARNING          PET1 ESMCI_PIO_Handler.C:1567 ESMCI::PIO_Handler::isOpen()       File, field_atm_import_sst.nc, closed by PIO
20230425 105619.214 WARNING          PET1 ESMCI_PIO_Handler.C:1567 ESMCI::PIO_Handler::isOpen()       File, field_atm_export_pmsl.nc, closed by PIO
20230425 105619.220 WARNING          PET1 ESMCI_PIO_Handler.C:1567 ESMCI::PIO_Handler::isOpen()       File, field_atm_export_rsnl.nc, closed by PIO
20230425 105619.225 WARNING          PET1 ESMCI_PIO_Handler.C:1567 ESMCI::PIO_Handler::isOpen()       File, field_atm_export_rsns.nc, closed by PIO
20230425 105619.231 WARNING          PET1 ESMCI_PIO_Handler.C:1567 ESMCI::PIO_Handler::isOpen()       File, field_atm_export_sdhf.nc, closed by PIO
20230425 105619.231 INFO             PET1     ATM: Run extro.
20230425 105619.231 INFO             PET1     esm: RunSequence event loopLevel=   1  levelMember=   1  loopIteration=   2, current time: 2010  6  1  0 15  0   0
20230425 105619.231 INFO             PET1     ATM-TO-OCN: Run intro.
20230425 105619.231 INFO             PET1     ATM-TO-OCN: Run extro.
20230425 105619.231 INFO             PET1     OCN-TO-ATM: Run intro.
20230425 105619.319 INFO             PET1     OCN-TO-ATM: Run extro.
20230425 105619.319 INFO             PET1     ATM: Run intro.
20230425 105619.319 INFO             PET1       ------>Advancing ATM from: 2010  6  1  0 15  0   0
20230425 105619.319 INFO             PET1       ---------------------> to: 2010  6  1  0 30  0   0
20230425 105619.327 WARNING          PET1 ESMCI_PIO_Handler.C:1567 ESMCI::PIO_Handler::isOpen()       File, field_atm_import_sst.nc, closed by PIO
20230425 105619.334 WARNING          PET1 ESMCI_PIO_Handler.C:1567 ESMCI::PIO_Handler::isOpen()       File, field_atm_export_pmsl.nc, closed by PIO
20230425 105619.341 WARNING          PET1 ESMCI_PIO_Handler.C:1567 ESMCI::PIO_Handler::isOpen()       File, field_atm_export_rsnl.nc, closed by PIO
20230425 105619.349 WARNING          PET1 ESMCI_PIO_Handler.C:1567 ESMCI::PIO_Handler::isOpen()       File, field_atm_export_rsns.nc, closed by PIO
20230425 105619.357 WARNING          PET1 ESMCI_PIO_Handler.C:1567 ESMCI::PIO_Handler::isOpen()       File, field_atm_export_sdhf.nc, closed by PIO
20230425 105619.357 INFO             PET1     ATM: Run extro.
20230425 105619.357 INFO             PET1     esm: RunSequence event loopLevel=   1  levelMember=   1  loopIteration=   3, current time: 2010  6  1  0 30  0   0
20230425 105619.357 INFO             PET1     ATM-TO-OCN: Run intro.
20230425 105619.357 INFO             PET1     ATM-TO-OCN: Run extro.
20230425 105619.357 INFO             PET1     OCN-TO-ATM: Run intro.
20230425 105619.437 INFO             PET1     OCN-TO-ATM: Run extro.
20230425 105619.437 INFO             PET1     ATM: Run intro.
20230425 105619.437 INFO             PET1       ------>Advancing ATM from: 2010  6  1  0 30  0   0
20230425 105619.437 INFO             PET1       ---------------------> to: 2010  6  1  0 45  0   0
20230425 105619.445 WARNING          PET1 ESMCI_PIO_Handler.C:1567 ESMCI::PIO_Handler::isOpen()       File, field_atm_import_sst.nc, closed by PIO
20230425 105619.453 WARNING          PET1 ESMCI_PIO_Handler.C:1567 ESMCI::PIO_Handler::isOpen()       File, field_atm_export_pmsl.nc, closed by PIO
20230425 105619.461 WARNING          PET1 ESMCI_PIO_Handler.C:1567 ESMCI::PIO_Handler::isOpen()       File, field_atm_export_rsnl.nc, closed by PIO
20230425 105619.470 WARNING          PET1 ESMCI_PIO_Handler.C:1567 ESMCI::PIO_Handler::isOpen()       File, field_atm_export_rsns.nc, closed by PIO
20230425 105619.478 WARNING          PET1 ESMCI_PIO_Handler.C:1567 ESMCI::PIO_Handler::isOpen()       File, field_atm_export_sdhf.nc, closed by PIO
20230425 105619.478 INFO             PET1     ATM: Run extro.
20230425 105619.478 INFO             PET1     esm: RunSequence event loopLevel=   1  levelMember=   1  loopIteration=   4, current time: 2010  6  1  0 45  0   0
20230425 105619.478 INFO             PET1     ATM-TO-OCN: Run intro.
20230425 105619.478 INFO             PET1     ATM-TO-OCN: Run extro.
20230425 105619.478 INFO             PET1     OCN-TO-ATM: Run intro.
20230425 105619.563 INFO             PET1     OCN-TO-ATM: Run extro.
20230425 105619.563 INFO             PET1     ATM: Run intro.
20230425 105619.563 INFO             PET1       ------>Advancing ATM from: 2010  6  1  0 45  0   0
20230425 105619.563 INFO             PET1       ---------------------> to: 2010  6  1  1  0  0   0
20230425 105619.571 WARNING          PET1 ESMCI_PIO_Handler.C:1567 ESMCI::PIO_Handler::isOpen()       File, field_atm_import_sst.nc, closed by PIO
20230425 105619.579 WARNING          PET1 ESMCI_PIO_Handler.C:1567 ESMCI::PIO_Handler::isOpen()       File, field_atm_export_pmsl.nc, closed by PIO
20230425 105619.588 WARNING          PET1 ESMCI_PIO_Handler.C:1567 ESMCI::PIO_Handler::isOpen()       File, field_atm_export_rsnl.nc, closed by PIO
20230425 105619.596 WARNING          PET1 ESMCI_PIO_Handler.C:1567 ESMCI::PIO_Handler::isOpen()       File, field_atm_export_rsns.nc, closed by PIO
20230425 105619.604 WARNING          PET1 ESMCI_PIO_Handler.C:1567 ESMCI::PIO_Handler::isOpen()       File, field_atm_export_sdhf.nc, closed by PIO
20230425 105619.604 INFO             PET1     ATM: Run extro.
20230425 105619.604 INFO             PET1   esm: end <--------- RunSequence
20230425 105619.604 INFO             PET1   <<<esm - leaving Run with current time: 2010  6  1  1  0  0   0
20230425 105619.604 INFO             PET1 esm: Run extro.
20230425 105619.604 INFO             PET1 esm: Finalize intro.
20230425 105619.604 INFO             PET1   Calling Finalize phase 1 for connectorComp: ATM-TO-OCN
20230425 105619.604 INFO             PET1   ATM-TO-OCN: Finalize intro.
20230425 105619.604 INFO             PET1   ATM-TO-OCN: Finalize extro.
20230425 105619.604 INFO             PET1   Calling Finalize phase 1 for connectorComp: OCN-TO-ATM
20230425 105619.604 INFO             PET1   OCN-TO-ATM: Finalize intro.
20230425 105619.604 INFO             PET1   OCN-TO-ATM: Finalize extro.
20230425 105619.604 INFO             PET1   Calling Finalize phase 1 for modelComp: ATM
20230425 105619.604 INFO             PET1   ATM: Finalize intro.
20230425 105619.604 INFO             PET1   ATM: Finalize extro.
20230425 105619.604 INFO             PET1   Calling Finalize phase 1 for modelComp: OCN
20230425 105619.604 INFO             PET1   Delete modelComp: ATM
20230425 105619.604 INFO             PET1   Delete Import-/Export State for modelComp: ATM
20230425 105619.604 INFO             PET1   Delete modelComp: OCN
20230425 105619.604 INFO             PET1   Delete Import-/Export State for modelComp: OCN
20230425 105619.605 INFO             PET1   Delete connectorComp: ATM-TO-OCN
20230425 105619.605 INFO             PET1   Delete connectorComp: OCN-TO-ATM
20230425 105619.605 INFO             PET1 esm: Finalize extro.
20230425 105619.605 INFO             PET1 esmApp FINISHED
20230425 105619.605 INFO             PET1 Finalizing ESMF
20230425 105619.028 INFO             PET2 !!!!!!!!!!!!!!!!!!!!!!!!!!!!!!!!!!!!!!!!!!!!!!!!!!!!!!
20230425 105619.028 INFO             PET2 !!! THE ESMF_LOG IS SET TO OUTPUT ALL LOG MESSAGES !!!
20230425 105619.028 INFO             PET2 !!!     THIS MAY CAUSE SLOWDOWN IN PERFORMANCE     !!!
20230425 105619.028 INFO             PET2 !!! FOR PRODUCTION RUNS, USE:                      !!!
20230425 105619.028 INFO             PET2 !!!                   ESMF_LOGKIND_Multi_On_Error  !!!
20230425 105619.028 INFO             PET2 !!!!!!!!!!!!!!!!!!!!!!!!!!!!!!!!!!!!!!!!!!!!!!!!!!!!!!
20230425 105619.028 INFO             PET2 Running with ESMF Version   : v8.4.2b03
20230425 105619.028 INFO             PET2 ESMF library build date/time: "Apr 25 2023" "10:19:25"
20230425 105619.028 INFO             PET2 ESMF library build location : /lustre/f2/dev/ncep/Gerhard.Theurich/ESMF-Nightly-Testing-C5/intel_2022.2.1-classic_mpi_O_patch_8.4.2/esmf
20230425 105619.028 INFO             PET2 ESMF_COMM                   : mpi
20230425 105619.029 INFO             PET2 ESMF_MOAB                   : enabled
20230425 105619.029 INFO             PET2 ESMF_LAPACK                 : enabled
20230425 105619.029 INFO             PET2 ESMF_NETCDF                 : enabled
20230425 105619.029 INFO             PET2 ESMF_PNETCDF                : disabled
20230425 105619.029 INFO             PET2 ESMF_PIO                    : enabled
20230425 105619.029 INFO             PET2 ESMF_YAMLCPP                : enabled
20230425 105619.032 INFO             PET2 esmApp STARTING
20230425 105619.034 INFO             PET2 esm: InitializeGeneric intro.
20230425 105619.034 INFO             PET2   esm: InitializeP0 intro.
20230425 105619.034 INFO             PET2   esm: InitializeP0 extro.
20230425 105619.034 INFO             PET2   esm: InitializeIPDv02p1 intro.
20230425 105619.034 INFO             PET2     >>>esm: entered Initialize (phase=<none>) without valid internal Clock.
20230425 105619.034 INFO             PET2     esm - Creating model component ATM with petList of size 2 :
20230425 105619.034 INFO             PET2           0      1
20230425 105619.035 INFO             PET2     esm - Creating model component OCN with petList of size 2 :
20230425 105619.035 INFO             PET2           2      3
20230425 105619.035 INFO             PET2     esm - Creating connector component ATM-TO-OCN with petList of size 4 :
20230425 105619.035 INFO             PET2           0      1      2      3
20230425 105619.037 INFO             PET2     esm - Creating connector component OCN-TO-ATM with petList of size 4 :
20230425 105619.037 INFO             PET2           2      3      0      1
20230425 105619.038 INFO             PET2     esm - Creating state: modelComp 1 Import State
20230425 105619.038 INFO             PET2     esm - Creating state: modelComp 1 Export State
20230425 105619.038 INFO             PET2     esm - Creating state: modelComp 2 Import State
20230425 105619.038 INFO             PET2     esm - Creating state: modelComp 2 Export State
20230425 105619.039 INFO             PET2     OCN: InitializeP0 intro.
20230425 105619.039 INFO             PET2     OCN: InitializeP0 extro.
20230425 105619.040 INFO             PET2     ATM-TO-OCN: InitializeP0 intro.
20230425 105619.040 INFO             PET2     ATM-TO-OCN: InitializeP0 extro.
20230425 105619.040 INFO             PET2     OCN-TO-ATM: InitializeP0 intro.
20230425 105619.040 INFO             PET2     OCN-TO-ATM: InitializeP0 extro.
20230425 105619.040 INFO             PET2     esm: IInitAdvertise intro.
20230425 105619.040 INFO             PET2     esm: IInitAdvertise extro.
20230425 105619.040 INFO             PET2     OCN: InitializeIPDvXp01 intro.
20230425 105619.042 INFO             PET2     OCN: InitializeIPDvXp01 extro.
20230425 105619.043 INFO             PET2     ATM-TO-OCN: InitializeIPDv05p1 intro.
20230425 105619.045 INFO             PET2     ATM-TO-OCN: InitializeIPDv05p1 extro.
20230425 105619.046 INFO             PET2     OCN-TO-ATM: InitializeIPDv05p1 intro.
20230425 105619.047 INFO             PET2     OCN-TO-ATM: InitializeIPDv05p1 extro.
20230425 105619.047 INFO             PET2     esm: IInitAdvertiseFinish intro.
20230425 105619.047 INFO             PET2     esm: IInitAdvertiseFinish extro.
20230425 105619.047 INFO             PET2     ATM-TO-OCN: InitializeIPDv05p2a intro.
20230425 105619.050 INFO             PET2     ATM-TO-OCN: InitializeIPDv05p2a extro.
20230425 105619.050 INFO             PET2     OCN-TO-ATM: InitializeIPDv05p2a intro.
20230425 105619.051 INFO             PET2     OCN-TO-ATM: InitializeIPDv05p2a extro.
20230425 105619.051 INFO             PET2     ATM-TO-OCN: InitializeIPDv05p2b intro.
20230425 105619.054 INFO             PET2     ATM-TO-OCN: InitializeIPDv05p2b extro.
20230425 105619.054 INFO             PET2     OCN-TO-ATM: InitializeIPDv05p2b intro.
20230425 105619.055 INFO             PET2     OCN-TO-ATM: InitializeIPDv05p2b extro.
20230425 105619.055 INFO             PET2     esm: IInitModifyCplLists intro.
20230425 105619.055 INFO             PET2       Driver is in ModifyCplLists()
20230425 105619.055 INFO             PET2        Found            2  Connectors. Modifying CplList Attribute....
20230425 105619.055 INFO             PET2        Modifying cplList Attribute on ATM-TO-OCN: air_pressure_at_sea_level
20230425 105619.055 INFO             PET2        Modified: air_pressure_at_sea_level:REMAPMETHOD=redist
20230425 105619.055 INFO             PET2        Modifying cplList Attribute on ATM-TO-OCN: surface_net_downward_longwave_flux
20230425 105619.055 INFO             PET2        Modified: surface_net_downward_longwave_flux:REMAPMETHOD=bilinear:SrcTermProcessing=1:DUMPWEIGHTS=true:TermOrder=SrcSeq
20230425 105619.055 INFO             PET2        Modifying cplList Attribute on ATM-TO-OCN: surface_net_downward_shortwave_flux
20230425 105619.056 INFO             PET2        Modified: surface_net_downward_shortwave_flux:REMAPMETHOD=redist
20230425 105619.056 INFO             PET2        Modifying cplList Attribute on ATM-TO-OCN: surface_downward_heat_flux_in_air
20230425 105619.056 INFO             PET2        Modified: surface_downward_heat_flux_in_air:REMAPMETHOD=bilinear:SrcTermProcessing=1:DUMPWEIGHTS=true:TermOrder=SrcSeq
20230425 105619.056 INFO             PET2        Modifying cplList Attribute on OCN-TO-ATM: sea_surface_temperature
20230425 105619.056 INFO             PET2        Modified: sea_surface_temperature:REMAPMETHOD=bilinear:SrcTermProcessing=1:DUMPWEIGHTS=true:TermOrder=SrcSeq
20230425 105619.056 INFO             PET2     esm: IInitModifyCplLists extro.
20230425 105619.056 INFO             PET2     ATM-TO-OCN: InitializeIPDv05p3 intro.
20230425 105619.058 INFO             PET2     ATM-TO-OCN: InitializeIPDv05p3 extro.
20230425 105619.058 INFO             PET2     OCN-TO-ATM: InitializeIPDv05p3 intro.
20230425 105619.060 INFO             PET2     OCN-TO-ATM: InitializeIPDv05p3 extro.
20230425 105619.060 INFO             PET2     <<<esm: leaving Initialize (phase=<none>) with current time: 2010  6  1  0  0  0   0
20230425 105619.060 INFO             PET2   esm: InitializeIPDv02p1 extro.
20230425 105619.060 INFO             PET2   esm: InitializeIPDv02p3 intro.
20230425 105619.060 INFO             PET2     >>>esm: entered Initialize (phase=<none>) with current time: 2010  6  1  0  0  0   0
20230425 105619.060 INFO             PET2     esm: IInitCheck intro.
20230425 105619.060 INFO             PET2     esm: IInitCheck extro.
20230425 105619.060 INFO             PET2     OCN: InitializeIPDvXp04 intro.
20230425 105619.063 INFO             PET2     OCN: InitializeIPDvXp04 extro.
20230425 105619.064 INFO             PET2     ATM-TO-OCN: InitializeIPDv05p4 intro.
20230425 105619.068 INFO             PET2     ATM-TO-OCN: InitializeIPDv05p4 extro.
20230425 105619.068 INFO             PET2     OCN-TO-ATM: InitializeIPDv05p4 intro.
20230425 105619.070 INFO             PET2     OCN-TO-ATM: InitializeIPDv05p4 extro.
20230425 105619.070 INFO             PET2     ATM-TO-OCN: InitializeIPDv05p5 intro.
20230425 105619.073 INFO             PET2     ATM-TO-OCN: InitializeIPDv05p5 extro.
20230425 105619.074 INFO             PET2     OCN-TO-ATM: InitializeIPDv05p5 intro.
20230425 105619.075 INFO             PET2     OCN-TO-ATM: InitializeIPDv05p5 extro.
20230425 105619.075 INFO             PET2     esm: IInitRealize intro.
20230425 105619.075 INFO             PET2     esm: IInitRealize extro.
20230425 105619.076 INFO             PET2     ATM-TO-OCN: InitializeIPDv05p6a intro.
20230425 105619.079 INFO             PET2     ATM-TO-OCN: InitializeIPDv05p6a extro.
20230425 105619.079 INFO             PET2     OCN-TO-ATM: InitializeIPDv05p6a intro.
20230425 105619.081 INFO             PET2     OCN-TO-ATM: InitializeIPDv05p6a extro.
20230425 105619.081 INFO             PET2     ATM-TO-OCN: InitializeIPDv05p6b intro.
20230425 105619.148 INFO             PET2     ATM-TO-OCN: InitializeIPDv05p6b extro.
20230425 105619.148 INFO             PET2     OCN-TO-ATM: InitializeIPDv05p6b intro.
20230425 105619.199 INFO             PET2     OCN-TO-ATM: InitializeIPDv05p6b extro.
20230425 105619.199 INFO             PET2     OCN: InitializeIPDvXp07 intro.
20230425 105619.199 INFO             PET2     OCN: InitializeIPDvXp07 extro.
20230425 105619.199 INFO             PET2     <<<esm: leaving Initialize (phase=<none>) with current time: 2010  6  1  0  0  0   0
20230425 105619.199 INFO             PET2   esm: InitializeIPDv02p3 extro.
20230425 105619.199 INFO             PET2   esm: InitializeIPDv02p5 intro.
20230425 105619.199 INFO             PET2     >>>esm: entered Initialize (phase=<none>) with current time: 2010  6  1  0  0  0   0
20230425 105619.199 INFO             PET2     esm: this is a top level driver, no 'Updated' and 'InitializeDataComplete' info on this level.
20230425 105619.199 INFO             PET2     esm: InitializeIPDv02p5Data intro.
20230425 105619.199 INFO             PET2       esm: InternalInitializeComplete intro.
20230425 105619.199 INFO             PET2         esm: InitializeDataComplete='true'
20230425 105619.199 INFO             PET2       esm: InternalInitializeComplete extro.
20230425 105619.200 INFO             PET2       OCN: InitializeIPDv01p5 intro.
20230425 105619.200 INFO             PET2       OCN: InitializeIPDv01p5 extro.
20230425 105619.200 INFO             PET2       esm: components present that trigger loopDataDependentInitialize().
20230425 105619.200 INFO             PET2       esm: loopDataDependentInitialize intro.
20230425 105619.200 INFO             PET2         esm: component    0=esm, dataComplete (local): true
20230425 105619.200 INFO             PET2         esm: component    0=esm, dataComplete (global):  T
20230425 105619.200 INFO             PET2         esm: component    1=ATM, dataComplete (local): true
20230425 105619.200 INFO             PET2         esm: component    1=ATM, dataComplete (global):  T
20230425 105619.200 INFO             PET2         esm: component    2=OCN, dataComplete (local): true
20230425 105619.200 INFO             PET2         esm: component    2=OCN, dataComplete (global):  T
20230425 105619.200 INFO             PET2         esm: someProgress= F, allComplete= T, present(dataDepAllComplete)= T
20230425 105619.200 INFO             PET2         esm: finished resolving initialize data dependencies on this level.
20230425 105619.200 INFO             PET2       esm: loopDataDependentInitialize extro.
20230425 105619.200 INFO             PET2       esm: loopDataDependentInitialize() returned with dataDepAllComplete:  T
20230425 105619.200 INFO             PET2     esm: InitializeIPDv02p5Data extro.
20230425 105619.200 INFO             PET2     <<<esm: leaving Initialize (phase=<none>) with current time: 2010  6  1  0  0  0   0
20230425 105619.200 INFO             PET2   esm: InitializeIPDv02p5 extro.
20230425 105619.200 INFO             PET2 esm: InitializeGeneric extro.
20230425 105619.200 INFO             PET2 esm: Run intro.
20230425 105619.200 INFO             PET2   >>>esm entered Run (phase=RunPhase1) with current time: 2010  6  1  0  0  0   0
20230425 105619.200 INFO             PET2   esm: after lable_SetRunClock, current time: 2010  6  1  0  0  0   0
20230425 105619.200 INFO             PET2   esm: begin -------> RunSequence.
20230425 105619.200 INFO             PET2     esm: RunSequence event loopLevel=   1  levelMember=   1  loopIteration=   1, current time: 2010  6  1  0  0  0   0
20230425 105619.200 INFO             PET2     ATM-TO-OCN: Run intro.
20230425 105619.201 INFO             PET2     ATM-TO-OCN: Run extro.
20230425 105619.201 INFO             PET2     OCN-TO-ATM: Run intro.
20230425 105619.201 INFO             PET2     OCN-TO-ATM: Run extro.
20230425 105619.201 INFO             PET2     OCN: Run intro.
20230425 105619.201 INFO             PET2       ------>Advancing OCN from: 2010  6  1  0  0  0   0
20230425 105619.201 INFO             PET2       ---------------------> to: 2010  6  1  0  5  0   0
20230425 105619.210 WARNING          PET2 ESMCI_PIO_Handler.C:1567 ESMCI::PIO_Handler::isOpen()       File, field_ocn_import_pmsl.nc, closed by PIO
20230425 105619.216 WARNING          PET2 ESMCI_PIO_Handler.C:1567 ESMCI::PIO_Handler::isOpen()       File, field_ocn_import_rsnl.nc, closed by PIO
20230425 105619.222 WARNING          PET2 ESMCI_PIO_Handler.C:1567 ESMCI::PIO_Handler::isOpen()       File, field_ocn_import_rsns.nc, closed by PIO
20230425 105619.227 WARNING          PET2 ESMCI_PIO_Handler.C:1567 ESMCI::PIO_Handler::isOpen()       File, field_ocn_import_sdhf.nc, closed by PIO
20230425 105619.232 WARNING          PET2 ESMCI_PIO_Handler.C:1567 ESMCI::PIO_Handler::isOpen()       File, field_ocn_export_sst.nc, closed by PIO
20230425 105619.232 INFO             PET2       ------>Advancing OCN from: 2010  6  1  0  5  0   0
20230425 105619.232 INFO             PET2       ---------------------> to: 2010  6  1  0 10  0   0
20230425 105619.242 WARNING          PET2 ESMCI_PIO_Handler.C:1567 ESMCI::PIO_Handler::isOpen()       File, field_ocn_import_pmsl.nc, closed by PIO
20230425 105619.251 WARNING          PET2 ESMCI_PIO_Handler.C:1567 ESMCI::PIO_Handler::isOpen()       File, field_ocn_import_rsnl.nc, closed by PIO
20230425 105619.261 WARNING          PET2 ESMCI_PIO_Handler.C:1567 ESMCI::PIO_Handler::isOpen()       File, field_ocn_import_rsns.nc, closed by PIO
20230425 105619.270 WARNING          PET2 ESMCI_PIO_Handler.C:1567 ESMCI::PIO_Handler::isOpen()       File, field_ocn_import_sdhf.nc, closed by PIO
20230425 105619.279 WARNING          PET2 ESMCI_PIO_Handler.C:1567 ESMCI::PIO_Handler::isOpen()       File, field_ocn_export_sst.nc, closed by PIO
20230425 105619.279 INFO             PET2       ------>Advancing OCN from: 2010  6  1  0 10  0   0
20230425 105619.279 INFO             PET2       ---------------------> to: 2010  6  1  0 15  0   0
20230425 105619.287 WARNING          PET2 ESMCI_PIO_Handler.C:1567 ESMCI::PIO_Handler::isOpen()       File, field_ocn_import_pmsl.nc, closed by PIO
20230425 105619.294 WARNING          PET2 ESMCI_PIO_Handler.C:1567 ESMCI::PIO_Handler::isOpen()       File, field_ocn_import_rsnl.nc, closed by PIO
20230425 105619.302 WARNING          PET2 ESMCI_PIO_Handler.C:1567 ESMCI::PIO_Handler::isOpen()       File, field_ocn_import_rsns.nc, closed by PIO
20230425 105619.310 WARNING          PET2 ESMCI_PIO_Handler.C:1567 ESMCI::PIO_Handler::isOpen()       File, field_ocn_import_sdhf.nc, closed by PIO
20230425 105619.318 WARNING          PET2 ESMCI_PIO_Handler.C:1567 ESMCI::PIO_Handler::isOpen()       File, field_ocn_export_sst.nc, closed by PIO
20230425 105619.318 INFO             PET2     OCN: Run extro.
20230425 105619.319 INFO             PET2     esm: RunSequence event loopLevel=   1  levelMember=   1  loopIteration=   2, current time: 2010  6  1  0 15  0   0
20230425 105619.319 INFO             PET2     ATM-TO-OCN: Run intro.
20230425 105619.319 INFO             PET2     ATM-TO-OCN: Run extro.
20230425 105619.319 INFO             PET2     OCN-TO-ATM: Run intro.
20230425 105619.319 INFO             PET2     OCN-TO-ATM: Run extro.
20230425 105619.319 INFO             PET2     OCN: Run intro.
20230425 105619.319 INFO             PET2       ------>Advancing OCN from: 2010  6  1  0 15  0   0
20230425 105619.319 INFO             PET2       ---------------------> to: 2010  6  1  0 20  0   0
20230425 105619.327 WARNING          PET2 ESMCI_PIO_Handler.C:1567 ESMCI::PIO_Handler::isOpen()       File, field_ocn_import_pmsl.nc, closed by PIO
20230425 105619.335 WARNING          PET2 ESMCI_PIO_Handler.C:1567 ESMCI::PIO_Handler::isOpen()       File, field_ocn_import_rsnl.nc, closed by PIO
20230425 105619.343 WARNING          PET2 ESMCI_PIO_Handler.C:1567 ESMCI::PIO_Handler::isOpen()       File, field_ocn_import_rsns.nc, closed by PIO
20230425 105619.351 WARNING          PET2 ESMCI_PIO_Handler.C:1567 ESMCI::PIO_Handler::isOpen()       File, field_ocn_import_sdhf.nc, closed by PIO
20230425 105619.359 WARNING          PET2 ESMCI_PIO_Handler.C:1567 ESMCI::PIO_Handler::isOpen()       File, field_ocn_export_sst.nc, closed by PIO
20230425 105619.359 INFO             PET2       ------>Advancing OCN from: 2010  6  1  0 20  0   0
20230425 105619.359 INFO             PET2       ---------------------> to: 2010  6  1  0 25  0   0
20230425 105619.367 WARNING          PET2 ESMCI_PIO_Handler.C:1567 ESMCI::PIO_Handler::isOpen()       File, field_ocn_import_pmsl.nc, closed by PIO
20230425 105619.374 WARNING          PET2 ESMCI_PIO_Handler.C:1567 ESMCI::PIO_Handler::isOpen()       File, field_ocn_import_rsnl.nc, closed by PIO
20230425 105619.382 WARNING          PET2 ESMCI_PIO_Handler.C:1567 ESMCI::PIO_Handler::isOpen()       File, field_ocn_import_rsns.nc, closed by PIO
20230425 105619.389 WARNING          PET2 ESMCI_PIO_Handler.C:1567 ESMCI::PIO_Handler::isOpen()       File, field_ocn_import_sdhf.nc, closed by PIO
20230425 105619.398 WARNING          PET2 ESMCI_PIO_Handler.C:1567 ESMCI::PIO_Handler::isOpen()       File, field_ocn_export_sst.nc, closed by PIO
20230425 105619.398 INFO             PET2       ------>Advancing OCN from: 2010  6  1  0 25  0   0
20230425 105619.398 INFO             PET2       ---------------------> to: 2010  6  1  0 30  0   0
20230425 105619.406 WARNING          PET2 ESMCI_PIO_Handler.C:1567 ESMCI::PIO_Handler::isOpen()       File, field_ocn_import_pmsl.nc, closed by PIO
20230425 105619.414 WARNING          PET2 ESMCI_PIO_Handler.C:1567 ESMCI::PIO_Handler::isOpen()       File, field_ocn_import_rsnl.nc, closed by PIO
20230425 105619.422 WARNING          PET2 ESMCI_PIO_Handler.C:1567 ESMCI::PIO_Handler::isOpen()       File, field_ocn_import_rsns.nc, closed by PIO
20230425 105619.430 WARNING          PET2 ESMCI_PIO_Handler.C:1567 ESMCI::PIO_Handler::isOpen()       File, field_ocn_import_sdhf.nc, closed by PIO
20230425 105619.437 WARNING          PET2 ESMCI_PIO_Handler.C:1567 ESMCI::PIO_Handler::isOpen()       File, field_ocn_export_sst.nc, closed by PIO
20230425 105619.437 INFO             PET2     OCN: Run extro.
20230425 105619.437 INFO             PET2     esm: RunSequence event loopLevel=   1  levelMember=   1  loopIteration=   3, current time: 2010  6  1  0 30  0   0
20230425 105619.437 INFO             PET2     ATM-TO-OCN: Run intro.
20230425 105619.437 INFO             PET2     ATM-TO-OCN: Run extro.
20230425 105619.437 INFO             PET2     OCN-TO-ATM: Run intro.
20230425 105619.437 INFO             PET2     OCN-TO-ATM: Run extro.
20230425 105619.437 INFO             PET2     OCN: Run intro.
20230425 105619.437 INFO             PET2       ------>Advancing OCN from: 2010  6  1  0 30  0   0
20230425 105619.437 INFO             PET2       ---------------------> to: 2010  6  1  0 35  0   0
20230425 105619.446 WARNING          PET2 ESMCI_PIO_Handler.C:1567 ESMCI::PIO_Handler::isOpen()       File, field_ocn_import_pmsl.nc, closed by PIO
20230425 105619.454 WARNING          PET2 ESMCI_PIO_Handler.C:1567 ESMCI::PIO_Handler::isOpen()       File, field_ocn_import_rsnl.nc, closed by PIO
20230425 105619.462 WARNING          PET2 ESMCI_PIO_Handler.C:1567 ESMCI::PIO_Handler::isOpen()       File, field_ocn_import_rsns.nc, closed by PIO
20230425 105619.471 WARNING          PET2 ESMCI_PIO_Handler.C:1567 ESMCI::PIO_Handler::isOpen()       File, field_ocn_import_sdhf.nc, closed by PIO
20230425 105619.479 WARNING          PET2 ESMCI_PIO_Handler.C:1567 ESMCI::PIO_Handler::isOpen()       File, field_ocn_export_sst.nc, closed by PIO
20230425 105619.479 INFO             PET2       ------>Advancing OCN from: 2010  6  1  0 35  0   0
20230425 105619.479 INFO             PET2       ---------------------> to: 2010  6  1  0 40  0   0
20230425 105619.488 WARNING          PET2 ESMCI_PIO_Handler.C:1567 ESMCI::PIO_Handler::isOpen()       File, field_ocn_import_pmsl.nc, closed by PIO
20230425 105619.497 WARNING          PET2 ESMCI_PIO_Handler.C:1567 ESMCI::PIO_Handler::isOpen()       File, field_ocn_import_rsnl.nc, closed by PIO
20230425 105619.506 WARNING          PET2 ESMCI_PIO_Handler.C:1567 ESMCI::PIO_Handler::isOpen()       File, field_ocn_import_rsns.nc, closed by PIO
20230425 105619.514 WARNING          PET2 ESMCI_PIO_Handler.C:1567 ESMCI::PIO_Handler::isOpen()       File, field_ocn_import_sdhf.nc, closed by PIO
20230425 105619.522 WARNING          PET2 ESMCI_PIO_Handler.C:1567 ESMCI::PIO_Handler::isOpen()       File, field_ocn_export_sst.nc, closed by PIO
20230425 105619.522 INFO             PET2       ------>Advancing OCN from: 2010  6  1  0 40  0   0
20230425 105619.522 INFO             PET2       ---------------------> to: 2010  6  1  0 45  0   0
20230425 105619.530 WARNING          PET2 ESMCI_PIO_Handler.C:1567 ESMCI::PIO_Handler::isOpen()       File, field_ocn_import_pmsl.nc, closed by PIO
20230425 105619.539 WARNING          PET2 ESMCI_PIO_Handler.C:1567 ESMCI::PIO_Handler::isOpen()       File, field_ocn_import_rsnl.nc, closed by PIO
20230425 105619.546 WARNING          PET2 ESMCI_PIO_Handler.C:1567 ESMCI::PIO_Handler::isOpen()       File, field_ocn_import_rsns.nc, closed by PIO
20230425 105619.554 WARNING          PET2 ESMCI_PIO_Handler.C:1567 ESMCI::PIO_Handler::isOpen()       File, field_ocn_import_sdhf.nc, closed by PIO
20230425 105619.563 WARNING          PET2 ESMCI_PIO_Handler.C:1567 ESMCI::PIO_Handler::isOpen()       File, field_ocn_export_sst.nc, closed by PIO
20230425 105619.563 INFO             PET2     OCN: Run extro.
20230425 105619.563 INFO             PET2     esm: RunSequence event loopLevel=   1  levelMember=   1  loopIteration=   4, current time: 2010  6  1  0 45  0   0
20230425 105619.563 INFO             PET2     ATM-TO-OCN: Run intro.
20230425 105619.563 INFO             PET2     ATM-TO-OCN: Run extro.
20230425 105619.563 INFO             PET2     OCN-TO-ATM: Run intro.
20230425 105619.563 INFO             PET2     OCN-TO-ATM: Run extro.
20230425 105619.563 INFO             PET2     OCN: Run intro.
20230425 105619.563 INFO             PET2       ------>Advancing OCN from: 2010  6  1  0 45  0   0
20230425 105619.563 INFO             PET2       ---------------------> to: 2010  6  1  0 50  0   0
20230425 105619.572 WARNING          PET2 ESMCI_PIO_Handler.C:1567 ESMCI::PIO_Handler::isOpen()       File, field_ocn_import_pmsl.nc, closed by PIO
20230425 105619.580 WARNING          PET2 ESMCI_PIO_Handler.C:1567 ESMCI::PIO_Handler::isOpen()       File, field_ocn_import_rsnl.nc, closed by PIO
20230425 105619.588 WARNING          PET2 ESMCI_PIO_Handler.C:1567 ESMCI::PIO_Handler::isOpen()       File, field_ocn_import_rsns.nc, closed by PIO
20230425 105619.596 WARNING          PET2 ESMCI_PIO_Handler.C:1567 ESMCI::PIO_Handler::isOpen()       File, field_ocn_import_sdhf.nc, closed by PIO
20230425 105619.604 WARNING          PET2 ESMCI_PIO_Handler.C:1567 ESMCI::PIO_Handler::isOpen()       File, field_ocn_export_sst.nc, closed by PIO
20230425 105619.604 INFO             PET2       ------>Advancing OCN from: 2010  6  1  0 50  0   0
20230425 105619.604 INFO             PET2       ---------------------> to: 2010  6  1  0 55  0   0
20230425 105619.613 WARNING          PET2 ESMCI_PIO_Handler.C:1567 ESMCI::PIO_Handler::isOpen()       File, field_ocn_import_pmsl.nc, closed by PIO
20230425 105619.620 WARNING          PET2 ESMCI_PIO_Handler.C:1567 ESMCI::PIO_Handler::isOpen()       File, field_ocn_import_rsnl.nc, closed by PIO
20230425 105619.628 WARNING          PET2 ESMCI_PIO_Handler.C:1567 ESMCI::PIO_Handler::isOpen()       File, field_ocn_import_rsns.nc, closed by PIO
20230425 105619.637 WARNING          PET2 ESMCI_PIO_Handler.C:1567 ESMCI::PIO_Handler::isOpen()       File, field_ocn_import_sdhf.nc, closed by PIO
20230425 105619.645 WARNING          PET2 ESMCI_PIO_Handler.C:1567 ESMCI::PIO_Handler::isOpen()       File, field_ocn_export_sst.nc, closed by PIO
20230425 105619.645 INFO             PET2       ------>Advancing OCN from: 2010  6  1  0 55  0   0
20230425 105619.645 INFO             PET2       ---------------------> to: 2010  6  1  1  0  0   0
20230425 105619.652 WARNING          PET2 ESMCI_PIO_Handler.C:1567 ESMCI::PIO_Handler::isOpen()       File, field_ocn_import_pmsl.nc, closed by PIO
20230425 105619.660 WARNING          PET2 ESMCI_PIO_Handler.C:1567 ESMCI::PIO_Handler::isOpen()       File, field_ocn_import_rsnl.nc, closed by PIO
20230425 105619.669 WARNING          PET2 ESMCI_PIO_Handler.C:1567 ESMCI::PIO_Handler::isOpen()       File, field_ocn_import_rsns.nc, closed by PIO
20230425 105619.677 WARNING          PET2 ESMCI_PIO_Handler.C:1567 ESMCI::PIO_Handler::isOpen()       File, field_ocn_import_sdhf.nc, closed by PIO
20230425 105619.685 WARNING          PET2 ESMCI_PIO_Handler.C:1567 ESMCI::PIO_Handler::isOpen()       File, field_ocn_export_sst.nc, closed by PIO
20230425 105619.685 INFO             PET2     OCN: Run extro.
20230425 105619.685 INFO             PET2   esm: end <--------- RunSequence
20230425 105619.685 INFO             PET2   <<<esm - leaving Run with current time: 2010  6  1  1  0  0   0
20230425 105619.685 INFO             PET2 esm: Run extro.
20230425 105619.685 INFO             PET2 esm: Finalize intro.
20230425 105619.685 INFO             PET2   Calling Finalize phase 1 for connectorComp: ATM-TO-OCN
20230425 105619.685 INFO             PET2   ATM-TO-OCN: Finalize intro.
20230425 105619.685 INFO             PET2   ATM-TO-OCN: Finalize extro.
20230425 105619.685 INFO             PET2   Calling Finalize phase 1 for connectorComp: OCN-TO-ATM
20230425 105619.685 INFO             PET2   OCN-TO-ATM: Finalize intro.
20230425 105619.685 INFO             PET2   OCN-TO-ATM: Finalize extro.
20230425 105619.685 INFO             PET2   Calling Finalize phase 1 for modelComp: ATM
20230425 105619.685 INFO             PET2   Calling Finalize phase 1 for modelComp: OCN
20230425 105619.685 INFO             PET2   OCN: Finalize intro.
20230425 105619.685 INFO             PET2   OCN: Finalize extro.
20230425 105619.685 INFO             PET2   Delete modelComp: ATM
20230425 105619.685 INFO             PET2   Delete Import-/Export State for modelComp: ATM
20230425 105619.685 INFO             PET2   Delete modelComp: OCN
20230425 105619.685 INFO             PET2   Delete Import-/Export State for modelComp: OCN
20230425 105619.685 INFO             PET2   Delete connectorComp: ATM-TO-OCN
20230425 105619.685 INFO             PET2   Delete connectorComp: OCN-TO-ATM
20230425 105619.685 INFO             PET2 esm: Finalize extro.
20230425 105619.685 INFO             PET2 esmApp FINISHED
20230425 105619.685 INFO             PET2 Finalizing ESMF
20230425 105619.029 INFO             PET3 !!!!!!!!!!!!!!!!!!!!!!!!!!!!!!!!!!!!!!!!!!!!!!!!!!!!!!
20230425 105619.029 INFO             PET3 !!! THE ESMF_LOG IS SET TO OUTPUT ALL LOG MESSAGES !!!
20230425 105619.029 INFO             PET3 !!!     THIS MAY CAUSE SLOWDOWN IN PERFORMANCE     !!!
20230425 105619.029 INFO             PET3 !!! FOR PRODUCTION RUNS, USE:                      !!!
20230425 105619.029 INFO             PET3 !!!                   ESMF_LOGKIND_Multi_On_Error  !!!
20230425 105619.029 INFO             PET3 !!!!!!!!!!!!!!!!!!!!!!!!!!!!!!!!!!!!!!!!!!!!!!!!!!!!!!
20230425 105619.029 INFO             PET3 Running with ESMF Version   : v8.4.2b03
20230425 105619.029 INFO             PET3 ESMF library build date/time: "Apr 25 2023" "10:19:25"
20230425 105619.029 INFO             PET3 ESMF library build location : /lustre/f2/dev/ncep/Gerhard.Theurich/ESMF-Nightly-Testing-C5/intel_2022.2.1-classic_mpi_O_patch_8.4.2/esmf
20230425 105619.029 INFO             PET3 ESMF_COMM                   : mpi
20230425 105619.031 INFO             PET3 ESMF_MOAB                   : enabled
20230425 105619.031 INFO             PET3 ESMF_LAPACK                 : enabled
20230425 105619.031 INFO             PET3 ESMF_NETCDF                 : enabled
20230425 105619.031 INFO             PET3 ESMF_PNETCDF                : disabled
20230425 105619.031 INFO             PET3 ESMF_PIO                    : enabled
20230425 105619.031 INFO             PET3 ESMF_YAMLCPP                : enabled
20230425 105619.032 INFO             PET3 esmApp STARTING
20230425 105619.034 INFO             PET3 esm: InitializeGeneric intro.
20230425 105619.034 INFO             PET3   esm: InitializeP0 intro.
20230425 105619.034 INFO             PET3   esm: InitializeP0 extro.
20230425 105619.034 INFO             PET3   esm: InitializeIPDv02p1 intro.
20230425 105619.034 INFO             PET3     >>>esm: entered Initialize (phase=<none>) without valid internal Clock.
20230425 105619.034 INFO             PET3     esm - Creating model component ATM with petList of size 2 :
20230425 105619.034 INFO             PET3           0      1
20230425 105619.035 INFO             PET3     esm - Creating model component OCN with petList of size 2 :
20230425 105619.035 INFO             PET3           2      3
20230425 105619.035 INFO             PET3     esm - Creating connector component ATM-TO-OCN with petList of size 4 :
20230425 105619.035 INFO             PET3           0      1      2      3
20230425 105619.037 INFO             PET3     esm - Creating connector component OCN-TO-ATM with petList of size 4 :
20230425 105619.037 INFO             PET3           2      3      0      1
20230425 105619.038 INFO             PET3     esm - Creating state: modelComp 1 Import State
20230425 105619.038 INFO             PET3     esm - Creating state: modelComp 1 Export State
20230425 105619.038 INFO             PET3     esm - Creating state: modelComp 2 Import State
20230425 105619.038 INFO             PET3     esm - Creating state: modelComp 2 Export State
20230425 105619.039 INFO             PET3     OCN: InitializeP0 intro.
20230425 105619.039 INFO             PET3     OCN: InitializeP0 extro.
20230425 105619.040 INFO             PET3     ATM-TO-OCN: InitializeP0 intro.
20230425 105619.040 INFO             PET3     ATM-TO-OCN: InitializeP0 extro.
20230425 105619.040 INFO             PET3     OCN-TO-ATM: InitializeP0 intro.
20230425 105619.040 INFO             PET3     OCN-TO-ATM: InitializeP0 extro.
20230425 105619.040 INFO             PET3     esm: IInitAdvertise intro.
20230425 105619.040 INFO             PET3     esm: IInitAdvertise extro.
20230425 105619.040 INFO             PET3     OCN: InitializeIPDvXp01 intro.
20230425 105619.042 INFO             PET3     OCN: InitializeIPDvXp01 extro.
20230425 105619.043 INFO             PET3     ATM-TO-OCN: InitializeIPDv05p1 intro.
20230425 105619.045 INFO             PET3     ATM-TO-OCN: InitializeIPDv05p1 extro.
20230425 105619.046 INFO             PET3     OCN-TO-ATM: InitializeIPDv05p1 intro.
20230425 105619.047 INFO             PET3     OCN-TO-ATM: InitializeIPDv05p1 extro.
20230425 105619.047 INFO             PET3     esm: IInitAdvertiseFinish intro.
20230425 105619.047 INFO             PET3     esm: IInitAdvertiseFinish extro.
20230425 105619.047 INFO             PET3     ATM-TO-OCN: InitializeIPDv05p2a intro.
20230425 105619.050 INFO             PET3     ATM-TO-OCN: InitializeIPDv05p2a extro.
20230425 105619.050 INFO             PET3     OCN-TO-ATM: InitializeIPDv05p2a intro.
20230425 105619.051 INFO             PET3     OCN-TO-ATM: InitializeIPDv05p2a extro.
20230425 105619.051 INFO             PET3     ATM-TO-OCN: InitializeIPDv05p2b intro.
20230425 105619.054 INFO             PET3     ATM-TO-OCN: InitializeIPDv05p2b extro.
20230425 105619.054 INFO             PET3     OCN-TO-ATM: InitializeIPDv05p2b intro.
20230425 105619.055 INFO             PET3     OCN-TO-ATM: InitializeIPDv05p2b extro.
20230425 105619.055 INFO             PET3     esm: IInitModifyCplLists intro.
20230425 105619.055 INFO             PET3       Driver is in ModifyCplLists()
20230425 105619.055 INFO             PET3        Found            2  Connectors. Modifying CplList Attribute....
20230425 105619.055 INFO             PET3        Modifying cplList Attribute on ATM-TO-OCN: air_pressure_at_sea_level
20230425 105619.055 INFO             PET3        Modified: air_pressure_at_sea_level:REMAPMETHOD=redist
20230425 105619.055 INFO             PET3        Modifying cplList Attribute on ATM-TO-OCN: surface_net_downward_longwave_flux
20230425 105619.055 INFO             PET3        Modified: surface_net_downward_longwave_flux:REMAPMETHOD=bilinear:SrcTermProcessing=1:DUMPWEIGHTS=true:TermOrder=SrcSeq
20230425 105619.055 INFO             PET3        Modifying cplList Attribute on ATM-TO-OCN: surface_net_downward_shortwave_flux
20230425 105619.056 INFO             PET3        Modified: surface_net_downward_shortwave_flux:REMAPMETHOD=redist
20230425 105619.056 INFO             PET3        Modifying cplList Attribute on ATM-TO-OCN: surface_downward_heat_flux_in_air
20230425 105619.056 INFO             PET3        Modified: surface_downward_heat_flux_in_air:REMAPMETHOD=bilinear:SrcTermProcessing=1:DUMPWEIGHTS=true:TermOrder=SrcSeq
20230425 105619.056 INFO             PET3        Modifying cplList Attribute on OCN-TO-ATM: sea_surface_temperature
20230425 105619.056 INFO             PET3        Modified: sea_surface_temperature:REMAPMETHOD=bilinear:SrcTermProcessing=1:DUMPWEIGHTS=true:TermOrder=SrcSeq
20230425 105619.056 INFO             PET3     esm: IInitModifyCplLists extro.
20230425 105619.056 INFO             PET3     ATM-TO-OCN: InitializeIPDv05p3 intro.
20230425 105619.058 INFO             PET3     ATM-TO-OCN: InitializeIPDv05p3 extro.
20230425 105619.058 INFO             PET3     OCN-TO-ATM: InitializeIPDv05p3 intro.
20230425 105619.060 INFO             PET3     OCN-TO-ATM: InitializeIPDv05p3 extro.
20230425 105619.060 INFO             PET3     <<<esm: leaving Initialize (phase=<none>) with current time: 2010  6  1  0  0  0   0
20230425 105619.060 INFO             PET3   esm: InitializeIPDv02p1 extro.
20230425 105619.060 INFO             PET3   esm: InitializeIPDv02p3 intro.
20230425 105619.060 INFO             PET3     >>>esm: entered Initialize (phase=<none>) with current time: 2010  6  1  0  0  0   0
20230425 105619.060 INFO             PET3     esm: IInitCheck intro.
20230425 105619.060 INFO             PET3     esm: IInitCheck extro.
20230425 105619.060 INFO             PET3     OCN: InitializeIPDvXp04 intro.
20230425 105619.063 INFO             PET3     OCN: InitializeIPDvXp04 extro.
20230425 105619.064 INFO             PET3     ATM-TO-OCN: InitializeIPDv05p4 intro.
20230425 105619.068 INFO             PET3     ATM-TO-OCN: InitializeIPDv05p4 extro.
20230425 105619.068 INFO             PET3     OCN-TO-ATM: InitializeIPDv05p4 intro.
20230425 105619.070 INFO             PET3     OCN-TO-ATM: InitializeIPDv05p4 extro.
20230425 105619.070 INFO             PET3     ATM-TO-OCN: InitializeIPDv05p5 intro.
20230425 105619.073 INFO             PET3     ATM-TO-OCN: InitializeIPDv05p5 extro.
20230425 105619.074 INFO             PET3     OCN-TO-ATM: InitializeIPDv05p5 intro.
20230425 105619.075 INFO             PET3     OCN-TO-ATM: InitializeIPDv05p5 extro.
20230425 105619.075 INFO             PET3     esm: IInitRealize intro.
20230425 105619.075 INFO             PET3     esm: IInitRealize extro.
20230425 105619.076 INFO             PET3     ATM-TO-OCN: InitializeIPDv05p6a intro.
20230425 105619.079 INFO             PET3     ATM-TO-OCN: InitializeIPDv05p6a extro.
20230425 105619.079 INFO             PET3     OCN-TO-ATM: InitializeIPDv05p6a intro.
20230425 105619.081 INFO             PET3     OCN-TO-ATM: InitializeIPDv05p6a extro.
20230425 105619.081 INFO             PET3     ATM-TO-OCN: InitializeIPDv05p6b intro.
20230425 105619.148 INFO             PET3     ATM-TO-OCN: InitializeIPDv05p6b extro.
20230425 105619.148 INFO             PET3     OCN-TO-ATM: InitializeIPDv05p6b intro.
20230425 105619.199 INFO             PET3     OCN-TO-ATM: InitializeIPDv05p6b extro.
20230425 105619.199 INFO             PET3     OCN: InitializeIPDvXp07 intro.
20230425 105619.199 INFO             PET3     OCN: InitializeIPDvXp07 extro.
20230425 105619.199 INFO             PET3     <<<esm: leaving Initialize (phase=<none>) with current time: 2010  6  1  0  0  0   0
20230425 105619.199 INFO             PET3   esm: InitializeIPDv02p3 extro.
20230425 105619.199 INFO             PET3   esm: InitializeIPDv02p5 intro.
20230425 105619.199 INFO             PET3     >>>esm: entered Initialize (phase=<none>) with current time: 2010  6  1  0  0  0   0
20230425 105619.199 INFO             PET3     esm: this is a top level driver, no 'Updated' and 'InitializeDataComplete' info on this level.
20230425 105619.199 INFO             PET3     esm: InitializeIPDv02p5Data intro.
20230425 105619.199 INFO             PET3       esm: InternalInitializeComplete intro.
20230425 105619.199 INFO             PET3         esm: InitializeDataComplete='true'
20230425 105619.199 INFO             PET3       esm: InternalInitializeComplete extro.
20230425 105619.199 INFO             PET3       OCN: InitializeIPDv01p5 intro.
20230425 105619.199 INFO             PET3       OCN: InitializeIPDv01p5 extro.
20230425 105619.200 INFO             PET3       esm: components present that trigger loopDataDependentInitialize().
20230425 105619.200 INFO             PET3       esm: loopDataDependentInitialize intro.
20230425 105619.200 INFO             PET3         esm: component    0=esm, dataComplete (local): true
20230425 105619.200 INFO             PET3         esm: component    0=esm, dataComplete (global):  T
20230425 105619.200 INFO             PET3         esm: component    1=ATM, dataComplete (local): true
20230425 105619.200 INFO             PET3         esm: component    1=ATM, dataComplete (global):  T
20230425 105619.200 INFO             PET3         esm: component    2=OCN, dataComplete (local): true
20230425 105619.200 INFO             PET3         esm: component    2=OCN, dataComplete (global):  T
20230425 105619.200 INFO             PET3         esm: someProgress= F, allComplete= T, present(dataDepAllComplete)= T
20230425 105619.200 INFO             PET3         esm: finished resolving initialize data dependencies on this level.
20230425 105619.200 INFO             PET3       esm: loopDataDependentInitialize extro.
20230425 105619.200 INFO             PET3       esm: loopDataDependentInitialize() returned with dataDepAllComplete:  T
20230425 105619.200 INFO             PET3     esm: InitializeIPDv02p5Data extro.
20230425 105619.200 INFO             PET3     <<<esm: leaving Initialize (phase=<none>) with current time: 2010  6  1  0  0  0   0
20230425 105619.200 INFO             PET3   esm: InitializeIPDv02p5 extro.
20230425 105619.200 INFO             PET3 esm: InitializeGeneric extro.
20230425 105619.200 INFO             PET3 esm: Run intro.
20230425 105619.200 INFO             PET3   >>>esm entered Run (phase=RunPhase1) with current time: 2010  6  1  0  0  0   0
20230425 105619.200 INFO             PET3   esm: after lable_SetRunClock, current time: 2010  6  1  0  0  0   0
20230425 105619.200 INFO             PET3   esm: begin -------> RunSequence.
20230425 105619.200 INFO             PET3     esm: RunSequence event loopLevel=   1  levelMember=   1  loopIteration=   1, current time: 2010  6  1  0  0  0   0
20230425 105619.200 INFO             PET3     ATM-TO-OCN: Run intro.
20230425 105619.201 INFO             PET3     ATM-TO-OCN: Run extro.
20230425 105619.201 INFO             PET3     OCN-TO-ATM: Run intro.
20230425 105619.201 INFO             PET3     OCN-TO-ATM: Run extro.
20230425 105619.201 INFO             PET3     OCN: Run intro.
20230425 105619.201 INFO             PET3       ------>Advancing OCN from: 2010  6  1  0  0  0   0
20230425 105619.201 INFO             PET3       ---------------------> to: 2010  6  1  0  5  0   0
20230425 105619.210 WARNING          PET3 ESMCI_PIO_Handler.C:1567 ESMCI::PIO_Handler::isOpen()       File, field_ocn_import_pmsl.nc, closed by PIO
20230425 105619.216 WARNING          PET3 ESMCI_PIO_Handler.C:1567 ESMCI::PIO_Handler::isOpen()       File, field_ocn_import_rsnl.nc, closed by PIO
20230425 105619.222 WARNING          PET3 ESMCI_PIO_Handler.C:1567 ESMCI::PIO_Handler::isOpen()       File, field_ocn_import_rsns.nc, closed by PIO
20230425 105619.227 WARNING          PET3 ESMCI_PIO_Handler.C:1567 ESMCI::PIO_Handler::isOpen()       File, field_ocn_import_sdhf.nc, closed by PIO
20230425 105619.232 WARNING          PET3 ESMCI_PIO_Handler.C:1567 ESMCI::PIO_Handler::isOpen()       File, field_ocn_export_sst.nc, closed by PIO
20230425 105619.232 INFO             PET3       ------>Advancing OCN from: 2010  6  1  0  5  0   0
20230425 105619.232 INFO             PET3       ---------------------> to: 2010  6  1  0 10  0   0
20230425 105619.242 WARNING          PET3 ESMCI_PIO_Handler.C:1567 ESMCI::PIO_Handler::isOpen()       File, field_ocn_import_pmsl.nc, closed by PIO
20230425 105619.251 WARNING          PET3 ESMCI_PIO_Handler.C:1567 ESMCI::PIO_Handler::isOpen()       File, field_ocn_import_rsnl.nc, closed by PIO
20230425 105619.261 WARNING          PET3 ESMCI_PIO_Handler.C:1567 ESMCI::PIO_Handler::isOpen()       File, field_ocn_import_rsns.nc, closed by PIO
20230425 105619.270 WARNING          PET3 ESMCI_PIO_Handler.C:1567 ESMCI::PIO_Handler::isOpen()       File, field_ocn_import_sdhf.nc, closed by PIO
20230425 105619.279 WARNING          PET3 ESMCI_PIO_Handler.C:1567 ESMCI::PIO_Handler::isOpen()       File, field_ocn_export_sst.nc, closed by PIO
20230425 105619.279 INFO             PET3       ------>Advancing OCN from: 2010  6  1  0 10  0   0
20230425 105619.279 INFO             PET3       ---------------------> to: 2010  6  1  0 15  0   0
20230425 105619.287 WARNING          PET3 ESMCI_PIO_Handler.C:1567 ESMCI::PIO_Handler::isOpen()       File, field_ocn_import_pmsl.nc, closed by PIO
20230425 105619.294 WARNING          PET3 ESMCI_PIO_Handler.C:1567 ESMCI::PIO_Handler::isOpen()       File, field_ocn_import_rsnl.nc, closed by PIO
20230425 105619.302 WARNING          PET3 ESMCI_PIO_Handler.C:1567 ESMCI::PIO_Handler::isOpen()       File, field_ocn_import_rsns.nc, closed by PIO
20230425 105619.310 WARNING          PET3 ESMCI_PIO_Handler.C:1567 ESMCI::PIO_Handler::isOpen()       File, field_ocn_import_sdhf.nc, closed by PIO
20230425 105619.318 WARNING          PET3 ESMCI_PIO_Handler.C:1567 ESMCI::PIO_Handler::isOpen()       File, field_ocn_export_sst.nc, closed by PIO
20230425 105619.318 INFO             PET3     OCN: Run extro.
20230425 105619.318 INFO             PET3     esm: RunSequence event loopLevel=   1  levelMember=   1  loopIteration=   2, current time: 2010  6  1  0 15  0   0
20230425 105619.319 INFO             PET3     ATM-TO-OCN: Run intro.
20230425 105619.319 INFO             PET3     ATM-TO-OCN: Run extro.
20230425 105619.319 INFO             PET3     OCN-TO-ATM: Run intro.
20230425 105619.319 INFO             PET3     OCN-TO-ATM: Run extro.
20230425 105619.319 INFO             PET3     OCN: Run intro.
20230425 105619.319 INFO             PET3       ------>Advancing OCN from: 2010  6  1  0 15  0   0
20230425 105619.319 INFO             PET3       ---------------------> to: 2010  6  1  0 20  0   0
20230425 105619.327 WARNING          PET3 ESMCI_PIO_Handler.C:1567 ESMCI::PIO_Handler::isOpen()       File, field_ocn_import_pmsl.nc, closed by PIO
20230425 105619.335 WARNING          PET3 ESMCI_PIO_Handler.C:1567 ESMCI::PIO_Handler::isOpen()       File, field_ocn_import_rsnl.nc, closed by PIO
20230425 105619.343 WARNING          PET3 ESMCI_PIO_Handler.C:1567 ESMCI::PIO_Handler::isOpen()       File, field_ocn_import_rsns.nc, closed by PIO
20230425 105619.351 WARNING          PET3 ESMCI_PIO_Handler.C:1567 ESMCI::PIO_Handler::isOpen()       File, field_ocn_import_sdhf.nc, closed by PIO
20230425 105619.359 WARNING          PET3 ESMCI_PIO_Handler.C:1567 ESMCI::PIO_Handler::isOpen()       File, field_ocn_export_sst.nc, closed by PIO
20230425 105619.359 INFO             PET3       ------>Advancing OCN from: 2010  6  1  0 20  0   0
20230425 105619.359 INFO             PET3       ---------------------> to: 2010  6  1  0 25  0   0
20230425 105619.367 WARNING          PET3 ESMCI_PIO_Handler.C:1567 ESMCI::PIO_Handler::isOpen()       File, field_ocn_import_pmsl.nc, closed by PIO
20230425 105619.374 WARNING          PET3 ESMCI_PIO_Handler.C:1567 ESMCI::PIO_Handler::isOpen()       File, field_ocn_import_rsnl.nc, closed by PIO
20230425 105619.382 WARNING          PET3 ESMCI_PIO_Handler.C:1567 ESMCI::PIO_Handler::isOpen()       File, field_ocn_import_rsns.nc, closed by PIO
20230425 105619.389 WARNING          PET3 ESMCI_PIO_Handler.C:1567 ESMCI::PIO_Handler::isOpen()       File, field_ocn_import_sdhf.nc, closed by PIO
20230425 105619.398 WARNING          PET3 ESMCI_PIO_Handler.C:1567 ESMCI::PIO_Handler::isOpen()       File, field_ocn_export_sst.nc, closed by PIO
20230425 105619.398 INFO             PET3       ------>Advancing OCN from: 2010  6  1  0 25  0   0
20230425 105619.398 INFO             PET3       ---------------------> to: 2010  6  1  0 30  0   0
20230425 105619.406 WARNING          PET3 ESMCI_PIO_Handler.C:1567 ESMCI::PIO_Handler::isOpen()       File, field_ocn_import_pmsl.nc, closed by PIO
20230425 105619.414 WARNING          PET3 ESMCI_PIO_Handler.C:1567 ESMCI::PIO_Handler::isOpen()       File, field_ocn_import_rsnl.nc, closed by PIO
20230425 105619.422 WARNING          PET3 ESMCI_PIO_Handler.C:1567 ESMCI::PIO_Handler::isOpen()       File, field_ocn_import_rsns.nc, closed by PIO
20230425 105619.430 WARNING          PET3 ESMCI_PIO_Handler.C:1567 ESMCI::PIO_Handler::isOpen()       File, field_ocn_import_sdhf.nc, closed by PIO
20230425 105619.437 WARNING          PET3 ESMCI_PIO_Handler.C:1567 ESMCI::PIO_Handler::isOpen()       File, field_ocn_export_sst.nc, closed by PIO
20230425 105619.437 INFO             PET3     OCN: Run extro.
20230425 105619.437 INFO             PET3     esm: RunSequence event loopLevel=   1  levelMember=   1  loopIteration=   3, current time: 2010  6  1  0 30  0   0
20230425 105619.437 INFO             PET3     ATM-TO-OCN: Run intro.
20230425 105619.437 INFO             PET3     ATM-TO-OCN: Run extro.
20230425 105619.437 INFO             PET3     OCN-TO-ATM: Run intro.
20230425 105619.437 INFO             PET3     OCN-TO-ATM: Run extro.
20230425 105619.437 INFO             PET3     OCN: Run intro.
20230425 105619.437 INFO             PET3       ------>Advancing OCN from: 2010  6  1  0 30  0   0
20230425 105619.437 INFO             PET3       ---------------------> to: 2010  6  1  0 35  0   0
20230425 105619.446 WARNING          PET3 ESMCI_PIO_Handler.C:1567 ESMCI::PIO_Handler::isOpen()       File, field_ocn_import_pmsl.nc, closed by PIO
20230425 105619.454 WARNING          PET3 ESMCI_PIO_Handler.C:1567 ESMCI::PIO_Handler::isOpen()       File, field_ocn_import_rsnl.nc, closed by PIO
20230425 105619.462 WARNING          PET3 ESMCI_PIO_Handler.C:1567 ESMCI::PIO_Handler::isOpen()       File, field_ocn_import_rsns.nc, closed by PIO
20230425 105619.471 WARNING          PET3 ESMCI_PIO_Handler.C:1567 ESMCI::PIO_Handler::isOpen()       File, field_ocn_import_sdhf.nc, closed by PIO
20230425 105619.479 WARNING          PET3 ESMCI_PIO_Handler.C:1567 ESMCI::PIO_Handler::isOpen()       File, field_ocn_export_sst.nc, closed by PIO
20230425 105619.479 INFO             PET3       ------>Advancing OCN from: 2010  6  1  0 35  0   0
20230425 105619.479 INFO             PET3       ---------------------> to: 2010  6  1  0 40  0   0
20230425 105619.488 WARNING          PET3 ESMCI_PIO_Handler.C:1567 ESMCI::PIO_Handler::isOpen()       File, field_ocn_import_pmsl.nc, closed by PIO
20230425 105619.497 WARNING          PET3 ESMCI_PIO_Handler.C:1567 ESMCI::PIO_Handler::isOpen()       File, field_ocn_import_rsnl.nc, closed by PIO
20230425 105619.506 WARNING          PET3 ESMCI_PIO_Handler.C:1567 ESMCI::PIO_Handler::isOpen()       File, field_ocn_import_rsns.nc, closed by PIO
20230425 105619.514 WARNING          PET3 ESMCI_PIO_Handler.C:1567 ESMCI::PIO_Handler::isOpen()       File, field_ocn_import_sdhf.nc, closed by PIO
20230425 105619.522 WARNING          PET3 ESMCI_PIO_Handler.C:1567 ESMCI::PIO_Handler::isOpen()       File, field_ocn_export_sst.nc, closed by PIO
20230425 105619.522 INFO             PET3       ------>Advancing OCN from: 2010  6  1  0 40  0   0
20230425 105619.522 INFO             PET3       ---------------------> to: 2010  6  1  0 45  0   0
20230425 105619.530 WARNING          PET3 ESMCI_PIO_Handler.C:1567 ESMCI::PIO_Handler::isOpen()       File, field_ocn_import_pmsl.nc, closed by PIO
20230425 105619.539 WARNING          PET3 ESMCI_PIO_Handler.C:1567 ESMCI::PIO_Handler::isOpen()       File, field_ocn_import_rsnl.nc, closed by PIO
20230425 105619.546 WARNING          PET3 ESMCI_PIO_Handler.C:1567 ESMCI::PIO_Handler::isOpen()       File, field_ocn_import_rsns.nc, closed by PIO
20230425 105619.554 WARNING          PET3 ESMCI_PIO_Handler.C:1567 ESMCI::PIO_Handler::isOpen()       File, field_ocn_import_sdhf.nc, closed by PIO
20230425 105619.563 WARNING          PET3 ESMCI_PIO_Handler.C:1567 ESMCI::PIO_Handler::isOpen()       File, field_ocn_export_sst.nc, closed by PIO
20230425 105619.563 INFO             PET3     OCN: Run extro.
20230425 105619.563 INFO             PET3     esm: RunSequence event loopLevel=   1  levelMember=   1  loopIteration=   4, current time: 2010  6  1  0 45  0   0
20230425 105619.563 INFO             PET3     ATM-TO-OCN: Run intro.
20230425 105619.563 INFO             PET3     ATM-TO-OCN: Run extro.
20230425 105619.563 INFO             PET3     OCN-TO-ATM: Run intro.
20230425 105619.563 INFO             PET3     OCN-TO-ATM: Run extro.
20230425 105619.563 INFO             PET3     OCN: Run intro.
20230425 105619.563 INFO             PET3       ------>Advancing OCN from: 2010  6  1  0 45  0   0
20230425 105619.563 INFO             PET3       ---------------------> to: 2010  6  1  0 50  0   0
20230425 105619.572 WARNING          PET3 ESMCI_PIO_Handler.C:1567 ESMCI::PIO_Handler::isOpen()       File, field_ocn_import_pmsl.nc, closed by PIO
20230425 105619.580 WARNING          PET3 ESMCI_PIO_Handler.C:1567 ESMCI::PIO_Handler::isOpen()       File, field_ocn_import_rsnl.nc, closed by PIO
20230425 105619.588 WARNING          PET3 ESMCI_PIO_Handler.C:1567 ESMCI::PIO_Handler::isOpen()       File, field_ocn_import_rsns.nc, closed by PIO
20230425 105619.596 WARNING          PET3 ESMCI_PIO_Handler.C:1567 ESMCI::PIO_Handler::isOpen()       File, field_ocn_import_sdhf.nc, closed by PIO
20230425 105619.604 WARNING          PET3 ESMCI_PIO_Handler.C:1567 ESMCI::PIO_Handler::isOpen()       File, field_ocn_export_sst.nc, closed by PIO
20230425 105619.604 INFO             PET3       ------>Advancing OCN from: 2010  6  1  0 50  0   0
20230425 105619.604 INFO             PET3       ---------------------> to: 2010  6  1  0 55  0   0
20230425 105619.613 WARNING          PET3 ESMCI_PIO_Handler.C:1567 ESMCI::PIO_Handler::isOpen()       File, field_ocn_import_pmsl.nc, closed by PIO
20230425 105619.620 WARNING          PET3 ESMCI_PIO_Handler.C:1567 ESMCI::PIO_Handler::isOpen()       File, field_ocn_import_rsnl.nc, closed by PIO
20230425 105619.628 WARNING          PET3 ESMCI_PIO_Handler.C:1567 ESMCI::PIO_Handler::isOpen()       File, field_ocn_import_rsns.nc, closed by PIO
20230425 105619.637 WARNING          PET3 ESMCI_PIO_Handler.C:1567 ESMCI::PIO_Handler::isOpen()       File, field_ocn_import_sdhf.nc, closed by PIO
20230425 105619.645 WARNING          PET3 ESMCI_PIO_Handler.C:1567 ESMCI::PIO_Handler::isOpen()       File, field_ocn_export_sst.nc, closed by PIO
20230425 105619.645 INFO             PET3       ------>Advancing OCN from: 2010  6  1  0 55  0   0
20230425 105619.645 INFO             PET3       ---------------------> to: 2010  6  1  1  0  0   0
20230425 105619.652 WARNING          PET3 ESMCI_PIO_Handler.C:1567 ESMCI::PIO_Handler::isOpen()       File, field_ocn_import_pmsl.nc, closed by PIO
20230425 105619.660 WARNING          PET3 ESMCI_PIO_Handler.C:1567 ESMCI::PIO_Handler::isOpen()       File, field_ocn_import_rsnl.nc, closed by PIO
20230425 105619.669 WARNING          PET3 ESMCI_PIO_Handler.C:1567 ESMCI::PIO_Handler::isOpen()       File, field_ocn_import_rsns.nc, closed by PIO
20230425 105619.677 WARNING          PET3 ESMCI_PIO_Handler.C:1567 ESMCI::PIO_Handler::isOpen()       File, field_ocn_import_sdhf.nc, closed by PIO
20230425 105619.685 WARNING          PET3 ESMCI_PIO_Handler.C:1567 ESMCI::PIO_Handler::isOpen()       File, field_ocn_export_sst.nc, closed by PIO
20230425 105619.685 INFO             PET3     OCN: Run extro.
20230425 105619.685 INFO             PET3   esm: end <--------- RunSequence
20230425 105619.685 INFO             PET3   <<<esm - leaving Run with current time: 2010  6  1  1  0  0   0
20230425 105619.685 INFO             PET3 esm: Run extro.
20230425 105619.685 INFO             PET3 esm: Finalize intro.
20230425 105619.685 INFO             PET3   Calling Finalize phase 1 for connectorComp: ATM-TO-OCN
20230425 105619.685 INFO             PET3   ATM-TO-OCN: Finalize intro.
20230425 105619.685 INFO             PET3   ATM-TO-OCN: Finalize extro.
20230425 105619.685 INFO             PET3   Calling Finalize phase 1 for connectorComp: OCN-TO-ATM
20230425 105619.685 INFO             PET3   OCN-TO-ATM: Finalize intro.
20230425 105619.685 INFO             PET3   OCN-TO-ATM: Finalize extro.
20230425 105619.685 INFO             PET3   Calling Finalize phase 1 for modelComp: ATM
20230425 105619.685 INFO             PET3   Calling Finalize phase 1 for modelComp: OCN
20230425 105619.685 INFO             PET3   OCN: Finalize intro.
20230425 105619.685 INFO             PET3   OCN: Finalize extro.
20230425 105619.685 INFO             PET3   Delete modelComp: ATM
20230425 105619.685 INFO             PET3   Delete Import-/Export State for modelComp: ATM
20230425 105619.685 INFO             PET3   Delete modelComp: OCN
20230425 105619.685 INFO             PET3   Delete Import-/Export State for modelComp: OCN
20230425 105619.685 INFO             PET3   Delete connectorComp: ATM-TO-OCN
20230425 105619.685 INFO             PET3   Delete connectorComp: OCN-TO-ATM
20230425 105619.685 INFO             PET3 esm: Finalize extro.
20230425 105619.685 INFO             PET3 esmApp FINISHED
20230425 105619.685 INFO             PET3 Finalizing ESMF
