Processing /glade/scratch/theurich/ESMF-Nightly-Testing/gfortran_10.1.0_openmpi_O_develop/esmf/src/addon/esmpy
  Installing build dependencies: started
  Installing build dependencies: finished with status 'done'
  Getting requirements to build wheel: started
  Getting requirements to build wheel: finished with status 'done'
    Preparing wheel metadata: started
    Preparing wheel metadata: finished with status 'done'
Collecting numpy
  Using cached numpy-1.21.6-cp37-cp37m-manylinux_2_12_x86_64.manylinux2010_x86_64.whl (15.7 MB)
Collecting importlib-metadata; python_version < "3.8"
  Using cached importlib_metadata-6.6.0-py3-none-any.whl (22 kB)
Collecting zipp>=0.5
  Using cached zipp-3.15.0-py3-none-any.whl (6.8 kB)
Collecting typing-extensions>=3.6.4; python_version < "3.8"
  Using cached typing_extensions-4.5.0-py3-none-any.whl (27 kB)
Building wheels for collected packages: esmpy
  Building wheel for esmpy (PEP 517): started
  Building wheel for esmpy (PEP 517): finished with status 'done'
  Created wheel for esmpy: filename=esmpy-8.5.0b0-py3-none-any.whl size=120454 sha256=2ed793e10a83e5db98f9d5a062c18d4f65e398c37af8851c8e6dd9382d89d24d
  Stored in directory: /glade/scratch/theurich/pip-ephem-wheel-cache-04kabrvk/wheels/27/31/f9/1a920710603851af0a7049bb59f28db8bc0c2919626af3d17f
Successfully built esmpy
Installing collected packages: numpy, zipp, typing-extensions, importlib-metadata, esmpy
Successfully installed esmpy-8.5.0b0 importlib-metadata-6.6.0 numpy-1.21.6 typing-extensions-4.5.0 zipp-3.15.0
WARNING: You are using pip version 20.1.1; however, version 23.1.2 is available.
You should consider upgrading via the '/glade/scratch/theurich/ESMF-Nightly-Testing/gfortran_10.1.0_openmpi_O_develop/esmpy_venv/bin/python3 -m pip install --upgrade pip' command.
