2023-05-14 03:41:13
20230514 050556.502 INFO             PET0 !!!!!!!!!!!!!!!!!!!!!!!!!!!!!!!!!!!!!!!!!!!!!!!!!!!!!!
20230514 050556.502 INFO             PET0 !!! THE ESMF_LOG IS SET TO OUTPUT ALL LOG MESSAGES !!!
20230514 050556.502 INFO             PET0 !!!     THIS MAY CAUSE SLOWDOWN IN PERFORMANCE     !!!
20230514 050556.502 INFO             PET0 !!! FOR PRODUCTION RUNS, USE:                      !!!
20230514 050556.502 INFO             PET0 !!!                   ESMF_LOGKIND_Multi_On_Error  !!!
20230514 050556.502 INFO             PET0 !!!!!!!!!!!!!!!!!!!!!!!!!!!!!!!!!!!!!!!!!!!!!!!!!!!!!!
20230514 050556.502 INFO             PET0 Running with ESMF Version   : v8.5.0b18-9-g15f3b88d4b
20230514 050556.502 INFO             PET0 ESMF library build date/time: "May 14 2023" "03:34:45"
20230514 050556.502 INFO             PET0 ESMF library build location : /glade/scratch/theurich/ESMF-Nightly-Testing/intel_18.0.5_openmpi_g_feature_fill_nan/esmf
20230514 050556.502 INFO             PET0 ESMF_COMM                   : openmpi
20230514 050556.502 INFO             PET0 ESMF_MOAB                   : enabled
20230514 050556.502 INFO             PET0 ESMF_LAPACK                 : enabled
20230514 050556.502 INFO             PET0 ESMF_NETCDF                 : enabled
20230514 050556.502 INFO             PET0 ESMF_PNETCDF                : disabled
20230514 050556.502 INFO             PET0 ESMF_PIO                    : enabled
20230514 050556.502 INFO             PET0 ESMF_YAMLCPP                : enabled
20230514 050556.502 INFO             PET0 mainApp STARTING
20230514 050556.508 INFO             PET0 driver: InitializeGeneric intro.
20230514 050556.508 INFO             PET0   driver: InitializeP0 intro.
20230514 050556.508 INFO             PET0   driver: InitializeP0 extro.
20230514 050556.509 INFO             PET0   driver: InitializeIPDv02p1 intro.
20230514 050556.509 INFO             PET0     >>>driver: entered Initialize (phase=<none>) without valid internal Clock.
20230514 050556.510 INFO             PET0     driver - Creating model component MODEL without petList.
20230514 050556.513 INFO             PET0      GridCompIsPetLocal:  T
20230514 050556.513 INFO             PET0      VmIsCreated:  T
20230514 050556.513 INFO             PET0      valid MPI_COMM with size=           4
20230514 050556.514 INFO             PET0     driver - Creating state: modelComp 1 Import State
20230514 050556.514 INFO             PET0     driver - Creating state: modelComp 1 Export State
20230514 050556.515 INFO             PET0     MODEL: InitializeP0 intro.
20230514 050556.515 INFO             PET0       >>>MODEL: entered Initialize (phase=<none>) without valid internal Clock.
20230514 050556.517 INFO             PET0       <<<MODEL: leaving Initialize (phase=<none>) without valid internal Clock.
20230514 050556.517 INFO             PET0     MODEL: InitializeP0 extro.
20230514 050556.519 INFO             PET0     driver: IInitAdvertise intro.
20230514 050556.519 INFO             PET0     driver: IInitAdvertise extro.
20230514 050556.519 INFO             PET0     MODEL: InitializeIPDvXp01 intro.
20230514 050556.519 INFO             PET0       >>>MODEL: entered Initialize (phase=IPDvXp01) without valid internal Clock.
20230514 050556.521 INFO             PET0       <<<MODEL: leaving Initialize (phase=IPDvXp01) without valid internal Clock.
20230514 050556.521 INFO             PET0     MODEL: InitializeIPDvXp01 extro.
20230514 050556.524 INFO             PET0     driver: IInitAdvertiseFinish intro.
20230514 050556.524 INFO             PET0     driver: IInitAdvertiseFinish extro.
20230514 050556.524 INFO             PET0     driver: IInitModifyCplLists intro.
20230514 050556.525 INFO             PET0     driver: IInitModifyCplLists extro.
20230514 050556.525 INFO             PET0     <<<driver: leaving Initialize (phase=<none>) with current time:    0  1  1  0  0  0   0
20230514 050556.525 INFO             PET0   driver: InitializeIPDv02p1 extro.
20230514 050556.525 INFO             PET0   driver: InitializeIPDv02p3 intro.
20230514 050556.525 INFO             PET0     >>>driver: entered Initialize (phase=<none>) with current time:    0  1  1  0  0  0   0
20230514 050556.527 INFO             PET0     driver: IInitCheck intro.
20230514 050556.527 INFO             PET0     driver: IInitCheck extro.
20230514 050556.528 INFO             PET0     MODEL: InitializeIPDvXp04 intro.
20230514 050556.528 INFO             PET0       >>>MODEL: entered Initialize (phase=IPDvXp04) without valid internal Clock.
20230514 050556.533 INFO             PET0       After Realize: - MemInfo: [/proc/meminfo - SSI]	MemTotal:       65507008 kB
20230514 050556.533 INFO             PET0       After Realize: - MemInfo: [/proc/meminfo - SSI]	MemFree:        48824512 kB
20230514 050556.533 INFO             PET0       After Realize: - MemInfo: [/proc/meminfo - SSI]	MemAvailable:   49040700 kB
20230514 050556.533 INFO             PET0       After Realize: - MemInfo: [/proc/meminfo - SSI]	Committed_AS:   14479680 kB
20230514 050556.533 INFO             PET0       After Realize: - MemInfo: [/proc/meminfo - SSI]	CommittedPercent: 22.104 %
20230514 050556.533 INFO             PET0       After Realize: - MemInfo: [/proc/self/status]	VmPeak:	  628116 kB
20230514 050556.533 INFO             PET0       After Realize: - MemInfo: [/proc/self/status]	VmSize:	  628116 kB
20230514 050556.533 INFO             PET0       After Realize: - MemInfo: [/proc/self/status]	VmLck:	       0 kB
20230514 050556.533 INFO             PET0       After Realize: - MemInfo: [/proc/self/status]	VmPin:	   39928 kB
20230514 050556.533 INFO             PET0       After Realize: - MemInfo: [/proc/self/status]	VmHWM:	   82544 kB
20230514 050556.533 INFO             PET0       After Realize: - MemInfo: [/proc/self/status]	VmRSS:	   82544 kB
20230514 050556.533 INFO             PET0       After Realize: - MemInfo: [/proc/self/status]	VmData:	   48812 kB
20230514 050556.533 INFO             PET0       After Realize: - MemInfo: [/proc/self/status]	VmStk:	     192 kB
20230514 050556.533 INFO             PET0       After Realize: - MemInfo: [/proc/self/status]	VmExe:	    1516 kB
20230514 050556.533 INFO             PET0       After Realize: - MemInfo: [/proc/self/status]	VmLib:	  141996 kB
20230514 050556.533 INFO             PET0       After Realize: - MemInfo: [/proc/self/status]	VmPTE:	     904 kB
20230514 050556.533 INFO             PET0       After Realize: - MemInfo: [/proc/self/status]	VmPMD:	      16 kB
20230514 050556.533 INFO             PET0       After Realize: - MemInfo: [/proc/self/status]	VmSwap:	       0 kB
20230514 050556.533 INFO             PET0       After Realize: - MemInfo: [/proc/self/status]	VmRSSPercent: 0.126008 %
20230514 050556.533 INFO             PET0       After Realize: - MemInfo: [malloc] Non-mmapped space allocated:                 5144576 Byte
20230514 050556.533 INFO             PET0       After Realize: - MemInfo: [malloc] Space allocated in mmapped regions:         28471296 Byte
20230514 050556.533 INFO             PET0       After Realize: - MemInfo: [malloc] Maximum total allocated space:                     0 Byte
20230514 050556.533 INFO             PET0       After Realize: - MemInfo: [malloc] Space in freed fastbin blocks:                  1872 Byte
20230514 050556.533 INFO             PET0       After Realize: - MemInfo: [malloc] Total allocated space:                       4945776 Byte
20230514 050556.533 INFO             PET0       After Realize: - MemInfo: [malloc] Total free space:                             198800 Byte
20230514 050556.533 INFO             PET0       After Realize: - MemInfo: [malloc] Top-most, releasable space:                    51120 Byte
20230514 050556.533 INFO             PET0       After Realize: - MemInfo: [malloc] Total space in use, mmap + non-mmap:        33417072 Byte
20230514 050556.533 INFO             PET0       After Realize: - MemInfo: [malloc] Total space held (mmap + non-mmap):         33615872 Byte
20230514 050556.533 INFO             PET0       After Realize: - MemInfo: [malloc] Total space used (mmap + non-mmap):         33426432 Byte
20230514 050556.534 INFO             PET0       After Realize: - MemInfo: Wall-clock time since execution start:              0.0363489 seconds
20230514 050556.534 INFO             PET0       <<<MODEL: leaving Initialize (phase=IPDvXp04) without valid internal Clock.
20230514 050556.534 INFO             PET0     MODEL: InitializeIPDvXp04 extro.
20230514 050556.535 INFO             PET0     driver: IInitRealize intro.
20230514 050556.535 INFO             PET0     driver: IInitRealize extro.
20230514 050556.536 INFO             PET0     MODEL: InitializeIPDvXp07 intro.
20230514 050556.536 INFO             PET0       >>>MODEL: entered Initialize (phase=IPDvXp07) without valid internal Clock.
20230514 050556.536 INFO             PET0       <<<MODEL: leaving Initialize (phase=IPDvXp07) with current time:    0  1  1  0  0  0   0
20230514 050556.536 INFO             PET0     MODEL: InitializeIPDvXp07 extro.
20230514 050556.536 INFO             PET0     <<<driver: leaving Initialize (phase=<none>) with current time:    0  1  1  0  0  0   0
20230514 050556.536 INFO             PET0   driver: InitializeIPDv02p3 extro.
20230514 050556.536 INFO             PET0   driver: InitializeIPDv02p5 intro.
20230514 050556.536 INFO             PET0     >>>driver: entered Initialize (phase=<none>) with current time:    0  1  1  0  0  0   0
20230514 050556.536 INFO             PET0     driver: this is a top level driver, no 'Updated' and 'InitializeDataComplete' info on this level.
20230514 050556.537 INFO             PET0     driver: InitializeIPDv02p5Data intro.
20230514 050556.537 INFO             PET0       driver: InternalInitializeComplete intro.
20230514 050556.537 INFO             PET0         driver: InitializeDataComplete='true'
20230514 050556.537 INFO             PET0       driver: InternalInitializeComplete extro.
20230514 050556.537 INFO             PET0       MODEL: InitializeIPDvXp08 intro.
20230514 050556.537 INFO             PET0         >>>MODEL: entered Initialize (phase=IPDv05p8) with current time:    0  1  1  0  0  0   0
20230514 050556.538 INFO             PET0         MODEL: InitializeDataProgress='false', InitializeDataComplete='false'
20230514 050556.538 INFO             PET0         <<<MODEL: leaving Initialize (phase=IPDv05p8) with current time:    0  1  1  0  0  0   0
20230514 050556.538 INFO             PET0       MODEL: InitializeIPDvXp08 extro.
20230514 050556.541 INFO             PET0       driver: components present that trigger loopDataDependentInitialize().
20230514 050556.541 INFO             PET0       driver: loopDataDependentInitialize intro.
20230514 050556.541 INFO             PET0         driver: component    0=driver, dataComplete (local): true
20230514 050556.541 INFO             PET0         driver: component    0=driver, dataComplete (global):  T
20230514 050556.541 INFO             PET0         driver: component    1=MODEL, dataComplete (local): false
20230514 050556.541 INFO             PET0         driver: component    1=MODEL, dataComplete (global):  F
20230514 050556.541 INFO             PET0         MODEL: InitializeIPDvXp08 intro.
20230514 050556.542 INFO             PET0           >>>MODEL: entered Initialize (phase=IPDv05p8) with current time:    0  1  1  0  0  0   0
20230514 050556.542 INFO             PET0           MODEL: InitializeDataProgress='true', InitializeDataComplete='true'
20230514 050556.542 INFO             PET0           <<<MODEL: leaving Initialize (phase=IPDv05p8) with current time:    0  1  1  0  0  0   0
20230514 050556.542 INFO             PET0         MODEL: InitializeIPDvXp08 extro.
20230514 050556.543 INFO             PET0         driver: component    1=MODEL, someProgress (local): true
20230514 050556.543 INFO             PET0         driver: component    1=MODEL, someProgress (global):  T
20230514 050556.543 INFO             PET0         driver: someProgress= T, allComplete= F, present(dataDepAllComplete)= T
20230514 050556.543 INFO             PET0         driver: component    0=driver, dataComplete (local): true
20230514 050556.544 INFO             PET0         driver: component    0=driver, dataComplete (global):  T
20230514 050556.544 INFO             PET0         driver: component    1=MODEL, dataComplete (local): true
20230514 050556.544 INFO             PET0         driver: component    1=MODEL, dataComplete (global):  T
20230514 050556.544 INFO             PET0         driver: someProgress= F, allComplete= T, present(dataDepAllComplete)= T
20230514 050556.544 INFO             PET0         driver: finished resolving initialize data dependencies on this level.
20230514 050556.544 INFO             PET0       driver: loopDataDependentInitialize extro.
20230514 050556.544 INFO             PET0       driver: loopDataDependentInitialize() returned with dataDepAllComplete:  T
20230514 050556.544 INFO             PET0     driver: InitializeIPDv02p5Data extro.
20230514 050556.544 INFO             PET0     <<<driver: leaving Initialize (phase=<none>) with current time:    0  1  1  0  0  0   0
20230514 050556.544 INFO             PET0   driver: InitializeIPDv02p5 extro.
20230514 050556.544 INFO             PET0 driver: InitializeGeneric extro.
20230514 050556.544 INFO             PET0 driver: Run intro.
20230514 050556.544 INFO             PET0   >>>driver entered Run (phase=RunPhase1) with current time:    0  1  1  0  0  0   0
20230514 050556.544 INFO             PET0   driver: after lable_SetRunClock, current time:    0  1  1  0  0  0   0
20230514 050556.544 INFO             PET0   driver: begin -------> RunSequence.
20230514 050556.544 INFO             PET0     driver: RunSequence event loopLevel=   1  levelMember=   1  loopIteration=   1, current time:    0  1  1  0  0  0   0
20230514 050556.544 INFO             PET0     MODEL: Run intro.
20230514 050556.544 INFO             PET0       >>>MODEL: entered Run (phase=RunPhase1) with current time:    0  1  1  0  0  0   0
20230514 050556.544 INFO             PET0       MODEL: time step-loop starting, current time:    0  1  1  0  0  0   0
20230514 050556.545 INFO             PET0       thread_num=   1   currentSsiPe=  36   num_threads=   3   max_threads=   3   num_procs=  36
20230514 050556.545 INFO             PET0       thread_num=   0   currentSsiPe=   1   num_threads=   3   max_threads=   3   num_procs=  36
20230514 050556.545 INFO             PET0       thread_num=   2   currentSsiPe=  46   num_threads=   3   max_threads=   3   num_procs=  36
20230514 050556.545 INFO             PET0       ---->Advancing Model from:    0  1  1  0  0  0   0
20230514 050556.545 INFO             PET0       ---------------------> to:    0  1  1  0  0 30   0
20230514 050556.546 INFO             PET0       MODEL: time step-loop ending,   current time:    0  1  1  0  0 30   0
20230514 050556.546 INFO             PET0       <<<MODEL: leaving Run (phase=RunPhase1) with current time:    0  1  1  0  0 30   0
20230514 050556.546 INFO             PET0     MODEL: Run extro.
20230514 050556.546 INFO             PET0     driver: RunSequence event loopLevel=   1  levelMember=   1  loopIteration=   2, current time:    0  1  1  0  0 30   0
20230514 050556.546 INFO             PET0     MODEL: Run intro.
20230514 050556.546 INFO             PET0       >>>MODEL: entered Run (phase=RunPhase1) with current time:    0  1  1  0  0 30   0
20230514 050556.546 INFO             PET0       MODEL: time step-loop starting, current time:    0  1  1  0  0 30   0
20230514 050556.546 INFO             PET0       thread_num=   2   currentSsiPe=  46   num_threads=   3   max_threads=   3   num_procs=  36
20230514 050556.546 INFO             PET0       thread_num=   1   currentSsiPe=  36   num_threads=   3   max_threads=   3   num_procs=  36
20230514 050556.546 INFO             PET0       thread_num=   0   currentSsiPe=   1   num_threads=   3   max_threads=   3   num_procs=  36
20230514 050556.546 INFO             PET0       ---->Advancing Model from:    0  1  1  0  0 30   0
20230514 050556.546 INFO             PET0       ---------------------> to:    0  1  1  0  1  0   0
20230514 050556.546 INFO             PET0       MODEL: time step-loop ending,   current time:    0  1  1  0  1  0   0
20230514 050556.546 INFO             PET0       <<<MODEL: leaving Run (phase=RunPhase1) with current time:    0  1  1  0  1  0   0
20230514 050556.546 INFO             PET0     MODEL: Run extro.
20230514 050556.546 INFO             PET0     driver: RunSequence event loopLevel=   1  levelMember=   1  loopIteration=   3, current time:    0  1  1  0  1  0   0
20230514 050556.546 INFO             PET0     MODEL: Run intro.
20230514 050556.547 INFO             PET0       >>>MODEL: entered Run (phase=RunPhase1) with current time:    0  1  1  0  1  0   0
20230514 050556.547 INFO             PET0       MODEL: time step-loop starting, current time:    0  1  1  0  1  0   0
20230514 050556.547 INFO             PET0       thread_num=   2   currentSsiPe=  46   num_threads=   3   max_threads=   3   num_procs=  36
20230514 050556.547 INFO             PET0       thread_num=   1   currentSsiPe=  36   num_threads=   3   max_threads=   3   num_procs=  36
20230514 050556.547 INFO             PET0       thread_num=   0   currentSsiPe=   1   num_threads=   3   max_threads=   3   num_procs=  36
20230514 050556.547 INFO             PET0       ---->Advancing Model from:    0  1  1  0  1  0   0
20230514 050556.547 INFO             PET0       ---------------------> to:    0  1  1  0  1 30   0
20230514 050556.547 INFO             PET0       MODEL: time step-loop ending,   current time:    0  1  1  0  1 30   0
20230514 050556.547 INFO             PET0       <<<MODEL: leaving Run (phase=RunPhase1) with current time:    0  1  1  0  1 30   0
20230514 050556.547 INFO             PET0     MODEL: Run extro.
20230514 050556.547 INFO             PET0     driver: RunSequence event loopLevel=   1  levelMember=   1  loopIteration=   4, current time:    0  1  1  0  1 30   0
20230514 050556.547 INFO             PET0     MODEL: Run intro.
20230514 050556.547 INFO             PET0       >>>MODEL: entered Run (phase=RunPhase1) with current time:    0  1  1  0  1 30   0
20230514 050556.547 INFO             PET0       MODEL: time step-loop starting, current time:    0  1  1  0  1 30   0
20230514 050556.547 INFO             PET0       thread_num=   1   currentSsiPe=  36   num_threads=   3   max_threads=   3   num_procs=  36
20230514 050556.547 INFO             PET0       thread_num=   2   currentSsiPe=  46   num_threads=   3   max_threads=   3   num_procs=  36
20230514 050556.547 INFO             PET0       thread_num=   0   currentSsiPe=   1   num_threads=   3   max_threads=   3   num_procs=  36
20230514 050556.547 INFO             PET0       ---->Advancing Model from:    0  1  1  0  1 30   0
20230514 050556.547 INFO             PET0       ---------------------> to:    0  1  1  0  2  0   0
20230514 050556.547 INFO             PET0       MODEL: time step-loop ending,   current time:    0  1  1  0  2  0   0
20230514 050556.547 INFO             PET0       <<<MODEL: leaving Run (phase=RunPhase1) with current time:    0  1  1  0  2  0   0
20230514 050556.547 INFO             PET0     MODEL: Run extro.
20230514 050556.547 INFO             PET0     driver: RunSequence event loopLevel=   1  levelMember=   1  loopIteration=   5, current time:    0  1  1  0  2  0   0
20230514 050556.547 INFO             PET0     MODEL: Run intro.
20230514 050556.548 INFO             PET0       >>>MODEL: entered Run (phase=RunPhase1) with current time:    0  1  1  0  2  0   0
20230514 050556.548 INFO             PET0       MODEL: time step-loop starting, current time:    0  1  1  0  2  0   0
20230514 050556.548 INFO             PET0       thread_num=   2   currentSsiPe=  46   num_threads=   3   max_threads=   3   num_procs=  36
20230514 050556.548 INFO             PET0       thread_num=   1   currentSsiPe=  36   num_threads=   3   max_threads=   3   num_procs=  36
20230514 050556.548 INFO             PET0       thread_num=   0   currentSsiPe=   1   num_threads=   3   max_threads=   3   num_procs=  36
20230514 050556.548 INFO             PET0       ---->Advancing Model from:    0  1  1  0  2  0   0
20230514 050556.548 INFO             PET0       ---------------------> to:    0  1  1  0  2 30   0
20230514 050556.548 INFO             PET0       MODEL: time step-loop ending,   current time:    0  1  1  0  2 30   0
20230514 050556.548 INFO             PET0       <<<MODEL: leaving Run (phase=RunPhase1) with current time:    0  1  1  0  2 30   0
20230514 050556.548 INFO             PET0     MODEL: Run extro.
20230514 050556.548 INFO             PET0   driver: end <--------- RunSequence
20230514 050556.548 INFO             PET0   <<<driver - leaving Run with current time:    0  1  1  0  2 30   0
20230514 050556.548 INFO             PET0 driver: Run extro.
20230514 050556.548 INFO             PET0 driver: Finalize intro.
20230514 050556.548 INFO             PET0   Calling Finalize phase 1 for modelComp: MODEL
20230514 050556.548 INFO             PET0   MODEL: Finalize intro.
20230514 050556.548 INFO             PET0     >>>MODEL: entered Finalize (phase=FinalizePhase1) with current time:    0  1  1  0  2 30   0
20230514 050556.548 INFO             PET0     <<<MODEL: leaving Finalize (phase=FinalizePhase1) with current time:    0  1  1  0  2 30   0
20230514 050556.548 INFO             PET0   MODEL: Finalize extro.
20230514 050556.548 INFO             PET0   Delete modelComp: MODEL
20230514 050556.549 INFO             PET0   Delete Import-/Export State for modelComp: MODEL
20230514 050556.549 INFO             PET0 driver: Finalize extro.
20230514 050556.549 INFO             PET0 mainApp FINISHED
20230514 050556.549 INFO             PET0 Finalizing ESMF
20230514 050556.500 INFO             PET1 !!!!!!!!!!!!!!!!!!!!!!!!!!!!!!!!!!!!!!!!!!!!!!!!!!!!!!
20230514 050556.500 INFO             PET1 !!! THE ESMF_LOG IS SET TO OUTPUT ALL LOG MESSAGES !!!
20230514 050556.500 INFO             PET1 !!!     THIS MAY CAUSE SLOWDOWN IN PERFORMANCE     !!!
20230514 050556.500 INFO             PET1 !!! FOR PRODUCTION RUNS, USE:                      !!!
20230514 050556.500 INFO             PET1 !!!                   ESMF_LOGKIND_Multi_On_Error  !!!
20230514 050556.500 INFO             PET1 !!!!!!!!!!!!!!!!!!!!!!!!!!!!!!!!!!!!!!!!!!!!!!!!!!!!!!
20230514 050556.500 INFO             PET1 Running with ESMF Version   : v8.5.0b18-9-g15f3b88d4b
20230514 050556.500 INFO             PET1 ESMF library build date/time: "May 14 2023" "03:34:45"
20230514 050556.500 INFO             PET1 ESMF library build location : /glade/scratch/theurich/ESMF-Nightly-Testing/intel_18.0.5_openmpi_g_feature_fill_nan/esmf
20230514 050556.500 INFO             PET1 ESMF_COMM                   : openmpi
20230514 050556.501 INFO             PET1 ESMF_MOAB                   : enabled
20230514 050556.501 INFO             PET1 ESMF_LAPACK                 : enabled
20230514 050556.501 INFO             PET1 ESMF_NETCDF                 : enabled
20230514 050556.501 INFO             PET1 ESMF_PNETCDF                : disabled
20230514 050556.501 INFO             PET1 ESMF_PIO                    : enabled
20230514 050556.501 INFO             PET1 ESMF_YAMLCPP                : enabled
20230514 050556.502 INFO             PET1 mainApp STARTING
20230514 050556.508 INFO             PET1 driver: InitializeGeneric intro.
20230514 050556.509 INFO             PET1   driver: InitializeP0 intro.
20230514 050556.509 INFO             PET1   driver: InitializeP0 extro.
20230514 050556.509 INFO             PET1   driver: InitializeIPDv02p1 intro.
20230514 050556.509 INFO             PET1     >>>driver: entered Initialize (phase=<none>) without valid internal Clock.
20230514 050556.510 INFO             PET1     driver - Creating model component MODEL without petList.
20230514 050556.513 INFO             PET1      GridCompIsPetLocal:  T
20230514 050556.513 INFO             PET1      VmIsCreated:  T
20230514 050556.513 INFO             PET1      valid MPI_COMM with size=           4
20230514 050556.514 INFO             PET1     driver - Creating state: modelComp 1 Import State
20230514 050556.514 INFO             PET1     driver - Creating state: modelComp 1 Export State
20230514 050556.515 INFO             PET1     MODEL: InitializeP0 intro.
20230514 050556.515 INFO             PET1       >>>MODEL: entered Initialize (phase=<none>) without valid internal Clock.
20230514 050556.517 INFO             PET1       <<<MODEL: leaving Initialize (phase=<none>) without valid internal Clock.
20230514 050556.517 INFO             PET1     MODEL: InitializeP0 extro.
20230514 050556.521 INFO             PET1     driver: IInitAdvertise intro.
20230514 050556.521 INFO             PET1     driver: IInitAdvertise extro.
20230514 050556.521 INFO             PET1     MODEL: InitializeIPDvXp01 intro.
20230514 050556.521 INFO             PET1       >>>MODEL: entered Initialize (phase=IPDvXp01) without valid internal Clock.
20230514 050556.523 INFO             PET1       <<<MODEL: leaving Initialize (phase=IPDvXp01) without valid internal Clock.
20230514 050556.523 INFO             PET1     MODEL: InitializeIPDvXp01 extro.
20230514 050556.525 INFO             PET1     driver: IInitAdvertiseFinish intro.
20230514 050556.525 INFO             PET1     driver: IInitAdvertiseFinish extro.
20230514 050556.526 INFO             PET1     driver: IInitModifyCplLists intro.
20230514 050556.526 INFO             PET1     driver: IInitModifyCplLists extro.
20230514 050556.526 INFO             PET1     <<<driver: leaving Initialize (phase=<none>) with current time:    0  1  1  0  0  0   0
20230514 050556.526 INFO             PET1   driver: InitializeIPDv02p1 extro.
20230514 050556.526 INFO             PET1   driver: InitializeIPDv02p3 intro.
20230514 050556.526 INFO             PET1     >>>driver: entered Initialize (phase=<none>) with current time:    0  1  1  0  0  0   0
20230514 050556.528 INFO             PET1     driver: IInitCheck intro.
20230514 050556.528 INFO             PET1     driver: IInitCheck extro.
20230514 050556.528 INFO             PET1     MODEL: InitializeIPDvXp04 intro.
20230514 050556.528 INFO             PET1       >>>MODEL: entered Initialize (phase=IPDvXp04) without valid internal Clock.
20230514 050556.534 INFO             PET1       After Realize: - MemInfo: [/proc/meminfo - SSI]	MemTotal:       65507008 kB
20230514 050556.534 INFO             PET1       After Realize: - MemInfo: [/proc/meminfo - SSI]	MemFree:        48824512 kB
20230514 050556.534 INFO             PET1       After Realize: - MemInfo: [/proc/meminfo - SSI]	MemAvailable:   49040700 kB
20230514 050556.534 INFO             PET1       After Realize: - MemInfo: [/proc/meminfo - SSI]	Committed_AS:   14479680 kB
20230514 050556.534 INFO             PET1       After Realize: - MemInfo: [/proc/meminfo - SSI]	CommittedPercent: 22.104 %
20230514 050556.534 INFO             PET1       After Realize: - MemInfo: [/proc/self/status]	VmPeak:	  628124 kB
20230514 050556.534 INFO             PET1       After Realize: - MemInfo: [/proc/self/status]	VmSize:	  628124 kB
20230514 050556.534 INFO             PET1       After Realize: - MemInfo: [/proc/self/status]	VmLck:	       0 kB
20230514 050556.534 INFO             PET1       After Realize: - MemInfo: [/proc/self/status]	VmPin:	   39928 kB
20230514 050556.534 INFO             PET1       After Realize: - MemInfo: [/proc/self/status]	VmHWM:	   82452 kB
20230514 050556.534 INFO             PET1       After Realize: - MemInfo: [/proc/self/status]	VmRSS:	   82452 kB
20230514 050556.534 INFO             PET1       After Realize: - MemInfo: [/proc/self/status]	VmData:	   48816 kB
20230514 050556.534 INFO             PET1       After Realize: - MemInfo: [/proc/self/status]	VmStk:	     196 kB
20230514 050556.534 INFO             PET1       After Realize: - MemInfo: [/proc/self/status]	VmExe:	    1516 kB
20230514 050556.534 INFO             PET1       After Realize: - MemInfo: [/proc/self/status]	VmLib:	  141996 kB
20230514 050556.534 INFO             PET1       After Realize: - MemInfo: [/proc/self/status]	VmPTE:	     904 kB
20230514 050556.534 INFO             PET1       After Realize: - MemInfo: [/proc/self/status]	VmPMD:	      12 kB
20230514 050556.534 INFO             PET1       After Realize: - MemInfo: [/proc/self/status]	VmSwap:	       0 kB
20230514 050556.534 INFO             PET1       After Realize: - MemInfo: [/proc/self/status]	VmRSSPercent: 0.125867 %
20230514 050556.534 INFO             PET1       After Realize: - MemInfo: [malloc] Non-mmapped space allocated:                 5148672 Byte
20230514 050556.534 INFO             PET1       After Realize: - MemInfo: [malloc] Space allocated in mmapped regions:         28471296 Byte
20230514 050556.534 INFO             PET1       After Realize: - MemInfo: [malloc] Maximum total allocated space:                     0 Byte
20230514 050556.534 INFO             PET1       After Realize: - MemInfo: [malloc] Space in freed fastbin blocks:                  1872 Byte
20230514 050556.534 INFO             PET1       After Realize: - MemInfo: [malloc] Total allocated space:                       4947120 Byte
20230514 050556.534 INFO             PET1       After Realize: - MemInfo: [malloc] Total free space:                             201552 Byte
20230514 050556.534 INFO             PET1       After Realize: - MemInfo: [malloc] Top-most, releasable space:                    53904 Byte
20230514 050556.534 INFO             PET1       After Realize: - MemInfo: [malloc] Total space in use, mmap + non-mmap:        33418416 Byte
20230514 050556.534 INFO             PET1       After Realize: - MemInfo: [malloc] Total space held (mmap + non-mmap):         33619968 Byte
20230514 050556.534 INFO             PET1       After Realize: - MemInfo: [malloc] Total space used (mmap + non-mmap):         33427776 Byte
20230514 050556.534 INFO             PET1       After Realize: - MemInfo: Wall-clock time since execution start:              0.0371321 seconds
20230514 050556.534 INFO             PET1       <<<MODEL: leaving Initialize (phase=IPDvXp04) without valid internal Clock.
20230514 050556.534 INFO             PET1     MODEL: InitializeIPDvXp04 extro.
20230514 050556.537 INFO             PET1     driver: IInitRealize intro.
20230514 050556.537 INFO             PET1     driver: IInitRealize extro.
20230514 050556.537 INFO             PET1     MODEL: InitializeIPDvXp07 intro.
20230514 050556.537 INFO             PET1       >>>MODEL: entered Initialize (phase=IPDvXp07) without valid internal Clock.
20230514 050556.538 INFO             PET1       <<<MODEL: leaving Initialize (phase=IPDvXp07) with current time:    0  1  1  0  0  0   0
20230514 050556.538 INFO             PET1     MODEL: InitializeIPDvXp07 extro.
20230514 050556.538 INFO             PET1     <<<driver: leaving Initialize (phase=<none>) with current time:    0  1  1  0  0  0   0
20230514 050556.538 INFO             PET1   driver: InitializeIPDv02p3 extro.
20230514 050556.538 INFO             PET1   driver: InitializeIPDv02p5 intro.
20230514 050556.538 INFO             PET1     >>>driver: entered Initialize (phase=<none>) with current time:    0  1  1  0  0  0   0
20230514 050556.538 INFO             PET1     driver: this is a top level driver, no 'Updated' and 'InitializeDataComplete' info on this level.
20230514 050556.538 INFO             PET1     driver: InitializeIPDv02p5Data intro.
20230514 050556.538 INFO             PET1       driver: InternalInitializeComplete intro.
20230514 050556.538 INFO             PET1         driver: InitializeDataComplete='true'
20230514 050556.538 INFO             PET1       driver: InternalInitializeComplete extro.
20230514 050556.539 INFO             PET1       MODEL: InitializeIPDvXp08 intro.
20230514 050556.539 INFO             PET1         >>>MODEL: entered Initialize (phase=IPDv05p8) with current time:    0  1  1  0  0  0   0
20230514 050556.539 INFO             PET1         MODEL: InitializeDataProgress='false', InitializeDataComplete='false'
20230514 050556.539 INFO             PET1         <<<MODEL: leaving Initialize (phase=IPDv05p8) with current time:    0  1  1  0  0  0   0
20230514 050556.539 INFO             PET1       MODEL: InitializeIPDvXp08 extro.
20230514 050556.541 INFO             PET1       driver: components present that trigger loopDataDependentInitialize().
20230514 050556.541 INFO             PET1       driver: loopDataDependentInitialize intro.
20230514 050556.541 INFO             PET1         driver: component    0=driver, dataComplete (local): true
20230514 050556.541 INFO             PET1         driver: component    0=driver, dataComplete (global):  T
20230514 050556.541 INFO             PET1         driver: component    1=MODEL, dataComplete (local): false
20230514 050556.541 INFO             PET1         driver: component    1=MODEL, dataComplete (global):  F
20230514 050556.541 INFO             PET1         MODEL: InitializeIPDvXp08 intro.
20230514 050556.542 INFO             PET1           >>>MODEL: entered Initialize (phase=IPDv05p8) with current time:    0  1  1  0  0  0   0
20230514 050556.542 INFO             PET1           MODEL: InitializeDataProgress='true', InitializeDataComplete='true'
20230514 050556.542 INFO             PET1           <<<MODEL: leaving Initialize (phase=IPDv05p8) with current time:    0  1  1  0  0  0   0
20230514 050556.542 INFO             PET1         MODEL: InitializeIPDvXp08 extro.
20230514 050556.543 INFO             PET1         driver: component    1=MODEL, someProgress (local): true
20230514 050556.543 INFO             PET1         driver: component    1=MODEL, someProgress (global):  T
20230514 050556.543 INFO             PET1         driver: someProgress= T, allComplete= F, present(dataDepAllComplete)= T
20230514 050556.543 INFO             PET1         driver: component    0=driver, dataComplete (local): true
20230514 050556.544 INFO             PET1         driver: component    0=driver, dataComplete (global):  T
20230514 050556.544 INFO             PET1         driver: component    1=MODEL, dataComplete (local): true
20230514 050556.544 INFO             PET1         driver: component    1=MODEL, dataComplete (global):  T
20230514 050556.544 INFO             PET1         driver: someProgress= F, allComplete= T, present(dataDepAllComplete)= T
20230514 050556.544 INFO             PET1         driver: finished resolving initialize data dependencies on this level.
20230514 050556.544 INFO             PET1       driver: loopDataDependentInitialize extro.
20230514 050556.544 INFO             PET1       driver: loopDataDependentInitialize() returned with dataDepAllComplete:  T
20230514 050556.544 INFO             PET1     driver: InitializeIPDv02p5Data extro.
20230514 050556.544 INFO             PET1     <<<driver: leaving Initialize (phase=<none>) with current time:    0  1  1  0  0  0   0
20230514 050556.544 INFO             PET1   driver: InitializeIPDv02p5 extro.
20230514 050556.544 INFO             PET1 driver: InitializeGeneric extro.
20230514 050556.544 INFO             PET1 driver: Run intro.
20230514 050556.544 INFO             PET1   >>>driver entered Run (phase=RunPhase1) with current time:    0  1  1  0  0  0   0
20230514 050556.544 INFO             PET1   driver: after lable_SetRunClock, current time:    0  1  1  0  0  0   0
20230514 050556.544 INFO             PET1   driver: begin -------> RunSequence.
20230514 050556.544 INFO             PET1     driver: RunSequence event loopLevel=   1  levelMember=   1  loopIteration=   1, current time:    0  1  1  0  0  0   0
20230514 050556.544 INFO             PET1     MODEL: Run intro.
20230514 050556.544 INFO             PET1       >>>MODEL: entered Run (phase=RunPhase1) with current time:    0  1  1  0  0  0   0
20230514 050556.545 INFO             PET1       MODEL: time step-loop starting, current time:    0  1  1  0  0  0   0
20230514 050556.545 INFO             PET1       thread_num=   1   currentSsiPe=  55   num_threads=   3   max_threads=   3   num_procs=  36
20230514 050556.545 INFO             PET1       thread_num=   0   currentSsiPe=  19   num_threads=   3   max_threads=   3   num_procs=  36
20230514 050556.545 INFO             PET1       thread_num=   2   currentSsiPe=  18   num_threads=   3   max_threads=   3   num_procs=  36
20230514 050556.545 INFO             PET1       ---->Advancing Model from:    0  1  1  0  0  0   0
20230514 050556.546 INFO             PET1       ---------------------> to:    0  1  1  0  0 30   0
20230514 050556.546 INFO             PET1       MODEL: time step-loop ending,   current time:    0  1  1  0  0 30   0
20230514 050556.546 INFO             PET1       <<<MODEL: leaving Run (phase=RunPhase1) with current time:    0  1  1  0  0 30   0
20230514 050556.546 INFO             PET1     MODEL: Run extro.
20230514 050556.546 INFO             PET1     driver: RunSequence event loopLevel=   1  levelMember=   1  loopIteration=   2, current time:    0  1  1  0  0 30   0
20230514 050556.546 INFO             PET1     MODEL: Run intro.
20230514 050556.546 INFO             PET1       >>>MODEL: entered Run (phase=RunPhase1) with current time:    0  1  1  0  0 30   0
20230514 050556.546 INFO             PET1       MODEL: time step-loop starting, current time:    0  1  1  0  0 30   0
20230514 050556.546 INFO             PET1       thread_num=   2   currentSsiPe=  18   num_threads=   3   max_threads=   3   num_procs=  36
20230514 050556.546 INFO             PET1       thread_num=   0   currentSsiPe=  19   num_threads=   3   max_threads=   3   num_procs=  36
20230514 050556.546 INFO             PET1       thread_num=   1   currentSsiPe=  55   num_threads=   3   max_threads=   3   num_procs=  36
20230514 050556.546 INFO             PET1       ---->Advancing Model from:    0  1  1  0  0 30   0
20230514 050556.546 INFO             PET1       ---------------------> to:    0  1  1  0  1  0   0
20230514 050556.546 INFO             PET1       MODEL: time step-loop ending,   current time:    0  1  1  0  1  0   0
20230514 050556.546 INFO             PET1       <<<MODEL: leaving Run (phase=RunPhase1) with current time:    0  1  1  0  1  0   0
20230514 050556.546 INFO             PET1     MODEL: Run extro.
20230514 050556.547 INFO             PET1     driver: RunSequence event loopLevel=   1  levelMember=   1  loopIteration=   3, current time:    0  1  1  0  1  0   0
20230514 050556.547 INFO             PET1     MODEL: Run intro.
20230514 050556.547 INFO             PET1       >>>MODEL: entered Run (phase=RunPhase1) with current time:    0  1  1  0  1  0   0
20230514 050556.547 INFO             PET1       MODEL: time step-loop starting, current time:    0  1  1  0  1  0   0
20230514 050556.547 INFO             PET1       thread_num=   2   currentSsiPe=  18   num_threads=   3   max_threads=   3   num_procs=  36
20230514 050556.547 INFO             PET1       thread_num=   1   currentSsiPe=  55   num_threads=   3   max_threads=   3   num_procs=  36
20230514 050556.547 INFO             PET1       thread_num=   0   currentSsiPe=  19   num_threads=   3   max_threads=   3   num_procs=  36
20230514 050556.547 INFO             PET1       ---->Advancing Model from:    0  1  1  0  1  0   0
20230514 050556.547 INFO             PET1       ---------------------> to:    0  1  1  0  1 30   0
20230514 050556.547 INFO             PET1       MODEL: time step-loop ending,   current time:    0  1  1  0  1 30   0
20230514 050556.547 INFO             PET1       <<<MODEL: leaving Run (phase=RunPhase1) with current time:    0  1  1  0  1 30   0
20230514 050556.547 INFO             PET1     MODEL: Run extro.
20230514 050556.547 INFO             PET1     driver: RunSequence event loopLevel=   1  levelMember=   1  loopIteration=   4, current time:    0  1  1  0  1 30   0
20230514 050556.548 INFO             PET1     MODEL: Run intro.
20230514 050556.548 INFO             PET1       >>>MODEL: entered Run (phase=RunPhase1) with current time:    0  1  1  0  1 30   0
20230514 050556.548 INFO             PET1       MODEL: time step-loop starting, current time:    0  1  1  0  1 30   0
20230514 050556.548 INFO             PET1       thread_num=   2   currentSsiPe=  18   num_threads=   3   max_threads=   3   num_procs=  36
20230514 050556.548 INFO             PET1       thread_num=   0   currentSsiPe=  19   num_threads=   3   max_threads=   3   num_procs=  36
20230514 050556.548 INFO             PET1       thread_num=   1   currentSsiPe=  55   num_threads=   3   max_threads=   3   num_procs=  36
20230514 050556.548 INFO             PET1       ---->Advancing Model from:    0  1  1  0  1 30   0
20230514 050556.548 INFO             PET1       ---------------------> to:    0  1  1  0  2  0   0
20230514 050556.548 INFO             PET1       MODEL: time step-loop ending,   current time:    0  1  1  0  2  0   0
20230514 050556.548 INFO             PET1       <<<MODEL: leaving Run (phase=RunPhase1) with current time:    0  1  1  0  2  0   0
20230514 050556.548 INFO             PET1     MODEL: Run extro.
20230514 050556.548 INFO             PET1     driver: RunSequence event loopLevel=   1  levelMember=   1  loopIteration=   5, current time:    0  1  1  0  2  0   0
20230514 050556.548 INFO             PET1     MODEL: Run intro.
20230514 050556.549 INFO             PET1       >>>MODEL: entered Run (phase=RunPhase1) with current time:    0  1  1  0  2  0   0
20230514 050556.549 INFO             PET1       MODEL: time step-loop starting, current time:    0  1  1  0  2  0   0
20230514 050556.549 INFO             PET1       thread_num=   2   currentSsiPe=  18   num_threads=   3   max_threads=   3   num_procs=  36
20230514 050556.549 INFO             PET1       thread_num=   1   currentSsiPe=  55   num_threads=   3   max_threads=   3   num_procs=  36
20230514 050556.549 INFO             PET1       thread_num=   0   currentSsiPe=  19   num_threads=   3   max_threads=   3   num_procs=  36
20230514 050556.549 INFO             PET1       ---->Advancing Model from:    0  1  1  0  2  0   0
20230514 050556.549 INFO             PET1       ---------------------> to:    0  1  1  0  2 30   0
20230514 050556.549 INFO             PET1       MODEL: time step-loop ending,   current time:    0  1  1  0  2 30   0
20230514 050556.549 INFO             PET1       <<<MODEL: leaving Run (phase=RunPhase1) with current time:    0  1  1  0  2 30   0
20230514 050556.549 INFO             PET1     MODEL: Run extro.
20230514 050556.549 INFO             PET1   driver: end <--------- RunSequence
20230514 050556.549 INFO             PET1   <<<driver - leaving Run with current time:    0  1  1  0  2 30   0
20230514 050556.549 INFO             PET1 driver: Run extro.
20230514 050556.549 INFO             PET1 driver: Finalize intro.
20230514 050556.549 INFO             PET1   Calling Finalize phase 1 for modelComp: MODEL
20230514 050556.550 INFO             PET1   MODEL: Finalize intro.
20230514 050556.550 INFO             PET1     >>>MODEL: entered Finalize (phase=FinalizePhase1) with current time:    0  1  1  0  2 30   0
20230514 050556.550 INFO             PET1     <<<MODEL: leaving Finalize (phase=FinalizePhase1) with current time:    0  1  1  0  2 30   0
20230514 050556.550 INFO             PET1   MODEL: Finalize extro.
20230514 050556.550 INFO             PET1   Delete modelComp: MODEL
20230514 050556.550 INFO             PET1   Delete Import-/Export State for modelComp: MODEL
20230514 050556.550 INFO             PET1 driver: Finalize extro.
20230514 050556.550 INFO             PET1 mainApp FINISHED
20230514 050556.550 INFO             PET1 Finalizing ESMF
20230514 050556.501 INFO             PET2 !!!!!!!!!!!!!!!!!!!!!!!!!!!!!!!!!!!!!!!!!!!!!!!!!!!!!!
20230514 050556.501 INFO             PET2 !!! THE ESMF_LOG IS SET TO OUTPUT ALL LOG MESSAGES !!!
20230514 050556.501 INFO             PET2 !!!     THIS MAY CAUSE SLOWDOWN IN PERFORMANCE     !!!
20230514 050556.501 INFO             PET2 !!! FOR PRODUCTION RUNS, USE:                      !!!
20230514 050556.501 INFO             PET2 !!!                   ESMF_LOGKIND_Multi_On_Error  !!!
20230514 050556.501 INFO             PET2 !!!!!!!!!!!!!!!!!!!!!!!!!!!!!!!!!!!!!!!!!!!!!!!!!!!!!!
20230514 050556.501 INFO             PET2 Running with ESMF Version   : v8.5.0b18-9-g15f3b88d4b
20230514 050556.501 INFO             PET2 ESMF library build date/time: "May 14 2023" "03:34:45"
20230514 050556.501 INFO             PET2 ESMF library build location : /glade/scratch/theurich/ESMF-Nightly-Testing/intel_18.0.5_openmpi_g_feature_fill_nan/esmf
20230514 050556.501 INFO             PET2 ESMF_COMM                   : openmpi
20230514 050556.501 INFO             PET2 ESMF_MOAB                   : enabled
20230514 050556.501 INFO             PET2 ESMF_LAPACK                 : enabled
20230514 050556.501 INFO             PET2 ESMF_NETCDF                 : enabled
20230514 050556.501 INFO             PET2 ESMF_PNETCDF                : disabled
20230514 050556.501 INFO             PET2 ESMF_PIO                    : enabled
20230514 050556.501 INFO             PET2 ESMF_YAMLCPP                : enabled
20230514 050556.502 INFO             PET2 mainApp STARTING
20230514 050556.508 INFO             PET2 driver: InitializeGeneric intro.
20230514 050556.508 INFO             PET2   driver: InitializeP0 intro.
20230514 050556.508 INFO             PET2   driver: InitializeP0 extro.
20230514 050556.509 INFO             PET2   driver: InitializeIPDv02p1 intro.
20230514 050556.509 INFO             PET2     >>>driver: entered Initialize (phase=<none>) without valid internal Clock.
20230514 050556.510 INFO             PET2     driver - Creating model component MODEL without petList.
20230514 050556.513 INFO             PET2      GridCompIsPetLocal:  T
20230514 050556.513 INFO             PET2      VmIsCreated:  T
20230514 050556.513 INFO             PET2      valid MPI_COMM with size=           4
20230514 050556.514 INFO             PET2     driver - Creating state: modelComp 1 Import State
20230514 050556.514 INFO             PET2     driver - Creating state: modelComp 1 Export State
20230514 050556.515 INFO             PET2     MODEL: InitializeP0 intro.
20230514 050556.515 INFO             PET2       >>>MODEL: entered Initialize (phase=<none>) without valid internal Clock.
20230514 050556.517 INFO             PET2       <<<MODEL: leaving Initialize (phase=<none>) without valid internal Clock.
20230514 050556.517 INFO             PET2     MODEL: InitializeP0 extro.
20230514 050556.519 INFO             PET2     driver: IInitAdvertise intro.
20230514 050556.519 INFO             PET2     driver: IInitAdvertise extro.
20230514 050556.519 INFO             PET2     MODEL: InitializeIPDvXp01 intro.
20230514 050556.519 INFO             PET2       >>>MODEL: entered Initialize (phase=IPDvXp01) without valid internal Clock.
20230514 050556.521 INFO             PET2       <<<MODEL: leaving Initialize (phase=IPDvXp01) without valid internal Clock.
20230514 050556.521 INFO             PET2     MODEL: InitializeIPDvXp01 extro.
20230514 050556.523 INFO             PET2     driver: IInitAdvertiseFinish intro.
20230514 050556.523 INFO             PET2     driver: IInitAdvertiseFinish extro.
20230514 050556.523 INFO             PET2     driver: IInitModifyCplLists intro.
20230514 050556.523 INFO             PET2     driver: IInitModifyCplLists extro.
20230514 050556.523 INFO             PET2     <<<driver: leaving Initialize (phase=<none>) with current time:    0  1  1  0  0  0   0
20230514 050556.523 INFO             PET2   driver: InitializeIPDv02p1 extro.
20230514 050556.523 INFO             PET2   driver: InitializeIPDv02p3 intro.
20230514 050556.523 INFO             PET2     >>>driver: entered Initialize (phase=<none>) with current time:    0  1  1  0  0  0   0
20230514 050556.525 INFO             PET2     driver: IInitCheck intro.
20230514 050556.525 INFO             PET2     driver: IInitCheck extro.
20230514 050556.526 INFO             PET2     MODEL: InitializeIPDvXp04 intro.
20230514 050556.526 INFO             PET2       >>>MODEL: entered Initialize (phase=IPDvXp04) without valid internal Clock.
20230514 050556.531 INFO             PET2       After Realize: - MemInfo: [/proc/meminfo - SSI]	MemTotal:       65507008 kB
20230514 050556.531 INFO             PET2       After Realize: - MemInfo: [/proc/meminfo - SSI]	MemFree:        48824512 kB
20230514 050556.531 INFO             PET2       After Realize: - MemInfo: [/proc/meminfo - SSI]	MemAvailable:   49040700 kB
20230514 050556.531 INFO             PET2       After Realize: - MemInfo: [/proc/meminfo - SSI]	Committed_AS:   14479680 kB
20230514 050556.531 INFO             PET2       After Realize: - MemInfo: [/proc/meminfo - SSI]	CommittedPercent: 22.104 %
20230514 050556.531 INFO             PET2       After Realize: - MemInfo: [/proc/self/status]	VmPeak:	  628124 kB
20230514 050556.531 INFO             PET2       After Realize: - MemInfo: [/proc/self/status]	VmSize:	  628124 kB
20230514 050556.531 INFO             PET2       After Realize: - MemInfo: [/proc/self/status]	VmLck:	       0 kB
20230514 050556.531 INFO             PET2       After Realize: - MemInfo: [/proc/self/status]	VmPin:	   39928 kB
20230514 050556.531 INFO             PET2       After Realize: - MemInfo: [/proc/self/status]	VmHWM:	   82484 kB
20230514 050556.531 INFO             PET2       After Realize: - MemInfo: [/proc/self/status]	VmRSS:	   82484 kB
20230514 050556.531 INFO             PET2       After Realize: - MemInfo: [/proc/self/status]	VmData:	   48816 kB
20230514 050556.531 INFO             PET2       After Realize: - MemInfo: [/proc/self/status]	VmStk:	     196 kB
20230514 050556.531 INFO             PET2       After Realize: - MemInfo: [/proc/self/status]	VmExe:	    1516 kB
20230514 050556.531 INFO             PET2       After Realize: - MemInfo: [/proc/self/status]	VmLib:	  141996 kB
20230514 050556.531 INFO             PET2       After Realize: - MemInfo: [/proc/self/status]	VmPTE:	     896 kB
20230514 050556.531 INFO             PET2       After Realize: - MemInfo: [/proc/self/status]	VmPMD:	      16 kB
20230514 050556.531 INFO             PET2       After Realize: - MemInfo: [/proc/self/status]	VmSwap:	       0 kB
20230514 050556.531 INFO             PET2       After Realize: - MemInfo: [/proc/self/status]	VmRSSPercent: 0.125916 %
20230514 050556.531 INFO             PET2       After Realize: - MemInfo: [malloc] Non-mmapped space allocated:                 5148672 Byte
20230514 050556.531 INFO             PET2       After Realize: - MemInfo: [malloc] Space allocated in mmapped regions:         28471296 Byte
20230514 050556.531 INFO             PET2       After Realize: - MemInfo: [malloc] Maximum total allocated space:                     0 Byte
20230514 050556.531 INFO             PET2       After Realize: - MemInfo: [malloc] Space in freed fastbin blocks:                  1872 Byte
20230514 050556.531 INFO             PET2       After Realize: - MemInfo: [malloc] Total allocated space:                       4947088 Byte
20230514 050556.531 INFO             PET2       After Realize: - MemInfo: [malloc] Total free space:                             201584 Byte
20230514 050556.531 INFO             PET2       After Realize: - MemInfo: [malloc] Top-most, releasable space:                    53920 Byte
20230514 050556.531 INFO             PET2       After Realize: - MemInfo: [malloc] Total space in use, mmap + non-mmap:        33418384 Byte
20230514 050556.531 INFO             PET2       After Realize: - MemInfo: [malloc] Total space held (mmap + non-mmap):         33619968 Byte
20230514 050556.531 INFO             PET2       After Realize: - MemInfo: [malloc] Total space used (mmap + non-mmap):         33427744 Byte
20230514 050556.531 INFO             PET2       After Realize: - MemInfo: Wall-clock time since execution start:              0.0342567 seconds
20230514 050556.532 INFO             PET2       <<<MODEL: leaving Initialize (phase=IPDvXp04) without valid internal Clock.
20230514 050556.532 INFO             PET2     MODEL: InitializeIPDvXp04 extro.
20230514 050556.535 INFO             PET2     driver: IInitRealize intro.
20230514 050556.535 INFO             PET2     driver: IInitRealize extro.
20230514 050556.536 INFO             PET2     MODEL: InitializeIPDvXp07 intro.
20230514 050556.536 INFO             PET2       >>>MODEL: entered Initialize (phase=IPDvXp07) without valid internal Clock.
20230514 050556.536 INFO             PET2       <<<MODEL: leaving Initialize (phase=IPDvXp07) with current time:    0  1  1  0  0  0   0
20230514 050556.536 INFO             PET2     MODEL: InitializeIPDvXp07 extro.
20230514 050556.536 INFO             PET2     <<<driver: leaving Initialize (phase=<none>) with current time:    0  1  1  0  0  0   0
20230514 050556.536 INFO             PET2   driver: InitializeIPDv02p3 extro.
20230514 050556.536 INFO             PET2   driver: InitializeIPDv02p5 intro.
20230514 050556.536 INFO             PET2     >>>driver: entered Initialize (phase=<none>) with current time:    0  1  1  0  0  0   0
20230514 050556.536 INFO             PET2     driver: this is a top level driver, no 'Updated' and 'InitializeDataComplete' info on this level.
20230514 050556.536 INFO             PET2     driver: InitializeIPDv02p5Data intro.
20230514 050556.536 INFO             PET2       driver: InternalInitializeComplete intro.
20230514 050556.536 INFO             PET2         driver: InitializeDataComplete='true'
20230514 050556.537 INFO             PET2       driver: InternalInitializeComplete extro.
20230514 050556.537 INFO             PET2       MODEL: InitializeIPDvXp08 intro.
20230514 050556.537 INFO             PET2         >>>MODEL: entered Initialize (phase=IPDv05p8) with current time:    0  1  1  0  0  0   0
20230514 050556.537 INFO             PET2         MODEL: InitializeDataProgress='false', InitializeDataComplete='false'
20230514 050556.537 INFO             PET2         <<<MODEL: leaving Initialize (phase=IPDv05p8) with current time:    0  1  1  0  0  0   0
20230514 050556.537 INFO             PET2       MODEL: InitializeIPDvXp08 extro.
20230514 050556.541 INFO             PET2       driver: components present that trigger loopDataDependentInitialize().
20230514 050556.541 INFO             PET2       driver: loopDataDependentInitialize intro.
20230514 050556.541 INFO             PET2         driver: component    0=driver, dataComplete (local): true
20230514 050556.541 INFO             PET2         driver: component    0=driver, dataComplete (global):  T
20230514 050556.541 INFO             PET2         driver: component    1=MODEL, dataComplete (local): false
20230514 050556.541 INFO             PET2         driver: component    1=MODEL, dataComplete (global):  F
20230514 050556.541 INFO             PET2         MODEL: InitializeIPDvXp08 intro.
20230514 050556.542 INFO             PET2           >>>MODEL: entered Initialize (phase=IPDv05p8) with current time:    0  1  1  0  0  0   0
20230514 050556.542 INFO             PET2           MODEL: InitializeDataProgress='true', InitializeDataComplete='true'
20230514 050556.542 INFO             PET2           <<<MODEL: leaving Initialize (phase=IPDv05p8) with current time:    0  1  1  0  0  0   0
20230514 050556.542 INFO             PET2         MODEL: InitializeIPDvXp08 extro.
20230514 050556.543 INFO             PET2         driver: component    1=MODEL, someProgress (local): true
20230514 050556.543 INFO             PET2         driver: component    1=MODEL, someProgress (global):  T
20230514 050556.543 INFO             PET2         driver: someProgress= T, allComplete= F, present(dataDepAllComplete)= T
20230514 050556.543 INFO             PET2         driver: component    0=driver, dataComplete (local): true
20230514 050556.544 INFO             PET2         driver: component    0=driver, dataComplete (global):  T
20230514 050556.544 INFO             PET2         driver: component    1=MODEL, dataComplete (local): true
20230514 050556.544 INFO             PET2         driver: component    1=MODEL, dataComplete (global):  T
20230514 050556.544 INFO             PET2         driver: someProgress= F, allComplete= T, present(dataDepAllComplete)= T
20230514 050556.544 INFO             PET2         driver: finished resolving initialize data dependencies on this level.
20230514 050556.544 INFO             PET2       driver: loopDataDependentInitialize extro.
20230514 050556.544 INFO             PET2       driver: loopDataDependentInitialize() returned with dataDepAllComplete:  T
20230514 050556.544 INFO             PET2     driver: InitializeIPDv02p5Data extro.
20230514 050556.544 INFO             PET2     <<<driver: leaving Initialize (phase=<none>) with current time:    0  1  1  0  0  0   0
20230514 050556.544 INFO             PET2   driver: InitializeIPDv02p5 extro.
20230514 050556.544 INFO             PET2 driver: InitializeGeneric extro.
20230514 050556.544 INFO             PET2 driver: Run intro.
20230514 050556.544 INFO             PET2   >>>driver entered Run (phase=RunPhase1) with current time:    0  1  1  0  0  0   0
20230514 050556.544 INFO             PET2   driver: after lable_SetRunClock, current time:    0  1  1  0  0  0   0
20230514 050556.544 INFO             PET2   driver: begin -------> RunSequence.
20230514 050556.544 INFO             PET2     driver: RunSequence event loopLevel=   1  levelMember=   1  loopIteration=   1, current time:    0  1  1  0  0  0   0
20230514 050556.544 INFO             PET2     MODEL: Run intro.
20230514 050556.544 INFO             PET2       >>>MODEL: entered Run (phase=RunPhase1) with current time:    0  1  1  0  0  0   0
20230514 050556.544 INFO             PET2       MODEL: time step-loop starting, current time:    0  1  1  0  0  0   0
20230514 050556.545 INFO             PET2       thread_num=   0   currentSsiPe=  53   num_threads=   3   max_threads=   3   num_procs=  36
20230514 050556.545 INFO             PET2       thread_num=   1   currentSsiPe=   2   num_threads=   3   max_threads=   3   num_procs=  36
20230514 050556.545 INFO             PET2       thread_num=   2   currentSsiPe=  39   num_threads=   3   max_threads=   3   num_procs=  36
20230514 050556.546 INFO             PET2       ---->Advancing Model from:    0  1  1  0  0  0   0
20230514 050556.546 INFO             PET2       ---------------------> to:    0  1  1  0  0 30   0
20230514 050556.546 INFO             PET2       MODEL: time step-loop ending,   current time:    0  1  1  0  0 30   0
20230514 050556.546 INFO             PET2       <<<MODEL: leaving Run (phase=RunPhase1) with current time:    0  1  1  0  0 30   0
20230514 050556.546 INFO             PET2     MODEL: Run extro.
20230514 050556.546 INFO             PET2     driver: RunSequence event loopLevel=   1  levelMember=   1  loopIteration=   2, current time:    0  1  1  0  0 30   0
20230514 050556.546 INFO             PET2     MODEL: Run intro.
20230514 050556.546 INFO             PET2       >>>MODEL: entered Run (phase=RunPhase1) with current time:    0  1  1  0  0 30   0
20230514 050556.546 INFO             PET2       MODEL: time step-loop starting, current time:    0  1  1  0  0 30   0
20230514 050556.546 INFO             PET2       thread_num=   2   currentSsiPe=  39   num_threads=   3   max_threads=   3   num_procs=  36
20230514 050556.546 INFO             PET2       thread_num=   0   currentSsiPe=  53   num_threads=   3   max_threads=   3   num_procs=  36
20230514 050556.546 INFO             PET2       thread_num=   1   currentSsiPe=   2   num_threads=   3   max_threads=   3   num_procs=  36
20230514 050556.546 INFO             PET2       ---->Advancing Model from:    0  1  1  0  0 30   0
20230514 050556.546 INFO             PET2       ---------------------> to:    0  1  1  0  1  0   0
20230514 050556.546 INFO             PET2       MODEL: time step-loop ending,   current time:    0  1  1  0  1  0   0
20230514 050556.546 INFO             PET2       <<<MODEL: leaving Run (phase=RunPhase1) with current time:    0  1  1  0  1  0   0
20230514 050556.546 INFO             PET2     MODEL: Run extro.
20230514 050556.546 INFO             PET2     driver: RunSequence event loopLevel=   1  levelMember=   1  loopIteration=   3, current time:    0  1  1  0  1  0   0
20230514 050556.546 INFO             PET2     MODEL: Run intro.
20230514 050556.547 INFO             PET2       >>>MODEL: entered Run (phase=RunPhase1) with current time:    0  1  1  0  1  0   0
20230514 050556.547 INFO             PET2       MODEL: time step-loop starting, current time:    0  1  1  0  1  0   0
20230514 050556.547 INFO             PET2       thread_num=   2   currentSsiPe=  39   num_threads=   3   max_threads=   3   num_procs=  36
20230514 050556.547 INFO             PET2       thread_num=   1   currentSsiPe=   2   num_threads=   3   max_threads=   3   num_procs=  36
20230514 050556.547 INFO             PET2       thread_num=   0   currentSsiPe=  53   num_threads=   3   max_threads=   3   num_procs=  36
20230514 050556.547 INFO             PET2       ---->Advancing Model from:    0  1  1  0  1  0   0
20230514 050556.547 INFO             PET2       ---------------------> to:    0  1  1  0  1 30   0
20230514 050556.547 INFO             PET2       MODEL: time step-loop ending,   current time:    0  1  1  0  1 30   0
20230514 050556.547 INFO             PET2       <<<MODEL: leaving Run (phase=RunPhase1) with current time:    0  1  1  0  1 30   0
20230514 050556.547 INFO             PET2     MODEL: Run extro.
20230514 050556.547 INFO             PET2     driver: RunSequence event loopLevel=   1  levelMember=   1  loopIteration=   4, current time:    0  1  1  0  1 30   0
20230514 050556.547 INFO             PET2     MODEL: Run intro.
20230514 050556.547 INFO             PET2       >>>MODEL: entered Run (phase=RunPhase1) with current time:    0  1  1  0  1 30   0
20230514 050556.547 INFO             PET2       MODEL: time step-loop starting, current time:    0  1  1  0  1 30   0
20230514 050556.547 INFO             PET2       thread_num=   2   currentSsiPe=  39   num_threads=   3   max_threads=   3   num_procs=  36
20230514 050556.547 INFO             PET2       thread_num=   1   currentSsiPe=   2   num_threads=   3   max_threads=   3   num_procs=  36
20230514 050556.547 INFO             PET2       thread_num=   0   currentSsiPe=  53   num_threads=   3   max_threads=   3   num_procs=  36
20230514 050556.547 INFO             PET2       ---->Advancing Model from:    0  1  1  0  1 30   0
20230514 050556.547 INFO             PET2       ---------------------> to:    0  1  1  0  2  0   0
20230514 050556.547 INFO             PET2       MODEL: time step-loop ending,   current time:    0  1  1  0  2  0   0
20230514 050556.547 INFO             PET2       <<<MODEL: leaving Run (phase=RunPhase1) with current time:    0  1  1  0  2  0   0
20230514 050556.547 INFO             PET2     MODEL: Run extro.
20230514 050556.547 INFO             PET2     driver: RunSequence event loopLevel=   1  levelMember=   1  loopIteration=   5, current time:    0  1  1  0  2  0   0
20230514 050556.548 INFO             PET2     MODEL: Run intro.
20230514 050556.548 INFO             PET2       >>>MODEL: entered Run (phase=RunPhase1) with current time:    0  1  1  0  2  0   0
20230514 050556.548 INFO             PET2       MODEL: time step-loop starting, current time:    0  1  1  0  2  0   0
20230514 050556.548 INFO             PET2       thread_num=   2   currentSsiPe=  39   num_threads=   3   max_threads=   3   num_procs=  36
20230514 050556.548 INFO             PET2       thread_num=   0   currentSsiPe=  53   num_threads=   3   max_threads=   3   num_procs=  36
20230514 050556.548 INFO             PET2       thread_num=   1   currentSsiPe=   2   num_threads=   3   max_threads=   3   num_procs=  36
20230514 050556.548 INFO             PET2       ---->Advancing Model from:    0  1  1  0  2  0   0
20230514 050556.548 INFO             PET2       ---------------------> to:    0  1  1  0  2 30   0
20230514 050556.548 INFO             PET2       MODEL: time step-loop ending,   current time:    0  1  1  0  2 30   0
20230514 050556.548 INFO             PET2       <<<MODEL: leaving Run (phase=RunPhase1) with current time:    0  1  1  0  2 30   0
20230514 050556.548 INFO             PET2     MODEL: Run extro.
20230514 050556.548 INFO             PET2   driver: end <--------- RunSequence
20230514 050556.548 INFO             PET2   <<<driver - leaving Run with current time:    0  1  1  0  2 30   0
20230514 050556.548 INFO             PET2 driver: Run extro.
20230514 050556.548 INFO             PET2 driver: Finalize intro.
20230514 050556.548 INFO             PET2   Calling Finalize phase 1 for modelComp: MODEL
20230514 050556.548 INFO             PET2   MODEL: Finalize intro.
20230514 050556.548 INFO             PET2     >>>MODEL: entered Finalize (phase=FinalizePhase1) with current time:    0  1  1  0  2 30   0
20230514 050556.548 INFO             PET2     <<<MODEL: leaving Finalize (phase=FinalizePhase1) with current time:    0  1  1  0  2 30   0
20230514 050556.548 INFO             PET2   MODEL: Finalize extro.
20230514 050556.548 INFO             PET2   Delete modelComp: MODEL
20230514 050556.549 INFO             PET2   Delete Import-/Export State for modelComp: MODEL
20230514 050556.549 INFO             PET2 driver: Finalize extro.
20230514 050556.549 INFO             PET2 mainApp FINISHED
20230514 050556.549 INFO             PET2 Finalizing ESMF
20230514 050556.500 INFO             PET3 !!!!!!!!!!!!!!!!!!!!!!!!!!!!!!!!!!!!!!!!!!!!!!!!!!!!!!
20230514 050556.501 INFO             PET3 !!! THE ESMF_LOG IS SET TO OUTPUT ALL LOG MESSAGES !!!
20230514 050556.501 INFO             PET3 !!!     THIS MAY CAUSE SLOWDOWN IN PERFORMANCE     !!!
20230514 050556.501 INFO             PET3 !!! FOR PRODUCTION RUNS, USE:                      !!!
20230514 050556.501 INFO             PET3 !!!                   ESMF_LOGKIND_Multi_On_Error  !!!
20230514 050556.501 INFO             PET3 !!!!!!!!!!!!!!!!!!!!!!!!!!!!!!!!!!!!!!!!!!!!!!!!!!!!!!
20230514 050556.501 INFO             PET3 Running with ESMF Version   : v8.5.0b18-9-g15f3b88d4b
20230514 050556.501 INFO             PET3 ESMF library build date/time: "May 14 2023" "03:34:45"
20230514 050556.501 INFO             PET3 ESMF library build location : /glade/scratch/theurich/ESMF-Nightly-Testing/intel_18.0.5_openmpi_g_feature_fill_nan/esmf
20230514 050556.501 INFO             PET3 ESMF_COMM                   : openmpi
20230514 050556.501 INFO             PET3 ESMF_MOAB                   : enabled
20230514 050556.501 INFO             PET3 ESMF_LAPACK                 : enabled
20230514 050556.501 INFO             PET3 ESMF_NETCDF                 : enabled
20230514 050556.501 INFO             PET3 ESMF_PNETCDF                : disabled
20230514 050556.501 INFO             PET3 ESMF_PIO                    : enabled
20230514 050556.501 INFO             PET3 ESMF_YAMLCPP                : enabled
20230514 050556.502 INFO             PET3 mainApp STARTING
20230514 050556.509 INFO             PET3 driver: InitializeGeneric intro.
20230514 050556.509 INFO             PET3   driver: InitializeP0 intro.
20230514 050556.510 INFO             PET3   driver: InitializeP0 extro.
20230514 050556.510 INFO             PET3   driver: InitializeIPDv02p1 intro.
20230514 050556.510 INFO             PET3     >>>driver: entered Initialize (phase=<none>) without valid internal Clock.
20230514 050556.510 INFO             PET3     driver - Creating model component MODEL without petList.
20230514 050556.514 INFO             PET3      GridCompIsPetLocal:  T
20230514 050556.514 INFO             PET3      VmIsCreated:  T
20230514 050556.515 INFO             PET3      valid MPI_COMM with size=           4
20230514 050556.515 INFO             PET3     driver - Creating state: modelComp 1 Import State
20230514 050556.515 INFO             PET3     driver - Creating state: modelComp 1 Export State
20230514 050556.516 INFO             PET3     MODEL: InitializeP0 intro.
20230514 050556.516 INFO             PET3       >>>MODEL: entered Initialize (phase=<none>) without valid internal Clock.
20230514 050556.519 INFO             PET3       <<<MODEL: leaving Initialize (phase=<none>) without valid internal Clock.
20230514 050556.519 INFO             PET3     MODEL: InitializeP0 extro.
20230514 050556.521 INFO             PET3     driver: IInitAdvertise intro.
20230514 050556.521 INFO             PET3     driver: IInitAdvertise extro.
20230514 050556.521 INFO             PET3     MODEL: InitializeIPDvXp01 intro.
20230514 050556.521 INFO             PET3       >>>MODEL: entered Initialize (phase=IPDvXp01) without valid internal Clock.
20230514 050556.524 INFO             PET3       <<<MODEL: leaving Initialize (phase=IPDvXp01) without valid internal Clock.
20230514 050556.524 INFO             PET3     MODEL: InitializeIPDvXp01 extro.
20230514 050556.525 INFO             PET3     driver: IInitAdvertiseFinish intro.
20230514 050556.525 INFO             PET3     driver: IInitAdvertiseFinish extro.
20230514 050556.526 INFO             PET3     driver: IInitModifyCplLists intro.
20230514 050556.526 INFO             PET3     driver: IInitModifyCplLists extro.
20230514 050556.526 INFO             PET3     <<<driver: leaving Initialize (phase=<none>) with current time:    0  1  1  0  0  0   0
20230514 050556.526 INFO             PET3   driver: InitializeIPDv02p1 extro.
20230514 050556.526 INFO             PET3   driver: InitializeIPDv02p3 intro.
20230514 050556.526 INFO             PET3     >>>driver: entered Initialize (phase=<none>) with current time:    0  1  1  0  0  0   0
20230514 050556.528 INFO             PET3     driver: IInitCheck intro.
20230514 050556.528 INFO             PET3     driver: IInitCheck extro.
20230514 050556.529 INFO             PET3     MODEL: InitializeIPDvXp04 intro.
20230514 050556.529 INFO             PET3       >>>MODEL: entered Initialize (phase=IPDvXp04) without valid internal Clock.
20230514 050556.535 INFO             PET3       After Realize: - MemInfo: [/proc/meminfo - SSI]	MemTotal:       65507008 kB
20230514 050556.535 INFO             PET3       After Realize: - MemInfo: [/proc/meminfo - SSI]	MemFree:        48824512 kB
20230514 050556.535 INFO             PET3       After Realize: - MemInfo: [/proc/meminfo - SSI]	MemAvailable:   49040700 kB
20230514 050556.535 INFO             PET3       After Realize: - MemInfo: [/proc/meminfo - SSI]	Committed_AS:   14479680 kB
20230514 050556.535 INFO             PET3       After Realize: - MemInfo: [/proc/meminfo - SSI]	CommittedPercent: 22.104 %
20230514 050556.535 INFO             PET3       After Realize: - MemInfo: [/proc/self/status]	VmPeak:	  628124 kB
20230514 050556.535 INFO             PET3       After Realize: - MemInfo: [/proc/self/status]	VmSize:	  628124 kB
20230514 050556.535 INFO             PET3       After Realize: - MemInfo: [/proc/self/status]	VmLck:	       0 kB
20230514 050556.535 INFO             PET3       After Realize: - MemInfo: [/proc/self/status]	VmPin:	   39928 kB
20230514 050556.535 INFO             PET3       After Realize: - MemInfo: [/proc/self/status]	VmHWM:	   82432 kB
20230514 050556.535 INFO             PET3       After Realize: - MemInfo: [/proc/self/status]	VmRSS:	   82432 kB
20230514 050556.535 INFO             PET3       After Realize: - MemInfo: [/proc/self/status]	VmData:	   48816 kB
20230514 050556.535 INFO             PET3       After Realize: - MemInfo: [/proc/self/status]	VmStk:	     196 kB
20230514 050556.535 INFO             PET3       After Realize: - MemInfo: [/proc/self/status]	VmExe:	    1516 kB
20230514 050556.535 INFO             PET3       After Realize: - MemInfo: [/proc/self/status]	VmLib:	  141996 kB
20230514 050556.535 INFO             PET3       After Realize: - MemInfo: [/proc/self/status]	VmPTE:	     904 kB
20230514 050556.535 INFO             PET3       After Realize: - MemInfo: [/proc/self/status]	VmPMD:	      12 kB
20230514 050556.535 INFO             PET3       After Realize: - MemInfo: [/proc/self/status]	VmSwap:	       0 kB
20230514 050556.535 INFO             PET3       After Realize: - MemInfo: [/proc/self/status]	VmRSSPercent: 0.125837 %
20230514 050556.535 INFO             PET3       After Realize: - MemInfo: [malloc] Non-mmapped space allocated:                 5148672 Byte
20230514 050556.535 INFO             PET3       After Realize: - MemInfo: [malloc] Space allocated in mmapped regions:         28471296 Byte
20230514 050556.535 INFO             PET3       After Realize: - MemInfo: [malloc] Maximum total allocated space:                     0 Byte
20230514 050556.535 INFO             PET3       After Realize: - MemInfo: [malloc] Space in freed fastbin blocks:                  1872 Byte
20230514 050556.535 INFO             PET3       After Realize: - MemInfo: [malloc] Total allocated space:                       4947216 Byte
20230514 050556.535 INFO             PET3       After Realize: - MemInfo: [malloc] Total free space:                             201456 Byte
20230514 050556.535 INFO             PET3       After Realize: - MemInfo: [malloc] Top-most, releasable space:                    53792 Byte
20230514 050556.535 INFO             PET3       After Realize: - MemInfo: [malloc] Total space in use, mmap + non-mmap:        33418512 Byte
20230514 050556.535 INFO             PET3       After Realize: - MemInfo: [malloc] Total space held (mmap + non-mmap):         33619968 Byte
20230514 050556.535 INFO             PET3       After Realize: - MemInfo: [malloc] Total space used (mmap + non-mmap):         33427872 Byte
20230514 050556.535 INFO             PET3       After Realize: - MemInfo: Wall-clock time since execution start:              0.0383446 seconds
20230514 050556.536 INFO             PET3       <<<MODEL: leaving Initialize (phase=IPDvXp04) without valid internal Clock.
20230514 050556.536 INFO             PET3     MODEL: InitializeIPDvXp04 extro.
20230514 050556.537 INFO             PET3     driver: IInitRealize intro.
20230514 050556.537 INFO             PET3     driver: IInitRealize extro.
20230514 050556.538 INFO             PET3     MODEL: InitializeIPDvXp07 intro.
20230514 050556.538 INFO             PET3       >>>MODEL: entered Initialize (phase=IPDvXp07) without valid internal Clock.
20230514 050556.538 INFO             PET3       <<<MODEL: leaving Initialize (phase=IPDvXp07) with current time:    0  1  1  0  0  0   0
20230514 050556.538 INFO             PET3     MODEL: InitializeIPDvXp07 extro.
20230514 050556.538 INFO             PET3     <<<driver: leaving Initialize (phase=<none>) with current time:    0  1  1  0  0  0   0
20230514 050556.538 INFO             PET3   driver: InitializeIPDv02p3 extro.
20230514 050556.538 INFO             PET3   driver: InitializeIPDv02p5 intro.
20230514 050556.538 INFO             PET3     >>>driver: entered Initialize (phase=<none>) with current time:    0  1  1  0  0  0   0
20230514 050556.538 INFO             PET3     driver: this is a top level driver, no 'Updated' and 'InitializeDataComplete' info on this level.
20230514 050556.538 INFO             PET3     driver: InitializeIPDv02p5Data intro.
20230514 050556.539 INFO             PET3       driver: InternalInitializeComplete intro.
20230514 050556.539 INFO             PET3         driver: InitializeDataComplete='true'
20230514 050556.539 INFO             PET3       driver: InternalInitializeComplete extro.
20230514 050556.539 INFO             PET3       MODEL: InitializeIPDvXp08 intro.
20230514 050556.539 INFO             PET3         >>>MODEL: entered Initialize (phase=IPDv05p8) with current time:    0  1  1  0  0  0   0
20230514 050556.540 INFO             PET3         MODEL: InitializeDataProgress='false', InitializeDataComplete='false'
20230514 050556.540 INFO             PET3         <<<MODEL: leaving Initialize (phase=IPDv05p8) with current time:    0  1  1  0  0  0   0
20230514 050556.540 INFO             PET3       MODEL: InitializeIPDvXp08 extro.
20230514 050556.541 INFO             PET3       driver: components present that trigger loopDataDependentInitialize().
20230514 050556.541 INFO             PET3       driver: loopDataDependentInitialize intro.
20230514 050556.541 INFO             PET3         driver: component    0=driver, dataComplete (local): true
20230514 050556.541 INFO             PET3         driver: component    0=driver, dataComplete (global):  T
20230514 050556.541 INFO             PET3         driver: component    1=MODEL, dataComplete (local): false
20230514 050556.541 INFO             PET3         driver: component    1=MODEL, dataComplete (global):  F
20230514 050556.541 INFO             PET3         MODEL: InitializeIPDvXp08 intro.
20230514 050556.542 INFO             PET3           >>>MODEL: entered Initialize (phase=IPDv05p8) with current time:    0  1  1  0  0  0   0
20230514 050556.542 INFO             PET3           MODEL: InitializeDataProgress='true', InitializeDataComplete='true'
20230514 050556.542 INFO             PET3           <<<MODEL: leaving Initialize (phase=IPDv05p8) with current time:    0  1  1  0  0  0   0
20230514 050556.542 INFO             PET3         MODEL: InitializeIPDvXp08 extro.
20230514 050556.543 INFO             PET3         driver: component    1=MODEL, someProgress (local): true
20230514 050556.543 INFO             PET3         driver: component    1=MODEL, someProgress (global):  T
20230514 050556.543 INFO             PET3         driver: someProgress= T, allComplete= F, present(dataDepAllComplete)= T
20230514 050556.544 INFO             PET3         driver: component    0=driver, dataComplete (local): true
20230514 050556.544 INFO             PET3         driver: component    0=driver, dataComplete (global):  T
20230514 050556.544 INFO             PET3         driver: component    1=MODEL, dataComplete (local): true
20230514 050556.544 INFO             PET3         driver: component    1=MODEL, dataComplete (global):  T
20230514 050556.544 INFO             PET3         driver: someProgress= F, allComplete= T, present(dataDepAllComplete)= T
20230514 050556.544 INFO             PET3         driver: finished resolving initialize data dependencies on this level.
20230514 050556.544 INFO             PET3       driver: loopDataDependentInitialize extro.
20230514 050556.544 INFO             PET3       driver: loopDataDependentInitialize() returned with dataDepAllComplete:  T
20230514 050556.544 INFO             PET3     driver: InitializeIPDv02p5Data extro.
20230514 050556.544 INFO             PET3     <<<driver: leaving Initialize (phase=<none>) with current time:    0  1  1  0  0  0   0
20230514 050556.544 INFO             PET3   driver: InitializeIPDv02p5 extro.
20230514 050556.544 INFO             PET3 driver: InitializeGeneric extro.
20230514 050556.544 INFO             PET3 driver: Run intro.
20230514 050556.544 INFO             PET3   >>>driver entered Run (phase=RunPhase1) with current time:    0  1  1  0  0  0   0
20230514 050556.544 INFO             PET3   driver: after lable_SetRunClock, current time:    0  1  1  0  0  0   0
20230514 050556.544 INFO             PET3   driver: begin -------> RunSequence.
20230514 050556.544 INFO             PET3     driver: RunSequence event loopLevel=   1  levelMember=   1  loopIteration=   1, current time:    0  1  1  0  0  0   0
20230514 050556.544 INFO             PET3     MODEL: Run intro.
20230514 050556.545 INFO             PET3       >>>MODEL: entered Run (phase=RunPhase1) with current time:    0  1  1  0  0  0   0
20230514 050556.545 INFO             PET3       MODEL: time step-loop starting, current time:    0  1  1  0  0  0   0
20230514 050556.546 INFO             PET3       thread_num=   1   currentSsiPe=  57   num_threads=   3   max_threads=   3   num_procs=  36
20230514 050556.546 INFO             PET3       thread_num=   0   currentSsiPe=  71   num_threads=   3   max_threads=   3   num_procs=  36
20230514 050556.546 INFO             PET3       thread_num=   2   currentSsiPe=  23   num_threads=   3   max_threads=   3   num_procs=  36
20230514 050556.546 INFO             PET3       ---->Advancing Model from:    0  1  1  0  0  0   0
20230514 050556.546 INFO             PET3       ---------------------> to:    0  1  1  0  0 30   0
20230514 050556.546 INFO             PET3       MODEL: time step-loop ending,   current time:    0  1  1  0  0 30   0
20230514 050556.546 INFO             PET3       <<<MODEL: leaving Run (phase=RunPhase1) with current time:    0  1  1  0  0 30   0
20230514 050556.546 INFO             PET3     MODEL: Run extro.
20230514 050556.546 INFO             PET3     driver: RunSequence event loopLevel=   1  levelMember=   1  loopIteration=   2, current time:    0  1  1  0  0 30   0
20230514 050556.546 INFO             PET3     MODEL: Run intro.
20230514 050556.546 INFO             PET3       >>>MODEL: entered Run (phase=RunPhase1) with current time:    0  1  1  0  0 30   0
20230514 050556.546 INFO             PET3       MODEL: time step-loop starting, current time:    0  1  1  0  0 30   0
20230514 050556.546 INFO             PET3       thread_num=   2   currentSsiPe=  23   num_threads=   3   max_threads=   3   num_procs=  36
20230514 050556.546 INFO             PET3       thread_num=   0   currentSsiPe=  71   num_threads=   3   max_threads=   3   num_procs=  36
20230514 050556.546 INFO             PET3       thread_num=   1   currentSsiPe=  57   num_threads=   3   max_threads=   3   num_procs=  36
20230514 050556.546 INFO             PET3       ---->Advancing Model from:    0  1  1  0  0 30   0
20230514 050556.546 INFO             PET3       ---------------------> to:    0  1  1  0  1  0   0
20230514 050556.546 INFO             PET3       MODEL: time step-loop ending,   current time:    0  1  1  0  1  0   0
20230514 050556.546 INFO             PET3       <<<MODEL: leaving Run (phase=RunPhase1) with current time:    0  1  1  0  1  0   0
20230514 050556.546 INFO             PET3     MODEL: Run extro.
20230514 050556.546 INFO             PET3     driver: RunSequence event loopLevel=   1  levelMember=   1  loopIteration=   3, current time:    0  1  1  0  1  0   0
20230514 050556.547 INFO             PET3     MODEL: Run intro.
20230514 050556.547 INFO             PET3       >>>MODEL: entered Run (phase=RunPhase1) with current time:    0  1  1  0  1  0   0
20230514 050556.547 INFO             PET3       MODEL: time step-loop starting, current time:    0  1  1  0  1  0   0
20230514 050556.547 INFO             PET3       thread_num=   2   currentSsiPe=  23   num_threads=   3   max_threads=   3   num_procs=  36
20230514 050556.547 INFO             PET3       thread_num=   1   currentSsiPe=  57   num_threads=   3   max_threads=   3   num_procs=  36
20230514 050556.547 INFO             PET3       thread_num=   0   currentSsiPe=  71   num_threads=   3   max_threads=   3   num_procs=  36
20230514 050556.547 INFO             PET3       ---->Advancing Model from:    0  1  1  0  1  0   0
20230514 050556.547 INFO             PET3       ---------------------> to:    0  1  1  0  1 30   0
20230514 050556.547 INFO             PET3       MODEL: time step-loop ending,   current time:    0  1  1  0  1 30   0
20230514 050556.547 INFO             PET3       <<<MODEL: leaving Run (phase=RunPhase1) with current time:    0  1  1  0  1 30   0
20230514 050556.547 INFO             PET3     MODEL: Run extro.
20230514 050556.547 INFO             PET3     driver: RunSequence event loopLevel=   1  levelMember=   1  loopIteration=   4, current time:    0  1  1  0  1 30   0
20230514 050556.547 INFO             PET3     MODEL: Run intro.
20230514 050556.547 INFO             PET3       >>>MODEL: entered Run (phase=RunPhase1) with current time:    0  1  1  0  1 30   0
20230514 050556.547 INFO             PET3       MODEL: time step-loop starting, current time:    0  1  1  0  1 30   0
20230514 050556.547 INFO             PET3       thread_num=   1   currentSsiPe=  57   num_threads=   3   max_threads=   3   num_procs=  36
20230514 050556.547 INFO             PET3       thread_num=   2   currentSsiPe=  23   num_threads=   3   max_threads=   3   num_procs=  36
20230514 050556.547 INFO             PET3       thread_num=   0   currentSsiPe=  71   num_threads=   3   max_threads=   3   num_procs=  36
20230514 050556.547 INFO             PET3       ---->Advancing Model from:    0  1  1  0  1 30   0
20230514 050556.547 INFO             PET3       ---------------------> to:    0  1  1  0  2  0   0
20230514 050556.547 INFO             PET3       MODEL: time step-loop ending,   current time:    0  1  1  0  2  0   0
20230514 050556.548 INFO             PET3       <<<MODEL: leaving Run (phase=RunPhase1) with current time:    0  1  1  0  2  0   0
20230514 050556.548 INFO             PET3     MODEL: Run extro.
20230514 050556.548 INFO             PET3     driver: RunSequence event loopLevel=   1  levelMember=   1  loopIteration=   5, current time:    0  1  1  0  2  0   0
20230514 050556.548 INFO             PET3     MODEL: Run intro.
20230514 050556.548 INFO             PET3       >>>MODEL: entered Run (phase=RunPhase1) with current time:    0  1  1  0  2  0   0
20230514 050556.548 INFO             PET3       MODEL: time step-loop starting, current time:    0  1  1  0  2  0   0
20230514 050556.548 INFO             PET3       thread_num=   2   currentSsiPe=  23   num_threads=   3   max_threads=   3   num_procs=  36
20230514 050556.548 INFO             PET3       thread_num=   1   currentSsiPe=  57   num_threads=   3   max_threads=   3   num_procs=  36
20230514 050556.548 INFO             PET3       thread_num=   0   currentSsiPe=  71   num_threads=   3   max_threads=   3   num_procs=  36
20230514 050556.548 INFO             PET3       ---->Advancing Model from:    0  1  1  0  2  0   0
20230514 050556.548 INFO             PET3       ---------------------> to:    0  1  1  0  2 30   0
20230514 050556.548 INFO             PET3       MODEL: time step-loop ending,   current time:    0  1  1  0  2 30   0
20230514 050556.548 INFO             PET3       <<<MODEL: leaving Run (phase=RunPhase1) with current time:    0  1  1  0  2 30   0
20230514 050556.548 INFO             PET3     MODEL: Run extro.
20230514 050556.548 INFO             PET3   driver: end <--------- RunSequence
20230514 050556.548 INFO             PET3   <<<driver - leaving Run with current time:    0  1  1  0  2 30   0
20230514 050556.548 INFO             PET3 driver: Run extro.
20230514 050556.548 INFO             PET3 driver: Finalize intro.
20230514 050556.548 INFO             PET3   Calling Finalize phase 1 for modelComp: MODEL
20230514 050556.548 INFO             PET3   MODEL: Finalize intro.
20230514 050556.548 INFO             PET3     >>>MODEL: entered Finalize (phase=FinalizePhase1) with current time:    0  1  1  0  2 30   0
20230514 050556.549 INFO             PET3     <<<MODEL: leaving Finalize (phase=FinalizePhase1) with current time:    0  1  1  0  2 30   0
20230514 050556.549 INFO             PET3   MODEL: Finalize extro.
20230514 050556.549 INFO             PET3   Delete modelComp: MODEL
20230514 050556.549 INFO             PET3   Delete Import-/Export State for modelComp: MODEL
20230514 050556.549 INFO             PET3 driver: Finalize extro.
20230514 050556.549 INFO             PET3 mainApp FINISHED
20230514 050556.549 INFO             PET3 Finalizing ESMF
