2023-06-11 23:16:19
20230612 002746.315 INFO             PET0 !!!!!!!!!!!!!!!!!!!!!!!!!!!!!!!!!!!!!!!!!!!!!!!!!!!!!!
20230612 002746.322 INFO             PET0 !!! THE ESMF_LOG IS SET TO OUTPUT ALL LOG MESSAGES !!!
20230612 002746.322 INFO             PET0 !!!     THIS MAY CAUSE SLOWDOWN IN PERFORMANCE     !!!
20230612 002746.322 INFO             PET0 !!! FOR PRODUCTION RUNS, USE:                      !!!
20230612 002746.322 INFO             PET0 !!!                   ESMF_LOGKIND_Multi_On_Error  !!!
20230612 002746.322 INFO             PET0 !!!!!!!!!!!!!!!!!!!!!!!!!!!!!!!!!!!!!!!!!!!!!!!!!!!!!!
20230612 002746.322 INFO             PET0 Running with ESMF Version   : v8.5.0b23-2-g2d76824261
20230612 002746.322 INFO             PET0 ESMF library build date/time: "Jun 11 2023" "23:14:14"
20230612 002746.322 INFO             PET0 ESMF library build location : /Users/sacks/projects/scratch/esmf-testing/gfortranclang_12.2.0_14.0.0_openmpi_g_develop/esmf
20230612 002746.322 INFO             PET0 ESMF_COMM                   : openmpi
20230612 002746.322 INFO             PET0 ESMF_MOAB                   : enabled
20230612 002746.322 INFO             PET0 ESMF_LAPACK                 : enabled
20230612 002746.322 INFO             PET0 ESMF_NETCDF                 : enabled
20230612 002746.322 INFO             PET0 ESMF_PNETCDF                : disabled
20230612 002746.322 INFO             PET0 ESMF_PIO                    : enabled
20230612 002746.322 INFO             PET0 ESMF_YAMLCPP                : enabled
20230612 002746.330 INFO             PET0 mainApp STARTING
20230612 002746.429 INFO             PET0 driver: InitializeGeneric intro.
20230612 002746.429 INFO             PET0   driver: InitializeP0 intro.
20230612 002746.429 INFO             PET0   driver: InitializeP0 extro.
20230612 002746.429 INFO             PET0   driver: InitializeIPDv02p1 intro.
20230612 002746.429 INFO             PET0     >>>driver: entered Initialize (phase=<none>) without valid internal Clock.
20230612 002746.460 INFO             PET0     driver - Creating model component MODEL without petList.
20230612 002746.521 INFO             PET0     driver - Creating state: modelComp 1 Import State
20230612 002746.521 INFO             PET0     driver - Creating state: modelComp 1 Export State
20230612 002746.524 INFO             PET0     MODEL: InitializeP0 intro.
20230612 002746.530 INFO             PET0       >>>MODEL: entered Initialize (phase=<none>) without valid internal Clock.
20230612 002746.532 INFO             PET0       <<<MODEL: leaving Initialize (phase=<none>) without valid internal Clock.
20230612 002746.532 INFO             PET0     MODEL: InitializeP0 extro.
20230612 002746.539 INFO             PET0     driver: IInitAdvertise intro.
20230612 002746.539 INFO             PET0     driver: IInitAdvertise extro.
20230612 002746.540 INFO             PET0     MODEL: InitializeIPDvXp01 intro.
20230612 002746.540 INFO             PET0       >>>MODEL: entered Initialize (phase=IPDvXp01) without valid internal Clock.
20230612 002746.548 INFO             PET0       <<<MODEL: leaving Initialize (phase=IPDvXp01) without valid internal Clock.
20230612 002746.548 INFO             PET0     MODEL: InitializeIPDvXp01 extro.
20230612 002746.554 INFO             PET0     driver: IInitAdvertiseFinish intro.
20230612 002746.554 INFO             PET0     driver: IInitAdvertiseFinish extro.
20230612 002746.554 INFO             PET0     driver: IInitModifyCplLists intro.
20230612 002746.554 INFO             PET0     driver: IInitModifyCplLists extro.
20230612 002746.554 INFO             PET0     <<<driver: leaving Initialize (phase=<none>) with current time:    0  1  1  0  0  0   0
20230612 002746.554 INFO             PET0   driver: InitializeIPDv02p1 extro.
20230612 002746.556 INFO             PET0   driver: InitializeIPDv02p3 intro.
20230612 002746.557 INFO             PET0     >>>driver: entered Initialize (phase=<none>) with current time:    0  1  1  0  0  0   0
20230612 002746.558 INFO             PET0     driver: IInitCheck intro.
20230612 002746.558 INFO             PET0     driver: IInitCheck extro.
20230612 002746.558 INFO             PET0     MODEL: InitializeIPDvXp04 intro.
20230612 002746.559 INFO             PET0       >>>MODEL: entered Initialize (phase=IPDvXp04) without valid internal Clock.
20230612 002746.574 INFO             PET0       <<<MODEL: leaving Initialize (phase=IPDvXp04) without valid internal Clock.
20230612 002746.574 INFO             PET0     MODEL: InitializeIPDvXp04 extro.
20230612 002746.581 INFO             PET0     driver: IInitRealize intro.
20230612 002746.581 INFO             PET0     driver: IInitRealize extro.
20230612 002746.582 INFO             PET0     MODEL: InitializeIPDvXp07 intro.
20230612 002746.582 INFO             PET0       >>>MODEL: entered Initialize (phase=IPDvXp07) without valid internal Clock.
20230612 002746.582 INFO             PET0       <<<MODEL: leaving Initialize (phase=IPDvXp07) with current time:    0  1  1  0  0  0   0
20230612 002746.582 INFO             PET0     MODEL: InitializeIPDvXp07 extro.
20230612 002746.582 INFO             PET0     <<<driver: leaving Initialize (phase=<none>) with current time:    0  1  1  0  0  0   0
20230612 002746.582 INFO             PET0   driver: InitializeIPDv02p3 extro.
20230612 002746.582 INFO             PET0   driver: InitializeIPDv02p5 intro.
20230612 002746.582 INFO             PET0     >>>driver: entered Initialize (phase=<none>) with current time:    0  1  1  0  0  0   0
20230612 002746.582 INFO             PET0     driver: this is a top level driver, no 'Updated' and 'InitializeDataComplete' info on this level.
20230612 002746.582 INFO             PET0     driver: InitializeIPDv02p5Data intro.
20230612 002746.583 INFO             PET0       driver: InternalInitializeComplete intro.
20230612 002746.583 INFO             PET0         driver: InitializeDataComplete='true'
20230612 002746.583 INFO             PET0       driver: InternalInitializeComplete extro.
20230612 002746.583 INFO             PET0       MODEL: InitializeIPDv01p5 intro.
20230612 002746.583 INFO             PET0         >>>MODEL: entered Initialize (phase=IPDvXp08) with current time:    0  1  1  0  0  0   0
20230612 002746.583 INFO             PET0         <<<MODEL: leaving Initialize (phase=IPDvXp08) with current time:    0  1  1  0  0  0   0
20230612 002746.583 INFO             PET0       MODEL: InitializeIPDv01p5 extro.
20230612 002746.598 INFO             PET0       driver: components present that trigger loopDataDependentInitialize().
20230612 002746.598 INFO             PET0       driver: loopDataDependentInitialize intro.
20230612 002746.601 INFO             PET0         driver: component    0=driver, dataComplete (local): true
20230612 002746.601 INFO             PET0         driver: component    0=driver, dataComplete (global): T
20230612 002746.601 INFO             PET0         driver: component    1=MODEL, dataComplete (local): true
20230612 002746.601 INFO             PET0         driver: component    1=MODEL, dataComplete (global): T
20230612 002746.601 INFO             PET0         driver: someProgress=F, allComplete=T, present(dataDepAllComplete)=T
20230612 002746.601 INFO             PET0         driver: finished resolving initialize data dependencies on this level.
20230612 002746.601 INFO             PET0       driver: loopDataDependentInitialize extro.
20230612 002746.601 INFO             PET0       driver: loopDataDependentInitialize() returned with dataDepAllComplete: T
20230612 002746.601 INFO             PET0     driver: InitializeIPDv02p5Data extro.
20230612 002746.601 INFO             PET0     <<<driver: leaving Initialize (phase=<none>) with current time:    0  1  1  0  0  0   0
20230612 002746.601 INFO             PET0   driver: InitializeIPDv02p5 extro.
20230612 002746.601 INFO             PET0 driver: InitializeGeneric extro.
20230612 002746.601 INFO             PET0 driver: Run intro.
20230612 002746.601 INFO             PET0   >>>driver entered Run (phase=RunPhase1) with current time:    0  1  1  0  0  0   0
20230612 002746.601 INFO             PET0   driver: after lable_SetRunClock, current time:    0  1  1  0  0  0   0
20230612 002746.601 INFO             PET0   driver: begin -------> RunSequence.
20230612 002746.602 INFO             PET0     driver: RunSequence event loopLevel=   1  levelMember=   1  loopIteration=   1, current time:    0  1  1  0  0  0   0
20230612 002746.602 INFO             PET0     MODEL: Run intro.
20230612 002746.602 INFO             PET0       >>>MODEL: entered Run (phase=RunPhase1) with current time:    0  1  1  0  0  0   0
20230612 002746.602 INFO             PET0       ---->Advancing Model from:    0  1  1  0  0  0   0
20230612 002746.602 INFO             PET0       ---------------------> to:    0  1  1  0  0 30   0
20230612 002746.602 INFO             PET0       <<<MODEL: leaving Run (phase=RunPhase1) with current time:    0  1  1  0  0 30   0
20230612 002746.602 INFO             PET0     MODEL: Run extro.
20230612 002746.602 INFO             PET0     driver: RunSequence event loopLevel=   1  levelMember=   1  loopIteration=   2, current time:    0  1  1  0  0 30   0
20230612 002746.602 INFO             PET0     MODEL: Run intro.
20230612 002746.602 INFO             PET0       >>>MODEL: entered Run (phase=RunPhase1) with current time:    0  1  1  0  0 30   0
20230612 002746.602 INFO             PET0       ---->Advancing Model from:    0  1  1  0  0 30   0
20230612 002746.602 INFO             PET0       ---------------------> to:    0  1  1  0  1  0   0
20230612 002746.602 INFO             PET0       <<<MODEL: leaving Run (phase=RunPhase1) with current time:    0  1  1  0  1  0   0
20230612 002746.602 INFO             PET0     MODEL: Run extro.
20230612 002746.602 INFO             PET0     driver: RunSequence event loopLevel=   1  levelMember=   1  loopIteration=   3, current time:    0  1  1  0  1  0   0
20230612 002746.602 INFO             PET0     MODEL: Run intro.
20230612 002746.603 INFO             PET0       >>>MODEL: entered Run (phase=RunPhase1) with current time:    0  1  1  0  1  0   0
20230612 002746.603 INFO             PET0       ---->Advancing Model from:    0  1  1  0  1  0   0
20230612 002746.603 INFO             PET0       ---------------------> to:    0  1  1  0  1 30   0
20230612 002746.603 INFO             PET0       <<<MODEL: leaving Run (phase=RunPhase1) with current time:    0  1  1  0  1 30   0
20230612 002746.603 INFO             PET0     MODEL: Run extro.
20230612 002746.603 INFO             PET0     driver: RunSequence event loopLevel=   1  levelMember=   1  loopIteration=   4, current time:    0  1  1  0  1 30   0
20230612 002746.603 INFO             PET0     MODEL: Run intro.
20230612 002746.603 INFO             PET0       >>>MODEL: entered Run (phase=RunPhase1) with current time:    0  1  1  0  1 30   0
20230612 002746.603 INFO             PET0       ---->Advancing Model from:    0  1  1  0  1 30   0
20230612 002746.603 INFO             PET0       ---------------------> to:    0  1  1  0  2  0   0
20230612 002746.603 INFO             PET0       <<<MODEL: leaving Run (phase=RunPhase1) with current time:    0  1  1  0  2  0   0
20230612 002746.603 INFO             PET0     MODEL: Run extro.
20230612 002746.603 INFO             PET0     driver: RunSequence event loopLevel=   1  levelMember=   1  loopIteration=   5, current time:    0  1  1  0  2  0   0
20230612 002746.603 INFO             PET0     MODEL: Run intro.
20230612 002746.603 INFO             PET0       >>>MODEL: entered Run (phase=RunPhase1) with current time:    0  1  1  0  2  0   0
20230612 002746.603 INFO             PET0       ---->Advancing Model from:    0  1  1  0  2  0   0
20230612 002746.603 INFO             PET0       ---------------------> to:    0  1  1  0  2 30   0
20230612 002746.603 INFO             PET0       <<<MODEL: leaving Run (phase=RunPhase1) with current time:    0  1  1  0  2 30   0
20230612 002746.603 INFO             PET0     MODEL: Run extro.
20230612 002746.603 INFO             PET0   driver: end <--------- RunSequence
20230612 002746.603 INFO             PET0   <<<driver - leaving Run with current time:    0  1  1  0  2 30   0
20230612 002746.603 INFO             PET0 driver: Run extro.
20230612 002746.603 INFO             PET0 driver: Finalize intro.
20230612 002746.603 INFO             PET0   Calling Finalize phase 1 for modelComp: MODEL
20230612 002746.603 INFO             PET0   MODEL: Finalize intro.
20230612 002746.603 INFO             PET0     >>>MODEL: entered Finalize (phase=FinalizePhase1) with current time:    0  1  1  0  2 30   0
20230612 002746.603 INFO             PET0     <<<MODEL: leaving Finalize (phase=FinalizePhase1) with current time:    0  1  1  0  2 30   0
20230612 002746.603 INFO             PET0   MODEL: Finalize extro.
20230612 002746.603 INFO             PET0   Delete modelComp: MODEL
20230612 002746.603 INFO             PET0   Delete Import-/Export State for modelComp: MODEL
20230612 002746.603 INFO             PET0 driver: Finalize extro.
20230612 002746.603 INFO             PET0 mainApp FINISHED
20230612 002746.603 INFO             PET0 Finalizing ESMF
20230612 002746.315 INFO             PET1 !!!!!!!!!!!!!!!!!!!!!!!!!!!!!!!!!!!!!!!!!!!!!!!!!!!!!!
20230612 002746.327 INFO             PET1 !!! THE ESMF_LOG IS SET TO OUTPUT ALL LOG MESSAGES !!!
20230612 002746.327 INFO             PET1 !!!     THIS MAY CAUSE SLOWDOWN IN PERFORMANCE     !!!
20230612 002746.327 INFO             PET1 !!! FOR PRODUCTION RUNS, USE:                      !!!
20230612 002746.327 INFO             PET1 !!!                   ESMF_LOGKIND_Multi_On_Error  !!!
20230612 002746.327 INFO             PET1 !!!!!!!!!!!!!!!!!!!!!!!!!!!!!!!!!!!!!!!!!!!!!!!!!!!!!!
20230612 002746.327 INFO             PET1 Running with ESMF Version   : v8.5.0b23-2-g2d76824261
20230612 002746.327 INFO             PET1 ESMF library build date/time: "Jun 11 2023" "23:14:14"
20230612 002746.327 INFO             PET1 ESMF library build location : /Users/sacks/projects/scratch/esmf-testing/gfortranclang_12.2.0_14.0.0_openmpi_g_develop/esmf
20230612 002746.327 INFO             PET1 ESMF_COMM                   : openmpi
20230612 002746.327 INFO             PET1 ESMF_MOAB                   : enabled
20230612 002746.327 INFO             PET1 ESMF_LAPACK                 : enabled
20230612 002746.327 INFO             PET1 ESMF_NETCDF                 : enabled
20230612 002746.327 INFO             PET1 ESMF_PNETCDF                : disabled
20230612 002746.327 INFO             PET1 ESMF_PIO                    : enabled
20230612 002746.327 INFO             PET1 ESMF_YAMLCPP                : enabled
20230612 002746.330 INFO             PET1 mainApp STARTING
20230612 002746.415 INFO             PET1 driver: InitializeGeneric intro.
20230612 002746.415 INFO             PET1   driver: InitializeP0 intro.
20230612 002746.415 INFO             PET1   driver: InitializeP0 extro.
20230612 002746.415 INFO             PET1   driver: InitializeIPDv02p1 intro.
20230612 002746.416 INFO             PET1     >>>driver: entered Initialize (phase=<none>) without valid internal Clock.
20230612 002746.464 INFO             PET1     driver - Creating model component MODEL without petList.
20230612 002746.527 INFO             PET1     driver - Creating state: modelComp 1 Import State
20230612 002746.527 INFO             PET1     driver - Creating state: modelComp 1 Export State
20230612 002746.528 INFO             PET1     MODEL: InitializeP0 intro.
20230612 002746.529 INFO             PET1       >>>MODEL: entered Initialize (phase=<none>) without valid internal Clock.
20230612 002746.535 INFO             PET1       <<<MODEL: leaving Initialize (phase=<none>) without valid internal Clock.
20230612 002746.535 INFO             PET1     MODEL: InitializeP0 extro.
20230612 002746.544 INFO             PET1     driver: IInitAdvertise intro.
20230612 002746.544 INFO             PET1     driver: IInitAdvertise extro.
20230612 002746.544 INFO             PET1     MODEL: InitializeIPDvXp01 intro.
20230612 002746.544 INFO             PET1       >>>MODEL: entered Initialize (phase=IPDvXp01) without valid internal Clock.
20230612 002746.552 INFO             PET1       <<<MODEL: leaving Initialize (phase=IPDvXp01) without valid internal Clock.
20230612 002746.552 INFO             PET1     MODEL: InitializeIPDvXp01 extro.
20230612 002746.562 INFO             PET1     driver: IInitAdvertiseFinish intro.
20230612 002746.563 INFO             PET1     driver: IInitAdvertiseFinish extro.
20230612 002746.563 INFO             PET1     driver: IInitModifyCplLists intro.
20230612 002746.563 INFO             PET1     driver: IInitModifyCplLists extro.
20230612 002746.563 INFO             PET1     <<<driver: leaving Initialize (phase=<none>) with current time:    0  1  1  0  0  0   0
20230612 002746.563 INFO             PET1   driver: InitializeIPDv02p1 extro.
20230612 002746.563 INFO             PET1   driver: InitializeIPDv02p3 intro.
20230612 002746.563 INFO             PET1     >>>driver: entered Initialize (phase=<none>) with current time:    0  1  1  0  0  0   0
20230612 002746.564 INFO             PET1     driver: IInitCheck intro.
20230612 002746.564 INFO             PET1     driver: IInitCheck extro.
20230612 002746.564 INFO             PET1     MODEL: InitializeIPDvXp04 intro.
20230612 002746.564 INFO             PET1       >>>MODEL: entered Initialize (phase=IPDvXp04) without valid internal Clock.
20230612 002746.574 INFO             PET1       <<<MODEL: leaving Initialize (phase=IPDvXp04) without valid internal Clock.
20230612 002746.574 INFO             PET1     MODEL: InitializeIPDvXp04 extro.
20230612 002746.580 INFO             PET1     driver: IInitRealize intro.
20230612 002746.580 INFO             PET1     driver: IInitRealize extro.
20230612 002746.581 INFO             PET1     MODEL: InitializeIPDvXp07 intro.
20230612 002746.581 INFO             PET1       >>>MODEL: entered Initialize (phase=IPDvXp07) without valid internal Clock.
20230612 002746.581 INFO             PET1       <<<MODEL: leaving Initialize (phase=IPDvXp07) with current time:    0  1  1  0  0  0   0
20230612 002746.581 INFO             PET1     MODEL: InitializeIPDvXp07 extro.
20230612 002746.581 INFO             PET1     <<<driver: leaving Initialize (phase=<none>) with current time:    0  1  1  0  0  0   0
20230612 002746.581 INFO             PET1   driver: InitializeIPDv02p3 extro.
20230612 002746.581 INFO             PET1   driver: InitializeIPDv02p5 intro.
20230612 002746.581 INFO             PET1     >>>driver: entered Initialize (phase=<none>) with current time:    0  1  1  0  0  0   0
20230612 002746.581 INFO             PET1     driver: this is a top level driver, no 'Updated' and 'InitializeDataComplete' info on this level.
20230612 002746.581 INFO             PET1     driver: InitializeIPDv02p5Data intro.
20230612 002746.581 INFO             PET1       driver: InternalInitializeComplete intro.
20230612 002746.582 INFO             PET1         driver: InitializeDataComplete='true'
20230612 002746.582 INFO             PET1       driver: InternalInitializeComplete extro.
20230612 002746.582 INFO             PET1       MODEL: InitializeIPDv01p5 intro.
20230612 002746.582 INFO             PET1         >>>MODEL: entered Initialize (phase=IPDvXp08) with current time:    0  1  1  0  0  0   0
20230612 002746.582 INFO             PET1         <<<MODEL: leaving Initialize (phase=IPDvXp08) with current time:    0  1  1  0  0  0   0
20230612 002746.582 INFO             PET1       MODEL: InitializeIPDv01p5 extro.
20230612 002746.597 INFO             PET1       driver: components present that trigger loopDataDependentInitialize().
20230612 002746.597 INFO             PET1       driver: loopDataDependentInitialize intro.
20230612 002746.601 INFO             PET1         driver: component    0=driver, dataComplete (local): true
20230612 002746.601 INFO             PET1         driver: component    0=driver, dataComplete (global): T
20230612 002746.601 INFO             PET1         driver: component    1=MODEL, dataComplete (local): true
20230612 002746.601 INFO             PET1         driver: component    1=MODEL, dataComplete (global): T
20230612 002746.601 INFO             PET1         driver: someProgress=F, allComplete=T, present(dataDepAllComplete)=T
20230612 002746.601 INFO             PET1         driver: finished resolving initialize data dependencies on this level.
20230612 002746.601 INFO             PET1       driver: loopDataDependentInitialize extro.
20230612 002746.601 INFO             PET1       driver: loopDataDependentInitialize() returned with dataDepAllComplete: T
20230612 002746.601 INFO             PET1     driver: InitializeIPDv02p5Data extro.
20230612 002746.601 INFO             PET1     <<<driver: leaving Initialize (phase=<none>) with current time:    0  1  1  0  0  0   0
20230612 002746.601 INFO             PET1   driver: InitializeIPDv02p5 extro.
20230612 002746.601 INFO             PET1 driver: InitializeGeneric extro.
20230612 002746.601 INFO             PET1 driver: Run intro.
20230612 002746.601 INFO             PET1   >>>driver entered Run (phase=RunPhase1) with current time:    0  1  1  0  0  0   0
20230612 002746.601 INFO             PET1   driver: after lable_SetRunClock, current time:    0  1  1  0  0  0   0
20230612 002746.601 INFO             PET1   driver: begin -------> RunSequence.
20230612 002746.601 INFO             PET1     driver: RunSequence event loopLevel=   1  levelMember=   1  loopIteration=   1, current time:    0  1  1  0  0  0   0
20230612 002746.602 INFO             PET1     MODEL: Run intro.
20230612 002746.602 INFO             PET1       >>>MODEL: entered Run (phase=RunPhase1) with current time:    0  1  1  0  0  0   0
20230612 002746.602 INFO             PET1       ---->Advancing Model from:    0  1  1  0  0  0   0
20230612 002746.602 INFO             PET1       ---------------------> to:    0  1  1  0  0 30   0
20230612 002746.602 INFO             PET1       <<<MODEL: leaving Run (phase=RunPhase1) with current time:    0  1  1  0  0 30   0
20230612 002746.602 INFO             PET1     MODEL: Run extro.
20230612 002746.602 INFO             PET1     driver: RunSequence event loopLevel=   1  levelMember=   1  loopIteration=   2, current time:    0  1  1  0  0 30   0
20230612 002746.602 INFO             PET1     MODEL: Run intro.
20230612 002746.602 INFO             PET1       >>>MODEL: entered Run (phase=RunPhase1) with current time:    0  1  1  0  0 30   0
20230612 002746.602 INFO             PET1       ---->Advancing Model from:    0  1  1  0  0 30   0
20230612 002746.602 INFO             PET1       ---------------------> to:    0  1  1  0  1  0   0
20230612 002746.602 INFO             PET1       <<<MODEL: leaving Run (phase=RunPhase1) with current time:    0  1  1  0  1  0   0
20230612 002746.602 INFO             PET1     MODEL: Run extro.
20230612 002746.602 INFO             PET1     driver: RunSequence event loopLevel=   1  levelMember=   1  loopIteration=   3, current time:    0  1  1  0  1  0   0
20230612 002746.602 INFO             PET1     MODEL: Run intro.
20230612 002746.602 INFO             PET1       >>>MODEL: entered Run (phase=RunPhase1) with current time:    0  1  1  0  1  0   0
20230612 002746.603 INFO             PET1       ---->Advancing Model from:    0  1  1  0  1  0   0
20230612 002746.603 INFO             PET1       ---------------------> to:    0  1  1  0  1 30   0
20230612 002746.603 INFO             PET1       <<<MODEL: leaving Run (phase=RunPhase1) with current time:    0  1  1  0  1 30   0
20230612 002746.603 INFO             PET1     MODEL: Run extro.
20230612 002746.603 INFO             PET1     driver: RunSequence event loopLevel=   1  levelMember=   1  loopIteration=   4, current time:    0  1  1  0  1 30   0
20230612 002746.603 INFO             PET1     MODEL: Run intro.
20230612 002746.603 INFO             PET1       >>>MODEL: entered Run (phase=RunPhase1) with current time:    0  1  1  0  1 30   0
20230612 002746.603 INFO             PET1       ---->Advancing Model from:    0  1  1  0  1 30   0
20230612 002746.603 INFO             PET1       ---------------------> to:    0  1  1  0  2  0   0
20230612 002746.603 INFO             PET1       <<<MODEL: leaving Run (phase=RunPhase1) with current time:    0  1  1  0  2  0   0
20230612 002746.603 INFO             PET1     MODEL: Run extro.
20230612 002746.603 INFO             PET1     driver: RunSequence event loopLevel=   1  levelMember=   1  loopIteration=   5, current time:    0  1  1  0  2  0   0
20230612 002746.603 INFO             PET1     MODEL: Run intro.
20230612 002746.603 INFO             PET1       >>>MODEL: entered Run (phase=RunPhase1) with current time:    0  1  1  0  2  0   0
20230612 002746.603 INFO             PET1       ---->Advancing Model from:    0  1  1  0  2  0   0
20230612 002746.603 INFO             PET1       ---------------------> to:    0  1  1  0  2 30   0
20230612 002746.603 INFO             PET1       <<<MODEL: leaving Run (phase=RunPhase1) with current time:    0  1  1  0  2 30   0
20230612 002746.603 INFO             PET1     MODEL: Run extro.
20230612 002746.603 INFO             PET1   driver: end <--------- RunSequence
20230612 002746.603 INFO             PET1   <<<driver - leaving Run with current time:    0  1  1  0  2 30   0
20230612 002746.603 INFO             PET1 driver: Run extro.
20230612 002746.603 INFO             PET1 driver: Finalize intro.
20230612 002746.603 INFO             PET1   Calling Finalize phase 1 for modelComp: MODEL
20230612 002746.604 INFO             PET1   MODEL: Finalize intro.
20230612 002746.604 INFO             PET1     >>>MODEL: entered Finalize (phase=FinalizePhase1) with current time:    0  1  1  0  2 30   0
20230612 002746.604 INFO             PET1     <<<MODEL: leaving Finalize (phase=FinalizePhase1) with current time:    0  1  1  0  2 30   0
20230612 002746.604 INFO             PET1   MODEL: Finalize extro.
20230612 002746.604 INFO             PET1   Delete modelComp: MODEL
20230612 002746.604 INFO             PET1   Delete Import-/Export State for modelComp: MODEL
20230612 002746.604 INFO             PET1 driver: Finalize extro.
20230612 002746.604 INFO             PET1 mainApp FINISHED
20230612 002746.604 INFO             PET1 Finalizing ESMF
20230612 002746.315 INFO             PET2 !!!!!!!!!!!!!!!!!!!!!!!!!!!!!!!!!!!!!!!!!!!!!!!!!!!!!!
20230612 002746.317 INFO             PET2 !!! THE ESMF_LOG IS SET TO OUTPUT ALL LOG MESSAGES !!!
20230612 002746.317 INFO             PET2 !!!     THIS MAY CAUSE SLOWDOWN IN PERFORMANCE     !!!
20230612 002746.317 INFO             PET2 !!! FOR PRODUCTION RUNS, USE:                      !!!
20230612 002746.317 INFO             PET2 !!!                   ESMF_LOGKIND_Multi_On_Error  !!!
20230612 002746.317 INFO             PET2 !!!!!!!!!!!!!!!!!!!!!!!!!!!!!!!!!!!!!!!!!!!!!!!!!!!!!!
20230612 002746.317 INFO             PET2 Running with ESMF Version   : v8.5.0b23-2-g2d76824261
20230612 002746.317 INFO             PET2 ESMF library build date/time: "Jun 11 2023" "23:14:14"
20230612 002746.317 INFO             PET2 ESMF library build location : /Users/sacks/projects/scratch/esmf-testing/gfortranclang_12.2.0_14.0.0_openmpi_g_develop/esmf
20230612 002746.317 INFO             PET2 ESMF_COMM                   : openmpi
20230612 002746.317 INFO             PET2 ESMF_MOAB                   : enabled
20230612 002746.317 INFO             PET2 ESMF_LAPACK                 : enabled
20230612 002746.317 INFO             PET2 ESMF_NETCDF                 : enabled
20230612 002746.317 INFO             PET2 ESMF_PNETCDF                : disabled
20230612 002746.317 INFO             PET2 ESMF_PIO                    : enabled
20230612 002746.317 INFO             PET2 ESMF_YAMLCPP                : enabled
20230612 002746.334 INFO             PET2 mainApp STARTING
20230612 002746.425 INFO             PET2 driver: InitializeGeneric intro.
20230612 002746.425 INFO             PET2   driver: InitializeP0 intro.
20230612 002746.425 INFO             PET2   driver: InitializeP0 extro.
20230612 002746.425 INFO             PET2   driver: InitializeIPDv02p1 intro.
20230612 002746.425 INFO             PET2     >>>driver: entered Initialize (phase=<none>) without valid internal Clock.
20230612 002746.460 INFO             PET2     driver - Creating model component MODEL without petList.
20230612 002746.527 INFO             PET2     driver - Creating state: modelComp 1 Import State
20230612 002746.527 INFO             PET2     driver - Creating state: modelComp 1 Export State
20230612 002746.528 INFO             PET2     MODEL: InitializeP0 intro.
20230612 002746.529 INFO             PET2       >>>MODEL: entered Initialize (phase=<none>) without valid internal Clock.
20230612 002746.531 INFO             PET2       <<<MODEL: leaving Initialize (phase=<none>) without valid internal Clock.
20230612 002746.531 INFO             PET2     MODEL: InitializeP0 extro.
20230612 002746.537 INFO             PET2     driver: IInitAdvertise intro.
20230612 002746.537 INFO             PET2     driver: IInitAdvertise extro.
20230612 002746.538 INFO             PET2     MODEL: InitializeIPDvXp01 intro.
20230612 002746.538 INFO             PET2       >>>MODEL: entered Initialize (phase=IPDvXp01) without valid internal Clock.
20230612 002746.546 INFO             PET2       <<<MODEL: leaving Initialize (phase=IPDvXp01) without valid internal Clock.
20230612 002746.546 INFO             PET2     MODEL: InitializeIPDvXp01 extro.
20230612 002746.553 INFO             PET2     driver: IInitAdvertiseFinish intro.
20230612 002746.560 INFO             PET2     driver: IInitAdvertiseFinish extro.
20230612 002746.560 INFO             PET2     driver: IInitModifyCplLists intro.
20230612 002746.560 INFO             PET2     driver: IInitModifyCplLists extro.
20230612 002746.560 INFO             PET2     <<<driver: leaving Initialize (phase=<none>) with current time:    0  1  1  0  0  0   0
20230612 002746.560 INFO             PET2   driver: InitializeIPDv02p1 extro.
20230612 002746.560 INFO             PET2   driver: InitializeIPDv02p3 intro.
20230612 002746.561 INFO             PET2     >>>driver: entered Initialize (phase=<none>) with current time:    0  1  1  0  0  0   0
20230612 002746.561 INFO             PET2     driver: IInitCheck intro.
20230612 002746.561 INFO             PET2     driver: IInitCheck extro.
20230612 002746.561 INFO             PET2     MODEL: InitializeIPDvXp04 intro.
20230612 002746.561 INFO             PET2       >>>MODEL: entered Initialize (phase=IPDvXp04) without valid internal Clock.
20230612 002746.571 INFO             PET2       <<<MODEL: leaving Initialize (phase=IPDvXp04) without valid internal Clock.
20230612 002746.571 INFO             PET2     MODEL: InitializeIPDvXp04 extro.
20230612 002746.579 INFO             PET2     driver: IInitRealize intro.
20230612 002746.579 INFO             PET2     driver: IInitRealize extro.
20230612 002746.579 INFO             PET2     MODEL: InitializeIPDvXp07 intro.
20230612 002746.580 INFO             PET2       >>>MODEL: entered Initialize (phase=IPDvXp07) without valid internal Clock.
20230612 002746.580 INFO             PET2       <<<MODEL: leaving Initialize (phase=IPDvXp07) with current time:    0  1  1  0  0  0   0
20230612 002746.580 INFO             PET2     MODEL: InitializeIPDvXp07 extro.
20230612 002746.580 INFO             PET2     <<<driver: leaving Initialize (phase=<none>) with current time:    0  1  1  0  0  0   0
20230612 002746.580 INFO             PET2   driver: InitializeIPDv02p3 extro.
20230612 002746.580 INFO             PET2   driver: InitializeIPDv02p5 intro.
20230612 002746.580 INFO             PET2     >>>driver: entered Initialize (phase=<none>) with current time:    0  1  1  0  0  0   0
20230612 002746.580 INFO             PET2     driver: this is a top level driver, no 'Updated' and 'InitializeDataComplete' info on this level.
20230612 002746.580 INFO             PET2     driver: InitializeIPDv02p5Data intro.
20230612 002746.585 INFO             PET2       driver: InternalInitializeComplete intro.
20230612 002746.585 INFO             PET2         driver: InitializeDataComplete='true'
20230612 002746.585 INFO             PET2       driver: InternalInitializeComplete extro.
20230612 002746.585 INFO             PET2       MODEL: InitializeIPDv01p5 intro.
20230612 002746.585 INFO             PET2         >>>MODEL: entered Initialize (phase=IPDvXp08) with current time:    0  1  1  0  0  0   0
20230612 002746.585 INFO             PET2         <<<MODEL: leaving Initialize (phase=IPDvXp08) with current time:    0  1  1  0  0  0   0
20230612 002746.585 INFO             PET2       MODEL: InitializeIPDv01p5 extro.
20230612 002746.600 INFO             PET2       driver: components present that trigger loopDataDependentInitialize().
20230612 002746.601 INFO             PET2       driver: loopDataDependentInitialize intro.
20230612 002746.601 INFO             PET2         driver: component    0=driver, dataComplete (local): true
20230612 002746.601 INFO             PET2         driver: component    0=driver, dataComplete (global): T
20230612 002746.601 INFO             PET2         driver: component    1=MODEL, dataComplete (local): true
20230612 002746.601 INFO             PET2         driver: component    1=MODEL, dataComplete (global): T
20230612 002746.601 INFO             PET2         driver: someProgress=F, allComplete=T, present(dataDepAllComplete)=T
20230612 002746.601 INFO             PET2         driver: finished resolving initialize data dependencies on this level.
20230612 002746.601 INFO             PET2       driver: loopDataDependentInitialize extro.
20230612 002746.601 INFO             PET2       driver: loopDataDependentInitialize() returned with dataDepAllComplete: T
20230612 002746.601 INFO             PET2     driver: InitializeIPDv02p5Data extro.
20230612 002746.601 INFO             PET2     <<<driver: leaving Initialize (phase=<none>) with current time:    0  1  1  0  0  0   0
20230612 002746.601 INFO             PET2   driver: InitializeIPDv02p5 extro.
20230612 002746.601 INFO             PET2 driver: InitializeGeneric extro.
20230612 002746.601 INFO             PET2 driver: Run intro.
20230612 002746.601 INFO             PET2   >>>driver entered Run (phase=RunPhase1) with current time:    0  1  1  0  0  0   0
20230612 002746.601 INFO             PET2   driver: after lable_SetRunClock, current time:    0  1  1  0  0  0   0
20230612 002746.601 INFO             PET2   driver: begin -------> RunSequence.
20230612 002746.601 INFO             PET2     driver: RunSequence event loopLevel=   1  levelMember=   1  loopIteration=   1, current time:    0  1  1  0  0  0   0
20230612 002746.602 INFO             PET2     MODEL: Run intro.
20230612 002746.602 INFO             PET2       >>>MODEL: entered Run (phase=RunPhase1) with current time:    0  1  1  0  0  0   0
20230612 002746.602 INFO             PET2       ---->Advancing Model from:    0  1  1  0  0  0   0
20230612 002746.602 INFO             PET2       ---------------------> to:    0  1  1  0  0 30   0
20230612 002746.602 INFO             PET2       <<<MODEL: leaving Run (phase=RunPhase1) with current time:    0  1  1  0  0 30   0
20230612 002746.602 INFO             PET2     MODEL: Run extro.
20230612 002746.602 INFO             PET2     driver: RunSequence event loopLevel=   1  levelMember=   1  loopIteration=   2, current time:    0  1  1  0  0 30   0
20230612 002746.602 INFO             PET2     MODEL: Run intro.
20230612 002746.602 INFO             PET2       >>>MODEL: entered Run (phase=RunPhase1) with current time:    0  1  1  0  0 30   0
20230612 002746.602 INFO             PET2       ---->Advancing Model from:    0  1  1  0  0 30   0
20230612 002746.602 INFO             PET2       ---------------------> to:    0  1  1  0  1  0   0
20230612 002746.602 INFO             PET2       <<<MODEL: leaving Run (phase=RunPhase1) with current time:    0  1  1  0  1  0   0
20230612 002746.602 INFO             PET2     MODEL: Run extro.
20230612 002746.602 INFO             PET2     driver: RunSequence event loopLevel=   1  levelMember=   1  loopIteration=   3, current time:    0  1  1  0  1  0   0
20230612 002746.602 INFO             PET2     MODEL: Run intro.
20230612 002746.602 INFO             PET2       >>>MODEL: entered Run (phase=RunPhase1) with current time:    0  1  1  0  1  0   0
20230612 002746.602 INFO             PET2       ---->Advancing Model from:    0  1  1  0  1  0   0
20230612 002746.602 INFO             PET2       ---------------------> to:    0  1  1  0  1 30   0
20230612 002746.602 INFO             PET2       <<<MODEL: leaving Run (phase=RunPhase1) with current time:    0  1  1  0  1 30   0
20230612 002746.603 INFO             PET2     MODEL: Run extro.
20230612 002746.603 INFO             PET2     driver: RunSequence event loopLevel=   1  levelMember=   1  loopIteration=   4, current time:    0  1  1  0  1 30   0
20230612 002746.603 INFO             PET2     MODEL: Run intro.
20230612 002746.603 INFO             PET2       >>>MODEL: entered Run (phase=RunPhase1) with current time:    0  1  1  0  1 30   0
20230612 002746.603 INFO             PET2       ---->Advancing Model from:    0  1  1  0  1 30   0
20230612 002746.603 INFO             PET2       ---------------------> to:    0  1  1  0  2  0   0
20230612 002746.603 INFO             PET2       <<<MODEL: leaving Run (phase=RunPhase1) with current time:    0  1  1  0  2  0   0
20230612 002746.603 INFO             PET2     MODEL: Run extro.
20230612 002746.603 INFO             PET2     driver: RunSequence event loopLevel=   1  levelMember=   1  loopIteration=   5, current time:    0  1  1  0  2  0   0
20230612 002746.603 INFO             PET2     MODEL: Run intro.
20230612 002746.603 INFO             PET2       >>>MODEL: entered Run (phase=RunPhase1) with current time:    0  1  1  0  2  0   0
20230612 002746.603 INFO             PET2       ---->Advancing Model from:    0  1  1  0  2  0   0
20230612 002746.603 INFO             PET2       ---------------------> to:    0  1  1  0  2 30   0
20230612 002746.603 INFO             PET2       <<<MODEL: leaving Run (phase=RunPhase1) with current time:    0  1  1  0  2 30   0
20230612 002746.603 INFO             PET2     MODEL: Run extro.
20230612 002746.603 INFO             PET2   driver: end <--------- RunSequence
20230612 002746.603 INFO             PET2   <<<driver - leaving Run with current time:    0  1  1  0  2 30   0
20230612 002746.603 INFO             PET2 driver: Run extro.
20230612 002746.603 INFO             PET2 driver: Finalize intro.
20230612 002746.603 INFO             PET2   Calling Finalize phase 1 for modelComp: MODEL
20230612 002746.604 INFO             PET2   MODEL: Finalize intro.
20230612 002746.604 INFO             PET2     >>>MODEL: entered Finalize (phase=FinalizePhase1) with current time:    0  1  1  0  2 30   0
20230612 002746.604 INFO             PET2     <<<MODEL: leaving Finalize (phase=FinalizePhase1) with current time:    0  1  1  0  2 30   0
20230612 002746.604 INFO             PET2   MODEL: Finalize extro.
20230612 002746.604 INFO             PET2   Delete modelComp: MODEL
20230612 002746.604 INFO             PET2   Delete Import-/Export State for modelComp: MODEL
20230612 002746.604 INFO             PET2 driver: Finalize extro.
20230612 002746.604 INFO             PET2 mainApp FINISHED
20230612 002746.604 INFO             PET2 Finalizing ESMF
20230612 002746.315 INFO             PET3 !!!!!!!!!!!!!!!!!!!!!!!!!!!!!!!!!!!!!!!!!!!!!!!!!!!!!!
20230612 002746.317 INFO             PET3 !!! THE ESMF_LOG IS SET TO OUTPUT ALL LOG MESSAGES !!!
20230612 002746.317 INFO             PET3 !!!     THIS MAY CAUSE SLOWDOWN IN PERFORMANCE     !!!
20230612 002746.317 INFO             PET3 !!! FOR PRODUCTION RUNS, USE:                      !!!
20230612 002746.317 INFO             PET3 !!!                   ESMF_LOGKIND_Multi_On_Error  !!!
20230612 002746.317 INFO             PET3 !!!!!!!!!!!!!!!!!!!!!!!!!!!!!!!!!!!!!!!!!!!!!!!!!!!!!!
20230612 002746.317 INFO             PET3 Running with ESMF Version   : v8.5.0b23-2-g2d76824261
20230612 002746.317 INFO             PET3 ESMF library build date/time: "Jun 11 2023" "23:14:14"
20230612 002746.317 INFO             PET3 ESMF library build location : /Users/sacks/projects/scratch/esmf-testing/gfortranclang_12.2.0_14.0.0_openmpi_g_develop/esmf
20230612 002746.317 INFO             PET3 ESMF_COMM                   : openmpi
20230612 002746.317 INFO             PET3 ESMF_MOAB                   : enabled
20230612 002746.317 INFO             PET3 ESMF_LAPACK                 : enabled
20230612 002746.317 INFO             PET3 ESMF_NETCDF                 : enabled
20230612 002746.317 INFO             PET3 ESMF_PNETCDF                : disabled
20230612 002746.317 INFO             PET3 ESMF_PIO                    : enabled
20230612 002746.317 INFO             PET3 ESMF_YAMLCPP                : enabled
20230612 002746.331 INFO             PET3 mainApp STARTING
20230612 002746.415 INFO             PET3 driver: InitializeGeneric intro.
20230612 002746.416 INFO             PET3   driver: InitializeP0 intro.
20230612 002746.432 INFO             PET3   driver: InitializeP0 extro.
20230612 002746.432 INFO             PET3   driver: InitializeIPDv02p1 intro.
20230612 002746.432 INFO             PET3     >>>driver: entered Initialize (phase=<none>) without valid internal Clock.
20230612 002746.464 INFO             PET3     driver - Creating model component MODEL without petList.
20230612 002746.535 INFO             PET3     driver - Creating state: modelComp 1 Import State
20230612 002746.535 INFO             PET3     driver - Creating state: modelComp 1 Export State
20230612 002746.539 INFO             PET3     MODEL: InitializeP0 intro.
20230612 002746.540 INFO             PET3       >>>MODEL: entered Initialize (phase=<none>) without valid internal Clock.
20230612 002746.542 INFO             PET3       <<<MODEL: leaving Initialize (phase=<none>) without valid internal Clock.
20230612 002746.542 INFO             PET3     MODEL: InitializeP0 extro.
20230612 002746.548 INFO             PET3     driver: IInitAdvertise intro.
20230612 002746.548 INFO             PET3     driver: IInitAdvertise extro.
20230612 002746.548 INFO             PET3     MODEL: InitializeIPDvXp01 intro.
20230612 002746.549 INFO             PET3       >>>MODEL: entered Initialize (phase=IPDvXp01) without valid internal Clock.
20230612 002746.558 INFO             PET3       <<<MODEL: leaving Initialize (phase=IPDvXp01) without valid internal Clock.
20230612 002746.558 INFO             PET3     MODEL: InitializeIPDvXp01 extro.
20230612 002746.559 INFO             PET3     driver: IInitAdvertiseFinish intro.
20230612 002746.559 INFO             PET3     driver: IInitAdvertiseFinish extro.
20230612 002746.560 INFO             PET3     driver: IInitModifyCplLists intro.
20230612 002746.560 INFO             PET3     driver: IInitModifyCplLists extro.
20230612 002746.560 INFO             PET3     <<<driver: leaving Initialize (phase=<none>) with current time:    0  1  1  0  0  0   0
20230612 002746.560 INFO             PET3   driver: InitializeIPDv02p1 extro.
20230612 002746.560 INFO             PET3   driver: InitializeIPDv02p3 intro.
20230612 002746.560 INFO             PET3     >>>driver: entered Initialize (phase=<none>) with current time:    0  1  1  0  0  0   0
20230612 002746.560 INFO             PET3     driver: IInitCheck intro.
20230612 002746.560 INFO             PET3     driver: IInitCheck extro.
20230612 002746.561 INFO             PET3     MODEL: InitializeIPDvXp04 intro.
20230612 002746.561 INFO             PET3       >>>MODEL: entered Initialize (phase=IPDvXp04) without valid internal Clock.
20230612 002746.576 INFO             PET3       <<<MODEL: leaving Initialize (phase=IPDvXp04) without valid internal Clock.
20230612 002746.576 INFO             PET3     MODEL: InitializeIPDvXp04 extro.
20230612 002746.577 INFO             PET3     driver: IInitRealize intro.
20230612 002746.577 INFO             PET3     driver: IInitRealize extro.
20230612 002746.577 INFO             PET3     MODEL: InitializeIPDvXp07 intro.
20230612 002746.577 INFO             PET3       >>>MODEL: entered Initialize (phase=IPDvXp07) without valid internal Clock.
20230612 002746.578 INFO             PET3       <<<MODEL: leaving Initialize (phase=IPDvXp07) with current time:    0  1  1  0  0  0   0
20230612 002746.578 INFO             PET3     MODEL: InitializeIPDvXp07 extro.
20230612 002746.578 INFO             PET3     <<<driver: leaving Initialize (phase=<none>) with current time:    0  1  1  0  0  0   0
20230612 002746.578 INFO             PET3   driver: InitializeIPDv02p3 extro.
20230612 002746.578 INFO             PET3   driver: InitializeIPDv02p5 intro.
20230612 002746.578 INFO             PET3     >>>driver: entered Initialize (phase=<none>) with current time:    0  1  1  0  0  0   0
20230612 002746.578 INFO             PET3     driver: this is a top level driver, no 'Updated' and 'InitializeDataComplete' info on this level.
20230612 002746.578 INFO             PET3     driver: InitializeIPDv02p5Data intro.
20230612 002746.579 INFO             PET3       driver: InternalInitializeComplete intro.
20230612 002746.579 INFO             PET3         driver: InitializeDataComplete='true'
20230612 002746.579 INFO             PET3       driver: InternalInitializeComplete extro.
20230612 002746.579 INFO             PET3       MODEL: InitializeIPDv01p5 intro.
20230612 002746.579 INFO             PET3         >>>MODEL: entered Initialize (phase=IPDvXp08) with current time:    0  1  1  0  0  0   0
20230612 002746.583 INFO             PET3         <<<MODEL: leaving Initialize (phase=IPDvXp08) with current time:    0  1  1  0  0  0   0
20230612 002746.583 INFO             PET3       MODEL: InitializeIPDv01p5 extro.
20230612 002746.600 INFO             PET3       driver: components present that trigger loopDataDependentInitialize().
20230612 002746.600 INFO             PET3       driver: loopDataDependentInitialize intro.
20230612 002746.601 INFO             PET3         driver: component    0=driver, dataComplete (local): true
20230612 002746.601 INFO             PET3         driver: component    0=driver, dataComplete (global): T
20230612 002746.601 INFO             PET3         driver: component    1=MODEL, dataComplete (local): true
20230612 002746.601 INFO             PET3         driver: component    1=MODEL, dataComplete (global): T
20230612 002746.601 INFO             PET3         driver: someProgress=F, allComplete=T, present(dataDepAllComplete)=T
20230612 002746.601 INFO             PET3         driver: finished resolving initialize data dependencies on this level.
20230612 002746.601 INFO             PET3       driver: loopDataDependentInitialize extro.
20230612 002746.601 INFO             PET3       driver: loopDataDependentInitialize() returned with dataDepAllComplete: T
20230612 002746.601 INFO             PET3     driver: InitializeIPDv02p5Data extro.
20230612 002746.601 INFO             PET3     <<<driver: leaving Initialize (phase=<none>) with current time:    0  1  1  0  0  0   0
20230612 002746.601 INFO             PET3   driver: InitializeIPDv02p5 extro.
20230612 002746.601 INFO             PET3 driver: InitializeGeneric extro.
20230612 002746.601 INFO             PET3 driver: Run intro.
20230612 002746.601 INFO             PET3   >>>driver entered Run (phase=RunPhase1) with current time:    0  1  1  0  0  0   0
20230612 002746.601 INFO             PET3   driver: after lable_SetRunClock, current time:    0  1  1  0  0  0   0
20230612 002746.601 INFO             PET3   driver: begin -------> RunSequence.
20230612 002746.601 INFO             PET3     driver: RunSequence event loopLevel=   1  levelMember=   1  loopIteration=   1, current time:    0  1  1  0  0  0   0
20230612 002746.602 INFO             PET3     MODEL: Run intro.
20230612 002746.602 INFO             PET3       >>>MODEL: entered Run (phase=RunPhase1) with current time:    0  1  1  0  0  0   0
20230612 002746.602 INFO             PET3       ---->Advancing Model from:    0  1  1  0  0  0   0
20230612 002746.602 INFO             PET3       ---------------------> to:    0  1  1  0  0 30   0
20230612 002746.602 INFO             PET3       <<<MODEL: leaving Run (phase=RunPhase1) with current time:    0  1  1  0  0 30   0
20230612 002746.602 INFO             PET3     MODEL: Run extro.
20230612 002746.602 INFO             PET3     driver: RunSequence event loopLevel=   1  levelMember=   1  loopIteration=   2, current time:    0  1  1  0  0 30   0
20230612 002746.602 INFO             PET3     MODEL: Run intro.
20230612 002746.602 INFO             PET3       >>>MODEL: entered Run (phase=RunPhase1) with current time:    0  1  1  0  0 30   0
20230612 002746.602 INFO             PET3       ---->Advancing Model from:    0  1  1  0  0 30   0
20230612 002746.602 INFO             PET3       ---------------------> to:    0  1  1  0  1  0   0
20230612 002746.602 INFO             PET3       <<<MODEL: leaving Run (phase=RunPhase1) with current time:    0  1  1  0  1  0   0
20230612 002746.602 INFO             PET3     MODEL: Run extro.
20230612 002746.602 INFO             PET3     driver: RunSequence event loopLevel=   1  levelMember=   1  loopIteration=   3, current time:    0  1  1  0  1  0   0
20230612 002746.602 INFO             PET3     MODEL: Run intro.
20230612 002746.602 INFO             PET3       >>>MODEL: entered Run (phase=RunPhase1) with current time:    0  1  1  0  1  0   0
20230612 002746.602 INFO             PET3       ---->Advancing Model from:    0  1  1  0  1  0   0
20230612 002746.602 INFO             PET3       ---------------------> to:    0  1  1  0  1 30   0
20230612 002746.602 INFO             PET3       <<<MODEL: leaving Run (phase=RunPhase1) with current time:    0  1  1  0  1 30   0
20230612 002746.603 INFO             PET3     MODEL: Run extro.
20230612 002746.603 INFO             PET3     driver: RunSequence event loopLevel=   1  levelMember=   1  loopIteration=   4, current time:    0  1  1  0  1 30   0
20230612 002746.603 INFO             PET3     MODEL: Run intro.
20230612 002746.603 INFO             PET3       >>>MODEL: entered Run (phase=RunPhase1) with current time:    0  1  1  0  1 30   0
20230612 002746.603 INFO             PET3       ---->Advancing Model from:    0  1  1  0  1 30   0
20230612 002746.603 INFO             PET3       ---------------------> to:    0  1  1  0  2  0   0
20230612 002746.603 INFO             PET3       <<<MODEL: leaving Run (phase=RunPhase1) with current time:    0  1  1  0  2  0   0
20230612 002746.603 INFO             PET3     MODEL: Run extro.
20230612 002746.603 INFO             PET3     driver: RunSequence event loopLevel=   1  levelMember=   1  loopIteration=   5, current time:    0  1  1  0  2  0   0
20230612 002746.603 INFO             PET3     MODEL: Run intro.
20230612 002746.603 INFO             PET3       >>>MODEL: entered Run (phase=RunPhase1) with current time:    0  1  1  0  2  0   0
20230612 002746.603 INFO             PET3       ---->Advancing Model from:    0  1  1  0  2  0   0
20230612 002746.603 INFO             PET3       ---------------------> to:    0  1  1  0  2 30   0
20230612 002746.603 INFO             PET3       <<<MODEL: leaving Run (phase=RunPhase1) with current time:    0  1  1  0  2 30   0
20230612 002746.603 INFO             PET3     MODEL: Run extro.
20230612 002746.603 INFO             PET3   driver: end <--------- RunSequence
20230612 002746.603 INFO             PET3   <<<driver - leaving Run with current time:    0  1  1  0  2 30   0
20230612 002746.603 INFO             PET3 driver: Run extro.
20230612 002746.603 INFO             PET3 driver: Finalize intro.
20230612 002746.603 INFO             PET3   Calling Finalize phase 1 for modelComp: MODEL
20230612 002746.603 INFO             PET3   MODEL: Finalize intro.
20230612 002746.603 INFO             PET3     >>>MODEL: entered Finalize (phase=FinalizePhase1) with current time:    0  1  1  0  2 30   0
20230612 002746.603 INFO             PET3     <<<MODEL: leaving Finalize (phase=FinalizePhase1) with current time:    0  1  1  0  2 30   0
20230612 002746.603 INFO             PET3   MODEL: Finalize extro.
20230612 002746.603 INFO             PET3   Delete modelComp: MODEL
20230612 002746.603 INFO             PET3   Delete Import-/Export State for modelComp: MODEL
20230612 002746.603 INFO             PET3 driver: Finalize extro.
20230612 002746.603 INFO             PET3 mainApp FINISHED
20230612 002746.603 INFO             PET3 Finalizing ESMF
