2023-05-18 02:40:28
20230518 041931.155 INFO             PET0 !!!!!!!!!!!!!!!!!!!!!!!!!!!!!!!!!!!!!!!!!!!!!!!!!!!!!!
20230518 041931.156 INFO             PET0 !!! THE ESMF_LOG IS SET TO OUTPUT ALL LOG MESSAGES !!!
20230518 041931.156 INFO             PET0 !!!     THIS MAY CAUSE SLOWDOWN IN PERFORMANCE     !!!
20230518 041931.156 INFO             PET0 !!! FOR PRODUCTION RUNS, USE:                      !!!
20230518 041931.156 INFO             PET0 !!!                   ESMF_LOGKIND_Multi_On_Error  !!!
20230518 041931.156 INFO             PET0 !!!!!!!!!!!!!!!!!!!!!!!!!!!!!!!!!!!!!!!!!!!!!!!!!!!!!!
20230518 041931.156 INFO             PET0 Running with ESMF Version   : v8.5.0b21-127-g2a7bdbf3cb
20230518 041931.156 INFO             PET0 ESMF library build date/time: "May 18 2023" "02:38:12"
20230518 041931.156 INFO             PET0 ESMF library build location : /Users/sacks/projects/scratch/esmf-testing/gfortranclang_12.2.0_14.0.0_openmpi_g_develop/esmf
20230518 041931.156 INFO             PET0 ESMF_COMM                   : openmpi
20230518 041931.156 INFO             PET0 ESMF_MOAB                   : enabled
20230518 041931.156 INFO             PET0 ESMF_LAPACK                 : enabled
20230518 041931.156 INFO             PET0 ESMF_NETCDF                 : enabled
20230518 041931.156 INFO             PET0 ESMF_PNETCDF                : disabled
20230518 041931.156 INFO             PET0 ESMF_PIO                    : enabled
20230518 041931.156 INFO             PET0 ESMF_YAMLCPP                : enabled
20230518 041931.156 INFO             PET0 mainApp STARTING
20230518 041931.160 INFO             PET0 driver: InitializeGeneric intro.
20230518 041931.160 INFO             PET0   driver: InitializeP0 intro.
20230518 041931.160 INFO             PET0   driver: InitializeP0 extro.
20230518 041931.160 INFO             PET0   driver: InitializeIPDv02p1 intro.
20230518 041931.160 INFO             PET0     >>>driver: entered Initialize (phase=<none>) without valid internal Clock.
20230518 041931.160 INFO             PET0     driver - Creating model component MODEL without petList.
20230518 041931.160 DEBUG            PET0     Generic SetVM() is executing for: MODEL
20230518 041931.160 DEBUG            PET0     Generic SetVM() is calling ESMF_GridCompSetVMMaxPEs() for: MODEL with:
20230518 041931.160 DEBUG            PET0      -             MaxCount =          2
20230518 041931.160 DEBUG            PET0      -       OpenMpHandling =
20230518 041931.160 DEBUG            PET0      -     OpenMpNumThreads =         -1
20230518 041931.160 DEBUG            PET0      -   ForceChildPthreads =          F
20230518 041931.160 DEBUG            PET0      -  PthreadMinStackSize =         -1
20230518 041931.162 INFO             PET0      GridCompIsPetLocal:  T
20230518 041931.162 INFO             PET0      VmIsCreated:  T
20230518 041931.162 INFO             PET0      valid MPI_COMM with size=           2
20230518 041931.162 INFO             PET0     driver - Creating state: modelComp 1 Import State
20230518 041931.162 INFO             PET0     driver - Creating state: modelComp 1 Export State
20230518 041931.163 INFO             PET0     MODEL: InitializeP0 intro.
20230518 041931.163 INFO             PET0       >>>MODEL: entered Initialize (phase=<none>) without valid internal Clock.
20230518 041931.164 INFO             PET0       <<<MODEL: leaving Initialize (phase=<none>) without valid internal Clock.
20230518 041931.164 INFO             PET0     MODEL: InitializeP0 extro.
20230518 041931.165 INFO             PET0     driver: IInitAdvertise intro.
20230518 041931.165 INFO             PET0     driver: IInitAdvertise extro.
20230518 041931.165 INFO             PET0     MODEL: InitializeIPDvXp01 intro.
20230518 041931.165 INFO             PET0       >>>MODEL: entered Initialize (phase=IPDvXp01) without valid internal Clock.
20230518 041931.166 INFO             PET0       <<<MODEL: leaving Initialize (phase=IPDvXp01) without valid internal Clock.
20230518 041931.166 INFO             PET0     MODEL: InitializeIPDvXp01 extro.
20230518 041931.171 INFO             PET0     driver: IInitAdvertiseFinish intro.
20230518 041931.171 INFO             PET0     driver: IInitAdvertiseFinish extro.
20230518 041931.171 INFO             PET0     driver: IInitModifyCplLists intro.
20230518 041931.171 INFO             PET0     driver: IInitModifyCplLists extro.
20230518 041931.171 INFO             PET0     <<<driver: leaving Initialize (phase=<none>) with current time:    0  1  1  0  0  0   0
20230518 041931.171 INFO             PET0   driver: InitializeIPDv02p1 extro.
20230518 041931.171 INFO             PET0   driver: InitializeIPDv02p3 intro.
20230518 041931.172 INFO             PET0     >>>driver: entered Initialize (phase=<none>) with current time:    0  1  1  0  0  0   0
20230518 041931.172 INFO             PET0     driver: IInitCheck intro.
20230518 041931.172 INFO             PET0     driver: IInitCheck extro.
20230518 041931.189 INFO             PET0     MODEL: InitializeIPDvXp04 intro.
20230518 041931.189 INFO             PET0       >>>MODEL: entered Initialize (phase=IPDvXp04) without valid internal Clock.
20230518 041931.194 INFO             PET0       After Realize: - MemInfo: VmRSS:                       	32391168 (bytes)
20230518 041931.194 INFO             PET0       After Realize: - MemInfo: VmHWM:                       	32391168 (bytes)
20230518 041931.194 INFO             PET0       After Realize: - MemInfo: Total allocated space (bytes): 	-1731166208
20230518 041931.194 INFO             PET0       After Realize: - MemInfo: Wall-clock time since execution start:               0.039126 seconds
20230518 041931.194 INFO             PET0       <<<MODEL: leaving Initialize (phase=IPDvXp04) without valid internal Clock.
20230518 041931.194 INFO             PET0     MODEL: InitializeIPDvXp04 extro.
20230518 041931.198 INFO             PET0     driver: IInitRealize intro.
20230518 041931.198 INFO             PET0     driver: IInitRealize extro.
20230518 041931.216 INFO             PET0     MODEL: InitializeIPDvXp07 intro.
20230518 041931.216 INFO             PET0       >>>MODEL: entered Initialize (phase=IPDvXp07) without valid internal Clock.
20230518 041931.216 INFO             PET0       <<<MODEL: leaving Initialize (phase=IPDvXp07) with current time:    0  1  1  0  0  0   0
20230518 041931.216 INFO             PET0     MODEL: InitializeIPDvXp07 extro.
20230518 041931.216 INFO             PET0     <<<driver: leaving Initialize (phase=<none>) with current time:    0  1  1  0  0  0   0
20230518 041931.216 INFO             PET0   driver: InitializeIPDv02p3 extro.
20230518 041931.216 INFO             PET0   driver: InitializeIPDv02p5 intro.
20230518 041931.216 INFO             PET0     >>>driver: entered Initialize (phase=<none>) with current time:    0  1  1  0  0  0   0
20230518 041931.216 INFO             PET0     driver: this is a top level driver, no 'Updated' and 'InitializeDataComplete' info on this level.
20230518 041931.216 INFO             PET0     driver: InitializeIPDv02p5Data intro.
20230518 041931.217 INFO             PET0       driver: InternalInitializeComplete intro.
20230518 041931.217 INFO             PET0         driver: InitializeDataComplete='true'
20230518 041931.217 INFO             PET0       driver: InternalInitializeComplete extro.
20230518 041931.225 INFO             PET0       MODEL: InitializeIPDvXp08 intro.
20230518 041931.226 INFO             PET0         >>>MODEL: entered Initialize (phase=IPDv05p8) with current time:    0  1  1  0  0  0   0
20230518 041931.226 INFO             PET0         MODEL: InitializeDataProgress='false', InitializeDataComplete='false'
20230518 041931.226 INFO             PET0         <<<MODEL: leaving Initialize (phase=IPDv05p8) with current time:    0  1  1  0  0  0   0
20230518 041931.226 INFO             PET0       MODEL: InitializeIPDvXp08 extro.
20230518 041931.246 INFO             PET0       driver: components present that trigger loopDataDependentInitialize().
20230518 041931.246 INFO             PET0       driver: loopDataDependentInitialize intro.
20230518 041931.254 INFO             PET0         driver: component    0=driver, dataComplete (local): true
20230518 041931.254 INFO             PET0         driver: component    0=driver, dataComplete (global): T
20230518 041931.264 INFO             PET0         driver: component    1=MODEL, dataComplete (local): false
20230518 041931.264 INFO             PET0         driver: component    1=MODEL, dataComplete (global): F
20230518 041931.264 INFO             PET0         MODEL: InitializeIPDvXp08 intro.
20230518 041931.264 INFO             PET0           >>>MODEL: entered Initialize (phase=IPDv05p8) with current time:    0  1  1  0  0  0   0
20230518 041931.265 INFO             PET0           MODEL: InitializeDataProgress='true', InitializeDataComplete='true'
20230518 041931.265 INFO             PET0           <<<MODEL: leaving Initialize (phase=IPDv05p8) with current time:    0  1  1  0  0  0   0
20230518 041931.265 INFO             PET0         MODEL: InitializeIPDvXp08 extro.
20230518 041931.268 INFO             PET0         driver: component    1=MODEL, someProgress (local): true
20230518 041931.281 INFO             PET0         driver: component    1=MODEL, someProgress (global): T
20230518 041931.282 INFO             PET0         driver: someProgress=T, allComplete=F, present(dataDepAllComplete)=T
20230518 041931.288 INFO             PET0         driver: component    0=driver, dataComplete (local): true
20230518 041931.290 INFO             PET0         driver: component    0=driver, dataComplete (global): T
20230518 041931.296 INFO             PET0         driver: component    1=MODEL, dataComplete (local): true
20230518 041931.298 INFO             PET0         driver: component    1=MODEL, dataComplete (global): T
20230518 041931.298 INFO             PET0         driver: someProgress=F, allComplete=T, present(dataDepAllComplete)=T
20230518 041931.298 INFO             PET0         driver: finished resolving initialize data dependencies on this level.
20230518 041931.298 INFO             PET0       driver: loopDataDependentInitialize extro.
20230518 041931.298 INFO             PET0       driver: loopDataDependentInitialize() returned with dataDepAllComplete: T
20230518 041931.298 INFO             PET0     driver: InitializeIPDv02p5Data extro.
20230518 041931.298 INFO             PET0     <<<driver: leaving Initialize (phase=<none>) with current time:    0  1  1  0  0  0   0
20230518 041931.298 INFO             PET0   driver: InitializeIPDv02p5 extro.
20230518 041931.298 INFO             PET0 driver: InitializeGeneric extro.
20230518 041931.298 INFO             PET0 driver: Run intro.
20230518 041931.298 INFO             PET0   >>>driver entered Run (phase=RunPhase1) with current time:    0  1  1  0  0  0   0
20230518 041931.298 INFO             PET0   driver: after lable_SetRunClock, current time:    0  1  1  0  0  0   0
20230518 041931.298 INFO             PET0   driver: begin -------> RunSequence.
20230518 041931.298 INFO             PET0     driver: RunSequence event loopLevel=   1  levelMember=   1  loopIteration=   1, current time:    0  1  1  0  0  0   0
20230518 041931.298 INFO             PET0     MODEL: Run intro.
20230518 041931.298 INFO             PET0       >>>MODEL: entered Run (phase=RunPhase1) with current time:    0  1  1  0  0  0   0
20230518 041931.298 INFO             PET0       MODEL: time step-loop starting, current time:    0  1  1  0  0  0   0
20230518 041931.299 INFO             PET0       ---->Advancing Model from:    0  1  1  0  0  0   0
20230518 041931.299 INFO             PET0       ---------------------> to:    0  1  1  0  0 30   0
20230518 041931.299 INFO             PET0       MODEL: time step-loop ending,   current time:    0  1  1  0  0 30   0
20230518 041931.299 INFO             PET0       <<<MODEL: leaving Run (phase=RunPhase1) with current time:    0  1  1  0  0 30   0
20230518 041931.299 INFO             PET0     MODEL: Run extro.
20230518 041931.299 INFO             PET0     driver: RunSequence event loopLevel=   1  levelMember=   1  loopIteration=   2, current time:    0  1  1  0  0 30   0
20230518 041931.308 INFO             PET0     MODEL: Run intro.
20230518 041931.308 INFO             PET0       >>>MODEL: entered Run (phase=RunPhase1) with current time:    0  1  1  0  0 30   0
20230518 041931.308 INFO             PET0       MODEL: time step-loop starting, current time:    0  1  1  0  0 30   0
20230518 041931.308 INFO             PET0       ---->Advancing Model from:    0  1  1  0  0 30   0
20230518 041931.308 INFO             PET0       ---------------------> to:    0  1  1  0  1  0   0
20230518 041931.308 INFO             PET0       MODEL: time step-loop ending,   current time:    0  1  1  0  1  0   0
20230518 041931.308 INFO             PET0       <<<MODEL: leaving Run (phase=RunPhase1) with current time:    0  1  1  0  1  0   0
20230518 041931.308 INFO             PET0     MODEL: Run extro.
20230518 041931.308 INFO             PET0     driver: RunSequence event loopLevel=   1  levelMember=   1  loopIteration=   3, current time:    0  1  1  0  1  0   0
20230518 041931.316 INFO             PET0     MODEL: Run intro.
20230518 041931.316 INFO             PET0       >>>MODEL: entered Run (phase=RunPhase1) with current time:    0  1  1  0  1  0   0
20230518 041931.316 INFO             PET0       MODEL: time step-loop starting, current time:    0  1  1  0  1  0   0
20230518 041931.316 INFO             PET0       ---->Advancing Model from:    0  1  1  0  1  0   0
20230518 041931.316 INFO             PET0       ---------------------> to:    0  1  1  0  1 30   0
20230518 041931.316 INFO             PET0       MODEL: time step-loop ending,   current time:    0  1  1  0  1 30   0
20230518 041931.316 INFO             PET0       <<<MODEL: leaving Run (phase=RunPhase1) with current time:    0  1  1  0  1 30   0
20230518 041931.316 INFO             PET0     MODEL: Run extro.
20230518 041931.316 INFO             PET0     driver: RunSequence event loopLevel=   1  levelMember=   1  loopIteration=   4, current time:    0  1  1  0  1 30   0
20230518 041931.324 INFO             PET0     MODEL: Run intro.
20230518 041931.324 INFO             PET0       >>>MODEL: entered Run (phase=RunPhase1) with current time:    0  1  1  0  1 30   0
20230518 041931.324 INFO             PET0       MODEL: time step-loop starting, current time:    0  1  1  0  1 30   0
20230518 041931.324 INFO             PET0       ---->Advancing Model from:    0  1  1  0  1 30   0
20230518 041931.324 INFO             PET0       ---------------------> to:    0  1  1  0  2  0   0
20230518 041931.325 INFO             PET0       MODEL: time step-loop ending,   current time:    0  1  1  0  2  0   0
20230518 041931.325 INFO             PET0       <<<MODEL: leaving Run (phase=RunPhase1) with current time:    0  1  1  0  2  0   0
20230518 041931.325 INFO             PET0     MODEL: Run extro.
20230518 041931.325 INFO             PET0     driver: RunSequence event loopLevel=   1  levelMember=   1  loopIteration=   5, current time:    0  1  1  0  2  0   0
20230518 041931.333 INFO             PET0     MODEL: Run intro.
20230518 041931.333 INFO             PET0       >>>MODEL: entered Run (phase=RunPhase1) with current time:    0  1  1  0  2  0   0
20230518 041931.333 INFO             PET0       MODEL: time step-loop starting, current time:    0  1  1  0  2  0   0
20230518 041931.333 INFO             PET0       ---->Advancing Model from:    0  1  1  0  2  0   0
20230518 041931.333 INFO             PET0       ---------------------> to:    0  1  1  0  2 30   0
20230518 041931.333 INFO             PET0       MODEL: time step-loop ending,   current time:    0  1  1  0  2 30   0
20230518 041931.333 INFO             PET0       <<<MODEL: leaving Run (phase=RunPhase1) with current time:    0  1  1  0  2 30   0
20230518 041931.333 INFO             PET0     MODEL: Run extro.
20230518 041931.333 INFO             PET0   driver: end <--------- RunSequence
20230518 041931.333 INFO             PET0   <<<driver - leaving Run with current time:    0  1  1  0  2 30   0
20230518 041931.333 INFO             PET0 driver: Run extro.
20230518 041931.333 INFO             PET0 driver: Finalize intro.
20230518 041931.333 INFO             PET0   Calling Finalize phase 1 for modelComp: MODEL
20230518 041931.342 INFO             PET0   MODEL: Finalize intro.
20230518 041931.342 INFO             PET0     >>>MODEL: entered Finalize (phase=FinalizePhase1) with current time:    0  1  1  0  2 30   0
20230518 041931.342 INFO             PET0     <<<MODEL: leaving Finalize (phase=FinalizePhase1) with current time:    0  1  1  0  2 30   0
20230518 041931.342 INFO             PET0   MODEL: Finalize extro.
20230518 041931.342 INFO             PET0   Delete modelComp: MODEL
20230518 041931.342 INFO             PET0   Delete Import-/Export State for modelComp: MODEL
20230518 041931.342 INFO             PET0 driver: Finalize extro.
20230518 041931.342 INFO             PET0 mainApp FINISHED
20230518 041931.342 INFO             PET0 Finalizing ESMF
20230518 041931.155 INFO             PET1 !!!!!!!!!!!!!!!!!!!!!!!!!!!!!!!!!!!!!!!!!!!!!!!!!!!!!!
20230518 041931.156 INFO             PET1 !!! THE ESMF_LOG IS SET TO OUTPUT ALL LOG MESSAGES !!!
20230518 041931.156 INFO             PET1 !!!     THIS MAY CAUSE SLOWDOWN IN PERFORMANCE     !!!
20230518 041931.156 INFO             PET1 !!! FOR PRODUCTION RUNS, USE:                      !!!
20230518 041931.156 INFO             PET1 !!!                   ESMF_LOGKIND_Multi_On_Error  !!!
20230518 041931.156 INFO             PET1 !!!!!!!!!!!!!!!!!!!!!!!!!!!!!!!!!!!!!!!!!!!!!!!!!!!!!!
20230518 041931.156 INFO             PET1 Running with ESMF Version   : v8.5.0b21-127-g2a7bdbf3cb
20230518 041931.156 INFO             PET1 ESMF library build date/time: "May 18 2023" "02:38:12"
20230518 041931.156 INFO             PET1 ESMF library build location : /Users/sacks/projects/scratch/esmf-testing/gfortranclang_12.2.0_14.0.0_openmpi_g_develop/esmf
20230518 041931.156 INFO             PET1 ESMF_COMM                   : openmpi
20230518 041931.156 INFO             PET1 ESMF_MOAB                   : enabled
20230518 041931.156 INFO             PET1 ESMF_LAPACK                 : enabled
20230518 041931.156 INFO             PET1 ESMF_NETCDF                 : enabled
20230518 041931.156 INFO             PET1 ESMF_PNETCDF                : disabled
20230518 041931.156 INFO             PET1 ESMF_PIO                    : enabled
20230518 041931.156 INFO             PET1 ESMF_YAMLCPP                : enabled
20230518 041931.156 INFO             PET1 mainApp STARTING
20230518 041931.160 INFO             PET1 driver: InitializeGeneric intro.
20230518 041931.160 INFO             PET1   driver: InitializeP0 intro.
20230518 041931.160 INFO             PET1   driver: InitializeP0 extro.
20230518 041931.160 INFO             PET1   driver: InitializeIPDv02p1 intro.
20230518 041931.160 INFO             PET1     >>>driver: entered Initialize (phase=<none>) without valid internal Clock.
20230518 041931.160 INFO             PET1     driver - Creating model component MODEL without petList.
20230518 041931.160 DEBUG            PET1     Generic SetVM() is executing for: MODEL
20230518 041931.160 DEBUG            PET1     Generic SetVM() is calling ESMF_GridCompSetVMMaxPEs() for: MODEL with:
20230518 041931.160 DEBUG            PET1      -             MaxCount =          2
20230518 041931.160 DEBUG            PET1      -       OpenMpHandling =
20230518 041931.160 DEBUG            PET1      -     OpenMpNumThreads =         -1
20230518 041931.160 DEBUG            PET1      -   ForceChildPthreads =          F
20230518 041931.160 DEBUG            PET1      -  PthreadMinStackSize =         -1
20230518 041931.160 DEBUG            PET1     vmkt_create()#201 Pthread: service=1 (0: actual PET, 1: service thread) - PTHREAD_STACK_MIN: 16384 bytes stack_size: 4194304 bytes
20230518 041931.160 DEBUG            PET1     vmkt_create()#201 Pthread: service=1 (0: actual PET, 1: service thread) - PTHREAD_STACK_MIN: 16384 bytes stack_size: 4194304 bytes
20230518 041931.162 INFO             PET1      GridCompIsPetLocal:  T
20230518 041931.162 INFO             PET1      VmIsCreated:  T
20230518 041931.162 INFO             PET1      MPI_COMM_NULL
20230518 041931.163 INFO             PET1     driver - Creating state: modelComp 1 Import State
20230518 041931.163 INFO             PET1     driver - Creating state: modelComp 1 Export State
20230518 041931.165 INFO             PET1     driver: IInitAdvertise intro.
20230518 041931.165 INFO             PET1     driver: IInitAdvertise extro.
20230518 041931.187 INFO             PET1     driver: IInitAdvertiseFinish intro.
20230518 041931.187 INFO             PET1     driver: IInitAdvertiseFinish extro.
20230518 041931.188 INFO             PET1     driver: IInitModifyCplLists intro.
20230518 041931.188 INFO             PET1     driver: IInitModifyCplLists extro.
20230518 041931.188 INFO             PET1     <<<driver: leaving Initialize (phase=<none>) with current time:    0  1  1  0  0  0   0
20230518 041931.188 INFO             PET1   driver: InitializeIPDv02p1 extro.
20230518 041931.188 INFO             PET1   driver: InitializeIPDv02p3 intro.
20230518 041931.188 INFO             PET1     >>>driver: entered Initialize (phase=<none>) with current time:    0  1  1  0  0  0   0
20230518 041931.188 INFO             PET1     driver: IInitCheck intro.
20230518 041931.188 INFO             PET1     driver: IInitCheck extro.
20230518 041931.215 INFO             PET1     driver: IInitRealize intro.
20230518 041931.215 INFO             PET1     driver: IInitRealize extro.
20230518 041931.225 INFO             PET1     <<<driver: leaving Initialize (phase=<none>) with current time:    0  1  1  0  0  0   0
20230518 041931.225 INFO             PET1   driver: InitializeIPDv02p3 extro.
20230518 041931.225 INFO             PET1   driver: InitializeIPDv02p5 intro.
20230518 041931.225 INFO             PET1     >>>driver: entered Initialize (phase=<none>) with current time:    0  1  1  0  0  0   0
20230518 041931.225 INFO             PET1     driver: this is a top level driver, no 'Updated' and 'InitializeDataComplete' info on this level.
20230518 041931.225 INFO             PET1     driver: InitializeIPDv02p5Data intro.
20230518 041931.225 INFO             PET1       driver: InternalInitializeComplete intro.
20230518 041931.225 INFO             PET1         driver: InitializeDataComplete='true'
20230518 041931.225 INFO             PET1       driver: InternalInitializeComplete extro.
20230518 041931.246 INFO             PET1       driver: components present that trigger loopDataDependentInitialize().
20230518 041931.246 INFO             PET1       driver: loopDataDependentInitialize intro.
20230518 041931.253 INFO             PET1         driver: component    0=driver, dataComplete (local): true
20230518 041931.254 INFO             PET1         driver: component    0=driver, dataComplete (global): T
20230518 041931.262 INFO             PET1         driver: component    1=MODEL, dataComplete (local): false
20230518 041931.264 INFO             PET1         driver: component    1=MODEL, dataComplete (global): F
20230518 041931.280 INFO             PET1         driver: component    1=MODEL, someProgress (local): true
20230518 041931.280 INFO             PET1         driver: component    1=MODEL, someProgress (global): T
20230518 041931.280 INFO             PET1         driver: someProgress=T, allComplete=F, present(dataDepAllComplete)=T
20230518 041931.290 INFO             PET1         driver: component    0=driver, dataComplete (local): true
20230518 041931.290 INFO             PET1         driver: component    0=driver, dataComplete (global): T
20230518 041931.298 INFO             PET1         driver: component    1=MODEL, dataComplete (local): true
20230518 041931.298 INFO             PET1         driver: component    1=MODEL, dataComplete (global): T
20230518 041931.298 INFO             PET1         driver: someProgress=F, allComplete=T, present(dataDepAllComplete)=T
20230518 041931.298 INFO             PET1         driver: finished resolving initialize data dependencies on this level.
20230518 041931.298 INFO             PET1       driver: loopDataDependentInitialize extro.
20230518 041931.298 INFO             PET1       driver: loopDataDependentInitialize() returned with dataDepAllComplete: T
20230518 041931.298 INFO             PET1     driver: InitializeIPDv02p5Data extro.
20230518 041931.298 INFO             PET1     <<<driver: leaving Initialize (phase=<none>) with current time:    0  1  1  0  0  0   0
20230518 041931.298 INFO             PET1   driver: InitializeIPDv02p5 extro.
20230518 041931.298 INFO             PET1 driver: InitializeGeneric extro.
20230518 041931.298 INFO             PET1 driver: Run intro.
20230518 041931.298 INFO             PET1   >>>driver entered Run (phase=RunPhase1) with current time:    0  1  1  0  0  0   0
20230518 041931.298 INFO             PET1   driver: after lable_SetRunClock, current time:    0  1  1  0  0  0   0
20230518 041931.298 INFO             PET1   driver: begin -------> RunSequence.
20230518 041931.298 INFO             PET1     driver: RunSequence event loopLevel=   1  levelMember=   1  loopIteration=   1, current time:    0  1  1  0  0  0   0
20230518 041931.308 INFO             PET1     driver: RunSequence event loopLevel=   1  levelMember=   1  loopIteration=   2, current time:    0  1  1  0  0 30   0
20230518 041931.316 INFO             PET1     driver: RunSequence event loopLevel=   1  levelMember=   1  loopIteration=   3, current time:    0  1  1  0  1  0   0
20230518 041931.324 INFO             PET1     driver: RunSequence event loopLevel=   1  levelMember=   1  loopIteration=   4, current time:    0  1  1  0  1 30   0
20230518 041931.333 INFO             PET1     driver: RunSequence event loopLevel=   1  levelMember=   1  loopIteration=   5, current time:    0  1  1  0  2  0   0
20230518 041931.341 INFO             PET1   driver: end <--------- RunSequence
20230518 041931.341 INFO             PET1   <<<driver - leaving Run with current time:    0  1  1  0  2 30   0
20230518 041931.341 INFO             PET1 driver: Run extro.
20230518 041931.341 INFO             PET1 driver: Finalize intro.
20230518 041931.342 INFO             PET1   Calling Finalize phase 1 for modelComp: MODEL
20230518 041931.348 INFO             PET1   Delete modelComp: MODEL
20230518 041931.352 INFO             PET1   Delete Import-/Export State for modelComp: MODEL
20230518 041931.352 INFO             PET1 driver: Finalize extro.
20230518 041931.352 INFO             PET1 mainApp FINISHED
20230518 041931.352 INFO             PET1 Finalizing ESMF
20230518 041931.155 INFO             PET2 !!!!!!!!!!!!!!!!!!!!!!!!!!!!!!!!!!!!!!!!!!!!!!!!!!!!!!
20230518 041931.156 INFO             PET2 !!! THE ESMF_LOG IS SET TO OUTPUT ALL LOG MESSAGES !!!
20230518 041931.156 INFO             PET2 !!!     THIS MAY CAUSE SLOWDOWN IN PERFORMANCE     !!!
20230518 041931.156 INFO             PET2 !!! FOR PRODUCTION RUNS, USE:                      !!!
20230518 041931.156 INFO             PET2 !!!                   ESMF_LOGKIND_Multi_On_Error  !!!
20230518 041931.156 INFO             PET2 !!!!!!!!!!!!!!!!!!!!!!!!!!!!!!!!!!!!!!!!!!!!!!!!!!!!!!
20230518 041931.156 INFO             PET2 Running with ESMF Version   : v8.5.0b21-127-g2a7bdbf3cb
20230518 041931.156 INFO             PET2 ESMF library build date/time: "May 18 2023" "02:38:12"
20230518 041931.156 INFO             PET2 ESMF library build location : /Users/sacks/projects/scratch/esmf-testing/gfortranclang_12.2.0_14.0.0_openmpi_g_develop/esmf
20230518 041931.156 INFO             PET2 ESMF_COMM                   : openmpi
20230518 041931.156 INFO             PET2 ESMF_MOAB                   : enabled
20230518 041931.156 INFO             PET2 ESMF_LAPACK                 : enabled
20230518 041931.156 INFO             PET2 ESMF_NETCDF                 : enabled
20230518 041931.156 INFO             PET2 ESMF_PNETCDF                : disabled
20230518 041931.156 INFO             PET2 ESMF_PIO                    : enabled
20230518 041931.156 INFO             PET2 ESMF_YAMLCPP                : enabled
20230518 041931.156 INFO             PET2 mainApp STARTING
20230518 041931.160 INFO             PET2 driver: InitializeGeneric intro.
20230518 041931.160 INFO             PET2   driver: InitializeP0 intro.
20230518 041931.160 INFO             PET2   driver: InitializeP0 extro.
20230518 041931.160 INFO             PET2   driver: InitializeIPDv02p1 intro.
20230518 041931.160 INFO             PET2     >>>driver: entered Initialize (phase=<none>) without valid internal Clock.
20230518 041931.160 INFO             PET2     driver - Creating model component MODEL without petList.
20230518 041931.160 DEBUG            PET2     Generic SetVM() is executing for: MODEL
20230518 041931.160 DEBUG            PET2     Generic SetVM() is calling ESMF_GridCompSetVMMaxPEs() for: MODEL with:
20230518 041931.160 DEBUG            PET2      -             MaxCount =          2
20230518 041931.160 DEBUG            PET2      -       OpenMpHandling =
20230518 041931.160 DEBUG            PET2      -     OpenMpNumThreads =         -1
20230518 041931.160 DEBUG            PET2      -   ForceChildPthreads =          F
20230518 041931.160 DEBUG            PET2      -  PthreadMinStackSize =         -1
20230518 041931.162 INFO             PET2      GridCompIsPetLocal:  T
20230518 041931.162 INFO             PET2      VmIsCreated:  T
20230518 041931.162 INFO             PET2      valid MPI_COMM with size=           2
20230518 041931.162 INFO             PET2     driver - Creating state: modelComp 1 Import State
20230518 041931.162 INFO             PET2     driver - Creating state: modelComp 1 Export State
20230518 041931.162 INFO             PET2     MODEL: InitializeP0 intro.
20230518 041931.163 INFO             PET2       >>>MODEL: entered Initialize (phase=<none>) without valid internal Clock.
20230518 041931.163 INFO             PET2       <<<MODEL: leaving Initialize (phase=<none>) without valid internal Clock.
20230518 041931.163 INFO             PET2     MODEL: InitializeP0 extro.
20230518 041931.165 INFO             PET2     driver: IInitAdvertise intro.
20230518 041931.165 INFO             PET2     driver: IInitAdvertise extro.
20230518 041931.165 INFO             PET2     MODEL: InitializeIPDvXp01 intro.
20230518 041931.165 INFO             PET2       >>>MODEL: entered Initialize (phase=IPDvXp01) without valid internal Clock.
20230518 041931.166 INFO             PET2       <<<MODEL: leaving Initialize (phase=IPDvXp01) without valid internal Clock.
20230518 041931.166 INFO             PET2     MODEL: InitializeIPDvXp01 extro.
20230518 041931.168 INFO             PET2     driver: IInitAdvertiseFinish intro.
20230518 041931.168 INFO             PET2     driver: IInitAdvertiseFinish extro.
20230518 041931.168 INFO             PET2     driver: IInitModifyCplLists intro.
20230518 041931.168 INFO             PET2     driver: IInitModifyCplLists extro.
20230518 041931.169 INFO             PET2     <<<driver: leaving Initialize (phase=<none>) with current time:    0  1  1  0  0  0   0
20230518 041931.169 INFO             PET2   driver: InitializeIPDv02p1 extro.
20230518 041931.169 INFO             PET2   driver: InitializeIPDv02p3 intro.
20230518 041931.169 INFO             PET2     >>>driver: entered Initialize (phase=<none>) with current time:    0  1  1  0  0  0   0
20230518 041931.169 INFO             PET2     driver: IInitCheck intro.
20230518 041931.169 INFO             PET2     driver: IInitCheck extro.
20230518 041931.185 INFO             PET2     MODEL: InitializeIPDvXp04 intro.
20230518 041931.185 INFO             PET2       >>>MODEL: entered Initialize (phase=IPDvXp04) without valid internal Clock.
20230518 041931.190 INFO             PET2       After Realize: - MemInfo: VmRSS:                       	32276480 (bytes)
20230518 041931.190 INFO             PET2       After Realize: - MemInfo: VmHWM:                       	32276480 (bytes)
20230518 041931.190 INFO             PET2       After Realize: - MemInfo: Total allocated space (bytes): 	-1730117632
20230518 041931.190 INFO             PET2       After Realize: - MemInfo: Wall-clock time since execution start:               0.035615 seconds
20230518 041931.190 INFO             PET2       <<<MODEL: leaving Initialize (phase=IPDvXp04) without valid internal Clock.
20230518 041931.190 INFO             PET2     MODEL: InitializeIPDvXp04 extro.
20230518 041931.196 INFO             PET2     driver: IInitRealize intro.
20230518 041931.196 INFO             PET2     driver: IInitRealize extro.
20230518 041931.214 INFO             PET2     MODEL: InitializeIPDvXp07 intro.
20230518 041931.215 INFO             PET2       >>>MODEL: entered Initialize (phase=IPDvXp07) without valid internal Clock.
20230518 041931.215 INFO             PET2       <<<MODEL: leaving Initialize (phase=IPDvXp07) with current time:    0  1  1  0  0  0   0
20230518 041931.215 INFO             PET2     MODEL: InitializeIPDvXp07 extro.
20230518 041931.215 INFO             PET2     <<<driver: leaving Initialize (phase=<none>) with current time:    0  1  1  0  0  0   0
20230518 041931.215 INFO             PET2   driver: InitializeIPDv02p3 extro.
20230518 041931.215 INFO             PET2   driver: InitializeIPDv02p5 intro.
20230518 041931.215 INFO             PET2     >>>driver: entered Initialize (phase=<none>) with current time:    0  1  1  0  0  0   0
20230518 041931.215 INFO             PET2     driver: this is a top level driver, no 'Updated' and 'InitializeDataComplete' info on this level.
20230518 041931.215 INFO             PET2     driver: InitializeIPDv02p5Data intro.
20230518 041931.215 INFO             PET2       driver: InternalInitializeComplete intro.
20230518 041931.215 INFO             PET2         driver: InitializeDataComplete='true'
20230518 041931.215 INFO             PET2       driver: InternalInitializeComplete extro.
20230518 041931.225 INFO             PET2       MODEL: InitializeIPDvXp08 intro.
20230518 041931.225 INFO             PET2         >>>MODEL: entered Initialize (phase=IPDv05p8) with current time:    0  1  1  0  0  0   0
20230518 041931.225 INFO             PET2         MODEL: InitializeDataProgress='false', InitializeDataComplete='false'
20230518 041931.225 INFO             PET2         <<<MODEL: leaving Initialize (phase=IPDv05p8) with current time:    0  1  1  0  0  0   0
20230518 041931.225 INFO             PET2       MODEL: InitializeIPDvXp08 extro.
20230518 041931.250 INFO             PET2       driver: components present that trigger loopDataDependentInitialize().
20230518 041931.250 INFO             PET2       driver: loopDataDependentInitialize intro.
20230518 041931.250 INFO             PET2         driver: component    0=driver, dataComplete (local): true
20230518 041931.258 INFO             PET2         driver: component    0=driver, dataComplete (global): T
20230518 041931.258 INFO             PET2         driver: component    1=MODEL, dataComplete (local): false
20230518 041931.264 INFO             PET2         driver: component    1=MODEL, dataComplete (global): F
20230518 041931.264 INFO             PET2         MODEL: InitializeIPDvXp08 intro.
20230518 041931.264 INFO             PET2           >>>MODEL: entered Initialize (phase=IPDv05p8) with current time:    0  1  1  0  0  0   0
20230518 041931.265 INFO             PET2           MODEL: InitializeDataProgress='true', InitializeDataComplete='true'
20230518 041931.265 INFO             PET2           <<<MODEL: leaving Initialize (phase=IPDv05p8) with current time:    0  1  1  0  0  0   0
20230518 041931.265 INFO             PET2         MODEL: InitializeIPDvXp08 extro.
20230518 041931.266 INFO             PET2         driver: component    1=MODEL, someProgress (local): true
20230518 041931.281 INFO             PET2         driver: component    1=MODEL, someProgress (global): T
20230518 041931.285 INFO             PET2         driver: someProgress=T, allComplete=F, present(dataDepAllComplete)=T
20230518 041931.286 INFO             PET2         driver: component    0=driver, dataComplete (local): true
20230518 041931.294 INFO             PET2         driver: component    0=driver, dataComplete (global): T
20230518 041931.294 INFO             PET2         driver: component    1=MODEL, dataComplete (local): true
20230518 041931.299 INFO             PET2         driver: component    1=MODEL, dataComplete (global): T
20230518 041931.299 INFO             PET2         driver: someProgress=F, allComplete=T, present(dataDepAllComplete)=T
20230518 041931.299 INFO             PET2         driver: finished resolving initialize data dependencies on this level.
20230518 041931.299 INFO             PET2       driver: loopDataDependentInitialize extro.
20230518 041931.299 INFO             PET2       driver: loopDataDependentInitialize() returned with dataDepAllComplete: T
20230518 041931.299 INFO             PET2     driver: InitializeIPDv02p5Data extro.
20230518 041931.299 INFO             PET2     <<<driver: leaving Initialize (phase=<none>) with current time:    0  1  1  0  0  0   0
20230518 041931.299 INFO             PET2   driver: InitializeIPDv02p5 extro.
20230518 041931.299 INFO             PET2 driver: InitializeGeneric extro.
20230518 041931.299 INFO             PET2 driver: Run intro.
20230518 041931.299 INFO             PET2   >>>driver entered Run (phase=RunPhase1) with current time:    0  1  1  0  0  0   0
20230518 041931.299 INFO             PET2   driver: after lable_SetRunClock, current time:    0  1  1  0  0  0   0
20230518 041931.299 INFO             PET2   driver: begin -------> RunSequence.
20230518 041931.299 INFO             PET2     driver: RunSequence event loopLevel=   1  levelMember=   1  loopIteration=   1, current time:    0  1  1  0  0  0   0
20230518 041931.299 INFO             PET2     MODEL: Run intro.
20230518 041931.299 INFO             PET2       >>>MODEL: entered Run (phase=RunPhase1) with current time:    0  1  1  0  0  0   0
20230518 041931.300 INFO             PET2       MODEL: time step-loop starting, current time:    0  1  1  0  0  0   0
20230518 041931.300 INFO             PET2       ---->Advancing Model from:    0  1  1  0  0  0   0
20230518 041931.300 INFO             PET2       ---------------------> to:    0  1  1  0  0 30   0
20230518 041931.300 INFO             PET2       MODEL: time step-loop ending,   current time:    0  1  1  0  0 30   0
20230518 041931.300 INFO             PET2       <<<MODEL: leaving Run (phase=RunPhase1) with current time:    0  1  1  0  0 30   0
20230518 041931.300 INFO             PET2     MODEL: Run extro.
20230518 041931.300 INFO             PET2     driver: RunSequence event loopLevel=   1  levelMember=   1  loopIteration=   2, current time:    0  1  1  0  0 30   0
20230518 041931.308 INFO             PET2     MODEL: Run intro.
20230518 041931.308 INFO             PET2       >>>MODEL: entered Run (phase=RunPhase1) with current time:    0  1  1  0  0 30   0
20230518 041931.308 INFO             PET2       MODEL: time step-loop starting, current time:    0  1  1  0  0 30   0
20230518 041931.308 INFO             PET2       ---->Advancing Model from:    0  1  1  0  0 30   0
20230518 041931.308 INFO             PET2       ---------------------> to:    0  1  1  0  1  0   0
20230518 041931.308 INFO             PET2       MODEL: time step-loop ending,   current time:    0  1  1  0  1  0   0
20230518 041931.308 INFO             PET2       <<<MODEL: leaving Run (phase=RunPhase1) with current time:    0  1  1  0  1  0   0
20230518 041931.308 INFO             PET2     MODEL: Run extro.
20230518 041931.308 INFO             PET2     driver: RunSequence event loopLevel=   1  levelMember=   1  loopIteration=   3, current time:    0  1  1  0  1  0   0
20230518 041931.316 INFO             PET2     MODEL: Run intro.
20230518 041931.316 INFO             PET2       >>>MODEL: entered Run (phase=RunPhase1) with current time:    0  1  1  0  1  0   0
20230518 041931.316 INFO             PET2       MODEL: time step-loop starting, current time:    0  1  1  0  1  0   0
20230518 041931.316 INFO             PET2       ---->Advancing Model from:    0  1  1  0  1  0   0
20230518 041931.316 INFO             PET2       ---------------------> to:    0  1  1  0  1 30   0
20230518 041931.316 INFO             PET2       MODEL: time step-loop ending,   current time:    0  1  1  0  1 30   0
20230518 041931.316 INFO             PET2       <<<MODEL: leaving Run (phase=RunPhase1) with current time:    0  1  1  0  1 30   0
20230518 041931.316 INFO             PET2     MODEL: Run extro.
20230518 041931.316 INFO             PET2     driver: RunSequence event loopLevel=   1  levelMember=   1  loopIteration=   4, current time:    0  1  1  0  1 30   0
20230518 041931.324 INFO             PET2     MODEL: Run intro.
20230518 041931.324 INFO             PET2       >>>MODEL: entered Run (phase=RunPhase1) with current time:    0  1  1  0  1 30   0
20230518 041931.325 INFO             PET2       MODEL: time step-loop starting, current time:    0  1  1  0  1 30   0
20230518 041931.325 INFO             PET2       ---->Advancing Model from:    0  1  1  0  1 30   0
20230518 041931.325 INFO             PET2       ---------------------> to:    0  1  1  0  2  0   0
20230518 041931.325 INFO             PET2       MODEL: time step-loop ending,   current time:    0  1  1  0  2  0   0
20230518 041931.325 INFO             PET2       <<<MODEL: leaving Run (phase=RunPhase1) with current time:    0  1  1  0  2  0   0
20230518 041931.325 INFO             PET2     MODEL: Run extro.
20230518 041931.325 INFO             PET2     driver: RunSequence event loopLevel=   1  levelMember=   1  loopIteration=   5, current time:    0  1  1  0  2  0   0
20230518 041931.333 INFO             PET2     MODEL: Run intro.
20230518 041931.333 INFO             PET2       >>>MODEL: entered Run (phase=RunPhase1) with current time:    0  1  1  0  2  0   0
20230518 041931.333 INFO             PET2       MODEL: time step-loop starting, current time:    0  1  1  0  2  0   0
20230518 041931.333 INFO             PET2       ---->Advancing Model from:    0  1  1  0  2  0   0
20230518 041931.333 INFO             PET2       ---------------------> to:    0  1  1  0  2 30   0
20230518 041931.333 INFO             PET2       MODEL: time step-loop ending,   current time:    0  1  1  0  2 30   0
20230518 041931.333 INFO             PET2       <<<MODEL: leaving Run (phase=RunPhase1) with current time:    0  1  1  0  2 30   0
20230518 041931.333 INFO             PET2     MODEL: Run extro.
20230518 041931.333 INFO             PET2   driver: end <--------- RunSequence
20230518 041931.333 INFO             PET2   <<<driver - leaving Run with current time:    0  1  1  0  2 30   0
20230518 041931.333 INFO             PET2 driver: Run extro.
20230518 041931.333 INFO             PET2 driver: Finalize intro.
20230518 041931.333 INFO             PET2   Calling Finalize phase 1 for modelComp: MODEL
20230518 041931.342 INFO             PET2   MODEL: Finalize intro.
20230518 041931.342 INFO             PET2     >>>MODEL: entered Finalize (phase=FinalizePhase1) with current time:    0  1  1  0  2 30   0
20230518 041931.342 INFO             PET2     <<<MODEL: leaving Finalize (phase=FinalizePhase1) with current time:    0  1  1  0  2 30   0
20230518 041931.342 INFO             PET2   MODEL: Finalize extro.
20230518 041931.342 INFO             PET2   Delete modelComp: MODEL
20230518 041931.342 INFO             PET2   Delete Import-/Export State for modelComp: MODEL
20230518 041931.342 INFO             PET2 driver: Finalize extro.
20230518 041931.342 INFO             PET2 mainApp FINISHED
20230518 041931.342 INFO             PET2 Finalizing ESMF
20230518 041931.155 INFO             PET3 !!!!!!!!!!!!!!!!!!!!!!!!!!!!!!!!!!!!!!!!!!!!!!!!!!!!!!
20230518 041931.156 INFO             PET3 !!! THE ESMF_LOG IS SET TO OUTPUT ALL LOG MESSAGES !!!
20230518 041931.156 INFO             PET3 !!!     THIS MAY CAUSE SLOWDOWN IN PERFORMANCE     !!!
20230518 041931.156 INFO             PET3 !!! FOR PRODUCTION RUNS, USE:                      !!!
20230518 041931.156 INFO             PET3 !!!                   ESMF_LOGKIND_Multi_On_Error  !!!
20230518 041931.156 INFO             PET3 !!!!!!!!!!!!!!!!!!!!!!!!!!!!!!!!!!!!!!!!!!!!!!!!!!!!!!
20230518 041931.156 INFO             PET3 Running with ESMF Version   : v8.5.0b21-127-g2a7bdbf3cb
20230518 041931.156 INFO             PET3 ESMF library build date/time: "May 18 2023" "02:38:12"
20230518 041931.156 INFO             PET3 ESMF library build location : /Users/sacks/projects/scratch/esmf-testing/gfortranclang_12.2.0_14.0.0_openmpi_g_develop/esmf
20230518 041931.156 INFO             PET3 ESMF_COMM                   : openmpi
20230518 041931.156 INFO             PET3 ESMF_MOAB                   : enabled
20230518 041931.156 INFO             PET3 ESMF_LAPACK                 : enabled
20230518 041931.156 INFO             PET3 ESMF_NETCDF                 : enabled
20230518 041931.156 INFO             PET3 ESMF_PNETCDF                : disabled
20230518 041931.156 INFO             PET3 ESMF_PIO                    : enabled
20230518 041931.156 INFO             PET3 ESMF_YAMLCPP                : enabled
20230518 041931.156 INFO             PET3 mainApp STARTING
20230518 041931.160 INFO             PET3 driver: InitializeGeneric intro.
20230518 041931.160 INFO             PET3   driver: InitializeP0 intro.
20230518 041931.160 INFO             PET3   driver: InitializeP0 extro.
20230518 041931.160 INFO             PET3   driver: InitializeIPDv02p1 intro.
20230518 041931.160 INFO             PET3     >>>driver: entered Initialize (phase=<none>) without valid internal Clock.
20230518 041931.160 INFO             PET3     driver - Creating model component MODEL without petList.
20230518 041931.160 DEBUG            PET3     Generic SetVM() is executing for: MODEL
20230518 041931.160 DEBUG            PET3     Generic SetVM() is calling ESMF_GridCompSetVMMaxPEs() for: MODEL with:
20230518 041931.160 DEBUG            PET3      -             MaxCount =          2
20230518 041931.160 DEBUG            PET3      -       OpenMpHandling =
20230518 041931.160 DEBUG            PET3      -     OpenMpNumThreads =         -1
20230518 041931.160 DEBUG            PET3      -   ForceChildPthreads =          F
20230518 041931.160 DEBUG            PET3      -  PthreadMinStackSize =         -1
20230518 041931.160 DEBUG            PET3     vmkt_create()#201 Pthread: service=1 (0: actual PET, 1: service thread) - PTHREAD_STACK_MIN: 16384 bytes stack_size: 4194304 bytes
20230518 041931.160 DEBUG            PET3     vmkt_create()#201 Pthread: service=1 (0: actual PET, 1: service thread) - PTHREAD_STACK_MIN: 16384 bytes stack_size: 4194304 bytes
20230518 041931.162 INFO             PET3      GridCompIsPetLocal:  T
20230518 041931.162 INFO             PET3      VmIsCreated:  T
20230518 041931.162 INFO             PET3      MPI_COMM_NULL
20230518 041931.162 INFO             PET3     driver - Creating state: modelComp 1 Import State
20230518 041931.162 INFO             PET3     driver - Creating state: modelComp 1 Export State
20230518 041931.165 INFO             PET3     driver: IInitAdvertise intro.
20230518 041931.165 INFO             PET3     driver: IInitAdvertise extro.
20230518 041931.184 INFO             PET3     driver: IInitAdvertiseFinish intro.
20230518 041931.184 INFO             PET3     driver: IInitAdvertiseFinish extro.
20230518 041931.184 INFO             PET3     driver: IInitModifyCplLists intro.
20230518 041931.184 INFO             PET3     driver: IInitModifyCplLists extro.
20230518 041931.184 INFO             PET3     <<<driver: leaving Initialize (phase=<none>) with current time:    0  1  1  0  0  0   0
20230518 041931.184 INFO             PET3   driver: InitializeIPDv02p1 extro.
20230518 041931.184 INFO             PET3   driver: InitializeIPDv02p3 intro.
20230518 041931.184 INFO             PET3     >>>driver: entered Initialize (phase=<none>) with current time:    0  1  1  0  0  0   0
20230518 041931.185 INFO             PET3     driver: IInitCheck intro.
20230518 041931.185 INFO             PET3     driver: IInitCheck extro.
20230518 041931.214 INFO             PET3     driver: IInitRealize intro.
20230518 041931.214 INFO             PET3     driver: IInitRealize extro.
20230518 041931.224 INFO             PET3     <<<driver: leaving Initialize (phase=<none>) with current time:    0  1  1  0  0  0   0
20230518 041931.224 INFO             PET3   driver: InitializeIPDv02p3 extro.
20230518 041931.224 INFO             PET3   driver: InitializeIPDv02p5 intro.
20230518 041931.224 INFO             PET3     >>>driver: entered Initialize (phase=<none>) with current time:    0  1  1  0  0  0   0
20230518 041931.224 INFO             PET3     driver: this is a top level driver, no 'Updated' and 'InitializeDataComplete' info on this level.
20230518 041931.224 INFO             PET3     driver: InitializeIPDv02p5Data intro.
20230518 041931.224 INFO             PET3       driver: InternalInitializeComplete intro.
20230518 041931.224 INFO             PET3         driver: InitializeDataComplete='true'
20230518 041931.224 INFO             PET3       driver: InternalInitializeComplete extro.
20230518 041931.250 INFO             PET3       driver: components present that trigger loopDataDependentInitialize().
20230518 041931.250 INFO             PET3       driver: loopDataDependentInitialize intro.
20230518 041931.250 INFO             PET3         driver: component    0=driver, dataComplete (local): true
20230518 041931.257 INFO             PET3         driver: component    0=driver, dataComplete (global): T
20230518 041931.258 INFO             PET3         driver: component    1=MODEL, dataComplete (local): false
20230518 041931.264 INFO             PET3         driver: component    1=MODEL, dataComplete (global): F
20230518 041931.278 INFO             PET3         driver: component    1=MODEL, someProgress (local): true
20230518 041931.280 INFO             PET3         driver: component    1=MODEL, someProgress (global): T
20230518 041931.280 INFO             PET3         driver: someProgress=T, allComplete=F, present(dataDepAllComplete)=T
20230518 041931.286 INFO             PET3         driver: component    0=driver, dataComplete (local): true
20230518 041931.292 INFO             PET3         driver: component    0=driver, dataComplete (global): T
20230518 041931.294 INFO             PET3         driver: component    1=MODEL, dataComplete (local): true
20230518 041931.298 INFO             PET3         driver: component    1=MODEL, dataComplete (global): T
20230518 041931.298 INFO             PET3         driver: someProgress=F, allComplete=T, present(dataDepAllComplete)=T
20230518 041931.298 INFO             PET3         driver: finished resolving initialize data dependencies on this level.
20230518 041931.298 INFO             PET3       driver: loopDataDependentInitialize extro.
20230518 041931.298 INFO             PET3       driver: loopDataDependentInitialize() returned with dataDepAllComplete: T
20230518 041931.298 INFO             PET3     driver: InitializeIPDv02p5Data extro.
20230518 041931.298 INFO             PET3     <<<driver: leaving Initialize (phase=<none>) with current time:    0  1  1  0  0  0   0
20230518 041931.298 INFO             PET3   driver: InitializeIPDv02p5 extro.
20230518 041931.298 INFO             PET3 driver: InitializeGeneric extro.
20230518 041931.298 INFO             PET3 driver: Run intro.
20230518 041931.299 INFO             PET3   >>>driver entered Run (phase=RunPhase1) with current time:    0  1  1  0  0  0   0
20230518 041931.299 INFO             PET3   driver: after lable_SetRunClock, current time:    0  1  1  0  0  0   0
20230518 041931.299 INFO             PET3   driver: begin -------> RunSequence.
20230518 041931.299 INFO             PET3     driver: RunSequence event loopLevel=   1  levelMember=   1  loopIteration=   1, current time:    0  1  1  0  0  0   0
20230518 041931.308 INFO             PET3     driver: RunSequence event loopLevel=   1  levelMember=   1  loopIteration=   2, current time:    0  1  1  0  0 30   0
20230518 041931.316 INFO             PET3     driver: RunSequence event loopLevel=   1  levelMember=   1  loopIteration=   3, current time:    0  1  1  0  1  0   0
20230518 041931.324 INFO             PET3     driver: RunSequence event loopLevel=   1  levelMember=   1  loopIteration=   4, current time:    0  1  1  0  1 30   0
20230518 041931.333 INFO             PET3     driver: RunSequence event loopLevel=   1  levelMember=   1  loopIteration=   5, current time:    0  1  1  0  2  0   0
20230518 041931.342 INFO             PET3   driver: end <--------- RunSequence
20230518 041931.342 INFO             PET3   <<<driver - leaving Run with current time:    0  1  1  0  2 30   0
20230518 041931.342 INFO             PET3 driver: Run extro.
20230518 041931.342 INFO             PET3 driver: Finalize intro.
20230518 041931.342 INFO             PET3   Calling Finalize phase 1 for modelComp: MODEL
20230518 041931.348 INFO             PET3   Delete modelComp: MODEL
20230518 041931.356 INFO             PET3   Delete Import-/Export State for modelComp: MODEL
20230518 041931.356 INFO             PET3 driver: Finalize extro.
20230518 041931.356 INFO             PET3 mainApp FINISHED
20230518 041931.356 INFO             PET3 Finalizing ESMF
