2023-06-03 00:30:53
20230603 005509.092 INFO             PET0 !!!!!!!!!!!!!!!!!!!!!!!!!!!!!!!!!!!!!!!!!!!!!!!!!!!!!!
20230603 005509.093 INFO             PET0 !!! THE ESMF_LOG IS SET TO OUTPUT ALL LOG MESSAGES !!!
20230603 005509.093 INFO             PET0 !!!     THIS MAY CAUSE SLOWDOWN IN PERFORMANCE     !!!
20230603 005509.093 INFO             PET0 !!! FOR PRODUCTION RUNS, USE:                      !!!
20230603 005509.093 INFO             PET0 !!!                   ESMF_LOGKIND_Multi_On_Error  !!!
20230603 005509.093 INFO             PET0 !!!!!!!!!!!!!!!!!!!!!!!!!!!!!!!!!!!!!!!!!!!!!!!!!!!!!!
20230603 005509.093 INFO             PET0 Running with ESMF Version   : v8.5.0b23
20230603 005509.093 INFO             PET0 ESMF library build date/time: "Jun  3 2023" "00:29:32"
20230603 005509.093 INFO             PET0 ESMF library build location : /project/esmf/theurich/ESMF-Nightly-Testing/gfortran_8.2.0_mpiuni_O_develop/esmf
20230603 005509.093 INFO             PET0 ESMF_COMM                   : mpiuni
20230603 005509.093 INFO             PET0 ESMF_MOAB                   : enabled
20230603 005509.093 INFO             PET0 ESMF_LAPACK                 : enabled
20230603 005509.093 INFO             PET0 ESMF_NETCDF                 : enabled
20230603 005509.093 INFO             PET0 ESMF_PNETCDF                : disabled
20230603 005509.093 INFO             PET0 ESMF_PIO                    : disabled
20230603 005509.093 INFO             PET0 ESMF_YAMLCPP                : enabled
20230603 005509.131 DEBUG            PET0 about to destroy Grid: 0x23cba20
20230603 005509.136 DEBUG            PET0 about to destroy Grid: 0x23ccdc0
20230603 005509.150 INFO             PET0  NUMBER_OF_PROCESSORS           1
20230603 005509.150 INFO             PET0  PASS  Example ESMF_NUOPCAtmModelEx, ESMF_NUOPCAtmModelEx.F90, line 806
20230603 005509.150 INFO             PET0 Finalizing ESMF
