2023-05-22 02:29:56
20230522 030221.110 INFO             PET0 !!!!!!!!!!!!!!!!!!!!!!!!!!!!!!!!!!!!!!!!!!!!!!!!!!!!!!
20230522 030221.110 INFO             PET0 !!! THE ESMF_LOG IS SET TO OUTPUT ALL LOG MESSAGES !!!
20230522 030221.110 INFO             PET0 !!!     THIS MAY CAUSE SLOWDOWN IN PERFORMANCE     !!!
20230522 030221.110 INFO             PET0 !!! FOR PRODUCTION RUNS, USE:                      !!!
20230522 030221.110 INFO             PET0 !!!                   ESMF_LOGKIND_Multi_On_Error  !!!
20230522 030221.110 INFO             PET0 !!!!!!!!!!!!!!!!!!!!!!!!!!!!!!!!!!!!!!!!!!!!!!!!!!!!!!
20230522 030221.110 INFO             PET0 Running with ESMF Version   : v8.5.0b21-132-gf99560c
20230522 030221.110 INFO             PET0 ESMF library build date/time: "May 22 2023" "02:28:17"
20230522 030221.110 INFO             PET0 ESMF library build location : /work/noaa/da/mpotts/sandbox/intel_2020.2_intelmpi_g_develop/esmf
20230522 030221.110 INFO             PET0 ESMF_COMM                   : intelmpi
20230522 030221.111 INFO             PET0 ESMF_MOAB                   : enabled
20230522 030221.111 INFO             PET0 ESMF_LAPACK                 : enabled
20230522 030221.111 INFO             PET0 ESMF_NETCDF                 : enabled
20230522 030221.111 INFO             PET0 ESMF_PNETCDF                : disabled
20230522 030221.111 INFO             PET0 ESMF_PIO                    : enabled
20230522 030221.111 INFO             PET0 ESMF_YAMLCPP                : enabled
20230522 030221.111 INFO             PET0  NUMBER_OF_PROCESSORS           4
20230522 030221.111 INFO             PET0  PASS  Example ESMF_VMUserMpiCommMultiEx, ESMF_VMUserMpiCommMultiEx.F90, line 126
20230522 030221.112 INFO             PET0 Finalizing ESMF
20230522 030221.110 INFO             PET0 !!!!!!!!!!!!!!!!!!!!!!!!!!!!!!!!!!!!!!!!!!!!!!!!!!!!!!
20230522 030221.110 INFO             PET0 !!! THE ESMF_LOG IS SET TO OUTPUT ALL LOG MESSAGES !!!
20230522 030221.110 INFO             PET0 !!!     THIS MAY CAUSE SLOWDOWN IN PERFORMANCE     !!!
20230522 030221.110 INFO             PET0 !!! FOR PRODUCTION RUNS, USE:                      !!!
20230522 030221.110 INFO             PET0 !!!                   ESMF_LOGKIND_Multi_On_Error  !!!
20230522 030221.110 INFO             PET0 !!!!!!!!!!!!!!!!!!!!!!!!!!!!!!!!!!!!!!!!!!!!!!!!!!!!!!
20230522 030221.110 INFO             PET0 Running with ESMF Version   : v8.5.0b21-132-gf99560c
20230522 030221.110 INFO             PET0 ESMF library build date/time: "May 22 2023" "02:28:17"
20230522 030221.110 INFO             PET0 ESMF library build location : /work/noaa/da/mpotts/sandbox/intel_2020.2_intelmpi_g_develop/esmf
20230522 030221.110 INFO             PET0 ESMF_COMM                   : intelmpi
20230522 030221.111 INFO             PET0 ESMF_MOAB                   : enabled
20230522 030221.111 INFO             PET0 ESMF_LAPACK                 : enabled
20230522 030221.111 INFO             PET0 ESMF_NETCDF                 : enabled
20230522 030221.111 INFO             PET0 ESMF_PNETCDF                : disabled
20230522 030221.111 INFO             PET0 ESMF_PIO                    : enabled
20230522 030221.111 INFO             PET0 ESMF_YAMLCPP                : enabled
20230522 030221.112 INFO             PET0  NUMBER_OF_PROCESSORS           4
20230522 030221.112 INFO             PET0  PASS  Example ESMF_VMUserMpiCommMultiEx, ESMF_VMUserMpiCommMultiEx.F90, line 154
20230522 030221.112 INFO             PET0 Finalizing ESMF
20230522 030221.110 INFO             PET1 !!!!!!!!!!!!!!!!!!!!!!!!!!!!!!!!!!!!!!!!!!!!!!!!!!!!!!
20230522 030221.110 INFO             PET1 !!! THE ESMF_LOG IS SET TO OUTPUT ALL LOG MESSAGES !!!
20230522 030221.110 INFO             PET1 !!!     THIS MAY CAUSE SLOWDOWN IN PERFORMANCE     !!!
20230522 030221.110 INFO             PET1 !!! FOR PRODUCTION RUNS, USE:                      !!!
20230522 030221.110 INFO             PET1 !!!                   ESMF_LOGKIND_Multi_On_Error  !!!
20230522 030221.110 INFO             PET1 !!!!!!!!!!!!!!!!!!!!!!!!!!!!!!!!!!!!!!!!!!!!!!!!!!!!!!
20230522 030221.110 INFO             PET1 Running with ESMF Version   : v8.5.0b21-132-gf99560c
20230522 030221.110 INFO             PET1 ESMF library build date/time: "May 22 2023" "02:28:17"
20230522 030221.110 INFO             PET1 ESMF library build location : /work/noaa/da/mpotts/sandbox/intel_2020.2_intelmpi_g_develop/esmf
20230522 030221.110 INFO             PET1 ESMF_COMM                   : intelmpi
20230522 030221.111 INFO             PET1 ESMF_MOAB                   : enabled
20230522 030221.111 INFO             PET1 ESMF_LAPACK                 : enabled
20230522 030221.111 INFO             PET1 ESMF_NETCDF                 : enabled
20230522 030221.111 INFO             PET1 ESMF_PNETCDF                : disabled
20230522 030221.111 INFO             PET1 ESMF_PIO                    : enabled
20230522 030221.111 INFO             PET1 ESMF_YAMLCPP                : enabled
20230522 030221.111 INFO             PET1  NUMBER_OF_PROCESSORS           4
20230522 030221.112 INFO             PET1  PASS  Example ESMF_VMUserMpiCommMultiEx, ESMF_VMUserMpiCommMultiEx.F90, line 126
20230522 030221.112 INFO             PET1 Finalizing ESMF
20230522 030221.110 INFO             PET1 !!!!!!!!!!!!!!!!!!!!!!!!!!!!!!!!!!!!!!!!!!!!!!!!!!!!!!
20230522 030221.110 INFO             PET1 !!! THE ESMF_LOG IS SET TO OUTPUT ALL LOG MESSAGES !!!
20230522 030221.110 INFO             PET1 !!!     THIS MAY CAUSE SLOWDOWN IN PERFORMANCE     !!!
20230522 030221.110 INFO             PET1 !!! FOR PRODUCTION RUNS, USE:                      !!!
20230522 030221.110 INFO             PET1 !!!                   ESMF_LOGKIND_Multi_On_Error  !!!
20230522 030221.110 INFO             PET1 !!!!!!!!!!!!!!!!!!!!!!!!!!!!!!!!!!!!!!!!!!!!!!!!!!!!!!
20230522 030221.110 INFO             PET1 Running with ESMF Version   : v8.5.0b21-132-gf99560c
20230522 030221.110 INFO             PET1 ESMF library build date/time: "May 22 2023" "02:28:17"
20230522 030221.110 INFO             PET1 ESMF library build location : /work/noaa/da/mpotts/sandbox/intel_2020.2_intelmpi_g_develop/esmf
20230522 030221.110 INFO             PET1 ESMF_COMM                   : intelmpi
20230522 030221.111 INFO             PET1 ESMF_MOAB                   : enabled
20230522 030221.111 INFO             PET1 ESMF_LAPACK                 : enabled
20230522 030221.111 INFO             PET1 ESMF_NETCDF                 : enabled
20230522 030221.111 INFO             PET1 ESMF_PNETCDF                : disabled
20230522 030221.111 INFO             PET1 ESMF_PIO                    : enabled
20230522 030221.111 INFO             PET1 ESMF_YAMLCPP                : enabled
20230522 030221.112 INFO             PET1  NUMBER_OF_PROCESSORS           4
20230522 030221.112 INFO             PET1  PASS  Example ESMF_VMUserMpiCommMultiEx, ESMF_VMUserMpiCommMultiEx.F90, line 154
20230522 030221.112 INFO             PET1 Finalizing ESMF
