2023-05-18 03:11:39
20230518 043739.837 INFO             PET0 !!!!!!!!!!!!!!!!!!!!!!!!!!!!!!!!!!!!!!!!!!!!!!!!!!!!!!
20230518 043739.837 INFO             PET0 !!! THE ESMF_LOG IS SET TO OUTPUT ALL LOG MESSAGES !!!
20230518 043739.837 INFO             PET0 !!!     THIS MAY CAUSE SLOWDOWN IN PERFORMANCE     !!!
20230518 043739.837 INFO             PET0 !!! FOR PRODUCTION RUNS, USE:                      !!!
20230518 043739.837 INFO             PET0 !!!                   ESMF_LOGKIND_Multi_On_Error  !!!
20230518 043739.837 INFO             PET0 !!!!!!!!!!!!!!!!!!!!!!!!!!!!!!!!!!!!!!!!!!!!!!!!!!!!!!
20230518 043739.837 INFO             PET0 Running with ESMF Version   : v8.5.0b21-127-g2a7bdbf3cb
20230518 043739.837 INFO             PET0 ESMF library build date/time: "May 18 2023" "03:05:30"
20230518 043739.837 INFO             PET0 ESMF library build location : /glade/scratch/theurich/ESMF-Nightly-Testing/intel_18.0.5_mpt_O_develop/esmf
20230518 043739.837 INFO             PET0 ESMF_COMM                   : mpt
20230518 043739.837 INFO             PET0 ESMF_MOAB                   : enabled
20230518 043739.837 INFO             PET0 ESMF_LAPACK                 : enabled
20230518 043739.837 INFO             PET0 ESMF_NETCDF                 : enabled
20230518 043739.837 INFO             PET0 ESMF_PNETCDF                : disabled
20230518 043739.837 INFO             PET0 ESMF_PIO                    : enabled
20230518 043739.837 INFO             PET0 ESMF_YAMLCPP                : enabled
20230518 043739.837 INFO             PET0 mainApp STARTING
20230518 043739.839 INFO             PET0 driver: InitializeGeneric intro.
20230518 043739.839 INFO             PET0   driver: InitializeP0 intro.
20230518 043739.839 INFO             PET0   driver: InitializeP0 extro.
20230518 043739.839 INFO             PET0   driver: InitializeIPDv02p1 intro.
20230518 043739.839 INFO             PET0     >>>driver: entered Initialize (phase=<none>) without valid internal Clock.
20230518 043739.840 INFO             PET0     driver - Creating model component MODEL without petList.
20230518 043739.841 INFO             PET0      GridCompIsPetLocal:  T
20230518 043739.841 INFO             PET0      VmIsCreated:  T
20230518 043739.841 INFO             PET0      valid MPI_COMM with size=           4
20230518 043739.841 INFO             PET0     driver - Creating state: modelComp 1 Import State
20230518 043739.841 INFO             PET0     driver - Creating state: modelComp 1 Export State
20230518 043739.841 INFO             PET0     MODEL: InitializeP0 intro.
20230518 043739.841 INFO             PET0       >>>MODEL: entered Initialize (phase=<none>) without valid internal Clock.
20230518 043739.842 INFO             PET0       <<<MODEL: leaving Initialize (phase=<none>) without valid internal Clock.
20230518 043739.842 INFO             PET0     MODEL: InitializeP0 extro.
20230518 043739.842 INFO             PET0     driver: IInitAdvertise intro.
20230518 043739.842 INFO             PET0     driver: IInitAdvertise extro.
20230518 043739.842 INFO             PET0     MODEL: InitializeIPDvXp01 intro.
20230518 043739.842 INFO             PET0       >>>MODEL: entered Initialize (phase=IPDvXp01) without valid internal Clock.
20230518 043739.843 INFO             PET0       <<<MODEL: leaving Initialize (phase=IPDvXp01) without valid internal Clock.
20230518 043739.843 INFO             PET0     MODEL: InitializeIPDvXp01 extro.
20230518 043739.844 INFO             PET0     driver: IInitAdvertiseFinish intro.
20230518 043739.844 INFO             PET0     driver: IInitAdvertiseFinish extro.
20230518 043739.844 INFO             PET0     driver: IInitModifyCplLists intro.
20230518 043739.844 INFO             PET0     driver: IInitModifyCplLists extro.
20230518 043739.844 INFO             PET0     <<<driver: leaving Initialize (phase=<none>) with current time:    0  1  1  0  0  0   0
20230518 043739.844 INFO             PET0   driver: InitializeIPDv02p1 extro.
20230518 043739.844 INFO             PET0   driver: InitializeIPDv02p3 intro.
20230518 043739.844 INFO             PET0     >>>driver: entered Initialize (phase=<none>) with current time:    0  1  1  0  0  0   0
20230518 043739.847 INFO             PET0     driver: IInitCheck intro.
20230518 043739.847 INFO             PET0     driver: IInitCheck extro.
20230518 043739.847 INFO             PET0     MODEL: InitializeIPDvXp04 intro.
20230518 043739.847 INFO             PET0       >>>MODEL: entered Initialize (phase=IPDvXp04) without valid internal Clock.
20230518 043739.849 INFO             PET0       After Realize: - MemInfo: [/proc/meminfo - SSI]	MemTotal:       65507008 kB
20230518 043739.849 INFO             PET0       After Realize: - MemInfo: [/proc/meminfo - SSI]	MemFree:        49301888 kB
20230518 043739.849 INFO             PET0       After Realize: - MemInfo: [/proc/meminfo - SSI]	MemAvailable:   49313156 kB
20230518 043739.849 INFO             PET0       After Realize: - MemInfo: [/proc/meminfo - SSI]	Committed_AS:   14100460 kB
20230518 043739.849 INFO             PET0       After Realize: - MemInfo: [/proc/meminfo - SSI]	CommittedPercent: 21.5251 %
20230518 043739.849 INFO             PET0       After Realize: - MemInfo: [/proc/self/status]	VmPeak:	65949172 kB
20230518 043739.849 INFO             PET0       After Realize: - MemInfo: [/proc/self/status]	VmSize:	65949172 kB
20230518 043739.849 INFO             PET0       After Realize: - MemInfo: [/proc/self/status]	VmLck:	       0 kB
20230518 043739.849 INFO             PET0       After Realize: - MemInfo: [/proc/self/status]	VmPin:	       0 kB
20230518 043739.849 INFO             PET0       After Realize: - MemInfo: [/proc/self/status]	VmHWM:	   18188 kB
20230518 043739.849 INFO             PET0       After Realize: - MemInfo: [/proc/self/status]	VmRSS:	   18188 kB
20230518 043739.849 INFO             PET0       After Realize: - MemInfo: [/proc/self/status]	VmData:	   29140 kB
20230518 043739.849 INFO             PET0       After Realize: - MemInfo: [/proc/self/status]	VmStk:	     160 kB
20230518 043739.849 INFO             PET0       After Realize: - MemInfo: [/proc/self/status]	VmExe:	    1672 kB
20230518 043739.849 INFO             PET0       After Realize: - MemInfo: [/proc/self/status]	VmLib:	   80324 kB
20230518 043739.849 INFO             PET0       After Realize: - MemInfo: [/proc/self/status]	VmPTE:	     268 kB
20230518 043739.849 INFO             PET0       After Realize: - MemInfo: [/proc/self/status]	VmPMD:	      20 kB
20230518 043739.849 INFO             PET0       After Realize: - MemInfo: [/proc/self/status]	VmSwap:	       0 kB
20230518 043739.849 INFO             PET0       After Realize: - MemInfo: [/proc/self/status]	VmRSSPercent: 0.027765 %
20230518 043739.849 INFO             PET0       After Realize: - MemInfo: [malloc] Non-mmapped space allocated:                19644416 Byte
20230518 043739.849 INFO             PET0       After Realize: - MemInfo: [malloc] Space allocated in mmapped regions:                0 Byte
20230518 043739.849 INFO             PET0       After Realize: - MemInfo: [malloc] Maximum total allocated space:                     0 Byte
20230518 043739.849 INFO             PET0       After Realize: - MemInfo: [malloc] Space in freed fastbin blocks:                   656 Byte
20230518 043739.849 INFO             PET0       After Realize: - MemInfo: [malloc] Total allocated space:                      19577280 Byte
20230518 043739.849 INFO             PET0       After Realize: - MemInfo: [malloc] Total free space:                              67136 Byte
20230518 043739.849 INFO             PET0       After Realize: - MemInfo: [malloc] Top-most, releasable space:                    65920 Byte
20230518 043739.849 INFO             PET0       After Realize: - MemInfo: [malloc] Total space in use, mmap + non-mmap:        19577280 Byte
20230518 043739.849 INFO             PET0       After Realize: - MemInfo: [malloc] Total space held (mmap + non-mmap):         19644416 Byte
20230518 043739.849 INFO             PET0       After Realize: - MemInfo: [malloc] Total space used (mmap + non-mmap):         19586640 Byte
20230518 043739.849 INFO             PET0       After Realize: - MemInfo: Wall-clock time since execution start:              0.0144345 seconds
20230518 043739.849 INFO             PET0       <<<MODEL: leaving Initialize (phase=IPDvXp04) without valid internal Clock.
20230518 043739.849 INFO             PET0     MODEL: InitializeIPDvXp04 extro.
20230518 043739.849 INFO             PET0     driver: IInitRealize intro.
20230518 043739.849 INFO             PET0     driver: IInitRealize extro.
20230518 043739.849 INFO             PET0     MODEL: InitializeIPDvXp07 intro.
20230518 043739.849 INFO             PET0       >>>MODEL: entered Initialize (phase=IPDvXp07) without valid internal Clock.
20230518 043739.850 INFO             PET0       <<<MODEL: leaving Initialize (phase=IPDvXp07) with current time:    0  1  1  0  0  0   0
20230518 043739.850 INFO             PET0     MODEL: InitializeIPDvXp07 extro.
20230518 043739.850 INFO             PET0     <<<driver: leaving Initialize (phase=<none>) with current time:    0  1  1  0  0  0   0
20230518 043739.850 INFO             PET0   driver: InitializeIPDv02p3 extro.
20230518 043739.850 INFO             PET0   driver: InitializeIPDv02p5 intro.
20230518 043739.850 INFO             PET0     >>>driver: entered Initialize (phase=<none>) with current time:    0  1  1  0  0  0   0
20230518 043739.850 INFO             PET0     driver: this is a top level driver, no 'Updated' and 'InitializeDataComplete' info on this level.
20230518 043739.850 INFO             PET0     driver: InitializeIPDv02p5Data intro.
20230518 043739.850 INFO             PET0       driver: InternalInitializeComplete intro.
20230518 043739.850 INFO             PET0         driver: InitializeDataComplete='true'
20230518 043739.850 INFO             PET0       driver: InternalInitializeComplete extro.
20230518 043739.850 INFO             PET0       MODEL: InitializeIPDvXp08 intro.
20230518 043739.850 INFO             PET0         >>>MODEL: entered Initialize (phase=IPDv05p8) with current time:    0  1  1  0  0  0   0
20230518 043739.850 INFO             PET0         MODEL: InitializeDataProgress='false', InitializeDataComplete='false'
20230518 043739.850 INFO             PET0         <<<MODEL: leaving Initialize (phase=IPDv05p8) with current time:    0  1  1  0  0  0   0
20230518 043739.850 INFO             PET0       MODEL: InitializeIPDvXp08 extro.
20230518 043739.851 INFO             PET0       driver: components present that trigger loopDataDependentInitialize().
20230518 043739.851 INFO             PET0       driver: loopDataDependentInitialize intro.
20230518 043739.851 INFO             PET0         driver: component    0=driver, dataComplete (local): true
20230518 043739.851 INFO             PET0         driver: component    0=driver, dataComplete (global):  T
20230518 043739.851 INFO             PET0         driver: component    1=MODEL, dataComplete (local): false
20230518 043739.851 INFO             PET0         driver: component    1=MODEL, dataComplete (global):  F
20230518 043739.851 INFO             PET0         MODEL: InitializeIPDvXp08 intro.
20230518 043739.851 INFO             PET0           >>>MODEL: entered Initialize (phase=IPDv05p8) with current time:    0  1  1  0  0  0   0
20230518 043739.851 INFO             PET0           MODEL: InitializeDataProgress='true', InitializeDataComplete='true'
20230518 043739.851 INFO             PET0           <<<MODEL: leaving Initialize (phase=IPDv05p8) with current time:    0  1  1  0  0  0   0
20230518 043739.851 INFO             PET0         MODEL: InitializeIPDvXp08 extro.
20230518 043739.851 INFO             PET0         driver: component    1=MODEL, someProgress (local): true
20230518 043739.851 INFO             PET0         driver: component    1=MODEL, someProgress (global):  T
20230518 043739.851 INFO             PET0         driver: someProgress= T, allComplete= F, present(dataDepAllComplete)= T
20230518 043739.851 INFO             PET0         driver: component    0=driver, dataComplete (local): true
20230518 043739.851 INFO             PET0         driver: component    0=driver, dataComplete (global):  T
20230518 043739.851 INFO             PET0         driver: component    1=MODEL, dataComplete (local): true
20230518 043739.851 INFO             PET0         driver: component    1=MODEL, dataComplete (global):  T
20230518 043739.851 INFO             PET0         driver: someProgress= F, allComplete= T, present(dataDepAllComplete)= T
20230518 043739.851 INFO             PET0         driver: finished resolving initialize data dependencies on this level.
20230518 043739.851 INFO             PET0       driver: loopDataDependentInitialize extro.
20230518 043739.851 INFO             PET0       driver: loopDataDependentInitialize() returned with dataDepAllComplete:  T
20230518 043739.851 INFO             PET0     driver: InitializeIPDv02p5Data extro.
20230518 043739.851 INFO             PET0     <<<driver: leaving Initialize (phase=<none>) with current time:    0  1  1  0  0  0   0
20230518 043739.851 INFO             PET0   driver: InitializeIPDv02p5 extro.
20230518 043739.851 INFO             PET0 driver: InitializeGeneric extro.
20230518 043739.852 INFO             PET0 driver: Run intro.
20230518 043739.852 INFO             PET0   >>>driver entered Run (phase=RunPhase1) with current time:    0  1  1  0  0  0   0
20230518 043739.852 INFO             PET0   driver: after lable_SetRunClock, current time:    0  1  1  0  0  0   0
20230518 043739.852 INFO             PET0   driver: begin -------> RunSequence.
20230518 043739.852 INFO             PET0     driver: RunSequence event loopLevel=   1  levelMember=   1  loopIteration=   1, current time:    0  1  1  0  0  0   0
20230518 043739.852 INFO             PET0     MODEL: Run intro.
20230518 043739.852 INFO             PET0       >>>MODEL: entered Run (phase=RunPhase1) with current time:    0  1  1  0  0  0   0
20230518 043739.852 INFO             PET0       MODEL: time step-loop starting, current time:    0  1  1  0  0  0   0
20230518 043739.852 INFO             PET0       thread_num=   2   currentSsiPe=   0   num_threads=   3   max_threads=   3   num_procs=   1
20230518 043739.852 INFO             PET0       thread_num=   0   currentSsiPe=   0   num_threads=   3   max_threads=   3   num_procs=   1
20230518 043739.860 INFO             PET0       thread_num=   1   currentSsiPe=   0   num_threads=   3   max_threads=   3   num_procs=   1
20230518 043739.860 INFO             PET0       ---->Advancing Model from:    0  1  1  0  0  0   0
20230518 043739.860 INFO             PET0       ---------------------> to:    0  1  1  0  0 30   0
20230518 043739.860 INFO             PET0       MODEL: time step-loop ending,   current time:    0  1  1  0  0 30   0
20230518 043739.860 INFO             PET0       <<<MODEL: leaving Run (phase=RunPhase1) with current time:    0  1  1  0  0 30   0
20230518 043739.860 INFO             PET0     MODEL: Run extro.
20230518 043739.860 INFO             PET0     driver: RunSequence event loopLevel=   1  levelMember=   1  loopIteration=   2, current time:    0  1  1  0  0 30   0
20230518 043739.860 INFO             PET0     MODEL: Run intro.
20230518 043739.860 INFO             PET0       >>>MODEL: entered Run (phase=RunPhase1) with current time:    0  1  1  0  0 30   0
20230518 043739.860 INFO             PET0       MODEL: time step-loop starting, current time:    0  1  1  0  0 30   0
20230518 043739.860 INFO             PET0       thread_num=   0   currentSsiPe=   0   num_threads=   3   max_threads=   3   num_procs=   1
20230518 043739.860 INFO             PET0       thread_num=   2   currentSsiPe=   0   num_threads=   3   max_threads=   3   num_procs=   1
20230518 043739.860 INFO             PET0       thread_num=   1   currentSsiPe=   0   num_threads=   3   max_threads=   3   num_procs=   1
20230518 043739.860 INFO             PET0       ---->Advancing Model from:    0  1  1  0  0 30   0
20230518 043739.860 INFO             PET0       ---------------------> to:    0  1  1  0  1  0   0
20230518 043739.860 INFO             PET0       MODEL: time step-loop ending,   current time:    0  1  1  0  1  0   0
20230518 043739.860 INFO             PET0       <<<MODEL: leaving Run (phase=RunPhase1) with current time:    0  1  1  0  1  0   0
20230518 043739.860 INFO             PET0     MODEL: Run extro.
20230518 043739.860 INFO             PET0     driver: RunSequence event loopLevel=   1  levelMember=   1  loopIteration=   3, current time:    0  1  1  0  1  0   0
20230518 043739.860 INFO             PET0     MODEL: Run intro.
20230518 043739.860 INFO             PET0       >>>MODEL: entered Run (phase=RunPhase1) with current time:    0  1  1  0  1  0   0
20230518 043739.860 INFO             PET0       MODEL: time step-loop starting, current time:    0  1  1  0  1  0   0
20230518 043739.860 INFO             PET0       thread_num=   0   currentSsiPe=   0   num_threads=   3   max_threads=   3   num_procs=   1
20230518 043739.860 INFO             PET0       thread_num=   2   currentSsiPe=   0   num_threads=   3   max_threads=   3   num_procs=   1
20230518 043739.860 INFO             PET0       thread_num=   1   currentSsiPe=   0   num_threads=   3   max_threads=   3   num_procs=   1
20230518 043739.860 INFO             PET0       ---->Advancing Model from:    0  1  1  0  1  0   0
20230518 043739.860 INFO             PET0       ---------------------> to:    0  1  1  0  1 30   0
20230518 043739.860 INFO             PET0       MODEL: time step-loop ending,   current time:    0  1  1  0  1 30   0
20230518 043739.861 INFO             PET0       <<<MODEL: leaving Run (phase=RunPhase1) with current time:    0  1  1  0  1 30   0
20230518 043739.861 INFO             PET0     MODEL: Run extro.
20230518 043739.861 INFO             PET0     driver: RunSequence event loopLevel=   1  levelMember=   1  loopIteration=   4, current time:    0  1  1  0  1 30   0
20230518 043739.861 INFO             PET0     MODEL: Run intro.
20230518 043739.861 INFO             PET0       >>>MODEL: entered Run (phase=RunPhase1) with current time:    0  1  1  0  1 30   0
20230518 043739.861 INFO             PET0       MODEL: time step-loop starting, current time:    0  1  1  0  1 30   0
20230518 043739.861 INFO             PET0       thread_num=   0   currentSsiPe=   0   num_threads=   3   max_threads=   3   num_procs=   1
20230518 043739.861 INFO             PET0       thread_num=   2   currentSsiPe=   0   num_threads=   3   max_threads=   3   num_procs=   1
20230518 043739.861 INFO             PET0       thread_num=   1   currentSsiPe=   0   num_threads=   3   max_threads=   3   num_procs=   1
20230518 043739.861 INFO             PET0       ---->Advancing Model from:    0  1  1  0  1 30   0
20230518 043739.861 INFO             PET0       ---------------------> to:    0  1  1  0  2  0   0
20230518 043739.861 INFO             PET0       MODEL: time step-loop ending,   current time:    0  1  1  0  2  0   0
20230518 043739.861 INFO             PET0       <<<MODEL: leaving Run (phase=RunPhase1) with current time:    0  1  1  0  2  0   0
20230518 043739.861 INFO             PET0     MODEL: Run extro.
20230518 043739.861 INFO             PET0     driver: RunSequence event loopLevel=   1  levelMember=   1  loopIteration=   5, current time:    0  1  1  0  2  0   0
20230518 043739.861 INFO             PET0     MODEL: Run intro.
20230518 043739.861 INFO             PET0       >>>MODEL: entered Run (phase=RunPhase1) with current time:    0  1  1  0  2  0   0
20230518 043739.861 INFO             PET0       MODEL: time step-loop starting, current time:    0  1  1  0  2  0   0
20230518 043739.861 INFO             PET0       thread_num=   0   currentSsiPe=   0   num_threads=   3   max_threads=   3   num_procs=   1
20230518 043739.861 INFO             PET0       thread_num=   2   currentSsiPe=   0   num_threads=   3   max_threads=   3   num_procs=   1
20230518 043739.861 INFO             PET0       thread_num=   1   currentSsiPe=   0   num_threads=   3   max_threads=   3   num_procs=   1
20230518 043739.861 INFO             PET0       ---->Advancing Model from:    0  1  1  0  2  0   0
20230518 043739.861 INFO             PET0       ---------------------> to:    0  1  1  0  2 30   0
20230518 043739.861 INFO             PET0       MODEL: time step-loop ending,   current time:    0  1  1  0  2 30   0
20230518 043739.861 INFO             PET0       <<<MODEL: leaving Run (phase=RunPhase1) with current time:    0  1  1  0  2 30   0
20230518 043739.861 INFO             PET0     MODEL: Run extro.
20230518 043739.861 INFO             PET0   driver: end <--------- RunSequence
20230518 043739.861 INFO             PET0   <<<driver - leaving Run with current time:    0  1  1  0  2 30   0
20230518 043739.861 INFO             PET0 driver: Run extro.
20230518 043739.861 INFO             PET0 driver: Finalize intro.
20230518 043739.861 INFO             PET0   Calling Finalize phase 1 for modelComp: MODEL
20230518 043739.861 INFO             PET0   MODEL: Finalize intro.
20230518 043739.861 INFO             PET0     >>>MODEL: entered Finalize (phase=FinalizePhase1) with current time:    0  1  1  0  2 30   0
20230518 043739.861 INFO             PET0     <<<MODEL: leaving Finalize (phase=FinalizePhase1) with current time:    0  1  1  0  2 30   0
20230518 043739.861 INFO             PET0   MODEL: Finalize extro.
20230518 043739.861 INFO             PET0   Delete modelComp: MODEL
20230518 043739.861 INFO             PET0   Delete Import-/Export State for modelComp: MODEL
20230518 043739.861 INFO             PET0 driver: Finalize extro.
20230518 043739.861 INFO             PET0 mainApp FINISHED
20230518 043739.861 INFO             PET0 Finalizing ESMF
20230518 043739.837 INFO             PET1 !!!!!!!!!!!!!!!!!!!!!!!!!!!!!!!!!!!!!!!!!!!!!!!!!!!!!!
20230518 043739.837 INFO             PET1 !!! THE ESMF_LOG IS SET TO OUTPUT ALL LOG MESSAGES !!!
20230518 043739.837 INFO             PET1 !!!     THIS MAY CAUSE SLOWDOWN IN PERFORMANCE     !!!
20230518 043739.837 INFO             PET1 !!! FOR PRODUCTION RUNS, USE:                      !!!
20230518 043739.837 INFO             PET1 !!!                   ESMF_LOGKIND_Multi_On_Error  !!!
20230518 043739.837 INFO             PET1 !!!!!!!!!!!!!!!!!!!!!!!!!!!!!!!!!!!!!!!!!!!!!!!!!!!!!!
20230518 043739.837 INFO             PET1 Running with ESMF Version   : v8.5.0b21-127-g2a7bdbf3cb
20230518 043739.837 INFO             PET1 ESMF library build date/time: "May 18 2023" "03:05:30"
20230518 043739.837 INFO             PET1 ESMF library build location : /glade/scratch/theurich/ESMF-Nightly-Testing/intel_18.0.5_mpt_O_develop/esmf
20230518 043739.837 INFO             PET1 ESMF_COMM                   : mpt
20230518 043739.837 INFO             PET1 ESMF_MOAB                   : enabled
20230518 043739.837 INFO             PET1 ESMF_LAPACK                 : enabled
20230518 043739.837 INFO             PET1 ESMF_NETCDF                 : enabled
20230518 043739.837 INFO             PET1 ESMF_PNETCDF                : disabled
20230518 043739.837 INFO             PET1 ESMF_PIO                    : enabled
20230518 043739.837 INFO             PET1 ESMF_YAMLCPP                : enabled
20230518 043739.837 INFO             PET1 mainApp STARTING
20230518 043739.839 INFO             PET1 driver: InitializeGeneric intro.
20230518 043739.839 INFO             PET1   driver: InitializeP0 intro.
20230518 043739.839 INFO             PET1   driver: InitializeP0 extro.
20230518 043739.839 INFO             PET1   driver: InitializeIPDv02p1 intro.
20230518 043739.839 INFO             PET1     >>>driver: entered Initialize (phase=<none>) without valid internal Clock.
20230518 043739.840 INFO             PET1     driver - Creating model component MODEL without petList.
20230518 043739.841 INFO             PET1      GridCompIsPetLocal:  T
20230518 043739.841 INFO             PET1      VmIsCreated:  T
20230518 043739.841 INFO             PET1      valid MPI_COMM with size=           4
20230518 043739.841 INFO             PET1     driver - Creating state: modelComp 1 Import State
20230518 043739.841 INFO             PET1     driver - Creating state: modelComp 1 Export State
20230518 043739.841 INFO             PET1     MODEL: InitializeP0 intro.
20230518 043739.841 INFO             PET1       >>>MODEL: entered Initialize (phase=<none>) without valid internal Clock.
20230518 043739.842 INFO             PET1       <<<MODEL: leaving Initialize (phase=<none>) without valid internal Clock.
20230518 043739.842 INFO             PET1     MODEL: InitializeP0 extro.
20230518 043739.842 INFO             PET1     driver: IInitAdvertise intro.
20230518 043739.842 INFO             PET1     driver: IInitAdvertise extro.
20230518 043739.842 INFO             PET1     MODEL: InitializeIPDvXp01 intro.
20230518 043739.842 INFO             PET1       >>>MODEL: entered Initialize (phase=IPDvXp01) without valid internal Clock.
20230518 043739.843 INFO             PET1       <<<MODEL: leaving Initialize (phase=IPDvXp01) without valid internal Clock.
20230518 043739.843 INFO             PET1     MODEL: InitializeIPDvXp01 extro.
20230518 043739.844 INFO             PET1     driver: IInitAdvertiseFinish intro.
20230518 043739.844 INFO             PET1     driver: IInitAdvertiseFinish extro.
20230518 043739.844 INFO             PET1     driver: IInitModifyCplLists intro.
20230518 043739.844 INFO             PET1     driver: IInitModifyCplLists extro.
20230518 043739.844 INFO             PET1     <<<driver: leaving Initialize (phase=<none>) with current time:    0  1  1  0  0  0   0
20230518 043739.844 INFO             PET1   driver: InitializeIPDv02p1 extro.
20230518 043739.844 INFO             PET1   driver: InitializeIPDv02p3 intro.
20230518 043739.844 INFO             PET1     >>>driver: entered Initialize (phase=<none>) with current time:    0  1  1  0  0  0   0
20230518 043739.847 INFO             PET1     driver: IInitCheck intro.
20230518 043739.847 INFO             PET1     driver: IInitCheck extro.
20230518 043739.847 INFO             PET1     MODEL: InitializeIPDvXp04 intro.
20230518 043739.847 INFO             PET1       >>>MODEL: entered Initialize (phase=IPDvXp04) without valid internal Clock.
20230518 043739.849 INFO             PET1       After Realize: - MemInfo: [/proc/meminfo - SSI]	MemTotal:       65507008 kB
20230518 043739.849 INFO             PET1       After Realize: - MemInfo: [/proc/meminfo - SSI]	MemFree:        49301888 kB
20230518 043739.849 INFO             PET1       After Realize: - MemInfo: [/proc/meminfo - SSI]	MemAvailable:   49313156 kB
20230518 043739.849 INFO             PET1       After Realize: - MemInfo: [/proc/meminfo - SSI]	Committed_AS:   14100460 kB
20230518 043739.849 INFO             PET1       After Realize: - MemInfo: [/proc/meminfo - SSI]	CommittedPercent: 21.5251 %
20230518 043739.849 INFO             PET1       After Realize: - MemInfo: [/proc/self/status]	VmPeak:	65949164 kB
20230518 043739.849 INFO             PET1       After Realize: - MemInfo: [/proc/self/status]	VmSize:	65949164 kB
20230518 043739.849 INFO             PET1       After Realize: - MemInfo: [/proc/self/status]	VmLck:	       0 kB
20230518 043739.849 INFO             PET1       After Realize: - MemInfo: [/proc/self/status]	VmPin:	       0 kB
20230518 043739.849 INFO             PET1       After Realize: - MemInfo: [/proc/self/status]	VmHWM:	   18184 kB
20230518 043739.849 INFO             PET1       After Realize: - MemInfo: [/proc/self/status]	VmRSS:	   18184 kB
20230518 043739.849 INFO             PET1       After Realize: - MemInfo: [/proc/self/status]	VmData:	   29132 kB
20230518 043739.849 INFO             PET1       After Realize: - MemInfo: [/proc/self/status]	VmStk:	     160 kB
20230518 043739.849 INFO             PET1       After Realize: - MemInfo: [/proc/self/status]	VmExe:	    1672 kB
20230518 043739.849 INFO             PET1       After Realize: - MemInfo: [/proc/self/status]	VmLib:	   80324 kB
20230518 043739.849 INFO             PET1       After Realize: - MemInfo: [/proc/self/status]	VmPTE:	     276 kB
20230518 043739.849 INFO             PET1       After Realize: - MemInfo: [/proc/self/status]	VmPMD:	      24 kB
20230518 043739.849 INFO             PET1       After Realize: - MemInfo: [/proc/self/status]	VmSwap:	       0 kB
20230518 043739.849 INFO             PET1       After Realize: - MemInfo: [/proc/self/status]	VmRSSPercent: 0.0277589 %
20230518 043739.849 INFO             PET1       After Realize: - MemInfo: [malloc] Non-mmapped space allocated:                19636224 Byte
20230518 043739.849 INFO             PET1       After Realize: - MemInfo: [malloc] Space allocated in mmapped regions:                0 Byte
20230518 043739.849 INFO             PET1       After Realize: - MemInfo: [malloc] Maximum total allocated space:                     0 Byte
20230518 043739.849 INFO             PET1       After Realize: - MemInfo: [malloc] Space in freed fastbin blocks:                  1024 Byte
20230518 043739.849 INFO             PET1       After Realize: - MemInfo: [malloc] Total allocated space:                      19577952 Byte
20230518 043739.849 INFO             PET1       After Realize: - MemInfo: [malloc] Total free space:                              58272 Byte
20230518 043739.849 INFO             PET1       After Realize: - MemInfo: [malloc] Top-most, releasable space:                    57248 Byte
20230518 043739.849 INFO             PET1       After Realize: - MemInfo: [malloc] Total space in use, mmap + non-mmap:        19577952 Byte
20230518 043739.849 INFO             PET1       After Realize: - MemInfo: [malloc] Total space held (mmap + non-mmap):         19636224 Byte
20230518 043739.849 INFO             PET1       After Realize: - MemInfo: [malloc] Total space used (mmap + non-mmap):         19587312 Byte
20230518 043739.849 INFO             PET1       After Realize: - MemInfo: Wall-clock time since execution start:              0.0148054 seconds
20230518 043739.849 INFO             PET1       <<<MODEL: leaving Initialize (phase=IPDvXp04) without valid internal Clock.
20230518 043739.849 INFO             PET1     MODEL: InitializeIPDvXp04 extro.
20230518 043739.850 INFO             PET1     driver: IInitRealize intro.
20230518 043739.850 INFO             PET1     driver: IInitRealize extro.
20230518 043739.850 INFO             PET1     MODEL: InitializeIPDvXp07 intro.
20230518 043739.850 INFO             PET1       >>>MODEL: entered Initialize (phase=IPDvXp07) without valid internal Clock.
20230518 043739.850 INFO             PET1       <<<MODEL: leaving Initialize (phase=IPDvXp07) with current time:    0  1  1  0  0  0   0
20230518 043739.850 INFO             PET1     MODEL: InitializeIPDvXp07 extro.
20230518 043739.850 INFO             PET1     <<<driver: leaving Initialize (phase=<none>) with current time:    0  1  1  0  0  0   0
20230518 043739.850 INFO             PET1   driver: InitializeIPDv02p3 extro.
20230518 043739.850 INFO             PET1   driver: InitializeIPDv02p5 intro.
20230518 043739.850 INFO             PET1     >>>driver: entered Initialize (phase=<none>) with current time:    0  1  1  0  0  0   0
20230518 043739.850 INFO             PET1     driver: this is a top level driver, no 'Updated' and 'InitializeDataComplete' info on this level.
20230518 043739.850 INFO             PET1     driver: InitializeIPDv02p5Data intro.
20230518 043739.850 INFO             PET1       driver: InternalInitializeComplete intro.
20230518 043739.850 INFO             PET1         driver: InitializeDataComplete='true'
20230518 043739.850 INFO             PET1       driver: InternalInitializeComplete extro.
20230518 043739.850 INFO             PET1       MODEL: InitializeIPDvXp08 intro.
20230518 043739.850 INFO             PET1         >>>MODEL: entered Initialize (phase=IPDv05p8) with current time:    0  1  1  0  0  0   0
20230518 043739.850 INFO             PET1         MODEL: InitializeDataProgress='false', InitializeDataComplete='false'
20230518 043739.850 INFO             PET1         <<<MODEL: leaving Initialize (phase=IPDv05p8) with current time:    0  1  1  0  0  0   0
20230518 043739.850 INFO             PET1       MODEL: InitializeIPDvXp08 extro.
20230518 043739.851 INFO             PET1       driver: components present that trigger loopDataDependentInitialize().
20230518 043739.851 INFO             PET1       driver: loopDataDependentInitialize intro.
20230518 043739.851 INFO             PET1         driver: component    0=driver, dataComplete (local): true
20230518 043739.851 INFO             PET1         driver: component    0=driver, dataComplete (global):  T
20230518 043739.851 INFO             PET1         driver: component    1=MODEL, dataComplete (local): false
20230518 043739.851 INFO             PET1         driver: component    1=MODEL, dataComplete (global):  F
20230518 043739.851 INFO             PET1         MODEL: InitializeIPDvXp08 intro.
20230518 043739.851 INFO             PET1           >>>MODEL: entered Initialize (phase=IPDv05p8) with current time:    0  1  1  0  0  0   0
20230518 043739.851 INFO             PET1           MODEL: InitializeDataProgress='true', InitializeDataComplete='true'
20230518 043739.851 INFO             PET1           <<<MODEL: leaving Initialize (phase=IPDv05p8) with current time:    0  1  1  0  0  0   0
20230518 043739.851 INFO             PET1         MODEL: InitializeIPDvXp08 extro.
20230518 043739.851 INFO             PET1         driver: component    1=MODEL, someProgress (local): true
20230518 043739.851 INFO             PET1         driver: component    1=MODEL, someProgress (global):  T
20230518 043739.851 INFO             PET1         driver: someProgress= T, allComplete= F, present(dataDepAllComplete)= T
20230518 043739.851 INFO             PET1         driver: component    0=driver, dataComplete (local): true
20230518 043739.851 INFO             PET1         driver: component    0=driver, dataComplete (global):  T
20230518 043739.851 INFO             PET1         driver: component    1=MODEL, dataComplete (local): true
20230518 043739.851 INFO             PET1         driver: component    1=MODEL, dataComplete (global):  T
20230518 043739.851 INFO             PET1         driver: someProgress= F, allComplete= T, present(dataDepAllComplete)= T
20230518 043739.851 INFO             PET1         driver: finished resolving initialize data dependencies on this level.
20230518 043739.851 INFO             PET1       driver: loopDataDependentInitialize extro.
20230518 043739.851 INFO             PET1       driver: loopDataDependentInitialize() returned with dataDepAllComplete:  T
20230518 043739.851 INFO             PET1     driver: InitializeIPDv02p5Data extro.
20230518 043739.851 INFO             PET1     <<<driver: leaving Initialize (phase=<none>) with current time:    0  1  1  0  0  0   0
20230518 043739.851 INFO             PET1   driver: InitializeIPDv02p5 extro.
20230518 043739.851 INFO             PET1 driver: InitializeGeneric extro.
20230518 043739.851 INFO             PET1 driver: Run intro.
20230518 043739.852 INFO             PET1   >>>driver entered Run (phase=RunPhase1) with current time:    0  1  1  0  0  0   0
20230518 043739.852 INFO             PET1   driver: after lable_SetRunClock, current time:    0  1  1  0  0  0   0
20230518 043739.852 INFO             PET1   driver: begin -------> RunSequence.
20230518 043739.852 INFO             PET1     driver: RunSequence event loopLevel=   1  levelMember=   1  loopIteration=   1, current time:    0  1  1  0  0  0   0
20230518 043739.852 INFO             PET1     MODEL: Run intro.
20230518 043739.852 INFO             PET1       >>>MODEL: entered Run (phase=RunPhase1) with current time:    0  1  1  0  0  0   0
20230518 043739.852 INFO             PET1       MODEL: time step-loop starting, current time:    0  1  1  0  0  0   0
20230518 043739.852 INFO             PET1       thread_num=   0   currentSsiPe=   1   num_threads=   3   max_threads=   3   num_procs=   1
20230518 043739.852 INFO             PET1       thread_num=   2   currentSsiPe=   1   num_threads=   3   max_threads=   3   num_procs=   1
20230518 043739.871 INFO             PET1       thread_num=   1   currentSsiPe=   1   num_threads=   3   max_threads=   3   num_procs=   1
20230518 043739.871 INFO             PET1       ---->Advancing Model from:    0  1  1  0  0  0   0
20230518 043739.871 INFO             PET1       ---------------------> to:    0  1  1  0  0 30   0
20230518 043739.871 INFO             PET1       MODEL: time step-loop ending,   current time:    0  1  1  0  0 30   0
20230518 043739.871 INFO             PET1       <<<MODEL: leaving Run (phase=RunPhase1) with current time:    0  1  1  0  0 30   0
20230518 043739.871 INFO             PET1     MODEL: Run extro.
20230518 043739.871 INFO             PET1     driver: RunSequence event loopLevel=   1  levelMember=   1  loopIteration=   2, current time:    0  1  1  0  0 30   0
20230518 043739.871 INFO             PET1     MODEL: Run intro.
20230518 043739.871 INFO             PET1       >>>MODEL: entered Run (phase=RunPhase1) with current time:    0  1  1  0  0 30   0
20230518 043739.871 INFO             PET1       MODEL: time step-loop starting, current time:    0  1  1  0  0 30   0
20230518 043739.871 INFO             PET1       thread_num=   0   currentSsiPe=   1   num_threads=   3   max_threads=   3   num_procs=   1
20230518 043739.871 INFO             PET1       thread_num=   1   currentSsiPe=   1   num_threads=   3   max_threads=   3   num_procs=   1
20230518 043739.886 INFO             PET1       thread_num=   2   currentSsiPe=   1   num_threads=   3   max_threads=   3   num_procs=   1
20230518 043739.886 INFO             PET1       ---->Advancing Model from:    0  1  1  0  0 30   0
20230518 043739.886 INFO             PET1       ---------------------> to:    0  1  1  0  1  0   0
20230518 043739.886 INFO             PET1       MODEL: time step-loop ending,   current time:    0  1  1  0  1  0   0
20230518 043739.886 INFO             PET1       <<<MODEL: leaving Run (phase=RunPhase1) with current time:    0  1  1  0  1  0   0
20230518 043739.886 INFO             PET1     MODEL: Run extro.
20230518 043739.887 INFO             PET1     driver: RunSequence event loopLevel=   1  levelMember=   1  loopIteration=   3, current time:    0  1  1  0  1  0   0
20230518 043739.887 INFO             PET1     MODEL: Run intro.
20230518 043739.887 INFO             PET1       >>>MODEL: entered Run (phase=RunPhase1) with current time:    0  1  1  0  1  0   0
20230518 043739.887 INFO             PET1       MODEL: time step-loop starting, current time:    0  1  1  0  1  0   0
20230518 043739.887 INFO             PET1       thread_num=   0   currentSsiPe=   1   num_threads=   3   max_threads=   3   num_procs=   1
20230518 043739.887 INFO             PET1       thread_num=   1   currentSsiPe=   1   num_threads=   3   max_threads=   3   num_procs=   1
20230518 043739.887 INFO             PET1       thread_num=   2   currentSsiPe=   1   num_threads=   3   max_threads=   3   num_procs=   1
20230518 043739.887 INFO             PET1       ---->Advancing Model from:    0  1  1  0  1  0   0
20230518 043739.887 INFO             PET1       ---------------------> to:    0  1  1  0  1 30   0
20230518 043739.887 INFO             PET1       MODEL: time step-loop ending,   current time:    0  1  1  0  1 30   0
20230518 043739.887 INFO             PET1       <<<MODEL: leaving Run (phase=RunPhase1) with current time:    0  1  1  0  1 30   0
20230518 043739.887 INFO             PET1     MODEL: Run extro.
20230518 043739.887 INFO             PET1     driver: RunSequence event loopLevel=   1  levelMember=   1  loopIteration=   4, current time:    0  1  1  0  1 30   0
20230518 043739.887 INFO             PET1     MODEL: Run intro.
20230518 043739.887 INFO             PET1       >>>MODEL: entered Run (phase=RunPhase1) with current time:    0  1  1  0  1 30   0
20230518 043739.887 INFO             PET1       MODEL: time step-loop starting, current time:    0  1  1  0  1 30   0
20230518 043739.887 INFO             PET1       thread_num=   0   currentSsiPe=   1   num_threads=   3   max_threads=   3   num_procs=   1
20230518 043739.887 INFO             PET1       thread_num=   1   currentSsiPe=   1   num_threads=   3   max_threads=   3   num_procs=   1
20230518 043739.887 INFO             PET1       thread_num=   2   currentSsiPe=   1   num_threads=   3   max_threads=   3   num_procs=   1
20230518 043739.887 INFO             PET1       ---->Advancing Model from:    0  1  1  0  1 30   0
20230518 043739.887 INFO             PET1       ---------------------> to:    0  1  1  0  2  0   0
20230518 043739.887 INFO             PET1       MODEL: time step-loop ending,   current time:    0  1  1  0  2  0   0
20230518 043739.887 INFO             PET1       <<<MODEL: leaving Run (phase=RunPhase1) with current time:    0  1  1  0  2  0   0
20230518 043739.887 INFO             PET1     MODEL: Run extro.
20230518 043739.887 INFO             PET1     driver: RunSequence event loopLevel=   1  levelMember=   1  loopIteration=   5, current time:    0  1  1  0  2  0   0
20230518 043739.887 INFO             PET1     MODEL: Run intro.
20230518 043739.887 INFO             PET1       >>>MODEL: entered Run (phase=RunPhase1) with current time:    0  1  1  0  2  0   0
20230518 043739.887 INFO             PET1       MODEL: time step-loop starting, current time:    0  1  1  0  2  0   0
20230518 043739.887 INFO             PET1       thread_num=   0   currentSsiPe=   1   num_threads=   3   max_threads=   3   num_procs=   1
20230518 043739.887 INFO             PET1       thread_num=   1   currentSsiPe=   1   num_threads=   3   max_threads=   3   num_procs=   1
20230518 043739.887 INFO             PET1       thread_num=   2   currentSsiPe=   1   num_threads=   3   max_threads=   3   num_procs=   1
20230518 043739.887 INFO             PET1       ---->Advancing Model from:    0  1  1  0  2  0   0
20230518 043739.887 INFO             PET1       ---------------------> to:    0  1  1  0  2 30   0
20230518 043739.887 INFO             PET1       MODEL: time step-loop ending,   current time:    0  1  1  0  2 30   0
20230518 043739.887 INFO             PET1       <<<MODEL: leaving Run (phase=RunPhase1) with current time:    0  1  1  0  2 30   0
20230518 043739.887 INFO             PET1     MODEL: Run extro.
20230518 043739.887 INFO             PET1   driver: end <--------- RunSequence
20230518 043739.887 INFO             PET1   <<<driver - leaving Run with current time:    0  1  1  0  2 30   0
20230518 043739.887 INFO             PET1 driver: Run extro.
20230518 043739.887 INFO             PET1 driver: Finalize intro.
20230518 043739.887 INFO             PET1   Calling Finalize phase 1 for modelComp: MODEL
20230518 043739.887 INFO             PET1   MODEL: Finalize intro.
20230518 043739.887 INFO             PET1     >>>MODEL: entered Finalize (phase=FinalizePhase1) with current time:    0  1  1  0  2 30   0
20230518 043739.887 INFO             PET1     <<<MODEL: leaving Finalize (phase=FinalizePhase1) with current time:    0  1  1  0  2 30   0
20230518 043739.887 INFO             PET1   MODEL: Finalize extro.
20230518 043739.887 INFO             PET1   Delete modelComp: MODEL
20230518 043739.887 INFO             PET1   Delete Import-/Export State for modelComp: MODEL
20230518 043739.887 INFO             PET1 driver: Finalize extro.
20230518 043739.887 INFO             PET1 mainApp FINISHED
20230518 043739.888 INFO             PET1 Finalizing ESMF
20230518 043739.837 INFO             PET2 !!!!!!!!!!!!!!!!!!!!!!!!!!!!!!!!!!!!!!!!!!!!!!!!!!!!!!
20230518 043739.837 INFO             PET2 !!! THE ESMF_LOG IS SET TO OUTPUT ALL LOG MESSAGES !!!
20230518 043739.837 INFO             PET2 !!!     THIS MAY CAUSE SLOWDOWN IN PERFORMANCE     !!!
20230518 043739.837 INFO             PET2 !!! FOR PRODUCTION RUNS, USE:                      !!!
20230518 043739.837 INFO             PET2 !!!                   ESMF_LOGKIND_Multi_On_Error  !!!
20230518 043739.837 INFO             PET2 !!!!!!!!!!!!!!!!!!!!!!!!!!!!!!!!!!!!!!!!!!!!!!!!!!!!!!
20230518 043739.837 INFO             PET2 Running with ESMF Version   : v8.5.0b21-127-g2a7bdbf3cb
20230518 043739.837 INFO             PET2 ESMF library build date/time: "May 18 2023" "03:05:30"
20230518 043739.837 INFO             PET2 ESMF library build location : /glade/scratch/theurich/ESMF-Nightly-Testing/intel_18.0.5_mpt_O_develop/esmf
20230518 043739.837 INFO             PET2 ESMF_COMM                   : mpt
20230518 043739.837 INFO             PET2 ESMF_MOAB                   : enabled
20230518 043739.837 INFO             PET2 ESMF_LAPACK                 : enabled
20230518 043739.837 INFO             PET2 ESMF_NETCDF                 : enabled
20230518 043739.837 INFO             PET2 ESMF_PNETCDF                : disabled
20230518 043739.837 INFO             PET2 ESMF_PIO                    : enabled
20230518 043739.837 INFO             PET2 ESMF_YAMLCPP                : enabled
20230518 043739.837 INFO             PET2 mainApp STARTING
20230518 043739.839 INFO             PET2 driver: InitializeGeneric intro.
20230518 043739.839 INFO             PET2   driver: InitializeP0 intro.
20230518 043739.839 INFO             PET2   driver: InitializeP0 extro.
20230518 043739.839 INFO             PET2   driver: InitializeIPDv02p1 intro.
20230518 043739.839 INFO             PET2     >>>driver: entered Initialize (phase=<none>) without valid internal Clock.
20230518 043739.840 INFO             PET2     driver - Creating model component MODEL without petList.
20230518 043739.841 INFO             PET2      GridCompIsPetLocal:  T
20230518 043739.841 INFO             PET2      VmIsCreated:  T
20230518 043739.841 INFO             PET2      valid MPI_COMM with size=           4
20230518 043739.841 INFO             PET2     driver - Creating state: modelComp 1 Import State
20230518 043739.841 INFO             PET2     driver - Creating state: modelComp 1 Export State
20230518 043739.841 INFO             PET2     MODEL: InitializeP0 intro.
20230518 043739.841 INFO             PET2       >>>MODEL: entered Initialize (phase=<none>) without valid internal Clock.
20230518 043739.842 INFO             PET2       <<<MODEL: leaving Initialize (phase=<none>) without valid internal Clock.
20230518 043739.842 INFO             PET2     MODEL: InitializeP0 extro.
20230518 043739.842 INFO             PET2     driver: IInitAdvertise intro.
20230518 043739.842 INFO             PET2     driver: IInitAdvertise extro.
20230518 043739.842 INFO             PET2     MODEL: InitializeIPDvXp01 intro.
20230518 043739.842 INFO             PET2       >>>MODEL: entered Initialize (phase=IPDvXp01) without valid internal Clock.
20230518 043739.843 INFO             PET2       <<<MODEL: leaving Initialize (phase=IPDvXp01) without valid internal Clock.
20230518 043739.843 INFO             PET2     MODEL: InitializeIPDvXp01 extro.
20230518 043739.844 INFO             PET2     driver: IInitAdvertiseFinish intro.
20230518 043739.844 INFO             PET2     driver: IInitAdvertiseFinish extro.
20230518 043739.844 INFO             PET2     driver: IInitModifyCplLists intro.
20230518 043739.844 INFO             PET2     driver: IInitModifyCplLists extro.
20230518 043739.844 INFO             PET2     <<<driver: leaving Initialize (phase=<none>) with current time:    0  1  1  0  0  0   0
20230518 043739.844 INFO             PET2   driver: InitializeIPDv02p1 extro.
20230518 043739.844 INFO             PET2   driver: InitializeIPDv02p3 intro.
20230518 043739.844 INFO             PET2     >>>driver: entered Initialize (phase=<none>) with current time:    0  1  1  0  0  0   0
20230518 043739.847 INFO             PET2     driver: IInitCheck intro.
20230518 043739.847 INFO             PET2     driver: IInitCheck extro.
20230518 043739.847 INFO             PET2     MODEL: InitializeIPDvXp04 intro.
20230518 043739.847 INFO             PET2       >>>MODEL: entered Initialize (phase=IPDvXp04) without valid internal Clock.
20230518 043739.849 INFO             PET2       After Realize: - MemInfo: [/proc/meminfo - SSI]	MemTotal:       65507008 kB
20230518 043739.849 INFO             PET2       After Realize: - MemInfo: [/proc/meminfo - SSI]	MemFree:        49301888 kB
20230518 043739.849 INFO             PET2       After Realize: - MemInfo: [/proc/meminfo - SSI]	MemAvailable:   49313156 kB
20230518 043739.849 INFO             PET2       After Realize: - MemInfo: [/proc/meminfo - SSI]	Committed_AS:   14100460 kB
20230518 043739.849 INFO             PET2       After Realize: - MemInfo: [/proc/meminfo - SSI]	CommittedPercent: 21.5251 %
20230518 043739.849 INFO             PET2       After Realize: - MemInfo: [/proc/self/status]	VmPeak:	65949164 kB
20230518 043739.849 INFO             PET2       After Realize: - MemInfo: [/proc/self/status]	VmSize:	65949164 kB
20230518 043739.849 INFO             PET2       After Realize: - MemInfo: [/proc/self/status]	VmLck:	       0 kB
20230518 043739.849 INFO             PET2       After Realize: - MemInfo: [/proc/self/status]	VmPin:	       0 kB
20230518 043739.849 INFO             PET2       After Realize: - MemInfo: [/proc/self/status]	VmHWM:	   18196 kB
20230518 043739.849 INFO             PET2       After Realize: - MemInfo: [/proc/self/status]	VmRSS:	   18196 kB
20230518 043739.849 INFO             PET2       After Realize: - MemInfo: [/proc/self/status]	VmData:	   29132 kB
20230518 043739.849 INFO             PET2       After Realize: - MemInfo: [/proc/self/status]	VmStk:	     160 kB
20230518 043739.849 INFO             PET2       After Realize: - MemInfo: [/proc/self/status]	VmExe:	    1672 kB
20230518 043739.849 INFO             PET2       After Realize: - MemInfo: [/proc/self/status]	VmLib:	   80324 kB
20230518 043739.849 INFO             PET2       After Realize: - MemInfo: [/proc/self/status]	VmPTE:	     280 kB
20230518 043739.849 INFO             PET2       After Realize: - MemInfo: [/proc/self/status]	VmPMD:	      24 kB
20230518 043739.849 INFO             PET2       After Realize: - MemInfo: [/proc/self/status]	VmSwap:	       0 kB
20230518 043739.849 INFO             PET2       After Realize: - MemInfo: [/proc/self/status]	VmRSSPercent: 0.0277772 %
20230518 043739.849 INFO             PET2       After Realize: - MemInfo: [malloc] Non-mmapped space allocated:                19636224 Byte
20230518 043739.849 INFO             PET2       After Realize: - MemInfo: [malloc] Space allocated in mmapped regions:                0 Byte
20230518 043739.849 INFO             PET2       After Realize: - MemInfo: [malloc] Maximum total allocated space:                     0 Byte
20230518 043739.849 INFO             PET2       After Realize: - MemInfo: [malloc] Space in freed fastbin blocks:                  1024 Byte
20230518 043739.849 INFO             PET2       After Realize: - MemInfo: [malloc] Total allocated space:                      19578144 Byte
20230518 043739.849 INFO             PET2       After Realize: - MemInfo: [malloc] Total free space:                              58080 Byte
20230518 043739.849 INFO             PET2       After Realize: - MemInfo: [malloc] Top-most, releasable space:                    57056 Byte
20230518 043739.849 INFO             PET2       After Realize: - MemInfo: [malloc] Total space in use, mmap + non-mmap:        19578144 Byte
20230518 043739.849 INFO             PET2       After Realize: - MemInfo: [malloc] Total space held (mmap + non-mmap):         19636224 Byte
20230518 043739.849 INFO             PET2       After Realize: - MemInfo: [malloc] Total space used (mmap + non-mmap):         19587504 Byte
20230518 043739.849 INFO             PET2       After Realize: - MemInfo: Wall-clock time since execution start:              0.0144415 seconds
20230518 043739.849 INFO             PET2       <<<MODEL: leaving Initialize (phase=IPDvXp04) without valid internal Clock.
20230518 043739.849 INFO             PET2     MODEL: InitializeIPDvXp04 extro.
20230518 043739.849 INFO             PET2     driver: IInitRealize intro.
20230518 043739.849 INFO             PET2     driver: IInitRealize extro.
20230518 043739.849 INFO             PET2     MODEL: InitializeIPDvXp07 intro.
20230518 043739.849 INFO             PET2       >>>MODEL: entered Initialize (phase=IPDvXp07) without valid internal Clock.
20230518 043739.850 INFO             PET2       <<<MODEL: leaving Initialize (phase=IPDvXp07) with current time:    0  1  1  0  0  0   0
20230518 043739.850 INFO             PET2     MODEL: InitializeIPDvXp07 extro.
20230518 043739.850 INFO             PET2     <<<driver: leaving Initialize (phase=<none>) with current time:    0  1  1  0  0  0   0
20230518 043739.850 INFO             PET2   driver: InitializeIPDv02p3 extro.
20230518 043739.850 INFO             PET2   driver: InitializeIPDv02p5 intro.
20230518 043739.850 INFO             PET2     >>>driver: entered Initialize (phase=<none>) with current time:    0  1  1  0  0  0   0
20230518 043739.850 INFO             PET2     driver: this is a top level driver, no 'Updated' and 'InitializeDataComplete' info on this level.
20230518 043739.850 INFO             PET2     driver: InitializeIPDv02p5Data intro.
20230518 043739.850 INFO             PET2       driver: InternalInitializeComplete intro.
20230518 043739.850 INFO             PET2         driver: InitializeDataComplete='true'
20230518 043739.850 INFO             PET2       driver: InternalInitializeComplete extro.
20230518 043739.850 INFO             PET2       MODEL: InitializeIPDvXp08 intro.
20230518 043739.850 INFO             PET2         >>>MODEL: entered Initialize (phase=IPDv05p8) with current time:    0  1  1  0  0  0   0
20230518 043739.850 INFO             PET2         MODEL: InitializeDataProgress='false', InitializeDataComplete='false'
20230518 043739.850 INFO             PET2         <<<MODEL: leaving Initialize (phase=IPDv05p8) with current time:    0  1  1  0  0  0   0
20230518 043739.850 INFO             PET2       MODEL: InitializeIPDvXp08 extro.
20230518 043739.851 INFO             PET2       driver: components present that trigger loopDataDependentInitialize().
20230518 043739.851 INFO             PET2       driver: loopDataDependentInitialize intro.
20230518 043739.851 INFO             PET2         driver: component    0=driver, dataComplete (local): true
20230518 043739.851 INFO             PET2         driver: component    0=driver, dataComplete (global):  T
20230518 043739.851 INFO             PET2         driver: component    1=MODEL, dataComplete (local): false
20230518 043739.851 INFO             PET2         driver: component    1=MODEL, dataComplete (global):  F
20230518 043739.851 INFO             PET2         MODEL: InitializeIPDvXp08 intro.
20230518 043739.851 INFO             PET2           >>>MODEL: entered Initialize (phase=IPDv05p8) with current time:    0  1  1  0  0  0   0
20230518 043739.851 INFO             PET2           MODEL: InitializeDataProgress='true', InitializeDataComplete='true'
20230518 043739.851 INFO             PET2           <<<MODEL: leaving Initialize (phase=IPDv05p8) with current time:    0  1  1  0  0  0   0
20230518 043739.851 INFO             PET2         MODEL: InitializeIPDvXp08 extro.
20230518 043739.851 INFO             PET2         driver: component    1=MODEL, someProgress (local): true
20230518 043739.851 INFO             PET2         driver: component    1=MODEL, someProgress (global):  T
20230518 043739.851 INFO             PET2         driver: someProgress= T, allComplete= F, present(dataDepAllComplete)= T
20230518 043739.851 INFO             PET2         driver: component    0=driver, dataComplete (local): true
20230518 043739.851 INFO             PET2         driver: component    0=driver, dataComplete (global):  T
20230518 043739.851 INFO             PET2         driver: component    1=MODEL, dataComplete (local): true
20230518 043739.851 INFO             PET2         driver: component    1=MODEL, dataComplete (global):  T
20230518 043739.851 INFO             PET2         driver: someProgress= F, allComplete= T, present(dataDepAllComplete)= T
20230518 043739.851 INFO             PET2         driver: finished resolving initialize data dependencies on this level.
20230518 043739.851 INFO             PET2       driver: loopDataDependentInitialize extro.
20230518 043739.851 INFO             PET2       driver: loopDataDependentInitialize() returned with dataDepAllComplete:  T
20230518 043739.851 INFO             PET2     driver: InitializeIPDv02p5Data extro.
20230518 043739.851 INFO             PET2     <<<driver: leaving Initialize (phase=<none>) with current time:    0  1  1  0  0  0   0
20230518 043739.851 INFO             PET2   driver: InitializeIPDv02p5 extro.
20230518 043739.851 INFO             PET2 driver: InitializeGeneric extro.
20230518 043739.851 INFO             PET2 driver: Run intro.
20230518 043739.852 INFO             PET2   >>>driver entered Run (phase=RunPhase1) with current time:    0  1  1  0  0  0   0
20230518 043739.852 INFO             PET2   driver: after lable_SetRunClock, current time:    0  1  1  0  0  0   0
20230518 043739.852 INFO             PET2   driver: begin -------> RunSequence.
20230518 043739.852 INFO             PET2     driver: RunSequence event loopLevel=   1  levelMember=   1  loopIteration=   1, current time:    0  1  1  0  0  0   0
20230518 043739.852 INFO             PET2     MODEL: Run intro.
20230518 043739.852 INFO             PET2       >>>MODEL: entered Run (phase=RunPhase1) with current time:    0  1  1  0  0  0   0
20230518 043739.852 INFO             PET2       MODEL: time step-loop starting, current time:    0  1  1  0  0  0   0
20230518 043739.852 INFO             PET2       thread_num=   0   currentSsiPe=   2   num_threads=   3   max_threads=   3   num_procs=   1
20230518 043739.852 INFO             PET2       thread_num=   2   currentSsiPe=   2   num_threads=   3   max_threads=   3   num_procs=   1
20230518 043739.860 INFO             PET2       thread_num=   1   currentSsiPe=   2   num_threads=   3   max_threads=   3   num_procs=   1
20230518 043739.860 INFO             PET2       ---->Advancing Model from:    0  1  1  0  0  0   0
20230518 043739.860 INFO             PET2       ---------------------> to:    0  1  1  0  0 30   0
20230518 043739.860 INFO             PET2       MODEL: time step-loop ending,   current time:    0  1  1  0  0 30   0
20230518 043739.860 INFO             PET2       <<<MODEL: leaving Run (phase=RunPhase1) with current time:    0  1  1  0  0 30   0
20230518 043739.860 INFO             PET2     MODEL: Run extro.
20230518 043739.860 INFO             PET2     driver: RunSequence event loopLevel=   1  levelMember=   1  loopIteration=   2, current time:    0  1  1  0  0 30   0
20230518 043739.860 INFO             PET2     MODEL: Run intro.
20230518 043739.860 INFO             PET2       >>>MODEL: entered Run (phase=RunPhase1) with current time:    0  1  1  0  0 30   0
20230518 043739.860 INFO             PET2       MODEL: time step-loop starting, current time:    0  1  1  0  0 30   0
20230518 043739.860 INFO             PET2       thread_num=   0   currentSsiPe=   2   num_threads=   3   max_threads=   3   num_procs=   1
20230518 043739.860 INFO             PET2       thread_num=   2   currentSsiPe=   2   num_threads=   3   max_threads=   3   num_procs=   1
20230518 043739.860 INFO             PET2       thread_num=   1   currentSsiPe=   2   num_threads=   3   max_threads=   3   num_procs=   1
20230518 043739.860 INFO             PET2       ---->Advancing Model from:    0  1  1  0  0 30   0
20230518 043739.860 INFO             PET2       ---------------------> to:    0  1  1  0  1  0   0
20230518 043739.860 INFO             PET2       MODEL: time step-loop ending,   current time:    0  1  1  0  1  0   0
20230518 043739.860 INFO             PET2       <<<MODEL: leaving Run (phase=RunPhase1) with current time:    0  1  1  0  1  0   0
20230518 043739.860 INFO             PET2     MODEL: Run extro.
20230518 043739.860 INFO             PET2     driver: RunSequence event loopLevel=   1  levelMember=   1  loopIteration=   3, current time:    0  1  1  0  1  0   0
20230518 043739.860 INFO             PET2     MODEL: Run intro.
20230518 043739.860 INFO             PET2       >>>MODEL: entered Run (phase=RunPhase1) with current time:    0  1  1  0  1  0   0
20230518 043739.860 INFO             PET2       MODEL: time step-loop starting, current time:    0  1  1  0  1  0   0
20230518 043739.860 INFO             PET2       thread_num=   0   currentSsiPe=   2   num_threads=   3   max_threads=   3   num_procs=   1
20230518 043739.860 INFO             PET2       thread_num=   2   currentSsiPe=   2   num_threads=   3   max_threads=   3   num_procs=   1
20230518 043739.860 INFO             PET2       thread_num=   1   currentSsiPe=   2   num_threads=   3   max_threads=   3   num_procs=   1
20230518 043739.860 INFO             PET2       ---->Advancing Model from:    0  1  1  0  1  0   0
20230518 043739.860 INFO             PET2       ---------------------> to:    0  1  1  0  1 30   0
20230518 043739.860 INFO             PET2       MODEL: time step-loop ending,   current time:    0  1  1  0  1 30   0
20230518 043739.861 INFO             PET2       <<<MODEL: leaving Run (phase=RunPhase1) with current time:    0  1  1  0  1 30   0
20230518 043739.861 INFO             PET2     MODEL: Run extro.
20230518 043739.861 INFO             PET2     driver: RunSequence event loopLevel=   1  levelMember=   1  loopIteration=   4, current time:    0  1  1  0  1 30   0
20230518 043739.861 INFO             PET2     MODEL: Run intro.
20230518 043739.861 INFO             PET2       >>>MODEL: entered Run (phase=RunPhase1) with current time:    0  1  1  0  1 30   0
20230518 043739.861 INFO             PET2       MODEL: time step-loop starting, current time:    0  1  1  0  1 30   0
20230518 043739.861 INFO             PET2       thread_num=   0   currentSsiPe=   2   num_threads=   3   max_threads=   3   num_procs=   1
20230518 043739.861 INFO             PET2       thread_num=   2   currentSsiPe=   2   num_threads=   3   max_threads=   3   num_procs=   1
20230518 043739.861 INFO             PET2       thread_num=   1   currentSsiPe=   2   num_threads=   3   max_threads=   3   num_procs=   1
20230518 043739.861 INFO             PET2       ---->Advancing Model from:    0  1  1  0  1 30   0
20230518 043739.861 INFO             PET2       ---------------------> to:    0  1  1  0  2  0   0
20230518 043739.861 INFO             PET2       MODEL: time step-loop ending,   current time:    0  1  1  0  2  0   0
20230518 043739.861 INFO             PET2       <<<MODEL: leaving Run (phase=RunPhase1) with current time:    0  1  1  0  2  0   0
20230518 043739.861 INFO             PET2     MODEL: Run extro.
20230518 043739.861 INFO             PET2     driver: RunSequence event loopLevel=   1  levelMember=   1  loopIteration=   5, current time:    0  1  1  0  2  0   0
20230518 043739.861 INFO             PET2     MODEL: Run intro.
20230518 043739.861 INFO             PET2       >>>MODEL: entered Run (phase=RunPhase1) with current time:    0  1  1  0  2  0   0
20230518 043739.861 INFO             PET2       MODEL: time step-loop starting, current time:    0  1  1  0  2  0   0
20230518 043739.861 INFO             PET2       thread_num=   0   currentSsiPe=   2   num_threads=   3   max_threads=   3   num_procs=   1
20230518 043739.861 INFO             PET2       thread_num=   2   currentSsiPe=   2   num_threads=   3   max_threads=   3   num_procs=   1
20230518 043739.861 INFO             PET2       thread_num=   1   currentSsiPe=   2   num_threads=   3   max_threads=   3   num_procs=   1
20230518 043739.861 INFO             PET2       ---->Advancing Model from:    0  1  1  0  2  0   0
20230518 043739.861 INFO             PET2       ---------------------> to:    0  1  1  0  2 30   0
20230518 043739.861 INFO             PET2       MODEL: time step-loop ending,   current time:    0  1  1  0  2 30   0
20230518 043739.861 INFO             PET2       <<<MODEL: leaving Run (phase=RunPhase1) with current time:    0  1  1  0  2 30   0
20230518 043739.861 INFO             PET2     MODEL: Run extro.
20230518 043739.861 INFO             PET2   driver: end <--------- RunSequence
20230518 043739.861 INFO             PET2   <<<driver - leaving Run with current time:    0  1  1  0  2 30   0
20230518 043739.861 INFO             PET2 driver: Run extro.
20230518 043739.861 INFO             PET2 driver: Finalize intro.
20230518 043739.861 INFO             PET2   Calling Finalize phase 1 for modelComp: MODEL
20230518 043739.861 INFO             PET2   MODEL: Finalize intro.
20230518 043739.861 INFO             PET2     >>>MODEL: entered Finalize (phase=FinalizePhase1) with current time:    0  1  1  0  2 30   0
20230518 043739.861 INFO             PET2     <<<MODEL: leaving Finalize (phase=FinalizePhase1) with current time:    0  1  1  0  2 30   0
20230518 043739.861 INFO             PET2   MODEL: Finalize extro.
20230518 043739.861 INFO             PET2   Delete modelComp: MODEL
20230518 043739.861 INFO             PET2   Delete Import-/Export State for modelComp: MODEL
20230518 043739.861 INFO             PET2 driver: Finalize extro.
20230518 043739.861 INFO             PET2 mainApp FINISHED
20230518 043739.861 INFO             PET2 Finalizing ESMF
20230518 043739.837 INFO             PET3 !!!!!!!!!!!!!!!!!!!!!!!!!!!!!!!!!!!!!!!!!!!!!!!!!!!!!!
20230518 043739.837 INFO             PET3 !!! THE ESMF_LOG IS SET TO OUTPUT ALL LOG MESSAGES !!!
20230518 043739.837 INFO             PET3 !!!     THIS MAY CAUSE SLOWDOWN IN PERFORMANCE     !!!
20230518 043739.837 INFO             PET3 !!! FOR PRODUCTION RUNS, USE:                      !!!
20230518 043739.837 INFO             PET3 !!!                   ESMF_LOGKIND_Multi_On_Error  !!!
20230518 043739.837 INFO             PET3 !!!!!!!!!!!!!!!!!!!!!!!!!!!!!!!!!!!!!!!!!!!!!!!!!!!!!!
20230518 043739.837 INFO             PET3 Running with ESMF Version   : v8.5.0b21-127-g2a7bdbf3cb
20230518 043739.837 INFO             PET3 ESMF library build date/time: "May 18 2023" "03:05:30"
20230518 043739.837 INFO             PET3 ESMF library build location : /glade/scratch/theurich/ESMF-Nightly-Testing/intel_18.0.5_mpt_O_develop/esmf
20230518 043739.837 INFO             PET3 ESMF_COMM                   : mpt
20230518 043739.837 INFO             PET3 ESMF_MOAB                   : enabled
20230518 043739.837 INFO             PET3 ESMF_LAPACK                 : enabled
20230518 043739.837 INFO             PET3 ESMF_NETCDF                 : enabled
20230518 043739.837 INFO             PET3 ESMF_PNETCDF                : disabled
20230518 043739.837 INFO             PET3 ESMF_PIO                    : enabled
20230518 043739.837 INFO             PET3 ESMF_YAMLCPP                : enabled
20230518 043739.837 INFO             PET3 mainApp STARTING
20230518 043739.839 INFO             PET3 driver: InitializeGeneric intro.
20230518 043739.839 INFO             PET3   driver: InitializeP0 intro.
20230518 043739.839 INFO             PET3   driver: InitializeP0 extro.
20230518 043739.839 INFO             PET3   driver: InitializeIPDv02p1 intro.
20230518 043739.839 INFO             PET3     >>>driver: entered Initialize (phase=<none>) without valid internal Clock.
20230518 043739.840 INFO             PET3     driver - Creating model component MODEL without petList.
20230518 043739.841 INFO             PET3      GridCompIsPetLocal:  T
20230518 043739.841 INFO             PET3      VmIsCreated:  T
20230518 043739.841 INFO             PET3      valid MPI_COMM with size=           4
20230518 043739.841 INFO             PET3     driver - Creating state: modelComp 1 Import State
20230518 043739.841 INFO             PET3     driver - Creating state: modelComp 1 Export State
20230518 043739.841 INFO             PET3     MODEL: InitializeP0 intro.
20230518 043739.841 INFO             PET3       >>>MODEL: entered Initialize (phase=<none>) without valid internal Clock.
20230518 043739.842 INFO             PET3       <<<MODEL: leaving Initialize (phase=<none>) without valid internal Clock.
20230518 043739.842 INFO             PET3     MODEL: InitializeP0 extro.
20230518 043739.842 INFO             PET3     driver: IInitAdvertise intro.
20230518 043739.842 INFO             PET3     driver: IInitAdvertise extro.
20230518 043739.842 INFO             PET3     MODEL: InitializeIPDvXp01 intro.
20230518 043739.842 INFO             PET3       >>>MODEL: entered Initialize (phase=IPDvXp01) without valid internal Clock.
20230518 043739.843 INFO             PET3       <<<MODEL: leaving Initialize (phase=IPDvXp01) without valid internal Clock.
20230518 043739.843 INFO             PET3     MODEL: InitializeIPDvXp01 extro.
20230518 043739.844 INFO             PET3     driver: IInitAdvertiseFinish intro.
20230518 043739.844 INFO             PET3     driver: IInitAdvertiseFinish extro.
20230518 043739.844 INFO             PET3     driver: IInitModifyCplLists intro.
20230518 043739.844 INFO             PET3     driver: IInitModifyCplLists extro.
20230518 043739.844 INFO             PET3     <<<driver: leaving Initialize (phase=<none>) with current time:    0  1  1  0  0  0   0
20230518 043739.844 INFO             PET3   driver: InitializeIPDv02p1 extro.
20230518 043739.844 INFO             PET3   driver: InitializeIPDv02p3 intro.
20230518 043739.844 INFO             PET3     >>>driver: entered Initialize (phase=<none>) with current time:    0  1  1  0  0  0   0
20230518 043739.846 INFO             PET3     driver: IInitCheck intro.
20230518 043739.846 INFO             PET3     driver: IInitCheck extro.
20230518 043739.846 INFO             PET3     MODEL: InitializeIPDvXp04 intro.
20230518 043739.846 INFO             PET3       >>>MODEL: entered Initialize (phase=IPDvXp04) without valid internal Clock.
20230518 043739.848 INFO             PET3       After Realize: - MemInfo: [/proc/meminfo - SSI]	MemTotal:       65507008 kB
20230518 043739.848 INFO             PET3       After Realize: - MemInfo: [/proc/meminfo - SSI]	MemFree:        49301888 kB
20230518 043739.848 INFO             PET3       After Realize: - MemInfo: [/proc/meminfo - SSI]	MemAvailable:   49313156 kB
20230518 043739.848 INFO             PET3       After Realize: - MemInfo: [/proc/meminfo - SSI]	Committed_AS:   14100460 kB
20230518 043739.848 INFO             PET3       After Realize: - MemInfo: [/proc/meminfo - SSI]	CommittedPercent: 21.5251 %
20230518 043739.848 INFO             PET3       After Realize: - MemInfo: [/proc/self/status]	VmPeak:	65949164 kB
20230518 043739.848 INFO             PET3       After Realize: - MemInfo: [/proc/self/status]	VmSize:	65949164 kB
20230518 043739.848 INFO             PET3       After Realize: - MemInfo: [/proc/self/status]	VmLck:	       0 kB
20230518 043739.848 INFO             PET3       After Realize: - MemInfo: [/proc/self/status]	VmPin:	       0 kB
20230518 043739.848 INFO             PET3       After Realize: - MemInfo: [/proc/self/status]	VmHWM:	   18184 kB
20230518 043739.848 INFO             PET3       After Realize: - MemInfo: [/proc/self/status]	VmRSS:	   18184 kB
20230518 043739.848 INFO             PET3       After Realize: - MemInfo: [/proc/self/status]	VmData:	   29132 kB
20230518 043739.848 INFO             PET3       After Realize: - MemInfo: [/proc/self/status]	VmStk:	     160 kB
20230518 043739.848 INFO             PET3       After Realize: - MemInfo: [/proc/self/status]	VmExe:	    1672 kB
20230518 043739.848 INFO             PET3       After Realize: - MemInfo: [/proc/self/status]	VmLib:	   80324 kB
20230518 043739.848 INFO             PET3       After Realize: - MemInfo: [/proc/self/status]	VmPTE:	     272 kB
20230518 043739.848 INFO             PET3       After Realize: - MemInfo: [/proc/self/status]	VmPMD:	      20 kB
20230518 043739.848 INFO             PET3       After Realize: - MemInfo: [/proc/self/status]	VmSwap:	       0 kB
20230518 043739.848 INFO             PET3       After Realize: - MemInfo: [/proc/self/status]	VmRSSPercent: 0.0277589 %
20230518 043739.848 INFO             PET3       After Realize: - MemInfo: [malloc] Non-mmapped space allocated:                19636224 Byte
20230518 043739.848 INFO             PET3       After Realize: - MemInfo: [malloc] Space allocated in mmapped regions:                0 Byte
20230518 043739.848 INFO             PET3       After Realize: - MemInfo: [malloc] Maximum total allocated space:                     0 Byte
20230518 043739.848 INFO             PET3       After Realize: - MemInfo: [malloc] Space in freed fastbin blocks:                  1024 Byte
20230518 043739.848 INFO             PET3       After Realize: - MemInfo: [malloc] Total allocated space:                      19578256 Byte
20230518 043739.848 INFO             PET3       After Realize: - MemInfo: [malloc] Total free space:                              57968 Byte
20230518 043739.848 INFO             PET3       After Realize: - MemInfo: [malloc] Top-most, releasable space:                    56944 Byte
20230518 043739.848 INFO             PET3       After Realize: - MemInfo: [malloc] Total space in use, mmap + non-mmap:        19578256 Byte
20230518 043739.848 INFO             PET3       After Realize: - MemInfo: [malloc] Total space held (mmap + non-mmap):         19636224 Byte
20230518 043739.848 INFO             PET3       After Realize: - MemInfo: [malloc] Total space used (mmap + non-mmap):         19587616 Byte
20230518 043739.848 INFO             PET3       After Realize: - MemInfo: Wall-clock time since execution start:              0.0137732 seconds
20230518 043739.848 INFO             PET3       <<<MODEL: leaving Initialize (phase=IPDvXp04) without valid internal Clock.
20230518 043739.848 INFO             PET3     MODEL: InitializeIPDvXp04 extro.
20230518 043739.849 INFO             PET3     driver: IInitRealize intro.
20230518 043739.849 INFO             PET3     driver: IInitRealize extro.
20230518 043739.849 INFO             PET3     MODEL: InitializeIPDvXp07 intro.
20230518 043739.849 INFO             PET3       >>>MODEL: entered Initialize (phase=IPDvXp07) without valid internal Clock.
20230518 043739.850 INFO             PET3       <<<MODEL: leaving Initialize (phase=IPDvXp07) with current time:    0  1  1  0  0  0   0
20230518 043739.850 INFO             PET3     MODEL: InitializeIPDvXp07 extro.
20230518 043739.850 INFO             PET3     <<<driver: leaving Initialize (phase=<none>) with current time:    0  1  1  0  0  0   0
20230518 043739.850 INFO             PET3   driver: InitializeIPDv02p3 extro.
20230518 043739.850 INFO             PET3   driver: InitializeIPDv02p5 intro.
20230518 043739.850 INFO             PET3     >>>driver: entered Initialize (phase=<none>) with current time:    0  1  1  0  0  0   0
20230518 043739.850 INFO             PET3     driver: this is a top level driver, no 'Updated' and 'InitializeDataComplete' info on this level.
20230518 043739.850 INFO             PET3     driver: InitializeIPDv02p5Data intro.
20230518 043739.850 INFO             PET3       driver: InternalInitializeComplete intro.
20230518 043739.850 INFO             PET3         driver: InitializeDataComplete='true'
20230518 043739.850 INFO             PET3       driver: InternalInitializeComplete extro.
20230518 043739.850 INFO             PET3       MODEL: InitializeIPDvXp08 intro.
20230518 043739.850 INFO             PET3         >>>MODEL: entered Initialize (phase=IPDv05p8) with current time:    0  1  1  0  0  0   0
20230518 043739.850 INFO             PET3         MODEL: InitializeDataProgress='false', InitializeDataComplete='false'
20230518 043739.850 INFO             PET3         <<<MODEL: leaving Initialize (phase=IPDv05p8) with current time:    0  1  1  0  0  0   0
20230518 043739.850 INFO             PET3       MODEL: InitializeIPDvXp08 extro.
20230518 043739.851 INFO             PET3       driver: components present that trigger loopDataDependentInitialize().
20230518 043739.851 INFO             PET3       driver: loopDataDependentInitialize intro.
20230518 043739.851 INFO             PET3         driver: component    0=driver, dataComplete (local): true
20230518 043739.851 INFO             PET3         driver: component    0=driver, dataComplete (global):  T
20230518 043739.851 INFO             PET3         driver: component    1=MODEL, dataComplete (local): false
20230518 043739.851 INFO             PET3         driver: component    1=MODEL, dataComplete (global):  F
20230518 043739.851 INFO             PET3         MODEL: InitializeIPDvXp08 intro.
20230518 043739.851 INFO             PET3           >>>MODEL: entered Initialize (phase=IPDv05p8) with current time:    0  1  1  0  0  0   0
20230518 043739.851 INFO             PET3           MODEL: InitializeDataProgress='true', InitializeDataComplete='true'
20230518 043739.851 INFO             PET3           <<<MODEL: leaving Initialize (phase=IPDv05p8) with current time:    0  1  1  0  0  0   0
20230518 043739.851 INFO             PET3         MODEL: InitializeIPDvXp08 extro.
20230518 043739.851 INFO             PET3         driver: component    1=MODEL, someProgress (local): true
20230518 043739.851 INFO             PET3         driver: component    1=MODEL, someProgress (global):  T
20230518 043739.851 INFO             PET3         driver: someProgress= T, allComplete= F, present(dataDepAllComplete)= T
20230518 043739.851 INFO             PET3         driver: component    0=driver, dataComplete (local): true
20230518 043739.851 INFO             PET3         driver: component    0=driver, dataComplete (global):  T
20230518 043739.851 INFO             PET3         driver: component    1=MODEL, dataComplete (local): true
20230518 043739.851 INFO             PET3         driver: component    1=MODEL, dataComplete (global):  T
20230518 043739.851 INFO             PET3         driver: someProgress= F, allComplete= T, present(dataDepAllComplete)= T
20230518 043739.851 INFO             PET3         driver: finished resolving initialize data dependencies on this level.
20230518 043739.851 INFO             PET3       driver: loopDataDependentInitialize extro.
20230518 043739.851 INFO             PET3       driver: loopDataDependentInitialize() returned with dataDepAllComplete:  T
20230518 043739.851 INFO             PET3     driver: InitializeIPDv02p5Data extro.
20230518 043739.851 INFO             PET3     <<<driver: leaving Initialize (phase=<none>) with current time:    0  1  1  0  0  0   0
20230518 043739.851 INFO             PET3   driver: InitializeIPDv02p5 extro.
20230518 043739.851 INFO             PET3 driver: InitializeGeneric extro.
20230518 043739.852 INFO             PET3 driver: Run intro.
20230518 043739.852 INFO             PET3   >>>driver entered Run (phase=RunPhase1) with current time:    0  1  1  0  0  0   0
20230518 043739.852 INFO             PET3   driver: after lable_SetRunClock, current time:    0  1  1  0  0  0   0
20230518 043739.852 INFO             PET3   driver: begin -------> RunSequence.
20230518 043739.852 INFO             PET3     driver: RunSequence event loopLevel=   1  levelMember=   1  loopIteration=   1, current time:    0  1  1  0  0  0   0
20230518 043739.852 INFO             PET3     MODEL: Run intro.
20230518 043739.852 INFO             PET3       >>>MODEL: entered Run (phase=RunPhase1) with current time:    0  1  1  0  0  0   0
20230518 043739.852 INFO             PET3       MODEL: time step-loop starting, current time:    0  1  1  0  0  0   0
20230518 043739.852 INFO             PET3       thread_num=   0   currentSsiPe=   3   num_threads=   3   max_threads=   3   num_procs=   1
20230518 043739.852 INFO             PET3       thread_num=   2   currentSsiPe=   3   num_threads=   3   max_threads=   3   num_procs=   1
20230518 043739.884 INFO             PET3       thread_num=   1   currentSsiPe=   3   num_threads=   3   max_threads=   3   num_procs=   1
20230518 043739.908 INFO             PET3       ---->Advancing Model from:    0  1  1  0  0  0   0
20230518 043739.908 INFO             PET3       ---------------------> to:    0  1  1  0  0 30   0
20230518 043739.908 INFO             PET3       MODEL: time step-loop ending,   current time:    0  1  1  0  0 30   0
20230518 043739.908 INFO             PET3       <<<MODEL: leaving Run (phase=RunPhase1) with current time:    0  1  1  0  0 30   0
20230518 043739.908 INFO             PET3     MODEL: Run extro.
20230518 043739.908 INFO             PET3     driver: RunSequence event loopLevel=   1  levelMember=   1  loopIteration=   2, current time:    0  1  1  0  0 30   0
20230518 043739.908 INFO             PET3     MODEL: Run intro.
20230518 043739.908 INFO             PET3       >>>MODEL: entered Run (phase=RunPhase1) with current time:    0  1  1  0  0 30   0
20230518 043739.908 INFO             PET3       MODEL: time step-loop starting, current time:    0  1  1  0  0 30   0
20230518 043739.908 INFO             PET3       thread_num=   0   currentSsiPe=   3   num_threads=   3   max_threads=   3   num_procs=   1
20230518 043739.920 INFO             PET3       thread_num=   1   currentSsiPe=   3   num_threads=   3   max_threads=   3   num_procs=   1
20230518 043739.932 INFO             PET3       thread_num=   2   currentSsiPe=   3   num_threads=   3   max_threads=   3   num_procs=   1
20230518 043739.944 INFO             PET3       ---->Advancing Model from:    0  1  1  0  0 30   0
20230518 043739.944 INFO             PET3       ---------------------> to:    0  1  1  0  1  0   0
20230518 043739.944 INFO             PET3       MODEL: time step-loop ending,   current time:    0  1  1  0  1  0   0
20230518 043739.944 INFO             PET3       <<<MODEL: leaving Run (phase=RunPhase1) with current time:    0  1  1  0  1  0   0
20230518 043739.944 INFO             PET3     MODEL: Run extro.
20230518 043739.944 INFO             PET3     driver: RunSequence event loopLevel=   1  levelMember=   1  loopIteration=   3, current time:    0  1  1  0  1  0   0
20230518 043739.944 INFO             PET3     MODEL: Run intro.
20230518 043739.944 INFO             PET3       >>>MODEL: entered Run (phase=RunPhase1) with current time:    0  1  1  0  1  0   0
20230518 043739.944 INFO             PET3       MODEL: time step-loop starting, current time:    0  1  1  0  1  0   0
20230518 043739.944 INFO             PET3       thread_num=   0   currentSsiPe=   3   num_threads=   3   max_threads=   3   num_procs=   1
20230518 043739.956 INFO             PET3       thread_num=   1   currentSsiPe=   3   num_threads=   3   max_threads=   3   num_procs=   1
20230518 043739.968 INFO             PET3       thread_num=   2   currentSsiPe=   3   num_threads=   3   max_threads=   3   num_procs=   1
20230518 043739.979 INFO             PET3       ---->Advancing Model from:    0  1  1  0  1  0   0
20230518 043739.979 INFO             PET3       ---------------------> to:    0  1  1  0  1 30   0
20230518 043739.979 INFO             PET3       MODEL: time step-loop ending,   current time:    0  1  1  0  1 30   0
20230518 043739.979 INFO             PET3       <<<MODEL: leaving Run (phase=RunPhase1) with current time:    0  1  1  0  1 30   0
20230518 043739.979 INFO             PET3     MODEL: Run extro.
20230518 043739.979 INFO             PET3     driver: RunSequence event loopLevel=   1  levelMember=   1  loopIteration=   4, current time:    0  1  1  0  1 30   0
20230518 043739.979 INFO             PET3     MODEL: Run intro.
20230518 043739.979 INFO             PET3       >>>MODEL: entered Run (phase=RunPhase1) with current time:    0  1  1  0  1 30   0
20230518 043739.979 INFO             PET3       MODEL: time step-loop starting, current time:    0  1  1  0  1 30   0
20230518 043739.979 INFO             PET3       thread_num=   0   currentSsiPe=   3   num_threads=   3   max_threads=   3   num_procs=   1
20230518 043739.979 INFO             PET3       thread_num=   1   currentSsiPe=   3   num_threads=   3   max_threads=   3   num_procs=   1
20230518 043739.994 INFO             PET3       thread_num=   2   currentSsiPe=   3   num_threads=   3   max_threads=   3   num_procs=   1
20230518 043739.994 INFO             PET3       ---->Advancing Model from:    0  1  1  0  1 30   0
20230518 043739.994 INFO             PET3       ---------------------> to:    0  1  1  0  2  0   0
20230518 043739.994 INFO             PET3       MODEL: time step-loop ending,   current time:    0  1  1  0  2  0   0
20230518 043739.994 INFO             PET3       <<<MODEL: leaving Run (phase=RunPhase1) with current time:    0  1  1  0  2  0   0
20230518 043739.994 INFO             PET3     MODEL: Run extro.
20230518 043739.994 INFO             PET3     driver: RunSequence event loopLevel=   1  levelMember=   1  loopIteration=   5, current time:    0  1  1  0  2  0   0
20230518 043739.994 INFO             PET3     MODEL: Run intro.
20230518 043739.994 INFO             PET3       >>>MODEL: entered Run (phase=RunPhase1) with current time:    0  1  1  0  2  0   0
20230518 043739.994 INFO             PET3       MODEL: time step-loop starting, current time:    0  1  1  0  2  0   0
20230518 043739.994 INFO             PET3       thread_num=   0   currentSsiPe=   3   num_threads=   3   max_threads=   3   num_procs=   1
20230518 043739.994 INFO             PET3       thread_num=   1   currentSsiPe=   3   num_threads=   3   max_threads=   3   num_procs=   1
20230518 043739.994 INFO             PET3       thread_num=   2   currentSsiPe=   3   num_threads=   3   max_threads=   3   num_procs=   1
20230518 043739.994 INFO             PET3       ---->Advancing Model from:    0  1  1  0  2  0   0
20230518 043739.994 INFO             PET3       ---------------------> to:    0  1  1  0  2 30   0
20230518 043739.994 INFO             PET3       MODEL: time step-loop ending,   current time:    0  1  1  0  2 30   0
20230518 043739.994 INFO             PET3       <<<MODEL: leaving Run (phase=RunPhase1) with current time:    0  1  1  0  2 30   0
20230518 043739.994 INFO             PET3     MODEL: Run extro.
20230518 043739.994 INFO             PET3   driver: end <--------- RunSequence
20230518 043739.994 INFO             PET3   <<<driver - leaving Run with current time:    0  1  1  0  2 30   0
20230518 043739.994 INFO             PET3 driver: Run extro.
20230518 043739.994 INFO             PET3 driver: Finalize intro.
20230518 043739.994 INFO             PET3   Calling Finalize phase 1 for modelComp: MODEL
20230518 043739.994 INFO             PET3   MODEL: Finalize intro.
20230518 043739.994 INFO             PET3     >>>MODEL: entered Finalize (phase=FinalizePhase1) with current time:    0  1  1  0  2 30   0
20230518 043739.994 INFO             PET3     <<<MODEL: leaving Finalize (phase=FinalizePhase1) with current time:    0  1  1  0  2 30   0
20230518 043739.994 INFO             PET3   MODEL: Finalize extro.
20230518 043739.994 INFO             PET3   Delete modelComp: MODEL
20230518 043739.994 INFO             PET3   Delete Import-/Export State for modelComp: MODEL
20230518 043739.994 INFO             PET3 driver: Finalize extro.
20230518 043739.994 INFO             PET3 mainApp FINISHED
20230518 043739.994 INFO             PET3 Finalizing ESMF
