2023-05-13 08:11:47
 Field Create from a Grid and a Fortran data array returned
 Field Create from a Grid and a Fortran data array returned
 Field Create from a Grid and a Fortran data array returned
 Field Create from a Grid and a Fortran data array returned
 Field Create from a Grid and a Fortran data array returned
 Field Create from a Grid and a Fortran data array returned
 Field Create from a Grid and a Fortran data array returned
 Field Create from a Grid and a Fortran data array returned
 Field Create from a Grid and a Fortran data array returned
 Field Create from a Grid and a Fortran data array returned
 Field Create from a Grid and a Fortran data array returned
 Field Create from a Grid and a Fortran data array returned
 Field Create from a Grid and a Fortran data array returned
 Field Create from a Grid and a Fortran data array returned
 Field Create from a Grid and a Fortran data array returned
 Field Create from a Grid and a Fortran data array returned
 Field Create from a Grid and a Fortran data array returned
 Field Create from a Grid and a Fortran data array returned
 Field Create from a Grid and a Fortran data array returned
 Field Create from a Grid and a Fortran data array returned
 Field Create from a LocStream, typekind, and rank returned
 Field Create from a LocStream, typekind, and rank returned
 Field Create from a LocStream, typekind, and rank returned
 Field Create from a LocStream, typekind, and rank returned
 Field Create from a LocStream and an Arrayspec returned
 Field Create from a LocStream and an Arrayspec returned
 Field Create from a LocStream and an Arrayspec returned
 Field Create from a LocStream and an Arrayspec returned
[h23c13:293314:0:293314] Caught signal 11 (Segmentation fault: address not mapped to object at address 0x4f1b591)
[h23c13:293315:0:293315] Caught signal 11 (Segmentation fault: address not mapped to object at address 0x4f1b591)
[h23c13:293316:0:293316] Caught signal 11 (Segmentation fault: address not mapped to object at address 0x4f1b591)
[h23c13:293317:0:293317] Caught signal 11 (Segmentation fault: address not mapped to object at address 0x4f1b591)
==== backtrace (tid: 293315) ====
 0 0x000000000004d455 ucs_debug_print_backtrace()  ???:0
 1 0x00000000006a1883 ESMCI::LogErr::MsgFoundError()  /scratch2/NCEPDEV/stmp1/Gerhard.Theurich/ESMF-Nightly-Testing/pgi_19.1_intelmpi_O_feature_fill_nan/esmf/src/Infrastructure/LogErr/src/ESMCI_LogErr.C:586
 2 0x000000000085f441 c_esmc_meshcreatenodedistgrid_()  /scratch2/NCEPDEV/stmp1/Gerhard.Theurich/ESMF-Nightly-Testing/pgi_19.1_intelmpi_O_feature_fill_nan/esmf/src/Infrastructure/Mesh/interface/ESMCI_Mesh_F.C:248
 3 0x0000000000e3e1d0 esmf_meshmod_esmf_meshcreate1part_()  /scratch2/NCEPDEV/stmp1/Gerhard.Theurich/ESMF-Nightly-Testing/pgi_19.1_intelmpi_O_feature_fill_nan/esmf/src/Infrastructure/Mesh/interface/ESMF_Mesh.F90:1407
 4 0x0000000000405c7a MAIN_()  /scratch2/NCEPDEV/stmp1/Gerhard.Theurich/ESMF-Nightly-Testing/pgi_19.1_intelmpi_O_feature_fill_nan/esmf/src/Infrastructure/Field/examples/ESMF_FieldCreateEx.F90:773
 5 0x0000000000401c83 main()  ???:0
 6 0x0000000000022555 __libc_start_main()  ???:0
 7 0x0000000000401b89 _start()  ???:0
=================================
==== backtrace (tid: 293317) ====
 0 0x000000000004d455 ucs_debug_print_backtrace()  ???:0
 1 0x00000000006a1883 ESMCI::LogErr::MsgFoundError()  /scratch2/NCEPDEV/stmp1/Gerhard.Theurich/ESMF-Nightly-Testing/pgi_19.1_intelmpi_O_feature_fill_nan/esmf/src/Infrastructure/LogErr/src/ESMCI_LogErr.C:586
 2 0x000000000085f441 c_esmc_meshcreatenodedistgrid_()  /scratch2/NCEPDEV/stmp1/Gerhard.Theurich/ESMF-Nightly-Testing/pgi_19.1_intelmpi_O_feature_fill_nan/esmf/src/Infrastructure/Mesh/interface/ESMCI_Mesh_F.C:248
 3 0x0000000000e3e1d0 esmf_meshmod_esmf_meshcreate1part_()  /scratch2/NCEPDEV/stmp1/Gerhard.Theurich/ESMF-Nightly-Testing/pgi_19.1_intelmpi_O_feature_fill_nan/esmf/src/Infrastructure/Mesh/interface/ESMF_Mesh.F90:1407
 4 0x0000000000405c7a MAIN_()  /scratch2/NCEPDEV/stmp1/Gerhard.Theurich/ESMF-Nightly-Testing/pgi_19.1_intelmpi_O_feature_fill_nan/esmf/src/Infrastructure/Field/examples/ESMF_FieldCreateEx.F90:773
 5 0x0000000000401c83 main()  ???:0
 6 0x0000000000022555 __libc_start_main()  ???:0
 7 0x0000000000401b89 _start()  ???:0
=================================
==== backtrace (tid: 293314) ====
 0 0x000000000004d455 ucs_debug_print_backtrace()  ???:0
 1 0x00000000006a1883 ESMCI::LogErr::MsgFoundError()  /scratch2/NCEPDEV/stmp1/Gerhard.Theurich/ESMF-Nightly-Testing/pgi_19.1_intelmpi_O_feature_fill_nan/esmf/src/Infrastructure/LogErr/src/ESMCI_LogErr.C:586
 2 0x000000000085f441 c_esmc_meshcreatenodedistgrid_()  /scratch2/NCEPDEV/stmp1/Gerhard.Theurich/ESMF-Nightly-Testing/pgi_19.1_intelmpi_O_feature_fill_nan/esmf/src/Infrastructure/Mesh/interface/ESMCI_Mesh_F.C:248
 3 0x0000000000e3e1d0 esmf_meshmod_esmf_meshcreate1part_()  /scratch2/NCEPDEV/stmp1/Gerhard.Theurich/ESMF-Nightly-Testing/pgi_19.1_intelmpi_O_feature_fill_nan/esmf/src/Infrastructure/Mesh/interface/ESMF_Mesh.F90:1407
 4 0x0000000000405c7a MAIN_()  /scratch2/NCEPDEV/stmp1/Gerhard.Theurich/ESMF-Nightly-Testing/pgi_19.1_intelmpi_O_feature_fill_nan/esmf/src/Infrastructure/Field/examples/ESMF_FieldCreateEx.F90:773
 5 0x0000000000401c83 main()  ???:0
 6 0x0000000000022555 __libc_start_main()  ???:0
 7 0x0000000000401b89 _start()  ???:0
=================================
==== backtrace (tid: 293316) ====
 0 0x000000000004d455 ucs_debug_print_backtrace()  ???:0
 1 0x00000000006a1883 ESMCI::LogErr::MsgFoundError()  /scratch2/NCEPDEV/stmp1/Gerhard.Theurich/ESMF-Nightly-Testing/pgi_19.1_intelmpi_O_feature_fill_nan/esmf/src/Infrastructure/LogErr/src/ESMCI_LogErr.C:586
 2 0x000000000085f441 c_esmc_meshcreatenodedistgrid_()  /scratch2/NCEPDEV/stmp1/Gerhard.Theurich/ESMF-Nightly-Testing/pgi_19.1_intelmpi_O_feature_fill_nan/esmf/src/Infrastructure/Mesh/interface/ESMCI_Mesh_F.C:248
 3 0x0000000000e3e1d0 esmf_meshmod_esmf_meshcreate1part_()  /scratch2/NCEPDEV/stmp1/Gerhard.Theurich/ESMF-Nightly-Testing/pgi_19.1_intelmpi_O_feature_fill_nan/esmf/src/Infrastructure/Mesh/interface/ESMF_Mesh.F90:1407
 4 0x0000000000405c7a MAIN_()  /scratch2/NCEPDEV/stmp1/Gerhard.Theurich/ESMF-Nightly-Testing/pgi_19.1_intelmpi_O_feature_fill_nan/esmf/src/Infrastructure/Field/examples/ESMF_FieldCreateEx.F90:773
 5 0x0000000000401c83 main()  ???:0
 6 0x0000000000022555 __libc_start_main()  ???:0
 7 0x0000000000401b89 _start()  ???:0
=================================
srun: error: h23c13: tasks 0-1,3: Segmentation fault (core dumped)
srun: launch/slurm: _step_signal: Terminating StepId=44897047.310
slurmstepd: error: *** STEP 44897047.310 ON h23c13 CANCELLED AT 2023-05-13T09:44:50 ***
srun: error: h23c13: task 2: Segmentation fault (core dumped)
