2023-06-03 03:56:26
20230603 042919.371 INFO             PET0 !!!!!!!!!!!!!!!!!!!!!!!!!!!!!!!!!!!!!!!!!!!!!!!!!!!!!!
20230603 042919.371 INFO             PET0 !!! THE ESMF_LOG IS SET TO OUTPUT ALL LOG MESSAGES !!!
20230603 042919.371 INFO             PET0 !!!     THIS MAY CAUSE SLOWDOWN IN PERFORMANCE     !!!
20230603 042919.371 INFO             PET0 !!! FOR PRODUCTION RUNS, USE:                      !!!
20230603 042919.371 INFO             PET0 !!!                   ESMF_LOGKIND_Multi_On_Error  !!!
20230603 042919.371 INFO             PET0 !!!!!!!!!!!!!!!!!!!!!!!!!!!!!!!!!!!!!!!!!!!!!!!!!!!!!!
20230603 042919.371 INFO             PET0 Running with ESMF Version   : v8.5.0b23
20230603 042919.371 INFO             PET0 ESMF library build date/time: "Jun  3 2023" "03:54:49"
20230603 042919.371 INFO             PET0 ESMF library build location : /lustre/f2/dev/ncep/Gerhard.Theurich/ESMF-Nightly-Testing-C5/intel_2022.2.1_mpi_g_develop/esmf
20230603 042919.371 INFO             PET0 ESMF_COMM                   : mpi
20230603 042919.372 INFO             PET0 ESMF_MOAB                   : enabled
20230603 042919.372 INFO             PET0 ESMF_LAPACK                 : enabled
20230603 042919.372 INFO             PET0 ESMF_NETCDF                 : enabled
20230603 042919.372 INFO             PET0 ESMF_PNETCDF                : disabled
20230603 042919.372 INFO             PET0 ESMF_PIO                    : enabled
20230603 042919.372 INFO             PET0 ESMF_YAMLCPP                : enabled
20230603 042919.426 INFO             PET0  NUMBER_OF_PROCESSORS           4
20230603 042919.426 INFO             PET0  PASS  Example ESMF_ArrayScatterGatherArbEx, ESMF_ArrayScatterGatherArbEx.F90, line 313
20230603 042919.426 INFO             PET0 Finalizing ESMF
20230603 042919.418 INFO             PET1 !!!!!!!!!!!!!!!!!!!!!!!!!!!!!!!!!!!!!!!!!!!!!!!!!!!!!!
20230603 042919.418 INFO             PET1 !!! THE ESMF_LOG IS SET TO OUTPUT ALL LOG MESSAGES !!!
20230603 042919.418 INFO             PET1 !!!     THIS MAY CAUSE SLOWDOWN IN PERFORMANCE     !!!
20230603 042919.418 INFO             PET1 !!! FOR PRODUCTION RUNS, USE:                      !!!
20230603 042919.418 INFO             PET1 !!!                   ESMF_LOGKIND_Multi_On_Error  !!!
20230603 042919.418 INFO             PET1 !!!!!!!!!!!!!!!!!!!!!!!!!!!!!!!!!!!!!!!!!!!!!!!!!!!!!!
20230603 042919.418 INFO             PET1 Running with ESMF Version   : v8.5.0b23
20230603 042919.418 INFO             PET1 ESMF library build date/time: "Jun  3 2023" "03:54:49"
20230603 042919.418 INFO             PET1 ESMF library build location : /lustre/f2/dev/ncep/Gerhard.Theurich/ESMF-Nightly-Testing-C5/intel_2022.2.1_mpi_g_develop/esmf
20230603 042919.418 INFO             PET1 ESMF_COMM                   : mpi
20230603 042919.420 INFO             PET1 ESMF_MOAB                   : enabled
20230603 042919.420 INFO             PET1 ESMF_LAPACK                 : enabled
20230603 042919.420 INFO             PET1 ESMF_NETCDF                 : enabled
20230603 042919.420 INFO             PET1 ESMF_PNETCDF                : disabled
20230603 042919.420 INFO             PET1 ESMF_PIO                    : enabled
20230603 042919.420 INFO             PET1 ESMF_YAMLCPP                : enabled
20230603 042919.426 INFO             PET1  NUMBER_OF_PROCESSORS           4
20230603 042919.426 INFO             PET1  PASS  Example ESMF_ArrayScatterGatherArbEx, ESMF_ArrayScatterGatherArbEx.F90, line 313
20230603 042919.426 INFO             PET1 Finalizing ESMF
20230603 042919.398 INFO             PET2 !!!!!!!!!!!!!!!!!!!!!!!!!!!!!!!!!!!!!!!!!!!!!!!!!!!!!!
20230603 042919.398 INFO             PET2 !!! THE ESMF_LOG IS SET TO OUTPUT ALL LOG MESSAGES !!!
20230603 042919.398 INFO             PET2 !!!     THIS MAY CAUSE SLOWDOWN IN PERFORMANCE     !!!
20230603 042919.398 INFO             PET2 !!! FOR PRODUCTION RUNS, USE:                      !!!
20230603 042919.398 INFO             PET2 !!!                   ESMF_LOGKIND_Multi_On_Error  !!!
20230603 042919.398 INFO             PET2 !!!!!!!!!!!!!!!!!!!!!!!!!!!!!!!!!!!!!!!!!!!!!!!!!!!!!!
20230603 042919.398 INFO             PET2 Running with ESMF Version   : v8.5.0b23
20230603 042919.398 INFO             PET2 ESMF library build date/time: "Jun  3 2023" "03:54:49"
20230603 042919.398 INFO             PET2 ESMF library build location : /lustre/f2/dev/ncep/Gerhard.Theurich/ESMF-Nightly-Testing-C5/intel_2022.2.1_mpi_g_develop/esmf
20230603 042919.398 INFO             PET2 ESMF_COMM                   : mpi
20230603 042919.399 INFO             PET2 ESMF_MOAB                   : enabled
20230603 042919.399 INFO             PET2 ESMF_LAPACK                 : enabled
20230603 042919.399 INFO             PET2 ESMF_NETCDF                 : enabled
20230603 042919.399 INFO             PET2 ESMF_PNETCDF                : disabled
20230603 042919.399 INFO             PET2 ESMF_PIO                    : enabled
20230603 042919.399 INFO             PET2 ESMF_YAMLCPP                : enabled
20230603 042919.426 INFO             PET2  NUMBER_OF_PROCESSORS           4
20230603 042919.426 INFO             PET2  PASS  Example ESMF_ArrayScatterGatherArbEx, ESMF_ArrayScatterGatherArbEx.F90, line 313
20230603 042919.426 INFO             PET2 Finalizing ESMF
20230603 042919.378 INFO             PET3 !!!!!!!!!!!!!!!!!!!!!!!!!!!!!!!!!!!!!!!!!!!!!!!!!!!!!!
20230603 042919.378 INFO             PET3 !!! THE ESMF_LOG IS SET TO OUTPUT ALL LOG MESSAGES !!!
20230603 042919.378 INFO             PET3 !!!     THIS MAY CAUSE SLOWDOWN IN PERFORMANCE     !!!
20230603 042919.378 INFO             PET3 !!! FOR PRODUCTION RUNS, USE:                      !!!
20230603 042919.378 INFO             PET3 !!!                   ESMF_LOGKIND_Multi_On_Error  !!!
20230603 042919.378 INFO             PET3 !!!!!!!!!!!!!!!!!!!!!!!!!!!!!!!!!!!!!!!!!!!!!!!!!!!!!!
20230603 042919.378 INFO             PET3 Running with ESMF Version   : v8.5.0b23
20230603 042919.378 INFO             PET3 ESMF library build date/time: "Jun  3 2023" "03:54:49"
20230603 042919.378 INFO             PET3 ESMF library build location : /lustre/f2/dev/ncep/Gerhard.Theurich/ESMF-Nightly-Testing-C5/intel_2022.2.1_mpi_g_develop/esmf
20230603 042919.378 INFO             PET3 ESMF_COMM                   : mpi
20230603 042919.379 INFO             PET3 ESMF_MOAB                   : enabled
20230603 042919.379 INFO             PET3 ESMF_LAPACK                 : enabled
20230603 042919.379 INFO             PET3 ESMF_NETCDF                 : enabled
20230603 042919.379 INFO             PET3 ESMF_PNETCDF                : disabled
20230603 042919.379 INFO             PET3 ESMF_PIO                    : enabled
20230603 042919.379 INFO             PET3 ESMF_YAMLCPP                : enabled
20230603 042919.425 INFO             PET3  NUMBER_OF_PROCESSORS           4
20230603 042919.426 INFO             PET3  PASS  Example ESMF_ArrayScatterGatherArbEx, ESMF_ArrayScatterGatherArbEx.F90, line 313
20230603 042919.426 INFO             PET3 Finalizing ESMF
