2023-06-06 03:58:28
20230606 043058.552 INFO             PET0 !!!!!!!!!!!!!!!!!!!!!!!!!!!!!!!!!!!!!!!!!!!!!!!!!!!!!!
20230606 043058.552 INFO             PET0 !!! THE ESMF_LOG IS SET TO OUTPUT ALL LOG MESSAGES !!!
20230606 043058.552 INFO             PET0 !!!     THIS MAY CAUSE SLOWDOWN IN PERFORMANCE     !!!
20230606 043058.552 INFO             PET0 !!! FOR PRODUCTION RUNS, USE:                      !!!
20230606 043058.552 INFO             PET0 !!!                   ESMF_LOGKIND_Multi_On_Error  !!!
20230606 043058.552 INFO             PET0 !!!!!!!!!!!!!!!!!!!!!!!!!!!!!!!!!!!!!!!!!!!!!!!!!!!!!!
20230606 043058.552 INFO             PET0 Running with ESMF Version   : v8.5.0b23
20230606 043058.552 INFO             PET0 ESMF library build date/time: "Jun  6 2023" "03:56:49"
20230606 043058.552 INFO             PET0 ESMF library build location : /lustre/f2/dev/ncep/Gerhard.Theurich/ESMF-Nightly-Testing-C5/intel_2022.2.1_mpi_g_develop/esmf
20230606 043058.552 INFO             PET0 ESMF_COMM                   : mpi
20230606 043058.553 INFO             PET0 ESMF_MOAB                   : enabled
20230606 043058.553 INFO             PET0 ESMF_LAPACK                 : enabled
20230606 043058.553 INFO             PET0 ESMF_NETCDF                 : enabled
20230606 043058.553 INFO             PET0 ESMF_PNETCDF                : disabled
20230606 043058.553 INFO             PET0 ESMF_PIO                    : enabled
20230606 043058.553 INFO             PET0 ESMF_YAMLCPP                : enabled
20230606 043058.574 INFO             PET0 ESMF_FieldRedistStoreNF(): Just entered routine.
20230606 043058.808 INFO             PET0 ESMF_FieldRedistStoreNF(): Leaving routine.
20230606 043058.846 INFO             PET0  NUMBER_OF_PROCESSORS           4
20230606 043058.846 INFO             PET0  PASS  Example ESMF_RHandleFromFileEx, ESMF_RHandleFromFileEx.F90, line 192
20230606 043058.846 INFO             PET0 Finalizing ESMF
20230606 043058.566 INFO             PET1 !!!!!!!!!!!!!!!!!!!!!!!!!!!!!!!!!!!!!!!!!!!!!!!!!!!!!!
20230606 043058.566 INFO             PET1 !!! THE ESMF_LOG IS SET TO OUTPUT ALL LOG MESSAGES !!!
20230606 043058.566 INFO             PET1 !!!     THIS MAY CAUSE SLOWDOWN IN PERFORMANCE     !!!
20230606 043058.566 INFO             PET1 !!! FOR PRODUCTION RUNS, USE:                      !!!
20230606 043058.566 INFO             PET1 !!!                   ESMF_LOGKIND_Multi_On_Error  !!!
20230606 043058.566 INFO             PET1 !!!!!!!!!!!!!!!!!!!!!!!!!!!!!!!!!!!!!!!!!!!!!!!!!!!!!!
20230606 043058.566 INFO             PET1 Running with ESMF Version   : v8.5.0b23
20230606 043058.566 INFO             PET1 ESMF library build date/time: "Jun  6 2023" "03:56:49"
20230606 043058.566 INFO             PET1 ESMF library build location : /lustre/f2/dev/ncep/Gerhard.Theurich/ESMF-Nightly-Testing-C5/intel_2022.2.1_mpi_g_develop/esmf
20230606 043058.566 INFO             PET1 ESMF_COMM                   : mpi
20230606 043058.567 INFO             PET1 ESMF_MOAB                   : enabled
20230606 043058.567 INFO             PET1 ESMF_LAPACK                 : enabled
20230606 043058.567 INFO             PET1 ESMF_NETCDF                 : enabled
20230606 043058.567 INFO             PET1 ESMF_PNETCDF                : disabled
20230606 043058.567 INFO             PET1 ESMF_PIO                    : enabled
20230606 043058.567 INFO             PET1 ESMF_YAMLCPP                : enabled
20230606 043058.574 INFO             PET1 ESMF_FieldRedistStoreNF(): Just entered routine.
20230606 043058.808 INFO             PET1 ESMF_FieldRedistStoreNF(): Leaving routine.
20230606 043058.846 INFO             PET1  NUMBER_OF_PROCESSORS           4
20230606 043058.846 INFO             PET1  PASS  Example ESMF_RHandleFromFileEx, ESMF_RHandleFromFileEx.F90, line 192
20230606 043058.846 INFO             PET1 Finalizing ESMF
20230606 043058.554 INFO             PET2 !!!!!!!!!!!!!!!!!!!!!!!!!!!!!!!!!!!!!!!!!!!!!!!!!!!!!!
20230606 043058.554 INFO             PET2 !!! THE ESMF_LOG IS SET TO OUTPUT ALL LOG MESSAGES !!!
20230606 043058.554 INFO             PET2 !!!     THIS MAY CAUSE SLOWDOWN IN PERFORMANCE     !!!
20230606 043058.554 INFO             PET2 !!! FOR PRODUCTION RUNS, USE:                      !!!
20230606 043058.554 INFO             PET2 !!!                   ESMF_LOGKIND_Multi_On_Error  !!!
20230606 043058.554 INFO             PET2 !!!!!!!!!!!!!!!!!!!!!!!!!!!!!!!!!!!!!!!!!!!!!!!!!!!!!!
20230606 043058.554 INFO             PET2 Running with ESMF Version   : v8.5.0b23
20230606 043058.554 INFO             PET2 ESMF library build date/time: "Jun  6 2023" "03:56:49"
20230606 043058.554 INFO             PET2 ESMF library build location : /lustre/f2/dev/ncep/Gerhard.Theurich/ESMF-Nightly-Testing-C5/intel_2022.2.1_mpi_g_develop/esmf
20230606 043058.554 INFO             PET2 ESMF_COMM                   : mpi
20230606 043058.555 INFO             PET2 ESMF_MOAB                   : enabled
20230606 043058.555 INFO             PET2 ESMF_LAPACK                 : enabled
20230606 043058.555 INFO             PET2 ESMF_NETCDF                 : enabled
20230606 043058.555 INFO             PET2 ESMF_PNETCDF                : disabled
20230606 043058.555 INFO             PET2 ESMF_PIO                    : enabled
20230606 043058.555 INFO             PET2 ESMF_YAMLCPP                : enabled
20230606 043058.573 INFO             PET2 ESMF_FieldRedistStoreNF(): Just entered routine.
20230606 043058.808 INFO             PET2 ESMF_FieldRedistStoreNF(): Leaving routine.
20230606 043058.846 INFO             PET2  NUMBER_OF_PROCESSORS           4
20230606 043058.846 INFO             PET2  PASS  Example ESMF_RHandleFromFileEx, ESMF_RHandleFromFileEx.F90, line 192
20230606 043058.846 INFO             PET2 Finalizing ESMF
20230606 043058.563 INFO             PET3 !!!!!!!!!!!!!!!!!!!!!!!!!!!!!!!!!!!!!!!!!!!!!!!!!!!!!!
20230606 043058.563 INFO             PET3 !!! THE ESMF_LOG IS SET TO OUTPUT ALL LOG MESSAGES !!!
20230606 043058.563 INFO             PET3 !!!     THIS MAY CAUSE SLOWDOWN IN PERFORMANCE     !!!
20230606 043058.563 INFO             PET3 !!! FOR PRODUCTION RUNS, USE:                      !!!
20230606 043058.563 INFO             PET3 !!!                   ESMF_LOGKIND_Multi_On_Error  !!!
20230606 043058.563 INFO             PET3 !!!!!!!!!!!!!!!!!!!!!!!!!!!!!!!!!!!!!!!!!!!!!!!!!!!!!!
20230606 043058.563 INFO             PET3 Running with ESMF Version   : v8.5.0b23
20230606 043058.563 INFO             PET3 ESMF library build date/time: "Jun  6 2023" "03:56:49"
20230606 043058.563 INFO             PET3 ESMF library build location : /lustre/f2/dev/ncep/Gerhard.Theurich/ESMF-Nightly-Testing-C5/intel_2022.2.1_mpi_g_develop/esmf
20230606 043058.563 INFO             PET3 ESMF_COMM                   : mpi
20230606 043058.565 INFO             PET3 ESMF_MOAB                   : enabled
20230606 043058.565 INFO             PET3 ESMF_LAPACK                 : enabled
20230606 043058.565 INFO             PET3 ESMF_NETCDF                 : enabled
20230606 043058.565 INFO             PET3 ESMF_PNETCDF                : disabled
20230606 043058.565 INFO             PET3 ESMF_PIO                    : enabled
20230606 043058.565 INFO             PET3 ESMF_YAMLCPP                : enabled
20230606 043058.577 INFO             PET3 ESMF_FieldRedistStoreNF(): Just entered routine.
20230606 043058.808 INFO             PET3 ESMF_FieldRedistStoreNF(): Leaving routine.
20230606 043058.846 INFO             PET3  NUMBER_OF_PROCESSORS           4
20230606 043058.846 INFO             PET3  PASS  Example ESMF_RHandleFromFileEx, ESMF_RHandleFromFileEx.F90, line 192
20230606 043058.846 INFO             PET3 Finalizing ESMF
