2023-06-09 07:31:56
[1686297589.880679] [h18c35:307986:0]         mxm.c:196  MXM  WARN  The 'ulimit -s' on the system is set to 'unlimited'. This may have negative performance implications. Please set the stack size to the default value (10240) 
[1686297589.885648] [h18c35:307986:0]         mxm.c:196  MXM  WARN  The 'ulimit -s' on the system is set to 'unlimited'. This may have negative performance implications. Please set the stack size to the default value (10240) 
[1686297589.879214] [h18c35:307988:0]         mxm.c:196  MXM  WARN  The 'ulimit -s' on the system is set to 'unlimited'. This may have negative performance implications. Please set the stack size to the default value (10240) 
[1686297589.883933] [h18c35:307988:0]         mxm.c:196  MXM  WARN  The 'ulimit -s' on the system is set to 'unlimited'. This may have negative performance implications. Please set the stack size to the default value (10240) 
[1686297589.886253] [h18c35:307987:0]         mxm.c:196  MXM  WARN  The 'ulimit -s' on the system is set to 'unlimited'. This may have negative performance implications. Please set the stack size to the default value (10240) 
[1686297589.891724] [h18c35:307987:0]         mxm.c:196  MXM  WARN  The 'ulimit -s' on the system is set to 'unlimited'. This may have negative performance implications. Please set the stack size to the default value (10240) 
[1686297589.886211] [h18c35:307989:0]         mxm.c:196  MXM  WARN  The 'ulimit -s' on the system is set to 'unlimited'. This may have negative performance implications. Please set the stack size to the default value (10240) 
[1686297589.891612] [h18c35:307989:0]         mxm.c:196  MXM  WARN  The 'ulimit -s' on the system is set to 'unlimited'. This may have negative performance implications. Please set the stack size to the default value (10240) 

Program received signal SIGFPE: Floating-point exception - erroneous arithmetic operation.

Backtrace for this error:
 OCN test write, localPet=           0   tid=           0   slice=           1   i=           1
 OCN test write, localPet=           0   tid=           0   slice=           1   i=           2
 OCN test write, localPet=           0   tid=           0   slice=           1   i=           3
 OCN test write, localPet=           0   tid=           0   slice=           1   i=           4
 OCN test write, localPet=           0   tid=           0   slice=           1   i=           5
 OCN test write, localPet=           0   tid=           0   slice=           1   i=           6
 OCN test write, localPet=           0   tid=           0   slice=           1   i=           7
 OCN test write, localPet=           0   tid=           0   slice=           1   i=           8
 OCN test write, localPet=           0   tid=           0   slice=           1   i=           9
 OCN test write, localPet=           0   tid=           0   slice=           1   i=          10
 OCN test write, localPet=           0   tid=           0   slice=           1   i=          11
 OCN test write, localPet=           0   tid=           0   slice=           1   i=          12
 OCN test write, localPet=           0   tid=           0   slice=           1   i=          13
 OCN test write, localPet=           0   tid=           0   slice=           1   i=          14
 OCN test write, localPet=           0   tid=           0   slice=           1   i=          15
 OCN test write, localPet=           0   tid=           0   slice=           1   i=          16
 OCN test write, localPet=           0   tid=           0   slice=           1   i=          17
 OCN test write, localPet=           0   tid=           0   slice=           1   i=          18
 OCN test write, localPet=           0   tid=           0   slice=           1   i=          19
 OCN test write, localPet=           0   tid=           0   slice=           1   i=          20
 OCN test write, localPet=           0   tid=           0   slice=           1   i=          21
 OCN test write, localPet=           0   tid=           0   slice=           1   i=          22
 OCN test write, localPet=           0   tid=           0   slice=           1   i=          23
 OCN test write, localPet=           0   tid=           0   slice=           1   i=          24
 OCN test write, localPet=           0   tid=           0   slice=           1   i=          25
 OCN test write, localPet=           0   tid=           0   slice=           1   i=          26
 OCN test write, localPet=           0   tid=           0   slice=           1   i=          27
 OCN test write, localPet=           0   tid=           0   slice=           1   i=          28
 OCN test write, localPet=           0   tid=           0   slice=           1   i=          29
 OCN test write, localPet=           0   tid=           0   slice=           1   i=          30
 OCN test write, localPet=           0   tid=           0   slice=           1   i=          31
 OCN test write, localPet=           0   tid=           0   slice=           1   i=          32
 OCN test write, localPet=           0   tid=           0   slice=           1   i=          33
 OCN test write, localPet=           0   tid=           0   slice=           1   i=          34
 OCN test write, localPet=           0   tid=           0   slice=           1   i=          35
 OCN test write, localPet=           0   tid=           0   slice=           1   i=          36
 OCN test write, localPet=           0   tid=           0   slice=           1   i=          37
 OCN test write, localPet=           0   tid=           0   slice=           1   i=          38
 OCN test write, localPet=           0   tid=           0   slice=           1   i=          39
 OCN test write, localPet=           0   tid=           0   slice=           1   i=          40
 OCN test write, localPet=           0   tid=           0   slice=           1   i=          41
 OCN test write, localPet=           0   tid=           0   slice=           1   i=          42
 OCN test write, localPet=           0   tid=           0   slice=           1   i=          43
 OCN test write, localPet=           0   tid=           0   slice=           1   i=          44
 OCN test write, localPet=           0   tid=           0   slice=           1   i=          45
 OCN test write, localPet=           0   tid=           0   slice=           1   i=          46
 OCN test write, localPet=           0   tid=           0   slice=           1   i=          47
 OCN test write, localPet=           0   tid=           0   slice=           1   i=          48
 OCN test write, localPet=           0   tid=           0   slice=           1   i=          49
 OCN test write, localPet=           0   tid=           0   slice=           1   i=          50
 OCN test write, localPet=           0   tid=           1   slice=           1   i=          51
 OCN test write, localPet=           0   tid=           1   slice=           1   i=          52
 OCN test write, localPet=           0   tid=           1   slice=           1   i=          53
 OCN test write, localPet=           0   tid=           1   slice=           1   i=          54
 OCN test write, localPet=           0   tid=           1   slice=           1   i=          55
 OCN test write, localPet=           0   tid=           1   slice=           1   i=          56
 OCN test write, localPet=           0   tid=           1   slice=           1   i=          57
 OCN test write, localPet=           0   tid=           1   slice=           1   i=          58
 OCN test write, localPet=           0   tid=           1   slice=           1   i=          59
 OCN test write, localPet=           0   tid=           1   slice=           1   i=          60
 OCN test write, localPet=           0   tid=           1   slice=           1   i=          61
 OCN test write, localPet=           0   tid=           1   slice=           1   i=          62
 OCN test write, localPet=           0   tid=           1   slice=           1   i=          63
 OCN test write, localPet=           0   tid=           1   slice=           1   i=          64
 OCN test write, localPet=           0   tid=           1   slice=           1   i=          65
 OCN test write, localPet=           0   tid=           1   slice=           1   i=          66
 OCN test write, localPet=           0   tid=           1   slice=           1   i=          67
 OCN test write, localPet=           0   tid=           1   slice=           1   i=          68
 OCN test write, localPet=           0   tid=           1   slice=           1   i=          69
 OCN test write, localPet=           0   tid=           1   slice=           1   i=          70
 OCN test write, localPet=           0   tid=           1   slice=           1   i=          71
 OCN test write, localPet=           0   tid=           1   slice=           1   i=          72
 OCN test write, localPet=           0   tid=           1   slice=           1   i=          73
 OCN test write, localPet=           0   tid=           1   slice=           1   i=          74
 OCN test write, localPet=           0   tid=           1   slice=           1   i=          75
 OCN test write, localPet=           0   tid=           1   slice=           1   i=          76
 OCN test write, localPet=           0   tid=           1   slice=           1   i=          77
 OCN test write, localPet=           0   tid=           1   slice=           1   i=          78
 OCN test write, localPet=           0   tid=           1   slice=           1   i=          79
 OCN test write, localPet=           0   tid=           1   slice=           1   i=          80
 OCN test write, localPet=           0   tid=           1   slice=           1   i=          81
 OCN test write, localPet=           0   tid=           1   slice=           1   i=          82
 OCN test write, localPet=           0   tid=           1   slice=           1   i=          83
 OCN test write, localPet=           0   tid=           1   slice=           1   i=          84
 OCN test write, localPet=           0   tid=           1   slice=           1   i=          85
 OCN test write, localPet=           0   tid=           1   slice=           1   i=          86
 OCN test write, localPet=           0   tid=           1   slice=           1   i=          87
 OCN test write, localPet=           0   tid=           1   slice=           1   i=          88
 OCN test write, localPet=           0   tid=           1   slice=           1   i=          89
 OCN test write, localPet=           0   tid=           1   slice=           1   i=          90
 OCN test write, localPet=           0   tid=           1   slice=           1   i=          91
 OCN test write, localPet=           0   tid=           1   slice=           1   i=          92
 OCN test write, localPet=           0   tid=           1   slice=           1   i=          93
 OCN test write, localPet=           0   tid=           1   slice=           1   i=          94
 OCN test write, localPet=           0   tid=           1   slice=           1   i=          95
 OCN test write, localPet=           0   tid=           1   slice=           1   i=          96
 OCN test write, localPet=           0   tid=           1   slice=           1   i=          97
 OCN test write, localPet=           0   tid=           1   slice=           1   i=          98
 OCN test write, localPet=           0   tid=           1   slice=           1   i=          99
 OCN test write, localPet=           0   tid=           1   slice=           1   i=         100
 OCN test write, localPet=           0   tid=           1   slice=           2   i=          51
 OCN test write, localPet=           0   tid=           1   slice=           2   i=          52
 OCN test write, localPet=           0   tid=           1   slice=           2   i=          53
 OCN test write, localPet=           0   tid=           1   slice=           2   i=          54
 OCN test write, localPet=           0   tid=           1   slice=           2   i=          55
 OCN test write, localPet=           0   tid=           0   slice=           2   i=           1
 OCN test write, localPet=           0   tid=           0   slice=           2   i=           2
 OCN test write, localPet=           0   tid=           0   slice=           2   i=           3
 OCN test write, localPet=           0   tid=           0   slice=           2   i=           4
 OCN test write, localPet=           0   tid=           0   slice=           2   i=           5
 OCN test write, localPet=           0   tid=           0   slice=           2   i=           6
 OCN test write, localPet=           0   tid=           0   slice=           2   i=           7
 OCN test write, localPet=           0   tid=           1   slice=           2   i=          56
 OCN test write, localPet=           0   tid=           1   slice=           2   i=          57
 OCN test write, localPet=           0   tid=           1   slice=           2   i=          58
 OCN test write, localPet=           0   tid=           0   slice=           2   i=           8
 OCN test write, localPet=           0   tid=           0   slice=           2   i=           9
 OCN test write, localPet=           0   tid=           0   slice=           2   i=          10
 OCN test write, localPet=           0   tid=           0   slice=           2   i=          11
 OCN test write, localPet=           0   tid=           0   slice=           2   i=          12
 OCN test write, localPet=           0   tid=           0   slice=           2   i=          13
 OCN test write, localPet=           0   tid=           0   slice=           2   i=          14
 OCN test write, localPet=           0   tid=           0   slice=           2   i=          15
 OCN test write, localPet=           0   tid=           0   slice=           2   i=          16
 OCN test write, localPet=           0   tid=           0   slice=           2   i=          17
 OCN test write, localPet=           0   tid=           0   slice=           2   i=          18
 OCN test write, localPet=           0   tid=           0   slice=           2   i=          19
 OCN test write, localPet=           0   tid=           0   slice=           2   i=          20
 OCN test write, localPet=           0   tid=           0   slice=           2   i=          21
 OCN test write, localPet=           0   tid=           0   slice=           2   i=          22
 OCN test write, localPet=           0   tid=           0   slice=           2   i=          23
 OCN test write, localPet=           0   tid=           0   slice=           2   i=          24
 OCN test write, localPet=           0   tid=           0   slice=           2   i=          25
 OCN test write, localPet=           0   tid=           0   slice=           2   i=          26
 OCN test write, localPet=           0   tid=           0   slice=           2   i=          27
 OCN test write, localPet=           0   tid=           0   slice=           2   i=          28
 OCN test write, localPet=           0   tid=           0   slice=           2   i=          29
 OCN test write, localPet=           0   tid=           0   slice=           2   i=          30
 OCN test write, localPet=           0   tid=           0   slice=           2   i=          31
 OCN test write, localPet=           0   tid=           0   slice=           2   i=          32
 OCN test write, localPet=           0   tid=           0   slice=           2   i=          33
 OCN test write, localPet=           0   tid=           0   slice=           2   i=          34
 OCN test write, localPet=           0   tid=           0   slice=           2   i=          35
 OCN test write, localPet=           0   tid=           0   slice=           2   i=          36
 OCN test write, localPet=           0   tid=           0   slice=           2   i=          37
 OCN test write, localPet=           0   tid=           0   slice=           2   i=          38
 OCN test write, localPet=           0   tid=           0   slice=           2   i=          39
 OCN test write, localPet=           0   tid=           0   slice=           2   i=          40
 OCN test write, localPet=           0   tid=           0   slice=           2   i=          41
 OCN test write, localPet=           0   tid=           0   slice=           2   i=          42
 OCN test write, localPet=           0   tid=           0   slice=           2   i=          43
 OCN test write, localPet=           0   tid=           0   slice=           2   i=          44
 OCN test write, localPet=           0   tid=           0   slice=           2   i=          45
 OCN test write, localPet=           0   tid=           0   slice=           2   i=          46
 OCN test write, localPet=           0   tid=           0   slice=           2   i=          47
 OCN test write, localPet=           0   tid=           0   slice=           2   i=          48
 OCN test write, localPet=           0   tid=           0   slice=           2   i=          49
 OCN test write, localPet=           0   tid=           0   slice=           2   i=          50
 OCN test write, localPet=           0   tid=           1   slice=           2   i=          59
 OCN test write, localPet=           0   tid=           1   slice=           2   i=          60
 OCN test write, localPet=           0   tid=           1   slice=           2   i=          61
 OCN test write, localPet=           0   tid=           1   slice=           2   i=          62
 OCN test write, localPet=           0   tid=           1   slice=           2   i=          63
 OCN test write, localPet=           0   tid=           1   slice=           2   i=          64
 OCN test write, localPet=           0   tid=           1   slice=           2   i=          65
 OCN test write, localPet=           0   tid=           1   slice=           2   i=          66
 OCN test write, localPet=           0   tid=           1   slice=           2   i=          67
 OCN test write, localPet=           0   tid=           1   slice=           2   i=          68
 OCN test write, localPet=           0   tid=           1   slice=           2   i=          69
 OCN test write, localPet=           0   tid=           1   slice=           2   i=          70
 OCN test write, localPet=           0   tid=           1   slice=           2   i=          71
 OCN test write, localPet=           0   tid=           1   slice=           2   i=          72
 OCN test write, localPet=           0   tid=           1   slice=           2   i=          73
 OCN test write, localPet=           0   tid=           1   slice=           2   i=          74
 OCN test write, localPet=           0   tid=           1   slice=           2   i=          75
 OCN test write, localPet=           0   tid=           1   slice=           2   i=          76
 OCN test write, localPet=           0   tid=           1   slice=           2   i=          77
 OCN test write, localPet=           0   tid=           1   slice=           2   i=          78
 OCN test write, localPet=           0   tid=           1   slice=           2   i=          79
 OCN test write, localPet=           0   tid=           1   slice=           2   i=          80
 OCN test write, localPet=           0   tid=           1   slice=           2   i=          81
 OCN test write, localPet=           0   tid=           1   slice=           2   i=          82
 OCN test write, localPet=           0   tid=           1   slice=           2   i=          83
 OCN test write, localPet=           0   tid=           1   slice=           2   i=          84
 OCN test write, localPet=           0   tid=           1   slice=           2   i=          85
 OCN test write, localPet=           0   tid=           1   slice=           2   i=          86
 OCN test write, localPet=           0   tid=           1   slice=           2   i=          87
 OCN test write, localPet=           0   tid=           1   slice=           2   i=          88
 OCN test write, localPet=           0   tid=           1   slice=           2   i=          89
 OCN test write, localPet=           0   tid=           1   slice=           2   i=          90
 OCN test write, localPet=           0   tid=           1   slice=           2   i=          91
 OCN test write, localPet=           0   tid=           1   slice=           2   i=          92
 OCN test write, localPet=           0   tid=           1   slice=           2   i=          93
 OCN test write, localPet=           0   tid=           1   slice=           2   i=          94
 OCN test write, localPet=           0   tid=           1   slice=           2   i=          95
 OCN test write, localPet=           0   tid=           1   slice=           2   i=          96
 OCN test write, localPet=           0   tid=           1   slice=           2   i=          97
 OCN test write, localPet=           0   tid=           1   slice=           2   i=          98
 OCN test write, localPet=           0   tid=           1   slice=           2   i=          99
 OCN test write, localPet=           0   tid=           1   slice=           2   i=         100
 OCN test write, localPet=           0   tid=           1   slice=           3   i=          51
 OCN test write, localPet=           0   tid=           1   slice=           3   i=          52
 OCN test write, localPet=           0   tid=           1   slice=           3   i=          53
 OCN test write, localPet=           0   tid=           0   slice=           3   i=           1
 OCN test write, localPet=           0   tid=           0   slice=           3   i=           2
 OCN test write, localPet=           0   tid=           0   slice=           3   i=           3
 OCN test write, localPet=           0   tid=           0   slice=           3   i=           4
 OCN test write, localPet=           0   tid=           0   slice=           3   i=           5
 OCN test write, localPet=           0   tid=           0   slice=           3   i=           6
 OCN test write, localPet=           0   tid=           0   slice=           3   i=           7
 OCN test write, localPet=           0   tid=           0   slice=           3   i=           8
 OCN test write, localPet=           0   tid=           0   slice=           3   i=           9
 OCN test write, localPet=           0   tid=           0   slice=           3   i=          10
 OCN test write, localPet=           0   tid=           0   slice=           3   i=          11
 OCN test write, localPet=           0   tid=           0   slice=           3   i=          12
 OCN test write, localPet=           0   tid=           0   slice=           3   i=          13
 OCN test write, localPet=           0   tid=           0   slice=           3   i=          14
 OCN test write, localPet=           0   tid=           0   slice=           3   i=          15
 OCN test write, localPet=           0   tid=           0   slice=           3   i=          16
 OCN test write, localPet=           0   tid=           0   slice=           3   i=          17
 OCN test write, localPet=           0   tid=           0   slice=           3   i=          18
 OCN test write, localPet=           0   tid=           0   slice=           3   i=          19
 OCN test write, localPet=           0   tid=           0   slice=           3   i=          20
 OCN test write, localPet=           0   tid=           0   slice=           3   i=          21
 OCN test write, localPet=           0   tid=           0   slice=           3   i=          22
 OCN test write, localPet=           0   tid=           0   slice=           3   i=          23
 OCN test write, localPet=           0   tid=           0   slice=           3   i=          24
 OCN test write, localPet=           0   tid=           0   slice=           3   i=          25
 OCN test write, localPet=           0   tid=           0   slice=           3   i=          26
 OCN test write, localPet=           0   tid=           0   slice=           3   i=          27
 OCN test write, localPet=           0   tid=           0   slice=           3   i=          28
 OCN test write, localPet=           0   tid=           0   slice=           3   i=          29
 OCN test write, localPet=           0   tid=           0   slice=           3   i=          30
 OCN test write, localPet=           0   tid=           0   slice=           3   i=          31
 OCN test write, localPet=           0   tid=           0   slice=           3   i=          32
 OCN test write, localPet=           0   tid=           0   slice=           3   i=          33
 OCN test write, localPet=           0   tid=           0   slice=           3   i=          34
 OCN test write, localPet=           0   tid=           0   slice=           3   i=          35
 OCN test write, localPet=           0   tid=           0   slice=           3   i=          36
 OCN test write, localPet=           0   tid=           0   slice=           3   i=          37
 OCN test write, localPet=           0   tid=           0   slice=           3   i=          38
 OCN test write, localPet=           0   tid=           0   slice=           3   i=          39
 OCN test write, localPet=           0   tid=           0   slice=           3   i=          40
 OCN test write, localPet=           0   tid=           0   slice=           3   i=          41
 OCN test write, localPet=           0   tid=           0   slice=           3   i=          42
 OCN test write, localPet=           0   tid=           0   slice=           3   i=          43
 OCN test write, localPet=           0   tid=           0   slice=           3   i=          44
 OCN test write, localPet=           0   tid=           0   slice=           3   i=          45
 OCN test write, localPet=           0   tid=           0   slice=           3   i=          46
 OCN test write, localPet=           0   tid=           0   slice=           3   i=          47
 OCN test write, localPet=           0   tid=           0   slice=           3   i=          48
 OCN test write, localPet=           0   tid=           0   slice=           3   i=          49
 OCN test write, localPet=           0   tid=           0   slice=           3   i=          50
 OCN test write, localPet=           0   tid=           1   slice=           3   i=          54
 OCN test write, localPet=           0   tid=           1   slice=           3   i=          55
 OCN test write, localPet=           0   tid=           1   slice=           3   i=          56
 OCN test write, localPet=           0   tid=           1   slice=           3   i=          57
 OCN test write, localPet=           0   tid=           1   slice=           3   i=          58
 OCN test write, localPet=           0   tid=           1   slice=           3   i=          59
 OCN test write, localPet=           0   tid=           1   slice=           3   i=          60
 OCN test write, localPet=           0   tid=           1   slice=           3   i=          61
 OCN test write, localPet=           0   tid=           1   slice=           3   i=          62
 OCN test write, localPet=           0   tid=           1   slice=           3   i=          63
 OCN test write, localPet=           0   tid=           1   slice=           3   i=          64
 OCN test write, localPet=           0   tid=           1   slice=           3   i=          65
 OCN test write, localPet=           0   tid=           1   slice=           3   i=          66
 OCN test write, localPet=           0   tid=           1   slice=           3   i=          67
 OCN test write, localPet=           0   tid=           1   slice=           3   i=          68
 OCN test write, localPet=           0   tid=           1   slice=           3   i=          69
 OCN test write, localPet=           0   tid=           1   slice=           3   i=          70
 OCN test write, localPet=           0   tid=           1   slice=           3   i=          71
 OCN test write, localPet=           0   tid=           1   slice=           3   i=          72
 OCN test write, localPet=           0   tid=           1   slice=           3   i=          73
 OCN test write, localPet=           0   tid=           1   slice=           3   i=          74
 OCN test write, localPet=           0   tid=           1   slice=           3   i=          75
 OCN test write, localPet=           0   tid=           1   slice=           3   i=          76
 OCN test write, localPet=           0   tid=           1   slice=           3   i=          77
 OCN test write, localPet=           0   tid=           1   slice=           3   i=          78
 OCN test write, localPet=           0   tid=           1   slice=           3   i=          79
 OCN test write, localPet=           0   tid=           1   slice=           3   i=          80
 OCN test write, localPet=           0   tid=           1   slice=           3   i=          81
 OCN test write, localPet=           0   tid=           1   slice=           3   i=          82
 OCN test write, localPet=           0   tid=           1   slice=           3   i=          83
 OCN test write, localPet=           0   tid=           1   slice=           3   i=          84
 OCN test write, localPet=           0   tid=           1   slice=           3   i=          85
 OCN test write, localPet=           0   tid=           1   slice=           3   i=          86
 OCN test write, localPet=           0   tid=           1   slice=           3   i=          87
 OCN test write, localPet=           0   tid=           1   slice=           3   i=          88
 OCN test write, localPet=           0   tid=           1   slice=           3   i=          89
 OCN test write, localPet=           0   tid=           1   slice=           3   i=          90
 OCN test write, localPet=           0   tid=           1   slice=           3   i=          91
 OCN test write, localPet=           0   tid=           1   slice=           3   i=          92
 OCN test write, localPet=           0   tid=           1   slice=           3   i=          93
 OCN test write, localPet=           0   tid=           1   slice=           3   i=          94
 OCN test write, localPet=           0   tid=           1   slice=           3   i=          95
 OCN test write, localPet=           0   tid=           1   slice=           3   i=          96
 OCN test write, localPet=           0   tid=           1   slice=           3   i=          97
 OCN test write, localPet=           0   tid=           1   slice=           3   i=          98
 OCN test write, localPet=           0   tid=           1   slice=           3   i=          99
 OCN test write, localPet=           0   tid=           1   slice=           3   i=         100
#0  0x2b91ef36e3ff in ???
#1  0x2b91eb227014 in _ZN5ESMCI3XXE20exec_psssDstRraSuperIfddEEvPT_PiPT0_PT1_S4_iiiiiiS4_S4_
	at /scratch2/NCEPDEV/stmp1/Gerhard.Theurich/ESMF-Nightly-Testing/gfortran_9.2.0_openmpi_g_feature_bopt_g_flags/esmf/src/Infrastructure/DELayout/src/ESMCI_DELayout.C:6620
#2  0x2b91eb1cc543 in _ZN5ESMCI3XXE10psssDstRraIfddEEvPT_NS0_4TKIdEPiPT0_S4_PT1_S5_S4_iiiiiiiS5_S5_b
	at /scratch2/NCEPDEV/stmp1/Gerhard.Theurich/ESMF-Nightly-Testing/gfortran_9.2.0_openmpi_g_feature_bopt_g_flags/esmf/src/Infrastructure/DELayout/src/ESMCI_DELayout.C:6529
#3  0x2b91eb176dfe in _ZN5ESMCI3XXE10psssDstRraIfdiEEvPT_NS0_4TKIdEPiPT0_S4_PT1_S5_S4_iiiiiiiS5_S5_b
	at /scratch2/NCEPDEV/stmp1/Gerhard.Theurich/ESMF-Nightly-Testing/gfortran_9.2.0_openmpi_g_feature_bopt_g_flags/esmf/src/Infrastructure/DELayout/src/ESMCI_DELayout.C:6503
#4  0x2b91eb14be33 in _ZN5ESMCI3XXE10psssDstRraIfiiEEvPT_NS0_4TKIdEPiPT0_S4_PT1_S5_S4_iiiiiiiS5_S5_b
	at /scratch2/NCEPDEV/stmp1/Gerhard.Theurich/ESMF-Nightly-Testing/gfortran_9.2.0_openmpi_g_feature_bopt_g_flags/esmf/src/Infrastructure/DELayout/src/ESMCI_DELayout.C:6463
#5  0x2b91eb13f1f9 in ???
#6  0x2b91eb132e3b in _ZN5ESMCI3XXE4execEiPPcPiiPbS4_PdiiS3_PNS0_10SuperVectPE
	at /scratch2/NCEPDEV/stmp1/Gerhard.Theurich/ESMF-Nightly-Testing/gfortran_9.2.0_openmpi_g_feature_bopt_g_flags/esmf/src/Infrastructure/DELayout/src/ESMCI_DELayout.C:4842
#7  0x2b91eb13209c in _ZN5ESMCI3XXE4execEiPPcPiiPbS4_PdiiS3_PNS0_10SuperVectPE
	at /scratch2/NCEPDEV/stmp1/Gerhard.Theurich/ESMF-Nightly-Testing/gfortran_9.2.0_openmpi_g_feature_bopt_g_flags/esmf/src/Infrastructure/DELayout/src/ESMCI_DELayout.C:4410
#8  0x2b91eb1341a4 in _ZN5ESMCI3XXE4execEiPPcPiiPbS4_PdiiS3_PNS0_10SuperVectPE
	at /scratch2/NCEPDEV/stmp1/Gerhard.Theurich/ESMF-Nightly-Testing/gfortran_9.2.0_openmpi_g_feature_bopt_g_flags/esmf/src/Infrastructure/DELayout/src/ESMCI_DELayout.C:5410
#9  0x2b91eb1341a4 in _ZN5ESMCI3XXE4execEiPPcPiiPbS4_PdiiS3_PNS0_10SuperVectPE
	at /scratch2/NCEPDEV/stmp1/Gerhard.Theurich/ESMF-Nightly-Testing/gfortran_9.2.0_openmpi_g_feature_bopt_g_flags/esmf/src/Infrastructure/DELayout/src/ESMCI_DELayout.C:5410
#10  0x2b91eb09fc47 in _ZN5ESMCI11ArrayBundle12sparseMatMulEPS0_S1_PPNS_11RouteHandleEP16ESMC_Region_FlagiP19ESMC_TermOrder_Flagibb
	at /scratch2/NCEPDEV/stmp1/Gerhard.Theurich/ESMF-Nightly-Testing/gfortran_9.2.0_openmpi_g_feature_bopt_g_flags/esmf/src/Infrastructure/ArrayBundle/src/ESMCI_ArrayBundle.C:1683
#11  0x2b91eb0ad2e4 in c_esmc_arraybundlesmm_
	at /scratch2/NCEPDEV/stmp1/Gerhard.Theurich/ESMF-Nightly-Testing/gfortran_9.2.0_openmpi_g_feature_bopt_g_flags/esmf/src/Infrastructure/ArrayBundle/interface/ESMCI_ArrayBundle_F.C:726
#12  0x2b91eb76f200 in __esmf_arraybundlemod_MOD_esmf_arraybundlesmm
	at /scratch2/NCEPDEV/stmp1/Gerhard.Theurich/ESMF-Nightly-Testing/gfortran_9.2.0_openmpi_g_feature_bopt_g_flags/esmf/src/Infrastructure/ArrayBundle/interface/ESMF_ArrayBundle.F90:2949
#13  0x2b91ebb0ce09 in __esmf_fieldbundlemod_MOD_esmf_fieldbundlesmm
	at /scratch2/NCEPDEV/stmp1/Gerhard.Theurich/ESMF-Nightly-Testing/gfortran_9.2.0_openmpi_g_feature_bopt_g_flags/esmf/src/Infrastructure/FieldBundle/src/ESMF_FieldBundle.F90:16926
#14  0x2b91ec53d56e in run
	at /scratch2/NCEPDEV/stmp1/Gerhard.Theurich/ESMF-Nightly-Testing/gfortran_9.2.0_openmpi_g_feature_bopt_g_flags/esmf/src/addon/NUOPC/src/NUOPC_Connector.F90:6395
#15  0x2b91eb2ee197 in _ZN5ESMCI6FTable12callVFuncPtrEPKcPNS_2VMEPi
	at /scratch2/NCEPDEV/stmp1/Gerhard.Theurich/ESMF-Nightly-Testing/gfortran_9.2.0_openmpi_g_feature_bopt_g_flags/esmf/src/Superstructure/Component/src/ESMCI_FTable.C:2167
#16  0x2b91eb2eb2ce in ESMCI_FTableCallEntryPointVMHop
	at /scratch2/NCEPDEV/stmp1/Gerhard.Theurich/ESMF-Nightly-Testing/gfortran_9.2.0_openmpi_g_feature_bopt_g_flags/esmf/src/Superstructure/Component/src/ESMCI_FTable.C:824
#17  0x2b91eb6c28b2 in _ZN5ESMCI3VMK5enterEPNS_7VMKPlanEPvS3_
	at /scratch2/NCEPDEV/stmp1/Gerhard.Theurich/ESMF-Nightly-Testing/gfortran_9.2.0_openmpi_g_feature_bopt_g_flags/esmf/src/Infrastructure/VM/src/ESMCI_VMKernel.C:2321
#18  0x2b91eb6adb58 in _ZN5ESMCI2VM5enterEPNS_6VMPlanEPvS3_
	at /scratch2/NCEPDEV/stmp1/Gerhard.Theurich/ESMF-Nightly-Testing/gfortran_9.2.0_openmpi_g_feature_bopt_g_flags/esmf/src/Infrastructure/VM/src/ESMCI_VM.C:1216
#19  0x2b91eb2eb764 in c_esmc_ftablecallentrypointvm_
	at /scratch2/NCEPDEV/stmp1/Gerhard.Theurich/ESMF-Nightly-Testing/gfortran_9.2.0_openmpi_g_feature_bopt_g_flags/esmf/src/Superstructure/Component/src/ESMCI_FTable.C:981
#20  0x2b91eba944f6 in __esmf_compmod_MOD_esmf_compexecute
	at /scratch2/NCEPDEV/stmp1/Gerhard.Theurich/ESMF-Nightly-Testing/gfortran_9.2.0_openmpi_g_feature_bopt_g_flags/esmf/src/Superstructure/Component/src/ESMF_Comp.F90:1225
#21  0x2b91ebacf396 in __esmf_cplcompmod_MOD_esmf_cplcomprun
	at /scratch2/NCEPDEV/stmp1/Gerhard.Theurich/ESMF-Nightly-Testing/gfortran_9.2.0_openmpi_g_feature_bopt_g_flags/esmf/src/Superstructure/Component/src/ESMF_CplComp.F90:1651
#22  0x2b91ec600737 in routine_executecplcomp
	at /scratch2/NCEPDEV/stmp1/Gerhard.Theurich/ESMF-Nightly-Testing/gfortran_9.2.0_openmpi_g_feature_bopt_g_flags/esmf/src/addon/NUOPC/src/NUOPC_Driver.F90:3726
#23  0x2b91ec5fe09a in executerunsequence
	at /scratch2/NCEPDEV/stmp1/Gerhard.Theurich/ESMF-Nightly-Testing/gfortran_9.2.0_openmpi_g_feature_bopt_g_flags/esmf/src/addon/NUOPC/src/NUOPC_Driver.F90:3910
#24  0x2b91eb5f7e4f in _ZNK5ESMCI13MethodElement7executeEPvPi
	at /scratch2/NCEPDEV/stmp1/Gerhard.Theurich/ESMF-Nightly-Testing/gfortran_9.2.0_openmpi_g_feature_bopt_g_flags/esmf/src/Superstructure/Component/src/ESMCI_MethodTable.C:377
#25  0x2b91eb5f8d1f in _ZN5ESMCI11MethodTable7executeENSt7__cxx1112basic_stringIcSt11char_traitsIcESaIcEEEPvPiPb
	at /scratch2/NCEPDEV/stmp1/Gerhard.Theurich/ESMF-Nightly-Testing/gfortran_9.2.0_openmpi_g_feature_bopt_g_flags/esmf/src/Superstructure/Component/src/ESMCI_MethodTable.C:563
#26  0x2b91eb5f7a61 in c_esmc_methodtableexecute_
	at /scratch2/NCEPDEV/stmp1/Gerhard.Theurich/ESMF-Nightly-Testing/gfortran_9.2.0_openmpi_g_feature_bopt_g_flags/esmf/src/Superstructure/Component/src/ESMCI_MethodTable.C:317
#27  0x2b91eb8ef7cc in __esmf_attachmethodsmod_MOD_esmf_methodgridcompexecute
	at /scratch2/NCEPDEV/stmp1/Gerhard.Theurich/ESMF-Nightly-Testing/gfortran_9.2.0_openmpi_g_feature_bopt_g_flags/esmf/src/Superstructure/AttachMethods/src/ESMF_AttachMethods.F90:1288
#28  0x2b91ec604946 in __nuopc_driver_MOD_routine_run
	at /scratch2/NCEPDEV/stmp1/Gerhard.Theurich/ESMF-Nightly-Testing/gfortran_9.2.0_openmpi_g_feature_bopt_g_flags/esmf/src/addon/NUOPC/src/NUOPC_Driver.F90:3610
#29  0x2b91eb2ee197 in _ZN5ESMCI6FTable12callVFuncPtrEPKcPNS_2VMEPi
	at /scratch2/NCEPDEV/stmp1/Gerhard.Theurich/ESMF-Nightly-Testing/gfortran_9.2.0_openmpi_g_feature_bopt_g_flags/esmf/src/Superstructure/Component/src/ESMCI_FTable.C:2167
#30  0x2b91eb2eb2ce in ESMCI_FTableCallEntryPointVMHop
	at /scratch2/NCEPDEV/stmp1/Gerhard.Theurich/ESMF-Nightly-Testing/gfortran_9.2.0_openmpi_g_feature_bopt_g_flags/esmf/src/Superstructure/Component/src/ESMCI_FTable.C:824
#31  0x2b91eb6c28b2 in _ZN5ESMCI3VMK5enterEPNS_7VMKPlanEPvS3_
	at /scratch2/NCEPDEV/stmp1/Gerhard.Theurich/ESMF-Nightly-Testing/gfortran_9.2.0_openmpi_g_feature_bopt_g_flags/esmf/src/Infrastructure/VM/src/ESMCI_VMKernel.C:2321
#32  0x2b91eb6adb58 in _ZN5ESMCI2VM5enterEPNS_6VMPlanEPvS3_
	at /scratch2/NCEPDEV/stmp1/Gerhard.Theurich/ESMF-Nightly-Testing/gfortran_9.2.0_openmpi_g_feature_bopt_g_flags/esmf/src/Infrastructure/VM/src/ESMCI_VM.C:1216
#33  0x2b91eb2eb764 in c_esmc_ftablecallentrypointvm_
	at /scratch2/NCEPDEV/stmp1/Gerhard.Theurich/ESMF-Nightly-Testing/gfortran_9.2.0_openmpi_g_feature_bopt_g_flags/esmf/src/Superstructure/Component/src/ESMCI_FTable.C:981
#34  0x2b91eba944f6 in __esmf_compmod_MOD_esmf_compexecute
	at /scratch2/NCEPDEV/stmp1/Gerhard.Theurich/ESMF-Nightly-Testing/gfortran_9.2.0_openmpi_g_feature_bopt_g_flags/esmf/src/Superstructure/Component/src/ESMF_Comp.F90:1225
#35  0x2b91ec06de5f in __esmf_gridcompmod_MOD_esmf_gridcomprun
	at /scratch2/NCEPDEV/stmp1/Gerhard.Theurich/ESMF-Nightly-Testing/gfortran_9.2.0_openmpi_g_feature_bopt_g_flags/esmf/src/Superstructure/Component/src/ESMF_GridComp.F90:1899
#36  0x4035f1 in esmapp
	at /scratch2/NCEPDEV/stmp1/Gerhard.Theurich/ESMF-Nightly-Testing/gfortran_9.2.0_openmpi_g_feature_bopt_g_flags/nuopc-app-prototypes/AtmOcnTransferMeshProto/esmApp.F90:90
#37  0x40393e in main
	at /scratch2/NCEPDEV/stmp1/Gerhard.Theurich/ESMF-Nightly-Testing/gfortran_9.2.0_openmpi_g_feature_bopt_g_flags/nuopc-app-prototypes/AtmOcnTransferMeshProto/esmApp.F90:17
srun: error: h18c35: task 0: Floating point exception (core dumped)
srun: launch/slurm: _step_signal: Terminating StepId=45835517.376
slurmstepd: error: *** STEP 45835517.376 ON h18c35 CANCELLED AT 2023-06-09T08:00:02 ***
srun: error: h18c35: tasks 1-3: Terminated
srun: Force Terminated StepId=45835517.376
