2023-05-03 04:24:17
20230503 055330.924 INFO             PET0 !!!!!!!!!!!!!!!!!!!!!!!!!!!!!!!!!!!!!!!!!!!!!!!!!!!!!!
20230503 055330.925 INFO             PET0 !!! THE ESMF_LOG IS SET TO OUTPUT ALL LOG MESSAGES !!!
20230503 055330.925 INFO             PET0 !!!     THIS MAY CAUSE SLOWDOWN IN PERFORMANCE     !!!
20230503 055330.925 INFO             PET0 !!! FOR PRODUCTION RUNS, USE:                      !!!
20230503 055330.925 INFO             PET0 !!!                   ESMF_LOGKIND_Multi_On_Error  !!!
20230503 055330.925 INFO             PET0 !!!!!!!!!!!!!!!!!!!!!!!!!!!!!!!!!!!!!!!!!!!!!!!!!!!!!!
20230503 055330.925 INFO             PET0 Running with ESMF Version   : v8.5.0b20
20230503 055330.925 INFO             PET0 ESMF library build date/time: "May  3 2023" "04:21:03"
20230503 055330.925 INFO             PET0 ESMF library build location : /lfs4/HFIP/hfv3gfs/Mark.Potts/esmf-tests/nvhpc_22.2_intelmpi_g_develop/esmf
20230503 055330.925 INFO             PET0 ESMF_COMM                   : intelmpi
20230503 055330.925 INFO             PET0 ESMF_MOAB                   : enabled
20230503 055330.925 INFO             PET0 ESMF_LAPACK                 : enabled
20230503 055330.925 INFO             PET0 ESMF_NETCDF                 : disabled
20230503 055330.925 INFO             PET0 ESMF_PNETCDF                : disabled
20230503 055330.925 INFO             PET0 ESMF_PIO                    : disabled
20230503 055330.925 INFO             PET0 ESMF_YAMLCPP                : enabled
20230503 055331.113 INFO             PET0 ESMF_FieldRedistStoreNF(): Just entered routine.
20230503 055331.523 INFO             PET0 ESMF_FieldRedistStoreNF(): Leaving routine.
20230503 055331.526 INFO             PET0  NUMBER_OF_PROCESSORS            4
20230503 055331.527 INFO             PET0  PASS  Example ESMF_RHandleFromRHandleEx, ESMF_RHandleFromRHandleEx.F90, line 660
20230503 055331.527 INFO             PET0 Finalizing ESMF
20230503 055330.924 INFO             PET1 !!!!!!!!!!!!!!!!!!!!!!!!!!!!!!!!!!!!!!!!!!!!!!!!!!!!!!
20230503 055330.924 INFO             PET1 !!! THE ESMF_LOG IS SET TO OUTPUT ALL LOG MESSAGES !!!
20230503 055330.924 INFO             PET1 !!!     THIS MAY CAUSE SLOWDOWN IN PERFORMANCE     !!!
20230503 055330.924 INFO             PET1 !!! FOR PRODUCTION RUNS, USE:                      !!!
20230503 055330.924 INFO             PET1 !!!                   ESMF_LOGKIND_Multi_On_Error  !!!
20230503 055330.924 INFO             PET1 !!!!!!!!!!!!!!!!!!!!!!!!!!!!!!!!!!!!!!!!!!!!!!!!!!!!!!
20230503 055330.924 INFO             PET1 Running with ESMF Version   : v8.5.0b20
20230503 055330.924 INFO             PET1 ESMF library build date/time: "May  3 2023" "04:21:03"
20230503 055330.924 INFO             PET1 ESMF library build location : /lfs4/HFIP/hfv3gfs/Mark.Potts/esmf-tests/nvhpc_22.2_intelmpi_g_develop/esmf
20230503 055330.924 INFO             PET1 ESMF_COMM                   : intelmpi
20230503 055330.925 INFO             PET1 ESMF_MOAB                   : enabled
20230503 055330.925 INFO             PET1 ESMF_LAPACK                 : enabled
20230503 055330.925 INFO             PET1 ESMF_NETCDF                 : disabled
20230503 055330.925 INFO             PET1 ESMF_PNETCDF                : disabled
20230503 055330.925 INFO             PET1 ESMF_PIO                    : disabled
20230503 055330.925 INFO             PET1 ESMF_YAMLCPP                : enabled
20230503 055331.113 INFO             PET1 ESMF_FieldRedistStoreNF(): Just entered routine.
20230503 055331.523 INFO             PET1 ESMF_FieldRedistStoreNF(): Leaving routine.
20230503 055331.526 INFO             PET1  NUMBER_OF_PROCESSORS            4
20230503 055331.527 INFO             PET1  PASS  Example ESMF_RHandleFromRHandleEx, ESMF_RHandleFromRHandleEx.F90, line 660
20230503 055331.527 INFO             PET1 Finalizing ESMF
20230503 055330.924 INFO             PET2 !!!!!!!!!!!!!!!!!!!!!!!!!!!!!!!!!!!!!!!!!!!!!!!!!!!!!!
20230503 055330.924 INFO             PET2 !!! THE ESMF_LOG IS SET TO OUTPUT ALL LOG MESSAGES !!!
20230503 055330.924 INFO             PET2 !!!     THIS MAY CAUSE SLOWDOWN IN PERFORMANCE     !!!
20230503 055330.924 INFO             PET2 !!! FOR PRODUCTION RUNS, USE:                      !!!
20230503 055330.924 INFO             PET2 !!!                   ESMF_LOGKIND_Multi_On_Error  !!!
20230503 055330.924 INFO             PET2 !!!!!!!!!!!!!!!!!!!!!!!!!!!!!!!!!!!!!!!!!!!!!!!!!!!!!!
20230503 055330.924 INFO             PET2 Running with ESMF Version   : v8.5.0b20
20230503 055330.924 INFO             PET2 ESMF library build date/time: "May  3 2023" "04:21:03"
20230503 055330.924 INFO             PET2 ESMF library build location : /lfs4/HFIP/hfv3gfs/Mark.Potts/esmf-tests/nvhpc_22.2_intelmpi_g_develop/esmf
20230503 055330.924 INFO             PET2 ESMF_COMM                   : intelmpi
20230503 055330.925 INFO             PET2 ESMF_MOAB                   : enabled
20230503 055330.925 INFO             PET2 ESMF_LAPACK                 : enabled
20230503 055330.925 INFO             PET2 ESMF_NETCDF                 : disabled
20230503 055330.925 INFO             PET2 ESMF_PNETCDF                : disabled
20230503 055330.925 INFO             PET2 ESMF_PIO                    : disabled
20230503 055330.925 INFO             PET2 ESMF_YAMLCPP                : enabled
20230503 055331.113 INFO             PET2 ESMF_FieldRedistStoreNF(): Just entered routine.
20230503 055331.523 INFO             PET2 ESMF_FieldRedistStoreNF(): Leaving routine.
20230503 055331.527 INFO             PET2  NUMBER_OF_PROCESSORS            4
20230503 055331.527 INFO             PET2  PASS  Example ESMF_RHandleFromRHandleEx, ESMF_RHandleFromRHandleEx.F90, line 660
20230503 055331.527 INFO             PET2 Finalizing ESMF
20230503 055330.923 INFO             PET3 !!!!!!!!!!!!!!!!!!!!!!!!!!!!!!!!!!!!!!!!!!!!!!!!!!!!!!
20230503 055330.924 INFO             PET3 !!! THE ESMF_LOG IS SET TO OUTPUT ALL LOG MESSAGES !!!
20230503 055330.924 INFO             PET3 !!!     THIS MAY CAUSE SLOWDOWN IN PERFORMANCE     !!!
20230503 055330.924 INFO             PET3 !!! FOR PRODUCTION RUNS, USE:                      !!!
20230503 055330.924 INFO             PET3 !!!                   ESMF_LOGKIND_Multi_On_Error  !!!
20230503 055330.924 INFO             PET3 !!!!!!!!!!!!!!!!!!!!!!!!!!!!!!!!!!!!!!!!!!!!!!!!!!!!!!
20230503 055330.924 INFO             PET3 Running with ESMF Version   : v8.5.0b20
20230503 055330.924 INFO             PET3 ESMF library build date/time: "May  3 2023" "04:21:03"
20230503 055330.924 INFO             PET3 ESMF library build location : /lfs4/HFIP/hfv3gfs/Mark.Potts/esmf-tests/nvhpc_22.2_intelmpi_g_develop/esmf
20230503 055330.924 INFO             PET3 ESMF_COMM                   : intelmpi
20230503 055330.925 INFO             PET3 ESMF_MOAB                   : enabled
20230503 055330.925 INFO             PET3 ESMF_LAPACK                 : enabled
20230503 055330.925 INFO             PET3 ESMF_NETCDF                 : disabled
20230503 055330.925 INFO             PET3 ESMF_PNETCDF                : disabled
20230503 055330.925 INFO             PET3 ESMF_PIO                    : disabled
20230503 055330.925 INFO             PET3 ESMF_YAMLCPP                : enabled
20230503 055331.113 INFO             PET3 ESMF_FieldRedistStoreNF(): Just entered routine.
20230503 055331.523 INFO             PET3 ESMF_FieldRedistStoreNF(): Leaving routine.
20230503 055331.530 INFO             PET3  NUMBER_OF_PROCESSORS            4
20230503 055331.530 INFO             PET3  PASS  Example ESMF_RHandleFromRHandleEx, ESMF_RHandleFromRHandleEx.F90, line 660
20230503 055331.530 INFO             PET3 Finalizing ESMF
