2023-05-04 20:29:30
 NUOPC_DriverPrint for PET:           0
   Model, Mediator, and Driver components, in the order
   that they were added to the Driver:
           1 :  ATM
           2 :  OCN
           3 :  MED
   Connector components, in the order
   that they were added to the Driver:
           1 :  MED-TO-OCN
           2 :  MED-TO-ATM
           3 :  OCN-TO-MED
           4 :  ATM-TO-MED
NUOPC_RunSequenceArrayPrint: element     1 out of      5
runSeq::
 runElementPrint:     -2     0     0 F T
 runElementPrint:      3     1     1 F T
 runElementPrint:     -3     0     0 F T
 runElementPrint:      3     2     1 F T
 runElementPrint:     -1    -1     0 F F
::
NUOPC_RunSequenceArrayPrint: element     2 out of      5
runSeq::
 runElementPrint:      3    -1     1 F T
 runElementPrint:      3     2     1 F T
 runElementPrint:      3     1     1 F T
 runElementPrint:      1    -1     1 F T
 runElementPrint:      2    -1     1 F T
 runElementPrint:      2     3     1 F T
 runElementPrint:      1     3     1 F T
 runElementPrint:     -2    -1     0 F F
::
NUOPC_RunSequenceArrayPrint: element     3 out of      5
runSeq::
 runElementPrint:      3    -1     1 F T
 runElementPrint:      3     1     1 F T
 runElementPrint:      3     2     1 F T
 runElementPrint:      1    -1     1 F T
 runElementPrint:      2    -1     1 F T
 runElementPrint:      1     3     1 F T
 runElementPrint:      2     3     1 F T
 runElementPrint:     -3    -1     0 F F
::
NUOPC_RunSequenceArrayPrint: element     4 out of      5
runSeq::
 runElementPrint:     -4    -1     0 F F
::
NUOPC_RunSequenceArrayPrint: element     5 out of      5
runSeq::
 runElementPrint:     -5    -1     0 F F
::
 NUOPC_DriverPrint for PET:           1
   Model, Mediator, and Driver components, in the order
   that they were added to the Driver:
           1 :  ATM
           2 :  OCN
           3 :  MED
   Connector components, in the order
   that they were added to the Driver:
           1 :  MED-TO-OCN
           2 :  MED-TO-ATM
           3 :  OCN-TO-MED
           4 :  ATM-TO-MED
NUOPC_RunSequenceArrayPrint: element     1 out of      5
runSeq::
 runElementPrint:     -2     0     0 F T
 runElementPrint:      3     1     1 F T
 runElementPrint:     -3     0     0 F T
 runElementPrint:      3     2     1 F T
 runElementPrint:     -1    -1     0 F F
::
NUOPC_RunSequenceArrayPrint: element     2 out of      5
runSeq::
 runElementPrint:      3    -1     1 F T
 runElementPrint:      3     2     1 F T
 runElementPrint:      3     1     1 F T
 runElementPrint:      1    -1     1 F T
 runElementPrint:      2    -1     1 F T
 runElementPrint:      2     3     1 F T
 runElementPrint:      1     3     1 F T
 runElementPrint:     -2    -1     0 F F
::
NUOPC_RunSequenceArrayPrint: element     3 out of      5
runSeq::
 runElementPrint:      3    -1     1 F T
 runElementPrint:      3     1     1 F T
 runElementPrint:      3     2     1 F T
 runElementPrint:      1    -1     1 F T
 runElementPrint:      2    -1     1 F T
 runElementPrint:      1     3     1 F T
 runElementPrint:      2     3     1 F T
 runElementPrint:     -3    -1     0 F F
::
NUOPC_RunSequenceArrayPrint: element     4 out of      5
runSeq::
 runElementPrint:     -4    -1     0 F F
::
NUOPC_RunSequenceArrayPrint: element     5 out of      5
runSeq::
 runElementPrint:     -5    -1     0 F F
::
 NUOPC_DriverPrint for PET:           2
   Model, Mediator, and Driver components, in the order
   that they were added to the Driver:
           1 :  ATM
           2 :  OCN
           3 :  MED
   Connector components, in the order
   that they were added to the Driver:
           1 :  MED-TO-OCN
           2 :  MED-TO-ATM
           3 :  OCN-TO-MED
           4 :  ATM-TO-MED
NUOPC_RunSequenceArrayPrint: element     1 out of      5
runSeq::
 runElementPrint:     -2     0     0 F T
 runElementPrint:      3     1     1 F T
 runElementPrint:     -3     0     0 F T
 runElementPrint:      3     2     1 F T
 runElementPrint:     -1    -1     0 F F
::
NUOPC_RunSequenceArrayPrint: element     2 out of      5
runSeq::
 runElementPrint:      3    -1     1 F T
 runElementPrint:      3     2     1 F T
 runElementPrint:      3     1     1 F T
 runElementPrint:      1    -1     1 F T
 runElementPrint:      2    -1     1 F T
 runElementPrint:      2     3     1 F T
 runElementPrint:      1     3     1 F T
 runElementPrint:     -2    -1     0 F F
::
NUOPC_RunSequenceArrayPrint: element     3 out of      5
runSeq::
 runElementPrint:      3    -1     1 F T
 runElementPrint:      3     1     1 F T
 runElementPrint:      3     2     1 F T
 runElementPrint:      1    -1     1 F T
 runElementPrint:      2    -1     1 F T
 runElementPrint:      1     3     1 F T
 runElementPrint:      2     3     1 F T
 runElementPrint:     -3    -1     0 F F
::
NUOPC_RunSequenceArrayPrint: element     4 out of      5
runSeq::
 runElementPrint:     -4    -1     0 F F
::
NUOPC_RunSequenceArrayPrint: element     5 out of      5
runSeq::
 runElementPrint:     -5    -1     0 F F
::
 NUOPC_DriverPrint for PET:           3
   Model, Mediator, and Driver components, in the order
   that they were added to the Driver:
           1 :  ATM
           2 :  OCN
           3 :  MED
   Connector components, in the order
   that they were added to the Driver:
           1 :  MED-TO-OCN
           2 :  MED-TO-ATM
           3 :  OCN-TO-MED
           4 :  ATM-TO-MED
NUOPC_RunSequenceArrayPrint: element     1 out of      5
runSeq::
 runElementPrint:     -2     0     0 F T
 runElementPrint:      3     1     1 F T
 runElementPrint:     -3     0     0 F T
 runElementPrint:      3     2     1 F T
 runElementPrint:     -1    -1     0 F F
::
NUOPC_RunSequenceArrayPrint: element     2 out of      5
runSeq::
 runElementPrint:      3    -1     1 F T
 runElementPrint:      3     2     1 F T
 runElementPrint:      3     1     1 F T
 runElementPrint:      1    -1     1 F T
 runElementPrint:      2    -1     1 F T
 runElementPrint:      2     3     1 F T
 runElementPrint:      1     3     1 F T
 runElementPrint:     -2    -1     0 F F
::
NUOPC_RunSequenceArrayPrint: element     3 out of      5
runSeq::
 runElementPrint:      3    -1     1 F T
 runElementPrint:      3     1     1 F T
 runElementPrint:      3     2     1 F T
 runElementPrint:      1    -1     1 F T
 runElementPrint:      2    -1     1 F T
 runElementPrint:      1     3     1 F T
 runElementPrint:      2     3     1 F T
 runElementPrint:     -3    -1     0 F F
::
NUOPC_RunSequenceArrayPrint: element     4 out of      5
runSeq::
 runElementPrint:     -4    -1     0 F F
::
NUOPC_RunSequenceArrayPrint: element     5 out of      5
runSeq::
 runElementPrint:     -5    -1     0 F F
::
[h25c03:91137:0:91137] Caught signal 11 (Segmentation fault: address not mapped to object at address 0x4f1b591)
[h25c03:91138:0:91138] Caught signal 11 (Segmentation fault: address not mapped to object at address 0x4f1b591)
[h25c03:91139:0:91139] Caught signal 11 (Segmentation fault: address not mapped to object at address 0x4f1b591)
[h25c03:91140:0:91140] Caught signal 11 (Segmentation fault: address not mapped to object at address 0x4f1b591)
==== backtrace (tid:  91138) ====
 0 0x000000000004d455 ucs_debug_print_backtrace()  ???:0
 1 0x0000000000531d7e ESMCI::LogErr::MsgFoundError()  /scratch2/NCEPDEV/stmp1/Gerhard.Theurich/ESMF-Nightly-Testing/intel_2022.3.0_intelmpi_O_develop/esmf/src/Infrastructure/LogErr/src/ESMCI_LogErr.C:586
 2 0x000000000065941b c_esmc_meshcreatenodedistgrid_()  /scratch2/NCEPDEV/stmp1/Gerhard.Theurich/ESMF-Nightly-Testing/intel_2022.3.0_intelmpi_O_develop/esmf/src/Infrastructure/Mesh/interface/ESMCI_Mesh_F.C:248
 3 0x0000000000e45ea2 esmf_meshmod_mp_esmf_meshcreatefrompointer_()  /scratch2/NCEPDEV/stmp1/Gerhard.Theurich/ESMF-Nightly-Testing/intel_2022.3.0_intelmpi_O_develop/esmf/src/Infrastructure/Mesh/interface/ESMF_Mesh.F90:3091
 4 0x0000000000cec056 esmf_gridutilmod_mp_esmf_gridtomesh_()  /scratch2/NCEPDEV/stmp1/Gerhard.Theurich/ESMF-Nightly-Testing/intel_2022.3.0_intelmpi_O_develop/esmf/src/Infrastructure/GridUtil/interface/ESMF_GridUtil.F90:453
 5 0x0000000000bbfb60 esmf_fieldregridmod_mp_b_or_p_gridtomesh_()  /scratch2/NCEPDEV/stmp1/Gerhard.Theurich/ESMF-Nightly-Testing/intel_2022.3.0_intelmpi_O_develop/esmf/src/Infrastructure/Field/src/ESMF_FieldRegrid.F90:3228
 6 0x0000000000bbf613 esmf_fieldregridmod_mp_getmeshwithnodesonfieldloc_()  /scratch2/NCEPDEV/stmp1/Gerhard.Theurich/ESMF-Nightly-Testing/intel_2022.3.0_intelmpi_O_develop/esmf/src/Infrastructure/Field/src/ESMF_FieldRegrid.F90:1346
 7 0x0000000000bbd863 esmf_fieldregridmod_mp_esmf_fieldregridstorenx_()  /scratch2/NCEPDEV/stmp1/Gerhard.Theurich/ESMF-Nightly-Testing/intel_2022.3.0_intelmpi_O_develop/esmf/src/Infrastructure/Field/src/ESMF_FieldRegrid.F90:971
 8 0x0000000000a41dde esmf_fieldbundlemod_mp_esmf_fieldbundleregridstorepair_()  /scratch2/NCEPDEV/stmp1/Gerhard.Theurich/ESMF-Nightly-Testing/intel_2022.3.0_intelmpi_O_develop/esmf/src/Infrastructure/FieldBundle/src/ESMF_FieldBundle.F90:16211
 9 0x000000000101cd50 nuopc_connector_mp_fieldbundlecplstore_()  /scratch2/NCEPDEV/stmp1/Gerhard.Theurich/ESMF-Nightly-Testing/intel_2022.3.0_intelmpi_O_develop/esmf/src/addon/NUOPC/src/NUOPC_Connector.F90:7714
10 0x0000000001032544 nuopc_connector_mp_initializeipdv05p6b_()  /scratch2/NCEPDEV/stmp1/Gerhard.Theurich/ESMF-Nightly-Testing/intel_2022.3.0_intelmpi_O_develop/esmf/src/addon/NUOPC/src/NUOPC_Connector.F90:5386
11 0x0000000000481ec6 ESMCI::FTable::callVFuncPtr()  /scratch2/NCEPDEV/stmp1/Gerhard.Theurich/ESMF-Nightly-Testing/intel_2022.3.0_intelmpi_O_develop/esmf/src/Superstructure/Component/src/ESMCI_FTable.C:2167
12 0x000000000048192c ESMCI_FTableCallEntryPointVMHop()  /scratch2/NCEPDEV/stmp1/Gerhard.Theurich/ESMF-Nightly-Testing/intel_2022.3.0_intelmpi_O_develop/esmf/src/Superstructure/Component/src/ESMCI_FTable.C:824
13 0x000000000071a700 ESMCI::VMK::enter()  /scratch2/NCEPDEV/stmp1/Gerhard.Theurich/ESMF-Nightly-Testing/intel_2022.3.0_intelmpi_O_develop/esmf/src/Infrastructure/VM/src/ESMCI_VMKernel.C:0
14 0x000000000070d7d8 ESMCI::VM::enter()  /scratch2/NCEPDEV/stmp1/Gerhard.Theurich/ESMF-Nightly-Testing/intel_2022.3.0_intelmpi_O_develop/esmf/src/Infrastructure/VM/src/ESMCI_VM.C:1216
15 0x00000000004825c1 c_esmc_ftablecallentrypointvm_()  /scratch2/NCEPDEV/stmp1/Gerhard.Theurich/ESMF-Nightly-Testing/intel_2022.3.0_intelmpi_O_develop/esmf/src/Superstructure/Component/src/ESMCI_FTable.C:981
16 0x00000000009a3630 esmf_compmod_mp_esmf_compexecute_()  /scratch2/NCEPDEV/stmp1/Gerhard.Theurich/ESMF-Nightly-Testing/intel_2022.3.0_intelmpi_O_develop/esmf/src/Superstructure/Component/src/ESMF_Comp.F90:1223
17 0x00000000009d0021 esmf_cplcompmod_mp_esmf_cplcompinitialize_()  /scratch2/NCEPDEV/stmp1/Gerhard.Theurich/ESMF-Nightly-Testing/intel_2022.3.0_intelmpi_O_develop/esmf/src/Superstructure/Component/src/ESMF_CplComp.F90:1165
18 0x0000000001091015 nuopc_driver_mp_loopconnectorcompss_()  /scratch2/NCEPDEV/stmp1/Gerhard.Theurich/ESMF-Nightly-Testing/intel_2022.3.0_intelmpi_O_develop/esmf/src/addon/NUOPC/src/NUOPC_Driver.F90:3023
19 0x00000000010b0971 nuopc_driver_mp_initializeipdv02p3_()  /scratch2/NCEPDEV/stmp1/Gerhard.Theurich/ESMF-Nightly-Testing/intel_2022.3.0_intelmpi_O_develop/esmf/src/addon/NUOPC/src/NUOPC_Driver.F90:2110
20 0x00000000010c32f0 nuopc_driver_mp_initializegeneric_()  /scratch2/NCEPDEV/stmp1/Gerhard.Theurich/ESMF-Nightly-Testing/intel_2022.3.0_intelmpi_O_develop/esmf/src/addon/NUOPC/src/NUOPC_Driver.F90:479
21 0x0000000000481ec6 ESMCI::FTable::callVFuncPtr()  /scratch2/NCEPDEV/stmp1/Gerhard.Theurich/ESMF-Nightly-Testing/intel_2022.3.0_intelmpi_O_develop/esmf/src/Superstructure/Component/src/ESMCI_FTable.C:2167
22 0x000000000048192c ESMCI_FTableCallEntryPointVMHop()  /scratch2/NCEPDEV/stmp1/Gerhard.Theurich/ESMF-Nightly-Testing/intel_2022.3.0_intelmpi_O_develop/esmf/src/Superstructure/Component/src/ESMCI_FTable.C:824
23 0x000000000071a700 ESMCI::VMK::enter()  /scratch2/NCEPDEV/stmp1/Gerhard.Theurich/ESMF-Nightly-Testing/intel_2022.3.0_intelmpi_O_develop/esmf/src/Infrastructure/VM/src/ESMCI_VMKernel.C:0
24 0x000000000070d7d8 ESMCI::VM::enter()  /scratch2/NCEPDEV/stmp1/Gerhard.Theurich/ESMF-Nightly-Testing/intel_2022.3.0_intelmpi_O_develop/esmf/src/Infrastructure/VM/src/ESMCI_VM.C:1216
25 0x00000000004825c1 c_esmc_ftablecallentrypointvm_()  /scratch2/NCEPDEV/stmp1/Gerhard.Theurich/ESMF-Nightly-Testing/intel_2022.3.0_intelmpi_O_develop/esmf/src/Superstructure/Component/src/ESMCI_FTable.C:981
26 0x00000000009a3630 esmf_compmod_mp_esmf_compexecute_()  /scratch2/NCEPDEV/stmp1/Gerhard.Theurich/ESMF-Nightly-Testing/intel_2022.3.0_intelmpi_O_develop/esmf/src/Superstructure/Component/src/ESMF_Comp.F90:1223
27 0x0000000000ceb391 esmf_gridcompmod_mp_esmf_gridcompinitialize_()  /scratch2/NCEPDEV/stmp1/Gerhard.Theurich/ESMF-Nightly-Testing/intel_2022.3.0_intelmpi_O_develop/esmf/src/Superstructure/Component/src/ESMF_GridComp.F90:1412
28 0x0000000000414386 MAIN__()  /scratch2/NCEPDEV/stmp1/Gerhard.Theurich/ESMF-Nightly-Testing/intel_2022.3.0_intelmpi_O_develop/nuopc-app-prototypes/AtmOcnMedIngestFromConfigProto/esmApp.F90:58
29 0x0000000000413f9d main()  ???:0
30 0x0000000000022555 __libc_start_main()  ???:0
31 0x0000000000413eb6 _start()  ???:0
=================================
==== backtrace (tid:  91140) ====
 0 0x000000000004d455 ucs_debug_print_backtrace()  ???:0
 1 0x0000000000531d7e ESMCI::LogErr::MsgFoundError()  /scratch2/NCEPDEV/stmp1/Gerhard.Theurich/ESMF-Nightly-Testing/intel_2022.3.0_intelmpi_O_develop/esmf/src/Infrastructure/LogErr/src/ESMCI_LogErr.C:586
 2 0x000000000065941b c_esmc_meshcreatenodedistgrid_()  /scratch2/NCEPDEV/stmp1/Gerhard.Theurich/ESMF-Nightly-Testing/intel_2022.3.0_intelmpi_O_develop/esmf/src/Infrastructure/Mesh/interface/ESMCI_Mesh_F.C:248
 3 0x0000000000e45ea2 esmf_meshmod_mp_esmf_meshcreatefrompointer_()  /scratch2/NCEPDEV/stmp1/Gerhard.Theurich/ESMF-Nightly-Testing/intel_2022.3.0_intelmpi_O_develop/esmf/src/Infrastructure/Mesh/interface/ESMF_Mesh.F90:3091
 4 0x0000000000cec056 esmf_gridutilmod_mp_esmf_gridtomesh_()  /scratch2/NCEPDEV/stmp1/Gerhard.Theurich/ESMF-Nightly-Testing/intel_2022.3.0_intelmpi_O_develop/esmf/src/Infrastructure/GridUtil/interface/ESMF_GridUtil.F90:453
 5 0x0000000000bbfb60 esmf_fieldregridmod_mp_b_or_p_gridtomesh_()  /scratch2/NCEPDEV/stmp1/Gerhard.Theurich/ESMF-Nightly-Testing/intel_2022.3.0_intelmpi_O_develop/esmf/src/Infrastructure/Field/src/ESMF_FieldRegrid.F90:3228
 6 0x0000000000bbf613 esmf_fieldregridmod_mp_getmeshwithnodesonfieldloc_()  /scratch2/NCEPDEV/stmp1/Gerhard.Theurich/ESMF-Nightly-Testing/intel_2022.3.0_intelmpi_O_develop/esmf/src/Infrastructure/Field/src/ESMF_FieldRegrid.F90:1346
 7 0x0000000000bbd863 esmf_fieldregridmod_mp_esmf_fieldregridstorenx_()  /scratch2/NCEPDEV/stmp1/Gerhard.Theurich/ESMF-Nightly-Testing/intel_2022.3.0_intelmpi_O_develop/esmf/src/Infrastructure/Field/src/ESMF_FieldRegrid.F90:971
 8 0x0000000000a41dde esmf_fieldbundlemod_mp_esmf_fieldbundleregridstorepair_()  /scratch2/NCEPDEV/stmp1/Gerhard.Theurich/ESMF-Nightly-Testing/intel_2022.3.0_intelmpi_O_develop/esmf/src/Infrastructure/FieldBundle/src/ESMF_FieldBundle.F90:16211
 9 0x000000000101cd50 nuopc_connector_mp_fieldbundlecplstore_()  /scratch2/NCEPDEV/stmp1/Gerhard.Theurich/ESMF-Nightly-Testing/intel_2022.3.0_intelmpi_O_develop/esmf/src/addon/NUOPC/src/NUOPC_Connector.F90:7714
10 0x0000000001032544 nuopc_connector_mp_initializeipdv05p6b_()  /scratch2/NCEPDEV/stmp1/Gerhard.Theurich/ESMF-Nightly-Testing/intel_2022.3.0_intelmpi_O_develop/esmf/src/addon/NUOPC/src/NUOPC_Connector.F90:5386
11 0x0000000000481ec6 ESMCI::FTable::callVFuncPtr()  /scratch2/NCEPDEV/stmp1/Gerhard.Theurich/ESMF-Nightly-Testing/intel_2022.3.0_intelmpi_O_develop/esmf/src/Superstructure/Component/src/ESMCI_FTable.C:2167
12 0x000000000048192c ESMCI_FTableCallEntryPointVMHop()  /scratch2/NCEPDEV/stmp1/Gerhard.Theurich/ESMF-Nightly-Testing/intel_2022.3.0_intelmpi_O_develop/esmf/src/Superstructure/Component/src/ESMCI_FTable.C:824
13 0x000000000071a700 ESMCI::VMK::enter()  /scratch2/NCEPDEV/stmp1/Gerhard.Theurich/ESMF-Nightly-Testing/intel_2022.3.0_intelmpi_O_develop/esmf/src/Infrastructure/VM/src/ESMCI_VMKernel.C:0
14 0x000000000070d7d8 ESMCI::VM::enter()  /scratch2/NCEPDEV/stmp1/Gerhard.Theurich/ESMF-Nightly-Testing/intel_2022.3.0_intelmpi_O_develop/esmf/src/Infrastructure/VM/src/ESMCI_VM.C:1216
15 0x00000000004825c1 c_esmc_ftablecallentrypointvm_()  /scratch2/NCEPDEV/stmp1/Gerhard.Theurich/ESMF-Nightly-Testing/intel_2022.3.0_intelmpi_O_develop/esmf/src/Superstructure/Component/src/ESMCI_FTable.C:981
16 0x00000000009a3630 esmf_compmod_mp_esmf_compexecute_()  /scratch2/NCEPDEV/stmp1/Gerhard.Theurich/ESMF-Nightly-Testing/intel_2022.3.0_intelmpi_O_develop/esmf/src/Superstructure/Component/src/ESMF_Comp.F90:1223
17 0x00000000009d0021 esmf_cplcompmod_mp_esmf_cplcompinitialize_()  /scratch2/NCEPDEV/stmp1/Gerhard.Theurich/ESMF-Nightly-Testing/intel_2022.3.0_intelmpi_O_develop/esmf/src/Superstructure/Component/src/ESMF_CplComp.F90:1165
18 0x0000000001091015 nuopc_driver_mp_loopconnectorcompss_()  /scratch2/NCEPDEV/stmp1/Gerhard.Theurich/ESMF-Nightly-Testing/intel_2022.3.0_intelmpi_O_develop/esmf/src/addon/NUOPC/src/NUOPC_Driver.F90:3023
19 0x00000000010b0971 nuopc_driver_mp_initializeipdv02p3_()  /scratch2/NCEPDEV/stmp1/Gerhard.Theurich/ESMF-Nightly-Testing/intel_2022.3.0_intelmpi_O_develop/esmf/src/addon/NUOPC/src/NUOPC_Driver.F90:2110
20 0x00000000010c32f0 nuopc_driver_mp_initializegeneric_()  /scratch2/NCEPDEV/stmp1/Gerhard.Theurich/ESMF-Nightly-Testing/intel_2022.3.0_intelmpi_O_develop/esmf/src/addon/NUOPC/src/NUOPC_Driver.F90:479
21 0x0000000000481ec6 ESMCI::FTable::callVFuncPtr()  /scratch2/NCEPDEV/stmp1/Gerhard.Theurich/ESMF-Nightly-Testing/intel_2022.3.0_intelmpi_O_develop/esmf/src/Superstructure/Component/src/ESMCI_FTable.C:2167
22 0x000000000048192c ESMCI_FTableCallEntryPointVMHop()  /scratch2/NCEPDEV/stmp1/Gerhard.Theurich/ESMF-Nightly-Testing/intel_2022.3.0_intelmpi_O_develop/esmf/src/Superstructure/Component/src/ESMCI_FTable.C:824
23 0x000000000071a700 ESMCI::VMK::enter()  /scratch2/NCEPDEV/stmp1/Gerhard.Theurich/ESMF-Nightly-Testing/intel_2022.3.0_intelmpi_O_develop/esmf/src/Infrastructure/VM/src/ESMCI_VMKernel.C:0
24 0x000000000070d7d8 ESMCI::VM::enter()  /scratch2/NCEPDEV/stmp1/Gerhard.Theurich/ESMF-Nightly-Testing/intel_2022.3.0_intelmpi_O_develop/esmf/src/Infrastructure/VM/src/ESMCI_VM.C:1216
25 0x00000000004825c1 c_esmc_ftablecallentrypointvm_()  /scratch2/NCEPDEV/stmp1/Gerhard.Theurich/ESMF-Nightly-Testing/intel_2022.3.0_intelmpi_O_develop/esmf/src/Superstructure/Component/src/ESMCI_FTable.C:981
26 0x00000000009a3630 esmf_compmod_mp_esmf_compexecute_()  /scratch2/NCEPDEV/stmp1/Gerhard.Theurich/ESMF-Nightly-Testing/intel_2022.3.0_intelmpi_O_develop/esmf/src/Superstructure/Component/src/ESMF_Comp.F90:1223
27 0x0000000000ceb391 esmf_gridcompmod_mp_esmf_gridcompinitialize_()  /scratch2/NCEPDEV/stmp1/Gerhard.Theurich/ESMF-Nightly-Testing/intel_2022.3.0_intelmpi_O_develop/esmf/src/Superstructure/Component/src/ESMF_GridComp.F90:1412
28 0x0000000000414386 MAIN__()  /scratch2/NCEPDEV/stmp1/Gerhard.Theurich/ESMF-Nightly-Testing/intel_2022.3.0_intelmpi_O_develop/nuopc-app-prototypes/AtmOcnMedIngestFromConfigProto/esmApp.F90:58
29 0x0000000000413f9d main()  ???:0
30 0x0000000000022555 __libc_start_main()  ???:0
31 0x0000000000413eb6 _start()  ???:0
=================================
forrtl: severe (174): SIGSEGV, segmentation fault occurred
Image              PC                Routine            Line        Source             
libpthread-2.17.s  00002B809B570630  Unknown               Unknown  Unknown
libesmf.so         00002B8097657D7E  _ZN5ESMCI6LogErr1     Unknown  Unknown
libesmf.so         00002B809777F41B  c_esmc_meshcreate     Unknown  Unknown
libesmf.so         00002B8097F6BEA2  esmf_meshmod_mp_e     Unknown  Unknown
libesmf.so         00002B8097E12056  esmf_gridutilmod_     Unknown  Unknown
libesmf.so         00002B8097CE5B60  esmf_fieldregridm     Unknown  Unknown
libesmf.so         00002B8097CE5613  esmf_fieldregridm     Unknown  Unknown
libesmf.so         00002B8097CE3863  esmf_fieldregridm     Unknown  Unknown
libesmf.so         00002B8097B67DDE  esmf_fieldbundlem     Unknown  Unknown
libesmf.so         00002B8098142D50  nuopc_connector_m     Unknown  Unknown
libesmf.so         00002B8098158544  nuopc_connector_m     Unknown  Unknown
libesmf.so         00002B80975A7EC6  _ZN5ESMCI6FTable1     Unknown  Unknown
libesmf.so         00002B80975A792C  ESMCI_FTableCallE     Unknown  Unknown
libesmf.so         00002B8097840700  _ZN5ESMCI3VMK5ent     Unknown  Unknown
libesmf.so         00002B80978337D8  _ZN5ESMCI2VM5ente     Unknown  Unknown
libesmf.so         00002B80975A85C1  c_esmc_ftablecall     Unknown  Unknown
libesmf.so         00002B8097AC9630  esmf_compmod_mp_e     Unknown  Unknown
libesmf.so         00002B8097AF6021  esmf_cplcompmod_m     Unknown  Unknown
libesmf.so         00002B80981B7015  nuopc_driver_mp_l     Unknown  Unknown
libesmf.so         00002B80981D6971  nuopc_driver_mp_i     Unknown  Unknown
libesmf.so         00002B80981E92F0  nuopc_driver_mp_i     Unknown  Unknown
libesmf.so         00002B80975A7EC6  _ZN5ESMCI6FTable1     Unknown  Unknown
libesmf.so         00002B80975A792C  ESMCI_FTableCallE     Unknown  Unknown
libesmf.so         00002B8097840700  _ZN5ESMCI3VMK5ent     Unknown  Unknown
libesmf.so         00002B80978337D8  _ZN5ESMCI2VM5ente     Unknown  Unknown
libesmf.so         00002B80975A85C1  c_esmc_ftablecall     Unknown  Unknown
libesmf.so         00002B8097AC9630  esmf_compmod_mp_e     Unknown  Unknown
libesmf.so         00002B8097E11391  esmf_gridcompmod_     Unknown  Unknown
esmApp             0000000000414386  Unknown               Unknown  Unknown
esmApp             0000000000413F9D  Unknown               Unknown  Unknown
libc-2.17.so       00002B809C3FE555  __libc_start_main     Unknown  Unknown
esmApp             0000000000413EB6  Unknown               Unknown  Unknown
forrtl: severe (174): SIGSEGV, segmentation fault occurred
Image              PC                Routine            Line        Source             
libpthread-2.17.s  00002AF1F8D6F630  Unknown               Unknown  Unknown
libesmf.so         00002AF1F4E56D7E  _ZN5ESMCI6LogErr1     Unknown  Unknown
libesmf.so         00002AF1F4F7E41B  c_esmc_meshcreate     Unknown  Unknown
libesmf.so         00002AF1F576AEA2  esmf_meshmod_mp_e     Unknown  Unknown
libesmf.so         00002AF1F5611056  esmf_gridutilmod_     Unknown  Unknown
libesmf.so         00002AF1F54E4B60  esmf_fieldregridm     Unknown  Unknown
libesmf.so         00002AF1F54E4613  esmf_fieldregridm     Unknown  Unknown
libesmf.so         00002AF1F54E2863  esmf_fieldregridm     Unknown  Unknown
libesmf.so         00002AF1F5366DDE  esmf_fieldbundlem     Unknown  Unknown
libesmf.so         00002AF1F5941D50  nuopc_connector_m     Unknown  Unknown
libesmf.so         00002AF1F5957544  nuopc_connector_m     Unknown  Unknown
libesmf.so         00002AF1F4DA6EC6  _ZN5ESMCI6FTable1     Unknown  Unknown
libesmf.so         00002AF1F4DA692C  ESMCI_FTableCallE     Unknown  Unknown
libesmf.so         00002AF1F503F700  _ZN5ESMCI3VMK5ent     Unknown  Unknown
libesmf.so         00002AF1F50327D8  _ZN5ESMCI2VM5ente     Unknown  Unknown
libesmf.so         00002AF1F4DA75C1  c_esmc_ftablecall     Unknown  Unknown
libesmf.so         00002AF1F52C8630  esmf_compmod_mp_e     Unknown  Unknown
libesmf.so         00002AF1F52F5021  esmf_cplcompmod_m     Unknown  Unknown
libesmf.so         00002AF1F59B6015  nuopc_driver_mp_l     Unknown  Unknown
libesmf.so         00002AF1F59D5971  nuopc_driver_mp_i     Unknown  Unknown
libesmf.so         00002AF1F59E82F0  nuopc_driver_mp_i     Unknown  Unknown
libesmf.so         00002AF1F4DA6EC6  _ZN5ESMCI6FTable1     Unknown  Unknown
libesmf.so         00002AF1F4DA692C  ESMCI_FTableCallE     Unknown  Unknown
libesmf.so         00002AF1F503F700  _ZN5ESMCI3VMK5ent     Unknown  Unknown
libesmf.so         00002AF1F50327D8  _ZN5ESMCI2VM5ente     Unknown  Unknown
libesmf.so         00002AF1F4DA75C1  c_esmc_ftablecall     Unknown  Unknown
libesmf.so         00002AF1F52C8630  esmf_compmod_mp_e     Unknown  Unknown
libesmf.so         00002AF1F5610391  esmf_gridcompmod_     Unknown  Unknown
esmApp             0000000000414386  Unknown               Unknown  Unknown
esmApp             0000000000413F9D  Unknown               Unknown  Unknown
libc-2.17.so       00002AF1F9BFD555  __libc_start_main     Unknown  Unknown
esmApp             0000000000413EB6  Unknown               Unknown  Unknown
==== backtrace (tid:  91137) ====
 0 0x000000000004d455 ucs_debug_print_backtrace()  ???:0
 1 0x0000000000531d7e ESMCI::LogErr::MsgFoundError()  /scratch2/NCEPDEV/stmp1/Gerhard.Theurich/ESMF-Nightly-Testing/intel_2022.3.0_intelmpi_O_develop/esmf/src/Infrastructure/LogErr/src/ESMCI_LogErr.C:586
 2 0x000000000065941b c_esmc_meshcreatenodedistgrid_()  /scratch2/NCEPDEV/stmp1/Gerhard.Theurich/ESMF-Nightly-Testing/intel_2022.3.0_intelmpi_O_develop/esmf/src/Infrastructure/Mesh/interface/ESMCI_Mesh_F.C:248
 3 0x0000000000e45ea2 esmf_meshmod_mp_esmf_meshcreatefrompointer_()  /scratch2/NCEPDEV/stmp1/Gerhard.Theurich/ESMF-Nightly-Testing/intel_2022.3.0_intelmpi_O_develop/esmf/src/Infrastructure/Mesh/interface/ESMF_Mesh.F90:3091
 4 0x0000000000cec056 esmf_gridutilmod_mp_esmf_gridtomesh_()  /scratch2/NCEPDEV/stmp1/Gerhard.Theurich/ESMF-Nightly-Testing/intel_2022.3.0_intelmpi_O_develop/esmf/src/Infrastructure/GridUtil/interface/ESMF_GridUtil.F90:453
 5 0x0000000000bbfb60 esmf_fieldregridmod_mp_b_or_p_gridtomesh_()  /scratch2/NCEPDEV/stmp1/Gerhard.Theurich/ESMF-Nightly-Testing/intel_2022.3.0_intelmpi_O_develop/esmf/src/Infrastructure/Field/src/ESMF_FieldRegrid.F90:3228
 6 0x0000000000bbf613 esmf_fieldregridmod_mp_getmeshwithnodesonfieldloc_()  /scratch2/NCEPDEV/stmp1/Gerhard.Theurich/ESMF-Nightly-Testing/intel_2022.3.0_intelmpi_O_develop/esmf/src/Infrastructure/Field/src/ESMF_FieldRegrid.F90:1346
 7 0x0000000000bbd863 esmf_fieldregridmod_mp_esmf_fieldregridstorenx_()  /scratch2/NCEPDEV/stmp1/Gerhard.Theurich/ESMF-Nightly-Testing/intel_2022.3.0_intelmpi_O_develop/esmf/src/Infrastructure/Field/src/ESMF_FieldRegrid.F90:971
 8 0x0000000000a41dde esmf_fieldbundlemod_mp_esmf_fieldbundleregridstorepair_()  /scratch2/NCEPDEV/stmp1/Gerhard.Theurich/ESMF-Nightly-Testing/intel_2022.3.0_intelmpi_O_develop/esmf/src/Infrastructure/FieldBundle/src/ESMF_FieldBundle.F90:16211
 9 0x000000000101cd50 nuopc_connector_mp_fieldbundlecplstore_()  /scratch2/NCEPDEV/stmp1/Gerhard.Theurich/ESMF-Nightly-Testing/intel_2022.3.0_intelmpi_O_develop/esmf/src/addon/NUOPC/src/NUOPC_Connector.F90:7714
10 0x0000000001032544 nuopc_connector_mp_initializeipdv05p6b_()  /scratch2/NCEPDEV/stmp1/Gerhard.Theurich/ESMF-Nightly-Testing/intel_2022.3.0_intelmpi_O_develop/esmf/src/addon/NUOPC/src/NUOPC_Connector.F90:5386
11 0x0000000000481ec6 ESMCI::FTable::callVFuncPtr()  /scratch2/NCEPDEV/stmp1/Gerhard.Theurich/ESMF-Nightly-Testing/intel_2022.3.0_intelmpi_O_develop/esmf/src/Superstructure/Component/src/ESMCI_FTable.C:2167
12 0x000000000048192c ESMCI_FTableCallEntryPointVMHop()  /scratch2/NCEPDEV/stmp1/Gerhard.Theurich/ESMF-Nightly-Testing/intel_2022.3.0_intelmpi_O_develop/esmf/src/Superstructure/Component/src/ESMCI_FTable.C:824
13 0x000000000071a700 ESMCI::VMK::enter()  /scratch2/NCEPDEV/stmp1/Gerhard.Theurich/ESMF-Nightly-Testing/intel_2022.3.0_intelmpi_O_develop/esmf/src/Infrastructure/VM/src/ESMCI_VMKernel.C:0
14 0x000000000070d7d8 ESMCI::VM::enter()  /scratch2/NCEPDEV/stmp1/Gerhard.Theurich/ESMF-Nightly-Testing/intel_2022.3.0_intelmpi_O_develop/esmf/src/Infrastructure/VM/src/ESMCI_VM.C:1216
15 0x00000000004825c1 c_esmc_ftablecallentrypointvm_()  /scratch2/NCEPDEV/stmp1/Gerhard.Theurich/ESMF-Nightly-Testing/intel_2022.3.0_intelmpi_O_develop/esmf/src/Superstructure/Component/src/ESMCI_FTable.C:981
16 0x00000000009a3630 esmf_compmod_mp_esmf_compexecute_()  /scratch2/NCEPDEV/stmp1/Gerhard.Theurich/ESMF-Nightly-Testing/intel_2022.3.0_intelmpi_O_develop/esmf/src/Superstructure/Component/src/ESMF_Comp.F90:1223
17 0x00000000009d0021 esmf_cplcompmod_mp_esmf_cplcompinitialize_()  /scratch2/NCEPDEV/stmp1/Gerhard.Theurich/ESMF-Nightly-Testing/intel_2022.3.0_intelmpi_O_develop/esmf/src/Superstructure/Component/src/ESMF_CplComp.F90:1165
18 0x0000000001091015 nuopc_driver_mp_loopconnectorcompss_()  /scratch2/NCEPDEV/stmp1/Gerhard.Theurich/ESMF-Nightly-Testing/intel_2022.3.0_intelmpi_O_develop/esmf/src/addon/NUOPC/src/NUOPC_Driver.F90:3023
19 0x00000000010b0971 nuopc_driver_mp_initializeipdv02p3_()  /scratch2/NCEPDEV/stmp1/Gerhard.Theurich/ESMF-Nightly-Testing/intel_2022.3.0_intelmpi_O_develop/esmf/src/addon/NUOPC/src/NUOPC_Driver.F90:2110
20 0x00000000010c32f0 nuopc_driver_mp_initializegeneric_()  /scratch2/NCEPDEV/stmp1/Gerhard.Theurich/ESMF-Nightly-Testing/intel_2022.3.0_intelmpi_O_develop/esmf/src/addon/NUOPC/src/NUOPC_Driver.F90:479
21 0x0000000000481ec6 ESMCI::FTable::callVFuncPtr()  /scratch2/NCEPDEV/stmp1/Gerhard.Theurich/ESMF-Nightly-Testing/intel_2022.3.0_intelmpi_O_develop/esmf/src/Superstructure/Component/src/ESMCI_FTable.C:2167
22 0x000000000048192c ESMCI_FTableCallEntryPointVMHop()  /scratch2/NCEPDEV/stmp1/Gerhard.Theurich/ESMF-Nightly-Testing/intel_2022.3.0_intelmpi_O_develop/esmf/src/Superstructure/Component/src/ESMCI_FTable.C:824
23 0x000000000071a700 ESMCI::VMK::enter()  /scratch2/NCEPDEV/stmp1/Gerhard.Theurich/ESMF-Nightly-Testing/intel_2022.3.0_intelmpi_O_develop/esmf/src/Infrastructure/VM/src/ESMCI_VMKernel.C:0
24 0x000000000070d7d8 ESMCI::VM::enter()  /scratch2/NCEPDEV/stmp1/Gerhard.Theurich/ESMF-Nightly-Testing/intel_2022.3.0_intelmpi_O_develop/esmf/src/Infrastructure/VM/src/ESMCI_VM.C:1216
25 0x00000000004825c1 c_esmc_ftablecallentrypointvm_()  /scratch2/NCEPDEV/stmp1/Gerhard.Theurich/ESMF-Nightly-Testing/intel_2022.3.0_intelmpi_O_develop/esmf/src/Superstructure/Component/src/ESMCI_FTable.C:981
26 0x00000000009a3630 esmf_compmod_mp_esmf_compexecute_()  /scratch2/NCEPDEV/stmp1/Gerhard.Theurich/ESMF-Nightly-Testing/intel_2022.3.0_intelmpi_O_develop/esmf/src/Superstructure/Component/src/ESMF_Comp.F90:1223
27 0x0000000000ceb391 esmf_gridcompmod_mp_esmf_gridcompinitialize_()  /scratch2/NCEPDEV/stmp1/Gerhard.Theurich/ESMF-Nightly-Testing/intel_2022.3.0_intelmpi_O_develop/esmf/src/Superstructure/Component/src/ESMF_GridComp.F90:1412
28 0x0000000000414386 MAIN__()  /scratch2/NCEPDEV/stmp1/Gerhard.Theurich/ESMF-Nightly-Testing/intel_2022.3.0_intelmpi_O_develop/nuopc-app-prototypes/AtmOcnMedIngestFromConfigProto/esmApp.F90:58
29 0x0000000000413f9d main()  ???:0
30 0x0000000000022555 __libc_start_main()  ???:0
31 0x0000000000413eb6 _start()  ???:0
=================================
==== backtrace (tid:  91139) ====
 0 0x000000000004d455 ucs_debug_print_backtrace()  ???:0
 1 0x0000000000531d7e ESMCI::LogErr::MsgFoundError()  /scratch2/NCEPDEV/stmp1/Gerhard.Theurich/ESMF-Nightly-Testing/intel_2022.3.0_intelmpi_O_develop/esmf/src/Infrastructure/LogErr/src/ESMCI_LogErr.C:586
 2 0x000000000065941b c_esmc_meshcreatenodedistgrid_()  /scratch2/NCEPDEV/stmp1/Gerhard.Theurich/ESMF-Nightly-Testing/intel_2022.3.0_intelmpi_O_develop/esmf/src/Infrastructure/Mesh/interface/ESMCI_Mesh_F.C:248
 3 0x0000000000e45ea2 esmf_meshmod_mp_esmf_meshcreatefrompointer_()  /scratch2/NCEPDEV/stmp1/Gerhard.Theurich/ESMF-Nightly-Testing/intel_2022.3.0_intelmpi_O_develop/esmf/src/Infrastructure/Mesh/interface/ESMF_Mesh.F90:3091
 4 0x0000000000cec056 esmf_gridutilmod_mp_esmf_gridtomesh_()  /scratch2/NCEPDEV/stmp1/Gerhard.Theurich/ESMF-Nightly-Testing/intel_2022.3.0_intelmpi_O_develop/esmf/src/Infrastructure/GridUtil/interface/ESMF_GridUtil.F90:453
 5 0x0000000000bbfb60 esmf_fieldregridmod_mp_b_or_p_gridtomesh_()  /scratch2/NCEPDEV/stmp1/Gerhard.Theurich/ESMF-Nightly-Testing/intel_2022.3.0_intelmpi_O_develop/esmf/src/Infrastructure/Field/src/ESMF_FieldRegrid.F90:3228
 6 0x0000000000bbf613 esmf_fieldregridmod_mp_getmeshwithnodesonfieldloc_()  /scratch2/NCEPDEV/stmp1/Gerhard.Theurich/ESMF-Nightly-Testing/intel_2022.3.0_intelmpi_O_develop/esmf/src/Infrastructure/Field/src/ESMF_FieldRegrid.F90:1346
 7 0x0000000000bbd863 esmf_fieldregridmod_mp_esmf_fieldregridstorenx_()  /scratch2/NCEPDEV/stmp1/Gerhard.Theurich/ESMF-Nightly-Testing/intel_2022.3.0_intelmpi_O_develop/esmf/src/Infrastructure/Field/src/ESMF_FieldRegrid.F90:971
 8 0x0000000000a41dde esmf_fieldbundlemod_mp_esmf_fieldbundleregridstorepair_()  /scratch2/NCEPDEV/stmp1/Gerhard.Theurich/ESMF-Nightly-Testing/intel_2022.3.0_intelmpi_O_develop/esmf/src/Infrastructure/FieldBundle/src/ESMF_FieldBundle.F90:16211
 9 0x000000000101cd50 nuopc_connector_mp_fieldbundlecplstore_()  /scratch2/NCEPDEV/stmp1/Gerhard.Theurich/ESMF-Nightly-Testing/intel_2022.3.0_intelmpi_O_develop/esmf/src/addon/NUOPC/src/NUOPC_Connector.F90:7714
10 0x0000000001032544 nuopc_connector_mp_initializeipdv05p6b_()  /scratch2/NCEPDEV/stmp1/Gerhard.Theurich/ESMF-Nightly-Testing/intel_2022.3.0_intelmpi_O_develop/esmf/src/addon/NUOPC/src/NUOPC_Connector.F90:5386
11 0x0000000000481ec6 ESMCI::FTable::callVFuncPtr()  /scratch2/NCEPDEV/stmp1/Gerhard.Theurich/ESMF-Nightly-Testing/intel_2022.3.0_intelmpi_O_develop/esmf/src/Superstructure/Component/src/ESMCI_FTable.C:2167
12 0x000000000048192c ESMCI_FTableCallEntryPointVMHop()  /scratch2/NCEPDEV/stmp1/Gerhard.Theurich/ESMF-Nightly-Testing/intel_2022.3.0_intelmpi_O_develop/esmf/src/Superstructure/Component/src/ESMCI_FTable.C:824
13 0x000000000071a700 ESMCI::VMK::enter()  /scratch2/NCEPDEV/stmp1/Gerhard.Theurich/ESMF-Nightly-Testing/intel_2022.3.0_intelmpi_O_develop/esmf/src/Infrastructure/VM/src/ESMCI_VMKernel.C:0
14 0x000000000070d7d8 ESMCI::VM::enter()  /scratch2/NCEPDEV/stmp1/Gerhard.Theurich/ESMF-Nightly-Testing/intel_2022.3.0_intelmpi_O_develop/esmf/src/Infrastructure/VM/src/ESMCI_VM.C:1216
15 0x00000000004825c1 c_esmc_ftablecallentrypointvm_()  /scratch2/NCEPDEV/stmp1/Gerhard.Theurich/ESMF-Nightly-Testing/intel_2022.3.0_intelmpi_O_develop/esmf/src/Superstructure/Component/src/ESMCI_FTable.C:981
16 0x00000000009a3630 esmf_compmod_mp_esmf_compexecute_()  /scratch2/NCEPDEV/stmp1/Gerhard.Theurich/ESMF-Nightly-Testing/intel_2022.3.0_intelmpi_O_develop/esmf/src/Superstructure/Component/src/ESMF_Comp.F90:1223
17 0x00000000009d0021 esmf_cplcompmod_mp_esmf_cplcompinitialize_()  /scratch2/NCEPDEV/stmp1/Gerhard.Theurich/ESMF-Nightly-Testing/intel_2022.3.0_intelmpi_O_develop/esmf/src/Superstructure/Component/src/ESMF_CplComp.F90:1165
18 0x0000000001091015 nuopc_driver_mp_loopconnectorcompss_()  /scratch2/NCEPDEV/stmp1/Gerhard.Theurich/ESMF-Nightly-Testing/intel_2022.3.0_intelmpi_O_develop/esmf/src/addon/NUOPC/src/NUOPC_Driver.F90:3023
19 0x00000000010b0971 nuopc_driver_mp_initializeipdv02p3_()  /scratch2/NCEPDEV/stmp1/Gerhard.Theurich/ESMF-Nightly-Testing/intel_2022.3.0_intelmpi_O_develop/esmf/src/addon/NUOPC/src/NUOPC_Driver.F90:2110
20 0x00000000010c32f0 nuopc_driver_mp_initializegeneric_()  /scratch2/NCEPDEV/stmp1/Gerhard.Theurich/ESMF-Nightly-Testing/intel_2022.3.0_intelmpi_O_develop/esmf/src/addon/NUOPC/src/NUOPC_Driver.F90:479
21 0x0000000000481ec6 ESMCI::FTable::callVFuncPtr()  /scratch2/NCEPDEV/stmp1/Gerhard.Theurich/ESMF-Nightly-Testing/intel_2022.3.0_intelmpi_O_develop/esmf/src/Superstructure/Component/src/ESMCI_FTable.C:2167
22 0x000000000048192c ESMCI_FTableCallEntryPointVMHop()  /scratch2/NCEPDEV/stmp1/Gerhard.Theurich/ESMF-Nightly-Testing/intel_2022.3.0_intelmpi_O_develop/esmf/src/Superstructure/Component/src/ESMCI_FTable.C:824
23 0x000000000071a700 ESMCI::VMK::enter()  /scratch2/NCEPDEV/stmp1/Gerhard.Theurich/ESMF-Nightly-Testing/intel_2022.3.0_intelmpi_O_develop/esmf/src/Infrastructure/VM/src/ESMCI_VMKernel.C:0
24 0x000000000070d7d8 ESMCI::VM::enter()  /scratch2/NCEPDEV/stmp1/Gerhard.Theurich/ESMF-Nightly-Testing/intel_2022.3.0_intelmpi_O_develop/esmf/src/Infrastructure/VM/src/ESMCI_VM.C:1216
25 0x00000000004825c1 c_esmc_ftablecallentrypointvm_()  /scratch2/NCEPDEV/stmp1/Gerhard.Theurich/ESMF-Nightly-Testing/intel_2022.3.0_intelmpi_O_develop/esmf/src/Superstructure/Component/src/ESMCI_FTable.C:981
26 0x00000000009a3630 esmf_compmod_mp_esmf_compexecute_()  /scratch2/NCEPDEV/stmp1/Gerhard.Theurich/ESMF-Nightly-Testing/intel_2022.3.0_intelmpi_O_develop/esmf/src/Superstructure/Component/src/ESMF_Comp.F90:1223
27 0x0000000000ceb391 esmf_gridcompmod_mp_esmf_gridcompinitialize_()  /scratch2/NCEPDEV/stmp1/Gerhard.Theurich/ESMF-Nightly-Testing/intel_2022.3.0_intelmpi_O_develop/esmf/src/Superstructure/Component/src/ESMF_GridComp.F90:1412
28 0x0000000000414386 MAIN__()  /scratch2/NCEPDEV/stmp1/Gerhard.Theurich/ESMF-Nightly-Testing/intel_2022.3.0_intelmpi_O_develop/nuopc-app-prototypes/AtmOcnMedIngestFromConfigProto/esmApp.F90:58
29 0x0000000000413f9d main()  ???:0
30 0x0000000000022555 __libc_start_main()  ???:0
31 0x0000000000413eb6 _start()  ???:0
=================================
forrtl: severe (174): SIGSEGV, segmentation fault occurred
Image              PC                Routine            Line        Source             
libpthread-2.17.s  00002AEF9018D630  Unknown               Unknown  Unknown
libesmf.so         00002AEF8C274D7E  _ZN5ESMCI6LogErr1     Unknown  Unknown
libesmf.so         00002AEF8C39C41B  c_esmc_meshcreate     Unknown  Unknown
libesmf.so         00002AEF8CB88EA2  esmf_meshmod_mp_e     Unknown  Unknown
libesmf.so         00002AEF8CA2F056  esmf_gridutilmod_     Unknown  Unknown
libesmf.so         00002AEF8C902B60  esmf_fieldregridm     Unknown  Unknown
libesmf.so         00002AEF8C902613  esmf_fieldregridm     Unknown  Unknown
libesmf.so         00002AEF8C900863  esmf_fieldregridm     Unknown  Unknown
libesmf.so         00002AEF8C784DDE  esmf_fieldbundlem     Unknown  Unknown
libesmf.so         00002AEF8CD5FD50  nuopc_connector_m     Unknown  Unknown
libesmf.so         00002AEF8CD75544  nuopc_connector_m     Unknown  Unknown
libesmf.so         00002AEF8C1C4EC6  _ZN5ESMCI6FTable1     Unknown  Unknown
libesmf.so         00002AEF8C1C492C  ESMCI_FTableCallE     Unknown  Unknown
libesmf.so         00002AEF8C45D700  _ZN5ESMCI3VMK5ent     Unknown  Unknown
libesmf.so         00002AEF8C4507D8  _ZN5ESMCI2VM5ente     Unknown  Unknown
libesmf.so         00002AEF8C1C55C1  c_esmc_ftablecall     Unknown  Unknown
libesmf.so         00002AEF8C6E6630  esmf_compmod_mp_e     Unknown  Unknown
libesmf.so         00002AEF8C713021  esmf_cplcompmod_m     Unknown  Unknown
libesmf.so         00002AEF8CDD4015  nuopc_driver_mp_l     Unknown  Unknown
libesmf.so         00002AEF8CDF3971  nuopc_driver_mp_i     Unknown  Unknown
libesmf.so         00002AEF8CE062F0  nuopc_driver_mp_i     Unknown  Unknown
libesmf.so         00002AEF8C1C4EC6  _ZN5ESMCI6FTable1     Unknown  Unknown
libesmf.so         00002AEF8C1C492C  ESMCI_FTableCallE     Unknown  Unknown
libesmf.so         00002AEF8C45D700  _ZN5ESMCI3VMK5ent     Unknown  Unknown
libesmf.so         00002AEF8C4507D8  _ZN5ESMCI2VM5ente     Unknown  Unknown
libesmf.so         00002AEF8C1C55C1  c_esmc_ftablecall     Unknown  Unknown
libesmf.so         00002AEF8C6E6630  esmf_compmod_mp_e     Unknown  Unknown
libesmf.so         00002AEF8CA2E391  esmf_gridcompmod_     Unknown  Unknown
esmApp             0000000000414386  Unknown               Unknown  Unknown
esmApp             0000000000413F9D  Unknown               Unknown  Unknown
libc-2.17.so       00002AEF9101B555  __libc_start_main     Unknown  Unknown
esmApp             0000000000413EB6  Unknown               Unknown  Unknown
forrtl: severe (174): SIGSEGV, segmentation fault occurred
Image              PC                Routine            Line        Source             
libpthread-2.17.s  00002B8DAE420630  Unknown               Unknown  Unknown
libesmf.so         00002B8DAA507D7E  _ZN5ESMCI6LogErr1     Unknown  Unknown
libesmf.so         00002B8DAA62F41B  c_esmc_meshcreate     Unknown  Unknown
libesmf.so         00002B8DAAE1BEA2  esmf_meshmod_mp_e     Unknown  Unknown
libesmf.so         00002B8DAACC2056  esmf_gridutilmod_     Unknown  Unknown
libesmf.so         00002B8DAAB95B60  esmf_fieldregridm     Unknown  Unknown
libesmf.so         00002B8DAAB95613  esmf_fieldregridm     Unknown  Unknown
libesmf.so         00002B8DAAB93863  esmf_fieldregridm     Unknown  Unknown
libesmf.so         00002B8DAAA17DDE  esmf_fieldbundlem     Unknown  Unknown
libesmf.so         00002B8DAAFF2D50  nuopc_connector_m     Unknown  Unknown
libesmf.so         00002B8DAB008544  nuopc_connector_m     Unknown  Unknown
libesmf.so         00002B8DAA457EC6  _ZN5ESMCI6FTable1     Unknown  Unknown
libesmf.so         00002B8DAA45792C  ESMCI_FTableCallE     Unknown  Unknown
libesmf.so         00002B8DAA6F0700  _ZN5ESMCI3VMK5ent     Unknown  Unknown
libesmf.so         00002B8DAA6E37D8  _ZN5ESMCI2VM5ente     Unknown  Unknown
libesmf.so         00002B8DAA4585C1  c_esmc_ftablecall     Unknown  Unknown
libesmf.so         00002B8DAA979630  esmf_compmod_mp_e     Unknown  Unknown
libesmf.so         00002B8DAA9A6021  esmf_cplcompmod_m     Unknown  Unknown
libesmf.so         00002B8DAB067015  nuopc_driver_mp_l     Unknown  Unknown
libesmf.so         00002B8DAB086971  nuopc_driver_mp_i     Unknown  Unknown
libesmf.so         00002B8DAB0992F0  nuopc_driver_mp_i     Unknown  Unknown
libesmf.so         00002B8DAA457EC6  _ZN5ESMCI6FTable1     Unknown  Unknown
libesmf.so         00002B8DAA45792C  ESMCI_FTableCallE     Unknown  Unknown
libesmf.so         00002B8DAA6F0700  _ZN5ESMCI3VMK5ent     Unknown  Unknown
libesmf.so         00002B8DAA6E37D8  _ZN5ESMCI2VM5ente     Unknown  Unknown
libesmf.so         00002B8DAA4585C1  c_esmc_ftablecall     Unknown  Unknown
libesmf.so         00002B8DAA979630  esmf_compmod_mp_e     Unknown  Unknown
libesmf.so         00002B8DAACC1391  esmf_gridcompmod_     Unknown  Unknown
esmApp             0000000000414386  Unknown               Unknown  Unknown
esmApp             0000000000413F9D  Unknown               Unknown  Unknown
libc-2.17.so       00002B8DAF2AE555  __libc_start_main     Unknown  Unknown
esmApp             0000000000413EB6  Unknown               Unknown  Unknown
srun: error: h25c03: tasks 0-3: Exited with exit code 174
srun: launch/slurm: _step_signal: Terminating StepId=44451413.351
