2023-06-15 01:41:20
20230615 022011.069 INFO             PET0 !!!!!!!!!!!!!!!!!!!!!!!!!!!!!!!!!!!!!!!!!!!!!!!!!!!!!!
20230615 022011.069 INFO             PET0 !!! THE ESMF_LOG IS SET TO OUTPUT ALL LOG MESSAGES !!!
20230615 022011.069 INFO             PET0 !!!     THIS MAY CAUSE SLOWDOWN IN PERFORMANCE     !!!
20230615 022011.069 INFO             PET0 !!! FOR PRODUCTION RUNS, USE:                      !!!
20230615 022011.069 INFO             PET0 !!!                   ESMF_LOGKIND_Multi_On_Error  !!!
20230615 022011.069 INFO             PET0 !!!!!!!!!!!!!!!!!!!!!!!!!!!!!!!!!!!!!!!!!!!!!!!!!!!!!!
20230615 022011.069 INFO             PET0 Running with ESMF Version   : v8.5.0b23-6-gf97e9e9d68
20230615 022011.069 INFO             PET0 ESMF library build date/time: "Jun 15 2023" "01:38:14"
20230615 022011.069 INFO             PET0 ESMF library build location : /glade/scratch/theurich/ESMF-Nightly-Testing/gfortran_9.1.0_openmpi_g_develop/esmf
20230615 022011.069 INFO             PET0 ESMF_COMM                   : openmpi
20230615 022011.069 INFO             PET0 ESMF_MOAB                   : enabled
20230615 022011.069 INFO             PET0 ESMF_LAPACK                 : enabled
20230615 022011.069 INFO             PET0 ESMF_NETCDF                 : enabled
20230615 022011.069 INFO             PET0 ESMF_PNETCDF                : disabled
20230615 022011.069 INFO             PET0 ESMF_PIO                    : enabled
20230615 022011.069 INFO             PET0 ESMF_YAMLCPP                : enabled
20230615 022011.186 DEBUG            PET0 about to destroy Grid: 0xcb4bd0
20230615 022011.200 DEBUG            PET0 about to destroy Grid: 0xcb6080
20230615 022011.239 INFO             PET0  NUMBER_OF_PROCESSORS           4
20230615 022011.239 INFO             PET0  PASS  Example ESMF_NUOPCAtmModelEx, ESMF_NUOPCAtmModelEx.F90, line 806
20230615 022011.239 INFO             PET0 Finalizing ESMF
20230615 022011.070 INFO             PET1 !!!!!!!!!!!!!!!!!!!!!!!!!!!!!!!!!!!!!!!!!!!!!!!!!!!!!!
20230615 022011.070 INFO             PET1 !!! THE ESMF_LOG IS SET TO OUTPUT ALL LOG MESSAGES !!!
20230615 022011.070 INFO             PET1 !!!     THIS MAY CAUSE SLOWDOWN IN PERFORMANCE     !!!
20230615 022011.070 INFO             PET1 !!! FOR PRODUCTION RUNS, USE:                      !!!
20230615 022011.070 INFO             PET1 !!!                   ESMF_LOGKIND_Multi_On_Error  !!!
20230615 022011.070 INFO             PET1 !!!!!!!!!!!!!!!!!!!!!!!!!!!!!!!!!!!!!!!!!!!!!!!!!!!!!!
20230615 022011.070 INFO             PET1 Running with ESMF Version   : v8.5.0b23-6-gf97e9e9d68
20230615 022011.070 INFO             PET1 ESMF library build date/time: "Jun 15 2023" "01:38:14"
20230615 022011.070 INFO             PET1 ESMF library build location : /glade/scratch/theurich/ESMF-Nightly-Testing/gfortran_9.1.0_openmpi_g_develop/esmf
20230615 022011.070 INFO             PET1 ESMF_COMM                   : openmpi
20230615 022011.070 INFO             PET1 ESMF_MOAB                   : enabled
20230615 022011.070 INFO             PET1 ESMF_LAPACK                 : enabled
20230615 022011.070 INFO             PET1 ESMF_NETCDF                 : enabled
20230615 022011.070 INFO             PET1 ESMF_PNETCDF                : disabled
20230615 022011.070 INFO             PET1 ESMF_PIO                    : enabled
20230615 022011.070 INFO             PET1 ESMF_YAMLCPP                : enabled
20230615 022011.186 DEBUG            PET1 about to destroy Grid: 0x27372a0
20230615 022011.200 DEBUG            PET1 about to destroy Grid: 0x27385b0
20230615 022011.240 INFO             PET1  NUMBER_OF_PROCESSORS           4
20230615 022011.240 INFO             PET1  PASS  Example ESMF_NUOPCAtmModelEx, ESMF_NUOPCAtmModelEx.F90, line 806
20230615 022011.240 INFO             PET1 Finalizing ESMF
20230615 022011.069 INFO             PET2 !!!!!!!!!!!!!!!!!!!!!!!!!!!!!!!!!!!!!!!!!!!!!!!!!!!!!!
20230615 022011.069 INFO             PET2 !!! THE ESMF_LOG IS SET TO OUTPUT ALL LOG MESSAGES !!!
20230615 022011.069 INFO             PET2 !!!     THIS MAY CAUSE SLOWDOWN IN PERFORMANCE     !!!
20230615 022011.069 INFO             PET2 !!! FOR PRODUCTION RUNS, USE:                      !!!
20230615 022011.069 INFO             PET2 !!!                   ESMF_LOGKIND_Multi_On_Error  !!!
20230615 022011.069 INFO             PET2 !!!!!!!!!!!!!!!!!!!!!!!!!!!!!!!!!!!!!!!!!!!!!!!!!!!!!!
20230615 022011.069 INFO             PET2 Running with ESMF Version   : v8.5.0b23-6-gf97e9e9d68
20230615 022011.069 INFO             PET2 ESMF library build date/time: "Jun 15 2023" "01:38:14"
20230615 022011.069 INFO             PET2 ESMF library build location : /glade/scratch/theurich/ESMF-Nightly-Testing/gfortran_9.1.0_openmpi_g_develop/esmf
20230615 022011.069 INFO             PET2 ESMF_COMM                   : openmpi
20230615 022011.069 INFO             PET2 ESMF_MOAB                   : enabled
20230615 022011.069 INFO             PET2 ESMF_LAPACK                 : enabled
20230615 022011.069 INFO             PET2 ESMF_NETCDF                 : enabled
20230615 022011.069 INFO             PET2 ESMF_PNETCDF                : disabled
20230615 022011.069 INFO             PET2 ESMF_PIO                    : enabled
20230615 022011.069 INFO             PET2 ESMF_YAMLCPP                : enabled
20230615 022011.186 DEBUG            PET2 about to destroy Grid: 0x1a82a50
20230615 022011.200 DEBUG            PET2 about to destroy Grid: 0x1a834e0
20230615 022011.239 INFO             PET2  NUMBER_OF_PROCESSORS           4
20230615 022011.239 INFO             PET2  PASS  Example ESMF_NUOPCAtmModelEx, ESMF_NUOPCAtmModelEx.F90, line 806
20230615 022011.239 INFO             PET2 Finalizing ESMF
20230615 022011.069 INFO             PET3 !!!!!!!!!!!!!!!!!!!!!!!!!!!!!!!!!!!!!!!!!!!!!!!!!!!!!!
20230615 022011.070 INFO             PET3 !!! THE ESMF_LOG IS SET TO OUTPUT ALL LOG MESSAGES !!!
20230615 022011.070 INFO             PET3 !!!     THIS MAY CAUSE SLOWDOWN IN PERFORMANCE     !!!
20230615 022011.070 INFO             PET3 !!! FOR PRODUCTION RUNS, USE:                      !!!
20230615 022011.070 INFO             PET3 !!!                   ESMF_LOGKIND_Multi_On_Error  !!!
20230615 022011.070 INFO             PET3 !!!!!!!!!!!!!!!!!!!!!!!!!!!!!!!!!!!!!!!!!!!!!!!!!!!!!!
20230615 022011.070 INFO             PET3 Running with ESMF Version   : v8.5.0b23-6-gf97e9e9d68
20230615 022011.070 INFO             PET3 ESMF library build date/time: "Jun 15 2023" "01:38:14"
20230615 022011.070 INFO             PET3 ESMF library build location : /glade/scratch/theurich/ESMF-Nightly-Testing/gfortran_9.1.0_openmpi_g_develop/esmf
20230615 022011.070 INFO             PET3 ESMF_COMM                   : openmpi
20230615 022011.070 INFO             PET3 ESMF_MOAB                   : enabled
20230615 022011.070 INFO             PET3 ESMF_LAPACK                 : enabled
20230615 022011.070 INFO             PET3 ESMF_NETCDF                 : enabled
20230615 022011.070 INFO             PET3 ESMF_PNETCDF                : disabled
20230615 022011.070 INFO             PET3 ESMF_PIO                    : enabled
20230615 022011.070 INFO             PET3 ESMF_YAMLCPP                : enabled
20230615 022011.186 DEBUG            PET3 about to destroy Grid: 0x1771720
20230615 022011.200 DEBUG            PET3 about to destroy Grid: 0x17728b0
20230615 022011.239 INFO             PET3  NUMBER_OF_PROCESSORS           4
20230615 022011.239 INFO             PET3  PASS  Example ESMF_NUOPCAtmModelEx, ESMF_NUOPCAtmModelEx.F90, line 806
20230615 022011.239 INFO             PET3 Finalizing ESMF
