2023-05-04 00:51:13
forrtl: severe (174): SIGSEGV, segmentation fault occurred
Image              PC                Routine            Line        Source             
esmApp             00000000034AA053  Unknown               Unknown  Unknown
esmApp             0000000002DF6F50  Unknown               Unknown  Unknown
libc-2.26.so       00007FFFBE940775  Unknown               Unknown  Unknown
libpmi.so.0.5.0    00007FFFB296A734  Unknown               Unknown  Unknown
libpmi.so.0.5.0    00007FFFB2985A96  Unknown               Unknown  Unknown
forrtl: severe (174): SIGSEGV, segmentation fault occurred
Image              PC                Routine            Line        Source             
esmApp             00000000034AA053  Unknown               Unknown  Unknown
esmApp             0000000002DF6F50  Unknown               Unknown  Unknown
libc-2.26.so       00007FFFBE940775  Unknown               Unknown  Unknown
libpmi.so.0.5.0    00007FFFB296A734  Unknown               Unknown  Unknown
libpmi.so.0.5.0    00007FFFB2985A96  Unknown               Unknown  Unknown
forrtl: severe (174): SIGSEGV, segmentation fault occurred
Image              PC                Routine            Line        Source             
esmApp             00000000034AA053  Unknown               Unknown  Unknown
esmApp             0000000002DF6F50  Unknown               Unknown  Unknown
libc-2.26.so       00007FFFBE940775  Unknown               Unknown  Unknown
libpmi.so.0.5.0    00007FFFB296A734  Unknown               Unknown  Unknown
libpmi.so.0.5.0    00007FFFB2985A96  Unknown               Unknown  Unknown
forrtl: severe (174): SIGSEGV, segmentation fault occurred
Image              PC                Routine            Line        Source             
esmApp             00000000034AA053  Unknown               Unknown  Unknown
esmApp             0000000002DF6F50  Unknown               Unknown  Unknown
libc-2.26.so       00007FFFBE8D5775  Unknown               Unknown  Unknown
libpmi.so.0.5.0    00007FFFB296A734  Unknown               Unknown  Unknown
libpmi.so.0.5.0    00007FFFB2985A96  Unknown               Unknown  Unknown
srun: error: nid01147: tasks 0-3: Exited with exit code 174
srun: launch/slurm: _step_signal: Terminating StepId=206355531.368
