2023-05-09 04:21:05
20230509 051641.393 INFO             PET0 !!!!!!!!!!!!!!!!!!!!!!!!!!!!!!!!!!!!!!!!!!!!!!!!!!!!!!
20230509 051641.393 INFO             PET0 !!! THE ESMF_LOG IS SET TO OUTPUT ALL LOG MESSAGES !!!
20230509 051641.393 INFO             PET0 !!!     THIS MAY CAUSE SLOWDOWN IN PERFORMANCE     !!!
20230509 051641.393 INFO             PET0 !!! FOR PRODUCTION RUNS, USE:                      !!!
20230509 051641.393 INFO             PET0 !!!                   ESMF_LOGKIND_Multi_On_Error  !!!
20230509 051641.393 INFO             PET0 !!!!!!!!!!!!!!!!!!!!!!!!!!!!!!!!!!!!!!!!!!!!!!!!!!!!!!
20230509 051641.393 INFO             PET0 Running with ESMF Version   : v8.5.0b21-19-g1e56fabece
20230509 051641.393 INFO             PET0 ESMF library build date/time: "May  9 2023" "04:18:09"
20230509 051641.393 INFO             PET0 ESMF library build location : /lfs4/HFIP/hfv3gfs/Mark.Potts/esmf-tests/nvhpc_22.2_mpiuni_g_develop/esmf
20230509 051641.394 INFO             PET0 ESMF_COMM                   : mpiuni
20230509 051641.394 INFO             PET0 ESMF_MOAB                   : enabled
20230509 051641.394 INFO             PET0 ESMF_LAPACK                 : enabled
20230509 051641.394 INFO             PET0 ESMF_NETCDF                 : disabled
20230509 051641.394 INFO             PET0 ESMF_PNETCDF                : disabled
20230509 051641.394 INFO             PET0 ESMF_PIO                    : disabled
20230509 051641.394 INFO             PET0 ESMF_YAMLCPP                : enabled
20230509 051642.286 INFO             PET0  NUMBER_OF_PROCESSORS            1
20230509 051642.287 INFO             PET0  PASS  Example ESMF_GridUsageEx, ESMF_GridUsageEx.F90, line 3470
20230509 051642.287 INFO             PET0 Finalizing ESMF
