2023-05-25 03:10:07
 Field Get Data Pointer example returned
 Field Get Grid and Array example returned
 Field creation from Grid, typekind, and rank returned
 Field creation from Grid and Arrayspec returned
 Field Create from a Grid and an Array returned
 Complete a Field created by ESMF_FieldEmptyCreate returned
 Complete a Field created by ESMF_FieldEmptyCreate returned
 Field Create from a Grid and a Fortran data pointer returned
 Field Get Data Pointer example returned
 Field Get Grid and Array example returned
 Field creation from Grid, typekind, and rank returned
 Field creation from Grid and Arrayspec returned
 Field Create from a Grid and an Array returned
 Complete a Field created by ESMF_FieldEmptyCreate returned
 Complete a Field created by ESMF_FieldEmptyCreate returned
 Field Create from a Grid and a Fortran data pointer returned
[Orion-13-54:302652:0:302652] Caught signal 11 (Segmentation fault: address not mapped to object at address (nil))
[Orion-13-54:302654:0:302654] Caught signal 11 (Segmentation fault: address not mapped to object at address (nil))

/work/noaa/da/mpotts/sandbox/pgi_2019_openmpi_g_feature_use_yaml/esmf/src/Infrastructure/Field/examples/ESMF_FieldEx.F90: [ MAIN_() ]
      ...

/work/noaa/da/mpotts/sandbox/pgi_2019_openmpi_g_feature_use_yaml/esmf/src/Infrastructure/Field/examples/ESMF_FieldEx.F90: [ MAIN_() ]
      ...
      865     if (localPet==1) then
      866       if (abs(myFarray(1,1)-12345.6789d0)>1.d10) print *, "bad data detected"
      867     else if (localPet==3) then
==>   868       if (abs(myFarray(1,1)-6789.12345d0)>1.d10) print *, "bad data detected"
      869     endif
      870 !EOC
      871 

      863 !EOE
      864 !BOC
      865     if (localPet==1) then
==>   866       if (abs(myFarray(1,1)-12345.6789d0)>1.d10) print *, "bad data detected"
      867     else if (localPet==3) then
      868       if (abs(myFarray(1,1)-6789.12345d0)>1.d10) print *, "bad data detected"
      869     endif

==== backtrace (tid: 302654) ====
 0 0x000000000040daf8 MAIN_()  /work/noaa/da/mpotts/sandbox/pgi_2019_openmpi_g_feature_use_yaml/esmf/src/Infrastructure/Field/examples/ESMF_FieldEx.F90:868
 1 0x0000000000406df3 main()  ???:0
 2 0x0000000000022495 __libc_start_main()  ???:0
 3 0x0000000000406cf9 _start()  ???:0
=================================
[Orion-13-54:302654] *** Process received signal ***
[Orion-13-54:302654] Signal: Segmentation fault (11)
[Orion-13-54:302654] Signal code:  (-6)
[Orion-13-54:302654] Failing at address: 0x20e500049e3e
[Orion-13-54:302654] [ 0] /lib64/libpthread.so.0(+0xf5d0)[0x7f8f555855d0]
[Orion-13-54:302654] [ 1] /work/noaa/da/mpotts/sandbox/pgi_2019_openmpi_g_feature_use_yaml/esmf/examples/examplesg/Linux.pgi.64.openmpi.default/./ESMF_FieldEx[0x40daf8]
[Orion-13-54:302654] [ 2] /work/noaa/da/mpotts/sandbox/pgi_2019_openmpi_g_feature_use_yaml/esmf/examples/examplesg/Linux.pgi.64.openmpi.default/./ESMF_FieldEx[0x406df3]
[Orion-13-54:302654] [ 3] /lib64/libc.so.6(__libc_start_main+0xf5)[0x7f8f4da54495]
[Orion-13-54:302654] [ 4] /work/noaa/da/mpotts/sandbox/pgi_2019_openmpi_g_feature_use_yaml/esmf/examples/examplesg/Linux.pgi.64.openmpi.default/./ESMF_FieldEx[0x406cf9]
[Orion-13-54:302654] *** End of error message ***
==== backtrace (tid: 302652) ====
 0 0x000000000040d9d8 MAIN_()  /work/noaa/da/mpotts/sandbox/pgi_2019_openmpi_g_feature_use_yaml/esmf/src/Infrastructure/Field/examples/ESMF_FieldEx.F90:866
 1 0x0000000000406df3 main()  ???:0
 2 0x0000000000022495 __libc_start_main()  ???:0
 3 0x0000000000406cf9 _start()  ???:0
=================================
[Orion-13-54:302652] *** Process received signal ***
[Orion-13-54:302652] Signal: Segmentation fault (11)
[Orion-13-54:302652] Signal code:  (-6)
[Orion-13-54:302652] Failing at address: 0x20e500049e3c
[Orion-13-54:302652] [ 0] /lib64/libpthread.so.0(+0xf5d0)[0x7ff4f12785d0]
[Orion-13-54:302652] [ 1] /work/noaa/da/mpotts/sandbox/pgi_2019_openmpi_g_feature_use_yaml/esmf/examples/examplesg/Linux.pgi.64.openmpi.default/./ESMF_FieldEx[0x40d9d8]
[Orion-13-54:302652] [ 2] /work/noaa/da/mpotts/sandbox/pgi_2019_openmpi_g_feature_use_yaml/esmf/examples/examplesg/Linux.pgi.64.openmpi.default/./ESMF_FieldEx[0x406df3]
[Orion-13-54:302652] [ 3] /lib64/libc.so.6(__libc_start_main+0xf5)[0x7ff4e9747495]
[Orion-13-54:302652] [ 4] /work/noaa/da/mpotts/sandbox/pgi_2019_openmpi_g_feature_use_yaml/esmf/examples/examplesg/Linux.pgi.64.openmpi.default/./ESMF_FieldEx[0x406cf9]
[Orion-13-54:302652] *** End of error message ***
srun: error: Orion-13-54: tasks 1,3: Segmentation fault
srun: launch/slurm: _step_signal: Terminating StepId=10599418.314
slurmstepd: error: *** STEP 10599418.314 ON Orion-13-54 CANCELLED AT 2023-05-25T04:32:26 ***
srun: error: Orion-13-54: tasks 0,2: Terminated
srun: Force Terminated StepId=10599418.314
