2023-05-13 02:54:28
[Orion-13-61:186585:0:186585] Caught signal 11 (Segmentation fault: address not mapped to object at address 0x4f1b591)
[Orion-13-61:186586:0:186586] Caught signal 11 (Segmentation fault: address not mapped to object at address 0x4f1b591)
[Orion-13-61:186587:0:186587] Caught signal 11 (Segmentation fault: address not mapped to object at address 0x4f1b591)
[Orion-13-61:186588:0:186588] Caught signal 11 (Segmentation fault: address not mapped to object at address 0x4f1b591)

/work/noaa/da/mpotts/sandbox/pgi_2019_openmpi_O_feature_fill_nan/esmf/src/Infrastructure/LogErr/src/ESMCI_LogErr.C: [ ESMCI::LogErr::MsgFoundError() ]
      ...
      583 {
      584     bool result=false;
      585 #ifdef ESMC_SUCCESSDEFAULT_ON
==>   586     if (rcToReturn != ESMC_NULL_POINTER) *rcToReturn=ESMF_SUCCESS;
      587 #endif
      588     if (trace) {
      589         Write(ESMC_METHOD,ESMC_LOGMSG_TRACE,

/work/noaa/da/mpotts/sandbox/pgi_2019_openmpi_O_feature_fill_nan/esmf/src/Infrastructure/LogErr/src/ESMCI_LogErr.C: [ ESMCI::LogErr::MsgFoundError() ]
      ...
      583 {
      584     bool result=false;
      585 #ifdef ESMC_SUCCESSDEFAULT_ON
==>   586     if (rcToReturn != ESMC_NULL_POINTER) *rcToReturn=ESMF_SUCCESS;
      587 #endif
      588     if (trace) {
      589         Write(ESMC_METHOD,ESMC_LOGMSG_TRACE,



/work/noaa/da/mpotts/sandbox/pgi_2019_openmpi_O_feature_fill_nan/esmf/src/Infrastructure/LogErr/src/ESMCI_LogErr.C: [ ESMCI::LogErr::MsgFoundError() ]
      ...

/work/noaa/da/mpotts/sandbox/pgi_2019_openmpi_O_feature_fill_nan/esmf/src/Infrastructure/LogErr/src/ESMCI_LogErr.C: [ ESMCI::LogErr::MsgFoundError() ]
      ...
      583 {
      584     bool result=false;
      585 #ifdef ESMC_SUCCESSDEFAULT_ON
==>   586     if (rcToReturn != ESMC_NULL_POINTER) *rcToReturn=ESMF_SUCCESS;
      587 #endif
      588     if (trace) {
      589         Write(ESMC_METHOD,ESMC_LOGMSG_TRACE,
      583 {
      584     bool result=false;
      585 #ifdef ESMC_SUCCESSDEFAULT_ON
==>   586     if (rcToReturn != ESMC_NULL_POINTER) *rcToReturn=ESMF_SUCCESS;
      587 #endif
      588     if (trace) {
      589         Write(ESMC_METHOD,ESMC_LOGMSG_TRACE,


==== backtrace (tid: 186586) ====
 0 0x000000000073a423 ESMCI::LogErr::MsgFoundError()  /work/noaa/da/mpotts/sandbox/pgi_2019_openmpi_O_feature_fill_nan/esmf/src/Infrastructure/LogErr/src/ESMCI_LogErr.C:586
 1 0x0000000000892721 c_esmc_meshcreatenodedistgrid_()  /work/noaa/da/mpotts/sandbox/pgi_2019_openmpi_O_feature_fill_nan/esmf/src/Infrastructure/Mesh/interface/ESMCI_Mesh_F.C:248
 2 0x0000000000fab95c esmf_meshmod_esmf_meshcreatefrompointer_()  /work/noaa/da/mpotts/sandbox/pgi_2019_openmpi_O_feature_fill_nan/esmf/src/Infrastructure/Mesh/interface/ESMF_Mesh.F90:3091
 3 0x0000000000e8cad2 esmf_gridutilmod_esmf_gridtomesh_()  /work/noaa/da/mpotts/sandbox/pgi_2019_openmpi_O_feature_fill_nan/esmf/src/Infrastructure/GridUtil/interface/ESMF_GridUtil.F90:453
 4 0x0000000000db0b16 esmf_fieldregridmod_b_or_p_gridtomesh_()  /work/noaa/da/mpotts/sandbox/pgi_2019_openmpi_O_feature_fill_nan/esmf/src/Infrastructure/Field/src/ESMF_FieldRegrid.F90:3228
 5 0x0000000000dadfd4 esmf_fieldregridmod_getmeshwithnodesonfieldloc_()  /work/noaa/da/mpotts/sandbox/pgi_2019_openmpi_O_feature_fill_nan/esmf/src/Infrastructure/Field/src/ESMF_FieldRegrid.F90:1346
 6 0x0000000000dac50f esmf_fieldregridmod_esmf_fieldregridstorenx_()  /work/noaa/da/mpotts/sandbox/pgi_2019_openmpi_O_feature_fill_nan/esmf/src/Infrastructure/Field/src/ESMF_FieldRegrid.F90:971
 7 0x0000000000c861ba esmf_fieldbundlemod_esmf_fieldbundleregridstorepair_()  /work/noaa/da/mpotts/sandbox/pgi_2019_openmpi_O_feature_fill_nan/esmf/src/Infrastructure/FieldBundle/src/ESMF_FieldBundle.F90:16211
 8 0x0000000001239c72 nuopc_connector_fieldbundlecplstore_()  /work/noaa/da/mpotts/sandbox/pgi_2019_openmpi_O_feature_fill_nan/esmf/src/addon/NUOPC/src/NUOPC_Connector.F90:7714
 9 0x0000000001223c86 nuopc_connector_initializeipdv05p6b_()  /work/noaa/da/mpotts/sandbox/pgi_2019_openmpi_O_feature_fill_nan/esmf/src/addon/NUOPC/src/NUOPC_Connector.F90:5386
10 0x0000000000659a27 ESMCI::FTable::callVFuncPtr()  /work/noaa/da/mpotts/sandbox/pgi_2019_openmpi_O_feature_fill_nan/esmf/src/Superstructure/Component/src/ESMCI_FTable.C:2167
11 0x0000000000657c2a ESMCI_FTableCallEntryPointVMHop()  /work/noaa/da/mpotts/sandbox/pgi_2019_openmpi_O_feature_fill_nan/esmf/src/Superstructure/Component/src/ESMCI_FTable.C:824
12 0x0000000000a44b88 ESMCI::VM::enter()  /work/noaa/da/mpotts/sandbox/pgi_2019_openmpi_O_feature_fill_nan/esmf/src/Infrastructure/VM/src/ESMCI_VM.C:1216
13 0x0000000000658007 c_esmc_ftablecallentrypointvm_()  /work/noaa/da/mpotts/sandbox/pgi_2019_openmpi_O_feature_fill_nan/esmf/src/Superstructure/Component/src/ESMCI_FTable.C:981
14 0x0000000000c185fd esmf_compmod_esmf_compexecute_()  /work/noaa/da/mpotts/sandbox/pgi_2019_openmpi_O_feature_fill_nan/esmf/src/Superstructure/Component/src/ESMF_Comp.F90:1223
15 0x0000000000c2a841 esmf_cplcompmod_esmf_cplcompinitialize_()  /work/noaa/da/mpotts/sandbox/pgi_2019_openmpi_O_feature_fill_nan/esmf/src/Superstructure/Component/src/ESMF_CplComp.F90:1165
16 0x0000000001259894 nuopc_driver_loopconnectorcompss_()  /work/noaa/da/mpotts/sandbox/pgi_2019_openmpi_O_feature_fill_nan/esmf/src/addon/NUOPC/src/NUOPC_Driver.F90:3023
17 0x0000000001250de7 nuopc_driver_initializeipdv02p3_()  /work/noaa/da/mpotts/sandbox/pgi_2019_openmpi_O_feature_fill_nan/esmf/src/addon/NUOPC/src/NUOPC_Driver.F90:2110
18 0x000000000123f43a nuopc_driver_initializegeneric_()  /work/noaa/da/mpotts/sandbox/pgi_2019_openmpi_O_feature_fill_nan/esmf/src/addon/NUOPC/src/NUOPC_Driver.F90:479
19 0x0000000000659a27 ESMCI::FTable::callVFuncPtr()  /work/noaa/da/mpotts/sandbox/pgi_2019_openmpi_O_feature_fill_nan/esmf/src/Superstructure/Component/src/ESMCI_FTable.C:2167
20 0x0000000000657c2a ESMCI_FTableCallEntryPointVMHop()  /work/noaa/da/mpotts/sandbox/pgi_2019_openmpi_O_feature_fill_nan/esmf/src/Superstructure/Component/src/ESMCI_FTable.C:824
21 0x0000000000a44b88 ESMCI::VM::enter()  /work/noaa/da/mpotts/sandbox/pgi_2019_openmpi_O_feature_fill_nan/esmf/src/Infrastructure/VM/src/ESMCI_VM.C:1216
22 0x0000000000658007 c_esmc_ftablecallentrypointvm_()  /work/noaa/da/mpotts/sandbox/pgi_2019_openmpi_O_feature_fill_nan/esmf/src/Superstructure/Component/src/ESMCI_FTable.C:981
23 0x0000000000c185fd esmf_compmod_esmf_compexecute_()  /work/noaa/da/mpotts/sandbox/pgi_2019_openmpi_O_feature_fill_nan/esmf/src/Superstructure/Component/src/ESMF_Comp.F90:1223
24 0x0000000000df2d11 esmf_gridcompmod_esmf_gridcompinitialize_()  /work/noaa/da/mpotts/sandbox/pgi_2019_openmpi_O_feature_fill_nan/esmf/src/Superstructure/Component/src/ESMF_GridComp.F90:1412
25 0x0000000000405f0d MAIN_()  /work/noaa/da/mpotts/sandbox/pgi_2019_openmpi_O_feature_fill_nan/nuopc-app-prototypes/AtmOcnSelectProto/esmApp.F90:58
26 0x0000000000405b83 main()  ???:0
27 0x0000000000022495 __libc_start_main()  ???:0
28 0x0000000000405a89 _start()  ???:0
=================================
[Orion-13-61:186586] *** Process received signal ***
[Orion-13-61:186586] Signal: Segmentation fault (11)
[Orion-13-61:186586] Signal code:  (-6)
[Orion-13-61:186586] Failing at address: 0x20e50002d8da
[Orion-13-61:186586] [ 0] /lib64/libpthread.so.0(+0xf5d0)[0x7f6e1cea35d0]
==== backtrace (tid: 186588) ====
 0 0x000000000073a423 ESMCI::LogErr::MsgFoundError()  /work/noaa/da/mpotts/sandbox/pgi_2019_openmpi_O_feature_fill_nan/esmf/src/Infrastructure/LogErr/src/ESMCI_LogErr.C:586
 1 0x0000000000892721 c_esmc_meshcreatenodedistgrid_()  /work/noaa/da/mpotts/sandbox/pgi_2019_openmpi_O_feature_fill_nan/esmf/src/Infrastructure/Mesh/interface/ESMCI_Mesh_F.C:248
 2 0x0000000000fab95c esmf_meshmod_esmf_meshcreatefrompointer_()  /work/noaa/da/mpotts/sandbox/pgi_2019_openmpi_O_feature_fill_nan/esmf/src/Infrastructure/Mesh/interface/ESMF_Mesh.F90:3091
 3 0x0000000000e8cad2 esmf_gridutilmod_esmf_gridtomesh_()  /work/noaa/da/mpotts/sandbox/pgi_2019_openmpi_O_feature_fill_nan/esmf/src/Infrastructure/GridUtil/interface/ESMF_GridUtil.F90:453
 4 0x0000000000db0b16 esmf_fieldregridmod_b_or_p_gridtomesh_()  /work/noaa/da/mpotts/sandbox/pgi_2019_openmpi_O_feature_fill_nan/esmf/src/Infrastructure/Field/src/ESMF_FieldRegrid.F90:3228
 5 0x0000000000dadfd4 esmf_fieldregridmod_getmeshwithnodesonfieldloc_()  /work/noaa/da/mpotts/sandbox/pgi_2019_openmpi_O_feature_fill_nan/esmf/src/Infrastructure/Field/src/ESMF_FieldRegrid.F90:1346
 6 0x0000000000dac50f esmf_fieldregridmod_esmf_fieldregridstorenx_()  /work/noaa/da/mpotts/sandbox/pgi_2019_openmpi_O_feature_fill_nan/esmf/src/Infrastructure/Field/src/ESMF_FieldRegrid.F90:971
 7 0x0000000000c861ba esmf_fieldbundlemod_esmf_fieldbundleregridstorepair_()  /work/noaa/da/mpotts/sandbox/pgi_2019_openmpi_O_feature_fill_nan/esmf/src/Infrastructure/FieldBundle/src/ESMF_FieldBundle.F90:16211
 8 0x0000000001239c72 nuopc_connector_fieldbundlecplstore_()  /work/noaa/da/mpotts/sandbox/pgi_2019_openmpi_O_feature_fill_nan/esmf/src/addon/NUOPC/src/NUOPC_Connector.F90:7714
 9 0x0000000001223c86 nuopc_connector_initializeipdv05p6b_()  /work/noaa/da/mpotts/sandbox/pgi_2019_openmpi_O_feature_fill_nan/esmf/src/addon/NUOPC/src/NUOPC_Connector.F90:5386
10 0x0000000000659a27 ESMCI::FTable::callVFuncPtr()  /work/noaa/da/mpotts/sandbox/pgi_2019_openmpi_O_feature_fill_nan/esmf/src/Superstructure/Component/src/ESMCI_FTable.C:2167
11 0x0000000000657c2a ESMCI_FTableCallEntryPointVMHop()  /work/noaa/da/mpotts/sandbox/pgi_2019_openmpi_O_feature_fill_nan/esmf/src/Superstructure/Component/src/ESMCI_FTable.C:824
12 0x0000000000a44b88 ESMCI::VM::enter()  /work/noaa/da/mpotts/sandbox/pgi_2019_openmpi_O_feature_fill_nan/esmf/src/Infrastructure/VM/src/ESMCI_VM.C:1216
13 0x0000000000658007 c_esmc_ftablecallentrypointvm_()  /work/noaa/da/mpotts/sandbox/pgi_2019_openmpi_O_feature_fill_nan/esmf/src/Superstructure/Component/src/ESMCI_FTable.C:981
14 0x0000000000c185fd esmf_compmod_esmf_compexecute_()  /work/noaa/da/mpotts/sandbox/pgi_2019_openmpi_O_feature_fill_nan/esmf/src/Superstructure/Component/src/ESMF_Comp.F90:1223
15 0x0000000000c2a841 esmf_cplcompmod_esmf_cplcompinitialize_()  /work/noaa/da/mpotts/sandbox/pgi_2019_openmpi_O_feature_fill_nan/esmf/src/Superstructure/Component/src/ESMF_CplComp.F90:1165
16 0x0000000001259894 nuopc_driver_loopconnectorcompss_()  /work/noaa/da/mpotts/sandbox/pgi_2019_openmpi_O_feature_fill_nan/esmf/src/addon/NUOPC/src/NUOPC_Driver.F90:3023
17 0x0000000001250de7 nuopc_driver_initializeipdv02p3_()  /work/noaa/da/mpotts/sandbox/pgi_2019_openmpi_O_feature_fill_nan/esmf/src/addon/NUOPC/src/NUOPC_Driver.F90:2110
18 0x000000000123f43a nuopc_driver_initializegeneric_()  /work/noaa/da/mpotts/sandbox/pgi_2019_openmpi_O_feature_fill_nan/esmf/src/addon/NUOPC/src/NUOPC_Driver.F90:479
19 0x0000000000659a27 ESMCI::FTable::callVFuncPtr()  /work/noaa/da/mpotts/sandbox/pgi_2019_openmpi_O_feature_fill_nan/esmf/src/Superstructure/Component/src/ESMCI_FTable.C:2167
20 0x0000000000657c2a ESMCI_FTableCallEntryPointVMHop()  /work/noaa/da/mpotts/sandbox/pgi_2019_openmpi_O_feature_fill_nan/esmf/src/Superstructure/Component/src/ESMCI_FTable.C:824
21 0x0000000000a44b88 ESMCI::VM::enter()  /work/noaa/da/mpotts/sandbox/pgi_2019_openmpi_O_feature_fill_nan/esmf/src/Infrastructure/VM/src/ESMCI_VM.C:1216
[Orion-13-61:186586] [ 1] /work/noaa/da/mpotts/sandbox/pgi_2019_openmpi_O_feature_fill_nan/esmf/DEFAULTINSTALLDIR/lib/libO/Linux.pgi.64.openmpi.default/libesmf.so(_ZN5ESMCI6LogErr13MsgFoundErrorEiPKciS2_S2_Pi+0x33)[0x7f6e1b63a423]
[Orion-13-61:186586] [ 2] /work/noaa/da/mpotts/sandbox/pgi_2019_openmpi_O_feature_fill_nan/esmf/DEFAULTINSTALLDIR/lib/libO/Linux.pgi.64.openmpi.default/libesmf.so(c_esmc_meshcreatenodedistgrid_+0xa1)[0x7f6e1b792721]
[Orion-13-61:186586] [ 3] /work/noaa/da/mpotts/sandbox/pgi_2019_openmpi_O_feature_fill_nan/esmf/DEFAULTINSTALLDIR/lib/libO/Linux.pgi.64.openmpi.default/libesmf.so(esmf_meshmod_esmf_meshcreatefrompointer_+0x4c)[0x7f6e1beab95c]
[Orion-13-61:186586] [ 4] /work/noaa/da/mpotts/sandbox/pgi_2019_openmpi_O_feature_fill_nan/esmf/DEFAULTINSTALLDIR/lib/libO/Linux.pgi.64.openmpi.default/libesmf.so(esmf_gridutilmod_esmf_gridtomesh_+0x352)[0x7f6e1bd8cad2]
22 0x0000000000658007 c_esmc_ftablecallentrypointvm_()  /work/noaa/da/mpotts/sandbox/pgi_2019_openmpi_O_feature_fill_nan/esmf/src/Superstructure/Component/src/ESMCI_FTable.C:981
23 0x0000000000c185fd esmf_compmod_esmf_compexecute_()  /work/noaa/da/mpotts/sandbox/pgi_2019_openmpi_O_feature_fill_nan/esmf/src/Superstructure/Component/src/ESMF_Comp.F90:1223
24 0x0000000000df2d11 esmf_gridcompmod_esmf_gridcompinitialize_()  /work/noaa/da/mpotts/sandbox/pgi_2019_openmpi_O_feature_fill_nan/esmf/src/Superstructure/Component/src/ESMF_GridComp.F90:1412
25 0x0000000000405f0d MAIN_()  /work/noaa/da/mpotts/sandbox/pgi_2019_openmpi_O_feature_fill_nan/nuopc-app-prototypes/AtmOcnSelectProto/esmApp.F90:58
26 0x0000000000405b83 main()  ???:0
27 0x0000000000022495 __libc_start_main()  ???:0
28 0x0000000000405a89 _start()  ???:0
=================================
[Orion-13-61:186588] *** Process received signal ***
[Orion-13-61:186588] Signal: Segmentation fault (11)
[Orion-13-61:186588] Signal code:  (-6)
[Orion-13-61:186588] Failing at address: 0x20e50002d8dc
[Orion-13-61:186588] [ 0] /lib64/libpthread.so.0(+0xf5d0)[0x7f8b739a65d0]
[Orion-13-61:186588] [ 1] /work/noaa/da/mpotts/sandbox/pgi_2019_openmpi_O_feature_fill_nan/esmf/DEFAULTINSTALLDIR/lib/libO/Linux.pgi.64.openmpi.default/libesmf.so(_ZN5ESMCI6LogErr13MsgFoundErrorEiPKciS2_S2_Pi+0x33)[0x7f8b7213d423]
[Orion-13-61:186588] [ 2] /work/noaa/da/mpotts/sandbox/pgi_2019_openmpi_O_feature_fill_nan/esmf/DEFAULTINSTALLDIR/lib/libO/Linux.pgi.64.openmpi.default/libesmf.so(c_esmc_meshcreatenodedistgrid_+0xa1)[0x7f8b72295721]
[Orion-13-61:186588] [ 3] /work/noaa/da/mpotts/sandbox/pgi_2019_openmpi_O_feature_fill_nan/esmf/DEFAULTINSTALLDIR/lib/libO/Linux.pgi.64.openmpi.default/libesmf.so(esmf_meshmod_esmf_meshcreatefrompointer_+0x4c)[0x7f8b729ae95c]
[Orion-13-61:186586] [ 5] /work/noaa/da/mpotts/sandbox/pgi_2019_openmpi_O_feature_fill_nan/esmf/DEFAULTINSTALLDIR/lib/libO/Linux.pgi.64.openmpi.default/libesmf.so(esmf_fieldregridmod_b_or_p_gridtomesh_+0x156)[0x7f6e1bcb0b16]
[Orion-13-61:186588] [ 4] /work/noaa/da/mpotts/sandbox/pgi_2019_openmpi_O_feature_fill_nan/esmf/DEFAULTINSTALLDIR/lib/libO/Linux.pgi.64.openmpi.default/libesmf.so(esmf_gridutilmod_esmf_gridtomesh_+0x352)[0x7f8b7288fad2]
[Orion-13-61:186586] [ 6] /work/noaa/da/mpotts/sandbox/pgi_2019_openmpi_O_feature_fill_nan/esmf/DEFAULTINSTALLDIR/lib/libO/Linux.pgi.64.openmpi.default/libesmf.so(esmf_fieldregridmod_getmeshwithnodesonfieldloc_+0x394)[0x7f6e1bcadfd4]
[Orion-13-61:186588] [ 5] /work/noaa/da/mpotts/sandbox/pgi_2019_openmpi_O_feature_fill_nan/esmf/DEFAULTINSTALLDIR/lib/libO/Linux.pgi.64.openmpi.default/libesmf.so(esmf_fieldregridmod_b_or_p_gridtomesh_+0x156)[0x7f8b727b3b16]
[Orion-13-61:186588] [ 6] /work/noaa/da/mpotts/sandbox/pgi_2019_openmpi_O_feature_fill_nan/esmf/DEFAULTINSTALLDIR/lib/libO/Linux.pgi.64.openmpi.default/libesmf.so(esmf_fieldregridmod_getmeshwithnodesonfieldloc_+0x394)[0x7f8b727b0fd4]
[Orion-13-61:186586] [ 7] /work/noaa/da/mpotts/sandbox/pgi_2019_openmpi_O_feature_fill_nan/esmf/DEFAULTINSTALLDIR/lib/libO/Linux.pgi.64.openmpi.default/libesmf.so(esmf_fieldregridmod_esmf_fieldregridstorenx_+0x9cf)[0x7f6e1bcac50f]
[Orion-13-61:186588] [ 7] /work/noaa/da/mpotts/sandbox/pgi_2019_openmpi_O_feature_fill_nan/esmf/DEFAULTINSTALLDIR/lib/libO/Linux.pgi.64.openmpi.default/libesmf.so(esmf_fieldregridmod_esmf_fieldregridstorenx_+0x9cf)[0x7f8b727af50f]
[Orion-13-61:186586] [ 8] /work/noaa/da/mpotts/sandbox/pgi_2019_openmpi_O_feature_fill_nan/esmf/DEFAULTINSTALLDIR/lib/libO/Linux.pgi.64.openmpi.default/libesmf.so(esmf_fieldbundlemod_esmf_fieldbundleregridstorepair_+0x3a1a)[0x7f6e1bb861ba]
[Orion-13-61:186586] [ 9] /work/noaa/da/mpotts/sandbox/pgi_2019_openmpi_O_feature_fill_nan/esmf/DEFAULTINSTALLDIR/lib/libO/Linux.pgi.64.openmpi.default/libesmf.so(nuopc_connector_fieldbundlecplstore_+0x90d2)[0x7f6e1c139c72]
[Orion-13-61:186588] [ 8] /work/noaa/da/mpotts/sandbox/pgi_2019_openmpi_O_feature_fill_nan/esmf/DEFAULTINSTALLDIR/lib/libO/Linux.pgi.64.openmpi.default/libesmf.so(esmf_fieldbundlemod_esmf_fieldbundleregridstorepair_+0x3a1a)[0x7f8b726891ba]
[Orion-13-61:186586] [10] /work/noaa/da/mpotts/sandbox/pgi_2019_openmpi_O_feature_fill_nan/esmf/DEFAULTINSTALLDIR/lib/libO/Linux.pgi.64.openmpi.default/libesmf.so(nuopc_connector_initializeipdv05p6b_+0x4f76)[0x7f6e1c123c86]
[Orion-13-61:186588] [ 9] /work/noaa/da/mpotts/sandbox/pgi_2019_openmpi_O_feature_fill_nan/esmf/DEFAULTINSTALLDIR/lib/libO/Linux.pgi.64.openmpi.default/libesmf.so(nuopc_connector_fieldbundlecplstore_+0x90d2)[0x7f8b72c3cc72]
[Orion-13-61:186586] [11] /work/noaa/da/mpotts/sandbox/pgi_2019_openmpi_O_feature_fill_nan/esmf/DEFAULTINSTALLDIR/lib/libO/Linux.pgi.64.openmpi.default/libesmf.so(_ZN5ESMCI6FTable12callVFuncPtrEPKcPNS_2VMEPi+0x417)[0x7f6e1b559a27]
[Orion-13-61:186588] [10] /work/noaa/da/mpotts/sandbox/pgi_2019_openmpi_O_feature_fill_nan/esmf/DEFAULTINSTALLDIR/lib/libO/Linux.pgi.64.openmpi.default/libesmf.so(nuopc_connector_initializeipdv05p6b_+0x4f76)[0x7f8b72c26c86]
[Orion-13-61:186586] [12] /work/noaa/da/mpotts/sandbox/pgi_2019_openmpi_O_feature_fill_nan/esmf/DEFAULTINSTALLDIR/lib/libO/Linux.pgi.64.openmpi.default/libesmf.so(ESMCI_FTableCallEntryPointVMHop+0x1ea)[0x7f6e1b557c2a]
[Orion-13-61:186588] [11] /work/noaa/da/mpotts/sandbox/pgi_2019_openmpi_O_feature_fill_nan/esmf/DEFAULTINSTALLDIR/lib/libO/Linux.pgi.64.openmpi.default/libesmf.so(_ZN5ESMCI6FTable12callVFuncPtrEPKcPNS_2VMEPi+0x417)[0x7f8b7205ca27]
[Orion-13-61:186586] [13] /work/noaa/da/mpotts/sandbox/pgi_2019_openmpi_O_feature_fill_nan/esmf/DEFAULTINSTALLDIR/lib/libO/Linux.pgi.64.openmpi.default/libesmf.so(_ZN5ESMCI2VM5enterEPNS_6VMPlanEPvS3_+0x18)[0x7f6e1b944b88]
[Orion-13-61:186588] [12] /work/noaa/da/mpotts/sandbox/pgi_2019_openmpi_O_feature_fill_nan/esmf/DEFAULTINSTALLDIR/lib/libO/Linux.pgi.64.openmpi.default/libesmf.so(ESMCI_FTableCallEntryPointVMHop+0x1ea)[0x7f8b7205ac2a]
[Orion-13-61:186586] [14] /work/noaa/da/mpotts/sandbox/pgi_2019_openmpi_O_feature_fill_nan/esmf/DEFAULTINSTALLDIR/lib/libO/Linux.pgi.64.openmpi.default/libesmf.so(c_esmc_ftablecallentrypointvm_+0x337)[0x7f6e1b558007]
[Orion-13-61:186588] [13] /work/noaa/da/mpotts/sandbox/pgi_2019_openmpi_O_feature_fill_nan/esmf/DEFAULTINSTALLDIR/lib/libO/Linux.pgi.64.openmpi.default/libesmf.so(_ZN5ESMCI2VM5enterEPNS_6VMPlanEPvS3_+0x18)[0x7f8b72447b88]
[Orion-13-61:186586] [15] /work/noaa/da/mpotts/sandbox/pgi_2019_openmpi_O_feature_fill_nan/esmf/DEFAULTINSTALLDIR/lib/libO/Linux.pgi.64.openmpi.default/libesmf.so(esmf_compmod_esmf_compexecute_+0x7ed)[0x7f6e1bb185fd]
[Orion-13-61:186588] [14] /work/noaa/da/mpotts/sandbox/pgi_2019_openmpi_O_feature_fill_nan/esmf/DEFAULTINSTALLDIR/lib/libO/Linux.pgi.64.openmpi.default/libesmf.so(c_esmc_ftablecallentrypointvm_+0x337)[0x7f8b7205b007]
[Orion-13-61:186588] [15] /work/noaa/da/mpotts/sandbox/pgi_2019_openmpi_O_feature_fill_nan/esmf/DEFAULTINSTALLDIR/lib/libO/Linux.pgi.64.openmpi.default/libesmf.so(esmf_compmod_esmf_compexecute_+0x7ed)[0x7f8b7261b5fd]
[Orion-13-61:186586] [16] /work/noaa/da/mpotts/sandbox/pgi_2019_openmpi_O_feature_fill_nan/esmf/DEFAULTINSTALLDIR/lib/libO/Linux.pgi.64.openmpi.default/libesmf.so(esmf_cplcompmod_esmf_cplcompinitialize_+0x161)[0x7f6e1bb2a841]
[Orion-13-61:186586] [17] /work/noaa/da/mpotts/sandbox/pgi_2019_openmpi_O_feature_fill_nan/esmf/DEFAULTINSTALLDIR/lib/libO/Linux.pgi.64.openmpi.default/libesmf.so(nuopc_driver_loopconnectorcompss_+0xeb4)[0x7f6e1c159894]
[Orion-13-61:186588] [16] /work/noaa/da/mpotts/sandbox/pgi_2019_openmpi_O_feature_fill_nan/esmf/DEFAULTINSTALLDIR/lib/libO/Linux.pgi.64.openmpi.default/libesmf.so(esmf_cplcompmod_esmf_cplcompinitialize_+0x161)[0x7f8b7262d841]
[Orion-13-61:186586] [18] /work/noaa/da/mpotts/sandbox/pgi_2019_openmpi_O_feature_fill_nan/esmf/DEFAULTINSTALLDIR/lib/libO/Linux.pgi.64.openmpi.default/libesmf.so(nuopc_driver_initializeipdv02p3_+0x2f77)[0x7f6e1c150de7]
[Orion-13-61:186588] [17] /work/noaa/da/mpotts/sandbox/pgi_2019_openmpi_O_feature_fill_nan/esmf/DEFAULTINSTALLDIR/lib/libO/Linux.pgi.64.openmpi.default/libesmf.so(nuopc_driver_loopconnectorcompss_+0xeb4)[0x7f8b72c5c894]
[Orion-13-61:186586] [19] /work/noaa/da/mpotts/sandbox/pgi_2019_openmpi_O_feature_fill_nan/esmf/DEFAULTINSTALLDIR/lib/libO/Linux.pgi.64.openmpi.default/libesmf.so(nuopc_driver_initializegeneric_+0x62a)[0x7f6e1c13f43a]
[Orion-13-61:186588] [18] /work/noaa/da/mpotts/sandbox/pgi_2019_openmpi_O_feature_fill_nan/esmf/DEFAULTINSTALLDIR/lib/libO/Linux.pgi.64.openmpi.default/libesmf.so(nuopc_driver_initializeipdv02p3_+0x2f77)[0x7f8b72c53de7]
[Orion-13-61:186586] [20] /work/noaa/da/mpotts/sandbox/pgi_2019_openmpi_O_feature_fill_nan/esmf/DEFAULTINSTALLDIR/lib/libO/Linux.pgi.64.openmpi.default/libesmf.so(_ZN5ESMCI6FTable12callVFuncPtrEPKcPNS_2VMEPi+0x417)[0x7f6e1b559a27]
[Orion-13-61:186588] [19] /work/noaa/da/mpotts/sandbox/pgi_2019_openmpi_O_feature_fill_nan/esmf/DEFAULTINSTALLDIR/lib/libO/Linux.pgi.64.openmpi.default/libesmf.so(nuopc_driver_initializegeneric_+0x62a)[0x7f8b72c4243a]
[Orion-13-61:186586] [21] /work/noaa/da/mpotts/sandbox/pgi_2019_openmpi_O_feature_fill_nan/esmf/DEFAULTINSTALLDIR/lib/libO/Linux.pgi.64.openmpi.default/libesmf.so(ESMCI_FTableCallEntryPointVMHop+0x1ea)[0x7f6e1b557c2a]
[Orion-13-61:186588] [20] /work/noaa/da/mpotts/sandbox/pgi_2019_openmpi_O_feature_fill_nan/esmf/DEFAULTINSTALLDIR/lib/libO/Linux.pgi.64.openmpi.default/libesmf.so(_ZN5ESMCI6FTable12callVFuncPtrEPKcPNS_2VMEPi+0x417)[0x7f8b7205ca27]
[Orion-13-61:186588] [21] /work/noaa/da/mpotts/sandbox/pgi_2019_openmpi_O_feature_fill_nan/esmf/DEFAULTINSTALLDIR/lib/libO/Linux.pgi.64.openmpi.default/libesmf.so(ESMCI_FTableCallEntryPointVMHop+0x1ea)[0x7f8b7205ac2a]
[Orion-13-61:186586] [22] /work/noaa/da/mpotts/sandbox/pgi_2019_openmpi_O_feature_fill_nan/esmf/DEFAULTINSTALLDIR/lib/libO/Linux.pgi.64.openmpi.default/libesmf.so(_ZN5ESMCI2VM5enterEPNS_6VMPlanEPvS3_+0x18)[0x7f6e1b944b88]
[Orion-13-61:186586] [23] /work/noaa/da/mpotts/sandbox/pgi_2019_openmpi_O_feature_fill_nan/esmf/DEFAULTINSTALLDIR/lib/libO/Linux.pgi.64.openmpi.default/libesmf.so(c_esmc_ftablecallentrypointvm_+0x337)[0x7f6e1b558007]
[Orion-13-61:186588] [22] /work/noaa/da/mpotts/sandbox/pgi_2019_openmpi_O_feature_fill_nan/esmf/DEFAULTINSTALLDIR/lib/libO/Linux.pgi.64.openmpi.default/libesmf.so(_ZN5ESMCI2VM5enterEPNS_6VMPlanEPvS3_+0x18)[0x7f8b72447b88]
[Orion-13-61:186588] [23] /work/noaa/da/mpotts/sandbox/pgi_2019_openmpi_O_feature_fill_nan/esmf/DEFAULTINSTALLDIR/lib/libO/Linux.pgi.64.openmpi.default/libesmf.so(c_esmc_ftablecallentrypointvm_+0x337)[0x7f8b7205b007]
[Orion-13-61:186586] [24] /work/noaa/da/mpotts/sandbox/pgi_2019_openmpi_O_feature_fill_nan/esmf/DEFAULTINSTALLDIR/lib/libO/Linux.pgi.64.openmpi.default/libesmf.so(esmf_compmod_esmf_compexecute_+0x7ed)[0x7f6e1bb185fd]
[Orion-13-61:186588] [24] /work/noaa/da/mpotts/sandbox/pgi_2019_openmpi_O_feature_fill_nan/esmf/DEFAULTINSTALLDIR/lib/libO/Linux.pgi.64.openmpi.default/libesmf.so(esmf_compmod_esmf_compexecute_+0x7ed)[0x7f8b7261b5fd]
[Orion-13-61:186586] [25] /work/noaa/da/mpotts/sandbox/pgi_2019_openmpi_O_feature_fill_nan/esmf/DEFAULTINSTALLDIR/lib/libO/Linux.pgi.64.openmpi.default/libesmf.so(esmf_gridcompmod_esmf_gridcompinitialize_+0x161)[0x7f6e1bcf2d11]
[Orion-13-61:186586] [26] /work/noaa/da/mpotts/sandbox/pgi_2019_openmpi_O_feature_fill_nan/nuopc-app-prototypes/AtmOcnSelectProto/./esmApp[0x405f0d]
[Orion-13-61:186586] [27] /work/noaa/da/mpotts/sandbox/pgi_2019_openmpi_O_feature_fill_nan/nuopc-app-prototypes/AtmOcnSelectProto/./esmApp[0x405b83]
[Orion-13-61:186586] [28] /lib64/libc.so.6(__libc_start_main+0xf5)[0x7f6e1734d495]
[Orion-13-61:186586] [29] /work/noaa/da/mpotts/sandbox/pgi_2019_openmpi_O_feature_fill_nan/nuopc-app-prototypes/AtmOcnSelectProto/./esmApp[0x405a89]
[Orion-13-61:186586] *** End of error message ***
[Orion-13-61:186588] [25] /work/noaa/da/mpotts/sandbox/pgi_2019_openmpi_O_feature_fill_nan/esmf/DEFAULTINSTALLDIR/lib/libO/Linux.pgi.64.openmpi.default/libesmf.so(esmf_gridcompmod_esmf_gridcompinitialize_+0x161)[0x7f8b727f5d11]
[Orion-13-61:186588] [26] /work/noaa/da/mpotts/sandbox/pgi_2019_openmpi_O_feature_fill_nan/nuopc-app-prototypes/AtmOcnSelectProto/./esmApp[0x405f0d]
[Orion-13-61:186588] [27] /work/noaa/da/mpotts/sandbox/pgi_2019_openmpi_O_feature_fill_nan/nuopc-app-prototypes/AtmOcnSelectProto/./esmApp[0x405b83]
[Orion-13-61:186588] [28] /lib64/libc.so.6(__libc_start_main+0xf5)[0x7f8b6de50495]
[Orion-13-61:186588] [29] /work/noaa/da/mpotts/sandbox/pgi_2019_openmpi_O_feature_fill_nan/nuopc-app-prototypes/AtmOcnSelectProto/./esmApp[0x405a89]
[Orion-13-61:186588] *** End of error message ***
==== backtrace (tid: 186587) ====
 0 0x000000000073a423 ESMCI::LogErr::MsgFoundError()  /work/noaa/da/mpotts/sandbox/pgi_2019_openmpi_O_feature_fill_nan/esmf/src/Infrastructure/LogErr/src/ESMCI_LogErr.C:586
 1 0x0000000000892721 c_esmc_meshcreatenodedistgrid_()  /work/noaa/da/mpotts/sandbox/pgi_2019_openmpi_O_feature_fill_nan/esmf/src/Infrastructure/Mesh/interface/ESMCI_Mesh_F.C:248
 2 0x0000000000fab95c esmf_meshmod_esmf_meshcreatefrompointer_()  /work/noaa/da/mpotts/sandbox/pgi_2019_openmpi_O_feature_fill_nan/esmf/src/Infrastructure/Mesh/interface/ESMF_Mesh.F90:3091
 3 0x0000000000e8cad2 esmf_gridutilmod_esmf_gridtomesh_()  /work/noaa/da/mpotts/sandbox/pgi_2019_openmpi_O_feature_fill_nan/esmf/src/Infrastructure/GridUtil/interface/ESMF_GridUtil.F90:453
 4 0x0000000000db0b16 esmf_fieldregridmod_b_or_p_gridtomesh_()  /work/noaa/da/mpotts/sandbox/pgi_2019_openmpi_O_feature_fill_nan/esmf/src/Infrastructure/Field/src/ESMF_FieldRegrid.F90:3228
 5 0x0000000000dadfd4 esmf_fieldregridmod_getmeshwithnodesonfieldloc_()  /work/noaa/da/mpotts/sandbox/pgi_2019_openmpi_O_feature_fill_nan/esmf/src/Infrastructure/Field/src/ESMF_FieldRegrid.F90:1346
 6 0x0000000000dac50f esmf_fieldregridmod_esmf_fieldregridstorenx_()  /work/noaa/da/mpotts/sandbox/pgi_2019_openmpi_O_feature_fill_nan/esmf/src/Infrastructure/Field/src/ESMF_FieldRegrid.F90:971
 7 0x0000000000c861ba esmf_fieldbundlemod_esmf_fieldbundleregridstorepair_()  /work/noaa/da/mpotts/sandbox/pgi_2019_openmpi_O_feature_fill_nan/esmf/src/Infrastructure/FieldBundle/src/ESMF_FieldBundle.F90:16211
 8 0x0000000001239c72 nuopc_connector_fieldbundlecplstore_()  /work/noaa/da/mpotts/sandbox/pgi_2019_openmpi_O_feature_fill_nan/esmf/src/addon/NUOPC/src/NUOPC_Connector.F90:7714
 9 0x0000000001223c86 nuopc_connector_initializeipdv05p6b_()  /work/noaa/da/mpotts/sandbox/pgi_2019_openmpi_O_feature_fill_nan/esmf/src/addon/NUOPC/src/NUOPC_Connector.F90:5386
10 0x0000000000659a27 ESMCI::FTable::callVFuncPtr()  /work/noaa/da/mpotts/sandbox/pgi_2019_openmpi_O_feature_fill_nan/esmf/src/Superstructure/Component/src/ESMCI_FTable.C:2167
11 0x0000000000657c2a ESMCI_FTableCallEntryPointVMHop()  /work/noaa/da/mpotts/sandbox/pgi_2019_openmpi_O_feature_fill_nan/esmf/src/Superstructure/Component/src/ESMCI_FTable.C:824
12 0x0000000000a44b88 ESMCI::VM::enter()  /work/noaa/da/mpotts/sandbox/pgi_2019_openmpi_O_feature_fill_nan/esmf/src/Infrastructure/VM/src/ESMCI_VM.C:1216
13 0x0000000000658007 c_esmc_ftablecallentrypointvm_()  /work/noaa/da/mpotts/sandbox/pgi_2019_openmpi_O_feature_fill_nan/esmf/src/Superstructure/Component/src/ESMCI_FTable.C:981
14 0x0000000000c185fd esmf_compmod_esmf_compexecute_()  /work/noaa/da/mpotts/sandbox/pgi_2019_openmpi_O_feature_fill_nan/esmf/src/Superstructure/Component/src/ESMF_Comp.F90:1223
15 0x0000000000c2a841 esmf_cplcompmod_esmf_cplcompinitialize_()  /work/noaa/da/mpotts/sandbox/pgi_2019_openmpi_O_feature_fill_nan/esmf/src/Superstructure/Component/src/ESMF_CplComp.F90:1165
16 0x0000000001259894 nuopc_driver_loopconnectorcompss_()  /work/noaa/da/mpotts/sandbox/pgi_2019_openmpi_O_feature_fill_nan/esmf/src/addon/NUOPC/src/NUOPC_Driver.F90:3023
17 0x0000000001250de7 nuopc_driver_initializeipdv02p3_()  /work/noaa/da/mpotts/sandbox/pgi_2019_openmpi_O_feature_fill_nan/esmf/src/addon/NUOPC/src/NUOPC_Driver.F90:2110
18 0x000000000123f43a nuopc_driver_initializegeneric_()  /work/noaa/da/mpotts/sandbox/pgi_2019_openmpi_O_feature_fill_nan/esmf/src/addon/NUOPC/src/NUOPC_Driver.F90:479
19 0x0000000000659a27 ESMCI::FTable::callVFuncPtr()  /work/noaa/da/mpotts/sandbox/pgi_2019_openmpi_O_feature_fill_nan/esmf/src/Superstructure/Component/src/ESMCI_FTable.C:2167
20 0x0000000000657c2a ESMCI_FTableCallEntryPointVMHop()  /work/noaa/da/mpotts/sandbox/pgi_2019_openmpi_O_feature_fill_nan/esmf/src/Superstructure/Component/src/ESMCI_FTable.C:824
21 0x0000000000a44b88 ESMCI::VM::enter()  /work/noaa/da/mpotts/sandbox/pgi_2019_openmpi_O_feature_fill_nan/esmf/src/Infrastructure/VM/src/ESMCI_VM.C:1216
==== backtrace (tid: 186585) ====
 0 0x000000000073a423 ESMCI::LogErr::MsgFoundError()  /work/noaa/da/mpotts/sandbox/pgi_2019_openmpi_O_feature_fill_nan/esmf/src/Infrastructure/LogErr/src/ESMCI_LogErr.C:586
 1 0x0000000000892721 c_esmc_meshcreatenodedistgrid_()  /work/noaa/da/mpotts/sandbox/pgi_2019_openmpi_O_feature_fill_nan/esmf/src/Infrastructure/Mesh/interface/ESMCI_Mesh_F.C:248
 2 0x0000000000fab95c esmf_meshmod_esmf_meshcreatefrompointer_()  /work/noaa/da/mpotts/sandbox/pgi_2019_openmpi_O_feature_fill_nan/esmf/src/Infrastructure/Mesh/interface/ESMF_Mesh.F90:3091
 3 0x0000000000e8cad2 esmf_gridutilmod_esmf_gridtomesh_()  /work/noaa/da/mpotts/sandbox/pgi_2019_openmpi_O_feature_fill_nan/esmf/src/Infrastructure/GridUtil/interface/ESMF_GridUtil.F90:453
 4 0x0000000000db0b16 esmf_fieldregridmod_b_or_p_gridtomesh_()  /work/noaa/da/mpotts/sandbox/pgi_2019_openmpi_O_feature_fill_nan/esmf/src/Infrastructure/Field/src/ESMF_FieldRegrid.F90:3228
 5 0x0000000000dadfd4 esmf_fieldregridmod_getmeshwithnodesonfieldloc_()  /work/noaa/da/mpotts/sandbox/pgi_2019_openmpi_O_feature_fill_nan/esmf/src/Infrastructure/Field/src/ESMF_FieldRegrid.F90:1346
 6 0x0000000000dac50f esmf_fieldregridmod_esmf_fieldregridstorenx_()  /work/noaa/da/mpotts/sandbox/pgi_2019_openmpi_O_feature_fill_nan/esmf/src/Infrastructure/Field/src/ESMF_FieldRegrid.F90:971
 7 0x0000000000c861ba esmf_fieldbundlemod_esmf_fieldbundleregridstorepair_()  /work/noaa/da/mpotts/sandbox/pgi_2019_openmpi_O_feature_fill_nan/esmf/src/Infrastructure/FieldBundle/src/ESMF_FieldBundle.F90:16211
 8 0x0000000001239c72 nuopc_connector_fieldbundlecplstore_()  /work/noaa/da/mpotts/sandbox/pgi_2019_openmpi_O_feature_fill_nan/esmf/src/addon/NUOPC/src/NUOPC_Connector.F90:7714
 9 0x0000000001223c86 nuopc_connector_initializeipdv05p6b_()  /work/noaa/da/mpotts/sandbox/pgi_2019_openmpi_O_feature_fill_nan/esmf/src/addon/NUOPC/src/NUOPC_Connector.F90:5386
10 0x0000000000659a27 ESMCI::FTable::callVFuncPtr()  /work/noaa/da/mpotts/sandbox/pgi_2019_openmpi_O_feature_fill_nan/esmf/src/Superstructure/Component/src/ESMCI_FTable.C:2167
11 0x0000000000657c2a ESMCI_FTableCallEntryPointVMHop()  /work/noaa/da/mpotts/sandbox/pgi_2019_openmpi_O_feature_fill_nan/esmf/src/Superstructure/Component/src/ESMCI_FTable.C:824
12 0x0000000000a44b88 ESMCI::VM::enter()  /work/noaa/da/mpotts/sandbox/pgi_2019_openmpi_O_feature_fill_nan/esmf/src/Infrastructure/VM/src/ESMCI_VM.C:1216
13 0x0000000000658007 c_esmc_ftablecallentrypointvm_()  /work/noaa/da/mpotts/sandbox/pgi_2019_openmpi_O_feature_fill_nan/esmf/src/Superstructure/Component/src/ESMCI_FTable.C:981
14 0x0000000000c185fd esmf_compmod_esmf_compexecute_()  /work/noaa/da/mpotts/sandbox/pgi_2019_openmpi_O_feature_fill_nan/esmf/src/Superstructure/Component/src/ESMF_Comp.F90:1223
15 0x0000000000c2a841 esmf_cplcompmod_esmf_cplcompinitialize_()  /work/noaa/da/mpotts/sandbox/pgi_2019_openmpi_O_feature_fill_nan/esmf/src/Superstructure/Component/src/ESMF_CplComp.F90:1165
16 0x0000000001259894 nuopc_driver_loopconnectorcompss_()  /work/noaa/da/mpotts/sandbox/pgi_2019_openmpi_O_feature_fill_nan/esmf/src/addon/NUOPC/src/NUOPC_Driver.F90:3023
17 0x0000000001250de7 nuopc_driver_initializeipdv02p3_()  /work/noaa/da/mpotts/sandbox/pgi_2019_openmpi_O_feature_fill_nan/esmf/src/addon/NUOPC/src/NUOPC_Driver.F90:2110
18 0x000000000123f43a nuopc_driver_initializegeneric_()  /work/noaa/da/mpotts/sandbox/pgi_2019_openmpi_O_feature_fill_nan/esmf/src/addon/NUOPC/src/NUOPC_Driver.F90:479
19 0x0000000000659a27 ESMCI::FTable::callVFuncPtr()  /work/noaa/da/mpotts/sandbox/pgi_2019_openmpi_O_feature_fill_nan/esmf/src/Superstructure/Component/src/ESMCI_FTable.C:2167
20 0x0000000000657c2a ESMCI_FTableCallEntryPointVMHop()  /work/noaa/da/mpotts/sandbox/pgi_2019_openmpi_O_feature_fill_nan/esmf/src/Superstructure/Component/src/ESMCI_FTable.C:824
21 0x0000000000a44b88 ESMCI::VM::enter()  /work/noaa/da/mpotts/sandbox/pgi_2019_openmpi_O_feature_fill_nan/esmf/src/Infrastructure/VM/src/ESMCI_VM.C:1216
22 0x0000000000658007 c_esmc_ftablecallentrypointvm_()  /work/noaa/da/mpotts/sandbox/pgi_2019_openmpi_O_feature_fill_nan/esmf/src/Superstructure/Component/src/ESMCI_FTable.C:981
23 0x0000000000c185fd esmf_compmod_esmf_compexecute_()  /work/noaa/da/mpotts/sandbox/pgi_2019_openmpi_O_feature_fill_nan/esmf/src/Superstructure/Component/src/ESMF_Comp.F90:1223
24 0x0000000000df2d11 esmf_gridcompmod_esmf_gridcompinitialize_()  /work/noaa/da/mpotts/sandbox/pgi_2019_openmpi_O_feature_fill_nan/esmf/src/Superstructure/Component/src/ESMF_GridComp.F90:1412
25 0x0000000000405f0d MAIN_()  /work/noaa/da/mpotts/sandbox/pgi_2019_openmpi_O_feature_fill_nan/nuopc-app-prototypes/AtmOcnSelectProto/esmApp.F90:58
26 0x0000000000405b83 main()  ???:0
27 0x0000000000022495 __libc_start_main()  ???:0
28 0x0000000000405a89 _start()  ???:0
=================================
[Orion-13-61:186587] *** Process received signal ***
[Orion-13-61:186587] Signal: Segmentation fault (11)
[Orion-13-61:186587] Signal code:  (-6)
[Orion-13-61:186587] Failing at address: 0x20e50002d8db
[Orion-13-61:186587] [ 0] /lib64/libpthread.so.0(+0xf5d0)[0x7f417abf75d0]
[Orion-13-61:186587] [ 1] /work/noaa/da/mpotts/sandbox/pgi_2019_openmpi_O_feature_fill_nan/esmf/DEFAULTINSTALLDIR/lib/libO/Linux.pgi.64.openmpi.default/libesmf.so(_ZN5ESMCI6LogErr13MsgFoundErrorEiPKciS2_S2_Pi+0x33)[0x7f417938e423]
[Orion-13-61:186587] [ 2] /work/noaa/da/mpotts/sandbox/pgi_2019_openmpi_O_feature_fill_nan/esmf/DEFAULTINSTALLDIR/lib/libO/Linux.pgi.64.openmpi.default/libesmf.so(c_esmc_meshcreatenodedistgrid_+0xa1)[0x7f41794e6721]
22 0x0000000000658007 c_esmc_ftablecallentrypointvm_()  /work/noaa/da/mpotts/sandbox/pgi_2019_openmpi_O_feature_fill_nan/esmf/src/Superstructure/Component/src/ESMCI_FTable.C:981
23 0x0000000000c185fd esmf_compmod_esmf_compexecute_()  /work/noaa/da/mpotts/sandbox/pgi_2019_openmpi_O_feature_fill_nan/esmf/src/Superstructure/Component/src/ESMF_Comp.F90:1223
24 0x0000000000df2d11 esmf_gridcompmod_esmf_gridcompinitialize_()  /work/noaa/da/mpotts/sandbox/pgi_2019_openmpi_O_feature_fill_nan/esmf/src/Superstructure/Component/src/ESMF_GridComp.F90:1412
25 0x0000000000405f0d MAIN_()  /work/noaa/da/mpotts/sandbox/pgi_2019_openmpi_O_feature_fill_nan/nuopc-app-prototypes/AtmOcnSelectProto/esmApp.F90:58
26 0x0000000000405b83 main()  ???:0
27 0x0000000000022495 __libc_start_main()  ???:0
28 0x0000000000405a89 _start()  ???:0
=================================
[Orion-13-61:186585] *** Process received signal ***
[Orion-13-61:186585] Signal: Segmentation fault (11)
[Orion-13-61:186585] Signal code:  (-6)
[Orion-13-61:186585] Failing at address: 0x20e50002d8d9
[Orion-13-61:186585] [ 0] /lib64/libpthread.so.0(+0xf5d0)[0x7f764dbcf5d0]
[Orion-13-61:186585] [ 1] /work/noaa/da/mpotts/sandbox/pgi_2019_openmpi_O_feature_fill_nan/esmf/DEFAULTINSTALLDIR/lib/libO/Linux.pgi.64.openmpi.default/libesmf.so(_ZN5ESMCI6LogErr13MsgFoundErrorEiPKciS2_S2_Pi+0x33)[0x7f764c366423]
[Orion-13-61:186585] [ 2] /work/noaa/da/mpotts/sandbox/pgi_2019_openmpi_O_feature_fill_nan/esmf/DEFAULTINSTALLDIR/lib/libO/Linux.pgi.64.openmpi.default/libesmf.so(c_esmc_meshcreatenodedistgrid_+0xa1)[0x7f764c4be721]
[Orion-13-61:186587] [ 3] /work/noaa/da/mpotts/sandbox/pgi_2019_openmpi_O_feature_fill_nan/esmf/DEFAULTINSTALLDIR/lib/libO/Linux.pgi.64.openmpi.default/libesmf.so(esmf_meshmod_esmf_meshcreatefrompointer_+0x4c)[0x7f4179bff95c]
[Orion-13-61:186587] [ 4] /work/noaa/da/mpotts/sandbox/pgi_2019_openmpi_O_feature_fill_nan/esmf/DEFAULTINSTALLDIR/lib/libO/Linux.pgi.64.openmpi.default/libesmf.so(esmf_gridutilmod_esmf_gridtomesh_+0x352)[0x7f4179ae0ad2]
[Orion-13-61:186585] [ 3] /work/noaa/da/mpotts/sandbox/pgi_2019_openmpi_O_feature_fill_nan/esmf/DEFAULTINSTALLDIR/lib/libO/Linux.pgi.64.openmpi.default/libesmf.so(esmf_meshmod_esmf_meshcreatefrompointer_+0x4c)[0x7f764cbd795c]
[Orion-13-61:186587] [ 5] /work/noaa/da/mpotts/sandbox/pgi_2019_openmpi_O_feature_fill_nan/esmf/DEFAULTINSTALLDIR/lib/libO/Linux.pgi.64.openmpi.default/libesmf.so(esmf_fieldregridmod_b_or_p_gridtomesh_+0x156)[0x7f4179a04b16]
[Orion-13-61:186585] [ 4] /work/noaa/da/mpotts/sandbox/pgi_2019_openmpi_O_feature_fill_nan/esmf/DEFAULTINSTALLDIR/lib/libO/Linux.pgi.64.openmpi.default/libesmf.so(esmf_gridutilmod_esmf_gridtomesh_+0x352)[0x7f764cab8ad2]
[Orion-13-61:186587] [ 6] /work/noaa/da/mpotts/sandbox/pgi_2019_openmpi_O_feature_fill_nan/esmf/DEFAULTINSTALLDIR/lib/libO/Linux.pgi.64.openmpi.default/libesmf.so(esmf_fieldregridmod_getmeshwithnodesonfieldloc_+0x394)[0x7f4179a01fd4]
[Orion-13-61:186585] [ 5] /work/noaa/da/mpotts/sandbox/pgi_2019_openmpi_O_feature_fill_nan/esmf/DEFAULTINSTALLDIR/lib/libO/Linux.pgi.64.openmpi.default/libesmf.so(esmf_fieldregridmod_b_or_p_gridtomesh_+0x156)[0x7f764c9dcb16]
[Orion-13-61:186587] [ 7] /work/noaa/da/mpotts/sandbox/pgi_2019_openmpi_O_feature_fill_nan/esmf/DEFAULTINSTALLDIR/lib/libO/Linux.pgi.64.openmpi.default/libesmf.so(esmf_fieldregridmod_esmf_fieldregridstorenx_+0x9cf)[0x7f4179a0050f]
[Orion-13-61:186585] [ 6] /work/noaa/da/mpotts/sandbox/pgi_2019_openmpi_O_feature_fill_nan/esmf/DEFAULTINSTALLDIR/lib/libO/Linux.pgi.64.openmpi.default/libesmf.so(esmf_fieldregridmod_getmeshwithnodesonfieldloc_+0x394)[0x7f764c9d9fd4]
[Orion-13-61:186587] [ 8] /work/noaa/da/mpotts/sandbox/pgi_2019_openmpi_O_feature_fill_nan/esmf/DEFAULTINSTALLDIR/lib/libO/Linux.pgi.64.openmpi.default/libesmf.so(esmf_fieldbundlemod_esmf_fieldbundleregridstorepair_+0x3a1a)[0x7f41798da1ba]
[Orion-13-61:186585] [ 7] /work/noaa/da/mpotts/sandbox/pgi_2019_openmpi_O_feature_fill_nan/esmf/DEFAULTINSTALLDIR/lib/libO/Linux.pgi.64.openmpi.default/libesmf.so(esmf_fieldregridmod_esmf_fieldregridstorenx_+0x9cf)[0x7f764c9d850f]
[Orion-13-61:186587] [ 9] /work/noaa/da/mpotts/sandbox/pgi_2019_openmpi_O_feature_fill_nan/esmf/DEFAULTINSTALLDIR/lib/libO/Linux.pgi.64.openmpi.default/libesmf.so(nuopc_connector_fieldbundlecplstore_+0x90d2)[0x7f4179e8dc72]
[Orion-13-61:186587] [10] /work/noaa/da/mpotts/sandbox/pgi_2019_openmpi_O_feature_fill_nan/esmf/DEFAULTINSTALLDIR/lib/libO/Linux.pgi.64.openmpi.default/libesmf.so(nuopc_connector_initializeipdv05p6b_+0x4f76)[0x7f4179e77c86]
[Orion-13-61:186585] [ 8] /work/noaa/da/mpotts/sandbox/pgi_2019_openmpi_O_feature_fill_nan/esmf/DEFAULTINSTALLDIR/lib/libO/Linux.pgi.64.openmpi.default/libesmf.so(esmf_fieldbundlemod_esmf_fieldbundleregridstorepair_+0x3a1a)[0x7f764c8b21ba]
[Orion-13-61:186585] [ 9] /work/noaa/da/mpotts/sandbox/pgi_2019_openmpi_O_feature_fill_nan/esmf/DEFAULTINSTALLDIR/lib/libO/Linux.pgi.64.openmpi.default/libesmf.so(nuopc_connector_fieldbundlecplstore_+0x90d2)[0x7f764ce65c72]
[Orion-13-61:186587] [11] /work/noaa/da/mpotts/sandbox/pgi_2019_openmpi_O_feature_fill_nan/esmf/DEFAULTINSTALLDIR/lib/libO/Linux.pgi.64.openmpi.default/libesmf.so(_ZN5ESMCI6FTable12callVFuncPtrEPKcPNS_2VMEPi+0x417)[0x7f41792ada27]
[Orion-13-61:186587] [12] /work/noaa/da/mpotts/sandbox/pgi_2019_openmpi_O_feature_fill_nan/esmf/DEFAULTINSTALLDIR/lib/libO/Linux.pgi.64.openmpi.default/libesmf.so(ESMCI_FTableCallEntryPointVMHop+0x1ea)[0x7f41792abc2a]
[Orion-13-61:186585] [10] /work/noaa/da/mpotts/sandbox/pgi_2019_openmpi_O_feature_fill_nan/esmf/DEFAULTINSTALLDIR/lib/libO/Linux.pgi.64.openmpi.default/libesmf.so(nuopc_connector_initializeipdv05p6b_+0x4f76)[0x7f764ce4fc86]
[Orion-13-61:186585] [11] /work/noaa/da/mpotts/sandbox/pgi_2019_openmpi_O_feature_fill_nan/esmf/DEFAULTINSTALLDIR/lib/libO/Linux.pgi.64.openmpi.default/libesmf.so(_ZN5ESMCI6FTable12callVFuncPtrEPKcPNS_2VMEPi+0x417)[0x7f764c285a27]
[Orion-13-61:186587] [13] /work/noaa/da/mpotts/sandbox/pgi_2019_openmpi_O_feature_fill_nan/esmf/DEFAULTINSTALLDIR/lib/libO/Linux.pgi.64.openmpi.default/libesmf.so(_ZN5ESMCI2VM5enterEPNS_6VMPlanEPvS3_+0x18)[0x7f4179698b88]
[Orion-13-61:186585] [12] /work/noaa/da/mpotts/sandbox/pgi_2019_openmpi_O_feature_fill_nan/esmf/DEFAULTINSTALLDIR/lib/libO/Linux.pgi.64.openmpi.default/libesmf.so(ESMCI_FTableCallEntryPointVMHop+0x1ea)[0x7f764c283c2a]
[Orion-13-61:186587] [14] /work/noaa/da/mpotts/sandbox/pgi_2019_openmpi_O_feature_fill_nan/esmf/DEFAULTINSTALLDIR/lib/libO/Linux.pgi.64.openmpi.default/libesmf.so(c_esmc_ftablecallentrypointvm_+0x337)[0x7f41792ac007]
[Orion-13-61:186587] [15] /work/noaa/da/mpotts/sandbox/pgi_2019_openmpi_O_feature_fill_nan/esmf/DEFAULTINSTALLDIR/lib/libO/Linux.pgi.64.openmpi.default/libesmf.so(esmf_compmod_esmf_compexecute_+0x7ed)[0x7f417986c5fd]
[Orion-13-61:186585] [13] /work/noaa/da/mpotts/sandbox/pgi_2019_openmpi_O_feature_fill_nan/esmf/DEFAULTINSTALLDIR/lib/libO/Linux.pgi.64.openmpi.default/libesmf.so(_ZN5ESMCI2VM5enterEPNS_6VMPlanEPvS3_+0x18)[0x7f764c670b88]
[Orion-13-61:186585] [14] /work/noaa/da/mpotts/sandbox/pgi_2019_openmpi_O_feature_fill_nan/esmf/DEFAULTINSTALLDIR/lib/libO/Linux.pgi.64.openmpi.default/libesmf.so(c_esmc_ftablecallentrypointvm_+0x337)[0x7f764c284007]
[Orion-13-61:186587] [16] /work/noaa/da/mpotts/sandbox/pgi_2019_openmpi_O_feature_fill_nan/esmf/DEFAULTINSTALLDIR/lib/libO/Linux.pgi.64.openmpi.default/libesmf.so(esmf_cplcompmod_esmf_cplcompinitialize_+0x161)[0x7f417987e841]
[Orion-13-61:186585] [15] /work/noaa/da/mpotts/sandbox/pgi_2019_openmpi_O_feature_fill_nan/esmf/DEFAULTINSTALLDIR/lib/libO/Linux.pgi.64.openmpi.default/libesmf.so(esmf_compmod_esmf_compexecute_+0x7ed)[0x7f764c8445fd]
[Orion-13-61:186587] [17] /work/noaa/da/mpotts/sandbox/pgi_2019_openmpi_O_feature_fill_nan/esmf/DEFAULTINSTALLDIR/lib/libO/Linux.pgi.64.openmpi.default/libesmf.so(nuopc_driver_loopconnectorcompss_+0xeb4)[0x7f4179ead894]
[Orion-13-61:186587] [18] /work/noaa/da/mpotts/sandbox/pgi_2019_openmpi_O_feature_fill_nan/esmf/DEFAULTINSTALLDIR/lib/libO/Linux.pgi.64.openmpi.default/libesmf.so(nuopc_driver_initializeipdv02p3_+0x2f77)[0x7f4179ea4de7]
[Orion-13-61:186585] [16] /work/noaa/da/mpotts/sandbox/pgi_2019_openmpi_O_feature_fill_nan/esmf/DEFAULTINSTALLDIR/lib/libO/Linux.pgi.64.openmpi.default/libesmf.so(esmf_cplcompmod_esmf_cplcompinitialize_+0x161)[0x7f764c856841]
[Orion-13-61:186587] [19] /work/noaa/da/mpotts/sandbox/pgi_2019_openmpi_O_feature_fill_nan/esmf/DEFAULTINSTALLDIR/lib/libO/Linux.pgi.64.openmpi.default/libesmf.so(nuopc_driver_initializegeneric_+0x62a)[0x7f4179e9343a]
[Orion-13-61:186585] [17] /work/noaa/da/mpotts/sandbox/pgi_2019_openmpi_O_feature_fill_nan/esmf/DEFAULTINSTALLDIR/lib/libO/Linux.pgi.64.openmpi.default/libesmf.so(nuopc_driver_loopconnectorcompss_+0xeb4)[0x7f764ce85894]
[Orion-13-61:186587] [20] /work/noaa/da/mpotts/sandbox/pgi_2019_openmpi_O_feature_fill_nan/esmf/DEFAULTINSTALLDIR/lib/libO/Linux.pgi.64.openmpi.default/libesmf.so(_ZN5ESMCI6FTable12callVFuncPtrEPKcPNS_2VMEPi+0x417)[0x7f41792ada27]
[Orion-13-61:186585] [18] /work/noaa/da/mpotts/sandbox/pgi_2019_openmpi_O_feature_fill_nan/esmf/DEFAULTINSTALLDIR/lib/libO/Linux.pgi.64.openmpi.default/libesmf.so(nuopc_driver_initializeipdv02p3_+0x2f77)[0x7f764ce7cde7]
[Orion-13-61:186587] [21] /work/noaa/da/mpotts/sandbox/pgi_2019_openmpi_O_feature_fill_nan/esmf/DEFAULTINSTALLDIR/lib/libO/Linux.pgi.64.openmpi.default/libesmf.so(ESMCI_FTableCallEntryPointVMHop+0x1ea)[0x7f41792abc2a]
[Orion-13-61:186585] [19] /work/noaa/da/mpotts/sandbox/pgi_2019_openmpi_O_feature_fill_nan/esmf/DEFAULTINSTALLDIR/lib/libO/Linux.pgi.64.openmpi.default/libesmf.so(nuopc_driver_initializegeneric_+0x62a)[0x7f764ce6b43a]
[Orion-13-61:186585] [20] /work/noaa/da/mpotts/sandbox/pgi_2019_openmpi_O_feature_fill_nan/esmf/DEFAULTINSTALLDIR/lib/libO/Linux.pgi.64.openmpi.default/libesmf.so(_ZN5ESMCI6FTable12callVFuncPtrEPKcPNS_2VMEPi+0x417)[0x7f764c285a27]
[Orion-13-61:186587] [22] /work/noaa/da/mpotts/sandbox/pgi_2019_openmpi_O_feature_fill_nan/esmf/DEFAULTINSTALLDIR/lib/libO/Linux.pgi.64.openmpi.default/libesmf.so(_ZN5ESMCI2VM5enterEPNS_6VMPlanEPvS3_+0x18)[0x7f4179698b88]
[Orion-13-61:186585] [21] /work/noaa/da/mpotts/sandbox/pgi_2019_openmpi_O_feature_fill_nan/esmf/DEFAULTINSTALLDIR/lib/libO/Linux.pgi.64.openmpi.default/libesmf.so(ESMCI_FTableCallEntryPointVMHop+0x1ea)[0x7f764c283c2a]
[Orion-13-61:186587] [23] /work/noaa/da/mpotts/sandbox/pgi_2019_openmpi_O_feature_fill_nan/esmf/DEFAULTINSTALLDIR/lib/libO/Linux.pgi.64.openmpi.default/libesmf.so(c_esmc_ftablecallentrypointvm_+0x337)[0x7f41792ac007]
[Orion-13-61:186585] [22] /work/noaa/da/mpotts/sandbox/pgi_2019_openmpi_O_feature_fill_nan/esmf/DEFAULTINSTALLDIR/lib/libO/Linux.pgi.64.openmpi.default/libesmf.so(_ZN5ESMCI2VM5enterEPNS_6VMPlanEPvS3_+0x18)[0x7f764c670b88]
[Orion-13-61:186587] [24] /work/noaa/da/mpotts/sandbox/pgi_2019_openmpi_O_feature_fill_nan/esmf/DEFAULTINSTALLDIR/lib/libO/Linux.pgi.64.openmpi.default/libesmf.so(esmf_compmod_esmf_compexecute_+0x7ed)[0x7f417986c5fd]
[Orion-13-61:186585] [23] /work/noaa/da/mpotts/sandbox/pgi_2019_openmpi_O_feature_fill_nan/esmf/DEFAULTINSTALLDIR/lib/libO/Linux.pgi.64.openmpi.default/libesmf.so(c_esmc_ftablecallentrypointvm_+0x337)[0x7f764c284007]
[Orion-13-61:186587] [25] /work/noaa/da/mpotts/sandbox/pgi_2019_openmpi_O_feature_fill_nan/esmf/DEFAULTINSTALLDIR/lib/libO/Linux.pgi.64.openmpi.default/libesmf.so(esmf_gridcompmod_esmf_gridcompinitialize_+0x161)[0x7f4179a46d11]
[Orion-13-61:186587] [26] /work/noaa/da/mpotts/sandbox/pgi_2019_openmpi_O_feature_fill_nan/nuopc-app-prototypes/AtmOcnSelectProto/./esmApp[0x405f0d]
[Orion-13-61:186587] [27] /work/noaa/da/mpotts/sandbox/pgi_2019_openmpi_O_feature_fill_nan/nuopc-app-prototypes/AtmOcnSelectProto/./esmApp[0x405b83]
[Orion-13-61:186587] [28] /lib64/libc.so.6(__libc_start_main+0xf5)[0x7f41750a1495]
[Orion-13-61:186587] [29] /work/noaa/da/mpotts/sandbox/pgi_2019_openmpi_O_feature_fill_nan/nuopc-app-prototypes/AtmOcnSelectProto/./esmApp[0x405a89]
[Orion-13-61:186587] *** End of error message ***
[Orion-13-61:186585] [24] /work/noaa/da/mpotts/sandbox/pgi_2019_openmpi_O_feature_fill_nan/esmf/DEFAULTINSTALLDIR/lib/libO/Linux.pgi.64.openmpi.default/libesmf.so(esmf_compmod_esmf_compexecute_+0x7ed)[0x7f764c8445fd]
[Orion-13-61:186585] [25] /work/noaa/da/mpotts/sandbox/pgi_2019_openmpi_O_feature_fill_nan/esmf/DEFAULTINSTALLDIR/lib/libO/Linux.pgi.64.openmpi.default/libesmf.so(esmf_gridcompmod_esmf_gridcompinitialize_+0x161)[0x7f764ca1ed11]
[Orion-13-61:186585] [26] /work/noaa/da/mpotts/sandbox/pgi_2019_openmpi_O_feature_fill_nan/nuopc-app-prototypes/AtmOcnSelectProto/./esmApp[0x405f0d]
[Orion-13-61:186585] [27] /work/noaa/da/mpotts/sandbox/pgi_2019_openmpi_O_feature_fill_nan/nuopc-app-prototypes/AtmOcnSelectProto/./esmApp[0x405b83]
[Orion-13-61:186585] [28] /lib64/libc.so.6(__libc_start_main+0xf5)[0x7f7648079495]
[Orion-13-61:186585] [29] /work/noaa/da/mpotts/sandbox/pgi_2019_openmpi_O_feature_fill_nan/nuopc-app-prototypes/AtmOcnSelectProto/./esmApp[0x405a89]
[Orion-13-61:186585] *** End of error message ***
srun: error: Orion-13-61: tasks 0-3: Segmentation fault
srun: launch/slurm: _step_signal: Terminating StepId=10465098.370
