2023-05-14 03:02:36
 -- start FreeFormatPrint(attrFF) of read in attributes --------
  Verbosity = 4609
  Profiling = 4096
 ---- end FreeFormatPrint(attrFF) of read in attributes --------
 -- start FreeFormatPrint(attrFF) of egested attributes --------
 CompLabel = _uninitialized
 Diagnostic = 0
 FinalizePhaseMap = FinalizePhase1=1 ExternalFinalizeReset=2
 HierarchyProtocol = ConnectProvidedFields
 IPDvX = false
 InitializeDataComplete = false
 InitializeDataProgress = false
 InitializeDataResolution = true
 InitializePhaseMap = IPDv02p1=2 IPDv02p3=3 IPDv02p5=4 ExternalAdvertise=5 ExternalRealize=6 ExternalDataInitialize=7
 InternalFinalizePhaseMap
 InternalInitializePhaseMap = IPDv05p1=8 IPDv05p2=9 IPDv05p3=10 IPDv05p4=11 IPDv05p6=12 IPDv05p8=13
 InternalRunPhaseMap
 Kind = Driver
 0
 0
 Profiling = 4096
 RunPhaseMap = RunPhase1=1
 Verbosity = 4609
 ---- end FreeFormatPrint(attrFF) of egested attributes --------
 NUOPC_DriverPrint for PET:            0
   Model, Mediator, and Driver components, in the order
   that they were added to the Driver:
            1 :  ATM
            2 :  OCN
            3 :  LND
   Connector components, in the order
   that they were added to the Driver:
            1 :  ATM-TO-OCN
            2 :  OCN-TO-ATM
            3 :  ATM-TO-LND
            4 :  LND-TO-ATM
NUOPC_RunSequenceArrayPrint: element     1 out of      4
runSeq::
 runElementPrint:      1     2     1 F T
 runElementPrint:      2     1     1 F T
 runElementPrint:      1     3     1 F T
 runElementPrint:      3     1     1 F T
 runElementPrint:      1    -1     1 F T
 runElementPrint:     -2     0     0 F T
 runElementPrint:     -1    -1     0 F F
::
NUOPC_RunSequenceArrayPrint: element     2 out of      4
runSeq::
 runElementPrint:      2    -1     1 F T
 runElementPrint:     -3     0     0 F T
 runElementPrint:      3    -1     1 F T
 runElementPrint:     -2    -1     0 F F
::
NUOPC_RunSequenceArrayPrint: element     3 out of      4
runSeq::
 runElementPrint:     -4     0     0 F T
 runElementPrint:     -3    -1     0 F F
::
NUOPC_RunSequenceArrayPrint: element     4 out of      4
runSeq::
 runElementPrint:      3     1     1 T T
 runElementPrint:     -4    -1     0 T F
::
[Orion-02-51:298842:0:298842] Caught signal 11 (Segmentation fault: address not mapped to object at address 0x4f1b591)
 -- start FreeFormatPrint(attrFF) of read in attributes --------
  Verbosity = 4609
  Profiling = 4096
 ---- end FreeFormatPrint(attrFF) of read in attributes --------
 -- start FreeFormatPrint(attrFF) of egested attributes --------
 CompLabel = _uninitialized
 Diagnostic = 0
 FinalizePhaseMap = FinalizePhase1=1 ExternalFinalizeReset=2
 HierarchyProtocol = ConnectProvidedFields
 IPDvX = false
 InitializeDataComplete = false
 InitializeDataProgress = false
 InitializeDataResolution = true
 InitializePhaseMap = IPDv02p1=2 IPDv02p3=3 IPDv02p5=4 ExternalAdvertise=5 ExternalRealize=6 ExternalDataInitialize=7
 InternalFinalizePhaseMap
 InternalInitializePhaseMap = IPDv05p1=8 IPDv05p2=9 IPDv05p3=10 IPDv05p4=11 IPDv05p6=12 IPDv05p8=13
 InternalRunPhaseMap
 Kind = Driver
 0
 0
 Profiling = 4096
 RunPhaseMap = RunPhase1=1
 Verbosity = 4609
 ---- end FreeFormatPrint(attrFF) of egested attributes --------
 NUOPC_DriverPrint for PET:            1
   Model, Mediator, and Driver components, in the order
   that they were added to the Driver:
            1 :  ATM
            2 :  OCN
            3 :  LND
   Connector components, in the order
   that they were added to the Driver:
            1 :  ATM-TO-OCN
            2 :  OCN-TO-ATM
            3 :  ATM-TO-LND
            4 :  LND-TO-ATM
NUOPC_RunSequenceArrayPrint: element     1 out of      4
runSeq::
 runElementPrint:      1     2     1 F T
 runElementPrint:      2     1     1 F T
 runElementPrint:      1     3     1 F T
 runElementPrint:      3     1     1 F T
 runElementPrint:      1    -1     1 F T
 runElementPrint:     -2     0     0 F T
 runElementPrint:     -1    -1     0 F F
::
NUOPC_RunSequenceArrayPrint: element     2 out of      4
runSeq::
 runElementPrint:      2    -1     1 F T
 runElementPrint:     -3     0     0 F T
 runElementPrint:      3    -1     1 F T
 runElementPrint:     -2    -1     0 F F
::
NUOPC_RunSequenceArrayPrint: element     3 out of      4
runSeq::
 runElementPrint:     -4     0     0 F T
 runElementPrint:     -3    -1     0 F F
::
NUOPC_RunSequenceArrayPrint: element     4 out of      4
runSeq::
 runElementPrint:      3     1     1 T T
 runElementPrint:     -4    -1     0 T F
::
[Orion-02-51:298843:0:298843] Caught signal 11 (Segmentation fault: address not mapped to object at address 0x4f1b591)
 -- start FreeFormatPrint(attrFF) of read in attributes --------
  Verbosity = 4609
  Profiling = 4096
 ---- end FreeFormatPrint(attrFF) of read in attributes --------
 -- start FreeFormatPrint(attrFF) of egested attributes --------
 CompLabel = _uninitialized
 Diagnostic = 0
 FinalizePhaseMap = FinalizePhase1=1 ExternalFinalizeReset=2
 HierarchyProtocol = ConnectProvidedFields
 IPDvX = false
 InitializeDataComplete = false
 InitializeDataProgress = false
 InitializeDataResolution = true
 InitializePhaseMap = IPDv02p1=2 IPDv02p3=3 IPDv02p5=4 ExternalAdvertise=5 ExternalRealize=6 ExternalDataInitialize=7
 InternalFinalizePhaseMap
 InternalInitializePhaseMap = IPDv05p1=8 IPDv05p2=9 IPDv05p3=10 IPDv05p4=11 IPDv05p6=12 IPDv05p8=13
 InternalRunPhaseMap
 Kind = Driver
 0
 0
 Profiling = 4096
 RunPhaseMap = RunPhase1=1
 Verbosity = 4609
 ---- end FreeFormatPrint(attrFF) of egested attributes --------
 NUOPC_DriverPrint for PET:            2
   Model, Mediator, and Driver components, in the order
   that they were added to the Driver:
            1 :  ATM
            2 :  OCN
            3 :  LND
   Connector components, in the order
   that they were added to the Driver:
            1 :  ATM-TO-OCN
            2 :  OCN-TO-ATM
            3 :  ATM-TO-LND
            4 :  LND-TO-ATM
NUOPC_RunSequenceArrayPrint: element     1 out of      4
runSeq::
 runElementPrint:      1     2     1 F T
 runElementPrint:      2     1     1 F T
 runElementPrint:      1     3     1 F T
 runElementPrint:      3     1     1 F T
 runElementPrint:      1    -1     1 F T
 runElementPrint:     -2     0     0 F T
 runElementPrint:     -1    -1     0 F F
::
NUOPC_RunSequenceArrayPrint: element     2 out of      4
runSeq::
 runElementPrint:      2    -1     1 F T
 runElementPrint:     -3     0     0 F T
 runElementPrint:      3    -1     1 F T
 runElementPrint:     -2    -1     0 F F
::
NUOPC_RunSequenceArrayPrint: element     3 out of      4
runSeq::
 runElementPrint:     -4     0     0 F T
 runElementPrint:     -3    -1     0 F F
::
NUOPC_RunSequenceArrayPrint: element     4 out of      4
runSeq::
 runElementPrint:      3     1     1 T T
 runElementPrint:     -4    -1     0 T F
::
[Orion-02-51:298844:0:298844] Caught signal 11 (Segmentation fault: address not mapped to object at address 0x4f1b591)
 -- start FreeFormatPrint(attrFF) of read in attributes --------
  Verbosity = 4609
  Profiling = 4096
 ---- end FreeFormatPrint(attrFF) of read in attributes --------
 -- start FreeFormatPrint(attrFF) of egested attributes --------
 CompLabel = _uninitialized
 Diagnostic = 0
 FinalizePhaseMap = FinalizePhase1=1 ExternalFinalizeReset=2
 HierarchyProtocol = ConnectProvidedFields
 IPDvX = false
 InitializeDataComplete = false
 InitializeDataProgress = false
 InitializeDataResolution = true
 InitializePhaseMap = IPDv02p1=2 IPDv02p3=3 IPDv02p5=4 ExternalAdvertise=5 ExternalRealize=6 ExternalDataInitialize=7
 InternalFinalizePhaseMap
 InternalInitializePhaseMap = IPDv05p1=8 IPDv05p2=9 IPDv05p3=10 IPDv05p4=11 IPDv05p6=12 IPDv05p8=13
 InternalRunPhaseMap
 Kind = Driver
 0
 0
 Profiling = 4096
 RunPhaseMap = RunPhase1=1
 Verbosity = 4609
 ---- end FreeFormatPrint(attrFF) of egested attributes --------
 NUOPC_DriverPrint for PET:            3
   Model, Mediator, and Driver components, in the order
   that they were added to the Driver:
            1 :  ATM
            2 :  OCN
            3 :  LND
   Connector components, in the order
   that they were added to the Driver:
            1 :  ATM-TO-OCN
            2 :  OCN-TO-ATM
            3 :  ATM-TO-LND
            4 :  LND-TO-ATM
NUOPC_RunSequenceArrayPrint: element     1 out of      4
runSeq::
 runElementPrint:      1     2     1 F T
 runElementPrint:      2     1     1 F T
 runElementPrint:      1     3     1 F T
 runElementPrint:      3     1     1 F T
 runElementPrint:      1    -1     1 F T
 runElementPrint:     -2     0     0 F T
 runElementPrint:     -1    -1     0 F F
::
NUOPC_RunSequenceArrayPrint: element     2 out of      4
runSeq::
 runElementPrint:      2    -1     1 F T
 runElementPrint:     -3     0     0 F T
 runElementPrint:      3    -1     1 F T
 runElementPrint:     -2    -1     0 F F
::
NUOPC_RunSequenceArrayPrint: element     3 out of      4
runSeq::
 runElementPrint:     -4     0     0 F T
 runElementPrint:     -3    -1     0 F F
::
NUOPC_RunSequenceArrayPrint: element     4 out of      4
runSeq::
 runElementPrint:      3     1     1 T T
 runElementPrint:     -4    -1     0 T F
::
[Orion-02-51:298845:0:298845] Caught signal 11 (Segmentation fault: address not mapped to object at address 0x4f1b591)

/work/noaa/da/mpotts/sandbox/pgi_2019_openmpi_O_feature_fill_nan/esmf/src/Infrastructure/LogErr/src/ESMCI_LogErr.C: [ ESMCI::LogErr::MsgFoundError() ]
      ...

/work/noaa/da/mpotts/sandbox/pgi_2019_openmpi_O_feature_fill_nan/esmf/src/Infrastructure/LogErr/src/ESMCI_LogErr.C: [ ESMCI::LogErr::MsgFoundError() ]
      ...
      583 {
      584     bool result=false;
      585 #ifdef ESMC_SUCCESSDEFAULT_ON
==>   586     if (rcToReturn != ESMC_NULL_POINTER) *rcToReturn=ESMF_SUCCESS;
      587 #endif
      588     if (trace) {
      589         Write(ESMC_METHOD,ESMC_LOGMSG_TRACE,
      583 {
      584     bool result=false;
      585 #ifdef ESMC_SUCCESSDEFAULT_ON
==>   586     if (rcToReturn != ESMC_NULL_POINTER) *rcToReturn=ESMF_SUCCESS;
      587 #endif
      588     if (trace) {
      589         Write(ESMC_METHOD,ESMC_LOGMSG_TRACE,



/work/noaa/da/mpotts/sandbox/pgi_2019_openmpi_O_feature_fill_nan/esmf/src/Infrastructure/LogErr/src/ESMCI_LogErr.C: [ ESMCI::LogErr::MsgFoundError() ]
      ...

/work/noaa/da/mpotts/sandbox/pgi_2019_openmpi_O_feature_fill_nan/esmf/src/Infrastructure/LogErr/src/ESMCI_LogErr.C: [ ESMCI::LogErr::MsgFoundError() ]
      ...
      583 {
      584     bool result=false;
      585 #ifdef ESMC_SUCCESSDEFAULT_ON
==>   586     if (rcToReturn != ESMC_NULL_POINTER) *rcToReturn=ESMF_SUCCESS;
      587 #endif
      588     if (trace) {
      589         Write(ESMC_METHOD,ESMC_LOGMSG_TRACE,

      583 {
      584     bool result=false;
      585 #ifdef ESMC_SUCCESSDEFAULT_ON
==>   586     if (rcToReturn != ESMC_NULL_POINTER) *rcToReturn=ESMF_SUCCESS;
      587 #endif
      588     if (trace) {
      589         Write(ESMC_METHOD,ESMC_LOGMSG_TRACE,

==== backtrace (tid: 298843) ====
 0 0x000000000073a423 ESMCI::LogErr::MsgFoundError()  /work/noaa/da/mpotts/sandbox/pgi_2019_openmpi_O_feature_fill_nan/esmf/src/Infrastructure/LogErr/src/ESMCI_LogErr.C:586
 1 0x0000000000892721 c_esmc_meshcreatenodedistgrid_()  /work/noaa/da/mpotts/sandbox/pgi_2019_openmpi_O_feature_fill_nan/esmf/src/Infrastructure/Mesh/interface/ESMCI_Mesh_F.C:248
 2 0x0000000000fab95c esmf_meshmod_esmf_meshcreatefrompointer_()  /work/noaa/da/mpotts/sandbox/pgi_2019_openmpi_O_feature_fill_nan/esmf/src/Infrastructure/Mesh/interface/ESMF_Mesh.F90:3091
 3 0x0000000000e8cad2 esmf_gridutilmod_esmf_gridtomesh_()  /work/noaa/da/mpotts/sandbox/pgi_2019_openmpi_O_feature_fill_nan/esmf/src/Infrastructure/GridUtil/interface/ESMF_GridUtil.F90:453
 4 0x0000000000db0b16 esmf_fieldregridmod_b_or_p_gridtomesh_()  /work/noaa/da/mpotts/sandbox/pgi_2019_openmpi_O_feature_fill_nan/esmf/src/Infrastructure/Field/src/ESMF_FieldRegrid.F90:3228
 5 0x0000000000dadfd4 esmf_fieldregridmod_getmeshwithnodesonfieldloc_()  /work/noaa/da/mpotts/sandbox/pgi_2019_openmpi_O_feature_fill_nan/esmf/src/Infrastructure/Field/src/ESMF_FieldRegrid.F90:1346
 6 0x0000000000dac50f esmf_fieldregridmod_esmf_fieldregridstorenx_()  /work/noaa/da/mpotts/sandbox/pgi_2019_openmpi_O_feature_fill_nan/esmf/src/Infrastructure/Field/src/ESMF_FieldRegrid.F90:971
 7 0x0000000000c861ba esmf_fieldbundlemod_esmf_fieldbundleregridstorepair_()  /work/noaa/da/mpotts/sandbox/pgi_2019_openmpi_O_feature_fill_nan/esmf/src/Infrastructure/FieldBundle/src/ESMF_FieldBundle.F90:16211
 8 0x0000000001239c72 nuopc_connector_fieldbundlecplstore_()  /work/noaa/da/mpotts/sandbox/pgi_2019_openmpi_O_feature_fill_nan/esmf/src/addon/NUOPC/src/NUOPC_Connector.F90:7714
 9 0x0000000001223c86 nuopc_connector_initializeipdv05p6b_()  /work/noaa/da/mpotts/sandbox/pgi_2019_openmpi_O_feature_fill_nan/esmf/src/addon/NUOPC/src/NUOPC_Connector.F90:5386
10 0x0000000000659a27 ESMCI::FTable::callVFuncPtr()  /work/noaa/da/mpotts/sandbox/pgi_2019_openmpi_O_feature_fill_nan/esmf/src/Superstructure/Component/src/ESMCI_FTable.C:2167
11 0x0000000000657c2a ESMCI_FTableCallEntryPointVMHop()  /work/noaa/da/mpotts/sandbox/pgi_2019_openmpi_O_feature_fill_nan/esmf/src/Superstructure/Component/src/ESMCI_FTable.C:824
12 0x0000000000a44b88 ESMCI::VM::enter()  /work/noaa/da/mpotts/sandbox/pgi_2019_openmpi_O_feature_fill_nan/esmf/src/Infrastructure/VM/src/ESMCI_VM.C:1216
13 0x0000000000658007 c_esmc_ftablecallentrypointvm_()  /work/noaa/da/mpotts/sandbox/pgi_2019_openmpi_O_feature_fill_nan/esmf/src/Superstructure/Component/src/ESMCI_FTable.C:981
14 0x0000000000c185fd esmf_compmod_esmf_compexecute_()  /work/noaa/da/mpotts/sandbox/pgi_2019_openmpi_O_feature_fill_nan/esmf/src/Superstructure/Component/src/ESMF_Comp.F90:1223
15 0x0000000000c2a841 esmf_cplcompmod_esmf_cplcompinitialize_()  /work/noaa/da/mpotts/sandbox/pgi_2019_openmpi_O_feature_fill_nan/esmf/src/Superstructure/Component/src/ESMF_CplComp.F90:1165
16 0x0000000001259894 nuopc_driver_loopconnectorcompss_()  /work/noaa/da/mpotts/sandbox/pgi_2019_openmpi_O_feature_fill_nan/esmf/src/addon/NUOPC/src/NUOPC_Driver.F90:3023
17 0x0000000001250de7 nuopc_driver_initializeipdv02p3_()  /work/noaa/da/mpotts/sandbox/pgi_2019_openmpi_O_feature_fill_nan/esmf/src/addon/NUOPC/src/NUOPC_Driver.F90:2110
18 0x000000000123f43a nuopc_driver_initializegeneric_()  /work/noaa/da/mpotts/sandbox/pgi_2019_openmpi_O_feature_fill_nan/esmf/src/addon/NUOPC/src/NUOPC_Driver.F90:479
19 0x0000000000659a27 ESMCI::FTable::callVFuncPtr()  /work/noaa/da/mpotts/sandbox/pgi_2019_openmpi_O_feature_fill_nan/esmf/src/Superstructure/Component/src/ESMCI_FTable.C:2167
20 0x0000000000657c2a ESMCI_FTableCallEntryPointVMHop()  /work/noaa/da/mpotts/sandbox/pgi_2019_openmpi_O_feature_fill_nan/esmf/src/Superstructure/Component/src/ESMCI_FTable.C:824
21 0x0000000000a44b88 ESMCI::VM::enter()  /work/noaa/da/mpotts/sandbox/pgi_2019_openmpi_O_feature_fill_nan/esmf/src/Infrastructure/VM/src/ESMCI_VM.C:1216
22 0x0000000000658007 c_esmc_ftablecallentrypointvm_()  /work/noaa/da/mpotts/sandbox/pgi_2019_openmpi_O_feature_fill_nan/esmf/src/Superstructure/Component/src/ESMCI_FTable.C:981
23 0x0000000000c185fd esmf_compmod_esmf_compexecute_()  /work/noaa/da/mpotts/sandbox/pgi_2019_openmpi_O_feature_fill_nan/esmf/src/Superstructure/Component/src/ESMF_Comp.F90:1223
24 0x0000000000df2d11 esmf_gridcompmod_esmf_gridcompinitialize_()  /work/noaa/da/mpotts/sandbox/pgi_2019_openmpi_O_feature_fill_nan/esmf/src/Superstructure/Component/src/ESMF_GridComp.F90:1412
25 0x00000000004061ed MAIN_()  /work/noaa/da/mpotts/sandbox/pgi_2019_openmpi_O_feature_fill_nan/nuopc-app-prototypes/AtmOcnLndProto/esmApp.F90:58
26 0x0000000000405e63 main()  ???:0
27 0x0000000000022495 __libc_start_main()  ???:0
28 0x0000000000405d69 _start()  ???:0
=================================
[Orion-02-51:298843] *** Process received signal ***
[Orion-02-51:298843] Signal: Segmentation fault (11)
[Orion-02-51:298843] Signal code:  (-6)
[Orion-02-51:298843] Failing at address: 0x20e500048f5b
==== backtrace (tid: 298845) ====
 0 0x000000000073a423 ESMCI::LogErr::MsgFoundError()  /work/noaa/da/mpotts/sandbox/pgi_2019_openmpi_O_feature_fill_nan/esmf/src/Infrastructure/LogErr/src/ESMCI_LogErr.C:586
 1 0x0000000000892721 c_esmc_meshcreatenodedistgrid_()  /work/noaa/da/mpotts/sandbox/pgi_2019_openmpi_O_feature_fill_nan/esmf/src/Infrastructure/Mesh/interface/ESMCI_Mesh_F.C:248
 2 0x0000000000fab95c esmf_meshmod_esmf_meshcreatefrompointer_()  /work/noaa/da/mpotts/sandbox/pgi_2019_openmpi_O_feature_fill_nan/esmf/src/Infrastructure/Mesh/interface/ESMF_Mesh.F90:3091
 3 0x0000000000e8cad2 esmf_gridutilmod_esmf_gridtomesh_()  /work/noaa/da/mpotts/sandbox/pgi_2019_openmpi_O_feature_fill_nan/esmf/src/Infrastructure/GridUtil/interface/ESMF_GridUtil.F90:453
 4 0x0000000000db0b16 esmf_fieldregridmod_b_or_p_gridtomesh_()  /work/noaa/da/mpotts/sandbox/pgi_2019_openmpi_O_feature_fill_nan/esmf/src/Infrastructure/Field/src/ESMF_FieldRegrid.F90:3228
 5 0x0000000000dadfd4 esmf_fieldregridmod_getmeshwithnodesonfieldloc_()  /work/noaa/da/mpotts/sandbox/pgi_2019_openmpi_O_feature_fill_nan/esmf/src/Infrastructure/Field/src/ESMF_FieldRegrid.F90:1346
 6 0x0000000000dac50f esmf_fieldregridmod_esmf_fieldregridstorenx_()  /work/noaa/da/mpotts/sandbox/pgi_2019_openmpi_O_feature_fill_nan/esmf/src/Infrastructure/Field/src/ESMF_FieldRegrid.F90:971
 7 0x0000000000c861ba esmf_fieldbundlemod_esmf_fieldbundleregridstorepair_()  /work/noaa/da/mpotts/sandbox/pgi_2019_openmpi_O_feature_fill_nan/esmf/src/Infrastructure/FieldBundle/src/ESMF_FieldBundle.F90:16211
 8 0x0000000001239c72 nuopc_connector_fieldbundlecplstore_()  /work/noaa/da/mpotts/sandbox/pgi_2019_openmpi_O_feature_fill_nan/esmf/src/addon/NUOPC/src/NUOPC_Connector.F90:7714
 9 0x0000000001223c86 nuopc_connector_initializeipdv05p6b_()  /work/noaa/da/mpotts/sandbox/pgi_2019_openmpi_O_feature_fill_nan/esmf/src/addon/NUOPC/src/NUOPC_Connector.F90:5386
10 0x0000000000659a27 ESMCI::FTable::callVFuncPtr()  /work/noaa/da/mpotts/sandbox/pgi_2019_openmpi_O_feature_fill_nan/esmf/src/Superstructure/Component/src/ESMCI_FTable.C:2167
11 0x0000000000657c2a ESMCI_FTableCallEntryPointVMHop()  /work/noaa/da/mpotts/sandbox/pgi_2019_openmpi_O_feature_fill_nan/esmf/src/Superstructure/Component/src/ESMCI_FTable.C:824
12 0x0000000000a44b88 ESMCI::VM::enter()  /work/noaa/da/mpotts/sandbox/pgi_2019_openmpi_O_feature_fill_nan/esmf/src/Infrastructure/VM/src/ESMCI_VM.C:1216
13 0x0000000000658007 c_esmc_ftablecallentrypointvm_()  /work/noaa/da/mpotts/sandbox/pgi_2019_openmpi_O_feature_fill_nan/esmf/src/Superstructure/Component/src/ESMCI_FTable.C:981
14 0x0000000000c185fd esmf_compmod_esmf_compexecute_()  /work/noaa/da/mpotts/sandbox/pgi_2019_openmpi_O_feature_fill_nan/esmf/src/Superstructure/Component/src/ESMF_Comp.F90:1223
15 0x0000000000c2a841 esmf_cplcompmod_esmf_cplcompinitialize_()  /work/noaa/da/mpotts/sandbox/pgi_2019_openmpi_O_feature_fill_nan/esmf/src/Superstructure/Component/src/ESMF_CplComp.F90:1165
16 0x0000000001259894 nuopc_driver_loopconnectorcompss_()  /work/noaa/da/mpotts/sandbox/pgi_2019_openmpi_O_feature_fill_nan/esmf/src/addon/NUOPC/src/NUOPC_Driver.F90:3023
17 0x0000000001250de7 nuopc_driver_initializeipdv02p3_()  /work/noaa/da/mpotts/sandbox/pgi_2019_openmpi_O_feature_fill_nan/esmf/src/addon/NUOPC/src/NUOPC_Driver.F90:2110
18 0x000000000123f43a nuopc_driver_initializegeneric_()  /work/noaa/da/mpotts/sandbox/pgi_2019_openmpi_O_feature_fill_nan/esmf/src/addon/NUOPC/src/NUOPC_Driver.F90:479
19 0x0000000000659a27 ESMCI::FTable::callVFuncPtr()  /work/noaa/da/mpotts/sandbox/pgi_2019_openmpi_O_feature_fill_nan/esmf/src/Superstructure/Component/src/ESMCI_FTable.C:2167
20 0x0000000000657c2a ESMCI_FTableCallEntryPointVMHop()  /work/noaa/da/mpotts/sandbox/pgi_2019_openmpi_O_feature_fill_nan/esmf/src/Superstructure/Component/src/ESMCI_FTable.C:824
21 0x0000000000a44b88 ESMCI::VM::enter()  /work/noaa/da/mpotts/sandbox/pgi_2019_openmpi_O_feature_fill_nan/esmf/src/Infrastructure/VM/src/ESMCI_VM.C:1216
[Orion-02-51:298843] [ 0] /lib64/libpthread.so.0(+0xf5d0)[0x7f00adead5d0]
[Orion-02-51:298843] [ 1] /work/noaa/da/mpotts/sandbox/pgi_2019_openmpi_O_feature_fill_nan/esmf/DEFAULTINSTALLDIR/lib/libO/Linux.pgi.64.openmpi.default/libesmf.so(_ZN5ESMCI6LogErr13MsgFoundErrorEiPKciS2_S2_Pi+0x33)[0x7f00ac644423]
[Orion-02-51:298843] [ 2] /work/noaa/da/mpotts/sandbox/pgi_2019_openmpi_O_feature_fill_nan/esmf/DEFAULTINSTALLDIR/lib/libO/Linux.pgi.64.openmpi.default/libesmf.so(c_esmc_meshcreatenodedistgrid_+0xa1)[0x7f00ac79c721]
[Orion-02-51:298843] [ 3] /work/noaa/da/mpotts/sandbox/pgi_2019_openmpi_O_feature_fill_nan/esmf/DEFAULTINSTALLDIR/lib/libO/Linux.pgi.64.openmpi.default/libesmf.so(esmf_meshmod_esmf_meshcreatefrompointer_+0x4c)[0x7f00aceb595c]
22 0x0000000000658007 c_esmc_ftablecallentrypointvm_()  /work/noaa/da/mpotts/sandbox/pgi_2019_openmpi_O_feature_fill_nan/esmf/src/Superstructure/Component/src/ESMCI_FTable.C:981
23 0x0000000000c185fd esmf_compmod_esmf_compexecute_()  /work/noaa/da/mpotts/sandbox/pgi_2019_openmpi_O_feature_fill_nan/esmf/src/Superstructure/Component/src/ESMF_Comp.F90:1223
24 0x0000000000df2d11 esmf_gridcompmod_esmf_gridcompinitialize_()  /work/noaa/da/mpotts/sandbox/pgi_2019_openmpi_O_feature_fill_nan/esmf/src/Superstructure/Component/src/ESMF_GridComp.F90:1412
25 0x00000000004061ed MAIN_()  /work/noaa/da/mpotts/sandbox/pgi_2019_openmpi_O_feature_fill_nan/nuopc-app-prototypes/AtmOcnLndProto/esmApp.F90:58
26 0x0000000000405e63 main()  ???:0
27 0x0000000000022495 __libc_start_main()  ???:0
28 0x0000000000405d69 _start()  ???:0
=================================
[Orion-02-51:298845] *** Process received signal ***
[Orion-02-51:298845] Signal: Segmentation fault (11)
[Orion-02-51:298845] Signal code:  (-6)
[Orion-02-51:298845] Failing at address: 0x20e500048f5d
[Orion-02-51:298845] [ 0] /lib64/libpthread.so.0(+0xf5d0)[0x7f14730995d0]
[Orion-02-51:298845] [ 1] /work/noaa/da/mpotts/sandbox/pgi_2019_openmpi_O_feature_fill_nan/esmf/DEFAULTINSTALLDIR/lib/libO/Linux.pgi.64.openmpi.default/libesmf.so(_ZN5ESMCI6LogErr13MsgFoundErrorEiPKciS2_S2_Pi+0x33)[0x7f1471830423]
[Orion-02-51:298845] [ 2] /work/noaa/da/mpotts/sandbox/pgi_2019_openmpi_O_feature_fill_nan/esmf/DEFAULTINSTALLDIR/lib/libO/Linux.pgi.64.openmpi.default/libesmf.so(c_esmc_meshcreatenodedistgrid_+0xa1)[0x7f1471988721]
[Orion-02-51:298845] [ 3] /work/noaa/da/mpotts/sandbox/pgi_2019_openmpi_O_feature_fill_nan/esmf/DEFAULTINSTALLDIR/lib/libO/Linux.pgi.64.openmpi.default/libesmf.so(esmf_meshmod_esmf_meshcreatefrompointer_+0x4c)[0x7f14720a195c]
[Orion-02-51:298843] [ 4] /work/noaa/da/mpotts/sandbox/pgi_2019_openmpi_O_feature_fill_nan/esmf/DEFAULTINSTALLDIR/lib/libO/Linux.pgi.64.openmpi.default/libesmf.so(esmf_gridutilmod_esmf_gridtomesh_+0x352)[0x7f00acd96ad2]
[Orion-02-51:298845] [ 4] /work/noaa/da/mpotts/sandbox/pgi_2019_openmpi_O_feature_fill_nan/esmf/DEFAULTINSTALLDIR/lib/libO/Linux.pgi.64.openmpi.default/libesmf.so(esmf_gridutilmod_esmf_gridtomesh_+0x352)[0x7f1471f82ad2]
[Orion-02-51:298843] [ 5] /work/noaa/da/mpotts/sandbox/pgi_2019_openmpi_O_feature_fill_nan/esmf/DEFAULTINSTALLDIR/lib/libO/Linux.pgi.64.openmpi.default/libesmf.so(esmf_fieldregridmod_b_or_p_gridtomesh_+0x156)[0x7f00accbab16]
[Orion-02-51:298845] [ 5] /work/noaa/da/mpotts/sandbox/pgi_2019_openmpi_O_feature_fill_nan/esmf/DEFAULTINSTALLDIR/lib/libO/Linux.pgi.64.openmpi.default/libesmf.so(esmf_fieldregridmod_b_or_p_gridtomesh_+0x156)[0x7f1471ea6b16]
[Orion-02-51:298843] [ 6] /work/noaa/da/mpotts/sandbox/pgi_2019_openmpi_O_feature_fill_nan/esmf/DEFAULTINSTALLDIR/lib/libO/Linux.pgi.64.openmpi.default/libesmf.so(esmf_fieldregridmod_getmeshwithnodesonfieldloc_+0x394)[0x7f00accb7fd4]
[Orion-02-51:298845] [ 6] /work/noaa/da/mpotts/sandbox/pgi_2019_openmpi_O_feature_fill_nan/esmf/DEFAULTINSTALLDIR/lib/libO/Linux.pgi.64.openmpi.default/libesmf.so(esmf_fieldregridmod_getmeshwithnodesonfieldloc_+0x394)[0x7f1471ea3fd4]
[Orion-02-51:298843] [ 7] /work/noaa/da/mpotts/sandbox/pgi_2019_openmpi_O_feature_fill_nan/esmf/DEFAULTINSTALLDIR/lib/libO/Linux.pgi.64.openmpi.default/libesmf.so(esmf_fieldregridmod_esmf_fieldregridstorenx_+0x9cf)[0x7f00accb650f]
[Orion-02-51:298845] [ 7] /work/noaa/da/mpotts/sandbox/pgi_2019_openmpi_O_feature_fill_nan/esmf/DEFAULTINSTALLDIR/lib/libO/Linux.pgi.64.openmpi.default/libesmf.so(esmf_fieldregridmod_esmf_fieldregridstorenx_+0x9cf)[0x7f1471ea250f]
[Orion-02-51:298843] [ 8] /work/noaa/da/mpotts/sandbox/pgi_2019_openmpi_O_feature_fill_nan/esmf/DEFAULTINSTALLDIR/lib/libO/Linux.pgi.64.openmpi.default/libesmf.so(esmf_fieldbundlemod_esmf_fieldbundleregridstorepair_+0x3a1a)[0x7f00acb901ba]
[Orion-02-51:298845] [ 8] /work/noaa/da/mpotts/sandbox/pgi_2019_openmpi_O_feature_fill_nan/esmf/DEFAULTINSTALLDIR/lib/libO/Linux.pgi.64.openmpi.default/libesmf.so(esmf_fieldbundlemod_esmf_fieldbundleregridstorepair_+0x3a1a)[0x7f1471d7c1ba]
[Orion-02-51:298843] [ 9] /work/noaa/da/mpotts/sandbox/pgi_2019_openmpi_O_feature_fill_nan/esmf/DEFAULTINSTALLDIR/lib/libO/Linux.pgi.64.openmpi.default/libesmf.so(nuopc_connector_fieldbundlecplstore_+0x90d2)[0x7f00ad143c72]
[Orion-02-51:298845] [ 9] /work/noaa/da/mpotts/sandbox/pgi_2019_openmpi_O_feature_fill_nan/esmf/DEFAULTINSTALLDIR/lib/libO/Linux.pgi.64.openmpi.default/libesmf.so(nuopc_connector_fieldbundlecplstore_+0x90d2)[0x7f147232fc72]
[Orion-02-51:298843] [10] /work/noaa/da/mpotts/sandbox/pgi_2019_openmpi_O_feature_fill_nan/esmf/DEFAULTINSTALLDIR/lib/libO/Linux.pgi.64.openmpi.default/libesmf.so(nuopc_connector_initializeipdv05p6b_+0x4f76)[0x7f00ad12dc86]
[Orion-02-51:298843] [11] /work/noaa/da/mpotts/sandbox/pgi_2019_openmpi_O_feature_fill_nan/esmf/DEFAULTINSTALLDIR/lib/libO/Linux.pgi.64.openmpi.default/libesmf.so(_ZN5ESMCI6FTable12callVFuncPtrEPKcPNS_2VMEPi+0x417)[0x7f00ac563a27]
[Orion-02-51:298845] [10] /work/noaa/da/mpotts/sandbox/pgi_2019_openmpi_O_feature_fill_nan/esmf/DEFAULTINSTALLDIR/lib/libO/Linux.pgi.64.openmpi.default/libesmf.so(nuopc_connector_initializeipdv05p6b_+0x4f76)[0x7f1472319c86]
[Orion-02-51:298843] [12] /work/noaa/da/mpotts/sandbox/pgi_2019_openmpi_O_feature_fill_nan/esmf/DEFAULTINSTALLDIR/lib/libO/Linux.pgi.64.openmpi.default/libesmf.so(ESMCI_FTableCallEntryPointVMHop+0x1ea)[0x7f00ac561c2a]
[Orion-02-51:298845] [11] /work/noaa/da/mpotts/sandbox/pgi_2019_openmpi_O_feature_fill_nan/esmf/DEFAULTINSTALLDIR/lib/libO/Linux.pgi.64.openmpi.default/libesmf.so(_ZN5ESMCI6FTable12callVFuncPtrEPKcPNS_2VMEPi+0x417)[0x7f147174fa27]
[Orion-02-51:298845] [12] /work/noaa/da/mpotts/sandbox/pgi_2019_openmpi_O_feature_fill_nan/esmf/DEFAULTINSTALLDIR/lib/libO/Linux.pgi.64.openmpi.default/libesmf.so(ESMCI_FTableCallEntryPointVMHop+0x1ea)[0x7f147174dc2a]
[Orion-02-51:298843] [13] /work/noaa/da/mpotts/sandbox/pgi_2019_openmpi_O_feature_fill_nan/esmf/DEFAULTINSTALLDIR/lib/libO/Linux.pgi.64.openmpi.default/libesmf.so(_ZN5ESMCI2VM5enterEPNS_6VMPlanEPvS3_+0x18)[0x7f00ac94eb88]
[Orion-02-51:298845] [13] /work/noaa/da/mpotts/sandbox/pgi_2019_openmpi_O_feature_fill_nan/esmf/DEFAULTINSTALLDIR/lib/libO/Linux.pgi.64.openmpi.default/libesmf.so(_ZN5ESMCI2VM5enterEPNS_6VMPlanEPvS3_+0x18)[0x7f1471b3ab88]
[Orion-02-51:298843] [14] /work/noaa/da/mpotts/sandbox/pgi_2019_openmpi_O_feature_fill_nan/esmf/DEFAULTINSTALLDIR/lib/libO/Linux.pgi.64.openmpi.default/libesmf.so(c_esmc_ftablecallentrypointvm_+0x337)[0x7f00ac562007]
[Orion-02-51:298845] [14] /work/noaa/da/mpotts/sandbox/pgi_2019_openmpi_O_feature_fill_nan/esmf/DEFAULTINSTALLDIR/lib/libO/Linux.pgi.64.openmpi.default/libesmf.so(c_esmc_ftablecallentrypointvm_+0x337)[0x7f147174e007]
[Orion-02-51:298843] [15] /work/noaa/da/mpotts/sandbox/pgi_2019_openmpi_O_feature_fill_nan/esmf/DEFAULTINSTALLDIR/lib/libO/Linux.pgi.64.openmpi.default/libesmf.so(esmf_compmod_esmf_compexecute_+0x7ed)[0x7f00acb225fd]
[Orion-02-51:298845] [15] /work/noaa/da/mpotts/sandbox/pgi_2019_openmpi_O_feature_fill_nan/esmf/DEFAULTINSTALLDIR/lib/libO/Linux.pgi.64.openmpi.default/libesmf.so(esmf_compmod_esmf_compexecute_+0x7ed)[0x7f1471d0e5fd]
[Orion-02-51:298843] [16] /work/noaa/da/mpotts/sandbox/pgi_2019_openmpi_O_feature_fill_nan/esmf/DEFAULTINSTALLDIR/lib/libO/Linux.pgi.64.openmpi.default/libesmf.so(esmf_cplcompmod_esmf_cplcompinitialize_+0x161)[0x7f00acb34841]
[Orion-02-51:298845] [16] /work/noaa/da/mpotts/sandbox/pgi_2019_openmpi_O_feature_fill_nan/esmf/DEFAULTINSTALLDIR/lib/libO/Linux.pgi.64.openmpi.default/libesmf.so(esmf_cplcompmod_esmf_cplcompinitialize_+0x161)[0x7f1471d20841]
[Orion-02-51:298843] [17] /work/noaa/da/mpotts/sandbox/pgi_2019_openmpi_O_feature_fill_nan/esmf/DEFAULTINSTALLDIR/lib/libO/Linux.pgi.64.openmpi.default/libesmf.so(nuopc_driver_loopconnectorcompss_+0xeb4)[0x7f00ad163894]
[Orion-02-51:298845] [17] /work/noaa/da/mpotts/sandbox/pgi_2019_openmpi_O_feature_fill_nan/esmf/DEFAULTINSTALLDIR/lib/libO/Linux.pgi.64.openmpi.default/libesmf.so(nuopc_driver_loopconnectorcompss_+0xeb4)[0x7f147234f894]
[Orion-02-51:298843] [18] /work/noaa/da/mpotts/sandbox/pgi_2019_openmpi_O_feature_fill_nan/esmf/DEFAULTINSTALLDIR/lib/libO/Linux.pgi.64.openmpi.default/libesmf.so(nuopc_driver_initializeipdv02p3_+0x2f77)[0x7f00ad15ade7]
[Orion-02-51:298845] [18] /work/noaa/da/mpotts/sandbox/pgi_2019_openmpi_O_feature_fill_nan/esmf/DEFAULTINSTALLDIR/lib/libO/Linux.pgi.64.openmpi.default/libesmf.so(nuopc_driver_initializeipdv02p3_+0x2f77)[0x7f1472346de7]
[Orion-02-51:298843] [19] /work/noaa/da/mpotts/sandbox/pgi_2019_openmpi_O_feature_fill_nan/esmf/DEFAULTINSTALLDIR/lib/libO/Linux.pgi.64.openmpi.default/libesmf.so(nuopc_driver_initializegeneric_+0x62a)[0x7f00ad14943a]
[Orion-02-51:298843] [20] /work/noaa/da/mpotts/sandbox/pgi_2019_openmpi_O_feature_fill_nan/esmf/DEFAULTINSTALLDIR/lib/libO/Linux.pgi.64.openmpi.default/libesmf.so(_ZN5ESMCI6FTable12callVFuncPtrEPKcPNS_2VMEPi+0x417)[0x7f00ac563a27]
[Orion-02-51:298845] [19] /work/noaa/da/mpotts/sandbox/pgi_2019_openmpi_O_feature_fill_nan/esmf/DEFAULTINSTALLDIR/lib/libO/Linux.pgi.64.openmpi.default/libesmf.so(nuopc_driver_initializegeneric_+0x62a)[0x7f147233543a]
[Orion-02-51:298845] [20] /work/noaa/da/mpotts/sandbox/pgi_2019_openmpi_O_feature_fill_nan/esmf/DEFAULTINSTALLDIR/lib/libO/Linux.pgi.64.openmpi.default/libesmf.so(_ZN5ESMCI6FTable12callVFuncPtrEPKcPNS_2VMEPi+0x417)[0x7f147174fa27]
[Orion-02-51:298843] [21] /work/noaa/da/mpotts/sandbox/pgi_2019_openmpi_O_feature_fill_nan/esmf/DEFAULTINSTALLDIR/lib/libO/Linux.pgi.64.openmpi.default/libesmf.so(ESMCI_FTableCallEntryPointVMHop+0x1ea)[0x7f00ac561c2a]
[Orion-02-51:298845] [21] /work/noaa/da/mpotts/sandbox/pgi_2019_openmpi_O_feature_fill_nan/esmf/DEFAULTINSTALLDIR/lib/libO/Linux.pgi.64.openmpi.default/libesmf.so(ESMCI_FTableCallEntryPointVMHop+0x1ea)[0x7f147174dc2a]
[Orion-02-51:298843] [22] /work/noaa/da/mpotts/sandbox/pgi_2019_openmpi_O_feature_fill_nan/esmf/DEFAULTINSTALLDIR/lib/libO/Linux.pgi.64.openmpi.default/libesmf.so(_ZN5ESMCI2VM5enterEPNS_6VMPlanEPvS3_+0x18)[0x7f00ac94eb88]
[Orion-02-51:298845] [22] /work/noaa/da/mpotts/sandbox/pgi_2019_openmpi_O_feature_fill_nan/esmf/DEFAULTINSTALLDIR/lib/libO/Linux.pgi.64.openmpi.default/libesmf.so(_ZN5ESMCI2VM5enterEPNS_6VMPlanEPvS3_+0x18)[0x7f1471b3ab88]
[Orion-02-51:298843] [23] /work/noaa/da/mpotts/sandbox/pgi_2019_openmpi_O_feature_fill_nan/esmf/DEFAULTINSTALLDIR/lib/libO/Linux.pgi.64.openmpi.default/libesmf.so(c_esmc_ftablecallentrypointvm_+0x337)[0x7f00ac562007]
[Orion-02-51:298845] [23] /work/noaa/da/mpotts/sandbox/pgi_2019_openmpi_O_feature_fill_nan/esmf/DEFAULTINSTALLDIR/lib/libO/Linux.pgi.64.openmpi.default/libesmf.so(c_esmc_ftablecallentrypointvm_+0x337)[0x7f147174e007]
[Orion-02-51:298843] [24] /work/noaa/da/mpotts/sandbox/pgi_2019_openmpi_O_feature_fill_nan/esmf/DEFAULTINSTALLDIR/lib/libO/Linux.pgi.64.openmpi.default/libesmf.so(esmf_compmod_esmf_compexecute_+0x7ed)[0x7f00acb225fd]
[Orion-02-51:298845] [24] /work/noaa/da/mpotts/sandbox/pgi_2019_openmpi_O_feature_fill_nan/esmf/DEFAULTINSTALLDIR/lib/libO/Linux.pgi.64.openmpi.default/libesmf.so(esmf_compmod_esmf_compexecute_+0x7ed)[0x7f1471d0e5fd]
[Orion-02-51:298843] [25] /work/noaa/da/mpotts/sandbox/pgi_2019_openmpi_O_feature_fill_nan/esmf/DEFAULTINSTALLDIR/lib/libO/Linux.pgi.64.openmpi.default/libesmf.so(esmf_gridcompmod_esmf_gridcompinitialize_+0x161)[0x7f00accfcd11]
[Orion-02-51:298843] [26] /work/noaa/da/mpotts/sandbox/pgi_2019_openmpi_O_feature_fill_nan/nuopc-app-prototypes/AtmOcnLndProto/./esmApp[0x4061ed]
[Orion-02-51:298843] [27] /work/noaa/da/mpotts/sandbox/pgi_2019_openmpi_O_feature_fill_nan/nuopc-app-prototypes/AtmOcnLndProto/./esmApp[0x405e63]
[Orion-02-51:298843] [28] /lib64/libc.so.6(__libc_start_main+0xf5)[0x7f00a8357495]
[Orion-02-51:298843] [29] /work/noaa/da/mpotts/sandbox/pgi_2019_openmpi_O_feature_fill_nan/nuopc-app-prototypes/AtmOcnLndProto/./esmApp[0x405d69]
[Orion-02-51:298843] *** End of error message ***
[Orion-02-51:298845] [25] /work/noaa/da/mpotts/sandbox/pgi_2019_openmpi_O_feature_fill_nan/esmf/DEFAULTINSTALLDIR/lib/libO/Linux.pgi.64.openmpi.default/libesmf.so(esmf_gridcompmod_esmf_gridcompinitialize_+0x161)[0x7f1471ee8d11]
[Orion-02-51:298845] [26] /work/noaa/da/mpotts/sandbox/pgi_2019_openmpi_O_feature_fill_nan/nuopc-app-prototypes/AtmOcnLndProto/./esmApp[0x4061ed]
[Orion-02-51:298845] [27] /work/noaa/da/mpotts/sandbox/pgi_2019_openmpi_O_feature_fill_nan/nuopc-app-prototypes/AtmOcnLndProto/./esmApp[0x405e63]
[Orion-02-51:298845] [28] /lib64/libc.so.6(__libc_start_main+0xf5)[0x7f146d543495]
[Orion-02-51:298845] [29] /work/noaa/da/mpotts/sandbox/pgi_2019_openmpi_O_feature_fill_nan/nuopc-app-prototypes/AtmOcnLndProto/./esmApp[0x405d69]
[Orion-02-51:298845] *** End of error message ***
==== backtrace (tid: 298842) ====
 0 0x000000000073a423 ESMCI::LogErr::MsgFoundError()  /work/noaa/da/mpotts/sandbox/pgi_2019_openmpi_O_feature_fill_nan/esmf/src/Infrastructure/LogErr/src/ESMCI_LogErr.C:586
 1 0x0000000000892721 c_esmc_meshcreatenodedistgrid_()  /work/noaa/da/mpotts/sandbox/pgi_2019_openmpi_O_feature_fill_nan/esmf/src/Infrastructure/Mesh/interface/ESMCI_Mesh_F.C:248
 2 0x0000000000fab95c esmf_meshmod_esmf_meshcreatefrompointer_()  /work/noaa/da/mpotts/sandbox/pgi_2019_openmpi_O_feature_fill_nan/esmf/src/Infrastructure/Mesh/interface/ESMF_Mesh.F90:3091
 3 0x0000000000e8cad2 esmf_gridutilmod_esmf_gridtomesh_()  /work/noaa/da/mpotts/sandbox/pgi_2019_openmpi_O_feature_fill_nan/esmf/src/Infrastructure/GridUtil/interface/ESMF_GridUtil.F90:453
 4 0x0000000000db0b16 esmf_fieldregridmod_b_or_p_gridtomesh_()  /work/noaa/da/mpotts/sandbox/pgi_2019_openmpi_O_feature_fill_nan/esmf/src/Infrastructure/Field/src/ESMF_FieldRegrid.F90:3228
 5 0x0000000000dadfd4 esmf_fieldregridmod_getmeshwithnodesonfieldloc_()  /work/noaa/da/mpotts/sandbox/pgi_2019_openmpi_O_feature_fill_nan/esmf/src/Infrastructure/Field/src/ESMF_FieldRegrid.F90:1346
 6 0x0000000000dac50f esmf_fieldregridmod_esmf_fieldregridstorenx_()  /work/noaa/da/mpotts/sandbox/pgi_2019_openmpi_O_feature_fill_nan/esmf/src/Infrastructure/Field/src/ESMF_FieldRegrid.F90:971
 7 0x0000000000c861ba esmf_fieldbundlemod_esmf_fieldbundleregridstorepair_()  /work/noaa/da/mpotts/sandbox/pgi_2019_openmpi_O_feature_fill_nan/esmf/src/Infrastructure/FieldBundle/src/ESMF_FieldBundle.F90:16211
 8 0x0000000001239c72 nuopc_connector_fieldbundlecplstore_()  /work/noaa/da/mpotts/sandbox/pgi_2019_openmpi_O_feature_fill_nan/esmf/src/addon/NUOPC/src/NUOPC_Connector.F90:7714
 9 0x0000000001223c86 nuopc_connector_initializeipdv05p6b_()  /work/noaa/da/mpotts/sandbox/pgi_2019_openmpi_O_feature_fill_nan/esmf/src/addon/NUOPC/src/NUOPC_Connector.F90:5386
10 0x0000000000659a27 ESMCI::FTable::callVFuncPtr()  /work/noaa/da/mpotts/sandbox/pgi_2019_openmpi_O_feature_fill_nan/esmf/src/Superstructure/Component/src/ESMCI_FTable.C:2167
11 0x0000000000657c2a ESMCI_FTableCallEntryPointVMHop()  /work/noaa/da/mpotts/sandbox/pgi_2019_openmpi_O_feature_fill_nan/esmf/src/Superstructure/Component/src/ESMCI_FTable.C:824
12 0x0000000000a44b88 ESMCI::VM::enter()  /work/noaa/da/mpotts/sandbox/pgi_2019_openmpi_O_feature_fill_nan/esmf/src/Infrastructure/VM/src/ESMCI_VM.C:1216
13 0x0000000000658007 c_esmc_ftablecallentrypointvm_()  /work/noaa/da/mpotts/sandbox/pgi_2019_openmpi_O_feature_fill_nan/esmf/src/Superstructure/Component/src/ESMCI_FTable.C:981
14 0x0000000000c185fd esmf_compmod_esmf_compexecute_()  /work/noaa/da/mpotts/sandbox/pgi_2019_openmpi_O_feature_fill_nan/esmf/src/Superstructure/Component/src/ESMF_Comp.F90:1223
15 0x0000000000c2a841 esmf_cplcompmod_esmf_cplcompinitialize_()  /work/noaa/da/mpotts/sandbox/pgi_2019_openmpi_O_feature_fill_nan/esmf/src/Superstructure/Component/src/ESMF_CplComp.F90:1165
16 0x0000000001259894 nuopc_driver_loopconnectorcompss_()  /work/noaa/da/mpotts/sandbox/pgi_2019_openmpi_O_feature_fill_nan/esmf/src/addon/NUOPC/src/NUOPC_Driver.F90:3023
17 0x0000000001250de7 nuopc_driver_initializeipdv02p3_()  /work/noaa/da/mpotts/sandbox/pgi_2019_openmpi_O_feature_fill_nan/esmf/src/addon/NUOPC/src/NUOPC_Driver.F90:2110
18 0x000000000123f43a nuopc_driver_initializegeneric_()  /work/noaa/da/mpotts/sandbox/pgi_2019_openmpi_O_feature_fill_nan/esmf/src/addon/NUOPC/src/NUOPC_Driver.F90:479
19 0x0000000000659a27 ESMCI::FTable::callVFuncPtr()  /work/noaa/da/mpotts/sandbox/pgi_2019_openmpi_O_feature_fill_nan/esmf/src/Superstructure/Component/src/ESMCI_FTable.C:2167
20 0x0000000000657c2a ESMCI_FTableCallEntryPointVMHop()  /work/noaa/da/mpotts/sandbox/pgi_2019_openmpi_O_feature_fill_nan/esmf/src/Superstructure/Component/src/ESMCI_FTable.C:824
21 0x0000000000a44b88 ESMCI::VM::enter()  /work/noaa/da/mpotts/sandbox/pgi_2019_openmpi_O_feature_fill_nan/esmf/src/Infrastructure/VM/src/ESMCI_VM.C:1216
22 0x0000000000658007 c_esmc_ftablecallentrypointvm_()  /work/noaa/da/mpotts/sandbox/pgi_2019_openmpi_O_feature_fill_nan/esmf/src/Superstructure/Component/src/ESMCI_FTable.C:981
23 0x0000000000c185fd esmf_compmod_esmf_compexecute_()  /work/noaa/da/mpotts/sandbox/pgi_2019_openmpi_O_feature_fill_nan/esmf/src/Superstructure/Component/src/ESMF_Comp.F90:1223
24 0x0000000000df2d11 esmf_gridcompmod_esmf_gridcompinitialize_()  /work/noaa/da/mpotts/sandbox/pgi_2019_openmpi_O_feature_fill_nan/esmf/src/Superstructure/Component/src/ESMF_GridComp.F90:1412
25 0x00000000004061ed MAIN_()  /work/noaa/da/mpotts/sandbox/pgi_2019_openmpi_O_feature_fill_nan/nuopc-app-prototypes/AtmOcnLndProto/esmApp.F90:58
26 0x0000000000405e63 main()  ???:0
27 0x0000000000022495 __libc_start_main()  ???:0
28 0x0000000000405d69 _start()  ???:0
=================================
[Orion-02-51:298842] *** Process received signal ***
[Orion-02-51:298842] Signal: Segmentation fault (11)
[Orion-02-51:298842] Signal code:  (-6)
[Orion-02-51:298842] Failing at address: 0x20e500048f5a
[Orion-02-51:298842] [ 0] /lib64/libpthread.so.0(+0xf5d0)[0x7f504a5235d0]
[Orion-02-51:298842] [ 1] /work/noaa/da/mpotts/sandbox/pgi_2019_openmpi_O_feature_fill_nan/esmf/DEFAULTINSTALLDIR/lib/libO/Linux.pgi.64.openmpi.default/libesmf.so(_ZN5ESMCI6LogErr13MsgFoundErrorEiPKciS2_S2_Pi+0x33)[0x7f5048cba423]
[Orion-02-51:298842] [ 2] /work/noaa/da/mpotts/sandbox/pgi_2019_openmpi_O_feature_fill_nan/esmf/DEFAULTINSTALLDIR/lib/libO/Linux.pgi.64.openmpi.default/libesmf.so(c_esmc_meshcreatenodedistgrid_+0xa1)[0x7f5048e12721]
[Orion-02-51:298842] [ 3] /work/noaa/da/mpotts/sandbox/pgi_2019_openmpi_O_feature_fill_nan/esmf/DEFAULTINSTALLDIR/lib/libO/Linux.pgi.64.openmpi.default/libesmf.so(esmf_meshmod_esmf_meshcreatefrompointer_+0x4c)[0x7f504952b95c]
[Orion-02-51:298842] [ 4] /work/noaa/da/mpotts/sandbox/pgi_2019_openmpi_O_feature_fill_nan/esmf/DEFAULTINSTALLDIR/lib/libO/Linux.pgi.64.openmpi.default/libesmf.so(esmf_gridutilmod_esmf_gridtomesh_+0x352)[0x7f504940cad2]
[Orion-02-51:298842] [ 5] /work/noaa/da/mpotts/sandbox/pgi_2019_openmpi_O_feature_fill_nan/esmf/DEFAULTINSTALLDIR/lib/libO/Linux.pgi.64.openmpi.default/libesmf.so(esmf_fieldregridmod_b_or_p_gridtomesh_+0x156)[0x7f5049330b16]
[Orion-02-51:298842] [ 6] /work/noaa/da/mpotts/sandbox/pgi_2019_openmpi_O_feature_fill_nan/esmf/DEFAULTINSTALLDIR/lib/libO/Linux.pgi.64.openmpi.default/libesmf.so(esmf_fieldregridmod_getmeshwithnodesonfieldloc_+0x394)[0x7f504932dfd4]
[Orion-02-51:298842] [ 7] /work/noaa/da/mpotts/sandbox/pgi_2019_openmpi_O_feature_fill_nan/esmf/DEFAULTINSTALLDIR/lib/libO/Linux.pgi.64.openmpi.default/libesmf.so(esmf_fieldregridmod_esmf_fieldregridstorenx_+0x9cf)[0x7f504932c50f]
[Orion-02-51:298842] [ 8] /work/noaa/da/mpotts/sandbox/pgi_2019_openmpi_O_feature_fill_nan/esmf/DEFAULTINSTALLDIR/lib/libO/Linux.pgi.64.openmpi.default/libesmf.so(esmf_fieldbundlemod_esmf_fieldbundleregridstorepair_+0x3a1a)[0x7f50492061ba]
[Orion-02-51:298842] [ 9] /work/noaa/da/mpotts/sandbox/pgi_2019_openmpi_O_feature_fill_nan/esmf/DEFAULTINSTALLDIR/lib/libO/Linux.pgi.64.openmpi.default/libesmf.so(nuopc_connector_fieldbundlecplstore_+0x90d2)[0x7f50497b9c72]
[Orion-02-51:298842] [10] /work/noaa/da/mpotts/sandbox/pgi_2019_openmpi_O_feature_fill_nan/esmf/DEFAULTINSTALLDIR/lib/libO/Linux.pgi.64.openmpi.default/libesmf.so(nuopc_connector_initializeipdv05p6b_+0x4f76)[0x7f50497a3c86]
[Orion-02-51:298842] [11] /work/noaa/da/mpotts/sandbox/pgi_2019_openmpi_O_feature_fill_nan/esmf/DEFAULTINSTALLDIR/lib/libO/Linux.pgi.64.openmpi.default/libesmf.so(_ZN5ESMCI6FTable12callVFuncPtrEPKcPNS_2VMEPi+0x417)[0x7f5048bd9a27]
[Orion-02-51:298842] [12] /work/noaa/da/mpotts/sandbox/pgi_2019_openmpi_O_feature_fill_nan/esmf/DEFAULTINSTALLDIR/lib/libO/Linux.pgi.64.openmpi.default/libesmf.so(ESMCI_FTableCallEntryPointVMHop+0x1ea)[0x7f5048bd7c2a]
[Orion-02-51:298842] [13] /work/noaa/da/mpotts/sandbox/pgi_2019_openmpi_O_feature_fill_nan/esmf/DEFAULTINSTALLDIR/lib/libO/Linux.pgi.64.openmpi.default/libesmf.so(_ZN5ESMCI2VM5enterEPNS_6VMPlanEPvS3_+0x18)[0x7f5048fc4b88]
[Orion-02-51:298842] [14] /work/noaa/da/mpotts/sandbox/pgi_2019_openmpi_O_feature_fill_nan/esmf/DEFAULTINSTALLDIR/lib/libO/Linux.pgi.64.openmpi.default/libesmf.so(c_esmc_ftablecallentrypointvm_+0x337)[0x7f5048bd8007]
[Orion-02-51:298842] [15] /work/noaa/da/mpotts/sandbox/pgi_2019_openmpi_O_feature_fill_nan/esmf/DEFAULTINSTALLDIR/lib/libO/Linux.pgi.64.openmpi.default/libesmf.so(esmf_compmod_esmf_compexecute_+0x7ed)[0x7f50491985fd]
[Orion-02-51:298842] [16] /work/noaa/da/mpotts/sandbox/pgi_2019_openmpi_O_feature_fill_nan/esmf/DEFAULTINSTALLDIR/lib/libO/Linux.pgi.64.openmpi.default/libesmf.so(esmf_cplcompmod_esmf_cplcompinitialize_+0x161)[0x7f50491aa841]
[Orion-02-51:298842] [17] /work/noaa/da/mpotts/sandbox/pgi_2019_openmpi_O_feature_fill_nan/esmf/DEFAULTINSTALLDIR/lib/libO/Linux.pgi.64.openmpi.default/libesmf.so(nuopc_driver_loopconnectorcompss_+0xeb4)[0x7f50497d9894]
[Orion-02-51:298842] [18] /work/noaa/da/mpotts/sandbox/pgi_2019_openmpi_O_feature_fill_nan/esmf/DEFAULTINSTALLDIR/lib/libO/Linux.pgi.64.openmpi.default/libesmf.so(nuopc_driver_initializeipdv02p3_+0x2f77)[0x7f50497d0de7]
[Orion-02-51:298842] [19] /work/noaa/da/mpotts/sandbox/pgi_2019_openmpi_O_feature_fill_nan/esmf/DEFAULTINSTALLDIR/lib/libO/Linux.pgi.64.openmpi.default/libesmf.so(nuopc_driver_initializegeneric_+0x62a)[0x7f50497bf43a]
[Orion-02-51:298842] [20] /work/noaa/da/mpotts/sandbox/pgi_2019_openmpi_O_feature_fill_nan/esmf/DEFAULTINSTALLDIR/lib/libO/Linux.pgi.64.openmpi.default/libesmf.so(_ZN5ESMCI6FTable12callVFuncPtrEPKcPNS_2VMEPi+0x417)[0x7f5048bd9a27]
[Orion-02-51:298842] [21] /work/noaa/da/mpotts/sandbox/pgi_2019_openmpi_O_feature_fill_nan/esmf/DEFAULTINSTALLDIR/lib/libO/Linux.pgi.64.openmpi.default/libesmf.so(ESMCI_FTableCallEntryPointVMHop+0x1ea)[0x7f5048bd7c2a]
[Orion-02-51:298842] [22] /work/noaa/da/mpotts/sandbox/pgi_2019_openmpi_O_feature_fill_nan/esmf/DEFAULTINSTALLDIR/lib/libO/Linux.pgi.64.openmpi.default/libesmf.so(_ZN5ESMCI2VM5enterEPNS_6VMPlanEPvS3_+0x18)[0x7f5048fc4b88]
[Orion-02-51:298842] [23] /work/noaa/da/mpotts/sandbox/pgi_2019_openmpi_O_feature_fill_nan/esmf/DEFAULTINSTALLDIR/lib/libO/Linux.pgi.64.openmpi.default/libesmf.so(c_esmc_ftablecallentrypointvm_+0x337)[0x7f5048bd8007]
[Orion-02-51:298842] [24] /work/noaa/da/mpotts/sandbox/pgi_2019_openmpi_O_feature_fill_nan/esmf/DEFAULTINSTALLDIR/lib/libO/Linux.pgi.64.openmpi.default/libesmf.so(esmf_compmod_esmf_compexecute_+0x7ed)[0x7f50491985fd]
[Orion-02-51:298842] [25] /work/noaa/da/mpotts/sandbox/pgi_2019_openmpi_O_feature_fill_nan/esmf/DEFAULTINSTALLDIR/lib/libO/Linux.pgi.64.openmpi.default/libesmf.so(esmf_gridcompmod_esmf_gridcompinitialize_+0x161)[0x7f5049372d11]
[Orion-02-51:298842] [26] /work/noaa/da/mpotts/sandbox/pgi_2019_openmpi_O_feature_fill_nan/nuopc-app-prototypes/AtmOcnLndProto/./esmApp[0x4061ed]
[Orion-02-51:298842] [27] /work/noaa/da/mpotts/sandbox/pgi_2019_openmpi_O_feature_fill_nan/nuopc-app-prototypes/AtmOcnLndProto/./esmApp[0x405e63]
[Orion-02-51:298842] [28] /lib64/libc.so.6(__libc_start_main+0xf5)[0x7f50449cd495]
[Orion-02-51:298842] [29] /work/noaa/da/mpotts/sandbox/pgi_2019_openmpi_O_feature_fill_nan/nuopc-app-prototypes/AtmOcnLndProto/./esmApp[0x405d69]
[Orion-02-51:298842] *** End of error message ***
==== backtrace (tid: 298844) ====
 0 0x000000000073a423 ESMCI::LogErr::MsgFoundError()  /work/noaa/da/mpotts/sandbox/pgi_2019_openmpi_O_feature_fill_nan/esmf/src/Infrastructure/LogErr/src/ESMCI_LogErr.C:586
 1 0x0000000000892721 c_esmc_meshcreatenodedistgrid_()  /work/noaa/da/mpotts/sandbox/pgi_2019_openmpi_O_feature_fill_nan/esmf/src/Infrastructure/Mesh/interface/ESMCI_Mesh_F.C:248
 2 0x0000000000fab95c esmf_meshmod_esmf_meshcreatefrompointer_()  /work/noaa/da/mpotts/sandbox/pgi_2019_openmpi_O_feature_fill_nan/esmf/src/Infrastructure/Mesh/interface/ESMF_Mesh.F90:3091
 3 0x0000000000e8cad2 esmf_gridutilmod_esmf_gridtomesh_()  /work/noaa/da/mpotts/sandbox/pgi_2019_openmpi_O_feature_fill_nan/esmf/src/Infrastructure/GridUtil/interface/ESMF_GridUtil.F90:453
 4 0x0000000000db0b16 esmf_fieldregridmod_b_or_p_gridtomesh_()  /work/noaa/da/mpotts/sandbox/pgi_2019_openmpi_O_feature_fill_nan/esmf/src/Infrastructure/Field/src/ESMF_FieldRegrid.F90:3228
 5 0x0000000000dadfd4 esmf_fieldregridmod_getmeshwithnodesonfieldloc_()  /work/noaa/da/mpotts/sandbox/pgi_2019_openmpi_O_feature_fill_nan/esmf/src/Infrastructure/Field/src/ESMF_FieldRegrid.F90:1346
 6 0x0000000000dac50f esmf_fieldregridmod_esmf_fieldregridstorenx_()  /work/noaa/da/mpotts/sandbox/pgi_2019_openmpi_O_feature_fill_nan/esmf/src/Infrastructure/Field/src/ESMF_FieldRegrid.F90:971
 7 0x0000000000c861ba esmf_fieldbundlemod_esmf_fieldbundleregridstorepair_()  /work/noaa/da/mpotts/sandbox/pgi_2019_openmpi_O_feature_fill_nan/esmf/src/Infrastructure/FieldBundle/src/ESMF_FieldBundle.F90:16211
 8 0x0000000001239c72 nuopc_connector_fieldbundlecplstore_()  /work/noaa/da/mpotts/sandbox/pgi_2019_openmpi_O_feature_fill_nan/esmf/src/addon/NUOPC/src/NUOPC_Connector.F90:7714
 9 0x0000000001223c86 nuopc_connector_initializeipdv05p6b_()  /work/noaa/da/mpotts/sandbox/pgi_2019_openmpi_O_feature_fill_nan/esmf/src/addon/NUOPC/src/NUOPC_Connector.F90:5386
10 0x0000000000659a27 ESMCI::FTable::callVFuncPtr()  /work/noaa/da/mpotts/sandbox/pgi_2019_openmpi_O_feature_fill_nan/esmf/src/Superstructure/Component/src/ESMCI_FTable.C:2167
11 0x0000000000657c2a ESMCI_FTableCallEntryPointVMHop()  /work/noaa/da/mpotts/sandbox/pgi_2019_openmpi_O_feature_fill_nan/esmf/src/Superstructure/Component/src/ESMCI_FTable.C:824
12 0x0000000000a44b88 ESMCI::VM::enter()  /work/noaa/da/mpotts/sandbox/pgi_2019_openmpi_O_feature_fill_nan/esmf/src/Infrastructure/VM/src/ESMCI_VM.C:1216
13 0x0000000000658007 c_esmc_ftablecallentrypointvm_()  /work/noaa/da/mpotts/sandbox/pgi_2019_openmpi_O_feature_fill_nan/esmf/src/Superstructure/Component/src/ESMCI_FTable.C:981
14 0x0000000000c185fd esmf_compmod_esmf_compexecute_()  /work/noaa/da/mpotts/sandbox/pgi_2019_openmpi_O_feature_fill_nan/esmf/src/Superstructure/Component/src/ESMF_Comp.F90:1223
15 0x0000000000c2a841 esmf_cplcompmod_esmf_cplcompinitialize_()  /work/noaa/da/mpotts/sandbox/pgi_2019_openmpi_O_feature_fill_nan/esmf/src/Superstructure/Component/src/ESMF_CplComp.F90:1165
16 0x0000000001259894 nuopc_driver_loopconnectorcompss_()  /work/noaa/da/mpotts/sandbox/pgi_2019_openmpi_O_feature_fill_nan/esmf/src/addon/NUOPC/src/NUOPC_Driver.F90:3023
17 0x0000000001250de7 nuopc_driver_initializeipdv02p3_()  /work/noaa/da/mpotts/sandbox/pgi_2019_openmpi_O_feature_fill_nan/esmf/src/addon/NUOPC/src/NUOPC_Driver.F90:2110
18 0x000000000123f43a nuopc_driver_initializegeneric_()  /work/noaa/da/mpotts/sandbox/pgi_2019_openmpi_O_feature_fill_nan/esmf/src/addon/NUOPC/src/NUOPC_Driver.F90:479
19 0x0000000000659a27 ESMCI::FTable::callVFuncPtr()  /work/noaa/da/mpotts/sandbox/pgi_2019_openmpi_O_feature_fill_nan/esmf/src/Superstructure/Component/src/ESMCI_FTable.C:2167
20 0x0000000000657c2a ESMCI_FTableCallEntryPointVMHop()  /work/noaa/da/mpotts/sandbox/pgi_2019_openmpi_O_feature_fill_nan/esmf/src/Superstructure/Component/src/ESMCI_FTable.C:824
21 0x0000000000a44b88 ESMCI::VM::enter()  /work/noaa/da/mpotts/sandbox/pgi_2019_openmpi_O_feature_fill_nan/esmf/src/Infrastructure/VM/src/ESMCI_VM.C:1216
22 0x0000000000658007 c_esmc_ftablecallentrypointvm_()  /work/noaa/da/mpotts/sandbox/pgi_2019_openmpi_O_feature_fill_nan/esmf/src/Superstructure/Component/src/ESMCI_FTable.C:981
23 0x0000000000c185fd esmf_compmod_esmf_compexecute_()  /work/noaa/da/mpotts/sandbox/pgi_2019_openmpi_O_feature_fill_nan/esmf/src/Superstructure/Component/src/ESMF_Comp.F90:1223
24 0x0000000000df2d11 esmf_gridcompmod_esmf_gridcompinitialize_()  /work/noaa/da/mpotts/sandbox/pgi_2019_openmpi_O_feature_fill_nan/esmf/src/Superstructure/Component/src/ESMF_GridComp.F90:1412
25 0x00000000004061ed MAIN_()  /work/noaa/da/mpotts/sandbox/pgi_2019_openmpi_O_feature_fill_nan/nuopc-app-prototypes/AtmOcnLndProto/esmApp.F90:58
26 0x0000000000405e63 main()  ???:0
27 0x0000000000022495 __libc_start_main()  ???:0
28 0x0000000000405d69 _start()  ???:0
=================================
[Orion-02-51:298844] *** Process received signal ***
[Orion-02-51:298844] Signal: Segmentation fault (11)
[Orion-02-51:298844] Signal code:  (-6)
[Orion-02-51:298844] Failing at address: 0x20e500048f5c
[Orion-02-51:298844] [ 0] /lib64/libpthread.so.0(+0xf5d0)[0x7f76fcdb85d0]
[Orion-02-51:298844] [ 1] /work/noaa/da/mpotts/sandbox/pgi_2019_openmpi_O_feature_fill_nan/esmf/DEFAULTINSTALLDIR/lib/libO/Linux.pgi.64.openmpi.default/libesmf.so(_ZN5ESMCI6LogErr13MsgFoundErrorEiPKciS2_S2_Pi+0x33)[0x7f76fb54f423]
[Orion-02-51:298844] [ 2] /work/noaa/da/mpotts/sandbox/pgi_2019_openmpi_O_feature_fill_nan/esmf/DEFAULTINSTALLDIR/lib/libO/Linux.pgi.64.openmpi.default/libesmf.so(c_esmc_meshcreatenodedistgrid_+0xa1)[0x7f76fb6a7721]
[Orion-02-51:298844] [ 3] /work/noaa/da/mpotts/sandbox/pgi_2019_openmpi_O_feature_fill_nan/esmf/DEFAULTINSTALLDIR/lib/libO/Linux.pgi.64.openmpi.default/libesmf.so(esmf_meshmod_esmf_meshcreatefrompointer_+0x4c)[0x7f76fbdc095c]
[Orion-02-51:298844] [ 4] /work/noaa/da/mpotts/sandbox/pgi_2019_openmpi_O_feature_fill_nan/esmf/DEFAULTINSTALLDIR/lib/libO/Linux.pgi.64.openmpi.default/libesmf.so(esmf_gridutilmod_esmf_gridtomesh_+0x352)[0x7f76fbca1ad2]
[Orion-02-51:298844] [ 5] /work/noaa/da/mpotts/sandbox/pgi_2019_openmpi_O_feature_fill_nan/esmf/DEFAULTINSTALLDIR/lib/libO/Linux.pgi.64.openmpi.default/libesmf.so(esmf_fieldregridmod_b_or_p_gridtomesh_+0x156)[0x7f76fbbc5b16]
[Orion-02-51:298844] [ 6] /work/noaa/da/mpotts/sandbox/pgi_2019_openmpi_O_feature_fill_nan/esmf/DEFAULTINSTALLDIR/lib/libO/Linux.pgi.64.openmpi.default/libesmf.so(esmf_fieldregridmod_getmeshwithnodesonfieldloc_+0x394)[0x7f76fbbc2fd4]
[Orion-02-51:298844] [ 7] /work/noaa/da/mpotts/sandbox/pgi_2019_openmpi_O_feature_fill_nan/esmf/DEFAULTINSTALLDIR/lib/libO/Linux.pgi.64.openmpi.default/libesmf.so(esmf_fieldregridmod_esmf_fieldregridstorenx_+0x9cf)[0x7f76fbbc150f]
[Orion-02-51:298844] [ 8] /work/noaa/da/mpotts/sandbox/pgi_2019_openmpi_O_feature_fill_nan/esmf/DEFAULTINSTALLDIR/lib/libO/Linux.pgi.64.openmpi.default/libesmf.so(esmf_fieldbundlemod_esmf_fieldbundleregridstorepair_+0x3a1a)[0x7f76fba9b1ba]
[Orion-02-51:298844] [ 9] /work/noaa/da/mpotts/sandbox/pgi_2019_openmpi_O_feature_fill_nan/esmf/DEFAULTINSTALLDIR/lib/libO/Linux.pgi.64.openmpi.default/libesmf.so(nuopc_connector_fieldbundlecplstore_+0x90d2)[0x7f76fc04ec72]
[Orion-02-51:298844] [10] /work/noaa/da/mpotts/sandbox/pgi_2019_openmpi_O_feature_fill_nan/esmf/DEFAULTINSTALLDIR/lib/libO/Linux.pgi.64.openmpi.default/libesmf.so(nuopc_connector_initializeipdv05p6b_+0x4f76)[0x7f76fc038c86]
[Orion-02-51:298844] [11] /work/noaa/da/mpotts/sandbox/pgi_2019_openmpi_O_feature_fill_nan/esmf/DEFAULTINSTALLDIR/lib/libO/Linux.pgi.64.openmpi.default/libesmf.so(_ZN5ESMCI6FTable12callVFuncPtrEPKcPNS_2VMEPi+0x417)[0x7f76fb46ea27]
[Orion-02-51:298844] [12] /work/noaa/da/mpotts/sandbox/pgi_2019_openmpi_O_feature_fill_nan/esmf/DEFAULTINSTALLDIR/lib/libO/Linux.pgi.64.openmpi.default/libesmf.so(ESMCI_FTableCallEntryPointVMHop+0x1ea)[0x7f76fb46cc2a]
[Orion-02-51:298844] [13] /work/noaa/da/mpotts/sandbox/pgi_2019_openmpi_O_feature_fill_nan/esmf/DEFAULTINSTALLDIR/lib/libO/Linux.pgi.64.openmpi.default/libesmf.so(_ZN5ESMCI2VM5enterEPNS_6VMPlanEPvS3_+0x18)[0x7f76fb859b88]
[Orion-02-51:298844] [14] /work/noaa/da/mpotts/sandbox/pgi_2019_openmpi_O_feature_fill_nan/esmf/DEFAULTINSTALLDIR/lib/libO/Linux.pgi.64.openmpi.default/libesmf.so(c_esmc_ftablecallentrypointvm_+0x337)[0x7f76fb46d007]
[Orion-02-51:298844] [15] /work/noaa/da/mpotts/sandbox/pgi_2019_openmpi_O_feature_fill_nan/esmf/DEFAULTINSTALLDIR/lib/libO/Linux.pgi.64.openmpi.default/libesmf.so(esmf_compmod_esmf_compexecute_+0x7ed)[0x7f76fba2d5fd]
[Orion-02-51:298844] [16] /work/noaa/da/mpotts/sandbox/pgi_2019_openmpi_O_feature_fill_nan/esmf/DEFAULTINSTALLDIR/lib/libO/Linux.pgi.64.openmpi.default/libesmf.so(esmf_cplcompmod_esmf_cplcompinitialize_+0x161)[0x7f76fba3f841]
[Orion-02-51:298844] [17] /work/noaa/da/mpotts/sandbox/pgi_2019_openmpi_O_feature_fill_nan/esmf/DEFAULTINSTALLDIR/lib/libO/Linux.pgi.64.openmpi.default/libesmf.so(nuopc_driver_loopconnectorcompss_+0xeb4)[0x7f76fc06e894]
[Orion-02-51:298844] [18] /work/noaa/da/mpotts/sandbox/pgi_2019_openmpi_O_feature_fill_nan/esmf/DEFAULTINSTALLDIR/lib/libO/Linux.pgi.64.openmpi.default/libesmf.so(nuopc_driver_initializeipdv02p3_+0x2f77)[0x7f76fc065de7]
[Orion-02-51:298844] [19] /work/noaa/da/mpotts/sandbox/pgi_2019_openmpi_O_feature_fill_nan/esmf/DEFAULTINSTALLDIR/lib/libO/Linux.pgi.64.openmpi.default/libesmf.so(nuopc_driver_initializegeneric_+0x62a)[0x7f76fc05443a]
[Orion-02-51:298844] [20] /work/noaa/da/mpotts/sandbox/pgi_2019_openmpi_O_feature_fill_nan/esmf/DEFAULTINSTALLDIR/lib/libO/Linux.pgi.64.openmpi.default/libesmf.so(_ZN5ESMCI6FTable12callVFuncPtrEPKcPNS_2VMEPi+0x417)[0x7f76fb46ea27]
[Orion-02-51:298844] [21] /work/noaa/da/mpotts/sandbox/pgi_2019_openmpi_O_feature_fill_nan/esmf/DEFAULTINSTALLDIR/lib/libO/Linux.pgi.64.openmpi.default/libesmf.so(ESMCI_FTableCallEntryPointVMHop+0x1ea)[0x7f76fb46cc2a]
[Orion-02-51:298844] [22] /work/noaa/da/mpotts/sandbox/pgi_2019_openmpi_O_feature_fill_nan/esmf/DEFAULTINSTALLDIR/lib/libO/Linux.pgi.64.openmpi.default/libesmf.so(_ZN5ESMCI2VM5enterEPNS_6VMPlanEPvS3_+0x18)[0x7f76fb859b88]
[Orion-02-51:298844] [23] /work/noaa/da/mpotts/sandbox/pgi_2019_openmpi_O_feature_fill_nan/esmf/DEFAULTINSTALLDIR/lib/libO/Linux.pgi.64.openmpi.default/libesmf.so(c_esmc_ftablecallentrypointvm_+0x337)[0x7f76fb46d007]
[Orion-02-51:298844] [24] /work/noaa/da/mpotts/sandbox/pgi_2019_openmpi_O_feature_fill_nan/esmf/DEFAULTINSTALLDIR/lib/libO/Linux.pgi.64.openmpi.default/libesmf.so(esmf_compmod_esmf_compexecute_+0x7ed)[0x7f76fba2d5fd]
[Orion-02-51:298844] [25] /work/noaa/da/mpotts/sandbox/pgi_2019_openmpi_O_feature_fill_nan/esmf/DEFAULTINSTALLDIR/lib/libO/Linux.pgi.64.openmpi.default/libesmf.so(esmf_gridcompmod_esmf_gridcompinitialize_+0x161)[0x7f76fbc07d11]
[Orion-02-51:298844] [26] /work/noaa/da/mpotts/sandbox/pgi_2019_openmpi_O_feature_fill_nan/nuopc-app-prototypes/AtmOcnLndProto/./esmApp[0x4061ed]
[Orion-02-51:298844] [27] /work/noaa/da/mpotts/sandbox/pgi_2019_openmpi_O_feature_fill_nan/nuopc-app-prototypes/AtmOcnLndProto/./esmApp[0x405e63]
[Orion-02-51:298844] [28] /lib64/libc.so.6(__libc_start_main+0xf5)[0x7f76f7262495]
[Orion-02-51:298844] [29] /work/noaa/da/mpotts/sandbox/pgi_2019_openmpi_O_feature_fill_nan/nuopc-app-prototypes/AtmOcnLndProto/./esmApp[0x405d69]
[Orion-02-51:298844] *** End of error message ***
srun: error: Orion-02-51: tasks 0-3: Segmentation fault
srun: launch/slurm: _step_signal: Terminating StepId=10475273.351
