2023-05-15 04:18:22
[Orion-05-45:394682:0:394682] Caught signal 11 (Segmentation fault: address not mapped to object at address 0x4f1b591)
[Orion-05-45:394683:0:394683] Caught signal 11 (Segmentation fault: address not mapped to object at address 0x4f1b591)
[Orion-05-45:394684:0:394684] Caught signal 11 (Segmentation fault: address not mapped to object at address 0x4f1b591)
[Orion-05-45:394685:0:394685] Caught signal 11 (Segmentation fault: address not mapped to object at address 0x4f1b591)

/work/noaa/da/mpotts/sandbox/pgi_2019_openmpi_O_fix_profile_summary_at_scale/esmf/src/Infrastructure/LogErr/src/ESMCI_LogErr.C: [ ESMCI::LogErr::MsgFoundError() ]
      ...

/work/noaa/da/mpotts/sandbox/pgi_2019_openmpi_O_fix_profile_summary_at_scale/esmf/src/Infrastructure/LogErr/src/ESMCI_LogErr.C: [ ESMCI::LogErr::MsgFoundError() ]
      ...
      583 {
      584     bool result=false;
      585 #ifdef ESMC_SUCCESSDEFAULT_ON
==>   586     if (rcToReturn != ESMC_NULL_POINTER) *rcToReturn=ESMF_SUCCESS;
      587 #endif
      588     if (trace) {
      589         Write(ESMC_METHOD,ESMC_LOGMSG_TRACE,

      583 {
      584     bool result=false;
      585 #ifdef ESMC_SUCCESSDEFAULT_ON
==>   586     if (rcToReturn != ESMC_NULL_POINTER) *rcToReturn=ESMF_SUCCESS;
      587 #endif
      588     if (trace) {
      589         Write(ESMC_METHOD,ESMC_LOGMSG_TRACE,


/work/noaa/da/mpotts/sandbox/pgi_2019_openmpi_O_fix_profile_summary_at_scale/esmf/src/Infrastructure/LogErr/src/ESMCI_LogErr.C: [ ESMCI::LogErr::MsgFoundError() ]
      ...

/work/noaa/da/mpotts/sandbox/pgi_2019_openmpi_O_fix_profile_summary_at_scale/esmf/src/Infrastructure/LogErr/src/ESMCI_LogErr.C: [ ESMCI::LogErr::MsgFoundError() ]
      ...
      583 {
      583 {
      584     bool result=false;
      585 #ifdef ESMC_SUCCESSDEFAULT_ON
==>   586     if (rcToReturn != ESMC_NULL_POINTER) *rcToReturn=ESMF_SUCCESS;
      587 #endif
      588     if (trace) {
      589         Write(ESMC_METHOD,ESMC_LOGMSG_TRACE,
      584     bool result=false;
      585 #ifdef ESMC_SUCCESSDEFAULT_ON
==>   586     if (rcToReturn != ESMC_NULL_POINTER) *rcToReturn=ESMF_SUCCESS;
      587 #endif
      588     if (trace) {
      589         Write(ESMC_METHOD,ESMC_LOGMSG_TRACE,


==== backtrace (tid: 394684) ====
 0 0x000000000073d623 ESMCI::LogErr::MsgFoundError()  /work/noaa/da/mpotts/sandbox/pgi_2019_openmpi_O_fix_profile_summary_at_scale/esmf/src/Infrastructure/LogErr/src/ESMCI_LogErr.C:586
 1 0x0000000000895921 c_esmc_meshcreatenodedistgrid_()  /work/noaa/da/mpotts/sandbox/pgi_2019_openmpi_O_fix_profile_summary_at_scale/esmf/src/Infrastructure/Mesh/interface/ESMCI_Mesh_F.C:248
 2 0x0000000000fa7660 esmf_meshmod_esmf_meshcreate1part_()  /work/noaa/da/mpotts/sandbox/pgi_2019_openmpi_O_fix_profile_summary_at_scale/esmf/src/Infrastructure/Mesh/interface/ESMF_Mesh.F90:1407
 3 0x000000000040882a MAIN_()  /work/noaa/da/mpotts/sandbox/pgi_2019_openmpi_O_fix_profile_summary_at_scale/esmf/src/Infrastructure/Field/examples/ESMF_FieldRedistEx.F90:403
 4 0x00000000004051e3 main()  ???:0
 5 0x0000000000022495 __libc_start_main()  ???:0
 6 0x00000000004050e9 _start()  ???:0
=================================
[Orion-05-45:394684] *** Process received signal ***
[Orion-05-45:394684] Signal: Segmentation fault (11)
[Orion-05-45:394684] Signal code:  (-6)
[Orion-05-45:394684] Failing at address: 0x20e5000605bc
==== backtrace (tid: 394682) ====
 0 0x000000000073d623 ESMCI::LogErr::MsgFoundError()  /work/noaa/da/mpotts/sandbox/pgi_2019_openmpi_O_fix_profile_summary_at_scale/esmf/src/Infrastructure/LogErr/src/ESMCI_LogErr.C:586
 1 0x0000000000895921 c_esmc_meshcreatenodedistgrid_()  /work/noaa/da/mpotts/sandbox/pgi_2019_openmpi_O_fix_profile_summary_at_scale/esmf/src/Infrastructure/Mesh/interface/ESMCI_Mesh_F.C:248
 2 0x0000000000fa7660 esmf_meshmod_esmf_meshcreate1part_()  /work/noaa/da/mpotts/sandbox/pgi_2019_openmpi_O_fix_profile_summary_at_scale/esmf/src/Infrastructure/Mesh/interface/ESMF_Mesh.F90:1407
 3 0x000000000040882a MAIN_()  /work/noaa/da/mpotts/sandbox/pgi_2019_openmpi_O_fix_profile_summary_at_scale/esmf/src/Infrastructure/Field/examples/ESMF_FieldRedistEx.F90:403
 4 0x00000000004051e3 main()  ???:0
 5 0x0000000000022495 __libc_start_main()  ???:0
 6 0x00000000004050e9 _start()  ???:0
=================================
[Orion-05-45:394684] [ 0] /lib64/libpthread.so.0(+0xf5d0)[0x7f40b74425d0]
[Orion-05-45:394682] *** Process received signal ***
[Orion-05-45:394682] Signal: Segmentation fault (11)
[Orion-05-45:394682] Signal code:  (-6)
[Orion-05-45:394682] Failing at address: 0x20e5000605ba
[Orion-05-45:394682] [ 0] /lib64/libpthread.so.0(+0xf5d0)[0x7fe3e3c595d0]
[Orion-05-45:394684] [ 1] /work/noaa/da/mpotts/sandbox/pgi_2019_openmpi_O_fix_profile_summary_at_scale/esmf/lib/libO/Linux.pgi.64.openmpi.default/libesmf.so(_ZN5ESMCI6LogErr13MsgFoundErrorEiPKciS2_S2_Pi+0x33)[0x7f40b5bd8623]
[Orion-05-45:394684] [ 2] /work/noaa/da/mpotts/sandbox/pgi_2019_openmpi_O_fix_profile_summary_at_scale/esmf/lib/libO/Linux.pgi.64.openmpi.default/libesmf.so(c_esmc_meshcreatenodedistgrid_+0xa1)[0x7f40b5d30921]
[Orion-05-45:394682] [ 1] /work/noaa/da/mpotts/sandbox/pgi_2019_openmpi_O_fix_profile_summary_at_scale/esmf/lib/libO/Linux.pgi.64.openmpi.default/libesmf.so(_ZN5ESMCI6LogErr13MsgFoundErrorEiPKciS2_S2_Pi+0x33)[0x7fe3e23ef623]
[Orion-05-45:394682] [ 2] /work/noaa/da/mpotts/sandbox/pgi_2019_openmpi_O_fix_profile_summary_at_scale/esmf/lib/libO/Linux.pgi.64.openmpi.default/libesmf.so(c_esmc_meshcreatenodedistgrid_+0xa1)[0x7fe3e2547921]
[Orion-05-45:394684] [ 3] /work/noaa/da/mpotts/sandbox/pgi_2019_openmpi_O_fix_profile_summary_at_scale/esmf/lib/libO/Linux.pgi.64.openmpi.default/libesmf.so(esmf_meshmod_esmf_meshcreate1part_+0xce0)[0x7f40b6442660]
[Orion-05-45:394684] [ 4] /work/noaa/da/mpotts/sandbox/pgi_2019_openmpi_O_fix_profile_summary_at_scale/esmf/examples/examplesO/Linux.pgi.64.openmpi.default/./ESMF_FieldRedistEx[0x40882a]
[Orion-05-45:394684] [ 5] /work/noaa/da/mpotts/sandbox/pgi_2019_openmpi_O_fix_profile_summary_at_scale/esmf/examples/examplesO/Linux.pgi.64.openmpi.default/./ESMF_FieldRedistEx[0x4051e3]
[Orion-05-45:394684] [ 6] /lib64/libc.so.6(__libc_start_main+0xf5)[0x7f40b18e8495]
[Orion-05-45:394684] [ 7] /work/noaa/da/mpotts/sandbox/pgi_2019_openmpi_O_fix_profile_summary_at_scale/esmf/examples/examplesO/Linux.pgi.64.openmpi.default/./ESMF_FieldRedistEx[0x4050e9]
[Orion-05-45:394684] *** End of error message ***
[Orion-05-45:394682] [ 3] /work/noaa/da/mpotts/sandbox/pgi_2019_openmpi_O_fix_profile_summary_at_scale/esmf/lib/libO/Linux.pgi.64.openmpi.default/libesmf.so(esmf_meshmod_esmf_meshcreate1part_+0xce0)[0x7fe3e2c59660]
[Orion-05-45:394682] [ 4] /work/noaa/da/mpotts/sandbox/pgi_2019_openmpi_O_fix_profile_summary_at_scale/esmf/examples/examplesO/Linux.pgi.64.openmpi.default/./ESMF_FieldRedistEx[0x40882a]
[Orion-05-45:394682] [ 5] /work/noaa/da/mpotts/sandbox/pgi_2019_openmpi_O_fix_profile_summary_at_scale/esmf/examples/examplesO/Linux.pgi.64.openmpi.default/./ESMF_FieldRedistEx[0x4051e3]
[Orion-05-45:394682] [ 6] /lib64/libc.so.6(__libc_start_main+0xf5)[0x7fe3de0ff495]
[Orion-05-45:394682] [ 7] /work/noaa/da/mpotts/sandbox/pgi_2019_openmpi_O_fix_profile_summary_at_scale/esmf/examples/examplesO/Linux.pgi.64.openmpi.default/./ESMF_FieldRedistEx[0x4050e9]
[Orion-05-45:394682] *** End of error message ***
==== backtrace (tid: 394683) ====
 0 0x000000000073d623 ESMCI::LogErr::MsgFoundError()  /work/noaa/da/mpotts/sandbox/pgi_2019_openmpi_O_fix_profile_summary_at_scale/esmf/src/Infrastructure/LogErr/src/ESMCI_LogErr.C:586
 1 0x0000000000895921 c_esmc_meshcreatenodedistgrid_()  /work/noaa/da/mpotts/sandbox/pgi_2019_openmpi_O_fix_profile_summary_at_scale/esmf/src/Infrastructure/Mesh/interface/ESMCI_Mesh_F.C:248
 2 0x0000000000fa7660 esmf_meshmod_esmf_meshcreate1part_()  /work/noaa/da/mpotts/sandbox/pgi_2019_openmpi_O_fix_profile_summary_at_scale/esmf/src/Infrastructure/Mesh/interface/ESMF_Mesh.F90:1407
 3 0x000000000040882a MAIN_()  /work/noaa/da/mpotts/sandbox/pgi_2019_openmpi_O_fix_profile_summary_at_scale/esmf/src/Infrastructure/Field/examples/ESMF_FieldRedistEx.F90:403
 4 0x00000000004051e3 main()  ???:0
 5 0x0000000000022495 __libc_start_main()  ???:0
 6 0x00000000004050e9 _start()  ???:0
=================================
[Orion-05-45:394683] *** Process received signal ***
[Orion-05-45:394683] Signal: Segmentation fault (11)
[Orion-05-45:394683] Signal code:  (-6)
[Orion-05-45:394683] Failing at address: 0x20e5000605bb
[Orion-05-45:394683] [ 0] /lib64/libpthread.so.0(+0xf5d0)[0x7f01b53c95d0]
[Orion-05-45:394683] [ 1] /work/noaa/da/mpotts/sandbox/pgi_2019_openmpi_O_fix_profile_summary_at_scale/esmf/lib/libO/Linux.pgi.64.openmpi.default/libesmf.so(_ZN5ESMCI6LogErr13MsgFoundErrorEiPKciS2_S2_Pi+0x33)[0x7f01b3b5f623]
==== backtrace (tid: 394685) ====
 0 0x000000000073d623 ESMCI::LogErr::MsgFoundError()  /work/noaa/da/mpotts/sandbox/pgi_2019_openmpi_O_fix_profile_summary_at_scale/esmf/src/Infrastructure/LogErr/src/ESMCI_LogErr.C:586
 1 0x0000000000895921 c_esmc_meshcreatenodedistgrid_()  /work/noaa/da/mpotts/sandbox/pgi_2019_openmpi_O_fix_profile_summary_at_scale/esmf/src/Infrastructure/Mesh/interface/ESMCI_Mesh_F.C:248
 2 0x0000000000fa7660 esmf_meshmod_esmf_meshcreate1part_()  /work/noaa/da/mpotts/sandbox/pgi_2019_openmpi_O_fix_profile_summary_at_scale/esmf/src/Infrastructure/Mesh/interface/ESMF_Mesh.F90:1407
[Orion-05-45:394683] [ 2] /work/noaa/da/mpotts/sandbox/pgi_2019_openmpi_O_fix_profile_summary_at_scale/esmf/lib/libO/Linux.pgi.64.openmpi.default/libesmf.so(c_esmc_meshcreatenodedistgrid_+0xa1)[0x7f01b3cb7921]
 3 0x000000000040882a MAIN_()  /work/noaa/da/mpotts/sandbox/pgi_2019_openmpi_O_fix_profile_summary_at_scale/esmf/src/Infrastructure/Field/examples/ESMF_FieldRedistEx.F90:403
 4 0x00000000004051e3 main()  ???:0
 5 0x0000000000022495 __libc_start_main()  ???:0
 6 0x00000000004050e9 _start()  ???:0
=================================
[Orion-05-45:394685] *** Process received signal ***
[Orion-05-45:394685] Signal: Segmentation fault (11)
[Orion-05-45:394685] Signal code:  (-6)
[Orion-05-45:394685] Failing at address: 0x20e5000605bd
[Orion-05-45:394685] [ 0] /lib64/libpthread.so.0(+0xf5d0)[0x7f5d582ab5d0]
[Orion-05-45:394683] [ 3] /work/noaa/da/mpotts/sandbox/pgi_2019_openmpi_O_fix_profile_summary_at_scale/esmf/lib/libO/Linux.pgi.64.openmpi.default/libesmf.so(esmf_meshmod_esmf_meshcreate1part_+0xce0)[0x7f01b43c9660]
[Orion-05-45:394683] [ 4] /work/noaa/da/mpotts/sandbox/pgi_2019_openmpi_O_fix_profile_summary_at_scale/esmf/examples/examplesO/Linux.pgi.64.openmpi.default/./ESMF_FieldRedistEx[0x40882a]
[Orion-05-45:394683] [ 5] /work/noaa/da/mpotts/sandbox/pgi_2019_openmpi_O_fix_profile_summary_at_scale/esmf/examples/examplesO/Linux.pgi.64.openmpi.default/./ESMF_FieldRedistEx[0x4051e3]
[Orion-05-45:394683] [ 6] /lib64/libc.so.6(__libc_start_main+0xf5)[0x7f01af86f495]
[Orion-05-45:394683] [ 7] /work/noaa/da/mpotts/sandbox/pgi_2019_openmpi_O_fix_profile_summary_at_scale/esmf/examples/examplesO/Linux.pgi.64.openmpi.default/./ESMF_FieldRedistEx[0x4050e9]
[Orion-05-45:394683] *** End of error message ***
[Orion-05-45:394685] [ 1] /work/noaa/da/mpotts/sandbox/pgi_2019_openmpi_O_fix_profile_summary_at_scale/esmf/lib/libO/Linux.pgi.64.openmpi.default/libesmf.so(_ZN5ESMCI6LogErr13MsgFoundErrorEiPKciS2_S2_Pi+0x33)[0x7f5d56a41623]
[Orion-05-45:394685] [ 2] /work/noaa/da/mpotts/sandbox/pgi_2019_openmpi_O_fix_profile_summary_at_scale/esmf/lib/libO/Linux.pgi.64.openmpi.default/libesmf.so(c_esmc_meshcreatenodedistgrid_+0xa1)[0x7f5d56b99921]
[Orion-05-45:394685] [ 3] /work/noaa/da/mpotts/sandbox/pgi_2019_openmpi_O_fix_profile_summary_at_scale/esmf/lib/libO/Linux.pgi.64.openmpi.default/libesmf.so(esmf_meshmod_esmf_meshcreate1part_+0xce0)[0x7f5d572ab660]
[Orion-05-45:394685] [ 4] /work/noaa/da/mpotts/sandbox/pgi_2019_openmpi_O_fix_profile_summary_at_scale/esmf/examples/examplesO/Linux.pgi.64.openmpi.default/./ESMF_FieldRedistEx[0x40882a]
[Orion-05-45:394685] [ 5] /work/noaa/da/mpotts/sandbox/pgi_2019_openmpi_O_fix_profile_summary_at_scale/esmf/examples/examplesO/Linux.pgi.64.openmpi.default/./ESMF_FieldRedistEx[0x4051e3]
[Orion-05-45:394685] [ 6] /lib64/libc.so.6(__libc_start_main+0xf5)[0x7f5d52751495]
[Orion-05-45:394685] [ 7] /work/noaa/da/mpotts/sandbox/pgi_2019_openmpi_O_fix_profile_summary_at_scale/esmf/examples/examplesO/Linux.pgi.64.openmpi.default/./ESMF_FieldRedistEx[0x4050e9]
[Orion-05-45:394685] *** End of error message ***
srun: error: Orion-05-45: tasks 0-3: Segmentation fault
srun: launch/slurm: _step_signal: Terminating StepId=10484225.321
