2023-05-13 02:59:31
[Orion-13-69:357981:0:357981] Caught signal 11 (Segmentation fault: address not mapped to object at address 0x4f1b591)
[Orion-13-69:357982:0:357982] Caught signal 11 (Segmentation fault: address not mapped to object at address 0x4f1b591)
[Orion-13-69:357983:0:357983] Caught signal 11 (Segmentation fault: address not mapped to object at address 0x4f1b591)
[Orion-13-69:357984:0:357984] Caught signal 11 (Segmentation fault: address not mapped to object at address 0x4f1b591)

/work/noaa/da/mpotts/sandbox/pgi_2019_openmpi_g_feature_fill_nan/esmf/src/Infrastructure/LogErr/src/ESMCI_LogErr.C: [ ESMCI::LogErr::MsgFoundError() ]
      ...

/work/noaa/da/mpotts/sandbox/pgi_2019_openmpi_g_feature_fill_nan/esmf/src/Infrastructure/LogErr/src/ESMCI_LogErr.C: [ ESMCI::LogErr::MsgFoundError() ]
      ...
      583 {
      584     bool result=false;
      585 #ifdef ESMC_SUCCESSDEFAULT_ON
==>   586     if (rcToReturn != ESMC_NULL_POINTER) *rcToReturn=ESMF_SUCCESS;
      587 #endif
      588     if (trace) {
      589         Write(ESMC_METHOD,ESMC_LOGMSG_TRACE,

      583 {
      584     bool result=false;
      585 #ifdef ESMC_SUCCESSDEFAULT_ON
==>   586     if (rcToReturn != ESMC_NULL_POINTER) *rcToReturn=ESMF_SUCCESS;
      587 #endif
      588     if (trace) {
      589         Write(ESMC_METHOD,ESMC_LOGMSG_TRACE,


/work/noaa/da/mpotts/sandbox/pgi_2019_openmpi_g_feature_fill_nan/esmf/src/Infrastructure/LogErr/src/ESMCI_LogErr.C: [ ESMCI::LogErr::MsgFoundError() ]
      ...
      583 {
      584     bool result=false;
      585 #ifdef ESMC_SUCCESSDEFAULT_ON
==>   586     if (rcToReturn != ESMC_NULL_POINTER) *rcToReturn=ESMF_SUCCESS;
      587 #endif
      588     if (trace) {
      589         Write(ESMC_METHOD,ESMC_LOGMSG_TRACE,

/work/noaa/da/mpotts/sandbox/pgi_2019_openmpi_g_feature_fill_nan/esmf/src/Infrastructure/LogErr/src/ESMCI_LogErr.C: [ ESMCI::LogErr::MsgFoundError() ]
      ...

      583 {
      584     bool result=false;
      585 #ifdef ESMC_SUCCESSDEFAULT_ON
==>   586     if (rcToReturn != ESMC_NULL_POINTER) *rcToReturn=ESMF_SUCCESS;
      587 #endif
      588     if (trace) {
      589         Write(ESMC_METHOD,ESMC_LOGMSG_TRACE,

==== backtrace (tid: 357983) ====
 0 0x000000000121d5f4 ESMCI::LogErr::MsgFoundError()  /work/noaa/da/mpotts/sandbox/pgi_2019_openmpi_g_feature_fill_nan/esmf/src/Infrastructure/LogErr/src/ESMCI_LogErr.C:586
 1 0x0000000001401d21 ESMCI::MeshCap::meshcreatenodedistgrid()  /work/noaa/da/mpotts/sandbox/pgi_2019_openmpi_g_feature_fill_nan/esmf/src/Infrastructure/Mesh/src/ESMCI_MeshCap.C:1754
 2 0x00000000014478b7 c_esmc_meshcreatenodedistgrid_()  /work/noaa/da/mpotts/sandbox/pgi_2019_openmpi_g_feature_fill_nan/esmf/src/Infrastructure/Mesh/interface/ESMCI_Mesh_F.C:247
 3 0x0000000002120c58 esmf_meshmod_esmf_meshcreatefrompointer_()  /work/noaa/da/mpotts/sandbox/pgi_2019_openmpi_g_feature_fill_nan/esmf/src/Infrastructure/Mesh/interface/ESMF_Mesh.F90:3091
 4 0x0000000001f4ec30 esmf_gridutilmod_esmf_gridtomesh_()  /work/noaa/da/mpotts/sandbox/pgi_2019_openmpi_g_feature_fill_nan/esmf/src/Infrastructure/GridUtil/interface/ESMF_GridUtil.F90:453
 5 0x0000000001df40db esmf_fieldregridmod_b_or_p_gridtomesh_()  /work/noaa/da/mpotts/sandbox/pgi_2019_openmpi_g_feature_fill_nan/esmf/src/Infrastructure/Field/src/ESMF_FieldRegrid.F90:3228
 6 0x0000000001def3f1 esmf_fieldregridmod_getmeshwithnodesonfieldloc_()  /work/noaa/da/mpotts/sandbox/pgi_2019_openmpi_g_feature_fill_nan/esmf/src/Infrastructure/Field/src/ESMF_FieldRegrid.F90:1346
 7 0x0000000001decd04 esmf_fieldregridmod_esmf_fieldregridstorenx_()  /work/noaa/da/mpotts/sandbox/pgi_2019_openmpi_g_feature_fill_nan/esmf/src/Infrastructure/Field/src/ESMF_FieldRegrid.F90:971
 8 0x0000000001bf9408 esmf_fieldbundlemod_esmf_fieldbundleregridstorepair_()  /work/noaa/da/mpotts/sandbox/pgi_2019_openmpi_g_feature_fill_nan/esmf/src/Infrastructure/FieldBundle/src/ESMF_FieldBundle.F90:16211
 9 0x000000000258b115 nuopc_connector_fieldbundlecplstore_()  /work/noaa/da/mpotts/sandbox/pgi_2019_openmpi_g_feature_fill_nan/esmf/src/addon/NUOPC/src/NUOPC_Connector.F90:7714
10 0x00000000025645ed nuopc_connector_initializeipdv05p6b_()  /work/noaa/da/mpotts/sandbox/pgi_2019_openmpi_g_feature_fill_nan/esmf/src/addon/NUOPC/src/NUOPC_Connector.F90:5386
11 0x0000000001083ce7 ESMCI::FTable::callVFuncPtr()  /work/noaa/da/mpotts/sandbox/pgi_2019_openmpi_g_feature_fill_nan/esmf/src/Superstructure/Component/src/ESMCI_FTable.C:2167
12 0x000000000107fbec ESMCI_FTableCallEntryPointVMHop()  /work/noaa/da/mpotts/sandbox/pgi_2019_openmpi_g_feature_fill_nan/esmf/src/Superstructure/Component/src/ESMCI_FTable.C:824
13 0x00000000017d208f ESMCI::VMK::enter()  /work/noaa/da/mpotts/sandbox/pgi_2019_openmpi_g_feature_fill_nan/esmf/src/Infrastructure/VM/src/ESMCI_VMKernel.C:2320
14 0x00000000017f6a4d ESMCI::VM::enter()  /work/noaa/da/mpotts/sandbox/pgi_2019_openmpi_g_feature_fill_nan/esmf/src/Infrastructure/VM/src/ESMCI_VM.C:1216
15 0x00000000010800b1 c_esmc_ftablecallentrypointvm_()  /work/noaa/da/mpotts/sandbox/pgi_2019_openmpi_g_feature_fill_nan/esmf/src/Superstructure/Component/src/ESMCI_FTable.C:981
16 0x0000000001b40945 esmf_compmod_esmf_compexecute_()  /work/noaa/da/mpotts/sandbox/pgi_2019_openmpi_g_feature_fill_nan/esmf/src/Superstructure/Component/src/ESMF_Comp.F90:1223
17 0x0000000001b5e471 esmf_cplcompmod_esmf_cplcompinitialize_()  /work/noaa/da/mpotts/sandbox/pgi_2019_openmpi_g_feature_fill_nan/esmf/src/Superstructure/Component/src/ESMF_CplComp.F90:1165
18 0x00000000025c6216 nuopc_driver_loopconnectorcompss_()  /work/noaa/da/mpotts/sandbox/pgi_2019_openmpi_g_feature_fill_nan/esmf/src/addon/NUOPC/src/NUOPC_Driver.F90:3023
19 0x00000000025b691c nuopc_driver_initializeipdv02p3_()  /work/noaa/da/mpotts/sandbox/pgi_2019_openmpi_g_feature_fill_nan/esmf/src/addon/NUOPC/src/NUOPC_Driver.F90:2110
20 0x000000000259492e nuopc_driver_initializegeneric_()  /work/noaa/da/mpotts/sandbox/pgi_2019_openmpi_g_feature_fill_nan/esmf/src/addon/NUOPC/src/NUOPC_Driver.F90:479
21 0x0000000001083ce7 ESMCI::FTable::callVFuncPtr()  /work/noaa/da/mpotts/sandbox/pgi_2019_openmpi_g_feature_fill_nan/esmf/src/Superstructure/Component/src/ESMCI_FTable.C:2167
22 0x000000000107fbec ESMCI_FTableCallEntryPointVMHop()  /work/noaa/da/mpotts/sandbox/pgi_2019_openmpi_g_feature_fill_nan/esmf/src/Superstructure/Component/src/ESMCI_FTable.C:824
23 0x00000000017d208f ESMCI::VMK::enter()  /work/noaa/da/mpotts/sandbox/pgi_2019_openmpi_g_feature_fill_nan/esmf/src/Infrastructure/VM/src/ESMCI_VMKernel.C:2320
24 0x00000000017f6a4d ESMCI::VM::enter()  /work/noaa/da/mpotts/sandbox/pgi_2019_openmpi_g_feature_fill_nan/esmf/src/Infrastructure/VM/src/ESMCI_VM.C:1216
25 0x00000000010800b1 c_esmc_ftablecallentrypointvm_()  /work/noaa/da/mpotts/sandbox/pgi_2019_openmpi_g_feature_fill_nan/esmf/src/Superstructure/Component/src/ESMCI_FTable.C:981
26 0x0000000001b40945 esmf_compmod_esmf_compexecute_()  /work/noaa/da/mpotts/sandbox/pgi_2019_openmpi_g_feature_fill_nan/esmf/src/Superstructure/Component/src/ESMF_Comp.F90:1223
27 0x0000000001e59831 esmf_gridcompmod_esmf_gridcompinitialize_()  /work/noaa/da/mpotts/sandbox/pgi_2019_openmpi_g_feature_fill_nan/esmf/src/Superstructure/Component/src/ESMF_GridComp.F90:1412
28 0x0000000000407317 MAIN_()  /work/noaa/da/mpotts/sandbox/pgi_2019_openmpi_g_feature_fill_nan/nuopc-app-prototypes/AtmOcnLogNoneProto/esmApp.F90:65
29 0x0000000000406d13 main()  ???:0
30 0x0000000000022495 __libc_start_main()  ???:0
31 0x0000000000406c19 _start()  ???:0
=================================
[Orion-13-69:357983] *** Process received signal ***
[Orion-13-69:357983] Signal: Segmentation fault (11)
[Orion-13-69:357983] Signal code:  (-6)
[Orion-13-69:357983] Failing at address: 0x20e50005765f
[Orion-13-69:357983] [ 0] /lib64/libpthread.so.0(+0xf5d0)[0x7f0b0a4875d0]
==== backtrace (tid: 357981) ====
 0 0x000000000121d5f4 ESMCI::LogErr::MsgFoundError()  /work/noaa/da/mpotts/sandbox/pgi_2019_openmpi_g_feature_fill_nan/esmf/src/Infrastructure/LogErr/src/ESMCI_LogErr.C:586
 1 0x0000000001401d21 ESMCI::MeshCap::meshcreatenodedistgrid()  /work/noaa/da/mpotts/sandbox/pgi_2019_openmpi_g_feature_fill_nan/esmf/src/Infrastructure/Mesh/src/ESMCI_MeshCap.C:1754
 2 0x00000000014478b7 c_esmc_meshcreatenodedistgrid_()  /work/noaa/da/mpotts/sandbox/pgi_2019_openmpi_g_feature_fill_nan/esmf/src/Infrastructure/Mesh/interface/ESMCI_Mesh_F.C:247
 3 0x0000000002120c58 esmf_meshmod_esmf_meshcreatefrompointer_()  /work/noaa/da/mpotts/sandbox/pgi_2019_openmpi_g_feature_fill_nan/esmf/src/Infrastructure/Mesh/interface/ESMF_Mesh.F90:3091
 4 0x0000000001f4ec30 esmf_gridutilmod_esmf_gridtomesh_()  /work/noaa/da/mpotts/sandbox/pgi_2019_openmpi_g_feature_fill_nan/esmf/src/Infrastructure/GridUtil/interface/ESMF_GridUtil.F90:453
 5 0x0000000001df40db esmf_fieldregridmod_b_or_p_gridtomesh_()  /work/noaa/da/mpotts/sandbox/pgi_2019_openmpi_g_feature_fill_nan/esmf/src/Infrastructure/Field/src/ESMF_FieldRegrid.F90:3228
 6 0x0000000001def3f1 esmf_fieldregridmod_getmeshwithnodesonfieldloc_()  /work/noaa/da/mpotts/sandbox/pgi_2019_openmpi_g_feature_fill_nan/esmf/src/Infrastructure/Field/src/ESMF_FieldRegrid.F90:1346
 7 0x0000000001decd04 esmf_fieldregridmod_esmf_fieldregridstorenx_()  /work/noaa/da/mpotts/sandbox/pgi_2019_openmpi_g_feature_fill_nan/esmf/src/Infrastructure/Field/src/ESMF_FieldRegrid.F90:971
 8 0x0000000001bf9408 esmf_fieldbundlemod_esmf_fieldbundleregridstorepair_()  /work/noaa/da/mpotts/sandbox/pgi_2019_openmpi_g_feature_fill_nan/esmf/src/Infrastructure/FieldBundle/src/ESMF_FieldBundle.F90:16211
 9 0x000000000258b115 nuopc_connector_fieldbundlecplstore_()  /work/noaa/da/mpotts/sandbox/pgi_2019_openmpi_g_feature_fill_nan/esmf/src/addon/NUOPC/src/NUOPC_Connector.F90:7714
10 0x00000000025645ed nuopc_connector_initializeipdv05p6b_()  /work/noaa/da/mpotts/sandbox/pgi_2019_openmpi_g_feature_fill_nan/esmf/src/addon/NUOPC/src/NUOPC_Connector.F90:5386
11 0x0000000001083ce7 ESMCI::FTable::callVFuncPtr()  /work/noaa/da/mpotts/sandbox/pgi_2019_openmpi_g_feature_fill_nan/esmf/src/Superstructure/Component/src/ESMCI_FTable.C:2167
12 0x000000000107fbec ESMCI_FTableCallEntryPointVMHop()  /work/noaa/da/mpotts/sandbox/pgi_2019_openmpi_g_feature_fill_nan/esmf/src/Superstructure/Component/src/ESMCI_FTable.C:824
13 0x00000000017d208f ESMCI::VMK::enter()  /work/noaa/da/mpotts/sandbox/pgi_2019_openmpi_g_feature_fill_nan/esmf/src/Infrastructure/VM/src/ESMCI_VMKernel.C:2320
14 0x00000000017f6a4d ESMCI::VM::enter()  /work/noaa/da/mpotts/sandbox/pgi_2019_openmpi_g_feature_fill_nan/esmf/src/Infrastructure/VM/src/ESMCI_VM.C:1216
15 0x00000000010800b1 c_esmc_ftablecallentrypointvm_()  /work/noaa/da/mpotts/sandbox/pgi_2019_openmpi_g_feature_fill_nan/esmf/src/Superstructure/Component/src/ESMCI_FTable.C:981
16 0x0000000001b40945 esmf_compmod_esmf_compexecute_()  /work/noaa/da/mpotts/sandbox/pgi_2019_openmpi_g_feature_fill_nan/esmf/src/Superstructure/Component/src/ESMF_Comp.F90:1223
17 0x0000000001b5e471 esmf_cplcompmod_esmf_cplcompinitialize_()  /work/noaa/da/mpotts/sandbox/pgi_2019_openmpi_g_feature_fill_nan/esmf/src/Superstructure/Component/src/ESMF_CplComp.F90:1165
18 0x00000000025c6216 nuopc_driver_loopconnectorcompss_()  /work/noaa/da/mpotts/sandbox/pgi_2019_openmpi_g_feature_fill_nan/esmf/src/addon/NUOPC/src/NUOPC_Driver.F90:3023
19 0x00000000025b691c nuopc_driver_initializeipdv02p3_()  /work/noaa/da/mpotts/sandbox/pgi_2019_openmpi_g_feature_fill_nan/esmf/src/addon/NUOPC/src/NUOPC_Driver.F90:2110
20 0x000000000259492e nuopc_driver_initializegeneric_()  /work/noaa/da/mpotts/sandbox/pgi_2019_openmpi_g_feature_fill_nan/esmf/src/addon/NUOPC/src/NUOPC_Driver.F90:479
21 0x0000000001083ce7 ESMCI::FTable::callVFuncPtr()  /work/noaa/da/mpotts/sandbox/pgi_2019_openmpi_g_feature_fill_nan/esmf/src/Superstructure/Component/src/ESMCI_FTable.C:2167
22 0x000000000107fbec ESMCI_FTableCallEntryPointVMHop()  /work/noaa/da/mpotts/sandbox/pgi_2019_openmpi_g_feature_fill_nan/esmf/src/Superstructure/Component/src/ESMCI_FTable.C:824
23 0x00000000017d208f ESMCI::VMK::enter()  /work/noaa/da/mpotts/sandbox/pgi_2019_openmpi_g_feature_fill_nan/esmf/src/Infrastructure/VM/src/ESMCI_VMKernel.C:2320
24 0x00000000017f6a4d ESMCI::VM::enter()  /work/noaa/da/mpotts/sandbox/pgi_2019_openmpi_g_feature_fill_nan/esmf/src/Infrastructure/VM/src/ESMCI_VM.C:1216
25 0x00000000010800b1 c_esmc_ftablecallentrypointvm_()  /work/noaa/da/mpotts/sandbox/pgi_2019_openmpi_g_feature_fill_nan/esmf/src/Superstructure/Component/src/ESMCI_FTable.C:981
26 0x0000000001b40945 esmf_compmod_esmf_compexecute_()  /work/noaa/da/mpotts/sandbox/pgi_2019_openmpi_g_feature_fill_nan/esmf/src/Superstructure/Component/src/ESMF_Comp.F90:1223
27 0x0000000001e59831 esmf_gridcompmod_esmf_gridcompinitialize_()  /work/noaa/da/mpotts/sandbox/pgi_2019_openmpi_g_feature_fill_nan/esmf/src/Superstructure/Component/src/ESMF_GridComp.F90:1412
28 0x0000000000407317 MAIN_()  /work/noaa/da/mpotts/sandbox/pgi_2019_openmpi_g_feature_fill_nan/nuopc-app-prototypes/AtmOcnLogNoneProto/esmApp.F90:65
29 0x0000000000406d13 main()  ???:0
30 0x0000000000022495 __libc_start_main()  ???:0
31 0x0000000000406c19 _start()  ???:0
=================================
[Orion-13-69:357983] [ 1] /work/noaa/da/mpotts/sandbox/pgi_2019_openmpi_g_feature_fill_nan/esmf/DEFAULTINSTALLDIR/lib/libg/Linux.pgi.64.openmpi.default/libesmf.so(_ZN5ESMCI6LogErr13MsgFoundErrorEiPKciS2_S2_Pi+0x34)[0x7f0b077d05f4]
[Orion-13-69:357983] [ 2] /work/noaa/da/mpotts/sandbox/pgi_2019_openmpi_g_feature_fill_nan/esmf/DEFAULTINSTALLDIR/lib/libg/Linux.pgi.64.openmpi.default/libesmf.so(_ZN5ESMCI7MeshCap22meshcreatenodedistgridEPi+0x81)[0x7f0b079b4d21]
[Orion-13-69:357983] [ 3] /work/noaa/da/mpotts/sandbox/pgi_2019_openmpi_g_feature_fill_nan/esmf/DEFAULTINSTALLDIR/lib/libg/Linux.pgi.64.openmpi.default/libesmf.so(c_esmc_meshcreatenodedistgrid_+0x177)[0x7f0b079fa8b7]
[Orion-13-69:357983] [ 4] /work/noaa/da/mpotts/sandbox/pgi_2019_openmpi_g_feature_fill_nan/esmf/DEFAULTINSTALLDIR/lib/libg/Linux.pgi.64.openmpi.default/libesmf.so(esmf_meshmod_esmf_meshcreatefrompointer_+0x78)[0x7f0b086d3c58]
[Orion-13-69:357981] *** Process received signal ***
[Orion-13-69:357981] Signal: Segmentation fault (11)
[Orion-13-69:357981] Signal code:  (-6)
[Orion-13-69:357981] Failing at address: 0x20e50005765d
[Orion-13-69:357983] [ 5] /work/noaa/da/mpotts/sandbox/pgi_2019_openmpi_g_feature_fill_nan/esmf/DEFAULTINSTALLDIR/lib/libg/Linux.pgi.64.openmpi.default/libesmf.so(esmf_gridutilmod_esmf_gridtomesh_+0x550)[0x7f0b08501c30]
[Orion-13-69:357981] [ 0] /lib64/libpthread.so.0(+0xf5d0)[0x7f8d0c84a5d0]
[Orion-13-69:357983] [ 6] /work/noaa/da/mpotts/sandbox/pgi_2019_openmpi_g_feature_fill_nan/esmf/DEFAULTINSTALLDIR/lib/libg/Linux.pgi.64.openmpi.default/libesmf.so(esmf_fieldregridmod_b_or_p_gridtomesh_+0x60b)[0x7f0b083a70db]
[Orion-13-69:357981] [ 1] /work/noaa/da/mpotts/sandbox/pgi_2019_openmpi_g_feature_fill_nan/esmf/DEFAULTINSTALLDIR/lib/libg/Linux.pgi.64.openmpi.default/libesmf.so(_ZN5ESMCI6LogErr13MsgFoundErrorEiPKciS2_S2_Pi+0x34)[0x7f8d09b935f4]
[Orion-13-69:357983] [ 7] /work/noaa/da/mpotts/sandbox/pgi_2019_openmpi_g_feature_fill_nan/esmf/DEFAULTINSTALLDIR/lib/libg/Linux.pgi.64.openmpi.default/libesmf.so(esmf_fieldregridmod_getmeshwithnodesonfieldloc_+0x561)[0x7f0b083a23f1]
[Orion-13-69:357981] [ 2] /work/noaa/da/mpotts/sandbox/pgi_2019_openmpi_g_feature_fill_nan/esmf/DEFAULTINSTALLDIR/lib/libg/Linux.pgi.64.openmpi.default/libesmf.so(_ZN5ESMCI7MeshCap22meshcreatenodedistgridEPi+0x81)[0x7f8d09d77d21]
[Orion-13-69:357983] [ 8] /work/noaa/da/mpotts/sandbox/pgi_2019_openmpi_g_feature_fill_nan/esmf/DEFAULTINSTALLDIR/lib/libg/Linux.pgi.64.openmpi.default/libesmf.so(esmf_fieldregridmod_esmf_fieldregridstorenx_+0x1034)[0x7f0b0839fd04]
[Orion-13-69:357981] [ 3] /work/noaa/da/mpotts/sandbox/pgi_2019_openmpi_g_feature_fill_nan/esmf/DEFAULTINSTALLDIR/lib/libg/Linux.pgi.64.openmpi.default/libesmf.so(c_esmc_meshcreatenodedistgrid_+0x177)[0x7f8d09dbd8b7]
[Orion-13-69:357983] [ 9] /work/noaa/da/mpotts/sandbox/pgi_2019_openmpi_g_feature_fill_nan/esmf/DEFAULTINSTALLDIR/lib/libg/Linux.pgi.64.openmpi.default/libesmf.so(esmf_fieldbundlemod_esmf_fieldbundleregridstorepair_+0x48d8)[0x7f0b081ac408]
[Orion-13-69:357981] [ 4] /work/noaa/da/mpotts/sandbox/pgi_2019_openmpi_g_feature_fill_nan/esmf/DEFAULTINSTALLDIR/lib/libg/Linux.pgi.64.openmpi.default/libesmf.so(esmf_meshmod_esmf_meshcreatefrompointer_+0x78)[0x7f8d0aa96c58]
[Orion-13-69:357983] [10] /work/noaa/da/mpotts/sandbox/pgi_2019_openmpi_g_feature_fill_nan/esmf/DEFAULTINSTALLDIR/lib/libg/Linux.pgi.64.openmpi.default/libesmf.so(nuopc_connector_fieldbundlecplstore_+0xf545)[0x7f0b08b3e115]
[Orion-13-69:357983] [11] /work/noaa/da/mpotts/sandbox/pgi_2019_openmpi_g_feature_fill_nan/esmf/DEFAULTINSTALLDIR/lib/libg/Linux.pgi.64.openmpi.default/libesmf.so(nuopc_connector_initializeipdv05p6b_+0x907d)[0x7f0b08b175ed]
[Orion-13-69:357981] [ 5] /work/noaa/da/mpotts/sandbox/pgi_2019_openmpi_g_feature_fill_nan/esmf/DEFAULTINSTALLDIR/lib/libg/Linux.pgi.64.openmpi.default/libesmf.so(esmf_gridutilmod_esmf_gridtomesh_+0x550)[0x7f8d0a8c4c30]
[Orion-13-69:357983] [12] /work/noaa/da/mpotts/sandbox/pgi_2019_openmpi_g_feature_fill_nan/esmf/DEFAULTINSTALLDIR/lib/libg/Linux.pgi.64.openmpi.default/libesmf.so(_ZN5ESMCI6FTable12callVFuncPtrEPKcPNS_2VMEPi+0xcf7)[0x7f0b07636ce7]
[Orion-13-69:357981] [ 6] /work/noaa/da/mpotts/sandbox/pgi_2019_openmpi_g_feature_fill_nan/esmf/DEFAULTINSTALLDIR/lib/libg/Linux.pgi.64.openmpi.default/libesmf.so(esmf_fieldregridmod_b_or_p_gridtomesh_+0x60b)[0x7f8d0a76a0db]
[Orion-13-69:357983] [13] /work/noaa/da/mpotts/sandbox/pgi_2019_openmpi_g_feature_fill_nan/esmf/DEFAULTINSTALLDIR/lib/libg/Linux.pgi.64.openmpi.default/libesmf.so(ESMCI_FTableCallEntryPointVMHop+0x2ac)[0x7f0b07632bec]
[Orion-13-69:357981] [ 7] /work/noaa/da/mpotts/sandbox/pgi_2019_openmpi_g_feature_fill_nan/esmf/DEFAULTINSTALLDIR/lib/libg/Linux.pgi.64.openmpi.default/libesmf.so(esmf_fieldregridmod_getmeshwithnodesonfieldloc_+0x561)[0x7f8d0a7653f1]
[Orion-13-69:357981] [ 8] /work/noaa/da/mpotts/sandbox/pgi_2019_openmpi_g_feature_fill_nan/esmf/DEFAULTINSTALLDIR/lib/libg/Linux.pgi.64.openmpi.default/libesmf.so(esmf_fieldregridmod_esmf_fieldregridstorenx_+0x1034)[0x7f8d0a762d04]
[Orion-13-69:357983] [14] /work/noaa/da/mpotts/sandbox/pgi_2019_openmpi_g_feature_fill_nan/esmf/DEFAULTINSTALLDIR/lib/libg/Linux.pgi.64.openmpi.default/libesmf.so(_ZN5ESMCI3VMK5enterEPNS_7VMKPlanEPvS3_+0xcf)[0x7f0b07d8508f]
[Orion-13-69:357981] [ 9] /work/noaa/da/mpotts/sandbox/pgi_2019_openmpi_g_feature_fill_nan/esmf/DEFAULTINSTALLDIR/lib/libg/Linux.pgi.64.openmpi.default/libesmf.so(esmf_fieldbundlemod_esmf_fieldbundleregridstorepair_+0x48d8)[0x7f8d0a56f408]
[Orion-13-69:357983] [15] /work/noaa/da/mpotts/sandbox/pgi_2019_openmpi_g_feature_fill_nan/esmf/DEFAULTINSTALLDIR/lib/libg/Linux.pgi.64.openmpi.default/libesmf.so(_ZN5ESMCI2VM5enterEPNS_6VMPlanEPvS3_+0xcd)[0x7f0b07da9a4d]
[Orion-13-69:357981] [10] /work/noaa/da/mpotts/sandbox/pgi_2019_openmpi_g_feature_fill_nan/esmf/DEFAULTINSTALLDIR/lib/libg/Linux.pgi.64.openmpi.default/libesmf.so(nuopc_connector_fieldbundlecplstore_+0xf545)[0x7f8d0af01115]
[Orion-13-69:357983] [16] /work/noaa/da/mpotts/sandbox/pgi_2019_openmpi_g_feature_fill_nan/esmf/DEFAULTINSTALLDIR/lib/libg/Linux.pgi.64.openmpi.default/libesmf.so(c_esmc_ftablecallentrypointvm_+0x3a1)[0x7f0b076330b1]
[Orion-13-69:357981] [11] /work/noaa/da/mpotts/sandbox/pgi_2019_openmpi_g_feature_fill_nan/esmf/DEFAULTINSTALLDIR/lib/libg/Linux.pgi.64.openmpi.default/libesmf.so(nuopc_connector_initializeipdv05p6b_+0x907d)[0x7f8d0aeda5ed]
[Orion-13-69:357981] [12] /work/noaa/da/mpotts/sandbox/pgi_2019_openmpi_g_feature_fill_nan/esmf/DEFAULTINSTALLDIR/lib/libg/Linux.pgi.64.openmpi.default/libesmf.so(_ZN5ESMCI6FTable12callVFuncPtrEPKcPNS_2VMEPi+0xcf7)[0x7f8d099f9ce7]
[Orion-13-69:357983] [17] /work/noaa/da/mpotts/sandbox/pgi_2019_openmpi_g_feature_fill_nan/esmf/DEFAULTINSTALLDIR/lib/libg/Linux.pgi.64.openmpi.default/libesmf.so(esmf_compmod_esmf_compexecute_+0xbd5)[0x7f0b080f3945]
[Orion-13-69:357981] [13] /work/noaa/da/mpotts/sandbox/pgi_2019_openmpi_g_feature_fill_nan/esmf/DEFAULTINSTALLDIR/lib/libg/Linux.pgi.64.openmpi.default/libesmf.so(ESMCI_FTableCallEntryPointVMHop+0x2ac)[0x7f8d099f5bec]
[Orion-13-69:357983] [18] /work/noaa/da/mpotts/sandbox/pgi_2019_openmpi_g_feature_fill_nan/esmf/DEFAULTINSTALLDIR/lib/libg/Linux.pgi.64.openmpi.default/libesmf.so(esmf_cplcompmod_esmf_cplcompinitialize_+0x1f1)[0x7f0b08111471]
[Orion-13-69:357981] [14] /work/noaa/da/mpotts/sandbox/pgi_2019_openmpi_g_feature_fill_nan/esmf/DEFAULTINSTALLDIR/lib/libg/Linux.pgi.64.openmpi.default/libesmf.so(_ZN5ESMCI3VMK5enterEPNS_7VMKPlanEPvS3_+0xcf)[0x7f8d0a14808f]
[Orion-13-69:357983] [19] /work/noaa/da/mpotts/sandbox/pgi_2019_openmpi_g_feature_fill_nan/esmf/DEFAULTINSTALLDIR/lib/libg/Linux.pgi.64.openmpi.default/libesmf.so(nuopc_driver_loopconnectorcompss_+0x1916)[0x7f0b08b79216]
[Orion-13-69:357981] [15] /work/noaa/da/mpotts/sandbox/pgi_2019_openmpi_g_feature_fill_nan/esmf/DEFAULTINSTALLDIR/lib/libg/Linux.pgi.64.openmpi.default/libesmf.so(_ZN5ESMCI2VM5enterEPNS_6VMPlanEPvS3_+0xcd)[0x7f8d0a16ca4d]
[Orion-13-69:357983] [20] /work/noaa/da/mpotts/sandbox/pgi_2019_openmpi_g_feature_fill_nan/esmf/DEFAULTINSTALLDIR/lib/libg/Linux.pgi.64.openmpi.default/libesmf.so(nuopc_driver_initializeipdv02p3_+0x61fc)[0x7f0b08b6991c]
[Orion-13-69:357983] [21] /work/noaa/da/mpotts/sandbox/pgi_2019_openmpi_g_feature_fill_nan/esmf/DEFAULTINSTALLDIR/lib/libg/Linux.pgi.64.openmpi.default/libesmf.so(nuopc_driver_initializegeneric_+0x109e)[0x7f0b08b4792e]
[Orion-13-69:357981] [16] /work/noaa/da/mpotts/sandbox/pgi_2019_openmpi_g_feature_fill_nan/esmf/DEFAULTINSTALLDIR/lib/libg/Linux.pgi.64.openmpi.default/libesmf.so(c_esmc_ftablecallentrypointvm_+0x3a1)[0x7f8d099f60b1]
[Orion-13-69:357983] [22] /work/noaa/da/mpotts/sandbox/pgi_2019_openmpi_g_feature_fill_nan/esmf/DEFAULTINSTALLDIR/lib/libg/Linux.pgi.64.openmpi.default/libesmf.so(_ZN5ESMCI6FTable12callVFuncPtrEPKcPNS_2VMEPi+0xcf7)[0x7f0b07636ce7]
[Orion-13-69:357981] [17] /work/noaa/da/mpotts/sandbox/pgi_2019_openmpi_g_feature_fill_nan/esmf/DEFAULTINSTALLDIR/lib/libg/Linux.pgi.64.openmpi.default/libesmf.so(esmf_compmod_esmf_compexecute_+0xbd5)[0x7f8d0a4b6945]
[Orion-13-69:357983] [23] /work/noaa/da/mpotts/sandbox/pgi_2019_openmpi_g_feature_fill_nan/esmf/DEFAULTINSTALLDIR/lib/libg/Linux.pgi.64.openmpi.default/libesmf.so(ESMCI_FTableCallEntryPointVMHop+0x2ac)[0x7f0b07632bec]
[Orion-13-69:357981] [18] /work/noaa/da/mpotts/sandbox/pgi_2019_openmpi_g_feature_fill_nan/esmf/DEFAULTINSTALLDIR/lib/libg/Linux.pgi.64.openmpi.default/libesmf.so(esmf_cplcompmod_esmf_cplcompinitialize_+0x1f1)[0x7f8d0a4d4471]
[Orion-13-69:357981] [19] /work/noaa/da/mpotts/sandbox/pgi_2019_openmpi_g_feature_fill_nan/esmf/DEFAULTINSTALLDIR/lib/libg/Linux.pgi.64.openmpi.default/libesmf.so(nuopc_driver_loopconnectorcompss_+0x1916)[0x7f8d0af3c216]
[Orion-13-69:357983] [24] /work/noaa/da/mpotts/sandbox/pgi_2019_openmpi_g_feature_fill_nan/esmf/DEFAULTINSTALLDIR/lib/libg/Linux.pgi.64.openmpi.default/libesmf.so(_ZN5ESMCI3VMK5enterEPNS_7VMKPlanEPvS3_+0xcf)[0x7f0b07d8508f]
[Orion-13-69:357981] [20] /work/noaa/da/mpotts/sandbox/pgi_2019_openmpi_g_feature_fill_nan/esmf/DEFAULTINSTALLDIR/lib/libg/Linux.pgi.64.openmpi.default/libesmf.so(nuopc_driver_initializeipdv02p3_+0x61fc)[0x7f8d0af2c91c]
[Orion-13-69:357983] [25] /work/noaa/da/mpotts/sandbox/pgi_2019_openmpi_g_feature_fill_nan/esmf/DEFAULTINSTALLDIR/lib/libg/Linux.pgi.64.openmpi.default/libesmf.so(_ZN5ESMCI2VM5enterEPNS_6VMPlanEPvS3_+0xcd)[0x7f0b07da9a4d]
[Orion-13-69:357981] [21] /work/noaa/da/mpotts/sandbox/pgi_2019_openmpi_g_feature_fill_nan/esmf/DEFAULTINSTALLDIR/lib/libg/Linux.pgi.64.openmpi.default/libesmf.so(nuopc_driver_initializegeneric_+0x109e)[0x7f8d0af0a92e]
[Orion-13-69:357983] [26] /work/noaa/da/mpotts/sandbox/pgi_2019_openmpi_g_feature_fill_nan/esmf/DEFAULTINSTALLDIR/lib/libg/Linux.pgi.64.openmpi.default/libesmf.so(c_esmc_ftablecallentrypointvm_+0x3a1)[0x7f0b076330b1]
[Orion-13-69:357981] [22] /work/noaa/da/mpotts/sandbox/pgi_2019_openmpi_g_feature_fill_nan/esmf/DEFAULTINSTALLDIR/lib/libg/Linux.pgi.64.openmpi.default/libesmf.so(_ZN5ESMCI6FTable12callVFuncPtrEPKcPNS_2VMEPi+0xcf7)[0x7f8d099f9ce7]
[Orion-13-69:357983] [27] /work/noaa/da/mpotts/sandbox/pgi_2019_openmpi_g_feature_fill_nan/esmf/DEFAULTINSTALLDIR/lib/libg/Linux.pgi.64.openmpi.default/libesmf.so(esmf_compmod_esmf_compexecute_+0xbd5)[0x7f0b080f3945]
[Orion-13-69:357981] [23] /work/noaa/da/mpotts/sandbox/pgi_2019_openmpi_g_feature_fill_nan/esmf/DEFAULTINSTALLDIR/lib/libg/Linux.pgi.64.openmpi.default/libesmf.so(ESMCI_FTableCallEntryPointVMHop+0x2ac)[0x7f8d099f5bec]
[Orion-13-69:357983] [28] /work/noaa/da/mpotts/sandbox/pgi_2019_openmpi_g_feature_fill_nan/esmf/DEFAULTINSTALLDIR/lib/libg/Linux.pgi.64.openmpi.default/libesmf.so(esmf_gridcompmod_esmf_gridcompinitialize_+0x1f1)[0x7f0b0840c831]
[Orion-13-69:357983] [29] /work/noaa/da/mpotts/sandbox/pgi_2019_openmpi_g_feature_fill_nan/nuopc-app-prototypes/AtmOcnLogNoneProto/./esmApp[0x407317]
[Orion-13-69:357983] *** End of error message ***
[Orion-13-69:357981] [24] /work/noaa/da/mpotts/sandbox/pgi_2019_openmpi_g_feature_fill_nan/esmf/DEFAULTINSTALLDIR/lib/libg/Linux.pgi.64.openmpi.default/libesmf.so(_ZN5ESMCI3VMK5enterEPNS_7VMKPlanEPvS3_+0xcf)[0x7f8d0a14808f]
[Orion-13-69:357981] [25] /work/noaa/da/mpotts/sandbox/pgi_2019_openmpi_g_feature_fill_nan/esmf/DEFAULTINSTALLDIR/lib/libg/Linux.pgi.64.openmpi.default/libesmf.so(_ZN5ESMCI2VM5enterEPNS_6VMPlanEPvS3_+0xcd)[0x7f8d0a16ca4d]
[Orion-13-69:357981] [26] /work/noaa/da/mpotts/sandbox/pgi_2019_openmpi_g_feature_fill_nan/esmf/DEFAULTINSTALLDIR/lib/libg/Linux.pgi.64.openmpi.default/libesmf.so(c_esmc_ftablecallentrypointvm_+0x3a1)[0x7f8d099f60b1]
[Orion-13-69:357981] [27] /work/noaa/da/mpotts/sandbox/pgi_2019_openmpi_g_feature_fill_nan/esmf/DEFAULTINSTALLDIR/lib/libg/Linux.pgi.64.openmpi.default/libesmf.so(esmf_compmod_esmf_compexecute_+0xbd5)[0x7f8d0a4b6945]
[Orion-13-69:357981] [28] /work/noaa/da/mpotts/sandbox/pgi_2019_openmpi_g_feature_fill_nan/esmf/DEFAULTINSTALLDIR/lib/libg/Linux.pgi.64.openmpi.default/libesmf.so(esmf_gridcompmod_esmf_gridcompinitialize_+0x1f1)[0x7f8d0a7cf831]
[Orion-13-69:357981] [29] /work/noaa/da/mpotts/sandbox/pgi_2019_openmpi_g_feature_fill_nan/nuopc-app-prototypes/AtmOcnLogNoneProto/./esmApp[0x407317]
[Orion-13-69:357981] *** End of error message ***
srun: error: Orion-13-69: tasks 0,2: Segmentation fault
srun: launch/slurm: _step_signal: Terminating StepId=10465100.352
==== backtrace (tid: 357984) ====
 0 0x000000000121d5f4 ESMCI::LogErr::MsgFoundError()  /work/noaa/da/mpotts/sandbox/pgi_2019_openmpi_g_feature_fill_nan/esmf/src/Infrastructure/LogErr/src/ESMCI_LogErr.C:586
 1 0x0000000001401d21 ESMCI::MeshCap::meshcreatenodedistgrid()  /work/noaa/da/mpotts/sandbox/pgi_2019_openmpi_g_feature_fill_nan/esmf/src/Infrastructure/Mesh/src/ESMCI_MeshCap.C:1754
 2 0x00000000014478b7 c_esmc_meshcreatenodedistgrid_()  /work/noaa/da/mpotts/sandbox/pgi_2019_openmpi_g_feature_fill_nan/esmf/src/Infrastructure/Mesh/interface/ESMCI_Mesh_F.C:247
 3 0x0000000002120c58 esmf_meshmod_esmf_meshcreatefrompointer_()  /work/noaa/da/mpotts/sandbox/pgi_2019_openmpi_g_feature_fill_nan/esmf/src/Infrastructure/Mesh/interface/ESMF_Mesh.F90:3091
 4 0x0000000001f4ec30 esmf_gridutilmod_esmf_gridtomesh_()  /work/noaa/da/mpotts/sandbox/pgi_2019_openmpi_g_feature_fill_nan/esmf/src/Infrastructure/GridUtil/interface/ESMF_GridUtil.F90:453
 5 0x0000000001df40db esmf_fieldregridmod_b_or_p_gridtomesh_()  /work/noaa/da/mpotts/sandbox/pgi_2019_openmpi_g_feature_fill_nan/esmf/src/Infrastructure/Field/src/ESMF_FieldRegrid.F90:3228
 6 0x0000000001def3f1 esmf_fieldregridmod_getmeshwithnodesonfieldloc_()  /work/noaa/da/mpotts/sandbox/pgi_2019_openmpi_g_feature_fill_nan/esmf/src/Infrastructure/Field/src/ESMF_FieldRegrid.F90:1346
 7 0x0000000001decd04 esmf_fieldregridmod_esmf_fieldregridstorenx_()  /work/noaa/da/mpotts/sandbox/pgi_2019_openmpi_g_feature_fill_nan/esmf/src/Infrastructure/Field/src/ESMF_FieldRegrid.F90:971
 8 0x0000000001bf9408 esmf_fieldbundlemod_esmf_fieldbundleregridstorepair_()  /work/noaa/da/mpotts/sandbox/pgi_2019_openmpi_g_feature_fill_nan/esmf/src/Infrastructure/FieldBundle/src/ESMF_FieldBundle.F90:16211
 9 0x000000000258b115 nuopc_connector_fieldbundlecplstore_()  /work/noaa/da/mpotts/sandbox/pgi_2019_openmpi_g_feature_fill_nan/esmf/src/addon/NUOPC/src/NUOPC_Connector.F90:7714
10 0x00000000025645ed nuopc_connector_initializeipdv05p6b_()  /work/noaa/da/mpotts/sandbox/pgi_2019_openmpi_g_feature_fill_nan/esmf/src/addon/NUOPC/src/NUOPC_Connector.F90:5386
11 0x0000000001083ce7 ESMCI::FTable::callVFuncPtr()  /work/noaa/da/mpotts/sandbox/pgi_2019_openmpi_g_feature_fill_nan/esmf/src/Superstructure/Component/src/ESMCI_FTable.C:2167
12 0x000000000107fbec ESMCI_FTableCallEntryPointVMHop()  /work/noaa/da/mpotts/sandbox/pgi_2019_openmpi_g_feature_fill_nan/esmf/src/Superstructure/Component/src/ESMCI_FTable.C:824
13 0x00000000017d208f ESMCI::VMK::enter()  /work/noaa/da/mpotts/sandbox/pgi_2019_openmpi_g_feature_fill_nan/esmf/src/Infrastructure/VM/src/ESMCI_VMKernel.C:2320
14 0x00000000017f6a4d ESMCI::VM::enter()  /work/noaa/da/mpotts/sandbox/pgi_2019_openmpi_g_feature_fill_nan/esmf/src/Infrastructure/VM/src/ESMCI_VM.C:1216
15 0x00000000010800b1 c_esmc_ftablecallentrypointvm_()  /work/noaa/da/mpotts/sandbox/pgi_2019_openmpi_g_feature_fill_nan/esmf/src/Superstructure/Component/src/ESMCI_FTable.C:981
16 0x0000000001b40945 esmf_compmod_esmf_compexecute_()  /work/noaa/da/mpotts/sandbox/pgi_2019_openmpi_g_feature_fill_nan/esmf/src/Superstructure/Component/src/ESMF_Comp.F90:1223
17 0x0000000001b5e471 esmf_cplcompmod_esmf_cplcompinitialize_()  /work/noaa/da/mpotts/sandbox/pgi_2019_openmpi_g_feature_fill_nan/esmf/src/Superstructure/Component/src/ESMF_CplComp.F90:1165
18 0x00000000025c6216 nuopc_driver_loopconnectorcompss_()  /work/noaa/da/mpotts/sandbox/pgi_2019_openmpi_g_feature_fill_nan/esmf/src/addon/NUOPC/src/NUOPC_Driver.F90:3023
19 0x00000000025b691c nuopc_driver_initializeipdv02p3_()  /work/noaa/da/mpotts/sandbox/pgi_2019_openmpi_g_feature_fill_nan/esmf/src/addon/NUOPC/src/NUOPC_Driver.F90:2110
20 0x000000000259492e nuopc_driver_initializegeneric_()  /work/noaa/da/mpotts/sandbox/pgi_2019_openmpi_g_feature_fill_nan/esmf/src/addon/NUOPC/src/NUOPC_Driver.F90:479
21 0x0000000001083ce7 ESMCI::FTable::callVFuncPtr()  /work/noaa/da/mpotts/sandbox/pgi_2019_openmpi_g_feature_fill_nan/esmf/src/Superstructure/Component/src/ESMCI_FTable.C:2167
22 0x000000000107fbec ESMCI_FTableCallEntryPointVMHop()  /work/noaa/da/mpotts/sandbox/pgi_2019_openmpi_g_feature_fill_nan/esmf/src/Superstructure/Component/src/ESMCI_FTable.C:824
23 0x00000000017d208f ESMCI::VMK::enter()  /work/noaa/da/mpotts/sandbox/pgi_2019_openmpi_g_feature_fill_nan/esmf/src/Infrastructure/VM/src/ESMCI_VMKernel.C:2320
24 0x00000000017f6a4d ESMCI::VM::enter()  /work/noaa/da/mpotts/sandbox/pgi_2019_openmpi_g_feature_fill_nan/esmf/src/Infrastructure/VM/src/ESMCI_VM.C:1216
25 0x00000000010800b1 c_esmc_ftablecallentrypointvm_()  /work/noaa/da/mpotts/sandbox/pgi_2019_openmpi_g_feature_fill_nan/esmf/src/Superstructure/Component/src/ESMCI_FTable.C:981
26 0x0000000001b40945 esmf_compmod_esmf_compexecute_()  /work/noaa/da/mpotts/sandbox/pgi_2019_openmpi_g_feature_fill_nan/esmf/src/Superstructure/Component/src/ESMF_Comp.F90:1223
27 0x0000000001e59831 esmf_gridcompmod_esmf_gridcompinitialize_()  /work/noaa/da/mpotts/sandbox/pgi_2019_openmpi_g_feature_fill_nan/esmf/src/Superstructure/Component/src/ESMF_GridComp.F90:1412
28 0x0000000000407317 MAIN_()  /work/noaa/da/mpotts/sandbox/pgi_2019_openmpi_g_feature_fill_nan/nuopc-app-prototypes/AtmOcnLogNoneProto/esmApp.F90:65
29 0x0000000000406d13 main()  ???:0
30 0x0000000000022495 __libc_start_main()  ???:0
31 0x0000000000406c19 _start()  ???:0
=================================
slurmstepd: error: *** STEP 10465100.352 ON Orion-13-69 CANCELLED AT 2023-05-13T04:26:25 ***
==== backtrace (tid: 357982) ====
 0 0x000000000121d5f4 ESMCI::LogErr::MsgFoundError()  /work/noaa/da/mpotts/sandbox/pgi_2019_openmpi_g_feature_fill_nan/esmf/src/Infrastructure/LogErr/src/ESMCI_LogErr.C:586
 1 0x0000000001401d21 ESMCI::MeshCap::meshcreatenodedistgrid()  /work/noaa/da/mpotts/sandbox/pgi_2019_openmpi_g_feature_fill_nan/esmf/src/Infrastructure/Mesh/src/ESMCI_MeshCap.C:1754
 2 0x00000000014478b7 c_esmc_meshcreatenodedistgrid_()  /work/noaa/da/mpotts/sandbox/pgi_2019_openmpi_g_feature_fill_nan/esmf/src/Infrastructure/Mesh/interface/ESMCI_Mesh_F.C:247
 3 0x0000000002120c58 esmf_meshmod_esmf_meshcreatefrompointer_()  /work/noaa/da/mpotts/sandbox/pgi_2019_openmpi_g_feature_fill_nan/esmf/src/Infrastructure/Mesh/interface/ESMF_Mesh.F90:3091
 4 0x0000000001f4ec30 esmf_gridutilmod_esmf_gridtomesh_()  /work/noaa/da/mpotts/sandbox/pgi_2019_openmpi_g_feature_fill_nan/esmf/src/Infrastructure/GridUtil/interface/ESMF_GridUtil.F90:453
 5 0x0000000001df40db esmf_fieldregridmod_b_or_p_gridtomesh_()  /work/noaa/da/mpotts/sandbox/pgi_2019_openmpi_g_feature_fill_nan/esmf/src/Infrastructure/Field/src/ESMF_FieldRegrid.F90:3228
 6 0x0000000001def3f1 esmf_fieldregridmod_getmeshwithnodesonfieldloc_()  /work/noaa/da/mpotts/sandbox/pgi_2019_openmpi_g_feature_fill_nan/esmf/src/Infrastructure/Field/src/ESMF_FieldRegrid.F90:1346
 7 0x0000000001decd04 esmf_fieldregridmod_esmf_fieldregridstorenx_()  /work/noaa/da/mpotts/sandbox/pgi_2019_openmpi_g_feature_fill_nan/esmf/src/Infrastructure/Field/src/ESMF_FieldRegrid.F90:971
 8 0x0000000001bf9408 esmf_fieldbundlemod_esmf_fieldbundleregridstorepair_()  /work/noaa/da/mpotts/sandbox/pgi_2019_openmpi_g_feature_fill_nan/esmf/src/Infrastructure/FieldBundle/src/ESMF_FieldBundle.F90:16211
 9 0x000000000258b115 nuopc_connector_fieldbundlecplstore_()  /work/noaa/da/mpotts/sandbox/pgi_2019_openmpi_g_feature_fill_nan/esmf/src/addon/NUOPC/src/NUOPC_Connector.F90:7714
10 0x00000000025645ed nuopc_connector_initializeipdv05p6b_()  /work/noaa/da/mpotts/sandbox/pgi_2019_openmpi_g_feature_fill_nan/esmf/src/addon/NUOPC/src/NUOPC_Connector.F90:5386
11 0x0000000001083ce7 ESMCI::FTable::callVFuncPtr()  /work/noaa/da/mpotts/sandbox/pgi_2019_openmpi_g_feature_fill_nan/esmf/src/Superstructure/Component/src/ESMCI_FTable.C:2167
12 0x000000000107fbec ESMCI_FTableCallEntryPointVMHop()  /work/noaa/da/mpotts/sandbox/pgi_2019_openmpi_g_feature_fill_nan/esmf/src/Superstructure/Component/src/ESMCI_FTable.C:824
13 0x00000000017d208f ESMCI::VMK::enter()  /work/noaa/da/mpotts/sandbox/pgi_2019_openmpi_g_feature_fill_nan/esmf/src/Infrastructure/VM/src/ESMCI_VMKernel.C:2320
14 0x00000000017f6a4d ESMCI::VM::enter()  /work/noaa/da/mpotts/sandbox/pgi_2019_openmpi_g_feature_fill_nan/esmf/src/Infrastructure/VM/src/ESMCI_VM.C:1216
15 0x00000000010800b1 c_esmc_ftablecallentrypointvm_()  /work/noaa/da/mpotts/sandbox/pgi_2019_openmpi_g_feature_fill_nan/esmf/src/Superstructure/Component/src/ESMCI_FTable.C:981
16 0x0000000001b40945 esmf_compmod_esmf_compexecute_()  /work/noaa/da/mpotts/sandbox/pgi_2019_openmpi_g_feature_fill_nan/esmf/src/Superstructure/Component/src/ESMF_Comp.F90:1223
17 0x0000000001b5e471 esmf_cplcompmod_esmf_cplcompinitialize_()  /work/noaa/da/mpotts/sandbox/pgi_2019_openmpi_g_feature_fill_nan/esmf/src/Superstructure/Component/src/ESMF_CplComp.F90:1165
18 0x00000000025c6216 nuopc_driver_loopconnectorcompss_()  /work/noaa/da/mpotts/sandbox/pgi_2019_openmpi_g_feature_fill_nan/esmf/src/addon/NUOPC/src/NUOPC_Driver.F90:3023
19 0x00000000025b691c nuopc_driver_initializeipdv02p3_()  /work/noaa/da/mpotts/sandbox/pgi_2019_openmpi_g_feature_fill_nan/esmf/src/addon/NUOPC/src/NUOPC_Driver.F90:2110
20 0x000000000259492e nuopc_driver_initializegeneric_()  /work/noaa/da/mpotts/sandbox/pgi_2019_openmpi_g_feature_fill_nan/esmf/src/addon/NUOPC/src/NUOPC_Driver.F90:479
21 0x0000000001083ce7 ESMCI::FTable::callVFuncPtr()  /work/noaa/da/mpotts/sandbox/pgi_2019_openmpi_g_feature_fill_nan/esmf/src/Superstructure/Component/src/ESMCI_FTable.C:2167
22 0x000000000107fbec ESMCI_FTableCallEntryPointVMHop()  /work/noaa/da/mpotts/sandbox/pgi_2019_openmpi_g_feature_fill_nan/esmf/src/Superstructure/Component/src/ESMCI_FTable.C:824
23 0x00000000017d208f ESMCI::VMK::enter()  /work/noaa/da/mpotts/sandbox/pgi_2019_openmpi_g_feature_fill_nan/esmf/src/Infrastructure/VM/src/ESMCI_VMKernel.C:2320
24 0x00000000017f6a4d ESMCI::VM::enter()  /work/noaa/da/mpotts/sandbox/pgi_2019_openmpi_g_feature_fill_nan/esmf/src/Infrastructure/VM/src/ESMCI_VM.C:1216
25 0x00000000010800b1 c_esmc_ftablecallentrypointvm_()  /work/noaa/da/mpotts/sandbox/pgi_2019_openmpi_g_feature_fill_nan/esmf/src/Superstructure/Component/src/ESMCI_FTable.C:981
26 0x0000000001b40945 esmf_compmod_esmf_compexecute_()  /work/noaa/da/mpotts/sandbox/pgi_2019_openmpi_g_feature_fill_nan/esmf/src/Superstructure/Component/src/ESMF_Comp.F90:1223
27 0x0000000001e59831 esmf_gridcompmod_esmf_gridcompinitialize_()  /work/noaa/da/mpotts/sandbox/pgi_2019_openmpi_g_feature_fill_nan/esmf/src/Superstructure/Component/src/ESMF_GridComp.F90:1412
28 0x0000000000407317 MAIN_()  /work/noaa/da/mpotts/sandbox/pgi_2019_openmpi_g_feature_fill_nan/nuopc-app-prototypes/AtmOcnLogNoneProto/esmApp.F90:65
29 0x0000000000406d13 main()  ???:0
30 0x0000000000022495 __libc_start_main()  ???:0
31 0x0000000000406c19 _start()  ???:0
=================================
srun: error: Orion-13-69: tasks 1,3: Terminated
srun: Force Terminated StepId=10465100.352
