2023-05-12 03:08:24
20230512 042623.034 INFO             PET0 !!!!!!!!!!!!!!!!!!!!!!!!!!!!!!!!!!!!!!!!!!!!!!!!!!!!!!
20230512 042623.035 INFO             PET0 !!! THE ESMF_LOG IS SET TO OUTPUT ALL LOG MESSAGES !!!
20230512 042623.035 INFO             PET0 !!!     THIS MAY CAUSE SLOWDOWN IN PERFORMANCE     !!!
20230512 042623.036 INFO             PET0 !!! FOR PRODUCTION RUNS, USE:                      !!!
20230512 042623.036 INFO             PET0 !!!                   ESMF_LOGKIND_Multi_On_Error  !!!
20230512 042623.036 INFO             PET0 !!!!!!!!!!!!!!!!!!!!!!!!!!!!!!!!!!!!!!!!!!!!!!!!!!!!!!
20230512 042623.036 INFO             PET0 Running with ESMF Version   : v8.5.0b18-9-g15f3b88
20230512 042623.036 INFO             PET0 ESMF library build date/time: "May 12 2023" "03:03:11"
20230512 042623.036 INFO             PET0 ESMF library build location : /work/noaa/da/mpotts/sandbox/pgi_2019_openmpi_g_feature_fill_nan/esmf
20230512 042623.036 INFO             PET0 ESMF_COMM                   : openmpi
20230512 042623.036 INFO             PET0 ESMF_MOAB                   : enabled
20230512 042623.036 INFO             PET0 ESMF_LAPACK                 : enabled
20230512 042623.036 INFO             PET0 ESMF_NETCDF                 : enabled
20230512 042623.036 INFO             PET0 ESMF_PNETCDF                : disabled
20230512 042623.036 INFO             PET0 ESMF_PIO                    : enabled
20230512 042623.036 INFO             PET0 ESMF_YAMLCPP                : enabled
20230512 042623.037 INFO             PET0 esmApp STARTING
20230512 042623.042 INFO             PET0 esm: InitializeGeneric intro.
20230512 042623.042 INFO             PET0   esm: InitializeP0 intro.
20230512 042623.043 INFO             PET0   esm: InitializeP0 extro.
20230512 042623.043 INFO             PET0   esm: InitializeIPDv02p1 intro.
20230512 042623.043 INFO             PET0     >>>esm: entered Initialize (phase=<none>) without valid internal Clock.
20230512 042623.044 INFO             PET0     esm - Creating model component ATM without petList.
20230512 042623.048 INFO             PET0     esm - Creating model component OCN without petList.
20230512 042623.051 INFO             PET0     esm - Creating connector component ATM-TO-OCN without petList.
20230512 042623.057 INFO             PET0     esm - Creating connector component OCN-TO-ATM without petList.
20230512 042623.065 INFO             PET0     esm - Creating state: modelComp 1 Import State
20230512 042623.065 INFO             PET0     esm - Creating state: modelComp 1 Export State
20230512 042623.065 INFO             PET0     esm - Creating state: modelComp 2 Import State
20230512 042623.065 INFO             PET0     esm - Creating state: modelComp 2 Export State
20230512 042623.066 INFO             PET0     ATM: InitializeP0 intro.
20230512 042623.067 INFO             PET0     ATM: InitializeP0 extro.
20230512 042623.067 INFO             PET0     OCN: InitializeP0 intro.
20230512 042623.069 INFO             PET0     OCN: InitializeP0 extro.
20230512 042623.073 INFO             PET0     ATM-TO-OCN: InitializeP0 intro.
20230512 042623.073 INFO             PET0     ATM-TO-OCN: InitializeP0 extro.
20230512 042623.075 INFO             PET0     OCN-TO-ATM: InitializeP0 intro.
20230512 042623.075 INFO             PET0     OCN-TO-ATM: InitializeP0 extro.
20230512 042623.077 INFO             PET0     esm: IInitAdvertise intro.
20230512 042623.077 INFO             PET0     esm: IInitAdvertise extro.
20230512 042623.077 INFO             PET0     ATM: InitializeIPDvXp01 intro.
20230512 042623.080 INFO             PET0     ATM: InitializeIPDvXp01 extro.
20230512 042623.080 INFO             PET0     OCN: InitializeIPDvXp01 intro.
20230512 042623.082 INFO             PET0     OCN: InitializeIPDvXp01 extro.
20230512 042623.085 INFO             PET0     ATM-TO-OCN: InitializeIPDv05p1 intro.
20230512 042623.090 INFO             PET0     ATM-TO-OCN: InitializeIPDv05p1 extro.
20230512 042623.090 INFO             PET0     OCN-TO-ATM: InitializeIPDv05p1 intro.
20230512 042623.093 INFO             PET0     OCN-TO-ATM: InitializeIPDv05p1 extro.
20230512 042623.093 INFO             PET0     esm: IInitAdvertiseFinish intro.
20230512 042623.093 INFO             PET0     esm: IInitAdvertiseFinish extro.
20230512 042623.093 INFO             PET0     ATM-TO-OCN: InitializeIPDv05p2a intro.
20230512 042623.097 INFO             PET0     ATM-TO-OCN: InitializeIPDv05p2a extro.
20230512 042623.097 INFO             PET0     OCN-TO-ATM: InitializeIPDv05p2a intro.
20230512 042623.100 INFO             PET0     OCN-TO-ATM: InitializeIPDv05p2a extro.
20230512 042623.100 INFO             PET0     ATM-TO-OCN: InitializeIPDv05p2b intro.
20230512 042623.104 INFO             PET0     ATM-TO-OCN: InitializeIPDv05p2b extro.
20230512 042623.104 INFO             PET0     OCN-TO-ATM: InitializeIPDv05p2b intro.
20230512 042623.107 INFO             PET0     OCN-TO-ATM: InitializeIPDv05p2b extro.
20230512 042623.108 INFO             PET0     esm: IInitModifyCplLists intro.
20230512 042623.108 INFO             PET0     esm: IInitModifyCplLists extro.
20230512 042623.108 INFO             PET0     ATM-TO-OCN: InitializeIPDv05p3 intro.
20230512 042623.112 INFO             PET0     ATM-TO-OCN: InitializeIPDv05p3 extro.
20230512 042623.112 INFO             PET0     OCN-TO-ATM: InitializeIPDv05p3 intro.
20230512 042623.116 INFO             PET0     OCN-TO-ATM: InitializeIPDv05p3 extro.
20230512 042623.116 INFO             PET0     <<<esm: leaving Initialize (phase=<none>) with current time: 2010  6  1  0  0  0   0
20230512 042623.116 INFO             PET0   esm: InitializeIPDv02p1 extro.
20230512 042623.116 INFO             PET0   esm: InitializeIPDv02p3 intro.
20230512 042623.116 INFO             PET0     >>>esm: entered Initialize (phase=<none>) with current time: 2010  6  1  0  0  0   0
20230512 042623.116 INFO             PET0     esm: IInitCheck intro.
20230512 042623.116 INFO             PET0     esm: IInitCheck extro.
20230512 042623.116 INFO             PET0     atmA: InitializeIPDvXp04 intro.
20230512 042623.121 INFO             PET0     atmA: InitializeIPDvXp04 extro.
20230512 042623.121 INFO             PET0     ocnA: InitializeIPDvXp04 intro.
20230512 042623.125 INFO             PET0     ocnA: InitializeIPDvXp04 extro.
20230512 042623.129 INFO             PET0     ATM-TO-OCN: InitializeIPDv05p4 intro.
20230512 042623.135 INFO             PET0     ATM-TO-OCN: InitializeIPDv05p4 extro.
20230512 042623.135 INFO             PET0     OCN-TO-ATM: InitializeIPDv05p4 intro.
20230512 042623.139 INFO             PET0     OCN-TO-ATM: InitializeIPDv05p4 extro.
20230512 042623.139 INFO             PET0     ATM-TO-OCN: InitializeIPDv05p5 intro.
20230512 042623.145 INFO             PET0     ATM-TO-OCN: InitializeIPDv05p5 extro.
20230512 042623.145 INFO             PET0     OCN-TO-ATM: InitializeIPDv05p5 intro.
20230512 042623.149 INFO             PET0     OCN-TO-ATM: InitializeIPDv05p5 extro.
20230512 042623.149 INFO             PET0     esm: IInitRealize intro.
20230512 042623.149 INFO             PET0     esm: IInitRealize extro.
20230512 042623.149 INFO             PET0     ATM-TO-OCN: InitializeIPDv05p6a intro.
20230512 042623.155 INFO             PET0     ATM-TO-OCN: InitializeIPDv05p6a extro.
20230512 042623.034 INFO             PET1 !!!!!!!!!!!!!!!!!!!!!!!!!!!!!!!!!!!!!!!!!!!!!!!!!!!!!!
20230512 042623.035 INFO             PET1 !!! THE ESMF_LOG IS SET TO OUTPUT ALL LOG MESSAGES !!!
20230512 042623.035 INFO             PET1 !!!     THIS MAY CAUSE SLOWDOWN IN PERFORMANCE     !!!
20230512 042623.035 INFO             PET1 !!! FOR PRODUCTION RUNS, USE:                      !!!
20230512 042623.035 INFO             PET1 !!!                   ESMF_LOGKIND_Multi_On_Error  !!!
20230512 042623.035 INFO             PET1 !!!!!!!!!!!!!!!!!!!!!!!!!!!!!!!!!!!!!!!!!!!!!!!!!!!!!!
20230512 042623.035 INFO             PET1 Running with ESMF Version   : v8.5.0b18-9-g15f3b88
20230512 042623.035 INFO             PET1 ESMF library build date/time: "May 12 2023" "03:03:11"
20230512 042623.035 INFO             PET1 ESMF library build location : /work/noaa/da/mpotts/sandbox/pgi_2019_openmpi_g_feature_fill_nan/esmf
20230512 042623.035 INFO             PET1 ESMF_COMM                   : openmpi
20230512 042623.036 INFO             PET1 ESMF_MOAB                   : enabled
20230512 042623.036 INFO             PET1 ESMF_LAPACK                 : enabled
20230512 042623.036 INFO             PET1 ESMF_NETCDF                 : enabled
20230512 042623.036 INFO             PET1 ESMF_PNETCDF                : disabled
20230512 042623.036 INFO             PET1 ESMF_PIO                    : enabled
20230512 042623.036 INFO             PET1 ESMF_YAMLCPP                : enabled
20230512 042623.037 INFO             PET1 esmApp STARTING
20230512 042623.043 INFO             PET1 esm: InitializeGeneric intro.
20230512 042623.043 INFO             PET1   esm: InitializeP0 intro.
20230512 042623.043 INFO             PET1   esm: InitializeP0 extro.
20230512 042623.043 INFO             PET1   esm: InitializeIPDv02p1 intro.
20230512 042623.043 INFO             PET1     >>>esm: entered Initialize (phase=<none>) without valid internal Clock.
20230512 042623.044 INFO             PET1     esm - Creating model component ATM without petList.
20230512 042623.048 INFO             PET1     esm - Creating model component OCN without petList.
20230512 042623.052 INFO             PET1     esm - Creating connector component ATM-TO-OCN without petList.
20230512 042623.059 INFO             PET1     esm - Creating connector component OCN-TO-ATM without petList.
20230512 042623.066 INFO             PET1     esm - Creating state: modelComp 1 Import State
20230512 042623.066 INFO             PET1     esm - Creating state: modelComp 1 Export State
20230512 042623.067 INFO             PET1     esm - Creating state: modelComp 2 Import State
20230512 042623.067 INFO             PET1     esm - Creating state: modelComp 2 Export State
20230512 042623.068 INFO             PET1     ATM: InitializeP0 intro.
20230512 042623.069 INFO             PET1     ATM: InitializeP0 extro.
20230512 042623.069 INFO             PET1     OCN: InitializeP0 intro.
20230512 042623.071 INFO             PET1     OCN: InitializeP0 extro.
20230512 042623.073 INFO             PET1     ATM-TO-OCN: InitializeP0 intro.
20230512 042623.074 INFO             PET1     ATM-TO-OCN: InitializeP0 extro.
20230512 042623.075 INFO             PET1     OCN-TO-ATM: InitializeP0 intro.
20230512 042623.075 INFO             PET1     OCN-TO-ATM: InitializeP0 extro.
20230512 042623.077 INFO             PET1     esm: IInitAdvertise intro.
20230512 042623.077 INFO             PET1     esm: IInitAdvertise extro.
20230512 042623.078 INFO             PET1     ATM: InitializeIPDvXp01 intro.
20230512 042623.081 INFO             PET1     ATM: InitializeIPDvXp01 extro.
20230512 042623.081 INFO             PET1     OCN: InitializeIPDvXp01 intro.
20230512 042623.084 INFO             PET1     OCN: InitializeIPDvXp01 extro.
20230512 042623.085 INFO             PET1     ATM-TO-OCN: InitializeIPDv05p1 intro.
20230512 042623.090 INFO             PET1     ATM-TO-OCN: InitializeIPDv05p1 extro.
20230512 042623.090 INFO             PET1     OCN-TO-ATM: InitializeIPDv05p1 intro.
20230512 042623.093 INFO             PET1     OCN-TO-ATM: InitializeIPDv05p1 extro.
20230512 042623.093 INFO             PET1     esm: IInitAdvertiseFinish intro.
20230512 042623.093 INFO             PET1     esm: IInitAdvertiseFinish extro.
20230512 042623.094 INFO             PET1     ATM-TO-OCN: InitializeIPDv05p2a intro.
20230512 042623.097 INFO             PET1     ATM-TO-OCN: InitializeIPDv05p2a extro.
20230512 042623.097 INFO             PET1     OCN-TO-ATM: InitializeIPDv05p2a intro.
20230512 042623.100 INFO             PET1     OCN-TO-ATM: InitializeIPDv05p2a extro.
20230512 042623.101 INFO             PET1     ATM-TO-OCN: InitializeIPDv05p2b intro.
20230512 042623.104 INFO             PET1     ATM-TO-OCN: InitializeIPDv05p2b extro.
20230512 042623.105 INFO             PET1     OCN-TO-ATM: InitializeIPDv05p2b intro.
20230512 042623.108 INFO             PET1     OCN-TO-ATM: InitializeIPDv05p2b extro.
20230512 042623.108 INFO             PET1     esm: IInitModifyCplLists intro.
20230512 042623.108 INFO             PET1     esm: IInitModifyCplLists extro.
20230512 042623.108 INFO             PET1     ATM-TO-OCN: InitializeIPDv05p3 intro.
20230512 042623.112 INFO             PET1     ATM-TO-OCN: InitializeIPDv05p3 extro.
20230512 042623.112 INFO             PET1     OCN-TO-ATM: InitializeIPDv05p3 intro.
20230512 042623.116 INFO             PET1     OCN-TO-ATM: InitializeIPDv05p3 extro.
20230512 042623.116 INFO             PET1     <<<esm: leaving Initialize (phase=<none>) with current time: 2010  6  1  0  0  0   0
20230512 042623.116 INFO             PET1   esm: InitializeIPDv02p1 extro.
20230512 042623.116 INFO             PET1   esm: InitializeIPDv02p3 intro.
20230512 042623.116 INFO             PET1     >>>esm: entered Initialize (phase=<none>) with current time: 2010  6  1  0  0  0   0
20230512 042623.116 INFO             PET1     esm: IInitCheck intro.
20230512 042623.116 INFO             PET1     esm: IInitCheck extro.
20230512 042623.117 INFO             PET1     atmA: InitializeIPDvXp04 intro.
20230512 042623.122 INFO             PET1     atmA: InitializeIPDvXp04 extro.
20230512 042623.122 INFO             PET1     ocnA: InitializeIPDvXp04 intro.
20230512 042623.127 INFO             PET1     ocnA: InitializeIPDvXp04 extro.
20230512 042623.129 INFO             PET1     ATM-TO-OCN: InitializeIPDv05p4 intro.
20230512 042623.135 INFO             PET1     ATM-TO-OCN: InitializeIPDv05p4 extro.
20230512 042623.135 INFO             PET1     OCN-TO-ATM: InitializeIPDv05p4 intro.
20230512 042623.139 INFO             PET1     OCN-TO-ATM: InitializeIPDv05p4 extro.
20230512 042623.139 INFO             PET1     ATM-TO-OCN: InitializeIPDv05p5 intro.
20230512 042623.145 INFO             PET1     ATM-TO-OCN: InitializeIPDv05p5 extro.
20230512 042623.145 INFO             PET1     OCN-TO-ATM: InitializeIPDv05p5 intro.
20230512 042623.149 INFO             PET1     OCN-TO-ATM: InitializeIPDv05p5 extro.
20230512 042623.149 INFO             PET1     esm: IInitRealize intro.
20230512 042623.149 INFO             PET1     esm: IInitRealize extro.
20230512 042623.150 INFO             PET1     ATM-TO-OCN: InitializeIPDv05p6a intro.
20230512 042623.155 INFO             PET1     ATM-TO-OCN: InitializeIPDv05p6a extro.
20230512 042623.034 INFO             PET2 !!!!!!!!!!!!!!!!!!!!!!!!!!!!!!!!!!!!!!!!!!!!!!!!!!!!!!
20230512 042623.036 INFO             PET2 !!! THE ESMF_LOG IS SET TO OUTPUT ALL LOG MESSAGES !!!
20230512 042623.036 INFO             PET2 !!!     THIS MAY CAUSE SLOWDOWN IN PERFORMANCE     !!!
20230512 042623.036 INFO             PET2 !!! FOR PRODUCTION RUNS, USE:                      !!!
20230512 042623.036 INFO             PET2 !!!                   ESMF_LOGKIND_Multi_On_Error  !!!
20230512 042623.036 INFO             PET2 !!!!!!!!!!!!!!!!!!!!!!!!!!!!!!!!!!!!!!!!!!!!!!!!!!!!!!
20230512 042623.036 INFO             PET2 Running with ESMF Version   : v8.5.0b18-9-g15f3b88
20230512 042623.036 INFO             PET2 ESMF library build date/time: "May 12 2023" "03:03:11"
20230512 042623.036 INFO             PET2 ESMF library build location : /work/noaa/da/mpotts/sandbox/pgi_2019_openmpi_g_feature_fill_nan/esmf
20230512 042623.036 INFO             PET2 ESMF_COMM                   : openmpi
20230512 042623.036 INFO             PET2 ESMF_MOAB                   : enabled
20230512 042623.036 INFO             PET2 ESMF_LAPACK                 : enabled
20230512 042623.036 INFO             PET2 ESMF_NETCDF                 : enabled
20230512 042623.036 INFO             PET2 ESMF_PNETCDF                : disabled
20230512 042623.036 INFO             PET2 ESMF_PIO                    : enabled
20230512 042623.036 INFO             PET2 ESMF_YAMLCPP                : enabled
20230512 042623.037 INFO             PET2 esmApp STARTING
20230512 042623.042 INFO             PET2 esm: InitializeGeneric intro.
20230512 042623.042 INFO             PET2   esm: InitializeP0 intro.
20230512 042623.043 INFO             PET2   esm: InitializeP0 extro.
20230512 042623.043 INFO             PET2   esm: InitializeIPDv02p1 intro.
20230512 042623.043 INFO             PET2     >>>esm: entered Initialize (phase=<none>) without valid internal Clock.
20230512 042623.044 INFO             PET2     esm - Creating model component ATM without petList.
20230512 042623.048 INFO             PET2     esm - Creating model component OCN without petList.
20230512 042623.051 INFO             PET2     esm - Creating connector component ATM-TO-OCN without petList.
20230512 042623.057 INFO             PET2     esm - Creating connector component OCN-TO-ATM without petList.
20230512 042623.065 INFO             PET2     esm - Creating state: modelComp 1 Import State
20230512 042623.065 INFO             PET2     esm - Creating state: modelComp 1 Export State
20230512 042623.065 INFO             PET2     esm - Creating state: modelComp 2 Import State
20230512 042623.065 INFO             PET2     esm - Creating state: modelComp 2 Export State
20230512 042623.066 INFO             PET2     ATM: InitializeP0 intro.
20230512 042623.067 INFO             PET2     ATM: InitializeP0 extro.
20230512 042623.067 INFO             PET2     OCN: InitializeP0 intro.
20230512 042623.069 INFO             PET2     OCN: InitializeP0 extro.
20230512 042623.073 INFO             PET2     ATM-TO-OCN: InitializeP0 intro.
20230512 042623.073 INFO             PET2     ATM-TO-OCN: InitializeP0 extro.
20230512 042623.074 INFO             PET2     OCN-TO-ATM: InitializeP0 intro.
20230512 042623.075 INFO             PET2     OCN-TO-ATM: InitializeP0 extro.
20230512 042623.077 INFO             PET2     esm: IInitAdvertise intro.
20230512 042623.077 INFO             PET2     esm: IInitAdvertise extro.
20230512 042623.077 INFO             PET2     ATM: InitializeIPDvXp01 intro.
20230512 042623.080 INFO             PET2     ATM: InitializeIPDvXp01 extro.
20230512 042623.080 INFO             PET2     OCN: InitializeIPDvXp01 intro.
20230512 042623.082 INFO             PET2     OCN: InitializeIPDvXp01 extro.
20230512 042623.085 INFO             PET2     ATM-TO-OCN: InitializeIPDv05p1 intro.
20230512 042623.090 INFO             PET2     ATM-TO-OCN: InitializeIPDv05p1 extro.
20230512 042623.090 INFO             PET2     OCN-TO-ATM: InitializeIPDv05p1 intro.
20230512 042623.093 INFO             PET2     OCN-TO-ATM: InitializeIPDv05p1 extro.
20230512 042623.093 INFO             PET2     esm: IInitAdvertiseFinish intro.
20230512 042623.093 INFO             PET2     esm: IInitAdvertiseFinish extro.
20230512 042623.093 INFO             PET2     ATM-TO-OCN: InitializeIPDv05p2a intro.
20230512 042623.097 INFO             PET2     ATM-TO-OCN: InitializeIPDv05p2a extro.
20230512 042623.097 INFO             PET2     OCN-TO-ATM: InitializeIPDv05p2a intro.
20230512 042623.100 INFO             PET2     OCN-TO-ATM: InitializeIPDv05p2a extro.
20230512 042623.100 INFO             PET2     ATM-TO-OCN: InitializeIPDv05p2b intro.
20230512 042623.104 INFO             PET2     ATM-TO-OCN: InitializeIPDv05p2b extro.
20230512 042623.104 INFO             PET2     OCN-TO-ATM: InitializeIPDv05p2b intro.
20230512 042623.107 INFO             PET2     OCN-TO-ATM: InitializeIPDv05p2b extro.
20230512 042623.108 INFO             PET2     esm: IInitModifyCplLists intro.
20230512 042623.108 INFO             PET2     esm: IInitModifyCplLists extro.
20230512 042623.108 INFO             PET2     ATM-TO-OCN: InitializeIPDv05p3 intro.
20230512 042623.112 INFO             PET2     ATM-TO-OCN: InitializeIPDv05p3 extro.
20230512 042623.112 INFO             PET2     OCN-TO-ATM: InitializeIPDv05p3 intro.
20230512 042623.116 INFO             PET2     OCN-TO-ATM: InitializeIPDv05p3 extro.
20230512 042623.116 INFO             PET2     <<<esm: leaving Initialize (phase=<none>) with current time: 2010  6  1  0  0  0   0
20230512 042623.116 INFO             PET2   esm: InitializeIPDv02p1 extro.
20230512 042623.116 INFO             PET2   esm: InitializeIPDv02p3 intro.
20230512 042623.116 INFO             PET2     >>>esm: entered Initialize (phase=<none>) with current time: 2010  6  1  0  0  0   0
20230512 042623.116 INFO             PET2     esm: IInitCheck intro.
20230512 042623.116 INFO             PET2     esm: IInitCheck extro.
20230512 042623.116 INFO             PET2     atmA: InitializeIPDvXp04 intro.
20230512 042623.121 INFO             PET2     atmA: InitializeIPDvXp04 extro.
20230512 042623.121 INFO             PET2     ocnA: InitializeIPDvXp04 intro.
20230512 042623.125 INFO             PET2     ocnA: InitializeIPDvXp04 extro.
20230512 042623.129 INFO             PET2     ATM-TO-OCN: InitializeIPDv05p4 intro.
20230512 042623.135 INFO             PET2     ATM-TO-OCN: InitializeIPDv05p4 extro.
20230512 042623.135 INFO             PET2     OCN-TO-ATM: InitializeIPDv05p4 intro.
20230512 042623.139 INFO             PET2     OCN-TO-ATM: InitializeIPDv05p4 extro.
20230512 042623.139 INFO             PET2     ATM-TO-OCN: InitializeIPDv05p5 intro.
20230512 042623.145 INFO             PET2     ATM-TO-OCN: InitializeIPDv05p5 extro.
20230512 042623.145 INFO             PET2     OCN-TO-ATM: InitializeIPDv05p5 intro.
20230512 042623.149 INFO             PET2     OCN-TO-ATM: InitializeIPDv05p5 extro.
20230512 042623.149 INFO             PET2     esm: IInitRealize intro.
20230512 042623.149 INFO             PET2     esm: IInitRealize extro.
20230512 042623.149 INFO             PET2     ATM-TO-OCN: InitializeIPDv05p6a intro.
20230512 042623.155 INFO             PET2     ATM-TO-OCN: InitializeIPDv05p6a extro.
20230512 042623.035 INFO             PET3 !!!!!!!!!!!!!!!!!!!!!!!!!!!!!!!!!!!!!!!!!!!!!!!!!!!!!!
20230512 042623.036 INFO             PET3 !!! THE ESMF_LOG IS SET TO OUTPUT ALL LOG MESSAGES !!!
20230512 042623.036 INFO             PET3 !!!     THIS MAY CAUSE SLOWDOWN IN PERFORMANCE     !!!
20230512 042623.036 INFO             PET3 !!! FOR PRODUCTION RUNS, USE:                      !!!
20230512 042623.036 INFO             PET3 !!!                   ESMF_LOGKIND_Multi_On_Error  !!!
20230512 042623.036 INFO             PET3 !!!!!!!!!!!!!!!!!!!!!!!!!!!!!!!!!!!!!!!!!!!!!!!!!!!!!!
20230512 042623.036 INFO             PET3 Running with ESMF Version   : v8.5.0b18-9-g15f3b88
20230512 042623.036 INFO             PET3 ESMF library build date/time: "May 12 2023" "03:03:11"
20230512 042623.036 INFO             PET3 ESMF library build location : /work/noaa/da/mpotts/sandbox/pgi_2019_openmpi_g_feature_fill_nan/esmf
20230512 042623.036 INFO             PET3 ESMF_COMM                   : openmpi
20230512 042623.037 INFO             PET3 ESMF_MOAB                   : enabled
20230512 042623.037 INFO             PET3 ESMF_LAPACK                 : enabled
20230512 042623.037 INFO             PET3 ESMF_NETCDF                 : enabled
20230512 042623.037 INFO             PET3 ESMF_PNETCDF                : disabled
20230512 042623.037 INFO             PET3 ESMF_PIO                    : enabled
20230512 042623.037 INFO             PET3 ESMF_YAMLCPP                : enabled
20230512 042623.037 INFO             PET3 esmApp STARTING
20230512 042623.042 INFO             PET3 esm: InitializeGeneric intro.
20230512 042623.042 INFO             PET3   esm: InitializeP0 intro.
20230512 042623.042 INFO             PET3   esm: InitializeP0 extro.
20230512 042623.042 INFO             PET3   esm: InitializeIPDv02p1 intro.
20230512 042623.043 INFO             PET3     >>>esm: entered Initialize (phase=<none>) without valid internal Clock.
20230512 042623.044 INFO             PET3     esm - Creating model component ATM without petList.
20230512 042623.048 INFO             PET3     esm - Creating model component OCN without petList.
20230512 042623.051 INFO             PET3     esm - Creating connector component ATM-TO-OCN without petList.
20230512 042623.057 INFO             PET3     esm - Creating connector component OCN-TO-ATM without petList.
20230512 042623.065 INFO             PET3     esm - Creating state: modelComp 1 Import State
20230512 042623.065 INFO             PET3     esm - Creating state: modelComp 1 Export State
20230512 042623.065 INFO             PET3     esm - Creating state: modelComp 2 Import State
20230512 042623.065 INFO             PET3     esm - Creating state: modelComp 2 Export State
20230512 042623.066 INFO             PET3     ATM: InitializeP0 intro.
20230512 042623.067 INFO             PET3     ATM: InitializeP0 extro.
20230512 042623.067 INFO             PET3     OCN: InitializeP0 intro.
20230512 042623.068 INFO             PET3     OCN: InitializeP0 extro.
20230512 042623.073 INFO             PET3     ATM-TO-OCN: InitializeP0 intro.
20230512 042623.074 INFO             PET3     ATM-TO-OCN: InitializeP0 extro.
20230512 042623.075 INFO             PET3     OCN-TO-ATM: InitializeP0 intro.
20230512 042623.075 INFO             PET3     OCN-TO-ATM: InitializeP0 extro.
20230512 042623.077 INFO             PET3     esm: IInitAdvertise intro.
20230512 042623.077 INFO             PET3     esm: IInitAdvertise extro.
20230512 042623.077 INFO             PET3     ATM: InitializeIPDvXp01 intro.
20230512 042623.080 INFO             PET3     ATM: InitializeIPDvXp01 extro.
20230512 042623.080 INFO             PET3     OCN: InitializeIPDvXp01 intro.
20230512 042623.082 INFO             PET3     OCN: InitializeIPDvXp01 extro.
20230512 042623.085 INFO             PET3     ATM-TO-OCN: InitializeIPDv05p1 intro.
20230512 042623.090 INFO             PET3     ATM-TO-OCN: InitializeIPDv05p1 extro.
20230512 042623.090 INFO             PET3     OCN-TO-ATM: InitializeIPDv05p1 intro.
20230512 042623.093 INFO             PET3     OCN-TO-ATM: InitializeIPDv05p1 extro.
20230512 042623.093 INFO             PET3     esm: IInitAdvertiseFinish intro.
20230512 042623.093 INFO             PET3     esm: IInitAdvertiseFinish extro.
20230512 042623.093 INFO             PET3     ATM-TO-OCN: InitializeIPDv05p2a intro.
20230512 042623.097 INFO             PET3     ATM-TO-OCN: InitializeIPDv05p2a extro.
20230512 042623.097 INFO             PET3     OCN-TO-ATM: InitializeIPDv05p2a intro.
20230512 042623.100 INFO             PET3     OCN-TO-ATM: InitializeIPDv05p2a extro.
20230512 042623.100 INFO             PET3     ATM-TO-OCN: InitializeIPDv05p2b intro.
20230512 042623.104 INFO             PET3     ATM-TO-OCN: InitializeIPDv05p2b extro.
20230512 042623.104 INFO             PET3     OCN-TO-ATM: InitializeIPDv05p2b intro.
20230512 042623.107 INFO             PET3     OCN-TO-ATM: InitializeIPDv05p2b extro.
20230512 042623.108 INFO             PET3     esm: IInitModifyCplLists intro.
20230512 042623.108 INFO             PET3     esm: IInitModifyCplLists extro.
20230512 042623.108 INFO             PET3     ATM-TO-OCN: InitializeIPDv05p3 intro.
20230512 042623.112 INFO             PET3     ATM-TO-OCN: InitializeIPDv05p3 extro.
20230512 042623.112 INFO             PET3     OCN-TO-ATM: InitializeIPDv05p3 intro.
20230512 042623.116 INFO             PET3     OCN-TO-ATM: InitializeIPDv05p3 extro.
20230512 042623.116 INFO             PET3     <<<esm: leaving Initialize (phase=<none>) with current time: 2010  6  1  0  0  0   0
20230512 042623.116 INFO             PET3   esm: InitializeIPDv02p1 extro.
20230512 042623.116 INFO             PET3   esm: InitializeIPDv02p3 intro.
20230512 042623.116 INFO             PET3     >>>esm: entered Initialize (phase=<none>) with current time: 2010  6  1  0  0  0   0
20230512 042623.116 INFO             PET3     esm: IInitCheck intro.
20230512 042623.116 INFO             PET3     esm: IInitCheck extro.
20230512 042623.116 INFO             PET3     atmA: InitializeIPDvXp04 intro.
20230512 042623.121 INFO             PET3     atmA: InitializeIPDvXp04 extro.
20230512 042623.121 INFO             PET3     ocnA: InitializeIPDvXp04 intro.
20230512 042623.125 INFO             PET3     ocnA: InitializeIPDvXp04 extro.
20230512 042623.129 INFO             PET3     ATM-TO-OCN: InitializeIPDv05p4 intro.
20230512 042623.134 INFO             PET3     ATM-TO-OCN: InitializeIPDv05p4 extro.
20230512 042623.135 INFO             PET3     OCN-TO-ATM: InitializeIPDv05p4 intro.
20230512 042623.139 INFO             PET3     OCN-TO-ATM: InitializeIPDv05p4 extro.
20230512 042623.139 INFO             PET3     ATM-TO-OCN: InitializeIPDv05p5 intro.
20230512 042623.145 INFO             PET3     ATM-TO-OCN: InitializeIPDv05p5 extro.
20230512 042623.145 INFO             PET3     OCN-TO-ATM: InitializeIPDv05p5 intro.
20230512 042623.149 INFO             PET3     OCN-TO-ATM: InitializeIPDv05p5 extro.
20230512 042623.149 INFO             PET3     esm: IInitRealize intro.
20230512 042623.149 INFO             PET3     esm: IInitRealize extro.
20230512 042623.149 INFO             PET3     ATM-TO-OCN: InitializeIPDv05p6a intro.
20230512 042623.155 INFO             PET3     ATM-TO-OCN: InitializeIPDv05p6a extro.
