2023-05-16 22:19:56
20230516 224556.077 INFO             PET0 !!!!!!!!!!!!!!!!!!!!!!!!!!!!!!!!!!!!!!!!!!!!!!!!!!!!!!
20230516 224556.077 INFO             PET0 !!! THE ESMF_LOG IS SET TO OUTPUT ALL LOG MESSAGES !!!
20230516 224556.077 INFO             PET0 !!!     THIS MAY CAUSE SLOWDOWN IN PERFORMANCE     !!!
20230516 224556.077 INFO             PET0 !!! FOR PRODUCTION RUNS, USE:                      !!!
20230516 224556.077 INFO             PET0 !!!                   ESMF_LOGKIND_Multi_On_Error  !!!
20230516 224556.077 INFO             PET0 !!!!!!!!!!!!!!!!!!!!!!!!!!!!!!!!!!!!!!!!!!!!!!!!!!!!!!
20230516 224556.077 INFO             PET0 Running with ESMF Version   : v8.5.0b21-122-ge977c88852
20230516 224556.077 INFO             PET0 ESMF library build date/time: "May 16 2023" "22:18:17"
20230516 224556.077 INFO             PET0 ESMF library build location : /scratch2/NCEPDEV/stmp1/Gerhard.Theurich/ESMF-Nightly-Testing/intel_2023.1.0-oneAPI_intelmpi_g_feature_hconfig-iter/esmf
20230516 224556.077 INFO             PET0 ESMF_COMM                   : intelmpi
20230516 224556.078 INFO             PET0 ESMF_MOAB                   : enabled
20230516 224556.078 INFO             PET0 ESMF_LAPACK                 : enabled
20230516 224556.078 INFO             PET0 ESMF_NETCDF                 : enabled
20230516 224556.078 INFO             PET0 ESMF_PNETCDF                : disabled
20230516 224556.078 INFO             PET0 ESMF_PIO                    : enabled
20230516 224556.078 INFO             PET0 ESMF_YAMLCPP                : enabled
20230516 224556.078 INFO             PET0  NUMBER_OF_PROCESSORS           4
20230516 224556.078 INFO             PET0  PASS  Example ESMF_VMUserMpiCommMultiEx, ESMF_VMUserMpiCommMultiEx.F90, line 126
20230516 224556.078 INFO             PET0 Finalizing ESMF
20230516 224556.077 INFO             PET0 !!!!!!!!!!!!!!!!!!!!!!!!!!!!!!!!!!!!!!!!!!!!!!!!!!!!!!
20230516 224556.077 INFO             PET0 !!! THE ESMF_LOG IS SET TO OUTPUT ALL LOG MESSAGES !!!
20230516 224556.077 INFO             PET0 !!!     THIS MAY CAUSE SLOWDOWN IN PERFORMANCE     !!!
20230516 224556.077 INFO             PET0 !!! FOR PRODUCTION RUNS, USE:                      !!!
20230516 224556.077 INFO             PET0 !!!                   ESMF_LOGKIND_Multi_On_Error  !!!
20230516 224556.077 INFO             PET0 !!!!!!!!!!!!!!!!!!!!!!!!!!!!!!!!!!!!!!!!!!!!!!!!!!!!!!
20230516 224556.077 INFO             PET0 Running with ESMF Version   : v8.5.0b21-122-ge977c88852
20230516 224556.077 INFO             PET0 ESMF library build date/time: "May 16 2023" "22:18:17"
20230516 224556.077 INFO             PET0 ESMF library build location : /scratch2/NCEPDEV/stmp1/Gerhard.Theurich/ESMF-Nightly-Testing/intel_2023.1.0-oneAPI_intelmpi_g_feature_hconfig-iter/esmf
20230516 224556.077 INFO             PET0 ESMF_COMM                   : intelmpi
20230516 224556.078 INFO             PET0 ESMF_MOAB                   : enabled
20230516 224556.078 INFO             PET0 ESMF_LAPACK                 : enabled
20230516 224556.078 INFO             PET0 ESMF_NETCDF                 : enabled
20230516 224556.078 INFO             PET0 ESMF_PNETCDF                : disabled
20230516 224556.078 INFO             PET0 ESMF_PIO                    : enabled
20230516 224556.078 INFO             PET0 ESMF_YAMLCPP                : enabled
20230516 224556.078 INFO             PET0  NUMBER_OF_PROCESSORS           4
20230516 224556.078 INFO             PET0  PASS  Example ESMF_VMUserMpiCommMultiEx, ESMF_VMUserMpiCommMultiEx.F90, line 154
20230516 224556.078 INFO             PET0 Finalizing ESMF
20230516 224556.077 INFO             PET1 !!!!!!!!!!!!!!!!!!!!!!!!!!!!!!!!!!!!!!!!!!!!!!!!!!!!!!
20230516 224556.077 INFO             PET1 !!! THE ESMF_LOG IS SET TO OUTPUT ALL LOG MESSAGES !!!
20230516 224556.077 INFO             PET1 !!!     THIS MAY CAUSE SLOWDOWN IN PERFORMANCE     !!!
20230516 224556.077 INFO             PET1 !!! FOR PRODUCTION RUNS, USE:                      !!!
20230516 224556.077 INFO             PET1 !!!                   ESMF_LOGKIND_Multi_On_Error  !!!
20230516 224556.077 INFO             PET1 !!!!!!!!!!!!!!!!!!!!!!!!!!!!!!!!!!!!!!!!!!!!!!!!!!!!!!
20230516 224556.077 INFO             PET1 Running with ESMF Version   : v8.5.0b21-122-ge977c88852
20230516 224556.077 INFO             PET1 ESMF library build date/time: "May 16 2023" "22:18:17"
20230516 224556.077 INFO             PET1 ESMF library build location : /scratch2/NCEPDEV/stmp1/Gerhard.Theurich/ESMF-Nightly-Testing/intel_2023.1.0-oneAPI_intelmpi_g_feature_hconfig-iter/esmf
20230516 224556.077 INFO             PET1 ESMF_COMM                   : intelmpi
20230516 224556.078 INFO             PET1 ESMF_MOAB                   : enabled
20230516 224556.078 INFO             PET1 ESMF_LAPACK                 : enabled
20230516 224556.078 INFO             PET1 ESMF_NETCDF                 : enabled
20230516 224556.078 INFO             PET1 ESMF_PNETCDF                : disabled
20230516 224556.078 INFO             PET1 ESMF_PIO                    : enabled
20230516 224556.078 INFO             PET1 ESMF_YAMLCPP                : enabled
20230516 224556.078 INFO             PET1  NUMBER_OF_PROCESSORS           4
20230516 224556.078 INFO             PET1  PASS  Example ESMF_VMUserMpiCommMultiEx, ESMF_VMUserMpiCommMultiEx.F90, line 126
20230516 224556.078 INFO             PET1 Finalizing ESMF
20230516 224556.076 INFO             PET1 !!!!!!!!!!!!!!!!!!!!!!!!!!!!!!!!!!!!!!!!!!!!!!!!!!!!!!
20230516 224556.076 INFO             PET1 !!! THE ESMF_LOG IS SET TO OUTPUT ALL LOG MESSAGES !!!
20230516 224556.076 INFO             PET1 !!!     THIS MAY CAUSE SLOWDOWN IN PERFORMANCE     !!!
20230516 224556.076 INFO             PET1 !!! FOR PRODUCTION RUNS, USE:                      !!!
20230516 224556.076 INFO             PET1 !!!                   ESMF_LOGKIND_Multi_On_Error  !!!
20230516 224556.076 INFO             PET1 !!!!!!!!!!!!!!!!!!!!!!!!!!!!!!!!!!!!!!!!!!!!!!!!!!!!!!
20230516 224556.076 INFO             PET1 Running with ESMF Version   : v8.5.0b21-122-ge977c88852
20230516 224556.076 INFO             PET1 ESMF library build date/time: "May 16 2023" "22:18:17"
20230516 224556.077 INFO             PET1 ESMF library build location : /scratch2/NCEPDEV/stmp1/Gerhard.Theurich/ESMF-Nightly-Testing/intel_2023.1.0-oneAPI_intelmpi_g_feature_hconfig-iter/esmf
20230516 224556.077 INFO             PET1 ESMF_COMM                   : intelmpi
20230516 224556.077 INFO             PET1 ESMF_MOAB                   : enabled
20230516 224556.077 INFO             PET1 ESMF_LAPACK                 : enabled
20230516 224556.077 INFO             PET1 ESMF_NETCDF                 : enabled
20230516 224556.077 INFO             PET1 ESMF_PNETCDF                : disabled
20230516 224556.077 INFO             PET1 ESMF_PIO                    : enabled
20230516 224556.077 INFO             PET1 ESMF_YAMLCPP                : enabled
20230516 224556.078 INFO             PET1  NUMBER_OF_PROCESSORS           4
20230516 224556.078 INFO             PET1  PASS  Example ESMF_VMUserMpiCommMultiEx, ESMF_VMUserMpiCommMultiEx.F90, line 154
20230516 224556.078 INFO             PET1 Finalizing ESMF
