2023-05-12 04:16:08
20230512 044148.948 INFO             PET0 !!!!!!!!!!!!!!!!!!!!!!!!!!!!!!!!!!!!!!!!!!!!!!!!!!!!!!
20230512 044148.948 INFO             PET0 !!! THE ESMF_LOG IS SET TO OUTPUT ALL LOG MESSAGES !!!
20230512 044148.948 INFO             PET0 !!!     THIS MAY CAUSE SLOWDOWN IN PERFORMANCE     !!!
20230512 044148.948 INFO             PET0 !!! FOR PRODUCTION RUNS, USE:                      !!!
20230512 044148.948 INFO             PET0 !!!                   ESMF_LOGKIND_Multi_On_Error  !!!
20230512 044148.948 INFO             PET0 !!!!!!!!!!!!!!!!!!!!!!!!!!!!!!!!!!!!!!!!!!!!!!!!!!!!!!
20230512 044148.948 INFO             PET0 Running with ESMF Version   : v8.5.0b18-9-g15f3b88d4b
20230512 044148.948 INFO             PET0 ESMF library build date/time: "May 12 2023" "04:14:59"
20230512 044148.948 INFO             PET0 ESMF library build location : /lfs4/HFIP/hfv3gfs/Mark.Potts/esmf-tests/gfortran_9.2.0_openmpi_O_feature_fill_nan/esmf
20230512 044148.948 INFO             PET0 ESMF_COMM                   : openmpi
20230512 044148.948 INFO             PET0 ESMF_MOAB                   : enabled
20230512 044148.948 INFO             PET0 ESMF_LAPACK                 : enabled
20230512 044148.948 INFO             PET0 ESMF_NETCDF                 : disabled
20230512 044148.948 INFO             PET0 ESMF_PNETCDF                : disabled
20230512 044148.948 INFO             PET0 ESMF_PIO                    : disabled
20230512 044148.948 INFO             PET0 ESMF_YAMLCPP                : enabled
20230512 044148.949 INFO             PET0  NUMBER_OF_PROCESSORS           1
20230512 044148.949 INFO             PET0  PASS  Example ESMF_TimeEx, ESMF_TimeEx.F90, line 141
20230512 044148.949 INFO             PET0 Finalizing ESMF
