2023-05-11 08:59:27
forrtl: severe (174): SIGSEGV, segmentation fault occurred
Image              PC                Routine            Line        Source             
libpthread-2.31.s  0000147E9AD758C0  Unknown               Unknown  Unknown
mainApp            0000000000444E13  Unknown               Unknown  Unknown
mainApp            0000000000445730  Unknown               Unknown  Unknown
mainApp            0000000000444FC4  Unknown               Unknown  Unknown
libesmf.so         0000147E9E66EC8F  f_esmf_compcollec         516  ESMF_Comp_C.F90
libesmf.so         0000147E9E2135C2  finalize                 3478  ESMCI_VM.C
libesmf.so         0000147E9E1E1B37  c_esmc_vmfinalize        1179  ESMCI_VM_F.C
libesmf.so         0000147E9F1A10BB  c_esmc_vmfinalize           0  ESMF_VM.F90
libesmf.so         0000147E9F198EF2  esmf_vmfinalize          9384  ESMF_VM.F90
libesmf.so         0000147E9ED48046  esmf_finalize            1235  ESMF_Init.F90
mainApp            00000000004110F7  mainapp                   149  mainApp.F90
mainApp            00000000004103CD  Unknown               Unknown  Unknown
libc-2.31.so       0000147E96EEB2BD  __libc_start_main     Unknown  Unknown
mainApp            00000000004102FA  Unknown               Unknown  Unknown
forrtl: severe (174): SIGSEGV, segmentation fault occurred
Image              PC                Routine            Line        Source             
libpthread-2.31.s  000014D6EEFF38C0  Unknown               Unknown  Unknown
mainApp            0000000000444E21  Unknown               Unknown  Unknown
mainApp            0000000000445730  Unknown               Unknown  Unknown
mainApp            0000000000444FC4  Unknown               Unknown  Unknown
libesmf.so         000014D6F28ECC8F  f_esmf_compcollec         516  ESMF_Comp_C.F90
libesmf.so         000014D6F24915C2  finalize                 3478  ESMCI_VM.C
libesmf.so         000014D6F245FB37  c_esmc_vmfinalize        1179  ESMCI_VM_F.C
libesmf.so         000014D6F341F0BB  c_esmc_vmfinalize           0  ESMF_VM.F90
libesmf.so         000014D6F3416EF2  esmf_vmfinalize          9384  ESMF_VM.F90
libesmf.so         000014D6F2FC6046  esmf_finalize            1235  ESMF_Init.F90
mainApp            00000000004110F7  mainapp                   149  mainApp.F90
mainApp            00000000004103CD  Unknown               Unknown  Unknown
libc-2.31.so       000014D6EB1692BD  __libc_start_main     Unknown  Unknown
mainApp            00000000004102FA  Unknown               Unknown  Unknown
forrtl: severe (174): SIGSEGV, segmentation fault occurred
Image              PC                Routine            Line        Source             
libpthread-2.31.s  0000154F500D68C0  Unknown               Unknown  Unknown
mainApp            0000000000444E09  Unknown               Unknown  Unknown
mainApp            0000000000445730  Unknown               Unknown  Unknown
mainApp            0000000000444FC4  Unknown               Unknown  Unknown
libesmf.so         0000154F539CFC8F  f_esmf_compcollec         516  ESMF_Comp_C.F90
libesmf.so         0000154F535745C2  finalize                 3478  ESMCI_VM.C
libesmf.so         0000154F53542B37  c_esmc_vmfinalize        1179  ESMCI_VM_F.C
libesmf.so         0000154F545020BB  c_esmc_vmfinalize           0  ESMF_VM.F90
libesmf.so         0000154F544F9EF2  esmf_vmfinalize          9384  ESMF_VM.F90
libesmf.so         0000154F540A9046  esmf_finalize            1235  ESMF_Init.F90
mainApp            00000000004110F7  mainapp                   149  mainApp.F90
mainApp            00000000004103CD  Unknown               Unknown  Unknown
libc-2.31.so       0000154F4C24C2BD  __libc_start_main     Unknown  Unknown
mainApp            00000000004102FA  Unknown               Unknown  Unknown
forrtl: severe (174): SIGSEGV, segmentation fault occurred
Image              PC                Routine            Line        Source             
libpthread-2.31.s  000014C382D078C0  Unknown               Unknown  Unknown
mainApp            0000000000444E40  Unknown               Unknown  Unknown
mainApp            0000000000445730  Unknown               Unknown  Unknown
mainApp            0000000000444FC4  Unknown               Unknown  Unknown
libesmf.so         000014C386600C8F  f_esmf_compcollec         516  ESMF_Comp_C.F90
libesmf.so         000014C3861A55C2  finalize                 3478  ESMCI_VM.C
libesmf.so         000014C386173B37  c_esmc_vmfinalize        1179  ESMCI_VM_F.C
libesmf.so         000014C3871330BB  c_esmc_vmfinalize           0  ESMF_VM.F90
libesmf.so         000014C38712AEF2  esmf_vmfinalize          9384  ESMF_VM.F90
libesmf.so         000014C386CDA046  esmf_finalize            1235  ESMF_Init.F90
mainApp            00000000004110F7  mainapp                   149  mainApp.F90
mainApp            00000000004103CD  Unknown               Unknown  Unknown
libc-2.31.so       000014C37EE7D2BD  __libc_start_main     Unknown  Unknown
mainApp            00000000004102FA  Unknown               Unknown  Unknown
gu0001.hsn.gu.hpc.ucar.edu: rank 2 exited with code 174
