2023-06-04 07:44:06
20230604 081149.959 INFO             PET0 !!!!!!!!!!!!!!!!!!!!!!!!!!!!!!!!!!!!!!!!!!!!!!!!!!!!!!
20230604 081149.959 INFO             PET0 !!! THE ESMF_LOG IS SET TO OUTPUT ALL LOG MESSAGES !!!
20230604 081149.959 INFO             PET0 !!!     THIS MAY CAUSE SLOWDOWN IN PERFORMANCE     !!!
20230604 081149.959 INFO             PET0 !!! FOR PRODUCTION RUNS, USE:                      !!!
20230604 081149.959 INFO             PET0 !!!                   ESMF_LOGKIND_Multi_On_Error  !!!
20230604 081149.959 INFO             PET0 !!!!!!!!!!!!!!!!!!!!!!!!!!!!!!!!!!!!!!!!!!!!!!!!!!!!!!
20230604 081149.959 INFO             PET0 Running with ESMF Version   : v8.5.0b23
20230604 081149.959 INFO             PET0 ESMF library build date/time: "Jun  4 2023" "07:41:54"
20230604 081149.959 INFO             PET0 ESMF library build location : /scratch2/NCEPDEV/stmp1/Gerhard.Theurich/ESMF-Nightly-Testing/intel_18.0.5_intelmpi_O_develop/esmf
20230604 081149.959 INFO             PET0 ESMF_COMM                   : intelmpi
20230604 081149.960 INFO             PET0 ESMF_MOAB                   : enabled
20230604 081149.960 INFO             PET0 ESMF_LAPACK                 : enabled
20230604 081149.960 INFO             PET0 ESMF_NETCDF                 : enabled
20230604 081149.960 INFO             PET0 ESMF_PNETCDF                : disabled
20230604 081149.960 INFO             PET0 ESMF_PIO                    : enabled
20230604 081149.960 INFO             PET0 ESMF_YAMLCPP                : enabled
20230604 081149.962 INFO             PET0 ESMF_FieldRedistStoreNF(): Just entered routine.
20230604 081149.994 INFO             PET0 ESMF_FieldRedistStoreNF(): Leaving routine.
20230604 081150.024 INFO             PET0  NUMBER_OF_PROCESSORS           4
20230604 081150.025 INFO             PET0  PASS  Example ESMF_RHandleFromFileEx, ESMF_RHandleFromFileEx.F90, line 192
20230604 081150.025 INFO             PET0 Finalizing ESMF
20230604 081149.959 INFO             PET1 !!!!!!!!!!!!!!!!!!!!!!!!!!!!!!!!!!!!!!!!!!!!!!!!!!!!!!
20230604 081149.959 INFO             PET1 !!! THE ESMF_LOG IS SET TO OUTPUT ALL LOG MESSAGES !!!
20230604 081149.959 INFO             PET1 !!!     THIS MAY CAUSE SLOWDOWN IN PERFORMANCE     !!!
20230604 081149.959 INFO             PET1 !!! FOR PRODUCTION RUNS, USE:                      !!!
20230604 081149.959 INFO             PET1 !!!                   ESMF_LOGKIND_Multi_On_Error  !!!
20230604 081149.959 INFO             PET1 !!!!!!!!!!!!!!!!!!!!!!!!!!!!!!!!!!!!!!!!!!!!!!!!!!!!!!
20230604 081149.959 INFO             PET1 Running with ESMF Version   : v8.5.0b23
20230604 081149.959 INFO             PET1 ESMF library build date/time: "Jun  4 2023" "07:41:54"
20230604 081149.959 INFO             PET1 ESMF library build location : /scratch2/NCEPDEV/stmp1/Gerhard.Theurich/ESMF-Nightly-Testing/intel_18.0.5_intelmpi_O_develop/esmf
20230604 081149.959 INFO             PET1 ESMF_COMM                   : intelmpi
20230604 081149.960 INFO             PET1 ESMF_MOAB                   : enabled
20230604 081149.960 INFO             PET1 ESMF_LAPACK                 : enabled
20230604 081149.960 INFO             PET1 ESMF_NETCDF                 : enabled
20230604 081149.960 INFO             PET1 ESMF_PNETCDF                : disabled
20230604 081149.960 INFO             PET1 ESMF_PIO                    : enabled
20230604 081149.960 INFO             PET1 ESMF_YAMLCPP                : enabled
20230604 081149.962 INFO             PET1 ESMF_FieldRedistStoreNF(): Just entered routine.
20230604 081149.994 INFO             PET1 ESMF_FieldRedistStoreNF(): Leaving routine.
20230604 081150.024 INFO             PET1  NUMBER_OF_PROCESSORS           4
20230604 081150.025 INFO             PET1  PASS  Example ESMF_RHandleFromFileEx, ESMF_RHandleFromFileEx.F90, line 192
20230604 081150.025 INFO             PET1 Finalizing ESMF
20230604 081149.959 INFO             PET2 !!!!!!!!!!!!!!!!!!!!!!!!!!!!!!!!!!!!!!!!!!!!!!!!!!!!!!
20230604 081149.959 INFO             PET2 !!! THE ESMF_LOG IS SET TO OUTPUT ALL LOG MESSAGES !!!
20230604 081149.959 INFO             PET2 !!!     THIS MAY CAUSE SLOWDOWN IN PERFORMANCE     !!!
20230604 081149.959 INFO             PET2 !!! FOR PRODUCTION RUNS, USE:                      !!!
20230604 081149.959 INFO             PET2 !!!                   ESMF_LOGKIND_Multi_On_Error  !!!
20230604 081149.959 INFO             PET2 !!!!!!!!!!!!!!!!!!!!!!!!!!!!!!!!!!!!!!!!!!!!!!!!!!!!!!
20230604 081149.959 INFO             PET2 Running with ESMF Version   : v8.5.0b23
20230604 081149.959 INFO             PET2 ESMF library build date/time: "Jun  4 2023" "07:41:54"
20230604 081149.959 INFO             PET2 ESMF library build location : /scratch2/NCEPDEV/stmp1/Gerhard.Theurich/ESMF-Nightly-Testing/intel_18.0.5_intelmpi_O_develop/esmf
20230604 081149.959 INFO             PET2 ESMF_COMM                   : intelmpi
20230604 081149.960 INFO             PET2 ESMF_MOAB                   : enabled
20230604 081149.960 INFO             PET2 ESMF_LAPACK                 : enabled
20230604 081149.960 INFO             PET2 ESMF_NETCDF                 : enabled
20230604 081149.960 INFO             PET2 ESMF_PNETCDF                : disabled
20230604 081149.960 INFO             PET2 ESMF_PIO                    : enabled
20230604 081149.960 INFO             PET2 ESMF_YAMLCPP                : enabled
20230604 081149.962 INFO             PET2 ESMF_FieldRedistStoreNF(): Just entered routine.
20230604 081149.994 INFO             PET2 ESMF_FieldRedistStoreNF(): Leaving routine.
20230604 081150.024 INFO             PET2  NUMBER_OF_PROCESSORS           4
20230604 081150.025 INFO             PET2  PASS  Example ESMF_RHandleFromFileEx, ESMF_RHandleFromFileEx.F90, line 192
20230604 081150.025 INFO             PET2 Finalizing ESMF
20230604 081149.959 INFO             PET3 !!!!!!!!!!!!!!!!!!!!!!!!!!!!!!!!!!!!!!!!!!!!!!!!!!!!!!
20230604 081149.959 INFO             PET3 !!! THE ESMF_LOG IS SET TO OUTPUT ALL LOG MESSAGES !!!
20230604 081149.959 INFO             PET3 !!!     THIS MAY CAUSE SLOWDOWN IN PERFORMANCE     !!!
20230604 081149.959 INFO             PET3 !!! FOR PRODUCTION RUNS, USE:                      !!!
20230604 081149.959 INFO             PET3 !!!                   ESMF_LOGKIND_Multi_On_Error  !!!
20230604 081149.959 INFO             PET3 !!!!!!!!!!!!!!!!!!!!!!!!!!!!!!!!!!!!!!!!!!!!!!!!!!!!!!
20230604 081149.959 INFO             PET3 Running with ESMF Version   : v8.5.0b23
20230604 081149.959 INFO             PET3 ESMF library build date/time: "Jun  4 2023" "07:41:54"
20230604 081149.959 INFO             PET3 ESMF library build location : /scratch2/NCEPDEV/stmp1/Gerhard.Theurich/ESMF-Nightly-Testing/intel_18.0.5_intelmpi_O_develop/esmf
20230604 081149.959 INFO             PET3 ESMF_COMM                   : intelmpi
20230604 081149.960 INFO             PET3 ESMF_MOAB                   : enabled
20230604 081149.960 INFO             PET3 ESMF_LAPACK                 : enabled
20230604 081149.960 INFO             PET3 ESMF_NETCDF                 : enabled
20230604 081149.960 INFO             PET3 ESMF_PNETCDF                : disabled
20230604 081149.960 INFO             PET3 ESMF_PIO                    : enabled
20230604 081149.960 INFO             PET3 ESMF_YAMLCPP                : enabled
20230604 081149.962 INFO             PET3 ESMF_FieldRedistStoreNF(): Just entered routine.
20230604 081149.994 INFO             PET3 ESMF_FieldRedistStoreNF(): Leaving routine.
20230604 081150.024 INFO             PET3  NUMBER_OF_PROCESSORS           4
20230604 081150.025 INFO             PET3  PASS  Example ESMF_RHandleFromFileEx, ESMF_RHandleFromFileEx.F90, line 192
20230604 081150.025 INFO             PET3 Finalizing ESMF
