2023-06-12 00:36:00
20230612 010818.648 INFO             PET0 !!!!!!!!!!!!!!!!!!!!!!!!!!!!!!!!!!!!!!!!!!!!!!!!!!!!!!
20230612 010818.648 INFO             PET0 !!! THE ESMF_LOG IS SET TO OUTPUT ALL LOG MESSAGES !!!
20230612 010818.648 INFO             PET0 !!!     THIS MAY CAUSE SLOWDOWN IN PERFORMANCE     !!!
20230612 010818.648 INFO             PET0 !!! FOR PRODUCTION RUNS, USE:                      !!!
20230612 010818.648 INFO             PET0 !!!                   ESMF_LOGKIND_Multi_On_Error  !!!
20230612 010818.648 INFO             PET0 !!!!!!!!!!!!!!!!!!!!!!!!!!!!!!!!!!!!!!!!!!!!!!!!!!!!!!
20230612 010818.648 INFO             PET0 Running with ESMF Version   : 8.5.0 beta snapshot
20230612 010818.648 INFO             PET0 ESMF library build date/time: "Jun 12 2023" "00:34:34"
20230612 010818.648 INFO             PET0 ESMF library build location : /lustre/f2/dev/Mark.Potts/esmf-test/intel_2022.2.1-classic_mpi_O_feature_bopt_g_flags/esmf
20230612 010818.649 INFO             PET0 ESMF_COMM                   : mpi
20230612 010818.649 INFO             PET0 ESMF_MOAB                   : enabled
20230612 010818.649 INFO             PET0 ESMF_LAPACK                 : enabled
20230612 010818.649 INFO             PET0 ESMF_NETCDF                 : enabled
20230612 010818.649 INFO             PET0 ESMF_PNETCDF                : disabled
20230612 010818.649 INFO             PET0 ESMF_PIO                    : enabled
20230612 010818.649 INFO             PET0 ESMF_YAMLCPP                : enabled
20230612 010818.701 INFO             PET0  NUMBER_OF_PROCESSORS           1
20230612 010818.701 INFO             PET0  PASS  Example ESMF_XGridSparseMatEx, ESMF_XGridSparseMatEx.F90, line 642
20230612 010818.701 INFO             PET0 Finalizing ESMF
