2023-04-25 03:39:04
20230425 040714.835 INFO             PET0 !!!!!!!!!!!!!!!!!!!!!!!!!!!!!!!!!!!!!!!!!!!!!!!!!!!!!!
20230425 040714.835 INFO             PET0 !!! THE ESMF_LOG IS SET TO OUTPUT ALL LOG MESSAGES !!!
20230425 040714.835 INFO             PET0 !!!     THIS MAY CAUSE SLOWDOWN IN PERFORMANCE     !!!
20230425 040714.835 INFO             PET0 !!! FOR PRODUCTION RUNS, USE:                      !!!
20230425 040714.835 INFO             PET0 !!!                   ESMF_LOGKIND_Multi_On_Error  !!!
20230425 040714.835 INFO             PET0 !!!!!!!!!!!!!!!!!!!!!!!!!!!!!!!!!!!!!!!!!!!!!!!!!!!!!!
20230425 040714.835 INFO             PET0 Running with ESMF Version   : v8.5.0b19-5-gc2c4406dae
20230425 040714.835 INFO             PET0 ESMF library build date/time: "Apr 25 2023" "03:37:25"
20230425 040714.835 INFO             PET0 ESMF library build location : /lustre/f2/dev/ncep/Gerhard.Theurich/ESMF-Nightly-Testing-C5/gfortran_12.2.0_mpiuni_g_develop/esmf
20230425 040714.835 INFO             PET0 ESMF_COMM                   : mpiuni
20230425 040714.837 INFO             PET0 ESMF_MOAB                   : enabled
20230425 040714.837 INFO             PET0 ESMF_LAPACK                 : enabled
20230425 040714.837 INFO             PET0 ESMF_NETCDF                 : enabled
20230425 040714.837 INFO             PET0 ESMF_PNETCDF                : disabled
20230425 040714.837 INFO             PET0 ESMF_PIO                    : disabled
20230425 040714.837 INFO             PET0 ESMF_YAMLCPP                : enabled
20230425 040714.837 INFO             PET0 ESMF Tracing Enabled
20230425 040714.837 INFO             PET0 ESMF Profiling Enabled
20230425 040714.837 INFO             PET0 ESMF Trace/Profile clock: REALTIME
20230425 040714.846 INFO             PET0  NUMBER_OF_PROCESSORS           1
20230425 040714.846 INFO             PET0  PASS  Example ESMF_TraceEx, ESMF_TraceEx.F90, line 178
20230425 040714.846 INFO             PET0 Finalizing ESMF
20230425 040714.846 INFO             PET0 **************** Region Timings *******************
20230425 040714.846 INFO             PET0 Region              Count  Total (s)   Self (s)    Mean (s)    Min (s)     Max (s)
20230425 040714.847 INFO             PET0   [ESMF]            1      0.0013      0.0013      0.0013      0.0013      0.0013
20230425 040714.847 INFO             PET0     [test] Run 1    5      0.0000      0.0000      0.0000      0.0000      0.0000
20230425 040714.847 INFO             PET0     [test] Init 1   1      0.0000      0.0000      0.0000      0.0000      0.0000
20230425 040714.847 INFO             PET0     [test] Final 1  1      0.0000      0.0000      0.0000      0.0000      0.0000
