2023-05-09 03:58:28
20230509 042225.153 INFO             PET0 !!!!!!!!!!!!!!!!!!!!!!!!!!!!!!!!!!!!!!!!!!!!!!!!!!!!!!
20230509 042225.153 INFO             PET0 !!! THE ESMF_LOG IS SET TO OUTPUT ALL LOG MESSAGES !!!
20230509 042225.153 INFO             PET0 !!!     THIS MAY CAUSE SLOWDOWN IN PERFORMANCE     !!!
20230509 042225.153 INFO             PET0 !!! FOR PRODUCTION RUNS, USE:                      !!!
20230509 042225.153 INFO             PET0 !!!                   ESMF_LOGKIND_Multi_On_Error  !!!
20230509 042225.153 INFO             PET0 !!!!!!!!!!!!!!!!!!!!!!!!!!!!!!!!!!!!!!!!!!!!!!!!!!!!!!
20230509 042225.153 INFO             PET0 Running with ESMF Version   : v8.5.0b21-19-g1e56fabece
20230509 042225.153 INFO             PET0 ESMF library build date/time: "May  9 2023" "03:56:46"
20230509 042225.153 INFO             PET0 ESMF library build location : /lustre/f2/dev/ncep/Gerhard.Theurich/ESMF-Nightly-Testing-C5/gfortran_12.2.0_mpi_O_develop/esmf
20230509 042225.153 INFO             PET0 ESMF_COMM                   : mpi
20230509 042225.155 INFO             PET0 ESMF_MOAB                   : enabled
20230509 042225.155 INFO             PET0 ESMF_LAPACK                 : enabled
20230509 042225.155 INFO             PET0 ESMF_NETCDF                 : enabled
20230509 042225.155 INFO             PET0 ESMF_PNETCDF                : disabled
20230509 042225.155 INFO             PET0 ESMF_PIO                    : enabled
20230509 042225.155 INFO             PET0 ESMF_YAMLCPP                : enabled
20230509 042225.155 INFO             PET0 Log Write 2
20230509 042225.155 ERROR            PET0 Invalid object  - Convergence failure
20230509 042225.155 ERROR            PET0 ESMCI_Fraction.C:1444 ESMCI::Fraction::validate() must have non-zero denominator.
20230509 042225.155 ERROR            PET0 ESMCI_Time.C:838 ESMCI::Time::syncToRealTime() Wrong argument specified  - ; calkindflag is JULIANDAY, MODJULIANDAY or NOCALENDAR.
20230509 042225.155 ERROR            PET0 ESMF_Time.F90:1485 ESMF_TimeSyncToRealTime() Wrong argument specified  - Internal subroutine call returned Error
20230509 042225.155 ERROR            PET0 Wrong argument specified  - getting wall clock time
20230509 042225.163 INFO             PET0  NUMBER_OF_PROCESSORS           4
20230509 042225.163 INFO             PET0  PASS  Example ESMF_LogErrEx, ESMF_LogErrEx.F90, line 186
20230509 042225.163 INFO             PET0 Finalizing ESMF
20230509 042225.151 INFO             PET1 !!!!!!!!!!!!!!!!!!!!!!!!!!!!!!!!!!!!!!!!!!!!!!!!!!!!!!
20230509 042225.151 INFO             PET1 !!! THE ESMF_LOG IS SET TO OUTPUT ALL LOG MESSAGES !!!
20230509 042225.151 INFO             PET1 !!!     THIS MAY CAUSE SLOWDOWN IN PERFORMANCE     !!!
20230509 042225.151 INFO             PET1 !!! FOR PRODUCTION RUNS, USE:                      !!!
20230509 042225.151 INFO             PET1 !!!                   ESMF_LOGKIND_Multi_On_Error  !!!
20230509 042225.151 INFO             PET1 !!!!!!!!!!!!!!!!!!!!!!!!!!!!!!!!!!!!!!!!!!!!!!!!!!!!!!
20230509 042225.151 INFO             PET1 Running with ESMF Version   : v8.5.0b21-19-g1e56fabece
20230509 042225.151 INFO             PET1 ESMF library build date/time: "May  9 2023" "03:56:46"
20230509 042225.151 INFO             PET1 ESMF library build location : /lustre/f2/dev/ncep/Gerhard.Theurich/ESMF-Nightly-Testing-C5/gfortran_12.2.0_mpi_O_develop/esmf
20230509 042225.151 INFO             PET1 ESMF_COMM                   : mpi
20230509 042225.152 INFO             PET1 ESMF_MOAB                   : enabled
20230509 042225.152 INFO             PET1 ESMF_LAPACK                 : enabled
20230509 042225.152 INFO             PET1 ESMF_NETCDF                 : enabled
20230509 042225.152 INFO             PET1 ESMF_PNETCDF                : disabled
20230509 042225.152 INFO             PET1 ESMF_PIO                    : enabled
20230509 042225.152 INFO             PET1 ESMF_YAMLCPP                : enabled
20230509 042225.155 INFO             PET1 Log Write 2
20230509 042225.155 ERROR            PET1 Invalid object  - Convergence failure
20230509 042225.155 ERROR            PET1 ESMCI_Fraction.C:1444 ESMCI::Fraction::validate() must have non-zero denominator.
20230509 042225.155 ERROR            PET1 ESMCI_Time.C:838 ESMCI::Time::syncToRealTime() Wrong argument specified  - ; calkindflag is JULIANDAY, MODJULIANDAY or NOCALENDAR.
20230509 042225.155 ERROR            PET1 ESMF_Time.F90:1485 ESMF_TimeSyncToRealTime() Wrong argument specified  - Internal subroutine call returned Error
20230509 042225.155 ERROR            PET1 Wrong argument specified  - getting wall clock time
20230509 042225.173 INFO             PET1  NUMBER_OF_PROCESSORS           4
20230509 042225.173 INFO             PET1  PASS  Example ESMF_LogErrEx, ESMF_LogErrEx.F90, line 186
20230509 042225.173 INFO             PET1 Finalizing ESMF
20230509 042225.144 INFO             PET2 !!!!!!!!!!!!!!!!!!!!!!!!!!!!!!!!!!!!!!!!!!!!!!!!!!!!!!
20230509 042225.144 INFO             PET2 !!! THE ESMF_LOG IS SET TO OUTPUT ALL LOG MESSAGES !!!
20230509 042225.144 INFO             PET2 !!!     THIS MAY CAUSE SLOWDOWN IN PERFORMANCE     !!!
20230509 042225.144 INFO             PET2 !!! FOR PRODUCTION RUNS, USE:                      !!!
20230509 042225.144 INFO             PET2 !!!                   ESMF_LOGKIND_Multi_On_Error  !!!
20230509 042225.144 INFO             PET2 !!!!!!!!!!!!!!!!!!!!!!!!!!!!!!!!!!!!!!!!!!!!!!!!!!!!!!
20230509 042225.144 INFO             PET2 Running with ESMF Version   : v8.5.0b21-19-g1e56fabece
20230509 042225.144 INFO             PET2 ESMF library build date/time: "May  9 2023" "03:56:46"
20230509 042225.144 INFO             PET2 ESMF library build location : /lustre/f2/dev/ncep/Gerhard.Theurich/ESMF-Nightly-Testing-C5/gfortran_12.2.0_mpi_O_develop/esmf
20230509 042225.144 INFO             PET2 ESMF_COMM                   : mpi
20230509 042225.146 INFO             PET2 ESMF_MOAB                   : enabled
20230509 042225.146 INFO             PET2 ESMF_LAPACK                 : enabled
20230509 042225.146 INFO             PET2 ESMF_NETCDF                 : enabled
20230509 042225.146 INFO             PET2 ESMF_PNETCDF                : disabled
20230509 042225.146 INFO             PET2 ESMF_PIO                    : enabled
20230509 042225.146 INFO             PET2 ESMF_YAMLCPP                : enabled
20230509 042225.155 INFO             PET2 Log Write 2
20230509 042225.155 ERROR            PET2 Invalid object  - Convergence failure
20230509 042225.155 ERROR            PET2 ESMCI_Fraction.C:1444 ESMCI::Fraction::validate() must have non-zero denominator.
20230509 042225.155 ERROR            PET2 ESMCI_Time.C:838 ESMCI::Time::syncToRealTime() Wrong argument specified  - ; calkindflag is JULIANDAY, MODJULIANDAY or NOCALENDAR.
20230509 042225.155 ERROR            PET2 ESMF_Time.F90:1485 ESMF_TimeSyncToRealTime() Wrong argument specified  - Internal subroutine call returned Error
20230509 042225.155 ERROR            PET2 Wrong argument specified  - getting wall clock time
20230509 042225.172 INFO             PET2  NUMBER_OF_PROCESSORS           4
20230509 042225.172 INFO             PET2  PASS  Example ESMF_LogErrEx, ESMF_LogErrEx.F90, line 186
20230509 042225.172 INFO             PET2 Finalizing ESMF
20230509 042225.148 INFO             PET3 !!!!!!!!!!!!!!!!!!!!!!!!!!!!!!!!!!!!!!!!!!!!!!!!!!!!!!
20230509 042225.148 INFO             PET3 !!! THE ESMF_LOG IS SET TO OUTPUT ALL LOG MESSAGES !!!
20230509 042225.148 INFO             PET3 !!!     THIS MAY CAUSE SLOWDOWN IN PERFORMANCE     !!!
20230509 042225.148 INFO             PET3 !!! FOR PRODUCTION RUNS, USE:                      !!!
20230509 042225.148 INFO             PET3 !!!                   ESMF_LOGKIND_Multi_On_Error  !!!
20230509 042225.148 INFO             PET3 !!!!!!!!!!!!!!!!!!!!!!!!!!!!!!!!!!!!!!!!!!!!!!!!!!!!!!
20230509 042225.148 INFO             PET3 Running with ESMF Version   : v8.5.0b21-19-g1e56fabece
20230509 042225.148 INFO             PET3 ESMF library build date/time: "May  9 2023" "03:56:46"
20230509 042225.148 INFO             PET3 ESMF library build location : /lustre/f2/dev/ncep/Gerhard.Theurich/ESMF-Nightly-Testing-C5/gfortran_12.2.0_mpi_O_develop/esmf
20230509 042225.148 INFO             PET3 ESMF_COMM                   : mpi
20230509 042225.149 INFO             PET3 ESMF_MOAB                   : enabled
20230509 042225.149 INFO             PET3 ESMF_LAPACK                 : enabled
20230509 042225.149 INFO             PET3 ESMF_NETCDF                 : enabled
20230509 042225.149 INFO             PET3 ESMF_PNETCDF                : disabled
20230509 042225.149 INFO             PET3 ESMF_PIO                    : enabled
20230509 042225.149 INFO             PET3 ESMF_YAMLCPP                : enabled
20230509 042225.155 INFO             PET3 Log Write 2
20230509 042225.155 ERROR            PET3 Invalid object  - Convergence failure
20230509 042225.155 ERROR            PET3 ESMCI_Fraction.C:1444 ESMCI::Fraction::validate() must have non-zero denominator.
20230509 042225.155 ERROR            PET3 ESMCI_Time.C:838 ESMCI::Time::syncToRealTime() Wrong argument specified  - ; calkindflag is JULIANDAY, MODJULIANDAY or NOCALENDAR.
20230509 042225.155 ERROR            PET3 ESMF_Time.F90:1485 ESMF_TimeSyncToRealTime() Wrong argument specified  - Internal subroutine call returned Error
20230509 042225.155 ERROR            PET3 Wrong argument specified  - getting wall clock time
20230509 042225.168 INFO             PET3  NUMBER_OF_PROCESSORS           4
20230509 042225.168 INFO             PET3  PASS  Example ESMF_LogErrEx, ESMF_LogErrEx.F90, line 186
20230509 042225.168 INFO             PET3 Finalizing ESMF
