2023-05-23 03:40:13
20230523 045014.470 INFO             PET0 !!!!!!!!!!!!!!!!!!!!!!!!!!!!!!!!!!!!!!!!!!!!!!!!!!!!!!
20230523 045014.470 INFO             PET0 !!! THE ESMF_LOG IS SET TO OUTPUT ALL LOG MESSAGES !!!
20230523 045014.470 INFO             PET0 !!!     THIS MAY CAUSE SLOWDOWN IN PERFORMANCE     !!!
20230523 045014.470 INFO             PET0 !!! FOR PRODUCTION RUNS, USE:                      !!!
20230523 045014.470 INFO             PET0 !!!                   ESMF_LOGKIND_Multi_On_Error  !!!
20230523 045014.470 INFO             PET0 !!!!!!!!!!!!!!!!!!!!!!!!!!!!!!!!!!!!!!!!!!!!!!!!!!!!!!
20230523 045014.470 INFO             PET0 Running with ESMF Version   : v8.5.0b22
20230523 045014.470 INFO             PET0 ESMF library build date/time: "May 23 2023" "03:33:56"
20230523 045014.470 INFO             PET0 ESMF library build location : /glade/scratch/theurich/ESMF-Nightly-Testing/intel_18.0.5_openmpi_g_develop/esmf
20230523 045014.470 INFO             PET0 ESMF_COMM                   : openmpi
20230523 045014.470 INFO             PET0 ESMF_MOAB                   : enabled
20230523 045014.470 INFO             PET0 ESMF_LAPACK                 : enabled
20230523 045014.470 INFO             PET0 ESMF_NETCDF                 : enabled
20230523 045014.470 INFO             PET0 ESMF_PNETCDF                : disabled
20230523 045014.470 INFO             PET0 ESMF_PIO                    : enabled
20230523 045014.470 INFO             PET0 ESMF_YAMLCPP                : enabled
20230523 045014.471 ERROR            PET0 ESMF_StateAPI.cppF90:1189 ESMF_StateAddList Object being used before creation  - Bad Object
20230523 045014.475 INFO             PET0  NUMBER_OF_PROCESSORS           4
20230523 045014.475 INFO             PET0  PASS  Example ESMF_StateReconcileEx, ESMF_StateReconcileEx.F90, line 294
20230523 045014.475 INFO             PET0 Finalizing ESMF
20230523 045014.469 INFO             PET1 !!!!!!!!!!!!!!!!!!!!!!!!!!!!!!!!!!!!!!!!!!!!!!!!!!!!!!
20230523 045014.470 INFO             PET1 !!! THE ESMF_LOG IS SET TO OUTPUT ALL LOG MESSAGES !!!
20230523 045014.470 INFO             PET1 !!!     THIS MAY CAUSE SLOWDOWN IN PERFORMANCE     !!!
20230523 045014.470 INFO             PET1 !!! FOR PRODUCTION RUNS, USE:                      !!!
20230523 045014.470 INFO             PET1 !!!                   ESMF_LOGKIND_Multi_On_Error  !!!
20230523 045014.470 INFO             PET1 !!!!!!!!!!!!!!!!!!!!!!!!!!!!!!!!!!!!!!!!!!!!!!!!!!!!!!
20230523 045014.470 INFO             PET1 Running with ESMF Version   : v8.5.0b22
20230523 045014.470 INFO             PET1 ESMF library build date/time: "May 23 2023" "03:33:56"
20230523 045014.470 INFO             PET1 ESMF library build location : /glade/scratch/theurich/ESMF-Nightly-Testing/intel_18.0.5_openmpi_g_develop/esmf
20230523 045014.470 INFO             PET1 ESMF_COMM                   : openmpi
20230523 045014.470 INFO             PET1 ESMF_MOAB                   : enabled
20230523 045014.470 INFO             PET1 ESMF_LAPACK                 : enabled
20230523 045014.470 INFO             PET1 ESMF_NETCDF                 : enabled
20230523 045014.470 INFO             PET1 ESMF_PNETCDF                : disabled
20230523 045014.470 INFO             PET1 ESMF_PIO                    : enabled
20230523 045014.470 INFO             PET1 ESMF_YAMLCPP                : enabled
20230523 045014.471 ERROR            PET1 ESMF_StateAPI.cppF90:1189 ESMF_StateAddList Object being used before creation  - Bad Object
20230523 045014.475 INFO             PET1  NUMBER_OF_PROCESSORS           4
20230523 045014.475 INFO             PET1  PASS  Example ESMF_StateReconcileEx, ESMF_StateReconcileEx.F90, line 294
20230523 045014.475 INFO             PET1 Finalizing ESMF
20230523 045014.470 INFO             PET2 !!!!!!!!!!!!!!!!!!!!!!!!!!!!!!!!!!!!!!!!!!!!!!!!!!!!!!
20230523 045014.470 INFO             PET2 !!! THE ESMF_LOG IS SET TO OUTPUT ALL LOG MESSAGES !!!
20230523 045014.470 INFO             PET2 !!!     THIS MAY CAUSE SLOWDOWN IN PERFORMANCE     !!!
20230523 045014.470 INFO             PET2 !!! FOR PRODUCTION RUNS, USE:                      !!!
20230523 045014.470 INFO             PET2 !!!                   ESMF_LOGKIND_Multi_On_Error  !!!
20230523 045014.470 INFO             PET2 !!!!!!!!!!!!!!!!!!!!!!!!!!!!!!!!!!!!!!!!!!!!!!!!!!!!!!
20230523 045014.470 INFO             PET2 Running with ESMF Version   : v8.5.0b22
20230523 045014.470 INFO             PET2 ESMF library build date/time: "May 23 2023" "03:33:56"
20230523 045014.470 INFO             PET2 ESMF library build location : /glade/scratch/theurich/ESMF-Nightly-Testing/intel_18.0.5_openmpi_g_develop/esmf
20230523 045014.470 INFO             PET2 ESMF_COMM                   : openmpi
20230523 045014.470 INFO             PET2 ESMF_MOAB                   : enabled
20230523 045014.470 INFO             PET2 ESMF_LAPACK                 : enabled
20230523 045014.470 INFO             PET2 ESMF_NETCDF                 : enabled
20230523 045014.470 INFO             PET2 ESMF_PNETCDF                : disabled
20230523 045014.470 INFO             PET2 ESMF_PIO                    : enabled
20230523 045014.470 INFO             PET2 ESMF_YAMLCPP                : enabled
20230523 045014.472 ERROR            PET2 ESMF_StateAPI.cppF90:1189 ESMF_StateAddList Object being used before creation  - Bad Object
20230523 045014.475 INFO             PET2  NUMBER_OF_PROCESSORS           4
20230523 045014.475 INFO             PET2  PASS  Example ESMF_StateReconcileEx, ESMF_StateReconcileEx.F90, line 294
20230523 045014.475 INFO             PET2 Finalizing ESMF
20230523 045014.470 INFO             PET3 !!!!!!!!!!!!!!!!!!!!!!!!!!!!!!!!!!!!!!!!!!!!!!!!!!!!!!
20230523 045014.470 INFO             PET3 !!! THE ESMF_LOG IS SET TO OUTPUT ALL LOG MESSAGES !!!
20230523 045014.470 INFO             PET3 !!!     THIS MAY CAUSE SLOWDOWN IN PERFORMANCE     !!!
20230523 045014.470 INFO             PET3 !!! FOR PRODUCTION RUNS, USE:                      !!!
20230523 045014.470 INFO             PET3 !!!                   ESMF_LOGKIND_Multi_On_Error  !!!
20230523 045014.470 INFO             PET3 !!!!!!!!!!!!!!!!!!!!!!!!!!!!!!!!!!!!!!!!!!!!!!!!!!!!!!
20230523 045014.470 INFO             PET3 Running with ESMF Version   : v8.5.0b22
20230523 045014.470 INFO             PET3 ESMF library build date/time: "May 23 2023" "03:33:56"
20230523 045014.470 INFO             PET3 ESMF library build location : /glade/scratch/theurich/ESMF-Nightly-Testing/intel_18.0.5_openmpi_g_develop/esmf
20230523 045014.470 INFO             PET3 ESMF_COMM                   : openmpi
20230523 045014.470 INFO             PET3 ESMF_MOAB                   : enabled
20230523 045014.470 INFO             PET3 ESMF_LAPACK                 : enabled
20230523 045014.470 INFO             PET3 ESMF_NETCDF                 : enabled
20230523 045014.470 INFO             PET3 ESMF_PNETCDF                : disabled
20230523 045014.470 INFO             PET3 ESMF_PIO                    : enabled
20230523 045014.470 INFO             PET3 ESMF_YAMLCPP                : enabled
20230523 045014.472 ERROR            PET3 ESMF_StateAPI.cppF90:1189 ESMF_StateAddList Object being used before creation  - Bad Object
20230523 045014.475 INFO             PET3  NUMBER_OF_PROCESSORS           4
20230523 045014.475 INFO             PET3  PASS  Example ESMF_StateReconcileEx, ESMF_StateReconcileEx.F90, line 294
20230523 045014.475 INFO             PET3 Finalizing ESMF
