2023-05-16 22:17:33
20230516 224642.185 INFO             PET0 !!!!!!!!!!!!!!!!!!!!!!!!!!!!!!!!!!!!!!!!!!!!!!!!!!!!!!
20230516 224642.185 INFO             PET0 !!! THE ESMF_LOG IS SET TO OUTPUT ALL LOG MESSAGES !!!
20230516 224642.185 INFO             PET0 !!!     THIS MAY CAUSE SLOWDOWN IN PERFORMANCE     !!!
20230516 224642.185 INFO             PET0 !!! FOR PRODUCTION RUNS, USE:                      !!!
20230516 224642.185 INFO             PET0 !!!                   ESMF_LOGKIND_Multi_On_Error  !!!
20230516 224642.185 INFO             PET0 !!!!!!!!!!!!!!!!!!!!!!!!!!!!!!!!!!!!!!!!!!!!!!!!!!!!!!
20230516 224642.185 INFO             PET0 Running with ESMF Version   : v8.5.0b21-122-ge977c88852
20230516 224642.185 INFO             PET0 ESMF library build date/time: "May 16 2023" "22:14:52"
20230516 224642.185 INFO             PET0 ESMF library build location : /scratch2/NCEPDEV/stmp1/Gerhard.Theurich/ESMF-Nightly-Testing/intel_2023.1.0-classic_mpiuni_g_feature_hconfig-iter/esmf
20230516 224642.185 INFO             PET0 ESMF_COMM                   : mpiuni
20230516 224642.186 INFO             PET0 ESMF_MOAB                   : enabled
20230516 224642.186 INFO             PET0 ESMF_LAPACK                 : enabled
20230516 224642.186 INFO             PET0 ESMF_NETCDF                 : enabled
20230516 224642.186 INFO             PET0 ESMF_PNETCDF                : disabled
20230516 224642.186 INFO             PET0 ESMF_PIO                    : disabled
20230516 224642.186 INFO             PET0 ESMF_YAMLCPP                : enabled
20230516 224642.195 INFO             PET0 ESMF_FieldRedistStoreNF(): Just entered routine.
20230516 224643.057 INFO             PET0 ESMF_FieldRedistStoreNF(): Leaving routine.
20230516 224643.071 INFO             PET0  NUMBER_OF_PROCESSORS           1
20230516 224643.072 INFO             PET0  PASS  Example ESMF_RHandleFromFileEx, ESMF_RHandleFromFileEx.F90, line 192
20230516 224643.072 INFO             PET0 Finalizing ESMF
