2023-05-16 16:24:25
forrtl: severe (174): SIGSEGV, segmentation fault occurred
Image              PC                Routine            Line        Source             
libpthread-2.31.s  00001522AECB58C0  Unknown               Unknown  Unknown
mainApp            0000000000441E63  Unknown               Unknown  Unknown
mainApp            0000000000442780  Unknown               Unknown  Unknown
mainApp            0000000000442014  Unknown               Unknown  Unknown
libesmf.so         00001522B120A5C2  f_esmf_compcollec     Unknown  Unknown
libesmf.so         00001522B10630AD  _ZN5ESMCI2VM8fina     Unknown  Unknown
libesmf.so         00001522B1044145  c_esmc_vmfinalize     Unknown  Unknown
libesmf.so         00001522B1745E4C  esmf_vmmod_mp_esm     Unknown  Unknown
libesmf.so         00001522B1564726  esmf_initmod_mp_e     Unknown  Unknown
mainApp            00000000004173C2  Unknown               Unknown  Unknown
mainApp            0000000000416D4D  Unknown               Unknown  Unknown
libc-2.31.so       00001522AAE2B2BD  __libc_start_main     Unknown  Unknown
mainApp            0000000000416C7A  Unknown               Unknown  Unknown
forrtl: severe (174): SIGSEGV, segmentation fault occurred
Image              PC                Routine            Line        Source             
libpthread-2.31.s  000014AED22428C0  Unknown               Unknown  Unknown
mainApp            0000000000441E59  Unknown               Unknown  Unknown
mainApp            0000000000442780  Unknown               Unknown  Unknown
mainApp            0000000000442014  Unknown               Unknown  Unknown
libesmf.so         000014AED47975C2  f_esmf_compcollec     Unknown  Unknown
libesmf.so         000014AED45F00AD  _ZN5ESMCI2VM8fina     Unknown  Unknown
libesmf.so         000014AED45D1145  c_esmc_vmfinalize     Unknown  Unknown
libesmf.so         000014AED4CD2E4C  esmf_vmmod_mp_esm     Unknown  Unknown
libesmf.so         000014AED4AF1726  esmf_initmod_mp_e     Unknown  Unknown
mainApp            00000000004173C2  Unknown               Unknown  Unknown
mainApp            0000000000416D4D  Unknown               Unknown  Unknown
libc-2.31.so       000014AECE3B82BD  __libc_start_main     Unknown  Unknown
mainApp            0000000000416C7A  Unknown               Unknown  Unknown
forrtl: severe (174): SIGSEGV, segmentation fault occurred
Image              PC                Routine            Line        Source             
libpthread-2.31.s  00001500CF50F8C0  Unknown               Unknown  Unknown
mainApp            0000000000441E47  Unknown               Unknown  Unknown
mainApp            0000000000442780  Unknown               Unknown  Unknown
mainApp            0000000000442014  Unknown               Unknown  Unknown
libesmf.so         00001500D1A645C2  f_esmf_compcollec     Unknown  Unknown
libesmf.so         00001500D18BD0AD  _ZN5ESMCI2VM8fina     Unknown  Unknown
libesmf.so         00001500D189E145  c_esmc_vmfinalize     Unknown  Unknown
libesmf.so         00001500D1F9FE4C  esmf_vmmod_mp_esm     Unknown  Unknown
libesmf.so         00001500D1DBE726  esmf_initmod_mp_e     Unknown  Unknown
mainApp            00000000004173C2  Unknown               Unknown  Unknown
mainApp            0000000000416D4D  Unknown               Unknown  Unknown
libc-2.31.so       00001500CB6852BD  __libc_start_main     Unknown  Unknown
mainApp            0000000000416C7A  Unknown               Unknown  Unknown
forrtl: severe (174): SIGSEGV, segmentation fault occurred
Image              PC                Routine            Line        Source             
libpthread-2.31.s  000014AC4E1398C0  Unknown               Unknown  Unknown
mainApp            0000000000441E83  Unknown               Unknown  Unknown
mainApp            0000000000442780  Unknown               Unknown  Unknown
mainApp            0000000000442014  Unknown               Unknown  Unknown
libesmf.so         000014AC5068E5C2  f_esmf_compcollec     Unknown  Unknown
libesmf.so         000014AC504E70AD  _ZN5ESMCI2VM8fina     Unknown  Unknown
libesmf.so         000014AC504C8145  c_esmc_vmfinalize     Unknown  Unknown
libesmf.so         000014AC50BC9E4C  esmf_vmmod_mp_esm     Unknown  Unknown
libesmf.so         000014AC509E8726  esmf_initmod_mp_e     Unknown  Unknown
mainApp            00000000004173C2  Unknown               Unknown  Unknown
mainApp            0000000000416D4D  Unknown               Unknown  Unknown
libc-2.31.so       000014AC4A2AF2BD  __libc_start_main     Unknown  Unknown
mainApp            0000000000416C7A  Unknown               Unknown  Unknown
gu0004.hsn.gu.hpc.ucar.edu: rank 1 exited with code 174
