2023-05-12 04:48:42
20230512 061922.562 INFO             PET0 !!!!!!!!!!!!!!!!!!!!!!!!!!!!!!!!!!!!!!!!!!!!!!!!!!!!!!
20230512 061922.562 INFO             PET0 !!! THE ESMF_LOG IS SET TO OUTPUT ALL LOG MESSAGES !!!
20230512 061922.562 INFO             PET0 !!!     THIS MAY CAUSE SLOWDOWN IN PERFORMANCE     !!!
20230512 061922.562 INFO             PET0 !!! FOR PRODUCTION RUNS, USE:                      !!!
20230512 061922.562 INFO             PET0 !!!                   ESMF_LOGKIND_Multi_On_Error  !!!
20230512 061922.562 INFO             PET0 !!!!!!!!!!!!!!!!!!!!!!!!!!!!!!!!!!!!!!!!!!!!!!!!!!!!!!
20230512 061922.562 INFO             PET0 Running with ESMF Version   : v8.5.0b18-9-g15f3b88d4b
20230512 061922.562 INFO             PET0 ESMF library build date/time: "May 12 2023" "04:45:41"
20230512 061922.562 INFO             PET0 ESMF library build location : /glade/scratch/theurich/ESMF-Nightly-Testing/nvhpc_22.2_mpt_O_feature_fill_nan/esmf
20230512 061922.562 INFO             PET0 ESMF_COMM                   : mpt
20230512 061922.562 INFO             PET0 ESMF_MOAB                   : enabled
20230512 061922.562 INFO             PET0 ESMF_LAPACK                 : enabled
20230512 061922.562 INFO             PET0 ESMF_NETCDF                 : enabled
20230512 061922.562 INFO             PET0 ESMF_PNETCDF                : disabled
20230512 061922.562 INFO             PET0 ESMF_PIO                    : enabled
20230512 061922.562 INFO             PET0 ESMF_YAMLCPP                : enabled
20230512 061922.562 INFO             PET0 esmApp STARTING
20230512 061922.566 INFO             PET0 esm: InitializeGeneric intro.
20230512 061922.566 INFO             PET0   esm: InitializeP0 intro.
20230512 061922.566 INFO             PET0   esm: InitializeP0 extro.
20230512 061922.566 INFO             PET0   esm: InitializeIPDv02p1 intro.
20230512 061922.566 INFO             PET0     >>>esm: entered Initialize (phase=<none>) without valid internal Clock.
20230512 061922.581 INFO             PET0     esm - Creating state: modelComp 1 Import State
20230512 061922.581 INFO             PET0     esm - Creating state: modelComp 1 Export State
20230512 061922.581 INFO             PET0     esm - Creating state: modelComp 2 Import State
20230512 061922.581 INFO             PET0     esm - Creating state: modelComp 2 Export State
20230512 061922.581 INFO             PET0     esm - Creating state: modelComp 3 Import State
20230512 061922.581 INFO             PET0     esm - Creating state: modelComp 3 Export State
20230512 061922.582 INFO             PET0     ATM: InitializeP0 intro.
20230512 061922.583 INFO             PET0     ATM: InitializeP0 extro.
20230512 061922.583 INFO             PET0     OCN: InitializeP0 intro.
20230512 061922.583 INFO             PET0     OCN: InitializeP0 extro.
20230512 061922.583 INFO             PET0     LND: InitializeP0 intro.
20230512 061922.584 INFO             PET0     LND: InitializeP0 extro.
20230512 061922.584 INFO             PET0     ATM-TO-OCN: InitializeP0 intro.
20230512 061922.584 INFO             PET0     ATM-TO-OCN: InitializeP0 extro.
20230512 061922.585 INFO             PET0     ATM-TO-LND: InitializeP0 intro.
20230512 061922.585 INFO             PET0     ATM-TO-LND: InitializeP0 extro.
20230512 061922.585 INFO             PET0     OCN-TO-ATM: InitializeP0 intro.
20230512 061922.585 INFO             PET0     OCN-TO-ATM: InitializeP0 extro.
20230512 061922.586 INFO             PET0     LND-TO-ATM: InitializeP0 intro.
20230512 061922.586 INFO             PET0     LND-TO-ATM: InitializeP0 extro.
20230512 061922.588 INFO             PET0     esm: IInitAdvertise intro.
20230512 061922.588 INFO             PET0     esm: IInitAdvertise extro.
20230512 061922.588 INFO             PET0     ATM: InitializeIPDvXp01 intro.
20230512 061922.590 INFO             PET0     ATM: InitializeIPDvXp01 extro.
20230512 061922.590 INFO             PET0     OCN: InitializeIPDvXp01 intro.
20230512 061922.591 INFO             PET0     OCN: InitializeIPDvXp01 extro.
20230512 061922.591 INFO             PET0     LND: InitializeIPDvXp01 intro.
20230512 061922.591 INFO             PET0     LND: InitializeIPDvXp01 extro.
20230512 061922.592 INFO             PET0     ATM-TO-OCN: InitializeIPDv05p1 intro.
20230512 061922.594 INFO             PET0     ATM-TO-OCN: InitializeIPDv05p1 extro.
20230512 061922.594 INFO             PET0     ATM-TO-LND: InitializeIPDv05p1 intro.
20230512 061922.595 INFO             PET0     ATM-TO-LND: InitializeIPDv05p1 extro.
20230512 061922.595 INFO             PET0     OCN-TO-ATM: InitializeIPDv05p1 intro.
20230512 061922.596 INFO             PET0     OCN-TO-ATM: InitializeIPDv05p1 extro.
20230512 061922.598 INFO             PET0     LND-TO-ATM: InitializeIPDv05p1 intro.
20230512 061922.599 INFO             PET0     LND-TO-ATM: InitializeIPDv05p1 extro.
20230512 061922.599 INFO             PET0     esm: IInitAdvertiseFinish intro.
20230512 061922.599 INFO             PET0     esm: IInitAdvertiseFinish extro.
20230512 061922.599 INFO             PET0     ATM-TO-OCN: InitializeIPDv05p2a intro.
20230512 061922.601 INFO             PET0     ATM-TO-OCN: InitializeIPDv05p2a extro.
20230512 061922.601 INFO             PET0     ATM-TO-LND: InitializeIPDv05p2a intro.
20230512 061922.602 INFO             PET0     ATM-TO-LND: InitializeIPDv05p2a extro.
20230512 061922.602 INFO             PET0     OCN-TO-ATM: InitializeIPDv05p2a intro.
20230512 061922.603 INFO             PET0     OCN-TO-ATM: InitializeIPDv05p2a extro.
20230512 061922.603 INFO             PET0     LND-TO-ATM: InitializeIPDv05p2a intro.
20230512 061922.604 INFO             PET0     LND-TO-ATM: InitializeIPDv05p2a extro.
20230512 061922.604 INFO             PET0     ATM-TO-OCN: InitializeIPDv05p2b intro.
20230512 061922.605 INFO             PET0     ATM-TO-OCN: InitializeIPDv05p2b extro.
20230512 061922.605 INFO             PET0     ATM-TO-LND: InitializeIPDv05p2b intro.
20230512 061922.606 INFO             PET0     ATM-TO-LND: InitializeIPDv05p2b extro.
20230512 061922.606 INFO             PET0     OCN-TO-ATM: InitializeIPDv05p2b intro.
20230512 061922.607 INFO             PET0     OCN-TO-ATM: InitializeIPDv05p2b extro.
20230512 061922.607 INFO             PET0     LND-TO-ATM: InitializeIPDv05p2b intro.
20230512 061922.608 INFO             PET0     LND-TO-ATM: InitializeIPDv05p2b extro.
20230512 061922.608 INFO             PET0     esm: IInitModifyCplLists intro.
20230512 061922.609 INFO             PET0     esm: IInitModifyCplLists extro.
20230512 061922.609 INFO             PET0     ATM-TO-OCN: InitializeIPDv05p3 intro.
20230512 061922.610 INFO             PET0     ATM-TO-OCN: InitializeIPDv05p3 extro.
20230512 061922.610 INFO             PET0     ATM-TO-LND: InitializeIPDv05p3 intro.
20230512 061922.611 INFO             PET0     ATM-TO-LND: InitializeIPDv05p3 extro.
20230512 061922.611 INFO             PET0     OCN-TO-ATM: InitializeIPDv05p3 intro.
20230512 061922.613 INFO             PET0     OCN-TO-ATM: InitializeIPDv05p3 extro.
20230512 061922.613 INFO             PET0     LND-TO-ATM: InitializeIPDv05p3 intro.
20230512 061922.614 INFO             PET0     LND-TO-ATM: InitializeIPDv05p3 extro.
20230512 061922.614 INFO             PET0     <<<esm: leaving Initialize (phase=<none>) with current time: 2010  6  1  0  0  0   0
20230512 061922.614 INFO             PET0   esm: InitializeIPDv02p1 extro.
20230512 061922.614 INFO             PET0   esm: InitializeIPDv02p3 intro.
20230512 061922.614 INFO             PET0     esm: IInitCheck intro.
20230512 061922.614 INFO             PET0     esm: IInitCheck extro.
20230512 061922.614 INFO             PET0     ATM: InitializeIPDvXp04 intro.
20230512 061922.616 INFO             PET0     ATM: InitializeIPDvXp04 extro.
20230512 061922.616 INFO             PET0     OCN: InitializeIPDvXp04 intro.
20230512 061922.618 INFO             PET0     OCN: InitializeIPDvXp04 extro.
20230512 061922.619 INFO             PET0     LND: InitializeIPDvXp04 intro.
20230512 061922.619 INFO             PET0     LND: InitializeIPDvXp04 extro.
20230512 061922.619 INFO             PET0     ATM-TO-OCN: InitializeIPDv05p4 intro.
20230512 061922.622 INFO             PET0     ATM-TO-OCN: InitializeIPDv05p4 extro.
20230512 061922.622 INFO             PET0     ATM-TO-LND: InitializeIPDv05p4 intro.
20230512 061922.623 INFO             PET0     ATM-TO-LND: InitializeIPDv05p4 extro.
20230512 061922.623 INFO             PET0     OCN-TO-ATM: InitializeIPDv05p4 intro.
20230512 061922.625 INFO             PET0     OCN-TO-ATM: InitializeIPDv05p4 extro.
20230512 061922.625 INFO             PET0     LND-TO-ATM: InitializeIPDv05p4 intro.
20230512 061922.626 INFO             PET0     LND-TO-ATM: InitializeIPDv05p4 extro.
20230512 061922.626 INFO             PET0     ATM-TO-OCN: InitializeIPDv05p5 intro.
20230512 061922.628 INFO             PET0     ATM-TO-OCN: InitializeIPDv05p5 extro.
20230512 061922.628 INFO             PET0     ATM-TO-LND: InitializeIPDv05p5 intro.
20230512 061922.630 INFO             PET0     ATM-TO-LND: InitializeIPDv05p5 extro.
20230512 061922.630 INFO             PET0     OCN-TO-ATM: InitializeIPDv05p5 intro.
20230512 061922.631 INFO             PET0     OCN-TO-ATM: InitializeIPDv05p5 extro.
20230512 061922.631 INFO             PET0     LND-TO-ATM: InitializeIPDv05p5 intro.
20230512 061922.632 INFO             PET0     LND-TO-ATM: InitializeIPDv05p5 extro.
20230512 061922.633 INFO             PET0     esm: IInitRealize intro.
20230512 061922.633 INFO             PET0     esm: IInitRealize extro.
20230512 061922.633 INFO             PET0     ATM-TO-OCN: InitializeIPDv05p6a intro.
20230512 061922.562 INFO             PET1 !!!!!!!!!!!!!!!!!!!!!!!!!!!!!!!!!!!!!!!!!!!!!!!!!!!!!!
20230512 061922.562 INFO             PET1 !!! THE ESMF_LOG IS SET TO OUTPUT ALL LOG MESSAGES !!!
20230512 061922.562 INFO             PET1 !!!     THIS MAY CAUSE SLOWDOWN IN PERFORMANCE     !!!
20230512 061922.562 INFO             PET1 !!! FOR PRODUCTION RUNS, USE:                      !!!
20230512 061922.562 INFO             PET1 !!!                   ESMF_LOGKIND_Multi_On_Error  !!!
20230512 061922.562 INFO             PET1 !!!!!!!!!!!!!!!!!!!!!!!!!!!!!!!!!!!!!!!!!!!!!!!!!!!!!!
20230512 061922.562 INFO             PET1 Running with ESMF Version   : v8.5.0b18-9-g15f3b88d4b
20230512 061922.562 INFO             PET1 ESMF library build date/time: "May 12 2023" "04:45:41"
20230512 061922.562 INFO             PET1 ESMF library build location : /glade/scratch/theurich/ESMF-Nightly-Testing/nvhpc_22.2_mpt_O_feature_fill_nan/esmf
20230512 061922.562 INFO             PET1 ESMF_COMM                   : mpt
20230512 061922.562 INFO             PET1 ESMF_MOAB                   : enabled
20230512 061922.562 INFO             PET1 ESMF_LAPACK                 : enabled
20230512 061922.562 INFO             PET1 ESMF_NETCDF                 : enabled
20230512 061922.562 INFO             PET1 ESMF_PNETCDF                : disabled
20230512 061922.562 INFO             PET1 ESMF_PIO                    : enabled
20230512 061922.562 INFO             PET1 ESMF_YAMLCPP                : enabled
20230512 061922.562 INFO             PET1 esmApp STARTING
20230512 061922.566 INFO             PET1 esm: InitializeGeneric intro.
20230512 061922.566 INFO             PET1   esm: InitializeP0 intro.
20230512 061922.566 INFO             PET1   esm: InitializeP0 extro.
20230512 061922.566 INFO             PET1   esm: InitializeIPDv02p1 intro.
20230512 061922.566 INFO             PET1     >>>esm: entered Initialize (phase=<none>) without valid internal Clock.
20230512 061922.581 INFO             PET1     esm - Creating state: modelComp 1 Import State
20230512 061922.581 INFO             PET1     esm - Creating state: modelComp 1 Export State
20230512 061922.581 INFO             PET1     esm - Creating state: modelComp 2 Import State
20230512 061922.581 INFO             PET1     esm - Creating state: modelComp 2 Export State
20230512 061922.581 INFO             PET1     esm - Creating state: modelComp 3 Import State
20230512 061922.581 INFO             PET1     esm - Creating state: modelComp 3 Export State
20230512 061922.582 INFO             PET1     ATM: InitializeP0 intro.
20230512 061922.583 INFO             PET1     ATM: InitializeP0 extro.
20230512 061922.583 INFO             PET1     OCN: InitializeP0 intro.
20230512 061922.583 INFO             PET1     OCN: InitializeP0 extro.
20230512 061922.583 INFO             PET1     LND: InitializeP0 intro.
20230512 061922.584 INFO             PET1     LND: InitializeP0 extro.
20230512 061922.584 INFO             PET1     ATM-TO-OCN: InitializeP0 intro.
20230512 061922.585 INFO             PET1     ATM-TO-OCN: InitializeP0 extro.
20230512 061922.585 INFO             PET1     ATM-TO-LND: InitializeP0 intro.
20230512 061922.585 INFO             PET1     ATM-TO-LND: InitializeP0 extro.
20230512 061922.585 INFO             PET1     OCN-TO-ATM: InitializeP0 intro.
20230512 061922.585 INFO             PET1     OCN-TO-ATM: InitializeP0 extro.
20230512 061922.586 INFO             PET1     LND-TO-ATM: InitializeP0 intro.
20230512 061922.586 INFO             PET1     LND-TO-ATM: InitializeP0 extro.
20230512 061922.588 INFO             PET1     esm: IInitAdvertise intro.
20230512 061922.588 INFO             PET1     esm: IInitAdvertise extro.
20230512 061922.588 INFO             PET1     ATM: InitializeIPDvXp01 intro.
20230512 061922.590 INFO             PET1     ATM: InitializeIPDvXp01 extro.
20230512 061922.590 INFO             PET1     OCN: InitializeIPDvXp01 intro.
20230512 061922.591 INFO             PET1     OCN: InitializeIPDvXp01 extro.
20230512 061922.591 INFO             PET1     LND: InitializeIPDvXp01 intro.
20230512 061922.591 INFO             PET1     LND: InitializeIPDvXp01 extro.
20230512 061922.592 INFO             PET1     ATM-TO-OCN: InitializeIPDv05p1 intro.
20230512 061922.594 INFO             PET1     ATM-TO-OCN: InitializeIPDv05p1 extro.
20230512 061922.594 INFO             PET1     ATM-TO-LND: InitializeIPDv05p1 intro.
20230512 061922.595 INFO             PET1     ATM-TO-LND: InitializeIPDv05p1 extro.
20230512 061922.595 INFO             PET1     OCN-TO-ATM: InitializeIPDv05p1 intro.
20230512 061922.596 INFO             PET1     OCN-TO-ATM: InitializeIPDv05p1 extro.
20230512 061922.598 INFO             PET1     LND-TO-ATM: InitializeIPDv05p1 intro.
20230512 061922.599 INFO             PET1     LND-TO-ATM: InitializeIPDv05p1 extro.
20230512 061922.599 INFO             PET1     esm: IInitAdvertiseFinish intro.
20230512 061922.599 INFO             PET1     esm: IInitAdvertiseFinish extro.
20230512 061922.599 INFO             PET1     ATM-TO-OCN: InitializeIPDv05p2a intro.
20230512 061922.601 INFO             PET1     ATM-TO-OCN: InitializeIPDv05p2a extro.
20230512 061922.601 INFO             PET1     ATM-TO-LND: InitializeIPDv05p2a intro.
20230512 061922.602 INFO             PET1     ATM-TO-LND: InitializeIPDv05p2a extro.
20230512 061922.602 INFO             PET1     OCN-TO-ATM: InitializeIPDv05p2a intro.
20230512 061922.603 INFO             PET1     OCN-TO-ATM: InitializeIPDv05p2a extro.
20230512 061922.603 INFO             PET1     LND-TO-ATM: InitializeIPDv05p2a intro.
20230512 061922.604 INFO             PET1     LND-TO-ATM: InitializeIPDv05p2a extro.
20230512 061922.604 INFO             PET1     ATM-TO-OCN: InitializeIPDv05p2b intro.
20230512 061922.605 INFO             PET1     ATM-TO-OCN: InitializeIPDv05p2b extro.
20230512 061922.605 INFO             PET1     ATM-TO-LND: InitializeIPDv05p2b intro.
20230512 061922.606 INFO             PET1     ATM-TO-LND: InitializeIPDv05p2b extro.
20230512 061922.606 INFO             PET1     OCN-TO-ATM: InitializeIPDv05p2b intro.
20230512 061922.607 INFO             PET1     OCN-TO-ATM: InitializeIPDv05p2b extro.
20230512 061922.607 INFO             PET1     LND-TO-ATM: InitializeIPDv05p2b intro.
20230512 061922.608 INFO             PET1     LND-TO-ATM: InitializeIPDv05p2b extro.
20230512 061922.608 INFO             PET1     esm: IInitModifyCplLists intro.
20230512 061922.609 INFO             PET1     esm: IInitModifyCplLists extro.
20230512 061922.609 INFO             PET1     ATM-TO-OCN: InitializeIPDv05p3 intro.
20230512 061922.610 INFO             PET1     ATM-TO-OCN: InitializeIPDv05p3 extro.
20230512 061922.610 INFO             PET1     ATM-TO-LND: InitializeIPDv05p3 intro.
20230512 061922.611 INFO             PET1     ATM-TO-LND: InitializeIPDv05p3 extro.
20230512 061922.611 INFO             PET1     OCN-TO-ATM: InitializeIPDv05p3 intro.
20230512 061922.613 INFO             PET1     OCN-TO-ATM: InitializeIPDv05p3 extro.
20230512 061922.613 INFO             PET1     LND-TO-ATM: InitializeIPDv05p3 intro.
20230512 061922.614 INFO             PET1     LND-TO-ATM: InitializeIPDv05p3 extro.
20230512 061922.614 INFO             PET1     <<<esm: leaving Initialize (phase=<none>) with current time: 2010  6  1  0  0  0   0
20230512 061922.614 INFO             PET1   esm: InitializeIPDv02p1 extro.
20230512 061922.614 INFO             PET1   esm: InitializeIPDv02p3 intro.
20230512 061922.614 INFO             PET1     esm: IInitCheck intro.
20230512 061922.614 INFO             PET1     esm: IInitCheck extro.
20230512 061922.614 INFO             PET1     ATM: InitializeIPDvXp04 intro.
20230512 061922.616 INFO             PET1     ATM: InitializeIPDvXp04 extro.
20230512 061922.616 INFO             PET1     OCN: InitializeIPDvXp04 intro.
20230512 061922.618 INFO             PET1     OCN: InitializeIPDvXp04 extro.
20230512 061922.619 INFO             PET1     LND: InitializeIPDvXp04 intro.
20230512 061922.619 INFO             PET1     LND: InitializeIPDvXp04 extro.
20230512 061922.619 INFO             PET1     ATM-TO-OCN: InitializeIPDv05p4 intro.
20230512 061922.622 INFO             PET1     ATM-TO-OCN: InitializeIPDv05p4 extro.
20230512 061922.622 INFO             PET1     ATM-TO-LND: InitializeIPDv05p4 intro.
20230512 061922.623 INFO             PET1     ATM-TO-LND: InitializeIPDv05p4 extro.
20230512 061922.623 INFO             PET1     OCN-TO-ATM: InitializeIPDv05p4 intro.
20230512 061922.625 INFO             PET1     OCN-TO-ATM: InitializeIPDv05p4 extro.
20230512 061922.625 INFO             PET1     LND-TO-ATM: InitializeIPDv05p4 intro.
20230512 061922.626 INFO             PET1     LND-TO-ATM: InitializeIPDv05p4 extro.
20230512 061922.626 INFO             PET1     ATM-TO-OCN: InitializeIPDv05p5 intro.
20230512 061922.628 INFO             PET1     ATM-TO-OCN: InitializeIPDv05p5 extro.
20230512 061922.628 INFO             PET1     ATM-TO-LND: InitializeIPDv05p5 intro.
20230512 061922.630 INFO             PET1     ATM-TO-LND: InitializeIPDv05p5 extro.
20230512 061922.630 INFO             PET1     OCN-TO-ATM: InitializeIPDv05p5 intro.
20230512 061922.631 INFO             PET1     OCN-TO-ATM: InitializeIPDv05p5 extro.
20230512 061922.631 INFO             PET1     LND-TO-ATM: InitializeIPDv05p5 intro.
20230512 061922.632 INFO             PET1     LND-TO-ATM: InitializeIPDv05p5 extro.
20230512 061922.633 INFO             PET1     esm: IInitRealize intro.
20230512 061922.633 INFO             PET1     esm: IInitRealize extro.
20230512 061922.633 INFO             PET1     ATM-TO-OCN: InitializeIPDv05p6a intro.
20230512 061922.562 INFO             PET2 !!!!!!!!!!!!!!!!!!!!!!!!!!!!!!!!!!!!!!!!!!!!!!!!!!!!!!
20230512 061922.562 INFO             PET2 !!! THE ESMF_LOG IS SET TO OUTPUT ALL LOG MESSAGES !!!
20230512 061922.562 INFO             PET2 !!!     THIS MAY CAUSE SLOWDOWN IN PERFORMANCE     !!!
20230512 061922.562 INFO             PET2 !!! FOR PRODUCTION RUNS, USE:                      !!!
20230512 061922.562 INFO             PET2 !!!                   ESMF_LOGKIND_Multi_On_Error  !!!
20230512 061922.562 INFO             PET2 !!!!!!!!!!!!!!!!!!!!!!!!!!!!!!!!!!!!!!!!!!!!!!!!!!!!!!
20230512 061922.562 INFO             PET2 Running with ESMF Version   : v8.5.0b18-9-g15f3b88d4b
20230512 061922.562 INFO             PET2 ESMF library build date/time: "May 12 2023" "04:45:41"
20230512 061922.562 INFO             PET2 ESMF library build location : /glade/scratch/theurich/ESMF-Nightly-Testing/nvhpc_22.2_mpt_O_feature_fill_nan/esmf
20230512 061922.562 INFO             PET2 ESMF_COMM                   : mpt
20230512 061922.562 INFO             PET2 ESMF_MOAB                   : enabled
20230512 061922.562 INFO             PET2 ESMF_LAPACK                 : enabled
20230512 061922.562 INFO             PET2 ESMF_NETCDF                 : enabled
20230512 061922.562 INFO             PET2 ESMF_PNETCDF                : disabled
20230512 061922.562 INFO             PET2 ESMF_PIO                    : enabled
20230512 061922.562 INFO             PET2 ESMF_YAMLCPP                : enabled
20230512 061922.562 INFO             PET2 esmApp STARTING
20230512 061922.566 INFO             PET2 esm: InitializeGeneric intro.
20230512 061922.566 INFO             PET2   esm: InitializeP0 intro.
20230512 061922.566 INFO             PET2   esm: InitializeP0 extro.
20230512 061922.566 INFO             PET2   esm: InitializeIPDv02p1 intro.
20230512 061922.566 INFO             PET2     >>>esm: entered Initialize (phase=<none>) without valid internal Clock.
20230512 061922.581 INFO             PET2     esm - Creating state: modelComp 1 Import State
20230512 061922.581 INFO             PET2     esm - Creating state: modelComp 1 Export State
20230512 061922.581 INFO             PET2     esm - Creating state: modelComp 2 Import State
20230512 061922.581 INFO             PET2     esm - Creating state: modelComp 2 Export State
20230512 061922.581 INFO             PET2     esm - Creating state: modelComp 3 Import State
20230512 061922.581 INFO             PET2     esm - Creating state: modelComp 3 Export State
20230512 061922.582 INFO             PET2     ATM: InitializeP0 intro.
20230512 061922.583 INFO             PET2     ATM: InitializeP0 extro.
20230512 061922.583 INFO             PET2     OCN: InitializeP0 intro.
20230512 061922.583 INFO             PET2     OCN: InitializeP0 extro.
20230512 061922.583 INFO             PET2     LND: InitializeP0 intro.
20230512 061922.584 INFO             PET2     LND: InitializeP0 extro.
20230512 061922.584 INFO             PET2     ATM-TO-OCN: InitializeP0 intro.
20230512 061922.585 INFO             PET2     ATM-TO-OCN: InitializeP0 extro.
20230512 061922.585 INFO             PET2     ATM-TO-LND: InitializeP0 intro.
20230512 061922.585 INFO             PET2     ATM-TO-LND: InitializeP0 extro.
20230512 061922.585 INFO             PET2     OCN-TO-ATM: InitializeP0 intro.
20230512 061922.585 INFO             PET2     OCN-TO-ATM: InitializeP0 extro.
20230512 061922.586 INFO             PET2     LND-TO-ATM: InitializeP0 intro.
20230512 061922.586 INFO             PET2     LND-TO-ATM: InitializeP0 extro.
20230512 061922.588 INFO             PET2     esm: IInitAdvertise intro.
20230512 061922.588 INFO             PET2     esm: IInitAdvertise extro.
20230512 061922.588 INFO             PET2     ATM: InitializeIPDvXp01 intro.
20230512 061922.590 INFO             PET2     ATM: InitializeIPDvXp01 extro.
20230512 061922.590 INFO             PET2     OCN: InitializeIPDvXp01 intro.
20230512 061922.591 INFO             PET2     OCN: InitializeIPDvXp01 extro.
20230512 061922.591 INFO             PET2     LND: InitializeIPDvXp01 intro.
20230512 061922.591 INFO             PET2     LND: InitializeIPDvXp01 extro.
20230512 061922.592 INFO             PET2     ATM-TO-OCN: InitializeIPDv05p1 intro.
20230512 061922.594 INFO             PET2     ATM-TO-OCN: InitializeIPDv05p1 extro.
20230512 061922.594 INFO             PET2     ATM-TO-LND: InitializeIPDv05p1 intro.
20230512 061922.595 INFO             PET2     ATM-TO-LND: InitializeIPDv05p1 extro.
20230512 061922.595 INFO             PET2     OCN-TO-ATM: InitializeIPDv05p1 intro.
20230512 061922.596 INFO             PET2     OCN-TO-ATM: InitializeIPDv05p1 extro.
20230512 061922.598 INFO             PET2     LND-TO-ATM: InitializeIPDv05p1 intro.
20230512 061922.599 INFO             PET2     LND-TO-ATM: InitializeIPDv05p1 extro.
20230512 061922.599 INFO             PET2     esm: IInitAdvertiseFinish intro.
20230512 061922.599 INFO             PET2     esm: IInitAdvertiseFinish extro.
20230512 061922.599 INFO             PET2     ATM-TO-OCN: InitializeIPDv05p2a intro.
20230512 061922.601 INFO             PET2     ATM-TO-OCN: InitializeIPDv05p2a extro.
20230512 061922.601 INFO             PET2     ATM-TO-LND: InitializeIPDv05p2a intro.
20230512 061922.602 INFO             PET2     ATM-TO-LND: InitializeIPDv05p2a extro.
20230512 061922.602 INFO             PET2     OCN-TO-ATM: InitializeIPDv05p2a intro.
20230512 061922.603 INFO             PET2     OCN-TO-ATM: InitializeIPDv05p2a extro.
20230512 061922.603 INFO             PET2     LND-TO-ATM: InitializeIPDv05p2a intro.
20230512 061922.604 INFO             PET2     LND-TO-ATM: InitializeIPDv05p2a extro.
20230512 061922.604 INFO             PET2     ATM-TO-OCN: InitializeIPDv05p2b intro.
20230512 061922.605 INFO             PET2     ATM-TO-OCN: InitializeIPDv05p2b extro.
20230512 061922.605 INFO             PET2     ATM-TO-LND: InitializeIPDv05p2b intro.
20230512 061922.606 INFO             PET2     ATM-TO-LND: InitializeIPDv05p2b extro.
20230512 061922.606 INFO             PET2     OCN-TO-ATM: InitializeIPDv05p2b intro.
20230512 061922.607 INFO             PET2     OCN-TO-ATM: InitializeIPDv05p2b extro.
20230512 061922.607 INFO             PET2     LND-TO-ATM: InitializeIPDv05p2b intro.
20230512 061922.608 INFO             PET2     LND-TO-ATM: InitializeIPDv05p2b extro.
20230512 061922.608 INFO             PET2     esm: IInitModifyCplLists intro.
20230512 061922.609 INFO             PET2     esm: IInitModifyCplLists extro.
20230512 061922.609 INFO             PET2     ATM-TO-OCN: InitializeIPDv05p3 intro.
20230512 061922.610 INFO             PET2     ATM-TO-OCN: InitializeIPDv05p3 extro.
20230512 061922.610 INFO             PET2     ATM-TO-LND: InitializeIPDv05p3 intro.
20230512 061922.611 INFO             PET2     ATM-TO-LND: InitializeIPDv05p3 extro.
20230512 061922.611 INFO             PET2     OCN-TO-ATM: InitializeIPDv05p3 intro.
20230512 061922.613 INFO             PET2     OCN-TO-ATM: InitializeIPDv05p3 extro.
20230512 061922.613 INFO             PET2     LND-TO-ATM: InitializeIPDv05p3 intro.
20230512 061922.614 INFO             PET2     LND-TO-ATM: InitializeIPDv05p3 extro.
20230512 061922.614 INFO             PET2     <<<esm: leaving Initialize (phase=<none>) with current time: 2010  6  1  0  0  0   0
20230512 061922.614 INFO             PET2   esm: InitializeIPDv02p1 extro.
20230512 061922.614 INFO             PET2   esm: InitializeIPDv02p3 intro.
20230512 061922.614 INFO             PET2     esm: IInitCheck intro.
20230512 061922.614 INFO             PET2     esm: IInitCheck extro.
20230512 061922.614 INFO             PET2     ATM: InitializeIPDvXp04 intro.
20230512 061922.616 INFO             PET2     ATM: InitializeIPDvXp04 extro.
20230512 061922.616 INFO             PET2     OCN: InitializeIPDvXp04 intro.
20230512 061922.618 INFO             PET2     OCN: InitializeIPDvXp04 extro.
20230512 061922.618 INFO             PET2     LND: InitializeIPDvXp04 intro.
20230512 061922.619 INFO             PET2     LND: InitializeIPDvXp04 extro.
20230512 061922.619 INFO             PET2     ATM-TO-OCN: InitializeIPDv05p4 intro.
20230512 061922.622 INFO             PET2     ATM-TO-OCN: InitializeIPDv05p4 extro.
20230512 061922.622 INFO             PET2     ATM-TO-LND: InitializeIPDv05p4 intro.
20230512 061922.623 INFO             PET2     ATM-TO-LND: InitializeIPDv05p4 extro.
20230512 061922.623 INFO             PET2     OCN-TO-ATM: InitializeIPDv05p4 intro.
20230512 061922.625 INFO             PET2     OCN-TO-ATM: InitializeIPDv05p4 extro.
20230512 061922.625 INFO             PET2     LND-TO-ATM: InitializeIPDv05p4 intro.
20230512 061922.626 INFO             PET2     LND-TO-ATM: InitializeIPDv05p4 extro.
20230512 061922.626 INFO             PET2     ATM-TO-OCN: InitializeIPDv05p5 intro.
20230512 061922.628 INFO             PET2     ATM-TO-OCN: InitializeIPDv05p5 extro.
20230512 061922.628 INFO             PET2     ATM-TO-LND: InitializeIPDv05p5 intro.
20230512 061922.630 INFO             PET2     ATM-TO-LND: InitializeIPDv05p5 extro.
20230512 061922.630 INFO             PET2     OCN-TO-ATM: InitializeIPDv05p5 intro.
20230512 061922.631 INFO             PET2     OCN-TO-ATM: InitializeIPDv05p5 extro.
20230512 061922.631 INFO             PET2     LND-TO-ATM: InitializeIPDv05p5 intro.
20230512 061922.632 INFO             PET2     LND-TO-ATM: InitializeIPDv05p5 extro.
20230512 061922.633 INFO             PET2     esm: IInitRealize intro.
20230512 061922.633 INFO             PET2     esm: IInitRealize extro.
20230512 061922.633 INFO             PET2     ATM-TO-OCN: InitializeIPDv05p6a intro.
20230512 061922.562 INFO             PET3 !!!!!!!!!!!!!!!!!!!!!!!!!!!!!!!!!!!!!!!!!!!!!!!!!!!!!!
20230512 061922.562 INFO             PET3 !!! THE ESMF_LOG IS SET TO OUTPUT ALL LOG MESSAGES !!!
20230512 061922.562 INFO             PET3 !!!     THIS MAY CAUSE SLOWDOWN IN PERFORMANCE     !!!
20230512 061922.562 INFO             PET3 !!! FOR PRODUCTION RUNS, USE:                      !!!
20230512 061922.562 INFO             PET3 !!!                   ESMF_LOGKIND_Multi_On_Error  !!!
20230512 061922.562 INFO             PET3 !!!!!!!!!!!!!!!!!!!!!!!!!!!!!!!!!!!!!!!!!!!!!!!!!!!!!!
20230512 061922.562 INFO             PET3 Running with ESMF Version   : v8.5.0b18-9-g15f3b88d4b
20230512 061922.562 INFO             PET3 ESMF library build date/time: "May 12 2023" "04:45:41"
20230512 061922.562 INFO             PET3 ESMF library build location : /glade/scratch/theurich/ESMF-Nightly-Testing/nvhpc_22.2_mpt_O_feature_fill_nan/esmf
20230512 061922.562 INFO             PET3 ESMF_COMM                   : mpt
20230512 061922.562 INFO             PET3 ESMF_MOAB                   : enabled
20230512 061922.562 INFO             PET3 ESMF_LAPACK                 : enabled
20230512 061922.562 INFO             PET3 ESMF_NETCDF                 : enabled
20230512 061922.562 INFO             PET3 ESMF_PNETCDF                : disabled
20230512 061922.562 INFO             PET3 ESMF_PIO                    : enabled
20230512 061922.562 INFO             PET3 ESMF_YAMLCPP                : enabled
20230512 061922.562 INFO             PET3 esmApp STARTING
20230512 061922.566 INFO             PET3 esm: InitializeGeneric intro.
20230512 061922.566 INFO             PET3   esm: InitializeP0 intro.
20230512 061922.566 INFO             PET3   esm: InitializeP0 extro.
20230512 061922.566 INFO             PET3   esm: InitializeIPDv02p1 intro.
20230512 061922.566 INFO             PET3     >>>esm: entered Initialize (phase=<none>) without valid internal Clock.
20230512 061922.581 INFO             PET3     esm - Creating state: modelComp 1 Import State
20230512 061922.581 INFO             PET3     esm - Creating state: modelComp 1 Export State
20230512 061922.581 INFO             PET3     esm - Creating state: modelComp 2 Import State
20230512 061922.581 INFO             PET3     esm - Creating state: modelComp 2 Export State
20230512 061922.581 INFO             PET3     esm - Creating state: modelComp 3 Import State
20230512 061922.581 INFO             PET3     esm - Creating state: modelComp 3 Export State
20230512 061922.582 INFO             PET3     ATM: InitializeP0 intro.
20230512 061922.583 INFO             PET3     ATM: InitializeP0 extro.
20230512 061922.583 INFO             PET3     OCN: InitializeP0 intro.
20230512 061922.583 INFO             PET3     OCN: InitializeP0 extro.
20230512 061922.583 INFO             PET3     LND: InitializeP0 intro.
20230512 061922.584 INFO             PET3     LND: InitializeP0 extro.
20230512 061922.584 INFO             PET3     ATM-TO-OCN: InitializeP0 intro.
20230512 061922.585 INFO             PET3     ATM-TO-OCN: InitializeP0 extro.
20230512 061922.585 INFO             PET3     ATM-TO-LND: InitializeP0 intro.
20230512 061922.585 INFO             PET3     ATM-TO-LND: InitializeP0 extro.
20230512 061922.585 INFO             PET3     OCN-TO-ATM: InitializeP0 intro.
20230512 061922.585 INFO             PET3     OCN-TO-ATM: InitializeP0 extro.
20230512 061922.586 INFO             PET3     LND-TO-ATM: InitializeP0 intro.
20230512 061922.586 INFO             PET3     LND-TO-ATM: InitializeP0 extro.
20230512 061922.588 INFO             PET3     esm: IInitAdvertise intro.
20230512 061922.588 INFO             PET3     esm: IInitAdvertise extro.
20230512 061922.588 INFO             PET3     ATM: InitializeIPDvXp01 intro.
20230512 061922.590 INFO             PET3     ATM: InitializeIPDvXp01 extro.
20230512 061922.590 INFO             PET3     OCN: InitializeIPDvXp01 intro.
20230512 061922.591 INFO             PET3     OCN: InitializeIPDvXp01 extro.
20230512 061922.591 INFO             PET3     LND: InitializeIPDvXp01 intro.
20230512 061922.591 INFO             PET3     LND: InitializeIPDvXp01 extro.
20230512 061922.592 INFO             PET3     ATM-TO-OCN: InitializeIPDv05p1 intro.
20230512 061922.594 INFO             PET3     ATM-TO-OCN: InitializeIPDv05p1 extro.
20230512 061922.594 INFO             PET3     ATM-TO-LND: InitializeIPDv05p1 intro.
20230512 061922.595 INFO             PET3     ATM-TO-LND: InitializeIPDv05p1 extro.
20230512 061922.595 INFO             PET3     OCN-TO-ATM: InitializeIPDv05p1 intro.
20230512 061922.596 INFO             PET3     OCN-TO-ATM: InitializeIPDv05p1 extro.
20230512 061922.597 INFO             PET3     LND-TO-ATM: InitializeIPDv05p1 intro.
20230512 061922.599 INFO             PET3     LND-TO-ATM: InitializeIPDv05p1 extro.
20230512 061922.599 INFO             PET3     esm: IInitAdvertiseFinish intro.
20230512 061922.599 INFO             PET3     esm: IInitAdvertiseFinish extro.
20230512 061922.599 INFO             PET3     ATM-TO-OCN: InitializeIPDv05p2a intro.
20230512 061922.601 INFO             PET3     ATM-TO-OCN: InitializeIPDv05p2a extro.
20230512 061922.601 INFO             PET3     ATM-TO-LND: InitializeIPDv05p2a intro.
20230512 061922.602 INFO             PET3     ATM-TO-LND: InitializeIPDv05p2a extro.
20230512 061922.602 INFO             PET3     OCN-TO-ATM: InitializeIPDv05p2a intro.
20230512 061922.603 INFO             PET3     OCN-TO-ATM: InitializeIPDv05p2a extro.
20230512 061922.603 INFO             PET3     LND-TO-ATM: InitializeIPDv05p2a intro.
20230512 061922.604 INFO             PET3     LND-TO-ATM: InitializeIPDv05p2a extro.
20230512 061922.604 INFO             PET3     ATM-TO-OCN: InitializeIPDv05p2b intro.
20230512 061922.605 INFO             PET3     ATM-TO-OCN: InitializeIPDv05p2b extro.
20230512 061922.605 INFO             PET3     ATM-TO-LND: InitializeIPDv05p2b intro.
20230512 061922.606 INFO             PET3     ATM-TO-LND: InitializeIPDv05p2b extro.
20230512 061922.606 INFO             PET3     OCN-TO-ATM: InitializeIPDv05p2b intro.
20230512 061922.607 INFO             PET3     OCN-TO-ATM: InitializeIPDv05p2b extro.
20230512 061922.607 INFO             PET3     LND-TO-ATM: InitializeIPDv05p2b intro.
20230512 061922.608 INFO             PET3     LND-TO-ATM: InitializeIPDv05p2b extro.
20230512 061922.608 INFO             PET3     esm: IInitModifyCplLists intro.
20230512 061922.609 INFO             PET3     esm: IInitModifyCplLists extro.
20230512 061922.609 INFO             PET3     ATM-TO-OCN: InitializeIPDv05p3 intro.
20230512 061922.610 INFO             PET3     ATM-TO-OCN: InitializeIPDv05p3 extro.
20230512 061922.610 INFO             PET3     ATM-TO-LND: InitializeIPDv05p3 intro.
20230512 061922.611 INFO             PET3     ATM-TO-LND: InitializeIPDv05p3 extro.
20230512 061922.611 INFO             PET3     OCN-TO-ATM: InitializeIPDv05p3 intro.
20230512 061922.613 INFO             PET3     OCN-TO-ATM: InitializeIPDv05p3 extro.
20230512 061922.613 INFO             PET3     LND-TO-ATM: InitializeIPDv05p3 intro.
20230512 061922.614 INFO             PET3     LND-TO-ATM: InitializeIPDv05p3 extro.
20230512 061922.614 INFO             PET3     <<<esm: leaving Initialize (phase=<none>) with current time: 2010  6  1  0  0  0   0
20230512 061922.614 INFO             PET3   esm: InitializeIPDv02p1 extro.
20230512 061922.614 INFO             PET3   esm: InitializeIPDv02p3 intro.
20230512 061922.614 INFO             PET3     esm: IInitCheck intro.
20230512 061922.614 INFO             PET3     esm: IInitCheck extro.
20230512 061922.614 INFO             PET3     ATM: InitializeIPDvXp04 intro.
20230512 061922.616 INFO             PET3     ATM: InitializeIPDvXp04 extro.
20230512 061922.616 INFO             PET3     OCN: InitializeIPDvXp04 intro.
20230512 061922.618 INFO             PET3     OCN: InitializeIPDvXp04 extro.
20230512 061922.618 INFO             PET3     LND: InitializeIPDvXp04 intro.
20230512 061922.619 INFO             PET3     LND: InitializeIPDvXp04 extro.
20230512 061922.619 INFO             PET3     ATM-TO-OCN: InitializeIPDv05p4 intro.
20230512 061922.622 INFO             PET3     ATM-TO-OCN: InitializeIPDv05p4 extro.
20230512 061922.622 INFO             PET3     ATM-TO-LND: InitializeIPDv05p4 intro.
20230512 061922.623 INFO             PET3     ATM-TO-LND: InitializeIPDv05p4 extro.
20230512 061922.623 INFO             PET3     OCN-TO-ATM: InitializeIPDv05p4 intro.
20230512 061922.625 INFO             PET3     OCN-TO-ATM: InitializeIPDv05p4 extro.
20230512 061922.625 INFO             PET3     LND-TO-ATM: InitializeIPDv05p4 intro.
20230512 061922.626 INFO             PET3     LND-TO-ATM: InitializeIPDv05p4 extro.
20230512 061922.626 INFO             PET3     ATM-TO-OCN: InitializeIPDv05p5 intro.
20230512 061922.628 INFO             PET3     ATM-TO-OCN: InitializeIPDv05p5 extro.
20230512 061922.628 INFO             PET3     ATM-TO-LND: InitializeIPDv05p5 intro.
20230512 061922.630 INFO             PET3     ATM-TO-LND: InitializeIPDv05p5 extro.
20230512 061922.630 INFO             PET3     OCN-TO-ATM: InitializeIPDv05p5 intro.
20230512 061922.631 INFO             PET3     OCN-TO-ATM: InitializeIPDv05p5 extro.
20230512 061922.631 INFO             PET3     LND-TO-ATM: InitializeIPDv05p5 intro.
20230512 061922.632 INFO             PET3     LND-TO-ATM: InitializeIPDv05p5 extro.
20230512 061922.633 INFO             PET3     esm: IInitRealize intro.
20230512 061922.633 INFO             PET3     esm: IInitRealize extro.
20230512 061922.633 INFO             PET3     ATM-TO-OCN: InitializeIPDv05p6a intro.
