2023-06-07 08:08:04
20230607 083613.420 INFO             PET0 !!!!!!!!!!!!!!!!!!!!!!!!!!!!!!!!!!!!!!!!!!!!!!!!!!!!!!
20230607 083613.420 INFO             PET0 !!! THE ESMF_LOG IS SET TO OUTPUT ALL LOG MESSAGES !!!
20230607 083613.420 INFO             PET0 !!!     THIS MAY CAUSE SLOWDOWN IN PERFORMANCE     !!!
20230607 083613.420 INFO             PET0 !!! FOR PRODUCTION RUNS, USE:                      !!!
20230607 083613.420 INFO             PET0 !!!                   ESMF_LOGKIND_Multi_On_Error  !!!
20230607 083613.420 INFO             PET0 !!!!!!!!!!!!!!!!!!!!!!!!!!!!!!!!!!!!!!!!!!!!!!!!!!!!!!
20230607 083613.420 INFO             PET0 Running with ESMF Version   : v8.5.0b23-1-g96cdcccd39
20230607 083613.420 INFO             PET0 ESMF library build date/time: "Jun  7 2023" "08:06:28"
20230607 083613.420 INFO             PET0 ESMF library build location : /scratch2/NCEPDEV/stmp1/Gerhard.Theurich/ESMF-Nightly-Testing/intel_2023.1.0-classic_intelmpi_O_develop/esmf
20230607 083613.420 INFO             PET0 ESMF_COMM                   : intelmpi
20230607 083613.421 INFO             PET0 ESMF_MOAB                   : enabled
20230607 083613.421 INFO             PET0 ESMF_LAPACK                 : enabled
20230607 083613.421 INFO             PET0 ESMF_NETCDF                 : enabled
20230607 083613.421 INFO             PET0 ESMF_PNETCDF                : disabled
20230607 083613.421 INFO             PET0 ESMF_PIO                    : enabled
20230607 083613.421 INFO             PET0 ESMF_YAMLCPP                : enabled
20230607 083613.422 ERROR            PET0 ESMF_StateAPI.cppF90:1189 ESMF_StateAddList Object being used before creation  - Bad Object
20230607 083613.424 INFO             PET0  NUMBER_OF_PROCESSORS           4
20230607 083613.424 INFO             PET0  PASS  Example ESMF_StateReconcileEx, ESMF_StateReconcileEx.F90, line 294
20230607 083613.424 INFO             PET0 Finalizing ESMF
20230607 083613.421 INFO             PET1 !!!!!!!!!!!!!!!!!!!!!!!!!!!!!!!!!!!!!!!!!!!!!!!!!!!!!!
20230607 083613.421 INFO             PET1 !!! THE ESMF_LOG IS SET TO OUTPUT ALL LOG MESSAGES !!!
20230607 083613.421 INFO             PET1 !!!     THIS MAY CAUSE SLOWDOWN IN PERFORMANCE     !!!
20230607 083613.421 INFO             PET1 !!! FOR PRODUCTION RUNS, USE:                      !!!
20230607 083613.421 INFO             PET1 !!!                   ESMF_LOGKIND_Multi_On_Error  !!!
20230607 083613.421 INFO             PET1 !!!!!!!!!!!!!!!!!!!!!!!!!!!!!!!!!!!!!!!!!!!!!!!!!!!!!!
20230607 083613.421 INFO             PET1 Running with ESMF Version   : v8.5.0b23-1-g96cdcccd39
20230607 083613.421 INFO             PET1 ESMF library build date/time: "Jun  7 2023" "08:06:28"
20230607 083613.421 INFO             PET1 ESMF library build location : /scratch2/NCEPDEV/stmp1/Gerhard.Theurich/ESMF-Nightly-Testing/intel_2023.1.0-classic_intelmpi_O_develop/esmf
20230607 083613.421 INFO             PET1 ESMF_COMM                   : intelmpi
20230607 083613.422 INFO             PET1 ESMF_MOAB                   : enabled
20230607 083613.422 INFO             PET1 ESMF_LAPACK                 : enabled
20230607 083613.422 INFO             PET1 ESMF_NETCDF                 : enabled
20230607 083613.422 INFO             PET1 ESMF_PNETCDF                : disabled
20230607 083613.422 INFO             PET1 ESMF_PIO                    : enabled
20230607 083613.422 INFO             PET1 ESMF_YAMLCPP                : enabled
20230607 083613.422 ERROR            PET1 ESMF_StateAPI.cppF90:1189 ESMF_StateAddList Object being used before creation  - Bad Object
20230607 083613.424 INFO             PET1  NUMBER_OF_PROCESSORS           4
20230607 083613.424 INFO             PET1  PASS  Example ESMF_StateReconcileEx, ESMF_StateReconcileEx.F90, line 294
20230607 083613.424 INFO             PET1 Finalizing ESMF
20230607 083613.421 INFO             PET2 !!!!!!!!!!!!!!!!!!!!!!!!!!!!!!!!!!!!!!!!!!!!!!!!!!!!!!
20230607 083613.421 INFO             PET2 !!! THE ESMF_LOG IS SET TO OUTPUT ALL LOG MESSAGES !!!
20230607 083613.421 INFO             PET2 !!!     THIS MAY CAUSE SLOWDOWN IN PERFORMANCE     !!!
20230607 083613.421 INFO             PET2 !!! FOR PRODUCTION RUNS, USE:                      !!!
20230607 083613.421 INFO             PET2 !!!                   ESMF_LOGKIND_Multi_On_Error  !!!
20230607 083613.421 INFO             PET2 !!!!!!!!!!!!!!!!!!!!!!!!!!!!!!!!!!!!!!!!!!!!!!!!!!!!!!
20230607 083613.421 INFO             PET2 Running with ESMF Version   : v8.5.0b23-1-g96cdcccd39
20230607 083613.421 INFO             PET2 ESMF library build date/time: "Jun  7 2023" "08:06:28"
20230607 083613.421 INFO             PET2 ESMF library build location : /scratch2/NCEPDEV/stmp1/Gerhard.Theurich/ESMF-Nightly-Testing/intel_2023.1.0-classic_intelmpi_O_develop/esmf
20230607 083613.421 INFO             PET2 ESMF_COMM                   : intelmpi
20230607 083613.421 INFO             PET2 ESMF_MOAB                   : enabled
20230607 083613.421 INFO             PET2 ESMF_LAPACK                 : enabled
20230607 083613.421 INFO             PET2 ESMF_NETCDF                 : enabled
20230607 083613.421 INFO             PET2 ESMF_PNETCDF                : disabled
20230607 083613.421 INFO             PET2 ESMF_PIO                    : enabled
20230607 083613.421 INFO             PET2 ESMF_YAMLCPP                : enabled
20230607 083613.422 ERROR            PET2 ESMF_StateAPI.cppF90:1189 ESMF_StateAddList Object being used before creation  - Bad Object
20230607 083613.424 INFO             PET2  NUMBER_OF_PROCESSORS           4
20230607 083613.424 INFO             PET2  PASS  Example ESMF_StateReconcileEx, ESMF_StateReconcileEx.F90, line 294
20230607 083613.424 INFO             PET2 Finalizing ESMF
20230607 083613.421 INFO             PET3 !!!!!!!!!!!!!!!!!!!!!!!!!!!!!!!!!!!!!!!!!!!!!!!!!!!!!!
20230607 083613.421 INFO             PET3 !!! THE ESMF_LOG IS SET TO OUTPUT ALL LOG MESSAGES !!!
20230607 083613.421 INFO             PET3 !!!     THIS MAY CAUSE SLOWDOWN IN PERFORMANCE     !!!
20230607 083613.421 INFO             PET3 !!! FOR PRODUCTION RUNS, USE:                      !!!
20230607 083613.421 INFO             PET3 !!!                   ESMF_LOGKIND_Multi_On_Error  !!!
20230607 083613.421 INFO             PET3 !!!!!!!!!!!!!!!!!!!!!!!!!!!!!!!!!!!!!!!!!!!!!!!!!!!!!!
20230607 083613.421 INFO             PET3 Running with ESMF Version   : v8.5.0b23-1-g96cdcccd39
20230607 083613.421 INFO             PET3 ESMF library build date/time: "Jun  7 2023" "08:06:28"
20230607 083613.421 INFO             PET3 ESMF library build location : /scratch2/NCEPDEV/stmp1/Gerhard.Theurich/ESMF-Nightly-Testing/intel_2023.1.0-classic_intelmpi_O_develop/esmf
20230607 083613.421 INFO             PET3 ESMF_COMM                   : intelmpi
20230607 083613.421 INFO             PET3 ESMF_MOAB                   : enabled
20230607 083613.421 INFO             PET3 ESMF_LAPACK                 : enabled
20230607 083613.421 INFO             PET3 ESMF_NETCDF                 : enabled
20230607 083613.421 INFO             PET3 ESMF_PNETCDF                : disabled
20230607 083613.421 INFO             PET3 ESMF_PIO                    : enabled
20230607 083613.421 INFO             PET3 ESMF_YAMLCPP                : enabled
20230607 083613.423 ERROR            PET3 ESMF_StateAPI.cppF90:1189 ESMF_StateAddList Object being used before creation  - Bad Object
20230607 083613.424 INFO             PET3  NUMBER_OF_PROCESSORS           4
20230607 083613.424 INFO             PET3  PASS  Example ESMF_StateReconcileEx, ESMF_StateReconcileEx.F90, line 294
20230607 083613.424 INFO             PET3 Finalizing ESMF
