2023-06-11 02:40:25
20230611 030232.788 INFO             PET0 !!!!!!!!!!!!!!!!!!!!!!!!!!!!!!!!!!!!!!!!!!!!!!!!!!!!!!
20230611 030232.788 INFO             PET0 !!! THE ESMF_LOG IS SET TO OUTPUT ALL LOG MESSAGES !!!
20230611 030232.788 INFO             PET0 !!!     THIS MAY CAUSE SLOWDOWN IN PERFORMANCE     !!!
20230611 030232.788 INFO             PET0 !!! FOR PRODUCTION RUNS, USE:                      !!!
20230611 030232.788 INFO             PET0 !!!                   ESMF_LOGKIND_Multi_On_Error  !!!
20230611 030232.788 INFO             PET0 !!!!!!!!!!!!!!!!!!!!!!!!!!!!!!!!!!!!!!!!!!!!!!!!!!!!!!
20230611 030232.788 INFO             PET0 Running with ESMF Version   : v8.5.0b23-7-gd659dab941
20230611 030232.788 INFO             PET0 ESMF library build date/time: "Jun 11 2023" "02:39:31"
20230611 030232.788 INFO             PET0 ESMF library build location : /home/gerhard/ESMF-Nightly-Testing/gfortran_7.4.0_mpich_O_feature_bopt_g_flags/esmf
20230611 030232.788 INFO             PET0 ESMF_COMM                   : mpich
20230611 030232.788 INFO             PET0 ESMF_MOAB                   : enabled
20230611 030232.788 INFO             PET0 ESMF_LAPACK                 : enabled
20230611 030232.788 INFO             PET0 ESMF_NETCDF                 : enabled
20230611 030232.788 INFO             PET0 ESMF_PNETCDF                : disabled
20230611 030232.788 INFO             PET0 ESMF_PIO                    : enabled
20230611 030232.788 INFO             PET0 ESMF_YAMLCPP                : enabled
20230611 030232.788 INFO             PET0 mainApp STARTING
20230611 030232.790 INFO             PET0 driver: InitializeGeneric intro.
20230611 030232.790 INFO             PET0   driver: InitializeP0 intro.
20230611 030232.790 INFO             PET0   driver: InitializeP0 extro.
20230611 030232.790 INFO             PET0   driver: InitializeIPDv02p1 intro.
20230611 030232.790 INFO             PET0     >>>driver: entered Initialize (phase=<none>) without valid internal Clock.
20230611 030232.790 INFO             PET0     driver - Creating model component MODEL without petList.
20230611 030232.791 INFO             PET0      GridCompIsPetLocal:  T
20230611 030232.791 INFO             PET0      VmIsCreated:  T
20230611 030232.791 INFO             PET0      valid MPI_COMM with size=           4
20230611 030232.791 INFO             PET0     driver - Creating state: modelComp 1 Import State
20230611 030232.791 INFO             PET0     driver - Creating state: modelComp 1 Export State
20230611 030232.791 INFO             PET0     MODEL: InitializeP0 intro.
20230611 030232.791 INFO             PET0       >>>MODEL: entered Initialize (phase=<none>) without valid internal Clock.
20230611 030232.791 INFO             PET0       <<<MODEL: leaving Initialize (phase=<none>) without valid internal Clock.
20230611 030232.792 INFO             PET0     MODEL: InitializeP0 extro.
20230611 030232.792 INFO             PET0     driver: IInitAdvertise intro.
20230611 030232.792 INFO             PET0     driver: IInitAdvertise extro.
20230611 030232.792 INFO             PET0     MODEL: InitializeIPDvXp01 intro.
20230611 030232.792 INFO             PET0       >>>MODEL: entered Initialize (phase=IPDvXp01) without valid internal Clock.
20230611 030232.793 INFO             PET0       <<<MODEL: leaving Initialize (phase=IPDvXp01) without valid internal Clock.
20230611 030232.793 INFO             PET0     MODEL: InitializeIPDvXp01 extro.
20230611 030232.793 INFO             PET0     driver: IInitAdvertiseFinish intro.
20230611 030232.793 INFO             PET0     driver: IInitAdvertiseFinish extro.
20230611 030232.793 INFO             PET0     driver: IInitModifyCplLists intro.
20230611 030232.793 INFO             PET0     driver: IInitModifyCplLists extro.
20230611 030232.793 INFO             PET0     <<<driver: leaving Initialize (phase=<none>) with current time:    0  1  1  0  0  0   0
20230611 030232.793 INFO             PET0   driver: InitializeIPDv02p1 extro.
20230611 030232.793 INFO             PET0   driver: InitializeIPDv02p3 intro.
20230611 030232.793 INFO             PET0     >>>driver: entered Initialize (phase=<none>) with current time:    0  1  1  0  0  0   0
20230611 030232.793 INFO             PET0     driver: IInitCheck intro.
20230611 030232.793 INFO             PET0     driver: IInitCheck extro.
20230611 030232.793 INFO             PET0     MODEL: InitializeIPDvXp04 intro.
20230611 030232.793 INFO             PET0       >>>MODEL: entered Initialize (phase=IPDvXp04) without valid internal Clock.
20230611 030232.795 INFO             PET0       After Realize: - MemInfo: [/proc/meminfo - SSI]	MemTotal:        7836652 kB
20230611 030232.795 INFO             PET0       After Realize: - MemInfo: [/proc/meminfo - SSI]	MemFree:         4115020 kB
20230611 030232.795 INFO             PET0       After Realize: - MemInfo: [/proc/meminfo - SSI]	MemAvailable:    6290844 kB
20230611 030232.795 INFO             PET0       After Realize: - MemInfo: [/proc/meminfo - SSI]	Committed_AS:    6935036 kB
20230611 030232.795 INFO             PET0       After Realize: - MemInfo: [/proc/meminfo - SSI]	CommittedPercent: 88.4949 %
20230611 030232.795 INFO             PET0       After Realize: - MemInfo: [/proc/self/status]	VmPeak:	  107784 kB
20230611 030232.795 INFO             PET0       After Realize: - MemInfo: [/proc/self/status]	VmSize:	  107784 kB
20230611 030232.795 INFO             PET0       After Realize: - MemInfo: [/proc/self/status]	VmLck:	       0 kB
20230611 030232.795 INFO             PET0       After Realize: - MemInfo: [/proc/self/status]	VmPin:	       0 kB
20230611 030232.795 INFO             PET0       After Realize: - MemInfo: [/proc/self/status]	VmHWM:	   27656 kB
20230611 030232.795 INFO             PET0       After Realize: - MemInfo: [/proc/self/status]	VmRSS:	   27656 kB
20230611 030232.795 INFO             PET0       After Realize: - MemInfo: [/proc/self/status]	VmData:	   10108 kB
20230611 030232.795 INFO             PET0       After Realize: - MemInfo: [/proc/self/status]	VmStk:	     136 kB
20230611 030232.795 INFO             PET0       After Realize: - MemInfo: [/proc/self/status]	VmExe:	     180 kB
20230611 030232.795 INFO             PET0       After Realize: - MemInfo: [/proc/self/status]	VmLib:	   40812 kB
20230611 030232.795 INFO             PET0       After Realize: - MemInfo: [/proc/self/status]	VmPTE:	     212 kB
20230611 030232.795 INFO             PET0       After Realize: - MemInfo: [/proc/self/status]	VmSwap:	       0 kB
20230611 030232.795 INFO             PET0       After Realize: - MemInfo: [/proc/self/status]	VmRSSPercent: 0.352906 %
20230611 030232.795 INFO             PET0       After Realize: - MemInfo: [malloc] Non-mmapped space allocated:                 1019904 Byte
20230611 030232.795 INFO             PET0       After Realize: - MemInfo: [malloc] Space allocated in mmapped regions:          6012928 Byte
20230611 030232.795 INFO             PET0       After Realize: - MemInfo: [malloc] Maximum total allocated space:                     0 Byte
20230611 030232.795 INFO             PET0       After Realize: - MemInfo: [malloc] Space in freed fastbin blocks:                   864 Byte
20230611 030232.795 INFO             PET0       After Realize: - MemInfo: [malloc] Total allocated space:                        890816 Byte
20230611 030232.795 INFO             PET0       After Realize: - MemInfo: [malloc] Total free space:                             129088 Byte
20230611 030232.795 INFO             PET0       After Realize: - MemInfo: [malloc] Top-most, releasable space:                   128224 Byte
20230611 030232.795 INFO             PET0       After Realize: - MemInfo: [malloc] Total space in use, mmap + non-mmap:         6903744 Byte
20230611 030232.795 INFO             PET0       After Realize: - MemInfo: [malloc] Total space held (mmap + non-mmap):          7032832 Byte
20230611 030232.795 INFO             PET0       After Realize: - MemInfo: [malloc] Total space used (mmap + non-mmap):          6913104 Byte
20230611 030232.795 INFO             PET0       After Realize: - MemInfo: Wall-clock time since execution start:             0.00788879 seconds
20230611 030232.795 INFO             PET0       <<<MODEL: leaving Initialize (phase=IPDvXp04) without valid internal Clock.
20230611 030232.795 INFO             PET0     MODEL: InitializeIPDvXp04 extro.
20230611 030232.795 INFO             PET0     driver: IInitRealize intro.
20230611 030232.795 INFO             PET0     driver: IInitRealize extro.
20230611 030232.796 INFO             PET0     MODEL: InitializeIPDvXp07 intro.
20230611 030232.796 INFO             PET0       >>>MODEL: entered Initialize (phase=IPDvXp07) without valid internal Clock.
20230611 030232.796 INFO             PET0       <<<MODEL: leaving Initialize (phase=IPDvXp07) with current time:    0  1  1  0  0  0   0
20230611 030232.796 INFO             PET0     MODEL: InitializeIPDvXp07 extro.
20230611 030232.796 INFO             PET0     <<<driver: leaving Initialize (phase=<none>) with current time:    0  1  1  0  0  0   0
20230611 030232.796 INFO             PET0   driver: InitializeIPDv02p3 extro.
20230611 030232.796 INFO             PET0   driver: InitializeIPDv02p5 intro.
20230611 030232.796 INFO             PET0     >>>driver: entered Initialize (phase=<none>) with current time:    0  1  1  0  0  0   0
20230611 030232.796 INFO             PET0     driver: this is a top level driver, no 'Updated' and 'InitializeDataComplete' info on this level.
20230611 030232.796 INFO             PET0     driver: InitializeIPDv02p5Data intro.
20230611 030232.796 INFO             PET0       driver: InternalInitializeComplete intro.
20230611 030232.796 INFO             PET0         driver: InitializeDataComplete='true'
20230611 030232.796 INFO             PET0       driver: InternalInitializeComplete extro.
20230611 030232.796 INFO             PET0       MODEL: InitializeIPDvXp08 intro.
20230611 030232.796 INFO             PET0         >>>MODEL: entered Initialize (phase=IPDv05p8) with current time:    0  1  1  0  0  0   0
20230611 030232.796 INFO             PET0         MODEL: InitializeDataProgress='false', InitializeDataComplete='false'
20230611 030232.796 INFO             PET0         <<<MODEL: leaving Initialize (phase=IPDv05p8) with current time:    0  1  1  0  0  0   0
20230611 030232.796 INFO             PET0       MODEL: InitializeIPDvXp08 extro.
20230611 030232.796 INFO             PET0       driver: components present that trigger loopDataDependentInitialize().
20230611 030232.796 INFO             PET0       driver: loopDataDependentInitialize intro.
20230611 030232.796 INFO             PET0         driver: component    0=driver, dataComplete (local): true
20230611 030232.797 INFO             PET0         driver: component    0=driver, dataComplete (global): T
20230611 030232.797 INFO             PET0         driver: component    1=MODEL, dataComplete (local): false
20230611 030232.797 INFO             PET0         driver: component    1=MODEL, dataComplete (global): F
20230611 030232.797 INFO             PET0         MODEL: InitializeIPDvXp08 intro.
20230611 030232.797 INFO             PET0           >>>MODEL: entered Initialize (phase=IPDv05p8) with current time:    0  1  1  0  0  0   0
20230611 030232.797 INFO             PET0           MODEL: InitializeDataProgress='true', InitializeDataComplete='true'
20230611 030232.797 INFO             PET0           <<<MODEL: leaving Initialize (phase=IPDv05p8) with current time:    0  1  1  0  0  0   0
20230611 030232.797 INFO             PET0         MODEL: InitializeIPDvXp08 extro.
20230611 030232.797 INFO             PET0         driver: component    1=MODEL, someProgress (local): true
20230611 030232.797 INFO             PET0         driver: component    1=MODEL, someProgress (global): T
20230611 030232.797 INFO             PET0         driver: someProgress=T, allComplete=F, present(dataDepAllComplete)=T
20230611 030232.797 INFO             PET0         driver: component    0=driver, dataComplete (local): true
20230611 030232.797 INFO             PET0         driver: component    0=driver, dataComplete (global): T
20230611 030232.797 INFO             PET0         driver: component    1=MODEL, dataComplete (local): true
20230611 030232.797 INFO             PET0         driver: component    1=MODEL, dataComplete (global): T
20230611 030232.797 INFO             PET0         driver: someProgress=F, allComplete=T, present(dataDepAllComplete)=T
20230611 030232.797 INFO             PET0         driver: finished resolving initialize data dependencies on this level.
20230611 030232.797 INFO             PET0       driver: loopDataDependentInitialize extro.
20230611 030232.797 INFO             PET0       driver: loopDataDependentInitialize() returned with dataDepAllComplete: T
20230611 030232.797 INFO             PET0     driver: InitializeIPDv02p5Data extro.
20230611 030232.797 INFO             PET0     <<<driver: leaving Initialize (phase=<none>) with current time:    0  1  1  0  0  0   0
20230611 030232.797 INFO             PET0   driver: InitializeIPDv02p5 extro.
20230611 030232.797 INFO             PET0 driver: InitializeGeneric extro.
20230611 030232.797 INFO             PET0 driver: Run intro.
20230611 030232.797 INFO             PET0   >>>driver entered Run (phase=RunPhase1) with current time:    0  1  1  0  0  0   0
20230611 030232.797 INFO             PET0   driver: after lable_SetRunClock, current time:    0  1  1  0  0  0   0
20230611 030232.797 INFO             PET0   driver: begin -------> RunSequence.
20230611 030232.797 INFO             PET0     driver: RunSequence event loopLevel=   1  levelMember=   1  loopIteration=   1, current time:    0  1  1  0  0  0   0
20230611 030232.797 INFO             PET0     MODEL: Run intro.
20230611 030232.797 INFO             PET0       >>>MODEL: entered Run (phase=RunPhase1) with current time:    0  1  1  0  0  0   0
20230611 030232.797 INFO             PET0       MODEL: time step-loop starting, current time:    0  1  1  0  0  0   0
20230611 030232.812 INFO             PET0       thread_num=   2   currentSsiPe=   5   num_threads=   3   max_threads=   3   num_procs=   8
20230611 030232.812 INFO             PET0       thread_num=   1   currentSsiPe=   1   num_threads=   3   max_threads=   3   num_procs=   8
20230611 030232.824 INFO             PET0       thread_num=   0   currentSsiPe=   5   num_threads=   3   max_threads=   3   num_procs=   8
20230611 030232.824 INFO             PET0       ---->Advancing Model from:    0  1  1  0  0  0   0
20230611 030232.824 INFO             PET0       ---------------------> to:    0  1  1  0  0 30   0
20230611 030232.824 INFO             PET0       MODEL: time step-loop ending,   current time:    0  1  1  0  0 30   0
20230611 030232.824 INFO             PET0       <<<MODEL: leaving Run (phase=RunPhase1) with current time:    0  1  1  0  0 30   0
20230611 030232.824 INFO             PET0     MODEL: Run extro.
20230611 030232.824 INFO             PET0     driver: RunSequence event loopLevel=   1  levelMember=   1  loopIteration=   2, current time:    0  1  1  0  0 30   0
20230611 030232.824 INFO             PET0     MODEL: Run intro.
20230611 030232.824 INFO             PET0       >>>MODEL: entered Run (phase=RunPhase1) with current time:    0  1  1  0  0 30   0
20230611 030232.824 INFO             PET0       MODEL: time step-loop starting, current time:    0  1  1  0  0 30   0
20230611 030232.836 INFO             PET0       thread_num=   2   currentSsiPe=   5   num_threads=   3   max_threads=   3   num_procs=   8
20230611 030232.836 INFO             PET0       thread_num=   1   currentSsiPe=   1   num_threads=   3   max_threads=   3   num_procs=   8
20230611 030232.848 INFO             PET0       thread_num=   0   currentSsiPe=   5   num_threads=   3   max_threads=   3   num_procs=   8
20230611 030232.848 INFO             PET0       ---->Advancing Model from:    0  1  1  0  0 30   0
20230611 030232.848 INFO             PET0       ---------------------> to:    0  1  1  0  1  0   0
20230611 030232.848 INFO             PET0       MODEL: time step-loop ending,   current time:    0  1  1  0  1  0   0
20230611 030232.848 INFO             PET0       <<<MODEL: leaving Run (phase=RunPhase1) with current time:    0  1  1  0  1  0   0
20230611 030232.848 INFO             PET0     MODEL: Run extro.
20230611 030232.848 INFO             PET0     driver: RunSequence event loopLevel=   1  levelMember=   1  loopIteration=   3, current time:    0  1  1  0  1  0   0
20230611 030232.848 INFO             PET0     MODEL: Run intro.
20230611 030232.848 INFO             PET0       >>>MODEL: entered Run (phase=RunPhase1) with current time:    0  1  1  0  1  0   0
20230611 030232.848 INFO             PET0       MODEL: time step-loop starting, current time:    0  1  1  0  1  0   0
20230611 030232.866 INFO             PET0       thread_num=   0   currentSsiPe=   5   num_threads=   3   max_threads=   3   num_procs=   8
20230611 030232.866 INFO             PET0       thread_num=   2   currentSsiPe=   1   num_threads=   3   max_threads=   3   num_procs=   8
20230611 030232.876 INFO             PET0       thread_num=   1   currentSsiPe=   1   num_threads=   3   max_threads=   3   num_procs=   8
20230611 030232.876 INFO             PET0       ---->Advancing Model from:    0  1  1  0  1  0   0
20230611 030232.876 INFO             PET0       ---------------------> to:    0  1  1  0  1 30   0
20230611 030232.876 INFO             PET0       MODEL: time step-loop ending,   current time:    0  1  1  0  1 30   0
20230611 030232.876 INFO             PET0       <<<MODEL: leaving Run (phase=RunPhase1) with current time:    0  1  1  0  1 30   0
20230611 030232.876 INFO             PET0     MODEL: Run extro.
20230611 030232.876 INFO             PET0     driver: RunSequence event loopLevel=   1  levelMember=   1  loopIteration=   4, current time:    0  1  1  0  1 30   0
20230611 030232.876 INFO             PET0     MODEL: Run intro.
20230611 030232.876 INFO             PET0       >>>MODEL: entered Run (phase=RunPhase1) with current time:    0  1  1  0  1 30   0
20230611 030232.876 INFO             PET0       MODEL: time step-loop starting, current time:    0  1  1  0  1 30   0
20230611 030232.888 INFO             PET0       thread_num=   0   currentSsiPe=   5   num_threads=   3   max_threads=   3   num_procs=   8
20230611 030232.888 INFO             PET0       thread_num=   2   currentSsiPe=   1   num_threads=   3   max_threads=   3   num_procs=   8
20230611 030232.900 INFO             PET0       thread_num=   1   currentSsiPe=   1   num_threads=   3   max_threads=   3   num_procs=   8
20230611 030232.900 INFO             PET0       ---->Advancing Model from:    0  1  1  0  1 30   0
20230611 030232.900 INFO             PET0       ---------------------> to:    0  1  1  0  2  0   0
20230611 030232.900 INFO             PET0       MODEL: time step-loop ending,   current time:    0  1  1  0  2  0   0
20230611 030232.900 INFO             PET0       <<<MODEL: leaving Run (phase=RunPhase1) with current time:    0  1  1  0  2  0   0
20230611 030232.900 INFO             PET0     MODEL: Run extro.
20230611 030232.900 INFO             PET0     driver: RunSequence event loopLevel=   1  levelMember=   1  loopIteration=   5, current time:    0  1  1  0  2  0   0
20230611 030232.900 INFO             PET0     MODEL: Run intro.
20230611 030232.900 INFO             PET0       >>>MODEL: entered Run (phase=RunPhase1) with current time:    0  1  1  0  2  0   0
20230611 030232.900 INFO             PET0       MODEL: time step-loop starting, current time:    0  1  1  0  2  0   0
20230611 030232.912 INFO             PET0       thread_num=   0   currentSsiPe=   5   num_threads=   3   max_threads=   3   num_procs=   8
20230611 030232.912 INFO             PET0       thread_num=   2   currentSsiPe=   1   num_threads=   3   max_threads=   3   num_procs=   8
20230611 030232.924 INFO             PET0       thread_num=   1   currentSsiPe=   1   num_threads=   3   max_threads=   3   num_procs=   8
20230611 030232.924 INFO             PET0       ---->Advancing Model from:    0  1  1  0  2  0   0
20230611 030232.924 INFO             PET0       ---------------------> to:    0  1  1  0  2 30   0
20230611 030232.924 INFO             PET0       MODEL: time step-loop ending,   current time:    0  1  1  0  2 30   0
20230611 030232.924 INFO             PET0       <<<MODEL: leaving Run (phase=RunPhase1) with current time:    0  1  1  0  2 30   0
20230611 030232.924 INFO             PET0     MODEL: Run extro.
20230611 030232.924 INFO             PET0   driver: end <--------- RunSequence
20230611 030232.924 INFO             PET0   <<<driver - leaving Run with current time:    0  1  1  0  2 30   0
20230611 030232.924 INFO             PET0 driver: Run extro.
20230611 030232.924 INFO             PET0 driver: Finalize intro.
20230611 030232.924 INFO             PET0   Calling Finalize phase 1 for modelComp: MODEL
20230611 030232.924 INFO             PET0   MODEL: Finalize intro.
20230611 030232.924 INFO             PET0     >>>MODEL: entered Finalize (phase=FinalizePhase1) with current time:    0  1  1  0  2 30   0
20230611 030232.924 INFO             PET0     <<<MODEL: leaving Finalize (phase=FinalizePhase1) with current time:    0  1  1  0  2 30   0
20230611 030232.924 INFO             PET0   MODEL: Finalize extro.
20230611 030232.924 INFO             PET0   Delete modelComp: MODEL
20230611 030232.924 INFO             PET0   Delete Import-/Export State for modelComp: MODEL
20230611 030232.924 INFO             PET0 driver: Finalize extro.
20230611 030232.924 INFO             PET0 mainApp FINISHED
20230611 030232.924 INFO             PET0 Finalizing ESMF
20230611 030232.788 INFO             PET1 !!!!!!!!!!!!!!!!!!!!!!!!!!!!!!!!!!!!!!!!!!!!!!!!!!!!!!
20230611 030232.788 INFO             PET1 !!! THE ESMF_LOG IS SET TO OUTPUT ALL LOG MESSAGES !!!
20230611 030232.788 INFO             PET1 !!!     THIS MAY CAUSE SLOWDOWN IN PERFORMANCE     !!!
20230611 030232.788 INFO             PET1 !!! FOR PRODUCTION RUNS, USE:                      !!!
20230611 030232.788 INFO             PET1 !!!                   ESMF_LOGKIND_Multi_On_Error  !!!
20230611 030232.788 INFO             PET1 !!!!!!!!!!!!!!!!!!!!!!!!!!!!!!!!!!!!!!!!!!!!!!!!!!!!!!
20230611 030232.788 INFO             PET1 Running with ESMF Version   : v8.5.0b23-7-gd659dab941
20230611 030232.788 INFO             PET1 ESMF library build date/time: "Jun 11 2023" "02:39:31"
20230611 030232.788 INFO             PET1 ESMF library build location : /home/gerhard/ESMF-Nightly-Testing/gfortran_7.4.0_mpich_O_feature_bopt_g_flags/esmf
20230611 030232.788 INFO             PET1 ESMF_COMM                   : mpich
20230611 030232.788 INFO             PET1 ESMF_MOAB                   : enabled
20230611 030232.788 INFO             PET1 ESMF_LAPACK                 : enabled
20230611 030232.788 INFO             PET1 ESMF_NETCDF                 : enabled
20230611 030232.788 INFO             PET1 ESMF_PNETCDF                : disabled
20230611 030232.788 INFO             PET1 ESMF_PIO                    : enabled
20230611 030232.788 INFO             PET1 ESMF_YAMLCPP                : enabled
20230611 030232.788 INFO             PET1 mainApp STARTING
20230611 030232.790 INFO             PET1 driver: InitializeGeneric intro.
20230611 030232.790 INFO             PET1   driver: InitializeP0 intro.
20230611 030232.790 INFO             PET1   driver: InitializeP0 extro.
20230611 030232.790 INFO             PET1   driver: InitializeIPDv02p1 intro.
20230611 030232.790 INFO             PET1     >>>driver: entered Initialize (phase=<none>) without valid internal Clock.
20230611 030232.790 INFO             PET1     driver - Creating model component MODEL without petList.
20230611 030232.791 INFO             PET1      GridCompIsPetLocal:  T
20230611 030232.791 INFO             PET1      VmIsCreated:  T
20230611 030232.791 INFO             PET1      valid MPI_COMM with size=           4
20230611 030232.791 INFO             PET1     driver - Creating state: modelComp 1 Import State
20230611 030232.791 INFO             PET1     driver - Creating state: modelComp 1 Export State
20230611 030232.791 INFO             PET1     MODEL: InitializeP0 intro.
20230611 030232.791 INFO             PET1       >>>MODEL: entered Initialize (phase=<none>) without valid internal Clock.
20230611 030232.791 INFO             PET1       <<<MODEL: leaving Initialize (phase=<none>) without valid internal Clock.
20230611 030232.792 INFO             PET1     MODEL: InitializeP0 extro.
20230611 030232.792 INFO             PET1     driver: IInitAdvertise intro.
20230611 030232.792 INFO             PET1     driver: IInitAdvertise extro.
20230611 030232.792 INFO             PET1     MODEL: InitializeIPDvXp01 intro.
20230611 030232.792 INFO             PET1       >>>MODEL: entered Initialize (phase=IPDvXp01) without valid internal Clock.
20230611 030232.793 INFO             PET1       <<<MODEL: leaving Initialize (phase=IPDvXp01) without valid internal Clock.
20230611 030232.793 INFO             PET1     MODEL: InitializeIPDvXp01 extro.
20230611 030232.793 INFO             PET1     driver: IInitAdvertiseFinish intro.
20230611 030232.793 INFO             PET1     driver: IInitAdvertiseFinish extro.
20230611 030232.793 INFO             PET1     driver: IInitModifyCplLists intro.
20230611 030232.793 INFO             PET1     driver: IInitModifyCplLists extro.
20230611 030232.793 INFO             PET1     <<<driver: leaving Initialize (phase=<none>) with current time:    0  1  1  0  0  0   0
20230611 030232.793 INFO             PET1   driver: InitializeIPDv02p1 extro.
20230611 030232.793 INFO             PET1   driver: InitializeIPDv02p3 intro.
20230611 030232.793 INFO             PET1     >>>driver: entered Initialize (phase=<none>) with current time:    0  1  1  0  0  0   0
20230611 030232.793 INFO             PET1     driver: IInitCheck intro.
20230611 030232.793 INFO             PET1     driver: IInitCheck extro.
20230611 030232.793 INFO             PET1     MODEL: InitializeIPDvXp04 intro.
20230611 030232.793 INFO             PET1       >>>MODEL: entered Initialize (phase=IPDvXp04) without valid internal Clock.
20230611 030232.795 INFO             PET1       After Realize: - MemInfo: [/proc/meminfo - SSI]	MemTotal:        7836652 kB
20230611 030232.795 INFO             PET1       After Realize: - MemInfo: [/proc/meminfo - SSI]	MemFree:         4115020 kB
20230611 030232.795 INFO             PET1       After Realize: - MemInfo: [/proc/meminfo - SSI]	MemAvailable:    6290844 kB
20230611 030232.795 INFO             PET1       After Realize: - MemInfo: [/proc/meminfo - SSI]	Committed_AS:    6935036 kB
20230611 030232.795 INFO             PET1       After Realize: - MemInfo: [/proc/meminfo - SSI]	CommittedPercent: 88.4949 %
20230611 030232.795 INFO             PET1       After Realize: - MemInfo: [/proc/self/status]	VmPeak:	  107784 kB
20230611 030232.795 INFO             PET1       After Realize: - MemInfo: [/proc/self/status]	VmSize:	  107784 kB
20230611 030232.795 INFO             PET1       After Realize: - MemInfo: [/proc/self/status]	VmLck:	       0 kB
20230611 030232.795 INFO             PET1       After Realize: - MemInfo: [/proc/self/status]	VmPin:	       0 kB
20230611 030232.795 INFO             PET1       After Realize: - MemInfo: [/proc/self/status]	VmHWM:	   27616 kB
20230611 030232.795 INFO             PET1       After Realize: - MemInfo: [/proc/self/status]	VmRSS:	   27616 kB
20230611 030232.795 INFO             PET1       After Realize: - MemInfo: [/proc/self/status]	VmData:	   10108 kB
20230611 030232.795 INFO             PET1       After Realize: - MemInfo: [/proc/self/status]	VmStk:	     136 kB
20230611 030232.795 INFO             PET1       After Realize: - MemInfo: [/proc/self/status]	VmExe:	     180 kB
20230611 030232.795 INFO             PET1       After Realize: - MemInfo: [/proc/self/status]	VmLib:	   40812 kB
20230611 030232.795 INFO             PET1       After Realize: - MemInfo: [/proc/self/status]	VmPTE:	     220 kB
20230611 030232.795 INFO             PET1       After Realize: - MemInfo: [/proc/self/status]	VmSwap:	       0 kB
20230611 030232.795 INFO             PET1       After Realize: - MemInfo: [/proc/self/status]	VmRSSPercent: 0.352395 %
20230611 030232.795 INFO             PET1       After Realize: - MemInfo: [malloc] Non-mmapped space allocated:                 1019904 Byte
20230611 030232.795 INFO             PET1       After Realize: - MemInfo: [malloc] Space allocated in mmapped regions:          6012928 Byte
20230611 030232.795 INFO             PET1       After Realize: - MemInfo: [malloc] Maximum total allocated space:                     0 Byte
20230611 030232.795 INFO             PET1       After Realize: - MemInfo: [malloc] Space in freed fastbin blocks:                   864 Byte
20230611 030232.795 INFO             PET1       After Realize: - MemInfo: [malloc] Total allocated space:                        890192 Byte
20230611 030232.795 INFO             PET1       After Realize: - MemInfo: [malloc] Total free space:                             129712 Byte
20230611 030232.795 INFO             PET1       After Realize: - MemInfo: [malloc] Top-most, releasable space:                   128848 Byte
20230611 030232.795 INFO             PET1       After Realize: - MemInfo: [malloc] Total space in use, mmap + non-mmap:         6903120 Byte
20230611 030232.795 INFO             PET1       After Realize: - MemInfo: [malloc] Total space held (mmap + non-mmap):          7032832 Byte
20230611 030232.795 INFO             PET1       After Realize: - MemInfo: [malloc] Total space used (mmap + non-mmap):          6912480 Byte
20230611 030232.795 INFO             PET1       After Realize: - MemInfo: Wall-clock time since execution start:             0.00791144 seconds
20230611 030232.795 INFO             PET1       <<<MODEL: leaving Initialize (phase=IPDvXp04) without valid internal Clock.
20230611 030232.795 INFO             PET1     MODEL: InitializeIPDvXp04 extro.
20230611 030232.795 INFO             PET1     driver: IInitRealize intro.
20230611 030232.795 INFO             PET1     driver: IInitRealize extro.
20230611 030232.796 INFO             PET1     MODEL: InitializeIPDvXp07 intro.
20230611 030232.796 INFO             PET1       >>>MODEL: entered Initialize (phase=IPDvXp07) without valid internal Clock.
20230611 030232.796 INFO             PET1       <<<MODEL: leaving Initialize (phase=IPDvXp07) with current time:    0  1  1  0  0  0   0
20230611 030232.796 INFO             PET1     MODEL: InitializeIPDvXp07 extro.
20230611 030232.796 INFO             PET1     <<<driver: leaving Initialize (phase=<none>) with current time:    0  1  1  0  0  0   0
20230611 030232.796 INFO             PET1   driver: InitializeIPDv02p3 extro.
20230611 030232.796 INFO             PET1   driver: InitializeIPDv02p5 intro.
20230611 030232.796 INFO             PET1     >>>driver: entered Initialize (phase=<none>) with current time:    0  1  1  0  0  0   0
20230611 030232.796 INFO             PET1     driver: this is a top level driver, no 'Updated' and 'InitializeDataComplete' info on this level.
20230611 030232.796 INFO             PET1     driver: InitializeIPDv02p5Data intro.
20230611 030232.796 INFO             PET1       driver: InternalInitializeComplete intro.
20230611 030232.796 INFO             PET1         driver: InitializeDataComplete='true'
20230611 030232.796 INFO             PET1       driver: InternalInitializeComplete extro.
20230611 030232.796 INFO             PET1       MODEL: InitializeIPDvXp08 intro.
20230611 030232.796 INFO             PET1         >>>MODEL: entered Initialize (phase=IPDv05p8) with current time:    0  1  1  0  0  0   0
20230611 030232.796 INFO             PET1         MODEL: InitializeDataProgress='false', InitializeDataComplete='false'
20230611 030232.796 INFO             PET1         <<<MODEL: leaving Initialize (phase=IPDv05p8) with current time:    0  1  1  0  0  0   0
20230611 030232.796 INFO             PET1       MODEL: InitializeIPDvXp08 extro.
20230611 030232.796 INFO             PET1       driver: components present that trigger loopDataDependentInitialize().
20230611 030232.796 INFO             PET1       driver: loopDataDependentInitialize intro.
20230611 030232.796 INFO             PET1         driver: component    0=driver, dataComplete (local): true
20230611 030232.797 INFO             PET1         driver: component    0=driver, dataComplete (global): T
20230611 030232.797 INFO             PET1         driver: component    1=MODEL, dataComplete (local): false
20230611 030232.797 INFO             PET1         driver: component    1=MODEL, dataComplete (global): F
20230611 030232.797 INFO             PET1         MODEL: InitializeIPDvXp08 intro.
20230611 030232.797 INFO             PET1           >>>MODEL: entered Initialize (phase=IPDv05p8) with current time:    0  1  1  0  0  0   0
20230611 030232.797 INFO             PET1           MODEL: InitializeDataProgress='true', InitializeDataComplete='true'
20230611 030232.797 INFO             PET1           <<<MODEL: leaving Initialize (phase=IPDv05p8) with current time:    0  1  1  0  0  0   0
20230611 030232.797 INFO             PET1         MODEL: InitializeIPDvXp08 extro.
20230611 030232.797 INFO             PET1         driver: component    1=MODEL, someProgress (local): true
20230611 030232.797 INFO             PET1         driver: component    1=MODEL, someProgress (global): T
20230611 030232.797 INFO             PET1         driver: someProgress=T, allComplete=F, present(dataDepAllComplete)=T
20230611 030232.797 INFO             PET1         driver: component    0=driver, dataComplete (local): true
20230611 030232.797 INFO             PET1         driver: component    0=driver, dataComplete (global): T
20230611 030232.797 INFO             PET1         driver: component    1=MODEL, dataComplete (local): true
20230611 030232.797 INFO             PET1         driver: component    1=MODEL, dataComplete (global): T
20230611 030232.797 INFO             PET1         driver: someProgress=F, allComplete=T, present(dataDepAllComplete)=T
20230611 030232.797 INFO             PET1         driver: finished resolving initialize data dependencies on this level.
20230611 030232.797 INFO             PET1       driver: loopDataDependentInitialize extro.
20230611 030232.797 INFO             PET1       driver: loopDataDependentInitialize() returned with dataDepAllComplete: T
20230611 030232.797 INFO             PET1     driver: InitializeIPDv02p5Data extro.
20230611 030232.797 INFO             PET1     <<<driver: leaving Initialize (phase=<none>) with current time:    0  1  1  0  0  0   0
20230611 030232.797 INFO             PET1   driver: InitializeIPDv02p5 extro.
20230611 030232.797 INFO             PET1 driver: InitializeGeneric extro.
20230611 030232.797 INFO             PET1 driver: Run intro.
20230611 030232.797 INFO             PET1   >>>driver entered Run (phase=RunPhase1) with current time:    0  1  1  0  0  0   0
20230611 030232.797 INFO             PET1   driver: after lable_SetRunClock, current time:    0  1  1  0  0  0   0
20230611 030232.797 INFO             PET1   driver: begin -------> RunSequence.
20230611 030232.797 INFO             PET1     driver: RunSequence event loopLevel=   1  levelMember=   1  loopIteration=   1, current time:    0  1  1  0  0  0   0
20230611 030232.797 INFO             PET1     MODEL: Run intro.
20230611 030232.797 INFO             PET1       >>>MODEL: entered Run (phase=RunPhase1) with current time:    0  1  1  0  0  0   0
20230611 030232.797 INFO             PET1       MODEL: time step-loop starting, current time:    0  1  1  0  0  0   0
20230611 030232.812 INFO             PET1       thread_num=   1   currentSsiPe=   6   num_threads=   3   max_threads=   3   num_procs=   8
20230611 030232.812 INFO             PET1       thread_num=   2   currentSsiPe=   2   num_threads=   3   max_threads=   3   num_procs=   8
20230611 030232.822 INFO             PET1       thread_num=   0   currentSsiPe=   2   num_threads=   3   max_threads=   3   num_procs=   8
20230611 030232.822 INFO             PET1       ---->Advancing Model from:    0  1  1  0  0  0   0
20230611 030232.822 INFO             PET1       ---------------------> to:    0  1  1  0  0 30   0
20230611 030232.822 INFO             PET1       MODEL: time step-loop ending,   current time:    0  1  1  0  0 30   0
20230611 030232.822 INFO             PET1       <<<MODEL: leaving Run (phase=RunPhase1) with current time:    0  1  1  0  0 30   0
20230611 030232.822 INFO             PET1     MODEL: Run extro.
20230611 030232.822 INFO             PET1     driver: RunSequence event loopLevel=   1  levelMember=   1  loopIteration=   2, current time:    0  1  1  0  0 30   0
20230611 030232.822 INFO             PET1     MODEL: Run intro.
20230611 030232.822 INFO             PET1       >>>MODEL: entered Run (phase=RunPhase1) with current time:    0  1  1  0  0 30   0
20230611 030232.822 INFO             PET1       MODEL: time step-loop starting, current time:    0  1  1  0  0 30   0
20230611 030232.832 INFO             PET1       thread_num=   1   currentSsiPe=   6   num_threads=   3   max_threads=   3   num_procs=   8
20230611 030232.832 INFO             PET1       thread_num=   2   currentSsiPe=   2   num_threads=   3   max_threads=   3   num_procs=   8
20230611 030232.844 INFO             PET1       thread_num=   0   currentSsiPe=   2   num_threads=   3   max_threads=   3   num_procs=   8
20230611 030232.844 INFO             PET1       ---->Advancing Model from:    0  1  1  0  0 30   0
20230611 030232.844 INFO             PET1       ---------------------> to:    0  1  1  0  1  0   0
20230611 030232.844 INFO             PET1       MODEL: time step-loop ending,   current time:    0  1  1  0  1  0   0
20230611 030232.844 INFO             PET1       <<<MODEL: leaving Run (phase=RunPhase1) with current time:    0  1  1  0  1  0   0
20230611 030232.844 INFO             PET1     MODEL: Run extro.
20230611 030232.844 INFO             PET1     driver: RunSequence event loopLevel=   1  levelMember=   1  loopIteration=   3, current time:    0  1  1  0  1  0   0
20230611 030232.844 INFO             PET1     MODEL: Run intro.
20230611 030232.844 INFO             PET1       >>>MODEL: entered Run (phase=RunPhase1) with current time:    0  1  1  0  1  0   0
20230611 030232.844 INFO             PET1       MODEL: time step-loop starting, current time:    0  1  1  0  1  0   0
20230611 030232.856 INFO             PET1       thread_num=   1   currentSsiPe=   6   num_threads=   3   max_threads=   3   num_procs=   8
20230611 030232.856 INFO             PET1       thread_num=   2   currentSsiPe=   2   num_threads=   3   max_threads=   3   num_procs=   8
20230611 030232.868 INFO             PET1       thread_num=   0   currentSsiPe=   2   num_threads=   3   max_threads=   3   num_procs=   8
20230611 030232.868 INFO             PET1       ---->Advancing Model from:    0  1  1  0  1  0   0
20230611 030232.868 INFO             PET1       ---------------------> to:    0  1  1  0  1 30   0
20230611 030232.868 INFO             PET1       MODEL: time step-loop ending,   current time:    0  1  1  0  1 30   0
20230611 030232.868 INFO             PET1       <<<MODEL: leaving Run (phase=RunPhase1) with current time:    0  1  1  0  1 30   0
20230611 030232.868 INFO             PET1     MODEL: Run extro.
20230611 030232.868 INFO             PET1     driver: RunSequence event loopLevel=   1  levelMember=   1  loopIteration=   4, current time:    0  1  1  0  1 30   0
20230611 030232.868 INFO             PET1     MODEL: Run intro.
20230611 030232.868 INFO             PET1       >>>MODEL: entered Run (phase=RunPhase1) with current time:    0  1  1  0  1 30   0
20230611 030232.868 INFO             PET1       MODEL: time step-loop starting, current time:    0  1  1  0  1 30   0
20230611 030232.880 INFO             PET1       thread_num=   1   currentSsiPe=   6   num_threads=   3   max_threads=   3   num_procs=   8
20230611 030232.880 INFO             PET1       thread_num=   2   currentSsiPe=   2   num_threads=   3   max_threads=   3   num_procs=   8
20230611 030232.891 INFO             PET1       thread_num=   0   currentSsiPe=   2   num_threads=   3   max_threads=   3   num_procs=   8
20230611 030232.891 INFO             PET1       ---->Advancing Model from:    0  1  1  0  1 30   0
20230611 030232.891 INFO             PET1       ---------------------> to:    0  1  1  0  2  0   0
20230611 030232.891 INFO             PET1       MODEL: time step-loop ending,   current time:    0  1  1  0  2  0   0
20230611 030232.891 INFO             PET1       <<<MODEL: leaving Run (phase=RunPhase1) with current time:    0  1  1  0  2  0   0
20230611 030232.891 INFO             PET1     MODEL: Run extro.
20230611 030232.892 INFO             PET1     driver: RunSequence event loopLevel=   1  levelMember=   1  loopIteration=   5, current time:    0  1  1  0  2  0   0
20230611 030232.892 INFO             PET1     MODEL: Run intro.
20230611 030232.892 INFO             PET1       >>>MODEL: entered Run (phase=RunPhase1) with current time:    0  1  1  0  2  0   0
20230611 030232.892 INFO             PET1       MODEL: time step-loop starting, current time:    0  1  1  0  2  0   0
20230611 030232.909 INFO             PET1       thread_num=   0   currentSsiPe=   2   num_threads=   3   max_threads=   3   num_procs=   8
20230611 030232.909 INFO             PET1       thread_num=   2   currentSsiPe=   6   num_threads=   3   max_threads=   3   num_procs=   8
20230611 030232.920 INFO             PET1       thread_num=   1   currentSsiPe=   6   num_threads=   3   max_threads=   3   num_procs=   8
20230611 030232.920 INFO             PET1       ---->Advancing Model from:    0  1  1  0  2  0   0
20230611 030232.920 INFO             PET1       ---------------------> to:    0  1  1  0  2 30   0
20230611 030232.920 INFO             PET1       MODEL: time step-loop ending,   current time:    0  1  1  0  2 30   0
20230611 030232.920 INFO             PET1       <<<MODEL: leaving Run (phase=RunPhase1) with current time:    0  1  1  0  2 30   0
20230611 030232.920 INFO             PET1     MODEL: Run extro.
20230611 030232.920 INFO             PET1   driver: end <--------- RunSequence
20230611 030232.920 INFO             PET1   <<<driver - leaving Run with current time:    0  1  1  0  2 30   0
20230611 030232.920 INFO             PET1 driver: Run extro.
20230611 030232.920 INFO             PET1 driver: Finalize intro.
20230611 030232.920 INFO             PET1   Calling Finalize phase 1 for modelComp: MODEL
20230611 030232.920 INFO             PET1   MODEL: Finalize intro.
20230611 030232.920 INFO             PET1     >>>MODEL: entered Finalize (phase=FinalizePhase1) with current time:    0  1  1  0  2 30   0
20230611 030232.920 INFO             PET1     <<<MODEL: leaving Finalize (phase=FinalizePhase1) with current time:    0  1  1  0  2 30   0
20230611 030232.920 INFO             PET1   MODEL: Finalize extro.
20230611 030232.920 INFO             PET1   Delete modelComp: MODEL
20230611 030232.920 INFO             PET1   Delete Import-/Export State for modelComp: MODEL
20230611 030232.920 INFO             PET1 driver: Finalize extro.
20230611 030232.920 INFO             PET1 mainApp FINISHED
20230611 030232.920 INFO             PET1 Finalizing ESMF
20230611 030232.788 INFO             PET2 !!!!!!!!!!!!!!!!!!!!!!!!!!!!!!!!!!!!!!!!!!!!!!!!!!!!!!
20230611 030232.788 INFO             PET2 !!! THE ESMF_LOG IS SET TO OUTPUT ALL LOG MESSAGES !!!
20230611 030232.788 INFO             PET2 !!!     THIS MAY CAUSE SLOWDOWN IN PERFORMANCE     !!!
20230611 030232.788 INFO             PET2 !!! FOR PRODUCTION RUNS, USE:                      !!!
20230611 030232.788 INFO             PET2 !!!                   ESMF_LOGKIND_Multi_On_Error  !!!
20230611 030232.788 INFO             PET2 !!!!!!!!!!!!!!!!!!!!!!!!!!!!!!!!!!!!!!!!!!!!!!!!!!!!!!
20230611 030232.788 INFO             PET2 Running with ESMF Version   : v8.5.0b23-7-gd659dab941
20230611 030232.788 INFO             PET2 ESMF library build date/time: "Jun 11 2023" "02:39:31"
20230611 030232.788 INFO             PET2 ESMF library build location : /home/gerhard/ESMF-Nightly-Testing/gfortran_7.4.0_mpich_O_feature_bopt_g_flags/esmf
20230611 030232.788 INFO             PET2 ESMF_COMM                   : mpich
20230611 030232.788 INFO             PET2 ESMF_MOAB                   : enabled
20230611 030232.788 INFO             PET2 ESMF_LAPACK                 : enabled
20230611 030232.788 INFO             PET2 ESMF_NETCDF                 : enabled
20230611 030232.788 INFO             PET2 ESMF_PNETCDF                : disabled
20230611 030232.788 INFO             PET2 ESMF_PIO                    : enabled
20230611 030232.788 INFO             PET2 ESMF_YAMLCPP                : enabled
20230611 030232.788 INFO             PET2 mainApp STARTING
20230611 030232.790 INFO             PET2 driver: InitializeGeneric intro.
20230611 030232.790 INFO             PET2   driver: InitializeP0 intro.
20230611 030232.790 INFO             PET2   driver: InitializeP0 extro.
20230611 030232.790 INFO             PET2   driver: InitializeIPDv02p1 intro.
20230611 030232.790 INFO             PET2     >>>driver: entered Initialize (phase=<none>) without valid internal Clock.
20230611 030232.790 INFO             PET2     driver - Creating model component MODEL without petList.
20230611 030232.791 INFO             PET2      GridCompIsPetLocal:  T
20230611 030232.791 INFO             PET2      VmIsCreated:  T
20230611 030232.791 INFO             PET2      valid MPI_COMM with size=           4
20230611 030232.791 INFO             PET2     driver - Creating state: modelComp 1 Import State
20230611 030232.791 INFO             PET2     driver - Creating state: modelComp 1 Export State
20230611 030232.791 INFO             PET2     MODEL: InitializeP0 intro.
20230611 030232.791 INFO             PET2       >>>MODEL: entered Initialize (phase=<none>) without valid internal Clock.
20230611 030232.791 INFO             PET2       <<<MODEL: leaving Initialize (phase=<none>) without valid internal Clock.
20230611 030232.792 INFO             PET2     MODEL: InitializeP0 extro.
20230611 030232.792 INFO             PET2     driver: IInitAdvertise intro.
20230611 030232.792 INFO             PET2     driver: IInitAdvertise extro.
20230611 030232.792 INFO             PET2     MODEL: InitializeIPDvXp01 intro.
20230611 030232.792 INFO             PET2       >>>MODEL: entered Initialize (phase=IPDvXp01) without valid internal Clock.
20230611 030232.793 INFO             PET2       <<<MODEL: leaving Initialize (phase=IPDvXp01) without valid internal Clock.
20230611 030232.793 INFO             PET2     MODEL: InitializeIPDvXp01 extro.
20230611 030232.793 INFO             PET2     driver: IInitAdvertiseFinish intro.
20230611 030232.793 INFO             PET2     driver: IInitAdvertiseFinish extro.
20230611 030232.793 INFO             PET2     driver: IInitModifyCplLists intro.
20230611 030232.793 INFO             PET2     driver: IInitModifyCplLists extro.
20230611 030232.793 INFO             PET2     <<<driver: leaving Initialize (phase=<none>) with current time:    0  1  1  0  0  0   0
20230611 030232.793 INFO             PET2   driver: InitializeIPDv02p1 extro.
20230611 030232.793 INFO             PET2   driver: InitializeIPDv02p3 intro.
20230611 030232.793 INFO             PET2     >>>driver: entered Initialize (phase=<none>) with current time:    0  1  1  0  0  0   0
20230611 030232.793 INFO             PET2     driver: IInitCheck intro.
20230611 030232.793 INFO             PET2     driver: IInitCheck extro.
20230611 030232.793 INFO             PET2     MODEL: InitializeIPDvXp04 intro.
20230611 030232.793 INFO             PET2       >>>MODEL: entered Initialize (phase=IPDvXp04) without valid internal Clock.
20230611 030232.795 INFO             PET2       After Realize: - MemInfo: [/proc/meminfo - SSI]	MemTotal:        7836652 kB
20230611 030232.795 INFO             PET2       After Realize: - MemInfo: [/proc/meminfo - SSI]	MemFree:         4115020 kB
20230611 030232.795 INFO             PET2       After Realize: - MemInfo: [/proc/meminfo - SSI]	MemAvailable:    6290844 kB
20230611 030232.795 INFO             PET2       After Realize: - MemInfo: [/proc/meminfo - SSI]	Committed_AS:    6935036 kB
20230611 030232.795 INFO             PET2       After Realize: - MemInfo: [/proc/meminfo - SSI]	CommittedPercent: 88.4949 %
20230611 030232.795 INFO             PET2       After Realize: - MemInfo: [/proc/self/status]	VmPeak:	  107784 kB
20230611 030232.795 INFO             PET2       After Realize: - MemInfo: [/proc/self/status]	VmSize:	  107784 kB
20230611 030232.795 INFO             PET2       After Realize: - MemInfo: [/proc/self/status]	VmLck:	       0 kB
20230611 030232.795 INFO             PET2       After Realize: - MemInfo: [/proc/self/status]	VmPin:	       0 kB
20230611 030232.795 INFO             PET2       After Realize: - MemInfo: [/proc/self/status]	VmHWM:	   28092 kB
20230611 030232.795 INFO             PET2       After Realize: - MemInfo: [/proc/self/status]	VmRSS:	   28092 kB
20230611 030232.795 INFO             PET2       After Realize: - MemInfo: [/proc/self/status]	VmData:	   10108 kB
20230611 030232.795 INFO             PET2       After Realize: - MemInfo: [/proc/self/status]	VmStk:	     136 kB
20230611 030232.795 INFO             PET2       After Realize: - MemInfo: [/proc/self/status]	VmExe:	     180 kB
20230611 030232.795 INFO             PET2       After Realize: - MemInfo: [/proc/self/status]	VmLib:	   40812 kB
20230611 030232.795 INFO             PET2       After Realize: - MemInfo: [/proc/self/status]	VmPTE:	     216 kB
20230611 030232.795 INFO             PET2       After Realize: - MemInfo: [/proc/self/status]	VmSwap:	       0 kB
20230611 030232.795 INFO             PET2       After Realize: - MemInfo: [/proc/self/status]	VmRSSPercent: 0.358469 %
20230611 030232.795 INFO             PET2       After Realize: - MemInfo: [malloc] Non-mmapped space allocated:                 1019904 Byte
20230611 030232.795 INFO             PET2       After Realize: - MemInfo: [malloc] Space allocated in mmapped regions:          6012928 Byte
20230611 030232.795 INFO             PET2       After Realize: - MemInfo: [malloc] Maximum total allocated space:                     0 Byte
20230611 030232.795 INFO             PET2       After Realize: - MemInfo: [malloc] Space in freed fastbin blocks:                   768 Byte
20230611 030232.795 INFO             PET2       After Realize: - MemInfo: [malloc] Total allocated space:                        888560 Byte
20230611 030232.795 INFO             PET2       After Realize: - MemInfo: [malloc] Total free space:                             131344 Byte
20230611 030232.795 INFO             PET2       After Realize: - MemInfo: [malloc] Top-most, releasable space:                   130544 Byte
20230611 030232.795 INFO             PET2       After Realize: - MemInfo: [malloc] Total space in use, mmap + non-mmap:         6901488 Byte
20230611 030232.795 INFO             PET2       After Realize: - MemInfo: [malloc] Total space held (mmap + non-mmap):          7032832 Byte
20230611 030232.795 INFO             PET2       After Realize: - MemInfo: [malloc] Total space used (mmap + non-mmap):          6910848 Byte
20230611 030232.795 INFO             PET2       After Realize: - MemInfo: Wall-clock time since execution start:             0.00787735 seconds
20230611 030232.795 INFO             PET2       <<<MODEL: leaving Initialize (phase=IPDvXp04) without valid internal Clock.
20230611 030232.795 INFO             PET2     MODEL: InitializeIPDvXp04 extro.
20230611 030232.795 INFO             PET2     driver: IInitRealize intro.
20230611 030232.795 INFO             PET2     driver: IInitRealize extro.
20230611 030232.796 INFO             PET2     MODEL: InitializeIPDvXp07 intro.
20230611 030232.796 INFO             PET2       >>>MODEL: entered Initialize (phase=IPDvXp07) without valid internal Clock.
20230611 030232.796 INFO             PET2       <<<MODEL: leaving Initialize (phase=IPDvXp07) with current time:    0  1  1  0  0  0   0
20230611 030232.796 INFO             PET2     MODEL: InitializeIPDvXp07 extro.
20230611 030232.796 INFO             PET2     <<<driver: leaving Initialize (phase=<none>) with current time:    0  1  1  0  0  0   0
20230611 030232.796 INFO             PET2   driver: InitializeIPDv02p3 extro.
20230611 030232.796 INFO             PET2   driver: InitializeIPDv02p5 intro.
20230611 030232.796 INFO             PET2     >>>driver: entered Initialize (phase=<none>) with current time:    0  1  1  0  0  0   0
20230611 030232.796 INFO             PET2     driver: this is a top level driver, no 'Updated' and 'InitializeDataComplete' info on this level.
20230611 030232.796 INFO             PET2     driver: InitializeIPDv02p5Data intro.
20230611 030232.796 INFO             PET2       driver: InternalInitializeComplete intro.
20230611 030232.796 INFO             PET2         driver: InitializeDataComplete='true'
20230611 030232.796 INFO             PET2       driver: InternalInitializeComplete extro.
20230611 030232.796 INFO             PET2       MODEL: InitializeIPDvXp08 intro.
20230611 030232.796 INFO             PET2         >>>MODEL: entered Initialize (phase=IPDv05p8) with current time:    0  1  1  0  0  0   0
20230611 030232.796 INFO             PET2         MODEL: InitializeDataProgress='false', InitializeDataComplete='false'
20230611 030232.796 INFO             PET2         <<<MODEL: leaving Initialize (phase=IPDv05p8) with current time:    0  1  1  0  0  0   0
20230611 030232.796 INFO             PET2       MODEL: InitializeIPDvXp08 extro.
20230611 030232.796 INFO             PET2       driver: components present that trigger loopDataDependentInitialize().
20230611 030232.796 INFO             PET2       driver: loopDataDependentInitialize intro.
20230611 030232.796 INFO             PET2         driver: component    0=driver, dataComplete (local): true
20230611 030232.797 INFO             PET2         driver: component    0=driver, dataComplete (global): T
20230611 030232.797 INFO             PET2         driver: component    1=MODEL, dataComplete (local): false
20230611 030232.797 INFO             PET2         driver: component    1=MODEL, dataComplete (global): F
20230611 030232.797 INFO             PET2         MODEL: InitializeIPDvXp08 intro.
20230611 030232.797 INFO             PET2           >>>MODEL: entered Initialize (phase=IPDv05p8) with current time:    0  1  1  0  0  0   0
20230611 030232.797 INFO             PET2           MODEL: InitializeDataProgress='true', InitializeDataComplete='true'
20230611 030232.797 INFO             PET2           <<<MODEL: leaving Initialize (phase=IPDv05p8) with current time:    0  1  1  0  0  0   0
20230611 030232.797 INFO             PET2         MODEL: InitializeIPDvXp08 extro.
20230611 030232.797 INFO             PET2         driver: component    1=MODEL, someProgress (local): true
20230611 030232.797 INFO             PET2         driver: component    1=MODEL, someProgress (global): T
20230611 030232.797 INFO             PET2         driver: someProgress=T, allComplete=F, present(dataDepAllComplete)=T
20230611 030232.797 INFO             PET2         driver: component    0=driver, dataComplete (local): true
20230611 030232.797 INFO             PET2         driver: component    0=driver, dataComplete (global): T
20230611 030232.797 INFO             PET2         driver: component    1=MODEL, dataComplete (local): true
20230611 030232.797 INFO             PET2         driver: component    1=MODEL, dataComplete (global): T
20230611 030232.797 INFO             PET2         driver: someProgress=F, allComplete=T, present(dataDepAllComplete)=T
20230611 030232.797 INFO             PET2         driver: finished resolving initialize data dependencies on this level.
20230611 030232.797 INFO             PET2       driver: loopDataDependentInitialize extro.
20230611 030232.797 INFO             PET2       driver: loopDataDependentInitialize() returned with dataDepAllComplete: T
20230611 030232.797 INFO             PET2     driver: InitializeIPDv02p5Data extro.
20230611 030232.797 INFO             PET2     <<<driver: leaving Initialize (phase=<none>) with current time:    0  1  1  0  0  0   0
20230611 030232.797 INFO             PET2   driver: InitializeIPDv02p5 extro.
20230611 030232.797 INFO             PET2 driver: InitializeGeneric extro.
20230611 030232.797 INFO             PET2 driver: Run intro.
20230611 030232.797 INFO             PET2   >>>driver entered Run (phase=RunPhase1) with current time:    0  1  1  0  0  0   0
20230611 030232.797 INFO             PET2   driver: after lable_SetRunClock, current time:    0  1  1  0  0  0   0
20230611 030232.797 INFO             PET2   driver: begin -------> RunSequence.
20230611 030232.797 INFO             PET2     driver: RunSequence event loopLevel=   1  levelMember=   1  loopIteration=   1, current time:    0  1  1  0  0  0   0
20230611 030232.797 INFO             PET2     MODEL: Run intro.
20230611 030232.797 INFO             PET2       >>>MODEL: entered Run (phase=RunPhase1) with current time:    0  1  1  0  0  0   0
20230611 030232.797 INFO             PET2       MODEL: time step-loop starting, current time:    0  1  1  0  0  0   0
20230611 030232.812 INFO             PET2       thread_num=   1   currentSsiPe=   0   num_threads=   3   max_threads=   3   num_procs=   8
20230611 030232.812 INFO             PET2       thread_num=   2   currentSsiPe=   4   num_threads=   3   max_threads=   3   num_procs=   8
20230611 030232.824 INFO             PET2       thread_num=   0   currentSsiPe=   4   num_threads=   3   max_threads=   3   num_procs=   8
20230611 030232.824 INFO             PET2       ---->Advancing Model from:    0  1  1  0  0  0   0
20230611 030232.824 INFO             PET2       ---------------------> to:    0  1  1  0  0 30   0
20230611 030232.824 INFO             PET2       MODEL: time step-loop ending,   current time:    0  1  1  0  0 30   0
20230611 030232.824 INFO             PET2       <<<MODEL: leaving Run (phase=RunPhase1) with current time:    0  1  1  0  0 30   0
20230611 030232.824 INFO             PET2     MODEL: Run extro.
20230611 030232.824 INFO             PET2     driver: RunSequence event loopLevel=   1  levelMember=   1  loopIteration=   2, current time:    0  1  1  0  0 30   0
20230611 030232.824 INFO             PET2     MODEL: Run intro.
20230611 030232.824 INFO             PET2       >>>MODEL: entered Run (phase=RunPhase1) with current time:    0  1  1  0  0 30   0
20230611 030232.824 INFO             PET2       MODEL: time step-loop starting, current time:    0  1  1  0  0 30   0
20230611 030232.841 INFO             PET2       thread_num=   1   currentSsiPe=   0   num_threads=   3   max_threads=   3   num_procs=   8
20230611 030232.841 INFO             PET2       thread_num=   2   currentSsiPe=   4   num_threads=   3   max_threads=   3   num_procs=   8
20230611 030232.851 INFO             PET2       thread_num=   0   currentSsiPe=   4   num_threads=   3   max_threads=   3   num_procs=   8
20230611 030232.851 INFO             PET2       ---->Advancing Model from:    0  1  1  0  0 30   0
20230611 030232.851 INFO             PET2       ---------------------> to:    0  1  1  0  1  0   0
20230611 030232.851 INFO             PET2       MODEL: time step-loop ending,   current time:    0  1  1  0  1  0   0
20230611 030232.851 INFO             PET2       <<<MODEL: leaving Run (phase=RunPhase1) with current time:    0  1  1  0  1  0   0
20230611 030232.851 INFO             PET2     MODEL: Run extro.
20230611 030232.851 INFO             PET2     driver: RunSequence event loopLevel=   1  levelMember=   1  loopIteration=   3, current time:    0  1  1  0  1  0   0
20230611 030232.851 INFO             PET2     MODEL: Run intro.
20230611 030232.852 INFO             PET2       >>>MODEL: entered Run (phase=RunPhase1) with current time:    0  1  1  0  1  0   0
20230611 030232.852 INFO             PET2       MODEL: time step-loop starting, current time:    0  1  1  0  1  0   0
20230611 030232.858 INFO             PET2       thread_num=   2   currentSsiPe=   4   num_threads=   3   max_threads=   3   num_procs=   8
20230611 030232.858 INFO             PET2       thread_num=   1   currentSsiPe=   0   num_threads=   3   max_threads=   3   num_procs=   8
20230611 030232.872 INFO             PET2       thread_num=   0   currentSsiPe=   4   num_threads=   3   max_threads=   3   num_procs=   8
20230611 030232.872 INFO             PET2       ---->Advancing Model from:    0  1  1  0  1  0   0
20230611 030232.872 INFO             PET2       ---------------------> to:    0  1  1  0  1 30   0
20230611 030232.872 INFO             PET2       MODEL: time step-loop ending,   current time:    0  1  1  0  1 30   0
20230611 030232.872 INFO             PET2       <<<MODEL: leaving Run (phase=RunPhase1) with current time:    0  1  1  0  1 30   0
20230611 030232.872 INFO             PET2     MODEL: Run extro.
20230611 030232.872 INFO             PET2     driver: RunSequence event loopLevel=   1  levelMember=   1  loopIteration=   4, current time:    0  1  1  0  1 30   0
20230611 030232.872 INFO             PET2     MODEL: Run intro.
20230611 030232.872 INFO             PET2       >>>MODEL: entered Run (phase=RunPhase1) with current time:    0  1  1  0  1 30   0
20230611 030232.872 INFO             PET2       MODEL: time step-loop starting, current time:    0  1  1  0  1 30   0
20230611 030232.889 INFO             PET2       thread_num=   0   currentSsiPe=   4   num_threads=   3   max_threads=   3   num_procs=   8
20230611 030232.889 INFO             PET2       thread_num=   2   currentSsiPe=   0   num_threads=   3   max_threads=   3   num_procs=   8
20230611 030232.900 INFO             PET2       thread_num=   1   currentSsiPe=   0   num_threads=   3   max_threads=   3   num_procs=   8
20230611 030232.900 INFO             PET2       ---->Advancing Model from:    0  1  1  0  1 30   0
20230611 030232.900 INFO             PET2       ---------------------> to:    0  1  1  0  2  0   0
20230611 030232.900 INFO             PET2       MODEL: time step-loop ending,   current time:    0  1  1  0  2  0   0
20230611 030232.900 INFO             PET2       <<<MODEL: leaving Run (phase=RunPhase1) with current time:    0  1  1  0  2  0   0
20230611 030232.900 INFO             PET2     MODEL: Run extro.
20230611 030232.900 INFO             PET2     driver: RunSequence event loopLevel=   1  levelMember=   1  loopIteration=   5, current time:    0  1  1  0  2  0   0
20230611 030232.900 INFO             PET2     MODEL: Run intro.
20230611 030232.900 INFO             PET2       >>>MODEL: entered Run (phase=RunPhase1) with current time:    0  1  1  0  2  0   0
20230611 030232.900 INFO             PET2       MODEL: time step-loop starting, current time:    0  1  1  0  2  0   0
20230611 030232.912 INFO             PET2       thread_num=   0   currentSsiPe=   4   num_threads=   3   max_threads=   3   num_procs=   8
20230611 030232.912 INFO             PET2       thread_num=   2   currentSsiPe=   0   num_threads=   3   max_threads=   3   num_procs=   8
20230611 030232.924 INFO             PET2       thread_num=   1   currentSsiPe=   0   num_threads=   3   max_threads=   3   num_procs=   8
20230611 030232.924 INFO             PET2       ---->Advancing Model from:    0  1  1  0  2  0   0
20230611 030232.924 INFO             PET2       ---------------------> to:    0  1  1  0  2 30   0
20230611 030232.924 INFO             PET2       MODEL: time step-loop ending,   current time:    0  1  1  0  2 30   0
20230611 030232.924 INFO             PET2       <<<MODEL: leaving Run (phase=RunPhase1) with current time:    0  1  1  0  2 30   0
20230611 030232.924 INFO             PET2     MODEL: Run extro.
20230611 030232.924 INFO             PET2   driver: end <--------- RunSequence
20230611 030232.924 INFO             PET2   <<<driver - leaving Run with current time:    0  1  1  0  2 30   0
20230611 030232.924 INFO             PET2 driver: Run extro.
20230611 030232.924 INFO             PET2 driver: Finalize intro.
20230611 030232.924 INFO             PET2   Calling Finalize phase 1 for modelComp: MODEL
20230611 030232.924 INFO             PET2   MODEL: Finalize intro.
20230611 030232.924 INFO             PET2     >>>MODEL: entered Finalize (phase=FinalizePhase1) with current time:    0  1  1  0  2 30   0
20230611 030232.924 INFO             PET2     <<<MODEL: leaving Finalize (phase=FinalizePhase1) with current time:    0  1  1  0  2 30   0
20230611 030232.924 INFO             PET2   MODEL: Finalize extro.
20230611 030232.924 INFO             PET2   Delete modelComp: MODEL
20230611 030232.924 INFO             PET2   Delete Import-/Export State for modelComp: MODEL
20230611 030232.924 INFO             PET2 driver: Finalize extro.
20230611 030232.924 INFO             PET2 mainApp FINISHED
20230611 030232.924 INFO             PET2 Finalizing ESMF
20230611 030232.788 INFO             PET3 !!!!!!!!!!!!!!!!!!!!!!!!!!!!!!!!!!!!!!!!!!!!!!!!!!!!!!
20230611 030232.788 INFO             PET3 !!! THE ESMF_LOG IS SET TO OUTPUT ALL LOG MESSAGES !!!
20230611 030232.788 INFO             PET3 !!!     THIS MAY CAUSE SLOWDOWN IN PERFORMANCE     !!!
20230611 030232.788 INFO             PET3 !!! FOR PRODUCTION RUNS, USE:                      !!!
20230611 030232.788 INFO             PET3 !!!                   ESMF_LOGKIND_Multi_On_Error  !!!
20230611 030232.788 INFO             PET3 !!!!!!!!!!!!!!!!!!!!!!!!!!!!!!!!!!!!!!!!!!!!!!!!!!!!!!
20230611 030232.788 INFO             PET3 Running with ESMF Version   : v8.5.0b23-7-gd659dab941
20230611 030232.788 INFO             PET3 ESMF library build date/time: "Jun 11 2023" "02:39:31"
20230611 030232.788 INFO             PET3 ESMF library build location : /home/gerhard/ESMF-Nightly-Testing/gfortran_7.4.0_mpich_O_feature_bopt_g_flags/esmf
20230611 030232.788 INFO             PET3 ESMF_COMM                   : mpich
20230611 030232.788 INFO             PET3 ESMF_MOAB                   : enabled
20230611 030232.788 INFO             PET3 ESMF_LAPACK                 : enabled
20230611 030232.788 INFO             PET3 ESMF_NETCDF                 : enabled
20230611 030232.788 INFO             PET3 ESMF_PNETCDF                : disabled
20230611 030232.788 INFO             PET3 ESMF_PIO                    : enabled
20230611 030232.788 INFO             PET3 ESMF_YAMLCPP                : enabled
20230611 030232.788 INFO             PET3 mainApp STARTING
20230611 030232.790 INFO             PET3 driver: InitializeGeneric intro.
20230611 030232.790 INFO             PET3   driver: InitializeP0 intro.
20230611 030232.790 INFO             PET3   driver: InitializeP0 extro.
20230611 030232.790 INFO             PET3   driver: InitializeIPDv02p1 intro.
20230611 030232.790 INFO             PET3     >>>driver: entered Initialize (phase=<none>) without valid internal Clock.
20230611 030232.790 INFO             PET3     driver - Creating model component MODEL without petList.
20230611 030232.791 INFO             PET3      GridCompIsPetLocal:  T
20230611 030232.791 INFO             PET3      VmIsCreated:  T
20230611 030232.791 INFO             PET3      valid MPI_COMM with size=           4
20230611 030232.791 INFO             PET3     driver - Creating state: modelComp 1 Import State
20230611 030232.791 INFO             PET3     driver - Creating state: modelComp 1 Export State
20230611 030232.791 INFO             PET3     MODEL: InitializeP0 intro.
20230611 030232.791 INFO             PET3       >>>MODEL: entered Initialize (phase=<none>) without valid internal Clock.
20230611 030232.791 INFO             PET3       <<<MODEL: leaving Initialize (phase=<none>) without valid internal Clock.
20230611 030232.792 INFO             PET3     MODEL: InitializeP0 extro.
20230611 030232.792 INFO             PET3     driver: IInitAdvertise intro.
20230611 030232.792 INFO             PET3     driver: IInitAdvertise extro.
20230611 030232.792 INFO             PET3     MODEL: InitializeIPDvXp01 intro.
20230611 030232.792 INFO             PET3       >>>MODEL: entered Initialize (phase=IPDvXp01) without valid internal Clock.
20230611 030232.793 INFO             PET3       <<<MODEL: leaving Initialize (phase=IPDvXp01) without valid internal Clock.
20230611 030232.793 INFO             PET3     MODEL: InitializeIPDvXp01 extro.
20230611 030232.793 INFO             PET3     driver: IInitAdvertiseFinish intro.
20230611 030232.793 INFO             PET3     driver: IInitAdvertiseFinish extro.
20230611 030232.793 INFO             PET3     driver: IInitModifyCplLists intro.
20230611 030232.793 INFO             PET3     driver: IInitModifyCplLists extro.
20230611 030232.793 INFO             PET3     <<<driver: leaving Initialize (phase=<none>) with current time:    0  1  1  0  0  0   0
20230611 030232.793 INFO             PET3   driver: InitializeIPDv02p1 extro.
20230611 030232.793 INFO             PET3   driver: InitializeIPDv02p3 intro.
20230611 030232.793 INFO             PET3     >>>driver: entered Initialize (phase=<none>) with current time:    0  1  1  0  0  0   0
20230611 030232.793 INFO             PET3     driver: IInitCheck intro.
20230611 030232.793 INFO             PET3     driver: IInitCheck extro.
20230611 030232.793 INFO             PET3     MODEL: InitializeIPDvXp04 intro.
20230611 030232.793 INFO             PET3       >>>MODEL: entered Initialize (phase=IPDvXp04) without valid internal Clock.
20230611 030232.795 INFO             PET3       After Realize: - MemInfo: [/proc/meminfo - SSI]	MemTotal:        7836652 kB
20230611 030232.795 INFO             PET3       After Realize: - MemInfo: [/proc/meminfo - SSI]	MemFree:         4115020 kB
20230611 030232.795 INFO             PET3       After Realize: - MemInfo: [/proc/meminfo - SSI]	MemAvailable:    6290844 kB
20230611 030232.795 INFO             PET3       After Realize: - MemInfo: [/proc/meminfo - SSI]	Committed_AS:    6935036 kB
20230611 030232.795 INFO             PET3       After Realize: - MemInfo: [/proc/meminfo - SSI]	CommittedPercent: 88.4949 %
20230611 030232.795 INFO             PET3       After Realize: - MemInfo: [/proc/self/status]	VmPeak:	  107784 kB
20230611 030232.795 INFO             PET3       After Realize: - MemInfo: [/proc/self/status]	VmSize:	  107784 kB
20230611 030232.795 INFO             PET3       After Realize: - MemInfo: [/proc/self/status]	VmLck:	       0 kB
20230611 030232.795 INFO             PET3       After Realize: - MemInfo: [/proc/self/status]	VmPin:	       0 kB
20230611 030232.795 INFO             PET3       After Realize: - MemInfo: [/proc/self/status]	VmHWM:	   27640 kB
20230611 030232.795 INFO             PET3       After Realize: - MemInfo: [/proc/self/status]	VmRSS:	   27640 kB
20230611 030232.795 INFO             PET3       After Realize: - MemInfo: [/proc/self/status]	VmData:	   10108 kB
20230611 030232.795 INFO             PET3       After Realize: - MemInfo: [/proc/self/status]	VmStk:	     136 kB
20230611 030232.795 INFO             PET3       After Realize: - MemInfo: [/proc/self/status]	VmExe:	     180 kB
20230611 030232.795 INFO             PET3       After Realize: - MemInfo: [/proc/self/status]	VmLib:	   40812 kB
20230611 030232.795 INFO             PET3       After Realize: - MemInfo: [/proc/self/status]	VmPTE:	     208 kB
20230611 030232.795 INFO             PET3       After Realize: - MemInfo: [/proc/self/status]	VmSwap:	       0 kB
20230611 030232.795 INFO             PET3       After Realize: - MemInfo: [/proc/self/status]	VmRSSPercent: 0.352702 %
20230611 030232.795 INFO             PET3       After Realize: - MemInfo: [malloc] Non-mmapped space allocated:                 1019904 Byte
20230611 030232.795 INFO             PET3       After Realize: - MemInfo: [malloc] Space allocated in mmapped regions:          6012928 Byte
20230611 030232.795 INFO             PET3       After Realize: - MemInfo: [malloc] Maximum total allocated space:                     0 Byte
20230611 030232.795 INFO             PET3       After Realize: - MemInfo: [malloc] Space in freed fastbin blocks:                   768 Byte
20230611 030232.795 INFO             PET3       After Realize: - MemInfo: [malloc] Total allocated space:                        888544 Byte
20230611 030232.795 INFO             PET3       After Realize: - MemInfo: [malloc] Total free space:                             131360 Byte
20230611 030232.795 INFO             PET3       After Realize: - MemInfo: [malloc] Top-most, releasable space:                   130560 Byte
20230611 030232.795 INFO             PET3       After Realize: - MemInfo: [malloc] Total space in use, mmap + non-mmap:         6901472 Byte
20230611 030232.795 INFO             PET3       After Realize: - MemInfo: [malloc] Total space held (mmap + non-mmap):          7032832 Byte
20230611 030232.795 INFO             PET3       After Realize: - MemInfo: [malloc] Total space used (mmap + non-mmap):          6910832 Byte
20230611 030232.795 INFO             PET3       After Realize: - MemInfo: Wall-clock time since execution start:             0.00791144 seconds
20230611 030232.795 INFO             PET3       <<<MODEL: leaving Initialize (phase=IPDvXp04) without valid internal Clock.
20230611 030232.795 INFO             PET3     MODEL: InitializeIPDvXp04 extro.
20230611 030232.795 INFO             PET3     driver: IInitRealize intro.
20230611 030232.795 INFO             PET3     driver: IInitRealize extro.
20230611 030232.796 INFO             PET3     MODEL: InitializeIPDvXp07 intro.
20230611 030232.796 INFO             PET3       >>>MODEL: entered Initialize (phase=IPDvXp07) without valid internal Clock.
20230611 030232.796 INFO             PET3       <<<MODEL: leaving Initialize (phase=IPDvXp07) with current time:    0  1  1  0  0  0   0
20230611 030232.796 INFO             PET3     MODEL: InitializeIPDvXp07 extro.
20230611 030232.796 INFO             PET3     <<<driver: leaving Initialize (phase=<none>) with current time:    0  1  1  0  0  0   0
20230611 030232.796 INFO             PET3   driver: InitializeIPDv02p3 extro.
20230611 030232.796 INFO             PET3   driver: InitializeIPDv02p5 intro.
20230611 030232.796 INFO             PET3     >>>driver: entered Initialize (phase=<none>) with current time:    0  1  1  0  0  0   0
20230611 030232.796 INFO             PET3     driver: this is a top level driver, no 'Updated' and 'InitializeDataComplete' info on this level.
20230611 030232.796 INFO             PET3     driver: InitializeIPDv02p5Data intro.
20230611 030232.796 INFO             PET3       driver: InternalInitializeComplete intro.
20230611 030232.796 INFO             PET3         driver: InitializeDataComplete='true'
20230611 030232.796 INFO             PET3       driver: InternalInitializeComplete extro.
20230611 030232.796 INFO             PET3       MODEL: InitializeIPDvXp08 intro.
20230611 030232.796 INFO             PET3         >>>MODEL: entered Initialize (phase=IPDv05p8) with current time:    0  1  1  0  0  0   0
20230611 030232.796 INFO             PET3         MODEL: InitializeDataProgress='false', InitializeDataComplete='false'
20230611 030232.796 INFO             PET3         <<<MODEL: leaving Initialize (phase=IPDv05p8) with current time:    0  1  1  0  0  0   0
20230611 030232.796 INFO             PET3       MODEL: InitializeIPDvXp08 extro.
20230611 030232.796 INFO             PET3       driver: components present that trigger loopDataDependentInitialize().
20230611 030232.796 INFO             PET3       driver: loopDataDependentInitialize intro.
20230611 030232.796 INFO             PET3         driver: component    0=driver, dataComplete (local): true
20230611 030232.797 INFO             PET3         driver: component    0=driver, dataComplete (global): T
20230611 030232.797 INFO             PET3         driver: component    1=MODEL, dataComplete (local): false
20230611 030232.797 INFO             PET3         driver: component    1=MODEL, dataComplete (global): F
20230611 030232.797 INFO             PET3         MODEL: InitializeIPDvXp08 intro.
20230611 030232.797 INFO             PET3           >>>MODEL: entered Initialize (phase=IPDv05p8) with current time:    0  1  1  0  0  0   0
20230611 030232.797 INFO             PET3           MODEL: InitializeDataProgress='true', InitializeDataComplete='true'
20230611 030232.797 INFO             PET3           <<<MODEL: leaving Initialize (phase=IPDv05p8) with current time:    0  1  1  0  0  0   0
20230611 030232.797 INFO             PET3         MODEL: InitializeIPDvXp08 extro.
20230611 030232.797 INFO             PET3         driver: component    1=MODEL, someProgress (local): true
20230611 030232.797 INFO             PET3         driver: component    1=MODEL, someProgress (global): T
20230611 030232.797 INFO             PET3         driver: someProgress=T, allComplete=F, present(dataDepAllComplete)=T
20230611 030232.797 INFO             PET3         driver: component    0=driver, dataComplete (local): true
20230611 030232.797 INFO             PET3         driver: component    0=driver, dataComplete (global): T
20230611 030232.797 INFO             PET3         driver: component    1=MODEL, dataComplete (local): true
20230611 030232.797 INFO             PET3         driver: component    1=MODEL, dataComplete (global): T
20230611 030232.797 INFO             PET3         driver: someProgress=F, allComplete=T, present(dataDepAllComplete)=T
20230611 030232.797 INFO             PET3         driver: finished resolving initialize data dependencies on this level.
20230611 030232.797 INFO             PET3       driver: loopDataDependentInitialize extro.
20230611 030232.797 INFO             PET3       driver: loopDataDependentInitialize() returned with dataDepAllComplete: T
20230611 030232.797 INFO             PET3     driver: InitializeIPDv02p5Data extro.
20230611 030232.797 INFO             PET3     <<<driver: leaving Initialize (phase=<none>) with current time:    0  1  1  0  0  0   0
20230611 030232.797 INFO             PET3   driver: InitializeIPDv02p5 extro.
20230611 030232.797 INFO             PET3 driver: InitializeGeneric extro.
20230611 030232.797 INFO             PET3 driver: Run intro.
20230611 030232.797 INFO             PET3   >>>driver entered Run (phase=RunPhase1) with current time:    0  1  1  0  0  0   0
20230611 030232.797 INFO             PET3   driver: after lable_SetRunClock, current time:    0  1  1  0  0  0   0
20230611 030232.797 INFO             PET3   driver: begin -------> RunSequence.
20230611 030232.797 INFO             PET3     driver: RunSequence event loopLevel=   1  levelMember=   1  loopIteration=   1, current time:    0  1  1  0  0  0   0
20230611 030232.797 INFO             PET3     MODEL: Run intro.
20230611 030232.797 INFO             PET3       >>>MODEL: entered Run (phase=RunPhase1) with current time:    0  1  1  0  0  0   0
20230611 030232.797 INFO             PET3       MODEL: time step-loop starting, current time:    0  1  1  0  0  0   0
20230611 030232.814 INFO             PET3       thread_num=   1   currentSsiPe=   7   num_threads=   3   max_threads=   3   num_procs=   8
20230611 030232.815 INFO             PET3       thread_num=   2   currentSsiPe=   3   num_threads=   3   max_threads=   3   num_procs=   8
20230611 030232.824 INFO             PET3       thread_num=   0   currentSsiPe=   3   num_threads=   3   max_threads=   3   num_procs=   8
20230611 030232.824 INFO             PET3       ---->Advancing Model from:    0  1  1  0  0  0   0
20230611 030232.824 INFO             PET3       ---------------------> to:    0  1  1  0  0 30   0
20230611 030232.824 INFO             PET3       MODEL: time step-loop ending,   current time:    0  1  1  0  0 30   0
20230611 030232.824 INFO             PET3       <<<MODEL: leaving Run (phase=RunPhase1) with current time:    0  1  1  0  0 30   0
20230611 030232.824 INFO             PET3     MODEL: Run extro.
20230611 030232.824 INFO             PET3     driver: RunSequence event loopLevel=   1  levelMember=   1  loopIteration=   2, current time:    0  1  1  0  0 30   0
20230611 030232.824 INFO             PET3     MODEL: Run intro.
20230611 030232.824 INFO             PET3       >>>MODEL: entered Run (phase=RunPhase1) with current time:    0  1  1  0  0 30   0
20230611 030232.824 INFO             PET3       MODEL: time step-loop starting, current time:    0  1  1  0  0 30   0
20230611 030232.836 INFO             PET3       thread_num=   1   currentSsiPe=   7   num_threads=   3   max_threads=   3   num_procs=   8
20230611 030232.836 INFO             PET3       thread_num=   2   currentSsiPe=   3   num_threads=   3   max_threads=   3   num_procs=   8
20230611 030232.848 INFO             PET3       thread_num=   0   currentSsiPe=   3   num_threads=   3   max_threads=   3   num_procs=   8
20230611 030232.848 INFO             PET3       ---->Advancing Model from:    0  1  1  0  0 30   0
20230611 030232.848 INFO             PET3       ---------------------> to:    0  1  1  0  1  0   0
20230611 030232.848 INFO             PET3       MODEL: time step-loop ending,   current time:    0  1  1  0  1  0   0
20230611 030232.848 INFO             PET3       <<<MODEL: leaving Run (phase=RunPhase1) with current time:    0  1  1  0  1  0   0
20230611 030232.848 INFO             PET3     MODEL: Run extro.
20230611 030232.848 INFO             PET3     driver: RunSequence event loopLevel=   1  levelMember=   1  loopIteration=   3, current time:    0  1  1  0  1  0   0
20230611 030232.848 INFO             PET3     MODEL: Run intro.
20230611 030232.848 INFO             PET3       >>>MODEL: entered Run (phase=RunPhase1) with current time:    0  1  1  0  1  0   0
20230611 030232.848 INFO             PET3       MODEL: time step-loop starting, current time:    0  1  1  0  1  0   0
20230611 030232.856 INFO             PET3       thread_num=   1   currentSsiPe=   7   num_threads=   3   max_threads=   3   num_procs=   8
20230611 030232.856 INFO             PET3       thread_num=   2   currentSsiPe=   3   num_threads=   3   max_threads=   3   num_procs=   8
20230611 030232.868 INFO             PET3       thread_num=   0   currentSsiPe=   3   num_threads=   3   max_threads=   3   num_procs=   8
20230611 030232.868 INFO             PET3       ---->Advancing Model from:    0  1  1  0  1  0   0
20230611 030232.868 INFO             PET3       ---------------------> to:    0  1  1  0  1 30   0
20230611 030232.868 INFO             PET3       MODEL: time step-loop ending,   current time:    0  1  1  0  1 30   0
20230611 030232.868 INFO             PET3       <<<MODEL: leaving Run (phase=RunPhase1) with current time:    0  1  1  0  1 30   0
20230611 030232.868 INFO             PET3     MODEL: Run extro.
20230611 030232.868 INFO             PET3     driver: RunSequence event loopLevel=   1  levelMember=   1  loopIteration=   4, current time:    0  1  1  0  1 30   0
20230611 030232.868 INFO             PET3     MODEL: Run intro.
20230611 030232.868 INFO             PET3       >>>MODEL: entered Run (phase=RunPhase1) with current time:    0  1  1  0  1 30   0
20230611 030232.868 INFO             PET3       MODEL: time step-loop starting, current time:    0  1  1  0  1 30   0
20230611 030232.880 INFO             PET3       thread_num=   2   currentSsiPe=   3   num_threads=   3   max_threads=   3   num_procs=   8
20230611 030232.880 INFO             PET3       thread_num=   1   currentSsiPe=   7   num_threads=   3   max_threads=   3   num_procs=   8
20230611 030232.892 INFO             PET3       thread_num=   0   currentSsiPe=   3   num_threads=   3   max_threads=   3   num_procs=   8
20230611 030232.892 INFO             PET3       ---->Advancing Model from:    0  1  1  0  1 30   0
20230611 030232.892 INFO             PET3       ---------------------> to:    0  1  1  0  2  0   0
20230611 030232.892 INFO             PET3       MODEL: time step-loop ending,   current time:    0  1  1  0  2  0   0
20230611 030232.892 INFO             PET3       <<<MODEL: leaving Run (phase=RunPhase1) with current time:    0  1  1  0  2  0   0
20230611 030232.892 INFO             PET3     MODEL: Run extro.
20230611 030232.892 INFO             PET3     driver: RunSequence event loopLevel=   1  levelMember=   1  loopIteration=   5, current time:    0  1  1  0  2  0   0
20230611 030232.892 INFO             PET3     MODEL: Run intro.
20230611 030232.892 INFO             PET3       >>>MODEL: entered Run (phase=RunPhase1) with current time:    0  1  1  0  2  0   0
20230611 030232.892 INFO             PET3       MODEL: time step-loop starting, current time:    0  1  1  0  2  0   0
20230611 030232.904 INFO             PET3       thread_num=   1   currentSsiPe=   7   num_threads=   3   max_threads=   3   num_procs=   8
20230611 030232.904 INFO             PET3       thread_num=   2   currentSsiPe=   3   num_threads=   3   max_threads=   3   num_procs=   8
20230611 030232.916 INFO             PET3       thread_num=   0   currentSsiPe=   3   num_threads=   3   max_threads=   3   num_procs=   8
20230611 030232.916 INFO             PET3       ---->Advancing Model from:    0  1  1  0  2  0   0
20230611 030232.916 INFO             PET3       ---------------------> to:    0  1  1  0  2 30   0
20230611 030232.916 INFO             PET3       MODEL: time step-loop ending,   current time:    0  1  1  0  2 30   0
20230611 030232.916 INFO             PET3       <<<MODEL: leaving Run (phase=RunPhase1) with current time:    0  1  1  0  2 30   0
20230611 030232.916 INFO             PET3     MODEL: Run extro.
20230611 030232.916 INFO             PET3   driver: end <--------- RunSequence
20230611 030232.916 INFO             PET3   <<<driver - leaving Run with current time:    0  1  1  0  2 30   0
20230611 030232.916 INFO             PET3 driver: Run extro.
20230611 030232.916 INFO             PET3 driver: Finalize intro.
20230611 030232.916 INFO             PET3   Calling Finalize phase 1 for modelComp: MODEL
20230611 030232.916 INFO             PET3   MODEL: Finalize intro.
20230611 030232.916 INFO             PET3     >>>MODEL: entered Finalize (phase=FinalizePhase1) with current time:    0  1  1  0  2 30   0
20230611 030232.916 INFO             PET3     <<<MODEL: leaving Finalize (phase=FinalizePhase1) with current time:    0  1  1  0  2 30   0
20230611 030232.916 INFO             PET3   MODEL: Finalize extro.
20230611 030232.916 INFO             PET3   Delete modelComp: MODEL
20230611 030232.916 INFO             PET3   Delete Import-/Export State for modelComp: MODEL
20230611 030232.916 INFO             PET3 driver: Finalize extro.
20230611 030232.916 INFO             PET3 mainApp FINISHED
20230611 030232.916 INFO             PET3 Finalizing ESMF
