2023-06-13 02:17:28
20230613 023656.483 INFO             PET0 !!!!!!!!!!!!!!!!!!!!!!!!!!!!!!!!!!!!!!!!!!!!!!!!!!!!!!
20230613 023656.483 INFO             PET0 !!! THE ESMF_LOG IS SET TO OUTPUT ALL LOG MESSAGES !!!
20230613 023656.483 INFO             PET0 !!!     THIS MAY CAUSE SLOWDOWN IN PERFORMANCE     !!!
20230613 023656.483 INFO             PET0 !!! FOR PRODUCTION RUNS, USE:                      !!!
20230613 023656.483 INFO             PET0 !!!                   ESMF_LOGKIND_Multi_On_Error  !!!
20230613 023656.483 INFO             PET0 !!!!!!!!!!!!!!!!!!!!!!!!!!!!!!!!!!!!!!!!!!!!!!!!!!!!!!
20230613 023656.483 INFO             PET0 Running with ESMF Version   : v8.5.0b23-10-gc36088c160
20230613 023656.483 INFO             PET0 ESMF library build date/time: "Jun 13 2023" "02:16:03"
20230613 023656.483 INFO             PET0 ESMF library build location : /glade/gust/scratch/theurich/ESMF-Nightly-Testing/intel_2023.0.0-oneAPI_mpiuni_O_feature_bopt_g_flags/esmf
20230613 023656.483 INFO             PET0 ESMF_COMM                   : mpiuni
20230613 023656.484 INFO             PET0 ESMF_MOAB                   : enabled
20230613 023656.484 INFO             PET0 ESMF_LAPACK                 : enabled
20230613 023656.484 INFO             PET0 ESMF_NETCDF                 : enabled
20230613 023656.484 INFO             PET0 ESMF_PNETCDF                : disabled
20230613 023656.484 INFO             PET0 ESMF_PIO                    : disabled
20230613 023656.484 INFO             PET0 ESMF_YAMLCPP                : enabled
20230613 023656.487 INFO             PET0  NUMBER_OF_PROCESSORS           1
20230613 023656.487 INFO             PET0  PASS  Example ESMF_ConfigOverviewEx, ESMF_ConfigOverviewEx.F90, line 512
20230613 023656.487 INFO             PET0 Finalizing ESMF
