2023-05-12 05:01:34
20230512 060253.712 INFO             PET0 !!!!!!!!!!!!!!!!!!!!!!!!!!!!!!!!!!!!!!!!!!!!!!!!!!!!!!
20230512 060253.712 INFO             PET0 !!! THE ESMF_LOG IS SET TO OUTPUT ALL LOG MESSAGES !!!
20230512 060253.712 INFO             PET0 !!!     THIS MAY CAUSE SLOWDOWN IN PERFORMANCE     !!!
20230512 060253.712 INFO             PET0 !!! FOR PRODUCTION RUNS, USE:                      !!!
20230512 060253.712 INFO             PET0 !!!                   ESMF_LOGKIND_Multi_On_Error  !!!
20230512 060253.712 INFO             PET0 !!!!!!!!!!!!!!!!!!!!!!!!!!!!!!!!!!!!!!!!!!!!!!!!!!!!!!
20230512 060253.712 INFO             PET0 Running with ESMF Version   : v8.5.0b18-9-g15f3b88d4b
20230512 060253.712 INFO             PET0 ESMF library build date/time: "May 12 2023" "04:58:09"
20230512 060253.712 INFO             PET0 ESMF library build location : /glade/scratch/theurich/ESMF-Nightly-Testing/nvhpc_21.11_openmpi_g_feature_fill_nan/esmf
20230512 060253.712 INFO             PET0 ESMF_COMM                   : openmpi
20230512 060253.712 INFO             PET0 ESMF_MOAB                   : enabled
20230512 060253.712 INFO             PET0 ESMF_LAPACK                 : enabled
20230512 060253.712 INFO             PET0 ESMF_NETCDF                 : enabled
20230512 060253.712 INFO             PET0 ESMF_PNETCDF                : disabled
20230512 060253.712 INFO             PET0 ESMF_PIO                    : enabled
20230512 060253.712 INFO             PET0 ESMF_YAMLCPP                : enabled
20230512 060253.713 INFO             PET0 esmApp STARTING
20230512 060253.719 INFO             PET0 esm: InitializeGeneric intro.
20230512 060253.719 INFO             PET0   esm: InitializeP0 intro.
20230512 060253.719 INFO             PET0   esm: InitializeP0 extro.
20230512 060253.719 INFO             PET0   esm: InitializeIPDv02p1 intro.
20230512 060253.719 INFO             PET0     >>>esm: entered Initialize (phase=<none>) without valid internal Clock.
20230512 060253.721 INFO             PET0     esm - Creating model component ATM with petList of size 2 :
20230512 060253.721 INFO             PET0           0      1
20230512 060253.726 INFO             PET0     esm - Creating model component OCN with petList of size 2 :
20230512 060253.726 INFO             PET0           2      3
20230512 060253.726 INFO             PET0     esm - Creating connector component ATM-TO-OCN with petList of size 4 :
20230512 060253.726 INFO             PET0           0      1      2      3
20230512 060253.737 INFO             PET0     esm - Creating connector component OCN-TO-ATM with petList of size 4 :
20230512 060253.737 INFO             PET0           2      3      0      1
20230512 060253.747 INFO             PET0     esm - Creating state: modelComp 1 Import State
20230512 060253.747 INFO             PET0     esm - Creating state: modelComp 1 Export State
20230512 060253.747 INFO             PET0     esm - Creating state: modelComp 2 Import State
20230512 060253.747 INFO             PET0     esm - Creating state: modelComp 2 Export State
20230512 060253.749 INFO             PET0     ATM: InitializeP0 intro.
20230512 060253.750 INFO             PET0     ATM: InitializeP0 extro.
20230512 060253.753 INFO             PET0     ATM-TO-OCN: InitializeP0 intro.
20230512 060253.754 INFO             PET0     ATM-TO-OCN: InitializeP0 extro.
20230512 060253.755 INFO             PET0     OCN-TO-ATM: InitializeP0 intro.
20230512 060253.755 INFO             PET0     OCN-TO-ATM: InitializeP0 extro.
20230512 060253.758 INFO             PET0     esm: IInitAdvertise intro.
20230512 060253.758 INFO             PET0     esm: IInitAdvertise extro.
20230512 060253.758 INFO             PET0     ATM: InitializeIPDvXp01 intro.
20230512 060253.761 INFO             PET0     ATM: InitializeIPDvXp01 extro.
20230512 060253.764 INFO             PET0     ATM-TO-OCN: InitializeIPDv05p1 intro.
20230512 060253.777 INFO             PET0     ATM-TO-OCN: InitializeIPDv05p1 extro.
20230512 060253.782 INFO             PET0     OCN-TO-ATM: InitializeIPDv05p1 intro.
20230512 060253.787 INFO             PET0     OCN-TO-ATM: InitializeIPDv05p1 extro.
20230512 060253.788 INFO             PET0     esm: IInitAdvertiseFinish intro.
20230512 060253.788 INFO             PET0     esm: IInitAdvertiseFinish extro.
20230512 060253.788 INFO             PET0     ATM-TO-OCN: InitializeIPDv05p2a intro.
20230512 060253.796 INFO             PET0     ATM-TO-OCN: InitializeIPDv05p2a extro.
20230512 060253.796 INFO             PET0     OCN-TO-ATM: InitializeIPDv05p2a intro.
20230512 060253.802 INFO             PET0     OCN-TO-ATM: InitializeIPDv05p2a extro.
20230512 060253.802 INFO             PET0     ATM-TO-OCN: InitializeIPDv05p2b intro.
20230512 060253.810 INFO             PET0     ATM-TO-OCN: InitializeIPDv05p2b extro.
20230512 060253.810 INFO             PET0     OCN-TO-ATM: InitializeIPDv05p2b intro.
20230512 060253.816 INFO             PET0     OCN-TO-ATM: InitializeIPDv05p2b extro.
20230512 060253.816 INFO             PET0     esm: IInitModifyCplLists intro.
20230512 060253.816 INFO             PET0     esm: IInitModifyCplLists extro.
20230512 060253.817 INFO             PET0     ATM-TO-OCN: InitializeIPDv05p3 intro.
20230512 060253.825 INFO             PET0       ATM-TO-OCN: handle cplList(1): air_pressure_at_sea_level, cplSetList(1): __UNSPECIFIED__
20230512 060253.825 INFO             PET0       ATM-TO-OCN: - connected.
20230512 060253.825 INFO             PET0       ATM-TO-OCN: handle cplList(2): surface_net_downward_shortwave_flux, cplSetList(2): __UNSPECIFIED__
20230512 060253.825 INFO             PET0       ATM-TO-OCN: - connected.
20230512 060253.825 INFO             PET0     ATM-TO-OCN: InitializeIPDv05p3 extro.
20230512 060253.826 INFO             PET0     OCN-TO-ATM: InitializeIPDv05p3 intro.
20230512 060253.832 INFO             PET0       OCN-TO-ATM: handle cplList(1): sea_surface_temperature, cplSetList(1): __UNSPECIFIED__
20230512 060253.832 INFO             PET0       OCN-TO-ATM: - connected.
20230512 060253.832 INFO             PET0     OCN-TO-ATM: InitializeIPDv05p3 extro.
20230512 060253.832 INFO             PET0     <<<esm: leaving Initialize (phase=<none>) with current time: 2010  6  1  0  0  0   0
20230512 060253.832 INFO             PET0   esm: InitializeIPDv02p1 extro.
20230512 060253.832 INFO             PET0   esm: InitializeIPDv02p3 intro.
20230512 060253.832 INFO             PET0     >>>esm: entered Initialize (phase=<none>) with current time: 2010  6  1  0  0  0   0
20230512 060253.832 INFO             PET0     esm: IInitCheck intro.
20230512 060253.832 INFO             PET0     esm: IInitCheck extro.
20230512 060253.833 INFO             PET0     ATM: InitializeIPDvXp04 intro.
20230512 060253.838 INFO             PET0     ATM: InitializeIPDvXp04 extro.
20230512 060253.841 INFO             PET0     ATM-TO-OCN: InitializeIPDv05p4 intro.
20230512 060253.855 INFO             PET0       ATM-TO-OCN: handle cplList(1): air_pressure_at_sea_level, cplSetList(1): __UNSPECIFIED__
20230512 060253.855 INFO             PET0       ATM-TO-OCN: - nothing shared or transferred
20230512 060253.855 INFO             PET0       ATM-TO-OCN: handle cplList(2): surface_net_downward_shortwave_flux, cplSetList(2): __UNSPECIFIED__
20230512 060253.855 INFO             PET0       ATM-TO-OCN: - nothing shared or transferred
20230512 060253.855 INFO             PET0     ATM-TO-OCN: InitializeIPDv05p4 extro.
20230512 060253.856 INFO             PET0     OCN-TO-ATM: InitializeIPDv05p4 intro.
20230512 060253.864 INFO             PET0       OCN-TO-ATM: handle cplList(1): sea_surface_temperature, cplSetList(1): __UNSPECIFIED__
20230512 060253.864 INFO             PET0       OCN-TO-ATM: - nothing shared or transferred
20230512 060253.864 INFO             PET0     OCN-TO-ATM: InitializeIPDv05p4 extro.
20230512 060253.865 INFO             PET0     ATM-TO-OCN: InitializeIPDv05p5 intro.
20230512 060253.877 INFO             PET0       ATM-TO-OCN: handle cplList(1): air_pressure_at_sea_level, cplSetList(1): __UNSPECIFIED__
20230512 060253.877 INFO             PET0       ATM-TO-OCN: - nothing shared or transferred, or may already be handled
20230512 060253.877 INFO             PET0       ATM-TO-OCN: handle cplList(2): surface_net_downward_shortwave_flux, cplSetList(2): __UNSPECIFIED__
20230512 060253.877 INFO             PET0       ATM-TO-OCN: - nothing shared or transferred, or may already be handled
20230512 060253.877 INFO             PET0     ATM-TO-OCN: InitializeIPDv05p5 extro.
20230512 060253.878 INFO             PET0     OCN-TO-ATM: InitializeIPDv05p5 intro.
20230512 060253.886 INFO             PET0       OCN-TO-ATM: handle cplList(1): sea_surface_temperature, cplSetList(1): __UNSPECIFIED__
20230512 060253.886 INFO             PET0       OCN-TO-ATM: - nothing shared or transferred, or may already be handled
20230512 060253.886 INFO             PET0     OCN-TO-ATM: InitializeIPDv05p5 extro.
20230512 060253.887 INFO             PET0     esm: IInitRealize intro.
20230512 060253.887 INFO             PET0     esm: IInitRealize extro.
20230512 060253.887 INFO             PET0     ATM-TO-OCN: InitializeIPDv05p6a intro.
20230512 060253.899 INFO             PET0     ATM-TO-OCN: InitializeIPDv05p6a extro.
20230512 060253.899 INFO             PET0     OCN-TO-ATM: InitializeIPDv05p6a intro.
20230512 060253.907 INFO             PET0     OCN-TO-ATM: InitializeIPDv05p6a extro.
20230512 060253.907 INFO             PET0     ATM-TO-OCN: InitializeIPDv05p6b intro.
20230512 060253.908 INFO             PET0       ATM-TO-OCN: handle cplList(1): air_pressure_at_sea_level, cplSetList(1): __UNSPECIFIED__
20230512 060253.712 INFO             PET1 !!!!!!!!!!!!!!!!!!!!!!!!!!!!!!!!!!!!!!!!!!!!!!!!!!!!!!
20230512 060253.712 INFO             PET1 !!! THE ESMF_LOG IS SET TO OUTPUT ALL LOG MESSAGES !!!
20230512 060253.712 INFO             PET1 !!!     THIS MAY CAUSE SLOWDOWN IN PERFORMANCE     !!!
20230512 060253.712 INFO             PET1 !!! FOR PRODUCTION RUNS, USE:                      !!!
20230512 060253.712 INFO             PET1 !!!                   ESMF_LOGKIND_Multi_On_Error  !!!
20230512 060253.712 INFO             PET1 !!!!!!!!!!!!!!!!!!!!!!!!!!!!!!!!!!!!!!!!!!!!!!!!!!!!!!
20230512 060253.712 INFO             PET1 Running with ESMF Version   : v8.5.0b18-9-g15f3b88d4b
20230512 060253.712 INFO             PET1 ESMF library build date/time: "May 12 2023" "04:58:09"
20230512 060253.712 INFO             PET1 ESMF library build location : /glade/scratch/theurich/ESMF-Nightly-Testing/nvhpc_21.11_openmpi_g_feature_fill_nan/esmf
20230512 060253.712 INFO             PET1 ESMF_COMM                   : openmpi
20230512 060253.712 INFO             PET1 ESMF_MOAB                   : enabled
20230512 060253.712 INFO             PET1 ESMF_LAPACK                 : enabled
20230512 060253.712 INFO             PET1 ESMF_NETCDF                 : enabled
20230512 060253.712 INFO             PET1 ESMF_PNETCDF                : disabled
20230512 060253.712 INFO             PET1 ESMF_PIO                    : enabled
20230512 060253.712 INFO             PET1 ESMF_YAMLCPP                : enabled
20230512 060253.713 INFO             PET1 esmApp STARTING
20230512 060253.720 INFO             PET1 esm: InitializeGeneric intro.
20230512 060253.720 INFO             PET1   esm: InitializeP0 intro.
20230512 060253.720 INFO             PET1   esm: InitializeP0 extro.
20230512 060253.720 INFO             PET1   esm: InitializeIPDv02p1 intro.
20230512 060253.721 INFO             PET1     >>>esm: entered Initialize (phase=<none>) without valid internal Clock.
20230512 060253.721 INFO             PET1     esm - Creating model component ATM with petList of size 2 :
20230512 060253.721 INFO             PET1           0      1
20230512 060253.726 INFO             PET1     esm - Creating model component OCN with petList of size 2 :
20230512 060253.726 INFO             PET1           2      3
20230512 060253.726 INFO             PET1     esm - Creating connector component ATM-TO-OCN with petList of size 4 :
20230512 060253.726 INFO             PET1           0      1      2      3
20230512 060253.739 INFO             PET1     esm - Creating connector component OCN-TO-ATM with petList of size 4 :
20230512 060253.739 INFO             PET1           2      3      0      1
20230512 060253.749 INFO             PET1     esm - Creating state: modelComp 1 Import State
20230512 060253.749 INFO             PET1     esm - Creating state: modelComp 1 Export State
20230512 060253.750 INFO             PET1     esm - Creating state: modelComp 2 Import State
20230512 060253.750 INFO             PET1     esm - Creating state: modelComp 2 Export State
20230512 060253.751 INFO             PET1     ATM: InitializeP0 intro.
20230512 060253.754 INFO             PET1     ATM: InitializeP0 extro.
20230512 060253.757 INFO             PET1     ATM-TO-OCN: InitializeP0 intro.
20230512 060253.758 INFO             PET1     ATM-TO-OCN: InitializeP0 extro.
20230512 060253.759 INFO             PET1     OCN-TO-ATM: InitializeP0 intro.
20230512 060253.760 INFO             PET1     OCN-TO-ATM: InitializeP0 extro.
20230512 060253.762 INFO             PET1     esm: IInitAdvertise intro.
20230512 060253.762 INFO             PET1     esm: IInitAdvertise extro.
20230512 060253.763 INFO             PET1     ATM: InitializeIPDvXp01 intro.
20230512 060253.767 INFO             PET1     ATM: InitializeIPDvXp01 extro.
20230512 060253.769 INFO             PET1     ATM-TO-OCN: InitializeIPDv05p1 intro.
20230512 060253.778 INFO             PET1     ATM-TO-OCN: InitializeIPDv05p1 extro.
20230512 060253.780 INFO             PET1     OCN-TO-ATM: InitializeIPDv05p1 intro.
20230512 060253.788 INFO             PET1     OCN-TO-ATM: InitializeIPDv05p1 extro.
20230512 060253.788 INFO             PET1     esm: IInitAdvertiseFinish intro.
20230512 060253.788 INFO             PET1     esm: IInitAdvertiseFinish extro.
20230512 060253.788 INFO             PET1     ATM-TO-OCN: InitializeIPDv05p2a intro.
20230512 060253.796 INFO             PET1     ATM-TO-OCN: InitializeIPDv05p2a extro.
20230512 060253.796 INFO             PET1     OCN-TO-ATM: InitializeIPDv05p2a intro.
20230512 060253.802 INFO             PET1     OCN-TO-ATM: InitializeIPDv05p2a extro.
20230512 060253.802 INFO             PET1     ATM-TO-OCN: InitializeIPDv05p2b intro.
20230512 060253.810 INFO             PET1     ATM-TO-OCN: InitializeIPDv05p2b extro.
20230512 060253.811 INFO             PET1     OCN-TO-ATM: InitializeIPDv05p2b intro.
20230512 060253.816 INFO             PET1     OCN-TO-ATM: InitializeIPDv05p2b extro.
20230512 060253.817 INFO             PET1     esm: IInitModifyCplLists intro.
20230512 060253.817 INFO             PET1     esm: IInitModifyCplLists extro.
20230512 060253.817 INFO             PET1     ATM-TO-OCN: InitializeIPDv05p3 intro.
20230512 060253.825 INFO             PET1       ATM-TO-OCN: handle cplList(1): air_pressure_at_sea_level, cplSetList(1): __UNSPECIFIED__
20230512 060253.825 INFO             PET1       ATM-TO-OCN: - connected.
20230512 060253.826 INFO             PET1       ATM-TO-OCN: handle cplList(2): surface_net_downward_shortwave_flux, cplSetList(2): __UNSPECIFIED__
20230512 060253.826 INFO             PET1       ATM-TO-OCN: - connected.
20230512 060253.826 INFO             PET1     ATM-TO-OCN: InitializeIPDv05p3 extro.
20230512 060253.826 INFO             PET1     OCN-TO-ATM: InitializeIPDv05p3 intro.
20230512 060253.832 INFO             PET1       OCN-TO-ATM: handle cplList(1): sea_surface_temperature, cplSetList(1): __UNSPECIFIED__
20230512 060253.832 INFO             PET1       OCN-TO-ATM: - connected.
20230512 060253.832 INFO             PET1     OCN-TO-ATM: InitializeIPDv05p3 extro.
20230512 060253.832 INFO             PET1     <<<esm: leaving Initialize (phase=<none>) with current time: 2010  6  1  0  0  0   0
20230512 060253.832 INFO             PET1   esm: InitializeIPDv02p1 extro.
20230512 060253.832 INFO             PET1   esm: InitializeIPDv02p3 intro.
20230512 060253.833 INFO             PET1     >>>esm: entered Initialize (phase=<none>) with current time: 2010  6  1  0  0  0   0
20230512 060253.833 INFO             PET1     esm: IInitCheck intro.
20230512 060253.833 INFO             PET1     esm: IInitCheck extro.
20230512 060253.833 INFO             PET1     ATM: InitializeIPDvXp04 intro.
20230512 060253.840 INFO             PET1     ATM: InitializeIPDvXp04 extro.
20230512 060253.843 INFO             PET1     ATM-TO-OCN: InitializeIPDv05p4 intro.
20230512 060253.856 INFO             PET1       ATM-TO-OCN: handle cplList(1): air_pressure_at_sea_level, cplSetList(1): __UNSPECIFIED__
20230512 060253.856 INFO             PET1       ATM-TO-OCN: - nothing shared or transferred
20230512 060253.856 INFO             PET1       ATM-TO-OCN: handle cplList(2): surface_net_downward_shortwave_flux, cplSetList(2): __UNSPECIFIED__
20230512 060253.856 INFO             PET1       ATM-TO-OCN: - nothing shared or transferred
20230512 060253.856 INFO             PET1     ATM-TO-OCN: InitializeIPDv05p4 extro.
20230512 060253.856 INFO             PET1     OCN-TO-ATM: InitializeIPDv05p4 intro.
20230512 060253.865 INFO             PET1       OCN-TO-ATM: handle cplList(1): sea_surface_temperature, cplSetList(1): __UNSPECIFIED__
20230512 060253.865 INFO             PET1       OCN-TO-ATM: - nothing shared or transferred
20230512 060253.865 INFO             PET1     OCN-TO-ATM: InitializeIPDv05p4 extro.
20230512 060253.865 INFO             PET1     ATM-TO-OCN: InitializeIPDv05p5 intro.
20230512 060253.878 INFO             PET1       ATM-TO-OCN: handle cplList(1): air_pressure_at_sea_level, cplSetList(1): __UNSPECIFIED__
20230512 060253.878 INFO             PET1       ATM-TO-OCN: - nothing shared or transferred, or may already be handled
20230512 060253.878 INFO             PET1       ATM-TO-OCN: handle cplList(2): surface_net_downward_shortwave_flux, cplSetList(2): __UNSPECIFIED__
20230512 060253.878 INFO             PET1       ATM-TO-OCN: - nothing shared or transferred, or may already be handled
20230512 060253.878 INFO             PET1     ATM-TO-OCN: InitializeIPDv05p5 extro.
20230512 060253.878 INFO             PET1     OCN-TO-ATM: InitializeIPDv05p5 intro.
20230512 060253.887 INFO             PET1       OCN-TO-ATM: handle cplList(1): sea_surface_temperature, cplSetList(1): __UNSPECIFIED__
20230512 060253.887 INFO             PET1       OCN-TO-ATM: - nothing shared or transferred, or may already be handled
20230512 060253.887 INFO             PET1     OCN-TO-ATM: InitializeIPDv05p5 extro.
20230512 060253.887 INFO             PET1     esm: IInitRealize intro.
20230512 060253.887 INFO             PET1     esm: IInitRealize extro.
20230512 060253.887 INFO             PET1     ATM-TO-OCN: InitializeIPDv05p6a intro.
20230512 060253.899 INFO             PET1     ATM-TO-OCN: InitializeIPDv05p6a extro.
20230512 060253.900 INFO             PET1     OCN-TO-ATM: InitializeIPDv05p6a intro.
20230512 060253.907 INFO             PET1     OCN-TO-ATM: InitializeIPDv05p6a extro.
20230512 060253.908 INFO             PET1     ATM-TO-OCN: InitializeIPDv05p6b intro.
20230512 060253.908 INFO             PET1       ATM-TO-OCN: handle cplList(1): air_pressure_at_sea_level, cplSetList(1): __UNSPECIFIED__
20230512 060253.712 INFO             PET2 !!!!!!!!!!!!!!!!!!!!!!!!!!!!!!!!!!!!!!!!!!!!!!!!!!!!!!
20230512 060253.712 INFO             PET2 !!! THE ESMF_LOG IS SET TO OUTPUT ALL LOG MESSAGES !!!
20230512 060253.712 INFO             PET2 !!!     THIS MAY CAUSE SLOWDOWN IN PERFORMANCE     !!!
20230512 060253.712 INFO             PET2 !!! FOR PRODUCTION RUNS, USE:                      !!!
20230512 060253.712 INFO             PET2 !!!                   ESMF_LOGKIND_Multi_On_Error  !!!
20230512 060253.712 INFO             PET2 !!!!!!!!!!!!!!!!!!!!!!!!!!!!!!!!!!!!!!!!!!!!!!!!!!!!!!
20230512 060253.712 INFO             PET2 Running with ESMF Version   : v8.5.0b18-9-g15f3b88d4b
20230512 060253.712 INFO             PET2 ESMF library build date/time: "May 12 2023" "04:58:09"
20230512 060253.712 INFO             PET2 ESMF library build location : /glade/scratch/theurich/ESMF-Nightly-Testing/nvhpc_21.11_openmpi_g_feature_fill_nan/esmf
20230512 060253.712 INFO             PET2 ESMF_COMM                   : openmpi
20230512 060253.712 INFO             PET2 ESMF_MOAB                   : enabled
20230512 060253.712 INFO             PET2 ESMF_LAPACK                 : enabled
20230512 060253.712 INFO             PET2 ESMF_NETCDF                 : enabled
20230512 060253.712 INFO             PET2 ESMF_PNETCDF                : disabled
20230512 060253.712 INFO             PET2 ESMF_PIO                    : enabled
20230512 060253.712 INFO             PET2 ESMF_YAMLCPP                : enabled
20230512 060253.713 INFO             PET2 esmApp STARTING
20230512 060253.719 INFO             PET2 esm: InitializeGeneric intro.
20230512 060253.719 INFO             PET2   esm: InitializeP0 intro.
20230512 060253.719 INFO             PET2   esm: InitializeP0 extro.
20230512 060253.719 INFO             PET2   esm: InitializeIPDv02p1 intro.
20230512 060253.719 INFO             PET2     >>>esm: entered Initialize (phase=<none>) without valid internal Clock.
20230512 060253.721 INFO             PET2     esm - Creating model component ATM with petList of size 2 :
20230512 060253.721 INFO             PET2           0      1
20230512 060253.726 INFO             PET2     esm - Creating model component OCN with petList of size 2 :
20230512 060253.726 INFO             PET2           2      3
20230512 060253.730 INFO             PET2     esm - Creating connector component ATM-TO-OCN with petList of size 4 :
20230512 060253.730 INFO             PET2           0      1      2      3
20230512 060253.737 INFO             PET2     esm - Creating connector component OCN-TO-ATM with petList of size 4 :
20230512 060253.737 INFO             PET2           2      3      0      1
20230512 060253.747 INFO             PET2     esm - Creating state: modelComp 1 Import State
20230512 060253.747 INFO             PET2     esm - Creating state: modelComp 1 Export State
20230512 060253.747 INFO             PET2     esm - Creating state: modelComp 2 Import State
20230512 060253.747 INFO             PET2     esm - Creating state: modelComp 2 Export State
20230512 060253.749 INFO             PET2     OCN: InitializeP0 intro.
20230512 060253.750 INFO             PET2     OCN: InitializeP0 extro.
20230512 060253.753 INFO             PET2     ATM-TO-OCN: InitializeP0 intro.
20230512 060253.754 INFO             PET2     ATM-TO-OCN: InitializeP0 extro.
20230512 060253.755 INFO             PET2     OCN-TO-ATM: InitializeP0 intro.
20230512 060253.756 INFO             PET2     OCN-TO-ATM: InitializeP0 extro.
20230512 060253.758 INFO             PET2     esm: IInitAdvertise intro.
20230512 060253.758 INFO             PET2     esm: IInitAdvertise extro.
20230512 060253.758 INFO             PET2     OCN: InitializeIPDvXp01 intro.
20230512 060253.761 INFO             PET2     OCN: InitializeIPDvXp01 extro.
20230512 060253.763 INFO             PET2     ATM-TO-OCN: InitializeIPDv05p1 intro.
20230512 060253.777 INFO             PET2     ATM-TO-OCN: InitializeIPDv05p1 extro.
20230512 060253.780 INFO             PET2     OCN-TO-ATM: InitializeIPDv05p1 intro.
20230512 060253.787 INFO             PET2     OCN-TO-ATM: InitializeIPDv05p1 extro.
20230512 060253.788 INFO             PET2     esm: IInitAdvertiseFinish intro.
20230512 060253.788 INFO             PET2     esm: IInitAdvertiseFinish extro.
20230512 060253.788 INFO             PET2     ATM-TO-OCN: InitializeIPDv05p2a intro.
20230512 060253.796 INFO             PET2     ATM-TO-OCN: InitializeIPDv05p2a extro.
20230512 060253.796 INFO             PET2     OCN-TO-ATM: InitializeIPDv05p2a intro.
20230512 060253.802 INFO             PET2     OCN-TO-ATM: InitializeIPDv05p2a extro.
20230512 060253.802 INFO             PET2     ATM-TO-OCN: InitializeIPDv05p2b intro.
20230512 060253.810 INFO             PET2     ATM-TO-OCN: InitializeIPDv05p2b extro.
20230512 060253.810 INFO             PET2     OCN-TO-ATM: InitializeIPDv05p2b intro.
20230512 060253.816 INFO             PET2     OCN-TO-ATM: InitializeIPDv05p2b extro.
20230512 060253.816 INFO             PET2     esm: IInitModifyCplLists intro.
20230512 060253.816 INFO             PET2     esm: IInitModifyCplLists extro.
20230512 060253.817 INFO             PET2     ATM-TO-OCN: InitializeIPDv05p3 intro.
20230512 060253.825 INFO             PET2       ATM-TO-OCN: handle cplList(1): air_pressure_at_sea_level, cplSetList(1): __UNSPECIFIED__
20230512 060253.825 INFO             PET2       ATM-TO-OCN: - connected.
20230512 060253.825 INFO             PET2       ATM-TO-OCN: handle cplList(2): surface_net_downward_shortwave_flux, cplSetList(2): __UNSPECIFIED__
20230512 060253.825 INFO             PET2       ATM-TO-OCN: - connected.
20230512 060253.825 INFO             PET2     ATM-TO-OCN: InitializeIPDv05p3 extro.
20230512 060253.826 INFO             PET2     OCN-TO-ATM: InitializeIPDv05p3 intro.
20230512 060253.832 INFO             PET2       OCN-TO-ATM: handle cplList(1): sea_surface_temperature, cplSetList(1): __UNSPECIFIED__
20230512 060253.832 INFO             PET2       OCN-TO-ATM: - connected.
20230512 060253.832 INFO             PET2     OCN-TO-ATM: InitializeIPDv05p3 extro.
20230512 060253.832 INFO             PET2     <<<esm: leaving Initialize (phase=<none>) with current time: 2010  6  1  0  0  0   0
20230512 060253.832 INFO             PET2   esm: InitializeIPDv02p1 extro.
20230512 060253.832 INFO             PET2   esm: InitializeIPDv02p3 intro.
20230512 060253.832 INFO             PET2     >>>esm: entered Initialize (phase=<none>) with current time: 2010  6  1  0  0  0   0
20230512 060253.832 INFO             PET2     esm: IInitCheck intro.
20230512 060253.832 INFO             PET2     esm: IInitCheck extro.
20230512 060253.833 INFO             PET2     OCN: InitializeIPDvXp04 intro.
20230512 060253.838 INFO             PET2     OCN: InitializeIPDvXp04 extro.
20230512 060253.841 INFO             PET2     ATM-TO-OCN: InitializeIPDv05p4 intro.
20230512 060253.855 INFO             PET2       ATM-TO-OCN: handle cplList(1): air_pressure_at_sea_level, cplSetList(1): __UNSPECIFIED__
20230512 060253.855 INFO             PET2       ATM-TO-OCN: - nothing shared or transferred
20230512 060253.855 INFO             PET2       ATM-TO-OCN: handle cplList(2): surface_net_downward_shortwave_flux, cplSetList(2): __UNSPECIFIED__
20230512 060253.855 INFO             PET2       ATM-TO-OCN: - nothing shared or transferred
20230512 060253.855 INFO             PET2     ATM-TO-OCN: InitializeIPDv05p4 extro.
20230512 060253.856 INFO             PET2     OCN-TO-ATM: InitializeIPDv05p4 intro.
20230512 060253.864 INFO             PET2       OCN-TO-ATM: handle cplList(1): sea_surface_temperature, cplSetList(1): __UNSPECIFIED__
20230512 060253.864 INFO             PET2       OCN-TO-ATM: - nothing shared or transferred
20230512 060253.864 INFO             PET2     OCN-TO-ATM: InitializeIPDv05p4 extro.
20230512 060253.865 INFO             PET2     ATM-TO-OCN: InitializeIPDv05p5 intro.
20230512 060253.877 INFO             PET2       ATM-TO-OCN: handle cplList(1): air_pressure_at_sea_level, cplSetList(1): __UNSPECIFIED__
20230512 060253.877 INFO             PET2       ATM-TO-OCN: - nothing shared or transferred, or may already be handled
20230512 060253.877 INFO             PET2       ATM-TO-OCN: handle cplList(2): surface_net_downward_shortwave_flux, cplSetList(2): __UNSPECIFIED__
20230512 060253.877 INFO             PET2       ATM-TO-OCN: - nothing shared or transferred, or may already be handled
20230512 060253.877 INFO             PET2     ATM-TO-OCN: InitializeIPDv05p5 extro.
20230512 060253.878 INFO             PET2     OCN-TO-ATM: InitializeIPDv05p5 intro.
20230512 060253.886 INFO             PET2       OCN-TO-ATM: handle cplList(1): sea_surface_temperature, cplSetList(1): __UNSPECIFIED__
20230512 060253.886 INFO             PET2       OCN-TO-ATM: - nothing shared or transferred, or may already be handled
20230512 060253.886 INFO             PET2     OCN-TO-ATM: InitializeIPDv05p5 extro.
20230512 060253.886 INFO             PET2     esm: IInitRealize intro.
20230512 060253.887 INFO             PET2     esm: IInitRealize extro.
20230512 060253.887 INFO             PET2     ATM-TO-OCN: InitializeIPDv05p6a intro.
20230512 060253.899 INFO             PET2     ATM-TO-OCN: InitializeIPDv05p6a extro.
20230512 060253.899 INFO             PET2     OCN-TO-ATM: InitializeIPDv05p6a intro.
20230512 060253.907 INFO             PET2     OCN-TO-ATM: InitializeIPDv05p6a extro.
20230512 060253.907 INFO             PET2     ATM-TO-OCN: InitializeIPDv05p6b intro.
20230512 060253.908 INFO             PET2       ATM-TO-OCN: handle cplList(1): air_pressure_at_sea_level, cplSetList(1): __UNSPECIFIED__
20230512 060253.711 INFO             PET3 !!!!!!!!!!!!!!!!!!!!!!!!!!!!!!!!!!!!!!!!!!!!!!!!!!!!!!
20230512 060253.711 INFO             PET3 !!! THE ESMF_LOG IS SET TO OUTPUT ALL LOG MESSAGES !!!
20230512 060253.711 INFO             PET3 !!!     THIS MAY CAUSE SLOWDOWN IN PERFORMANCE     !!!
20230512 060253.711 INFO             PET3 !!! FOR PRODUCTION RUNS, USE:                      !!!
20230512 060253.711 INFO             PET3 !!!                   ESMF_LOGKIND_Multi_On_Error  !!!
20230512 060253.711 INFO             PET3 !!!!!!!!!!!!!!!!!!!!!!!!!!!!!!!!!!!!!!!!!!!!!!!!!!!!!!
20230512 060253.711 INFO             PET3 Running with ESMF Version   : v8.5.0b18-9-g15f3b88d4b
20230512 060253.711 INFO             PET3 ESMF library build date/time: "May 12 2023" "04:58:09"
20230512 060253.711 INFO             PET3 ESMF library build location : /glade/scratch/theurich/ESMF-Nightly-Testing/nvhpc_21.11_openmpi_g_feature_fill_nan/esmf
20230512 060253.711 INFO             PET3 ESMF_COMM                   : openmpi
20230512 060253.712 INFO             PET3 ESMF_MOAB                   : enabled
20230512 060253.712 INFO             PET3 ESMF_LAPACK                 : enabled
20230512 060253.712 INFO             PET3 ESMF_NETCDF                 : enabled
20230512 060253.712 INFO             PET3 ESMF_PNETCDF                : disabled
20230512 060253.712 INFO             PET3 ESMF_PIO                    : enabled
20230512 060253.712 INFO             PET3 ESMF_YAMLCPP                : enabled
20230512 060253.713 INFO             PET3 esmApp STARTING
20230512 060253.719 INFO             PET3 esm: InitializeGeneric intro.
20230512 060253.719 INFO             PET3   esm: InitializeP0 intro.
20230512 060253.719 INFO             PET3   esm: InitializeP0 extro.
20230512 060253.719 INFO             PET3   esm: InitializeIPDv02p1 intro.
20230512 060253.719 INFO             PET3     >>>esm: entered Initialize (phase=<none>) without valid internal Clock.
20230512 060253.721 INFO             PET3     esm - Creating model component ATM with petList of size 2 :
20230512 060253.721 INFO             PET3           0      1
20230512 060253.726 INFO             PET3     esm - Creating model component OCN with petList of size 2 :
20230512 060253.726 INFO             PET3           2      3
20230512 060253.730 INFO             PET3     esm - Creating connector component ATM-TO-OCN with petList of size 4 :
20230512 060253.730 INFO             PET3           0      1      2      3
20230512 060253.737 INFO             PET3     esm - Creating connector component OCN-TO-ATM with petList of size 4 :
20230512 060253.737 INFO             PET3           2      3      0      1
20230512 060253.747 INFO             PET3     esm - Creating state: modelComp 1 Import State
20230512 060253.747 INFO             PET3     esm - Creating state: modelComp 1 Export State
20230512 060253.747 INFO             PET3     esm - Creating state: modelComp 2 Import State
20230512 060253.747 INFO             PET3     esm - Creating state: modelComp 2 Export State
20230512 060253.749 INFO             PET3     OCN: InitializeP0 intro.
20230512 060253.750 INFO             PET3     OCN: InitializeP0 extro.
20230512 060253.756 INFO             PET3     ATM-TO-OCN: InitializeP0 intro.
20230512 060253.757 INFO             PET3     ATM-TO-OCN: InitializeP0 extro.
20230512 060253.759 INFO             PET3     OCN-TO-ATM: InitializeP0 intro.
20230512 060253.759 INFO             PET3     OCN-TO-ATM: InitializeP0 extro.
20230512 060253.761 INFO             PET3     esm: IInitAdvertise intro.
20230512 060253.762 INFO             PET3     esm: IInitAdvertise extro.
20230512 060253.762 INFO             PET3     OCN: InitializeIPDvXp01 intro.
20230512 060253.765 INFO             PET3     OCN: InitializeIPDvXp01 extro.
20230512 060253.769 INFO             PET3     ATM-TO-OCN: InitializeIPDv05p1 intro.
20230512 060253.777 INFO             PET3     ATM-TO-OCN: InitializeIPDv05p1 extro.
20230512 060253.782 INFO             PET3     OCN-TO-ATM: InitializeIPDv05p1 intro.
20230512 060253.787 INFO             PET3     OCN-TO-ATM: InitializeIPDv05p1 extro.
20230512 060253.788 INFO             PET3     esm: IInitAdvertiseFinish intro.
20230512 060253.788 INFO             PET3     esm: IInitAdvertiseFinish extro.
20230512 060253.788 INFO             PET3     ATM-TO-OCN: InitializeIPDv05p2a intro.
20230512 060253.796 INFO             PET3     ATM-TO-OCN: InitializeIPDv05p2a extro.
20230512 060253.796 INFO             PET3     OCN-TO-ATM: InitializeIPDv05p2a intro.
20230512 060253.802 INFO             PET3     OCN-TO-ATM: InitializeIPDv05p2a extro.
20230512 060253.802 INFO             PET3     ATM-TO-OCN: InitializeIPDv05p2b intro.
20230512 060253.810 INFO             PET3     ATM-TO-OCN: InitializeIPDv05p2b extro.
20230512 060253.810 INFO             PET3     OCN-TO-ATM: InitializeIPDv05p2b intro.
20230512 060253.816 INFO             PET3     OCN-TO-ATM: InitializeIPDv05p2b extro.
20230512 060253.816 INFO             PET3     esm: IInitModifyCplLists intro.
20230512 060253.816 INFO             PET3     esm: IInitModifyCplLists extro.
20230512 060253.817 INFO             PET3     ATM-TO-OCN: InitializeIPDv05p3 intro.
20230512 060253.825 INFO             PET3       ATM-TO-OCN: handle cplList(1): air_pressure_at_sea_level, cplSetList(1): __UNSPECIFIED__
20230512 060253.825 INFO             PET3       ATM-TO-OCN: - connected.
20230512 060253.825 INFO             PET3       ATM-TO-OCN: handle cplList(2): surface_net_downward_shortwave_flux, cplSetList(2): __UNSPECIFIED__
20230512 060253.825 INFO             PET3       ATM-TO-OCN: - connected.
20230512 060253.825 INFO             PET3     ATM-TO-OCN: InitializeIPDv05p3 extro.
20230512 060253.826 INFO             PET3     OCN-TO-ATM: InitializeIPDv05p3 intro.
20230512 060253.832 INFO             PET3       OCN-TO-ATM: handle cplList(1): sea_surface_temperature, cplSetList(1): __UNSPECIFIED__
20230512 060253.832 INFO             PET3       OCN-TO-ATM: - connected.
20230512 060253.832 INFO             PET3     OCN-TO-ATM: InitializeIPDv05p3 extro.
20230512 060253.832 INFO             PET3     <<<esm: leaving Initialize (phase=<none>) with current time: 2010  6  1  0  0  0   0
20230512 060253.832 INFO             PET3   esm: InitializeIPDv02p1 extro.
20230512 060253.832 INFO             PET3   esm: InitializeIPDv02p3 intro.
20230512 060253.832 INFO             PET3     >>>esm: entered Initialize (phase=<none>) with current time: 2010  6  1  0  0  0   0
20230512 060253.832 INFO             PET3     esm: IInitCheck intro.
20230512 060253.832 INFO             PET3     esm: IInitCheck extro.
20230512 060253.833 INFO             PET3     OCN: InitializeIPDvXp04 intro.
20230512 060253.838 INFO             PET3     OCN: InitializeIPDvXp04 extro.
20230512 060253.842 INFO             PET3     ATM-TO-OCN: InitializeIPDv05p4 intro.
20230512 060253.855 INFO             PET3       ATM-TO-OCN: handle cplList(1): air_pressure_at_sea_level, cplSetList(1): __UNSPECIFIED__
20230512 060253.855 INFO             PET3       ATM-TO-OCN: - nothing shared or transferred
20230512 060253.855 INFO             PET3       ATM-TO-OCN: handle cplList(2): surface_net_downward_shortwave_flux, cplSetList(2): __UNSPECIFIED__
20230512 060253.855 INFO             PET3       ATM-TO-OCN: - nothing shared or transferred
20230512 060253.855 INFO             PET3     ATM-TO-OCN: InitializeIPDv05p4 extro.
20230512 060253.856 INFO             PET3     OCN-TO-ATM: InitializeIPDv05p4 intro.
20230512 060253.864 INFO             PET3       OCN-TO-ATM: handle cplList(1): sea_surface_temperature, cplSetList(1): __UNSPECIFIED__
20230512 060253.864 INFO             PET3       OCN-TO-ATM: - nothing shared or transferred
20230512 060253.864 INFO             PET3     OCN-TO-ATM: InitializeIPDv05p4 extro.
20230512 060253.865 INFO             PET3     ATM-TO-OCN: InitializeIPDv05p5 intro.
20230512 060253.877 INFO             PET3       ATM-TO-OCN: handle cplList(1): air_pressure_at_sea_level, cplSetList(1): __UNSPECIFIED__
20230512 060253.877 INFO             PET3       ATM-TO-OCN: - nothing shared or transferred, or may already be handled
20230512 060253.877 INFO             PET3       ATM-TO-OCN: handle cplList(2): surface_net_downward_shortwave_flux, cplSetList(2): __UNSPECIFIED__
20230512 060253.877 INFO             PET3       ATM-TO-OCN: - nothing shared or transferred, or may already be handled
20230512 060253.877 INFO             PET3     ATM-TO-OCN: InitializeIPDv05p5 extro.
20230512 060253.878 INFO             PET3     OCN-TO-ATM: InitializeIPDv05p5 intro.
20230512 060253.886 INFO             PET3       OCN-TO-ATM: handle cplList(1): sea_surface_temperature, cplSetList(1): __UNSPECIFIED__
20230512 060253.886 INFO             PET3       OCN-TO-ATM: - nothing shared or transferred, or may already be handled
20230512 060253.886 INFO             PET3     OCN-TO-ATM: InitializeIPDv05p5 extro.
20230512 060253.887 INFO             PET3     esm: IInitRealize intro.
20230512 060253.887 INFO             PET3     esm: IInitRealize extro.
20230512 060253.887 INFO             PET3     ATM-TO-OCN: InitializeIPDv05p6a intro.
20230512 060253.899 INFO             PET3     ATM-TO-OCN: InitializeIPDv05p6a extro.
20230512 060253.899 INFO             PET3     OCN-TO-ATM: InitializeIPDv05p6a intro.
20230512 060253.907 INFO             PET3     OCN-TO-ATM: InitializeIPDv05p6a extro.
20230512 060253.907 INFO             PET3     ATM-TO-OCN: InitializeIPDv05p6b intro.
20230512 060253.908 INFO             PET3       ATM-TO-OCN: handle cplList(1): air_pressure_at_sea_level, cplSetList(1): __UNSPECIFIED__
