2023-05-13 05:08:30
20230513 061931.697 INFO             PET0 !!!!!!!!!!!!!!!!!!!!!!!!!!!!!!!!!!!!!!!!!!!!!!!!!!!!!!
20230513 061931.697 INFO             PET0 !!! THE ESMF_LOG IS SET TO OUTPUT ALL LOG MESSAGES !!!
20230513 061931.697 INFO             PET0 !!!     THIS MAY CAUSE SLOWDOWN IN PERFORMANCE     !!!
20230513 061931.697 INFO             PET0 !!! FOR PRODUCTION RUNS, USE:                      !!!
20230513 061931.697 INFO             PET0 !!!                   ESMF_LOGKIND_Multi_On_Error  !!!
20230513 061931.697 INFO             PET0 !!!!!!!!!!!!!!!!!!!!!!!!!!!!!!!!!!!!!!!!!!!!!!!!!!!!!!
20230513 061931.697 INFO             PET0 Running with ESMF Version   : v8.5.0b18-9-g15f3b88d4b
20230513 061931.697 INFO             PET0 ESMF library build date/time: "May 13 2023" "05:05:15"
20230513 061931.697 INFO             PET0 ESMF library build location : /glade/scratch/theurich/ESMF-Nightly-Testing/nvhpc_21.11_openmpi_g_feature_fill_nan/esmf
20230513 061931.697 INFO             PET0 ESMF_COMM                   : openmpi
20230513 061931.698 INFO             PET0 ESMF_MOAB                   : enabled
20230513 061931.698 INFO             PET0 ESMF_LAPACK                 : enabled
20230513 061931.698 INFO             PET0 ESMF_NETCDF                 : enabled
20230513 061931.698 INFO             PET0 ESMF_PNETCDF                : disabled
20230513 061931.698 INFO             PET0 ESMF_PIO                    : enabled
20230513 061931.698 INFO             PET0 ESMF_YAMLCPP                : enabled
20230513 061931.698 INFO             PET0 esmApp STARTING
20230513 061931.705 INFO             PET0 esm: InitializeGeneric intro.
20230513 061931.705 INFO             PET0   esm: InitializeP0 intro.
20230513 061931.705 INFO             PET0   esm: InitializeP0 extro.
20230513 061931.705 INFO             PET0   esm: InitializeIPDv02p1 intro.
20230513 061931.706 INFO             PET0     >>>esm: entered Initialize (phase=<none>) without valid internal Clock.
20230513 061931.706 INFO             PET0     esm - Creating model component ATM with petList of size 2 :
20230513 061931.706 INFO             PET0           0      1
20230513 061931.709 INFO             PET0     esm - Creating model component OCN with petList of size 1 :
20230513 061931.709 INFO             PET0           2
20230513 061931.713 INFO             PET0     esm - Creating model component RTM with petList of size 1 :
20230513 061931.713 INFO             PET0           3
20230513 061931.714 INFO             PET0     esm - Creating state: modelComp 1 Import State
20230513 061931.714 INFO             PET0     esm - Creating state: modelComp 1 Export State
20230513 061931.714 INFO             PET0     esm - Creating state: modelComp 2 Import State
20230513 061931.714 INFO             PET0     esm - Creating state: modelComp 2 Export State
20230513 061931.715 INFO             PET0     esm - Creating state: modelComp 3 Import State
20230513 061931.715 INFO             PET0     esm - Creating state: modelComp 3 Export State
20230513 061931.716 INFO             PET0     ATM: InitializeP0 intro.
20230513 061931.718 INFO             PET0     ATM: InitializeP0 extro.
20230513 061931.725 INFO             PET0     esm - Creating connector component ATM-TO-RTM with petList of size 3 :
20230513 061931.725 INFO             PET0           0      1      3
20230513 061931.734 INFO             PET0     esm - Setting Verbosity on created component to: high
20230513 061931.734 INFO             PET0     esm - Setting Profiling on created component to:          0
20230513 061931.734 INFO             PET0     esm - Creating connector component RTM-TO-OCN with petList of size 2 :
20230513 061931.734 INFO             PET0           3      2
20230513 061931.743 INFO             PET0     esm - Setting Verbosity on created component to: high
20230513 061931.743 INFO             PET0     esm - Setting Profiling on created component to:          0
20230513 061931.743 INFO             PET0     esm - Creating connector component ATM-TO-OCN with petList of size 3 :
20230513 061931.743 INFO             PET0           0      1      2
20230513 061931.754 INFO             PET0     esm - Setting Verbosity on created component to: high
20230513 061931.754 INFO             PET0     esm - Setting Profiling on created component to:          0
20230513 061931.754 INFO             PET0     esm - Creating connector component OCN-TO-ATM with petList of size 3 :
20230513 061931.754 INFO             PET0           2      0      1
20230513 061931.763 INFO             PET0     esm - Setting Verbosity on created component to: high
20230513 061931.763 INFO             PET0     esm - Setting Profiling on created component to:          0
20230513 061931.767 INFO             PET0     esm: IInitAdvertise intro.
20230513 061931.767 INFO             PET0     esm: IInitAdvertise extro.
20230513 061931.767 INFO             PET0     ATM: InitializeIPDvXp01 intro.
20230513 061931.771 INFO             PET0     ATM: InitializeIPDvXp01 extro.
20230513 061931.775 INFO             PET0     ATM-TO-OCN: InitializeIPDv05p1 intro.
20230513 061931.784 INFO             PET0       ATM-TO-OCN: importState FieldTransferPolicy = transferNone
20230513 061931.784 INFO             PET0       ATM-TO-OCN: exportState FieldTransferPolicy = transferNone
20230513 061931.784 INFO             PET0     ATM-TO-OCN: InitializeIPDv05p1 extro.
20230513 061931.784 INFO             PET0     ATM-TO-RTM: InitializeIPDv05p1 intro.
20230513 061931.791 INFO             PET0       ATM-TO-RTM: importState FieldTransferPolicy = transferNone
20230513 061931.791 INFO             PET0       ATM-TO-RTM: exportState FieldTransferPolicy = transferNone
20230513 061931.791 INFO             PET0     ATM-TO-RTM: InitializeIPDv05p1 extro.
20230513 061931.791 INFO             PET0     OCN-TO-ATM: InitializeIPDv05p1 intro.
20230513 061931.795 INFO             PET0       OCN-TO-ATM: importState FieldTransferPolicy = transferNone
20230513 061931.795 INFO             PET0       OCN-TO-ATM: exportState FieldTransferPolicy = transferNone
20230513 061931.795 INFO             PET0     OCN-TO-ATM: InitializeIPDv05p1 extro.
20230513 061931.796 INFO             PET0     esm: IInitAdvertiseFinish intro.
20230513 061931.796 INFO             PET0     esm: IInitAdvertiseFinish extro.
20230513 061931.796 INFO             PET0     ATM-TO-OCN: InitializeIPDv05p2a intro.
20230513 061931.810 INFO             PET0       ATM-TO-OCN:      importStandardNameList(i=  2): air_pressure_at_sea_level
20230513 061931.810 INFO             PET0       ATM-TO-OCN:         importNamespaceList(i=  2): ATM
20230513 061931.810 INFO             PET0       ATM-TO-OCN:            importCplSetList(i=  2): __UNSPECIFIED__
20230513 061931.810 INFO             PET0       ATM-TO-OCN:      exportStandardNameList(j=  2): air_pressure_at_sea_level
20230513 061931.810 INFO             PET0       ATM-TO-OCN:         exportNamespaceList(j=  2): OCN
20230513 061931.810 INFO             PET0       ATM-TO-OCN:            exportCplSetList(j=  2): __UNSPECIFIED__
20230513 061931.810 INFO             PET0       ATM-TO-OCN: bondLevel= 1
20230513 061931.810 INFO             PET0       ATM-TO-OCN: ProducerConnection (bondLevelMax):         1
20230513 061931.810 INFO             PET0       ATM-TO-OCN:      importStandardNameList(i=  3): surface_net_downward_shortwave_flux
20230513 061931.810 INFO             PET0       ATM-TO-OCN:         importNamespaceList(i=  3): ATM
20230513 061931.810 INFO             PET0       ATM-TO-OCN:            importCplSetList(i=  3): __UNSPECIFIED__
20230513 061931.810 INFO             PET0       ATM-TO-OCN:      exportStandardNameList(j=  3): surface_net_downward_shortwave_flux
20230513 061931.810 INFO             PET0       ATM-TO-OCN:         exportNamespaceList(j=  3): OCN
20230513 061931.810 INFO             PET0       ATM-TO-OCN:            exportCplSetList(j=  3): __UNSPECIFIED__
20230513 061931.810 INFO             PET0       ATM-TO-OCN: bondLevel= 1
20230513 061931.810 INFO             PET0       ATM-TO-OCN: ProducerConnection (bondLevelMax):         1
20230513 061931.810 INFO             PET0     ATM-TO-OCN: InitializeIPDv05p2a extro.
20230513 061931.811 INFO             PET0     ATM-TO-RTM: InitializeIPDv05p2a intro.
20230513 061931.817 INFO             PET0       ATM-TO-RTM:      importStandardNameList(i=  1): field_to_rtm
20230513 061931.817 INFO             PET0       ATM-TO-RTM:         importNamespaceList(i=  1): ATM
20230513 061931.817 INFO             PET0       ATM-TO-RTM:            importCplSetList(i=  1): __UNSPECIFIED__
20230513 061931.817 INFO             PET0       ATM-TO-RTM:      exportStandardNameList(j=  1): field_to_rtm
20230513 061931.817 INFO             PET0       ATM-TO-RTM:         exportNamespaceList(j=  1): RTM
20230513 061931.817 INFO             PET0       ATM-TO-RTM:            exportCplSetList(j=  1): __UNSPECIFIED__
20230513 061931.817 INFO             PET0       ATM-TO-RTM: bondLevel= 1
20230513 061931.817 INFO             PET0       ATM-TO-RTM: ProducerConnection (bondLevelMax):         1
20230513 061931.817 INFO             PET0     ATM-TO-RTM: InitializeIPDv05p2a extro.
20230513 061931.817 INFO             PET0     OCN-TO-ATM: InitializeIPDv05p2a intro.
20230513 061931.822 INFO             PET0       OCN-TO-ATM:      importStandardNameList(i=  1): sea_surface_temperature
20230513 061931.822 INFO             PET0       OCN-TO-ATM:         importNamespaceList(i=  1): OCN
20230513 061931.822 INFO             PET0       OCN-TO-ATM:            importCplSetList(i=  1): __UNSPECIFIED__
20230513 061931.822 INFO             PET0       OCN-TO-ATM:      exportStandardNameList(j=  1): sea_surface_temperature
20230513 061931.822 INFO             PET0       OCN-TO-ATM:         exportNamespaceList(j=  1): ATM
20230513 061931.822 INFO             PET0       OCN-TO-ATM:            exportCplSetList(j=  1): __UNSPECIFIED__
20230513 061931.822 INFO             PET0       OCN-TO-ATM: bondLevel= 1
20230513 061931.822 INFO             PET0       OCN-TO-ATM: ProducerConnection (bondLevelMax):         1
20230513 061931.822 INFO             PET0     OCN-TO-ATM: InitializeIPDv05p2a extro.
20230513 061931.822 INFO             PET0     ATM-TO-OCN: InitializeIPDv05p2b intro.
20230513 061931.836 INFO             PET0       ATM-TO-OCN:      importStandardNameList(i=  2): air_pressure_at_sea_level
20230513 061931.836 INFO             PET0       ATM-TO-OCN:         importNamespaceList(i=  2): ATM
20230513 061931.836 INFO             PET0       ATM-TO-OCN:            importCplSetList(i=  2): __UNSPECIFIED__
20230513 061931.836 INFO             PET0       ATM-TO-OCN:      exportStandardNameList(j=  2): air_pressure_at_sea_level
20230513 061931.836 INFO             PET0       ATM-TO-OCN:         exportNamespaceList(j=  2): OCN
20230513 061931.836 INFO             PET0       ATM-TO-OCN:            exportCplSetList(j=  2): __UNSPECIFIED__
20230513 061931.836 INFO             PET0       ATM-TO-OCN: bondLevel= 1
20230513 061931.836 INFO             PET0       ATM-TO-OCN: => added cplList(  1)=air_pressure_at_sea_level, cplSetList(  1)=__UNSPECIFIED__
20230513 061931.836 INFO             PET0       ATM-TO-OCN:      importStandardNameList(i=  3): surface_net_downward_shortwave_flux
20230513 061931.836 INFO             PET0       ATM-TO-OCN:         importNamespaceList(i=  3): ATM
20230513 061931.836 INFO             PET0       ATM-TO-OCN:            importCplSetList(i=  3): __UNSPECIFIED__
20230513 061931.836 INFO             PET0       ATM-TO-OCN:      exportStandardNameList(j=  3): surface_net_downward_shortwave_flux
20230513 061931.836 INFO             PET0       ATM-TO-OCN:         exportNamespaceList(j=  3): OCN
20230513 061931.836 INFO             PET0       ATM-TO-OCN:            exportCplSetList(j=  3): __UNSPECIFIED__
20230513 061931.836 INFO             PET0       ATM-TO-OCN: bondLevel= 1
20230513 061931.837 INFO             PET0       ATM-TO-OCN: => added cplList(  2)=surface_net_downward_shortwave_flux, cplSetList(  2)=__UNSPECIFIED__
20230513 061931.837 INFO             PET0     ATM-TO-OCN: InitializeIPDv05p2b extro.
20230513 061931.837 INFO             PET0     ATM-TO-RTM: InitializeIPDv05p2b intro.
20230513 061931.843 INFO             PET0       ATM-TO-RTM:      importStandardNameList(i=  1): field_to_rtm
20230513 061931.843 INFO             PET0       ATM-TO-RTM:         importNamespaceList(i=  1): ATM
20230513 061931.843 INFO             PET0       ATM-TO-RTM:            importCplSetList(i=  1): __UNSPECIFIED__
20230513 061931.843 INFO             PET0       ATM-TO-RTM:      exportStandardNameList(j=  1): field_to_rtm
20230513 061931.843 INFO             PET0       ATM-TO-RTM:         exportNamespaceList(j=  1): RTM
20230513 061931.843 INFO             PET0       ATM-TO-RTM:            exportCplSetList(j=  1): __UNSPECIFIED__
20230513 061931.843 INFO             PET0       ATM-TO-RTM: bondLevel= 1
20230513 061931.843 INFO             PET0       ATM-TO-RTM: => added cplList(  1)=field_to_rtm, cplSetList(  1)=__UNSPECIFIED__
20230513 061931.843 INFO             PET0     ATM-TO-RTM: InitializeIPDv05p2b extro.
20230513 061931.844 INFO             PET0     OCN-TO-ATM: InitializeIPDv05p2b intro.
20230513 061931.848 INFO             PET0       OCN-TO-ATM:      importStandardNameList(i=  1): sea_surface_temperature
20230513 061931.848 INFO             PET0       OCN-TO-ATM:         importNamespaceList(i=  1): OCN
20230513 061931.848 INFO             PET0       OCN-TO-ATM:            importCplSetList(i=  1): __UNSPECIFIED__
20230513 061931.848 INFO             PET0       OCN-TO-ATM:      exportStandardNameList(j=  1): sea_surface_temperature
20230513 061931.848 INFO             PET0       OCN-TO-ATM:         exportNamespaceList(j=  1): ATM
20230513 061931.848 INFO             PET0       OCN-TO-ATM:            exportCplSetList(j=  1): __UNSPECIFIED__
20230513 061931.848 INFO             PET0       OCN-TO-ATM: bondLevel= 1
20230513 061931.848 INFO             PET0       OCN-TO-ATM: => added cplList(  1)=sea_surface_temperature, cplSetList(  1)=__UNSPECIFIED__
20230513 061931.848 INFO             PET0     OCN-TO-ATM: InitializeIPDv05p2b extro.
20230513 061931.849 INFO             PET0     esm: IInitModifyCplLists intro.
20230513 061931.849 INFO             PET0     esm: IInitModifyCplLists extro.
20230513 061931.849 INFO             PET0     ATM-TO-OCN: InitializeIPDv05p3 intro.
20230513 061931.864 INFO             PET0       ATM-TO-OCN: handle cplList(1): air_pressure_at_sea_level, cplSetList(1): __UNSPECIFIED__
20230513 061931.864 INFO             PET0       ATM-TO-OCN: - connected.
20230513 061931.864 INFO             PET0       ATM-TO-OCN: - both sides must provide the Field/GeomObject.
20230513 061931.864 INFO             PET0       ATM-TO-OCN: handle cplList(2): surface_net_downward_shortwave_flux, cplSetList(2): __UNSPECIFIED__
20230513 061931.864 INFO             PET0       ATM-TO-OCN: - connected.
20230513 061931.864 INFO             PET0       ATM-TO-OCN: - both sides must provide the Field/GeomObject.
20230513 061931.864 INFO             PET0     ATM-TO-OCN: InitializeIPDv05p3 extro.
20230513 061931.864 INFO             PET0     ATM-TO-RTM: InitializeIPDv05p3 intro.
20230513 061931.871 INFO             PET0       ATM-TO-RTM: handle cplList(1): field_to_rtm, cplSetList(1): __UNSPECIFIED__
20230513 061931.871 INFO             PET0       ATM-TO-RTM: - connected.
20230513 061931.871 INFO             PET0       ATM-TO-RTM: - both sides must provide the Field/GeomObject.
20230513 061931.871 INFO             PET0     ATM-TO-RTM: InitializeIPDv05p3 extro.
20230513 061931.871 INFO             PET0     OCN-TO-ATM: InitializeIPDv05p3 intro.
20230513 061931.876 INFO             PET0       OCN-TO-ATM: handle cplList(1): sea_surface_temperature, cplSetList(1): __UNSPECIFIED__
20230513 061931.876 INFO             PET0       OCN-TO-ATM: - connected.
20230513 061931.876 INFO             PET0       OCN-TO-ATM: - both sides must provide the Field/GeomObject.
20230513 061931.876 INFO             PET0     OCN-TO-ATM: InitializeIPDv05p3 extro.
20230513 061931.876 INFO             PET0     <<<esm: leaving Initialize (phase=<none>) with current time: 2010  6  1  0  0  0   0
20230513 061931.876 INFO             PET0   esm: InitializeIPDv02p1 extro.
20230513 061931.876 INFO             PET0   esm: InitializeIPDv02p3 intro.
20230513 061931.877 INFO             PET0     >>>esm: entered Initialize (phase=<none>) with current time: 2010  6  1  0  0  0   0
20230513 061931.877 INFO             PET0     esm: IInitCheck intro.
20230513 061931.877 INFO             PET0     esm: IInitCheck extro.
20230513 061931.877 INFO             PET0     ATM: InitializeIPDvXp04 intro.
20230513 061931.884 INFO             PET0     ATM: InitializeIPDvXp04 extro.
20230513 061931.894 INFO             PET0     ATM-TO-OCN: InitializeIPDv05p4 intro.
20230513 061931.908 INFO             PET0       ATM-TO-OCN: handle cplList(1): air_pressure_at_sea_level, cplSetList(1): __UNSPECIFIED__
20230513 061931.908 INFO             PET0       ATM-TO-OCN: - nothing shared or transferred
20230513 061931.908 INFO             PET0       ATM-TO-OCN: handle cplList(2): surface_net_downward_shortwave_flux, cplSetList(2): __UNSPECIFIED__
20230513 061931.908 INFO             PET0       ATM-TO-OCN: - nothing shared or transferred
20230513 061931.908 INFO             PET0     ATM-TO-OCN: InitializeIPDv05p4 extro.
20230513 061931.908 INFO             PET0     ATM-TO-RTM: InitializeIPDv05p4 intro.
20230513 061931.919 INFO             PET0       ATM-TO-RTM: handle cplList(1): field_to_rtm, cplSetList(1): __UNSPECIFIED__
20230513 061931.919 INFO             PET0       ATM-TO-RTM: - nothing shared or transferred
20230513 061931.919 INFO             PET0     ATM-TO-RTM: InitializeIPDv05p4 extro.
20230513 061931.919 INFO             PET0     OCN-TO-ATM: InitializeIPDv05p4 intro.
20230513 061931.925 INFO             PET0       OCN-TO-ATM: handle cplList(1): sea_surface_temperature, cplSetList(1): __UNSPECIFIED__
20230513 061931.926 INFO             PET0       OCN-TO-ATM: - nothing shared or transferred
20230513 061931.926 INFO             PET0     OCN-TO-ATM: InitializeIPDv05p4 extro.
20230513 061931.926 INFO             PET0     ATM-TO-OCN: InitializeIPDv05p5 intro.
20230513 061931.950 INFO             PET0       ATM-TO-OCN: handle cplList(1): air_pressure_at_sea_level, cplSetList(1): __UNSPECIFIED__
20230513 061931.950 INFO             PET0       ATM-TO-OCN: - nothing shared or transferred, or may already be handled
20230513 061931.950 INFO             PET0       ATM-TO-OCN: handle cplList(2): surface_net_downward_shortwave_flux, cplSetList(2): __UNSPECIFIED__
20230513 061931.950 INFO             PET0       ATM-TO-OCN: - nothing shared or transferred, or may already be handled
20230513 061931.950 INFO             PET0     ATM-TO-OCN: InitializeIPDv05p5 extro.
20230513 061931.950 INFO             PET0     ATM-TO-RTM: InitializeIPDv05p5 intro.
20230513 061931.960 INFO             PET0       ATM-TO-RTM: handle cplList(1): field_to_rtm, cplSetList(1): __UNSPECIFIED__
20230513 061931.960 INFO             PET0       ATM-TO-RTM: - nothing shared or transferred, or may already be handled
20230513 061931.960 INFO             PET0     ATM-TO-RTM: InitializeIPDv05p5 extro.
20230513 061931.960 INFO             PET0     OCN-TO-ATM: InitializeIPDv05p5 intro.
20230513 061931.967 INFO             PET0       OCN-TO-ATM: handle cplList(1): sea_surface_temperature, cplSetList(1): __UNSPECIFIED__
20230513 061931.967 INFO             PET0       OCN-TO-ATM: - nothing shared or transferred, or may already be handled
20230513 061931.967 INFO             PET0     OCN-TO-ATM: InitializeIPDv05p5 extro.
20230513 061931.968 INFO             PET0     esm: IInitRealize intro.
20230513 061931.968 INFO             PET0     esm: IInitRealize extro.
20230513 061931.968 INFO             PET0     ATM-TO-OCN: InitializeIPDv05p6a intro.
20230513 061931.991 INFO             PET0     ATM-TO-OCN: InitializeIPDv05p6a extro.
20230513 061931.991 INFO             PET0     ATM-TO-RTM: InitializeIPDv05p6a intro.
20230513 061932.001 INFO             PET0     ATM-TO-RTM: InitializeIPDv05p6a extro.
20230513 061932.001 INFO             PET0     OCN-TO-ATM: InitializeIPDv05p6a intro.
20230513 061932.008 INFO             PET0     OCN-TO-ATM: InitializeIPDv05p6a extro.
20230513 061932.008 INFO             PET0     ATM-TO-OCN: InitializeIPDv05p6b intro.
20230513 061932.009 INFO             PET0       ATM-TO-OCN: handle cplList(1): air_pressure_at_sea_level, cplSetList(1): __UNSPECIFIED__
20230513 061932.009 INFO             PET0       ATM-TO-OCN: - no Field sharing between import and export side: remap.
20230513 061932.009 INFO             PET0       ATM-TO-OCN: handle cplList(2): surface_net_downward_shortwave_flux, cplSetList(2): __UNSPECIFIED__
20230513 061932.009 INFO             PET0       ATM-TO-OCN: - no Field sharing between import and export side: remap.
20230513 061932.009 DEBUG            PET0       ESMF_FieldBundleRegridStorePair(): Inside 'rhReuse' branch!
20230513 061931.696 INFO             PET1 !!!!!!!!!!!!!!!!!!!!!!!!!!!!!!!!!!!!!!!!!!!!!!!!!!!!!!
20230513 061931.696 INFO             PET1 !!! THE ESMF_LOG IS SET TO OUTPUT ALL LOG MESSAGES !!!
20230513 061931.696 INFO             PET1 !!!     THIS MAY CAUSE SLOWDOWN IN PERFORMANCE     !!!
20230513 061931.696 INFO             PET1 !!! FOR PRODUCTION RUNS, USE:                      !!!
20230513 061931.696 INFO             PET1 !!!                   ESMF_LOGKIND_Multi_On_Error  !!!
20230513 061931.696 INFO             PET1 !!!!!!!!!!!!!!!!!!!!!!!!!!!!!!!!!!!!!!!!!!!!!!!!!!!!!!
20230513 061931.696 INFO             PET1 Running with ESMF Version   : v8.5.0b18-9-g15f3b88d4b
20230513 061931.696 INFO             PET1 ESMF library build date/time: "May 13 2023" "05:05:15"
20230513 061931.696 INFO             PET1 ESMF library build location : /glade/scratch/theurich/ESMF-Nightly-Testing/nvhpc_21.11_openmpi_g_feature_fill_nan/esmf
20230513 061931.696 INFO             PET1 ESMF_COMM                   : openmpi
20230513 061931.697 INFO             PET1 ESMF_MOAB                   : enabled
20230513 061931.697 INFO             PET1 ESMF_LAPACK                 : enabled
20230513 061931.697 INFO             PET1 ESMF_NETCDF                 : enabled
20230513 061931.697 INFO             PET1 ESMF_PNETCDF                : disabled
20230513 061931.697 INFO             PET1 ESMF_PIO                    : enabled
20230513 061931.697 INFO             PET1 ESMF_YAMLCPP                : enabled
20230513 061931.698 INFO             PET1 esmApp STARTING
20230513 061931.705 INFO             PET1 esm: InitializeGeneric intro.
20230513 061931.705 INFO             PET1   esm: InitializeP0 intro.
20230513 061931.705 INFO             PET1   esm: InitializeP0 extro.
20230513 061931.705 INFO             PET1   esm: InitializeIPDv02p1 intro.
20230513 061931.705 INFO             PET1     >>>esm: entered Initialize (phase=<none>) without valid internal Clock.
20230513 061931.706 INFO             PET1     esm - Creating model component ATM with petList of size 2 :
20230513 061931.706 INFO             PET1           0      1
20230513 061931.709 INFO             PET1     esm - Creating model component OCN with petList of size 1 :
20230513 061931.709 INFO             PET1           2
20230513 061931.713 INFO             PET1     esm - Creating model component RTM with petList of size 1 :
20230513 061931.713 INFO             PET1           3
20230513 061931.714 INFO             PET1     esm - Creating state: modelComp 1 Import State
20230513 061931.714 INFO             PET1     esm - Creating state: modelComp 1 Export State
20230513 061931.714 INFO             PET1     esm - Creating state: modelComp 2 Import State
20230513 061931.714 INFO             PET1     esm - Creating state: modelComp 2 Export State
20230513 061931.714 INFO             PET1     esm - Creating state: modelComp 3 Import State
20230513 061931.715 INFO             PET1     esm - Creating state: modelComp 3 Export State
20230513 061931.716 INFO             PET1     ATM: InitializeP0 intro.
20230513 061931.718 INFO             PET1     ATM: InitializeP0 extro.
20230513 061931.725 INFO             PET1     esm - Creating connector component ATM-TO-RTM with petList of size 3 :
20230513 061931.725 INFO             PET1           0      1      3
20230513 061931.734 INFO             PET1     esm - Setting Verbosity on created component to: high
20230513 061931.734 INFO             PET1     esm - Setting Profiling on created component to:          0
20230513 061931.734 INFO             PET1     esm - Creating connector component RTM-TO-OCN with petList of size 2 :
20230513 061931.734 INFO             PET1           3      2
20230513 061931.743 INFO             PET1     esm - Setting Verbosity on created component to: high
20230513 061931.743 INFO             PET1     esm - Setting Profiling on created component to:          0
20230513 061931.743 INFO             PET1     esm - Creating connector component ATM-TO-OCN with petList of size 3 :
20230513 061931.743 INFO             PET1           0      1      2
20230513 061931.754 INFO             PET1     esm - Setting Verbosity on created component to: high
20230513 061931.754 INFO             PET1     esm - Setting Profiling on created component to:          0
20230513 061931.754 INFO             PET1     esm - Creating connector component OCN-TO-ATM with petList of size 3 :
20230513 061931.754 INFO             PET1           2      0      1
20230513 061931.763 INFO             PET1     esm - Setting Verbosity on created component to: high
20230513 061931.763 INFO             PET1     esm - Setting Profiling on created component to:          0
20230513 061931.767 INFO             PET1     esm: IInitAdvertise intro.
20230513 061931.767 INFO             PET1     esm: IInitAdvertise extro.
20230513 061931.767 INFO             PET1     ATM: InitializeIPDvXp01 intro.
20230513 061931.771 INFO             PET1     ATM: InitializeIPDvXp01 extro.
20230513 061931.775 INFO             PET1     ATM-TO-OCN: InitializeIPDv05p1 intro.
20230513 061931.784 INFO             PET1       ATM-TO-OCN: importState FieldTransferPolicy = transferNone
20230513 061931.784 INFO             PET1       ATM-TO-OCN: exportState FieldTransferPolicy = transferNone
20230513 061931.784 INFO             PET1     ATM-TO-OCN: InitializeIPDv05p1 extro.
20230513 061931.784 INFO             PET1     ATM-TO-RTM: InitializeIPDv05p1 intro.
20230513 061931.791 INFO             PET1       ATM-TO-RTM: importState FieldTransferPolicy = transferNone
20230513 061931.791 INFO             PET1       ATM-TO-RTM: exportState FieldTransferPolicy = transferNone
20230513 061931.791 INFO             PET1     ATM-TO-RTM: InitializeIPDv05p1 extro.
20230513 061931.791 INFO             PET1     OCN-TO-ATM: InitializeIPDv05p1 intro.
20230513 061931.795 INFO             PET1       OCN-TO-ATM: importState FieldTransferPolicy = transferNone
20230513 061931.795 INFO             PET1       OCN-TO-ATM: exportState FieldTransferPolicy = transferNone
20230513 061931.795 INFO             PET1     OCN-TO-ATM: InitializeIPDv05p1 extro.
20230513 061931.796 INFO             PET1     esm: IInitAdvertiseFinish intro.
20230513 061931.796 INFO             PET1     esm: IInitAdvertiseFinish extro.
20230513 061931.796 INFO             PET1     ATM-TO-OCN: InitializeIPDv05p2a intro.
20230513 061931.810 INFO             PET1       ATM-TO-OCN:      importStandardNameList(i=  2): air_pressure_at_sea_level
20230513 061931.810 INFO             PET1       ATM-TO-OCN:         importNamespaceList(i=  2): ATM
20230513 061931.810 INFO             PET1       ATM-TO-OCN:            importCplSetList(i=  2): __UNSPECIFIED__
20230513 061931.810 INFO             PET1       ATM-TO-OCN:      exportStandardNameList(j=  2): air_pressure_at_sea_level
20230513 061931.810 INFO             PET1       ATM-TO-OCN:         exportNamespaceList(j=  2): OCN
20230513 061931.810 INFO             PET1       ATM-TO-OCN:            exportCplSetList(j=  2): __UNSPECIFIED__
20230513 061931.810 INFO             PET1       ATM-TO-OCN: bondLevel= 1
20230513 061931.810 INFO             PET1       ATM-TO-OCN: ProducerConnection (bondLevelMax):         1
20230513 061931.810 INFO             PET1       ATM-TO-OCN:      importStandardNameList(i=  3): surface_net_downward_shortwave_flux
20230513 061931.810 INFO             PET1       ATM-TO-OCN:         importNamespaceList(i=  3): ATM
20230513 061931.810 INFO             PET1       ATM-TO-OCN:            importCplSetList(i=  3): __UNSPECIFIED__
20230513 061931.810 INFO             PET1       ATM-TO-OCN:      exportStandardNameList(j=  3): surface_net_downward_shortwave_flux
20230513 061931.810 INFO             PET1       ATM-TO-OCN:         exportNamespaceList(j=  3): OCN
20230513 061931.810 INFO             PET1       ATM-TO-OCN:            exportCplSetList(j=  3): __UNSPECIFIED__
20230513 061931.810 INFO             PET1       ATM-TO-OCN: bondLevel= 1
20230513 061931.810 INFO             PET1       ATM-TO-OCN: ProducerConnection (bondLevelMax):         1
20230513 061931.810 INFO             PET1     ATM-TO-OCN: InitializeIPDv05p2a extro.
20230513 061931.810 INFO             PET1     ATM-TO-RTM: InitializeIPDv05p2a intro.
20230513 061931.817 INFO             PET1       ATM-TO-RTM:      importStandardNameList(i=  1): field_to_rtm
20230513 061931.817 INFO             PET1       ATM-TO-RTM:         importNamespaceList(i=  1): ATM
20230513 061931.817 INFO             PET1       ATM-TO-RTM:            importCplSetList(i=  1): __UNSPECIFIED__
20230513 061931.817 INFO             PET1       ATM-TO-RTM:      exportStandardNameList(j=  1): field_to_rtm
20230513 061931.817 INFO             PET1       ATM-TO-RTM:         exportNamespaceList(j=  1): RTM
20230513 061931.817 INFO             PET1       ATM-TO-RTM:            exportCplSetList(j=  1): __UNSPECIFIED__
20230513 061931.817 INFO             PET1       ATM-TO-RTM: bondLevel= 1
20230513 061931.817 INFO             PET1       ATM-TO-RTM: ProducerConnection (bondLevelMax):         1
20230513 061931.817 INFO             PET1     ATM-TO-RTM: InitializeIPDv05p2a extro.
20230513 061931.817 INFO             PET1     OCN-TO-ATM: InitializeIPDv05p2a intro.
20230513 061931.822 INFO             PET1       OCN-TO-ATM:      importStandardNameList(i=  1): sea_surface_temperature
20230513 061931.822 INFO             PET1       OCN-TO-ATM:         importNamespaceList(i=  1): OCN
20230513 061931.822 INFO             PET1       OCN-TO-ATM:            importCplSetList(i=  1): __UNSPECIFIED__
20230513 061931.822 INFO             PET1       OCN-TO-ATM:      exportStandardNameList(j=  1): sea_surface_temperature
20230513 061931.822 INFO             PET1       OCN-TO-ATM:         exportNamespaceList(j=  1): ATM
20230513 061931.822 INFO             PET1       OCN-TO-ATM:            exportCplSetList(j=  1): __UNSPECIFIED__
20230513 061931.822 INFO             PET1       OCN-TO-ATM: bondLevel= 1
20230513 061931.822 INFO             PET1       OCN-TO-ATM: ProducerConnection (bondLevelMax):         1
20230513 061931.822 INFO             PET1     OCN-TO-ATM: InitializeIPDv05p2a extro.
20230513 061931.822 INFO             PET1     ATM-TO-OCN: InitializeIPDv05p2b intro.
20230513 061931.836 INFO             PET1       ATM-TO-OCN:      importStandardNameList(i=  2): air_pressure_at_sea_level
20230513 061931.836 INFO             PET1       ATM-TO-OCN:         importNamespaceList(i=  2): ATM
20230513 061931.836 INFO             PET1       ATM-TO-OCN:            importCplSetList(i=  2): __UNSPECIFIED__
20230513 061931.836 INFO             PET1       ATM-TO-OCN:      exportStandardNameList(j=  2): air_pressure_at_sea_level
20230513 061931.836 INFO             PET1       ATM-TO-OCN:         exportNamespaceList(j=  2): OCN
20230513 061931.836 INFO             PET1       ATM-TO-OCN:            exportCplSetList(j=  2): __UNSPECIFIED__
20230513 061931.836 INFO             PET1       ATM-TO-OCN: bondLevel= 1
20230513 061931.836 INFO             PET1       ATM-TO-OCN: => added cplList(  1)=air_pressure_at_sea_level, cplSetList(  1)=__UNSPECIFIED__
20230513 061931.836 INFO             PET1       ATM-TO-OCN:      importStandardNameList(i=  3): surface_net_downward_shortwave_flux
20230513 061931.836 INFO             PET1       ATM-TO-OCN:         importNamespaceList(i=  3): ATM
20230513 061931.836 INFO             PET1       ATM-TO-OCN:            importCplSetList(i=  3): __UNSPECIFIED__
20230513 061931.836 INFO             PET1       ATM-TO-OCN:      exportStandardNameList(j=  3): surface_net_downward_shortwave_flux
20230513 061931.836 INFO             PET1       ATM-TO-OCN:         exportNamespaceList(j=  3): OCN
20230513 061931.836 INFO             PET1       ATM-TO-OCN:            exportCplSetList(j=  3): __UNSPECIFIED__
20230513 061931.836 INFO             PET1       ATM-TO-OCN: bondLevel= 1
20230513 061931.837 INFO             PET1       ATM-TO-OCN: => added cplList(  2)=surface_net_downward_shortwave_flux, cplSetList(  2)=__UNSPECIFIED__
20230513 061931.837 INFO             PET1     ATM-TO-OCN: InitializeIPDv05p2b extro.
20230513 061931.837 INFO             PET1     ATM-TO-RTM: InitializeIPDv05p2b intro.
20230513 061931.843 INFO             PET1       ATM-TO-RTM:      importStandardNameList(i=  1): field_to_rtm
20230513 061931.843 INFO             PET1       ATM-TO-RTM:         importNamespaceList(i=  1): ATM
20230513 061931.843 INFO             PET1       ATM-TO-RTM:            importCplSetList(i=  1): __UNSPECIFIED__
20230513 061931.843 INFO             PET1       ATM-TO-RTM:      exportStandardNameList(j=  1): field_to_rtm
20230513 061931.843 INFO             PET1       ATM-TO-RTM:         exportNamespaceList(j=  1): RTM
20230513 061931.843 INFO             PET1       ATM-TO-RTM:            exportCplSetList(j=  1): __UNSPECIFIED__
20230513 061931.843 INFO             PET1       ATM-TO-RTM: bondLevel= 1
20230513 061931.843 INFO             PET1       ATM-TO-RTM: => added cplList(  1)=field_to_rtm, cplSetList(  1)=__UNSPECIFIED__
20230513 061931.843 INFO             PET1     ATM-TO-RTM: InitializeIPDv05p2b extro.
20230513 061931.844 INFO             PET1     OCN-TO-ATM: InitializeIPDv05p2b intro.
20230513 061931.848 INFO             PET1       OCN-TO-ATM:      importStandardNameList(i=  1): sea_surface_temperature
20230513 061931.848 INFO             PET1       OCN-TO-ATM:         importNamespaceList(i=  1): OCN
20230513 061931.848 INFO             PET1       OCN-TO-ATM:            importCplSetList(i=  1): __UNSPECIFIED__
20230513 061931.848 INFO             PET1       OCN-TO-ATM:      exportStandardNameList(j=  1): sea_surface_temperature
20230513 061931.848 INFO             PET1       OCN-TO-ATM:         exportNamespaceList(j=  1): ATM
20230513 061931.848 INFO             PET1       OCN-TO-ATM:            exportCplSetList(j=  1): __UNSPECIFIED__
20230513 061931.848 INFO             PET1       OCN-TO-ATM: bondLevel= 1
20230513 061931.848 INFO             PET1       OCN-TO-ATM: => added cplList(  1)=sea_surface_temperature, cplSetList(  1)=__UNSPECIFIED__
20230513 061931.848 INFO             PET1     OCN-TO-ATM: InitializeIPDv05p2b extro.
20230513 061931.849 INFO             PET1     esm: IInitModifyCplLists intro.
20230513 061931.849 INFO             PET1     esm: IInitModifyCplLists extro.
20230513 061931.849 INFO             PET1     ATM-TO-OCN: InitializeIPDv05p3 intro.
20230513 061931.864 INFO             PET1       ATM-TO-OCN: handle cplList(1): air_pressure_at_sea_level, cplSetList(1): __UNSPECIFIED__
20230513 061931.864 INFO             PET1       ATM-TO-OCN: - connected.
20230513 061931.864 INFO             PET1       ATM-TO-OCN: - both sides must provide the Field/GeomObject.
20230513 061931.864 INFO             PET1       ATM-TO-OCN: handle cplList(2): surface_net_downward_shortwave_flux, cplSetList(2): __UNSPECIFIED__
20230513 061931.864 INFO             PET1       ATM-TO-OCN: - connected.
20230513 061931.864 INFO             PET1       ATM-TO-OCN: - both sides must provide the Field/GeomObject.
20230513 061931.864 INFO             PET1     ATM-TO-OCN: InitializeIPDv05p3 extro.
20230513 061931.864 INFO             PET1     ATM-TO-RTM: InitializeIPDv05p3 intro.
20230513 061931.871 INFO             PET1       ATM-TO-RTM: handle cplList(1): field_to_rtm, cplSetList(1): __UNSPECIFIED__
20230513 061931.871 INFO             PET1       ATM-TO-RTM: - connected.
20230513 061931.871 INFO             PET1       ATM-TO-RTM: - both sides must provide the Field/GeomObject.
20230513 061931.871 INFO             PET1     ATM-TO-RTM: InitializeIPDv05p3 extro.
20230513 061931.871 INFO             PET1     OCN-TO-ATM: InitializeIPDv05p3 intro.
20230513 061931.876 INFO             PET1       OCN-TO-ATM: handle cplList(1): sea_surface_temperature, cplSetList(1): __UNSPECIFIED__
20230513 061931.876 INFO             PET1       OCN-TO-ATM: - connected.
20230513 061931.876 INFO             PET1       OCN-TO-ATM: - both sides must provide the Field/GeomObject.
20230513 061931.876 INFO             PET1     OCN-TO-ATM: InitializeIPDv05p3 extro.
20230513 061931.876 INFO             PET1     <<<esm: leaving Initialize (phase=<none>) with current time: 2010  6  1  0  0  0   0
20230513 061931.876 INFO             PET1   esm: InitializeIPDv02p1 extro.
20230513 061931.876 INFO             PET1   esm: InitializeIPDv02p3 intro.
20230513 061931.877 INFO             PET1     >>>esm: entered Initialize (phase=<none>) with current time: 2010  6  1  0  0  0   0
20230513 061931.877 INFO             PET1     esm: IInitCheck intro.
20230513 061931.877 INFO             PET1     esm: IInitCheck extro.
20230513 061931.877 INFO             PET1     ATM: InitializeIPDvXp04 intro.
20230513 061931.884 INFO             PET1     ATM: InitializeIPDvXp04 extro.
20230513 061931.894 INFO             PET1     ATM-TO-OCN: InitializeIPDv05p4 intro.
20230513 061931.908 INFO             PET1       ATM-TO-OCN: handle cplList(1): air_pressure_at_sea_level, cplSetList(1): __UNSPECIFIED__
20230513 061931.908 INFO             PET1       ATM-TO-OCN: - nothing shared or transferred
20230513 061931.908 INFO             PET1       ATM-TO-OCN: handle cplList(2): surface_net_downward_shortwave_flux, cplSetList(2): __UNSPECIFIED__
20230513 061931.908 INFO             PET1       ATM-TO-OCN: - nothing shared or transferred
20230513 061931.908 INFO             PET1     ATM-TO-OCN: InitializeIPDv05p4 extro.
20230513 061931.908 INFO             PET1     ATM-TO-RTM: InitializeIPDv05p4 intro.
20230513 061931.919 INFO             PET1       ATM-TO-RTM: handle cplList(1): field_to_rtm, cplSetList(1): __UNSPECIFIED__
20230513 061931.919 INFO             PET1       ATM-TO-RTM: - nothing shared or transferred
20230513 061931.919 INFO             PET1     ATM-TO-RTM: InitializeIPDv05p4 extro.
20230513 061931.919 INFO             PET1     OCN-TO-ATM: InitializeIPDv05p4 intro.
20230513 061931.925 INFO             PET1       OCN-TO-ATM: handle cplList(1): sea_surface_temperature, cplSetList(1): __UNSPECIFIED__
20230513 061931.926 INFO             PET1       OCN-TO-ATM: - nothing shared or transferred
20230513 061931.926 INFO             PET1     OCN-TO-ATM: InitializeIPDv05p4 extro.
20230513 061931.926 INFO             PET1     ATM-TO-OCN: InitializeIPDv05p5 intro.
20230513 061931.950 INFO             PET1       ATM-TO-OCN: handle cplList(1): air_pressure_at_sea_level, cplSetList(1): __UNSPECIFIED__
20230513 061931.950 INFO             PET1       ATM-TO-OCN: - nothing shared or transferred, or may already be handled
20230513 061931.950 INFO             PET1       ATM-TO-OCN: handle cplList(2): surface_net_downward_shortwave_flux, cplSetList(2): __UNSPECIFIED__
20230513 061931.950 INFO             PET1       ATM-TO-OCN: - nothing shared or transferred, or may already be handled
20230513 061931.950 INFO             PET1     ATM-TO-OCN: InitializeIPDv05p5 extro.
20230513 061931.950 INFO             PET1     ATM-TO-RTM: InitializeIPDv05p5 intro.
20230513 061931.960 INFO             PET1       ATM-TO-RTM: handle cplList(1): field_to_rtm, cplSetList(1): __UNSPECIFIED__
20230513 061931.960 INFO             PET1       ATM-TO-RTM: - nothing shared or transferred, or may already be handled
20230513 061931.960 INFO             PET1     ATM-TO-RTM: InitializeIPDv05p5 extro.
20230513 061931.960 INFO             PET1     OCN-TO-ATM: InitializeIPDv05p5 intro.
20230513 061931.967 INFO             PET1       OCN-TO-ATM: handle cplList(1): sea_surface_temperature, cplSetList(1): __UNSPECIFIED__
20230513 061931.967 INFO             PET1       OCN-TO-ATM: - nothing shared or transferred, or may already be handled
20230513 061931.967 INFO             PET1     OCN-TO-ATM: InitializeIPDv05p5 extro.
20230513 061931.968 INFO             PET1     esm: IInitRealize intro.
20230513 061931.968 INFO             PET1     esm: IInitRealize extro.
20230513 061931.968 INFO             PET1     ATM-TO-OCN: InitializeIPDv05p6a intro.
20230513 061931.991 INFO             PET1     ATM-TO-OCN: InitializeIPDv05p6a extro.
20230513 061931.991 INFO             PET1     ATM-TO-RTM: InitializeIPDv05p6a intro.
20230513 061932.001 INFO             PET1     ATM-TO-RTM: InitializeIPDv05p6a extro.
20230513 061932.001 INFO             PET1     OCN-TO-ATM: InitializeIPDv05p6a intro.
20230513 061932.008 INFO             PET1     OCN-TO-ATM: InitializeIPDv05p6a extro.
20230513 061932.008 INFO             PET1     ATM-TO-OCN: InitializeIPDv05p6b intro.
20230513 061932.009 INFO             PET1       ATM-TO-OCN: handle cplList(1): air_pressure_at_sea_level, cplSetList(1): __UNSPECIFIED__
20230513 061932.009 INFO             PET1       ATM-TO-OCN: - no Field sharing between import and export side: remap.
20230513 061932.009 INFO             PET1       ATM-TO-OCN: handle cplList(2): surface_net_downward_shortwave_flux, cplSetList(2): __UNSPECIFIED__
20230513 061932.009 INFO             PET1       ATM-TO-OCN: - no Field sharing between import and export side: remap.
20230513 061932.009 DEBUG            PET1       ESMF_FieldBundleRegridStorePair(): Inside 'rhReuse' branch!
20230513 061931.696 INFO             PET2 !!!!!!!!!!!!!!!!!!!!!!!!!!!!!!!!!!!!!!!!!!!!!!!!!!!!!!
20230513 061931.697 INFO             PET2 !!! THE ESMF_LOG IS SET TO OUTPUT ALL LOG MESSAGES !!!
20230513 061931.697 INFO             PET2 !!!     THIS MAY CAUSE SLOWDOWN IN PERFORMANCE     !!!
20230513 061931.697 INFO             PET2 !!! FOR PRODUCTION RUNS, USE:                      !!!
20230513 061931.697 INFO             PET2 !!!                   ESMF_LOGKIND_Multi_On_Error  !!!
20230513 061931.697 INFO             PET2 !!!!!!!!!!!!!!!!!!!!!!!!!!!!!!!!!!!!!!!!!!!!!!!!!!!!!!
20230513 061931.697 INFO             PET2 Running with ESMF Version   : v8.5.0b18-9-g15f3b88d4b
20230513 061931.697 INFO             PET2 ESMF library build date/time: "May 13 2023" "05:05:15"
20230513 061931.697 INFO             PET2 ESMF library build location : /glade/scratch/theurich/ESMF-Nightly-Testing/nvhpc_21.11_openmpi_g_feature_fill_nan/esmf
20230513 061931.697 INFO             PET2 ESMF_COMM                   : openmpi
20230513 061931.697 INFO             PET2 ESMF_MOAB                   : enabled
20230513 061931.697 INFO             PET2 ESMF_LAPACK                 : enabled
20230513 061931.697 INFO             PET2 ESMF_NETCDF                 : enabled
20230513 061931.697 INFO             PET2 ESMF_PNETCDF                : disabled
20230513 061931.697 INFO             PET2 ESMF_PIO                    : enabled
20230513 061931.697 INFO             PET2 ESMF_YAMLCPP                : enabled
20230513 061931.698 INFO             PET2 esmApp STARTING
20230513 061931.705 INFO             PET2 esm: InitializeGeneric intro.
20230513 061931.705 INFO             PET2   esm: InitializeP0 intro.
20230513 061931.705 INFO             PET2   esm: InitializeP0 extro.
20230513 061931.705 INFO             PET2   esm: InitializeIPDv02p1 intro.
20230513 061931.706 INFO             PET2     >>>esm: entered Initialize (phase=<none>) without valid internal Clock.
20230513 061931.706 INFO             PET2     esm - Creating model component ATM with petList of size 2 :
20230513 061931.706 INFO             PET2           0      1
20230513 061931.709 INFO             PET2     esm - Creating model component OCN with petList of size 1 :
20230513 061931.709 INFO             PET2           2
20230513 061931.713 INFO             PET2     esm - Creating model component RTM with petList of size 1 :
20230513 061931.713 INFO             PET2           3
20230513 061931.714 INFO             PET2     esm - Creating state: modelComp 1 Import State
20230513 061931.714 INFO             PET2     esm - Creating state: modelComp 1 Export State
20230513 061931.714 INFO             PET2     esm - Creating state: modelComp 2 Import State
20230513 061931.714 INFO             PET2     esm - Creating state: modelComp 2 Export State
20230513 061931.715 INFO             PET2     esm - Creating state: modelComp 3 Import State
20230513 061931.715 INFO             PET2     esm - Creating state: modelComp 3 Export State
20230513 061931.716 INFO             PET2     OCN: InitializeP0 intro.
20230513 061931.718 INFO             PET2     OCN: InitializeP0 extro.
20230513 061931.725 INFO             PET2     esm - Creating connector component ATM-TO-RTM with petList of size 3 :
20230513 061931.725 INFO             PET2           0      1      3
20230513 061931.734 INFO             PET2     esm - Setting Verbosity on created component to: high
20230513 061931.734 INFO             PET2     esm - Setting Profiling on created component to:          0
20230513 061931.734 INFO             PET2     esm - Creating connector component RTM-TO-OCN with petList of size 2 :
20230513 061931.734 INFO             PET2           3      2
20230513 061931.743 INFO             PET2     esm - Setting Verbosity on created component to: high
20230513 061931.743 INFO             PET2     esm - Setting Profiling on created component to:          0
20230513 061931.743 INFO             PET2     esm - Creating connector component ATM-TO-OCN with petList of size 3 :
20230513 061931.743 INFO             PET2           0      1      2
20230513 061931.754 INFO             PET2     esm - Setting Verbosity on created component to: high
20230513 061931.754 INFO             PET2     esm - Setting Profiling on created component to:          0
20230513 061931.754 INFO             PET2     esm - Creating connector component OCN-TO-ATM with petList of size 3 :
20230513 061931.754 INFO             PET2           2      0      1
20230513 061931.763 INFO             PET2     esm - Setting Verbosity on created component to: high
20230513 061931.763 INFO             PET2     esm - Setting Profiling on created component to:          0
20230513 061931.767 INFO             PET2     esm: IInitAdvertise intro.
20230513 061931.767 INFO             PET2     esm: IInitAdvertise extro.
20230513 061931.768 INFO             PET2     OCN: InitializeIPDvXp01 intro.
20230513 061931.771 INFO             PET2     OCN: InitializeIPDvXp01 extro.
20230513 061931.775 INFO             PET2     ATM-TO-OCN: InitializeIPDv05p1 intro.
20230513 061931.784 INFO             PET2       ATM-TO-OCN: importState FieldTransferPolicy = transferNone
20230513 061931.784 INFO             PET2       ATM-TO-OCN: exportState FieldTransferPolicy = transferNone
20230513 061931.784 INFO             PET2     ATM-TO-OCN: InitializeIPDv05p1 extro.
20230513 061931.784 INFO             PET2     OCN-TO-ATM: InitializeIPDv05p1 intro.
20230513 061931.795 INFO             PET2       OCN-TO-ATM: importState FieldTransferPolicy = transferNone
20230513 061931.795 INFO             PET2       OCN-TO-ATM: exportState FieldTransferPolicy = transferNone
20230513 061931.795 INFO             PET2     OCN-TO-ATM: InitializeIPDv05p1 extro.
20230513 061931.795 INFO             PET2     RTM-TO-OCN: InitializeIPDv05p1 intro.
20230513 061931.801 INFO             PET2       RTM-TO-OCN: importState FieldTransferPolicy = transferNone
20230513 061931.801 INFO             PET2       RTM-TO-OCN: exportState FieldTransferPolicy = transferNone
20230513 061931.801 INFO             PET2     RTM-TO-OCN: InitializeIPDv05p1 extro.
20230513 061931.801 INFO             PET2     esm: IInitAdvertiseFinish intro.
20230513 061931.801 INFO             PET2     esm: IInitAdvertiseFinish extro.
20230513 061931.802 INFO             PET2     ATM-TO-OCN: InitializeIPDv05p2a intro.
20230513 061931.810 INFO             PET2       ATM-TO-OCN:      importStandardNameList(i=  2): air_pressure_at_sea_level
20230513 061931.810 INFO             PET2       ATM-TO-OCN:         importNamespaceList(i=  2): ATM
20230513 061931.810 INFO             PET2       ATM-TO-OCN:            importCplSetList(i=  2): __UNSPECIFIED__
20230513 061931.810 INFO             PET2       ATM-TO-OCN:      exportStandardNameList(j=  2): air_pressure_at_sea_level
20230513 061931.810 INFO             PET2       ATM-TO-OCN:         exportNamespaceList(j=  2): OCN
20230513 061931.810 INFO             PET2       ATM-TO-OCN:            exportCplSetList(j=  2): __UNSPECIFIED__
20230513 061931.810 INFO             PET2       ATM-TO-OCN: bondLevel= 1
20230513 061931.810 INFO             PET2       ATM-TO-OCN: ProducerConnection (bondLevelMax):         1
20230513 061931.810 INFO             PET2       ATM-TO-OCN:      importStandardNameList(i=  3): surface_net_downward_shortwave_flux
20230513 061931.810 INFO             PET2       ATM-TO-OCN:         importNamespaceList(i=  3): ATM
20230513 061931.810 INFO             PET2       ATM-TO-OCN:            importCplSetList(i=  3): __UNSPECIFIED__
20230513 061931.810 INFO             PET2       ATM-TO-OCN:      exportStandardNameList(j=  3): surface_net_downward_shortwave_flux
20230513 061931.810 INFO             PET2       ATM-TO-OCN:         exportNamespaceList(j=  3): OCN
20230513 061931.810 INFO             PET2       ATM-TO-OCN:            exportCplSetList(j=  3): __UNSPECIFIED__
20230513 061931.810 INFO             PET2       ATM-TO-OCN: bondLevel= 1
20230513 061931.810 INFO             PET2       ATM-TO-OCN: ProducerConnection (bondLevelMax):         1
20230513 061931.810 INFO             PET2     ATM-TO-OCN: InitializeIPDv05p2a extro.
20230513 061931.811 INFO             PET2     OCN-TO-ATM: InitializeIPDv05p2a intro.
20230513 061931.822 INFO             PET2       OCN-TO-ATM:      importStandardNameList(i=  1): sea_surface_temperature
20230513 061931.822 INFO             PET2       OCN-TO-ATM:         importNamespaceList(i=  1): OCN
20230513 061931.822 INFO             PET2       OCN-TO-ATM:            importCplSetList(i=  1): __UNSPECIFIED__
20230513 061931.822 INFO             PET2       OCN-TO-ATM:      exportStandardNameList(j=  1): sea_surface_temperature
20230513 061931.822 INFO             PET2       OCN-TO-ATM:         exportNamespaceList(j=  1): ATM
20230513 061931.822 INFO             PET2       OCN-TO-ATM:            exportCplSetList(j=  1): __UNSPECIFIED__
20230513 061931.822 INFO             PET2       OCN-TO-ATM: bondLevel= 1
20230513 061931.822 INFO             PET2       OCN-TO-ATM: ProducerConnection (bondLevelMax):         1
20230513 061931.822 INFO             PET2     OCN-TO-ATM: InitializeIPDv05p2a extro.
20230513 061931.822 INFO             PET2     RTM-TO-OCN: InitializeIPDv05p2a intro.
20230513 061931.828 INFO             PET2       RTM-TO-OCN:      importStandardNameList(i=  1): field_from_rtm
20230513 061931.828 INFO             PET2       RTM-TO-OCN:         importNamespaceList(i=  1): RTM
20230513 061931.828 INFO             PET2       RTM-TO-OCN:            importCplSetList(i=  1): __UNSPECIFIED__
20230513 061931.828 INFO             PET2       RTM-TO-OCN:      exportStandardNameList(j=  1): field_from_rtm
20230513 061931.828 INFO             PET2       RTM-TO-OCN:         exportNamespaceList(j=  1): OCN
20230513 061931.828 INFO             PET2       RTM-TO-OCN:            exportCplSetList(j=  1): __UNSPECIFIED__
20230513 061931.828 INFO             PET2       RTM-TO-OCN: bondLevel= 1
20230513 061931.828 INFO             PET2       RTM-TO-OCN: ProducerConnection (bondLevelMax):         1
20230513 061931.828 INFO             PET2     RTM-TO-OCN: InitializeIPDv05p2a extro.
20230513 061931.828 INFO             PET2     ATM-TO-OCN: InitializeIPDv05p2b intro.
20230513 061931.836 INFO             PET2       ATM-TO-OCN:      importStandardNameList(i=  2): air_pressure_at_sea_level
20230513 061931.836 INFO             PET2       ATM-TO-OCN:         importNamespaceList(i=  2): ATM
20230513 061931.836 INFO             PET2       ATM-TO-OCN:            importCplSetList(i=  2): __UNSPECIFIED__
20230513 061931.836 INFO             PET2       ATM-TO-OCN:      exportStandardNameList(j=  2): air_pressure_at_sea_level
20230513 061931.836 INFO             PET2       ATM-TO-OCN:         exportNamespaceList(j=  2): OCN
20230513 061931.836 INFO             PET2       ATM-TO-OCN:            exportCplSetList(j=  2): __UNSPECIFIED__
20230513 061931.836 INFO             PET2       ATM-TO-OCN: bondLevel= 1
20230513 061931.836 INFO             PET2       ATM-TO-OCN: => added cplList(  1)=air_pressure_at_sea_level, cplSetList(  1)=__UNSPECIFIED__
20230513 061931.836 INFO             PET2       ATM-TO-OCN:      importStandardNameList(i=  3): surface_net_downward_shortwave_flux
20230513 061931.836 INFO             PET2       ATM-TO-OCN:         importNamespaceList(i=  3): ATM
20230513 061931.836 INFO             PET2       ATM-TO-OCN:            importCplSetList(i=  3): __UNSPECIFIED__
20230513 061931.836 INFO             PET2       ATM-TO-OCN:      exportStandardNameList(j=  3): surface_net_downward_shortwave_flux
20230513 061931.837 INFO             PET2       ATM-TO-OCN:         exportNamespaceList(j=  3): OCN
20230513 061931.837 INFO             PET2       ATM-TO-OCN:            exportCplSetList(j=  3): __UNSPECIFIED__
20230513 061931.837 INFO             PET2       ATM-TO-OCN: bondLevel= 1
20230513 061931.837 INFO             PET2       ATM-TO-OCN: => added cplList(  2)=surface_net_downward_shortwave_flux, cplSetList(  2)=__UNSPECIFIED__
20230513 061931.837 INFO             PET2     ATM-TO-OCN: InitializeIPDv05p2b extro.
20230513 061931.837 INFO             PET2     OCN-TO-ATM: InitializeIPDv05p2b intro.
20230513 061931.848 INFO             PET2       OCN-TO-ATM:      importStandardNameList(i=  1): sea_surface_temperature
20230513 061931.848 INFO             PET2       OCN-TO-ATM:         importNamespaceList(i=  1): OCN
20230513 061931.848 INFO             PET2       OCN-TO-ATM:            importCplSetList(i=  1): __UNSPECIFIED__
20230513 061931.848 INFO             PET2       OCN-TO-ATM:      exportStandardNameList(j=  1): sea_surface_temperature
20230513 061931.848 INFO             PET2       OCN-TO-ATM:         exportNamespaceList(j=  1): ATM
20230513 061931.848 INFO             PET2       OCN-TO-ATM:            exportCplSetList(j=  1): __UNSPECIFIED__
20230513 061931.848 INFO             PET2       OCN-TO-ATM: bondLevel= 1
20230513 061931.848 INFO             PET2       OCN-TO-ATM: => added cplList(  1)=sea_surface_temperature, cplSetList(  1)=__UNSPECIFIED__
20230513 061931.848 INFO             PET2     OCN-TO-ATM: InitializeIPDv05p2b extro.
20230513 061931.848 INFO             PET2     RTM-TO-OCN: InitializeIPDv05p2b intro.
20230513 061931.854 INFO             PET2       RTM-TO-OCN:      importStandardNameList(i=  1): field_from_rtm
20230513 061931.854 INFO             PET2       RTM-TO-OCN:         importNamespaceList(i=  1): RTM
20230513 061931.854 INFO             PET2       RTM-TO-OCN:            importCplSetList(i=  1): __UNSPECIFIED__
20230513 061931.854 INFO             PET2       RTM-TO-OCN:      exportStandardNameList(j=  1): field_from_rtm
20230513 061931.854 INFO             PET2       RTM-TO-OCN:         exportNamespaceList(j=  1): OCN
20230513 061931.854 INFO             PET2       RTM-TO-OCN:            exportCplSetList(j=  1): __UNSPECIFIED__
20230513 061931.854 INFO             PET2       RTM-TO-OCN: bondLevel= 1
20230513 061931.854 INFO             PET2       RTM-TO-OCN: => added cplList(  1)=field_from_rtm, cplSetList(  1)=__UNSPECIFIED__
20230513 061931.855 INFO             PET2     RTM-TO-OCN: InitializeIPDv05p2b extro.
20230513 061931.855 INFO             PET2     esm: IInitModifyCplLists intro.
20230513 061931.855 INFO             PET2     esm: IInitModifyCplLists extro.
20230513 061931.855 INFO             PET2     ATM-TO-OCN: InitializeIPDv05p3 intro.
20230513 061931.864 INFO             PET2       ATM-TO-OCN: handle cplList(1): air_pressure_at_sea_level, cplSetList(1): __UNSPECIFIED__
20230513 061931.864 INFO             PET2       ATM-TO-OCN: - connected.
20230513 061931.864 INFO             PET2       ATM-TO-OCN: - both sides must provide the Field/GeomObject.
20230513 061931.864 INFO             PET2       ATM-TO-OCN: handle cplList(2): surface_net_downward_shortwave_flux, cplSetList(2): __UNSPECIFIED__
20230513 061931.864 INFO             PET2       ATM-TO-OCN: - connected.
20230513 061931.864 INFO             PET2       ATM-TO-OCN: - both sides must provide the Field/GeomObject.
20230513 061931.864 INFO             PET2     ATM-TO-OCN: InitializeIPDv05p3 extro.
20230513 061931.865 INFO             PET2     OCN-TO-ATM: InitializeIPDv05p3 intro.
20230513 061931.876 INFO             PET2       OCN-TO-ATM: handle cplList(1): sea_surface_temperature, cplSetList(1): __UNSPECIFIED__
20230513 061931.876 INFO             PET2       OCN-TO-ATM: - connected.
20230513 061931.876 INFO             PET2       OCN-TO-ATM: - both sides must provide the Field/GeomObject.
20230513 061931.876 INFO             PET2     OCN-TO-ATM: InitializeIPDv05p3 extro.
20230513 061931.876 INFO             PET2     RTM-TO-OCN: InitializeIPDv05p3 intro.
20230513 061931.882 INFO             PET2       RTM-TO-OCN: handle cplList(1): field_from_rtm, cplSetList(1): __UNSPECIFIED__
20230513 061931.882 INFO             PET2       RTM-TO-OCN: - connected.
20230513 061931.883 INFO             PET2       RTM-TO-OCN: - both sides must provide the Field/GeomObject.
20230513 061931.883 INFO             PET2     RTM-TO-OCN: InitializeIPDv05p3 extro.
20230513 061931.883 INFO             PET2     <<<esm: leaving Initialize (phase=<none>) with current time: 2010  6  1  0  0  0   0
20230513 061931.883 INFO             PET2   esm: InitializeIPDv02p1 extro.
20230513 061931.883 INFO             PET2   esm: InitializeIPDv02p3 intro.
20230513 061931.883 INFO             PET2     >>>esm: entered Initialize (phase=<none>) with current time: 2010  6  1  0  0  0   0
20230513 061931.883 INFO             PET2     esm: IInitCheck intro.
20230513 061931.883 INFO             PET2     esm: IInitCheck extro.
20230513 061931.884 INFO             PET2     OCN: InitializeIPDvXp04 intro.
20230513 061931.890 INFO             PET2     OCN: InitializeIPDvXp04 extro.
20230513 061931.894 INFO             PET2     ATM-TO-OCN: InitializeIPDv05p4 intro.
20230513 061931.908 INFO             PET2       ATM-TO-OCN: handle cplList(1): air_pressure_at_sea_level, cplSetList(1): __UNSPECIFIED__
20230513 061931.908 INFO             PET2       ATM-TO-OCN: - nothing shared or transferred
20230513 061931.908 INFO             PET2       ATM-TO-OCN: handle cplList(2): surface_net_downward_shortwave_flux, cplSetList(2): __UNSPECIFIED__
20230513 061931.908 INFO             PET2       ATM-TO-OCN: - nothing shared or transferred
20230513 061931.908 INFO             PET2     ATM-TO-OCN: InitializeIPDv05p4 extro.
20230513 061931.908 INFO             PET2     OCN-TO-ATM: InitializeIPDv05p4 intro.
20230513 061931.925 INFO             PET2       OCN-TO-ATM: handle cplList(1): sea_surface_temperature, cplSetList(1): __UNSPECIFIED__
20230513 061931.926 INFO             PET2       OCN-TO-ATM: - nothing shared or transferred
20230513 061931.926 INFO             PET2     OCN-TO-ATM: InitializeIPDv05p4 extro.
20230513 061931.926 INFO             PET2     RTM-TO-OCN: InitializeIPDv05p4 intro.
20230513 061931.935 INFO             PET2       RTM-TO-OCN: handle cplList(1): field_from_rtm, cplSetList(1): __UNSPECIFIED__
20230513 061931.935 INFO             PET2       RTM-TO-OCN: - nothing shared or transferred
20230513 061931.935 INFO             PET2     RTM-TO-OCN: InitializeIPDv05p4 extro.
20230513 061931.936 INFO             PET2     ATM-TO-OCN: InitializeIPDv05p5 intro.
20230513 061931.950 INFO             PET2       ATM-TO-OCN: handle cplList(1): air_pressure_at_sea_level, cplSetList(1): __UNSPECIFIED__
20230513 061931.950 INFO             PET2       ATM-TO-OCN: - nothing shared or transferred, or may already be handled
20230513 061931.950 INFO             PET2       ATM-TO-OCN: handle cplList(2): surface_net_downward_shortwave_flux, cplSetList(2): __UNSPECIFIED__
20230513 061931.950 INFO             PET2       ATM-TO-OCN: - nothing shared or transferred, or may already be handled
20230513 061931.950 INFO             PET2     ATM-TO-OCN: InitializeIPDv05p5 extro.
20230513 061931.950 INFO             PET2     OCN-TO-ATM: InitializeIPDv05p5 intro.
20230513 061931.967 INFO             PET2       OCN-TO-ATM: handle cplList(1): sea_surface_temperature, cplSetList(1): __UNSPECIFIED__
20230513 061931.967 INFO             PET2       OCN-TO-ATM: - nothing shared or transferred, or may already be handled
20230513 061931.967 INFO             PET2     OCN-TO-ATM: InitializeIPDv05p5 extro.
20230513 061931.968 INFO             PET2     RTM-TO-OCN: InitializeIPDv05p5 intro.
20230513 061931.977 INFO             PET2       RTM-TO-OCN: handle cplList(1): field_from_rtm, cplSetList(1): __UNSPECIFIED__
20230513 061931.977 INFO             PET2       RTM-TO-OCN: - nothing shared or transferred, or may already be handled
20230513 061931.977 INFO             PET2     RTM-TO-OCN: InitializeIPDv05p5 extro.
20230513 061931.977 INFO             PET2     esm: IInitRealize intro.
20230513 061931.977 INFO             PET2     esm: IInitRealize extro.
20230513 061931.978 INFO             PET2     ATM-TO-OCN: InitializeIPDv05p6a intro.
20230513 061931.991 INFO             PET2     ATM-TO-OCN: InitializeIPDv05p6a extro.
20230513 061931.992 INFO             PET2     OCN-TO-ATM: InitializeIPDv05p6a intro.
20230513 061932.008 INFO             PET2     OCN-TO-ATM: InitializeIPDv05p6a extro.
20230513 061932.008 INFO             PET2     RTM-TO-OCN: InitializeIPDv05p6a intro.
20230513 061932.017 INFO             PET2     RTM-TO-OCN: InitializeIPDv05p6a extro.
20230513 061932.017 INFO             PET2     ATM-TO-OCN: InitializeIPDv05p6b intro.
20230513 061932.018 INFO             PET2       ATM-TO-OCN: handle cplList(1): air_pressure_at_sea_level, cplSetList(1): __UNSPECIFIED__
20230513 061932.018 INFO             PET2       ATM-TO-OCN: - no Field sharing between import and export side: remap.
20230513 061932.018 INFO             PET2       ATM-TO-OCN: handle cplList(2): surface_net_downward_shortwave_flux, cplSetList(2): __UNSPECIFIED__
20230513 061932.018 INFO             PET2       ATM-TO-OCN: - no Field sharing between import and export side: remap.
20230513 061932.019 DEBUG            PET2       ESMF_FieldBundleRegridStorePair(): Inside 'rhReuse' branch!
20230513 061931.697 INFO             PET3 !!!!!!!!!!!!!!!!!!!!!!!!!!!!!!!!!!!!!!!!!!!!!!!!!!!!!!
20230513 061931.697 INFO             PET3 !!! THE ESMF_LOG IS SET TO OUTPUT ALL LOG MESSAGES !!!
20230513 061931.697 INFO             PET3 !!!     THIS MAY CAUSE SLOWDOWN IN PERFORMANCE     !!!
20230513 061931.697 INFO             PET3 !!! FOR PRODUCTION RUNS, USE:                      !!!
20230513 061931.697 INFO             PET3 !!!                   ESMF_LOGKIND_Multi_On_Error  !!!
20230513 061931.697 INFO             PET3 !!!!!!!!!!!!!!!!!!!!!!!!!!!!!!!!!!!!!!!!!!!!!!!!!!!!!!
20230513 061931.697 INFO             PET3 Running with ESMF Version   : v8.5.0b18-9-g15f3b88d4b
20230513 061931.697 INFO             PET3 ESMF library build date/time: "May 13 2023" "05:05:15"
20230513 061931.697 INFO             PET3 ESMF library build location : /glade/scratch/theurich/ESMF-Nightly-Testing/nvhpc_21.11_openmpi_g_feature_fill_nan/esmf
20230513 061931.697 INFO             PET3 ESMF_COMM                   : openmpi
20230513 061931.697 INFO             PET3 ESMF_MOAB                   : enabled
20230513 061931.697 INFO             PET3 ESMF_LAPACK                 : enabled
20230513 061931.697 INFO             PET3 ESMF_NETCDF                 : enabled
20230513 061931.697 INFO             PET3 ESMF_PNETCDF                : disabled
20230513 061931.697 INFO             PET3 ESMF_PIO                    : enabled
20230513 061931.697 INFO             PET3 ESMF_YAMLCPP                : enabled
20230513 061931.698 INFO             PET3 esmApp STARTING
20230513 061931.705 INFO             PET3 esm: InitializeGeneric intro.
20230513 061931.705 INFO             PET3   esm: InitializeP0 intro.
20230513 061931.705 INFO             PET3   esm: InitializeP0 extro.
20230513 061931.705 INFO             PET3   esm: InitializeIPDv02p1 intro.
20230513 061931.706 INFO             PET3     >>>esm: entered Initialize (phase=<none>) without valid internal Clock.
20230513 061931.706 INFO             PET3     esm - Creating model component ATM with petList of size 2 :
20230513 061931.706 INFO             PET3           0      1
20230513 061931.709 INFO             PET3     esm - Creating model component OCN with petList of size 1 :
20230513 061931.709 INFO             PET3           2
20230513 061931.713 INFO             PET3     esm - Creating model component RTM with petList of size 1 :
20230513 061931.713 INFO             PET3           3
20230513 061931.717 INFO             PET3     esm - Creating state: modelComp 1 Import State
20230513 061931.717 INFO             PET3     esm - Creating state: modelComp 1 Export State
20230513 061931.718 INFO             PET3     esm - Creating state: modelComp 2 Import State
20230513 061931.718 INFO             PET3     esm - Creating state: modelComp 2 Export State
20230513 061931.718 INFO             PET3     esm - Creating state: modelComp 3 Import State
20230513 061931.718 INFO             PET3     esm - Creating state: modelComp 3 Export State
20230513 061931.720 INFO             PET3     RTM: InitializeP0 intro.
20230513 061931.721 INFO             PET3     RTM: InitializeP0 extro.
20230513 061931.725 INFO             PET3     esm - Creating connector component ATM-TO-RTM with petList of size 3 :
20230513 061931.725 INFO             PET3           0      1      3
20230513 061931.734 INFO             PET3     esm - Setting Verbosity on created component to: high
20230513 061931.734 INFO             PET3     esm - Setting Profiling on created component to:          0
20230513 061931.734 INFO             PET3     esm - Creating connector component RTM-TO-OCN with petList of size 2 :
20230513 061931.734 INFO             PET3           3      2
20230513 061931.742 INFO             PET3     esm - Setting Verbosity on created component to: high
20230513 061931.742 INFO             PET3     esm - Setting Profiling on created component to:          0
20230513 061931.743 INFO             PET3     esm - Creating connector component ATM-TO-OCN with petList of size 3 :
20230513 061931.743 INFO             PET3           0      1      2
20230513 061931.754 INFO             PET3     esm - Setting Verbosity on created component to: high
20230513 061931.754 INFO             PET3     esm - Setting Profiling on created component to:          0
20230513 061931.754 INFO             PET3     esm - Creating connector component OCN-TO-ATM with petList of size 3 :
20230513 061931.754 INFO             PET3           2      0      1
20230513 061931.763 INFO             PET3     esm - Setting Verbosity on created component to: high
20230513 061931.763 INFO             PET3     esm - Setting Profiling on created component to:          0
20230513 061931.767 INFO             PET3     esm: IInitAdvertise intro.
20230513 061931.767 INFO             PET3     esm: IInitAdvertise extro.
20230513 061931.768 INFO             PET3     RTM: InitializeIPDvXp01 intro.
20230513 061931.770 INFO             PET3     RTM: InitializeIPDvXp01 extro.
20230513 061931.775 INFO             PET3     ATM-TO-RTM: InitializeIPDv05p1 intro.
20230513 061931.791 INFO             PET3       ATM-TO-RTM: importState FieldTransferPolicy = transferNone
20230513 061931.791 INFO             PET3       ATM-TO-RTM: exportState FieldTransferPolicy = transferNone
20230513 061931.791 INFO             PET3     ATM-TO-RTM: InitializeIPDv05p1 extro.
20230513 061931.791 INFO             PET3     RTM-TO-OCN: InitializeIPDv05p1 intro.
20230513 061931.801 INFO             PET3       RTM-TO-OCN: importState FieldTransferPolicy = transferNone
20230513 061931.801 INFO             PET3       RTM-TO-OCN: exportState FieldTransferPolicy = transferNone
20230513 061931.801 INFO             PET3     RTM-TO-OCN: InitializeIPDv05p1 extro.
20230513 061931.801 INFO             PET3     esm: IInitAdvertiseFinish intro.
20230513 061931.801 INFO             PET3     esm: IInitAdvertiseFinish extro.
20230513 061931.802 INFO             PET3     ATM-TO-RTM: InitializeIPDv05p2a intro.
20230513 061931.817 INFO             PET3       ATM-TO-RTM:      importStandardNameList(i=  1): field_to_rtm
20230513 061931.817 INFO             PET3       ATM-TO-RTM:         importNamespaceList(i=  1): ATM
20230513 061931.817 INFO             PET3       ATM-TO-RTM:            importCplSetList(i=  1): __UNSPECIFIED__
20230513 061931.817 INFO             PET3       ATM-TO-RTM:      exportStandardNameList(j=  1): field_to_rtm
20230513 061931.817 INFO             PET3       ATM-TO-RTM:         exportNamespaceList(j=  1): RTM
20230513 061931.817 INFO             PET3       ATM-TO-RTM:            exportCplSetList(j=  1): __UNSPECIFIED__
20230513 061931.817 INFO             PET3       ATM-TO-RTM: bondLevel= 1
20230513 061931.817 INFO             PET3       ATM-TO-RTM: ProducerConnection (bondLevelMax):         1
20230513 061931.817 INFO             PET3     ATM-TO-RTM: InitializeIPDv05p2a extro.
20230513 061931.817 INFO             PET3     RTM-TO-OCN: InitializeIPDv05p2a intro.
20230513 061931.828 INFO             PET3       RTM-TO-OCN:      importStandardNameList(i=  1): field_from_rtm
20230513 061931.828 INFO             PET3       RTM-TO-OCN:         importNamespaceList(i=  1): RTM
20230513 061931.828 INFO             PET3       RTM-TO-OCN:            importCplSetList(i=  1): __UNSPECIFIED__
20230513 061931.828 INFO             PET3       RTM-TO-OCN:      exportStandardNameList(j=  1): field_from_rtm
20230513 061931.828 INFO             PET3       RTM-TO-OCN:         exportNamespaceList(j=  1): OCN
20230513 061931.828 INFO             PET3       RTM-TO-OCN:            exportCplSetList(j=  1): __UNSPECIFIED__
20230513 061931.828 INFO             PET3       RTM-TO-OCN: bondLevel= 1
20230513 061931.828 INFO             PET3       RTM-TO-OCN: ProducerConnection (bondLevelMax):         1
20230513 061931.828 INFO             PET3     RTM-TO-OCN: InitializeIPDv05p2a extro.
20230513 061931.828 INFO             PET3     ATM-TO-RTM: InitializeIPDv05p2b intro.
20230513 061931.843 INFO             PET3       ATM-TO-RTM:      importStandardNameList(i=  1): field_to_rtm
20230513 061931.843 INFO             PET3       ATM-TO-RTM:         importNamespaceList(i=  1): ATM
20230513 061931.843 INFO             PET3       ATM-TO-RTM:            importCplSetList(i=  1): __UNSPECIFIED__
20230513 061931.843 INFO             PET3       ATM-TO-RTM:      exportStandardNameList(j=  1): field_to_rtm
20230513 061931.843 INFO             PET3       ATM-TO-RTM:         exportNamespaceList(j=  1): RTM
20230513 061931.843 INFO             PET3       ATM-TO-RTM:            exportCplSetList(j=  1): __UNSPECIFIED__
20230513 061931.843 INFO             PET3       ATM-TO-RTM: bondLevel= 1
20230513 061931.843 INFO             PET3       ATM-TO-RTM: => added cplList(  1)=field_to_rtm, cplSetList(  1)=__UNSPECIFIED__
20230513 061931.843 INFO             PET3     ATM-TO-RTM: InitializeIPDv05p2b extro.
20230513 061931.844 INFO             PET3     RTM-TO-OCN: InitializeIPDv05p2b intro.
20230513 061931.854 INFO             PET3       RTM-TO-OCN:      importStandardNameList(i=  1): field_from_rtm
20230513 061931.854 INFO             PET3       RTM-TO-OCN:         importNamespaceList(i=  1): RTM
20230513 061931.854 INFO             PET3       RTM-TO-OCN:            importCplSetList(i=  1): __UNSPECIFIED__
20230513 061931.854 INFO             PET3       RTM-TO-OCN:      exportStandardNameList(j=  1): field_from_rtm
20230513 061931.854 INFO             PET3       RTM-TO-OCN:         exportNamespaceList(j=  1): OCN
20230513 061931.854 INFO             PET3       RTM-TO-OCN:            exportCplSetList(j=  1): __UNSPECIFIED__
20230513 061931.854 INFO             PET3       RTM-TO-OCN: bondLevel= 1
20230513 061931.854 INFO             PET3       RTM-TO-OCN: => added cplList(  1)=field_from_rtm, cplSetList(  1)=__UNSPECIFIED__
20230513 061931.855 INFO             PET3     RTM-TO-OCN: InitializeIPDv05p2b extro.
20230513 061931.855 INFO             PET3     esm: IInitModifyCplLists intro.
20230513 061931.855 INFO             PET3     esm: IInitModifyCplLists extro.
20230513 061931.855 INFO             PET3     ATM-TO-RTM: InitializeIPDv05p3 intro.
20230513 061931.871 INFO             PET3       ATM-TO-RTM: handle cplList(1): field_to_rtm, cplSetList(1): __UNSPECIFIED__
20230513 061931.871 INFO             PET3       ATM-TO-RTM: - connected.
20230513 061931.871 INFO             PET3       ATM-TO-RTM: - both sides must provide the Field/GeomObject.
20230513 061931.871 INFO             PET3     ATM-TO-RTM: InitializeIPDv05p3 extro.
20230513 061931.871 INFO             PET3     RTM-TO-OCN: InitializeIPDv05p3 intro.
20230513 061931.882 INFO             PET3       RTM-TO-OCN: handle cplList(1): field_from_rtm, cplSetList(1): __UNSPECIFIED__
20230513 061931.882 INFO             PET3       RTM-TO-OCN: - connected.
20230513 061931.883 INFO             PET3       RTM-TO-OCN: - both sides must provide the Field/GeomObject.
20230513 061931.883 INFO             PET3     RTM-TO-OCN: InitializeIPDv05p3 extro.
20230513 061931.883 INFO             PET3     <<<esm: leaving Initialize (phase=<none>) with current time: 2010  6  1  0  0  0   0
20230513 061931.883 INFO             PET3   esm: InitializeIPDv02p1 extro.
20230513 061931.883 INFO             PET3   esm: InitializeIPDv02p3 intro.
20230513 061931.883 INFO             PET3     >>>esm: entered Initialize (phase=<none>) with current time: 2010  6  1  0  0  0   0
20230513 061931.883 INFO             PET3     esm: IInitCheck intro.
20230513 061931.883 INFO             PET3     esm: IInitCheck extro.
20230513 061931.884 INFO             PET3     RTM: InitializeIPDvXp04 intro.
20230513 061931.888 INFO             PET3     RTM: InitializeIPDvXp04 extro.
20230513 061931.894 INFO             PET3     ATM-TO-RTM: InitializeIPDv05p4 intro.
20230513 061931.919 INFO             PET3       ATM-TO-RTM: handle cplList(1): field_to_rtm, cplSetList(1): __UNSPECIFIED__
20230513 061931.919 INFO             PET3       ATM-TO-RTM: - nothing shared or transferred
20230513 061931.919 INFO             PET3     ATM-TO-RTM: InitializeIPDv05p4 extro.
20230513 061931.919 INFO             PET3     RTM-TO-OCN: InitializeIPDv05p4 intro.
20230513 061931.935 INFO             PET3       RTM-TO-OCN: handle cplList(1): field_from_rtm, cplSetList(1): __UNSPECIFIED__
20230513 061931.935 INFO             PET3       RTM-TO-OCN: - nothing shared or transferred
20230513 061931.935 INFO             PET3     RTM-TO-OCN: InitializeIPDv05p4 extro.
20230513 061931.936 INFO             PET3     ATM-TO-RTM: InitializeIPDv05p5 intro.
20230513 061931.960 INFO             PET3       ATM-TO-RTM: handle cplList(1): field_to_rtm, cplSetList(1): __UNSPECIFIED__
20230513 061931.960 INFO             PET3       ATM-TO-RTM: - nothing shared or transferred, or may already be handled
20230513 061931.960 INFO             PET3     ATM-TO-RTM: InitializeIPDv05p5 extro.
20230513 061931.961 INFO             PET3     RTM-TO-OCN: InitializeIPDv05p5 intro.
20230513 061931.977 INFO             PET3       RTM-TO-OCN: handle cplList(1): field_from_rtm, cplSetList(1): __UNSPECIFIED__
20230513 061931.977 INFO             PET3       RTM-TO-OCN: - nothing shared or transferred, or may already be handled
20230513 061931.977 INFO             PET3     RTM-TO-OCN: InitializeIPDv05p5 extro.
20230513 061931.977 INFO             PET3     esm: IInitRealize intro.
20230513 061931.977 INFO             PET3     esm: IInitRealize extro.
20230513 061931.978 INFO             PET3     ATM-TO-RTM: InitializeIPDv05p6a intro.
20230513 061932.001 INFO             PET3     ATM-TO-RTM: InitializeIPDv05p6a extro.
20230513 061932.002 INFO             PET3     RTM-TO-OCN: InitializeIPDv05p6a intro.
20230513 061932.017 INFO             PET3     RTM-TO-OCN: InitializeIPDv05p6a extro.
20230513 061932.017 INFO             PET3     ATM-TO-RTM: InitializeIPDv05p6b intro.
20230513 061932.018 INFO             PET3       ATM-TO-RTM: handle cplList(1): field_to_rtm, cplSetList(1): __UNSPECIFIED__
20230513 061932.018 INFO             PET3       ATM-TO-RTM: - no Field sharing between import and export side: remap.
20230513 061932.018 DEBUG            PET3       ESMF_FieldBundleRegridStorePair(): Inside 'rhReuse' branch!
20230513 061932.018 DEBUG            PET3       ESMF_FieldBundleRegridStorePair(): srcGeomtype==ESMF_GEOMTYPE_GRID
20230513 061932.018 DEBUG            PET3       ESMF_FieldBundleRegridStorePair(): dstGeomtype==ESMF_GEOMTYPE_GRID
20230513 061932.018 DEBUG            PET3       ESMF_FieldBundleRegridStorePair(): no rhListMatch -> pre-compute new remapping!
20230513 061932.018 DEBUG            PET3       ESMF_FieldBundleRegridStorePair(): must precompute full regridding!
