2023-05-11 08:19:49
20230511 084103.175 INFO             PET0 !!!!!!!!!!!!!!!!!!!!!!!!!!!!!!!!!!!!!!!!!!!!!!!!!!!!!!
20230511 084103.175 INFO             PET0 !!! THE ESMF_LOG IS SET TO OUTPUT ALL LOG MESSAGES !!!
20230511 084103.175 INFO             PET0 !!!     THIS MAY CAUSE SLOWDOWN IN PERFORMANCE     !!!
20230511 084103.175 INFO             PET0 !!! FOR PRODUCTION RUNS, USE:                      !!!
20230511 084103.175 INFO             PET0 !!!                   ESMF_LOGKIND_Multi_On_Error  !!!
20230511 084103.175 INFO             PET0 !!!!!!!!!!!!!!!!!!!!!!!!!!!!!!!!!!!!!!!!!!!!!!!!!!!!!!
20230511 084103.175 INFO             PET0 Running with ESMF Version   : v8.5.0b20-7-g842a2b6b0d
20230511 084103.175 INFO             PET0 ESMF library build date/time: "May 11 2023" "08:18:09"
20230511 084103.175 INFO             PET0 ESMF library build location : /glade/gust/scratch/theurich/ESMF-Nightly-Testing/intel_2023.0.0_mpiuni_O_fix_profile_summary_at_scale/esmf
20230511 084103.175 INFO             PET0 ESMF_COMM                   : mpiuni
20230511 084103.176 INFO             PET0 ESMF_MOAB                   : enabled
20230511 084103.176 INFO             PET0 ESMF_LAPACK                 : enabled
20230511 084103.176 INFO             PET0 ESMF_NETCDF                 : enabled
20230511 084103.176 INFO             PET0 ESMF_PNETCDF                : disabled
20230511 084103.176 INFO             PET0 ESMF_PIO                    : disabled
20230511 084103.176 INFO             PET0 ESMF_YAMLCPP                : enabled
20230511 084103.177 INFO             PET0  NUMBER_OF_PROCESSORS           1
20230511 084103.177 INFO             PET0  PASS  Example ESMF_VMNonBlockingEx, ESMF_VMNonBlockingEx.F90, line 433
20230511 084103.177 INFO             PET0 Finalizing ESMF
