2023-05-15 04:59:58
[r5i2n26:22352:0:22352] Caught signal 11 (Segmentation fault: address not mapped to object at address 0x4f1b591)
[r5i2n26:22353:0:22353] Caught signal 11 (Segmentation fault: address not mapped to object at address 0x4f1b591)
[r5i2n26:22354:0:22354] Caught signal 11 (Segmentation fault: address not mapped to object at address 0x4f1b591)
[r5i2n26:22355:0:22355] Caught signal 11 (Segmentation fault: address not mapped to object at address 0x4f1b591)
==== backtrace (tid:  22352) ====
 0  /glade/u/apps/ch/opt/ucx/1.11.0/lib/libucs.so.0(ucs_handle_error+0xe4) [0x2abcc110c1b4]
==== backtrace (tid:  22355) ====
 0  /glade/u/apps/ch/opt/ucx/1.11.0/lib/libucs.so.0(ucs_handle_error+0xe4) [0x2b8c84f091b4]
 1  /glade/u/apps/ch/opt/ucx/1.11.0/lib/libucs.so.0(+0x2a4dc) [0x2b8c84f094dc]
 2  /glade/u/apps/ch/opt/ucx/1.11.0/lib/libucs.so.0(+0x2a74b) [0x2b8c84f0974b]
 3  /glade/scratch/theurich/ESMF-Nightly-Testing/nvhpc_21.11_openmpi_O_fix_profile_summary_at_scale/esmf/DEFAULTINSTALLDIR/lib/libO/Linux.nvhpc.64.openmpi.default/libesmf.so(_ZN5ESMCI6LogErr13MsgFoundErrorEiPKciS2_S2_Pi+0x34) [0x2b8c6c4c0534]
 1  /glade/u/apps/ch/opt/ucx/1.11.0/lib/libucs.so.0(+0x2a4dc) [0x2abcc110c4dc]
 2  /glade/u/apps/ch/opt/ucx/1.11.0/lib/libucs.so.0(+0x2a74b) [0x2abcc110c74b]
 3  /glade/scratch/theurich/ESMF-Nightly-Testing/nvhpc_21.11_openmpi_O_fix_profile_summary_at_scale/esmf/DEFAULTINSTALLDIR/lib/libO/Linux.nvhpc.64.openmpi.default/libesmf.so(_ZN5ESMCI6LogErr13MsgFoundErrorEiPKciS2_S2_Pi+0x34) [0x2abca8776534]
 4  /glade/scratch/theurich/ESMF-Nightly-Testing/nvhpc_21.11_openmpi_O_fix_profile_summary_at_scale/esmf/DEFAULTINSTALLDIR/lib/libO/Linux.nvhpc.64.openmpi.default/libesmf.so(c_esmc_meshcreatenodedistgrid_+0x5b) [0x2abca88b841b]
 5  /glade/scratch/theurich/ESMF-Nightly-Testing/nvhpc_21.11_openmpi_O_fix_profile_summary_at_scale/esmf/DEFAULTINSTALLDIR/lib/libO/Linux.nvhpc.64.openmpi.default/libesmf.so(esmf_meshmod_esmf_meshcreatefrompointer_+0x4c) [0x2abca8fd4dcc]
 4  /glade/scratch/theurich/ESMF-Nightly-Testing/nvhpc_21.11_openmpi_O_fix_profile_summary_at_scale/esmf/DEFAULTINSTALLDIR/lib/libO/Linux.nvhpc.64.openmpi.default/libesmf.so(c_esmc_meshcreatenodedistgrid_+0x5b) [0x2b8c6c60241b]
 5  /glade/scratch/theurich/ESMF-Nightly-Testing/nvhpc_21.11_openmpi_O_fix_profile_summary_at_scale/esmf/DEFAULTINSTALLDIR/lib/libO/Linux.nvhpc.64.openmpi.default/libesmf.so(esmf_meshmod_esmf_meshcreatefrompointer_+0x4c) [0x2b8c6cd1edcc]
 6  /glade/scratch/theurich/ESMF-Nightly-Testing/nvhpc_21.11_openmpi_O_fix_profile_summary_at_scale/esmf/DEFAULTINSTALLDIR/lib/libO/Linux.nvhpc.64.openmpi.default/libesmf.so(esmf_gridutilmod_esmf_gridtomesh_+0x32a) [0x2b8c6cbfecea]
 7  /glade/scratch/theurich/ESMF-Nightly-Testing/nvhpc_21.11_openmpi_O_fix_profile_summary_at_scale/esmf/DEFAULTINSTALLDIR/lib/libO/Linux.nvhpc.64.openmpi.default/libesmf.so(esmf_fieldregridmod_b_or_p_gridtomesh_+0x155) [0x2b8c6cb23955]
 6  /glade/scratch/theurich/ESMF-Nightly-Testing/nvhpc_21.11_openmpi_O_fix_profile_summary_at_scale/esmf/DEFAULTINSTALLDIR/lib/libO/Linux.nvhpc.64.openmpi.default/libesmf.so(esmf_gridutilmod_esmf_gridtomesh_+0x32a) [0x2abca8eb4cea]
 7  /glade/scratch/theurich/ESMF-Nightly-Testing/nvhpc_21.11_openmpi_O_fix_profile_summary_at_scale/esmf/DEFAULTINSTALLDIR/lib/libO/Linux.nvhpc.64.openmpi.default/libesmf.so(esmf_fieldregridmod_b_or_p_gridtomesh_+0x155) [0x2abca8dd9955]
 8  /glade/scratch/theurich/ESMF-Nightly-Testing/nvhpc_21.11_openmpi_O_fix_profile_summary_at_scale/esmf/DEFAULTINSTALLDIR/lib/libO/Linux.nvhpc.64.openmpi.default/libesmf.so(esmf_fieldregridmod_getmeshwithnodesonfieldloc_+0x3b1) [0x2abca8dd6cf1]
 9  /glade/scratch/theurich/ESMF-Nightly-Testing/nvhpc_21.11_openmpi_O_fix_profile_summary_at_scale/esmf/DEFAULTINSTALLDIR/lib/libO/Linux.nvhpc.64.openmpi.default/libesmf.so(esmf_fieldregridmod_esmf_fieldregridstorenx_+0x9fc) [0x2abca8dd51bc]
10  /glade/scratch/theurich/ESMF-Nightly-Testing/nvhpc_21.11_openmpi_O_fix_profile_summary_at_scale/esmf/DEFAULTINSTALLDIR/lib/libO/Linux.nvhpc.64.openmpi.default/libesmf.so(esmf_fieldbundlemod_esmf_fieldbundleregridstorepair_+0x1bd6) [0x2abca8cb5bd6]
11  /glade/scratch/theurich/ESMF-Nightly-Testing/nvhpc_21.11_openmpi_O_fix_profile_summary_at_scale/esmf/DEFAULTINSTALLDIR/lib/libO/Linux.nvhpc.64.openmpi.default/libesmf.so(nuopc_connector_fieldbundlecplstore_+0x8fbd) [0x2abca92367fd]
12  /glade/scratch/theurich/ESMF-Nightly-Testing/nvhpc_21.11_openmpi_O_fix_profile_summary_at_scale/esmf/DEFAULTINSTALLDIR/lib/libO/Linux.nvhpc.64.openmpi.default/libesmf.so(nuopc_connector_initializeipdv05p6b_+0x4d7e) [0x2abca9220c3e]
13  /glade/scratch/theurich/ESMF-Nightly-Testing/nvhpc_21.11_openmpi_O_fix_profile_summary_at_scale/esmf/DEFAULTINSTALLDIR/lib/libO/Linux.nvhpc.64.openmpi.default/libesmf.so(_ZN5ESMCI6FTable12callVFuncPtrEPKcPNS_2VMEPi+0x4d7) [0x2abca86a0717]
14  /glade/scratch/theurich/ESMF-Nightly-Testing/nvhpc_21.11_openmpi_O_fix_profile_summary_at_scale/esmf/DEFAULTINSTALLDIR/lib/libO/Linux.nvhpc.64.openmpi.default/libesmf.so(ESMCI_FTableCallEntryPointVMHop+0x1de) [0x2abca869e65e]
15  /glade/scratch/theurich/ESMF-Nightly-Testing/nvhpc_21.11_openmpi_O_fix_profile_summary_at_scale/esmf/DEFAULTINSTALLDIR/lib/libO/Linux.nvhpc.64.openmpi.default/libesmf.so(_ZN5ESMCI2VM5enterEPNS_6VMPlanEPvS3_+0x18) [0x2abca8a63518]
16  /glade/scratch/theurich/ESMF-Nightly-Testing/nvhpc_21.11_openmpi_O_fix_profile_summary_at_scale/esmf/DEFAULTINSTALLDIR/lib/libO/Linux.nvhpc.64.openmpi.default/libesmf.so(c_esmc_ftablecallentrypointvm_+0x35b) [0x2abca869ea5b]
17  /glade/scratch/theurich/ESMF-Nightly-Testing/nvhpc_21.11_openmpi_O_fix_profile_summary_at_scale/esmf/DEFAULTINSTALLDIR/lib/libO/Linux.nvhpc.64.openmpi.default/libesmf.so(esmf_compmod_esmf_compexecute_+0x7e1) [0x2abca8c46b21]
18  /glade/scratch/theurich/ESMF-Nightly-Testing/nvhpc_21.11_openmpi_O_fix_profile_summary_at_scale/esmf/DEFAULTINSTALLDIR/lib/libO/Linux.nvhpc.64.openmpi.default/libesmf.so(esmf_cplcompmod_esmf_cplcompinitialize_+0x159) [0x2abca8c59819]
==== backtrace (tid:  22353) ====
 0  /glade/u/apps/ch/opt/ucx/1.11.0/lib/libucs.so.0(ucs_handle_error+0xe4) [0x2ace6f35a1b4]
 1  /glade/u/apps/ch/opt/ucx/1.11.0/lib/libucs.so.0(+0x2a4dc) [0x2ace6f35a4dc]
 2  /glade/u/apps/ch/opt/ucx/1.11.0/lib/libucs.so.0(+0x2a74b) [0x2ace6f35a74b]
 3  /glade/scratch/theurich/ESMF-Nightly-Testing/nvhpc_21.11_openmpi_O_fix_profile_summary_at_scale/esmf/DEFAULTINSTALLDIR/lib/libO/Linux.nvhpc.64.openmpi.default/libesmf.so(_ZN5ESMCI6LogErr13MsgFoundErrorEiPKciS2_S2_Pi+0x34) [0x2ace5aa0d534]
 4  /glade/scratch/theurich/ESMF-Nightly-Testing/nvhpc_21.11_openmpi_O_fix_profile_summary_at_scale/esmf/DEFAULTINSTALLDIR/lib/libO/Linux.nvhpc.64.openmpi.default/libesmf.so(c_esmc_meshcreatenodedistgrid_+0x5b) [0x2ace5ab4f41b]
 5  /glade/scratch/theurich/ESMF-Nightly-Testing/nvhpc_21.11_openmpi_O_fix_profile_summary_at_scale/esmf/DEFAULTINSTALLDIR/lib/libO/Linux.nvhpc.64.openmpi.default/libesmf.so(esmf_meshmod_esmf_meshcreatefrompointer_+0x4c) [0x2ace5b26bdcc]
 8  /glade/scratch/theurich/ESMF-Nightly-Testing/nvhpc_21.11_openmpi_O_fix_profile_summary_at_scale/esmf/DEFAULTINSTALLDIR/lib/libO/Linux.nvhpc.64.openmpi.default/libesmf.so(esmf_fieldregridmod_getmeshwithnodesonfieldloc_+0x3b1) [0x2b8c6cb20cf1]
 9  /glade/scratch/theurich/ESMF-Nightly-Testing/nvhpc_21.11_openmpi_O_fix_profile_summary_at_scale/esmf/DEFAULTINSTALLDIR/lib/libO/Linux.nvhpc.64.openmpi.default/libesmf.so(esmf_fieldregridmod_esmf_fieldregridstorenx_+0x9fc) [0x2b8c6cb1f1bc]
10  /glade/scratch/theurich/ESMF-Nightly-Testing/nvhpc_21.11_openmpi_O_fix_profile_summary_at_scale/esmf/DEFAULTINSTALLDIR/lib/libO/Linux.nvhpc.64.openmpi.default/libesmf.so(esmf_fieldbundlemod_esmf_fieldbundleregridstorepair_+0x1bd6) [0x2b8c6c9ffbd6]
11  /glade/scratch/theurich/ESMF-Nightly-Testing/nvhpc_21.11_openmpi_O_fix_profile_summary_at_scale/esmf/DEFAULTINSTALLDIR/lib/libO/Linux.nvhpc.64.openmpi.default/libesmf.so(nuopc_connector_fieldbundlecplstore_+0x8fbd) [0x2b8c6cf807fd]
12  /glade/scratch/theurich/ESMF-Nightly-Testing/nvhpc_21.11_openmpi_O_fix_profile_summary_at_scale/esmf/DEFAULTINSTALLDIR/lib/libO/Linux.nvhpc.64.openmpi.default/libesmf.so(nuopc_connector_initializeipdv05p6b_+0x4d7e) [0x2b8c6cf6ac3e]
13  /glade/scratch/theurich/ESMF-Nightly-Testing/nvhpc_21.11_openmpi_O_fix_profile_summary_at_scale/esmf/DEFAULTINSTALLDIR/lib/libO/Linux.nvhpc.64.openmpi.default/libesmf.so(_ZN5ESMCI6FTable12callVFuncPtrEPKcPNS_2VMEPi+0x4d7) [0x2b8c6c3ea717]
14  /glade/scratch/theurich/ESMF-Nightly-Testing/nvhpc_21.11_openmpi_O_fix_profile_summary_at_scale/esmf/DEFAULTINSTALLDIR/lib/libO/Linux.nvhpc.64.openmpi.default/libesmf.so(ESMCI_FTableCallEntryPointVMHop+0x1de) [0x2b8c6c3e865e]
15  /glade/scratch/theurich/ESMF-Nightly-Testing/nvhpc_21.11_openmpi_O_fix_profile_summary_at_scale/esmf/DEFAULTINSTALLDIR/lib/libO/Linux.nvhpc.64.openmpi.default/libesmf.so(_ZN5ESMCI2VM5enterEPNS_6VMPlanEPvS3_+0x18) [0x2b8c6c7ad518]
16  /glade/scratch/theurich/ESMF-Nightly-Testing/nvhpc_21.11_openmpi_O_fix_profile_summary_at_scale/esmf/DEFAULTINSTALLDIR/lib/libO/Linux.nvhpc.64.openmpi.default/libesmf.so(c_esmc_ftablecallentrypointvm_+0x35b) [0x2b8c6c3e8a5b]
17  /glade/scratch/theurich/ESMF-Nightly-Testing/nvhpc_21.11_openmpi_O_fix_profile_summary_at_scale/esmf/DEFAULTINSTALLDIR/lib/libO/Linux.nvhpc.64.openmpi.default/libesmf.so(esmf_compmod_esmf_compexecute_+0x7e1) [0x2b8c6c990b21]
18  /glade/scratch/theurich/ESMF-Nightly-Testing/nvhpc_21.11_openmpi_O_fix_profile_summary_at_scale/esmf/DEFAULTINSTALLDIR/lib/libO/Linux.nvhpc.64.openmpi.default/libesmf.so(esmf_cplcompmod_esmf_cplcompinitialize_+0x159) [0x2b8c6c9a3819]
19  /glade/scratch/theurich/ESMF-Nightly-Testing/nvhpc_21.11_openmpi_O_fix_profile_summary_at_scale/esmf/DEFAULTINSTALLDIR/lib/libO/Linux.nvhpc.64.openmpi.default/libesmf.so(nuopc_driver_loopconnectorcompss_+0xea9) [0x2b8c6cf9fe69]
20  /glade/scratch/theurich/ESMF-Nightly-Testing/nvhpc_21.11_openmpi_O_fix_profile_summary_at_scale/esmf/DEFAULTINSTALLDIR/lib/libO/Linux.nvhpc.64.openmpi.default/libesmf.so(nuopc_driver_initializeipdv02p3_+0x2ee4) [0x2b8c6cf97464]
21  /glade/scratch/theurich/ESMF-Nightly-Testing/nvhpc_21.11_openmpi_O_fix_profile_summary_at_scale/esmf/DEFAULTINSTALLDIR/lib/libO/Linux.nvhpc.64.openmpi.default/libesmf.so(nuopc_driver_initializegeneric_+0x5f4) [0x2b8c6cf85e34]
22  /glade/scratch/theurich/ESMF-Nightly-Testing/nvhpc_21.11_openmpi_O_fix_profile_summary_at_scale/esmf/DEFAULTINSTALLDIR/lib/libO/Linux.nvhpc.64.openmpi.default/libesmf.so(_ZN5ESMCI6FTable12callVFuncPtrEPKcPNS_2VMEPi+0x4d7) [0x2b8c6c3ea717]
23  /glade/scratch/theurich/ESMF-Nightly-Testing/nvhpc_21.11_openmpi_O_fix_profile_summary_at_scale/esmf/DEFAULTINSTALLDIR/lib/libO/Linux.nvhpc.64.openmpi.default/libesmf.so(ESMCI_FTableCallEntryPointVMHop+0x1de) [0x2b8c6c3e865e]
==== backtrace (tid:  22354) ====
 0  /glade/u/apps/ch/opt/ucx/1.11.0/lib/libucs.so.0(ucs_handle_error+0xe4) [0x2b622bb691b4]
 1  /glade/u/apps/ch/opt/ucx/1.11.0/lib/libucs.so.0(+0x2a4dc) [0x2b622bb694dc]
 2  /glade/u/apps/ch/opt/ucx/1.11.0/lib/libucs.so.0(+0x2a74b) [0x2b622bb6974b]
 3  /glade/scratch/theurich/ESMF-Nightly-Testing/nvhpc_21.11_openmpi_O_fix_profile_summary_at_scale/esmf/DEFAULTINSTALLDIR/lib/libO/Linux.nvhpc.64.openmpi.default/libesmf.so(_ZN5ESMCI6LogErr13MsgFoundErrorEiPKciS2_S2_Pi+0x34) [0x2b62171b8534]
 4  /glade/scratch/theurich/ESMF-Nightly-Testing/nvhpc_21.11_openmpi_O_fix_profile_summary_at_scale/esmf/DEFAULTINSTALLDIR/lib/libO/Linux.nvhpc.64.openmpi.default/libesmf.so(c_esmc_meshcreatenodedistgrid_+0x5b) [0x2b62172fa41b]
 5  /glade/scratch/theurich/ESMF-Nightly-Testing/nvhpc_21.11_openmpi_O_fix_profile_summary_at_scale/esmf/DEFAULTINSTALLDIR/lib/libO/Linux.nvhpc.64.openmpi.default/libesmf.so(esmf_meshmod_esmf_meshcreatefrompointer_+0x4c) [0x2b6217a16dcc]
 6  /glade/scratch/theurich/ESMF-Nightly-Testing/nvhpc_21.11_openmpi_O_fix_profile_summary_at_scale/esmf/DEFAULTINSTALLDIR/lib/libO/Linux.nvhpc.64.openmpi.default/libesmf.so(esmf_gridutilmod_esmf_gridtomesh_+0x32a) [0x2b62178f6cea]
 7  /glade/scratch/theurich/ESMF-Nightly-Testing/nvhpc_21.11_openmpi_O_fix_profile_summary_at_scale/esmf/DEFAULTINSTALLDIR/lib/libO/Linux.nvhpc.64.openmpi.default/libesmf.so(esmf_fieldregridmod_b_or_p_gridtomesh_+0x155) [0x2b621781b955]
 8  /glade/scratch/theurich/ESMF-Nightly-Testing/nvhpc_21.11_openmpi_O_fix_profile_summary_at_scale/esmf/DEFAULTINSTALLDIR/lib/libO/Linux.nvhpc.64.openmpi.default/libesmf.so(esmf_fieldregridmod_getmeshwithnodesonfieldloc_+0x3b1) [0x2b6217818cf1]
 9  /glade/scratch/theurich/ESMF-Nightly-Testing/nvhpc_21.11_openmpi_O_fix_profile_summary_at_scale/esmf/DEFAULTINSTALLDIR/lib/libO/Linux.nvhpc.64.openmpi.default/libesmf.so(esmf_fieldregridmod_esmf_fieldregridstorenx_+0x9fc) [0x2b62178171bc]
10  /glade/scratch/theurich/ESMF-Nightly-Testing/nvhpc_21.11_openmpi_O_fix_profile_summary_at_scale/esmf/DEFAULTINSTALLDIR/lib/libO/Linux.nvhpc.64.openmpi.default/libesmf.so(esmf_fieldbundlemod_esmf_fieldbundleregridstorepair_+0x1bd6) [0x2b62176f7bd6]
11  /glade/scratch/theurich/ESMF-Nightly-Testing/nvhpc_21.11_openmpi_O_fix_profile_summary_at_scale/esmf/DEFAULTINSTALLDIR/lib/libO/Linux.nvhpc.64.openmpi.default/libesmf.so(nuopc_connector_fieldbundlecplstore_+0x8fbd) [0x2b6217c787fd]
12  /glade/scratch/theurich/ESMF-Nightly-Testing/nvhpc_21.11_openmpi_O_fix_profile_summary_at_scale/esmf/DEFAULTINSTALLDIR/lib/libO/Linux.nvhpc.64.openmpi.default/libesmf.so(nuopc_connector_initializeipdv05p6b_+0x4d7e) [0x2b6217c62c3e]
13  /glade/scratch/theurich/ESMF-Nightly-Testing/nvhpc_21.11_openmpi_O_fix_profile_summary_at_scale/esmf/DEFAULTINSTALLDIR/lib/libO/Linux.nvhpc.64.openmpi.default/libesmf.so(_ZN5ESMCI6FTable12callVFuncPtrEPKcPNS_2VMEPi+0x4d7) [0x2b62170e2717]
14  /glade/scratch/theurich/ESMF-Nightly-Testing/nvhpc_21.11_openmpi_O_fix_profile_summary_at_scale/esmf/DEFAULTINSTALLDIR/lib/libO/Linux.nvhpc.64.openmpi.default/libesmf.so(ESMCI_FTableCallEntryPointVMHop+0x1de) [0x2b62170e065e]
15  /glade/scratch/theurich/ESMF-Nightly-Testing/nvhpc_21.11_openmpi_O_fix_profile_summary_at_scale/esmf/DEFAULTINSTALLDIR/lib/libO/Linux.nvhpc.64.openmpi.default/libesmf.so(_ZN5ESMCI2VM5enterEPNS_6VMPlanEPvS3_+0x18) [0x2b62174a5518]
16  /glade/scratch/theurich/ESMF-Nightly-Testing/nvhpc_21.11_openmpi_O_fix_profile_summary_at_scale/esmf/DEFAULTINSTALLDIR/lib/libO/Linux.nvhpc.64.openmpi.default/libesmf.so(c_esmc_ftablecallentrypointvm_+0x35b) [0x2b62170e0a5b]
17  /glade/scratch/theurich/ESMF-Nightly-Testing/nvhpc_21.11_openmpi_O_fix_profile_summary_at_scale/esmf/DEFAULTINSTALLDIR/lib/libO/Linux.nvhpc.64.openmpi.default/libesmf.so(esmf_compmod_esmf_compexecute_+0x7e1) [0x2b6217688b21]
18  /glade/scratch/theurich/ESMF-Nightly-Testing/nvhpc_21.11_openmpi_O_fix_profile_summary_at_scale/esmf/DEFAULTINSTALLDIR/lib/libO/Linux.nvhpc.64.openmpi.default/libesmf.so(esmf_cplcompmod_esmf_cplcompinitialize_+0x159) [0x2b621769b819]
19  /glade/scratch 6  /glade/scratch/theurich/ESMF-Nightly-Testing/nvhpc_21.11_openmpi_O_fix_profile_summary_at_scale/esmf/DEFAULTINSTALLDIR/lib/libO/Linux.nvhpc.64.openmpi.default/libesmf.so(esmf_gridutilmod_esmf_gridtomesh_+0x32a) [0x2ace5b14bcea]
 7  /glade/scratch/theurich/ESMF-Nightly-Testing/nvhpc_21.11_openmpi_O_fix_profile_summary_at_scale/esmf/DEFAULTINSTALLDIR/lib/libO/Linux.nvhpc.64.openmpi.default/libesmf.so(esmf_fieldregridmod_b_or_p_gridtomesh_+0x155) [0x2ace5b070955]
 8  /glade/scratch/theurich/ESMF-Nightly-Testing/nvhpc_21.11_openmpi_O_fix_profile_summary_at_scale/esmf/DEFAULTINSTALLDIR/lib/libO/Linux.nvhpc.64.openmpi.default/libesmf.so(esmf_fieldregridmod_getmeshwithnodesonfieldloc_+0x3b1) [0x2ace5b06dcf1]
 9  /glade/scratch/theurich/ESMF-Nightly-Testing/nvhpc_21.11_openmpi_O_fix_profile_summary_at_scale/esmf/DEFAULTINSTALLDIR/lib/libO/Linux.nvhpc.64.openmpi.default/libesmf.so(esmf_fieldregridmod_esmf_fieldregridstorenx_+0x9fc) [0x2ace5b06c1bc]
10  /glade/scratch/theurich/ESMF-Nightly-Testing/nvhpc_21.11_openmpi_O_fix_profile_summary_at_scale/esmf/DEFAULTINSTALLDIR/lib/libO/Linux.nvhpc.64.openmpi.default/libesmf.so(esmf_fieldbundlemod_esmf_fieldbundleregridstorepair_+0x1bd6) [0x2ace5af4cbd6]
11  /glade/scratch/theurich/ESMF-Nightly-Testing/nvhpc_21.11_openmpi_O_fix_profile_summary_at_scale/esmf/DEFAULTINSTALLDIR/lib/libO/Linux.nvhpc.64.openmpi.default/libesmf.so(nuopc_connector_fieldbundlecplstore_+0x8fbd) [0x2ace5b4cd7fd]
12  /glade/scratch/theurich/ESMF-Nightly-Testing/nvhpc_21.11_openmpi_O_fix_profile_summary_at_scale/esmf/DEFAULTINSTALLDIR/lib/libO/Linux.nvhpc.64.openmpi.default/libesmf.so(nuopc_connector_initializeipdv05p6b_+0x4d7e) [0x2ace5b4b7c3e]
13  /glade/scratch/theurich/ESMF-Nightly-Testing/nvhpc_21.11_openmpi_O_fix_profile_summary_at_scale/esmf/DEFAULTINSTALLDIR/lib/libO/Linux.nvhpc.64.openmpi.default/libesmf.so(_ZN5ESMCI6FTable12callVFuncPtrEPKcPNS_2VMEPi+0x4d7) [0x2ace5a937717]
14  /glade/scratch/theurich/ESMF-Nightly-Testing/nvhpc_21.11_openmpi_O_fix_profile_summary_at_scale/esmf/DEFAULTINSTALLDIR/lib/libO/Linux.nvhpc.64.openmpi.default/libesmf.so(ESMCI_FTableCallEntryPointVMHop+0x1de) [0x2ace5a93565e]
15  /glade/scratch/theurich/ESMF-Nightly-Testing/nvhpc_21.11_openmpi_O_fix_profile_summary_at_scale/esmf/DEFAULTINSTALLDIR/lib/libO/Linux.nvhpc.64.openmpi.default/libesmf.so(_ZN5ESMCI2VM5enterEPNS_6VMPlanEPvS3_+0x18) [0x2ace5acfa518]
16  /glade/scratch/theurich/ESMF-Nightly-Testing/nvhpc_21.11_openmpi_O_fix_profile_summary_at_scale/esmf/DEFAULTINSTALLDIR/lib/libO/Linux.nvhpc.64.openmpi.default/libesmf.so(c_esmc_ftablecallentrypointvm_+0x35b) [0x2ace5a935a5b]
17  /glade/scratch/theurich/ESMF-Nightly-Testing/nvhpc_21.11_openmpi_O_fix_profile_summary_at_scale/esmf/DEFAULTINSTALLDIR/lib/libO/Linux.nvhpc.64.openmpi.default/libesmf.so(esmf_compmod_esmf_compexecute_+0x7e1) [0x2ace5aeddb21]
18  /glade/scratch/theurich/ESMF-Nightly-Testing/nvhpc_21.11_openmpi_O_fix_profile_summary_at_scale/esmf/DEFAULTINSTALLDIR/lib/libO/Linux.nvhpc.64.openmpi.default/libesmf.so(esmf_cplcompmod_esmf_cplcompinitialize_+0x159) [0x2ace5aef0819]
19  /glade/scratch/theurich/ESMF-Nightly-Testing/nvhpc_21.11_openmpi_O_fix_profile_summary_at_scale/esmf/DEFAULTINSTALLDIR/lib/libO/Linux.nvhpc.64.openmpi.default/libesmf.so(nuopc_driver_loopconnectorcompss_+0xea9) [0x2ace5b4ece69]
20  /glade/scratch/theurich/ESMF-Nightly-Testing/nvhpc_21.11_openmpi_O_fix_profile_summary_at_scale/esmf/DEFAULTINSTALLDIR/lib/libO/Linux.nvhpc.64.openmpi.default/libesmf.so(nuopc_driver_initializeipdv02p3_+0x2ee4) [0x2ace5b4e4464]
21  /glade/scratch/theurich/ESMF-Nightly-Testing/nvhpc_21.11_openmpi_O_fix_profile_summary_at_scale/esmf/DEFAULTINSTALLDIR/lib/libO/Linux.nvhpc.64.openmpi.default/libesmf.so(nuopc_driver_initializegeneric_+0x5f4) [0x2ace5b4d2e34]
22  /glade/scratch/theurich/ESMF-Nightly-Testing/nvhpc_21.11_openmpi_O_fix_profile_summary_at_scale/esmf/DEFAULTINSTALLDIR/lib/libO/Linux.nvhpc.64.openmpi.default/libesmf.so(_ZN5ESMCI6FTable12callVFuncPtrEPKcPNS_2VMEPi+0x4d7) [0x2ace5a937717]
23  /glade/scratch/theurich/ESMF-Nightly-Testing/nvhpc_21.11_openmpi_O_fix19  /glade/scratch/theurich/ESMF-Nightly-Testing/nvhpc_21.11_openmpi_O_fix_profile_summary_at_scale/esmf/DEFAULTINSTALLDIR/lib/libO/Linux.nvhpc.64.openmpi.default/libesmf.so(nuopc_driver_loopconnectorcompss_+0xea9) [0x2abca9255e69]
20  /glade/scratch/theurich/ESMF-Nightly-Testing/nvhpc_21.11_openmpi_O_fix_profile_summary_at_scale/esmf/DEFAULTINSTALLDIR/lib/libO/Linux.nvhpc.64.openmpi.default/libesmf.so(nuopc_driver_initializeipdv02p3_+0x2ee4) [0x2abca924d464]
21  /glade/scratch/theurich/ESMF-Nightly-Testing/nvhpc_21.11_openmpi_O_fix_profile_summary_at_scale/esmf/DEFAULTINSTALLDIR/lib/libO/Linux.nvhpc.64.openmpi.default/libesmf.so(nuopc_driver_initializegeneric_+0x5f4) [0x2abca923be34]
22  /glade/scratch/theurich/ESMF-Nightly-Testing/nvhpc_21.11_openmpi_O_fix_profile_summary_at_scale/esmf/DEFAULTINSTALLDIR/lib/libO/Linux.nvhpc.64.openmpi.default/libesmf.so(_ZN5ESMCI6FTable12callVFuncPtrEPKcPNS_2VMEPi+0x4d7) [0x2abca86a0717]
23  /glade/scratch/theurich/ESMF-Nightly-Testing/nvhpc_21.11_openmpi_O_fix_profile_summary_at_scale/esmf/DEFAULTINSTALLDIR/lib/libO/Linux.nvhpc.64.openmpi.default/libesmf.so(ESMCI_FTableCallEntryPointVMHop+0x1de) [0x2abca869e65e]
24  /glade/scratch/theurich/ESMF-Nightly-Testing/nvhpc_21.11_openmpi_O_fix_profile_summary_at_scale/esmf/DEFAULTINSTALLDIR/lib/libO/Linux.nvhpc.64.openmpi.default/libesmf.so(_ZN5ESMCI2VM5enterEPNS_6VMPlanEPvS3_+0x18) [0x2abca8a63518]
25  /glade/scratch/theurich/ESMF-Nightly-Testing/nvhpc_21.11_openmpi_O_fix_profile_summary_at_scale/esmf/DEFAULTINSTALLDIR/lib/libO/Linux.nvhpc.64.openmpi.default/libesmf.so(c_esmc_ftablecallentrypointvm_+0x35b) [0x2abca869ea5b]
26  /glade/scratch/theurich/ESMF-Nightly-Testing/nvhpc_21.11_openmpi_O_fix_profile_summary_at_scale/esmf/DEFAULTINSTALLDIR/lib/libO/Linux.nvhpc.64.openmpi.default/libesmf.so(esmf_compmod_esmf_compexecute_+0x7e1) [0x2abca8c46b21]
27  /glade/scratch/theurich/ESMF-Nightly-Testing/nvhpc_21.11_openmpi_O_fix_profile_summary_at_scale/esmf/DEFAULTINSTALLDIR/lib/libO/Linux.nvhpc.64.openmpi.default/libesmf.so(esmf_gridcompmod_esmf_gridcompinitialize_+0x159) [0x2abca8e1bf19]
28  ./esmApp() [0x40615f]
29  ./esmApp() [0x405db3]
30  /glade/u/apps/ch/os/lib64/libc.so.6(__libc_start_main+0xf5) [0x2abcaddcca35]
31  ./esmApp() [0x405ca9]
=================================
[r5i2n26:22352] *** Process received signal ***
[r5i2n26:22352] Signal: Segmentation fault (11)
[r5i2n26:22352] Signal code:  (-6)
[r5i2n26:22352] Failing at address: 0xb5100005750
[r5i2n26:22352] [ 0] /glade/u/apps/ch/os/lib64/libpthread.so.0(+0x11c00)[0x2abcad4fbc00]
[r5i2n26:22352] [ 1] /glade/scratch/theurich/ESMF-Nightly-Testing/nvhpc_21.11_openmpi_O_fix_profile_summary_at_scale/esmf/DEFAULTINSTALLDIR/lib/libO/Linux.nvhpc.64.openmpi.default/libesmf.so(_ZN5ESMCI6LogErr13MsgFoundErrorEiPKciS2_S2_Pi+0x34)[0x2abca8776534]
[r5i2n26:22352] [ 2] /glade/scratch/theurich/ESMF-Nightly-Testing/nvhpc_21.11_openmpi_O_fix_profile_summary_at_scale/esmf/DEFAULTINSTALLDIR/lib/libO/Linux.nvhpc.64.openmpi.default/libesmf.so(c_esmc_meshcreatenodedistgrid_+0x5b)[0x2abca88b841b]
[r5i2n26:22352] [ 3] /glade/scratch/theurich/ESMF-Nightly-Testing/nvhpc_21.11_openmpi_O_fix_profile_summary_at_scale/esmf/DEFAULTINSTALLDIR/lib/libO/Linux.nvhpc.64.openmpi.default/libesmf.so(esmf_meshmod_esmf_meshcreatefrompointer_+0x4c)[0x2abca8fd4dcc]
[r5i2n26:22352] [ 4] /glade/scratch/theurich/ESMF-Nightly-Testing/nvhpc_21.11_openmpi_O_fix_profile_summary_at_scale/esmf/DEFAULTINSTALLDIR/lib/libO/Linux.nvhpc.64.openmpi.default/libesmf.so(esmf_gridutilmod_esmf_gridtomesh_+0x32a)[0x2abca8eb4cea]
[r5i2n26:22352] [ 5] /glade/scratch/theurich/ESMF-Nightly-Testing/nvhpc_21.11_openmpi_O_fix_profile_summary_at_scale/esmf/DEFAULTINSTALLDIR/lib/libO/Linux.nvhpc.64.openmpi.default/libesmf.so(esmf_fieldregridmod_b_or_p_gridtomesh_+0x155)[0x2abca8dd9955]
[r5i2n26:22352] [ 6] 24  /glade/scratch/theurich/ESMF-Nightly-Testing/nvhpc_21.11_openmpi_O_fix_profile_summary_at_scale/esmf/DEFAULTINSTALLDIR/lib/libO/Linux.nvhpc.64.openmpi.default/libesmf.so(_ZN5ESMCI2VM5enterEPNS_6VMPlanEPvS3_+0x18) [0x2b8c6c7ad518]
25  /glade/scratch/theurich/ESMF-Nightly-Testing/nvhpc_21.11_openmpi_O_fix_profile_summary_at_scale/esmf/DEFAULTINSTALLDIR/lib/libO/Linux.nvhpc.64.openmpi.default/libesmf.so(c_esmc_ftablecallentrypointvm_+0x35b) [0x2b8c6c3e8a5b]
26  /glade/scratch/theurich/ESMF-Nightly-Testing/nvhpc_21.11_openmpi_O_fix_profile_summary_at_scale/esmf/DEFAULTINSTALLDIR/lib/libO/Linux.nvhpc.64.openmpi.default/libesmf.so(esmf_compmod_esmf_compexecute_+0x7e1) [0x2b8c6c990b21]
27  /glade/scratch/theurich/ESMF-Nightly-Testing/nvhpc_21.11_openmpi_O_fix_profile_summary_at_scale/esmf/DEFAULTINSTALLDIR/lib/libO/Linux.nvhpc.64.openmpi.default/libesmf.so(esmf_gridcompmod_esmf_gridcompinitialize_+0x159) [0x2b8c6cb65f19]
28  ./esmApp() [0x40615f]
29  ./esmApp() [0x405db3]
30  /glade/u/apps/ch/os/lib64/libc.so.6(__libc_start_main+0xf5) [0x2b8c71b16a35]
31  ./esmApp() [0x405ca9]
=================================
[r5i2n26:22355] *** Process received signal ***
[r5i2n26:22355] Signal: Segmentation fault (11)
[r5i2n26:22355] Signal code:  (-6)
[r5i2n26:22355] Failing at address: 0xb5100005753
[r5i2n26:22355] [ 0] /glade/u/apps/ch/os/lib64/libpthread.so.0(+0x11c00)[0x2b8c71245c00]
[r5i2n26:22355] [ 1] /glade/scratch/theurich/ESMF-Nightly-Testing/nvhpc_21.11_openmpi_O_fix_profile_summary_at_scale/esmf/DEFAULTINSTALLDIR/lib/libO/Linux.nvhpc.64.openmpi.default/libesmf.so(_ZN5ESMCI6LogErr13MsgFoundErrorEiPKciS2_S2_Pi+0x34)[0x2b8c6c4c0534]
[r5i2n26:22355] [ 2] /glade/scratch/theurich/ESMF-Nightly-Testing/nvhpc_21.11_openmpi_O_fix_profile_summary_at_scale/esmf/DEFAULTINSTALLDIR/lib/libO/Linux.nvhpc.64.openmpi.default/libesmf.so(c_esmc_meshcreatenodedistgrid_+0x5b)[0x2b8c6c60241b]
[r5i2n26:22355] [ 3] /glade/scratch/theurich/ESMF-Nightly-Testing/nvhpc_21.11_openmpi_O_fix_profile_summary_at_scale/esmf/DEFAULTINSTALLDIR/lib/libO/Linux.nvhpc.64.openmpi.default/libesmf.so(esmf_meshmod_esmf_meshcreatefrompointer_+0x4c)[0x2b8c6cd1edcc]
[r5i2n26:22355] [ 4] /glade/scratch/theurich/ESMF-Nightly-Testing/nvhpc_21.11_openmpi_O_fix_profile_summary_at_scale/esmf/DEFAULTINSTALLDIR/lib/libO/Linux.nvhpc.64.openmpi.default/libesmf.so(esmf_gridutilmod_esmf_gridtomesh_+0x32a)[0x2b8c6cbfecea]
[r5i2n26:22355] [ 5] /glade/scratch/theurich/ESMF-Nightly-Testing/nvhpc_21.11_openmpi_O_fix_profile_summary_at_scale/esmf/DEFAULTINSTALLDIR/lib/libO/Linux.nvhpc.64.openmpi.default/libesmf.so(esmf_fieldregridmod_b_or_p_gridtomesh_+0x155)[0x2b8c6cb23955]
[r5i2n26:22355] [ 6] /theurich/ESMF-Nightly-Testing/nvhpc_21.11_openmpi_O_fix_profile_summary_at_scale/esmf/DEFAULTINSTALLDIR/lib/libO/Linux.nvhpc.64.openmpi.default/libesmf.so(nuopc_driver_loopconnectorcompss_+0xea9) [0x2b6217c97e69]
20  /glade/scratch/theurich/ESMF-Nightly-Testing/nvhpc_21.11_openmpi_O_fix_profile_summary_at_scale/esmf/DEFAULTINSTALLDIR/lib/libO/Linux.nvhpc.64.openmpi.default/libesmf.so(nuopc_driver_initializeipdv02p3_+0x2ee4) [0x2b6217c8f464]
21  /glade/scratch/theurich/ESMF-Nightly-Testing/nvhpc_21.11_openmpi_O_fix_profile_summary_at_scale/esmf/DEFAULTINSTALLDIR/lib/libO/Linux.nvhpc.64.openmpi.default/libesmf.so(nuopc_driver_initializegeneric_+0x5f4) [0x2b6217c7de34]
22  /glade/scratch/theurich/ESMF-Nightly-Testing/nvhpc_21.11_openmpi_O_fix_profile_summary_at_scale/esmf/DEFAULTINSTALLDIR/lib/libO/Linux.nvhpc.64.openmpi.default/libesmf.so(_ZN5ESMCI6FTable12callVFuncPtrEPKcPNS_2VMEPi+0x4d7) [0x2b62170e2717]
23  /glade/scratch/theurich/ESMF-Nightly-Testing/nvhpc_21.11_openmpi_O_fix_profile_summary_at_scale/esmf/DEFAULTINSTALLDIR/lib/libO/Linux.nvhpc.64.openmpi.default/libesmf.so(ESMCI_FTableCallEntryPointVMHop+0x1de) [0x2b62170e065e]
24  /glade/scratch/theurich/ESMF-Nightly-Testing/nvhpc_21.11_openmpi_O_fix_profile_summary_at_scale/esmf/DEFAULTINSTALLDIR/lib/libO/Linux.nvhpc.64.openmpi.default/libesmf.so(_ZN5ESMCI2VM5enterEPNS_6VMPlanEPvS3_+0x18) [0x2b62174a5518]
25  /glade/scratch/theurich/ESMF-Nightly-Testing/nvhpc_21.11_openmpi_O_fix_profile_summary_at_scale/esmf/DEFAULTINSTALLDIR/lib/libO/Linux.nvhpc.64.openmpi.default/libesmf.so(c_esmc_ftablecallentrypointvm_+0x35b) [0x2b62170e0a5b]
26  /glade/scratch/theurich/ESMF-Nightly-Testing/nvhpc_21.11_openmpi_O_fix_profile_summary_at_scale/esmf/DEFAULTINSTALLDIR/lib/libO/Linux.nvhpc.64.openmpi.default/libesmf.so(esmf_compmod_esmf_compexecute_+0x7e1) [0x2b6217688b21]
27  /glade/scratch/theurich/ESMF-Nightly-Testing/nvhpc_21.11_openmpi_O_fix_profile_summary_at_scale/esmf/DEFAULTINSTALLDIR/lib/libO/Linux.nvhpc.64.openmpi.default/libesmf.so(esmf_gridcompmod_esmf_gridcompinitialize_+0x159) [0x2b621785df19]
28  ./esmApp() [0x40615f]
29  ./esmApp() [0x405db3]
30  /glade/u/apps/ch/os/lib64/libc.so.6(__libc_start_main+0xf5) [0x2b621c80ea35]
31  ./esmApp() [0x405ca9]
=================================
[r5i2n26:22354] *** Process received signal ***
[r5i2n26:22354] Signal: Segmentation fault (11)
[r5i2n26:22354] Signal code:  (-6)
[r5i2n26:22354] Failing at address: 0xb5100005752
[r5i2n26:22354] [ 0] /glade/u/apps/ch/os/lib64/libpthread.so.0(+0x11c00)[0x2b621bf3dc00]
[r5i2n26:22354] [ 1] /glade/scratch/theurich/ESMF-Nightly-Testing/nvhpc_21.11_openmpi_O_fix_profile_summary_at_scale/esmf/DEFAULTINSTALLDIR/lib/libO/Linux.nvhpc.64.openmpi.default/libesmf.so(_ZN5ESMCI6LogErr13MsgFoundErrorEiPKciS2_S2_Pi+0x34)[0x2b62171b8534]
[r5i2n26:22354] [ 2] /glade/scratch/theurich/ESMF-Nightly-Testing/nvhpc_21.11_openmpi_O_fix_profile_summary_at_scale/esmf/DEFAULTINSTALLDIR/lib/libO/Linux.nvhpc.64.openmpi.default/libesmf.so(c_esmc_meshcreatenodedistgrid_+0x5b)[0x2b62172fa41b]
[r5i2n26:22354] [ 3] /glade/scratch/theurich/ESMF-Nightly-Testing/nvhpc_21.11_openmpi_O_fix_profile_summary_at_scale/esmf/DEFAULTINSTALLDIR/lib/libO/Linux.nvhpc.64.openmpi.default/libesmf.so(esmf_meshmod_esmf_meshcreatefrompointer_+0x4c)[0x2b6217a16dcc]
[r5i2n26:22354] [ 4] /glade/scratch/theurich/ESMF-Nightly-Testing/nvhpc_21.11_openmpi_O_fix_profile_summary_at_scale/esmf/DEFAULTINSTALLDIR/lib/libO/Linux.nvhpc.64.openmpi.default/libesmf.so(esmf_gridutilmod_esmf_gridtomesh_+0x32a)[0x2b62178f6cea]
[r5i2n26:22354] [ 5] /glade/scratch/theurich/ESMF-Nightly-Testing/nvhpc_21.11_openmpi_O_fix_profile_summary_at_scale/esmf/DEFAULTINSTALLDIR/lib/libO/Linux.nvhpc.64.openmpi.default/libesmf.so(esmf_fieldregridmod_b_or_p_gridtomesh_+0x155)[0x2b621781b955]
[r5i2n26:22354] [ 6] _profile_summary_at_scale/esmf/DEFAULTINSTALLDIR/lib/libO/Linux.nvhpc.64.openmpi.default/libesmf.so(ESMCI_FTableCallEntryPointVMHop+0x1de) [0x2ace5a93565e]
24  /glade/scratch/theurich/ESMF-Nightly-Testing/nvhpc_21.11_openmpi_O_fix_profile_summary_at_scale/esmf/DEFAULTINSTALLDIR/lib/libO/Linux.nvhpc.64.openmpi.default/libesmf.so(_ZN5ESMCI2VM5enterEPNS_6VMPlanEPvS3_+0x18) [0x2ace5acfa518]
25  /glade/scratch/theurich/ESMF-Nightly-Testing/nvhpc_21.11_openmpi_O_fix_profile_summary_at_scale/esmf/DEFAULTINSTALLDIR/lib/libO/Linux.nvhpc.64.openmpi.default/libesmf.so(c_esmc_ftablecallentrypointvm_+0x35b) [0x2ace5a935a5b]
26  /glade/scratch/theurich/ESMF-Nightly-Testing/nvhpc_21.11_openmpi_O_fix_profile_summary_at_scale/esmf/DEFAULTINSTALLDIR/lib/libO/Linux.nvhpc.64.openmpi.default/libesmf.so(esmf_compmod_esmf_compexecute_+0x7e1) [0x2ace5aeddb21]
27  /glade/scratch/theurich/ESMF-Nightly-Testing/nvhpc_21.11_openmpi_O_fix_profile_summary_at_scale/esmf/DEFAULTINSTALLDIR/lib/libO/Linux.nvhpc.64.openmpi.default/libesmf.so(esmf_gridcompmod_esmf_gridcompinitialize_+0x159) [0x2ace5b0b2f19]
28  ./esmApp() [0x40615f]
29  ./esmApp() [0x405db3]
30  /glade/u/apps/ch/os/lib64/libc.so.6(__libc_start_main+0xf5) [0x2ace60063a35]
31  ./esmApp() [0x405ca9]
=================================
[r5i2n26:22353] *** Process received signal ***
[r5i2n26:22353] Signal: Segmentation fault (11)
[r5i2n26:22353] Signal code:  (-6)
[r5i2n26:22353] Failing at address: 0xb5100005751
[r5i2n26:22353] [ 0] /glade/u/apps/ch/os/lib64/libpthread.so.0(+0x11c00)[0x2ace5f792c00]
[r5i2n26:22353] [ 1] /glade/scratch/theurich/ESMF-Nightly-Testing/nvhpc_21.11_openmpi_O_fix_profile_summary_at_scale/esmf/DEFAULTINSTALLDIR/lib/libO/Linux.nvhpc.64.openmpi.default/libesmf.so(_ZN5ESMCI6LogErr13MsgFoundErrorEiPKciS2_S2_Pi+0x34)[0x2ace5aa0d534]
[r5i2n26:22353] [ 2] /glade/scratch/theurich/ESMF-Nightly-Testing/nvhpc_21.11_openmpi_O_fix_profile_summary_at_scale/esmf/DEFAULTINSTALLDIR/lib/libO/Linux.nvhpc.64.openmpi.default/libesmf.so(c_esmc_meshcreatenodedistgrid_+0x5b)[0x2ace5ab4f41b]
[r5i2n26:22353] [ 3] /glade/scratch/theurich/ESMF-Nightly-Testing/nvhpc_21.11_openmpi_O_fix_profile_summary_at_scale/esmf/DEFAULTINSTALLDIR/lib/libO/Linux.nvhpc.64.openmpi.default/libesmf.so(esmf_meshmod_esmf_meshcreatefrompointer_+0x4c)[0x2ace5b26bdcc]
[r5i2n26:22353] [ 4] /glade/scratch/theurich/ESMF-Nightly-Testing/nvhpc_21.11_openmpi_O_fix_profile_summary_at_scale/esmf/DEFAULTINSTALLDIR/lib/libO/Linux.nvhpc.64.openmpi.default/libesmf.so(esmf_gridutilmod_esmf_gridtomesh_+0x32a)[0x2ace5b14bcea]
[r5i2n26:22353] [ 5] /glade/scratch/theurich/ESMF-Nightly-Testing/nvhpc_21.11_openmpi_O_fix_profile_summary_at_scale/esmf/DEFAULTINSTALLDIR/lib/libO/Linux.nvhpc.64.openmpi.default/libesmf.so(esmf_fieldregridmod_b_or_p_gridtomesh_+0x155)[0x2ace5b070955]
[r5i2n26:22353] [ 6] /glade/scratch/theurich/ESMF-Nightly-Testing/nvhpc_21.11_openmpi_O_fix_profile_summary_at_scale/esmf/DEFAULTINSTALLDIR/lib/libO/Linux.nvhpc.64.openmpi.default/libesmf.so(esmf_fieldregridmod_getmeshwithnodesonfieldloc_+0x3b1)[0x2b8c6cb20cf1]
[r5i2n26:22355] [ 7] /glade/scratch/theurich/ESMF-Nightly-Testing/nvhpc_21.11_openmpi_O_fix_profile_summary_at_scale/esmf/DEFAULTINSTALLDIR/lib/libO/Linux.nvhpc.64.openmpi.default/libesmf.so(esmf_fieldregridmod_getmeshwithnodesonfieldloc_+0x3b1)[0x2abca8dd6cf1]
[r5i2n26:22352] [ 7] /glade/scratch/theurich/ESMF-Nightly-Testing/nvhpc_21.11_openmpi_O_fix_profile_summary_at_scale/esmf/DEFAULTINSTALLDIR/lib/libO/Linux.nvhpc.64.openmpi.default/libesmf.so(esmf_fieldregridmod_getmeshwithnodesonfieldloc_+0x3b1)[0x2ace5b06dcf1]
[r5i2n26:22353] [ 7] /glade/scratch/theurich/ESMF-Nightly-Testing/nvhpc_21.11_openmpi_O_fix_profile_summary_at_scale/esmf/DEFAULTINSTALLDIR/lib/libO/Linux.nvhpc.64.openmpi.default/libesmf.so(esmf_fieldregridmod_getmeshwithnodesonfieldloc_+0x3b1)[0x2b6217818cf1]
[r5i2n26:22354] [ 7] /glade/scratch/theurich/ESMF-Nightly-Testing/nvhpc_21.11_openmpi_O_fix_profile_summary_at_scale/esmf/DEFAULTINSTALLDIR/lib/libO/Linux.nvhpc.64.openmpi.default/libesmf.so(esmf_fieldregridmod_esmf_fieldregridstorenx_+0x9fc)[0x2b8c6cb1f1bc]
[r5i2n26:22355] [ 8] /glade/scratch/theurich/ESMF-Nightly-Testing/nvhpc_21.11_openmpi_O_fix_profile_summary_at_scale/esmf/DEFAULTINSTALLDIR/lib/libO/Linux.nvhpc.64.openmpi.default/libesmf.so(esmf_fieldregridmod_esmf_fieldregridstorenx_+0x9fc)[0x2abca8dd51bc]
[r5i2n26:22352] [ 8] /glade/scratch/theurich/ESMF-Nightly-Testing/nvhpc_21.11_openmpi_O_fix_profile_summary_at_scale/esmf/DEFAULTINSTALLDIR/lib/libO/Linux.nvhpc.64.openmpi.default/libesmf.so(esmf_fieldregridmod_esmf_fieldregridstorenx_+0x9fc)[0x2ace5b06c1bc]
[r5i2n26:22353] [ 8] /glade/scratch/theurich/ESMF-Nightly-Testing/nvhpc_21.11_openmpi_O_fix_profile_summary_at_scale/esmf/DEFAULTINSTALLDIR/lib/libO/Linux.nvhpc.64.openmpi.default/libesmf.so(esmf_fieldregridmod_esmf_fieldregridstorenx_+0x9fc)[0x2b62178171bc]
[r5i2n26:22354] [ 8] /glade/scratch/theurich/ESMF-Nightly-Testing/nvhpc_21.11_openmpi_O_fix_profile_summary_at_scale/esmf/DEFAULTINSTALLDIR/lib/libO/Linux.nvhpc.64.openmpi.default/libesmf.so(esmf_fieldbundlemod_esmf_fieldbundleregridstorepair_+0x1bd6)[0x2b8c6c9ffbd6]
[r5i2n26:22355] [ 9] /glade/scratch/theurich/ESMF-Nightly-Testing/nvhpc_21.11_openmpi_O_fix_profile_summary_at_scale/esmf/DEFAULTINSTALLDIR/lib/libO/Linux.nvhpc.64.openmpi.default/libesmf.so(esmf_fieldbundlemod_esmf_fieldbundleregridstorepair_+0x1bd6)[0x2abca8cb5bd6]
[r5i2n26:22352] [ 9] /glade/scratch/theurich/ESMF-Nightly-Testing/nvhpc_21.11_openmpi_O_fix_profile_summary_at_scale/esmf/DEFAULTINSTALLDIR/lib/libO/Linux.nvhpc.64.openmpi.default/libesmf.so(esmf_fieldbundlemod_esmf_fieldbundleregridstorepair_+0x1bd6)[0x2ace5af4cbd6]
[r5i2n26:22353] [ 9] /glade/scratch/theurich/ESMF-Nightly-Testing/nvhpc_21.11_openmpi_O_fix_profile_summary_at_scale/esmf/DEFAULTINSTALLDIR/lib/libO/Linux.nvhpc.64.openmpi.default/libesmf.so(esmf_fieldbundlemod_esmf_fieldbundleregridstorepair_+0x1bd6)[0x2b62176f7bd6]
[r5i2n26:22354] [ 9] /glade/scratch/theurich/ESMF-Nightly-Testing/nvhpc_21.11_openmpi_O_fix_profile_summary_at_scale/esmf/DEFAULTINSTALLDIR/lib/libO/Linux.nvhpc.64.openmpi.default/libesmf.so(nuopc_connector_fieldbundlecplstore_+0x8fbd)[0x2b8c6cf807fd]
[r5i2n26:22355] [10] /glade/scratch/theurich/ESMF-Nightly-Testing/nvhpc_21.11_openmpi_O_fix_profile_summary_at_scale/esmf/DEFAULTINSTALLDIR/lib/libO/Linux.nvhpc.64.openmpi.default/libesmf.so(nuopc_connector_fieldbundlecplstore_+0x8fbd)[0x2abca92367fd]
[r5i2n26:22352] [10] /glade/scratch/theurich/ESMF-Nightly-Testing/nvhpc_21.11_openmpi_O_fix_profile_summary_at_scale/esmf/DEFAULTINSTALLDIR/lib/libO/Linux.nvhpc.64.openmpi.default/libesmf.so(nuopc_connector_fieldbundlecplstore_+0x8fbd)[0x2ace5b4cd7fd]
[r5i2n26:22353] [10] /glade/scratch/theurich/ESMF-Nightly-Testing/nvhpc_21.11_openmpi_O_fix_profile_summary_at_scale/esmf/DEFAULTINSTALLDIR/lib/libO/Linux.nvhpc.64.openmpi.default/libesmf.so(nuopc_connector_fieldbundlecplstore_+0x8fbd)[0x2b6217c787fd]
[r5i2n26:22354] [10] /glade/scratch/theurich/ESMF-Nightly-Testing/nvhpc_21.11_openmpi_O_fix_profile_summary_at_scale/esmf/DEFAULTINSTALLDIR/lib/libO/Linux.nvhpc.64.openmpi.default/libesmf.so(nuopc_connector_initializeipdv05p6b_+0x4d7e)[0x2b8c6cf6ac3e]
[r5i2n26:22355] [11] /glade/scratch/theurich/ESMF-Nightly-Testing/nvhpc_21.11_openmpi_O_fix_profile_summary_at_scale/esmf/DEFAULTINSTALLDIR/lib/libO/Linux.nvhpc.64.openmpi.default/libesmf.so(nuopc_connector_initializeipdv05p6b_+0x4d7e)[0x2abca9220c3e]
[r5i2n26:22352] [11] /glade/scratch/theurich/ESMF-Nightly-Testing/nvhpc_21.11_openmpi_O_fix_profile_summary_at_scale/esmf/DEFAULTINSTALLDIR/lib/libO/Linux.nvhpc.64.openmpi.default/libesmf.so(nuopc_connector_initializeipdv05p6b_+0x4d7e)[0x2ace5b4b7c3e]
[r5i2n26:22353] [11] /glade/scratch/theurich/ESMF-Nightly-Testing/nvhpc_21.11_openmpi_O_fix_profile_summary_at_scale/esmf/DEFAULTINSTALLDIR/lib/libO/Linux.nvhpc.64.openmpi.default/libesmf.so(nuopc_connector_initializeipdv05p6b_+0x4d7e)[0x2b6217c62c3e]
[r5i2n26:22354] [11] /glade/scratch/theurich/ESMF-Nightly-Testing/nvhpc_21.11_openmpi_O_fix_profile_summary_at_scale/esmf/DEFAULTINSTALLDIR/lib/libO/Linux.nvhpc.64.openmpi.default/libesmf.so(_ZN5ESMCI6FTable12callVFuncPtrEPKcPNS_2VMEPi+0x4d7)[0x2b8c6c3ea717]
[r5i2n26:22355] [12] /glade/scratch/theurich/ESMF-Nightly-Testing/nvhpc_21.11_openmpi_O_fix_profile_summary_at_scale/esmf/DEFAULTINSTALLDIR/lib/libO/Linux.nvhpc.64.openmpi.default/libesmf.so(_ZN5ESMCI6FTable12callVFuncPtrEPKcPNS_2VMEPi+0x4d7)[0x2abca86a0717]
[r5i2n26:22352] [12] /glade/scratch/theurich/ESMF-Nightly-Testing/nvhpc_21.11_openmpi_O_fix_profile_summary_at_scale/esmf/DEFAULTINSTALLDIR/lib/libO/Linux.nvhpc.64.openmpi.default/libesmf.so(_ZN5ESMCI6FTable12callVFuncPtrEPKcPNS_2VMEPi+0x4d7)[0x2ace5a937717]
[r5i2n26:22353] [12] /glade/scratch/theurich/ESMF-Nightly-Testing/nvhpc_21.11_openmpi_O_fix_profile_summary_at_scale/esmf/DEFAULTINSTALLDIR/lib/libO/Linux.nvhpc.64.openmpi.default/libesmf.so(_ZN5ESMCI6FTable12callVFuncPtrEPKcPNS_2VMEPi+0x4d7)[0x2b62170e2717]
[r5i2n26:22354] [12] /glade/scratch/theurich/ESMF-Nightly-Testing/nvhpc_21.11_openmpi_O_fix_profile_summary_at_scale/esmf/DEFAULTINSTALLDIR/lib/libO/Linux.nvhpc.64.openmpi.default/libesmf.so(ESMCI_FTableCallEntryPointVMHop+0x1de)[0x2b8c6c3e865e]
[r5i2n26:22355] [13] /glade/scratch/theurich/ESMF-Nightly-Testing/nvhpc_21.11_openmpi_O_fix_profile_summary_at_scale/esmf/DEFAULTINSTALLDIR/lib/libO/Linux.nvhpc.64.openmpi.default/libesmf.so(ESMCI_FTableCallEntryPointVMHop+0x1de)[0x2abca869e65e]
[r5i2n26:22352] [13] /glade/scratch/theurich/ESMF-Nightly-Testing/nvhpc_21.11_openmpi_O_fix_profile_summary_at_scale/esmf/DEFAULTINSTALLDIR/lib/libO/Linux.nvhpc.64.openmpi.default/libesmf.so(ESMCI_FTableCallEntryPointVMHop+0x1de)[0x2ace5a93565e]
[r5i2n26:22353] [13] /glade/scratch/theurich/ESMF-Nightly-Testing/nvhpc_21.11_openmpi_O_fix_profile_summary_at_scale/esmf/DEFAULTINSTALLDIR/lib/libO/Linux.nvhpc.64.openmpi.default/libesmf.so(ESMCI_FTableCallEntryPointVMHop+0x1de)[0x2b62170e065e]
[r5i2n26:22354] [13] /glade/scratch/theurich/ESMF-Nightly-Testing/nvhpc_21.11_openmpi_O_fix_profile_summary_at_scale/esmf/DEFAULTINSTALLDIR/lib/libO/Linux.nvhpc.64.openmpi.default/libesmf.so(_ZN5ESMCI2VM5enterEPNS_6VMPlanEPvS3_+0x18)[0x2b8c6c7ad518]
[r5i2n26:22355] [14] /glade/scratch/theurich/ESMF-Nightly-Testing/nvhpc_21.11_openmpi_O_fix_profile_summary_at_scale/esmf/DEFAULTINSTALLDIR/lib/libO/Linux.nvhpc.64.openmpi.default/libesmf.so(_ZN5ESMCI2VM5enterEPNS_6VMPlanEPvS3_+0x18)[0x2abca8a63518]
[r5i2n26:22352] [14] /glade/scratch/theurich/ESMF-Nightly-Testing/nvhpc_21.11_openmpi_O_fix_profile_summary_at_scale/esmf/DEFAULTINSTALLDIR/lib/libO/Linux.nvhpc.64.openmpi.default/libesmf.so(_ZN5ESMCI2VM5enterEPNS_6VMPlanEPvS3_+0x18)[0x2b62174a5518]
[r5i2n26:22354] [14] /glade/scratch/theurich/ESMF-Nightly-Testing/nvhpc_21.11_openmpi_O_fix_profile_summary_at_scale/esmf/DEFAULTINSTALLDIR/lib/libO/Linux.nvhpc.64.openmpi.default/libesmf.so(_ZN5ESMCI2VM5enterEPNS_6VMPlanEPvS3_+0x18)[0x2ace5acfa518]
[r5i2n26:22353] [14] /glade/scratch/theurich/ESMF-Nightly-Testing/nvhpc_21.11_openmpi_O_fix_profile_summary_at_scale/esmf/DEFAULTINSTALLDIR/lib/libO/Linux.nvhpc.64.openmpi.default/libesmf.so(c_esmc_ftablecallentrypointvm_+0x35b)[0x2b8c6c3e8a5b]
[r5i2n26:22355] [15] /glade/scratch/theurich/ESMF-Nightly-Testing/nvhpc_21.11_openmpi_O_fix_profile_summary_at_scale/esmf/DEFAULTINSTALLDIR/lib/libO/Linux.nvhpc.64.openmpi.default/libesmf.so(c_esmc_ftablecallentrypointvm_+0x35b)[0x2abca869ea5b]
[r5i2n26:22352] [15] /glade/scratch/theurich/ESMF-Nightly-Testing/nvhpc_21.11_openmpi_O_fix_profile_summary_at_scale/esmf/DEFAULTINSTALLDIR/lib/libO/Linux.nvhpc.64.openmpi.default/libesmf.so(c_esmc_ftablecallentrypointvm_+0x35b)[0x2ace5a935a5b]
[r5i2n26:22353] [15] /glade/scratch/theurich/ESMF-Nightly-Testing/nvhpc_21.11_openmpi_O_fix_profile_summary_at_scale/esmf/DEFAULTINSTALLDIR/lib/libO/Linux.nvhpc.64.openmpi.default/libesmf.so(c_esmc_ftablecallentrypointvm_+0x35b)[0x2b62170e0a5b]
[r5i2n26:22354] [15] /glade/scratch/theurich/ESMF-Nightly-Testing/nvhpc_21.11_openmpi_O_fix_profile_summary_at_scale/esmf/DEFAULTINSTALLDIR/lib/libO/Linux.nvhpc.64.openmpi.default/libesmf.so(esmf_compmod_esmf_compexecute_+0x7e1)[0x2b8c6c990b21]
[r5i2n26:22355] [16] /glade/scratch/theurich/ESMF-Nightly-Testing/nvhpc_21.11_openmpi_O_fix_profile_summary_at_scale/esmf/DEFAULTINSTALLDIR/lib/libO/Linux.nvhpc.64.openmpi.default/libesmf.so(esmf_compmod_esmf_compexecute_+0x7e1)[0x2abca8c46b21]
[r5i2n26:22352] [16] /glade/scratch/theurich/ESMF-Nightly-Testing/nvhpc_21.11_openmpi_O_fix_profile_summary_at_scale/esmf/DEFAULTINSTALLDIR/lib/libO/Linux.nvhpc.64.openmpi.default/libesmf.so(esmf_compmod_esmf_compexecute_+0x7e1)[0x2b6217688b21]
[r5i2n26:22354] [16] /glade/scratch/theurich/ESMF-Nightly-Testing/nvhpc_21.11_openmpi_O_fix_profile_summary_at_scale/esmf/DEFAULTINSTALLDIR/lib/libO/Linux.nvhpc.64.openmpi.default/libesmf.so(esmf_compmod_esmf_compexecute_+0x7e1)[0x2ace5aeddb21]
[r5i2n26:22353] [16] /glade/scratch/theurich/ESMF-Nightly-Testing/nvhpc_21.11_openmpi_O_fix_profile_summary_at_scale/esmf/DEFAULTINSTALLDIR/lib/libO/Linux.nvhpc.64.openmpi.default/libesmf.so(esmf_cplcompmod_esmf_cplcompinitialize_+0x159)[0x2b8c6c9a3819]
[r5i2n26:22355] [17] /glade/scratch/theurich/ESMF-Nightly-Testing/nvhpc_21.11_openmpi_O_fix_profile_summary_at_scale/esmf/DEFAULTINSTALLDIR/lib/libO/Linux.nvhpc.64.openmpi.default/libesmf.so(esmf_cplcompmod_esmf_cplcompinitialize_+0x159)[0x2abca8c59819]
[r5i2n26:22352] [17] /glade/scratch/theurich/ESMF-Nightly-Testing/nvhpc_21.11_openmpi_O_fix_profile_summary_at_scale/esmf/DEFAULTINSTALLDIR/lib/libO/Linux.nvhpc.64.openmpi.default/libesmf.so(esmf_cplcompmod_esmf_cplcompinitialize_+0x159)[0x2ace5aef0819]
[r5i2n26:22353] [17] /glade/scratch/theurich/ESMF-Nightly-Testing/nvhpc_21.11_openmpi_O_fix_profile_summary_at_scale/esmf/DEFAULTINSTALLDIR/lib/libO/Linux.nvhpc.64.openmpi.default/libesmf.so(esmf_cplcompmod_esmf_cplcompinitialize_+0x159)[0x2b621769b819]
[r5i2n26:22354] [17] /glade/scratch/theurich/ESMF-Nightly-Testing/nvhpc_21.11_openmpi_O_fix_profile_summary_at_scale/esmf/DEFAULTINSTALLDIR/lib/libO/Linux.nvhpc.64.openmpi.default/libesmf.so(nuopc_driver_loopconnectorcompss_+0xea9)[0x2b8c6cf9fe69]
[r5i2n26:22355] [18] /glade/scratch/theurich/ESMF-Nightly-Testing/nvhpc_21.11_openmpi_O_fix_profile_summary_at_scale/esmf/DEFAULTINSTALLDIR/lib/libO/Linux.nvhpc.64.openmpi.default/libesmf.so(nuopc_driver_loopconnectorcompss_+0xea9)[0x2abca9255e69]
[r5i2n26:22352] [18] /glade/scratch/theurich/ESMF-Nightly-Testing/nvhpc_21.11_openmpi_O_fix_profile_summary_at_scale/esmf/DEFAULTINSTALLDIR/lib/libO/Linux.nvhpc.64.openmpi.default/libesmf.so(nuopc_driver_loopconnectorcompss_+0xea9)[0x2ace5b4ece69]
[r5i2n26:22353] [18] /glade/scratch/theurich/ESMF-Nightly-Testing/nvhpc_21.11_openmpi_O_fix_profile_summary_at_scale/esmf/DEFAULTINSTALLDIR/lib/libO/Linux.nvhpc.64.openmpi.default/libesmf.so(nuopc_driver_loopconnectorcompss_+0xea9)[0x2b6217c97e69]
[r5i2n26:22354] [18] /glade/scratch/theurich/ESMF-Nightly-Testing/nvhpc_21.11_openmpi_O_fix_profile_summary_at_scale/esmf/DEFAULTINSTALLDIR/lib/libO/Linux.nvhpc.64.openmpi.default/libesmf.so(nuopc_driver_initializeipdv02p3_+0x2ee4)[0x2b8c6cf97464]
[r5i2n26:22355] [19] /glade/scratch/theurich/ESMF-Nightly-Testing/nvhpc_21.11_openmpi_O_fix_profile_summary_at_scale/esmf/DEFAULTINSTALLDIR/lib/libO/Linux.nvhpc.64.openmpi.default/libesmf.so(nuopc_driver_initializeipdv02p3_+0x2ee4)[0x2abca924d464]
[r5i2n26:22352] [19] /glade/scratch/theurich/ESMF-Nightly-Testing/nvhpc_21.11_openmpi_O_fix_profile_summary_at_scale/esmf/DEFAULTINSTALLDIR/lib/libO/Linux.nvhpc.64.openmpi.default/libesmf.so(nuopc_driver_initializeipdv02p3_+0x2ee4)[0x2ace5b4e4464]
[r5i2n26:22353] [19] /glade/scratch/theurich/ESMF-Nightly-Testing/nvhpc_21.11_openmpi_O_fix_profile_summary_at_scale/esmf/DEFAULTINSTALLDIR/lib/libO/Linux.nvhpc.64.openmpi.default/libesmf.so(nuopc_driver_initializeipdv02p3_+0x2ee4)[0x2b6217c8f464]
[r5i2n26:22354] [19] /glade/scratch/theurich/ESMF-Nightly-Testing/nvhpc_21.11_openmpi_O_fix_profile_summary_at_scale/esmf/DEFAULTINSTALLDIR/lib/libO/Linux.nvhpc.64.openmpi.default/libesmf.so(nuopc_driver_initializegeneric_+0x5f4)[0x2b8c6cf85e34]
[r5i2n26:22355] [20] /glade/scratch/theurich/ESMF-Nightly-Testing/nvhpc_21.11_openmpi_O_fix_profile_summary_at_scale/esmf/DEFAULTINSTALLDIR/lib/libO/Linux.nvhpc.64.openmpi.default/libesmf.so(nuopc_driver_initializegeneric_+0x5f4)[0x2abca923be34]
[r5i2n26:22352] [20] /glade/scratch/theurich/ESMF-Nightly-Testing/nvhpc_21.11_openmpi_O_fix_profile_summary_at_scale/esmf/DEFAULTINSTALLDIR/lib/libO/Linux.nvhpc.64.openmpi.default/libesmf.so(nuopc_driver_initializegeneric_+0x5f4)[0x2ace5b4d2e34]
[r5i2n26:22353] [20] /glade/scratch/theurich/ESMF-Nightly-Testing/nvhpc_21.11_openmpi_O_fix_profile_summary_at_scale/esmf/DEFAULTINSTALLDIR/lib/libO/Linux.nvhpc.64.openmpi.default/libesmf.so(nuopc_driver_initializegeneric_+0x5f4)[0x2b6217c7de34]
[r5i2n26:22354] [20] /glade/scratch/theurich/ESMF-Nightly-Testing/nvhpc_21.11_openmpi_O_fix_profile_summary_at_scale/esmf/DEFAULTINSTALLDIR/lib/libO/Linux.nvhpc.64.openmpi.default/libesmf.so(_ZN5ESMCI6FTable12callVFuncPtrEPKcPNS_2VMEPi+0x4d7)[0x2b8c6c3ea717]
[r5i2n26:22355] [21] /glade/scratch/theurich/ESMF-Nightly-Testing/nvhpc_21.11_openmpi_O_fix_profile_summary_at_scale/esmf/DEFAULTINSTALLDIR/lib/libO/Linux.nvhpc.64.openmpi.default/libesmf.so(_ZN5ESMCI6FTable12callVFuncPtrEPKcPNS_2VMEPi+0x4d7)[0x2abca86a0717]
[r5i2n26:22352] [21] /glade/scratch/theurich/ESMF-Nightly-Testing/nvhpc_21.11_openmpi_O_fix_profile_summary_at_scale/esmf/DEFAULTINSTALLDIR/lib/libO/Linux.nvhpc.64.openmpi.default/libesmf.so(_ZN5ESMCI6FTable12callVFuncPtrEPKcPNS_2VMEPi+0x4d7)[0x2b62170e2717]
[r5i2n26:22354] [21] /glade/scratch/theurich/ESMF-Nightly-Testing/nvhpc_21.11_openmpi_O_fix_profile_summary_at_scale/esmf/DEFAULTINSTALLDIR/lib/libO/Linux.nvhpc.64.openmpi.default/libesmf.so(_ZN5ESMCI6FTable12callVFuncPtrEPKcPNS_2VMEPi+0x4d7)[0x2ace5a937717]
[r5i2n26:22353] [21] /glade/scratch/theurich/ESMF-Nightly-Testing/nvhpc_21.11_openmpi_O_fix_profile_summary_at_scale/esmf/DEFAULTINSTALLDIR/lib/libO/Linux.nvhpc.64.openmpi.default/libesmf.so(ESMCI_FTableCallEntryPointVMHop+0x1de)[0x2b8c6c3e865e]
[r5i2n26:22355] [22] /glade/scratch/theurich/ESMF-Nightly-Testing/nvhpc_21.11_openmpi_O_fix_profile_summary_at_scale/esmf/DEFAULTINSTALLDIR/lib/libO/Linux.nvhpc.64.openmpi.default/libesmf.so(ESMCI_FTableCallEntryPointVMHop+0x1de)[0x2abca869e65e]
[r5i2n26:22352] [22] /glade/scratch/theurich/ESMF-Nightly-Testing/nvhpc_21.11_openmpi_O_fix_profile_summary_at_scale/esmf/DEFAULTINSTALLDIR/lib/libO/Linux.nvhpc.64.openmpi.default/libesmf.so(ESMCI_FTableCallEntryPointVMHop+0x1de)[0x2ace5a93565e]
[r5i2n26:22353] [22] /glade/scratch/theurich/ESMF-Nightly-Testing/nvhpc_21.11_openmpi_O_fix_profile_summary_at_scale/esmf/DEFAULTINSTALLDIR/lib/libO/Linux.nvhpc.64.openmpi.default/libesmf.so(ESMCI_FTableCallEntryPointVMHop+0x1de)[0x2b62170e065e]
[r5i2n26:22354] [22] /glade/scratch/theurich/ESMF-Nightly-Testing/nvhpc_21.11_openmpi_O_fix_profile_summary_at_scale/esmf/DEFAULTINSTALLDIR/lib/libO/Linux.nvhpc.64.openmpi.default/libesmf.so(_ZN5ESMCI2VM5enterEPNS_6VMPlanEPvS3_+0x18)[0x2b8c6c7ad518]
[r5i2n26:22355] [23] /glade/scratch/theurich/ESMF-Nightly-Testing/nvhpc_21.11_openmpi_O_fix_profile_summary_at_scale/esmf/DEFAULTINSTALLDIR/lib/libO/Linux.nvhpc.64.openmpi.default/libesmf.so(_ZN5ESMCI2VM5enterEPNS_6VMPlanEPvS3_+0x18)[0x2abca8a63518]
[r5i2n26:22352] [23] /glade/scratch/theurich/ESMF-Nightly-Testing/nvhpc_21.11_openmpi_O_fix_profile_summary_at_scale/esmf/DEFAULTINSTALLDIR/lib/libO/Linux.nvhpc.64.openmpi.default/libesmf.so(_ZN5ESMCI2VM5enterEPNS_6VMPlanEPvS3_+0x18)[0x2b62174a5518]
[r5i2n26:22354] [23] /glade/scratch/theurich/ESMF-Nightly-Testing/nvhpc_21.11_openmpi_O_fix_profile_summary_at_scale/esmf/DEFAULTINSTALLDIR/lib/libO/Linux.nvhpc.64.openmpi.default/libesmf.so(_ZN5ESMCI2VM5enterEPNS_6VMPlanEPvS3_+0x18)[0x2ace5acfa518]
[r5i2n26:22353] [23] /glade/scratch/theurich/ESMF-Nightly-Testing/nvhpc_21.11_openmpi_O_fix_profile_summary_at_scale/esmf/DEFAULTINSTALLDIR/lib/libO/Linux.nvhpc.64.openmpi.default/libesmf.so(c_esmc_ftablecallentrypointvm_+0x35b)[0x2b8c6c3e8a5b]
[r5i2n26:22355] [24] /glade/scratch/theurich/ESMF-Nightly-Testing/nvhpc_21.11_openmpi_O_fix_profile_summary_at_scale/esmf/DEFAULTINSTALLDIR/lib/libO/Linux.nvhpc.64.openmpi.default/libesmf.so(c_esmc_ftablecallentrypointvm_+0x35b)[0x2abca869ea5b]
[r5i2n26:22352] [24] /glade/scratch/theurich/ESMF-Nightly-Testing/nvhpc_21.11_openmpi_O_fix_profile_summary_at_scale/esmf/DEFAULTINSTALLDIR/lib/libO/Linux.nvhpc.64.openmpi.default/libesmf.so(c_esmc_ftablecallentrypointvm_+0x35b)[0x2ace5a935a5b]
[r5i2n26:22353] [24] /glade/scratch/theurich/ESMF-Nightly-Testing/nvhpc_21.11_openmpi_O_fix_profile_summary_at_scale/esmf/DEFAULTINSTALLDIR/lib/libO/Linux.nvhpc.64.openmpi.default/libesmf.so(c_esmc_ftablecallentrypointvm_+0x35b)[0x2b62170e0a5b]
[r5i2n26:22354] [24] /glade/scratch/theurich/ESMF-Nightly-Testing/nvhpc_21.11_openmpi_O_fix_profile_summary_at_scale/esmf/DEFAULTINSTALLDIR/lib/libO/Linux.nvhpc.64.openmpi.default/libesmf.so(esmf_compmod_esmf_compexecute_+0x7e1)[0x2b8c6c990b21]
[r5i2n26:22355] [25] /glade/scratch/theurich/ESMF-Nightly-Testing/nvhpc_21.11_openmpi_O_fix_profile_summary_at_scale/esmf/DEFAULTINSTALLDIR/lib/libO/Linux.nvhpc.64.openmpi.default/libesmf.so(esmf_compmod_esmf_compexecute_+0x7e1)[0x2abca8c46b21]
[r5i2n26:22352] [25] /glade/scratch/theurich/ESMF-Nightly-Testing/nvhpc_21.11_openmpi_O_fix_profile_summary_at_scale/esmf/DEFAULTINSTALLDIR/lib/libO/Linux.nvhpc.64.openmpi.default/libesmf.so(esmf_compmod_esmf_compexecute_+0x7e1)[0x2ace5aeddb21]
[r5i2n26:22353] [25] /glade/scratch/theurich/ESMF-Nightly-Testing/nvhpc_21.11_openmpi_O_fix_profile_summary_at_scale/esmf/DEFAULTINSTALLDIR/lib/libO/Linux.nvhpc.64.openmpi.default/libesmf.so(esmf_compmod_esmf_compexecute_+0x7e1)[0x2b6217688b21]
[r5i2n26:22354] [25] /glade/scratch/theurich/ESMF-Nightly-Testing/nvhpc_21.11_openmpi_O_fix_profile_summary_at_scale/esmf/DEFAULTINSTALLDIR/lib/libO/Linux.nvhpc.64.openmpi.default/libesmf.so(esmf_gridcompmod_esmf_gridcompinitialize_+0x159)[0x2b8c6cb65f19]
[r5i2n26:22355] [26] ./esmApp[0x40615f]
[r5i2n26:22355] [27] ./esmApp[0x405db3]
[r5i2n26:22355] [28] /glade/scratch/theurich/ESMF-Nightly-Testing/nvhpc_21.11_openmpi_O_fix_profile_summary_at_scale/esmf/DEFAULTINSTALLDIR/lib/libO/Linux.nvhpc.64.openmpi.default/libesmf.so(esmf_gridcompmod_esmf_gridcompinitialize_+0x159)[0x2abca8e1bf19]
[r5i2n26:22352] [26] ./esmApp[0x40615f]
[r5i2n26:22352] [27] ./esmApp[0x405db3]
[r5i2n26:22352] [28] /glade/u/apps/ch/os/lib64/libc.so.6(__libc_start_main+0xf5)[0x2b8c71b16a35]
[r5i2n26:22355] [29] ./esmApp[0x405ca9]
[r5i2n26:22355] *** End of error message ***
/glade/u/apps/ch/os/lib64/libc.so.6(__libc_start_main+0xf5)[0x2abcaddcca35]
[r5i2n26:22352] [29] ./esmApp[0x405ca9]
/glade/scratch/theurich/ESMF-Nightly-Testing/nvhpc_21.11_openmpi_O_fix_profile_summary_at_scale/esmf/DEFAULTINSTALLDIR/lib/libO/Linux.nvhpc.64.openmpi.default/libesmf.so(esmf_gridcompmod_esmf_gridcompinitialize_+0x159)[0x2ace5b0b2f19]
[r5i2n26:22353] [26] ./esmApp[0x40615f]
[r5i2n26:22353] [27] ./esmApp[0x405db3]
[r5i2n26:22353] [28] [r5i2n26:22352] *** End of error message ***
/glade/scratch/theurich/ESMF-Nightly-Testing/nvhpc_21.11_openmpi_O_fix_profile_summary_at_scale/esmf/DEFAULTINSTALLDIR/lib/libO/Linux.nvhpc.64.openmpi.default/libesmf.so(esmf_gridcompmod_esmf_gridcompinitialize_+0x159)[0x2b621785df19]
[r5i2n26:22354] [26] ./esmApp[0x40615f]
[r5i2n26:22354] [27] ./esmApp[0x405db3]
/glade/u/apps/ch/os/lib64/libc.so.6(__libc_start_main+0xf5)[0x2ace60063a35]
[r5i2n26:22353] [29] ./esmApp[0x405ca9]
[r5i2n26:22353] *** End of error message ***
[r5i2n26:22354] [28] /glade/u/apps/ch/os/lib64/libc.so.6(__libc_start_main+0xf5)[0x2b621c80ea35]
[r5i2n26:22354] [29] ./esmApp[0x405ca9]
[r5i2n26:22354] *** End of error message ***
--------------------------------------------------------------------------
Primary job  terminated normally, but 1 process returned
a non-zero exit code. Per user-direction, the job has been aborted.
--------------------------------------------------------------------------
--------------------------------------------------------------------------
mpirun noticed that process rank 1 with PID 0 on node r5i2n26 exited on signal 11 (Segmentation fault).
--------------------------------------------------------------------------
