2023-05-15 04:59:58
20230515 060909.610 INFO             PET0 !!!!!!!!!!!!!!!!!!!!!!!!!!!!!!!!!!!!!!!!!!!!!!!!!!!!!!
20230515 060909.610 INFO             PET0 !!! THE ESMF_LOG IS SET TO OUTPUT ALL LOG MESSAGES !!!
20230515 060909.610 INFO             PET0 !!!     THIS MAY CAUSE SLOWDOWN IN PERFORMANCE     !!!
20230515 060909.610 INFO             PET0 !!! FOR PRODUCTION RUNS, USE:                      !!!
20230515 060909.610 INFO             PET0 !!!                   ESMF_LOGKIND_Multi_On_Error  !!!
20230515 060909.610 INFO             PET0 !!!!!!!!!!!!!!!!!!!!!!!!!!!!!!!!!!!!!!!!!!!!!!!!!!!!!!
20230515 060909.610 INFO             PET0 Running with ESMF Version   : v8.5.0b20-7-g842a2b6b0d
20230515 060909.610 INFO             PET0 ESMF library build date/time: "May 15 2023" "04:56:51"
20230515 060909.610 INFO             PET0 ESMF library build location : /glade/scratch/theurich/ESMF-Nightly-Testing/nvhpc_21.11_openmpi_O_fix_profile_summary_at_scale/esmf
20230515 060909.610 INFO             PET0 ESMF_COMM                   : openmpi
20230515 060909.610 INFO             PET0 ESMF_MOAB                   : enabled
20230515 060909.610 INFO             PET0 ESMF_LAPACK                 : enabled
20230515 060909.610 INFO             PET0 ESMF_NETCDF                 : enabled
20230515 060909.610 INFO             PET0 ESMF_PNETCDF                : disabled
20230515 060909.610 INFO             PET0 ESMF_PIO                    : enabled
20230515 060909.610 INFO             PET0 ESMF_YAMLCPP                : enabled
20230515 060909.610 INFO             PET0 esmApp STARTING
20230515 060909.613 INFO             PET0 esm: InitializeGeneric intro.
20230515 060909.613 INFO             PET0   esm: InitializeP0 intro.
20230515 060909.613 INFO             PET0   esm: InitializeP0 extro.
20230515 060909.613 INFO             PET0   esm: InitializeIPDv02p1 intro.
20230515 060909.613 INFO             PET0     >>>esm: entered Initialize (phase=<none>) without valid internal Clock.
20230515 060909.613 INFO             PET0     esm - Creating model component ATM with petList of size 2 :
20230515 060909.613 INFO             PET0           0      1
20230515 060909.614 INFO             PET0     esm - Creating model component OCN with petList of size 1 :
20230515 060909.614 INFO             PET0           2
20230515 060909.616 INFO             PET0     esm - Creating model component RTM with petList of size 1 :
20230515 060909.616 INFO             PET0           3
20230515 060909.616 INFO             PET0     esm - Creating state: modelComp 1 Import State
20230515 060909.616 INFO             PET0     esm - Creating state: modelComp 1 Export State
20230515 060909.616 INFO             PET0     esm - Creating state: modelComp 2 Import State
20230515 060909.616 INFO             PET0     esm - Creating state: modelComp 2 Export State
20230515 060909.617 INFO             PET0     esm - Creating state: modelComp 3 Import State
20230515 060909.617 INFO             PET0     esm - Creating state: modelComp 3 Export State
20230515 060909.617 INFO             PET0     ATM: InitializeP0 intro.
20230515 060909.618 INFO             PET0     ATM: InitializeP0 extro.
20230515 060909.620 INFO             PET0     esm - Creating connector component ATM-TO-RTM with petList of size 3 :
20230515 060909.620 INFO             PET0           0      1      3
20230515 060909.623 INFO             PET0     esm - Setting Verbosity on created component to: high
20230515 060909.623 INFO             PET0     esm - Setting Profiling on created component to:          0
20230515 060909.623 INFO             PET0     esm - Creating connector component RTM-TO-OCN with petList of size 2 :
20230515 060909.623 INFO             PET0           3      2
20230515 060909.626 INFO             PET0     esm - Setting Verbosity on created component to: high
20230515 060909.626 INFO             PET0     esm - Setting Profiling on created component to:          0
20230515 060909.626 INFO             PET0     esm - Creating connector component ATM-TO-OCN with petList of size 3 :
20230515 060909.626 INFO             PET0           0      1      2
20230515 060909.632 INFO             PET0     esm - Setting Verbosity on created component to: high
20230515 060909.632 INFO             PET0     esm - Setting Profiling on created component to:          0
20230515 060909.632 INFO             PET0     esm - Creating connector component OCN-TO-ATM with petList of size 3 :
20230515 060909.632 INFO             PET0           2      0      1
20230515 060909.635 INFO             PET0     esm - Setting Verbosity on created component to: high
20230515 060909.635 INFO             PET0     esm - Setting Profiling on created component to:          0
20230515 060909.637 INFO             PET0     esm: IInitAdvertise intro.
20230515 060909.637 INFO             PET0     esm: IInitAdvertise extro.
20230515 060909.637 INFO             PET0     ATM: InitializeIPDvXp01 intro.
20230515 060909.639 INFO             PET0     ATM: InitializeIPDvXp01 extro.
20230515 060909.640 INFO             PET0     ATM-TO-OCN: InitializeIPDv05p1 intro.
20230515 060909.643 INFO             PET0       ATM-TO-OCN: importState FieldTransferPolicy = transferNone
20230515 060909.643 INFO             PET0       ATM-TO-OCN: exportState FieldTransferPolicy = transferNone
20230515 060909.643 INFO             PET0     ATM-TO-OCN: InitializeIPDv05p1 extro.
20230515 060909.643 INFO             PET0     ATM-TO-RTM: InitializeIPDv05p1 intro.
20230515 060909.645 INFO             PET0       ATM-TO-RTM: importState FieldTransferPolicy = transferNone
20230515 060909.645 INFO             PET0       ATM-TO-RTM: exportState FieldTransferPolicy = transferNone
20230515 060909.645 INFO             PET0     ATM-TO-RTM: InitializeIPDv05p1 extro.
20230515 060909.645 INFO             PET0     OCN-TO-ATM: InitializeIPDv05p1 intro.
20230515 060909.647 INFO             PET0       OCN-TO-ATM: importState FieldTransferPolicy = transferNone
20230515 060909.647 INFO             PET0       OCN-TO-ATM: exportState FieldTransferPolicy = transferNone
20230515 060909.647 INFO             PET0     OCN-TO-ATM: InitializeIPDv05p1 extro.
20230515 060909.647 INFO             PET0     esm: IInitAdvertiseFinish intro.
20230515 060909.647 INFO             PET0     esm: IInitAdvertiseFinish extro.
20230515 060909.647 INFO             PET0     ATM-TO-OCN: InitializeIPDv05p2a intro.
20230515 060909.652 INFO             PET0       ATM-TO-OCN:      importStandardNameList(i=  2): air_pressure_at_sea_level
20230515 060909.652 INFO             PET0       ATM-TO-OCN:         importNamespaceList(i=  2): ATM
20230515 060909.652 INFO             PET0       ATM-TO-OCN:            importCplSetList(i=  2): __UNSPECIFIED__
20230515 060909.652 INFO             PET0       ATM-TO-OCN:      exportStandardNameList(j=  2): air_pressure_at_sea_level
20230515 060909.652 INFO             PET0       ATM-TO-OCN:         exportNamespaceList(j=  2): OCN
20230515 060909.652 INFO             PET0       ATM-TO-OCN:            exportCplSetList(j=  2): __UNSPECIFIED__
20230515 060909.652 INFO             PET0       ATM-TO-OCN: bondLevel= 1
20230515 060909.652 INFO             PET0       ATM-TO-OCN: ProducerConnection (bondLevelMax):         1
20230515 060909.652 INFO             PET0       ATM-TO-OCN:      importStandardNameList(i=  3): surface_net_downward_shortwave_flux
20230515 060909.652 INFO             PET0       ATM-TO-OCN:         importNamespaceList(i=  3): ATM
20230515 060909.652 INFO             PET0       ATM-TO-OCN:            importCplSetList(i=  3): __UNSPECIFIED__
20230515 060909.652 INFO             PET0       ATM-TO-OCN:      exportStandardNameList(j=  3): surface_net_downward_shortwave_flux
20230515 060909.652 INFO             PET0       ATM-TO-OCN:         exportNamespaceList(j=  3): OCN
20230515 060909.652 INFO             PET0       ATM-TO-OCN:            exportCplSetList(j=  3): __UNSPECIFIED__
20230515 060909.652 INFO             PET0       ATM-TO-OCN: bondLevel= 1
20230515 060909.652 INFO             PET0       ATM-TO-OCN: ProducerConnection (bondLevelMax):         1
20230515 060909.652 INFO             PET0     ATM-TO-OCN: InitializeIPDv05p2a extro.
20230515 060909.652 INFO             PET0     ATM-TO-RTM: InitializeIPDv05p2a intro.
20230515 060909.654 INFO             PET0       ATM-TO-RTM:      importStandardNameList(i=  1): field_to_rtm
20230515 060909.654 INFO             PET0       ATM-TO-RTM:         importNamespaceList(i=  1): ATM
20230515 060909.654 INFO             PET0       ATM-TO-RTM:            importCplSetList(i=  1): __UNSPECIFIED__
20230515 060909.654 INFO             PET0       ATM-TO-RTM:      exportStandardNameList(j=  1): field_to_rtm
20230515 060909.654 INFO             PET0       ATM-TO-RTM:         exportNamespaceList(j=  1): RTM
20230515 060909.654 INFO             PET0       ATM-TO-RTM:            exportCplSetList(j=  1): __UNSPECIFIED__
20230515 060909.654 INFO             PET0       ATM-TO-RTM: bondLevel= 1
20230515 060909.654 INFO             PET0       ATM-TO-RTM: ProducerConnection (bondLevelMax):         1
20230515 060909.654 INFO             PET0     ATM-TO-RTM: InitializeIPDv05p2a extro.
20230515 060909.654 INFO             PET0     OCN-TO-ATM: InitializeIPDv05p2a intro.
20230515 060909.656 INFO             PET0       OCN-TO-ATM:      importStandardNameList(i=  1): sea_surface_temperature
20230515 060909.656 INFO             PET0       OCN-TO-ATM:         importNamespaceList(i=  1): OCN
20230515 060909.656 INFO             PET0       OCN-TO-ATM:            importCplSetList(i=  1): __UNSPECIFIED__
20230515 060909.656 INFO             PET0       OCN-TO-ATM:      exportStandardNameList(j=  1): sea_surface_temperature
20230515 060909.656 INFO             PET0       OCN-TO-ATM:         exportNamespaceList(j=  1): ATM
20230515 060909.656 INFO             PET0       OCN-TO-ATM:            exportCplSetList(j=  1): __UNSPECIFIED__
20230515 060909.656 INFO             PET0       OCN-TO-ATM: bondLevel= 1
20230515 060909.656 INFO             PET0       OCN-TO-ATM: ProducerConnection (bondLevelMax):         1
20230515 060909.656 INFO             PET0     OCN-TO-ATM: InitializeIPDv05p2a extro.
20230515 060909.656 INFO             PET0     ATM-TO-OCN: InitializeIPDv05p2b intro.
20230515 060909.661 INFO             PET0       ATM-TO-OCN:      importStandardNameList(i=  2): air_pressure_at_sea_level
20230515 060909.661 INFO             PET0       ATM-TO-OCN:         importNamespaceList(i=  2): ATM
20230515 060909.661 INFO             PET0       ATM-TO-OCN:            importCplSetList(i=  2): __UNSPECIFIED__
20230515 060909.661 INFO             PET0       ATM-TO-OCN:      exportStandardNameList(j=  2): air_pressure_at_sea_level
20230515 060909.661 INFO             PET0       ATM-TO-OCN:         exportNamespaceList(j=  2): OCN
20230515 060909.661 INFO             PET0       ATM-TO-OCN:            exportCplSetList(j=  2): __UNSPECIFIED__
20230515 060909.661 INFO             PET0       ATM-TO-OCN: bondLevel= 1
20230515 060909.661 INFO             PET0       ATM-TO-OCN: => added cplList(  1)=air_pressure_at_sea_level, cplSetList(  1)=__UNSPECIFIED__
20230515 060909.661 INFO             PET0       ATM-TO-OCN:      importStandardNameList(i=  3): surface_net_downward_shortwave_flux
20230515 060909.661 INFO             PET0       ATM-TO-OCN:         importNamespaceList(i=  3): ATM
20230515 060909.661 INFO             PET0       ATM-TO-OCN:            importCplSetList(i=  3): __UNSPECIFIED__
20230515 060909.661 INFO             PET0       ATM-TO-OCN:      exportStandardNameList(j=  3): surface_net_downward_shortwave_flux
20230515 060909.661 INFO             PET0       ATM-TO-OCN:         exportNamespaceList(j=  3): OCN
20230515 060909.661 INFO             PET0       ATM-TO-OCN:            exportCplSetList(j=  3): __UNSPECIFIED__
20230515 060909.661 INFO             PET0       ATM-TO-OCN: bondLevel= 1
20230515 060909.661 INFO             PET0       ATM-TO-OCN: => added cplList(  2)=surface_net_downward_shortwave_flux, cplSetList(  2)=__UNSPECIFIED__
20230515 060909.661 INFO             PET0     ATM-TO-OCN: InitializeIPDv05p2b extro.
20230515 060909.661 INFO             PET0     ATM-TO-RTM: InitializeIPDv05p2b intro.
20230515 060909.663 INFO             PET0       ATM-TO-RTM:      importStandardNameList(i=  1): field_to_rtm
20230515 060909.663 INFO             PET0       ATM-TO-RTM:         importNamespaceList(i=  1): ATM
20230515 060909.663 INFO             PET0       ATM-TO-RTM:            importCplSetList(i=  1): __UNSPECIFIED__
20230515 060909.663 INFO             PET0       ATM-TO-RTM:      exportStandardNameList(j=  1): field_to_rtm
20230515 060909.663 INFO             PET0       ATM-TO-RTM:         exportNamespaceList(j=  1): RTM
20230515 060909.663 INFO             PET0       ATM-TO-RTM:            exportCplSetList(j=  1): __UNSPECIFIED__
20230515 060909.663 INFO             PET0       ATM-TO-RTM: bondLevel= 1
20230515 060909.663 INFO             PET0       ATM-TO-RTM: => added cplList(  1)=field_to_rtm, cplSetList(  1)=__UNSPECIFIED__
20230515 060909.663 INFO             PET0     ATM-TO-RTM: InitializeIPDv05p2b extro.
20230515 060909.663 INFO             PET0     OCN-TO-ATM: InitializeIPDv05p2b intro.
20230515 060909.665 INFO             PET0       OCN-TO-ATM:      importStandardNameList(i=  1): sea_surface_temperature
20230515 060909.665 INFO             PET0       OCN-TO-ATM:         importNamespaceList(i=  1): OCN
20230515 060909.665 INFO             PET0       OCN-TO-ATM:            importCplSetList(i=  1): __UNSPECIFIED__
20230515 060909.665 INFO             PET0       OCN-TO-ATM:      exportStandardNameList(j=  1): sea_surface_temperature
20230515 060909.665 INFO             PET0       OCN-TO-ATM:         exportNamespaceList(j=  1): ATM
20230515 060909.665 INFO             PET0       OCN-TO-ATM:            exportCplSetList(j=  1): __UNSPECIFIED__
20230515 060909.665 INFO             PET0       OCN-TO-ATM: bondLevel= 1
20230515 060909.665 INFO             PET0       OCN-TO-ATM: => added cplList(  1)=sea_surface_temperature, cplSetList(  1)=__UNSPECIFIED__
20230515 060909.665 INFO             PET0     OCN-TO-ATM: InitializeIPDv05p2b extro.
20230515 060909.665 INFO             PET0     esm: IInitModifyCplLists intro.
20230515 060909.665 INFO             PET0     esm: IInitModifyCplLists extro.
20230515 060909.665 INFO             PET0     ATM-TO-OCN: InitializeIPDv05p3 intro.
20230515 060909.670 INFO             PET0       ATM-TO-OCN: handle cplList(1): air_pressure_at_sea_level, cplSetList(1): __UNSPECIFIED__
20230515 060909.670 INFO             PET0       ATM-TO-OCN: - connected.
20230515 060909.670 INFO             PET0       ATM-TO-OCN: - both sides must provide the Field/GeomObject.
20230515 060909.670 INFO             PET0       ATM-TO-OCN: handle cplList(2): surface_net_downward_shortwave_flux, cplSetList(2): __UNSPECIFIED__
20230515 060909.670 INFO             PET0       ATM-TO-OCN: - connected.
20230515 060909.670 INFO             PET0       ATM-TO-OCN: - both sides must provide the Field/GeomObject.
20230515 060909.670 INFO             PET0     ATM-TO-OCN: InitializeIPDv05p3 extro.
20230515 060909.670 INFO             PET0     ATM-TO-RTM: InitializeIPDv05p3 intro.
20230515 060909.672 INFO             PET0       ATM-TO-RTM: handle cplList(1): field_to_rtm, cplSetList(1): __UNSPECIFIED__
20230515 060909.672 INFO             PET0       ATM-TO-RTM: - connected.
20230515 060909.672 INFO             PET0       ATM-TO-RTM: - both sides must provide the Field/GeomObject.
20230515 060909.672 INFO             PET0     ATM-TO-RTM: InitializeIPDv05p3 extro.
20230515 060909.672 INFO             PET0     OCN-TO-ATM: InitializeIPDv05p3 intro.
20230515 060909.674 INFO             PET0       OCN-TO-ATM: handle cplList(1): sea_surface_temperature, cplSetList(1): __UNSPECIFIED__
20230515 060909.674 INFO             PET0       OCN-TO-ATM: - connected.
20230515 060909.674 INFO             PET0       OCN-TO-ATM: - both sides must provide the Field/GeomObject.
20230515 060909.674 INFO             PET0     OCN-TO-ATM: InitializeIPDv05p3 extro.
20230515 060909.674 INFO             PET0     <<<esm: leaving Initialize (phase=<none>) with current time: 2010  6  1  0  0  0   0
20230515 060909.674 INFO             PET0   esm: InitializeIPDv02p1 extro.
20230515 060909.674 INFO             PET0   esm: InitializeIPDv02p3 intro.
20230515 060909.674 INFO             PET0     >>>esm: entered Initialize (phase=<none>) with current time: 2010  6  1  0  0  0   0
20230515 060909.674 INFO             PET0     esm: IInitCheck intro.
20230515 060909.674 INFO             PET0     esm: IInitCheck extro.
20230515 060909.674 INFO             PET0     ATM: InitializeIPDvXp04 intro.
20230515 060909.678 INFO             PET0     ATM: InitializeIPDvXp04 extro.
20230515 060909.681 INFO             PET0     ATM-TO-OCN: InitializeIPDv05p4 intro.
20230515 060909.685 INFO             PET0       ATM-TO-OCN: handle cplList(1): air_pressure_at_sea_level, cplSetList(1): __UNSPECIFIED__
20230515 060909.685 INFO             PET0       ATM-TO-OCN: - nothing shared or transferred
20230515 060909.685 INFO             PET0       ATM-TO-OCN: handle cplList(2): surface_net_downward_shortwave_flux, cplSetList(2): __UNSPECIFIED__
20230515 060909.685 INFO             PET0       ATM-TO-OCN: - nothing shared or transferred
20230515 060909.685 INFO             PET0     ATM-TO-OCN: InitializeIPDv05p4 extro.
20230515 060909.686 INFO             PET0     ATM-TO-RTM: InitializeIPDv05p4 intro.
20230515 060909.689 INFO             PET0       ATM-TO-RTM: handle cplList(1): field_to_rtm, cplSetList(1): __UNSPECIFIED__
20230515 060909.689 INFO             PET0       ATM-TO-RTM: - nothing shared or transferred
20230515 060909.689 INFO             PET0     ATM-TO-RTM: InitializeIPDv05p4 extro.
20230515 060909.689 INFO             PET0     OCN-TO-ATM: InitializeIPDv05p4 intro.
20230515 060909.691 INFO             PET0       OCN-TO-ATM: handle cplList(1): sea_surface_temperature, cplSetList(1): __UNSPECIFIED__
20230515 060909.691 INFO             PET0       OCN-TO-ATM: - nothing shared or transferred
20230515 060909.691 INFO             PET0     OCN-TO-ATM: InitializeIPDv05p4 extro.
20230515 060909.692 INFO             PET0     ATM-TO-OCN: InitializeIPDv05p5 intro.
20230515 060909.700 INFO             PET0       ATM-TO-OCN: handle cplList(1): air_pressure_at_sea_level, cplSetList(1): __UNSPECIFIED__
20230515 060909.700 INFO             PET0       ATM-TO-OCN: - nothing shared or transferred, or may already be handled
20230515 060909.700 INFO             PET0       ATM-TO-OCN: handle cplList(2): surface_net_downward_shortwave_flux, cplSetList(2): __UNSPECIFIED__
20230515 060909.700 INFO             PET0       ATM-TO-OCN: - nothing shared or transferred, or may already be handled
20230515 060909.700 INFO             PET0     ATM-TO-OCN: InitializeIPDv05p5 extro.
20230515 060909.700 INFO             PET0     ATM-TO-RTM: InitializeIPDv05p5 intro.
20230515 060909.703 INFO             PET0       ATM-TO-RTM: handle cplList(1): field_to_rtm, cplSetList(1): __UNSPECIFIED__
20230515 060909.703 INFO             PET0       ATM-TO-RTM: - nothing shared or transferred, or may already be handled
20230515 060909.703 INFO             PET0     ATM-TO-RTM: InitializeIPDv05p5 extro.
20230515 060909.703 INFO             PET0     OCN-TO-ATM: InitializeIPDv05p5 intro.
20230515 060909.706 INFO             PET0       OCN-TO-ATM: handle cplList(1): sea_surface_temperature, cplSetList(1): __UNSPECIFIED__
20230515 060909.706 INFO             PET0       OCN-TO-ATM: - nothing shared or transferred, or may already be handled
20230515 060909.706 INFO             PET0     OCN-TO-ATM: InitializeIPDv05p5 extro.
20230515 060909.706 INFO             PET0     esm: IInitRealize intro.
20230515 060909.706 INFO             PET0     esm: IInitRealize extro.
20230515 060909.706 INFO             PET0     ATM-TO-OCN: InitializeIPDv05p6a intro.
20230515 060909.714 INFO             PET0     ATM-TO-OCN: InitializeIPDv05p6a extro.
20230515 060909.714 INFO             PET0     ATM-TO-RTM: InitializeIPDv05p6a intro.
20230515 060909.717 INFO             PET0     ATM-TO-RTM: InitializeIPDv05p6a extro.
20230515 060909.717 INFO             PET0     OCN-TO-ATM: InitializeIPDv05p6a intro.
20230515 060909.719 INFO             PET0     OCN-TO-ATM: InitializeIPDv05p6a extro.
20230515 060909.719 INFO             PET0     ATM-TO-OCN: InitializeIPDv05p6b intro.
20230515 060909.720 INFO             PET0       ATM-TO-OCN: handle cplList(1): air_pressure_at_sea_level, cplSetList(1): __UNSPECIFIED__
20230515 060909.720 INFO             PET0       ATM-TO-OCN: - no Field sharing between import and export side: remap.
20230515 060909.720 INFO             PET0       ATM-TO-OCN: handle cplList(2): surface_net_downward_shortwave_flux, cplSetList(2): __UNSPECIFIED__
20230515 060909.720 INFO             PET0       ATM-TO-OCN: - no Field sharing between import and export side: remap.
20230515 060909.720 DEBUG            PET0       ESMF_FieldBundleRegridStorePair(): Inside 'rhReuse' branch!
20230515 060909.609 INFO             PET1 !!!!!!!!!!!!!!!!!!!!!!!!!!!!!!!!!!!!!!!!!!!!!!!!!!!!!!
20230515 060909.609 INFO             PET1 !!! THE ESMF_LOG IS SET TO OUTPUT ALL LOG MESSAGES !!!
20230515 060909.609 INFO             PET1 !!!     THIS MAY CAUSE SLOWDOWN IN PERFORMANCE     !!!
20230515 060909.609 INFO             PET1 !!! FOR PRODUCTION RUNS, USE:                      !!!
20230515 060909.609 INFO             PET1 !!!                   ESMF_LOGKIND_Multi_On_Error  !!!
20230515 060909.609 INFO             PET1 !!!!!!!!!!!!!!!!!!!!!!!!!!!!!!!!!!!!!!!!!!!!!!!!!!!!!!
20230515 060909.609 INFO             PET1 Running with ESMF Version   : v8.5.0b20-7-g842a2b6b0d
20230515 060909.609 INFO             PET1 ESMF library build date/time: "May 15 2023" "04:56:51"
20230515 060909.609 INFO             PET1 ESMF library build location : /glade/scratch/theurich/ESMF-Nightly-Testing/nvhpc_21.11_openmpi_O_fix_profile_summary_at_scale/esmf
20230515 060909.609 INFO             PET1 ESMF_COMM                   : openmpi
20230515 060909.609 INFO             PET1 ESMF_MOAB                   : enabled
20230515 060909.609 INFO             PET1 ESMF_LAPACK                 : enabled
20230515 060909.609 INFO             PET1 ESMF_NETCDF                 : enabled
20230515 060909.609 INFO             PET1 ESMF_PNETCDF                : disabled
20230515 060909.609 INFO             PET1 ESMF_PIO                    : enabled
20230515 060909.609 INFO             PET1 ESMF_YAMLCPP                : enabled
20230515 060909.610 INFO             PET1 esmApp STARTING
20230515 060909.613 INFO             PET1 esm: InitializeGeneric intro.
20230515 060909.613 INFO             PET1   esm: InitializeP0 intro.
20230515 060909.613 INFO             PET1   esm: InitializeP0 extro.
20230515 060909.613 INFO             PET1   esm: InitializeIPDv02p1 intro.
20230515 060909.613 INFO             PET1     >>>esm: entered Initialize (phase=<none>) without valid internal Clock.
20230515 060909.613 INFO             PET1     esm - Creating model component ATM with petList of size 2 :
20230515 060909.613 INFO             PET1           0      1
20230515 060909.614 INFO             PET1     esm - Creating model component OCN with petList of size 1 :
20230515 060909.614 INFO             PET1           2
20230515 060909.616 INFO             PET1     esm - Creating model component RTM with petList of size 1 :
20230515 060909.616 INFO             PET1           3
20230515 060909.616 INFO             PET1     esm - Creating state: modelComp 1 Import State
20230515 060909.616 INFO             PET1     esm - Creating state: modelComp 1 Export State
20230515 060909.616 INFO             PET1     esm - Creating state: modelComp 2 Import State
20230515 060909.616 INFO             PET1     esm - Creating state: modelComp 2 Export State
20230515 060909.617 INFO             PET1     esm - Creating state: modelComp 3 Import State
20230515 060909.617 INFO             PET1     esm - Creating state: modelComp 3 Export State
20230515 060909.617 INFO             PET1     ATM: InitializeP0 intro.
20230515 060909.618 INFO             PET1     ATM: InitializeP0 extro.
20230515 060909.620 INFO             PET1     esm - Creating connector component ATM-TO-RTM with petList of size 3 :
20230515 060909.620 INFO             PET1           0      1      3
20230515 060909.623 INFO             PET1     esm - Setting Verbosity on created component to: high
20230515 060909.623 INFO             PET1     esm - Setting Profiling on created component to:          0
20230515 060909.623 INFO             PET1     esm - Creating connector component RTM-TO-OCN with petList of size 2 :
20230515 060909.623 INFO             PET1           3      2
20230515 060909.626 INFO             PET1     esm - Setting Verbosity on created component to: high
20230515 060909.626 INFO             PET1     esm - Setting Profiling on created component to:          0
20230515 060909.626 INFO             PET1     esm - Creating connector component ATM-TO-OCN with petList of size 3 :
20230515 060909.626 INFO             PET1           0      1      2
20230515 060909.632 INFO             PET1     esm - Setting Verbosity on created component to: high
20230515 060909.632 INFO             PET1     esm - Setting Profiling on created component to:          0
20230515 060909.632 INFO             PET1     esm - Creating connector component OCN-TO-ATM with petList of size 3 :
20230515 060909.632 INFO             PET1           2      0      1
20230515 060909.635 INFO             PET1     esm - Setting Verbosity on created component to: high
20230515 060909.635 INFO             PET1     esm - Setting Profiling on created component to:          0
20230515 060909.637 INFO             PET1     esm: IInitAdvertise intro.
20230515 060909.637 INFO             PET1     esm: IInitAdvertise extro.
20230515 060909.637 INFO             PET1     ATM: InitializeIPDvXp01 intro.
20230515 060909.639 INFO             PET1     ATM: InitializeIPDvXp01 extro.
20230515 060909.640 INFO             PET1     ATM-TO-OCN: InitializeIPDv05p1 intro.
20230515 060909.643 INFO             PET1       ATM-TO-OCN: importState FieldTransferPolicy = transferNone
20230515 060909.643 INFO             PET1       ATM-TO-OCN: exportState FieldTransferPolicy = transferNone
20230515 060909.643 INFO             PET1     ATM-TO-OCN: InitializeIPDv05p1 extro.
20230515 060909.643 INFO             PET1     ATM-TO-RTM: InitializeIPDv05p1 intro.
20230515 060909.645 INFO             PET1       ATM-TO-RTM: importState FieldTransferPolicy = transferNone
20230515 060909.645 INFO             PET1       ATM-TO-RTM: exportState FieldTransferPolicy = transferNone
20230515 060909.645 INFO             PET1     ATM-TO-RTM: InitializeIPDv05p1 extro.
20230515 060909.645 INFO             PET1     OCN-TO-ATM: InitializeIPDv05p1 intro.
20230515 060909.647 INFO             PET1       OCN-TO-ATM: importState FieldTransferPolicy = transferNone
20230515 060909.647 INFO             PET1       OCN-TO-ATM: exportState FieldTransferPolicy = transferNone
20230515 060909.647 INFO             PET1     OCN-TO-ATM: InitializeIPDv05p1 extro.
20230515 060909.647 INFO             PET1     esm: IInitAdvertiseFinish intro.
20230515 060909.647 INFO             PET1     esm: IInitAdvertiseFinish extro.
20230515 060909.647 INFO             PET1     ATM-TO-OCN: InitializeIPDv05p2a intro.
20230515 060909.652 INFO             PET1       ATM-TO-OCN:      importStandardNameList(i=  2): air_pressure_at_sea_level
20230515 060909.652 INFO             PET1       ATM-TO-OCN:         importNamespaceList(i=  2): ATM
20230515 060909.652 INFO             PET1       ATM-TO-OCN:            importCplSetList(i=  2): __UNSPECIFIED__
20230515 060909.652 INFO             PET1       ATM-TO-OCN:      exportStandardNameList(j=  2): air_pressure_at_sea_level
20230515 060909.652 INFO             PET1       ATM-TO-OCN:         exportNamespaceList(j=  2): OCN
20230515 060909.652 INFO             PET1       ATM-TO-OCN:            exportCplSetList(j=  2): __UNSPECIFIED__
20230515 060909.652 INFO             PET1       ATM-TO-OCN: bondLevel= 1
20230515 060909.652 INFO             PET1       ATM-TO-OCN: ProducerConnection (bondLevelMax):         1
20230515 060909.652 INFO             PET1       ATM-TO-OCN:      importStandardNameList(i=  3): surface_net_downward_shortwave_flux
20230515 060909.652 INFO             PET1       ATM-TO-OCN:         importNamespaceList(i=  3): ATM
20230515 060909.652 INFO             PET1       ATM-TO-OCN:            importCplSetList(i=  3): __UNSPECIFIED__
20230515 060909.652 INFO             PET1       ATM-TO-OCN:      exportStandardNameList(j=  3): surface_net_downward_shortwave_flux
20230515 060909.652 INFO             PET1       ATM-TO-OCN:         exportNamespaceList(j=  3): OCN
20230515 060909.652 INFO             PET1       ATM-TO-OCN:            exportCplSetList(j=  3): __UNSPECIFIED__
20230515 060909.652 INFO             PET1       ATM-TO-OCN: bondLevel= 1
20230515 060909.652 INFO             PET1       ATM-TO-OCN: ProducerConnection (bondLevelMax):         1
20230515 060909.652 INFO             PET1     ATM-TO-OCN: InitializeIPDv05p2a extro.
20230515 060909.652 INFO             PET1     ATM-TO-RTM: InitializeIPDv05p2a intro.
20230515 060909.654 INFO             PET1       ATM-TO-RTM:      importStandardNameList(i=  1): field_to_rtm
20230515 060909.654 INFO             PET1       ATM-TO-RTM:         importNamespaceList(i=  1): ATM
20230515 060909.654 INFO             PET1       ATM-TO-RTM:            importCplSetList(i=  1): __UNSPECIFIED__
20230515 060909.654 INFO             PET1       ATM-TO-RTM:      exportStandardNameList(j=  1): field_to_rtm
20230515 060909.654 INFO             PET1       ATM-TO-RTM:         exportNamespaceList(j=  1): RTM
20230515 060909.654 INFO             PET1       ATM-TO-RTM:            exportCplSetList(j=  1): __UNSPECIFIED__
20230515 060909.654 INFO             PET1       ATM-TO-RTM: bondLevel= 1
20230515 060909.654 INFO             PET1       ATM-TO-RTM: ProducerConnection (bondLevelMax):         1
20230515 060909.654 INFO             PET1     ATM-TO-RTM: InitializeIPDv05p2a extro.
20230515 060909.654 INFO             PET1     OCN-TO-ATM: InitializeIPDv05p2a intro.
20230515 060909.656 INFO             PET1       OCN-TO-ATM:      importStandardNameList(i=  1): sea_surface_temperature
20230515 060909.656 INFO             PET1       OCN-TO-ATM:         importNamespaceList(i=  1): OCN
20230515 060909.656 INFO             PET1       OCN-TO-ATM:            importCplSetList(i=  1): __UNSPECIFIED__
20230515 060909.656 INFO             PET1       OCN-TO-ATM:      exportStandardNameList(j=  1): sea_surface_temperature
20230515 060909.656 INFO             PET1       OCN-TO-ATM:         exportNamespaceList(j=  1): ATM
20230515 060909.656 INFO             PET1       OCN-TO-ATM:            exportCplSetList(j=  1): __UNSPECIFIED__
20230515 060909.656 INFO             PET1       OCN-TO-ATM: bondLevel= 1
20230515 060909.656 INFO             PET1       OCN-TO-ATM: ProducerConnection (bondLevelMax):         1
20230515 060909.656 INFO             PET1     OCN-TO-ATM: InitializeIPDv05p2a extro.
20230515 060909.656 INFO             PET1     ATM-TO-OCN: InitializeIPDv05p2b intro.
20230515 060909.661 INFO             PET1       ATM-TO-OCN:      importStandardNameList(i=  2): air_pressure_at_sea_level
20230515 060909.661 INFO             PET1       ATM-TO-OCN:         importNamespaceList(i=  2): ATM
20230515 060909.661 INFO             PET1       ATM-TO-OCN:            importCplSetList(i=  2): __UNSPECIFIED__
20230515 060909.661 INFO             PET1       ATM-TO-OCN:      exportStandardNameList(j=  2): air_pressure_at_sea_level
20230515 060909.661 INFO             PET1       ATM-TO-OCN:         exportNamespaceList(j=  2): OCN
20230515 060909.661 INFO             PET1       ATM-TO-OCN:            exportCplSetList(j=  2): __UNSPECIFIED__
20230515 060909.661 INFO             PET1       ATM-TO-OCN: bondLevel= 1
20230515 060909.661 INFO             PET1       ATM-TO-OCN: => added cplList(  1)=air_pressure_at_sea_level, cplSetList(  1)=__UNSPECIFIED__
20230515 060909.661 INFO             PET1       ATM-TO-OCN:      importStandardNameList(i=  3): surface_net_downward_shortwave_flux
20230515 060909.661 INFO             PET1       ATM-TO-OCN:         importNamespaceList(i=  3): ATM
20230515 060909.661 INFO             PET1       ATM-TO-OCN:            importCplSetList(i=  3): __UNSPECIFIED__
20230515 060909.661 INFO             PET1       ATM-TO-OCN:      exportStandardNameList(j=  3): surface_net_downward_shortwave_flux
20230515 060909.661 INFO             PET1       ATM-TO-OCN:         exportNamespaceList(j=  3): OCN
20230515 060909.661 INFO             PET1       ATM-TO-OCN:            exportCplSetList(j=  3): __UNSPECIFIED__
20230515 060909.661 INFO             PET1       ATM-TO-OCN: bondLevel= 1
20230515 060909.661 INFO             PET1       ATM-TO-OCN: => added cplList(  2)=surface_net_downward_shortwave_flux, cplSetList(  2)=__UNSPECIFIED__
20230515 060909.661 INFO             PET1     ATM-TO-OCN: InitializeIPDv05p2b extro.
20230515 060909.661 INFO             PET1     ATM-TO-RTM: InitializeIPDv05p2b intro.
20230515 060909.663 INFO             PET1       ATM-TO-RTM:      importStandardNameList(i=  1): field_to_rtm
20230515 060909.663 INFO             PET1       ATM-TO-RTM:         importNamespaceList(i=  1): ATM
20230515 060909.663 INFO             PET1       ATM-TO-RTM:            importCplSetList(i=  1): __UNSPECIFIED__
20230515 060909.663 INFO             PET1       ATM-TO-RTM:      exportStandardNameList(j=  1): field_to_rtm
20230515 060909.663 INFO             PET1       ATM-TO-RTM:         exportNamespaceList(j=  1): RTM
20230515 060909.663 INFO             PET1       ATM-TO-RTM:            exportCplSetList(j=  1): __UNSPECIFIED__
20230515 060909.663 INFO             PET1       ATM-TO-RTM: bondLevel= 1
20230515 060909.663 INFO             PET1       ATM-TO-RTM: => added cplList(  1)=field_to_rtm, cplSetList(  1)=__UNSPECIFIED__
20230515 060909.663 INFO             PET1     ATM-TO-RTM: InitializeIPDv05p2b extro.
20230515 060909.663 INFO             PET1     OCN-TO-ATM: InitializeIPDv05p2b intro.
20230515 060909.665 INFO             PET1       OCN-TO-ATM:      importStandardNameList(i=  1): sea_surface_temperature
20230515 060909.665 INFO             PET1       OCN-TO-ATM:         importNamespaceList(i=  1): OCN
20230515 060909.665 INFO             PET1       OCN-TO-ATM:            importCplSetList(i=  1): __UNSPECIFIED__
20230515 060909.665 INFO             PET1       OCN-TO-ATM:      exportStandardNameList(j=  1): sea_surface_temperature
20230515 060909.665 INFO             PET1       OCN-TO-ATM:         exportNamespaceList(j=  1): ATM
20230515 060909.665 INFO             PET1       OCN-TO-ATM:            exportCplSetList(j=  1): __UNSPECIFIED__
20230515 060909.665 INFO             PET1       OCN-TO-ATM: bondLevel= 1
20230515 060909.665 INFO             PET1       OCN-TO-ATM: => added cplList(  1)=sea_surface_temperature, cplSetList(  1)=__UNSPECIFIED__
20230515 060909.665 INFO             PET1     OCN-TO-ATM: InitializeIPDv05p2b extro.
20230515 060909.665 INFO             PET1     esm: IInitModifyCplLists intro.
20230515 060909.665 INFO             PET1     esm: IInitModifyCplLists extro.
20230515 060909.665 INFO             PET1     ATM-TO-OCN: InitializeIPDv05p3 intro.
20230515 060909.670 INFO             PET1       ATM-TO-OCN: handle cplList(1): air_pressure_at_sea_level, cplSetList(1): __UNSPECIFIED__
20230515 060909.670 INFO             PET1       ATM-TO-OCN: - connected.
20230515 060909.670 INFO             PET1       ATM-TO-OCN: - both sides must provide the Field/GeomObject.
20230515 060909.670 INFO             PET1       ATM-TO-OCN: handle cplList(2): surface_net_downward_shortwave_flux, cplSetList(2): __UNSPECIFIED__
20230515 060909.670 INFO             PET1       ATM-TO-OCN: - connected.
20230515 060909.670 INFO             PET1       ATM-TO-OCN: - both sides must provide the Field/GeomObject.
20230515 060909.670 INFO             PET1     ATM-TO-OCN: InitializeIPDv05p3 extro.
20230515 060909.670 INFO             PET1     ATM-TO-RTM: InitializeIPDv05p3 intro.
20230515 060909.672 INFO             PET1       ATM-TO-RTM: handle cplList(1): field_to_rtm, cplSetList(1): __UNSPECIFIED__
20230515 060909.672 INFO             PET1       ATM-TO-RTM: - connected.
20230515 060909.672 INFO             PET1       ATM-TO-RTM: - both sides must provide the Field/GeomObject.
20230515 060909.672 INFO             PET1     ATM-TO-RTM: InitializeIPDv05p3 extro.
20230515 060909.672 INFO             PET1     OCN-TO-ATM: InitializeIPDv05p3 intro.
20230515 060909.674 INFO             PET1       OCN-TO-ATM: handle cplList(1): sea_surface_temperature, cplSetList(1): __UNSPECIFIED__
20230515 060909.674 INFO             PET1       OCN-TO-ATM: - connected.
20230515 060909.674 INFO             PET1       OCN-TO-ATM: - both sides must provide the Field/GeomObject.
20230515 060909.674 INFO             PET1     OCN-TO-ATM: InitializeIPDv05p3 extro.
20230515 060909.674 INFO             PET1     <<<esm: leaving Initialize (phase=<none>) with current time: 2010  6  1  0  0  0   0
20230515 060909.674 INFO             PET1   esm: InitializeIPDv02p1 extro.
20230515 060909.674 INFO             PET1   esm: InitializeIPDv02p3 intro.
20230515 060909.674 INFO             PET1     >>>esm: entered Initialize (phase=<none>) with current time: 2010  6  1  0  0  0   0
20230515 060909.674 INFO             PET1     esm: IInitCheck intro.
20230515 060909.674 INFO             PET1     esm: IInitCheck extro.
20230515 060909.674 INFO             PET1     ATM: InitializeIPDvXp04 intro.
20230515 060909.678 INFO             PET1     ATM: InitializeIPDvXp04 extro.
20230515 060909.681 INFO             PET1     ATM-TO-OCN: InitializeIPDv05p4 intro.
20230515 060909.685 INFO             PET1       ATM-TO-OCN: handle cplList(1): air_pressure_at_sea_level, cplSetList(1): __UNSPECIFIED__
20230515 060909.685 INFO             PET1       ATM-TO-OCN: - nothing shared or transferred
20230515 060909.685 INFO             PET1       ATM-TO-OCN: handle cplList(2): surface_net_downward_shortwave_flux, cplSetList(2): __UNSPECIFIED__
20230515 060909.685 INFO             PET1       ATM-TO-OCN: - nothing shared or transferred
20230515 060909.685 INFO             PET1     ATM-TO-OCN: InitializeIPDv05p4 extro.
20230515 060909.686 INFO             PET1     ATM-TO-RTM: InitializeIPDv05p4 intro.
20230515 060909.689 INFO             PET1       ATM-TO-RTM: handle cplList(1): field_to_rtm, cplSetList(1): __UNSPECIFIED__
20230515 060909.689 INFO             PET1       ATM-TO-RTM: - nothing shared or transferred
20230515 060909.689 INFO             PET1     ATM-TO-RTM: InitializeIPDv05p4 extro.
20230515 060909.689 INFO             PET1     OCN-TO-ATM: InitializeIPDv05p4 intro.
20230515 060909.691 INFO             PET1       OCN-TO-ATM: handle cplList(1): sea_surface_temperature, cplSetList(1): __UNSPECIFIED__
20230515 060909.691 INFO             PET1       OCN-TO-ATM: - nothing shared or transferred
20230515 060909.691 INFO             PET1     OCN-TO-ATM: InitializeIPDv05p4 extro.
20230515 060909.692 INFO             PET1     ATM-TO-OCN: InitializeIPDv05p5 intro.
20230515 060909.700 INFO             PET1       ATM-TO-OCN: handle cplList(1): air_pressure_at_sea_level, cplSetList(1): __UNSPECIFIED__
20230515 060909.700 INFO             PET1       ATM-TO-OCN: - nothing shared or transferred, or may already be handled
20230515 060909.700 INFO             PET1       ATM-TO-OCN: handle cplList(2): surface_net_downward_shortwave_flux, cplSetList(2): __UNSPECIFIED__
20230515 060909.700 INFO             PET1       ATM-TO-OCN: - nothing shared or transferred, or may already be handled
20230515 060909.700 INFO             PET1     ATM-TO-OCN: InitializeIPDv05p5 extro.
20230515 060909.700 INFO             PET1     ATM-TO-RTM: InitializeIPDv05p5 intro.
20230515 060909.703 INFO             PET1       ATM-TO-RTM: handle cplList(1): field_to_rtm, cplSetList(1): __UNSPECIFIED__
20230515 060909.703 INFO             PET1       ATM-TO-RTM: - nothing shared or transferred, or may already be handled
20230515 060909.703 INFO             PET1     ATM-TO-RTM: InitializeIPDv05p5 extro.
20230515 060909.703 INFO             PET1     OCN-TO-ATM: InitializeIPDv05p5 intro.
20230515 060909.706 INFO             PET1       OCN-TO-ATM: handle cplList(1): sea_surface_temperature, cplSetList(1): __UNSPECIFIED__
20230515 060909.706 INFO             PET1       OCN-TO-ATM: - nothing shared or transferred, or may already be handled
20230515 060909.706 INFO             PET1     OCN-TO-ATM: InitializeIPDv05p5 extro.
20230515 060909.706 INFO             PET1     esm: IInitRealize intro.
20230515 060909.706 INFO             PET1     esm: IInitRealize extro.
20230515 060909.706 INFO             PET1     ATM-TO-OCN: InitializeIPDv05p6a intro.
20230515 060909.714 INFO             PET1     ATM-TO-OCN: InitializeIPDv05p6a extro.
20230515 060909.714 INFO             PET1     ATM-TO-RTM: InitializeIPDv05p6a intro.
20230515 060909.717 INFO             PET1     ATM-TO-RTM: InitializeIPDv05p6a extro.
20230515 060909.717 INFO             PET1     OCN-TO-ATM: InitializeIPDv05p6a intro.
20230515 060909.719 INFO             PET1     OCN-TO-ATM: InitializeIPDv05p6a extro.
20230515 060909.719 INFO             PET1     ATM-TO-OCN: InitializeIPDv05p6b intro.
20230515 060909.720 INFO             PET1       ATM-TO-OCN: handle cplList(1): air_pressure_at_sea_level, cplSetList(1): __UNSPECIFIED__
20230515 060909.720 INFO             PET1       ATM-TO-OCN: - no Field sharing between import and export side: remap.
20230515 060909.720 INFO             PET1       ATM-TO-OCN: handle cplList(2): surface_net_downward_shortwave_flux, cplSetList(2): __UNSPECIFIED__
20230515 060909.720 INFO             PET1       ATM-TO-OCN: - no Field sharing between import and export side: remap.
20230515 060909.720 DEBUG            PET1       ESMF_FieldBundleRegridStorePair(): Inside 'rhReuse' branch!
20230515 060909.608 INFO             PET2 !!!!!!!!!!!!!!!!!!!!!!!!!!!!!!!!!!!!!!!!!!!!!!!!!!!!!!
20230515 060909.609 INFO             PET2 !!! THE ESMF_LOG IS SET TO OUTPUT ALL LOG MESSAGES !!!
20230515 060909.609 INFO             PET2 !!!     THIS MAY CAUSE SLOWDOWN IN PERFORMANCE     !!!
20230515 060909.609 INFO             PET2 !!! FOR PRODUCTION RUNS, USE:                      !!!
20230515 060909.609 INFO             PET2 !!!                   ESMF_LOGKIND_Multi_On_Error  !!!
20230515 060909.609 INFO             PET2 !!!!!!!!!!!!!!!!!!!!!!!!!!!!!!!!!!!!!!!!!!!!!!!!!!!!!!
20230515 060909.609 INFO             PET2 Running with ESMF Version   : v8.5.0b20-7-g842a2b6b0d
20230515 060909.609 INFO             PET2 ESMF library build date/time: "May 15 2023" "04:56:51"
20230515 060909.609 INFO             PET2 ESMF library build location : /glade/scratch/theurich/ESMF-Nightly-Testing/nvhpc_21.11_openmpi_O_fix_profile_summary_at_scale/esmf
20230515 060909.609 INFO             PET2 ESMF_COMM                   : openmpi
20230515 060909.609 INFO             PET2 ESMF_MOAB                   : enabled
20230515 060909.609 INFO             PET2 ESMF_LAPACK                 : enabled
20230515 060909.609 INFO             PET2 ESMF_NETCDF                 : enabled
20230515 060909.609 INFO             PET2 ESMF_PNETCDF                : disabled
20230515 060909.609 INFO             PET2 ESMF_PIO                    : enabled
20230515 060909.609 INFO             PET2 ESMF_YAMLCPP                : enabled
20230515 060909.610 INFO             PET2 esmApp STARTING
20230515 060909.613 INFO             PET2 esm: InitializeGeneric intro.
20230515 060909.613 INFO             PET2   esm: InitializeP0 intro.
20230515 060909.613 INFO             PET2   esm: InitializeP0 extro.
20230515 060909.613 INFO             PET2   esm: InitializeIPDv02p1 intro.
20230515 060909.613 INFO             PET2     >>>esm: entered Initialize (phase=<none>) without valid internal Clock.
20230515 060909.613 INFO             PET2     esm - Creating model component ATM with petList of size 2 :
20230515 060909.613 INFO             PET2           0      1
20230515 060909.614 INFO             PET2     esm - Creating model component OCN with petList of size 1 :
20230515 060909.614 INFO             PET2           2
20230515 060909.616 INFO             PET2     esm - Creating model component RTM with petList of size 1 :
20230515 060909.616 INFO             PET2           3
20230515 060909.616 INFO             PET2     esm - Creating state: modelComp 1 Import State
20230515 060909.616 INFO             PET2     esm - Creating state: modelComp 1 Export State
20230515 060909.616 INFO             PET2     esm - Creating state: modelComp 2 Import State
20230515 060909.616 INFO             PET2     esm - Creating state: modelComp 2 Export State
20230515 060909.617 INFO             PET2     esm - Creating state: modelComp 3 Import State
20230515 060909.617 INFO             PET2     esm - Creating state: modelComp 3 Export State
20230515 060909.617 INFO             PET2     OCN: InitializeP0 intro.
20230515 060909.618 INFO             PET2     OCN: InitializeP0 extro.
20230515 060909.620 INFO             PET2     esm - Creating connector component ATM-TO-RTM with petList of size 3 :
20230515 060909.620 INFO             PET2           0      1      3
20230515 060909.623 INFO             PET2     esm - Setting Verbosity on created component to: high
20230515 060909.623 INFO             PET2     esm - Setting Profiling on created component to:          0
20230515 060909.623 INFO             PET2     esm - Creating connector component RTM-TO-OCN with petList of size 2 :
20230515 060909.623 INFO             PET2           3      2
20230515 060909.626 INFO             PET2     esm - Setting Verbosity on created component to: high
20230515 060909.626 INFO             PET2     esm - Setting Profiling on created component to:          0
20230515 060909.626 INFO             PET2     esm - Creating connector component ATM-TO-OCN with petList of size 3 :
20230515 060909.626 INFO             PET2           0      1      2
20230515 060909.632 INFO             PET2     esm - Setting Verbosity on created component to: high
20230515 060909.632 INFO             PET2     esm - Setting Profiling on created component to:          0
20230515 060909.632 INFO             PET2     esm - Creating connector component OCN-TO-ATM with petList of size 3 :
20230515 060909.632 INFO             PET2           2      0      1
20230515 060909.635 INFO             PET2     esm - Setting Verbosity on created component to: high
20230515 060909.635 INFO             PET2     esm - Setting Profiling on created component to:          0
20230515 060909.637 INFO             PET2     esm: IInitAdvertise intro.
20230515 060909.637 INFO             PET2     esm: IInitAdvertise extro.
20230515 060909.637 INFO             PET2     OCN: InitializeIPDvXp01 intro.
20230515 060909.639 INFO             PET2     OCN: InitializeIPDvXp01 extro.
20230515 060909.640 INFO             PET2     ATM-TO-OCN: InitializeIPDv05p1 intro.
20230515 060909.643 INFO             PET2       ATM-TO-OCN: importState FieldTransferPolicy = transferNone
20230515 060909.643 INFO             PET2       ATM-TO-OCN: exportState FieldTransferPolicy = transferNone
20230515 060909.643 INFO             PET2     ATM-TO-OCN: InitializeIPDv05p1 extro.
20230515 060909.643 INFO             PET2     OCN-TO-ATM: InitializeIPDv05p1 intro.
20230515 060909.647 INFO             PET2       OCN-TO-ATM: importState FieldTransferPolicy = transferNone
20230515 060909.647 INFO             PET2       OCN-TO-ATM: exportState FieldTransferPolicy = transferNone
20230515 060909.647 INFO             PET2     OCN-TO-ATM: InitializeIPDv05p1 extro.
20230515 060909.647 INFO             PET2     RTM-TO-OCN: InitializeIPDv05p1 intro.
20230515 060909.649 INFO             PET2       RTM-TO-OCN: importState FieldTransferPolicy = transferNone
20230515 060909.649 INFO             PET2       RTM-TO-OCN: exportState FieldTransferPolicy = transferNone
20230515 060909.649 INFO             PET2     RTM-TO-OCN: InitializeIPDv05p1 extro.
20230515 060909.649 INFO             PET2     esm: IInitAdvertiseFinish intro.
20230515 060909.649 INFO             PET2     esm: IInitAdvertiseFinish extro.
20230515 060909.649 INFO             PET2     ATM-TO-OCN: InitializeIPDv05p2a intro.
20230515 060909.652 INFO             PET2       ATM-TO-OCN:      importStandardNameList(i=  2): air_pressure_at_sea_level
20230515 060909.652 INFO             PET2       ATM-TO-OCN:         importNamespaceList(i=  2): ATM
20230515 060909.652 INFO             PET2       ATM-TO-OCN:            importCplSetList(i=  2): __UNSPECIFIED__
20230515 060909.652 INFO             PET2       ATM-TO-OCN:      exportStandardNameList(j=  2): air_pressure_at_sea_level
20230515 060909.652 INFO             PET2       ATM-TO-OCN:         exportNamespaceList(j=  2): OCN
20230515 060909.652 INFO             PET2       ATM-TO-OCN:            exportCplSetList(j=  2): __UNSPECIFIED__
20230515 060909.652 INFO             PET2       ATM-TO-OCN: bondLevel= 1
20230515 060909.652 INFO             PET2       ATM-TO-OCN: ProducerConnection (bondLevelMax):         1
20230515 060909.652 INFO             PET2       ATM-TO-OCN:      importStandardNameList(i=  3): surface_net_downward_shortwave_flux
20230515 060909.652 INFO             PET2       ATM-TO-OCN:         importNamespaceList(i=  3): ATM
20230515 060909.652 INFO             PET2       ATM-TO-OCN:            importCplSetList(i=  3): __UNSPECIFIED__
20230515 060909.652 INFO             PET2       ATM-TO-OCN:      exportStandardNameList(j=  3): surface_net_downward_shortwave_flux
20230515 060909.652 INFO             PET2       ATM-TO-OCN:         exportNamespaceList(j=  3): OCN
20230515 060909.652 INFO             PET2       ATM-TO-OCN:            exportCplSetList(j=  3): __UNSPECIFIED__
20230515 060909.652 INFO             PET2       ATM-TO-OCN: bondLevel= 1
20230515 060909.652 INFO             PET2       ATM-TO-OCN: ProducerConnection (bondLevelMax):         1
20230515 060909.652 INFO             PET2     ATM-TO-OCN: InitializeIPDv05p2a extro.
20230515 060909.652 INFO             PET2     OCN-TO-ATM: InitializeIPDv05p2a intro.
20230515 060909.656 INFO             PET2       OCN-TO-ATM:      importStandardNameList(i=  1): sea_surface_temperature
20230515 060909.656 INFO             PET2       OCN-TO-ATM:         importNamespaceList(i=  1): OCN
20230515 060909.656 INFO             PET2       OCN-TO-ATM:            importCplSetList(i=  1): __UNSPECIFIED__
20230515 060909.656 INFO             PET2       OCN-TO-ATM:      exportStandardNameList(j=  1): sea_surface_temperature
20230515 060909.656 INFO             PET2       OCN-TO-ATM:         exportNamespaceList(j=  1): ATM
20230515 060909.656 INFO             PET2       OCN-TO-ATM:            exportCplSetList(j=  1): __UNSPECIFIED__
20230515 060909.656 INFO             PET2       OCN-TO-ATM: bondLevel= 1
20230515 060909.656 INFO             PET2       OCN-TO-ATM: ProducerConnection (bondLevelMax):         1
20230515 060909.656 INFO             PET2     OCN-TO-ATM: InitializeIPDv05p2a extro.
20230515 060909.656 INFO             PET2     RTM-TO-OCN: InitializeIPDv05p2a intro.
20230515 060909.658 INFO             PET2       RTM-TO-OCN:      importStandardNameList(i=  1): field_from_rtm
20230515 060909.658 INFO             PET2       RTM-TO-OCN:         importNamespaceList(i=  1): RTM
20230515 060909.658 INFO             PET2       RTM-TO-OCN:            importCplSetList(i=  1): __UNSPECIFIED__
20230515 060909.658 INFO             PET2       RTM-TO-OCN:      exportStandardNameList(j=  1): field_from_rtm
20230515 060909.658 INFO             PET2       RTM-TO-OCN:         exportNamespaceList(j=  1): OCN
20230515 060909.658 INFO             PET2       RTM-TO-OCN:            exportCplSetList(j=  1): __UNSPECIFIED__
20230515 060909.658 INFO             PET2       RTM-TO-OCN: bondLevel= 1
20230515 060909.658 INFO             PET2       RTM-TO-OCN: ProducerConnection (bondLevelMax):         1
20230515 060909.658 INFO             PET2     RTM-TO-OCN: InitializeIPDv05p2a extro.
20230515 060909.658 INFO             PET2     ATM-TO-OCN: InitializeIPDv05p2b intro.
20230515 060909.661 INFO             PET2       ATM-TO-OCN:      importStandardNameList(i=  2): air_pressure_at_sea_level
20230515 060909.661 INFO             PET2       ATM-TO-OCN:         importNamespaceList(i=  2): ATM
20230515 060909.661 INFO             PET2       ATM-TO-OCN:            importCplSetList(i=  2): __UNSPECIFIED__
20230515 060909.661 INFO             PET2       ATM-TO-OCN:      exportStandardNameList(j=  2): air_pressure_at_sea_level
20230515 060909.661 INFO             PET2       ATM-TO-OCN:         exportNamespaceList(j=  2): OCN
20230515 060909.661 INFO             PET2       ATM-TO-OCN:            exportCplSetList(j=  2): __UNSPECIFIED__
20230515 060909.661 INFO             PET2       ATM-TO-OCN: bondLevel= 1
20230515 060909.661 INFO             PET2       ATM-TO-OCN: => added cplList(  1)=air_pressure_at_sea_level, cplSetList(  1)=__UNSPECIFIED__
20230515 060909.661 INFO             PET2       ATM-TO-OCN:      importStandardNameList(i=  3): surface_net_downward_shortwave_flux
20230515 060909.661 INFO             PET2       ATM-TO-OCN:         importNamespaceList(i=  3): ATM
20230515 060909.661 INFO             PET2       ATM-TO-OCN:            importCplSetList(i=  3): __UNSPECIFIED__
20230515 060909.661 INFO             PET2       ATM-TO-OCN:      exportStandardNameList(j=  3): surface_net_downward_shortwave_flux
20230515 060909.661 INFO             PET2       ATM-TO-OCN:         exportNamespaceList(j=  3): OCN
20230515 060909.661 INFO             PET2       ATM-TO-OCN:            exportCplSetList(j=  3): __UNSPECIFIED__
20230515 060909.661 INFO             PET2       ATM-TO-OCN: bondLevel= 1
20230515 060909.661 INFO             PET2       ATM-TO-OCN: => added cplList(  2)=surface_net_downward_shortwave_flux, cplSetList(  2)=__UNSPECIFIED__
20230515 060909.661 INFO             PET2     ATM-TO-OCN: InitializeIPDv05p2b extro.
20230515 060909.661 INFO             PET2     OCN-TO-ATM: InitializeIPDv05p2b intro.
20230515 060909.665 INFO             PET2       OCN-TO-ATM:      importStandardNameList(i=  1): sea_surface_temperature
20230515 060909.665 INFO             PET2       OCN-TO-ATM:         importNamespaceList(i=  1): OCN
20230515 060909.665 INFO             PET2       OCN-TO-ATM:            importCplSetList(i=  1): __UNSPECIFIED__
20230515 060909.665 INFO             PET2       OCN-TO-ATM:      exportStandardNameList(j=  1): sea_surface_temperature
20230515 060909.665 INFO             PET2       OCN-TO-ATM:         exportNamespaceList(j=  1): ATM
20230515 060909.665 INFO             PET2       OCN-TO-ATM:            exportCplSetList(j=  1): __UNSPECIFIED__
20230515 060909.665 INFO             PET2       OCN-TO-ATM: bondLevel= 1
20230515 060909.665 INFO             PET2       OCN-TO-ATM: => added cplList(  1)=sea_surface_temperature, cplSetList(  1)=__UNSPECIFIED__
20230515 060909.665 INFO             PET2     OCN-TO-ATM: InitializeIPDv05p2b extro.
20230515 060909.665 INFO             PET2     RTM-TO-OCN: InitializeIPDv05p2b intro.
20230515 060909.667 INFO             PET2       RTM-TO-OCN:      importStandardNameList(i=  1): field_from_rtm
20230515 060909.667 INFO             PET2       RTM-TO-OCN:         importNamespaceList(i=  1): RTM
20230515 060909.667 INFO             PET2       RTM-TO-OCN:            importCplSetList(i=  1): __UNSPECIFIED__
20230515 060909.667 INFO             PET2       RTM-TO-OCN:      exportStandardNameList(j=  1): field_from_rtm
20230515 060909.667 INFO             PET2       RTM-TO-OCN:         exportNamespaceList(j=  1): OCN
20230515 060909.667 INFO             PET2       RTM-TO-OCN:            exportCplSetList(j=  1): __UNSPECIFIED__
20230515 060909.667 INFO             PET2       RTM-TO-OCN: bondLevel= 1
20230515 060909.667 INFO             PET2       RTM-TO-OCN: => added cplList(  1)=field_from_rtm, cplSetList(  1)=__UNSPECIFIED__
20230515 060909.667 INFO             PET2     RTM-TO-OCN: InitializeIPDv05p2b extro.
20230515 060909.667 INFO             PET2     esm: IInitModifyCplLists intro.
20230515 060909.667 INFO             PET2     esm: IInitModifyCplLists extro.
20230515 060909.667 INFO             PET2     ATM-TO-OCN: InitializeIPDv05p3 intro.
20230515 060909.670 INFO             PET2       ATM-TO-OCN: handle cplList(1): air_pressure_at_sea_level, cplSetList(1): __UNSPECIFIED__
20230515 060909.670 INFO             PET2       ATM-TO-OCN: - connected.
20230515 060909.670 INFO             PET2       ATM-TO-OCN: - both sides must provide the Field/GeomObject.
20230515 060909.670 INFO             PET2       ATM-TO-OCN: handle cplList(2): surface_net_downward_shortwave_flux, cplSetList(2): __UNSPECIFIED__
20230515 060909.670 INFO             PET2       ATM-TO-OCN: - connected.
20230515 060909.670 INFO             PET2       ATM-TO-OCN: - both sides must provide the Field/GeomObject.
20230515 060909.670 INFO             PET2     ATM-TO-OCN: InitializeIPDv05p3 extro.
20230515 060909.670 INFO             PET2     OCN-TO-ATM: InitializeIPDv05p3 intro.
20230515 060909.674 INFO             PET2       OCN-TO-ATM: handle cplList(1): sea_surface_temperature, cplSetList(1): __UNSPECIFIED__
20230515 060909.674 INFO             PET2       OCN-TO-ATM: - connected.
20230515 060909.674 INFO             PET2       OCN-TO-ATM: - both sides must provide the Field/GeomObject.
20230515 060909.674 INFO             PET2     OCN-TO-ATM: InitializeIPDv05p3 extro.
20230515 060909.674 INFO             PET2     RTM-TO-OCN: InitializeIPDv05p3 intro.
20230515 060909.676 INFO             PET2       RTM-TO-OCN: handle cplList(1): field_from_rtm, cplSetList(1): __UNSPECIFIED__
20230515 060909.676 INFO             PET2       RTM-TO-OCN: - connected.
20230515 060909.676 INFO             PET2       RTM-TO-OCN: - both sides must provide the Field/GeomObject.
20230515 060909.676 INFO             PET2     RTM-TO-OCN: InitializeIPDv05p3 extro.
20230515 060909.676 INFO             PET2     <<<esm: leaving Initialize (phase=<none>) with current time: 2010  6  1  0  0  0   0
20230515 060909.676 INFO             PET2   esm: InitializeIPDv02p1 extro.
20230515 060909.676 INFO             PET2   esm: InitializeIPDv02p3 intro.
20230515 060909.676 INFO             PET2     >>>esm: entered Initialize (phase=<none>) with current time: 2010  6  1  0  0  0   0
20230515 060909.676 INFO             PET2     esm: IInitCheck intro.
20230515 060909.676 INFO             PET2     esm: IInitCheck extro.
20230515 060909.677 INFO             PET2     OCN: InitializeIPDvXp04 intro.
20230515 060909.680 INFO             PET2     OCN: InitializeIPDvXp04 extro.
20230515 060909.681 INFO             PET2     ATM-TO-OCN: InitializeIPDv05p4 intro.
20230515 060909.685 INFO             PET2       ATM-TO-OCN: handle cplList(1): air_pressure_at_sea_level, cplSetList(1): __UNSPECIFIED__
20230515 060909.685 INFO             PET2       ATM-TO-OCN: - nothing shared or transferred
20230515 060909.685 INFO             PET2       ATM-TO-OCN: handle cplList(2): surface_net_downward_shortwave_flux, cplSetList(2): __UNSPECIFIED__
20230515 060909.685 INFO             PET2       ATM-TO-OCN: - nothing shared or transferred
20230515 060909.685 INFO             PET2     ATM-TO-OCN: InitializeIPDv05p4 extro.
20230515 060909.686 INFO             PET2     OCN-TO-ATM: InitializeIPDv05p4 intro.
20230515 060909.691 INFO             PET2       OCN-TO-ATM: handle cplList(1): sea_surface_temperature, cplSetList(1): __UNSPECIFIED__
20230515 060909.691 INFO             PET2       OCN-TO-ATM: - nothing shared or transferred
20230515 060909.691 INFO             PET2     OCN-TO-ATM: InitializeIPDv05p4 extro.
20230515 060909.691 INFO             PET2     RTM-TO-OCN: InitializeIPDv05p4 intro.
20230515 060909.695 INFO             PET2       RTM-TO-OCN: handle cplList(1): field_from_rtm, cplSetList(1): __UNSPECIFIED__
20230515 060909.695 INFO             PET2       RTM-TO-OCN: - nothing shared or transferred
20230515 060909.695 INFO             PET2     RTM-TO-OCN: InitializeIPDv05p4 extro.
20230515 060909.695 INFO             PET2     ATM-TO-OCN: InitializeIPDv05p5 intro.
20230515 060909.700 INFO             PET2       ATM-TO-OCN: handle cplList(1): air_pressure_at_sea_level, cplSetList(1): __UNSPECIFIED__
20230515 060909.700 INFO             PET2       ATM-TO-OCN: - nothing shared or transferred, or may already be handled
20230515 060909.700 INFO             PET2       ATM-TO-OCN: handle cplList(2): surface_net_downward_shortwave_flux, cplSetList(2): __UNSPECIFIED__
20230515 060909.700 INFO             PET2       ATM-TO-OCN: - nothing shared or transferred, or may already be handled
20230515 060909.700 INFO             PET2     ATM-TO-OCN: InitializeIPDv05p5 extro.
20230515 060909.700 INFO             PET2     OCN-TO-ATM: InitializeIPDv05p5 intro.
20230515 060909.706 INFO             PET2       OCN-TO-ATM: handle cplList(1): sea_surface_temperature, cplSetList(1): __UNSPECIFIED__
20230515 060909.706 INFO             PET2       OCN-TO-ATM: - nothing shared or transferred, or may already be handled
20230515 060909.706 INFO             PET2     OCN-TO-ATM: InitializeIPDv05p5 extro.
20230515 060909.706 INFO             PET2     RTM-TO-OCN: InitializeIPDv05p5 intro.
20230515 060909.709 INFO             PET2       RTM-TO-OCN: handle cplList(1): field_from_rtm, cplSetList(1): __UNSPECIFIED__
20230515 060909.709 INFO             PET2       RTM-TO-OCN: - nothing shared or transferred, or may already be handled
20230515 060909.709 INFO             PET2     RTM-TO-OCN: InitializeIPDv05p5 extro.
20230515 060909.709 INFO             PET2     esm: IInitRealize intro.
20230515 060909.709 INFO             PET2     esm: IInitRealize extro.
20230515 060909.709 INFO             PET2     ATM-TO-OCN: InitializeIPDv05p6a intro.
20230515 060909.714 INFO             PET2     ATM-TO-OCN: InitializeIPDv05p6a extro.
20230515 060909.714 INFO             PET2     OCN-TO-ATM: InitializeIPDv05p6a intro.
20230515 060909.719 INFO             PET2     OCN-TO-ATM: InitializeIPDv05p6a extro.
20230515 060909.719 INFO             PET2     RTM-TO-OCN: InitializeIPDv05p6a intro.
20230515 060909.722 INFO             PET2     RTM-TO-OCN: InitializeIPDv05p6a extro.
20230515 060909.722 INFO             PET2     ATM-TO-OCN: InitializeIPDv05p6b intro.
20230515 060909.723 INFO             PET2       ATM-TO-OCN: handle cplList(1): air_pressure_at_sea_level, cplSetList(1): __UNSPECIFIED__
20230515 060909.723 INFO             PET2       ATM-TO-OCN: - no Field sharing between import and export side: remap.
20230515 060909.723 INFO             PET2       ATM-TO-OCN: handle cplList(2): surface_net_downward_shortwave_flux, cplSetList(2): __UNSPECIFIED__
20230515 060909.723 INFO             PET2       ATM-TO-OCN: - no Field sharing between import and export side: remap.
20230515 060909.723 DEBUG            PET2       ESMF_FieldBundleRegridStorePair(): Inside 'rhReuse' branch!
20230515 060909.609 INFO             PET3 !!!!!!!!!!!!!!!!!!!!!!!!!!!!!!!!!!!!!!!!!!!!!!!!!!!!!!
20230515 060909.609 INFO             PET3 !!! THE ESMF_LOG IS SET TO OUTPUT ALL LOG MESSAGES !!!
20230515 060909.609 INFO             PET3 !!!     THIS MAY CAUSE SLOWDOWN IN PERFORMANCE     !!!
20230515 060909.609 INFO             PET3 !!! FOR PRODUCTION RUNS, USE:                      !!!
20230515 060909.609 INFO             PET3 !!!                   ESMF_LOGKIND_Multi_On_Error  !!!
20230515 060909.609 INFO             PET3 !!!!!!!!!!!!!!!!!!!!!!!!!!!!!!!!!!!!!!!!!!!!!!!!!!!!!!
20230515 060909.609 INFO             PET3 Running with ESMF Version   : v8.5.0b20-7-g842a2b6b0d
20230515 060909.609 INFO             PET3 ESMF library build date/time: "May 15 2023" "04:56:51"
20230515 060909.609 INFO             PET3 ESMF library build location : /glade/scratch/theurich/ESMF-Nightly-Testing/nvhpc_21.11_openmpi_O_fix_profile_summary_at_scale/esmf
20230515 060909.609 INFO             PET3 ESMF_COMM                   : openmpi
20230515 060909.610 INFO             PET3 ESMF_MOAB                   : enabled
20230515 060909.610 INFO             PET3 ESMF_LAPACK                 : enabled
20230515 060909.610 INFO             PET3 ESMF_NETCDF                 : enabled
20230515 060909.610 INFO             PET3 ESMF_PNETCDF                : disabled
20230515 060909.610 INFO             PET3 ESMF_PIO                    : enabled
20230515 060909.610 INFO             PET3 ESMF_YAMLCPP                : enabled
20230515 060909.610 INFO             PET3 esmApp STARTING
20230515 060909.613 INFO             PET3 esm: InitializeGeneric intro.
20230515 060909.613 INFO             PET3   esm: InitializeP0 intro.
20230515 060909.613 INFO             PET3   esm: InitializeP0 extro.
20230515 060909.613 INFO             PET3   esm: InitializeIPDv02p1 intro.
20230515 060909.613 INFO             PET3     >>>esm: entered Initialize (phase=<none>) without valid internal Clock.
20230515 060909.613 INFO             PET3     esm - Creating model component ATM with petList of size 2 :
20230515 060909.613 INFO             PET3           0      1
20230515 060909.614 INFO             PET3     esm - Creating model component OCN with petList of size 1 :
20230515 060909.614 INFO             PET3           2
20230515 060909.616 INFO             PET3     esm - Creating model component RTM with petList of size 1 :
20230515 060909.616 INFO             PET3           3
20230515 060909.618 INFO             PET3     esm - Creating state: modelComp 1 Import State
20230515 060909.618 INFO             PET3     esm - Creating state: modelComp 1 Export State
20230515 060909.618 INFO             PET3     esm - Creating state: modelComp 2 Import State
20230515 060909.618 INFO             PET3     esm - Creating state: modelComp 2 Export State
20230515 060909.618 INFO             PET3     esm - Creating state: modelComp 3 Import State
20230515 060909.618 INFO             PET3     esm - Creating state: modelComp 3 Export State
20230515 060909.619 INFO             PET3     RTM: InitializeP0 intro.
20230515 060909.619 INFO             PET3     RTM: InitializeP0 extro.
20230515 060909.620 INFO             PET3     esm - Creating connector component ATM-TO-RTM with petList of size 3 :
20230515 060909.620 INFO             PET3           0      1      3
20230515 060909.623 INFO             PET3     esm - Setting Verbosity on created component to: high
20230515 060909.623 INFO             PET3     esm - Setting Profiling on created component to:          0
20230515 060909.623 INFO             PET3     esm - Creating connector component RTM-TO-OCN with petList of size 2 :
20230515 060909.623 INFO             PET3           3      2
20230515 060909.626 INFO             PET3     esm - Setting Verbosity on created component to: high
20230515 060909.626 INFO             PET3     esm - Setting Profiling on created component to:          0
20230515 060909.626 INFO             PET3     esm - Creating connector component ATM-TO-OCN with petList of size 3 :
20230515 060909.626 INFO             PET3           0      1      2
20230515 060909.632 INFO             PET3     esm - Setting Verbosity on created component to: high
20230515 060909.632 INFO             PET3     esm - Setting Profiling on created component to:          0
20230515 060909.632 INFO             PET3     esm - Creating connector component OCN-TO-ATM with petList of size 3 :
20230515 060909.632 INFO             PET3           2      0      1
20230515 060909.635 INFO             PET3     esm - Setting Verbosity on created component to: high
20230515 060909.635 INFO             PET3     esm - Setting Profiling on created component to:          0
20230515 060909.637 INFO             PET3     esm: IInitAdvertise intro.
20230515 060909.637 INFO             PET3     esm: IInitAdvertise extro.
20230515 060909.637 INFO             PET3     RTM: InitializeIPDvXp01 intro.
20230515 060909.638 INFO             PET3     RTM: InitializeIPDvXp01 extro.
20230515 060909.640 INFO             PET3     ATM-TO-RTM: InitializeIPDv05p1 intro.
20230515 060909.645 INFO             PET3       ATM-TO-RTM: importState FieldTransferPolicy = transferNone
20230515 060909.645 INFO             PET3       ATM-TO-RTM: exportState FieldTransferPolicy = transferNone
20230515 060909.645 INFO             PET3     ATM-TO-RTM: InitializeIPDv05p1 extro.
20230515 060909.645 INFO             PET3     RTM-TO-OCN: InitializeIPDv05p1 intro.
20230515 060909.649 INFO             PET3       RTM-TO-OCN: importState FieldTransferPolicy = transferNone
20230515 060909.649 INFO             PET3       RTM-TO-OCN: exportState FieldTransferPolicy = transferNone
20230515 060909.649 INFO             PET3     RTM-TO-OCN: InitializeIPDv05p1 extro.
20230515 060909.649 INFO             PET3     esm: IInitAdvertiseFinish intro.
20230515 060909.649 INFO             PET3     esm: IInitAdvertiseFinish extro.
20230515 060909.649 INFO             PET3     ATM-TO-RTM: InitializeIPDv05p2a intro.
20230515 060909.654 INFO             PET3       ATM-TO-RTM:      importStandardNameList(i=  1): field_to_rtm
20230515 060909.654 INFO             PET3       ATM-TO-RTM:         importNamespaceList(i=  1): ATM
20230515 060909.654 INFO             PET3       ATM-TO-RTM:            importCplSetList(i=  1): __UNSPECIFIED__
20230515 060909.654 INFO             PET3       ATM-TO-RTM:      exportStandardNameList(j=  1): field_to_rtm
20230515 060909.654 INFO             PET3       ATM-TO-RTM:         exportNamespaceList(j=  1): RTM
20230515 060909.654 INFO             PET3       ATM-TO-RTM:            exportCplSetList(j=  1): __UNSPECIFIED__
20230515 060909.654 INFO             PET3       ATM-TO-RTM: bondLevel= 1
20230515 060909.654 INFO             PET3       ATM-TO-RTM: ProducerConnection (bondLevelMax):         1
20230515 060909.654 INFO             PET3     ATM-TO-RTM: InitializeIPDv05p2a extro.
20230515 060909.654 INFO             PET3     RTM-TO-OCN: InitializeIPDv05p2a intro.
20230515 060909.658 INFO             PET3       RTM-TO-OCN:      importStandardNameList(i=  1): field_from_rtm
20230515 060909.658 INFO             PET3       RTM-TO-OCN:         importNamespaceList(i=  1): RTM
20230515 060909.658 INFO             PET3       RTM-TO-OCN:            importCplSetList(i=  1): __UNSPECIFIED__
20230515 060909.658 INFO             PET3       RTM-TO-OCN:      exportStandardNameList(j=  1): field_from_rtm
20230515 060909.658 INFO             PET3       RTM-TO-OCN:         exportNamespaceList(j=  1): OCN
20230515 060909.658 INFO             PET3       RTM-TO-OCN:            exportCplSetList(j=  1): __UNSPECIFIED__
20230515 060909.658 INFO             PET3       RTM-TO-OCN: bondLevel= 1
20230515 060909.658 INFO             PET3       RTM-TO-OCN: ProducerConnection (bondLevelMax):         1
20230515 060909.658 INFO             PET3     RTM-TO-OCN: InitializeIPDv05p2a extro.
20230515 060909.658 INFO             PET3     ATM-TO-RTM: InitializeIPDv05p2b intro.
20230515 060909.663 INFO             PET3       ATM-TO-RTM:      importStandardNameList(i=  1): field_to_rtm
20230515 060909.663 INFO             PET3       ATM-TO-RTM:         importNamespaceList(i=  1): ATM
20230515 060909.663 INFO             PET3       ATM-TO-RTM:            importCplSetList(i=  1): __UNSPECIFIED__
20230515 060909.663 INFO             PET3       ATM-TO-RTM:      exportStandardNameList(j=  1): field_to_rtm
20230515 060909.663 INFO             PET3       ATM-TO-RTM:         exportNamespaceList(j=  1): RTM
20230515 060909.663 INFO             PET3       ATM-TO-RTM:            exportCplSetList(j=  1): __UNSPECIFIED__
20230515 060909.663 INFO             PET3       ATM-TO-RTM: bondLevel= 1
20230515 060909.663 INFO             PET3       ATM-TO-RTM: => added cplList(  1)=field_to_rtm, cplSetList(  1)=__UNSPECIFIED__
20230515 060909.663 INFO             PET3     ATM-TO-RTM: InitializeIPDv05p2b extro.
20230515 060909.663 INFO             PET3     RTM-TO-OCN: InitializeIPDv05p2b intro.
20230515 060909.667 INFO             PET3       RTM-TO-OCN:      importStandardNameList(i=  1): field_from_rtm
20230515 060909.667 INFO             PET3       RTM-TO-OCN:         importNamespaceList(i=  1): RTM
20230515 060909.667 INFO             PET3       RTM-TO-OCN:            importCplSetList(i=  1): __UNSPECIFIED__
20230515 060909.667 INFO             PET3       RTM-TO-OCN:      exportStandardNameList(j=  1): field_from_rtm
20230515 060909.667 INFO             PET3       RTM-TO-OCN:         exportNamespaceList(j=  1): OCN
20230515 060909.667 INFO             PET3       RTM-TO-OCN:            exportCplSetList(j=  1): __UNSPECIFIED__
20230515 060909.667 INFO             PET3       RTM-TO-OCN: bondLevel= 1
20230515 060909.667 INFO             PET3       RTM-TO-OCN: => added cplList(  1)=field_from_rtm, cplSetList(  1)=__UNSPECIFIED__
20230515 060909.667 INFO             PET3     RTM-TO-OCN: InitializeIPDv05p2b extro.
20230515 060909.667 INFO             PET3     esm: IInitModifyCplLists intro.
20230515 060909.667 INFO             PET3     esm: IInitModifyCplLists extro.
20230515 060909.667 INFO             PET3     ATM-TO-RTM: InitializeIPDv05p3 intro.
20230515 060909.672 INFO             PET3       ATM-TO-RTM: handle cplList(1): field_to_rtm, cplSetList(1): __UNSPECIFIED__
20230515 060909.672 INFO             PET3       ATM-TO-RTM: - connected.
20230515 060909.672 INFO             PET3       ATM-TO-RTM: - both sides must provide the Field/GeomObject.
20230515 060909.672 INFO             PET3     ATM-TO-RTM: InitializeIPDv05p3 extro.
20230515 060909.672 INFO             PET3     RTM-TO-OCN: InitializeIPDv05p3 intro.
20230515 060909.676 INFO             PET3       RTM-TO-OCN: handle cplList(1): field_from_rtm, cplSetList(1): __UNSPECIFIED__
20230515 060909.676 INFO             PET3       RTM-TO-OCN: - connected.
20230515 060909.676 INFO             PET3       RTM-TO-OCN: - both sides must provide the Field/GeomObject.
20230515 060909.676 INFO             PET3     RTM-TO-OCN: InitializeIPDv05p3 extro.
20230515 060909.676 INFO             PET3     <<<esm: leaving Initialize (phase=<none>) with current time: 2010  6  1  0  0  0   0
20230515 060909.676 INFO             PET3   esm: InitializeIPDv02p1 extro.
20230515 060909.676 INFO             PET3   esm: InitializeIPDv02p3 intro.
20230515 060909.676 INFO             PET3     >>>esm: entered Initialize (phase=<none>) with current time: 2010  6  1  0  0  0   0
20230515 060909.676 INFO             PET3     esm: IInitCheck intro.
20230515 060909.676 INFO             PET3     esm: IInitCheck extro.
20230515 060909.677 INFO             PET3     RTM: InitializeIPDvXp04 intro.
20230515 060909.678 INFO             PET3     RTM: InitializeIPDvXp04 extro.
20230515 060909.681 INFO             PET3     ATM-TO-RTM: InitializeIPDv05p4 intro.
20230515 060909.689 INFO             PET3       ATM-TO-RTM: handle cplList(1): field_to_rtm, cplSetList(1): __UNSPECIFIED__
20230515 060909.689 INFO             PET3       ATM-TO-RTM: - nothing shared or transferred
20230515 060909.689 INFO             PET3     ATM-TO-RTM: InitializeIPDv05p4 extro.
20230515 060909.689 INFO             PET3     RTM-TO-OCN: InitializeIPDv05p4 intro.
20230515 060909.695 INFO             PET3       RTM-TO-OCN: handle cplList(1): field_from_rtm, cplSetList(1): __UNSPECIFIED__
20230515 060909.695 INFO             PET3       RTM-TO-OCN: - nothing shared or transferred
20230515 060909.695 INFO             PET3     RTM-TO-OCN: InitializeIPDv05p4 extro.
20230515 060909.695 INFO             PET3     ATM-TO-RTM: InitializeIPDv05p5 intro.
20230515 060909.703 INFO             PET3       ATM-TO-RTM: handle cplList(1): field_to_rtm, cplSetList(1): __UNSPECIFIED__
20230515 060909.703 INFO             PET3       ATM-TO-RTM: - nothing shared or transferred, or may already be handled
20230515 060909.703 INFO             PET3     ATM-TO-RTM: InitializeIPDv05p5 extro.
20230515 060909.703 INFO             PET3     RTM-TO-OCN: InitializeIPDv05p5 intro.
20230515 060909.709 INFO             PET3       RTM-TO-OCN: handle cplList(1): field_from_rtm, cplSetList(1): __UNSPECIFIED__
20230515 060909.709 INFO             PET3       RTM-TO-OCN: - nothing shared or transferred, or may already be handled
20230515 060909.709 INFO             PET3     RTM-TO-OCN: InitializeIPDv05p5 extro.
20230515 060909.709 INFO             PET3     esm: IInitRealize intro.
20230515 060909.709 INFO             PET3     esm: IInitRealize extro.
20230515 060909.709 INFO             PET3     ATM-TO-RTM: InitializeIPDv05p6a intro.
20230515 060909.717 INFO             PET3     ATM-TO-RTM: InitializeIPDv05p6a extro.
20230515 060909.717 INFO             PET3     RTM-TO-OCN: InitializeIPDv05p6a intro.
20230515 060909.722 INFO             PET3     RTM-TO-OCN: InitializeIPDv05p6a extro.
20230515 060909.723 INFO             PET3     ATM-TO-RTM: InitializeIPDv05p6b intro.
20230515 060909.723 INFO             PET3       ATM-TO-RTM: handle cplList(1): field_to_rtm, cplSetList(1): __UNSPECIFIED__
20230515 060909.723 INFO             PET3       ATM-TO-RTM: - no Field sharing between import and export side: remap.
20230515 060909.723 DEBUG            PET3       ESMF_FieldBundleRegridStorePair(): Inside 'rhReuse' branch!
20230515 060909.723 DEBUG            PET3       ESMF_FieldBundleRegridStorePair(): srcGeomtype==ESMF_GEOMTYPE_GRID
20230515 060909.723 DEBUG            PET3       ESMF_FieldBundleRegridStorePair(): dstGeomtype==ESMF_GEOMTYPE_GRID
20230515 060909.723 DEBUG            PET3       ESMF_FieldBundleRegridStorePair(): no rhListMatch -> pre-compute new remapping!
20230515 060909.723 DEBUG            PET3       ESMF_FieldBundleRegridStorePair(): must precompute full regridding!
