2023-05-24 04:01:40
20230524 043134.183 INFO             PET0 !!!!!!!!!!!!!!!!!!!!!!!!!!!!!!!!!!!!!!!!!!!!!!!!!!!!!!
20230524 043134.183 INFO             PET0 !!! THE ESMF_LOG IS SET TO OUTPUT ALL LOG MESSAGES !!!
20230524 043134.183 INFO             PET0 !!!     THIS MAY CAUSE SLOWDOWN IN PERFORMANCE     !!!
20230524 043134.183 INFO             PET0 !!! FOR PRODUCTION RUNS, USE:                      !!!
20230524 043134.183 INFO             PET0 !!!                   ESMF_LOGKIND_Multi_On_Error  !!!
20230524 043134.183 INFO             PET0 !!!!!!!!!!!!!!!!!!!!!!!!!!!!!!!!!!!!!!!!!!!!!!!!!!!!!!
20230524 043134.183 INFO             PET0 Running with ESMF Version   : v8.5.0b22-7-gaa6f4b53cd
20230524 043134.183 INFO             PET0 ESMF library build date/time: "May 24 2023" "03:59:49"
20230524 043134.183 INFO             PET0 ESMF library build location : /lustre/f2/dev/ncep/Gerhard.Theurich/ESMF-Nightly-Testing-C5/intel_2022.2.1_mpi_O_develop/esmf
20230524 043134.183 INFO             PET0 ESMF_COMM                   : mpi
20230524 043134.184 INFO             PET0 ESMF_MOAB                   : enabled
20230524 043134.184 INFO             PET0 ESMF_LAPACK                 : enabled
20230524 043134.184 INFO             PET0 ESMF_NETCDF                 : enabled
20230524 043134.184 INFO             PET0 ESMF_PNETCDF                : disabled
20230524 043134.184 INFO             PET0 ESMF_PIO                    : enabled
20230524 043134.184 INFO             PET0 ESMF_YAMLCPP                : enabled
20230524 043134.185 INFO             PET0  NUMBER_OF_PROCESSORS           1
20230524 043134.185 INFO             PET0  PASS  Example ESMF_TimeIntervalEx, ESMF_TimeIntervalEx.F90, line 176
20230524 043134.185 INFO             PET0 Finalizing ESMF
