2023-05-10 19:34:08
20230510 201459.177 INFO             PET0 !!!!!!!!!!!!!!!!!!!!!!!!!!!!!!!!!!!!!!!!!!!!!!!!!!!!!!
20230510 201459.177 INFO             PET0 !!! THE ESMF_LOG IS SET TO OUTPUT ALL LOG MESSAGES !!!
20230510 201459.177 INFO             PET0 !!!     THIS MAY CAUSE SLOWDOWN IN PERFORMANCE     !!!
20230510 201459.177 INFO             PET0 !!! FOR PRODUCTION RUNS, USE:                      !!!
20230510 201459.177 INFO             PET0 !!!                   ESMF_LOGKIND_Multi_On_Error  !!!
20230510 201459.177 INFO             PET0 !!!!!!!!!!!!!!!!!!!!!!!!!!!!!!!!!!!!!!!!!!!!!!!!!!!!!!
20230510 201459.177 INFO             PET0 Running with ESMF Version   : v8.5.0b18-9-g15f3b88d4b
20230510 201459.177 INFO             PET0 ESMF library build date/time: "May 10 2023" "19:32:07"
20230510 201459.177 INFO             PET0 ESMF library build location : /project/esmf/theurich/ESMF-Nightly-Testing/gfortran_8.1.0_mpich3_g_feature_fill_nan/esmf
20230510 201459.177 INFO             PET0 ESMF_COMM                   : mpich
20230510 201459.177 INFO             PET0 ESMF_MOAB                   : enabled
20230510 201459.177 INFO             PET0 ESMF_LAPACK                 : enabled
20230510 201459.177 INFO             PET0 ESMF_NETCDF                 : enabled
20230510 201459.177 INFO             PET0 ESMF_PNETCDF                : disabled
20230510 201459.177 INFO             PET0 ESMF_PIO                    : enabled
20230510 201459.177 INFO             PET0 ESMF_YAMLCPP                : enabled
20230510 201459.178 INFO             PET0 mainApp STARTING
20230510 201459.188 INFO             PET0 driver: InitializeGeneric intro.
20230510 201459.188 INFO             PET0   driver: InitializeP0 intro.
20230510 201459.188 INFO             PET0   driver: InitializeP0 extro.
20230510 201459.188 INFO             PET0   driver: InitializeIPDv02p1 intro.
20230510 201459.188 INFO             PET0     >>>driver: entered Initialize (phase=<none>) without valid internal Clock.
20230510 201459.188 INFO             PET0     driver - Creating model component MODEL without petList.
20230510 201459.193 INFO             PET0      GridCompIsPetLocal:  T
20230510 201459.193 INFO             PET0      VmIsCreated:  T
20230510 201459.193 INFO             PET0      valid MPI_COMM with size=           4
20230510 201459.194 INFO             PET0     driver - Creating state: modelComp 1 Import State
20230510 201459.194 INFO             PET0     driver - Creating state: modelComp 1 Export State
20230510 201459.195 INFO             PET0     MODEL: InitializeP0 intro.
20230510 201459.196 INFO             PET0       >>>MODEL: entered Initialize (phase=<none>) without valid internal Clock.
20230510 201459.198 INFO             PET0       <<<MODEL: leaving Initialize (phase=<none>) without valid internal Clock.
20230510 201459.198 INFO             PET0     MODEL: InitializeP0 extro.
20230510 201459.201 INFO             PET0     driver: IInitAdvertise intro.
20230510 201459.201 INFO             PET0     driver: IInitAdvertise extro.
20230510 201459.202 INFO             PET0     MODEL: InitializeIPDvXp01 intro.
20230510 201459.202 INFO             PET0       >>>MODEL: entered Initialize (phase=IPDvXp01) without valid internal Clock.
20230510 201459.205 INFO             PET0       <<<MODEL: leaving Initialize (phase=IPDvXp01) without valid internal Clock.
20230510 201459.205 INFO             PET0     MODEL: InitializeIPDvXp01 extro.
20230510 201459.207 INFO             PET0     driver: IInitAdvertiseFinish intro.
20230510 201459.207 INFO             PET0     driver: IInitAdvertiseFinish extro.
20230510 201459.207 INFO             PET0     driver: IInitModifyCplLists intro.
20230510 201459.207 INFO             PET0     driver: IInitModifyCplLists extro.
20230510 201459.207 INFO             PET0     <<<driver: leaving Initialize (phase=<none>) with current time:    0  1  1  0  0  0   0
20230510 201459.207 INFO             PET0   driver: InitializeIPDv02p1 extro.
20230510 201459.207 INFO             PET0   driver: InitializeIPDv02p3 intro.
20230510 201459.207 INFO             PET0     >>>driver: entered Initialize (phase=<none>) with current time:    0  1  1  0  0  0   0
20230510 201459.208 INFO             PET0     driver: IInitCheck intro.
20230510 201459.208 INFO             PET0     driver: IInitCheck extro.
20230510 201459.208 INFO             PET0     MODEL: InitializeIPDvXp04 intro.
20230510 201459.208 INFO             PET0       >>>MODEL: entered Initialize (phase=IPDvXp04) without valid internal Clock.
20230510 201459.215 INFO             PET0       After Realize: - MemInfo: [/proc/meminfo - SSI]	MemTotal:       263923924 kB
20230510 201459.215 INFO             PET0       After Realize: - MemInfo: [/proc/meminfo - SSI]	MemFree:        229074352 kB
20230510 201459.215 INFO             PET0       After Realize: - MemInfo: [/proc/meminfo - SSI]	MemAvailable:   259690528 kB
20230510 201459.215 INFO             PET0       After Realize: - MemInfo: [/proc/meminfo - SSI]	Committed_AS:     859508 kB
20230510 201459.215 INFO             PET0       After Realize: - MemInfo: [/proc/meminfo - SSI]	CommittedPercent: 0.325665 %
20230510 201459.215 INFO             PET0       After Realize: - MemInfo: [/proc/self/status]	VmPeak:	  196364 kB
20230510 201459.215 INFO             PET0       After Realize: - MemInfo: [/proc/self/status]	VmSize:	  196364 kB
20230510 201459.215 INFO             PET0       After Realize: - MemInfo: [/proc/self/status]	VmLck:	       0 kB
20230510 201459.215 INFO             PET0       After Realize: - MemInfo: [/proc/self/status]	VmPin:	       0 kB
20230510 201459.215 INFO             PET0       After Realize: - MemInfo: [/proc/self/status]	VmHWM:	   27796 kB
20230510 201459.215 INFO             PET0       After Realize: - MemInfo: [/proc/self/status]	VmRSS:	   27796 kB
20230510 201459.215 INFO             PET0       After Realize: - MemInfo: [/proc/self/status]	VmData:	    8492 kB
20230510 201459.215 INFO             PET0       After Realize: - MemInfo: [/proc/self/status]	VmStk:	     132 kB
20230510 201459.215 INFO             PET0       After Realize: - MemInfo: [/proc/self/status]	VmExe:	     252 kB
20230510 201459.215 INFO             PET0       After Realize: - MemInfo: [/proc/self/status]	VmLib:	   71128 kB
20230510 201459.215 INFO             PET0       After Realize: - MemInfo: [/proc/self/status]	VmPTE:	     372 kB
20230510 201459.215 INFO             PET0       After Realize: - MemInfo: [/proc/self/status]	VmSwap:	       0 kB
20230510 201459.215 INFO             PET0       After Realize: - MemInfo: [/proc/self/status]	VmRSSPercent: 0.0105318 %
20230510 201459.215 INFO             PET0       After Realize: - MemInfo: [malloc] Non-mmapped space allocated:                  839680 Byte
20230510 201459.215 INFO             PET0       After Realize: - MemInfo: [malloc] Space allocated in mmapped regions:          6029312 Byte
20230510 201459.215 INFO             PET0       After Realize: - MemInfo: [malloc] Maximum total allocated space:                     0 Byte
20230510 201459.215 INFO             PET0       After Realize: - MemInfo: [malloc] Space in freed fastbin blocks:                  2496 Byte
20230510 201459.215 INFO             PET0       After Realize: - MemInfo: [malloc] Total allocated space:                        709648 Byte
20230510 201459.215 INFO             PET0       After Realize: - MemInfo: [malloc] Total free space:                             130032 Byte
20230510 201459.215 INFO             PET0       After Realize: - MemInfo: [malloc] Top-most, releasable space:                   126816 Byte
20230510 201459.215 INFO             PET0       After Realize: - MemInfo: [malloc] Total space in use, mmap + non-mmap:         6738960 Byte
20230510 201459.215 INFO             PET0       After Realize: - MemInfo: [malloc] Total space held (mmap + non-mmap):          6868992 Byte
20230510 201459.215 INFO             PET0       After Realize: - MemInfo: [malloc] Total space used (mmap + non-mmap):          6748128 Byte
20230510 201459.215 INFO             PET0       After Realize: - MemInfo: Wall-clock time since execution start:              0.0439253 seconds
20230510 201459.215 INFO             PET0       <<<MODEL: leaving Initialize (phase=IPDvXp04) without valid internal Clock.
20230510 201459.215 INFO             PET0     MODEL: InitializeIPDvXp04 extro.
20230510 201459.217 INFO             PET0     driver: IInitRealize intro.
20230510 201459.217 INFO             PET0     driver: IInitRealize extro.
20230510 201459.217 INFO             PET0     MODEL: InitializeIPDvXp07 intro.
20230510 201459.217 INFO             PET0       >>>MODEL: entered Initialize (phase=IPDvXp07) without valid internal Clock.
20230510 201459.218 INFO             PET0       <<<MODEL: leaving Initialize (phase=IPDvXp07) with current time:    0  1  1  0  0  0   0
20230510 201459.218 INFO             PET0     MODEL: InitializeIPDvXp07 extro.
20230510 201459.218 INFO             PET0     <<<driver: leaving Initialize (phase=<none>) with current time:    0  1  1  0  0  0   0
20230510 201459.218 INFO             PET0   driver: InitializeIPDv02p3 extro.
20230510 201459.218 INFO             PET0   driver: InitializeIPDv02p5 intro.
20230510 201459.218 INFO             PET0     >>>driver: entered Initialize (phase=<none>) with current time:    0  1  1  0  0  0   0
20230510 201459.218 INFO             PET0     driver: this is a top level driver, no 'Updated' and 'InitializeDataComplete' info on this level.
20230510 201459.218 INFO             PET0     driver: InitializeIPDv02p5Data intro.
20230510 201459.218 INFO             PET0       driver: InternalInitializeComplete intro.
20230510 201459.218 INFO             PET0         driver: InitializeDataComplete='true'
20230510 201459.218 INFO             PET0       driver: InternalInitializeComplete extro.
20230510 201459.219 INFO             PET0       MODEL: InitializeIPDvXp08 intro.
20230510 201459.219 INFO             PET0         >>>MODEL: entered Initialize (phase=IPDv05p8) with current time:    0  1  1  0  0  0   0
20230510 201459.219 INFO             PET0         MODEL: InitializeDataProgress='false', InitializeDataComplete='false'
20230510 201459.219 INFO             PET0         <<<MODEL: leaving Initialize (phase=IPDv05p8) with current time:    0  1  1  0  0  0   0
20230510 201459.219 INFO             PET0       MODEL: InitializeIPDvXp08 extro.
20230510 201459.221 INFO             PET0       driver: components present that trigger loopDataDependentInitialize().
20230510 201459.221 INFO             PET0       driver: loopDataDependentInitialize intro.
20230510 201459.221 INFO             PET0         driver: component    0=driver, dataComplete (local): true
20230510 201459.221 INFO             PET0         driver: component    0=driver, dataComplete (global): T
20230510 201459.221 INFO             PET0         driver: component    1=MODEL, dataComplete (local): false
20230510 201459.221 INFO             PET0         driver: component    1=MODEL, dataComplete (global): F
20230510 201459.221 INFO             PET0         MODEL: InitializeIPDvXp08 intro.
20230510 201459.221 INFO             PET0           >>>MODEL: entered Initialize (phase=IPDv05p8) with current time:    0  1  1  0  0  0   0
20230510 201459.222 INFO             PET0           MODEL: InitializeDataProgress='true', InitializeDataComplete='true'
20230510 201459.222 INFO             PET0           <<<MODEL: leaving Initialize (phase=IPDv05p8) with current time:    0  1  1  0  0  0   0
20230510 201459.222 INFO             PET0         MODEL: InitializeIPDvXp08 extro.
20230510 201459.223 INFO             PET0         driver: component    1=MODEL, someProgress (local): true
20230510 201459.223 INFO             PET0         driver: component    1=MODEL, someProgress (global): T
20230510 201459.223 INFO             PET0         driver: someProgress=T, allComplete=F, present(dataDepAllComplete)=T
20230510 201459.223 INFO             PET0         driver: component    0=driver, dataComplete (local): true
20230510 201459.224 INFO             PET0         driver: component    0=driver, dataComplete (global): T
20230510 201459.224 INFO             PET0         driver: component    1=MODEL, dataComplete (local): true
20230510 201459.224 INFO             PET0         driver: component    1=MODEL, dataComplete (global): T
20230510 201459.224 INFO             PET0         driver: someProgress=F, allComplete=T, present(dataDepAllComplete)=T
20230510 201459.224 INFO             PET0         driver: finished resolving initialize data dependencies on this level.
20230510 201459.224 INFO             PET0       driver: loopDataDependentInitialize extro.
20230510 201459.224 INFO             PET0       driver: loopDataDependentInitialize() returned with dataDepAllComplete: T
20230510 201459.224 INFO             PET0     driver: InitializeIPDv02p5Data extro.
20230510 201459.224 INFO             PET0     <<<driver: leaving Initialize (phase=<none>) with current time:    0  1  1  0  0  0   0
20230510 201459.224 INFO             PET0   driver: InitializeIPDv02p5 extro.
20230510 201459.224 INFO             PET0 driver: InitializeGeneric extro.
20230510 201459.224 INFO             PET0 driver: Run intro.
20230510 201459.224 INFO             PET0   >>>driver entered Run (phase=RunPhase1) with current time:    0  1  1  0  0  0   0
20230510 201459.224 INFO             PET0   driver: after lable_SetRunClock, current time:    0  1  1  0  0  0   0
20230510 201459.224 INFO             PET0   driver: begin -------> RunSequence.
20230510 201459.224 INFO             PET0     driver: RunSequence event loopLevel=   1  levelMember=   1  loopIteration=   1, current time:    0  1  1  0  0  0   0
20230510 201459.224 INFO             PET0     MODEL: Run intro.
20230510 201459.224 INFO             PET0       >>>MODEL: entered Run (phase=RunPhase1) with current time:    0  1  1  0  0  0   0
20230510 201459.225 INFO             PET0       MODEL: time step-loop starting, current time:    0  1  1  0  0  0   0
20230510 201459.225 INFO             PET0       thread_num=   0   currentSsiPe=  15   num_threads=   3   max_threads=   3   num_procs=  32
20230510 201459.225 INFO             PET0       thread_num=   1   currentSsiPe=  18   num_threads=   3   max_threads=   3   num_procs=  32
20230510 201459.225 INFO             PET0       thread_num=   2   currentSsiPe=  17   num_threads=   3   max_threads=   3   num_procs=  32
20230510 201459.225 INFO             PET0       ---->Advancing Model from:    0  1  1  0  0  0   0
20230510 201459.225 INFO             PET0       ---------------------> to:    0  1  1  0  0 30   0
20230510 201459.225 INFO             PET0       MODEL: time step-loop ending,   current time:    0  1  1  0  0 30   0
20230510 201459.225 INFO             PET0       <<<MODEL: leaving Run (phase=RunPhase1) with current time:    0  1  1  0  0 30   0
20230510 201459.225 INFO             PET0     MODEL: Run extro.
20230510 201459.225 INFO             PET0     driver: RunSequence event loopLevel=   1  levelMember=   1  loopIteration=   2, current time:    0  1  1  0  0 30   0
20230510 201459.225 INFO             PET0     MODEL: Run intro.
20230510 201459.226 INFO             PET0       >>>MODEL: entered Run (phase=RunPhase1) with current time:    0  1  1  0  0 30   0
20230510 201459.226 INFO             PET0       MODEL: time step-loop starting, current time:    0  1  1  0  0 30   0
20230510 201459.226 INFO             PET0       thread_num=   2   currentSsiPe=  17   num_threads=   3   max_threads=   3   num_procs=  32
20230510 201459.226 INFO             PET0       thread_num=   0   currentSsiPe=  15   num_threads=   3   max_threads=   3   num_procs=  32
20230510 201459.226 INFO             PET0       thread_num=   1   currentSsiPe=  18   num_threads=   3   max_threads=   3   num_procs=  32
20230510 201459.226 INFO             PET0       ---->Advancing Model from:    0  1  1  0  0 30   0
20230510 201459.226 INFO             PET0       ---------------------> to:    0  1  1  0  1  0   0
20230510 201459.226 INFO             PET0       MODEL: time step-loop ending,   current time:    0  1  1  0  1  0   0
20230510 201459.226 INFO             PET0       <<<MODEL: leaving Run (phase=RunPhase1) with current time:    0  1  1  0  1  0   0
20230510 201459.226 INFO             PET0     MODEL: Run extro.
20230510 201459.226 INFO             PET0     driver: RunSequence event loopLevel=   1  levelMember=   1  loopIteration=   3, current time:    0  1  1  0  1  0   0
20230510 201459.226 INFO             PET0     MODEL: Run intro.
20230510 201459.226 INFO             PET0       >>>MODEL: entered Run (phase=RunPhase1) with current time:    0  1  1  0  1  0   0
20230510 201459.226 INFO             PET0       MODEL: time step-loop starting, current time:    0  1  1  0  1  0   0
20230510 201459.226 INFO             PET0       thread_num=   1   currentSsiPe=  18   num_threads=   3   max_threads=   3   num_procs=  32
20230510 201459.226 INFO             PET0       thread_num=   0   currentSsiPe=  15   num_threads=   3   max_threads=   3   num_procs=  32
20230510 201459.226 INFO             PET0       thread_num=   2   currentSsiPe=  17   num_threads=   3   max_threads=   3   num_procs=  32
20230510 201459.226 INFO             PET0       ---->Advancing Model from:    0  1  1  0  1  0   0
20230510 201459.226 INFO             PET0       ---------------------> to:    0  1  1  0  1 30   0
20230510 201459.226 INFO             PET0       MODEL: time step-loop ending,   current time:    0  1  1  0  1 30   0
20230510 201459.226 INFO             PET0       <<<MODEL: leaving Run (phase=RunPhase1) with current time:    0  1  1  0  1 30   0
20230510 201459.226 INFO             PET0     MODEL: Run extro.
20230510 201459.227 INFO             PET0     driver: RunSequence event loopLevel=   1  levelMember=   1  loopIteration=   4, current time:    0  1  1  0  1 30   0
20230510 201459.227 INFO             PET0     MODEL: Run intro.
20230510 201459.227 INFO             PET0       >>>MODEL: entered Run (phase=RunPhase1) with current time:    0  1  1  0  1 30   0
20230510 201459.227 INFO             PET0       MODEL: time step-loop starting, current time:    0  1  1  0  1 30   0
20230510 201459.227 INFO             PET0       thread_num=   1   currentSsiPe=  18   num_threads=   3   max_threads=   3   num_procs=  32
20230510 201459.227 INFO             PET0       thread_num=   2   currentSsiPe=  17   num_threads=   3   max_threads=   3   num_procs=  32
20230510 201459.227 INFO             PET0       thread_num=   0   currentSsiPe=  15   num_threads=   3   max_threads=   3   num_procs=  32
20230510 201459.227 INFO             PET0       ---->Advancing Model from:    0  1  1  0  1 30   0
20230510 201459.227 INFO             PET0       ---------------------> to:    0  1  1  0  2  0   0
20230510 201459.227 INFO             PET0       MODEL: time step-loop ending,   current time:    0  1  1  0  2  0   0
20230510 201459.227 INFO             PET0       <<<MODEL: leaving Run (phase=RunPhase1) with current time:    0  1  1  0  2  0   0
20230510 201459.227 INFO             PET0     MODEL: Run extro.
20230510 201459.227 INFO             PET0     driver: RunSequence event loopLevel=   1  levelMember=   1  loopIteration=   5, current time:    0  1  1  0  2  0   0
20230510 201459.227 INFO             PET0     MODEL: Run intro.
20230510 201459.227 INFO             PET0       >>>MODEL: entered Run (phase=RunPhase1) with current time:    0  1  1  0  2  0   0
20230510 201459.227 INFO             PET0       MODEL: time step-loop starting, current time:    0  1  1  0  2  0   0
20230510 201459.227 INFO             PET0       thread_num=   2   currentSsiPe=  17   num_threads=   3   max_threads=   3   num_procs=  32
20230510 201459.228 INFO             PET0       thread_num=   1   currentSsiPe=  18   num_threads=   3   max_threads=   3   num_procs=  32
20230510 201459.228 INFO             PET0       thread_num=   0   currentSsiPe=  15   num_threads=   3   max_threads=   3   num_procs=  32
20230510 201459.228 INFO             PET0       ---->Advancing Model from:    0  1  1  0  2  0   0
20230510 201459.228 INFO             PET0       ---------------------> to:    0  1  1  0  2 30   0
20230510 201459.228 INFO             PET0       MODEL: time step-loop ending,   current time:    0  1  1  0  2 30   0
20230510 201459.228 INFO             PET0       <<<MODEL: leaving Run (phase=RunPhase1) with current time:    0  1  1  0  2 30   0
20230510 201459.228 INFO             PET0     MODEL: Run extro.
20230510 201459.228 INFO             PET0   driver: end <--------- RunSequence
20230510 201459.228 INFO             PET0   <<<driver - leaving Run with current time:    0  1  1  0  2 30   0
20230510 201459.228 INFO             PET0 driver: Run extro.
20230510 201459.228 INFO             PET0 driver: Finalize intro.
20230510 201459.228 INFO             PET0   Calling Finalize phase 1 for modelComp: MODEL
20230510 201459.228 INFO             PET0   MODEL: Finalize intro.
20230510 201459.228 INFO             PET0     >>>MODEL: entered Finalize (phase=FinalizePhase1) with current time:    0  1  1  0  2 30   0
20230510 201459.228 INFO             PET0     <<<MODEL: leaving Finalize (phase=FinalizePhase1) with current time:    0  1  1  0  2 30   0
20230510 201459.228 INFO             PET0   MODEL: Finalize extro.
20230510 201459.228 INFO             PET0   Delete modelComp: MODEL
20230510 201459.228 INFO             PET0   Delete Import-/Export State for modelComp: MODEL
20230510 201459.228 INFO             PET0 driver: Finalize extro.
20230510 201459.228 INFO             PET0 mainApp FINISHED
20230510 201459.228 INFO             PET0 Finalizing ESMF
20230510 201459.176 INFO             PET1 !!!!!!!!!!!!!!!!!!!!!!!!!!!!!!!!!!!!!!!!!!!!!!!!!!!!!!
20230510 201459.177 INFO             PET1 !!! THE ESMF_LOG IS SET TO OUTPUT ALL LOG MESSAGES !!!
20230510 201459.177 INFO             PET1 !!!     THIS MAY CAUSE SLOWDOWN IN PERFORMANCE     !!!
20230510 201459.177 INFO             PET1 !!! FOR PRODUCTION RUNS, USE:                      !!!
20230510 201459.177 INFO             PET1 !!!                   ESMF_LOGKIND_Multi_On_Error  !!!
20230510 201459.177 INFO             PET1 !!!!!!!!!!!!!!!!!!!!!!!!!!!!!!!!!!!!!!!!!!!!!!!!!!!!!!
20230510 201459.177 INFO             PET1 Running with ESMF Version   : v8.5.0b18-9-g15f3b88d4b
20230510 201459.177 INFO             PET1 ESMF library build date/time: "May 10 2023" "19:32:07"
20230510 201459.177 INFO             PET1 ESMF library build location : /project/esmf/theurich/ESMF-Nightly-Testing/gfortran_8.1.0_mpich3_g_feature_fill_nan/esmf
20230510 201459.177 INFO             PET1 ESMF_COMM                   : mpich
20230510 201459.177 INFO             PET1 ESMF_MOAB                   : enabled
20230510 201459.177 INFO             PET1 ESMF_LAPACK                 : enabled
20230510 201459.177 INFO             PET1 ESMF_NETCDF                 : enabled
20230510 201459.177 INFO             PET1 ESMF_PNETCDF                : disabled
20230510 201459.177 INFO             PET1 ESMF_PIO                    : enabled
20230510 201459.177 INFO             PET1 ESMF_YAMLCPP                : enabled
20230510 201459.178 INFO             PET1 mainApp STARTING
20230510 201459.188 INFO             PET1 driver: InitializeGeneric intro.
20230510 201459.188 INFO             PET1   driver: InitializeP0 intro.
20230510 201459.188 INFO             PET1   driver: InitializeP0 extro.
20230510 201459.188 INFO             PET1   driver: InitializeIPDv02p1 intro.
20230510 201459.188 INFO             PET1     >>>driver: entered Initialize (phase=<none>) without valid internal Clock.
20230510 201459.188 INFO             PET1     driver - Creating model component MODEL without petList.
20230510 201459.193 INFO             PET1      GridCompIsPetLocal:  T
20230510 201459.193 INFO             PET1      VmIsCreated:  T
20230510 201459.193 INFO             PET1      valid MPI_COMM with size=           4
20230510 201459.194 INFO             PET1     driver - Creating state: modelComp 1 Import State
20230510 201459.194 INFO             PET1     driver - Creating state: modelComp 1 Export State
20230510 201459.195 INFO             PET1     MODEL: InitializeP0 intro.
20230510 201459.196 INFO             PET1       >>>MODEL: entered Initialize (phase=<none>) without valid internal Clock.
20230510 201459.198 INFO             PET1       <<<MODEL: leaving Initialize (phase=<none>) without valid internal Clock.
20230510 201459.198 INFO             PET1     MODEL: InitializeP0 extro.
20230510 201459.202 INFO             PET1     driver: IInitAdvertise intro.
20230510 201459.202 INFO             PET1     driver: IInitAdvertise extro.
20230510 201459.202 INFO             PET1     MODEL: InitializeIPDvXp01 intro.
20230510 201459.202 INFO             PET1       >>>MODEL: entered Initialize (phase=IPDvXp01) without valid internal Clock.
20230510 201459.205 INFO             PET1       <<<MODEL: leaving Initialize (phase=IPDvXp01) without valid internal Clock.
20230510 201459.205 INFO             PET1     MODEL: InitializeIPDvXp01 extro.
20230510 201459.207 INFO             PET1     driver: IInitAdvertiseFinish intro.
20230510 201459.207 INFO             PET1     driver: IInitAdvertiseFinish extro.
20230510 201459.207 INFO             PET1     driver: IInitModifyCplLists intro.
20230510 201459.207 INFO             PET1     driver: IInitModifyCplLists extro.
20230510 201459.207 INFO             PET1     <<<driver: leaving Initialize (phase=<none>) with current time:    0  1  1  0  0  0   0
20230510 201459.207 INFO             PET1   driver: InitializeIPDv02p1 extro.
20230510 201459.208 INFO             PET1   driver: InitializeIPDv02p3 intro.
20230510 201459.208 INFO             PET1     >>>driver: entered Initialize (phase=<none>) with current time:    0  1  1  0  0  0   0
20230510 201459.208 INFO             PET1     driver: IInitCheck intro.
20230510 201459.208 INFO             PET1     driver: IInitCheck extro.
20230510 201459.208 INFO             PET1     MODEL: InitializeIPDvXp04 intro.
20230510 201459.208 INFO             PET1       >>>MODEL: entered Initialize (phase=IPDvXp04) without valid internal Clock.
20230510 201459.215 INFO             PET1       After Realize: - MemInfo: [/proc/meminfo - SSI]	MemTotal:       263923924 kB
20230510 201459.215 INFO             PET1       After Realize: - MemInfo: [/proc/meminfo - SSI]	MemFree:        229074352 kB
20230510 201459.215 INFO             PET1       After Realize: - MemInfo: [/proc/meminfo - SSI]	MemAvailable:   259690528 kB
20230510 201459.215 INFO             PET1       After Realize: - MemInfo: [/proc/meminfo - SSI]	Committed_AS:     859508 kB
20230510 201459.215 INFO             PET1       After Realize: - MemInfo: [/proc/meminfo - SSI]	CommittedPercent: 0.325665 %
20230510 201459.215 INFO             PET1       After Realize: - MemInfo: [/proc/self/status]	VmPeak:	  196344 kB
20230510 201459.215 INFO             PET1       After Realize: - MemInfo: [/proc/self/status]	VmSize:	  196344 kB
20230510 201459.215 INFO             PET1       After Realize: - MemInfo: [/proc/self/status]	VmLck:	       0 kB
20230510 201459.215 INFO             PET1       After Realize: - MemInfo: [/proc/self/status]	VmPin:	       0 kB
20230510 201459.215 INFO             PET1       After Realize: - MemInfo: [/proc/self/status]	VmHWM:	   27808 kB
20230510 201459.215 INFO             PET1       After Realize: - MemInfo: [/proc/self/status]	VmRSS:	   27808 kB
20230510 201459.215 INFO             PET1       After Realize: - MemInfo: [/proc/self/status]	VmData:	    8472 kB
20230510 201459.215 INFO             PET1       After Realize: - MemInfo: [/proc/self/status]	VmStk:	     132 kB
20230510 201459.215 INFO             PET1       After Realize: - MemInfo: [/proc/self/status]	VmExe:	     252 kB
20230510 201459.215 INFO             PET1       After Realize: - MemInfo: [/proc/self/status]	VmLib:	   71128 kB
20230510 201459.215 INFO             PET1       After Realize: - MemInfo: [/proc/self/status]	VmPTE:	     364 kB
20230510 201459.215 INFO             PET1       After Realize: - MemInfo: [/proc/self/status]	VmSwap:	       0 kB
20230510 201459.215 INFO             PET1       After Realize: - MemInfo: [/proc/self/status]	VmRSSPercent: 0.0105364 %
20230510 201459.215 INFO             PET1       After Realize: - MemInfo: [malloc] Non-mmapped space allocated:                  819200 Byte
20230510 201459.215 INFO             PET1       After Realize: - MemInfo: [malloc] Space allocated in mmapped regions:          6029312 Byte
20230510 201459.215 INFO             PET1       After Realize: - MemInfo: [malloc] Maximum total allocated space:                     0 Byte
20230510 201459.215 INFO             PET1       After Realize: - MemInfo: [malloc] Space in freed fastbin blocks:                  2496 Byte
20230510 201459.215 INFO             PET1       After Realize: - MemInfo: [malloc] Total allocated space:                        709584 Byte
20230510 201459.215 INFO             PET1       After Realize: - MemInfo: [malloc] Total free space:                             109616 Byte
20230510 201459.215 INFO             PET1       After Realize: - MemInfo: [malloc] Top-most, releasable space:                   106464 Byte
20230510 201459.215 INFO             PET1       After Realize: - MemInfo: [malloc] Total space in use, mmap + non-mmap:         6738896 Byte
20230510 201459.215 INFO             PET1       After Realize: - MemInfo: [malloc] Total space held (mmap + non-mmap):          6848512 Byte
20230510 201459.215 INFO             PET1       After Realize: - MemInfo: [malloc] Total space used (mmap + non-mmap):          6748064 Byte
20230510 201459.215 INFO             PET1       After Realize: - MemInfo: Wall-clock time since execution start:              0.0439336 seconds
20230510 201459.215 INFO             PET1       <<<MODEL: leaving Initialize (phase=IPDvXp04) without valid internal Clock.
20230510 201459.215 INFO             PET1     MODEL: InitializeIPDvXp04 extro.
20230510 201459.217 INFO             PET1     driver: IInitRealize intro.
20230510 201459.217 INFO             PET1     driver: IInitRealize extro.
20230510 201459.217 INFO             PET1     MODEL: InitializeIPDvXp07 intro.
20230510 201459.218 INFO             PET1       >>>MODEL: entered Initialize (phase=IPDvXp07) without valid internal Clock.
20230510 201459.218 INFO             PET1       <<<MODEL: leaving Initialize (phase=IPDvXp07) with current time:    0  1  1  0  0  0   0
20230510 201459.218 INFO             PET1     MODEL: InitializeIPDvXp07 extro.
20230510 201459.218 INFO             PET1     <<<driver: leaving Initialize (phase=<none>) with current time:    0  1  1  0  0  0   0
20230510 201459.218 INFO             PET1   driver: InitializeIPDv02p3 extro.
20230510 201459.218 INFO             PET1   driver: InitializeIPDv02p5 intro.
20230510 201459.218 INFO             PET1     >>>driver: entered Initialize (phase=<none>) with current time:    0  1  1  0  0  0   0
20230510 201459.218 INFO             PET1     driver: this is a top level driver, no 'Updated' and 'InitializeDataComplete' info on this level.
20230510 201459.218 INFO             PET1     driver: InitializeIPDv02p5Data intro.
20230510 201459.218 INFO             PET1       driver: InternalInitializeComplete intro.
20230510 201459.218 INFO             PET1         driver: InitializeDataComplete='true'
20230510 201459.218 INFO             PET1       driver: InternalInitializeComplete extro.
20230510 201459.219 INFO             PET1       MODEL: InitializeIPDvXp08 intro.
20230510 201459.219 INFO             PET1         >>>MODEL: entered Initialize (phase=IPDv05p8) with current time:    0  1  1  0  0  0   0
20230510 201459.219 INFO             PET1         MODEL: InitializeDataProgress='false', InitializeDataComplete='false'
20230510 201459.219 INFO             PET1         <<<MODEL: leaving Initialize (phase=IPDv05p8) with current time:    0  1  1  0  0  0   0
20230510 201459.219 INFO             PET1       MODEL: InitializeIPDvXp08 extro.
20230510 201459.221 INFO             PET1       driver: components present that trigger loopDataDependentInitialize().
20230510 201459.221 INFO             PET1       driver: loopDataDependentInitialize intro.
20230510 201459.221 INFO             PET1         driver: component    0=driver, dataComplete (local): true
20230510 201459.221 INFO             PET1         driver: component    0=driver, dataComplete (global): T
20230510 201459.221 INFO             PET1         driver: component    1=MODEL, dataComplete (local): false
20230510 201459.221 INFO             PET1         driver: component    1=MODEL, dataComplete (global): F
20230510 201459.221 INFO             PET1         MODEL: InitializeIPDvXp08 intro.
20230510 201459.221 INFO             PET1           >>>MODEL: entered Initialize (phase=IPDv05p8) with current time:    0  1  1  0  0  0   0
20230510 201459.222 INFO             PET1           MODEL: InitializeDataProgress='true', InitializeDataComplete='true'
20230510 201459.222 INFO             PET1           <<<MODEL: leaving Initialize (phase=IPDv05p8) with current time:    0  1  1  0  0  0   0
20230510 201459.222 INFO             PET1         MODEL: InitializeIPDvXp08 extro.
20230510 201459.223 INFO             PET1         driver: component    1=MODEL, someProgress (local): true
20230510 201459.223 INFO             PET1         driver: component    1=MODEL, someProgress (global): T
20230510 201459.223 INFO             PET1         driver: someProgress=T, allComplete=F, present(dataDepAllComplete)=T
20230510 201459.223 INFO             PET1         driver: component    0=driver, dataComplete (local): true
20230510 201459.224 INFO             PET1         driver: component    0=driver, dataComplete (global): T
20230510 201459.224 INFO             PET1         driver: component    1=MODEL, dataComplete (local): true
20230510 201459.224 INFO             PET1         driver: component    1=MODEL, dataComplete (global): T
20230510 201459.224 INFO             PET1         driver: someProgress=F, allComplete=T, present(dataDepAllComplete)=T
20230510 201459.224 INFO             PET1         driver: finished resolving initialize data dependencies on this level.
20230510 201459.224 INFO             PET1       driver: loopDataDependentInitialize extro.
20230510 201459.224 INFO             PET1       driver: loopDataDependentInitialize() returned with dataDepAllComplete: T
20230510 201459.224 INFO             PET1     driver: InitializeIPDv02p5Data extro.
20230510 201459.224 INFO             PET1     <<<driver: leaving Initialize (phase=<none>) with current time:    0  1  1  0  0  0   0
20230510 201459.224 INFO             PET1   driver: InitializeIPDv02p5 extro.
20230510 201459.224 INFO             PET1 driver: InitializeGeneric extro.
20230510 201459.224 INFO             PET1 driver: Run intro.
20230510 201459.224 INFO             PET1   >>>driver entered Run (phase=RunPhase1) with current time:    0  1  1  0  0  0   0
20230510 201459.224 INFO             PET1   driver: after lable_SetRunClock, current time:    0  1  1  0  0  0   0
20230510 201459.224 INFO             PET1   driver: begin -------> RunSequence.
20230510 201459.224 INFO             PET1     driver: RunSequence event loopLevel=   1  levelMember=   1  loopIteration=   1, current time:    0  1  1  0  0  0   0
20230510 201459.224 INFO             PET1     MODEL: Run intro.
20230510 201459.224 INFO             PET1       >>>MODEL: entered Run (phase=RunPhase1) with current time:    0  1  1  0  0  0   0
20230510 201459.225 INFO             PET1       MODEL: time step-loop starting, current time:    0  1  1  0  0  0   0
20230510 201459.234 INFO             PET1       thread_num=   0   currentSsiPe=  19   num_threads=   3   max_threads=   3   num_procs=  32
20230510 201459.234 INFO             PET1       thread_num=   1   currentSsiPe=  18   num_threads=   3   max_threads=   3   num_procs=  32
20230510 201459.234 INFO             PET1       thread_num=   2   currentSsiPe=  21   num_threads=   3   max_threads=   3   num_procs=  32
20230510 201459.234 INFO             PET1       ---->Advancing Model from:    0  1  1  0  0  0   0
20230510 201459.234 INFO             PET1       ---------------------> to:    0  1  1  0  0 30   0
20230510 201459.234 INFO             PET1       MODEL: time step-loop ending,   current time:    0  1  1  0  0 30   0
20230510 201459.234 INFO             PET1       <<<MODEL: leaving Run (phase=RunPhase1) with current time:    0  1  1  0  0 30   0
20230510 201459.234 INFO             PET1     MODEL: Run extro.
20230510 201459.234 INFO             PET1     driver: RunSequence event loopLevel=   1  levelMember=   1  loopIteration=   2, current time:    0  1  1  0  0 30   0
20230510 201459.234 INFO             PET1     MODEL: Run intro.
20230510 201459.234 INFO             PET1       >>>MODEL: entered Run (phase=RunPhase1) with current time:    0  1  1  0  0 30   0
20230510 201459.234 INFO             PET1       MODEL: time step-loop starting, current time:    0  1  1  0  0 30   0
20230510 201459.234 INFO             PET1       thread_num=   2   currentSsiPe=  21   num_threads=   3   max_threads=   3   num_procs=  32
20230510 201459.234 INFO             PET1       thread_num=   1   currentSsiPe=  18   num_threads=   3   max_threads=   3   num_procs=  32
20230510 201459.234 INFO             PET1       thread_num=   0   currentSsiPe=  19   num_threads=   3   max_threads=   3   num_procs=  32
20230510 201459.234 INFO             PET1       ---->Advancing Model from:    0  1  1  0  0 30   0
20230510 201459.235 INFO             PET1       ---------------------> to:    0  1  1  0  1  0   0
20230510 201459.235 INFO             PET1       MODEL: time step-loop ending,   current time:    0  1  1  0  1  0   0
20230510 201459.235 INFO             PET1       <<<MODEL: leaving Run (phase=RunPhase1) with current time:    0  1  1  0  1  0   0
20230510 201459.235 INFO             PET1     MODEL: Run extro.
20230510 201459.235 INFO             PET1     driver: RunSequence event loopLevel=   1  levelMember=   1  loopIteration=   3, current time:    0  1  1  0  1  0   0
20230510 201459.235 INFO             PET1     MODEL: Run intro.
20230510 201459.235 INFO             PET1       >>>MODEL: entered Run (phase=RunPhase1) with current time:    0  1  1  0  1  0   0
20230510 201459.235 INFO             PET1       MODEL: time step-loop starting, current time:    0  1  1  0  1  0   0
20230510 201459.235 INFO             PET1       thread_num=   2   currentSsiPe=  21   num_threads=   3   max_threads=   3   num_procs=  32
20230510 201459.235 INFO             PET1       thread_num=   1   currentSsiPe=  18   num_threads=   3   max_threads=   3   num_procs=  32
20230510 201459.235 INFO             PET1       thread_num=   0   currentSsiPe=  19   num_threads=   3   max_threads=   3   num_procs=  32
20230510 201459.235 INFO             PET1       ---->Advancing Model from:    0  1  1  0  1  0   0
20230510 201459.235 INFO             PET1       ---------------------> to:    0  1  1  0  1 30   0
20230510 201459.235 INFO             PET1       MODEL: time step-loop ending,   current time:    0  1  1  0  1 30   0
20230510 201459.235 INFO             PET1       <<<MODEL: leaving Run (phase=RunPhase1) with current time:    0  1  1  0  1 30   0
20230510 201459.235 INFO             PET1     MODEL: Run extro.
20230510 201459.235 INFO             PET1     driver: RunSequence event loopLevel=   1  levelMember=   1  loopIteration=   4, current time:    0  1  1  0  1 30   0
20230510 201459.235 INFO             PET1     MODEL: Run intro.
20230510 201459.236 INFO             PET1       >>>MODEL: entered Run (phase=RunPhase1) with current time:    0  1  1  0  1 30   0
20230510 201459.236 INFO             PET1       MODEL: time step-loop starting, current time:    0  1  1  0  1 30   0
20230510 201459.236 INFO             PET1       thread_num=   1   currentSsiPe=  18   num_threads=   3   max_threads=   3   num_procs=  32
20230510 201459.236 INFO             PET1       thread_num=   0   currentSsiPe=  19   num_threads=   3   max_threads=   3   num_procs=  32
20230510 201459.236 INFO             PET1       thread_num=   2   currentSsiPe=  21   num_threads=   3   max_threads=   3   num_procs=  32
20230510 201459.236 INFO             PET1       ---->Advancing Model from:    0  1  1  0  1 30   0
20230510 201459.236 INFO             PET1       ---------------------> to:    0  1  1  0  2  0   0
20230510 201459.236 INFO             PET1       MODEL: time step-loop ending,   current time:    0  1  1  0  2  0   0
20230510 201459.236 INFO             PET1       <<<MODEL: leaving Run (phase=RunPhase1) with current time:    0  1  1  0  2  0   0
20230510 201459.236 INFO             PET1     MODEL: Run extro.
20230510 201459.236 INFO             PET1     driver: RunSequence event loopLevel=   1  levelMember=   1  loopIteration=   5, current time:    0  1  1  0  2  0   0
20230510 201459.236 INFO             PET1     MODEL: Run intro.
20230510 201459.236 INFO             PET1       >>>MODEL: entered Run (phase=RunPhase1) with current time:    0  1  1  0  2  0   0
20230510 201459.236 INFO             PET1       MODEL: time step-loop starting, current time:    0  1  1  0  2  0   0
20230510 201459.236 INFO             PET1       thread_num=   2   currentSsiPe=  21   num_threads=   3   max_threads=   3   num_procs=  32
20230510 201459.236 INFO             PET1       thread_num=   1   currentSsiPe=  18   num_threads=   3   max_threads=   3   num_procs=  32
20230510 201459.236 INFO             PET1       thread_num=   0   currentSsiPe=  19   num_threads=   3   max_threads=   3   num_procs=  32
20230510 201459.236 INFO             PET1       ---->Advancing Model from:    0  1  1  0  2  0   0
20230510 201459.236 INFO             PET1       ---------------------> to:    0  1  1  0  2 30   0
20230510 201459.236 INFO             PET1       MODEL: time step-loop ending,   current time:    0  1  1  0  2 30   0
20230510 201459.236 INFO             PET1       <<<MODEL: leaving Run (phase=RunPhase1) with current time:    0  1  1  0  2 30   0
20230510 201459.236 INFO             PET1     MODEL: Run extro.
20230510 201459.236 INFO             PET1   driver: end <--------- RunSequence
20230510 201459.237 INFO             PET1   <<<driver - leaving Run with current time:    0  1  1  0  2 30   0
20230510 201459.237 INFO             PET1 driver: Run extro.
20230510 201459.237 INFO             PET1 driver: Finalize intro.
20230510 201459.237 INFO             PET1   Calling Finalize phase 1 for modelComp: MODEL
20230510 201459.237 INFO             PET1   MODEL: Finalize intro.
20230510 201459.237 INFO             PET1     >>>MODEL: entered Finalize (phase=FinalizePhase1) with current time:    0  1  1  0  2 30   0
20230510 201459.237 INFO             PET1     <<<MODEL: leaving Finalize (phase=FinalizePhase1) with current time:    0  1  1  0  2 30   0
20230510 201459.237 INFO             PET1   MODEL: Finalize extro.
20230510 201459.237 INFO             PET1   Delete modelComp: MODEL
20230510 201459.237 INFO             PET1   Delete Import-/Export State for modelComp: MODEL
20230510 201459.237 INFO             PET1 driver: Finalize extro.
20230510 201459.237 INFO             PET1 mainApp FINISHED
20230510 201459.237 INFO             PET1 Finalizing ESMF
20230510 201459.178 INFO             PET2 !!!!!!!!!!!!!!!!!!!!!!!!!!!!!!!!!!!!!!!!!!!!!!!!!!!!!!
20230510 201459.178 INFO             PET2 !!! THE ESMF_LOG IS SET TO OUTPUT ALL LOG MESSAGES !!!
20230510 201459.178 INFO             PET2 !!!     THIS MAY CAUSE SLOWDOWN IN PERFORMANCE     !!!
20230510 201459.178 INFO             PET2 !!! FOR PRODUCTION RUNS, USE:                      !!!
20230510 201459.178 INFO             PET2 !!!                   ESMF_LOGKIND_Multi_On_Error  !!!
20230510 201459.178 INFO             PET2 !!!!!!!!!!!!!!!!!!!!!!!!!!!!!!!!!!!!!!!!!!!!!!!!!!!!!!
20230510 201459.178 INFO             PET2 Running with ESMF Version   : v8.5.0b18-9-g15f3b88d4b
20230510 201459.178 INFO             PET2 ESMF library build date/time: "May 10 2023" "19:32:07"
20230510 201459.178 INFO             PET2 ESMF library build location : /project/esmf/theurich/ESMF-Nightly-Testing/gfortran_8.1.0_mpich3_g_feature_fill_nan/esmf
20230510 201459.178 INFO             PET2 ESMF_COMM                   : mpich
20230510 201459.178 INFO             PET2 ESMF_MOAB                   : enabled
20230510 201459.178 INFO             PET2 ESMF_LAPACK                 : enabled
20230510 201459.178 INFO             PET2 ESMF_NETCDF                 : enabled
20230510 201459.178 INFO             PET2 ESMF_PNETCDF                : disabled
20230510 201459.178 INFO             PET2 ESMF_PIO                    : enabled
20230510 201459.178 INFO             PET2 ESMF_YAMLCPP                : enabled
20230510 201459.178 INFO             PET2 mainApp STARTING
20230510 201459.188 INFO             PET2 driver: InitializeGeneric intro.
20230510 201459.188 INFO             PET2   driver: InitializeP0 intro.
20230510 201459.188 INFO             PET2   driver: InitializeP0 extro.
20230510 201459.188 INFO             PET2   driver: InitializeIPDv02p1 intro.
20230510 201459.188 INFO             PET2     >>>driver: entered Initialize (phase=<none>) without valid internal Clock.
20230510 201459.188 INFO             PET2     driver - Creating model component MODEL without petList.
20230510 201459.193 INFO             PET2      GridCompIsPetLocal:  T
20230510 201459.193 INFO             PET2      VmIsCreated:  T
20230510 201459.193 INFO             PET2      valid MPI_COMM with size=           4
20230510 201459.194 INFO             PET2     driver - Creating state: modelComp 1 Import State
20230510 201459.194 INFO             PET2     driver - Creating state: modelComp 1 Export State
20230510 201459.195 INFO             PET2     MODEL: InitializeP0 intro.
20230510 201459.196 INFO             PET2       >>>MODEL: entered Initialize (phase=<none>) without valid internal Clock.
20230510 201459.198 INFO             PET2       <<<MODEL: leaving Initialize (phase=<none>) without valid internal Clock.
20230510 201459.198 INFO             PET2     MODEL: InitializeP0 extro.
20230510 201459.202 INFO             PET2     driver: IInitAdvertise intro.
20230510 201459.202 INFO             PET2     driver: IInitAdvertise extro.
20230510 201459.202 INFO             PET2     MODEL: InitializeIPDvXp01 intro.
20230510 201459.202 INFO             PET2       >>>MODEL: entered Initialize (phase=IPDvXp01) without valid internal Clock.
20230510 201459.205 INFO             PET2       <<<MODEL: leaving Initialize (phase=IPDvXp01) without valid internal Clock.
20230510 201459.205 INFO             PET2     MODEL: InitializeIPDvXp01 extro.
20230510 201459.207 INFO             PET2     driver: IInitAdvertiseFinish intro.
20230510 201459.207 INFO             PET2     driver: IInitAdvertiseFinish extro.
20230510 201459.207 INFO             PET2     driver: IInitModifyCplLists intro.
20230510 201459.207 INFO             PET2     driver: IInitModifyCplLists extro.
20230510 201459.207 INFO             PET2     <<<driver: leaving Initialize (phase=<none>) with current time:    0  1  1  0  0  0   0
20230510 201459.207 INFO             PET2   driver: InitializeIPDv02p1 extro.
20230510 201459.208 INFO             PET2   driver: InitializeIPDv02p3 intro.
20230510 201459.208 INFO             PET2     >>>driver: entered Initialize (phase=<none>) with current time:    0  1  1  0  0  0   0
20230510 201459.208 INFO             PET2     driver: IInitCheck intro.
20230510 201459.208 INFO             PET2     driver: IInitCheck extro.
20230510 201459.208 INFO             PET2     MODEL: InitializeIPDvXp04 intro.
20230510 201459.208 INFO             PET2       >>>MODEL: entered Initialize (phase=IPDvXp04) without valid internal Clock.
20230510 201459.215 INFO             PET2       After Realize: - MemInfo: [/proc/meminfo - SSI]	MemTotal:       263923924 kB
20230510 201459.215 INFO             PET2       After Realize: - MemInfo: [/proc/meminfo - SSI]	MemFree:        229074352 kB
20230510 201459.215 INFO             PET2       After Realize: - MemInfo: [/proc/meminfo - SSI]	MemAvailable:   259690528 kB
20230510 201459.215 INFO             PET2       After Realize: - MemInfo: [/proc/meminfo - SSI]	Committed_AS:     859508 kB
20230510 201459.215 INFO             PET2       After Realize: - MemInfo: [/proc/meminfo - SSI]	CommittedPercent: 0.325665 %
20230510 201459.215 INFO             PET2       After Realize: - MemInfo: [/proc/self/status]	VmPeak:	  196344 kB
20230510 201459.215 INFO             PET2       After Realize: - MemInfo: [/proc/self/status]	VmSize:	  196344 kB
20230510 201459.215 INFO             PET2       After Realize: - MemInfo: [/proc/self/status]	VmLck:	       0 kB
20230510 201459.215 INFO             PET2       After Realize: - MemInfo: [/proc/self/status]	VmPin:	       0 kB
20230510 201459.215 INFO             PET2       After Realize: - MemInfo: [/proc/self/status]	VmHWM:	   27816 kB
20230510 201459.215 INFO             PET2       After Realize: - MemInfo: [/proc/self/status]	VmRSS:	   27816 kB
20230510 201459.215 INFO             PET2       After Realize: - MemInfo: [/proc/self/status]	VmData:	    8472 kB
20230510 201459.215 INFO             PET2       After Realize: - MemInfo: [/proc/self/status]	VmStk:	     132 kB
20230510 201459.215 INFO             PET2       After Realize: - MemInfo: [/proc/self/status]	VmExe:	     252 kB
20230510 201459.215 INFO             PET2       After Realize: - MemInfo: [/proc/self/status]	VmLib:	   71128 kB
20230510 201459.215 INFO             PET2       After Realize: - MemInfo: [/proc/self/status]	VmPTE:	     368 kB
20230510 201459.215 INFO             PET2       After Realize: - MemInfo: [/proc/self/status]	VmSwap:	       0 kB
20230510 201459.215 INFO             PET2       After Realize: - MemInfo: [/proc/self/status]	VmRSSPercent: 0.0105394 %
20230510 201459.215 INFO             PET2       After Realize: - MemInfo: [malloc] Non-mmapped space allocated:                  819200 Byte
20230510 201459.215 INFO             PET2       After Realize: - MemInfo: [malloc] Space allocated in mmapped regions:          6029312 Byte
20230510 201459.215 INFO             PET2       After Realize: - MemInfo: [malloc] Maximum total allocated space:                     0 Byte
20230510 201459.215 INFO             PET2       After Realize: - MemInfo: [malloc] Space in freed fastbin blocks:                  2496 Byte
20230510 201459.215 INFO             PET2       After Realize: - MemInfo: [malloc] Total allocated space:                        707984 Byte
20230510 201459.215 INFO             PET2       After Realize: - MemInfo: [malloc] Total free space:                             111216 Byte
20230510 201459.215 INFO             PET2       After Realize: - MemInfo: [malloc] Top-most, releasable space:                   108064 Byte
20230510 201459.215 INFO             PET2       After Realize: - MemInfo: [malloc] Total space in use, mmap + non-mmap:         6737296 Byte
20230510 201459.215 INFO             PET2       After Realize: - MemInfo: [malloc] Total space held (mmap + non-mmap):          6848512 Byte
20230510 201459.215 INFO             PET2       After Realize: - MemInfo: [malloc] Total space used (mmap + non-mmap):          6746464 Byte
20230510 201459.215 INFO             PET2       After Realize: - MemInfo: Wall-clock time since execution start:               0.044687 seconds
20230510 201459.215 INFO             PET2       <<<MODEL: leaving Initialize (phase=IPDvXp04) without valid internal Clock.
20230510 201459.215 INFO             PET2     MODEL: InitializeIPDvXp04 extro.
20230510 201459.217 INFO             PET2     driver: IInitRealize intro.
20230510 201459.217 INFO             PET2     driver: IInitRealize extro.
20230510 201459.217 INFO             PET2     MODEL: InitializeIPDvXp07 intro.
20230510 201459.218 INFO             PET2       >>>MODEL: entered Initialize (phase=IPDvXp07) without valid internal Clock.
20230510 201459.218 INFO             PET2       <<<MODEL: leaving Initialize (phase=IPDvXp07) with current time:    0  1  1  0  0  0   0
20230510 201459.218 INFO             PET2     MODEL: InitializeIPDvXp07 extro.
20230510 201459.218 INFO             PET2     <<<driver: leaving Initialize (phase=<none>) with current time:    0  1  1  0  0  0   0
20230510 201459.218 INFO             PET2   driver: InitializeIPDv02p3 extro.
20230510 201459.218 INFO             PET2   driver: InitializeIPDv02p5 intro.
20230510 201459.218 INFO             PET2     >>>driver: entered Initialize (phase=<none>) with current time:    0  1  1  0  0  0   0
20230510 201459.218 INFO             PET2     driver: this is a top level driver, no 'Updated' and 'InitializeDataComplete' info on this level.
20230510 201459.218 INFO             PET2     driver: InitializeIPDv02p5Data intro.
20230510 201459.218 INFO             PET2       driver: InternalInitializeComplete intro.
20230510 201459.218 INFO             PET2         driver: InitializeDataComplete='true'
20230510 201459.218 INFO             PET2       driver: InternalInitializeComplete extro.
20230510 201459.219 INFO             PET2       MODEL: InitializeIPDvXp08 intro.
20230510 201459.219 INFO             PET2         >>>MODEL: entered Initialize (phase=IPDv05p8) with current time:    0  1  1  0  0  0   0
20230510 201459.219 INFO             PET2         MODEL: InitializeDataProgress='false', InitializeDataComplete='false'
20230510 201459.219 INFO             PET2         <<<MODEL: leaving Initialize (phase=IPDv05p8) with current time:    0  1  1  0  0  0   0
20230510 201459.219 INFO             PET2       MODEL: InitializeIPDvXp08 extro.
20230510 201459.221 INFO             PET2       driver: components present that trigger loopDataDependentInitialize().
20230510 201459.221 INFO             PET2       driver: loopDataDependentInitialize intro.
20230510 201459.221 INFO             PET2         driver: component    0=driver, dataComplete (local): true
20230510 201459.221 INFO             PET2         driver: component    0=driver, dataComplete (global): T
20230510 201459.221 INFO             PET2         driver: component    1=MODEL, dataComplete (local): false
20230510 201459.221 INFO             PET2         driver: component    1=MODEL, dataComplete (global): F
20230510 201459.221 INFO             PET2         MODEL: InitializeIPDvXp08 intro.
20230510 201459.221 INFO             PET2           >>>MODEL: entered Initialize (phase=IPDv05p8) with current time:    0  1  1  0  0  0   0
20230510 201459.222 INFO             PET2           MODEL: InitializeDataProgress='true', InitializeDataComplete='true'
20230510 201459.222 INFO             PET2           <<<MODEL: leaving Initialize (phase=IPDv05p8) with current time:    0  1  1  0  0  0   0
20230510 201459.222 INFO             PET2         MODEL: InitializeIPDvXp08 extro.
20230510 201459.223 INFO             PET2         driver: component    1=MODEL, someProgress (local): true
20230510 201459.223 INFO             PET2         driver: component    1=MODEL, someProgress (global): T
20230510 201459.223 INFO             PET2         driver: someProgress=T, allComplete=F, present(dataDepAllComplete)=T
20230510 201459.223 INFO             PET2         driver: component    0=driver, dataComplete (local): true
20230510 201459.224 INFO             PET2         driver: component    0=driver, dataComplete (global): T
20230510 201459.224 INFO             PET2         driver: component    1=MODEL, dataComplete (local): true
20230510 201459.224 INFO             PET2         driver: component    1=MODEL, dataComplete (global): T
20230510 201459.224 INFO             PET2         driver: someProgress=F, allComplete=T, present(dataDepAllComplete)=T
20230510 201459.224 INFO             PET2         driver: finished resolving initialize data dependencies on this level.
20230510 201459.224 INFO             PET2       driver: loopDataDependentInitialize extro.
20230510 201459.224 INFO             PET2       driver: loopDataDependentInitialize() returned with dataDepAllComplete: T
20230510 201459.224 INFO             PET2     driver: InitializeIPDv02p5Data extro.
20230510 201459.224 INFO             PET2     <<<driver: leaving Initialize (phase=<none>) with current time:    0  1  1  0  0  0   0
20230510 201459.224 INFO             PET2   driver: InitializeIPDv02p5 extro.
20230510 201459.224 INFO             PET2 driver: InitializeGeneric extro.
20230510 201459.224 INFO             PET2 driver: Run intro.
20230510 201459.224 INFO             PET2   >>>driver entered Run (phase=RunPhase1) with current time:    0  1  1  0  0  0   0
20230510 201459.224 INFO             PET2   driver: after lable_SetRunClock, current time:    0  1  1  0  0  0   0
20230510 201459.224 INFO             PET2   driver: begin -------> RunSequence.
20230510 201459.224 INFO             PET2     driver: RunSequence event loopLevel=   1  levelMember=   1  loopIteration=   1, current time:    0  1  1  0  0  0   0
20230510 201459.224 INFO             PET2     MODEL: Run intro.
20230510 201459.224 INFO             PET2       >>>MODEL: entered Run (phase=RunPhase1) with current time:    0  1  1  0  0  0   0
20230510 201459.225 INFO             PET2       MODEL: time step-loop starting, current time:    0  1  1  0  0  0   0
20230510 201459.227 INFO             PET2       thread_num=   2   currentSsiPe=  29   num_threads=   3   max_threads=   3   num_procs=  32
20230510 201459.227 INFO             PET2       thread_num=   0   currentSsiPe=  11   num_threads=   3   max_threads=   3   num_procs=  32
20230510 201459.227 INFO             PET2       thread_num=   1   currentSsiPe=  21   num_threads=   3   max_threads=   3   num_procs=  32
20230510 201459.227 INFO             PET2       ---->Advancing Model from:    0  1  1  0  0  0   0
20230510 201459.227 INFO             PET2       ---------------------> to:    0  1  1  0  0 30   0
20230510 201459.227 INFO             PET2       MODEL: time step-loop ending,   current time:    0  1  1  0  0 30   0
20230510 201459.227 INFO             PET2       <<<MODEL: leaving Run (phase=RunPhase1) with current time:    0  1  1  0  0 30   0
20230510 201459.227 INFO             PET2     MODEL: Run extro.
20230510 201459.227 INFO             PET2     driver: RunSequence event loopLevel=   1  levelMember=   1  loopIteration=   2, current time:    0  1  1  0  0 30   0
20230510 201459.227 INFO             PET2     MODEL: Run intro.
20230510 201459.228 INFO             PET2       >>>MODEL: entered Run (phase=RunPhase1) with current time:    0  1  1  0  0 30   0
20230510 201459.228 INFO             PET2       MODEL: time step-loop starting, current time:    0  1  1  0  0 30   0
20230510 201459.228 INFO             PET2       thread_num=   1   currentSsiPe=  21   num_threads=   3   max_threads=   3   num_procs=  32
20230510 201459.228 INFO             PET2       thread_num=   0   currentSsiPe=  11   num_threads=   3   max_threads=   3   num_procs=  32
20230510 201459.228 INFO             PET2       thread_num=   2   currentSsiPe=  29   num_threads=   3   max_threads=   3   num_procs=  32
20230510 201459.228 INFO             PET2       ---->Advancing Model from:    0  1  1  0  0 30   0
20230510 201459.228 INFO             PET2       ---------------------> to:    0  1  1  0  1  0   0
20230510 201459.228 INFO             PET2       MODEL: time step-loop ending,   current time:    0  1  1  0  1  0   0
20230510 201459.228 INFO             PET2       <<<MODEL: leaving Run (phase=RunPhase1) with current time:    0  1  1  0  1  0   0
20230510 201459.228 INFO             PET2     MODEL: Run extro.
20230510 201459.228 INFO             PET2     driver: RunSequence event loopLevel=   1  levelMember=   1  loopIteration=   3, current time:    0  1  1  0  1  0   0
20230510 201459.228 INFO             PET2     MODEL: Run intro.
20230510 201459.228 INFO             PET2       >>>MODEL: entered Run (phase=RunPhase1) with current time:    0  1  1  0  1  0   0
20230510 201459.228 INFO             PET2       MODEL: time step-loop starting, current time:    0  1  1  0  1  0   0
20230510 201459.228 INFO             PET2       thread_num=   1   currentSsiPe=  21   num_threads=   3   max_threads=   3   num_procs=  32
20230510 201459.228 INFO             PET2       thread_num=   0   currentSsiPe=  11   num_threads=   3   max_threads=   3   num_procs=  32
20230510 201459.228 INFO             PET2       thread_num=   2   currentSsiPe=  29   num_threads=   3   max_threads=   3   num_procs=  32
20230510 201459.228 INFO             PET2       ---->Advancing Model from:    0  1  1  0  1  0   0
20230510 201459.228 INFO             PET2       ---------------------> to:    0  1  1  0  1 30   0
20230510 201459.228 INFO             PET2       MODEL: time step-loop ending,   current time:    0  1  1  0  1 30   0
20230510 201459.228 INFO             PET2       <<<MODEL: leaving Run (phase=RunPhase1) with current time:    0  1  1  0  1 30   0
20230510 201459.229 INFO             PET2     MODEL: Run extro.
20230510 201459.229 INFO             PET2     driver: RunSequence event loopLevel=   1  levelMember=   1  loopIteration=   4, current time:    0  1  1  0  1 30   0
20230510 201459.229 INFO             PET2     MODEL: Run intro.
20230510 201459.229 INFO             PET2       >>>MODEL: entered Run (phase=RunPhase1) with current time:    0  1  1  0  1 30   0
20230510 201459.229 INFO             PET2       MODEL: time step-loop starting, current time:    0  1  1  0  1 30   0
20230510 201459.229 INFO             PET2       thread_num=   2   currentSsiPe=  29   num_threads=   3   max_threads=   3   num_procs=  32
20230510 201459.229 INFO             PET2       thread_num=   0   currentSsiPe=  11   num_threads=   3   max_threads=   3   num_procs=  32
20230510 201459.229 INFO             PET2       thread_num=   1   currentSsiPe=  21   num_threads=   3   max_threads=   3   num_procs=  32
20230510 201459.229 INFO             PET2       ---->Advancing Model from:    0  1  1  0  1 30   0
20230510 201459.229 INFO             PET2       ---------------------> to:    0  1  1  0  2  0   0
20230510 201459.229 INFO             PET2       MODEL: time step-loop ending,   current time:    0  1  1  0  2  0   0
20230510 201459.229 INFO             PET2       <<<MODEL: leaving Run (phase=RunPhase1) with current time:    0  1  1  0  2  0   0
20230510 201459.229 INFO             PET2     MODEL: Run extro.
20230510 201459.229 INFO             PET2     driver: RunSequence event loopLevel=   1  levelMember=   1  loopIteration=   5, current time:    0  1  1  0  2  0   0
20230510 201459.229 INFO             PET2     MODEL: Run intro.
20230510 201459.229 INFO             PET2       >>>MODEL: entered Run (phase=RunPhase1) with current time:    0  1  1  0  2  0   0
20230510 201459.229 INFO             PET2       MODEL: time step-loop starting, current time:    0  1  1  0  2  0   0
20230510 201459.229 INFO             PET2       thread_num=   1   currentSsiPe=  21   num_threads=   3   max_threads=   3   num_procs=  32
20230510 201459.229 INFO             PET2       thread_num=   0   currentSsiPe=  11   num_threads=   3   max_threads=   3   num_procs=  32
20230510 201459.230 INFO             PET2       thread_num=   2   currentSsiPe=  29   num_threads=   3   max_threads=   3   num_procs=  32
20230510 201459.230 INFO             PET2       ---->Advancing Model from:    0  1  1  0  2  0   0
20230510 201459.230 INFO             PET2       ---------------------> to:    0  1  1  0  2 30   0
20230510 201459.230 INFO             PET2       MODEL: time step-loop ending,   current time:    0  1  1  0  2 30   0
20230510 201459.230 INFO             PET2       <<<MODEL: leaving Run (phase=RunPhase1) with current time:    0  1  1  0  2 30   0
20230510 201459.230 INFO             PET2     MODEL: Run extro.
20230510 201459.230 INFO             PET2   driver: end <--------- RunSequence
20230510 201459.230 INFO             PET2   <<<driver - leaving Run with current time:    0  1  1  0  2 30   0
20230510 201459.230 INFO             PET2 driver: Run extro.
20230510 201459.230 INFO             PET2 driver: Finalize intro.
20230510 201459.230 INFO             PET2   Calling Finalize phase 1 for modelComp: MODEL
20230510 201459.230 INFO             PET2   MODEL: Finalize intro.
20230510 201459.230 INFO             PET2     >>>MODEL: entered Finalize (phase=FinalizePhase1) with current time:    0  1  1  0  2 30   0
20230510 201459.230 INFO             PET2     <<<MODEL: leaving Finalize (phase=FinalizePhase1) with current time:    0  1  1  0  2 30   0
20230510 201459.230 INFO             PET2   MODEL: Finalize extro.
20230510 201459.230 INFO             PET2   Delete modelComp: MODEL
20230510 201459.230 INFO             PET2   Delete Import-/Export State for modelComp: MODEL
20230510 201459.230 INFO             PET2 driver: Finalize extro.
20230510 201459.230 INFO             PET2 mainApp FINISHED
20230510 201459.230 INFO             PET2 Finalizing ESMF
20230510 201459.177 INFO             PET3 !!!!!!!!!!!!!!!!!!!!!!!!!!!!!!!!!!!!!!!!!!!!!!!!!!!!!!
20230510 201459.177 INFO             PET3 !!! THE ESMF_LOG IS SET TO OUTPUT ALL LOG MESSAGES !!!
20230510 201459.177 INFO             PET3 !!!     THIS MAY CAUSE SLOWDOWN IN PERFORMANCE     !!!
20230510 201459.177 INFO             PET3 !!! FOR PRODUCTION RUNS, USE:                      !!!
20230510 201459.177 INFO             PET3 !!!                   ESMF_LOGKIND_Multi_On_Error  !!!
20230510 201459.177 INFO             PET3 !!!!!!!!!!!!!!!!!!!!!!!!!!!!!!!!!!!!!!!!!!!!!!!!!!!!!!
20230510 201459.177 INFO             PET3 Running with ESMF Version   : v8.5.0b18-9-g15f3b88d4b
20230510 201459.177 INFO             PET3 ESMF library build date/time: "May 10 2023" "19:32:07"
20230510 201459.177 INFO             PET3 ESMF library build location : /project/esmf/theurich/ESMF-Nightly-Testing/gfortran_8.1.0_mpich3_g_feature_fill_nan/esmf
20230510 201459.177 INFO             PET3 ESMF_COMM                   : mpich
20230510 201459.177 INFO             PET3 ESMF_MOAB                   : enabled
20230510 201459.177 INFO             PET3 ESMF_LAPACK                 : enabled
20230510 201459.177 INFO             PET3 ESMF_NETCDF                 : enabled
20230510 201459.177 INFO             PET3 ESMF_PNETCDF                : disabled
20230510 201459.177 INFO             PET3 ESMF_PIO                    : enabled
20230510 201459.177 INFO             PET3 ESMF_YAMLCPP                : enabled
20230510 201459.178 INFO             PET3 mainApp STARTING
20230510 201459.188 INFO             PET3 driver: InitializeGeneric intro.
20230510 201459.188 INFO             PET3   driver: InitializeP0 intro.
20230510 201459.188 INFO             PET3   driver: InitializeP0 extro.
20230510 201459.188 INFO             PET3   driver: InitializeIPDv02p1 intro.
20230510 201459.188 INFO             PET3     >>>driver: entered Initialize (phase=<none>) without valid internal Clock.
20230510 201459.188 INFO             PET3     driver - Creating model component MODEL without petList.
20230510 201459.193 INFO             PET3      GridCompIsPetLocal:  T
20230510 201459.193 INFO             PET3      VmIsCreated:  T
20230510 201459.193 INFO             PET3      valid MPI_COMM with size=           4
20230510 201459.194 INFO             PET3     driver - Creating state: modelComp 1 Import State
20230510 201459.194 INFO             PET3     driver - Creating state: modelComp 1 Export State
20230510 201459.195 INFO             PET3     MODEL: InitializeP0 intro.
20230510 201459.196 INFO             PET3       >>>MODEL: entered Initialize (phase=<none>) without valid internal Clock.
20230510 201459.198 INFO             PET3       <<<MODEL: leaving Initialize (phase=<none>) without valid internal Clock.
20230510 201459.198 INFO             PET3     MODEL: InitializeP0 extro.
20230510 201459.202 INFO             PET3     driver: IInitAdvertise intro.
20230510 201459.202 INFO             PET3     driver: IInitAdvertise extro.
20230510 201459.202 INFO             PET3     MODEL: InitializeIPDvXp01 intro.
20230510 201459.202 INFO             PET3       >>>MODEL: entered Initialize (phase=IPDvXp01) without valid internal Clock.
20230510 201459.205 INFO             PET3       <<<MODEL: leaving Initialize (phase=IPDvXp01) without valid internal Clock.
20230510 201459.205 INFO             PET3     MODEL: InitializeIPDvXp01 extro.
20230510 201459.207 INFO             PET3     driver: IInitAdvertiseFinish intro.
20230510 201459.207 INFO             PET3     driver: IInitAdvertiseFinish extro.
20230510 201459.207 INFO             PET3     driver: IInitModifyCplLists intro.
20230510 201459.207 INFO             PET3     driver: IInitModifyCplLists extro.
20230510 201459.207 INFO             PET3     <<<driver: leaving Initialize (phase=<none>) with current time:    0  1  1  0  0  0   0
20230510 201459.207 INFO             PET3   driver: InitializeIPDv02p1 extro.
20230510 201459.208 INFO             PET3   driver: InitializeIPDv02p3 intro.
20230510 201459.208 INFO             PET3     >>>driver: entered Initialize (phase=<none>) with current time:    0  1  1  0  0  0   0
20230510 201459.208 INFO             PET3     driver: IInitCheck intro.
20230510 201459.208 INFO             PET3     driver: IInitCheck extro.
20230510 201459.208 INFO             PET3     MODEL: InitializeIPDvXp04 intro.
20230510 201459.208 INFO             PET3       >>>MODEL: entered Initialize (phase=IPDvXp04) without valid internal Clock.
20230510 201459.215 INFO             PET3       After Realize: - MemInfo: [/proc/meminfo - SSI]	MemTotal:       263923924 kB
20230510 201459.215 INFO             PET3       After Realize: - MemInfo: [/proc/meminfo - SSI]	MemFree:        229074352 kB
20230510 201459.215 INFO             PET3       After Realize: - MemInfo: [/proc/meminfo - SSI]	MemAvailable:   259690528 kB
20230510 201459.215 INFO             PET3       After Realize: - MemInfo: [/proc/meminfo - SSI]	Committed_AS:     859508 kB
20230510 201459.215 INFO             PET3       After Realize: - MemInfo: [/proc/meminfo - SSI]	CommittedPercent: 0.325665 %
20230510 201459.215 INFO             PET3       After Realize: - MemInfo: [/proc/self/status]	VmPeak:	  196344 kB
20230510 201459.215 INFO             PET3       After Realize: - MemInfo: [/proc/self/status]	VmSize:	  196344 kB
20230510 201459.215 INFO             PET3       After Realize: - MemInfo: [/proc/self/status]	VmLck:	       0 kB
20230510 201459.215 INFO             PET3       After Realize: - MemInfo: [/proc/self/status]	VmPin:	       0 kB
20230510 201459.215 INFO             PET3       After Realize: - MemInfo: [/proc/self/status]	VmHWM:	   27812 kB
20230510 201459.215 INFO             PET3       After Realize: - MemInfo: [/proc/self/status]	VmRSS:	   27812 kB
20230510 201459.215 INFO             PET3       After Realize: - MemInfo: [/proc/self/status]	VmData:	    8472 kB
20230510 201459.215 INFO             PET3       After Realize: - MemInfo: [/proc/self/status]	VmStk:	     132 kB
20230510 201459.215 INFO             PET3       After Realize: - MemInfo: [/proc/self/status]	VmExe:	     252 kB
20230510 201459.215 INFO             PET3       After Realize: - MemInfo: [/proc/self/status]	VmLib:	   71128 kB
20230510 201459.215 INFO             PET3       After Realize: - MemInfo: [/proc/self/status]	VmPTE:	     364 kB
20230510 201459.215 INFO             PET3       After Realize: - MemInfo: [/proc/self/status]	VmSwap:	       0 kB
20230510 201459.215 INFO             PET3       After Realize: - MemInfo: [/proc/self/status]	VmRSSPercent: 0.0105379 %
20230510 201459.215 INFO             PET3       After Realize: - MemInfo: [malloc] Non-mmapped space allocated:                  819200 Byte
20230510 201459.215 INFO             PET3       After Realize: - MemInfo: [malloc] Space allocated in mmapped regions:          6029312 Byte
20230510 201459.215 INFO             PET3       After Realize: - MemInfo: [malloc] Maximum total allocated space:                     0 Byte
20230510 201459.215 INFO             PET3       After Realize: - MemInfo: [malloc] Space in freed fastbin blocks:                  2496 Byte
20230510 201459.215 INFO             PET3       After Realize: - MemInfo: [malloc] Total allocated space:                        707984 Byte
20230510 201459.215 INFO             PET3       After Realize: - MemInfo: [malloc] Total free space:                             111216 Byte
20230510 201459.215 INFO             PET3       After Realize: - MemInfo: [malloc] Top-most, releasable space:                   108064 Byte
20230510 201459.215 INFO             PET3       After Realize: - MemInfo: [malloc] Total space in use, mmap + non-mmap:         6737296 Byte
20230510 201459.215 INFO             PET3       After Realize: - MemInfo: [malloc] Total space held (mmap + non-mmap):          6848512 Byte
20230510 201459.215 INFO             PET3       After Realize: - MemInfo: [malloc] Total space used (mmap + non-mmap):          6746464 Byte
20230510 201459.215 INFO             PET3       After Realize: - MemInfo: Wall-clock time since execution start:              0.0439415 seconds
20230510 201459.215 INFO             PET3       <<<MODEL: leaving Initialize (phase=IPDvXp04) without valid internal Clock.
20230510 201459.215 INFO             PET3     MODEL: InitializeIPDvXp04 extro.
20230510 201459.217 INFO             PET3     driver: IInitRealize intro.
20230510 201459.217 INFO             PET3     driver: IInitRealize extro.
20230510 201459.217 INFO             PET3     MODEL: InitializeIPDvXp07 intro.
20230510 201459.218 INFO             PET3       >>>MODEL: entered Initialize (phase=IPDvXp07) without valid internal Clock.
20230510 201459.218 INFO             PET3       <<<MODEL: leaving Initialize (phase=IPDvXp07) with current time:    0  1  1  0  0  0   0
20230510 201459.218 INFO             PET3     MODEL: InitializeIPDvXp07 extro.
20230510 201459.218 INFO             PET3     <<<driver: leaving Initialize (phase=<none>) with current time:    0  1  1  0  0  0   0
20230510 201459.218 INFO             PET3   driver: InitializeIPDv02p3 extro.
20230510 201459.218 INFO             PET3   driver: InitializeIPDv02p5 intro.
20230510 201459.218 INFO             PET3     >>>driver: entered Initialize (phase=<none>) with current time:    0  1  1  0  0  0   0
20230510 201459.218 INFO             PET3     driver: this is a top level driver, no 'Updated' and 'InitializeDataComplete' info on this level.
20230510 201459.218 INFO             PET3     driver: InitializeIPDv02p5Data intro.
20230510 201459.218 INFO             PET3       driver: InternalInitializeComplete intro.
20230510 201459.218 INFO             PET3         driver: InitializeDataComplete='true'
20230510 201459.219 INFO             PET3       driver: InternalInitializeComplete extro.
20230510 201459.219 INFO             PET3       MODEL: InitializeIPDvXp08 intro.
20230510 201459.219 INFO             PET3         >>>MODEL: entered Initialize (phase=IPDv05p8) with current time:    0  1  1  0  0  0   0
20230510 201459.219 INFO             PET3         MODEL: InitializeDataProgress='false', InitializeDataComplete='false'
20230510 201459.219 INFO             PET3         <<<MODEL: leaving Initialize (phase=IPDv05p8) with current time:    0  1  1  0  0  0   0
20230510 201459.219 INFO             PET3       MODEL: InitializeIPDvXp08 extro.
20230510 201459.221 INFO             PET3       driver: components present that trigger loopDataDependentInitialize().
20230510 201459.221 INFO             PET3       driver: loopDataDependentInitialize intro.
20230510 201459.221 INFO             PET3         driver: component    0=driver, dataComplete (local): true
20230510 201459.221 INFO             PET3         driver: component    0=driver, dataComplete (global): T
20230510 201459.221 INFO             PET3         driver: component    1=MODEL, dataComplete (local): false
20230510 201459.221 INFO             PET3         driver: component    1=MODEL, dataComplete (global): F
20230510 201459.221 INFO             PET3         MODEL: InitializeIPDvXp08 intro.
20230510 201459.221 INFO             PET3           >>>MODEL: entered Initialize (phase=IPDv05p8) with current time:    0  1  1  0  0  0   0
20230510 201459.222 INFO             PET3           MODEL: InitializeDataProgress='true', InitializeDataComplete='true'
20230510 201459.222 INFO             PET3           <<<MODEL: leaving Initialize (phase=IPDv05p8) with current time:    0  1  1  0  0  0   0
20230510 201459.222 INFO             PET3         MODEL: InitializeIPDvXp08 extro.
20230510 201459.223 INFO             PET3         driver: component    1=MODEL, someProgress (local): true
20230510 201459.223 INFO             PET3         driver: component    1=MODEL, someProgress (global): T
20230510 201459.223 INFO             PET3         driver: someProgress=T, allComplete=F, present(dataDepAllComplete)=T
20230510 201459.223 INFO             PET3         driver: component    0=driver, dataComplete (local): true
20230510 201459.224 INFO             PET3         driver: component    0=driver, dataComplete (global): T
20230510 201459.224 INFO             PET3         driver: component    1=MODEL, dataComplete (local): true
20230510 201459.224 INFO             PET3         driver: component    1=MODEL, dataComplete (global): T
20230510 201459.224 INFO             PET3         driver: someProgress=F, allComplete=T, present(dataDepAllComplete)=T
20230510 201459.224 INFO             PET3         driver: finished resolving initialize data dependencies on this level.
20230510 201459.224 INFO             PET3       driver: loopDataDependentInitialize extro.
20230510 201459.224 INFO             PET3       driver: loopDataDependentInitialize() returned with dataDepAllComplete: T
20230510 201459.224 INFO             PET3     driver: InitializeIPDv02p5Data extro.
20230510 201459.224 INFO             PET3     <<<driver: leaving Initialize (phase=<none>) with current time:    0  1  1  0  0  0   0
20230510 201459.224 INFO             PET3   driver: InitializeIPDv02p5 extro.
20230510 201459.224 INFO             PET3 driver: InitializeGeneric extro.
20230510 201459.224 INFO             PET3 driver: Run intro.
20230510 201459.224 INFO             PET3   >>>driver entered Run (phase=RunPhase1) with current time:    0  1  1  0  0  0   0
20230510 201459.224 INFO             PET3   driver: after lable_SetRunClock, current time:    0  1  1  0  0  0   0
20230510 201459.224 INFO             PET3   driver: begin -------> RunSequence.
20230510 201459.224 INFO             PET3     driver: RunSequence event loopLevel=   1  levelMember=   1  loopIteration=   1, current time:    0  1  1  0  0  0   0
20230510 201459.224 INFO             PET3     MODEL: Run intro.
20230510 201459.224 INFO             PET3       >>>MODEL: entered Run (phase=RunPhase1) with current time:    0  1  1  0  0  0   0
20230510 201459.225 INFO             PET3       MODEL: time step-loop starting, current time:    0  1  1  0  0  0   0
20230510 201459.227 INFO             PET3       thread_num=   0   currentSsiPe=   9   num_threads=   3   max_threads=   3   num_procs=  32
20230510 201459.227 INFO             PET3       thread_num=   1   currentSsiPe=   2   num_threads=   3   max_threads=   3   num_procs=  32
20230510 201459.227 INFO             PET3       thread_num=   2   currentSsiPe=   3   num_threads=   3   max_threads=   3   num_procs=  32
20230510 201459.227 INFO             PET3       ---->Advancing Model from:    0  1  1  0  0  0   0
20230510 201459.227 INFO             PET3       ---------------------> to:    0  1  1  0  0 30   0
20230510 201459.227 INFO             PET3       MODEL: time step-loop ending,   current time:    0  1  1  0  0 30   0
20230510 201459.228 INFO             PET3       <<<MODEL: leaving Run (phase=RunPhase1) with current time:    0  1  1  0  0 30   0
20230510 201459.228 INFO             PET3     MODEL: Run extro.
20230510 201459.228 INFO             PET3     driver: RunSequence event loopLevel=   1  levelMember=   1  loopIteration=   2, current time:    0  1  1  0  0 30   0
20230510 201459.228 INFO             PET3     MODEL: Run intro.
20230510 201459.228 INFO             PET3       >>>MODEL: entered Run (phase=RunPhase1) with current time:    0  1  1  0  0 30   0
20230510 201459.228 INFO             PET3       MODEL: time step-loop starting, current time:    0  1  1  0  0 30   0
20230510 201459.228 INFO             PET3       thread_num=   2   currentSsiPe=   3   num_threads=   3   max_threads=   3   num_procs=  32
20230510 201459.228 INFO             PET3       thread_num=   1   currentSsiPe=   2   num_threads=   3   max_threads=   3   num_procs=  32
20230510 201459.228 INFO             PET3       thread_num=   0   currentSsiPe=   9   num_threads=   3   max_threads=   3   num_procs=  32
20230510 201459.228 INFO             PET3       ---->Advancing Model from:    0  1  1  0  0 30   0
20230510 201459.228 INFO             PET3       ---------------------> to:    0  1  1  0  1  0   0
20230510 201459.228 INFO             PET3       MODEL: time step-loop ending,   current time:    0  1  1  0  1  0   0
20230510 201459.228 INFO             PET3       <<<MODEL: leaving Run (phase=RunPhase1) with current time:    0  1  1  0  1  0   0
20230510 201459.228 INFO             PET3     MODEL: Run extro.
20230510 201459.228 INFO             PET3     driver: RunSequence event loopLevel=   1  levelMember=   1  loopIteration=   3, current time:    0  1  1  0  1  0   0
20230510 201459.228 INFO             PET3     MODEL: Run intro.
20230510 201459.229 INFO             PET3       >>>MODEL: entered Run (phase=RunPhase1) with current time:    0  1  1  0  1  0   0
20230510 201459.229 INFO             PET3       MODEL: time step-loop starting, current time:    0  1  1  0  1  0   0
20230510 201459.229 INFO             PET3       thread_num=   2   currentSsiPe=   3   num_threads=   3   max_threads=   3   num_procs=  32
20230510 201459.229 INFO             PET3       thread_num=   1   currentSsiPe=   2   num_threads=   3   max_threads=   3   num_procs=  32
20230510 201459.229 INFO             PET3       thread_num=   0   currentSsiPe=   9   num_threads=   3   max_threads=   3   num_procs=  32
20230510 201459.229 INFO             PET3       ---->Advancing Model from:    0  1  1  0  1  0   0
20230510 201459.229 INFO             PET3       ---------------------> to:    0  1  1  0  1 30   0
20230510 201459.229 INFO             PET3       MODEL: time step-loop ending,   current time:    0  1  1  0  1 30   0
20230510 201459.229 INFO             PET3       <<<MODEL: leaving Run (phase=RunPhase1) with current time:    0  1  1  0  1 30   0
20230510 201459.229 INFO             PET3     MODEL: Run extro.
20230510 201459.229 INFO             PET3     driver: RunSequence event loopLevel=   1  levelMember=   1  loopIteration=   4, current time:    0  1  1  0  1 30   0
20230510 201459.229 INFO             PET3     MODEL: Run intro.
20230510 201459.229 INFO             PET3       >>>MODEL: entered Run (phase=RunPhase1) with current time:    0  1  1  0  1 30   0
20230510 201459.229 INFO             PET3       MODEL: time step-loop starting, current time:    0  1  1  0  1 30   0
20230510 201459.229 INFO             PET3       thread_num=   1   currentSsiPe=   2   num_threads=   3   max_threads=   3   num_procs=  32
20230510 201459.229 INFO             PET3       thread_num=   0   currentSsiPe=   9   num_threads=   3   max_threads=   3   num_procs=  32
20230510 201459.229 INFO             PET3       thread_num=   2   currentSsiPe=   3   num_threads=   3   max_threads=   3   num_procs=  32
20230510 201459.229 INFO             PET3       ---->Advancing Model from:    0  1  1  0  1 30   0
20230510 201459.229 INFO             PET3       ---------------------> to:    0  1  1  0  2  0   0
20230510 201459.229 INFO             PET3       MODEL: time step-loop ending,   current time:    0  1  1  0  2  0   0
20230510 201459.229 INFO             PET3       <<<MODEL: leaving Run (phase=RunPhase1) with current time:    0  1  1  0  2  0   0
20230510 201459.229 INFO             PET3     MODEL: Run extro.
20230510 201459.229 INFO             PET3     driver: RunSequence event loopLevel=   1  levelMember=   1  loopIteration=   5, current time:    0  1  1  0  2  0   0
20230510 201459.230 INFO             PET3     MODEL: Run intro.
20230510 201459.230 INFO             PET3       >>>MODEL: entered Run (phase=RunPhase1) with current time:    0  1  1  0  2  0   0
20230510 201459.230 INFO             PET3       MODEL: time step-loop starting, current time:    0  1  1  0  2  0   0
20230510 201459.230 INFO             PET3       thread_num=   1   currentSsiPe=   2   num_threads=   3   max_threads=   3   num_procs=  32
20230510 201459.230 INFO             PET3       thread_num=   2   currentSsiPe=   3   num_threads=   3   max_threads=   3   num_procs=  32
20230510 201459.230 INFO             PET3       thread_num=   0   currentSsiPe=   9   num_threads=   3   max_threads=   3   num_procs=  32
20230510 201459.230 INFO             PET3       ---->Advancing Model from:    0  1  1  0  2  0   0
20230510 201459.230 INFO             PET3       ---------------------> to:    0  1  1  0  2 30   0
20230510 201459.230 INFO             PET3       MODEL: time step-loop ending,   current time:    0  1  1  0  2 30   0
20230510 201459.230 INFO             PET3       <<<MODEL: leaving Run (phase=RunPhase1) with current time:    0  1  1  0  2 30   0
20230510 201459.230 INFO             PET3     MODEL: Run extro.
20230510 201459.230 INFO             PET3   driver: end <--------- RunSequence
20230510 201459.230 INFO             PET3   <<<driver - leaving Run with current time:    0  1  1  0  2 30   0
20230510 201459.230 INFO             PET3 driver: Run extro.
20230510 201459.230 INFO             PET3 driver: Finalize intro.
20230510 201459.230 INFO             PET3   Calling Finalize phase 1 for modelComp: MODEL
20230510 201459.230 INFO             PET3   MODEL: Finalize intro.
20230510 201459.230 INFO             PET3     >>>MODEL: entered Finalize (phase=FinalizePhase1) with current time:    0  1  1  0  2 30   0
20230510 201459.230 INFO             PET3     <<<MODEL: leaving Finalize (phase=FinalizePhase1) with current time:    0  1  1  0  2 30   0
20230510 201459.230 INFO             PET3   MODEL: Finalize extro.
20230510 201459.231 INFO             PET3   Delete modelComp: MODEL
20230510 201459.231 INFO             PET3   Delete Import-/Export State for modelComp: MODEL
20230510 201459.231 INFO             PET3 driver: Finalize extro.
20230510 201459.231 INFO             PET3 mainApp FINISHED
20230510 201459.231 INFO             PET3 Finalizing ESMF
