2023-05-11 09:13:15
20230511 100004.931 INFO             PET0 !!!!!!!!!!!!!!!!!!!!!!!!!!!!!!!!!!!!!!!!!!!!!!!!!!!!!!
20230511 100004.931 INFO             PET0 !!! THE ESMF_LOG IS SET TO OUTPUT ALL LOG MESSAGES !!!
20230511 100004.931 INFO             PET0 !!!     THIS MAY CAUSE SLOWDOWN IN PERFORMANCE     !!!
20230511 100004.931 INFO             PET0 !!! FOR PRODUCTION RUNS, USE:                      !!!
20230511 100004.931 INFO             PET0 !!!                   ESMF_LOGKIND_Multi_On_Error  !!!
20230511 100004.931 INFO             PET0 !!!!!!!!!!!!!!!!!!!!!!!!!!!!!!!!!!!!!!!!!!!!!!!!!!!!!!
20230511 100004.931 INFO             PET0 Running with ESMF Version   : v8.5.0b20-7-g842a2b6b0d
20230511 100004.931 INFO             PET0 ESMF library build date/time: "May 11 2023" "09:11:13"
20230511 100004.931 INFO             PET0 ESMF library build location : /glade/gust/scratch/theurich/ESMF-Nightly-Testing/nvhpc_23.1_mpi_g_fix_profile_summary_at_scale/esmf
20230511 100004.931 INFO             PET0 ESMF_COMM                   : mpi
20230511 100004.932 INFO             PET0 ESMF_MOAB                   : enabled
20230511 100004.932 INFO             PET0 ESMF_LAPACK                 : enabled
20230511 100004.932 INFO             PET0 ESMF_NETCDF                 : enabled
20230511 100004.932 INFO             PET0 ESMF_PNETCDF                : disabled
20230511 100004.932 INFO             PET0 ESMF_PIO                    : enabled
20230511 100004.932 INFO             PET0 ESMF_YAMLCPP                : enabled
20230511 100004.933 INFO             PET0 mainApp STARTING
20230511 100004.938 INFO             PET0 advection diffusion driver: InitializeGeneric intro.
20230511 100004.938 INFO             PET0   advection diffusion driver: InitializeP0 intro.
20230511 100004.938 INFO             PET0   advection diffusion driver: InitializeP0 extro.
20230511 100004.938 INFO             PET0   advection diffusion driver: InitializeIPDv02p1 intro.
20230511 100004.938 INFO             PET0     >>>advection diffusion driver: entered Initialize (phase=<none>) without valid internal Clock.
20230511 100004.938 INFO             PET0     advection diffusion driver - Creating model component advectDiff_Parent without petList.
20230511 100004.941 INFO             PET0     advection diffusion driver - Creating model component advectDiff_Nestling0 with petList of size 2 :
20230511 100004.941 INFO             PET0           0      1
20230511 100004.943 INFO             PET0     advection diffusion driver - Creating connector component advectDiff_Parent-TO-advectDiff_Nestling0 without petList.
20230511 100004.948 INFO             PET0     advection diffusion driver - Creating state: modelComp 1 Import State
20230511 100004.948 INFO             PET0     advection diffusion driver - Creating state: modelComp 1 Export State
20230511 100004.948 INFO             PET0     advection diffusion driver - Creating state: modelComp 2 Import State
20230511 100004.948 INFO             PET0     advection diffusion driver - Creating state: modelComp 2 Export State
20230511 100004.949 INFO             PET0     advectDiff_Parent: InitializeP0 intro.
20230511 100004.950 INFO             PET0     advectDiff_Parent: InitializeP0 extro.
20230511 100004.950 INFO             PET0     advectDiff_Nestling0: InitializeP0 intro.
20230511 100004.951 INFO             PET0     advectDiff_Nestling0: InitializeP0 extro.
20230511 100004.953 INFO             PET0     advectDiff_Parent-TO-advectDiff_Nestling0: InitializeP0 intro.
20230511 100004.954 INFO             PET0     advectDiff_Parent-TO-advectDiff_Nestling0: InitializeP0 extro.
20230511 100004.955 INFO             PET0     advection diffusion driver: IInitAdvertise intro.
20230511 100004.955 INFO             PET0     advection diffusion driver: IInitAdvertise extro.
20230511 100004.955 INFO             PET0     advectDiff_Parent: InitializeIPDvXp01 intro.
20230511 100004.956 INFO             PET0     advectDiff_Parent: InitializeIPDvXp01 extro.
20230511 100004.956 INFO             PET0     advectDiff_Nestling0: InitializeIPDvXp01 intro.
20230511 100004.957 INFO             PET0     advectDiff_Nestling0: InitializeIPDvXp01 extro.
20230511 100004.959 INFO             PET0     advectDiff_Parent-TO-advectDiff_Nestling0: InitializeIPDv05p1 intro.
20230511 100004.963 INFO             PET0     advectDiff_Parent-TO-advectDiff_Nestling0: InitializeIPDv05p1 extro.
20230511 100004.963 INFO             PET0     advection diffusion driver: IInitAdvertiseFinish intro.
20230511 100004.963 INFO             PET0     advection diffusion driver: IInitAdvertiseFinish extro.
20230511 100004.963 INFO             PET0     advectDiff_Parent-TO-advectDiff_Nestling0: InitializeIPDv05p2a intro.
20230511 100004.967 INFO             PET0     advectDiff_Parent-TO-advectDiff_Nestling0: InitializeIPDv05p2a extro.
20230511 100004.967 INFO             PET0     advectDiff_Parent-TO-advectDiff_Nestling0: InitializeIPDv05p2b intro.
20230511 100004.970 INFO             PET0     advectDiff_Parent-TO-advectDiff_Nestling0: InitializeIPDv05p2b extro.
20230511 100004.970 INFO             PET0     advection diffusion driver: IInitModifyCplLists intro.
20230511 100004.970 INFO             PET0     advection diffusion driver: IInitModifyCplLists extro.
20230511 100004.970 INFO             PET0     advectDiff_Parent-TO-advectDiff_Nestling0: InitializeIPDv05p3 intro.
20230511 100004.974 INFO             PET0     advectDiff_Parent-TO-advectDiff_Nestling0: InitializeIPDv05p3 extro.
20230511 100004.974 INFO             PET0     <<<advection diffusion driver: leaving Initialize (phase=<none>) with current time:    0  1  1  0  0  0   0
20230511 100004.974 INFO             PET0   advection diffusion driver: InitializeIPDv02p1 extro.
20230511 100004.974 INFO             PET0   advection diffusion driver: InitializeIPDv02p3 intro.
20230511 100004.974 INFO             PET0     >>>advection diffusion driver: entered Initialize (phase=<none>) with current time:    0  1  1  0  0  0   0
20230511 100004.974 INFO             PET0     advection diffusion driver: IInitCheck intro.
20230511 100004.974 INFO             PET0     advection diffusion driver: IInitCheck extro.
20230511 100004.974 INFO             PET0     advectDiff_Parent: InitializeIPDvXp04 intro.
20230511 100004.980 INFO             PET0     advectDiff_Parent: InitializeIPDvXp04 extro.
20230511 100004.980 INFO             PET0     advectDiff_Nestling0: InitializeIPDvXp04 intro.
20230511 100004.986 INFO             PET0     advectDiff_Nestling0: InitializeIPDvXp04 extro.
20230511 100004.987 INFO             PET0     advectDiff_Parent-TO-advectDiff_Nestling0: InitializeIPDv05p4 intro.
20230511 100004.992 INFO             PET0     advectDiff_Parent-TO-advectDiff_Nestling0: InitializeIPDv05p4 extro.
20230511 100004.932 INFO             PET1 !!!!!!!!!!!!!!!!!!!!!!!!!!!!!!!!!!!!!!!!!!!!!!!!!!!!!!
20230511 100004.932 INFO             PET1 !!! THE ESMF_LOG IS SET TO OUTPUT ALL LOG MESSAGES !!!
20230511 100004.932 INFO             PET1 !!!     THIS MAY CAUSE SLOWDOWN IN PERFORMANCE     !!!
20230511 100004.932 INFO             PET1 !!! FOR PRODUCTION RUNS, USE:                      !!!
20230511 100004.932 INFO             PET1 !!!                   ESMF_LOGKIND_Multi_On_Error  !!!
20230511 100004.932 INFO             PET1 !!!!!!!!!!!!!!!!!!!!!!!!!!!!!!!!!!!!!!!!!!!!!!!!!!!!!!
20230511 100004.932 INFO             PET1 Running with ESMF Version   : v8.5.0b20-7-g842a2b6b0d
20230511 100004.932 INFO             PET1 ESMF library build date/time: "May 11 2023" "09:11:13"
20230511 100004.932 INFO             PET1 ESMF library build location : /glade/gust/scratch/theurich/ESMF-Nightly-Testing/nvhpc_23.1_mpi_g_fix_profile_summary_at_scale/esmf
20230511 100004.932 INFO             PET1 ESMF_COMM                   : mpi
20230511 100004.933 INFO             PET1 ESMF_MOAB                   : enabled
20230511 100004.933 INFO             PET1 ESMF_LAPACK                 : enabled
20230511 100004.933 INFO             PET1 ESMF_NETCDF                 : enabled
20230511 100004.933 INFO             PET1 ESMF_PNETCDF                : disabled
20230511 100004.933 INFO             PET1 ESMF_PIO                    : enabled
20230511 100004.933 INFO             PET1 ESMF_YAMLCPP                : enabled
20230511 100004.933 INFO             PET1 mainApp STARTING
20230511 100004.938 INFO             PET1 advection diffusion driver: InitializeGeneric intro.
20230511 100004.938 INFO             PET1   advection diffusion driver: InitializeP0 intro.
20230511 100004.938 INFO             PET1   advection diffusion driver: InitializeP0 extro.
20230511 100004.938 INFO             PET1   advection diffusion driver: InitializeIPDv02p1 intro.
20230511 100004.938 INFO             PET1     >>>advection diffusion driver: entered Initialize (phase=<none>) without valid internal Clock.
20230511 100004.938 INFO             PET1     advection diffusion driver - Creating model component advectDiff_Parent without petList.
20230511 100004.941 INFO             PET1     advection diffusion driver - Creating model component advectDiff_Nestling0 with petList of size 2 :
20230511 100004.941 INFO             PET1           0      1
20230511 100004.943 INFO             PET1     advection diffusion driver - Creating connector component advectDiff_Parent-TO-advectDiff_Nestling0 without petList.
20230511 100004.948 INFO             PET1     advection diffusion driver - Creating state: modelComp 1 Import State
20230511 100004.948 INFO             PET1     advection diffusion driver - Creating state: modelComp 1 Export State
20230511 100004.948 INFO             PET1     advection diffusion driver - Creating state: modelComp 2 Import State
20230511 100004.948 INFO             PET1     advection diffusion driver - Creating state: modelComp 2 Export State
20230511 100004.949 INFO             PET1     advectDiff_Parent: InitializeP0 intro.
20230511 100004.950 INFO             PET1     advectDiff_Parent: InitializeP0 extro.
20230511 100004.950 INFO             PET1     advectDiff_Nestling0: InitializeP0 intro.
20230511 100004.951 INFO             PET1     advectDiff_Nestling0: InitializeP0 extro.
20230511 100004.953 INFO             PET1     advectDiff_Parent-TO-advectDiff_Nestling0: InitializeP0 intro.
20230511 100004.954 INFO             PET1     advectDiff_Parent-TO-advectDiff_Nestling0: InitializeP0 extro.
20230511 100004.955 INFO             PET1     advection diffusion driver: IInitAdvertise intro.
20230511 100004.955 INFO             PET1     advection diffusion driver: IInitAdvertise extro.
20230511 100004.955 INFO             PET1     advectDiff_Parent: InitializeIPDvXp01 intro.
20230511 100004.956 INFO             PET1     advectDiff_Parent: InitializeIPDvXp01 extro.
20230511 100004.956 INFO             PET1     advectDiff_Nestling0: InitializeIPDvXp01 intro.
20230511 100004.957 INFO             PET1     advectDiff_Nestling0: InitializeIPDvXp01 extro.
20230511 100004.959 INFO             PET1     advectDiff_Parent-TO-advectDiff_Nestling0: InitializeIPDv05p1 intro.
20230511 100004.963 INFO             PET1     advectDiff_Parent-TO-advectDiff_Nestling0: InitializeIPDv05p1 extro.
20230511 100004.963 INFO             PET1     advection diffusion driver: IInitAdvertiseFinish intro.
20230511 100004.963 INFO             PET1     advection diffusion driver: IInitAdvertiseFinish extro.
20230511 100004.963 INFO             PET1     advectDiff_Parent-TO-advectDiff_Nestling0: InitializeIPDv05p2a intro.
20230511 100004.967 INFO             PET1     advectDiff_Parent-TO-advectDiff_Nestling0: InitializeIPDv05p2a extro.
20230511 100004.967 INFO             PET1     advectDiff_Parent-TO-advectDiff_Nestling0: InitializeIPDv05p2b intro.
20230511 100004.970 INFO             PET1     advectDiff_Parent-TO-advectDiff_Nestling0: InitializeIPDv05p2b extro.
20230511 100004.970 INFO             PET1     advection diffusion driver: IInitModifyCplLists intro.
20230511 100004.970 INFO             PET1     advection diffusion driver: IInitModifyCplLists extro.
20230511 100004.970 INFO             PET1     advectDiff_Parent-TO-advectDiff_Nestling0: InitializeIPDv05p3 intro.
20230511 100004.974 INFO             PET1     advectDiff_Parent-TO-advectDiff_Nestling0: InitializeIPDv05p3 extro.
20230511 100004.974 INFO             PET1     <<<advection diffusion driver: leaving Initialize (phase=<none>) with current time:    0  1  1  0  0  0   0
20230511 100004.974 INFO             PET1   advection diffusion driver: InitializeIPDv02p1 extro.
20230511 100004.974 INFO             PET1   advection diffusion driver: InitializeIPDv02p3 intro.
20230511 100004.974 INFO             PET1     >>>advection diffusion driver: entered Initialize (phase=<none>) with current time:    0  1  1  0  0  0   0
20230511 100004.974 INFO             PET1     advection diffusion driver: IInitCheck intro.
20230511 100004.974 INFO             PET1     advection diffusion driver: IInitCheck extro.
20230511 100004.974 INFO             PET1     advectDiff_Parent: InitializeIPDvXp04 intro.
20230511 100004.980 INFO             PET1     advectDiff_Parent: InitializeIPDvXp04 extro.
20230511 100004.980 INFO             PET1     advectDiff_Nestling0: InitializeIPDvXp04 intro.
20230511 100004.986 INFO             PET1     advectDiff_Nestling0: InitializeIPDvXp04 extro.
20230511 100004.987 INFO             PET1     advectDiff_Parent-TO-advectDiff_Nestling0: InitializeIPDv05p4 intro.
20230511 100004.992 INFO             PET1     advectDiff_Parent-TO-advectDiff_Nestling0: InitializeIPDv05p4 extro.
20230511 100004.931 INFO             PET2 !!!!!!!!!!!!!!!!!!!!!!!!!!!!!!!!!!!!!!!!!!!!!!!!!!!!!!
20230511 100004.931 INFO             PET2 !!! THE ESMF_LOG IS SET TO OUTPUT ALL LOG MESSAGES !!!
20230511 100004.931 INFO             PET2 !!!     THIS MAY CAUSE SLOWDOWN IN PERFORMANCE     !!!
20230511 100004.931 INFO             PET2 !!! FOR PRODUCTION RUNS, USE:                      !!!
20230511 100004.931 INFO             PET2 !!!                   ESMF_LOGKIND_Multi_On_Error  !!!
20230511 100004.931 INFO             PET2 !!!!!!!!!!!!!!!!!!!!!!!!!!!!!!!!!!!!!!!!!!!!!!!!!!!!!!
20230511 100004.931 INFO             PET2 Running with ESMF Version   : v8.5.0b20-7-g842a2b6b0d
20230511 100004.931 INFO             PET2 ESMF library build date/time: "May 11 2023" "09:11:13"
20230511 100004.931 INFO             PET2 ESMF library build location : /glade/gust/scratch/theurich/ESMF-Nightly-Testing/nvhpc_23.1_mpi_g_fix_profile_summary_at_scale/esmf
20230511 100004.931 INFO             PET2 ESMF_COMM                   : mpi
20230511 100004.932 INFO             PET2 ESMF_MOAB                   : enabled
20230511 100004.932 INFO             PET2 ESMF_LAPACK                 : enabled
20230511 100004.932 INFO             PET2 ESMF_NETCDF                 : enabled
20230511 100004.932 INFO             PET2 ESMF_PNETCDF                : disabled
20230511 100004.932 INFO             PET2 ESMF_PIO                    : enabled
20230511 100004.932 INFO             PET2 ESMF_YAMLCPP                : enabled
20230511 100004.933 INFO             PET2 mainApp STARTING
20230511 100004.938 INFO             PET2 advection diffusion driver: InitializeGeneric intro.
20230511 100004.938 INFO             PET2   advection diffusion driver: InitializeP0 intro.
20230511 100004.938 INFO             PET2   advection diffusion driver: InitializeP0 extro.
20230511 100004.938 INFO             PET2   advection diffusion driver: InitializeIPDv02p1 intro.
20230511 100004.938 INFO             PET2     >>>advection diffusion driver: entered Initialize (phase=<none>) without valid internal Clock.
20230511 100004.938 INFO             PET2     advection diffusion driver - Creating model component advectDiff_Parent without petList.
20230511 100004.941 INFO             PET2     advection diffusion driver - Creating model component advectDiff_Nestling0 with petList of size 2 :
20230511 100004.941 INFO             PET2           0      1
20230511 100004.941 INFO             PET2     advection diffusion driver - Creating connector component advectDiff_Parent-TO-advectDiff_Nestling0 without petList.
20230511 100004.948 INFO             PET2     advection diffusion driver - Creating state: modelComp 1 Import State
20230511 100004.948 INFO             PET2     advection diffusion driver - Creating state: modelComp 1 Export State
20230511 100004.948 INFO             PET2     advection diffusion driver - Creating state: modelComp 2 Import State
20230511 100004.948 INFO             PET2     advection diffusion driver - Creating state: modelComp 2 Export State
20230511 100004.949 INFO             PET2     advectDiff_Parent: InitializeP0 intro.
20230511 100004.950 INFO             PET2     advectDiff_Parent: InitializeP0 extro.
20230511 100004.954 INFO             PET2     advectDiff_Parent-TO-advectDiff_Nestling0: InitializeP0 intro.
20230511 100004.954 INFO             PET2     advectDiff_Parent-TO-advectDiff_Nestling0: InitializeP0 extro.
20230511 100004.955 INFO             PET2     advection diffusion driver: IInitAdvertise intro.
20230511 100004.955 INFO             PET2     advection diffusion driver: IInitAdvertise extro.
20230511 100004.955 INFO             PET2     advectDiff_Parent: InitializeIPDvXp01 intro.
20230511 100004.956 INFO             PET2     advectDiff_Parent: InitializeIPDvXp01 extro.
20230511 100004.959 INFO             PET2     advectDiff_Parent-TO-advectDiff_Nestling0: InitializeIPDv05p1 intro.
20230511 100004.963 INFO             PET2     advectDiff_Parent-TO-advectDiff_Nestling0: InitializeIPDv05p1 extro.
20230511 100004.963 INFO             PET2     advection diffusion driver: IInitAdvertiseFinish intro.
20230511 100004.963 INFO             PET2     advection diffusion driver: IInitAdvertiseFinish extro.
20230511 100004.963 INFO             PET2     advectDiff_Parent-TO-advectDiff_Nestling0: InitializeIPDv05p2a intro.
20230511 100004.967 INFO             PET2     advectDiff_Parent-TO-advectDiff_Nestling0: InitializeIPDv05p2a extro.
20230511 100004.967 INFO             PET2     advectDiff_Parent-TO-advectDiff_Nestling0: InitializeIPDv05p2b intro.
20230511 100004.970 INFO             PET2     advectDiff_Parent-TO-advectDiff_Nestling0: InitializeIPDv05p2b extro.
20230511 100004.970 INFO             PET2     advection diffusion driver: IInitModifyCplLists intro.
20230511 100004.970 INFO             PET2     advection diffusion driver: IInitModifyCplLists extro.
20230511 100004.970 INFO             PET2     advectDiff_Parent-TO-advectDiff_Nestling0: InitializeIPDv05p3 intro.
20230511 100004.974 INFO             PET2     advectDiff_Parent-TO-advectDiff_Nestling0: InitializeIPDv05p3 extro.
20230511 100004.974 INFO             PET2     <<<advection diffusion driver: leaving Initialize (phase=<none>) with current time:    0  1  1  0  0  0   0
20230511 100004.974 INFO             PET2   advection diffusion driver: InitializeIPDv02p1 extro.
20230511 100004.974 INFO             PET2   advection diffusion driver: InitializeIPDv02p3 intro.
20230511 100004.974 INFO             PET2     >>>advection diffusion driver: entered Initialize (phase=<none>) with current time:    0  1  1  0  0  0   0
20230511 100004.974 INFO             PET2     advection diffusion driver: IInitCheck intro.
20230511 100004.974 INFO             PET2     advection diffusion driver: IInitCheck extro.
20230511 100004.974 INFO             PET2     advectDiff_Parent: InitializeIPDvXp04 intro.
20230511 100004.980 INFO             PET2     advectDiff_Parent: InitializeIPDvXp04 extro.
20230511 100004.987 INFO             PET2     advectDiff_Parent-TO-advectDiff_Nestling0: InitializeIPDv05p4 intro.
20230511 100004.992 INFO             PET2     advectDiff_Parent-TO-advectDiff_Nestling0: InitializeIPDv05p4 extro.
20230511 100004.992 INFO             PET2     advectDiff_Parent-TO-advectDiff_Nestling0: InitializeIPDv05p5 intro.
20230511 100004.997 INFO             PET2     advectDiff_Parent-TO-advectDiff_Nestling0: InitializeIPDv05p5 extro.
20230511 100004.997 INFO             PET2     advection diffusion driver: IInitRealize intro.
20230511 100004.997 INFO             PET2     advection diffusion driver: IInitRealize extro.
20230511 100004.997 INFO             PET2     advectDiff_Parent-TO-advectDiff_Nestling0: InitializeIPDv05p6a intro.
20230511 100005.001 INFO             PET2     advectDiff_Parent-TO-advectDiff_Nestling0: InitializeIPDv05p6a extro.
20230511 100004.931 INFO             PET3 !!!!!!!!!!!!!!!!!!!!!!!!!!!!!!!!!!!!!!!!!!!!!!!!!!!!!!
20230511 100004.932 INFO             PET3 !!! THE ESMF_LOG IS SET TO OUTPUT ALL LOG MESSAGES !!!
20230511 100004.932 INFO             PET3 !!!     THIS MAY CAUSE SLOWDOWN IN PERFORMANCE     !!!
20230511 100004.932 INFO             PET3 !!! FOR PRODUCTION RUNS, USE:                      !!!
20230511 100004.932 INFO             PET3 !!!                   ESMF_LOGKIND_Multi_On_Error  !!!
20230511 100004.932 INFO             PET3 !!!!!!!!!!!!!!!!!!!!!!!!!!!!!!!!!!!!!!!!!!!!!!!!!!!!!!
20230511 100004.932 INFO             PET3 Running with ESMF Version   : v8.5.0b20-7-g842a2b6b0d
20230511 100004.932 INFO             PET3 ESMF library build date/time: "May 11 2023" "09:11:13"
20230511 100004.932 INFO             PET3 ESMF library build location : /glade/gust/scratch/theurich/ESMF-Nightly-Testing/nvhpc_23.1_mpi_g_fix_profile_summary_at_scale/esmf
20230511 100004.932 INFO             PET3 ESMF_COMM                   : mpi
20230511 100004.932 INFO             PET3 ESMF_MOAB                   : enabled
20230511 100004.932 INFO             PET3 ESMF_LAPACK                 : enabled
20230511 100004.932 INFO             PET3 ESMF_NETCDF                 : enabled
20230511 100004.932 INFO             PET3 ESMF_PNETCDF                : disabled
20230511 100004.932 INFO             PET3 ESMF_PIO                    : enabled
20230511 100004.932 INFO             PET3 ESMF_YAMLCPP                : enabled
20230511 100004.933 INFO             PET3 mainApp STARTING
20230511 100004.938 INFO             PET3 advection diffusion driver: InitializeGeneric intro.
20230511 100004.938 INFO             PET3   advection diffusion driver: InitializeP0 intro.
20230511 100004.938 INFO             PET3   advection diffusion driver: InitializeP0 extro.
20230511 100004.938 INFO             PET3   advection diffusion driver: InitializeIPDv02p1 intro.
20230511 100004.938 INFO             PET3     >>>advection diffusion driver: entered Initialize (phase=<none>) without valid internal Clock.
20230511 100004.938 INFO             PET3     advection diffusion driver - Creating model component advectDiff_Parent without petList.
20230511 100004.941 INFO             PET3     advection diffusion driver - Creating model component advectDiff_Nestling0 with petList of size 2 :
20230511 100004.941 INFO             PET3           0      1
20230511 100004.941 INFO             PET3     advection diffusion driver - Creating connector component advectDiff_Parent-TO-advectDiff_Nestling0 without petList.
20230511 100004.948 INFO             PET3     advection diffusion driver - Creating state: modelComp 1 Import State
20230511 100004.948 INFO             PET3     advection diffusion driver - Creating state: modelComp 1 Export State
20230511 100004.948 INFO             PET3     advection diffusion driver - Creating state: modelComp 2 Import State
20230511 100004.948 INFO             PET3     advection diffusion driver - Creating state: modelComp 2 Export State
20230511 100004.949 INFO             PET3     advectDiff_Parent: InitializeP0 intro.
20230511 100004.950 INFO             PET3     advectDiff_Parent: InitializeP0 extro.
20230511 100004.954 INFO             PET3     advectDiff_Parent-TO-advectDiff_Nestling0: InitializeP0 intro.
20230511 100004.954 INFO             PET3     advectDiff_Parent-TO-advectDiff_Nestling0: InitializeP0 extro.
20230511 100004.955 INFO             PET3     advection diffusion driver: IInitAdvertise intro.
20230511 100004.955 INFO             PET3     advection diffusion driver: IInitAdvertise extro.
20230511 100004.955 INFO             PET3     advectDiff_Parent: InitializeIPDvXp01 intro.
20230511 100004.956 INFO             PET3     advectDiff_Parent: InitializeIPDvXp01 extro.
20230511 100004.959 INFO             PET3     advectDiff_Parent-TO-advectDiff_Nestling0: InitializeIPDv05p1 intro.
20230511 100004.963 INFO             PET3     advectDiff_Parent-TO-advectDiff_Nestling0: InitializeIPDv05p1 extro.
20230511 100004.963 INFO             PET3     advection diffusion driver: IInitAdvertiseFinish intro.
20230511 100004.963 INFO             PET3     advection diffusion driver: IInitAdvertiseFinish extro.
20230511 100004.963 INFO             PET3     advectDiff_Parent-TO-advectDiff_Nestling0: InitializeIPDv05p2a intro.
20230511 100004.967 INFO             PET3     advectDiff_Parent-TO-advectDiff_Nestling0: InitializeIPDv05p2a extro.
20230511 100004.967 INFO             PET3     advectDiff_Parent-TO-advectDiff_Nestling0: InitializeIPDv05p2b intro.
20230511 100004.970 INFO             PET3     advectDiff_Parent-TO-advectDiff_Nestling0: InitializeIPDv05p2b extro.
20230511 100004.970 INFO             PET3     advection diffusion driver: IInitModifyCplLists intro.
20230511 100004.970 INFO             PET3     advection diffusion driver: IInitModifyCplLists extro.
20230511 100004.970 INFO             PET3     advectDiff_Parent-TO-advectDiff_Nestling0: InitializeIPDv05p3 intro.
20230511 100004.974 INFO             PET3     advectDiff_Parent-TO-advectDiff_Nestling0: InitializeIPDv05p3 extro.
20230511 100004.974 INFO             PET3     <<<advection diffusion driver: leaving Initialize (phase=<none>) with current time:    0  1  1  0  0  0   0
20230511 100004.974 INFO             PET3   advection diffusion driver: InitializeIPDv02p1 extro.
20230511 100004.974 INFO             PET3   advection diffusion driver: InitializeIPDv02p3 intro.
20230511 100004.974 INFO             PET3     >>>advection diffusion driver: entered Initialize (phase=<none>) with current time:    0  1  1  0  0  0   0
20230511 100004.974 INFO             PET3     advection diffusion driver: IInitCheck intro.
20230511 100004.974 INFO             PET3     advection diffusion driver: IInitCheck extro.
20230511 100004.974 INFO             PET3     advectDiff_Parent: InitializeIPDvXp04 intro.
20230511 100004.980 INFO             PET3     advectDiff_Parent: InitializeIPDvXp04 extro.
20230511 100004.987 INFO             PET3     advectDiff_Parent-TO-advectDiff_Nestling0: InitializeIPDv05p4 intro.
20230511 100004.992 INFO             PET3     advectDiff_Parent-TO-advectDiff_Nestling0: InitializeIPDv05p4 extro.
20230511 100004.992 INFO             PET3     advectDiff_Parent-TO-advectDiff_Nestling0: InitializeIPDv05p5 intro.
20230511 100004.997 INFO             PET3     advectDiff_Parent-TO-advectDiff_Nestling0: InitializeIPDv05p5 extro.
20230511 100004.997 INFO             PET3     advection diffusion driver: IInitRealize intro.
20230511 100004.997 INFO             PET3     advection diffusion driver: IInitRealize extro.
20230511 100004.997 INFO             PET3     advectDiff_Parent-TO-advectDiff_Nestling0: InitializeIPDv05p6a intro.
20230511 100005.001 INFO             PET3     advectDiff_Parent-TO-advectDiff_Nestling0: InitializeIPDv05p6a extro.
