2023-06-12 07:31:44
[1686556548.682077] [h15c39:75143:0]         mxm.c:196  MXM  WARN  The 'ulimit -s' on the system is set to 'unlimited'. This may have negative performance implications. Please set the stack size to the default value (10240) 
[1686556548.687033] [h15c39:75143:0]         mxm.c:196  MXM  WARN  The 'ulimit -s' on the system is set to 'unlimited'. This may have negative performance implications. Please set the stack size to the default value (10240) 
[1686556548.678191] [h15c39:75144:0]         mxm.c:196  MXM  WARN  The 'ulimit -s' on the system is set to 'unlimited'. This may have negative performance implications. Please set the stack size to the default value (10240) 
[1686556548.683185] [h15c39:75144:0]         mxm.c:196  MXM  WARN  The 'ulimit -s' on the system is set to 'unlimited'. This may have negative performance implications. Please set the stack size to the default value (10240) 
[1686556548.682086] [h15c39:75145:0]         mxm.c:196  MXM  WARN  The 'ulimit -s' on the system is set to 'unlimited'. This may have negative performance implications. Please set the stack size to the default value (10240) 
[1686556548.686968] [h15c39:75145:0]         mxm.c:196  MXM  WARN  The 'ulimit -s' on the system is set to 'unlimited'. This may have negative performance implications. Please set the stack size to the default value (10240) 
[1686556548.678223] [h15c39:75142:0]         mxm.c:196  MXM  WARN  The 'ulimit -s' on the system is set to 'unlimited'. This may have negative performance implications. Please set the stack size to the default value (10240) 
[1686556548.683242] [h15c39:75142:0]         mxm.c:196  MXM  WARN  The 'ulimit -s' on the system is set to 'unlimited'. This may have negative performance implications. Please set the stack size to the default value (10240) 
 State Reconcile Example 1: Component Creation
 State Reconcile Example 1: Component Creation
 State Reconcile Example 1: Component Creation
 State Reconcile Example 1: Component Creation
 GridComp Create returned, name = Atmosphere
 GridComp Create returned, name = Atmosphere
 GridComp Create returned, name = Atmosphere
 GridComp Create returned, name = Atmosphere
 GridComp Create returned, name = Ocean
 GridComp Create returned, name = Ocean
 GridComp Create returned, name = Ocean
 GridComp Create returned, name = Ocean
 State Create returned, name = Ocn2Atm
 State Example 1 finished
 State Create returned, name = Ocn2Atm
 State Example 1 finished
 State Create returned, name = Ocn2Atm
 State Example 1 finished
 State Create returned, name = Ocn2Atm
 State Example 1 finished
 ready to set entry point 1
 ready to set entry point 1
 ready to set entry point 2
 ready to call init for comp 1
 ready to set entry point 2
 ready to call init for comp 1
 ready to set entry point 1
 ready to set entry point 2
 ready to call init for comp 1
 ready to set entry point 1
 ready to set entry point 2
 ready to call init for comp 1
 ready to call init for comp 2
 i am comp1_init
 i am comp2_init
 i am comp1_init
 ready to call init for comp 2
 i am comp2_init
 ready to call init for comp 2
 State Example 2 finished
 State before calling StateReconcile()
 State Example 2 finished
 State before calling StateReconcile()
 State Example 2 finished
 State before calling StateReconcile()
 ready to call init for comp 2
 State Example 2 finished
 State before calling StateReconcile()
 ESMF_StatePrint: (pet 3):
 ESMF_StatePrint: (pet 2):
  State name: Ocn2Atm
 ESMF_StatePrint: (pet 0):
  State name: Ocn2Atm
 ESMF_StatePrint: (pet 1):
  State name: Ocn2Atm
  State name: Ocn2Atm
     status: Unspecified intent direction, object count: 0
     status: Unspecified intent direction, object count: 0
     status: Unspecified intent direction, object count: 0
     reconcile needed: F
     reconcile needed: F
     status: Unspecified intent direction, object count: 0
     reconcile needed: F
     reconcile needed: F
 Base name    = Ocn2Atm
 Base name    = Ocn2Atm
 Status: Base = Ready,  object = Ready
 Base name    = Ocn2Atm
 Status: Base = Ready,  object = Ready
 Proxy        = no
 Root Info (Attributes):
 Base name    = Ocn2Atm
 Status: Base = Ready,  object = Ready
 Proxy        = no
 Root Info (Attributes):
 Proxy        = no
 Root Info (Attributes):
 Status: Base = Ready,  object = Ready
 Proxy        = no
 Root Info (Attributes):
{} State after calling StateReconcile()
{} State after calling StateReconcile()
 ESMF_StatePrint: (pet 2):
  State name: Ocn2Atm
 ESMF_StatePrint: (pet 0):
  State name: Ocn2Atm
     status: Unspecified intent direction, object count: 0
     reconcile needed: F
     status: Unspecified intent direction, object count: 0
     reconcile needed: F
 Base name    = Ocn2Atm
 Status: Base = Ready,  object = Ready
 Proxy        = no
 Root Info (Attributes):
{} State after calling StateReconcile()
 ESMF_StatePrint: (pet 3):
  State name: Ocn2Atm
     status: Unspecified intent direction, object count: 0
     reconcile needed: F
 Base name    = Ocn2Atm
 Status: Base = Ready,  object = Ready
 Proxy        = no
 Root Info (Attributes):
{} State Example 3 finished
{} State after calling StateReconcile()
 ESMF_StatePrint: (pet 1):
  State name: Ocn2Atm
     status: Unspecified intent direction, object count: 0
{} State Example 3 finished
 Base name    = Ocn2Atm
 Status: Base = Ready,  object = Ready
 Proxy        = no
 Root Info (Attributes):
{} State Example 3 finished
     reconcile needed: F
 Base name    = Ocn2Atm
 Status: Base = Ready,  object = Ready
 Proxy        = no
 Root Info (Attributes):
{} State Example 3 finished
  PASS  Example ESMF_StateReconcileEx, ESMF_StateReconcileEx.F90, line 294
  PASS  Example ESMF_StateReconcileEx, ESMF_StateReconcileEx.F90, line 294
  PASS  Example ESMF_StateReconcileEx, ESMF_StateReconcileEx.F90, line 294
  PASS  Example ESMF_StateReconcileEx, ESMF_StateReconcileEx.F90, line 294
 PASS: ESMF_StateReconcileEx.F90
 PASS: ESMF_StateReconcileEx.F90
 PASS: ESMF_StateReconcileEx.F90
 PASS: ESMF_StateReconcileEx.F90
