2023-06-09 03:04:54
20230609 043720.401 INFO             PET0 !!!!!!!!!!!!!!!!!!!!!!!!!!!!!!!!!!!!!!!!!!!!!!!!!!!!!!
20230609 043720.401 INFO             PET0 !!! THE ESMF_LOG IS SET TO OUTPUT ALL LOG MESSAGES !!!
20230609 043720.401 INFO             PET0 !!!     THIS MAY CAUSE SLOWDOWN IN PERFORMANCE     !!!
20230609 043720.401 INFO             PET0 !!! FOR PRODUCTION RUNS, USE:                      !!!
20230609 043720.401 INFO             PET0 !!!                   ESMF_LOGKIND_Multi_On_Error  !!!
20230609 043720.401 INFO             PET0 !!!!!!!!!!!!!!!!!!!!!!!!!!!!!!!!!!!!!!!!!!!!!!!!!!!!!!
20230609 043720.401 INFO             PET0 Running with ESMF Version   : v8.5.0b23-4-g91b6f9c
20230609 043720.401 INFO             PET0 ESMF library build date/time: "Jun  9 2023" "03:00:45"
20230609 043720.401 INFO             PET0 ESMF library build location : /work/noaa/da/mpotts/sandbox/pgi_2019_openmpi_g_feature_bopt_g_flags/esmf
20230609 043720.401 INFO             PET0 ESMF_COMM                   : openmpi
20230609 043720.402 INFO             PET0 ESMF_MOAB                   : enabled
20230609 043720.402 INFO             PET0 ESMF_LAPACK                 : enabled
20230609 043720.402 INFO             PET0 ESMF_NETCDF                 : enabled
20230609 043720.402 INFO             PET0 ESMF_PNETCDF                : disabled
20230609 043720.402 INFO             PET0 ESMF_PIO                    : enabled
20230609 043720.402 INFO             PET0 ESMF_YAMLCPP                : enabled
20230609 043720.403 INFO             PET0 mainApp STARTING
20230609 043720.408 INFO             PET0 driver: InitializeGeneric intro.
20230609 043720.408 INFO             PET0   driver: InitializeP0 intro.
20230609 043720.408 INFO             PET0   driver: InitializeP0 extro.
20230609 043720.408 INFO             PET0   driver: InitializeIPDv02p1 intro.
20230609 043720.409 INFO             PET0     >>>driver: entered Initialize (phase=<none>) without valid internal Clock.
20230609 043720.409 INFO             PET0     driver - Creating model component MODEL without petList.
20230609 043720.412 INFO             PET0      GridCompIsPetLocal:   T
20230609 043720.412 INFO             PET0      VmIsCreated:   T
20230609 043720.412 INFO             PET0      valid MPI_COMM with size=            4
20230609 043720.413 INFO             PET0     driver - Creating state: modelComp 1 Import State
20230609 043720.413 INFO             PET0     driver - Creating state: modelComp 1 Export State
20230609 043720.414 INFO             PET0     MODEL: InitializeP0 intro.
20230609 043720.414 INFO             PET0       >>>MODEL: entered Initialize (phase=<none>) without valid internal Clock.
20230609 043720.415 INFO             PET0       <<<MODEL: leaving Initialize (phase=<none>) without valid internal Clock.
20230609 043720.415 INFO             PET0     MODEL: InitializeP0 extro.
20230609 043720.418 INFO             PET0     driver: IInitAdvertise intro.
20230609 043720.418 INFO             PET0     driver: IInitAdvertise extro.
20230609 043720.418 INFO             PET0     MODEL: InitializeIPDvXp01 intro.
20230609 043720.419 INFO             PET0       >>>MODEL: entered Initialize (phase=IPDvXp01) without valid internal Clock.
20230609 043720.421 INFO             PET0       <<<MODEL: leaving Initialize (phase=IPDvXp01) without valid internal Clock.
20230609 043720.421 INFO             PET0     MODEL: InitializeIPDvXp01 extro.
20230609 043720.423 INFO             PET0     driver: IInitAdvertiseFinish intro.
20230609 043720.423 INFO             PET0     driver: IInitAdvertiseFinish extro.
20230609 043720.423 INFO             PET0     driver: IInitModifyCplLists intro.
20230609 043720.423 INFO             PET0     driver: IInitModifyCplLists extro.
20230609 043720.423 INFO             PET0     <<<driver: leaving Initialize (phase=<none>) with current time:    0  1  1  0  0  0   0
20230609 043720.423 INFO             PET0   driver: InitializeIPDv02p1 extro.
20230609 043720.423 INFO             PET0   driver: InitializeIPDv02p3 intro.
20230609 043720.423 INFO             PET0     >>>driver: entered Initialize (phase=<none>) with current time:    0  1  1  0  0  0   0
20230609 043720.423 INFO             PET0     driver: IInitCheck intro.
20230609 043720.424 INFO             PET0     driver: IInitCheck extro.
20230609 043720.424 INFO             PET0     MODEL: InitializeIPDvXp04 intro.
20230609 043720.424 INFO             PET0       >>>MODEL: entered Initialize (phase=IPDvXp04) without valid internal Clock.
20230609 043720.428 INFO             PET0       After Realize: - MemInfo: [/proc/meminfo - SSI]	MemTotal:       196434420 kB
20230609 043720.428 INFO             PET0       After Realize: - MemInfo: [/proc/meminfo - SSI]	MemFree:        184875528 kB
20230609 043720.428 INFO             PET0       After Realize: - MemInfo: [/proc/meminfo - SSI]	MemAvailable:   188481640 kB
20230609 043720.428 INFO             PET0       After Realize: - MemInfo: [/proc/meminfo - SSI]	Committed_AS:     710600 kB
20230609 043720.428 INFO             PET0       After Realize: - MemInfo: [/proc/meminfo - SSI]	CommittedPercent: 0.361749 %
20230609 043720.428 INFO             PET0       After Realize: - MemInfo: [/proc/self/status]	VmPeak:	  663388 kB
20230609 043720.428 INFO             PET0       After Realize: - MemInfo: [/proc/self/status]	VmSize:	  663388 kB
20230609 043720.428 INFO             PET0       After Realize: - MemInfo: [/proc/self/status]	VmLck:	       0 kB
20230609 043720.428 INFO             PET0       After Realize: - MemInfo: [/proc/self/status]	VmPin:	       0 kB
20230609 043720.428 INFO             PET0       After Realize: - MemInfo: [/proc/self/status]	VmHWM:	   79688 kB
20230609 043720.428 INFO             PET0       After Realize: - MemInfo: [/proc/self/status]	VmRSS:	   36780 kB
20230609 043720.428 INFO             PET0       After Realize: - MemInfo: [/proc/self/status]	VmData:	  175588 kB
20230609 043720.428 INFO             PET0       After Realize: - MemInfo: [/proc/self/status]	VmStk:	     660 kB
20230609 043720.428 INFO             PET0       After Realize: - MemInfo: [/proc/self/status]	VmExe:	     280 kB
20230609 043720.428 INFO             PET0       After Realize: - MemInfo: [/proc/self/status]	VmLib:	   92536 kB
20230609 043720.428 INFO             PET0       After Realize: - MemInfo: [/proc/self/status]	VmPTE:	     956 kB
20230609 043720.428 INFO             PET0       After Realize: - MemInfo: [/proc/self/status]	VmSwap:	       0 kB
20230609 043720.428 INFO             PET0       After Realize: - MemInfo: [/proc/self/status]	VmRSSPercent: 0.0187238 %
20230609 043720.428 INFO             PET0       After Realize: - MemInfo: [malloc] Non-mmapped space allocated:                 4050944 Byte
20230609 043720.428 INFO             PET0       After Realize: - MemInfo: [malloc] Space allocated in mmapped regions:          1581056 Byte
20230609 043720.428 INFO             PET0       After Realize: - MemInfo: [malloc] Maximum total allocated space:                     0 Byte
20230609 043720.428 INFO             PET0       After Realize: - MemInfo: [malloc] Space in freed fastbin blocks:                  1136 Byte
20230609 043720.428 INFO             PET0       After Realize: - MemInfo: [malloc] Total allocated space:                       3570560 Byte
20230609 043720.428 INFO             PET0       After Realize: - MemInfo: [malloc] Total free space:                             480384 Byte
20230609 043720.428 INFO             PET0       After Realize: - MemInfo: [malloc] Top-most, releasable space:                   287792 Byte
20230609 043720.428 INFO             PET0       After Realize: - MemInfo: [malloc] Total space in use, mmap + non-mmap:         5151616 Byte
20230609 043720.428 INFO             PET0       After Realize: - MemInfo: [malloc] Total space held (mmap + non-mmap):          5632000 Byte
20230609 043720.428 INFO             PET0       After Realize: - MemInfo: [malloc] Total space used (mmap + non-mmap):          5160752 Byte
20230609 043720.428 INFO             PET0       After Realize: - MemInfo: Wall-clock time since execution start:              0.0304482 seconds
20230609 043720.428 INFO             PET0       <<<MODEL: leaving Initialize (phase=IPDvXp04) without valid internal Clock.
20230609 043720.428 INFO             PET0     MODEL: InitializeIPDvXp04 extro.
20230609 043720.430 INFO             PET0     driver: IInitRealize intro.
20230609 043720.430 INFO             PET0     driver: IInitRealize extro.
20230609 043720.431 INFO             PET0     MODEL: InitializeIPDvXp07 intro.
20230609 043720.431 INFO             PET0       >>>MODEL: entered Initialize (phase=IPDvXp07) without valid internal Clock.
20230609 043720.431 INFO             PET0       <<<MODEL: leaving Initialize (phase=IPDvXp07) with current time:    0  1  1  0  0  0   0
20230609 043720.431 INFO             PET0     MODEL: InitializeIPDvXp07 extro.
20230609 043720.431 INFO             PET0     <<<driver: leaving Initialize (phase=<none>) with current time:    0  1  1  0  0  0   0
20230609 043720.431 INFO             PET0   driver: InitializeIPDv02p3 extro.
20230609 043720.431 INFO             PET0   driver: InitializeIPDv02p5 intro.
20230609 043720.431 INFO             PET0     >>>driver: entered Initialize (phase=<none>) with current time:    0  1  1  0  0  0   0
20230609 043720.431 INFO             PET0     driver: this is a top level driver, no 'Updated' and 'InitializeDataComplete' info on this level.
20230609 043720.431 INFO             PET0     driver: InitializeIPDv02p5Data intro.
20230609 043720.431 INFO             PET0       driver: InternalInitializeComplete intro.
20230609 043720.431 INFO             PET0         driver: InitializeDataComplete='true'
20230609 043720.431 INFO             PET0       driver: InternalInitializeComplete extro.
20230609 043720.431 INFO             PET0       MODEL: InitializeIPDvXp08 intro.
20230609 043720.432 INFO             PET0         >>>MODEL: entered Initialize (phase=IPDv05p8) with current time:    0  1  1  0  0  0   0
20230609 043720.432 INFO             PET0         MODEL: InitializeDataProgress='false', InitializeDataComplete='false'
20230609 043720.432 INFO             PET0         <<<MODEL: leaving Initialize (phase=IPDv05p8) with current time:    0  1  1  0  0  0   0
20230609 043720.432 INFO             PET0       MODEL: InitializeIPDvXp08 extro.
20230609 043720.434 INFO             PET0       driver: components present that trigger loopDataDependentInitialize().
20230609 043720.434 INFO             PET0       driver: loopDataDependentInitialize intro.
20230609 043720.434 INFO             PET0         driver: component    0=driver, dataComplete (local): true
20230609 043720.434 INFO             PET0         driver: component    0=driver, dataComplete (global):  T
20230609 043720.434 INFO             PET0         driver: component    1=MODEL, dataComplete (local): false
20230609 043720.434 INFO             PET0         driver: component    1=MODEL, dataComplete (global):  F
20230609 043720.434 INFO             PET0         MODEL: InitializeIPDvXp08 intro.
20230609 043720.434 INFO             PET0           >>>MODEL: entered Initialize (phase=IPDv05p8) with current time:    0  1  1  0  0  0   0
20230609 043720.434 INFO             PET0           MODEL: InitializeDataProgress='true', InitializeDataComplete='true'
20230609 043720.434 INFO             PET0           <<<MODEL: leaving Initialize (phase=IPDv05p8) with current time:    0  1  1  0  0  0   0
20230609 043720.435 INFO             PET0         MODEL: InitializeIPDvXp08 extro.
20230609 043720.435 INFO             PET0         driver: component    1=MODEL, someProgress (local): true
20230609 043720.436 INFO             PET0         driver: component    1=MODEL, someProgress (global):  T
20230609 043720.436 INFO             PET0         driver: someProgress= T, allComplete= F, present(dataDepAllComplete)= T
20230609 043720.436 INFO             PET0         driver: component    0=driver, dataComplete (local): true
20230609 043720.436 INFO             PET0         driver: component    0=driver, dataComplete (global):  T
20230609 043720.436 INFO             PET0         driver: component    1=MODEL, dataComplete (local): true
20230609 043720.436 INFO             PET0         driver: component    1=MODEL, dataComplete (global):  T
20230609 043720.436 INFO             PET0         driver: someProgress= F, allComplete= T, present(dataDepAllComplete)= T
20230609 043720.436 INFO             PET0         driver: finished resolving initialize data dependencies on this level.
20230609 043720.436 INFO             PET0       driver: loopDataDependentInitialize extro.
20230609 043720.436 INFO             PET0       driver: loopDataDependentInitialize() returned with dataDepAllComplete:  T
20230609 043720.436 INFO             PET0     driver: InitializeIPDv02p5Data extro.
20230609 043720.436 INFO             PET0     <<<driver: leaving Initialize (phase=<none>) with current time:    0  1  1  0  0  0   0
20230609 043720.436 INFO             PET0   driver: InitializeIPDv02p5 extro.
20230609 043720.436 INFO             PET0 driver: InitializeGeneric extro.
20230609 043720.436 INFO             PET0 driver: Run intro.
20230609 043720.436 INFO             PET0   >>>driver entered Run (phase=RunPhase1) with current time:    0  1  1  0  0  0   0
20230609 043720.436 INFO             PET0   driver: after lable_SetRunClock, current time:    0  1  1  0  0  0   0
20230609 043720.436 INFO             PET0   driver: begin -------> RunSequence.
20230609 043720.436 INFO             PET0     driver: RunSequence event loopLevel=   1  levelMember=   1  loopIteration=   1, current time:    0  1  1  0  0  0   0
20230609 043720.436 INFO             PET0     MODEL: Run intro.
20230609 043720.436 INFO             PET0       >>>MODEL: entered Run (phase=RunPhase1) with current time:    0  1  1  0  0  0   0
20230609 043720.437 INFO             PET0       MODEL: time step-loop starting, current time:    0  1  1  0  0  0   0
20230609 043720.437 INFO             PET0       ---->Advancing Model from:    0  1  1  0  0  0   0
20230609 043720.437 INFO             PET0       ---------------------> to:    0  1  1  0  0 30   0
20230609 043720.437 INFO             PET0       MODEL: time step-loop ending,   current time:    0  1  1  0  0 30   0
20230609 043720.437 INFO             PET0       <<<MODEL: leaving Run (phase=RunPhase1) with current time:    0  1  1  0  0 30   0
20230609 043720.437 INFO             PET0     MODEL: Run extro.
20230609 043720.437 INFO             PET0     driver: RunSequence event loopLevel=   1  levelMember=   1  loopIteration=   2, current time:    0  1  1  0  0 30   0
20230609 043720.437 INFO             PET0     MODEL: Run intro.
20230609 043720.437 INFO             PET0       >>>MODEL: entered Run (phase=RunPhase1) with current time:    0  1  1  0  0 30   0
20230609 043720.437 INFO             PET0       MODEL: time step-loop starting, current time:    0  1  1  0  0 30   0
20230609 043720.437 INFO             PET0       ---->Advancing Model from:    0  1  1  0  0 30   0
20230609 043720.437 INFO             PET0       ---------------------> to:    0  1  1  0  1  0   0
20230609 043720.437 INFO             PET0       MODEL: time step-loop ending,   current time:    0  1  1  0  1  0   0
20230609 043720.437 INFO             PET0       <<<MODEL: leaving Run (phase=RunPhase1) with current time:    0  1  1  0  1  0   0
20230609 043720.437 INFO             PET0     MODEL: Run extro.
20230609 043720.437 INFO             PET0     driver: RunSequence event loopLevel=   1  levelMember=   1  loopIteration=   3, current time:    0  1  1  0  1  0   0
20230609 043720.437 INFO             PET0     MODEL: Run intro.
20230609 043720.437 INFO             PET0       >>>MODEL: entered Run (phase=RunPhase1) with current time:    0  1  1  0  1  0   0
20230609 043720.437 INFO             PET0       MODEL: time step-loop starting, current time:    0  1  1  0  1  0   0
20230609 043720.437 INFO             PET0       ---->Advancing Model from:    0  1  1  0  1  0   0
20230609 043720.437 INFO             PET0       ---------------------> to:    0  1  1  0  1 30   0
20230609 043720.437 INFO             PET0       MODEL: time step-loop ending,   current time:    0  1  1  0  1 30   0
20230609 043720.437 INFO             PET0       <<<MODEL: leaving Run (phase=RunPhase1) with current time:    0  1  1  0  1 30   0
20230609 043720.437 INFO             PET0     MODEL: Run extro.
20230609 043720.437 INFO             PET0     driver: RunSequence event loopLevel=   1  levelMember=   1  loopIteration=   4, current time:    0  1  1  0  1 30   0
20230609 043720.437 INFO             PET0     MODEL: Run intro.
20230609 043720.438 INFO             PET0       >>>MODEL: entered Run (phase=RunPhase1) with current time:    0  1  1  0  1 30   0
20230609 043720.438 INFO             PET0       MODEL: time step-loop starting, current time:    0  1  1  0  1 30   0
20230609 043720.438 INFO             PET0       ---->Advancing Model from:    0  1  1  0  1 30   0
20230609 043720.438 INFO             PET0       ---------------------> to:    0  1  1  0  2  0   0
20230609 043720.438 INFO             PET0       MODEL: time step-loop ending,   current time:    0  1  1  0  2  0   0
20230609 043720.438 INFO             PET0       <<<MODEL: leaving Run (phase=RunPhase1) with current time:    0  1  1  0  2  0   0
20230609 043720.438 INFO             PET0     MODEL: Run extro.
20230609 043720.438 INFO             PET0     driver: RunSequence event loopLevel=   1  levelMember=   1  loopIteration=   5, current time:    0  1  1  0  2  0   0
20230609 043720.438 INFO             PET0     MODEL: Run intro.
20230609 043720.438 INFO             PET0       >>>MODEL: entered Run (phase=RunPhase1) with current time:    0  1  1  0  2  0   0
20230609 043720.438 INFO             PET0       MODEL: time step-loop starting, current time:    0  1  1  0  2  0   0
20230609 043720.438 INFO             PET0       ---->Advancing Model from:    0  1  1  0  2  0   0
20230609 043720.438 INFO             PET0       ---------------------> to:    0  1  1  0  2 30   0
20230609 043720.438 INFO             PET0       MODEL: time step-loop ending,   current time:    0  1  1  0  2 30   0
20230609 043720.438 INFO             PET0       <<<MODEL: leaving Run (phase=RunPhase1) with current time:    0  1  1  0  2 30   0
20230609 043720.438 INFO             PET0     MODEL: Run extro.
20230609 043720.438 INFO             PET0   driver: end <--------- RunSequence
20230609 043720.438 INFO             PET0   <<<driver - leaving Run with current time:    0  1  1  0  2 30   0
20230609 043720.438 INFO             PET0 driver: Run extro.
20230609 043720.438 INFO             PET0 driver: Finalize intro.
20230609 043720.438 INFO             PET0   Calling Finalize phase 1 for modelComp: MODEL
20230609 043720.438 INFO             PET0   MODEL: Finalize intro.
20230609 043720.438 INFO             PET0     >>>MODEL: entered Finalize (phase=FinalizePhase1) with current time:    0  1  1  0  2 30   0
20230609 043720.438 INFO             PET0     <<<MODEL: leaving Finalize (phase=FinalizePhase1) with current time:    0  1  1  0  2 30   0
20230609 043720.438 INFO             PET0   MODEL: Finalize extro.
20230609 043720.438 INFO             PET0   Delete modelComp: MODEL
20230609 043720.438 INFO             PET0   Delete Import-/Export State for modelComp: MODEL
20230609 043720.439 INFO             PET0 driver: Finalize extro.
20230609 043720.439 INFO             PET0 mainApp FINISHED
20230609 043720.439 INFO             PET0 Finalizing ESMF
20230609 043720.401 INFO             PET1 !!!!!!!!!!!!!!!!!!!!!!!!!!!!!!!!!!!!!!!!!!!!!!!!!!!!!!
20230609 043720.402 INFO             PET1 !!! THE ESMF_LOG IS SET TO OUTPUT ALL LOG MESSAGES !!!
20230609 043720.402 INFO             PET1 !!!     THIS MAY CAUSE SLOWDOWN IN PERFORMANCE     !!!
20230609 043720.402 INFO             PET1 !!! FOR PRODUCTION RUNS, USE:                      !!!
20230609 043720.402 INFO             PET1 !!!                   ESMF_LOGKIND_Multi_On_Error  !!!
20230609 043720.402 INFO             PET1 !!!!!!!!!!!!!!!!!!!!!!!!!!!!!!!!!!!!!!!!!!!!!!!!!!!!!!
20230609 043720.402 INFO             PET1 Running with ESMF Version   : v8.5.0b23-4-g91b6f9c
20230609 043720.402 INFO             PET1 ESMF library build date/time: "Jun  9 2023" "03:00:45"
20230609 043720.402 INFO             PET1 ESMF library build location : /work/noaa/da/mpotts/sandbox/pgi_2019_openmpi_g_feature_bopt_g_flags/esmf
20230609 043720.402 INFO             PET1 ESMF_COMM                   : openmpi
20230609 043720.402 INFO             PET1 ESMF_MOAB                   : enabled
20230609 043720.402 INFO             PET1 ESMF_LAPACK                 : enabled
20230609 043720.402 INFO             PET1 ESMF_NETCDF                 : enabled
20230609 043720.402 INFO             PET1 ESMF_PNETCDF                : disabled
20230609 043720.402 INFO             PET1 ESMF_PIO                    : enabled
20230609 043720.402 INFO             PET1 ESMF_YAMLCPP                : enabled
20230609 043720.403 INFO             PET1 mainApp STARTING
20230609 043720.409 INFO             PET1 driver: InitializeGeneric intro.
20230609 043720.409 INFO             PET1   driver: InitializeP0 intro.
20230609 043720.409 INFO             PET1   driver: InitializeP0 extro.
20230609 043720.409 INFO             PET1   driver: InitializeIPDv02p1 intro.
20230609 043720.409 INFO             PET1     >>>driver: entered Initialize (phase=<none>) without valid internal Clock.
20230609 043720.409 INFO             PET1     driver - Creating model component MODEL without petList.
20230609 043720.413 INFO             PET1      GridCompIsPetLocal:   T
20230609 043720.413 INFO             PET1      VmIsCreated:   T
20230609 043720.413 INFO             PET1      valid MPI_COMM with size=            4
20230609 043720.414 INFO             PET1     driver - Creating state: modelComp 1 Import State
20230609 043720.414 INFO             PET1     driver - Creating state: modelComp 1 Export State
20230609 043720.415 INFO             PET1     MODEL: InitializeP0 intro.
20230609 043720.415 INFO             PET1       >>>MODEL: entered Initialize (phase=<none>) without valid internal Clock.
20230609 043720.417 INFO             PET1       <<<MODEL: leaving Initialize (phase=<none>) without valid internal Clock.
20230609 043720.417 INFO             PET1     MODEL: InitializeP0 extro.
20230609 043720.419 INFO             PET1     driver: IInitAdvertise intro.
20230609 043720.419 INFO             PET1     driver: IInitAdvertise extro.
20230609 043720.419 INFO             PET1     MODEL: InitializeIPDvXp01 intro.
20230609 043720.419 INFO             PET1       >>>MODEL: entered Initialize (phase=IPDvXp01) without valid internal Clock.
20230609 043720.422 INFO             PET1       <<<MODEL: leaving Initialize (phase=IPDvXp01) without valid internal Clock.
20230609 043720.422 INFO             PET1     MODEL: InitializeIPDvXp01 extro.
20230609 043720.423 INFO             PET1     driver: IInitAdvertiseFinish intro.
20230609 043720.423 INFO             PET1     driver: IInitAdvertiseFinish extro.
20230609 043720.423 INFO             PET1     driver: IInitModifyCplLists intro.
20230609 043720.423 INFO             PET1     driver: IInitModifyCplLists extro.
20230609 043720.424 INFO             PET1     <<<driver: leaving Initialize (phase=<none>) with current time:    0  1  1  0  0  0   0
20230609 043720.424 INFO             PET1   driver: InitializeIPDv02p1 extro.
20230609 043720.424 INFO             PET1   driver: InitializeIPDv02p3 intro.
20230609 043720.424 INFO             PET1     >>>driver: entered Initialize (phase=<none>) with current time:    0  1  1  0  0  0   0
20230609 043720.424 INFO             PET1     driver: IInitCheck intro.
20230609 043720.424 INFO             PET1     driver: IInitCheck extro.
20230609 043720.424 INFO             PET1     MODEL: InitializeIPDvXp04 intro.
20230609 043720.424 INFO             PET1       >>>MODEL: entered Initialize (phase=IPDvXp04) without valid internal Clock.
20230609 043720.429 INFO             PET1       After Realize: - MemInfo: [/proc/meminfo - SSI]	MemTotal:       196434420 kB
20230609 043720.429 INFO             PET1       After Realize: - MemInfo: [/proc/meminfo - SSI]	MemFree:        184875528 kB
20230609 043720.429 INFO             PET1       After Realize: - MemInfo: [/proc/meminfo - SSI]	MemAvailable:   188481640 kB
20230609 043720.429 INFO             PET1       After Realize: - MemInfo: [/proc/meminfo - SSI]	Committed_AS:     710600 kB
20230609 043720.429 INFO             PET1       After Realize: - MemInfo: [/proc/meminfo - SSI]	CommittedPercent: 0.361749 %
20230609 043720.429 INFO             PET1       After Realize: - MemInfo: [/proc/self/status]	VmPeak:	  663388 kB
20230609 043720.429 INFO             PET1       After Realize: - MemInfo: [/proc/self/status]	VmSize:	  663388 kB
20230609 043720.429 INFO             PET1       After Realize: - MemInfo: [/proc/self/status]	VmLck:	       0 kB
20230609 043720.429 INFO             PET1       After Realize: - MemInfo: [/proc/self/status]	VmPin:	       0 kB
20230609 043720.429 INFO             PET1       After Realize: - MemInfo: [/proc/self/status]	VmHWM:	   81076 kB
20230609 043720.429 INFO             PET1       After Realize: - MemInfo: [/proc/self/status]	VmRSS:	   37728 kB
20230609 043720.429 INFO             PET1       After Realize: - MemInfo: [/proc/self/status]	VmData:	  175588 kB
20230609 043720.429 INFO             PET1       After Realize: - MemInfo: [/proc/self/status]	VmStk:	     660 kB
20230609 043720.429 INFO             PET1       After Realize: - MemInfo: [/proc/self/status]	VmExe:	     280 kB
20230609 043720.429 INFO             PET1       After Realize: - MemInfo: [/proc/self/status]	VmLib:	   92536 kB
20230609 043720.429 INFO             PET1       After Realize: - MemInfo: [/proc/self/status]	VmPTE:	     960 kB
20230609 043720.429 INFO             PET1       After Realize: - MemInfo: [/proc/self/status]	VmSwap:	       0 kB
20230609 043720.429 INFO             PET1       After Realize: - MemInfo: [/proc/self/status]	VmRSSPercent: 0.0192064 %
20230609 043720.429 INFO             PET1       After Realize: - MemInfo: [malloc] Non-mmapped space allocated:                 4050944 Byte
20230609 043720.429 INFO             PET1       After Realize: - MemInfo: [malloc] Space allocated in mmapped regions:          1581056 Byte
20230609 043720.429 INFO             PET1       After Realize: - MemInfo: [malloc] Maximum total allocated space:                     0 Byte
20230609 043720.429 INFO             PET1       After Realize: - MemInfo: [malloc] Space in freed fastbin blocks:                   672 Byte
20230609 043720.429 INFO             PET1       After Realize: - MemInfo: [malloc] Total allocated space:                       3572432 Byte
20230609 043720.429 INFO             PET1       After Realize: - MemInfo: [malloc] Total free space:                             478512 Byte
20230609 043720.429 INFO             PET1       After Realize: - MemInfo: [malloc] Top-most, releasable space:                   285696 Byte
20230609 043720.429 INFO             PET1       After Realize: - MemInfo: [malloc] Total space in use, mmap + non-mmap:         5153488 Byte
20230609 043720.429 INFO             PET1       After Realize: - MemInfo: [malloc] Total space held (mmap + non-mmap):          5632000 Byte
20230609 043720.429 INFO             PET1       After Realize: - MemInfo: [malloc] Total space used (mmap + non-mmap):          5162624 Byte
20230609 043720.429 INFO             PET1       After Realize: - MemInfo: Wall-clock time since execution start:              0.0332616 seconds
20230609 043720.429 INFO             PET1       <<<MODEL: leaving Initialize (phase=IPDvXp04) without valid internal Clock.
20230609 043720.429 INFO             PET1     MODEL: InitializeIPDvXp04 extro.
20230609 043720.431 INFO             PET1     driver: IInitRealize intro.
20230609 043720.431 INFO             PET1     driver: IInitRealize extro.
20230609 043720.431 INFO             PET1     MODEL: InitializeIPDvXp07 intro.
20230609 043720.431 INFO             PET1       >>>MODEL: entered Initialize (phase=IPDvXp07) without valid internal Clock.
20230609 043720.431 INFO             PET1       <<<MODEL: leaving Initialize (phase=IPDvXp07) with current time:    0  1  1  0  0  0   0
20230609 043720.431 INFO             PET1     MODEL: InitializeIPDvXp07 extro.
20230609 043720.431 INFO             PET1     <<<driver: leaving Initialize (phase=<none>) with current time:    0  1  1  0  0  0   0
20230609 043720.431 INFO             PET1   driver: InitializeIPDv02p3 extro.
20230609 043720.431 INFO             PET1   driver: InitializeIPDv02p5 intro.
20230609 043720.432 INFO             PET1     >>>driver: entered Initialize (phase=<none>) with current time:    0  1  1  0  0  0   0
20230609 043720.432 INFO             PET1     driver: this is a top level driver, no 'Updated' and 'InitializeDataComplete' info on this level.
20230609 043720.432 INFO             PET1     driver: InitializeIPDv02p5Data intro.
20230609 043720.432 INFO             PET1       driver: InternalInitializeComplete intro.
20230609 043720.432 INFO             PET1         driver: InitializeDataComplete='true'
20230609 043720.432 INFO             PET1       driver: InternalInitializeComplete extro.
20230609 043720.432 INFO             PET1       MODEL: InitializeIPDvXp08 intro.
20230609 043720.432 INFO             PET1         >>>MODEL: entered Initialize (phase=IPDv05p8) with current time:    0  1  1  0  0  0   0
20230609 043720.433 INFO             PET1         MODEL: InitializeDataProgress='false', InitializeDataComplete='false'
20230609 043720.433 INFO             PET1         <<<MODEL: leaving Initialize (phase=IPDv05p8) with current time:    0  1  1  0  0  0   0
20230609 043720.433 INFO             PET1       MODEL: InitializeIPDvXp08 extro.
20230609 043720.434 INFO             PET1       driver: components present that trigger loopDataDependentInitialize().
20230609 043720.434 INFO             PET1       driver: loopDataDependentInitialize intro.
20230609 043720.434 INFO             PET1         driver: component    0=driver, dataComplete (local): true
20230609 043720.434 INFO             PET1         driver: component    0=driver, dataComplete (global):  T
20230609 043720.434 INFO             PET1         driver: component    1=MODEL, dataComplete (local): false
20230609 043720.434 INFO             PET1         driver: component    1=MODEL, dataComplete (global):  F
20230609 043720.434 INFO             PET1         MODEL: InitializeIPDvXp08 intro.
20230609 043720.434 INFO             PET1           >>>MODEL: entered Initialize (phase=IPDv05p8) with current time:    0  1  1  0  0  0   0
20230609 043720.435 INFO             PET1           MODEL: InitializeDataProgress='true', InitializeDataComplete='true'
20230609 043720.435 INFO             PET1           <<<MODEL: leaving Initialize (phase=IPDv05p8) with current time:    0  1  1  0  0  0   0
20230609 043720.435 INFO             PET1         MODEL: InitializeIPDvXp08 extro.
20230609 043720.436 INFO             PET1         driver: component    1=MODEL, someProgress (local): true
20230609 043720.436 INFO             PET1         driver: component    1=MODEL, someProgress (global):  T
20230609 043720.436 INFO             PET1         driver: someProgress= T, allComplete= F, present(dataDepAllComplete)= T
20230609 043720.436 INFO             PET1         driver: component    0=driver, dataComplete (local): true
20230609 043720.436 INFO             PET1         driver: component    0=driver, dataComplete (global):  T
20230609 043720.436 INFO             PET1         driver: component    1=MODEL, dataComplete (local): true
20230609 043720.436 INFO             PET1         driver: component    1=MODEL, dataComplete (global):  T
20230609 043720.436 INFO             PET1         driver: someProgress= F, allComplete= T, present(dataDepAllComplete)= T
20230609 043720.436 INFO             PET1         driver: finished resolving initialize data dependencies on this level.
20230609 043720.436 INFO             PET1       driver: loopDataDependentInitialize extro.
20230609 043720.436 INFO             PET1       driver: loopDataDependentInitialize() returned with dataDepAllComplete:  T
20230609 043720.436 INFO             PET1     driver: InitializeIPDv02p5Data extro.
20230609 043720.436 INFO             PET1     <<<driver: leaving Initialize (phase=<none>) with current time:    0  1  1  0  0  0   0
20230609 043720.436 INFO             PET1   driver: InitializeIPDv02p5 extro.
20230609 043720.436 INFO             PET1 driver: InitializeGeneric extro.
20230609 043720.436 INFO             PET1 driver: Run intro.
20230609 043720.436 INFO             PET1   >>>driver entered Run (phase=RunPhase1) with current time:    0  1  1  0  0  0   0
20230609 043720.436 INFO             PET1   driver: after lable_SetRunClock, current time:    0  1  1  0  0  0   0
20230609 043720.436 INFO             PET1   driver: begin -------> RunSequence.
20230609 043720.436 INFO             PET1     driver: RunSequence event loopLevel=   1  levelMember=   1  loopIteration=   1, current time:    0  1  1  0  0  0   0
20230609 043720.436 INFO             PET1     MODEL: Run intro.
20230609 043720.437 INFO             PET1       >>>MODEL: entered Run (phase=RunPhase1) with current time:    0  1  1  0  0  0   0
20230609 043720.437 INFO             PET1       MODEL: time step-loop starting, current time:    0  1  1  0  0  0   0
20230609 043720.437 INFO             PET1       ---->Advancing Model from:    0  1  1  0  0  0   0
20230609 043720.437 INFO             PET1       ---------------------> to:    0  1  1  0  0 30   0
20230609 043720.437 INFO             PET1       MODEL: time step-loop ending,   current time:    0  1  1  0  0 30   0
20230609 043720.437 INFO             PET1       <<<MODEL: leaving Run (phase=RunPhase1) with current time:    0  1  1  0  0 30   0
20230609 043720.437 INFO             PET1     MODEL: Run extro.
20230609 043720.437 INFO             PET1     driver: RunSequence event loopLevel=   1  levelMember=   1  loopIteration=   2, current time:    0  1  1  0  0 30   0
20230609 043720.437 INFO             PET1     MODEL: Run intro.
20230609 043720.437 INFO             PET1       >>>MODEL: entered Run (phase=RunPhase1) with current time:    0  1  1  0  0 30   0
20230609 043720.437 INFO             PET1       MODEL: time step-loop starting, current time:    0  1  1  0  0 30   0
20230609 043720.437 INFO             PET1       ---->Advancing Model from:    0  1  1  0  0 30   0
20230609 043720.437 INFO             PET1       ---------------------> to:    0  1  1  0  1  0   0
20230609 043720.437 INFO             PET1       MODEL: time step-loop ending,   current time:    0  1  1  0  1  0   0
20230609 043720.437 INFO             PET1       <<<MODEL: leaving Run (phase=RunPhase1) with current time:    0  1  1  0  1  0   0
20230609 043720.437 INFO             PET1     MODEL: Run extro.
20230609 043720.437 INFO             PET1     driver: RunSequence event loopLevel=   1  levelMember=   1  loopIteration=   3, current time:    0  1  1  0  1  0   0
20230609 043720.437 INFO             PET1     MODEL: Run intro.
20230609 043720.437 INFO             PET1       >>>MODEL: entered Run (phase=RunPhase1) with current time:    0  1  1  0  1  0   0
20230609 043720.437 INFO             PET1       MODEL: time step-loop starting, current time:    0  1  1  0  1  0   0
20230609 043720.437 INFO             PET1       ---->Advancing Model from:    0  1  1  0  1  0   0
20230609 043720.437 INFO             PET1       ---------------------> to:    0  1  1  0  1 30   0
20230609 043720.437 INFO             PET1       MODEL: time step-loop ending,   current time:    0  1  1  0  1 30   0
20230609 043720.438 INFO             PET1       <<<MODEL: leaving Run (phase=RunPhase1) with current time:    0  1  1  0  1 30   0
20230609 043720.438 INFO             PET1     MODEL: Run extro.
20230609 043720.438 INFO             PET1     driver: RunSequence event loopLevel=   1  levelMember=   1  loopIteration=   4, current time:    0  1  1  0  1 30   0
20230609 043720.438 INFO             PET1     MODEL: Run intro.
20230609 043720.438 INFO             PET1       >>>MODEL: entered Run (phase=RunPhase1) with current time:    0  1  1  0  1 30   0
20230609 043720.438 INFO             PET1       MODEL: time step-loop starting, current time:    0  1  1  0  1 30   0
20230609 043720.438 INFO             PET1       ---->Advancing Model from:    0  1  1  0  1 30   0
20230609 043720.438 INFO             PET1       ---------------------> to:    0  1  1  0  2  0   0
20230609 043720.438 INFO             PET1       MODEL: time step-loop ending,   current time:    0  1  1  0  2  0   0
20230609 043720.438 INFO             PET1       <<<MODEL: leaving Run (phase=RunPhase1) with current time:    0  1  1  0  2  0   0
20230609 043720.438 INFO             PET1     MODEL: Run extro.
20230609 043720.438 INFO             PET1     driver: RunSequence event loopLevel=   1  levelMember=   1  loopIteration=   5, current time:    0  1  1  0  2  0   0
20230609 043720.438 INFO             PET1     MODEL: Run intro.
20230609 043720.438 INFO             PET1       >>>MODEL: entered Run (phase=RunPhase1) with current time:    0  1  1  0  2  0   0
20230609 043720.438 INFO             PET1       MODEL: time step-loop starting, current time:    0  1  1  0  2  0   0
20230609 043720.438 INFO             PET1       ---->Advancing Model from:    0  1  1  0  2  0   0
20230609 043720.438 INFO             PET1       ---------------------> to:    0  1  1  0  2 30   0
20230609 043720.438 INFO             PET1       MODEL: time step-loop ending,   current time:    0  1  1  0  2 30   0
20230609 043720.438 INFO             PET1       <<<MODEL: leaving Run (phase=RunPhase1) with current time:    0  1  1  0  2 30   0
20230609 043720.438 INFO             PET1     MODEL: Run extro.
20230609 043720.438 INFO             PET1   driver: end <--------- RunSequence
20230609 043720.438 INFO             PET1   <<<driver - leaving Run with current time:    0  1  1  0  2 30   0
20230609 043720.438 INFO             PET1 driver: Run extro.
20230609 043720.438 INFO             PET1 driver: Finalize intro.
20230609 043720.438 INFO             PET1   Calling Finalize phase 1 for modelComp: MODEL
20230609 043720.439 INFO             PET1   MODEL: Finalize intro.
20230609 043720.439 INFO             PET1     >>>MODEL: entered Finalize (phase=FinalizePhase1) with current time:    0  1  1  0  2 30   0
20230609 043720.439 INFO             PET1     <<<MODEL: leaving Finalize (phase=FinalizePhase1) with current time:    0  1  1  0  2 30   0
20230609 043720.439 INFO             PET1   MODEL: Finalize extro.
20230609 043720.439 INFO             PET1   Delete modelComp: MODEL
20230609 043720.439 INFO             PET1   Delete Import-/Export State for modelComp: MODEL
20230609 043720.439 INFO             PET1 driver: Finalize extro.
20230609 043720.439 INFO             PET1 mainApp FINISHED
20230609 043720.439 INFO             PET1 Finalizing ESMF
20230609 043720.401 INFO             PET2 !!!!!!!!!!!!!!!!!!!!!!!!!!!!!!!!!!!!!!!!!!!!!!!!!!!!!!
20230609 043720.401 INFO             PET2 !!! THE ESMF_LOG IS SET TO OUTPUT ALL LOG MESSAGES !!!
20230609 043720.401 INFO             PET2 !!!     THIS MAY CAUSE SLOWDOWN IN PERFORMANCE     !!!
20230609 043720.401 INFO             PET2 !!! FOR PRODUCTION RUNS, USE:                      !!!
20230609 043720.401 INFO             PET2 !!!                   ESMF_LOGKIND_Multi_On_Error  !!!
20230609 043720.401 INFO             PET2 !!!!!!!!!!!!!!!!!!!!!!!!!!!!!!!!!!!!!!!!!!!!!!!!!!!!!!
20230609 043720.401 INFO             PET2 Running with ESMF Version   : v8.5.0b23-4-g91b6f9c
20230609 043720.401 INFO             PET2 ESMF library build date/time: "Jun  9 2023" "03:00:45"
20230609 043720.401 INFO             PET2 ESMF library build location : /work/noaa/da/mpotts/sandbox/pgi_2019_openmpi_g_feature_bopt_g_flags/esmf
20230609 043720.401 INFO             PET2 ESMF_COMM                   : openmpi
20230609 043720.402 INFO             PET2 ESMF_MOAB                   : enabled
20230609 043720.402 INFO             PET2 ESMF_LAPACK                 : enabled
20230609 043720.402 INFO             PET2 ESMF_NETCDF                 : enabled
20230609 043720.402 INFO             PET2 ESMF_PNETCDF                : disabled
20230609 043720.402 INFO             PET2 ESMF_PIO                    : enabled
20230609 043720.402 INFO             PET2 ESMF_YAMLCPP                : enabled
20230609 043720.403 INFO             PET2 mainApp STARTING
20230609 043720.408 INFO             PET2 driver: InitializeGeneric intro.
20230609 043720.408 INFO             PET2   driver: InitializeP0 intro.
20230609 043720.408 INFO             PET2   driver: InitializeP0 extro.
20230609 043720.408 INFO             PET2   driver: InitializeIPDv02p1 intro.
20230609 043720.409 INFO             PET2     >>>driver: entered Initialize (phase=<none>) without valid internal Clock.
20230609 043720.409 INFO             PET2     driver - Creating model component MODEL without petList.
20230609 043720.412 INFO             PET2      GridCompIsPetLocal:   T
20230609 043720.412 INFO             PET2      VmIsCreated:   T
20230609 043720.412 INFO             PET2      valid MPI_COMM with size=            4
20230609 043720.413 INFO             PET2     driver - Creating state: modelComp 1 Import State
20230609 043720.413 INFO             PET2     driver - Creating state: modelComp 1 Export State
20230609 043720.414 INFO             PET2     MODEL: InitializeP0 intro.
20230609 043720.414 INFO             PET2       >>>MODEL: entered Initialize (phase=<none>) without valid internal Clock.
20230609 043720.415 INFO             PET2       <<<MODEL: leaving Initialize (phase=<none>) without valid internal Clock.
20230609 043720.415 INFO             PET2     MODEL: InitializeP0 extro.
20230609 043720.418 INFO             PET2     driver: IInitAdvertise intro.
20230609 043720.418 INFO             PET2     driver: IInitAdvertise extro.
20230609 043720.418 INFO             PET2     MODEL: InitializeIPDvXp01 intro.
20230609 043720.418 INFO             PET2       >>>MODEL: entered Initialize (phase=IPDvXp01) without valid internal Clock.
20230609 043720.420 INFO             PET2       <<<MODEL: leaving Initialize (phase=IPDvXp01) without valid internal Clock.
20230609 043720.420 INFO             PET2     MODEL: InitializeIPDvXp01 extro.
20230609 043720.422 INFO             PET2     driver: IInitAdvertiseFinish intro.
20230609 043720.422 INFO             PET2     driver: IInitAdvertiseFinish extro.
20230609 043720.422 INFO             PET2     driver: IInitModifyCplLists intro.
20230609 043720.422 INFO             PET2     driver: IInitModifyCplLists extro.
20230609 043720.422 INFO             PET2     <<<driver: leaving Initialize (phase=<none>) with current time:    0  1  1  0  0  0   0
20230609 043720.422 INFO             PET2   driver: InitializeIPDv02p1 extro.
20230609 043720.422 INFO             PET2   driver: InitializeIPDv02p3 intro.
20230609 043720.422 INFO             PET2     >>>driver: entered Initialize (phase=<none>) with current time:    0  1  1  0  0  0   0
20230609 043720.423 INFO             PET2     driver: IInitCheck intro.
20230609 043720.423 INFO             PET2     driver: IInitCheck extro.
20230609 043720.423 INFO             PET2     MODEL: InitializeIPDvXp04 intro.
20230609 043720.423 INFO             PET2       >>>MODEL: entered Initialize (phase=IPDvXp04) without valid internal Clock.
20230609 043720.427 INFO             PET2       After Realize: - MemInfo: [/proc/meminfo - SSI]	MemTotal:       196434420 kB
20230609 043720.427 INFO             PET2       After Realize: - MemInfo: [/proc/meminfo - SSI]	MemFree:        184875528 kB
20230609 043720.427 INFO             PET2       After Realize: - MemInfo: [/proc/meminfo - SSI]	MemAvailable:   188481640 kB
20230609 043720.427 INFO             PET2       After Realize: - MemInfo: [/proc/meminfo - SSI]	Committed_AS:     710600 kB
20230609 043720.427 INFO             PET2       After Realize: - MemInfo: [/proc/meminfo - SSI]	CommittedPercent: 0.361749 %
20230609 043720.427 INFO             PET2       After Realize: - MemInfo: [/proc/self/status]	VmPeak:	  663384 kB
20230609 043720.427 INFO             PET2       After Realize: - MemInfo: [/proc/self/status]	VmSize:	  663384 kB
20230609 043720.427 INFO             PET2       After Realize: - MemInfo: [/proc/self/status]	VmLck:	       0 kB
20230609 043720.427 INFO             PET2       After Realize: - MemInfo: [/proc/self/status]	VmPin:	       0 kB
20230609 043720.427 INFO             PET2       After Realize: - MemInfo: [/proc/self/status]	VmHWM:	   79684 kB
20230609 043720.427 INFO             PET2       After Realize: - MemInfo: [/proc/self/status]	VmRSS:	   36588 kB
20230609 043720.427 INFO             PET2       After Realize: - MemInfo: [/proc/self/status]	VmData:	  175588 kB
20230609 043720.427 INFO             PET2       After Realize: - MemInfo: [/proc/self/status]	VmStk:	     656 kB
20230609 043720.427 INFO             PET2       After Realize: - MemInfo: [/proc/self/status]	VmExe:	     280 kB
20230609 043720.427 INFO             PET2       After Realize: - MemInfo: [/proc/self/status]	VmLib:	   92536 kB
20230609 043720.427 INFO             PET2       After Realize: - MemInfo: [/proc/self/status]	VmPTE:	     940 kB
20230609 043720.427 INFO             PET2       After Realize: - MemInfo: [/proc/self/status]	VmSwap:	       0 kB
20230609 043720.427 INFO             PET2       After Realize: - MemInfo: [/proc/self/status]	VmRSSPercent: 0.0186261 %
20230609 043720.427 INFO             PET2       After Realize: - MemInfo: [malloc] Non-mmapped space allocated:                 4050944 Byte
20230609 043720.427 INFO             PET2       After Realize: - MemInfo: [malloc] Space allocated in mmapped regions:          1581056 Byte
20230609 043720.427 INFO             PET2       After Realize: - MemInfo: [malloc] Maximum total allocated space:                     0 Byte
20230609 043720.427 INFO             PET2       After Realize: - MemInfo: [malloc] Space in freed fastbin blocks:                   672 Byte
20230609 043720.427 INFO             PET2       After Realize: - MemInfo: [malloc] Total allocated space:                       3569664 Byte
20230609 043720.427 INFO             PET2       After Realize: - MemInfo: [malloc] Total free space:                             481280 Byte
20230609 043720.427 INFO             PET2       After Realize: - MemInfo: [malloc] Top-most, releasable space:                   288336 Byte
20230609 043720.427 INFO             PET2       After Realize: - MemInfo: [malloc] Total space in use, mmap + non-mmap:         5150720 Byte
20230609 043720.427 INFO             PET2       After Realize: - MemInfo: [malloc] Total space held (mmap + non-mmap):          5632000 Byte
20230609 043720.427 INFO             PET2       After Realize: - MemInfo: [malloc] Total space used (mmap + non-mmap):          5159856 Byte
20230609 043720.427 INFO             PET2       After Realize: - MemInfo: Wall-clock time since execution start:              0.0303418 seconds
20230609 043720.427 INFO             PET2       <<<MODEL: leaving Initialize (phase=IPDvXp04) without valid internal Clock.
20230609 043720.427 INFO             PET2     MODEL: InitializeIPDvXp04 extro.
20230609 043720.429 INFO             PET2     driver: IInitRealize intro.
20230609 043720.429 INFO             PET2     driver: IInitRealize extro.
20230609 043720.430 INFO             PET2     MODEL: InitializeIPDvXp07 intro.
20230609 043720.430 INFO             PET2       >>>MODEL: entered Initialize (phase=IPDvXp07) without valid internal Clock.
20230609 043720.430 INFO             PET2       <<<MODEL: leaving Initialize (phase=IPDvXp07) with current time:    0  1  1  0  0  0   0
20230609 043720.430 INFO             PET2     MODEL: InitializeIPDvXp07 extro.
20230609 043720.430 INFO             PET2     <<<driver: leaving Initialize (phase=<none>) with current time:    0  1  1  0  0  0   0
20230609 043720.430 INFO             PET2   driver: InitializeIPDv02p3 extro.
20230609 043720.430 INFO             PET2   driver: InitializeIPDv02p5 intro.
20230609 043720.430 INFO             PET2     >>>driver: entered Initialize (phase=<none>) with current time:    0  1  1  0  0  0   0
20230609 043720.430 INFO             PET2     driver: this is a top level driver, no 'Updated' and 'InitializeDataComplete' info on this level.
20230609 043720.430 INFO             PET2     driver: InitializeIPDv02p5Data intro.
20230609 043720.430 INFO             PET2       driver: InternalInitializeComplete intro.
20230609 043720.430 INFO             PET2         driver: InitializeDataComplete='true'
20230609 043720.430 INFO             PET2       driver: InternalInitializeComplete extro.
20230609 043720.431 INFO             PET2       MODEL: InitializeIPDvXp08 intro.
20230609 043720.431 INFO             PET2         >>>MODEL: entered Initialize (phase=IPDv05p8) with current time:    0  1  1  0  0  0   0
20230609 043720.431 INFO             PET2         MODEL: InitializeDataProgress='false', InitializeDataComplete='false'
20230609 043720.431 INFO             PET2         <<<MODEL: leaving Initialize (phase=IPDv05p8) with current time:    0  1  1  0  0  0   0
20230609 043720.431 INFO             PET2       MODEL: InitializeIPDvXp08 extro.
20230609 043720.434 INFO             PET2       driver: components present that trigger loopDataDependentInitialize().
20230609 043720.434 INFO             PET2       driver: loopDataDependentInitialize intro.
20230609 043720.434 INFO             PET2         driver: component    0=driver, dataComplete (local): true
20230609 043720.434 INFO             PET2         driver: component    0=driver, dataComplete (global):  T
20230609 043720.434 INFO             PET2         driver: component    1=MODEL, dataComplete (local): false
20230609 043720.434 INFO             PET2         driver: component    1=MODEL, dataComplete (global):  F
20230609 043720.434 INFO             PET2         MODEL: InitializeIPDvXp08 intro.
20230609 043720.434 INFO             PET2           >>>MODEL: entered Initialize (phase=IPDv05p8) with current time:    0  1  1  0  0  0   0
20230609 043720.434 INFO             PET2           MODEL: InitializeDataProgress='true', InitializeDataComplete='true'
20230609 043720.434 INFO             PET2           <<<MODEL: leaving Initialize (phase=IPDv05p8) with current time:    0  1  1  0  0  0   0
20230609 043720.434 INFO             PET2         MODEL: InitializeIPDvXp08 extro.
20230609 043720.435 INFO             PET2         driver: component    1=MODEL, someProgress (local): true
20230609 043720.436 INFO             PET2         driver: component    1=MODEL, someProgress (global):  T
20230609 043720.436 INFO             PET2         driver: someProgress= T, allComplete= F, present(dataDepAllComplete)= T
20230609 043720.436 INFO             PET2         driver: component    0=driver, dataComplete (local): true
20230609 043720.436 INFO             PET2         driver: component    0=driver, dataComplete (global):  T
20230609 043720.436 INFO             PET2         driver: component    1=MODEL, dataComplete (local): true
20230609 043720.436 INFO             PET2         driver: component    1=MODEL, dataComplete (global):  T
20230609 043720.436 INFO             PET2         driver: someProgress= F, allComplete= T, present(dataDepAllComplete)= T
20230609 043720.436 INFO             PET2         driver: finished resolving initialize data dependencies on this level.
20230609 043720.436 INFO             PET2       driver: loopDataDependentInitialize extro.
20230609 043720.436 INFO             PET2       driver: loopDataDependentInitialize() returned with dataDepAllComplete:  T
20230609 043720.436 INFO             PET2     driver: InitializeIPDv02p5Data extro.
20230609 043720.436 INFO             PET2     <<<driver: leaving Initialize (phase=<none>) with current time:    0  1  1  0  0  0   0
20230609 043720.436 INFO             PET2   driver: InitializeIPDv02p5 extro.
20230609 043720.436 INFO             PET2 driver: InitializeGeneric extro.
20230609 043720.436 INFO             PET2 driver: Run intro.
20230609 043720.436 INFO             PET2   >>>driver entered Run (phase=RunPhase1) with current time:    0  1  1  0  0  0   0
20230609 043720.436 INFO             PET2   driver: after lable_SetRunClock, current time:    0  1  1  0  0  0   0
20230609 043720.436 INFO             PET2   driver: begin -------> RunSequence.
20230609 043720.436 INFO             PET2     driver: RunSequence event loopLevel=   1  levelMember=   1  loopIteration=   1, current time:    0  1  1  0  0  0   0
20230609 043720.436 INFO             PET2     MODEL: Run intro.
20230609 043720.436 INFO             PET2       >>>MODEL: entered Run (phase=RunPhase1) with current time:    0  1  1  0  0  0   0
20230609 043720.437 INFO             PET2       MODEL: time step-loop starting, current time:    0  1  1  0  0  0   0
20230609 043720.437 INFO             PET2       ---->Advancing Model from:    0  1  1  0  0  0   0
20230609 043720.437 INFO             PET2       ---------------------> to:    0  1  1  0  0 30   0
20230609 043720.437 INFO             PET2       MODEL: time step-loop ending,   current time:    0  1  1  0  0 30   0
20230609 043720.437 INFO             PET2       <<<MODEL: leaving Run (phase=RunPhase1) with current time:    0  1  1  0  0 30   0
20230609 043720.437 INFO             PET2     MODEL: Run extro.
20230609 043720.437 INFO             PET2     driver: RunSequence event loopLevel=   1  levelMember=   1  loopIteration=   2, current time:    0  1  1  0  0 30   0
20230609 043720.437 INFO             PET2     MODEL: Run intro.
20230609 043720.437 INFO             PET2       >>>MODEL: entered Run (phase=RunPhase1) with current time:    0  1  1  0  0 30   0
20230609 043720.437 INFO             PET2       MODEL: time step-loop starting, current time:    0  1  1  0  0 30   0
20230609 043720.437 INFO             PET2       ---->Advancing Model from:    0  1  1  0  0 30   0
20230609 043720.437 INFO             PET2       ---------------------> to:    0  1  1  0  1  0   0
20230609 043720.437 INFO             PET2       MODEL: time step-loop ending,   current time:    0  1  1  0  1  0   0
20230609 043720.437 INFO             PET2       <<<MODEL: leaving Run (phase=RunPhase1) with current time:    0  1  1  0  1  0   0
20230609 043720.437 INFO             PET2     MODEL: Run extro.
20230609 043720.437 INFO             PET2     driver: RunSequence event loopLevel=   1  levelMember=   1  loopIteration=   3, current time:    0  1  1  0  1  0   0
20230609 043720.437 INFO             PET2     MODEL: Run intro.
20230609 043720.437 INFO             PET2       >>>MODEL: entered Run (phase=RunPhase1) with current time:    0  1  1  0  1  0   0
20230609 043720.437 INFO             PET2       MODEL: time step-loop starting, current time:    0  1  1  0  1  0   0
20230609 043720.437 INFO             PET2       ---->Advancing Model from:    0  1  1  0  1  0   0
20230609 043720.437 INFO             PET2       ---------------------> to:    0  1  1  0  1 30   0
20230609 043720.437 INFO             PET2       MODEL: time step-loop ending,   current time:    0  1  1  0  1 30   0
20230609 043720.437 INFO             PET2       <<<MODEL: leaving Run (phase=RunPhase1) with current time:    0  1  1  0  1 30   0
20230609 043720.437 INFO             PET2     MODEL: Run extro.
20230609 043720.437 INFO             PET2     driver: RunSequence event loopLevel=   1  levelMember=   1  loopIteration=   4, current time:    0  1  1  0  1 30   0
20230609 043720.437 INFO             PET2     MODEL: Run intro.
20230609 043720.438 INFO             PET2       >>>MODEL: entered Run (phase=RunPhase1) with current time:    0  1  1  0  1 30   0
20230609 043720.438 INFO             PET2       MODEL: time step-loop starting, current time:    0  1  1  0  1 30   0
20230609 043720.438 INFO             PET2       ---->Advancing Model from:    0  1  1  0  1 30   0
20230609 043720.438 INFO             PET2       ---------------------> to:    0  1  1  0  2  0   0
20230609 043720.438 INFO             PET2       MODEL: time step-loop ending,   current time:    0  1  1  0  2  0   0
20230609 043720.438 INFO             PET2       <<<MODEL: leaving Run (phase=RunPhase1) with current time:    0  1  1  0  2  0   0
20230609 043720.438 INFO             PET2     MODEL: Run extro.
20230609 043720.438 INFO             PET2     driver: RunSequence event loopLevel=   1  levelMember=   1  loopIteration=   5, current time:    0  1  1  0  2  0   0
20230609 043720.438 INFO             PET2     MODEL: Run intro.
20230609 043720.438 INFO             PET2       >>>MODEL: entered Run (phase=RunPhase1) with current time:    0  1  1  0  2  0   0
20230609 043720.438 INFO             PET2       MODEL: time step-loop starting, current time:    0  1  1  0  2  0   0
20230609 043720.438 INFO             PET2       ---->Advancing Model from:    0  1  1  0  2  0   0
20230609 043720.438 INFO             PET2       ---------------------> to:    0  1  1  0  2 30   0
20230609 043720.438 INFO             PET2       MODEL: time step-loop ending,   current time:    0  1  1  0  2 30   0
20230609 043720.438 INFO             PET2       <<<MODEL: leaving Run (phase=RunPhase1) with current time:    0  1  1  0  2 30   0
20230609 043720.438 INFO             PET2     MODEL: Run extro.
20230609 043720.438 INFO             PET2   driver: end <--------- RunSequence
20230609 043720.438 INFO             PET2   <<<driver - leaving Run with current time:    0  1  1  0  2 30   0
20230609 043720.438 INFO             PET2 driver: Run extro.
20230609 043720.438 INFO             PET2 driver: Finalize intro.
20230609 043720.438 INFO             PET2   Calling Finalize phase 1 for modelComp: MODEL
20230609 043720.438 INFO             PET2   MODEL: Finalize intro.
20230609 043720.438 INFO             PET2     >>>MODEL: entered Finalize (phase=FinalizePhase1) with current time:    0  1  1  0  2 30   0
20230609 043720.438 INFO             PET2     <<<MODEL: leaving Finalize (phase=FinalizePhase1) with current time:    0  1  1  0  2 30   0
20230609 043720.438 INFO             PET2   MODEL: Finalize extro.
20230609 043720.438 INFO             PET2   Delete modelComp: MODEL
20230609 043720.438 INFO             PET2   Delete Import-/Export State for modelComp: MODEL
20230609 043720.439 INFO             PET2 driver: Finalize extro.
20230609 043720.439 INFO             PET2 mainApp FINISHED
20230609 043720.439 INFO             PET2 Finalizing ESMF
20230609 043720.401 INFO             PET3 !!!!!!!!!!!!!!!!!!!!!!!!!!!!!!!!!!!!!!!!!!!!!!!!!!!!!!
20230609 043720.402 INFO             PET3 !!! THE ESMF_LOG IS SET TO OUTPUT ALL LOG MESSAGES !!!
20230609 043720.402 INFO             PET3 !!!     THIS MAY CAUSE SLOWDOWN IN PERFORMANCE     !!!
20230609 043720.402 INFO             PET3 !!! FOR PRODUCTION RUNS, USE:                      !!!
20230609 043720.402 INFO             PET3 !!!                   ESMF_LOGKIND_Multi_On_Error  !!!
20230609 043720.402 INFO             PET3 !!!!!!!!!!!!!!!!!!!!!!!!!!!!!!!!!!!!!!!!!!!!!!!!!!!!!!
20230609 043720.402 INFO             PET3 Running with ESMF Version   : v8.5.0b23-4-g91b6f9c
20230609 043720.402 INFO             PET3 ESMF library build date/time: "Jun  9 2023" "03:00:45"
20230609 043720.402 INFO             PET3 ESMF library build location : /work/noaa/da/mpotts/sandbox/pgi_2019_openmpi_g_feature_bopt_g_flags/esmf
20230609 043720.402 INFO             PET3 ESMF_COMM                   : openmpi
20230609 043720.402 INFO             PET3 ESMF_MOAB                   : enabled
20230609 043720.402 INFO             PET3 ESMF_LAPACK                 : enabled
20230609 043720.402 INFO             PET3 ESMF_NETCDF                 : enabled
20230609 043720.402 INFO             PET3 ESMF_PNETCDF                : disabled
20230609 043720.402 INFO             PET3 ESMF_PIO                    : enabled
20230609 043720.402 INFO             PET3 ESMF_YAMLCPP                : enabled
20230609 043720.403 INFO             PET3 mainApp STARTING
20230609 043720.408 INFO             PET3 driver: InitializeGeneric intro.
20230609 043720.408 INFO             PET3   driver: InitializeP0 intro.
20230609 043720.408 INFO             PET3   driver: InitializeP0 extro.
20230609 043720.408 INFO             PET3   driver: InitializeIPDv02p1 intro.
20230609 043720.408 INFO             PET3     >>>driver: entered Initialize (phase=<none>) without valid internal Clock.
20230609 043720.409 INFO             PET3     driver - Creating model component MODEL without petList.
20230609 043720.412 INFO             PET3      GridCompIsPetLocal:   T
20230609 043720.412 INFO             PET3      VmIsCreated:   T
20230609 043720.412 INFO             PET3      valid MPI_COMM with size=            4
20230609 043720.413 INFO             PET3     driver - Creating state: modelComp 1 Import State
20230609 043720.413 INFO             PET3     driver - Creating state: modelComp 1 Export State
20230609 043720.414 INFO             PET3     MODEL: InitializeP0 intro.
20230609 043720.414 INFO             PET3       >>>MODEL: entered Initialize (phase=<none>) without valid internal Clock.
20230609 043720.415 INFO             PET3       <<<MODEL: leaving Initialize (phase=<none>) without valid internal Clock.
20230609 043720.415 INFO             PET3     MODEL: InitializeP0 extro.
20230609 043720.419 INFO             PET3     driver: IInitAdvertise intro.
20230609 043720.419 INFO             PET3     driver: IInitAdvertise extro.
20230609 043720.419 INFO             PET3     MODEL: InitializeIPDvXp01 intro.
20230609 043720.419 INFO             PET3       >>>MODEL: entered Initialize (phase=IPDvXp01) without valid internal Clock.
20230609 043720.421 INFO             PET3       <<<MODEL: leaving Initialize (phase=IPDvXp01) without valid internal Clock.
20230609 043720.421 INFO             PET3     MODEL: InitializeIPDvXp01 extro.
20230609 043720.423 INFO             PET3     driver: IInitAdvertiseFinish intro.
20230609 043720.423 INFO             PET3     driver: IInitAdvertiseFinish extro.
20230609 043720.423 INFO             PET3     driver: IInitModifyCplLists intro.
20230609 043720.423 INFO             PET3     driver: IInitModifyCplLists extro.
20230609 043720.423 INFO             PET3     <<<driver: leaving Initialize (phase=<none>) with current time:    0  1  1  0  0  0   0
20230609 043720.423 INFO             PET3   driver: InitializeIPDv02p1 extro.
20230609 043720.423 INFO             PET3   driver: InitializeIPDv02p3 intro.
20230609 043720.423 INFO             PET3     >>>driver: entered Initialize (phase=<none>) with current time:    0  1  1  0  0  0   0
20230609 043720.424 INFO             PET3     driver: IInitCheck intro.
20230609 043720.424 INFO             PET3     driver: IInitCheck extro.
20230609 043720.424 INFO             PET3     MODEL: InitializeIPDvXp04 intro.
20230609 043720.424 INFO             PET3       >>>MODEL: entered Initialize (phase=IPDvXp04) without valid internal Clock.
20230609 043720.428 INFO             PET3       After Realize: - MemInfo: [/proc/meminfo - SSI]	MemTotal:       196434420 kB
20230609 043720.428 INFO             PET3       After Realize: - MemInfo: [/proc/meminfo - SSI]	MemFree:        184875528 kB
20230609 043720.428 INFO             PET3       After Realize: - MemInfo: [/proc/meminfo - SSI]	MemAvailable:   188481640 kB
20230609 043720.428 INFO             PET3       After Realize: - MemInfo: [/proc/meminfo - SSI]	Committed_AS:     710600 kB
20230609 043720.428 INFO             PET3       After Realize: - MemInfo: [/proc/meminfo - SSI]	CommittedPercent: 0.361749 %
20230609 043720.428 INFO             PET3       After Realize: - MemInfo: [/proc/self/status]	VmPeak:	  663380 kB
20230609 043720.428 INFO             PET3       After Realize: - MemInfo: [/proc/self/status]	VmSize:	  663380 kB
20230609 043720.428 INFO             PET3       After Realize: - MemInfo: [/proc/self/status]	VmLck:	       0 kB
20230609 043720.428 INFO             PET3       After Realize: - MemInfo: [/proc/self/status]	VmPin:	       0 kB
20230609 043720.428 INFO             PET3       After Realize: - MemInfo: [/proc/self/status]	VmHWM:	   79692 kB
20230609 043720.428 INFO             PET3       After Realize: - MemInfo: [/proc/self/status]	VmRSS:	   36576 kB
20230609 043720.428 INFO             PET3       After Realize: - MemInfo: [/proc/self/status]	VmData:	  175588 kB
20230609 043720.428 INFO             PET3       After Realize: - MemInfo: [/proc/self/status]	VmStk:	     652 kB
20230609 043720.428 INFO             PET3       After Realize: - MemInfo: [/proc/self/status]	VmExe:	     280 kB
20230609 043720.428 INFO             PET3       After Realize: - MemInfo: [/proc/self/status]	VmLib:	   92536 kB
20230609 043720.428 INFO             PET3       After Realize: - MemInfo: [/proc/self/status]	VmPTE:	     968 kB
20230609 043720.428 INFO             PET3       After Realize: - MemInfo: [/proc/self/status]	VmSwap:	       0 kB
20230609 043720.428 INFO             PET3       After Realize: - MemInfo: [/proc/self/status]	VmRSSPercent: 0.01862 %
20230609 043720.428 INFO             PET3       After Realize: - MemInfo: [malloc] Non-mmapped space allocated:                 4050944 Byte
20230609 043720.428 INFO             PET3       After Realize: - MemInfo: [malloc] Space allocated in mmapped regions:          1581056 Byte
20230609 043720.428 INFO             PET3       After Realize: - MemInfo: [malloc] Maximum total allocated space:                     0 Byte
20230609 043720.428 INFO             PET3       After Realize: - MemInfo: [malloc] Space in freed fastbin blocks:                   672 Byte
20230609 043720.428 INFO             PET3       After Realize: - MemInfo: [malloc] Total allocated space:                       3569632 Byte
20230609 043720.428 INFO             PET3       After Realize: - MemInfo: [malloc] Total free space:                             481312 Byte
20230609 043720.428 INFO             PET3       After Realize: - MemInfo: [malloc] Top-most, releasable space:                   288368 Byte
20230609 043720.428 INFO             PET3       After Realize: - MemInfo: [malloc] Total space in use, mmap + non-mmap:         5150688 Byte
20230609 043720.428 INFO             PET3       After Realize: - MemInfo: [malloc] Total space held (mmap + non-mmap):          5632000 Byte
20230609 043720.428 INFO             PET3       After Realize: - MemInfo: [malloc] Total space used (mmap + non-mmap):          5159824 Byte
20230609 043720.428 INFO             PET3       After Realize: - MemInfo: Wall-clock time since execution start:              0.0313146 seconds
20230609 043720.429 INFO             PET3       <<<MODEL: leaving Initialize (phase=IPDvXp04) without valid internal Clock.
20230609 043720.429 INFO             PET3     MODEL: InitializeIPDvXp04 extro.
20230609 043720.430 INFO             PET3     driver: IInitRealize intro.
20230609 043720.430 INFO             PET3     driver: IInitRealize extro.
20230609 043720.431 INFO             PET3     MODEL: InitializeIPDvXp07 intro.
20230609 043720.431 INFO             PET3       >>>MODEL: entered Initialize (phase=IPDvXp07) without valid internal Clock.
20230609 043720.431 INFO             PET3       <<<MODEL: leaving Initialize (phase=IPDvXp07) with current time:    0  1  1  0  0  0   0
20230609 043720.431 INFO             PET3     MODEL: InitializeIPDvXp07 extro.
20230609 043720.431 INFO             PET3     <<<driver: leaving Initialize (phase=<none>) with current time:    0  1  1  0  0  0   0
20230609 043720.431 INFO             PET3   driver: InitializeIPDv02p3 extro.
20230609 043720.431 INFO             PET3   driver: InitializeIPDv02p5 intro.
20230609 043720.431 INFO             PET3     >>>driver: entered Initialize (phase=<none>) with current time:    0  1  1  0  0  0   0
20230609 043720.431 INFO             PET3     driver: this is a top level driver, no 'Updated' and 'InitializeDataComplete' info on this level.
20230609 043720.431 INFO             PET3     driver: InitializeIPDv02p5Data intro.
20230609 043720.431 INFO             PET3       driver: InternalInitializeComplete intro.
20230609 043720.431 INFO             PET3         driver: InitializeDataComplete='true'
20230609 043720.431 INFO             PET3       driver: InternalInitializeComplete extro.
20230609 043720.432 INFO             PET3       MODEL: InitializeIPDvXp08 intro.
20230609 043720.432 INFO             PET3         >>>MODEL: entered Initialize (phase=IPDv05p8) with current time:    0  1  1  0  0  0   0
20230609 043720.432 INFO             PET3         MODEL: InitializeDataProgress='false', InitializeDataComplete='false'
20230609 043720.432 INFO             PET3         <<<MODEL: leaving Initialize (phase=IPDv05p8) with current time:    0  1  1  0  0  0   0
20230609 043720.432 INFO             PET3       MODEL: InitializeIPDvXp08 extro.
20230609 043720.434 INFO             PET3       driver: components present that trigger loopDataDependentInitialize().
20230609 043720.434 INFO             PET3       driver: loopDataDependentInitialize intro.
20230609 043720.434 INFO             PET3         driver: component    0=driver, dataComplete (local): true
20230609 043720.434 INFO             PET3         driver: component    0=driver, dataComplete (global):  T
20230609 043720.434 INFO             PET3         driver: component    1=MODEL, dataComplete (local): false
20230609 043720.434 INFO             PET3         driver: component    1=MODEL, dataComplete (global):  F
20230609 043720.434 INFO             PET3         MODEL: InitializeIPDvXp08 intro.
20230609 043720.434 INFO             PET3           >>>MODEL: entered Initialize (phase=IPDv05p8) with current time:    0  1  1  0  0  0   0
20230609 043720.434 INFO             PET3           MODEL: InitializeDataProgress='true', InitializeDataComplete='true'
20230609 043720.434 INFO             PET3           <<<MODEL: leaving Initialize (phase=IPDv05p8) with current time:    0  1  1  0  0  0   0
20230609 043720.434 INFO             PET3         MODEL: InitializeIPDvXp08 extro.
20230609 043720.436 INFO             PET3         driver: component    1=MODEL, someProgress (local): true
20230609 043720.436 INFO             PET3         driver: component    1=MODEL, someProgress (global):  T
20230609 043720.436 INFO             PET3         driver: someProgress= T, allComplete= F, present(dataDepAllComplete)= T
20230609 043720.436 INFO             PET3         driver: component    0=driver, dataComplete (local): true
20230609 043720.436 INFO             PET3         driver: component    0=driver, dataComplete (global):  T
20230609 043720.436 INFO             PET3         driver: component    1=MODEL, dataComplete (local): true
20230609 043720.436 INFO             PET3         driver: component    1=MODEL, dataComplete (global):  T
20230609 043720.436 INFO             PET3         driver: someProgress= F, allComplete= T, present(dataDepAllComplete)= T
20230609 043720.436 INFO             PET3         driver: finished resolving initialize data dependencies on this level.
20230609 043720.436 INFO             PET3       driver: loopDataDependentInitialize extro.
20230609 043720.436 INFO             PET3       driver: loopDataDependentInitialize() returned with dataDepAllComplete:  T
20230609 043720.436 INFO             PET3     driver: InitializeIPDv02p5Data extro.
20230609 043720.436 INFO             PET3     <<<driver: leaving Initialize (phase=<none>) with current time:    0  1  1  0  0  0   0
20230609 043720.436 INFO             PET3   driver: InitializeIPDv02p5 extro.
20230609 043720.436 INFO             PET3 driver: InitializeGeneric extro.
20230609 043720.436 INFO             PET3 driver: Run intro.
20230609 043720.436 INFO             PET3   >>>driver entered Run (phase=RunPhase1) with current time:    0  1  1  0  0  0   0
20230609 043720.436 INFO             PET3   driver: after lable_SetRunClock, current time:    0  1  1  0  0  0   0
20230609 043720.436 INFO             PET3   driver: begin -------> RunSequence.
20230609 043720.436 INFO             PET3     driver: RunSequence event loopLevel=   1  levelMember=   1  loopIteration=   1, current time:    0  1  1  0  0  0   0
20230609 043720.436 INFO             PET3     MODEL: Run intro.
20230609 043720.436 INFO             PET3       >>>MODEL: entered Run (phase=RunPhase1) with current time:    0  1  1  0  0  0   0
20230609 043720.437 INFO             PET3       MODEL: time step-loop starting, current time:    0  1  1  0  0  0   0
20230609 043720.437 INFO             PET3       ---->Advancing Model from:    0  1  1  0  0  0   0
20230609 043720.437 INFO             PET3       ---------------------> to:    0  1  1  0  0 30   0
20230609 043720.437 INFO             PET3       MODEL: time step-loop ending,   current time:    0  1  1  0  0 30   0
20230609 043720.437 INFO             PET3       <<<MODEL: leaving Run (phase=RunPhase1) with current time:    0  1  1  0  0 30   0
20230609 043720.437 INFO             PET3     MODEL: Run extro.
20230609 043720.437 INFO             PET3     driver: RunSequence event loopLevel=   1  levelMember=   1  loopIteration=   2, current time:    0  1  1  0  0 30   0
20230609 043720.437 INFO             PET3     MODEL: Run intro.
20230609 043720.437 INFO             PET3       >>>MODEL: entered Run (phase=RunPhase1) with current time:    0  1  1  0  0 30   0
20230609 043720.437 INFO             PET3       MODEL: time step-loop starting, current time:    0  1  1  0  0 30   0
20230609 043720.437 INFO             PET3       ---->Advancing Model from:    0  1  1  0  0 30   0
20230609 043720.437 INFO             PET3       ---------------------> to:    0  1  1  0  1  0   0
20230609 043720.437 INFO             PET3       MODEL: time step-loop ending,   current time:    0  1  1  0  1  0   0
20230609 043720.437 INFO             PET3       <<<MODEL: leaving Run (phase=RunPhase1) with current time:    0  1  1  0  1  0   0
20230609 043720.437 INFO             PET3     MODEL: Run extro.
20230609 043720.437 INFO             PET3     driver: RunSequence event loopLevel=   1  levelMember=   1  loopIteration=   3, current time:    0  1  1  0  1  0   0
20230609 043720.437 INFO             PET3     MODEL: Run intro.
20230609 043720.437 INFO             PET3       >>>MODEL: entered Run (phase=RunPhase1) with current time:    0  1  1  0  1  0   0
20230609 043720.437 INFO             PET3       MODEL: time step-loop starting, current time:    0  1  1  0  1  0   0
20230609 043720.437 INFO             PET3       ---->Advancing Model from:    0  1  1  0  1  0   0
20230609 043720.437 INFO             PET3       ---------------------> to:    0  1  1  0  1 30   0
20230609 043720.437 INFO             PET3       MODEL: time step-loop ending,   current time:    0  1  1  0  1 30   0
20230609 043720.437 INFO             PET3       <<<MODEL: leaving Run (phase=RunPhase1) with current time:    0  1  1  0  1 30   0
20230609 043720.437 INFO             PET3     MODEL: Run extro.
20230609 043720.437 INFO             PET3     driver: RunSequence event loopLevel=   1  levelMember=   1  loopIteration=   4, current time:    0  1  1  0  1 30   0
20230609 043720.437 INFO             PET3     MODEL: Run intro.
20230609 043720.437 INFO             PET3       >>>MODEL: entered Run (phase=RunPhase1) with current time:    0  1  1  0  1 30   0
20230609 043720.438 INFO             PET3       MODEL: time step-loop starting, current time:    0  1  1  0  1 30   0
20230609 043720.438 INFO             PET3       ---->Advancing Model from:    0  1  1  0  1 30   0
20230609 043720.438 INFO             PET3       ---------------------> to:    0  1  1  0  2  0   0
20230609 043720.438 INFO             PET3       MODEL: time step-loop ending,   current time:    0  1  1  0  2  0   0
20230609 043720.438 INFO             PET3       <<<MODEL: leaving Run (phase=RunPhase1) with current time:    0  1  1  0  2  0   0
20230609 043720.438 INFO             PET3     MODEL: Run extro.
20230609 043720.438 INFO             PET3     driver: RunSequence event loopLevel=   1  levelMember=   1  loopIteration=   5, current time:    0  1  1  0  2  0   0
20230609 043720.438 INFO             PET3     MODEL: Run intro.
20230609 043720.438 INFO             PET3       >>>MODEL: entered Run (phase=RunPhase1) with current time:    0  1  1  0  2  0   0
20230609 043720.438 INFO             PET3       MODEL: time step-loop starting, current time:    0  1  1  0  2  0   0
20230609 043720.438 INFO             PET3       ---->Advancing Model from:    0  1  1  0  2  0   0
20230609 043720.438 INFO             PET3       ---------------------> to:    0  1  1  0  2 30   0
20230609 043720.438 INFO             PET3       MODEL: time step-loop ending,   current time:    0  1  1  0  2 30   0
20230609 043720.438 INFO             PET3       <<<MODEL: leaving Run (phase=RunPhase1) with current time:    0  1  1  0  2 30   0
20230609 043720.438 INFO             PET3     MODEL: Run extro.
20230609 043720.438 INFO             PET3   driver: end <--------- RunSequence
20230609 043720.438 INFO             PET3   <<<driver - leaving Run with current time:    0  1  1  0  2 30   0
20230609 043720.438 INFO             PET3 driver: Run extro.
20230609 043720.438 INFO             PET3 driver: Finalize intro.
20230609 043720.438 INFO             PET3   Calling Finalize phase 1 for modelComp: MODEL
20230609 043720.438 INFO             PET3   MODEL: Finalize intro.
20230609 043720.438 INFO             PET3     >>>MODEL: entered Finalize (phase=FinalizePhase1) with current time:    0  1  1  0  2 30   0
20230609 043720.438 INFO             PET3     <<<MODEL: leaving Finalize (phase=FinalizePhase1) with current time:    0  1  1  0  2 30   0
20230609 043720.438 INFO             PET3   MODEL: Finalize extro.
20230609 043720.438 INFO             PET3   Delete modelComp: MODEL
20230609 043720.438 INFO             PET3   Delete Import-/Export State for modelComp: MODEL
20230609 043720.438 INFO             PET3 driver: Finalize extro.
20230609 043720.439 INFO             PET3 mainApp FINISHED
20230609 043720.439 INFO             PET3 Finalizing ESMF
