2023-05-11 10:30:53
20230511 110423.326 INFO             PET0 !!!!!!!!!!!!!!!!!!!!!!!!!!!!!!!!!!!!!!!!!!!!!!!!!!!!!!
20230511 110423.326 INFO             PET0 !!! THE ESMF_LOG IS SET TO OUTPUT ALL LOG MESSAGES !!!
20230511 110423.326 INFO             PET0 !!!     THIS MAY CAUSE SLOWDOWN IN PERFORMANCE     !!!
20230511 110423.326 INFO             PET0 !!! FOR PRODUCTION RUNS, USE:                      !!!
20230511 110423.326 INFO             PET0 !!!                   ESMF_LOGKIND_Multi_On_Error  !!!
20230511 110423.326 INFO             PET0 !!!!!!!!!!!!!!!!!!!!!!!!!!!!!!!!!!!!!!!!!!!!!!!!!!!!!!
20230511 110423.326 INFO             PET0 Running with ESMF Version   : v8.5.0b20-7-g842a2b6b0d
20230511 110423.326 INFO             PET0 ESMF library build date/time: "May 11 2023" "10:29:23"
20230511 110423.326 INFO             PET0 ESMF library build location : /lustre/f2/dev/ncep/Gerhard.Theurich/ESMF-Nightly-Testing-C5/intel_2022.2.1_mpi_g_fix_profile_summary_at_scale/esmf
20230511 110423.326 INFO             PET0 ESMF_COMM                   : mpi
20230511 110423.327 INFO             PET0 ESMF_MOAB                   : enabled
20230511 110423.327 INFO             PET0 ESMF_LAPACK                 : enabled
20230511 110423.327 INFO             PET0 ESMF_NETCDF                 : enabled
20230511 110423.327 INFO             PET0 ESMF_PNETCDF                : disabled
20230511 110423.327 INFO             PET0 ESMF_PIO                    : enabled
20230511 110423.327 INFO             PET0 ESMF_YAMLCPP                : enabled
20230511 110423.428 DEBUG            PET0 about to destroy Grid: 0x656ea0
20230511 110423.441 DEBUG            PET0 about to destroy Grid: 0x65a0f0
20230511 110423.475 INFO             PET0  NUMBER_OF_PROCESSORS           4
20230511 110423.475 INFO             PET0  PASS  Example ESMF_NUOPCAtmModelEx, ESMF_NUOPCAtmModelEx.F90, line 806
20230511 110423.475 INFO             PET0 Finalizing ESMF
20230511 110423.326 INFO             PET1 !!!!!!!!!!!!!!!!!!!!!!!!!!!!!!!!!!!!!!!!!!!!!!!!!!!!!!
20230511 110423.326 INFO             PET1 !!! THE ESMF_LOG IS SET TO OUTPUT ALL LOG MESSAGES !!!
20230511 110423.326 INFO             PET1 !!!     THIS MAY CAUSE SLOWDOWN IN PERFORMANCE     !!!
20230511 110423.326 INFO             PET1 !!! FOR PRODUCTION RUNS, USE:                      !!!
20230511 110423.326 INFO             PET1 !!!                   ESMF_LOGKIND_Multi_On_Error  !!!
20230511 110423.326 INFO             PET1 !!!!!!!!!!!!!!!!!!!!!!!!!!!!!!!!!!!!!!!!!!!!!!!!!!!!!!
20230511 110423.326 INFO             PET1 Running with ESMF Version   : v8.5.0b20-7-g842a2b6b0d
20230511 110423.326 INFO             PET1 ESMF library build date/time: "May 11 2023" "10:29:23"
20230511 110423.326 INFO             PET1 ESMF library build location : /lustre/f2/dev/ncep/Gerhard.Theurich/ESMF-Nightly-Testing-C5/intel_2022.2.1_mpi_g_fix_profile_summary_at_scale/esmf
20230511 110423.326 INFO             PET1 ESMF_COMM                   : mpi
20230511 110423.327 INFO             PET1 ESMF_MOAB                   : enabled
20230511 110423.327 INFO             PET1 ESMF_LAPACK                 : enabled
20230511 110423.327 INFO             PET1 ESMF_NETCDF                 : enabled
20230511 110423.327 INFO             PET1 ESMF_PNETCDF                : disabled
20230511 110423.327 INFO             PET1 ESMF_PIO                    : enabled
20230511 110423.327 INFO             PET1 ESMF_YAMLCPP                : enabled
20230511 110423.428 DEBUG            PET1 about to destroy Grid: 0x656f20
20230511 110423.441 DEBUG            PET1 about to destroy Grid: 0x657df0
20230511 110423.475 INFO             PET1  NUMBER_OF_PROCESSORS           4
20230511 110423.475 INFO             PET1  PASS  Example ESMF_NUOPCAtmModelEx, ESMF_NUOPCAtmModelEx.F90, line 806
20230511 110423.475 INFO             PET1 Finalizing ESMF
20230511 110423.335 INFO             PET2 !!!!!!!!!!!!!!!!!!!!!!!!!!!!!!!!!!!!!!!!!!!!!!!!!!!!!!
20230511 110423.335 INFO             PET2 !!! THE ESMF_LOG IS SET TO OUTPUT ALL LOG MESSAGES !!!
20230511 110423.335 INFO             PET2 !!!     THIS MAY CAUSE SLOWDOWN IN PERFORMANCE     !!!
20230511 110423.335 INFO             PET2 !!! FOR PRODUCTION RUNS, USE:                      !!!
20230511 110423.335 INFO             PET2 !!!                   ESMF_LOGKIND_Multi_On_Error  !!!
20230511 110423.335 INFO             PET2 !!!!!!!!!!!!!!!!!!!!!!!!!!!!!!!!!!!!!!!!!!!!!!!!!!!!!!
20230511 110423.335 INFO             PET2 Running with ESMF Version   : v8.5.0b20-7-g842a2b6b0d
20230511 110423.335 INFO             PET2 ESMF library build date/time: "May 11 2023" "10:29:23"
20230511 110423.335 INFO             PET2 ESMF library build location : /lustre/f2/dev/ncep/Gerhard.Theurich/ESMF-Nightly-Testing-C5/intel_2022.2.1_mpi_g_fix_profile_summary_at_scale/esmf
20230511 110423.335 INFO             PET2 ESMF_COMM                   : mpi
20230511 110423.336 INFO             PET2 ESMF_MOAB                   : enabled
20230511 110423.336 INFO             PET2 ESMF_LAPACK                 : enabled
20230511 110423.336 INFO             PET2 ESMF_NETCDF                 : enabled
20230511 110423.336 INFO             PET2 ESMF_PNETCDF                : disabled
20230511 110423.336 INFO             PET2 ESMF_PIO                    : enabled
20230511 110423.336 INFO             PET2 ESMF_YAMLCPP                : enabled
20230511 110423.428 DEBUG            PET2 about to destroy Grid: 0x656d70
20230511 110423.441 DEBUG            PET2 about to destroy Grid: 0x657de0
20230511 110423.475 INFO             PET2  NUMBER_OF_PROCESSORS           4
20230511 110423.475 INFO             PET2  PASS  Example ESMF_NUOPCAtmModelEx, ESMF_NUOPCAtmModelEx.F90, line 806
20230511 110423.475 INFO             PET2 Finalizing ESMF
20230511 110423.317 INFO             PET3 !!!!!!!!!!!!!!!!!!!!!!!!!!!!!!!!!!!!!!!!!!!!!!!!!!!!!!
20230511 110423.317 INFO             PET3 !!! THE ESMF_LOG IS SET TO OUTPUT ALL LOG MESSAGES !!!
20230511 110423.317 INFO             PET3 !!!     THIS MAY CAUSE SLOWDOWN IN PERFORMANCE     !!!
20230511 110423.317 INFO             PET3 !!! FOR PRODUCTION RUNS, USE:                      !!!
20230511 110423.317 INFO             PET3 !!!                   ESMF_LOGKIND_Multi_On_Error  !!!
20230511 110423.317 INFO             PET3 !!!!!!!!!!!!!!!!!!!!!!!!!!!!!!!!!!!!!!!!!!!!!!!!!!!!!!
20230511 110423.317 INFO             PET3 Running with ESMF Version   : v8.5.0b20-7-g842a2b6b0d
20230511 110423.317 INFO             PET3 ESMF library build date/time: "May 11 2023" "10:29:23"
20230511 110423.317 INFO             PET3 ESMF library build location : /lustre/f2/dev/ncep/Gerhard.Theurich/ESMF-Nightly-Testing-C5/intel_2022.2.1_mpi_g_fix_profile_summary_at_scale/esmf
20230511 110423.317 INFO             PET3 ESMF_COMM                   : mpi
20230511 110423.318 INFO             PET3 ESMF_MOAB                   : enabled
20230511 110423.318 INFO             PET3 ESMF_LAPACK                 : enabled
20230511 110423.318 INFO             PET3 ESMF_NETCDF                 : enabled
20230511 110423.318 INFO             PET3 ESMF_PNETCDF                : disabled
20230511 110423.318 INFO             PET3 ESMF_PIO                    : enabled
20230511 110423.318 INFO             PET3 ESMF_YAMLCPP                : enabled
20230511 110423.428 DEBUG            PET3 about to destroy Grid: 0x656f20
20230511 110423.441 DEBUG            PET3 about to destroy Grid: 0x6580c0
20230511 110423.475 INFO             PET3  NUMBER_OF_PROCESSORS           4
20230511 110423.475 INFO             PET3  PASS  Example ESMF_NUOPCAtmModelEx, ESMF_NUOPCAtmModelEx.F90, line 806
20230511 110423.475 INFO             PET3 Finalizing ESMF
