2023-05-06 01:04:33
20230506 014329.843 INFO             PET0 !!!!!!!!!!!!!!!!!!!!!!!!!!!!!!!!!!!!!!!!!!!!!!!!!!!!!!
20230506 014329.843 INFO             PET0 !!! THE ESMF_LOG IS SET TO OUTPUT ALL LOG MESSAGES !!!
20230506 014329.843 INFO             PET0 !!!     THIS MAY CAUSE SLOWDOWN IN PERFORMANCE     !!!
20230506 014329.843 INFO             PET0 !!! FOR PRODUCTION RUNS, USE:                      !!!
20230506 014329.843 INFO             PET0 !!!                   ESMF_LOGKIND_Multi_On_Error  !!!
20230506 014329.843 INFO             PET0 !!!!!!!!!!!!!!!!!!!!!!!!!!!!!!!!!!!!!!!!!!!!!!!!!!!!!!
20230506 014329.843 INFO             PET0 Running with ESMF Version   : v8.5.0b20-2-g807776bbdb
20230506 014329.843 INFO             PET0 ESMF library build date/time: "May  6 2023" "01:02:54"
20230506 014329.843 INFO             PET0 ESMF library build location : /global/cscratch1/sd/theurich/ESMF-Nightly-Testing/intel_19.1.2_mpiuni_g_develop/esmf
20230506 014329.843 INFO             PET0 ESMF_COMM                   : mpiuni
20230506 014329.845 INFO             PET0 ESMF_MOAB                   : enabled
20230506 014329.845 INFO             PET0 ESMF_LAPACK                 : enabled
20230506 014329.845 INFO             PET0 ESMF_NETCDF                 : enabled
20230506 014329.845 INFO             PET0 ESMF_PNETCDF                : disabled
20230506 014329.845 INFO             PET0 ESMF_PIO                    : disabled
20230506 014329.845 INFO             PET0 ESMF_YAMLCPP                : enabled
20230506 014329.847 INFO             PET0  NUMBER_OF_PROCESSORS           1
20230506 014329.847 INFO             PET0  PASS  Example ESMF_VMAllFullReduceEx, ESMF_VMAllFullReduceEx.F90, line 113
20230506 014329.847 INFO             PET0 Finalizing ESMF
